[січ 3 19:58] Linux version 6.1.2-zen1-1-zen (linux-zen@archlinux) (gcc (GCC) 12.2.0, GNU ld (GNU Binutils) 2.39.0) #1 ZEN SMP PREEMPT_DYNAMIC Sat, 31 Dec 2022 17:40:33 +0000
[  +0,000000] Command line: BOOT_IMAGE=/boot/vmlinuz-linux-zen root=UUID=bbf18f5d-b8e4-485b-8c25-fc2f3a37f69e rw rd.udev.log_priority=3 vt.global_cursor_default=0 resume=UUID=bbf18f5d-b8e4-485b-8c25-fc2f3a37f69e loglevel=3 audit=1 console=tty0 console=ttys0,115200n0 kvm-intel.nested=1 no_timer_check noreplace-smp page_alloc.shuffle=1 rcupdate.rcu_expedited=1 rootfstype=ext4 tsc=reliable lsm=yama,safesetid,integrity,landlock,lockdown,apparmor,bpf l1tf=full,force mds=full,nosmt mitigations=auto,nosmt nosmt=force pcie_aspm=force init_on_alloc=1 init_on_free=1 vsyscall=none mce=0 debugfs=on randomize_kstack_offset=on slab_nomerge pti=on slub_debug=ZF slub_debug=P page_owner=on page_poison=on fsck.mode=force fsck.repair=yes 915.modeset=1 i915.fastboot=1 i915.enable_fbc=1 i915.edp_vswing=2 iommu.strict=1 intremap=on intel_iommu=igfx_off efi=disable_early_pci_dma retbleed=ibpb spectre_v2=ibrs pci=use_crs
[  +0,000000] x86/fpu: Supporting XSAVE feature 0x001: 'x87 floating point registers'
[  +0,000000] x86/fpu: Supporting XSAVE feature 0x002: 'SSE registers'
[  +0,000000] x86/fpu: Supporting XSAVE feature 0x004: 'AVX registers'
[  +0,000000] x86/fpu: Supporting XSAVE feature 0x008: 'MPX bounds registers'
[  +0,000000] x86/fpu: Supporting XSAVE feature 0x010: 'MPX CSR'
[  +0,000000] x86/fpu: xstate_offset[2]:  576, xstate_sizes[2]:  256
[  +0,000000] x86/fpu: xstate_offset[3]:  832, xstate_sizes[3]:   64
[  +0,000000] x86/fpu: xstate_offset[4]:  896, xstate_sizes[4]:   64
[  +0,000000] x86/fpu: Enabled xstate features 0x1f, context size is 960 bytes, using 'compacted' format.
[  +0,000000] signal: max sigframe size: 2032
[  +0,000000] BIOS-provided physical RAM map:
[  +0,000000] BIOS-e820: [mem 0x0000000000000000-0x0000000000057fff] usable
[  +0,000000] BIOS-e820: [mem 0x0000000000058000-0x0000000000058fff] reserved
[  +0,000000] BIOS-e820: [mem 0x0000000000059000-0x000000000009dfff] usable
[  +0,000000] BIOS-e820: [mem 0x000000000009e000-0x00000000000fffff] reserved
[  +0,000000] BIOS-e820: [mem 0x0000000000100000-0x000000002a955fff] usable
[  +0,000000] BIOS-e820: [mem 0x000000002a956000-0x000000002a956fff] ACPI NVS
[  +0,000000] BIOS-e820: [mem 0x000000002a957000-0x000000002a980fff] reserved
[  +0,000000] BIOS-e820: [mem 0x000000002a981000-0x00000000389c2fff] usable
[  +0,000000] BIOS-e820: [mem 0x00000000389c3000-0x0000000038d7efff] reserved
[  +0,000000] BIOS-e820: [mem 0x0000000038d7f000-0x0000000038dbcfff] ACPI data
[  +0,000000] BIOS-e820: [mem 0x0000000038dbd000-0x0000000039426fff] ACPI NVS
[  +0,000000] BIOS-e820: [mem 0x0000000039427000-0x000000003a425fff] reserved
[  +0,000000] BIOS-e820: [mem 0x000000003a426000-0x000000003a4fefff] type 20
[  +0,000000] BIOS-e820: [mem 0x000000003a4ff000-0x000000003a4fffff] usable
[  +0,000000] BIOS-e820: [mem 0x000000003a500000-0x000000003fffffff] reserved
[  +0,000000] BIOS-e820: [mem 0x00000000e0000000-0x00000000efffffff] reserved
[  +0,000000] BIOS-e820: [mem 0x00000000fe000000-0x00000000fe010fff] reserved
[  +0,000000] BIOS-e820: [mem 0x00000000fec00000-0x00000000fec00fff] reserved
[  +0,000000] BIOS-e820: [mem 0x00000000fee00000-0x00000000fee00fff] reserved
[  +0,000000] BIOS-e820: [mem 0x00000000ff000000-0x00000000ffffffff] reserved
[  +0,000000] BIOS-e820: [mem 0x0000000100000000-0x00000008bdffffff] usable
[  +0,000000] SMT: Force disabled
[  +0,000000] NX (Execute Disable) protection: active
[  +0,000000] efi: EFI v2.40 by American Megatrends
[  +0,000000] efi: ACPI=0x38d8b000 ACPI 2.0=0x38d8b000 SMBIOS=0xf0000 ESRT=0x3a1c5018 MEMATTR=0x36621018 
[  +0,000000] SMBIOS 2.8 present.
[  +0,000000] DMI: Dell Inc. Precision 5510/08R8KJ, BIOS 1.23.0 07/06/2022
[  +0,000000] tsc: Detected 2800.000 MHz processor
[  +0,000000] tsc: Detected 2799.927 MHz TSC
[  +0,000000] e820: update [mem 0x00000000-0x00000fff] usable ==> reserved
[  +0,000003] e820: remove [mem 0x000a0000-0x000fffff] usable
[  +0,000010] last_pfn = 0x8be000 max_arch_pfn = 0x400000000
[  +0,000108] x86/PAT: Configuration [0-7]: WB  WC  UC- UC  WB  WP  UC- WT  
[  +0,000495] last_pfn = 0x3a500 max_arch_pfn = 0x400000000
[  +0,008241] esrt: Reserving ESRT space from 0x000000003a1c5018 to 0x000000003a1c5050.
[  +0,000010] Using GB pages for direct mapping
[  +0,000249] Secure boot disabled
[  +0,000000] RAMDISK: [mem 0x32737000-0x35392fff]
[  +0,000004] ACPI: Early table checksum verification disabled
[  +0,000003] ACPI: RSDP 0x0000000038D8B000 000024 (v02 DELL  )
[  +0,000004] ACPI: XSDT 0x0000000038D8B0C0 000104 (v01 DELL   CBX3     01072009 AMI  00010013)
[  +0,000005] ACPI: FACP 0x0000000038DABF88 00010C (v05 DELL   CBX3     01072009 AMI  00010013)
[  +0,000005] ACPI: DSDT 0x0000000038D8B258 020D2E (v02 DELL   CBX3     01072009 INTL 20120913)
[  +0,000003] ACPI: FACS 0x0000000039420D80 000040
[  +0,000003] ACPI: APIC 0x0000000038DAC098 000084 (v03 DELL   CBX3     01072009 AMI  00010013)
[  +0,000003] ACPI: FPDT 0x0000000038DAC120 000044 (v01 DELL   CBX3     01072009 AMI  00010013)
[  +0,000002] ACPI: MCFG 0x0000000038DAC168 00003C (v01 DELL   CBX3     01072009 MSFT 00000097)
[  +0,000003] ACPI: HPET 0x0000000038DAC1A8 000038 (v01 DELL   CBX3     01072009 AMI. 0005000B)
[  +0,000003] ACPI: SSDT 0x0000000038DAC1E0 00046D (v01 SataRe SataTabl 00001000 INTL 20120913)
[  +0,000003] ACPI: WSMT 0x0000000038DAC650 000028 (v01 DELL   CBX3     01072009 AMI  00010013)
[  +0,000003] ACPI: LPIT 0x0000000038DAC678 000094 (v01 INTEL  SKL      00000000 MSFT 0000005F)
[  +0,000003] ACPI: SSDT 0x0000000038DAC710 000248 (v02 INTEL  sensrhub 00000000 INTL 20120913)
[  +0,000003] ACPI: SSDT 0x0000000038DAC958 002BAE (v02 INTEL  PtidDevc 00001000 INTL 20120913)
[  +0,000003] ACPI: SSDT 0x0000000038DAF508 000024 (v02 INTEL  OEM_RTD3 00001000 INTL 20120913)
[  +0,000002] ACPI: SSDT 0x0000000038DAF530 000BE3 (v02 INTEL  Ther_Rvp 00001000 INTL 20120913)
[  +0,000003] ACPI: SSDT 0x0000000038DB0118 0004DC (v02 INTEL  zpodd    00001000 INTL 20120913)
[  +0,000003] ACPI: DBGP 0x0000000038DB05F8 000034 (v01 INTEL           00000000 MSFT 0000005F)
[  +0,000003] ACPI: DBG2 0x0000000038DB0630 000054 (v00 INTEL           00000000 MSFT 0000005F)
[  +0,000003] ACPI: SSDT 0x0000000038DB0688 000775 (v02 INTEL  xh_rvp10 00000000 INTL 20120913)
[  +0,000003] ACPI: BOOT 0x0000000038DB0E00 000028 (v01 DELL   CBX3     01072009 AMI  00010013)
[  +0,000003] ACPI: SSDT 0x0000000038DB0E28 0037D6 (v02 SaSsdt SaSsdt   00003000 INTL 20120913)
[  +0,000002] ACPI: UEFI 0x0000000038DB4600 000042 (v01                 00000000      00000000)
[  +0,000003] ACPI: SSDT 0x0000000038DB4648 000E73 (v02 CpuRef CpuSsdt  00003000 INTL 20120913)
[  +0,000005] ACPI: SSDT 0x0000000038DB54C0 0044FA (v02 DptfTa DptfTabl 00001000 INTL 20120913)
[  +0,000005] ACPI: MSDM 0x0000000038DB99C0 000055 (v03 DELL   CBX3     06222004 AMI  00010013)
[  +0,000003] ACPI: SLIC 0x0000000038DB9A18 000176 (v03 DELL   CBX3     01072009 MSFT 00010013)
[  +0,000003] ACPI: BGRT 0x0000000038DB9B90 000038 (v00 ?Hr;            01072009 AMI  00010013)
[  +0,000003] ACPI: SSDT 0x0000000038DB9BC8 0000C3 (v02 SgRef  SgPeg    00001000 INTL 20120913)
[  +0,000002] ACPI: DMAR 0x0000000038DB9C90 0000F0 (v01 INTEL  SKL      00000001 INTL 00000001)
[  +0,000003] ACPI: SSDT 0x0000000038DB9D80 001868 (v01 OptRef OptTabl  00001000 INTL 20120913)
[  +0,000003] ACPI: ASF! 0x0000000038DBB5E8 0000A5 (v32 INTEL   HCG     00000001 TFSM 000F4240)
[  +0,000003] ACPI: Reserving FACP table memory at [mem 0x38dabf88-0x38dac093]
[  +0,000001] ACPI: Reserving DSDT table memory at [mem 0x38d8b258-0x38dabf85]
[  +0,000001] ACPI: Reserving FACS table memory at [mem 0x39420d80-0x39420dbf]
[  +0,000001] ACPI: Reserving APIC table memory at [mem 0x38dac098-0x38dac11b]
[  +0,000001] ACPI: Reserving FPDT table memory at [mem 0x38dac120-0x38dac163]
[  +0,000001] ACPI: Reserving MCFG table memory at [mem 0x38dac168-0x38dac1a3]
[  +0,000000] ACPI: Reserving HPET table memory at [mem 0x38dac1a8-0x38dac1df]
[  +0,000001] ACPI: Reserving SSDT table memory at [mem 0x38dac1e0-0x38dac64c]
[  +0,000001] ACPI: Reserving WSMT table memory at [mem 0x38dac650-0x38dac677]
[  +0,000001] ACPI: Reserving LPIT table memory at [mem 0x38dac678-0x38dac70b]
[  +0,000001] ACPI: Reserving SSDT table memory at [mem 0x38dac710-0x38dac957]
[  +0,000001] ACPI: Reserving SSDT table memory at [mem 0x38dac958-0x38daf505]
[  +0,000000] ACPI: Reserving SSDT table memory at [mem 0x38daf508-0x38daf52b]
[  +0,000001] ACPI: Reserving SSDT table memory at [mem 0x38daf530-0x38db0112]
[  +0,000001] ACPI: Reserving SSDT table memory at [mem 0x38db0118-0x38db05f3]
[  +0,000001] ACPI: Reserving DBGP table memory at [mem 0x38db05f8-0x38db062b]
[  +0,000001] ACPI: Reserving DBG2 table memory at [mem 0x38db0630-0x38db0683]
[  +0,000000] ACPI: Reserving SSDT table memory at [mem 0x38db0688-0x38db0dfc]
[  +0,000001] ACPI: Reserving BOOT table memory at [mem 0x38db0e00-0x38db0e27]
[  +0,000001] ACPI: Reserving SSDT table memory at [mem 0x38db0e28-0x38db45fd]
[  +0,000001] ACPI: Reserving UEFI table memory at [mem 0x38db4600-0x38db4641]
[  +0,000001] ACPI: Reserving SSDT table memory at [mem 0x38db4648-0x38db54ba]
[  +0,000001] ACPI: Reserving SSDT table memory at [mem 0x38db54c0-0x38db99b9]
[  +0,000000] ACPI: Reserving MSDM table memory at [mem 0x38db99c0-0x38db9a14]
[  +0,000001] ACPI: Reserving SLIC table memory at [mem 0x38db9a18-0x38db9b8d]
[  +0,000001] ACPI: Reserving BGRT table memory at [mem 0x38db9b90-0x38db9bc7]
[  +0,000001] ACPI: Reserving SSDT table memory at [mem 0x38db9bc8-0x38db9c8a]
[  +0,000001] ACPI: Reserving DMAR table memory at [mem 0x38db9c90-0x38db9d7f]
[  +0,000001] ACPI: Reserving SSDT table memory at [mem 0x38db9d80-0x38dbb5e7]
[  +0,000000] ACPI: Reserving ASF! table memory at [mem 0x38dbb5e8-0x38dbb68c]
[  +0,000108] No NUMA configuration found
[  +0,000000] Faking a node at [mem 0x0000000000000000-0x00000008bdffffff]
[  +0,000004] NODE_DATA(0) allocated [mem 0x8bdffb000-0x8bdffffff]
[  +0,000052] Zone ranges:
[  +0,000000]   DMA      [mem 0x0000000000001000-0x0000000000ffffff]
[  +0,000002]   DMA32    [mem 0x0000000001000000-0x00000000ffffffff]
[  +0,000002]   Normal   [mem 0x0000000100000000-0x00000008bdffffff]
[  +0,000001]   Device   empty
[  +0,000001] Movable zone start for each node
[  +0,000001] Early memory node ranges
[  +0,000000]   node   0: [mem 0x0000000000001000-0x0000000000057fff]
[  +0,000001]   node   0: [mem 0x0000000000059000-0x000000000009dfff]
[  +0,000001]   node   0: [mem 0x0000000000100000-0x000000002a955fff]
[  +0,000001]   node   0: [mem 0x000000002a981000-0x00000000389c2fff]
[  +0,000001]   node   0: [mem 0x000000003a4ff000-0x000000003a4fffff]
[  +0,000001]   node   0: [mem 0x0000000100000000-0x00000008bdffffff]
[  +0,000004] Initmem setup node 0 [mem 0x0000000000001000-0x00000008bdffffff]
[  +0,000004] On node 0, zone DMA: 1 pages in unavailable ranges
[  +0,000002] On node 0, zone DMA: 1 pages in unavailable ranges
[  +0,000020] On node 0, zone DMA: 98 pages in unavailable ranges
[  +0,001158] On node 0, zone DMA32: 43 pages in unavailable ranges
[  +0,000085] On node 0, zone DMA32: 6972 pages in unavailable ranges
[  +0,042061] On node 0, zone Normal: 23296 pages in unavailable ranges
[  +0,000100] On node 0, zone Normal: 8192 pages in unavailable ranges
[  +0,000021] Reserving Intel graphics memory at [mem 0x3c000000-0x3fffffff]
[  +0,001009] ACPI: PM-Timer IO Port: 0x1808
[  +0,000006] ACPI: LAPIC_NMI (acpi_id[0x01] high edge lint[0x1])
[  +0,000002] ACPI: LAPIC_NMI (acpi_id[0x02] high edge lint[0x1])
[  +0,000001] ACPI: LAPIC_NMI (acpi_id[0x03] high edge lint[0x1])
[  +0,000000] ACPI: LAPIC_NMI (acpi_id[0x04] high edge lint[0x1])
[  +0,000026] IOAPIC[0]: apic_id 2, version 32, address 0xfec00000, GSI 0-119
[  +0,000003] ACPI: INT_SRC_OVR (bus 0 bus_irq 0 global_irq 2 dfl dfl)
[  +0,000002] ACPI: INT_SRC_OVR (bus 0 bus_irq 9 global_irq 9 high level)
[  +0,000004] ACPI: Using ACPI (MADT) for SMP configuration information
[  +0,000001] ACPI: HPET id: 0x8086a701 base: 0xfed00000
[  +0,000006] e820: update [mem 0x36361000-0x363e4fff] usable ==> reserved
[  +0,000013] TSC deadline timer available
[  +0,000000] smpboot: Allowing 4 CPUs, 0 hotplug CPUs
[  +0,000017] PM: hibernation: Registered nosave memory: [mem 0x00000000-0x00000fff]
[  +0,000002] PM: hibernation: Registered nosave memory: [mem 0x00058000-0x00058fff]
[  +0,000002] PM: hibernation: Registered nosave memory: [mem 0x0009e000-0x000fffff]
[  +0,000002] PM: hibernation: Registered nosave memory: [mem 0x2a956000-0x2a956fff]
[  +0,000000] PM: hibernation: Registered nosave memory: [mem 0x2a957000-0x2a980fff]
[  +0,000002] PM: hibernation: Registered nosave memory: [mem 0x36361000-0x363e4fff]
[  +0,000001] PM: hibernation: Registered nosave memory: [mem 0x389c3000-0x38d7efff]
[  +0,000001] PM: hibernation: Registered nosave memory: [mem 0x38d7f000-0x38dbcfff]
[  +0,000001] PM: hibernation: Registered nosave memory: [mem 0x38dbd000-0x39426fff]
[  +0,000000] PM: hibernation: Registered nosave memory: [mem 0x39427000-0x3a425fff]
[  +0,000001] PM: hibernation: Registered nosave memory: [mem 0x3a426000-0x3a4fefff]
[  +0,000002] PM: hibernation: Registered nosave memory: [mem 0x3a500000-0x3fffffff]
[  +0,000000] PM: hibernation: Registered nosave memory: [mem 0x40000000-0xdfffffff]
[  +0,000001] PM: hibernation: Registered nosave memory: [mem 0xe0000000-0xefffffff]
[  +0,000001] PM: hibernation: Registered nosave memory: [mem 0xf0000000-0xfdffffff]
[  +0,000000] PM: hibernation: Registered nosave memory: [mem 0xfe000000-0xfe010fff]
[  +0,000001] PM: hibernation: Registered nosave memory: [mem 0xfe011000-0xfebfffff]
[  +0,000001] PM: hibernation: Registered nosave memory: [mem 0xfec00000-0xfec00fff]
[  +0,000000] PM: hibernation: Registered nosave memory: [mem 0xfec01000-0xfedfffff]
[  +0,000001] PM: hibernation: Registered nosave memory: [mem 0xfee00000-0xfee00fff]
[  +0,000000] PM: hibernation: Registered nosave memory: [mem 0xfee01000-0xfeffffff]
[  +0,000001] PM: hibernation: Registered nosave memory: [mem 0xff000000-0xffffffff]
[  +0,000002] [mem 0x40000000-0xdfffffff] available for PCI devices
[  +0,000001] Booting paravirtualized kernel on bare hardware
[  +0,000001] clocksource: refined-jiffies: mask: 0xffffffff max_cycles: 0xffffffff, max_idle_ns: 1910969940391419 ns
[  +0,006374] setup_percpu: NR_CPUS:320 nr_cpumask_bits:4 nr_cpu_ids:4 nr_node_ids:1
[  +0,000129] percpu: Embedded 63 pages/cpu s221184 r8192 d28672 u524288
[  +0,000007] pcpu-alloc: s221184 r8192 d28672 u524288 alloc=1*2097152
[  +0,000002] pcpu-alloc: [0] 0 1 2 3 
[  +0,000018] Fallback order for Node 0: 0 
[  +0,000002] Built 1 zonelists, mobility grouping on.  Total pages: 8219378
[  +0,000001] Policy zone: Normal
[  +0,000001] Kernel command line: BOOT_IMAGE=/boot/vmlinuz-linux-zen root=UUID=bbf18f5d-b8e4-485b-8c25-fc2f3a37f69e rw rd.udev.log_priority=3 vt.global_cursor_default=0 resume=UUID=bbf18f5d-b8e4-485b-8c25-fc2f3a37f69e loglevel=3 audit=1 console=tty0 console=ttys0,115200n0 kvm-intel.nested=1 no_timer_check noreplace-smp page_alloc.shuffle=1 rcupdate.rcu_expedited=1 rootfstype=ext4 tsc=reliable lsm=yama,safesetid,integrity,landlock,lockdown,apparmor,bpf l1tf=full,force mds=full,nosmt mitigations=auto,nosmt nosmt=force pcie_aspm=force init_on_alloc=1 init_on_free=1 vsyscall=none mce=0 debugfs=on randomize_kstack_offset=on slab_nomerge pti=on slub_debug=ZF slub_debug=P page_owner=on page_poison=on fsck.mode=force fsck.repair=yes 915.modeset=1 i915.fastboot=1 i915.enable_fbc=1 i915.edp_vswing=2 iommu.strict=1 intremap=on intel_iommu=igfx_off efi=disable_early_pci_dma retbleed=ibpb spectre_v2=ibrs pci=use_crs
[  +0,000084] audit: enabled (after initialization)
[  +0,000134] PCIe ASPM is forcibly enabled
[  +0,000126] mem auto-init: SLAB_POISON will take precedence over init_on_alloc/init_on_free
[  +0,000144] DMAR: Disable GFX device mapping
[  +0,000054] Unknown kernel command line parameters "BOOT_IMAGE=/boot/vmlinuz-linux-zen pti=on page_owner=on spectre_v2=ibrs", will be passed to user space.
[  +0,000045] random: crng init done
[  +0,001412] Dentry cache hash table entries: 4194304 (order: 13, 33554432 bytes, linear)
[  +0,000710] Inode-cache hash table entries: 2097152 (order: 12, 16777216 bytes, linear)
[  +0,000056] mem auto-init: CONFIG_PAGE_POISONING is on, will take precedence over init_on_alloc and init_on_free
[  +0,000093] mem auto-init: stack:all(zero), heap alloc:off, heap free:off
[  +0,000009] software IO TLB: area num 4.
[  +2,217974] Memory: 32628788K/33400020K available (18439K kernel code, 2152K rwdata, 10992K rodata, 2152K init, 3200K bss, 770972K reserved, 0K cma-reserved)
[  +0,000005] **********************************************************
[  +0,000000] **   NOTICE NOTICE NOTICE NOTICE NOTICE NOTICE NOTICE   **
[  +0,000001] **                                                      **
[  +0,000000] ** This system shows unhashed kernel memory addresses   **
[  +0,000001] ** via the console, logs, and other interfaces. This    **
[  +0,000000] ** might reduce the security of your system.            **
[  +0,000000] **                                                      **
[  +0,000001] ** If you see this message and you are not debugging    **
[  +0,000000] ** the kernel, report this immediately to your system   **
[  +0,000001] ** administrator!                                       **
[  +0,000000] **                                                      **
[  +0,000000] **   NOTICE NOTICE NOTICE NOTICE NOTICE NOTICE NOTICE   **
[  +0,000001] **********************************************************
[  +0,000116] SLUB: HWalign=64, Order=0-3, MinObjects=0, CPUs=4, Nodes=1
[  +0,000016] Kernel/User page tables isolation: enabled
[  +0,000014] ftrace: allocating 44228 entries in 173 pages
[  +0,007582] ftrace: allocated 173 pages with 5 groups
[  +0,000070] Dynamic Preempt: full
[  +0,000029] rcu: Preemptible hierarchical RCU implementation.
[  +0,000001] rcu: 	RCU restricting CPUs from NR_CPUS=320 to nr_cpu_ids=4.
[  +0,000001] rcu: 	RCU priority boosting: priority 1 delay 500 ms.
[  +0,000001] 	All grace periods are expedited (rcu_expedited).
[  +0,000000] 	Trampoline variant of Tasks RCU enabled.
[  +0,000001] 	Rude variant of Tasks RCU enabled.
[  +0,000000] 	Tracing variant of Tasks RCU enabled.
[  +0,000001] rcu: RCU calculated value of scheduler-enlistment delay is 100 jiffies.
[  +0,000001] rcu: Adjusting geometry for rcu_fanout_leaf=16, nr_cpu_ids=4
[  +0,004637] NR_IRQS: 20736, nr_irqs: 1024, preallocated irqs: 16
[  +0,000204] rcu: srcu_init: Setting srcu_struct sizes based on contention.
[  +0,000214] kfence: initialized - using 2097152 bytes for 255 objects at 0xffff956d9aa00000-0xffff956d9ac00000
[  +0,000033] spurious 8259A interrupt: IRQ7.
[  +0,000027] Console: colour dummy device 80x25
[  +0,000019] printk: console [tty0] enabled
[  +0,000021] ACPI: Core revision 20220331
[  +0,000281] clocksource: hpet: mask: 0xffffffff max_cycles: 0xffffffff, max_idle_ns: 79635855245 ns
[  +0,000099] APIC: Switch to symmetric I/O mode setup
[  +0,000002] DMAR: Host address width 39
[  +0,000001] DMAR: DRHD base: 0x000000fed90000 flags: 0x0
[  +0,000007] DMAR: dmar0: reg_base_addr fed90000 ver 1:0 cap 1c0000c40660462 ecap 7e3ff0505e
[  +0,000002] DMAR: DRHD base: 0x000000fed91000 flags: 0x1
[  +0,000004] DMAR: dmar1: reg_base_addr fed91000 ver 1:0 cap d2008c40660462 ecap f050da
[  +0,000002] DMAR: RMRR base: 0x00000038b12000 end: 0x00000038b31fff
[  +0,000002] DMAR: RMRR base: 0x0000003b800000 end: 0x0000003fffffff
[  +0,000001] DMAR: ANDD device: 1 name: \_SB.PCI0.I2C0
[  +0,000001] DMAR: ANDD device: 2 name: \_SB.PCI0.I2C1
[  +0,000002] DMAR-IR: IOAPIC id 2 under DRHD base  0xfed91000 IOMMU 1
[  +0,000001] DMAR-IR: HPET id 0 under DRHD base 0xfed91000
[  +0,000002] DMAR-IR: x2apic is disabled because BIOS sets x2apic opt out bit.
[  +0,000000] DMAR-IR: Use 'intremap=no_x2apic_optout' to override the BIOS setting.
[  +0,002160] DMAR-IR: Enabled IRQ remapping in xapic mode
[  +0,000002] x2apic: IRQ remapping doesn't support X2APIC mode
[  +0,003901] ..TIMER: vector=0x30 apic1=0 pin1=2 apic2=-1 pin2=-1
[  +0,000006] clocksource: tsc-early: mask: 0xffffffffffffffff max_cycles: 0x285bfbafad2, max_idle_ns: 440795215530 ns
[  +0,000005] Calibrating delay loop (skipped), value calculated using timer frequency.. 5599.85 BogoMIPS (lpj=2799927)
[  +0,000002] pid_max: default: 32768 minimum: 301
[  +0,004036] LSM: Security Framework initializing
[  +0,000012] Yama: becoming mindful.
[  +0,000009] landlock: Up and running.
[  +0,000029] AppArmor: AppArmor initialized
[  +0,000004] LSM support for eBPF active
[  +0,000101] Mount-cache hash table entries: 65536 (order: 7, 524288 bytes, linear)
[  +0,000090] Mountpoint-cache hash table entries: 65536 (order: 7, 524288 bytes, linear)
[  +0,000271] x86/cpu: SGX disabled by BIOS.
[  +0,000006] CPU0: Thermal monitoring enabled (TM1)
[  +0,000047] process: using mwait in idle threads
[  +0,000002] Last level iTLB entries: 4KB 128, 2MB 8, 4MB 8
[  +0,000001] Last level dTLB entries: 4KB 64, 2MB 0, 4MB 0, 1GB 4
[  +0,000006] Spectre V1 : Mitigation: usercopy/swapgs barriers and __user pointer sanitization
[  +0,000005] Spectre V2 : ibrs selected on command line.
[  +0,000002] Spectre V2 : Mitigation: IBRS
[  +0,000000] Spectre V2 : Spectre v2 / SpectreRSB mitigation: Filling RSB on context switch
[  +0,000001] Spectre V2 : Spectre v2 / SpectreRSB : Filling RSB on VMEXIT
[  +0,000001] RETBleed: Mitigation: IBRS
[  +0,000003] Spectre V2 : mitigation: Enabling conditional Indirect Branch Prediction Barrier
[  +0,000005] Speculative Store Bypass: Mitigation: Speculative Store Bypass disabled via prctl
[  +0,000008] MDS: Mitigation: Clear CPU buffers
[  +0,000001] TAA: Mitigation: TSX disabled
[  +0,000000] MMIO Stale Data: Mitigation: Clear CPU buffers
[  +0,000006] SRBDS: Mitigation: Microcode
[  +0,025397] Freeing SMP alternatives memory: 44K
[  +0,001989] smpboot: CPU0: Intel(R) Xeon(R) CPU E3-1505M v5 @ 2.80GHz (family: 0x6, model: 0x5e, stepping: 0x3)
[  +0,000169] cblist_init_generic: Setting adjustable number of callback queues.
[  +0,000002] cblist_init_generic: Setting shift to 2 and lim to 1.
[  +0,000016] cblist_init_generic: Setting shift to 2 and lim to 1.
[  +0,000019] cblist_init_generic: Setting shift to 2 and lim to 1.
[  +0,000014] Performance Events: PEBS fmt3+, Skylake events, 32-deep LBR, full-width counters, Intel PMU driver.
[  +0,000023] ... version:                4
[  +0,000000] ... bit width:              48
[  +0,000001] ... generic registers:      8
[  +0,000001] ... value mask:             0000ffffffffffff
[  +0,000001] ... max period:             00007fffffffffff
[  +0,000001] ... fixed-purpose events:   3
[  +0,000000] ... event mask:             00000007000000ff
[  +0,000134] Estimated ratio of average max frequency by base frequency (times 1024): 1206
[  +0,000025] rcu: Hierarchical SRCU implementation.
[  +0,000001] rcu: 	Max phase no-delay instances is 400.
[  +0,000824] NMI watchdog: Enabled. Permanently consumes one hw-PMU counter.
[  +0,000063] smp: Bringing up secondary CPUs ...
[  +0,000122] x86: Booting SMP configuration:
[  +0,000001] .... node  #0, CPUs:      #1 #2 #3
[  +0,005493] smp: Brought up 1 node, 4 CPUs
[  +0,000000] smpboot: Max logical packages: 1
[  +0,000000] smpboot: Total of 4 processors activated (22399.41 BogoMIPS)
[  +0,003947] devtmpfs: initialized
[  +0,000000] x86/mm: Memory block size: 128MB
[  +0,003416] ACPI: PM: Registering ACPI NVS region [mem 0x2a956000-0x2a956fff] (4096 bytes)
[  +0,000002] ACPI: PM: Registering ACPI NVS region [mem 0x38dbd000-0x39426fff] (6725632 bytes)
[  +0,000282] clocksource: jiffies: mask: 0xffffffff max_cycles: 0xffffffff, max_idle_ns: 1911260446275000 ns
[  +0,000009] futex hash table entries: 1024 (order: 4, 65536 bytes, linear)
[  +0,000044] pinctrl core: initialized pinctrl subsystem
[  +0,000205] PM: RTC time: 17:58:56, date: 2023-01-03
[  +0,000603] NET: Registered PF_NETLINK/PF_ROUTE protocol family
[  +0,000729] DMA: preallocated 4096 KiB GFP_KERNEL pool for atomic allocations
[  +0,000335] DMA: preallocated 4096 KiB GFP_KERNEL|GFP_DMA pool for atomic allocations
[  +0,000335] DMA: preallocated 4096 KiB GFP_KERNEL|GFP_DMA32 pool for atomic allocations
[  +0,000014] audit: initializing netlink subsys (enabled)
[  +0,000009] audit: type=2000 audit(1672768736.051:1): state=initialized audit_enabled=1 res=1
[  +0,000000] thermal_sys: Registered thermal governor 'fair_share'
[  +0,000126] thermal_sys: Registered thermal governor 'bang_bang'
[  +0,000000] thermal_sys: Registered thermal governor 'step_wise'
[  +0,000001] thermal_sys: Registered thermal governor 'user_space'
[  +0,000001] thermal_sys: Registered thermal governor 'power_allocator'
[  +0,000010] cpuidle: using governor ladder
[  +0,000004] cpuidle: using governor menu
[  +0,000316] Simple Boot Flag at 0x47 set to 0x80
[  +0,000000] ACPI FADT declares the system doesn't support PCIe ASPM, so disable it
[  +0,000000] acpiphp: ACPI Hot Plug PCI Controller Driver version: 0.5
[  +0,000000] PCI: MMCONFIG for domain 0000 [bus 00-ff] at [mem 0xe0000000-0xefffffff] (base 0xe0000000)
[  +0,000000] PCI: MMCONFIG at [mem 0xe0000000-0xefffffff] reserved in E820
[  +0,000000] PCI: Using configuration type 1 for base access
[  +0,000267] ENERGY_PERF_BIAS: Set to 'normal', was 'performance'
[  +0,002468] kprobes: kprobe jump-optimization is enabled. All kprobes are optimized if possible.
[  +0,004492] HugeTLB: registered 1.00 GiB page size, pre-allocated 0 pages
[  +0,000000] HugeTLB: 16380 KiB vmemmap can be freed for a 1.00 GiB page
[  +0,000000] HugeTLB: registered 2.00 MiB page size, pre-allocated 0 pages
[  +0,000000] HugeTLB: 28 KiB vmemmap can be freed for a 2.00 MiB page
[  +0,000000] ACPI: Added _OSI(Module Device)
[  +0,000000] ACPI: Added _OSI(Processor Device)
[  +0,000000] ACPI: Added _OSI(3.0 _SCP Extensions)
[  +0,000000] ACPI: Added _OSI(Processor Aggregator Device)
[  +0,063157] ACPI: 13 ACPI AML tables successfully acquired and loaded
[  +0,003945] ACPI: [Firmware Bug]: BIOS _OSI(Linux) query ignored
[  +0,015647] ACPI: Dynamic OEM Table Load:
[  +0,000008] ACPI: SSDT 0xFFFF956B013EC000 00061E (v02 PmRef  Cpu0Ist  00003000 INTL 20120913)
[  +0,001995] ACPI: \_PR_.CPU0: _OSC native thermal LVT Acked
[  +0,002118] ACPI: Dynamic OEM Table Load:
[  +0,000006] ACPI: SSDT 0xFFFF956B01323000 00037F (v02 PmRef  Cpu0Cst  00003001 INTL 20120913)
[  +0,002705] ACPI: Dynamic OEM Table Load:
[  +0,000007] ACPI: SSDT 0xFFFF956B013EA000 0005AA (v02 PmRef  ApIst    00003000 INTL 20120913)
[  +0,002462] ACPI: Dynamic OEM Table Load:
[  +0,000005] ACPI: SSDT 0xFFFF956B0139B400 000119 (v02 PmRef  ApCst    00003000 INTL 20120913)
[  +0,004772] ACPI: EC: EC started
[  +0,000002] ACPI: EC: interrupt blocked
[  +0,003432] ACPI: EC: EC_CMD/EC_SC=0x934, EC_DATA=0x930
[  +0,000003] ACPI: \_SB_.PCI0.LPCB.ECDV: Boot DSDT EC used to handle transactions
[  +0,000002] ACPI: Interpreter enabled
[  +0,000056] ACPI: PM: (supports S0 S4 S5)
[  +0,000002] ACPI: Using IOAPIC for interrupt routing
[  +0,000055] PCI: Using host bridge windows from ACPI; if necessary, use "pci=nocrs" and report a bug
[  +0,000002] PCI: Using E820 reservations for host bridge windows
[  +0,001057] ACPI: Enabled 9 GPEs in block 00 to 7F
[  +0,002697] ACPI: PM: Power Resource [PG00]
[  +0,037166] ACPI: PM: Power Resource [PG01]
[  +0,000698] ACPI: PM: Power Resource [PG02]
[  +0,002946] ACPI: PM: Power Resource [WRST]
[  +0,000538] ACPI: PM: Power Resource [WRST]
[  +0,000536] ACPI: PM: Power Resource [WRST]
[  +0,000533] ACPI: PM: Power Resource [WRST]
[  +0,000533] ACPI: PM: Power Resource [WRST]
[  +0,000532] ACPI: PM: Power Resource [WRST]
[  +0,000528] ACPI: PM: Power Resource [WRST]
[  +0,000533] ACPI: PM: Power Resource [WRST]
[  +0,000527] ACPI: PM: Power Resource [WRST]
[  +0,000529] ACPI: PM: Power Resource [WRST]
[  +0,000533] ACPI: PM: Power Resource [WRST]
[  +0,000529] ACPI: PM: Power Resource [WRST]
[  +0,000531] ACPI: PM: Power Resource [WRST]
[  +0,000526] ACPI: PM: Power Resource [WRST]
[  +0,000528] ACPI: PM: Power Resource [WRST]
[  +0,000535] ACPI: PM: Power Resource [WRST]
[  +0,000526] ACPI: PM: Power Resource [WRST]
[  +0,000536] ACPI: PM: Power Resource [WRST]
[  +0,000533] ACPI: PM: Power Resource [WRST]
[  +0,001094] ACPI: PM: Power Resource [WRST]
[  +0,025679] ACPI: PM: Power Resource [FN00]
[  +0,000135] ACPI: PM: Power Resource [FN01]
[  +0,000134] ACPI: PM: Power Resource [FN02]
[  +0,000130] ACPI: PM: Power Resource [FN03]
[  +0,000135] ACPI: PM: Power Resource [FN04]
[  +0,001557] ACPI: PCI Root Bridge [PCI0] (domain 0000 [bus 00-fe])
[  +0,000008] acpi PNP0A08:00: _OSC: OS supports [ExtendedConfig ASPM ClockPM Segments MSI EDR HPX-Type3]
[  +0,000076] acpi PNP0A08:00: _OSC: OS requested [PCIeHotplug SHPCHotplug PME AER PCIeCapability LTR DPC]
[  +0,000003] acpi PNP0A08:00: _OSC: platform willing to grant [PCIeHotplug SHPCHotplug PME AER PCIeCapability LTR DPC]
[  +0,000001] acpi PNP0A08:00: _OSC: platform retains control of PCIe features (AE_ERROR)
[  +0,001345] PCI host bridge to bus 0000:00
[  +0,000002] pci_bus 0000:00: root bus resource [io  0x0000-0x0cf7 window]
[  +0,000002] pci_bus 0000:00: root bus resource [io  0x0d00-0xffff window]
[  +0,000002] pci_bus 0000:00: root bus resource [mem 0x000a0000-0x000dffff window]
[  +0,000002] pci_bus 0000:00: root bus resource [mem 0x000e4000-0x000effff window]
[  +0,000001] pci_bus 0000:00: root bus resource [mem 0x40000000-0xdfffffff window]
[  +0,000002] pci_bus 0000:00: root bus resource [mem 0xfd000000-0xfe7fffff window]
[  +0,000002] pci_bus 0000:00: root bus resource [bus 00-fe]
[  +0,000022] pci 0000:00:00.0: [8086:1918] type 00 class 0x060000
[  +0,000100] pci 0000:00:01.0: [8086:1901] type 01 class 0x060400
[  +0,000068] pci 0000:00:01.0: PME# supported from D0 D3hot D3cold
[  +0,000821] pci 0000:00:02.0: [8086:191d] type 00 class 0x030000
[  +0,000020] pci 0000:00:02.0: reg 0x10: [mem 0xdb000000-0xdbffffff 64bit]
[  +0,000014] pci 0000:00:02.0: reg 0x18: [mem 0x70000000-0x7fffffff 64bit pref]
[  +0,000009] pci 0000:00:02.0: reg 0x20: [io  0xf000-0xf03f]
[  +0,000031] pci 0000:00:02.0: BAR 2: assigned to efifb
[  +0,000004] pci 0000:00:02.0: Video device with shadowed ROM at [mem 0x000c0000-0x000dffff]
[  +0,000262] pci 0000:00:04.0: [8086:1903] type 00 class 0x118000
[  +0,000017] pci 0000:00:04.0: reg 0x10: [mem 0xddd20000-0xddd27fff 64bit]
[  +0,000464] pci 0000:00:14.0: [8086:a12f] type 00 class 0x0c0330
[  +0,000028] pci 0000:00:14.0: reg 0x10: [mem 0xddd10000-0xddd1ffff 64bit]
[  +0,000091] pci 0000:00:14.0: PME# supported from D3hot D3cold
[  +0,000471] pci 0000:00:14.2: [8086:a131] type 00 class 0x118000
[  +0,000027] pci 0000:00:14.2: reg 0x10: [mem 0xddd38000-0xddd38fff 64bit]
[  +0,000186] pci 0000:00:15.0: [8086:a160] type 00 class 0x118000
[  +0,000197] pci 0000:00:15.0: reg 0x10: [mem 0xddd37000-0xddd37fff 64bit]
[  +0,001162] pci 0000:00:15.1: [8086:a161] type 00 class 0x118000
[  +0,000196] pci 0000:00:15.1: reg 0x10: [mem 0xddd36000-0xddd36fff 64bit]
[  +0,001031] pci 0000:00:16.0: [8086:a13a] type 00 class 0x078000
[  +0,000025] pci 0000:00:16.0: reg 0x10: [mem 0xddd35000-0xddd35fff 64bit]
[  +0,000079] pci 0000:00:16.0: PME# supported from D3hot
[  +0,000382] pci 0000:00:17.0: [8086:a102] type 00 class 0x010601
[  +0,000026] pci 0000:00:17.0: reg 0x10: [mem 0xddd30000-0xddd31fff]
[  +0,000016] pci 0000:00:17.0: reg 0x14: [mem 0xddd34000-0xddd340ff]
[  +0,000016] pci 0000:00:17.0: reg 0x18: [io  0xf090-0xf097]
[  +0,000015] pci 0000:00:17.0: reg 0x1c: [io  0xf080-0xf083]
[  +0,000016] pci 0000:00:17.0: reg 0x20: [io  0xf060-0xf07f]
[  +0,000015] pci 0000:00:17.0: reg 0x24: [mem 0xddd33000-0xddd337ff]
[  +0,000048] pci 0000:00:17.0: PME# supported from D3hot
[  +0,000447] pci 0000:00:1c.0: [8086:a110] type 01 class 0x060400
[  +0,000092] pci 0000:00:1c.0: PME# supported from D0 D3hot D3cold
[  +0,000989] pci 0000:00:1c.1: [8086:a111] type 01 class 0x060400
[  +0,000091] pci 0000:00:1c.1: PME# supported from D0 D3hot D3cold
[  +0,000999] pci 0000:00:1d.0: [8086:a118] type 01 class 0x060400
[  +0,000103] pci 0000:00:1d.0: PME# supported from D0 D3hot D3cold
[  +0,001000] pci 0000:00:1d.4: [8086:a11c] type 01 class 0x060400
[  +0,000086] pci 0000:00:1d.4: PME# supported from D0 D3hot D3cold
[  +0,000966] pci 0000:00:1d.6: [8086:a11e] type 01 class 0x060400
[  +0,000094] pci 0000:00:1d.6: PME# supported from D0 D3hot D3cold
[  +0,000985] pci 0000:00:1f.0: [8086:a150] type 00 class 0x060100
[  +0,000535] pci 0000:00:1f.2: [8086:a121] type 00 class 0x058000
[  +0,000018] pci 0000:00:1f.2: reg 0x10: [mem 0xddd2c000-0xddd2ffff]
[  +0,000418] pci 0000:00:1f.3: [8086:a170] type 00 class 0x040380
[  +0,000028] pci 0000:00:1f.3: reg 0x10: [mem 0xddd28000-0xddd2bfff 64bit]
[  +0,000034] pci 0000:00:1f.3: reg 0x20: [mem 0xddd00000-0xddd0ffff 64bit]
[  +0,000049] pci 0000:00:1f.3: PME# supported from D3hot D3cold
[  +0,000953] pci 0000:00:1f.4: [8086:a123] type 00 class 0x0c0500
[  +0,000059] pci 0000:00:1f.4: reg 0x10: [mem 0xddd32000-0xddd320ff 64bit]
[  +0,000071] pci 0000:00:1f.4: reg 0x20: [io  0xf040-0xf05f]
[  +0,000469] pci 0000:01:00.0: [10de:13b1] type 00 class 0x030200
[  +0,000022] pci 0000:01:00.0: reg 0x10: [mem 0xdc000000-0xdcffffff]
[  +0,000021] pci 0000:01:00.0: reg 0x14: [mem 0xb0000000-0xbfffffff 64bit pref]
[  +0,000020] pci 0000:01:00.0: reg 0x1c: [mem 0xc0000000-0xc1ffffff 64bit pref]
[  +0,000014] pci 0000:01:00.0: reg 0x24: [io  0xe000-0xe07f]
[  +0,000013] pci 0000:01:00.0: reg 0x30: [mem 0xdd000000-0xdd07ffff pref]
[  +0,000020] pci 0000:01:00.0: Enabling HDA controller
[  +0,000057] pci 0000:01:00.0: 64.000 Gb/s available PCIe bandwidth, limited by 5.0 GT/s PCIe x16 link at 0000:00:01.0 (capable of 126.016 Gb/s with 8.0 GT/s PCIe x16 link)
[  +0,000605] pci 0000:00:01.0: PCI bridge to [bus 01]
[  +0,000003] pci 0000:00:01.0:   bridge window [io  0xe000-0xefff]
[  +0,000003] pci 0000:00:01.0:   bridge window [mem 0xdc000000-0xdd0fffff]
[  +0,000003] pci 0000:00:01.0:   bridge window [mem 0xb0000000-0xc1ffffff 64bit pref]
[  +0,000111] pci 0000:02:00.0: [8086:24f3] type 00 class 0x028000
[  +0,000051] pci 0000:02:00.0: reg 0x10: [mem 0xddc00000-0xddc01fff 64bit]
[  +0,000219] pci 0000:02:00.0: PME# supported from D0 D3hot D3cold
[  +0,000750] pci 0000:00:1c.0: PCI bridge to [bus 02]
[  +0,000005] pci 0000:00:1c.0:   bridge window [mem 0xddc00000-0xddcfffff]
[  +0,000084] pci 0000:03:00.0: [10ec:525a] type 00 class 0xff0000
[  +0,000040] pci 0000:03:00.0: reg 0x14: [mem 0xdd100000-0xdd100fff]
[  +0,000150] pci 0000:03:00.0: supports D1 D2
[  +0,000001] pci 0000:03:00.0: PME# supported from D1 D2 D3hot D3cold
[  +0,000628] pci 0000:00:1c.1: PCI bridge to [bus 03]
[  +0,000003] pci 0000:00:1c.1:   bridge window [io  0xd000-0xdfff]
[  +0,000003] pci 0000:00:1c.1:   bridge window [mem 0xdd100000-0xddafffff]
[  +0,000004] pci 0000:00:1c.1:   bridge window [mem 0xc2100000-0xc2afffff 64bit pref]
[  +0,000331] pci 0000:04:00.0: [1179:010f] type 00 class 0x010802
[  +0,000028] pci 0000:04:00.0: reg 0x10: [mem 0xddb00000-0xddb03fff 64bit]
[  +0,000064] pci 0000:04:00.0: enabling Extended Tags
[  +0,000932] pci 0000:00:1d.0: PCI bridge to [bus 04]
[  +0,000004] pci 0000:00:1d.0:   bridge window [mem 0xddb00000-0xddbfffff]
[  +0,000060] pci 0000:00:1d.4: PCI bridge to [bus 05]
[  +0,000058] pci 0000:00:1d.6: PCI bridge to [bus 06-3e]
[  +0,000004] pci 0000:00:1d.6:   bridge window [mem 0xc4000000-0xda0fffff]
[  +0,000004] pci 0000:00:1d.6:   bridge window [mem 0x80000000-0xa1ffffff 64bit pref]
[  +0,003908] ACPI: PCI: Interrupt link LNKA configured for IRQ 11
[  +0,000104] ACPI: PCI: Interrupt link LNKB configured for IRQ 10
[  +0,000101] ACPI: PCI: Interrupt link LNKC configured for IRQ 11
[  +0,000100] ACPI: PCI: Interrupt link LNKD configured for IRQ 11
[  +0,000099] ACPI: PCI: Interrupt link LNKE configured for IRQ 11
[  +0,000100] ACPI: PCI: Interrupt link LNKF configured for IRQ 11
[  +0,000102] ACPI: PCI: Interrupt link LNKG configured for IRQ 11
[  +0,000100] ACPI: PCI: Interrupt link LNKH configured for IRQ 11
[  +0,003300] ACPI: EC: interrupt unblocked
[  +0,000002] ACPI: EC: event unblocked
[  +0,000008] ACPI: EC: EC_CMD/EC_SC=0x934, EC_DATA=0x930
[  +0,000001] ACPI: EC: GPE=0x14
[  +0,000002] ACPI: \_SB_.PCI0.LPCB.ECDV: Boot DSDT EC initialization complete
[  +0,000002] ACPI: \_SB_.PCI0.LPCB.ECDV: EC: Used to handle transactions and events
[  +0,000193] iommu: Default domain type: Translated 
[  +0,000000] iommu: DMA domain TLB invalidation policy: strict mode (set via kernel command line)
[  +0,000028] SCSI subsystem initialized
[  +0,000005] libata version 3.00 loaded.
[  +0,000000] ACPI: bus type USB registered
[  +0,000000] usbcore: registered new interface driver usbfs
[  +0,000000] usbcore: registered new interface driver hub
[  +0,000000] usbcore: registered new device driver usb
[  +0,000000] pps_core: LinuxPPS API ver. 1 registered
[  +0,000000] pps_core: Software ver. 5.3.6 - Copyright 2005-2007 Rodolfo Giometti <giometti@linux.it>
[  +0,000000] PTP clock support registered
[  +0,000000] EDAC MC: Ver: 3.0.0
[  +0,001873] Registered efivars operations
[  +0,000111] NetLabel: Initializing
[  +0,000001] NetLabel:  domain hash size = 128
[  +0,000001] NetLabel:  protocols = UNLABELED CIPSOv4 CALIPSO
[  +0,000029] NetLabel:  unlabeled traffic allowed by default
[  -0,000003] audit: type=1409 audit(1672768736.273:2): netlabel: auid=0 ses=0 subj=unconfined nlbl_domain=(default) nlbl_protocol=unlbl res=1
[  +0,000000] audit: type=1406 audit(1672768736.273:3): netlabel: auid=0 ses=0 subj=unconfined unlbl_accept=1 old=0
[  +0,000007] mctp: management component transport protocol core
[  +0,000001] NET: Registered PF_MCTP protocol family
[  +0,000005] PCI: Using ACPI for IRQ routing
[  +0,023188] PCI: pci_cache_line_size set to 64 bytes
[  +0,000389] e820: reserve RAM buffer [mem 0x00058000-0x0005ffff]
[  +0,000002] e820: reserve RAM buffer [mem 0x0009e000-0x0009ffff]
[  +0,000002] e820: reserve RAM buffer [mem 0x2a956000-0x2bffffff]
[  +0,000001] e820: reserve RAM buffer [mem 0x36361000-0x37ffffff]
[  +0,000001] e820: reserve RAM buffer [mem 0x389c3000-0x3bffffff]
[  +0,000002] e820: reserve RAM buffer [mem 0x3a500000-0x3bffffff]
[  +0,000001] e820: reserve RAM buffer [mem 0x8be000000-0x8bfffffff]
[  +0,000202] pci 0000:00:02.0: vgaarb: setting as boot VGA device
[  +0,000000] pci 0000:00:02.0: vgaarb: bridge control possible
[  +0,000000] pci 0000:00:02.0: vgaarb: VGA device added: decodes=io+mem,owns=io+mem,locks=none
[  +0,000003] vgaarb: loaded
[  +0,001366] hpet0: at MMIO 0xfed00000, IRQs 2, 8, 0, 0, 0, 0, 0, 0
[  +0,000008] hpet0: 8 comparators, 64-bit 24.000000 MHz counter
[  +0,001663] clocksource: Switched to clocksource tsc-early
[  +0,000142] VFS: Disk quotas dquot_6.6.0
[  +0,000010] VFS: Dquot-cache hash table entries: 512 (order 0, 4096 bytes)
[  +0,000135] AppArmor: AppArmor Filesystem Enabled
[  -0,000001] audit: type=1400 audit(1672768736.300:4): apparmor="STATUS" info="AppArmor Filesystem Enabled" pid=1 comm="swapper/0"
[  +0,000036] pnp: PnP ACPI init
[  +0,000316] system 00:00: [io  0x0680-0x069f] has been reserved
[  +0,000003] system 00:00: [io  0xffff] has been reserved
[  +0,000002] system 00:00: [io  0xffff] has been reserved
[  +0,000002] system 00:00: [io  0xffff] has been reserved
[  +0,000002] system 00:00: [io  0x1800-0x18fe] has been reserved
[  +0,000001] system 00:00: [io  0x164e-0x164f] has been reserved
[  +0,000137] system 00:01: [io  0x0800-0x087f] has been reserved
[  +0,000077] system 00:03: [io  0x1854-0x1857] has been reserved
[  +0,000688] system 00:06: [mem 0xfed10000-0xfed17fff] has been reserved
[  +0,000003] system 00:06: [mem 0xfed18000-0xfed18fff] has been reserved
[  +0,000002] system 00:06: [mem 0xfed19000-0xfed19fff] has been reserved
[  +0,000002] system 00:06: [mem 0xe0000000-0xefffffff] has been reserved
[  +0,000002] system 00:06: [mem 0xfed20000-0xfed3ffff] has been reserved
[  +0,000002] system 00:06: [mem 0xfed90000-0xfed93fff] could not be reserved
[  +0,000002] system 00:06: [mem 0xfed45000-0xfed8ffff] has been reserved
[  +0,000002] system 00:06: [mem 0xff000000-0xffffffff] has been reserved
[  +0,000002] system 00:06: [mem 0xfee00000-0xfeefffff] could not be reserved
[  +0,000002] system 00:06: [mem 0xdffe0000-0xdfffffff] has been reserved
[  +0,000061] system 00:07: [mem 0xfd000000-0xfdabffff] has been reserved
[  +0,000002] system 00:07: [mem 0xfdad0000-0xfdadffff] has been reserved
[  +0,000002] system 00:07: [mem 0xfdb00000-0xfdffffff] has been reserved
[  +0,000002] system 00:07: [mem 0xfe000000-0xfe01ffff] could not be reserved
[  +0,000002] system 00:07: [mem 0xfe036000-0xfe03bfff] has been reserved
[  +0,000002] system 00:07: [mem 0xfe03d000-0xfe3fffff] has been reserved
[  +0,000003] system 00:07: [mem 0xfe410000-0xfe7fffff] has been reserved
[  +0,000481] system 00:08: [io  0xff00-0xfffe] has been reserved
[  +0,002082] system 00:09: [mem 0xfdaf0000-0xfdafffff] has been reserved
[  +0,000003] system 00:09: [mem 0xfdae0000-0xfdaeffff] has been reserved
[  +0,000002] system 00:09: [mem 0xfdac0000-0xfdacffff] has been reserved
[  +0,003346] pnp: PnP ACPI: found 10 devices
[  +0,005852] clocksource: acpi_pm: mask: 0xffffff max_cycles: 0xffffff, max_idle_ns: 2085701024 ns
[  +0,000062] NET: Registered PF_INET protocol family
[  +0,000304] IP idents hash table entries: 262144 (order: 9, 2097152 bytes, linear)
[  +0,003047] tcp_listen_portaddr_hash hash table entries: 16384 (order: 6, 262144 bytes, linear)
[  +0,000046] Table-perturb hash table entries: 65536 (order: 6, 262144 bytes, linear)
[  +0,000187] TCP established hash table entries: 262144 (order: 9, 2097152 bytes, linear)
[  +0,000391] TCP bind hash table entries: 65536 (order: 9, 2097152 bytes, linear)
[  +0,000282] TCP: Hash tables configured (established 262144 bind 65536)
[  +0,000193] MPTCP token hash table entries: 32768 (order: 7, 786432 bytes, linear)
[  +0,000165] UDP hash table entries: 16384 (order: 7, 524288 bytes, linear)
[  +0,000095] UDP-Lite hash table entries: 16384 (order: 7, 524288 bytes, linear)
[  +0,000080] NET: Registered PF_UNIX/PF_LOCAL protocol family
[  +0,000011] NET: Registered PF_XDP protocol family
[  +0,000007] pci 0000:00:1d.6: bridge window [io  0x1000-0x0fff] to [bus 06-3e] add_size 1000
[  +0,000009] pci 0000:00:1d.6: BAR 13: assigned [io  0x2000-0x2fff]
[  +0,000003] pci 0000:00:01.0: PCI bridge to [bus 01]
[  +0,000002] pci 0000:00:01.0:   bridge window [io  0xe000-0xefff]
[  +0,000007] pci 0000:00:01.0:   bridge window [mem 0xdc000000-0xdd0fffff]
[  +0,000005] pci 0000:00:01.0:   bridge window [mem 0xb0000000-0xc1ffffff 64bit pref]
[  +0,000010] pci 0000:00:1c.0: PCI bridge to [bus 02]
[  +0,000007] pci 0000:00:1c.0:   bridge window [mem 0xddc00000-0xddcfffff]
[  +0,000014] pci 0000:00:1c.1: PCI bridge to [bus 03]
[  +0,000002] pci 0000:00:1c.1:   bridge window [io  0xd000-0xdfff]
[  +0,000007] pci 0000:00:1c.1:   bridge window [mem 0xdd100000-0xddafffff]
[  +0,000005] pci 0000:00:1c.1:   bridge window [mem 0xc2100000-0xc2afffff 64bit pref]
[  +0,000010] pci 0000:00:1d.0: PCI bridge to [bus 04]
[  +0,000009] pci 0000:00:1d.0:   bridge window [mem 0xddb00000-0xddbfffff]
[  +0,000013] pci 0000:00:1d.4: PCI bridge to [bus 05]
[  +0,000020] pci 0000:00:1d.6: PCI bridge to [bus 06-3e]
[  +0,000001] pci 0000:00:1d.6:   bridge window [io  0x2000-0x2fff]
[  +0,000008] pci 0000:00:1d.6:   bridge window [mem 0xc4000000-0xda0fffff]
[  +0,000005] pci 0000:00:1d.6:   bridge window [mem 0x80000000-0xa1ffffff 64bit pref]
[  +0,000010] pci_bus 0000:00: resource 4 [io  0x0000-0x0cf7 window]
[  +0,000002] pci_bus 0000:00: resource 5 [io  0x0d00-0xffff window]
[  +0,000001] pci_bus 0000:00: resource 6 [mem 0x000a0000-0x000dffff window]
[  +0,000002] pci_bus 0000:00: resource 7 [mem 0x000e4000-0x000effff window]
[  +0,000001] pci_bus 0000:00: resource 8 [mem 0x40000000-0xdfffffff window]
[  +0,000002] pci_bus 0000:00: resource 9 [mem 0xfd000000-0xfe7fffff window]
[  +0,000001] pci_bus 0000:01: resource 0 [io  0xe000-0xefff]
[  +0,000001] pci_bus 0000:01: resource 1 [mem 0xdc000000-0xdd0fffff]
[  +0,000002] pci_bus 0000:01: resource 2 [mem 0xb0000000-0xc1ffffff 64bit pref]
[  +0,000002] pci_bus 0000:02: resource 1 [mem 0xddc00000-0xddcfffff]
[  +0,000001] pci_bus 0000:03: resource 0 [io  0xd000-0xdfff]
[  +0,000001] pci_bus 0000:03: resource 1 [mem 0xdd100000-0xddafffff]
[  +0,000002] pci_bus 0000:03: resource 2 [mem 0xc2100000-0xc2afffff 64bit pref]
[  +0,000001] pci_bus 0000:04: resource 1 [mem 0xddb00000-0xddbfffff]
[  +0,000002] pci_bus 0000:06: resource 0 [io  0x2000-0x2fff]
[  +0,000001] pci_bus 0000:06: resource 1 [mem 0xc4000000-0xda0fffff]
[  +0,000001] pci_bus 0000:06: resource 2 [mem 0x80000000-0xa1ffffff 64bit pref]
[  +0,001343] PCI: CLS 0 bytes, default 64
[  +0,000011] DMAR: ACPI device "device:6f" under DMAR at fed91000 as 00:15.0
[  +0,000004] DMAR: ACPI device "device:70" under DMAR at fed91000 as 00:15.1
[  +0,000010] PCI-DMA: Using software bounce buffering for IO (SWIOTLB)
[  +0,000001] software IO TLB: mapped [mem 0x000000002e737000-0x0000000032737000] (64MB)
[  +0,000023] Trying to unpack rootfs image as initramfs...
[  +0,000865] Initialise system trusted keyrings
[  +0,000011] Key type blacklist registered
[  +0,000032] workingset: timestamp_bits=41 max_order=23 bucket_order=0
[  +0,002103] zbud: loaded
[  +0,000343] integrity: Platform Keyring initialized
[  +0,000002] integrity: Machine keyring initialized
[  +0,008307] Key type asymmetric registered
[  +0,000001] Asymmetric key parser 'x509' registered
[  +0,141227] Freeing initrd memory: 45424K
[  +0,006516] alg: self-tests for CTR-KDF (hmac(sha256)) passed
[  +0,000019] Block layer SCSI generic (bsg) driver version 0.4 loaded (major 242)
[  +0,000029] io scheduler mq-deadline registered
[  +0,000001] io scheduler kyber registered
[  +0,000041] io scheduler bfq registered
[  +0,001586] shpchp: Standard Hot Plug PCI Controller Driver version: 0.4
[  +0,002005] ACPI BIOS Error (bug): Could not resolve symbol [\_SB.PCI0.LPCB.HEC.CHRG], AE_NOT_FOUND (20220331/psargs-330)
[  +0,000009] ACPI Error: Aborting method \PNOT due to previous error (AE_NOT_FOUND) (20220331/psparse-529)
[  +0,000006] ACPI Error: Aborting method \_SB.AC._PSR due to previous error (AE_NOT_FOUND) (20220331/psparse-529)
[  +0,000013] ACPI: \_SB_.AC__: Error reading AC Adapter state: AE_NOT_FOUND
[  +0,000065] input: Lid Switch as /devices/LNXSYSTM:00/LNXSYBUS:00/PNP0C0D:00/input/input0
[  +0,000994] ACPI: button: Lid Switch [LID0]
[  +0,000036] input: Power Button as /devices/LNXSYSTM:00/LNXSYBUS:00/PNP0C0C:00/input/input1
[  +0,000970] ACPI: button: Power Button [PBTN]
[  +0,000038] input: Sleep Button as /devices/LNXSYSTM:00/LNXSYBUS:00/PNP0C0E:00/input/input2
[  +0,000019] ACPI: button: Sleep Button [SBTN]
[  +0,000033] input: Power Button as /devices/LNXSYSTM:00/LNXPWRBN:00/input/input3
[  +0,000909] ACPI: button: Power Button [PWRF]
[  +0,002625] thermal LNXTHERM:00: registered as thermal_zone0
[  +0,000003] ACPI: thermal: Thermal Zone [THM] (25 C)
[  +0,000238] ACPI BIOS Error (bug): Could not resolve symbol [\_SB.PCI0.LPCB.HEC.ECAV], AE_NOT_FOUND (20220331/psargs-330)
[  +0,000008] ACPI Error: Aborting method \_TZ.TZ00._TMP due to previous error (AE_NOT_FOUND) (20220331/psparse-529)
[  +0,000245] ACPI BIOS Error (bug): Could not resolve symbol [\_SB.PCI0.LPCB.HEC.ECAV], AE_NOT_FOUND (20220331/psargs-330)
[  +0,000006] ACPI Error: Aborting method \_TZ.TZ00._TMP due to previous error (AE_NOT_FOUND) (20220331/psparse-529)
[  +0,000096] ACPI BIOS Error (bug): Could not resolve symbol [\_SB.PCI0.LPCB.HEC.ECAV], AE_NOT_FOUND (20220331/psargs-330)
[  +0,000006] ACPI Error: Aborting method \_TZ.TZ01._TMP due to previous error (AE_NOT_FOUND) (20220331/psparse-529)
[  +0,000089] ACPI BIOS Error (bug): Could not resolve symbol [\_SB.PCI0.LPCB.HEC.ECAV], AE_NOT_FOUND (20220331/psargs-330)
[  +0,000005] ACPI Error: Aborting method \_TZ.TZ01._TMP due to previous error (AE_NOT_FOUND) (20220331/psparse-529)
[  +0,000698] Serial: 8250/16550 driver, 32 ports, IRQ sharing enabled
[  +0,004221] Non-volatile memory driver v1.3
[  +0,000002] Linux agpgart interface v0.103
[  +0,000040] AMD-Vi: AMD IOMMUv2 functionality not available on this system - This is not a bug.
[  +0,000968] ahci 0000:00:17.0: version 3.0
[  +0,000252] ahci 0000:00:17.0: SSS flag set, parallel bus scan disabled
[  +0,000066] ahci 0000:00:17.0: AHCI 0001.0301 32 slots 1 ports 6 Gbps 0x2 impl SATA mode
[  +0,000003] ahci 0000:00:17.0: flags: 64bit ncq sntf stag pm led clo only pio slum part ems deso sadm sds apst 
[  +0,001127] scsi host0: ahci
[  +0,000136] scsi host1: ahci
[  +0,000041] ata1: DUMMY
[  +0,000003] ata2: SATA max UDMA/133 abar m2048@0xddd33000 port 0xddd33180 irq 128
[  +0,000049] ACPI: bus type drm_connector registered
[  +0,000246] usbcore: registered new interface driver usbserial_generic
[  +0,000004] usbserial: USB Serial support registered for generic
[  +0,000210] rtc_cmos 00:02: RTC can wake from S4
[  +0,000894] rtc_cmos 00:02: registered as rtc0
[  +0,000126] rtc_cmos 00:02: setting system clock to 2023-01-03T17:58:56 UTC (1672768736)
[  +0,000024] rtc_cmos 00:02: alarms up to one month, y3k, 242 bytes nvram
[  +0,000202] intel_pstate: Intel P-state driver initializing
[  +0,000467] intel_pstate: HWP enabled
[  +0,000309] ledtrig-cpu: registered to indicate activity on CPUs
[  +0,000320] efifb: probing for efifb
[  +0,000011] efifb: framebuffer at 0x70000000, using 8128k, total 8128k
[  +0,000001] efifb: mode is 1920x1080x32, linelength=7680, pages=1
[  +0,000002] efifb: scrolling: redraw
[  +0,000000] efifb: Truecolor: size=8:8:8:8, shift=24:16:8:0
[  +0,000100] fbcon: Deferring console take-over
[  +0,000001] fb0: EFI VGA frame buffer device
[  +0,000021] hid: raw HID events driver (C) Jiri Kosina
[  +0,000354] intel_pmc_core INT33A1:00:  initialized
[  +0,000083] drop_monitor: Initializing network drop monitor service
[  +0,012621] Initializing XFRM netlink socket
[  +0,000189] NET: Registered PF_INET6 protocol family
[  +0,006647] Segment Routing with IPv6
[  +0,000002] RPL Segment Routing with IPv6
[  +0,000007] In-situ OAM (IOAM) with IPv6
[  +0,000020] NET: Registered PF_PACKET protocol family
[  +0,000701] microcode: sig=0x506e3, pf=0x20, revision=0xf0
[  +0,000103] microcode: Microcode Update Driver: v2.2.
[  +0,000003] IPI shorthand broadcast: enabled
[  +0,000021] sched_clock: Marking stable (2815338441, 3669237)->(2821662266, -2654588)
[  +0,000574] registered taskstats version 1
[  +0,000325] Loading compiled-in X.509 certificates
[  +0,002468] Loaded X.509 cert 'Build time autogenerated kernel key: 4c77d19d3c96e4402a42fd14fd71121f522597b2'
[  +0,000418] zswap: loaded using pool lz4/z3fold
[  +0,000340] Key type .fscrypt registered
[  +0,000001] Key type fscrypt-provisioning registered
[  +0,000035] AppArmor: AppArmor sha1 policy hashing enabled
[  +0,000010] audit: type=1400 audit(1672768736.524:5): apparmor="STATUS" info="AppArmor sha1 policy hashing enabled" pid=1 comm="swapper/0"
[  +0,000300] integrity: Loading X.509 certificate: UEFI:db
[  +0,000018] integrity: Loaded X.509 cert 'Dell Inc. UEFI DB: 5ddb772dc880660055ba0bc131886bb630a639e7'
[  +0,000001] integrity: Loading X.509 certificate: UEFI:db
[  +0,000017] integrity: Loaded X.509 cert 'Microsoft Corporation UEFI CA 2011: 13adbf4309bd82709c8cd54f316ed522988a1bd4'
[  +0,000001] integrity: Loading X.509 certificate: UEFI:db
[  +0,000015] integrity: Loaded X.509 cert 'Microsoft Windows Production PCA 2011: a92902398e16c49778cd90f99e4f9ae17c55af53'
[  +0,002201] PM:   Magic number: 7:439:996
[  +0,000065] memory memory39: hash matches
[  +0,000112] RAS: Correctable Errors collector initialized.
[  +0,008041] ACPI: battery: Slot [BAT0] (battery present)
[  +0,311030] ata2: SATA link down (SStatus 4 SControl 300)
[  +0,003820] Freeing unused decrypted memory: 2036K
[  +0,001059] Freeing unused kernel image (initmem) memory: 2152K
[  +0,000557] Write protecting the kernel read-only data: 32768k
[  +0,001495] Freeing unused kernel image (text/rodata gap) memory: 2040K
[  +0,000805] Freeing unused kernel image (rodata/data gap) memory: 1296K
[  +0,045239] x86/mm: Checked W+X mappings: passed, no W+X pages found.
[  +0,000003] rodata_test: all tests were successful
[  +0,000001] x86/mm: Checking user space page tables
[  +0,039140] x86/mm: Checked W+X mappings: passed, no W+X pages found.
[  +0,000008] Run /init as init process
[  +0,000000]   with arguments:
[  +0,000001]     /init
[  +0,000001]   with environment:
[  +0,000001]     HOME=/
[  +0,000000]     TERM=linux
[  +0,000001]     BOOT_IMAGE=/boot/vmlinuz-linux-zen
[  +0,000001]     pti=on
[  +0,000000]     page_owner=on
[  +0,000001]     spectre_v2=ibrs
[  +0,046532] fbcon: Taking over console
[  +0,000050] Console: switching to colour frame buffer device 240x67
[  +0,048273] wmi_bus wmi_bus-PNP0C14:02: WQBC data block query control method not found
[  +0,318394] Setting dangerous option enable_fbc - tainting kernel
[  +0,000002] Setting dangerous option edp_vswing - tainting kernel
[  +0,001681] Console: switching to colour dummy device 80x25
[  +0,000022] i915 0000:00:02.0: vgaarb: deactivate vga console
[  +0,002555] i915 0000:00:02.0: vgaarb: changed VGA decodes: olddecodes=io+mem,decodes=io+mem:owns=io+mem
[  +0,001759] i915 0000:00:02.0: [drm] Finished loading DMC firmware i915/skl_dmc_ver1_27.bin (v1.27)
[  +0,017120] tsc: Refined TSC clocksource calibration: 2807.999 MHz
[  +0,000005] clocksource: tsc: mask: 0xffffffffffffffff max_cycles: 0x2879c523a63, max_idle_ns: 440795252908 ns
[  +0,000057] clocksource: Switched to clocksource tsc
[  +1,125706] [drm] Initialized i915 1.6.0 20201103 for 0000:00:02.0 on minor 0
[  +0,006597] ACPI: video: Video Device [GFX0] (multi-head: yes  rom: no  post: no)
[  +0,002175] input: Video Bus as /devices/LNXSYSTM:00/LNXSYBUS:00/PNP0A08:00/LNXVIDEO:00/input/input4
[  +0,000232] ACPI: video: Video Device [PEGP] (multi-head: no  rom: yes  post: no)
[  +0,000099] input: Video Bus as /devices/LNXSYSTM:00/LNXSYBUS:00/PNP0A08:00/device:0a/LNXVIDEO:01/input/input5
[  +0,010170] fbcon: i915drmfb (fb0) is primary device
[  +0,011039] Console: switching to colour frame buffer device 240x67
[  +0,018221] i915 0000:00:02.0: [drm] fb0: i915drmfb frame buffer device
[  +0,358899] i8042: PNP: PS/2 Controller [PNP0303:PS2K,PNP0f13:PS2M] at 0x60,0x64 irq 1,12
[  +0,000398] i8042: Warning: Keylock active
[  +0,002394] serio: i8042 KBD port at 0x60,0x64 irq 1
[  +0,000017] serio: i8042 AUX port at 0x60,0x64 irq 12
[  +0,024215] input: AT Translated Set 2 keyboard as /devices/platform/i8042/serio0/input/input6
[  +0,008867] xhci_hcd 0000:00:14.0: xHCI Host Controller
[  +0,000005] xhci_hcd 0000:00:14.0: new USB bus registered, assigned bus number 1
[  +0,001071] xhci_hcd 0000:00:14.0: hcc params 0x200077c1 hci version 0x100 quirks 0x0000000001109810
[  +0,000290] xhci_hcd 0000:00:14.0: xHCI Host Controller
[  +0,000003] xhci_hcd 0000:00:14.0: new USB bus registered, assigned bus number 2
[  +0,000002] xhci_hcd 0000:00:14.0: Host supports USB 3.0 SuperSpeed
[  +0,000033] usb usb1: New USB device found, idVendor=1d6b, idProduct=0002, bcdDevice= 6.01
[  +0,000003] usb usb1: New USB device strings: Mfr=3, Product=2, SerialNumber=1
[  +0,000001] usb usb1: Product: xHCI Host Controller
[  +0,000001] usb usb1: Manufacturer: Linux 6.1.2-zen1-1-zen xhci-hcd
[  +0,000001] usb usb1: SerialNumber: 0000:00:14.0
[  +0,000154] hub 1-0:1.0: USB hub found
[  +0,000016] hub 1-0:1.0: 16 ports detected
[  +0,004675] usb usb2: New USB device found, idVendor=1d6b, idProduct=0003, bcdDevice= 6.01
[  +0,000003] usb usb2: New USB device strings: Mfr=3, Product=2, SerialNumber=1
[  +0,000002] usb usb2: Product: xHCI Host Controller
[  +0,000001] usb usb2: Manufacturer: Linux 6.1.2-zen1-1-zen xhci-hcd
[  +0,000001] usb usb2: SerialNumber: 0000:00:14.0
[  +0,000082] hub 2-0:1.0: USB hub found
[  +0,000012] hub 2-0:1.0: 10 ports detected
[  +0,000877] usb: port power management may be unreliable
[  +0,007550] nvme nvme0: pci function 0000:04:00.0
[  +0,016598] nvme nvme0: 4/0/0 default/read/poll queues
[  +0,001546]  nvme0n1: p1 p2 p3
[  +0,094484] PM: Image not found (code -22)
[  +0,071967] EXT4-fs (nvme0n1p2): mounted filesystem with ordered data mode. Quota mode: none.
[  +0,050400] usb 1-4: new full-speed USB device number 2 using xhci_hcd
[  +0,047265] audit: type=1334 audit(1672768739.238:6): prog-id=1 op=LOAD
[  +0,002150] audit: type=1334 audit(1672768739.238:6): prog-id=2 op=LOAD
[  +0,002924] audit: type=1334 audit(1672768739.238:6): prog-id=3 op=LOAD
[  +0,000354] audit: type=1300 audit(1672768739.238:6): arch=c000003e syscall=175 success=yes exit=0 a0=7f73522c9010 a1=4ca0 a2=55cc8d1eecb2 a3=31b1 items=0 ppid=82 pid=194 auid=4294967295 uid=0 gid=0 euid=0 suid=0 fsuid=0 egid=0 sgid=0 fsgid=0 tty=(none) ses=4294967295 comm="modprobe" exe="/usr/bin/kmod" subj=unconfined key=(null)
[  +0,000020] audit: type=1327 audit(1672768739.238:6): proctitle=2F7362696E2F6D6F6470726F6265002D71002D2D006270665F7072656C6F6164
[  +0,003529] systemd[1]: systemd 252.4-2-arch running in system mode (+PAM +AUDIT -SELINUX -APPARMOR -IMA +SMACK +SECCOMP +GCRYPT +GNUTLS +OPENSSL +ACL +BLKID +CURL +ELFUTILS +FIDO2 +IDN2 -IDN +IPTC +KMOD +LIBCRYPTSETUP +LIBFDISK +PCRE2 -PWQUALITY +P11KIT -QRENCODE +TPM2 +BZIP2 +LZ4 +XZ +ZLIB +ZSTD +BPF_FRAMEWORK +XKBCOMMON +UTMP -SYSVINIT default-hierarchy=unified)
[  +0,000011] systemd[1]: Detected architecture x86-64.
[  +0,000924] systemd[1]: Hostname set to <mksprecision5510>.
[  +0,071436] usb 1-4: New USB device found, idVendor=8087, idProduct=0a2b, bcdDevice= 0.01
[  +0,000014] usb 1-4: New USB device strings: Mfr=0, Product=0, SerialNumber=0
[  +0,115397] usb 1-12: new high-speed USB device number 3 using xhci_hcd
[  +0,081432] systemd[1]: bpf-lsm: LSM BPF program attached
[  +0,079701] usb 1-12: New USB device found, idVendor=0c45, idProduct=6713, bcdDevice=56.05
[  +0,000004] usb 1-12: New USB device strings: Mfr=2, Product=1, SerialNumber=0
[  +0,000002] usb 1-12: Product: Integrated_Webcam_HD
[  +0,000001] usb 1-12: Manufacturer: CN045G2872487664B1NNA01
[  +0,075883] systemd[1]: Configuration file /usr/lib/systemd/system/lkrg.service is marked world-inaccessible. This has no effect as configuration data is accessible via APIs without restrictions. Proceeding anyway.
[  +0,001345] systemd[1]: Configuration file /usr/lib/systemd/system/havegedd.service is marked world-inaccessible. This has no effect as configuration data is accessible via APIs without restrictions. Proceeding anyway.
[  +0,022456] systemd[1]: Queued start job for default target Graphical Interface.
[  +0,001810] systemd[1]: Created slice Slice /system/getty.
[  +0,000624] systemd[1]: Created slice Slice /system/modprobe.
[  +0,000494] systemd[1]: Created slice Slice /system/systemd-fsck.
[  +0,000510] systemd[1]: Created slice User and Session Slice.
[  +0,000196] systemd[1]: Started Dispatch Password Requests to Console Directory Watch.
[  +0,000192] systemd[1]: Started Forward Password Requests to Wall Directory Watch.
[  +0,000386] systemd[1]: Set up automount Arbitrary Executable File Formats File System Automount Point.
[  +0,000121] systemd[1]: Reached target Local Encrypted Volumes.
[  +0,000086] systemd[1]: Reached target Login Prompts.
[  +0,000085] systemd[1]: Reached target Local Integrity Protected Volumes.
[  +0,000097] systemd[1]: Reached target Path Units.
[  +0,000089] systemd[1]: Reached target Remote File Systems.
[  +0,000084] systemd[1]: Reached target Slice Units.
[  +0,000093] systemd[1]: Reached target Local Verity Protected Volumes.
[  +0,000190] systemd[1]: Listening on Device-mapper event daemon FIFOs.
[  +0,000408] systemd[1]: Listening on LVM2 poll daemon socket.
[  +0,001267] systemd[1]: Listening on Process Core Dump Socket.
[  +0,000473] systemd[1]: Listening on Journal Audit Socket.
[  +0,000308] systemd[1]: Listening on Journal Socket (/dev/log).
[  +0,000301] systemd[1]: Listening on Journal Socket.
[  +0,000263] systemd[1]: Listening on Userspace Out-Of-Memory (OOM) Killer Socket.
[  +0,000453] systemd[1]: Listening on udev Control Socket.
[  +0,000243] systemd[1]: Listening on udev Kernel Socket.
[  +0,001512] systemd[1]: Mounting Huge Pages File System...
[  +0,001495] systemd[1]: Mounting POSIX Message Queue File System...
[  +0,001486] systemd[1]: Mounting Kernel Debug File System...
[  +0,001495] systemd[1]: Mounting Kernel Trace File System...
[  +0,001645] systemd[1]: Starting Create List of Static Device Nodes...
[  +0,001329] systemd[1]: Starting Monitoring of LVM2 mirrors, snapshots etc. using dmeventd or progress polling...
[  +0,001628] systemd[1]: Starting Load Kernel Module configfs...
[  +0,001618] systemd[1]: Starting Load Kernel Module drm...
[  +0,001589] systemd[1]: Starting Load Kernel Module fuse...
[  +0,000191] systemd[1]: File System Check on Root Device was skipped because of an unmet condition check (ConditionPathIsReadWrite=!/).
[  +0,003129] systemd[1]: Starting Load Kernel Modules...
[  +0,001442] systemd[1]: Starting Remount Root and Kernel File Systems...
[  +0,000188] systemd[1]: Repartition Root Disk was skipped because no trigger condition checks were met.
[  +0,001257] systemd[1]: Starting Coldplug All udev Devices...
[  +0,002927] systemd[1]: Mounted Huge Pages File System.
[  +0,000256] systemd[1]: Mounted POSIX Message Queue File System.
[  +0,000257] systemd[1]: Mounted Kernel Debug File System.
[  +0,000289] systemd[1]: Mounted Kernel Trace File System.
[  +0,000414] systemd[1]: Finished Create List of Static Device Nodes.
[  +0,000701] systemd[1]: modprobe@configfs.service: Deactivated successfully.
[  +0,000236] systemd[1]: Finished Load Kernel Module configfs.
[  +0,001582] systemd[1]: modprobe@drm.service: Deactivated successfully.
[  +0,000227] systemd[1]: Finished Load Kernel Module drm.
[  +0,000609] fuse: init (API version 7.37)
[  +0,004390] EXT4-fs (nvme0n1p2): re-mounted. Quota mode: none.
[  +0,002512] systemd[1]: modprobe@fuse.service: Deactivated successfully.
[  +0,000254] systemd[1]: Finished Load Kernel Module fuse.
[  +0,001573] systemd[1]: Finished Remount Root and Kernel File Systems.
[  +0,003187] systemd[1]: Mounting FUSE Control File System...
[  +0,002457] systemd[1]: Mounting Kernel Configuration File System...
[  +0,001072] systemd[1]: First Boot Wizard was skipped because of an unmet condition check (ConditionFirstBoot=yes).
[  +0,000634] systemd[1]: Rebuild Hardware Database was skipped because no trigger condition checks were met.
[  +0,001353] systemd[1]: Starting Load/Save Random Seed...
[  +0,002421] systemd[1]: Starting Create System Users...
[  +0,002514] systemd[1]: Mounted FUSE Control File System.
[  +0,001301] systemd[1]: Mounted Kernel Configuration File System.
[  +0,001699] systemd[1]: Finished Monitoring of LVM2 mirrors, snapshots etc. using dmeventd or progress polling.
[  +0,013969] systemd[1]: Finished Load/Save Random Seed.
[  +0,001233] systemd[1]: First Boot Complete was skipped because of an unmet condition check (ConditionFirstBoot=yes).
[  +0,020089] systemd[1]: Finished Create System Users.
[  +0,002552] systemd[1]: Starting Create Static Device Nodes in /dev...
[  +0,059040] systemd[1]: Finished Create Static Device Nodes in /dev.
[  +0,001273] systemd[1]: Reached target Preparation for Local File Systems.
[  +0,001055] systemd[1]: Virtual Machine and Container Storage (Compatibility) was skipped because of an unmet condition check (ConditionPathExists=/var/lib/machines.raw).
[  +0,000031] systemd[1]: Entropy Daemon based on the HAVEGE algorithm was skipped because of an unmet condition check (ConditionKernelVersion=<5.6).
[  +0,001878] systemd[1]: Started Entropy Daemon based on the HAVEGE algorithm.
[  +0,003705] systemd[1]: Starting Journal Service...
[  +0,002678] systemd[1]: Starting Rule-based Manager for Device Events and Files...
[  +0,154693] systemd[1]: Started Rule-based Manager for Device Events and Files.
[  +0,020806] systemd[1]: Started Journal Service.
[  +0,009510] systemd-journald[234]: Received client request to flush runtime journal.
[  +0,171350] Adding 35992492k swap on /dev/nvme0n1p3.  Priority:-2 extents:1 across:35992492k SSFS
[  +0,033306] nvidia: loading out-of-tree module taints kernel.
[  +0,000010] nvidia: module license 'NVIDIA' taints kernel.
[  +0,000001] Disabling lock debugging due to kernel taint
[  +0,015657] nvidia: module verification failed: signature and/or required key missing - tainting kernel
[  +0,399893] nvidia-nvlink: Nvlink Core is being initialized, major device number 511

[  +0,001505] nvidia 0000:01:00.0: enabling device (0006 -> 0007)
[  +0,024714] acpi INT33D5:00: intel-hid: created platform device
[  +0,000111] input: Intel HID events as /devices/platform/INT33D5:00/input/input8
[січ 3 19:59] Consider using thermal netlink events interface
[  +0,003036] ACPI Warning: \_SB.IETM._ART: Return Package type mismatch at index 0 - found Integer, expected Reference (20220331/nspredef-260)
[  +0,000052] _ART package 0 is invalid, ignored
[  +0,000032] ACPI Warning: \_SB.IETM._TRT: Return Package has no elements (empty) (20220331/nsprepkg-94)
[  +0,190958] intel-lpss 0000:00:15.0: enabling device (0000 -> 0002)
[  +0,003314] proc_thermal 0000:00:04.0: enabling device (0000 -> 0002)
[  +0,000421] idma64 idma64.0: Found Intel integrated DMA 64-bit
[  +0,002122] NVRM: loading NVIDIA UNIX x86_64 Kernel Module  525.60.11  Wed Nov 23 23:04:03 UTC 2022
[  +0,025035] EDAC MC0: Giving out device to module ie31200_edac controller IE31200: DEV 0000:00:00.0 (POLLED)
[  +0,046361] nvidia-modeset: Loading NVIDIA Kernel Mode Setting Driver for UNIX platforms  525.60.11  Wed Nov 23 22:49:17 UTC 2022
[  +0,019269] mei_me 0000:00:16.0: enabling device (0000 -> 0002)
[  +0,012902] [drm] [nvidia-drm] [GPU ID 0x00000100] Loading driver
[  +0,000002] [drm] Initialized nvidia-drm 0.0.0 20160202 for 0000:01:00.0 on minor 1
[  +0,000816] intel_rapl_common: Found RAPL domain package
[  +0,000002] intel_rapl_common: Found RAPL domain dram
[  +0,008219] intel-lpss 0000:00:15.1: enabling device (0000 -> 0002)
[  +0,000280] idma64 idma64.1: Found Intel integrated DMA 64-bit
[  +0,052166] nvidia_uvm: module uses symbols nvUvmInterfaceDisableAccessCntr from proprietary module nvidia, inheriting taint.
[  +0,006735] auditfilter: audit rule for LSM 'crond_t' is invalid
[  +0,000059] auditfilter: audit rule for LSM 'crond_t' is invalid
[  +0,039999] auditfilter: audit rule for LSM 'initrc_t' is invalid
[  +0,000245] auditfilter: audit rule for LSM 'initrc_t' is invalid
[  +0,113463] input: DLL06E5:01 06CB:7A13 Mouse as /devices/pci0000:00/0000:00:15.1/i2c_designware.1/i2c-7/i2c-DLL06E5:01/0018:06CB:7A13.0001/input/input9
[  +0,000071] input: DLL06E5:01 06CB:7A13 Touchpad as /devices/pci0000:00/0000:00:15.1/i2c_designware.1/i2c-7/i2c-DLL06E5:01/0018:06CB:7A13.0001/input/input10
[  +0,000050] hid-generic 0018:06CB:7A13.0001: input,hidraw0: I2C HID v1.00 Mouse [DLL06E5:01 06CB:7A13] on i2c-DLL06E5:01
[  +0,011307] nvidia-uvm: Loaded the UVM driver, major device number 508.
[  +0,077249] i801_smbus 0000:00:1f.4: SPD Write Disable is set
[  +0,000028] i801_smbus 0000:00:1f.4: SMBus using PCI interrupt
[  +0,000045] pci 0000:00:1f.1: [8086:a120] type 00 class 0x058000
[  +0,000058] pci 0000:00:1f.1: reg 0x10: [mem 0xfd000000-0xfdffffff 64bit]
[  +0,000280] vboxdrv: Found 4 processor cores/threads
[  +0,001237] cfg80211: Loading compiled-in X.509 certificates for regulatory database
[  +0,002651] cfg80211: Loaded X.509 cert 'sforshee: 00b28ddf47aef9cea7'
[  +0,002006] input: Dell WMI hotkeys as /devices/platform/PNP0C14:02/wmi_bus/wmi_bus-PNP0C14:02/9DBB5994-A997-11DA-B012-B622A1EF5492/input/input13
[  +0,011738] vboxdrv: TSC mode is Invariant, tentative frequency 2807998969 Hz
[  +0,000002] vboxdrv: Successfully loaded version 7.0.4 r154605 (interface 0x00330004)
[  +0,016700] RAPL PMU: API unit is 2^-32 Joules, 4 fixed counters, 655360 ms ovfl timer
[  +0,000003] RAPL PMU: hw unit of domain pp0-core 2^-14 Joules
[  +0,000001] RAPL PMU: hw unit of domain package 2^-14 Joules
[  +0,000001] RAPL PMU: hw unit of domain dram 2^-14 Joules
[  +0,000000] RAPL PMU: hw unit of domain pp1-gpu 2^-14 Joules
[  +0,320234] i2c i2c-8: 2/2 memory slots populated (from DMI)
[  +0,000692] i2c i2c-8: Successfully instantiated SPD at 0x50
[  +0,002046] VBoxNetAdp: Successfully started.
[  +0,002505] VBoxNetFlt: Successfully started.
[  +0,006269] cryptd: max_cpu_qlen set to 1000
[  +0,005951] intel_rapl_common: Found RAPL domain package
[  +0,000002] intel_rapl_common: Found RAPL domain core
[  +0,000001] intel_rapl_common: Found RAPL domain uncore
[  +0,000001] intel_rapl_common: Found RAPL domain dram
[  +0,024167] AVX2 version of gcm_enc/dec engaged.
[  +0,000047] AES CTR mode by8 optimization enabled
[  +0,081670] dell_laptop: Using i8042 filter function for receiving events
[  +0,019081] Intel(R) Wireless WiFi driver for Linux
[  +0,000068] iwlwifi 0000:02:00.0: enabling device (0000 -> 0002)
[  +0,003249] snd_hda_intel 0000:00:1f.3: DSP detected with PCI class/subclass/prog-if info 0x040380
[  +0,000018] snd_hda_intel 0000:00:1f.3: enabling device (0000 -> 0002)
[  +0,005070] snd_hda_intel 0000:00:1f.3: bound 0000:00:02.0 (ops i915_audio_component_bind_ops [i915])
[  +0,006477] iwlwifi 0000:02:00.0: loaded firmware version 36.ca7b901d.0 8000C-36.ucode op_mode iwlmvm
[  +0,082422] snd_hda_codec_realtek hdaudioC0D0: autoconfig for ALC3266: line_outs=1 (0x17/0x0/0x0/0x0/0x0) type:speaker
[  +0,000004] snd_hda_codec_realtek hdaudioC0D0:    speaker_outs=0 (0x0/0x0/0x0/0x0/0x0)
[  +0,000002] snd_hda_codec_realtek hdaudioC0D0:    hp_outs=1 (0x21/0x0/0x0/0x0/0x0)
[  +0,000003] snd_hda_codec_realtek hdaudioC0D0:    mono: mono_out=0x0
[  +0,000001] snd_hda_codec_realtek hdaudioC0D0:    inputs:
[  +0,000001] snd_hda_codec_realtek hdaudioC0D0:      Headset Mic=0x18
[  +0,000002] snd_hda_codec_realtek hdaudioC0D0:      Headphone Mic=0x1a
[  +0,000002] snd_hda_codec_realtek hdaudioC0D0:      Internal Mic=0x12
[  +0,120915] ee1004 8-0050: 512 byte EE1004-compliant SPD EEPROM, read-only
[  +0,006263] iTCO_vendor_support: vendor-support=0
[  +0,025128] iwlwifi 0000:02:00.0: Detected Intel(R) Dual Band Wireless AC 8260, REV=0x201
[  +0,000176] thermal thermal_zone10: failed to read out thermal zone (-61)
[  +0,018251] input: DLL06E5:01 06CB:7A13 Mouse as /devices/pci0000:00/0000:00:15.1/i2c_designware.1/i2c-7/i2c-DLL06E5:01/0018:06CB:7A13.0001/input/input15
[  +0,000944] input: DLL06E5:01 06CB:7A13 Touchpad as /devices/pci0000:00/0000:00:15.1/i2c_designware.1/i2c-7/i2c-DLL06E5:01/0018:06CB:7A13.0001/input/input16
[  +0,000925] hid-multitouch 0018:06CB:7A13.0001: input,hidraw0: I2C HID v1.00 Mouse [DLL06E5:01 06CB:7A13] on i2c-DLL06E5:01
[  +0,009441] iTCO_wdt iTCO_wdt: Found a Intel PCH TCO device (Version=4, TCOBASE=0x0400)
[  +0,001055] iTCO_wdt iTCO_wdt: initialized. heartbeat=30 sec (nowayout=0)
[  +0,000168] NET: Registered PF_QIPCRTR protocol family
[  +0,043738] iwlwifi 0000:02:00.0: base HW address: e4:a4:71:37:3b:d3, OTP minor version: 0x0
[  +0,024771] mousedev: PS/2 mouse device common for all mice
[  +0,034858] input: HDA Intel PCH Headphone Mic as /devices/pci0000:00/0000:00:1f.3/sound/card0/input14
[  +0,000091] input: HDA Intel PCH HDMI/DP,pcm=3 as /devices/pci0000:00/0000:00:1f.3/sound/card0/input18
[  +0,000088] input: HDA Intel PCH HDMI/DP,pcm=7 as /devices/pci0000:00/0000:00:1f.3/sound/card0/input19
[  +0,000083] input: HDA Intel PCH HDMI/DP,pcm=8 as /devices/pci0000:00/0000:00:1f.3/sound/card0/input20
[  +0,013695] ieee80211 phy0: Selected rate control algorithm 'iwl-mvm-rs'
[  +0,038368] iwlwifi 0000:02:00.0 wlp2s0: renamed from wlan0
[  +0,002882] intel_tcc_cooling: Programmable TCC Offset detected
[  +0,161519] xt_connbytes: Forcing CT accounting to be enabled
[  +0,670921] mc: Linux media interface: v0.10
[  +0,047487] videodev: Linux video capture interface: v2.00
[  +0,039117] Bluetooth: Core ver 2.22
[  +0,000025] NET: Registered PF_BLUETOOTH protocol family
[  +0,000001] Bluetooth: HCI device and connection manager initialized
[  +0,000004] Bluetooth: HCI socket layer initialized
[  +0,000002] Bluetooth: L2CAP socket layer initialized
[  +0,000003] Bluetooth: SCO socket layer initialized
[  +0,242924] usbcore: registered new interface driver btusb
[  +0,002029] usb 1-12: Found UVC 1.00 device Integrated_Webcam_HD (0c45:6713)
[  +0,004579] Bluetooth: hci0: Firmware revision 0.0 build 14 week 44 2021
[  +0,187373] Bluetooth: BNEP (Ethernet Emulation) ver 1.3
[  +0,000003] Bluetooth: BNEP filters: protocol multicast
[  +0,000004] Bluetooth: BNEP socket layer initialized
[  +0,003151] Bluetooth: MGMT ver 1.22
[  +0,011412] NET: Registered PF_ALG protocol family
[  +0,168482] input: Integrated_Webcam_HD: Integrate as /devices/pci0000:00/0000:00:14.0/usb1/1-12/1-12:1.0/input/input21
[  +0,000301] usbcore: registered new interface driver uvcvideo
[  +0,172897] nvidia 0000:01:00.0: Enabling HDA controller
[  +1,663971] nvidia 0000:01:00.0: Enabling HDA controller
[  +0,067520] ACPI Warning: \_SB.PCI0.PEG0.PEGP._DSM: Argument #4 type mismatch - Found [Buffer], ACPI requires [Package] (20220331/nsarguments-61)
[  +9,596723] wlp2s0: authenticate with 08:55:31:cf:3d:6c
[  +0,010378] wlp2s0: send auth to 08:55:31:cf:3d:6c (try 1/3)
[  +0,004978] wlp2s0: authenticated
[  +0,000792] wlp2s0: associate with 08:55:31:cf:3d:6c (try 1/3)
[  +0,002690] wlp2s0: RX AssocResp from 08:55:31:cf:3d:6c (capab=0x431 status=0 aid=1)
[  +0,002648] wlp2s0: associated
[  +0,084395] IPv6: ADDRCONF(NETDEV_CHANGE): wlp2s0: link becomes ready
[ +23,077615] Iptables: Drop new not syn: IN=wlp2s0 OUT= MAC=e4:a4:71:37:3b:d3:08:55:31:cf:3d:67:08:00 SRC=216.58.209.14 DST=192.168.1.249 LEN=200 TOS=0x00 PREC=0x80 TTL=120 ID=23652 PROTO=TCP SPT=443 DPT=42506 WINDOW=1038 RES=0x00 ACK PSH URGP=0 
[  +0,112889] Iptables: v4Reject: IN=wlp2s0 OUT= MAC=e4:a4:71:37:3b:d3:08:55:31:cf:3d:67:08:00 SRC=54.92.224.85 DST=192.168.1.249 LEN=102 TOS=0x00 PREC=0x00 TTL=40 ID=60541 DF PROTO=TCP SPT=8885 DPT=41172 WINDOW=478 RES=0x00 ACK PSH FIN URGP=0 
[  +0,000121] Iptables: v4Reject: IN=wlp2s0 OUT= MAC=e4:a4:71:37:3b:d3:08:55:31:cf:3d:67:08:00 SRC=54.148.190.4 DST=192.168.1.249 LEN=145 TOS=0x00 PREC=0x00 TTL=218 ID=40050 DF PROTO=TCP SPT=443 DPT=48886 WINDOW=119 RES=0x00 ACK PSH FIN URGP=0 
[  +0,091771] Iptables: Drop new not syn: IN=wlp2s0 OUT= MAC=e4:a4:71:37:3b:d3:08:55:31:cf:3d:67:08:00 SRC=216.58.209.14 DST=192.168.1.249 LEN=200 TOS=0x00 PREC=0x80 TTL=120 ID=23653 PROTO=TCP SPT=443 DPT=42506 WINDOW=1038 RES=0x00 ACK PSH URGP=0 
[  +0,204753] Iptables: v4Reject: IN=wlp2s0 OUT= MAC=e4:a4:71:37:3b:d3:08:55:31:cf:3d:67:08:00 SRC=54.92.224.85 DST=192.168.1.249 LEN=102 TOS=0x00 PREC=0x00 TTL=40 ID=60542 DF PROTO=TCP SPT=8885 DPT=41172 WINDOW=478 RES=0x00 ACK PSH FIN URGP=0 
[  +0,204764] Iptables: Drop new not syn: IN=wlp2s0 OUT= MAC=e4:a4:71:37:3b:d3:08:55:31:cf:3d:67:08:00 SRC=216.58.209.14 DST=192.168.1.249 LEN=200 TOS=0x00 PREC=0x80 TTL=120 ID=23654 PROTO=TCP SPT=443 DPT=42506 WINDOW=1038 RES=0x00 ACK PSH URGP=0 
[  +0,317536] Iptables: v4Reject: IN=wlp2s0 OUT= MAC=e4:a4:71:37:3b:d3:08:55:31:cf:3d:67:08:00 SRC=54.148.190.4 DST=192.168.1.249 LEN=145 TOS=0x00 PREC=0x00 TTL=218 ID=40051 DF PROTO=TCP SPT=443 DPT=48886 WINDOW=119 RES=0x00 ACK PSH FIN URGP=0 
[  +0,092045] Iptables: v4Reject: IN=wlp2s0 OUT= MAC=e4:a4:71:37:3b:d3:08:55:31:cf:3d:67:08:00 SRC=54.92.224.85 DST=192.168.1.249 LEN=102 TOS=0x00 PREC=0x00 TTL=40 ID=60543 DF PROTO=TCP SPT=8885 DPT=41172 WINDOW=478 RES=0x00 ACK PSH FIN URGP=0 
[  +0,522174] Iptables: Drop new not syn: IN=wlp2s0 OUT= MAC=e4:a4:71:37:3b:d3:08:55:31:cf:3d:67:08:00 SRC=216.58.209.14 DST=192.168.1.249 LEN=200 TOS=0x00 PREC=0x80 TTL=120 ID=23655 PROTO=TCP SPT=443 DPT=42506 WINDOW=1038 RES=0x00 ACK PSH URGP=0 
[  +0,818946] Iptables: v4Reject: IN=wlp2s0 OUT= MAC=e4:a4:71:37:3b:d3:08:55:31:cf:3d:67:08:00 SRC=54.92.224.85 DST=192.168.1.249 LEN=102 TOS=0x00 PREC=0x00 TTL=40 ID=60544 DF PROTO=TCP SPT=8885 DPT=41172 WINDOW=478 RES=0x00 ACK PSH FIN URGP=0 
[  +0,092594] Iptables: v4Reject: IN=wlp2s0 OUT= MAC=e4:a4:71:37:3b:d3:08:55:31:cf:3d:67:08:00 SRC=54.148.190.4 DST=192.168.1.249 LEN=145 TOS=0x00 PREC=0x00 TTL=218 ID=40052 DF PROTO=TCP SPT=443 DPT=48886 WINDOW=119 RES=0x00 ACK PSH FIN URGP=0 
[  +2,569897] Iptables: v4Reject: IN=wlp2s0 OUT= MAC=e4:a4:71:37:3b:d3:08:55:31:cf:3d:67:08:00 SRC=54.92.224.85 DST=192.168.1.249 LEN=102 TOS=0x00 PREC=0x00 TTL=40 ID=60545 DF PROTO=TCP SPT=8885 DPT=41172 WINDOW=478 RES=0x00 ACK PSH FIN URGP=0 
[  +0,614645] Iptables: v4Reject: IN=wlp2s0 OUT= MAC=e4:a4:71:37:3b:d3:08:55:31:cf:3d:67:08:00 SRC=54.148.190.4 DST=192.168.1.249 LEN=145 TOS=0x00 PREC=0x00 TTL=218 ID=40053 DF PROTO=TCP SPT=443 DPT=48886 WINDOW=119 RES=0x00 ACK PSH FIN URGP=0 
[  +4,710196] Iptables: v4Reject: IN=wlp2s0 OUT= MAC=e4:a4:71:37:3b:d3:08:55:31:cf:3d:67:08:00 SRC=54.92.224.85 DST=192.168.1.249 LEN=102 TOS=0x00 PREC=0x00 TTL=40 ID=60546 DF PROTO=TCP SPT=8885 DPT=41172 WINDOW=478 RES=0x00 ACK PSH FIN URGP=0 
[  +1,639050] Iptables: v4Reject: IN=wlp2s0 OUT= MAC=e4:a4:71:37:3b:d3:08:55:31:cf:3d:67:08:00 SRC=54.148.190.4 DST=192.168.1.249 LEN=145 TOS=0x00 PREC=0x00 TTL=218 ID=40054 DF PROTO=TCP SPT=443 DPT=48886 WINDOW=119 RES=0x00 ACK PSH FIN URGP=0 
[січ 3 20:01] Iptables: v4Reject: IN=wlp2s0 OUT= MAC=e4:a4:71:37:3b:d3:08:55:31:cf:3d:67:08:00 SRC=142.250.203.195 DST=192.168.1.249 LEN=108 TOS=0x00 PREC=0x00 TTL=119 ID=60813 PROTO=TCP SPT=443 DPT=50226 WINDOW=267 RES=0x00 ACK PSH FIN URGP=0 
[  +2,457504] Iptables: v4Reject: IN=wlp2s0 OUT= MAC=e4:a4:71:37:3b:d3:08:55:31:cf:3d:67:08:00 SRC=142.250.203.195 DST=192.168.1.249 LEN=181 TOS=0x00 PREC=0x80 TTL=120 ID=60814 PROTO=TCP SPT=443 DPT=50226 WINDOW=267 RES=0x00 ACK PSH FIN URGP=0 
