Start timestamp: 2022-02-04 07:54:44 +0200 (AIDE 0.17.3)
AIDE found differences between database and filesystem!!
New AIDE database written to /var/lib/aide/aide.db.new.gz

Summary:
  Total number of entries:	459933
  Added entries:		0
  Removed entries:		0
  Changed entries:		171

---------------------------------------------------
Changed entries:
---------------------------------------------------

f   ...   i  .  : /etc/.updated
s   ...   i  .  : /etc/pacman.d/gnupg/S.gpg-agent
s   ...   i  .  : /etc/pacman.d/gnupg/S.gpg-agent.browser
s   ...   i  .  : /etc/pacman.d/gnupg/S.gpg-agent.extra
s   ...   i  .  : /etc/pacman.d/gnupg/S.gpg-agent.ssh
f   ...   i  .  : /etc/sysctl.d/99-sysctl.conf
f   ...   i  .  : /etc/usbguard/rules.conf
d = ... mc.. ...: /root
d = ... mc.. ...: /root/.cache/vim/backup
d = ... mc.. ...: /root/.cache/vim/swap
f < ... mci.H...: /root/.viminfo
d = ... mc.. ...: /usr
d = ... mc.. ...: /usr/bin
f = ... .ci.....: /usr/bin/obs
f = ... .ci.....: /usr/bin/obs-ffmpeg-mux
d = ... mc.. ...: /usr/include/obs
d = ... mc.. ...: /usr/include/obs/audio-monitoring/pulse
f = ... .ci.....: /usr/include/obs/audio-monitoring/pulse/pulseaudio-wrapper.h
d = ... mc.. ...: /usr/include/obs/callback
f = ... .ci.....: /usr/include/obs/callback/calldata.h
f = ... .ci.....: /usr/include/obs/callback/decl.h
f = ... .ci.....: /usr/include/obs/callback/proc.h
f = ... .ci.....: /usr/include/obs/callback/signal.h
d = ... mc.. ...: /usr/include/obs/graphics
f = ... .ci.....: /usr/include/obs/graphics/axisang.h
f = ... .ci.....: /usr/include/obs/graphics/bounds.h
f = ... .ci.....: /usr/include/obs/graphics/device-exports.h
f = ... .ci.....: /usr/include/obs/graphics/effect-parser.h
f = ... .ci.....: /usr/include/obs/graphics/effect.h
f = ... .ci.....: /usr/include/obs/graphics/graphics-internal.h
f = ... .ci.....: /usr/include/obs/graphics/graphics.h
f = ... .ci.....: /usr/include/obs/graphics/half.h
f = ... .ci.....: /usr/include/obs/graphics/image-file.h
f = ... .ci.....: /usr/include/obs/graphics/input.h
d = ... mc.. ...: /usr/include/obs/graphics/libnsgif
f = ... .ci.....: /usr/include/obs/graphics/libnsgif/libnsgif.h
f = ... .ci.....: /usr/include/obs/graphics/math-defs.h
f = ... .ci.....: /usr/include/obs/graphics/math-extra.h
f = ... .ci.....: /usr/include/obs/graphics/matrix3.h
f = ... .ci.....: /usr/include/obs/graphics/matrix4.h
f = ... .ci.....: /usr/include/obs/graphics/plane.h
f = ... .ci.....: /usr/include/obs/graphics/quat.h
f = ... .ci.....: /usr/include/obs/graphics/shader-parser.h
f = ... .ci.....: /usr/include/obs/graphics/srgb.h
f = ... .ci.....: /usr/include/obs/graphics/vec2.h
f = ... .ci.....: /usr/include/obs/graphics/vec3.h
f = ... .ci.....: /usr/include/obs/graphics/vec4.h
d = ... mc.. ...: /usr/include/obs/media-io
f = ... .ci.....: /usr/include/obs/media-io/audio-io.h
f = ... .ci.....: /usr/include/obs/media-io/audio-math.h
f = ... .ci.....: /usr/include/obs/media-io/audio-resampler.h
f = ... .ci.....: /usr/include/obs/media-io/format-conversion.h
f = ... .ci.....: /usr/include/obs/media-io/frame-rate.h
f = ... .ci.....: /usr/include/obs/media-io/media-io-defs.h
f = ... .ci.....: /usr/include/obs/media-io/media-remux.h
f = ... .ci.....: /usr/include/obs/media-io/video-frame.h
f = ... .ci.....: /usr/include/obs/media-io/video-io.h
f = ... .ci.....: /usr/include/obs/media-io/video-scaler.h
f = ... .ci.....: /usr/include/obs/obs-audio-controls.h
f = ... .ci.....: /usr/include/obs/obs-avc.h
f = ... .ci.....: /usr/include/obs/obs-config.h
f = ... .ci.....: /usr/include/obs/obs-data.h
f = ... .ci.....: /usr/include/obs/obs-defs.h
f = ... .ci.....: /usr/include/obs/obs-encoder.h
f = ... .ci.....: /usr/include/obs/obs-ffmpeg-compat.h
f = ... .ci.....: /usr/include/obs/obs-frontend-api.h
f = ... .ci.....: /usr/include/obs/obs-hotkey.h
f = ... .ci.....: /usr/include/obs/obs-hotkeys.h
f = ... .ci.....: /usr/include/obs/obs-interaction.h
f = ... .ci.....: /usr/include/obs/obs-internal.h
f = ... .ci.....: /usr/include/obs/obs-missing-files.h
f = ... .ci.....: /usr/include/obs/obs-module.h
f = ... .ci.....: /usr/include/obs/obs-nix-platform.h
f = ... .ci.....: /usr/include/obs/obs-output.h
f = ... .ci.....: /usr/include/obs/obs-properties.h
f = ... .ci.....: /usr/include/obs/obs-scene.h
f = ... .ci.....: /usr/include/obs/obs-service.h
f = ... .ci.....: /usr/include/obs/obs-source.h
f = ... .ci.....: /usr/include/obs/obs-ui.h
f = ... .ci.....: /usr/include/obs/obs.h
f = ... .ci.....: /usr/include/obs/obs.hpp
f = ... .ci.....: /usr/include/obs/obsconfig.h
d = ... mc.. ...: /usr/include/obs/util
f = ... .ci.....: /usr/include/obs/util/array-serializer.h
f = ... .ci.....: /usr/include/obs/util/base.h
f = ... .ci.....: /usr/include/obs/util/bitstream.h
f = ... .ci.....: /usr/include/obs/util/bmem.h
f = ... .ci.....: /usr/include/obs/util/c99defs.h
f = ... .ci.....: /usr/include/obs/util/cf-lexer.h
f = ... .ci.....: /usr/include/obs/util/cf-parser.h
f = ... .ci.....: /usr/include/obs/util/circlebuf.h
f = ... .ci.....: /usr/include/obs/util/config-file.h
f = ... .ci.....: /usr/include/obs/util/crc32.h
d = ... mc.. ...: /usr/include/obs/util/curl
f = ... .ci.....: /usr/include/obs/util/curl/curl-helper.h
f = ... .ci.....: /usr/include/obs/util/darray.h
f = ... .ci.....: /usr/include/obs/util/dstr.h
f = ... .ci.....: /usr/include/obs/util/file-serializer.h
f = ... .ci.....: /usr/include/obs/util/lexer.h
f = ... .ci.....: /usr/include/obs/util/pipe.h
f = ... .ci.....: /usr/include/obs/util/platform.h
f = ... .ci.....: /usr/include/obs/util/profiler.h
f = ... .ci.....: /usr/include/obs/util/profiler.hpp
f = ... .ci.....: /usr/include/obs/util/serializer.h
d = ... mc.. ...: /usr/include/obs/util/simde
f = ... .ci.....: /usr/include/obs/util/simde/check.h
f = ... .ci.....: /usr/include/obs/util/simde/debug-trap.h
f = ... .ci.....: /usr/include/obs/util/simde/hedley.h
f = ... .ci.....: /usr/include/obs/util/simde/simde-align.h
f = ... .ci.....: /usr/include/obs/util/simde/simde-arch.h
f = ... .ci.....: /usr/include/obs/util/simde/simde-common.h
f = ... .ci.....: /usr/include/obs/util/simde/simde-constify.h
f = ... .ci.....: /usr/include/obs/util/simde/simde-detect-clang.h
f = ... .ci.....: /usr/include/obs/util/simde/simde-diagnostic.h
f = ... .ci.....: /usr/include/obs/util/simde/simde-features.h
f = ... .ci.....: /usr/include/obs/util/simde/simde-math.h
d = ... mc.. ...: /usr/include/obs/util/simde/x86
f = ... .ci.....: /usr/include/obs/util/simde/x86/mmx.h
f = ... .ci.....: /usr/include/obs/util/simde/x86/sse.h
f = ... .ci.....: /usr/include/obs/util/simde/x86/sse2.h
f = ... .ci.....: /usr/include/obs/util/sse-intrin.h
f = ... .ci.....: /usr/include/obs/util/text-lookup.h
f = ... .ci.....: /usr/include/obs/util/threading-posix.h
f = ... .ci.....: /usr/include/obs/util/threading.h
f = ... .ci.....: /usr/include/obs/util/utf8.h
f = ... .ci.....: /usr/include/obs/util/util.hpp
f = ... .ci.....: /usr/include/obs/util/util_uint128.h
f = ... .ci.....: /usr/include/obs/util/util_uint64.h
d = ... mc.. ...: /usr/lib
d = ... mc.. ...: /usr/lib/cmake/LibObs
f = ... .ci.....: /usr/lib/cmake/LibObs/LibObsConfig.cmake
f = ... .ci.....: /usr/lib/cmake/LibObs/LibObsConfigVersion.cmake
f = ... .ci.....: /usr/lib/cmake/LibObs/LibObsTarget-relwithdebinfo.cmake
f = ... .ci.....: /usr/lib/cmake/LibObs/LibObsTarget.cmake
l.= ... .ci.  . : /usr/lib/libobs-frontend-api.so
l.= ... .ci.  . : /usr/lib/libobs-frontend-api.so.0
f = ... .ci.....: /usr/lib/libobs-frontend-api.so.0.0
l.= ... .ci.  . : /usr/lib/libobs-opengl.so
l.= ... .ci.  . : /usr/lib/libobs-opengl.so.0
f = ... .ci.....: /usr/lib/libobs-opengl.so.0.0
f = ... .ci.....: /usr/lib/libobs-scripting.so
l.= ... .ci.  . : /usr/lib/libobs.so
f = ... .ci.....: /usr/lib/libobs.so.0
l.= ... .ci.  . : /usr/lib/libobsglad.so
f = ... .ci.....: /usr/lib/libobsglad.so.0
d = ... mc.. ...: /usr/lib/obs-plugins
f = ... .ci.....: /usr/lib/obs-plugins/decklink-captions.so
f = ... .ci.....: /usr/lib/obs-plugins/decklink-ouput-ui.so
f = ... .ci.....: /usr/lib/obs-plugins/frontend-tools.so
f = ... .ci.....: /usr/lib/obs-plugins/image-source.so
f = ... .ci.....: /usr/lib/obs-plugins/linux-alsa.so
f = ... .ci.....: /usr/lib/obs-plugins/linux-capture.so
f = ... .ci.....: /usr/lib/obs-plugins/linux-decklink.so
f = ... .ci.....: /usr/lib/obs-plugins/linux-jack.so
f = ... .ci.....: /usr/lib/obs-plugins/linux-pulseaudio.so
f = ... .ci.....: /usr/lib/obs-plugins/linux-v4l2.so
f = ... .ci.....: /usr/lib/obs-plugins/obs-ffmpeg.so
f = ... .ci.....: /usr/lib/obs-plugins/obs-filters.so
f = ... .ci.....: /usr/lib/obs-plugins/obs-libfdk.so
f = ... .ci.....: /usr/lib/obs-plugins/obs-outputs.so
f = ... .ci.....: /usr/lib/obs-plugins/obs-transitions.so
f = ... .ci.....: /usr/lib/obs-plugins/obs-x264.so
f = ... .ci.....: /usr/lib/obs-plugins/rtmp-services.so
f = ... .ci.....: /usr/lib/obs-plugins/sndio.so
f = ... .ci.....: /usr/lib/obs-plugins/text-freetype2.so
d = ... mc.. ...: /usr/lib/obs-scripting
f = ... .ci.....: /usr/lib/obs-scripting/_obspython.so
f = ... .ci.....: /usr/lib/obs-scripting/obslua.so
f = ... .ci.....: /usr/lib/obs-scripting/obspython.py
d = ... mc.. ...: /usr/lib/pkgconfig
f = ... .ci.....: /usr/lib/pkgconfig/libobs.pc

---------------------------------------------------
Detailed information about changes:
---------------------------------------------------

File: /etc/.updated
 Inode     : 9175715                          | 9175719

Socket: /etc/pacman.d/gnupg/S.gpg-agent
 Inode     : 9175960                          | 9175715

Socket: /etc/pacman.d/gnupg/S.gpg-agent.browser
 Inode     : 9176218                          | 9176216

Socket: /etc/pacman.d/gnupg/S.gpg-agent.extra
 Inode     : 9176216                          | 9175960

Socket: /etc/pacman.d/gnupg/S.gpg-agent.ssh
 Inode     : 9176303                          | 9176218

File: /etc/sysctl.d/99-sysctl.conf
 Inode     : 9175719                          | 9176262

File: /etc/usbguard/rules.conf
 Inode     : 9176232                          | 9176352

Directory: /root
 Mtime     : 2022-02-04 06:52:49 +0200        | 2022-02-04 07:50:30 +0200
 Ctime     : 2022-02-04 06:52:49 +0200        | 2022-02-04 07:50:30 +0200

Directory: /root/.cache/vim/backup
 Mtime     : 2022-02-04 06:52:49 +0200        | 2022-02-04 07:50:30 +0200
 Ctime     : 2022-02-04 06:52:49 +0200        | 2022-02-04 07:50:30 +0200

Directory: /root/.cache/vim/swap
 Mtime     : 2022-02-04 06:52:49 +0200        | 2022-02-04 07:50:30 +0200
 Ctime     : 2022-02-04 06:52:49 +0200        | 2022-02-04 07:50:30 +0200

File: /root/.viminfo
 Size      : 23881                            | 22245
 Mtime     : 2022-02-04 06:52:49 +0200        | 2022-02-04 07:50:30 +0200
 Ctime     : 2022-02-04 06:52:49 +0200        | 2022-02-04 07:50:30 +0200
 Inode     : 29498535                         | 29498536
 MD5       : BSIjCoFPWjEtOvHx7sZUBw==         | gvj3M2aeh9wAdRSDcjpYiw==
 SHA256    : 7O9NnXCGTw+LmTPZvb2C/93srcaNuCCP | 2+CBAbFRn4XAVH+HRg4fUIB4Y1b2eJCM
             gtDEagIBhhg=                     | jeU0QVKOVMg=
 RMD160    : nBbl6oFKn+EGtAYNrgJT5NTkr6E=     | Pz5HHCFt3soRlOUaFcgMt/FS2pE=

Directory: /usr
 Mtime     : 2022-02-04 06:48:52 +0200        | 2022-02-04 06:57:57 +0200
 Ctime     : 2022-02-04 06:48:52 +0200        | 2022-02-04 06:57:57 +0200

Directory: /usr/bin
 Mtime     : 2022-02-04 06:48:52 +0200        | 2022-02-04 06:57:57 +0200
 Ctime     : 2022-02-04 06:48:52 +0200        | 2022-02-04 06:57:57 +0200

File: /usr/bin/obs
 Ctime     : 2022-02-04 06:43:59 +0200        | 2022-02-04 06:57:57 +0200
 Inode     : 15482990                         | 15466705

File: /usr/bin/obs-ffmpeg-mux
 Ctime     : 2022-02-04 06:43:59 +0200        | 2022-02-04 06:57:57 +0200
 Inode     : 15482991                         | 15467614

Directory: /usr/include/obs
 Mtime     : 2022-02-04 06:43:59 +0200        | 2022-02-04 06:57:57 +0200
 Ctime     : 2022-02-04 06:43:59 +0200        | 2022-02-04 06:57:57 +0200

Directory: /usr/include/obs/audio-monitoring/pulse
 Mtime     : 2022-02-04 06:43:59 +0200        | 2022-02-04 06:57:57 +0200
 Ctime     : 2022-02-04 06:43:59 +0200        | 2022-02-04 06:57:57 +0200

File: /usr/include/obs/audio-monitoring/pulse/pulseaudio-wrapper.h
 Ctime     : 2022-02-04 06:43:59 +0200        | 2022-02-04 06:57:57 +0200
 Inode     : 15735601                         | 15728857

Directory: /usr/include/obs/callback
 Mtime     : 2022-02-04 06:43:59 +0200        | 2022-02-04 06:57:57 +0200
 Ctime     : 2022-02-04 06:43:59 +0200        | 2022-02-04 06:57:57 +0200

File: /usr/include/obs/callback/calldata.h
 Ctime     : 2022-02-04 06:43:59 +0200        | 2022-02-04 06:57:57 +0200
 Inode     : 15735603                         | 15728877

File: /usr/include/obs/callback/decl.h
 Ctime     : 2022-02-04 06:43:59 +0200        | 2022-02-04 06:57:57 +0200
 Inode     : 15735604                         | 15734935

File: /usr/include/obs/callback/proc.h
 Ctime     : 2022-02-04 06:43:59 +0200        | 2022-02-04 06:57:57 +0200
 Inode     : 15735605                         | 15735601

File: /usr/include/obs/callback/signal.h
 Ctime     : 2022-02-04 06:43:59 +0200        | 2022-02-04 06:57:57 +0200
 Inode     : 15735606                         | 15735603

Directory: /usr/include/obs/graphics
 Mtime     : 2022-02-04 06:43:59 +0200        | 2022-02-04 06:57:57 +0200
 Ctime     : 2022-02-04 06:43:59 +0200        | 2022-02-04 06:57:57 +0200

File: /usr/include/obs/graphics/axisang.h
 Ctime     : 2022-02-04 06:43:59 +0200        | 2022-02-04 06:57:57 +0200
 Inode     : 15735608                         | 15735604

File: /usr/include/obs/graphics/bounds.h
 Ctime     : 2022-02-04 06:43:59 +0200        | 2022-02-04 06:57:57 +0200
 Inode     : 15735609                         | 15735605

File: /usr/include/obs/graphics/device-exports.h
 Ctime     : 2022-02-04 06:43:59 +0200        | 2022-02-04 06:57:57 +0200
 Inode     : 15735610                         | 15735606

File: /usr/include/obs/graphics/effect-parser.h
 Ctime     : 2022-02-04 06:43:59 +0200        | 2022-02-04 06:57:57 +0200
 Inode     : 15735611                         | 15735608

File: /usr/include/obs/graphics/effect.h
 Ctime     : 2022-02-04 06:43:59 +0200        | 2022-02-04 06:57:57 +0200
 Inode     : 15735613                         | 15735609

File: /usr/include/obs/graphics/graphics-internal.h
 Ctime     : 2022-02-04 06:43:59 +0200        | 2022-02-04 06:57:57 +0200
 Inode     : 15735614                         | 15735610

File: /usr/include/obs/graphics/graphics.h
 Ctime     : 2022-02-04 06:43:59 +0200        | 2022-02-04 06:57:57 +0200
 Inode     : 15735616                         | 15735611

File: /usr/include/obs/graphics/half.h
 Ctime     : 2022-02-04 06:43:59 +0200        | 2022-02-04 06:57:57 +0200
 Inode     : 15735617                         | 15735613

File: /usr/include/obs/graphics/image-file.h
 Ctime     : 2022-02-04 06:43:59 +0200        | 2022-02-04 06:57:57 +0200
 Inode     : 15735618                         | 15735614

File: /usr/include/obs/graphics/input.h
 Ctime     : 2022-02-04 06:43:59 +0200        | 2022-02-04 06:57:57 +0200
 Inode     : 15735619                         | 15735616

Directory: /usr/include/obs/graphics/libnsgif
 Mtime     : 2022-02-04 06:43:59 +0200        | 2022-02-04 06:57:57 +0200
 Ctime     : 2022-02-04 06:43:59 +0200        | 2022-02-04 06:57:57 +0200

File: /usr/include/obs/graphics/libnsgif/libnsgif.h
 Ctime     : 2022-02-04 06:43:59 +0200        | 2022-02-04 06:57:57 +0200
 Inode     : 15735621                         | 15735617

File: /usr/include/obs/graphics/math-defs.h
 Ctime     : 2022-02-04 06:43:59 +0200        | 2022-02-04 06:57:57 +0200
 Inode     : 15735622                         | 15735618

File: /usr/include/obs/graphics/math-extra.h
 Ctime     : 2022-02-04 06:43:59 +0200        | 2022-02-04 06:57:57 +0200
 Inode     : 15735623                         | 15735619

File: /usr/include/obs/graphics/matrix3.h
 Ctime     : 2022-02-04 06:43:59 +0200        | 2022-02-04 06:57:57 +0200
 Inode     : 15735624                         | 15735621

File: /usr/include/obs/graphics/matrix4.h
 Ctime     : 2022-02-04 06:43:59 +0200        | 2022-02-04 06:57:57 +0200
 Inode     : 15735625                         | 15735622

File: /usr/include/obs/graphics/plane.h
 Ctime     : 2022-02-04 06:43:59 +0200        | 2022-02-04 06:57:57 +0200
 Inode     : 15735626                         | 15735623

File: /usr/include/obs/graphics/quat.h
 Ctime     : 2022-02-04 06:43:59 +0200        | 2022-02-04 06:57:57 +0200
 Inode     : 15735627                         | 15735624

File: /usr/include/obs/graphics/shader-parser.h
 Ctime     : 2022-02-04 06:43:59 +0200        | 2022-02-04 06:57:57 +0200
 Inode     : 15735628                         | 15735625

File: /usr/include/obs/graphics/srgb.h
 Ctime     : 2022-02-04 06:43:59 +0200        | 2022-02-04 06:57:57 +0200
 Inode     : 15735629                         | 15735626

File: /usr/include/obs/graphics/vec2.h
 Ctime     : 2022-02-04 06:43:59 +0200        | 2022-02-04 06:57:57 +0200
 Inode     : 15735632                         | 15735627

File: /usr/include/obs/graphics/vec3.h
 Ctime     : 2022-02-04 06:43:59 +0200        | 2022-02-04 06:57:57 +0200
 Inode     : 15735633                         | 15735628

File: /usr/include/obs/graphics/vec4.h
 Ctime     : 2022-02-04 06:43:59 +0200        | 2022-02-04 06:57:57 +0200
 Inode     : 15735634                         | 15735629

Directory: /usr/include/obs/media-io
 Mtime     : 2022-02-04 06:43:59 +0200        | 2022-02-04 06:57:57 +0200
 Ctime     : 2022-02-04 06:43:59 +0200        | 2022-02-04 06:57:57 +0200

File: /usr/include/obs/media-io/audio-io.h
 Ctime     : 2022-02-04 06:43:59 +0200        | 2022-02-04 06:57:57 +0200
 Inode     : 15735636                         | 15735632

File: /usr/include/obs/media-io/audio-math.h
 Ctime     : 2022-02-04 06:43:59 +0200        | 2022-02-04 06:57:57 +0200
 Inode     : 15735637                         | 15735633

File: /usr/include/obs/media-io/audio-resampler.h
 Ctime     : 2022-02-04 06:43:59 +0200        | 2022-02-04 06:57:57 +0200
 Inode     : 15735638                         | 15735634

File: /usr/include/obs/media-io/format-conversion.h
 Ctime     : 2022-02-04 06:43:59 +0200        | 2022-02-04 06:57:57 +0200
 Inode     : 15735639                         | 15735636

File: /usr/include/obs/media-io/frame-rate.h
 Ctime     : 2022-02-04 06:43:59 +0200        | 2022-02-04 06:57:57 +0200
 Inode     : 15735640                         | 15735637

File: /usr/include/obs/media-io/media-io-defs.h
 Ctime     : 2022-02-04 06:43:59 +0200        | 2022-02-04 06:57:57 +0200
 Inode     : 15735641                         | 15735638

File: /usr/include/obs/media-io/media-remux.h
 Ctime     : 2022-02-04 06:43:59 +0200        | 2022-02-04 06:57:57 +0200
 Inode     : 15735642                         | 15735639

File: /usr/include/obs/media-io/video-frame.h
 Ctime     : 2022-02-04 06:43:59 +0200        | 2022-02-04 06:57:57 +0200
 Inode     : 15735643                         | 15735640

File: /usr/include/obs/media-io/video-io.h
 Ctime     : 2022-02-04 06:43:59 +0200        | 2022-02-04 06:57:57 +0200
 Inode     : 15735644                         | 15735641

File: /usr/include/obs/media-io/video-scaler.h
 Ctime     : 2022-02-04 06:43:59 +0200        | 2022-02-04 06:57:57 +0200
 Inode     : 15735645                         | 15735642

File: /usr/include/obs/obs-audio-controls.h
 Ctime     : 2022-02-04 06:43:59 +0200        | 2022-02-04 06:57:57 +0200
 Inode     : 15735646                         | 15735643

File: /usr/include/obs/obs-avc.h
 Ctime     : 2022-02-04 06:43:59 +0200        | 2022-02-04 06:57:57 +0200
 Inode     : 15735647                         | 15735644

File: /usr/include/obs/obs-config.h
 Ctime     : 2022-02-04 06:43:59 +0200        | 2022-02-04 06:57:57 +0200
 Inode     : 15735648                         | 15735645

File: /usr/include/obs/obs-data.h
 Ctime     : 2022-02-04 06:43:59 +0200        | 2022-02-04 06:57:57 +0200
 Inode     : 15735649                         | 15735646

File: /usr/include/obs/obs-defs.h
 Ctime     : 2022-02-04 06:43:59 +0200        | 2022-02-04 06:57:57 +0200
 Inode     : 15735651                         | 15735647

File: /usr/include/obs/obs-encoder.h
 Ctime     : 2022-02-04 06:43:59 +0200        | 2022-02-04 06:57:57 +0200
 Inode     : 15735652                         | 15735648

File: /usr/include/obs/obs-ffmpeg-compat.h
 Ctime     : 2022-02-04 06:43:59 +0200        | 2022-02-04 06:57:57 +0200
 Inode     : 15735653                         | 15735649

File: /usr/include/obs/obs-frontend-api.h
 Ctime     : 2022-02-04 06:43:59 +0200        | 2022-02-04 06:57:57 +0200
 Inode     : 15735654                         | 15735651

File: /usr/include/obs/obs-hotkey.h
 Ctime     : 2022-02-04 06:43:59 +0200        | 2022-02-04 06:57:57 +0200
 Inode     : 15735655                         | 15735652

File: /usr/include/obs/obs-hotkeys.h
 Ctime     : 2022-02-04 06:43:59 +0200        | 2022-02-04 06:57:57 +0200
 Inode     : 15735656                         | 15735653

File: /usr/include/obs/obs-interaction.h
 Ctime     : 2022-02-04 06:43:59 +0200        | 2022-02-04 06:57:57 +0200
 Inode     : 15735658                         | 15735654

File: /usr/include/obs/obs-internal.h
 Ctime     : 2022-02-04 06:43:59 +0200        | 2022-02-04 06:57:57 +0200
 Inode     : 15735659                         | 15735655

File: /usr/include/obs/obs-missing-files.h
 Ctime     : 2022-02-04 06:43:59 +0200        | 2022-02-04 06:57:57 +0200
 Inode     : 15735660                         | 15735656

File: /usr/include/obs/obs-module.h
 Ctime     : 2022-02-04 06:43:59 +0200        | 2022-02-04 06:57:57 +0200
 Inode     : 15735662                         | 15735658

File: /usr/include/obs/obs-nix-platform.h
 Ctime     : 2022-02-04 06:43:59 +0200        | 2022-02-04 06:57:57 +0200
 Inode     : 15735664                         | 15735659

File: /usr/include/obs/obs-output.h
 Ctime     : 2022-02-04 06:43:59 +0200        | 2022-02-04 06:57:57 +0200
 Inode     : 15735665                         | 15735660

File: /usr/include/obs/obs-properties.h
 Ctime     : 2022-02-04 06:43:59 +0200        | 2022-02-04 06:57:57 +0200
 Inode     : 15735666                         | 15735662

File: /usr/include/obs/obs-scene.h
 Ctime     : 2022-02-04 06:43:59 +0200        | 2022-02-04 06:57:57 +0200
 Inode     : 15735667                         | 15735664

File: /usr/include/obs/obs-service.h
 Ctime     : 2022-02-04 06:43:59 +0200        | 2022-02-04 06:57:57 +0200
 Inode     : 15735668                         | 15735665

File: /usr/include/obs/obs-source.h
 Ctime     : 2022-02-04 06:43:59 +0200        | 2022-02-04 06:57:57 +0200
 Inode     : 15735669                         | 15735666

File: /usr/include/obs/obs-ui.h
 Ctime     : 2022-02-04 06:43:59 +0200        | 2022-02-04 06:57:57 +0200
 Inode     : 15735670                         | 15735667

File: /usr/include/obs/obs.h
 Ctime     : 2022-02-04 06:43:59 +0200        | 2022-02-04 06:57:57 +0200
 Inode     : 15735671                         | 15735668

File: /usr/include/obs/obs.hpp
 Ctime     : 2022-02-04 06:43:59 +0200        | 2022-02-04 06:57:57 +0200
 Inode     : 15735672                         | 15735669

File: /usr/include/obs/obsconfig.h
 Ctime     : 2022-02-04 06:43:59 +0200        | 2022-02-04 06:57:57 +0200
 Inode     : 15735673                         | 15735670

Directory: /usr/include/obs/util
 Mtime     : 2022-02-04 06:43:59 +0200        | 2022-02-04 06:57:57 +0200
 Ctime     : 2022-02-04 06:43:59 +0200        | 2022-02-04 06:57:57 +0200

File: /usr/include/obs/util/array-serializer.h
 Ctime     : 2022-02-04 06:43:59 +0200        | 2022-02-04 06:57:57 +0200
 Inode     : 15735675                         | 15735671

File: /usr/include/obs/util/base.h
 Ctime     : 2022-02-04 06:43:59 +0200        | 2022-02-04 06:57:57 +0200
 Inode     : 15735676                         | 15735672

File: /usr/include/obs/util/bitstream.h
 Ctime     : 2022-02-04 06:43:59 +0200        | 2022-02-04 06:57:57 +0200
 Inode     : 15735678                         | 15735673

File: /usr/include/obs/util/bmem.h
 Ctime     : 2022-02-04 06:43:59 +0200        | 2022-02-04 06:57:57 +0200
 Inode     : 15735679                         | 15735675

File: /usr/include/obs/util/c99defs.h
 Ctime     : 2022-02-04 06:43:59 +0200        | 2022-02-04 06:57:57 +0200
 Inode     : 15735680                         | 15735676

File: /usr/include/obs/util/cf-lexer.h
 Ctime     : 2022-02-04 06:43:59 +0200        | 2022-02-04 06:57:57 +0200
 Inode     : 15735682                         | 15735678

File: /usr/include/obs/util/cf-parser.h
 Ctime     : 2022-02-04 06:43:59 +0200        | 2022-02-04 06:57:57 +0200
 Inode     : 15735683                         | 15735679

File: /usr/include/obs/util/circlebuf.h
 Ctime     : 2022-02-04 06:43:59 +0200        | 2022-02-04 06:57:57 +0200
 Inode     : 15735685                         | 15735680

File: /usr/include/obs/util/config-file.h
 Ctime     : 2022-02-04 06:43:59 +0200        | 2022-02-04 06:57:57 +0200
 Inode     : 15735687                         | 15735682

File: /usr/include/obs/util/crc32.h
 Ctime     : 2022-02-04 06:43:59 +0200        | 2022-02-04 06:57:57 +0200
 Inode     : 15735689                         | 15735683

Directory: /usr/include/obs/util/curl
 Mtime     : 2022-02-04 06:43:59 +0200        | 2022-02-04 06:57:57 +0200
 Ctime     : 2022-02-04 06:43:59 +0200        | 2022-02-04 06:57:57 +0200

File: /usr/include/obs/util/curl/curl-helper.h
 Ctime     : 2022-02-04 06:43:59 +0200        | 2022-02-04 06:57:57 +0200
 Inode     : 15735691                         | 15735685

File: /usr/include/obs/util/darray.h
 Ctime     : 2022-02-04 06:43:59 +0200        | 2022-02-04 06:57:57 +0200
 Inode     : 15735692                         | 15735687

File: /usr/include/obs/util/dstr.h
 Ctime     : 2022-02-04 06:43:59 +0200        | 2022-02-04 06:57:57 +0200
 Inode     : 15735693                         | 15735689

File: /usr/include/obs/util/file-serializer.h
 Ctime     : 2022-02-04 06:43:59 +0200        | 2022-02-04 06:57:57 +0200
 Inode     : 15735694                         | 15735691

File: /usr/include/obs/util/lexer.h
 Ctime     : 2022-02-04 06:43:59 +0200        | 2022-02-04 06:57:57 +0200
 Inode     : 15735695                         | 15735692

File: /usr/include/obs/util/pipe.h
 Ctime     : 2022-02-04 06:43:59 +0200        | 2022-02-04 06:57:57 +0200
 Inode     : 15735696                         | 15735693

File: /usr/include/obs/util/platform.h
 Ctime     : 2022-02-04 06:43:59 +0200        | 2022-02-04 06:57:57 +0200
 Inode     : 15735697                         | 15735694

File: /usr/include/obs/util/profiler.h
 Ctime     : 2022-02-04 06:43:59 +0200        | 2022-02-04 06:57:57 +0200
 Inode     : 15735699                         | 15735695

File: /usr/include/obs/util/profiler.hpp
 Ctime     : 2022-02-04 06:43:59 +0200        | 2022-02-04 06:57:57 +0200
 Inode     : 15735700                         | 15735696

File: /usr/include/obs/util/serializer.h
 Ctime     : 2022-02-04 06:43:59 +0200        | 2022-02-04 06:57:57 +0200
 Inode     : 15735701                         | 15735697

Directory: /usr/include/obs/util/simde
 Mtime     : 2022-02-04 06:43:59 +0200        | 2022-02-04 06:57:57 +0200
 Ctime     : 2022-02-04 06:43:59 +0200        | 2022-02-04 06:57:57 +0200

File: /usr/include/obs/util/simde/check.h
 Ctime     : 2022-02-04 06:43:59 +0200        | 2022-02-04 06:57:57 +0200
 Inode     : 15735703                         | 15735699

File: /usr/include/obs/util/simde/debug-trap.h
 Ctime     : 2022-02-04 06:43:59 +0200        | 2022-02-04 06:57:57 +0200
 Inode     : 15735704                         | 15735700

File: /usr/include/obs/util/simde/hedley.h
 Ctime     : 2022-02-04 06:43:59 +0200        | 2022-02-04 06:57:57 +0200
 Inode     : 15735705                         | 15735701

File: /usr/include/obs/util/simde/simde-align.h
 Ctime     : 2022-02-04 06:43:59 +0200        | 2022-02-04 06:57:57 +0200
 Inode     : 15735707                         | 15735703

File: /usr/include/obs/util/simde/simde-arch.h
 Ctime     : 2022-02-04 06:43:59 +0200        | 2022-02-04 06:57:57 +0200
 Inode     : 15735709                         | 15735704

File: /usr/include/obs/util/simde/simde-common.h
 Ctime     : 2022-02-04 06:43:59 +0200        | 2022-02-04 06:57:57 +0200
 Inode     : 15735711                         | 15735705

File: /usr/include/obs/util/simde/simde-constify.h
 Ctime     : 2022-02-04 06:43:59 +0200        | 2022-02-04 06:57:57 +0200
 Inode     : 15735712                         | 15735707

File: /usr/include/obs/util/simde/simde-detect-clang.h
 Ctime     : 2022-02-04 06:43:59 +0200        | 2022-02-04 06:57:57 +0200
 Inode     : 15735713                         | 15735709

File: /usr/include/obs/util/simde/simde-diagnostic.h
 Ctime     : 2022-02-04 06:43:59 +0200        | 2022-02-04 06:57:57 +0200
 Inode     : 15735714                         | 15735711

File: /usr/include/obs/util/simde/simde-features.h
 Ctime     : 2022-02-04 06:43:59 +0200        | 2022-02-04 06:57:57 +0200
 Inode     : 15735715                         | 15735712

File: /usr/include/obs/util/simde/simde-math.h
 Ctime     : 2022-02-04 06:43:59 +0200        | 2022-02-04 06:57:57 +0200
 Inode     : 15735717                         | 15735713

Directory: /usr/include/obs/util/simde/x86
 Mtime     : 2022-02-04 06:43:59 +0200        | 2022-02-04 06:57:57 +0200
 Ctime     : 2022-02-04 06:43:59 +0200        | 2022-02-04 06:57:57 +0200

File: /usr/include/obs/util/simde/x86/mmx.h
 Ctime     : 2022-02-04 06:43:59 +0200        | 2022-02-04 06:57:57 +0200
 Inode     : 15735720                         | 15735714

File: /usr/include/obs/util/simde/x86/sse.h
 Ctime     : 2022-02-04 06:43:59 +0200        | 2022-02-04 06:57:57 +0200
 Inode     : 15735721                         | 15735715

File: /usr/include/obs/util/simde/x86/sse2.h
 Ctime     : 2022-02-04 06:43:59 +0200        | 2022-02-04 06:57:57 +0200
 Inode     : 15735722                         | 15735717

File: /usr/include/obs/util/sse-intrin.h
 Ctime     : 2022-02-04 06:43:59 +0200        | 2022-02-04 06:57:57 +0200
 Inode     : 15735723                         | 15735720

File: /usr/include/obs/util/text-lookup.h
 Ctime     : 2022-02-04 06:43:59 +0200        | 2022-02-04 06:57:57 +0200
 Inode     : 15735725                         | 15735721

File: /usr/include/obs/util/threading-posix.h
 Ctime     : 2022-02-04 06:43:59 +0200        | 2022-02-04 06:57:57 +0200
 Inode     : 15735726                         | 15735722

File: /usr/include/obs/util/threading.h
 Ctime     : 2022-02-04 06:43:59 +0200        | 2022-02-04 06:57:57 +0200
 Inode     : 15735727                         | 15735723

File: /usr/include/obs/util/utf8.h
 Ctime     : 2022-02-04 06:43:59 +0200        | 2022-02-04 06:57:57 +0200
 Inode     : 15735728                         | 15735725

File: /usr/include/obs/util/util.hpp
 Ctime     : 2022-02-04 06:43:59 +0200        | 2022-02-04 06:57:57 +0200
 Inode     : 15735729                         | 15735726

File: /usr/include/obs/util/util_uint128.h
 Ctime     : 2022-02-04 06:43:59 +0200        | 2022-02-04 06:57:57 +0200
 Inode     : 15735730                         | 15735727

File: /usr/include/obs/util/util_uint64.h
 Ctime     : 2022-02-04 06:43:59 +0200        | 2022-02-04 06:57:57 +0200
 Inode     : 15735731                         | 15735728

Directory: /usr/lib
 Mtime     : 2022-02-04 06:44:19 +0200        | 2022-02-04 06:57:57 +0200
 Ctime     : 2022-02-04 06:44:19 +0200        | 2022-02-04 06:57:57 +0200

Directory: /usr/lib/cmake/LibObs
 Mtime     : 2022-02-04 06:43:59 +0200        | 2022-02-04 06:57:57 +0200
 Ctime     : 2022-02-04 06:43:59 +0200        | 2022-02-04 06:57:57 +0200

File: /usr/lib/cmake/LibObs/LibObsConfig.cmake
 Ctime     : 2022-02-04 06:43:59 +0200        | 2022-02-04 06:57:57 +0200
 Inode     : 15868771                         | 15865354

File: /usr/lib/cmake/LibObs/LibObsConfigVersion.cmake
 Ctime     : 2022-02-04 06:43:59 +0200        | 2022-02-04 06:57:57 +0200
 Inode     : 15869208                         | 15866167

File: /usr/lib/cmake/LibObs/LibObsTarget-relwithdebinfo.cmake
 Ctime     : 2022-02-04 06:43:59 +0200        | 2022-02-04 06:57:57 +0200
 Inode     : 15869214                         | 15866174

File: /usr/lib/cmake/LibObs/LibObsTarget.cmake
 Ctime     : 2022-02-04 06:43:59 +0200        | 2022-02-04 06:57:57 +0200
 Inode     : 15870154                         | 15866176

Link: /usr/lib/libobs-frontend-api.so
 Ctime     : 2022-02-04 06:43:59 +0200        | 2022-02-04 06:57:57 +0200
 Inode     : 15482992                         | 15467676

Link: /usr/lib/libobs-frontend-api.so.0
 Ctime     : 2022-02-04 06:43:59 +0200        | 2022-02-04 06:57:57 +0200
 Inode     : 15482993                         | 15469216

File: /usr/lib/libobs-frontend-api.so.0.0
 Ctime     : 2022-02-04 06:43:59 +0200        | 2022-02-04 06:57:57 +0200
 Inode     : 15482994                         | 15469682

Link: /usr/lib/libobs-opengl.so
 Ctime     : 2022-02-04 06:43:59 +0200        | 2022-02-04 06:57:57 +0200
 Inode     : 15482995                         | 15473324

Link: /usr/lib/libobs-opengl.so.0
 Ctime     : 2022-02-04 06:43:59 +0200        | 2022-02-04 06:57:57 +0200
 Inode     : 15482996                         | 15473377

File: /usr/lib/libobs-opengl.so.0.0
 Ctime     : 2022-02-04 06:43:59 +0200        | 2022-02-04 06:57:57 +0200
 Inode     : 15482997                         | 15473413

File: /usr/lib/libobs-scripting.so
 Ctime     : 2022-02-04 06:43:59 +0200        | 2022-02-04 06:57:57 +0200
 Inode     : 15482998                         | 15475830

Link: /usr/lib/libobs.so
 Ctime     : 2022-02-04 06:43:59 +0200        | 2022-02-04 06:57:57 +0200
 Inode     : 15482999                         | 15476395

File: /usr/lib/libobs.so.0
 Ctime     : 2022-02-04 06:43:59 +0200        | 2022-02-04 06:57:57 +0200
 Inode     : 15483000                         | 15477107

Link: /usr/lib/libobsglad.so
 Ctime     : 2022-02-04 06:43:59 +0200        | 2022-02-04 06:57:57 +0200
 Inode     : 15483001                         | 15477613

File: /usr/lib/libobsglad.so.0
 Ctime     : 2022-02-04 06:43:59 +0200        | 2022-02-04 06:57:57 +0200
 Inode     : 15483002                         | 15477620

Directory: /usr/lib/obs-plugins
 Mtime     : 2022-02-04 06:43:59 +0200        | 2022-02-04 06:57:57 +0200
 Ctime     : 2022-02-04 06:43:59 +0200        | 2022-02-04 06:57:57 +0200

File: /usr/lib/obs-plugins/decklink-captions.so
 Ctime     : 2022-02-04 06:43:59 +0200        | 2022-02-04 06:57:57 +0200
 Inode     : 15735733                         | 15735729

File: /usr/lib/obs-plugins/decklink-ouput-ui.so
 Ctime     : 2022-02-04 06:43:59 +0200        | 2022-02-04 06:57:57 +0200
 Inode     : 15735734                         | 15735730

File: /usr/lib/obs-plugins/frontend-tools.so
 Ctime     : 2022-02-04 06:43:59 +0200        | 2022-02-04 06:57:57 +0200
 Inode     : 15735735                         | 15735731

File: /usr/lib/obs-plugins/image-source.so
 Ctime     : 2022-02-04 06:43:59 +0200        | 2022-02-04 06:57:57 +0200
 Inode     : 15735736                         | 15735733

File: /usr/lib/obs-plugins/linux-alsa.so
 Ctime     : 2022-02-04 06:43:59 +0200        | 2022-02-04 06:57:57 +0200
 Inode     : 15735737                         | 15735734

File: /usr/lib/obs-plugins/linux-capture.so
 Ctime     : 2022-02-04 06:43:59 +0200        | 2022-02-04 06:57:57 +0200
 Inode     : 15735738                         | 15735735

File: /usr/lib/obs-plugins/linux-decklink.so
 Ctime     : 2022-02-04 06:43:59 +0200        | 2022-02-04 06:57:57 +0200
 Inode     : 15735739                         | 15735736

File: /usr/lib/obs-plugins/linux-jack.so
 Ctime     : 2022-02-04 06:43:59 +0200        | 2022-02-04 06:57:57 +0200
 Inode     : 15735740                         | 15735737

File: /usr/lib/obs-plugins/linux-pulseaudio.so
 Ctime     : 2022-02-04 06:43:59 +0200        | 2022-02-04 06:57:57 +0200
 Inode     : 15735741                         | 15735738

File: /usr/lib/obs-plugins/linux-v4l2.so
 Ctime     : 2022-02-04 06:43:59 +0200        | 2022-02-04 06:57:57 +0200
 Inode     : 15735743                         | 15735739

File: /usr/lib/obs-plugins/obs-ffmpeg.so
 Ctime     : 2022-02-04 06:43:59 +0200        | 2022-02-04 06:57:57 +0200
 Inode     : 15735744                         | 15735740

File: /usr/lib/obs-plugins/obs-filters.so
 Ctime     : 2022-02-04 06:43:59 +0200        | 2022-02-04 06:57:57 +0200
 Inode     : 15735745                         | 15735741

File: /usr/lib/obs-plugins/obs-libfdk.so
 Ctime     : 2022-02-04 06:43:59 +0200        | 2022-02-04 06:57:57 +0200
 Inode     : 15735746                         | 15735743

File: /usr/lib/obs-plugins/obs-outputs.so
 Ctime     : 2022-02-04 06:43:59 +0200        | 2022-02-04 06:57:57 +0200
 Inode     : 15735747                         | 15735744

File: /usr/lib/obs-plugins/obs-transitions.so
 Ctime     : 2022-02-04 06:43:59 +0200        | 2022-02-04 06:57:57 +0200
 Inode     : 15735748                         | 15735745

File: /usr/lib/obs-plugins/obs-x264.so
 Ctime     : 2022-02-04 06:43:59 +0200        | 2022-02-04 06:57:57 +0200
 Inode     : 15735749                         | 15735746

File: /usr/lib/obs-plugins/rtmp-services.so
 Ctime     : 2022-02-04 06:43:59 +0200        | 2022-02-04 06:57:57 +0200
 Inode     : 15735750                         | 15735747

File: /usr/lib/obs-plugins/sndio.so
 Ctime     : 2022-02-04 06:43:59 +0200        | 2022-02-04 06:57:57 +0200
 Inode     : 15735752                         | 15735748

File: /usr/lib/obs-plugins/text-freetype2.so
 Ctime     : 2022-02-04 06:43:59 +0200        | 2022-02-04 06:57:57 +0200
 Inode     : 15735753                         | 15735749

Directory: /usr/lib/obs-scripting
 Mtime     : 2022-02-04 06:43:59 +0200        | 2022-02-04 06:57:57 +0200
 Ctime     : 2022-02-04 06:43:59 +0200        | 2022-02-04 06:57:57 +0200

File: /usr/lib/obs-scripting/_obspython.so
 Ctime     : 2022-02-04 06:43:59 +0200        | 2022-02-04 06:57:57 +0200
 Inode     : 15735755                         | 15735750

File: /usr/lib/obs-scripting/obslua.so
 Ctime     : 2022-02-04 06:43:59 +0200        | 2022-02-04 06:57:57 +0200
 Inode     : 15735756                         | 15735752

File: /usr/lib/obs-scripting/obspython.py
 Ctime     : 2022-02-04 06:43:59 +0200        | 2022-02-04 06:57:57 +0200
 Inode     : 15735757                         | 15735753

Directory: /usr/lib/pkgconfig
 Mtime     : 2022-02-04 06:44:19 +0200        | 2022-02-04 06:57:57 +0200
 Ctime     : 2022-02-04 06:44:19 +0200        | 2022-02-04 06:57:57 +0200

File: /usr/lib/pkgconfig/libobs.pc
 Ctime     : 2022-02-04 06:43:59 +0200        | 2022-02-04 06:57:57 +0200
 Inode     : 15870550                         | 15866183


---------------------------------------------------
The attributes of the (uncompressed) database(s):
---------------------------------------------------

/var/lib/aide/aide.db.gz
 MD5       : a/DUhQfkdbxvb7Jsffl/UQ==
 SHA1      : s9k23/XFS5d5w/HHEg1Vo9MfnZA=
 SHA256    : ElUkR7LdLLUUMVbHJ0rorEaUWVmWSjkA
             w4FGkJioc0M=
 SHA512    : uc+g+lS4GQ1r91uNPjT1meSOijCUkIRX
             V6gh/1SaMyeIegqC8AcJSVqNxUIRmnwc
             THApYrIjtfvONZDqbzb5QQ==
 RMD160    : e50MEXFKA0JReiVGxKBsqXoRo+Q=
 TIGER     : gDcNXv3tpKretJGTew7sTAW1E4RShchs
 CRC32     : oyPybg==
 CRC32B    : IZWnHg==
 HAVAL     : 8VrainELpFlDv4M4jJtafUW1weyRQzVB
             /Ewq10yJ89Q=
 WHIRLPOOL : 3RK4QhBFrdNLl2Wy/beiO60Lk55Y/ZjE
             bflEB6y8GYKLMDC2qTb50Xf9apie9AEO
             cOGhqw43Su5dMImAopJYzQ==
 GOST      : ATPPko+H57vnswckwizi6qd52LqqkVH8
             oOi/Vhm8sU8=

/var/lib/aide/aide.db.new.gz
 MD5       : rX/SLDeo6rORKSJJ7THb5Q==
 SHA1      : 8gRQt7G+kTbUuhNv8NO84Z3QoZ4=
 SHA256    : B1ZCqpV8Qap14jWPwuwRYHoTWuBekzid
             nQvFh8Lhqmw=
 SHA512    : e7G0mBH/YXKXrArwM1Vtv33ym/yzcGMf
             TYxH97gFf35Olg2LEqQybyg5Jvl9mwQJ
             TwflmGJFQo05ujuDhzDjYw==
 RMD160    : QZpVzF9aBxnZZuBZU2x4Rq1DjHo=
 TIGER     : s0ucGw4IaXeLEss+ztFqwyRanzJvDfN4
 CRC32     : aKC6dA==
 CRC32B    : vjsu1w==
 HAVAL     : c5ixXmDQq5SBvAvvH6a1u+yNiZPJHGy1
             KGlkgsiXruU=
 WHIRLPOOL : lEQMXmEjQkhKSLP52fyT1VBUqv2JbXX4
             TnxRzabFg+luZk80EGXF61DrPlxh+CF1
             qcF2orlscZmYDsW61EkkIQ==
 GOST      : 1oIsRZrJA/tuPNAtRY8R8Hc25EmIgPup
             DyqT7Bef3O0=


End timestamp: 2022-02-04 08:09:00 +0200 (run time: 14m 16s)
