(etherape:2575): GLib-GIO-DEBUG: 18:10:50.275: _g_io_module_get_default: Found default implementation local (GLocalVfs) for ‘gio-vfs’
(etherape:2575): GLib-GIO-DEBUG: 18:10:50.352: Using cross-namespace EXTERNAL authentication (this will deadlock if server is GDBus < 2.73.3)
EtherApe-INFO: 18:10:50.412: sctp protocol not supported
EtherApe-INFO: 18:10:50.412: dccp protocol not supported
EtherApe-INFO: 18:10:50.412: sctp protocol not supported
EtherApe-INFO: 18:10:50.412: sctp protocol not supported
EtherApe-INFO: 18:10:50.412: sctp protocol not supported
EtherApe-INFO: 18:10:50.412: sctp protocol not supported
EtherApe-INFO: 18:10:50.412: sctp protocol not supported
EtherApe-INFO: 18:10:50.413: sctp protocol not supported
EtherApe-INFO: 18:10:50.413: sctp protocol not supported
EtherApe-INFO: 18:10:50.413: dccp protocol not supported
EtherApe-INFO: 18:10:50.413: sctp protocol not supported
EtherApe-INFO: 18:10:50.413: dccp protocol not supported
EtherApe-INFO: 18:10:50.413: dccp protocol not supported
EtherApe-INFO: 18:10:50.413: sctp protocol not supported
EtherApe-INFO: 18:10:50.414: sctp protocol not supported
EtherApe-INFO: 18:10:50.414: sctp protocol not supported
EtherApe-INFO: 18:10:50.414: sctp protocol not supported
EtherApe-INFO: 18:10:50.415: sctp protocol not supported
EtherApe-INFO: 18:10:50.416: sctp protocol not supported
EtherApe-INFO: 18:10:50.416: sctp protocol not supported
EtherApe-INFO: 18:10:50.416: sctp protocol not supported
EtherApe-INFO: 18:10:50.416: sctp protocol not supported
EtherApe-INFO: 18:10:50.416: sctp protocol not supported
EtherApe-INFO: 18:10:50.416: sctp protocol not supported
EtherApe-INFO: 18:10:50.417: sctp protocol not supported
EtherApe-INFO: 18:10:50.417: sctp protocol not supported
EtherApe-INFO: 18:10:50.417: sctp protocol not supported
EtherApe-INFO: 18:10:50.417: sctp protocol not supported
EtherApe-INFO: 18:10:50.417: dccp protocol not supported
EtherApe-INFO: 18:10:50.417: sctp protocol not supported
EtherApe-INFO: 18:10:50.417: sctp protocol not supported
EtherApe-INFO: 18:10:50.417: dccp protocol not supported
EtherApe-INFO: 18:10:50.418: sctp protocol not supported
EtherApe-INFO: 18:10:50.418: sctp protocol not supported
EtherApe-INFO: 18:10:50.418: sctp protocol not supported
EtherApe-INFO: 18:10:50.418: dccp protocol not supported
EtherApe-INFO: 18:10:50.418: dccp protocol not supported
EtherApe-INFO: 18:10:50.418: sctp protocol not supported
EtherApe-INFO: 18:10:50.418: sctp protocol not supported
EtherApe-INFO: 18:10:50.418: sctp protocol not supported
EtherApe-INFO: 18:10:50.418: sctp protocol not supported
EtherApe-INFO: 18:10:50.418: sctp protocol not supported
EtherApe-INFO: 18:10:50.418: sctp protocol not supported
EtherApe-INFO: 18:10:50.418: sctp protocol not supported
EtherApe-INFO: 18:10:50.418: sctp protocol not supported
EtherApe-INFO: 18:10:50.418: sctp protocol not supported
EtherApe-INFO: 18:10:50.418: sctp protocol not supported
EtherApe-INFO: 18:10:50.418: sctp protocol not supported
EtherApe-INFO: 18:10:50.419: sctp protocol not supported
EtherApe-INFO: 18:10:50.419: sctp protocol not supported
EtherApe-INFO: 18:10:50.419: sctp protocol not supported
EtherApe-INFO: 18:10:50.419: sctp protocol not supported
EtherApe-INFO: 18:10:50.419: sctp protocol not supported
EtherApe-INFO: 18:10:50.419: sctp protocol not supported
EtherApe-INFO: 18:10:50.419: sctp protocol not supported
EtherApe-INFO: 18:10:50.419: sctp protocol not supported
EtherApe-INFO: 18:10:50.419: sctp protocol not supported
EtherApe-INFO: 18:10:50.419: dccp protocol not supported
EtherApe-INFO: 18:10:50.419: sctp protocol not supported
EtherApe-INFO: 18:10:50.419: sctp protocol not supported
EtherApe-INFO: 18:10:50.419: sctp protocol not supported
EtherApe-INFO: 18:10:50.419: sctp protocol not supported
EtherApe-INFO: 18:10:50.419: sctp protocol not supported
EtherApe-INFO: 18:10:50.419: sctp protocol not supported
EtherApe-INFO: 18:10:50.419: sctp protocol not supported
EtherApe-INFO: 18:10:50.420: sctp protocol not supported
EtherApe-INFO: 18:10:50.420: sctp protocol not supported
EtherApe-INFO: 18:10:50.420: sctp protocol not supported
EtherApe-INFO: 18:10:50.420: sctp protocol not supported
EtherApe-INFO: 18:10:50.420: sctp protocol not supported
EtherApe-INFO: 18:10:50.420: sctp protocol not supported
EtherApe-INFO: 18:10:50.420: sctp protocol not supported
EtherApe-INFO: 18:10:50.420: sctp protocol not supported
EtherApe-INFO: 18:10:50.420: sctp protocol not supported
EtherApe-INFO: 18:10:50.420: sctp protocol not supported
EtherApe-INFO: 18:10:50.420: sctp protocol not supported
EtherApe-INFO: 18:10:50.420: sctp protocol not supported
EtherApe-INFO: 18:10:50.421: sctp protocol not supported
EtherApe-INFO: 18:10:50.421: sctp protocol not supported
EtherApe-INFO: 18:10:50.421: sctp protocol not supported
EtherApe-INFO: 18:10:50.421: sctp protocol not supported
EtherApe-INFO: 18:10:50.421: sctp protocol not supported
EtherApe-INFO: 18:10:50.421: sctp protocol not supported
EtherApe-INFO: 18:10:50.421: sctp protocol not supported
EtherApe-INFO: 18:10:50.421: sctp protocol not supported
EtherApe-INFO: 18:10:50.421: sctp protocol not supported
EtherApe-INFO: 18:10:50.421: sctp protocol not supported
EtherApe-INFO: 18:10:50.421: sctp protocol not supported
EtherApe-INFO: 18:10:50.421: sctp protocol not supported
EtherApe-INFO: 18:10:50.421: sctp protocol not supported
EtherApe-INFO: 18:10:50.421: sctp protocol not supported
EtherApe-INFO: 18:10:50.421: sctp protocol not supported
EtherApe-INFO: 18:10:50.421: sctp protocol not supported
EtherApe-INFO: 18:10:50.421: sctp protocol not supported
EtherApe-INFO: 18:10:50.430: get_interface result: ''
EtherApe-INFO: 18:10:50.430: Available interfaces for capture: dbus-session dbus-system nfqueue nflog bluetooth-monitor bluetooth0 lo any wlp2s0
EtherApe-INFO: 18:10:50.431: Link type is LINUX_SLL
EtherApe-INFO: 18:10:50.431: Diagram started
EtherApe-INFO: 18:10:50.945: New node: IP: 13.32.121.12. Number of nodes 1
EtherApe-INFO: 18:10:50.945: New node: IP: 192.168.1.250. Number of nodes 2
EtherApe-INFO: 18:10:51.713: New node: IP: 149.154.167.216. Number of nodes 3
EtherApe-INFO: 18:10:51.713: New node: IP: 149.154.167.41. Number of nodes 4
EtherApe-INFO: 18:10:52.224: New node: IP: 8.8.8.8. Number of nodes 5
EtherApe-INFO: 18:10:52.481: New node: IP: 142.250.203.138. Number of nodes 6
EtherApe-INFO: 18:10:53.249: New node: IP: 34.107.221.82. Number of nodes 7
EtherApe-INFO: 18:10:53.762: New node: IP: 142.250.186.195. Number of nodes 8
EtherApe-INFO: 18:10:53.762: New node: IP: 104.18.20.226. Number of nodes 9
EtherApe-INFO: 18:10:54.273: New node: IP: 13.32.121.101. Number of nodes 10
EtherApe-INFO: 18:10:56.834: New node: IP: 1.1.1.1. Number of nodes 11
EtherApe-INFO: 18:10:56.834: New node: IP: 62.140.236.171. Number of nodes 12
EtherApe-INFO: 18:10:57.344: New node: IP: 93.184.220.29. Number of nodes 13
EtherApe-INFO: 18:10:57.345: New node: IP: 54.148.165.50. Number of nodes 14
EtherApe-INFO: 18:10:57.345: New node: IP: 54.185.157.183. Number of nodes 15
EtherApe-INFO: 18:10:58.882: New node: IP: 172.64.155.188. Number of nodes 16
EtherApe-INFO: 18:10:58.882: New node: IP: 52.29.113.188. Number of nodes 17
EtherApe-INFO: 18:10:59.904: New node: IP: 18.66.121.98. Number of nodes 18
EtherApe-INFO: 18:10:59.905: New node: IP: 18.66.121.29. Number of nodes 19
EtherApe-INFO: 18:11:00.161: New node: IP: 149.154.167.50. Number of nodes 20
EtherApe-INFO: 18:11:03.745: New node: IP: 54.92.224.85. Number of nodes 21
EtherApe-INFO: 18:11:22.176: New node: IP: 185.199.111.154. Number of nodes 22
EtherApe-INFO: 18:11:23.200: New node: IP: 34.160.144.191. Number of nodes 23
EtherApe-INFO: 18:11:25.249: New node: IP: 216.58.209.14. Number of nodes 24
EtherApe-INFO: 18:11:25.249: New node: IP: 34.120.208.123. Number of nodes 25
EtherApe-INFO: 18:11:25.249: New node: IP: 172.64.205.4. Number of nodes 26
EtherApe-INFO: 18:11:25.249: New node: IP: 34.102.187.140. Number of nodes 27
EtherApe-INFO: 18:11:26.272: New node: IP: 99.86.246.151. Number of nodes 28
EtherApe-INFO: 18:11:26.273: New node: IP: 104.18.13.33. Number of nodes 29
EtherApe-INFO: 18:11:27.297: New node: IP: 104.16.99.56. Number of nodes 30
EtherApe-INFO: 18:11:28.321: New node: IP: 216.58.215.100. Number of nodes 31
EtherApe-INFO: 18:11:29.857: New node: IP: 140.82.114.25. Number of nodes 32
EtherApe-INFO: 18:11:30.113: New node: IP: 104.17.50.74. Number of nodes 33
EtherApe-INFO: 18:11:30.113: New node: IP: 140.82.121.4. Number of nodes 34
EtherApe-INFO: 18:11:30.113: New node: IP: 35.186.227.140. Number of nodes 35
EtherApe-INFO: 18:11:31.137: New node: IP: 216.58.215.110. Number of nodes 36
EtherApe-INFO: 18:11:31.137: New node: IP: 54.88.90.53. Number of nodes 37
EtherApe-INFO: 18:11:31.137: New node: IP: 142.250.186.202. Number of nodes 38
EtherApe-INFO: 18:11:32.161: New node: IP: 216.58.208.202. Number of nodes 39
EtherApe-INFO: 18:11:32.161: New node: IP: 142.250.203.206. Number of nodes 40
EtherApe-INFO: 18:11:32.161: New node: IP: 18.66.18.150. Number of nodes 41
EtherApe-INFO: 18:11:32.161: New node: IP: 172.217.16.42. Number of nodes 42
EtherApe-INFO: 18:11:33.185: New node: IP: 99.86.240.15. Number of nodes 43
EtherApe-INFO: 18:11:39.073: New node: IP: 147.75.198.156. Number of nodes 44
EtherApe-INFO: 18:11:39.073: New node: IP: 13.32.103.36. Number of nodes 45
EtherApe-INFO: 18:11:44.960: New node: IP: 142.250.203.133. Number of nodes 46
EtherApe-INFO: 18:11:44.961: New node: IP: 104.16.249.249. Number of nodes 47
EtherApe-INFO: 18:11:53.153: New node: IP: 51.254.208.135. Number of nodes 48
EtherApe-INFO: 18:12:01.345: New node: IP: 140.82.121.5. Number of nodes 49
EtherApe-INFO: 18:12:07.490: New node: IP: 104.16.85.20. Number of nodes 50
EtherApe-INFO: 18:12:46.401: New node: IP: 91.198.174.192. Number of nodes 51
EtherApe-INFO: 18:12:50.754: New node: IP: 34.218.214.159. Number of nodes 52
EtherApe-INFO: 18:12:56.940: delete node: IP: 1.1.1.1. Number of nodes 51
EtherApe-INFO: 18:12:58.201: delete node: IP: 149.154.167.216. Number of nodes 50
EtherApe-INFO: 18:13:02.017: New node: IP: 208.68.240.115. Number of nodes 51
EtherApe-INFO: 18:13:02.273: New node: IP: 87.245.216.107. Number of nodes 52
EtherApe-INFO: 18:13:07.651: New node: IP: 35.185.44.232. Number of nodes 53
EtherApe-INFO: 18:13:27.940: delete node: IP: 54.148.165.50. Number of nodes 52
EtherApe-INFO: 18:13:28.465: delete node: IP: 54.185.157.183. Number of nodes 51
EtherApe-INFO: 18:13:29.201: delete node: IP: 52.29.113.188. Number of nodes 50
EtherApe-INFO: 18:13:53.543: delete node: IP: 51.254.208.135. Number of nodes 49
EtherApe-INFO: 18:13:55.111: delete node: IP: 147.75.198.156. Number of nodes 48
EtherApe-INFO: 18:14:01.409: New node: IP: 51.254.208.135. Number of nodes 49
EtherApe-INFO: 18:14:02.019: delete node: IP: 140.82.121.5. Number of nodes 48
EtherApe-INFO: 18:14:14.721: New node: IP: 149.154.167.216. Number of nodes 49
EtherApe-INFO: 18:14:24.227: delete node: IP: 172.64.155.188. Number of nodes 48
EtherApe-INFO: 18:14:24.746: delete node: IP: 18.66.121.29. Number of nodes 47
EtherApe-INFO: 18:14:25.989: delete node: IP: 18.66.121.98. Number of nodes 46
EtherApe-INFO: 18:14:29.923: delete node: IP: 34.107.221.82. Number of nodes 45
EtherApe-INFO: 18:14:29.923: delete node: IP: 13.32.121.101. Number of nodes 44
EtherApe-INFO: 18:14:33.754: delete node: IP: 62.140.236.171. Number of nodes 43
EtherApe-INFO: 18:14:42.112: New node: IP: 3.127.160.74. Number of nodes 44
EtherApe-INFO: 18:14:44.161: New node: IP: 3.122.47.55. Number of nodes 45
EtherApe-INFO: 18:14:51.584: New node: IP: 192.168.1.1. Number of nodes 46
EtherApe-INFO: 18:14:51.842: New node: IP: 95.216.195.133. Number of nodes 47
EtherApe-INFO: 18:15:09.265: delete node: IP: 208.68.240.115. Number of nodes 46
EtherApe-INFO: 18:15:14.969: delete node: IP: 35.185.44.232. Number of nodes 45
EtherApe-INFO: 18:15:15.488: delete node: IP: 34.160.144.191. Number of nodes 44
EtherApe-INFO: 18:15:17.250: delete node: IP: 172.64.205.4. Number of nodes 43
EtherApe-INFO: 18:15:17.250: delete node: IP: 34.120.208.123. Number of nodes 42
EtherApe-INFO: 18:15:17.250: delete node: IP: 34.102.187.140. Number of nodes 41
EtherApe-INFO: 18:15:18.495: delete node: IP: 104.18.13.33. Number of nodes 40
EtherApe-INFO: 18:15:18.495: delete node: IP: 99.86.246.151. Number of nodes 39
EtherApe-INFO: 18:15:19.325: delete node: IP: 104.16.99.56. Number of nodes 38
EtherApe-INFO: 18:15:21.293: delete node: IP: 216.58.215.100. Number of nodes 37
EtherApe-INFO: 18:15:21.293: delete node: IP: 216.58.209.14. Number of nodes 36
EtherApe-INFO: 18:15:22.122: delete node: IP: 140.82.121.4. Number of nodes 35
EtherApe-INFO: 18:15:22.122: delete node: IP: 104.17.50.74. Number of nodes 34
EtherApe-INFO: 18:15:24.404: delete node: IP: 216.58.215.110. Number of nodes 33
EtherApe-INFO: 18:15:24.404: delete node: IP: 216.58.208.202. Number of nodes 32
EtherApe-INFO: 18:15:24.404: delete node: IP: 172.217.16.42. Number of nodes 31
EtherApe-INFO: 18:15:24.404: delete node: IP: 142.250.203.206. Number of nodes 30
EtherApe-INFO: 18:15:24.404: delete node: IP: 142.250.186.202. Number of nodes 29
EtherApe-INFO: 18:15:24.404: delete node: IP: 54.88.90.53. Number of nodes 28
EtherApe-INFO: 18:15:24.404: delete node: IP: 18.66.18.150. Number of nodes 27
EtherApe-INFO: 18:15:25.440: delete node: IP: 99.86.240.15. Number of nodes 26
EtherApe-INFO: 18:15:26.913: New node: IP: 34.210.158.59. Number of nodes 27
EtherApe-INFO: 18:15:30.315: delete node: IP: 13.32.103.36. Number of nodes 26
EtherApe-INFO: 18:15:52.551: delete node: IP: 34.218.214.159. Number of nodes 25
EtherApe-INFO: 18:16:02.847: delete node: IP: 51.254.208.135. Number of nodes 24
EtherApe-INFO: 18:16:03.055: delete node: IP: 93.184.220.29. Number of nodes 23
EtherApe-INFO: 18:16:13.309: delete node: IP: 185.199.111.154. Number of nodes 22
EtherApe-INFO: 18:16:47.803: delete node: IP: 91.198.174.192. Number of nodes 21
EtherApe-INFO: 18:16:51.933: delete node: IP: 192.168.1.1. Number of nodes 20
EtherApe-INFO: 18:16:52.138: delete node: IP: 95.216.195.133. Number of nodes 19
EtherApe-INFO: 18:16:58.393: New node: IP: 149.154.167.92. Number of nodes 20
EtherApe-INFO: 18:16:58.434: delete node: IP: 104.16.85.20. Number of nodes 19
EtherApe-INFO: 18:16:58.434: delete node: IP: 87.245.216.107. Number of nodes 18
EtherApe-INFO: 18:17:03.095: delete node: IP: 104.18.20.226. Number of nodes 17
EtherApe-INFO: 18:17:06.840: New node: IP: 104.16.248.249. Number of nodes 18
EtherApe-INFO: 18:17:27.364: delete node: IP: 34.210.158.59. Number of nodes 17
EtherApe-INFO: 18:17:33.977: New node: IP: 172.217.16.3. Number of nodes 18
EtherApe-INFO: 18:17:52.437: delete node: IP: 35.186.227.140. Number of nodes 17
EtherApe-INFO: 18:18:05.733: delete node: IP: 142.250.186.195. Number of nodes 16
EtherApe-INFO: 18:18:09.306: New node: IP: 216.58.215.74. Number of nodes 17
EtherApe-INFO: 18:18:17.752: New node: IP: 51.254.208.135. Number of nodes 18
EtherApe-INFO: 18:18:43.353: New node: IP: 216.58.215.100. Number of nodes 19
EtherApe-INFO: 18:18:45.401: New node: IP: 35.167.130.158. Number of nodes 20
EtherApe-INFO: 18:18:51.545: New node: IP: 216.58.208.202. Number of nodes 21
EtherApe-INFO: 18:19:07.480: delete node: IP: 104.16.248.249. Number of nodes 20
EtherApe-INFO: 18:19:14.904: delete node: IP: 149.154.167.92. Number of nodes 19
EtherApe-INFO: 18:19:18.203: delete node: IP: 149.154.167.216. Number of nodes 18
EtherApe-INFO: 18:19:39.454: delete node: IP: 142.250.203.138. Number of nodes 17
EtherApe-INFO: 18:19:45.561: New node: IP: 35.155.169.38. Number of nodes 18
EtherApe-INFO: 18:19:46.329: New node: IP: 151.101.2.49. Number of nodes 19
EtherApe-INFO: 18:19:51.452: New node: IP: 149.154.167.216. Number of nodes 20
EtherApe-INFO: 18:19:51.727: New node: IP: 192.168.1.1. Number of nodes 21
EtherApe-INFO: 18:19:51.743: New node: IP: 95.216.195.133. Number of nodes 22
