(etherape:1868): GLib-GIO-DEBUG: 05:13:54.171: _g_io_module_get_default: Found default implementation local (GLocalVfs) for ‘gio-vfs’
(etherape:1868): GLib-GIO-DEBUG: 05:13:54.234: Using cross-namespace EXTERNAL authentication (this will deadlock if server is GDBus < 2.73.3)
EtherApe-INFO: 05:13:54.295: sctp protocol not supported
EtherApe-INFO: 05:13:54.295: dccp protocol not supported
EtherApe-INFO: 05:13:54.295: sctp protocol not supported
EtherApe-INFO: 05:13:54.295: sctp protocol not supported
EtherApe-INFO: 05:13:54.295: sctp protocol not supported
EtherApe-INFO: 05:13:54.295: sctp protocol not supported
EtherApe-INFO: 05:13:54.295: sctp protocol not supported
EtherApe-INFO: 05:13:54.295: sctp protocol not supported
EtherApe-INFO: 05:13:54.296: sctp protocol not supported
EtherApe-INFO: 05:13:54.296: dccp protocol not supported
EtherApe-INFO: 05:13:54.296: sctp protocol not supported
EtherApe-INFO: 05:13:54.296: dccp protocol not supported
EtherApe-INFO: 05:13:54.296: dccp protocol not supported
EtherApe-INFO: 05:13:54.296: sctp protocol not supported
EtherApe-INFO: 05:13:54.297: sctp protocol not supported
EtherApe-INFO: 05:13:54.297: sctp protocol not supported
EtherApe-INFO: 05:13:54.297: sctp protocol not supported
EtherApe-INFO: 05:13:54.297: sctp protocol not supported
EtherApe-INFO: 05:13:54.298: sctp protocol not supported
EtherApe-INFO: 05:13:54.298: sctp protocol not supported
EtherApe-INFO: 05:13:54.298: sctp protocol not supported
EtherApe-INFO: 05:13:54.298: sctp protocol not supported
EtherApe-INFO: 05:13:54.299: sctp protocol not supported
EtherApe-INFO: 05:13:54.299: sctp protocol not supported
EtherApe-INFO: 05:13:54.300: sctp protocol not supported
EtherApe-INFO: 05:13:54.300: sctp protocol not supported
EtherApe-INFO: 05:13:54.300: sctp protocol not supported
EtherApe-INFO: 05:13:54.300: sctp protocol not supported
EtherApe-INFO: 05:13:54.300: dccp protocol not supported
EtherApe-INFO: 05:13:54.300: sctp protocol not supported
EtherApe-INFO: 05:13:54.300: sctp protocol not supported
EtherApe-INFO: 05:13:54.300: dccp protocol not supported
EtherApe-INFO: 05:13:54.300: sctp protocol not supported
EtherApe-INFO: 05:13:54.300: sctp protocol not supported
EtherApe-INFO: 05:13:54.300: sctp protocol not supported
EtherApe-INFO: 05:13:54.300: dccp protocol not supported
EtherApe-INFO: 05:13:54.301: dccp protocol not supported
EtherApe-INFO: 05:13:54.301: sctp protocol not supported
EtherApe-INFO: 05:13:54.301: sctp protocol not supported
EtherApe-INFO: 05:13:54.301: sctp protocol not supported
EtherApe-INFO: 05:13:54.301: sctp protocol not supported
EtherApe-INFO: 05:13:54.301: sctp protocol not supported
EtherApe-INFO: 05:13:54.301: sctp protocol not supported
EtherApe-INFO: 05:13:54.301: sctp protocol not supported
EtherApe-INFO: 05:13:54.301: sctp protocol not supported
EtherApe-INFO: 05:13:54.301: sctp protocol not supported
EtherApe-INFO: 05:13:54.301: sctp protocol not supported
EtherApe-INFO: 05:13:54.301: sctp protocol not supported
EtherApe-INFO: 05:13:54.301: sctp protocol not supported
EtherApe-INFO: 05:13:54.301: sctp protocol not supported
EtherApe-INFO: 05:13:54.301: sctp protocol not supported
EtherApe-INFO: 05:13:54.301: sctp protocol not supported
EtherApe-INFO: 05:13:54.301: sctp protocol not supported
EtherApe-INFO: 05:13:54.301: sctp protocol not supported
EtherApe-INFO: 05:13:54.301: sctp protocol not supported
EtherApe-INFO: 05:13:54.301: sctp protocol not supported
EtherApe-INFO: 05:13:54.301: sctp protocol not supported
EtherApe-INFO: 05:13:54.302: dccp protocol not supported
EtherApe-INFO: 05:13:54.302: sctp protocol not supported
EtherApe-INFO: 05:13:54.302: sctp protocol not supported
EtherApe-INFO: 05:13:54.302: sctp protocol not supported
EtherApe-INFO: 05:13:54.302: sctp protocol not supported
EtherApe-INFO: 05:13:54.302: sctp protocol not supported
EtherApe-INFO: 05:13:54.302: sctp protocol not supported
EtherApe-INFO: 05:13:54.302: sctp protocol not supported
EtherApe-INFO: 05:13:54.302: sctp protocol not supported
EtherApe-INFO: 05:13:54.302: sctp protocol not supported
EtherApe-INFO: 05:13:54.302: sctp protocol not supported
EtherApe-INFO: 05:13:54.303: sctp protocol not supported
EtherApe-INFO: 05:13:54.303: sctp protocol not supported
EtherApe-INFO: 05:13:54.303: sctp protocol not supported
EtherApe-INFO: 05:13:54.303: sctp protocol not supported
EtherApe-INFO: 05:13:54.303: sctp protocol not supported
EtherApe-INFO: 05:13:54.303: sctp protocol not supported
EtherApe-INFO: 05:13:54.303: sctp protocol not supported
EtherApe-INFO: 05:13:54.303: sctp protocol not supported
EtherApe-INFO: 05:13:54.303: sctp protocol not supported
EtherApe-INFO: 05:13:54.303: sctp protocol not supported
EtherApe-INFO: 05:13:54.303: sctp protocol not supported
EtherApe-INFO: 05:13:54.303: sctp protocol not supported
EtherApe-INFO: 05:13:54.303: sctp protocol not supported
EtherApe-INFO: 05:13:54.303: sctp protocol not supported
EtherApe-INFO: 05:13:54.303: sctp protocol not supported
EtherApe-INFO: 05:13:54.303: sctp protocol not supported
EtherApe-INFO: 05:13:54.303: sctp protocol not supported
EtherApe-INFO: 05:13:54.303: sctp protocol not supported
EtherApe-INFO: 05:13:54.303: sctp protocol not supported
EtherApe-INFO: 05:13:54.303: sctp protocol not supported
EtherApe-INFO: 05:13:54.303: sctp protocol not supported
EtherApe-INFO: 05:13:54.304: sctp protocol not supported
EtherApe-INFO: 05:13:54.304: sctp protocol not supported
EtherApe-INFO: 05:13:54.304: sctp protocol not supported
EtherApe-INFO: 05:13:54.304: sctp protocol not supported
EtherApe-INFO: 05:13:54.304: sctp protocol not supported
EtherApe-INFO: 05:13:54.313: get_interface result: ''
EtherApe-INFO: 05:13:54.313: Available interfaces for capture: dbus-session dbus-system nfqueue nflog bluetooth-monitor bluetooth0 lo any wlp2s0
EtherApe-INFO: 05:13:54.314: Link type is LINUX_SLL
EtherApe-INFO: 05:13:54.314: Diagram started
EtherApe-INFO: 05:13:54.567: New node: IP: 8.8.8.8. Number of nodes 1
EtherApe-INFO: 05:13:54.567: New node: IP: 192.168.1.248. Number of nodes 2
EtherApe-INFO: 05:13:54.567: New node: IP: 143.244.34.62. Number of nodes 3
EtherApe-INFO: 05:13:54.824: New node: IP: 192.168.0.1. Number of nodes 4
EtherApe-INFO: 05:13:54.825: New node: IP: 192.168.1.1. Number of nodes 5
EtherApe-INFO: 05:13:55.339: New node: IP: 191.101.160.20. Number of nodes 6
EtherApe-INFO: 05:13:56.366: New node: IP: 52.89.20.60. Number of nodes 7
EtherApe-INFO: 05:14:00.455: New node: IP: 84.17.57.98. Number of nodes 8
EtherApe-INFO: 05:14:06.603: New node: IP: 89.187.191.12. Number of nodes 9
EtherApe-INFO: 05:14:10.201: New node: IP: 104.16.248.249. Number of nodes 10
EtherApe-INFO: 05:14:10.203: New node: IP: 104.16.249.249. Number of nodes 11
EtherApe-INFO: 05:14:10.458: New node: IP: 34.120.208.123. Number of nodes 12
EtherApe-INFO: 05:14:10.459: New node: IP: 34.160.144.191. Number of nodes 13
EtherApe-INFO: 05:14:10.459: New node: IP: 216.58.208.202. Number of nodes 14
EtherApe-INFO: 05:14:10.460: New node: IP: 52.222.214.105. Number of nodes 15
EtherApe-INFO: 05:14:10.461: New node: IP: 44.241.28.160. Number of nodes 16
EtherApe-INFO: 05:14:10.462: New node: IP: 35.164.184.131. Number of nodes 17
EtherApe-INFO: 05:14:10.463: New node: IP: 18.66.15.48. Number of nodes 18
EtherApe-INFO: 05:14:10.463: New node: IP: 52.40.161.235. Number of nodes 19
EtherApe-INFO: 05:14:10.464: New node: IP: 34.209.16.253. Number of nodes 20
EtherApe-INFO: 05:14:10.468: New node: IP: 104.17.50.74. Number of nodes 21
EtherApe-INFO: 05:14:10.470: New node: IP: 34.107.221.82. Number of nodes 22
EtherApe-INFO: 05:14:10.471: New node: IP: 142.250.186.195. Number of nodes 23
EtherApe-INFO: 05:14:10.472: New node: IP: 87.245.216.107. Number of nodes 24
EtherApe-INFO: 05:14:10.952: New node: IP: 142.250.203.142. Number of nodes 25
EtherApe-INFO: 05:14:11.982: New node: IP: 1.1.1.1. Number of nodes 26
EtherApe-INFO: 05:14:13.283: New node: IP: 93.184.220.29. Number of nodes 27
EtherApe-INFO: 05:14:16.585: New node: IP: 135.181.27.174. Number of nodes 28
EtherApe-INFO: 05:14:17.113: New node: IP: 3.2.8.2. Number of nodes 29
EtherApe-INFO: 05:14:17.120: New node: IP: 104.16.99.56. Number of nodes 30
EtherApe-INFO: 05:14:17.628: New node: IP: 145.40.87.75. Number of nodes 31
EtherApe-INFO: 05:14:23.768: New node: IP: 255.255.255.255. Number of nodes 32
EtherApe-INFO: 05:14:24.034: New node: IP: 147.75.48.159. Number of nodes 33
EtherApe-INFO: 05:14:30.665: New node: IP: 85.214.244.186. Number of nodes 34
EtherApe-INFO: 05:14:36.044: New node: IP: 104.21.7.11. Number of nodes 35
EtherApe-INFO: 05:14:41.416: New node: IP: 188.114.96.13. Number of nodes 36
EtherApe-INFO: 05:14:46.792: New node: IP: 108.61.5.83. Number of nodes 37
EtherApe-INFO: 05:14:52.436: New node: IP: 89.58.18.85. Number of nodes 38
EtherApe-INFO: 05:14:57.802: New node: IP: 161.97.171.39. Number of nodes 39
EtherApe-INFO: 05:15:02.931: New node: IP: 146.56.166.92. Number of nodes 40
EtherApe-INFO: 05:15:09.348: New node: IP: 79.124.67.90. Number of nodes 41
EtherApe-INFO: 05:15:15.212: New node: IP: 144.76.111.189. Number of nodes 42
EtherApe-INFO: 05:15:20.587: New node: IP: 192.234.79.198. Number of nodes 43
EtherApe-INFO: 05:15:21.873: New node: IP: 192.168.0.218. Number of nodes 44
EtherApe-INFO: 05:15:26.731: New node: IP: 62.210.124.230. Number of nodes 45
EtherApe-INFO: 05:15:32.360: New node: IP: 176.9.51.222. Number of nodes 46
EtherApe-INFO: 05:15:38.250: New node: IP: 104.25.94.5. Number of nodes 47
EtherApe-INFO: 05:15:43.631: New node: IP: 137.226.34.46. Number of nodes 48
EtherApe-INFO: 05:15:49.256: New node: IP: 23.92.211.58. Number of nodes 49
EtherApe-INFO: 05:15:55.400: New node: IP: 51.77.99.2. Number of nodes 50
EtherApe-INFO: 05:15:56.772: delete node: IP: 52.89.20.60. Number of nodes 49
EtherApe-INFO: 05:16:00.306: delete node: IP: 143.244.34.62. Number of nodes 48
EtherApe-INFO: 05:16:01.032: New node: IP: 45.220.57.85. Number of nodes 49
EtherApe-INFO: 05:16:03.335: New node: IP: 3.122.47.55. Number of nodes 50
EtherApe-INFO: 05:16:06.775: delete node: IP: 84.17.57.98. Number of nodes 49
EtherApe-INFO: 05:16:07.434: New node: IP: 92.63.142.155. Number of nodes 50
EtherApe-INFO: 05:16:09.487: New node: IP: 3.75.5.249. Number of nodes 51
EtherApe-INFO: 05:16:13.063: New node: IP: 45.142.100.34. Number of nodes 52
EtherApe-INFO: 05:16:14.214: delete node: IP: 52.40.161.235. Number of nodes 51
EtherApe-INFO: 05:16:17.447: delete node: IP: 89.187.191.12. Number of nodes 50
EtherApe-INFO: 05:16:18.951: New node: IP: 87.106.171.38. Number of nodes 51
EtherApe-INFO: 05:16:24.112: delete node: IP: 145.40.87.75. Number of nodes 50
EtherApe-INFO: 05:16:24.328: New node: IP: 23.88.6.31. Number of nodes 51
EtherApe-INFO: 05:16:24.427: delete node: IP: 35.164.184.131. Number of nodes 50
EtherApe-INFO: 05:16:26.976: delete node: IP: 216.58.208.202. Number of nodes 49
EtherApe-INFO: 05:16:29.456: New node: IP: 37.120.176.32. Number of nodes 50
EtherApe-INFO: 05:16:31.019: delete node: IP: 147.75.48.159. Number of nodes 49
EtherApe-INFO: 05:16:35.080: New node: IP: 78.46.85.216. Number of nodes 50
EtherApe-INFO: 05:16:35.928: delete node: IP: 85.214.244.186. Number of nodes 49
EtherApe-INFO: 05:16:40.711: New node: IP: 213.5.209.100. Number of nodes 50
EtherApe-INFO: 05:16:41.349: delete node: IP: 104.21.7.11. Number of nodes 49
EtherApe-INFO: 05:16:46.087: New node: IP: 76.8.18.91. Number of nodes 50
EtherApe-INFO: 05:16:46.885: delete node: IP: 188.114.96.13. Number of nodes 49
EtherApe-INFO: 05:16:51.980: New node: IP: 89.143.232.146. Number of nodes 50
EtherApe-INFO: 05:16:52.584: delete node: IP: 108.61.5.83. Number of nodes 49
EtherApe-INFO: 05:16:57.701: delete node: IP: 89.58.18.85. Number of nodes 48
EtherApe-INFO: 05:16:59.406: New node: IP: 195.230.127.9. Number of nodes 49
EtherApe-INFO: 05:17:03.063: delete node: IP: 161.97.171.39. Number of nodes 48
EtherApe-INFO: 05:17:05.033: New node: IP: 86.49.49.49. Number of nodes 49
EtherApe-INFO: 05:17:09.475: delete node: IP: 146.56.166.92. Number of nodes 48
EtherApe-INFO: 05:17:10.407: New node: IP: 131.188.12.211. Number of nodes 49
EtherApe-INFO: 05:17:14.044: delete node: IP: 44.241.28.160. Number of nodes 48
EtherApe-INFO: 05:17:14.573: delete node: IP: 34.209.16.253. Number of nodes 47
EtherApe-INFO: 05:17:14.783: delete node: IP: 79.124.67.90. Number of nodes 46
EtherApe-INFO: 05:17:15.532: New node: IP: 88.119.154.218. Number of nodes 47
EtherApe-INFO: 05:17:20.475: delete node: IP: 144.76.111.189. Number of nodes 46
EtherApe-INFO: 05:17:20.905: New node: IP: 147.32.127.196. Number of nodes 47
EtherApe-INFO: 05:17:21.949: delete node: IP: 135.181.27.174. Number of nodes 46
EtherApe-INFO: 05:17:22.471: delete node: IP: 192.168.0.218. Number of nodes 45
EtherApe-INFO: 05:17:26.536: New node: IP: 194.95.104.50. Number of nodes 46
EtherApe-INFO: 05:17:26.571: delete node: IP: 192.234.79.198. Number of nodes 45
EtherApe-INFO: 05:17:31.912: New node: IP: 185.190.82.139. Number of nodes 46
EtherApe-INFO: 05:17:32.170: delete node: IP: 62.210.124.230. Number of nodes 45
EtherApe-INFO: 05:17:37.887: delete node: IP: 176.9.51.222. Number of nodes 44
EtherApe-INFO: 05:17:38.062: New node: IP: 202.61.244.119. Number of nodes 45
EtherApe-INFO: 05:17:43.526: delete node: IP: 104.25.94.5. Number of nodes 44
EtherApe-INFO: 05:17:48.813: New node: IP: 103.217.120.204. Number of nodes 45
EtherApe-INFO: 05:17:49.136: delete node: IP: 137.226.34.46. Number of nodes 44
EtherApe-INFO: 05:17:55.030: delete node: IP: 23.92.211.58. Number of nodes 43
EtherApe-INFO: 05:17:58.543: New node: IP: 94.130.180.40. Number of nodes 44
EtherApe-INFO: 05:18:00.610: delete node: IP: 51.77.99.2. Number of nodes 43
EtherApe-INFO: 05:18:04.430: New node: IP: 83.233.116.93. Number of nodes 44
EtherApe-INFO: 05:18:05.987: delete node: IP: 142.250.186.195. Number of nodes 43
EtherApe-INFO: 05:18:05.987: delete node: IP: 87.245.216.107. Number of nodes 42
EtherApe-INFO: 05:18:05.987: delete node: IP: 34.107.221.82. Number of nodes 41
EtherApe-INFO: 05:18:07.365: delete node: IP: 45.220.57.85. Number of nodes 40
EtherApe-INFO: 05:18:09.035: delete node: IP: 93.184.220.29. Number of nodes 39
EtherApe-INFO: 05:18:09.035: delete node: IP: 52.222.214.105. Number of nodes 38
EtherApe-INFO: 05:18:10.324: New node: IP: 129.97.134.71. Number of nodes 39
EtherApe-INFO: 05:18:12.711: delete node: IP: 92.63.142.155. Number of nodes 38
EtherApe-INFO: 05:18:16.456: New node: IP: 95.216.195.133. Number of nodes 39
EtherApe-INFO: 05:18:17.490: New node: IP: 128.196.204.204. Number of nodes 40
EtherApe-INFO: 05:18:18.599: delete node: IP: 45.142.100.34. Number of nodes 39
EtherApe-INFO: 05:18:23.633: New node: IP: 195.30.84.166. Number of nodes 40
EtherApe-INFO: 05:18:24.174: delete node: IP: 87.106.171.38. Number of nodes 39
EtherApe-INFO: 05:18:29.262: New node: IP: 65.21.173.21. Number of nodes 40
EtherApe-INFO: 05:18:29.546: delete node: IP: 23.88.6.31. Number of nodes 39
EtherApe-INFO: 05:18:34.909: delete node: IP: 37.120.176.32. Number of nodes 38
EtherApe-INFO: 05:18:35.147: New node: IP: 141.219.188.21. Number of nodes 39
EtherApe-INFO: 05:18:40.344: delete node: IP: 78.46.85.216. Number of nodes 38
EtherApe-INFO: 05:18:42.312: New node: IP: 202.118.254.110. Number of nodes 39
EtherApe-INFO: 05:18:45.674: delete node: IP: 213.5.209.100. Number of nodes 38
EtherApe-INFO: 05:18:48.972: New node: IP: 152.70.69.236. Number of nodes 39
EtherApe-INFO: 05:18:52.163: delete node: IP: 76.8.18.91. Number of nodes 38
EtherApe-INFO: 05:18:55.376: New node: IP: 141.70.124.1. Number of nodes 39
EtherApe-INFO: 05:18:57.185: delete node: IP: 89.143.232.146. Number of nodes 38
EtherApe-INFO: 05:19:01.050: delete node: IP: 34.160.144.191. Number of nodes 37
EtherApe-INFO: 05:19:01.050: delete node: IP: 18.66.15.48. Number of nodes 36
EtherApe-INFO: 05:19:01.260: New node: IP: 194.71.11.163. Number of nodes 37
EtherApe-INFO: 05:19:03.890: delete node: IP: 34.120.208.123. Number of nodes 36
EtherApe-INFO: 05:19:04.931: delete node: IP: 195.230.127.9. Number of nodes 35
EtherApe-INFO: 05:19:04.931: delete node: IP: 104.17.50.74. Number of nodes 34
EtherApe-INFO: 05:19:05.992: delete node: IP: 142.250.203.142. Number of nodes 33
EtherApe-INFO: 05:19:06.889: New node: IP: 135.181.209.112. Number of nodes 34
EtherApe-INFO: 05:19:09.057: delete node: IP: 104.16.99.56. Number of nodes 33
EtherApe-INFO: 05:19:09.057: delete node: IP: 3.2.8.2. Number of nodes 32
EtherApe-INFO: 05:19:10.306: delete node: IP: 86.49.49.49. Number of nodes 31
EtherApe-INFO: 05:19:12.277: New node: IP: 172.67.208.156. Number of nodes 32
EtherApe-INFO: 05:19:13.302: New node: IP: 65.21.34.78. Number of nodes 33
EtherApe-INFO: 05:19:13.800: New node: IP: 52.40.161.235. Number of nodes 34
EtherApe-INFO: 05:19:15.683: delete node: IP: 131.188.12.211. Number of nodes 33
EtherApe-INFO: 05:19:20.740: delete node: IP: 88.119.154.218. Number of nodes 32
EtherApe-INFO: 05:19:23.794: New node: IP: 139.20.16.130. Number of nodes 33
EtherApe-INFO: 05:19:26.177: delete node: IP: 147.32.127.196. Number of nodes 32
EtherApe-INFO: 05:19:29.416: New node: IP: 37.247.57.95. Number of nodes 33
EtherApe-INFO: 05:19:31.841: delete node: IP: 194.95.104.50. Number of nodes 32
EtherApe-INFO: 05:19:34.794: New node: IP: 208.83.235.199. Number of nodes 33
EtherApe-INFO: 05:19:37.911: delete node: IP: 185.190.82.139. Number of nodes 32
EtherApe-INFO: 05:19:40.939: New node: IP: 163.172.221.58. Number of nodes 33
EtherApe-INFO: 05:19:43.547: delete node: IP: 202.61.244.119. Number of nodes 32
EtherApe-INFO: 05:19:46.567: New node: IP: 193.2.139.23. Number of nodes 33
EtherApe-INFO: 05:19:51.944: New node: IP: 74.205.112.120. Number of nodes 34
EtherApe-INFO: 05:19:58.343: New node: IP: 180.150.156.88. Number of nodes 35
EtherApe-INFO: 05:19:58.632: delete node: IP: 103.217.120.204. Number of nodes 34
EtherApe-INFO: 05:20:04.260: delete node: IP: 94.130.180.40. Number of nodes 33
EtherApe-INFO: 05:20:04.488: New node: IP: 72.4.120.219. Number of nodes 34
EtherApe-INFO: 05:20:09.947: delete node: IP: 83.233.116.93. Number of nodes 33
EtherApe-INFO: 05:20:10.631: New node: IP: 94.236.26.35. Number of nodes 34
EtherApe-INFO: 05:20:16.349: delete node: IP: 129.97.134.71. Number of nodes 33
EtherApe-INFO: 05:20:16.869: delete node: IP: 95.216.195.133. Number of nodes 32
EtherApe-INFO: 05:20:21.896: New node: IP: 166.78.229.131. Number of nodes 33
EtherApe-INFO: 05:20:23.276: delete node: IP: 128.196.204.204. Number of nodes 32
EtherApe-INFO: 05:20:28.039: New node: IP: 119.9.32.73. Number of nodes 33
EtherApe-INFO: 05:20:29.131: delete node: IP: 195.30.84.166. Number of nodes 32
EtherApe-INFO: 05:20:34.536: delete node: IP: 65.21.173.21. Number of nodes 31
EtherApe-INFO: 05:20:34.953: New node: IP: 157.131.224.201. Number of nodes 32
EtherApe-INFO: 05:20:40.890: delete node: IP: 141.219.188.21. Number of nodes 31
EtherApe-INFO: 05:20:41.608: New node: IP: 138.247.115.248. Number of nodes 32
EtherApe-INFO: 05:20:47.495: New node: IP: 5.252.226.107. Number of nodes 33
EtherApe-INFO: 05:20:48.825: delete node: IP: 202.118.254.110. Number of nodes 32
EtherApe-INFO: 05:20:52.871: New node: IP: 95.79.25.1. Number of nodes 33
EtherApe-INFO: 05:20:53.129: New node: IP: 62.133.35.14. Number of nodes 34
EtherApe-INFO: 05:20:55.221: delete node: IP: 152.70.69.236. Number of nodes 33
EtherApe-INFO: 05:20:59.271: New node: IP: 125.228.118.224. Number of nodes 34
EtherApe-INFO: 05:21:00.876: delete node: IP: 141.70.124.1. Number of nodes 33
EtherApe-INFO: 05:21:05.679: New node: IP: 107.202.239.97. Number of nodes 34
EtherApe-INFO: 05:21:06.716: delete node: IP: 194.71.11.163. Number of nodes 33
EtherApe-INFO: 05:21:12.162: delete node: IP: 135.181.209.112. Number of nodes 32
EtherApe-INFO: 05:21:12.585: New node: IP: 178.219.171.154. Number of nodes 33
EtherApe-INFO: 05:21:12.680: delete node: IP: 172.67.208.156. Number of nodes 32
EtherApe-INFO: 05:21:14.152: delete node: IP: 52.40.161.235. Number of nodes 31
EtherApe-INFO: 05:21:17.972: New node: IP: 149.202.73.10. Number of nodes 32
EtherApe-INFO: 05:21:18.771: delete node: IP: 65.21.34.78. Number of nodes 31
EtherApe-INFO: 05:21:23.340: New node: IP: 88.99.141.36. Number of nodes 32
EtherApe-INFO: 05:21:29.257: delete node: IP: 139.20.16.130. Number of nodes 31
EtherApe-INFO: 05:21:29.479: New node: IP: 129.21.171.72. Number of nodes 32
EtherApe-INFO: 05:21:34.689: delete node: IP: 37.247.57.95. Number of nodes 31
EtherApe-INFO: 05:21:35.624: New node: IP: 158.36.190.238. Number of nodes 32
EtherApe-INFO: 05:21:41.291: delete node: IP: 208.83.235.199. Number of nodes 31
EtherApe-INFO: 05:21:42.023: New node: IP: 43.240.66.200. Number of nodes 32
EtherApe-INFO: 05:21:46.201: delete node: IP: 163.172.221.58. Number of nodes 31
EtherApe-INFO: 05:21:48.181: New node: IP: 95.216.1.48. Number of nodes 32
EtherApe-INFO: 05:21:51.570: delete node: IP: 193.2.139.23. Number of nodes 31
EtherApe-INFO: 05:21:53.799: New node: IP: 185.37.252.138. Number of nodes 32
EtherApe-INFO: 05:21:57.142: New node: IP: 0.0.0.0. Number of nodes 33
EtherApe-INFO: 05:21:57.972: delete node: IP: 74.205.112.120. Number of nodes 32
EtherApe-INFO: 05:21:59.946: New node: IP: 169.229.200.70. Number of nodes 33
EtherApe-INFO: 05:22:04.371: delete node: IP: 180.150.156.88. Number of nodes 32
EtherApe-INFO: 05:22:05.837: New node: IP: 194.8.57.42. Number of nodes 33
EtherApe-INFO: 05:22:11.463: New node: IP: 5.79.108.33. Number of nodes 34
EtherApe-INFO: 05:22:16.106: delete node: IP: 94.236.26.35. Number of nodes 33
EtherApe-INFO: 05:22:16.839: New node: IP: 37.58.58.140. Number of nodes 34
EtherApe-INFO: 05:22:21.770: delete node: IP: 72.4.120.219. Number of nodes 33
EtherApe-INFO: 05:22:22.216: New node: IP: 23.82.143.211. Number of nodes 34
EtherApe-INFO: 05:22:27.627: delete node: IP: 166.78.229.131. Number of nodes 33
EtherApe-INFO: 05:22:28.369: New node: IP: 209.58.135.187. Number of nodes 34
EtherApe-INFO: 05:22:34.532: delete node: IP: 119.9.32.73. Number of nodes 33
EtherApe-INFO: 05:22:35.273: New node: IP: 175.195.238.189. Number of nodes 34
EtherApe-INFO: 05:22:41.019: delete node: IP: 157.131.224.201. Number of nodes 33
EtherApe-INFO: 05:22:41.675: New node: IP: 195.201.107.125. Number of nodes 34
EtherApe-INFO: 05:22:47.303: New node: IP: 45.125.0.6. Number of nodes 35
EtherApe-INFO: 05:22:47.600: delete node: IP: 138.247.115.248. Number of nodes 34
EtherApe-INFO: 05:22:52.711: delete node: IP: 5.252.226.107. Number of nodes 33
EtherApe-INFO: 05:22:53.232: delete node: IP: 95.79.25.1. Number of nodes 32
EtherApe-INFO: 05:22:53.961: New node: IP: 159.89.84.244. Number of nodes 33
EtherApe-INFO: 05:22:58.355: delete node: IP: 62.133.35.14. Number of nodes 32
EtherApe-INFO: 05:22:59.848: New node: IP: 103.56.39.228. Number of nodes 33
EtherApe-INFO: 05:23:05.993: New node: IP: 193.35.52.69. Number of nodes 34
EtherApe-INFO: 05:23:06.014: delete node: IP: 125.228.118.224. Number of nodes 33
EtherApe-INFO: 05:23:11.380: New node: IP: 66.175.222.212. Number of nodes 34
EtherApe-INFO: 05:23:12.212: delete node: IP: 107.202.239.97. Number of nodes 33
EtherApe-INFO: 05:23:15.986: New node: IP: 95.216.195.133. Number of nodes 34
EtherApe-INFO: 05:23:17.256: New node: IP: 95.217.163.246. Number of nodes 35
EtherApe-INFO: 05:23:18.089: delete node: IP: 178.219.171.154. Number of nodes 34
EtherApe-INFO: 05:23:23.913: delete node: IP: 149.202.73.10. Number of nodes 33
EtherApe-INFO: 05:23:29.620: delete node: IP: 88.99.141.36. Number of nodes 32
EtherApe-INFO: 05:23:36.458: delete node: IP: 129.21.171.72. Number of nodes 31
EtherApe-INFO: 05:23:42.669: delete node: IP: 158.36.190.238. Number of nodes 30
EtherApe-INFO: 05:23:48.567: delete node: IP: 43.240.66.200. Number of nodes 29
EtherApe-INFO: 05:23:54.671: delete node: IP: 95.216.1.48. Number of nodes 28
EtherApe-INFO: 05:23:57.773: delete node: IP: 0.0.0.0. Number of nodes 27
EtherApe-INFO: 05:24:00.048: delete node: IP: 185.37.252.138. Number of nodes 26
EtherApe-INFO: 05:24:06.154: delete node: IP: 169.229.200.70. Number of nodes 25
EtherApe-INFO: 05:24:12.042: delete node: IP: 194.8.57.42. Number of nodes 24
EtherApe-INFO: 05:24:13.832: New node: IP: 52.40.161.235. Number of nodes 25
EtherApe-INFO: 05:24:18.441: delete node: IP: 5.79.108.33. Number of nodes 24
EtherApe-INFO: 05:24:23.904: delete node: IP: 37.58.58.140. Number of nodes 23
EtherApe-INFO: 05:24:30.812: delete node: IP: 23.82.143.211. Number of nodes 22
EtherApe-INFO: 05:24:36.685: delete node: IP: 209.58.135.187. Number of nodes 21
EtherApe-INFO: 05:24:42.764: delete node: IP: 175.195.238.189. Number of nodes 20
EtherApe-INFO: 05:24:48.432: delete node: IP: 195.201.107.125. Number of nodes 19
EtherApe-INFO: 05:24:54.821: delete node: IP: 45.125.0.6. Number of nodes 18
EtherApe-INFO: 05:24:59.664: delete node: IP: 159.89.84.244. Number of nodes 17
EtherApe-INFO: 05:25:06.364: delete node: IP: 103.56.39.228. Number of nodes 16
EtherApe-INFO: 05:25:11.518: delete node: IP: 193.35.52.69. Number of nodes 15
EtherApe-INFO: 05:25:11.725: delete node: IP: 8.8.8.8. Number of nodes 14
EtherApe-INFO: 05:25:18.426: delete node: IP: 95.217.163.246. Number of nodes 13
EtherApe-INFO: 05:25:18.426: delete node: IP: 95.216.195.133. Number of nodes 12
EtherApe-INFO: 05:25:18.426: delete node: IP: 66.175.222.212. Number of nodes 11
EtherApe-INFO: 05:26:04.168: New node: IP: 8.8.8.8. Number of nodes 12
EtherApe-INFO: 05:26:14.741: delete node: IP: 52.40.161.235. Number of nodes 11
EtherApe-INFO: 05:28:05.308: delete node: IP: 8.8.8.8. Number of nodes 10
EtherApe-INFO: 05:28:15.499: New node: IP: 95.216.195.133. Number of nodes 11
EtherApe-INFO: 05:29:14.634: New node: IP: 52.40.161.235. Number of nodes 12
EtherApe-INFO: 05:30:14.365: delete node: IP: 1.1.1.1. Number of nodes 11
EtherApe-INFO: 05:30:16.936: delete node: IP: 95.216.195.133. Number of nodes 10
EtherApe-INFO: 05:30:42.184: New node: IP: 0.0.0.0. Number of nodes 11
EtherApe-INFO: 05:31:02.922: New node: IP: 1.1.1.1. Number of nodes 12
EtherApe-INFO: 05:31:15.039: delete node: IP: 52.40.161.235. Number of nodes 11
EtherApe-INFO: 05:32:42.294: delete node: IP: 0.0.0.0. Number of nodes 10
EtherApe-INFO: 05:33:15.286: New node: IP: 95.216.195.133. Number of nodes 11
EtherApe-INFO: 05:34:14.919: New node: IP: 52.40.161.235. Number of nodes 12
EtherApe-INFO: 05:35:06.670: delete node: IP: 1.1.1.1. Number of nodes 11
EtherApe-INFO: 05:35:15.628: delete node: IP: 95.216.195.133. Number of nodes 10
EtherApe-INFO: 05:36:13.192: New node: IP: 1.1.1.1. Number of nodes 11
EtherApe-INFO: 05:36:14.984: delete node: IP: 52.40.161.235. Number of nodes 10
EtherApe-INFO: 05:38:14.045: delete node: IP: 1.1.1.1. Number of nodes 9
EtherApe-INFO: 05:38:15.309: New node: IP: 95.216.195.133. Number of nodes 10
EtherApe-INFO: 05:39:15.208: New node: IP: 52.40.161.235. Number of nodes 11
EtherApe-INFO: 05:39:27.241: New node: IP: 0.0.0.0. Number of nodes 12
EtherApe-INFO: 05:40:15.660: delete node: IP: 95.216.195.133. Number of nodes 11
EtherApe-INFO: 05:41:15.567: delete node: IP: 52.40.161.235. Number of nodes 10
EtherApe-INFO: 05:41:27.396: delete node: IP: 0.0.0.0. Number of nodes 9
EtherApe-INFO: 05:41:35.503: New node: IP: 1.1.1.1. Number of nodes 10
EtherApe-INFO: 05:43:15.336: New node: IP: 95.216.195.133. Number of nodes 11
EtherApe-INFO: 05:44:13.960: New node: IP: 52.40.161.235. Number of nodes 12
EtherApe-INFO: 05:44:31.375: delete node: IP: 104.16.248.249. Number of nodes 11
EtherApe-INFO: 05:44:33.236: delete node: IP: 104.16.249.249. Number of nodes 10
EtherApe-INFO: 05:45:15.436: delete node: IP: 95.216.195.133. Number of nodes 9
EtherApe-INFO: 05:46:15.642: delete node: IP: 52.40.161.235. Number of nodes 8
EtherApe-INFO: 05:46:24.030: delete node: IP: 1.1.1.1. Number of nodes 7
EtherApe-INFO: 05:46:43.464: New node: IP: 1.1.1.1. Number of nodes 8
EtherApe-INFO: 05:48:12.295: New node: IP: 0.0.0.0. Number of nodes 9
EtherApe-INFO: 05:48:15.368: New node: IP: 95.216.195.133. Number of nodes 10
EtherApe-INFO: 05:48:57.700: delete node: IP: 1.1.1.1. Number of nodes 9
EtherApe-INFO: 05:49:15.534: New node: IP: 52.40.161.235. Number of nodes 10
EtherApe-INFO: 05:50:12.187: delete node: IP: 0.0.0.0. Number of nodes 9
EtherApe-INFO: 05:50:15.475: delete node: IP: 95.216.195.133. Number of nodes 8
EtherApe-INFO: 05:51:15.640: delete node: IP: 52.40.161.235. Number of nodes 7
EtherApe-INFO: 05:52:19.858: New node: IP: 1.1.1.1. Number of nodes 8
EtherApe-INFO: 05:53:15.412: New node: IP: 95.216.195.133. Number of nodes 9
EtherApe-INFO: 05:54:15.815: New node: IP: 52.40.161.235. Number of nodes 10
EtherApe-INFO: 05:55:15.509: delete node: IP: 1.1.1.1. Number of nodes 9
EtherApe-INFO: 05:55:15.817: delete node: IP: 95.216.195.133. Number of nodes 8
EtherApe-INFO: 05:56:15.970: delete node: IP: 52.40.161.235. Number of nodes 7
EtherApe-INFO: 05:56:57.115: New node: IP: 0.0.0.0. Number of nodes 8
EtherApe-INFO: 05:57:42.921: New node: IP: 1.1.1.1. Number of nodes 9
EtherApe-INFO: 05:58:15.432: New node: IP: 95.216.195.133. Number of nodes 10
EtherApe-INFO: 05:58:57.190: delete node: IP: 0.0.0.0. Number of nodes 9
EtherApe-INFO: 05:59:15.859: New node: IP: 52.40.161.235. Number of nodes 10
EtherApe-INFO: 05:59:43.521: delete node: IP: 1.1.1.1. Number of nodes 9
EtherApe-INFO: 06:00:15.589: delete node: IP: 95.216.195.133. Number of nodes 8
EtherApe-INFO: 06:01:16.195: delete node: IP: 52.40.161.235. Number of nodes 7
EtherApe-INFO: 06:02:07.367: New node: IP: 1.1.1.1. Number of nodes 8
EtherApe-INFO: 06:03:15.463: New node: IP: 95.216.195.133. Number of nodes 9
EtherApe-INFO: 06:04:17.163: New node: IP: 52.40.161.235. Number of nodes 10
EtherApe-INFO: 06:05:15.835: delete node: IP: 95.216.195.133. Number of nodes 9
EtherApe-INFO: 06:05:42.166: New node: IP: 0.0.0.0. Number of nodes 10
EtherApe-INFO: 06:06:10.347: delete node: IP: 1.1.1.1. Number of nodes 9
EtherApe-INFO: 06:06:17.307: delete node: IP: 52.40.161.235. Number of nodes 8
EtherApe-INFO: 06:07:42.778: delete node: IP: 0.0.0.0. Number of nodes 7
EtherApe-INFO: 06:08:15.495: New node: IP: 95.216.195.133. Number of nodes 8
EtherApe-INFO: 06:08:27.527: New node: IP: 1.1.1.1. Number of nodes 9
EtherApe-INFO: 06:09:17.192: New node: IP: 52.40.161.235. Number of nodes 10
EtherApe-INFO: 17:44:53.927: New node: IP: 0.0.0.0. Number of nodes 11
EtherApe-INFO: 17:44:54.019: delete node: IP: 192.168.1.248. Number of nodes 10
EtherApe-INFO: 17:44:54.019: delete node: IP: 192.168.1.1. Number of nodes 9
EtherApe-INFO: 17:44:54.019: delete node: IP: 192.168.0.1. Number of nodes 8
EtherApe-INFO: 17:44:54.019: delete node: IP: 191.101.160.20. Number of nodes 7
EtherApe-INFO: 17:44:54.020: delete node: IP: 95.216.195.133. Number of nodes 6
EtherApe-INFO: 17:44:54.020: delete node: IP: 52.40.161.235. Number of nodes 5
EtherApe-INFO: 17:44:54.020: delete node: IP: 3.122.47.55. Number of nodes 4
EtherApe-INFO: 17:44:54.020: delete node: IP: 3.75.5.249. Number of nodes 3
EtherApe-INFO: 17:44:54.020: delete node: IP: 1.1.1.1. Number of nodes 2
EtherApe-INFO: 17:44:58.536: New node: IP: 192.168.1.1. Number of nodes 3
EtherApe-INFO: 17:44:58.536: New node: IP: 192.168.1.248. Number of nodes 4
EtherApe-INFO: 17:44:58.537: New node: IP: 191.101.160.20. Number of nodes 5
EtherApe-INFO: 17:44:58.791: New node: IP: 1.1.1.1. Number of nodes 6
EtherApe-INFO: 17:44:58.794: New node: IP: 95.216.195.133. Number of nodes 7
EtherApe-INFO: 17:45:03.402: New node: IP: 52.40.161.235. Number of nodes 8
EtherApe-INFO: 17:46:52.459: New node: IP: 192.168.0.1. Number of nodes 9
EtherApe-INFO: 17:46:58.443: delete node: IP: 0.0.0.0. Number of nodes 8
EtherApe-INFO: 17:46:59.468: delete node: IP: 95.216.195.133. Number of nodes 7
EtherApe-INFO: 17:47:58.825: delete node: IP: 52.40.161.235. Number of nodes 6
EtherApe-INFO: 17:49:58.497: New node: IP: 95.216.195.133. Number of nodes 7
EtherApe-INFO: 17:50:07.542: delete node: IP: 1.1.1.1. Number of nodes 6
EtherApe-INFO: 17:50:25.120: New node: IP: 1.1.1.1. Number of nodes 7
EtherApe-INFO: 17:51:59.240: delete node: IP: 95.216.195.133. Number of nodes 6
EtherApe-INFO: 17:53:42.896: New node: IP: 0.0.0.0. Number of nodes 7
EtherApe-INFO: 17:54:58.647: New node: IP: 95.216.195.133. Number of nodes 8
EtherApe-INFO: 17:55:43.015: delete node: IP: 0.0.0.0. Number of nodes 7
EtherApe-INFO: 17:56:58.797: delete node: IP: 95.216.195.133. Number of nodes 6
EtherApe-INFO: 17:59:40.606: delete node: IP: 1.1.1.1. Number of nodes 5
EtherApe-INFO: 17:59:58.425: New node: IP: 95.216.195.133. Number of nodes 6
EtherApe-INFO: 18:00:34.775: New node: NONE: 00:00:00:00:00:00. Number of nodes 7
EtherApe-INFO: 18:02:14.616: New node: IP: 1.1.1.1. Number of nodes 8
EtherApe-INFO: 18:02:14.681: delete node: IP: 191.101.160.20. Number of nodes 7
EtherApe-INFO: 18:02:14.681: delete node: IP: 95.216.195.133. Number of nodes 6
EtherApe-INFO: 18:02:16.407: New node: IP: 95.216.144.15. Number of nodes 7
EtherApe-INFO: 18:02:27.927: New node: IP: 0.0.0.0. Number of nodes 8
EtherApe-INFO: 18:02:28.952: New node: IP: 45.231.133.204. Number of nodes 9
EtherApe-INFO: 18:02:38.680: New node: IP: 216.58.209.14. Number of nodes 10
EtherApe-INFO: 18:02:44.072: New node: IP: 8.8.8.8. Number of nodes 11
EtherApe-INFO: 18:03:16.535: New node: IP: 142.250.203.141. Number of nodes 12
EtherApe-INFO: 18:03:16.536: New node: IP: 216.58.215.74. Number of nodes 13
EtherApe-INFO: 18:03:16.792: New node: IP: 142.250.203.142. Number of nodes 14
EtherApe-INFO: 18:03:17.050: New node: IP: 104.17.49.74. Number of nodes 15
EtherApe-INFO: 18:03:17.055: New node: IP: 104.17.50.74. Number of nodes 16
EtherApe-INFO: 18:03:17.306: New node: IP: 35.188.42.15. Number of nodes 17
EtherApe-INFO: 18:03:17.816: New node: IP: 216.58.208.202. Number of nodes 18
EtherApe-INFO: 18:03:18.080: New node: IP: 142.250.186.202. Number of nodes 19
EtherApe-INFO: 18:03:18.331: New node: IP: 104.18.14.117. Number of nodes 20
EtherApe-INFO: 18:03:18.332: New node: IP: 142.250.203.206. Number of nodes 21
EtherApe-INFO: 18:03:18.629: New node: IP: 142.250.203.131. Number of nodes 22
EtherApe-INFO: 18:03:19.139: New node: IP: 172.217.16.3. Number of nodes 23
EtherApe-INFO: 18:03:19.393: New node: IP: 193.34.169.9. Number of nodes 24
EtherApe-INFO: 18:03:19.404: New node: IP: 108.177.14.188. Number of nodes 25
EtherApe-INFO: 18:03:19.906: New node: IP: 142.250.203.193. Number of nodes 26
EtherApe-INFO: 18:03:21.139: New node: IP: 54.74.73.31. Number of nodes 27
EtherApe-INFO: 18:03:21.655: New node: IP: 104.16.149.64. Number of nodes 28
EtherApe-INFO: 18:03:21.656: New node: IP: 45.57.90.1. Number of nodes 29
EtherApe-INFO: 18:03:22.166: New node: IP: 104.18.41.98. Number of nodes 30
EtherApe-INFO: 18:03:22.168: New node: IP: 216.58.209.4. Number of nodes 31
EtherApe-INFO: 18:03:22.674: New node: IP: 35.153.236.114. Number of nodes 32
EtherApe-INFO: 18:03:23.189: New node: IP: 142.250.186.195. Number of nodes 33
EtherApe-INFO: 18:03:24.990: New node: IP: 104.21.75.3. Number of nodes 34
EtherApe-INFO: 18:03:25.242: New node: IP: 216.58.208.206. Number of nodes 35
EtherApe-INFO: 18:03:26.003: New node: IP: 3.225.25.3. Number of nodes 36
EtherApe-INFO: 18:03:56.715: delete node: NONE: 00:00:00:00:00:00. Number of nodes 35
EtherApe-INFO: 18:04:12.055: New node: IP: 188.114.96.13. Number of nodes 36
EtherApe-INFO: 18:04:12.305: New node: IP: 193.34.168.232. Number of nodes 37
EtherApe-INFO: 18:04:15.379: New node: IP: 216.58.215.78. Number of nodes 38
EtherApe-INFO: 18:04:15.887: New node: IP: 34.104.35.123. Number of nodes 39
EtherApe-INFO: 18:04:23.025: New node: IP: 35.190.80.1. Number of nodes 40
EtherApe-INFO: 18:04:26.866: New node: IP: 108.177.122.94. Number of nodes 41
EtherApe-INFO: 18:04:33.084: delete node: IP: 0.0.0.0. Number of nodes 40
EtherApe-INFO: 18:04:36.674: delete node: IP: 45.231.133.204. Number of nodes 39
EtherApe-INFO: 18:04:58.864: New node: IP: 95.216.195.133. Number of nodes 40
EtherApe-INFO: 18:05:02.960: New node: IP: 104.16.88.20. Number of nodes 41
EtherApe-INFO: 18:05:11.752: delete node: IP: 95.216.144.15. Number of nodes 40
EtherApe-INFO: 18:05:19.857: New node: IP: 188.114.97.13. Number of nodes 41
EtherApe-INFO: 18:05:56.209: New node: IP: 216.58.215.67. Number of nodes 42
EtherApe-INFO: 18:05:56.210: New node: IP: 142.250.75.3. Number of nodes 43
EtherApe-INFO: 18:05:56.977: New node: IP: 172.217.16.46. Number of nodes 44
EtherApe-INFO: 18:06:02.865: New node: IP: 142.250.203.202. Number of nodes 45
EtherApe-INFO: 18:06:03.132: New node: IP: 172.66.47.32. Number of nodes 46
EtherApe-INFO: 18:06:24.879: New node: NONE: 00:00:00:00:00:00. Number of nodes 47
EtherApe-INFO: 18:06:24.956: delete node: IP: 216.58.215.74. Number of nodes 46
EtherApe-INFO: 18:06:24.956: delete node: IP: 216.58.209.14. Number of nodes 45
EtherApe-INFO: 18:06:24.956: delete node: IP: 172.217.16.3. Number of nodes 44
EtherApe-INFO: 18:06:24.956: delete node: IP: 142.250.203.193. Number of nodes 43
EtherApe-INFO: 18:06:24.956: delete node: IP: 142.250.203.142. Number of nodes 42
EtherApe-INFO: 18:06:24.957: delete node: IP: 35.153.236.114. Number of nodes 41
EtherApe-INFO: 18:06:33.092: delete node: IP: 216.58.208.206. Number of nodes 40
EtherApe-INFO: 18:06:33.092: delete node: IP: 142.250.186.195. Number of nodes 39
EtherApe-INFO: 18:06:33.092: delete node: IP: 45.57.90.1. Number of nodes 38
EtherApe-INFO: 18:06:33.092: delete node: IP: 1.1.1.1. Number of nodes 37
EtherApe-INFO: 18:07:01.768: delete node: IP: 95.216.195.133. Number of nodes 36
EtherApe-INFO: 18:07:05.938: delete node: IP: 35.188.42.15. Number of nodes 35
EtherApe-INFO: 18:07:27.146: delete node: IP: 216.58.209.4. Number of nodes 34
EtherApe-INFO: 18:07:27.146: delete node: IP: 188.114.97.13. Number of nodes 33
EtherApe-INFO: 18:07:40.911: New node: IP: 3.122.47.55. Number of nodes 34
EtherApe-INFO: 18:07:44.239: New node: IP: 3.75.5.249. Number of nodes 35
EtherApe-INFO: 18:08:01.944: delete node: IP: 35.190.80.1. Number of nodes 34
EtherApe-INFO: 18:08:14.726: delete node: IP: 216.58.215.78. Number of nodes 33
EtherApe-INFO: 18:08:14.726: delete node: IP: 216.58.215.67. Number of nodes 32
EtherApe-INFO: 18:08:14.726: delete node: IP: 216.58.208.202. Number of nodes 31
EtherApe-INFO: 18:08:14.726: delete node: IP: 193.34.169.9. Number of nodes 30
EtherApe-INFO: 18:08:14.726: delete node: IP: 193.34.168.232. Number of nodes 29
EtherApe-INFO: 18:08:14.726: delete node: IP: 192.168.0.1. Number of nodes 28
EtherApe-INFO: 18:08:14.726: delete node: IP: 188.114.96.13. Number of nodes 27
EtherApe-INFO: 18:08:14.726: delete node: IP: 172.217.16.46. Number of nodes 26
EtherApe-INFO: 18:08:14.726: delete node: IP: 172.66.47.32. Number of nodes 25
EtherApe-INFO: 18:08:14.726: delete node: IP: 142.250.203.206. Number of nodes 24
EtherApe-INFO: 18:08:14.726: delete node: IP: 142.250.203.202. Number of nodes 23
EtherApe-INFO: 18:08:14.726: delete node: IP: 142.250.203.141. Number of nodes 22
EtherApe-INFO: 18:08:14.726: delete node: IP: 142.250.203.131. Number of nodes 21
EtherApe-INFO: 18:08:14.726: delete node: IP: 142.250.186.202. Number of nodes 20
EtherApe-INFO: 18:08:14.726: delete node: IP: 142.250.75.3. Number of nodes 19
EtherApe-INFO: 18:08:14.726: delete node: IP: 108.177.122.94. Number of nodes 18
EtherApe-INFO: 18:08:14.726: delete node: IP: 108.177.14.188. Number of nodes 17
EtherApe-INFO: 18:08:14.726: delete node: IP: 104.21.75.3. Number of nodes 16
EtherApe-INFO: 18:08:14.726: delete node: IP: 104.18.41.98. Number of nodes 15
EtherApe-INFO: 18:08:14.726: delete node: IP: 104.18.14.117. Number of nodes 14
EtherApe-INFO: 18:08:14.726: delete node: IP: 104.17.50.74. Number of nodes 13
EtherApe-INFO: 18:08:14.726: delete node: IP: 104.17.49.74. Number of nodes 12
EtherApe-INFO: 18:08:14.726: delete node: IP: 104.16.149.64. Number of nodes 11
EtherApe-INFO: 18:08:14.726: delete node: IP: 104.16.88.20. Number of nodes 10
EtherApe-INFO: 18:08:14.726: delete node: IP: 54.74.73.31. Number of nodes 9
EtherApe-INFO: 18:08:14.726: delete node: IP: 8.8.8.8. Number of nodes 8
EtherApe-INFO: 18:08:14.726: delete node: IP: 3.225.25.3. Number of nodes 7
EtherApe-INFO: 18:08:28.527: New node: IP: 192.168.0.1. Number of nodes 8
EtherApe-INFO: 18:08:28.528: New node: IP: 8.8.8.8. Number of nodes 9
EtherApe-INFO: 18:09:02.908: delete node: IP: 34.104.35.123. Number of nodes 8
EtherApe-INFO: 18:09:38.713: delete node: NONE: 00:00:00:00:00:00. Number of nodes 7
EtherApe-INFO: 18:09:58.639: New node: IP: 95.216.195.133. Number of nodes 8
EtherApe-INFO: 18:10:13.235: New node: IP: 142.250.203.141. Number of nodes 9
EtherApe-INFO: 18:10:13.489: New node: IP: 142.250.203.131. Number of nodes 10
EtherApe-INFO: 18:10:13.490: New node: IP: 172.217.16.10. Number of nodes 11
EtherApe-INFO: 18:10:13.745: New node: IP: 104.18.15.117. Number of nodes 12
EtherApe-INFO: 18:10:14.001: New node: IP: 142.250.203.206. Number of nodes 13
EtherApe-INFO: 18:10:14.258: New node: IP: 35.188.42.15. Number of nodes 14
EtherApe-INFO: 18:10:14.258: New node: IP: 104.17.50.74. Number of nodes 15
EtherApe-INFO: 18:10:14.260: New node: IP: 216.58.215.74. Number of nodes 16
EtherApe-INFO: 18:10:16.563: New node: IP: 188.114.96.13. Number of nodes 17
EtherApe-INFO: 18:10:16.818: New node: IP: 216.58.215.100. Number of nodes 18
EtherApe-INFO: 18:10:16.845: New node: IP: 216.58.209.3. Number of nodes 19
EtherApe-INFO: 18:10:16.846: New node: IP: 142.250.203.193. Number of nodes 20
EtherApe-INFO: 18:10:17.091: New node: IP: 172.217.16.46. Number of nodes 21
EtherApe-INFO: 18:10:17.099: New node: IP: 173.194.73.188. Number of nodes 22
EtherApe-INFO: 18:10:17.330: New node: IP: 216.58.215.67. Number of nodes 23
EtherApe-INFO: 18:10:17.587: New node: IP: 216.58.215.78. Number of nodes 24
EtherApe-INFO: 18:10:17.848: New node: IP: 3.218.231.251. Number of nodes 25
EtherApe-INFO: 18:10:17.850: New node: IP: 216.58.208.206. Number of nodes 26
EtherApe-INFO: 18:10:20.145: New node: IP: 54.73.148.110. Number of nodes 27
EtherApe-INFO: 18:10:20.147: New node: IP: 142.250.186.202. Number of nodes 28
EtherApe-INFO: 18:10:20.664: New node: IP: 172.217.16.42. Number of nodes 29
EtherApe-INFO: 18:10:20.913: New node: IP: 104.18.41.98. Number of nodes 30
EtherApe-INFO: 18:10:28.080: New node: IP: 54.203.119.212. Number of nodes 31
EtherApe-INFO: 18:10:29.361: New node: IP: 54.192.231.39. Number of nodes 32
EtherApe-INFO: 18:10:29.361: New node: IP: 54.192.231.29. Number of nodes 33
EtherApe-INFO: 18:10:30.127: New node: IP: 35.161.134.0. Number of nodes 34
EtherApe-INFO: 18:10:52.655: New node: IP: 54.192.231.48. Number of nodes 35
EtherApe-INFO: 18:11:12.879: New node: IP: 0.0.0.0. Number of nodes 36
EtherApe-INFO: 18:11:59.778: delete node: IP: 95.216.195.133. Number of nodes 35
EtherApe-INFO: 18:12:01.008: New node: IP: 104.26.13.96. Number of nodes 36
EtherApe-INFO: 18:12:01.519: New node: IP: 35.241.8.242. Number of nodes 37
EtherApe-INFO: 18:12:01.521: New node: IP: 216.239.32.29. Number of nodes 38
EtherApe-INFO: 18:12:02.799: New node: IP: 1.1.1.1. Number of nodes 39
EtherApe-INFO: 18:12:47.088: New node: IP: 45.231.133.204. Number of nodes 40
EtherApe-INFO: 18:12:51.533: delete node: IP: 216.58.215.100. Number of nodes 39
EtherApe-INFO: 18:13:01.688: New node: IP: 104.16.86.20. Number of nodes 40
EtherApe-INFO: 18:13:02.192: New node: IP: 34.100.128.0. Number of nodes 41
EtherApe-INFO: 18:13:12.989: delete node: IP: 0.0.0.0. Number of nodes 40
