(etherape:2174): GLib-GIO-DEBUG: 18:13:21.068: _g_io_module_get_default: Found default implementation local (GLocalVfs) for ‘gio-vfs’
(etherape:2174): GLib-GIO-DEBUG: 18:13:21.102: Using cross-namespace EXTERNAL authentication (this will deadlock if server is GDBus < 2.73.3)
EtherApe-INFO: 18:13:21.136: sctp protocol not supported
EtherApe-INFO: 18:13:21.136: dccp protocol not supported
EtherApe-INFO: 18:13:21.136: sctp protocol not supported
EtherApe-INFO: 18:13:21.136: sctp protocol not supported
EtherApe-INFO: 18:13:21.136: sctp protocol not supported
EtherApe-INFO: 18:13:21.136: sctp protocol not supported
EtherApe-INFO: 18:13:21.137: sctp protocol not supported
EtherApe-INFO: 18:13:21.137: sctp protocol not supported
EtherApe-INFO: 18:13:21.137: sctp protocol not supported
EtherApe-INFO: 18:13:21.137: dccp protocol not supported
EtherApe-INFO: 18:13:21.137: sctp protocol not supported
EtherApe-INFO: 18:13:21.137: dccp protocol not supported
EtherApe-INFO: 18:13:21.137: dccp protocol not supported
EtherApe-INFO: 18:13:21.137: sctp protocol not supported
EtherApe-INFO: 18:13:21.137: sctp protocol not supported
EtherApe-INFO: 18:13:21.137: sctp protocol not supported
EtherApe-INFO: 18:13:21.138: sctp protocol not supported
EtherApe-INFO: 18:13:21.138: sctp protocol not supported
EtherApe-INFO: 18:13:21.138: sctp protocol not supported
EtherApe-INFO: 18:13:21.138: sctp protocol not supported
EtherApe-INFO: 18:13:21.138: sctp protocol not supported
EtherApe-INFO: 18:13:21.138: sctp protocol not supported
EtherApe-INFO: 18:13:21.138: sctp protocol not supported
EtherApe-INFO: 18:13:21.139: sctp protocol not supported
EtherApe-INFO: 18:13:21.139: sctp protocol not supported
EtherApe-INFO: 18:13:21.139: sctp protocol not supported
EtherApe-INFO: 18:13:21.139: sctp protocol not supported
EtherApe-INFO: 18:13:21.139: sctp protocol not supported
EtherApe-INFO: 18:13:21.139: dccp protocol not supported
EtherApe-INFO: 18:13:21.139: sctp protocol not supported
EtherApe-INFO: 18:13:21.139: sctp protocol not supported
EtherApe-INFO: 18:13:21.139: dccp protocol not supported
EtherApe-INFO: 18:13:21.139: sctp protocol not supported
EtherApe-INFO: 18:13:21.139: sctp protocol not supported
EtherApe-INFO: 18:13:21.139: sctp protocol not supported
EtherApe-INFO: 18:13:21.139: dccp protocol not supported
EtherApe-INFO: 18:13:21.139: dccp protocol not supported
EtherApe-INFO: 18:13:21.139: sctp protocol not supported
EtherApe-INFO: 18:13:21.139: sctp protocol not supported
EtherApe-INFO: 18:13:21.139: sctp protocol not supported
EtherApe-INFO: 18:13:21.139: sctp protocol not supported
EtherApe-INFO: 18:13:21.139: sctp protocol not supported
EtherApe-INFO: 18:13:21.139: sctp protocol not supported
EtherApe-INFO: 18:13:21.139: sctp protocol not supported
EtherApe-INFO: 18:13:21.139: sctp protocol not supported
EtherApe-INFO: 18:13:21.139: sctp protocol not supported
EtherApe-INFO: 18:13:21.139: sctp protocol not supported
EtherApe-INFO: 18:13:21.139: sctp protocol not supported
EtherApe-INFO: 18:13:21.139: sctp protocol not supported
EtherApe-INFO: 18:13:21.139: sctp protocol not supported
EtherApe-INFO: 18:13:21.139: sctp protocol not supported
EtherApe-INFO: 18:13:21.139: sctp protocol not supported
EtherApe-INFO: 18:13:21.139: sctp protocol not supported
EtherApe-INFO: 18:13:21.139: sctp protocol not supported
EtherApe-INFO: 18:13:21.139: sctp protocol not supported
EtherApe-INFO: 18:13:21.139: sctp protocol not supported
EtherApe-INFO: 18:13:21.139: sctp protocol not supported
EtherApe-INFO: 18:13:21.140: dccp protocol not supported
EtherApe-INFO: 18:13:21.140: sctp protocol not supported
EtherApe-INFO: 18:13:21.140: sctp protocol not supported
EtherApe-INFO: 18:13:21.140: sctp protocol not supported
EtherApe-INFO: 18:13:21.140: sctp protocol not supported
EtherApe-INFO: 18:13:21.140: sctp protocol not supported
EtherApe-INFO: 18:13:21.140: sctp protocol not supported
EtherApe-INFO: 18:13:21.140: sctp protocol not supported
EtherApe-INFO: 18:13:21.140: sctp protocol not supported
EtherApe-INFO: 18:13:21.140: sctp protocol not supported
EtherApe-INFO: 18:13:21.140: sctp protocol not supported
EtherApe-INFO: 18:13:21.140: sctp protocol not supported
EtherApe-INFO: 18:13:21.140: sctp protocol not supported
EtherApe-INFO: 18:13:21.140: sctp protocol not supported
EtherApe-INFO: 18:13:21.140: sctp protocol not supported
EtherApe-INFO: 18:13:21.140: sctp protocol not supported
EtherApe-INFO: 18:13:21.140: sctp protocol not supported
EtherApe-INFO: 18:13:21.140: sctp protocol not supported
EtherApe-INFO: 18:13:21.140: sctp protocol not supported
EtherApe-INFO: 18:13:21.140: sctp protocol not supported
EtherApe-INFO: 18:13:21.140: sctp protocol not supported
EtherApe-INFO: 18:13:21.140: sctp protocol not supported
EtherApe-INFO: 18:13:21.140: sctp protocol not supported
EtherApe-INFO: 18:13:21.140: sctp protocol not supported
EtherApe-INFO: 18:13:21.140: sctp protocol not supported
EtherApe-INFO: 18:13:21.140: sctp protocol not supported
EtherApe-INFO: 18:13:21.140: sctp protocol not supported
EtherApe-INFO: 18:13:21.140: sctp protocol not supported
EtherApe-INFO: 18:13:21.140: sctp protocol not supported
EtherApe-INFO: 18:13:21.140: sctp protocol not supported
EtherApe-INFO: 18:13:21.140: sctp protocol not supported
EtherApe-INFO: 18:13:21.140: sctp protocol not supported
EtherApe-INFO: 18:13:21.140: sctp protocol not supported
EtherApe-INFO: 18:13:21.140: sctp protocol not supported
EtherApe-INFO: 18:13:21.140: sctp protocol not supported
EtherApe-INFO: 18:13:21.140: sctp protocol not supported
EtherApe-INFO: 18:13:21.140: sctp protocol not supported
EtherApe-INFO: 18:13:21.140: sctp protocol not supported
EtherApe-INFO: 18:13:21.140: sctp protocol not supported
EtherApe-INFO: 18:13:21.150: get_interface result: ''
EtherApe-INFO: 18:13:21.150: Available interfaces for capture: dbus-session dbus-system nfqueue nflog bluetooth-monitor enp9s0 lo any enp5s0
EtherApe-INFO: 18:13:21.151: Link type is LINUX_SLL
EtherApe-INFO: 18:13:21.151: Diagram started
EtherApe-INFO: 18:13:22.429: New node: IP: 0.0.0.0. Number of nodes 1
EtherApe-INFO: 18:13:22.429: New node: IP: 255.255.255.255. Number of nodes 2
EtherApe-INFO: 18:13:22.685: New node: IP: 127.0.0.1. Number of nodes 3
EtherApe-INFO: 18:14:12.350: New node: IP: 195.64.182.160. Number of nodes 4
EtherApe-INFO: 18:14:12.350: New node: IP: 149.154.167.50. Number of nodes 5
EtherApe-INFO: 18:14:12.350: New node: IP: 149.154.167.41. Number of nodes 6
EtherApe-INFO: 18:14:12.351: New node: IP: 208.67.222.222. Number of nodes 7
EtherApe-INFO: 18:14:13.887: New node: IP: 239.255.255.250. Number of nodes 8
EtherApe-INFO: 18:14:16.703: New node: IP: 224.0.0.251. Number of nodes 9
EtherApe-INFO: 18:14:16.703: New node: IP: 224.0.0.22. Number of nodes 10
EtherApe-INFO: 18:14:17.213: New node: IP: 208.67.220.220. Number of nodes 11
EtherApe-INFO: 18:14:18.751: New node: IP: 146.112.41.2. Number of nodes 12
EtherApe-INFO: 18:14:18.753: New node: IP: 142.250.203.139. Number of nodes 13
EtherApe-INFO: 18:14:19.011: New node: IP: 142.250.203.197. Number of nodes 14
EtherApe-INFO: 18:14:19.011: New node: IP: 192.0.66.96. Number of nodes 15
EtherApe-INFO: 18:14:19.011: New node: IP: 185.199.108.133. Number of nodes 16
EtherApe-INFO: 18:14:19.012: New node: IP: 142.250.203.202. Number of nodes 17
EtherApe-INFO: 18:14:19.013: New node: IP: 216.58.215.67. Number of nodes 18
EtherApe-INFO: 18:14:19.013: New node: IP: 68.183.241.41. Number of nodes 19
EtherApe-INFO: 18:14:19.013: New node: IP: 140.82.121.3. Number of nodes 20
EtherApe-INFO: 18:14:19.014: New node: IP: 142.250.203.142. Number of nodes 21
EtherApe-INFO: 18:14:19.014: New node: IP: 216.58.209.13. Number of nodes 22
EtherApe-INFO: 18:14:19.014: New node: IP: 216.58.209.10. Number of nodes 23
EtherApe-INFO: 18:14:19.015: New node: IP: 173.194.222.188. Number of nodes 24
EtherApe-INFO: 18:14:19.018: New node: IP: 142.250.75.14. Number of nodes 25
EtherApe-INFO: 18:14:19.037: New node: IP: 140.82.113.26. Number of nodes 26
EtherApe-INFO: 18:14:19.042: New node: IP: 149.154.175.100. Number of nodes 27
EtherApe-INFO: 18:14:19.268: New node: IP: 64.233.163.188. Number of nodes 28
EtherApe-INFO: 18:14:19.284: New node: IP: 172.217.16.8. Number of nodes 29
EtherApe-INFO: 18:14:19.524: New node: IP: 142.250.203.138. Number of nodes 30
EtherApe-INFO: 18:14:19.524: New node: IP: 95.216.195.133. Number of nodes 31
EtherApe-INFO: 18:14:19.535: New node: IP: 142.250.203.131. Number of nodes 32
EtherApe-INFO: 18:14:19.796: New node: IP: 109.205.213.70. Number of nodes 33
EtherApe-INFO: 18:14:19.800: New node: IP: 104.18.15.117. Number of nodes 34
EtherApe-INFO: 18:14:20.067: New node: IP: 140.82.112.21. Number of nodes 35
EtherApe-INFO: 18:14:20.085: New node: IP: 140.82.121.6. Number of nodes 36
EtherApe-INFO: 18:14:20.277: New node: IP: 172.217.16.46. Number of nodes 37
EtherApe-INFO: 18:14:20.287: New node: IP: 8.8.8.8. Number of nodes 38
EtherApe-INFO: 18:14:20.288: New node: IP: 142.250.203.206. Number of nodes 39
EtherApe-INFO: 18:14:20.288: New node: IP: 185.199.111.133. Number of nodes 40
EtherApe-INFO: 18:14:20.504: New node: IP: 1.1.1.1. Number of nodes 41
EtherApe-INFO: 18:14:20.516: New node: IP: 157.240.224.7. Number of nodes 42
EtherApe-INFO: 18:14:20.699: New node: IP: 149.154.167.216. Number of nodes 43
EtherApe-INFO: 18:14:20.790: New node: IP: 142.250.203.130. Number of nodes 44
EtherApe-INFO: 18:14:20.800: New node: IP: 143.244.45.177. Number of nodes 45
EtherApe-INFO: 18:14:21.014: New node: IP: 74.125.205.154. Number of nodes 46
EtherApe-INFO: 18:14:21.548: New node: IP: 18.244.102.55. Number of nodes 47
EtherApe-INFO: 18:14:21.568: New node: IP: 188.114.96.13. Number of nodes 48
EtherApe-INFO: 18:14:21.573: New node: IP: 108.138.51.78. Number of nodes 49
EtherApe-INFO: 18:14:21.770: New node: IP: 18.213.147.71. Number of nodes 50
EtherApe-INFO: 18:14:22.558: New node: IP: 35.174.127.31. Number of nodes 51
EtherApe-INFO: 18:14:23.830: New node: IP: 18.159.68.239. Number of nodes 52
EtherApe-INFO: 18:14:24.083: New node: IP: 135.181.27.174. Number of nodes 53
EtherApe-INFO: 18:14:24.334: New node: IP: 185.199.109.154. Number of nodes 54
EtherApe-INFO: 18:14:26.108: New node: IP: 142.250.186.202. Number of nodes 55
EtherApe-INFO: 18:14:26.589: New node: IP: 185.166.143.31. Number of nodes 56
EtherApe-INFO: 18:14:27.304: New node: IP: 142.250.203.150. Number of nodes 57
EtherApe-INFO: 18:14:27.725: New node: IP: 31.43.47.204. Number of nodes 58
EtherApe-INFO: 18:14:27.726: New node: IP: 176.122.113.12. Number of nodes 59
EtherApe-INFO: 18:14:27.739: New node: IP: 31.43.58.109. Number of nodes 60
EtherApe-INFO: 18:14:27.743: New node: IP: 31.43.58.110. Number of nodes 61
EtherApe-INFO: 18:14:27.743: New node: IP: 31.43.47.205. Number of nodes 62
EtherApe-INFO: 18:14:30.539: New node: IP: 31.43.58.108. Number of nodes 63
EtherApe-INFO: 18:14:30.797: New node: IP: 176.122.113.14. Number of nodes 64
EtherApe-INFO: 18:14:31.295: New node: IP: 79.124.49.234. Number of nodes 65
EtherApe-INFO: 18:14:33.427: New node: IP: 192.178.25.164. Number of nodes 66
EtherApe-INFO: 18:14:34.189: New node: IP: 35.157.63.229. Number of nodes 67
EtherApe-INFO: 18:14:34.447: New node: IP: 142.251.163.94. Number of nodes 68
EtherApe-INFO: 18:14:35.984: New node: IP: 172.217.16.2. Number of nodes 69
EtherApe-INFO: 18:14:36.494: New node: IP: 193.34.155.3. Number of nodes 70
EtherApe-INFO: 18:14:38.542: New node: IP: 35.157.63.228. Number of nodes 71
EtherApe-INFO: 18:14:40.593: New node: IP: 142.250.186.195. Number of nodes 72
EtherApe-INFO: 18:14:40.595: New node: IP: 216.58.208.206. Number of nodes 73
EtherApe-INFO: 18:14:41.123: New node: IP: 172.217.16.33. Number of nodes 74
EtherApe-INFO: 18:14:41.381: New node: IP: 216.58.208.202. Number of nodes 75
EtherApe-INFO: 18:14:41.615: New node: IP: 192.178.25.174. Number of nodes 76
EtherApe-INFO: 18:14:42.362: New node: IP: 208.89.12.87. Number of nodes 77
EtherApe-INFO: 18:14:45.162: New node: IP: 192.178.25.163. Number of nodes 78
EtherApe-INFO: 18:14:45.935: New node: IP: 205.210.31.55. Number of nodes 79
EtherApe-INFO: 18:14:46.176: New node: IP: 216.58.215.106. Number of nodes 80
EtherApe-INFO: 18:14:46.176: New node: IP: 172.217.16.10. Number of nodes 81
EtherApe-INFO: 18:14:49.480: New node: IP: 3.33.235.18. Number of nodes 82
EtherApe-INFO: 18:14:57.470: New node: IP: 172.217.16.14. Number of nodes 83
EtherApe-INFO: 18:15:02.847: New node: IP: 192.241.202.41. Number of nodes 84
EtherApe-INFO: 18:15:07.343: New node: IP: 3.65.102.105. Number of nodes 85
EtherApe-INFO: 18:15:14.785: New node: IP: 91.198.174.192. Number of nodes 86
EtherApe-INFO: 18:15:15.039: New node: IP: 192.0.73.2. Number of nodes 87
EtherApe-INFO: 18:15:15.041: New node: IP: 108.138.51.35. Number of nodes 88
EtherApe-INFO: 18:15:15.302: New node: IP: 151.101.1.69. Number of nodes 89
EtherApe-INFO: 18:15:15.305: New node: IP: 193.17.93.93. Number of nodes 90
EtherApe-INFO: 18:15:15.553: New node: IP: 91.198.174.208. Number of nodes 91
EtherApe-INFO: 18:15:15.560: New node: IP: 104.17.32.105. Number of nodes 92
EtherApe-INFO: 18:15:15.850: New node: IP: 104.87.176.12. Number of nodes 93
EtherApe-INFO: 18:15:16.065: New node: IP: 172.64.146.23. Number of nodes 94
EtherApe-INFO: 18:15:16.068: New node: IP: 5.45.74.77. Number of nodes 95
EtherApe-INFO: 18:15:16.068: New node: IP: 2.21.173.59. Number of nodes 96
EtherApe-INFO: 18:15:16.089: New node: IP: 99.80.22.109. Number of nodes 97
EtherApe-INFO: 18:15:16.593: New node: IP: 172.64.141.5. Number of nodes 98
EtherApe-INFO: 18:15:16.834: New node: IP: 172.67.71.73. Number of nodes 99
EtherApe-INFO: 18:15:17.209: New node: IP: 82.207.52.214. Number of nodes 100
EtherApe-INFO: 18:15:17.442: New node: IP: 193.19.152.72. Number of nodes 101
EtherApe-INFO: 18:15:17.476: New node: IP: 173.194.76.82. Number of nodes 102
EtherApe-INFO: 18:15:17.641: New node: IP: 108.138.51.122. Number of nodes 103
EtherApe-INFO: 18:15:17.645: New node: IP: 130.14.29.110. Number of nodes 104
EtherApe-INFO: 18:15:17.805: New node: IP: 172.67.130.60. Number of nodes 105
EtherApe-INFO: 18:15:18.043: New node: IP: 173.255.206.39. Number of nodes 106
EtherApe-INFO: 18:15:18.257: New node: IP: 140.82.121.4. Number of nodes 107
EtherApe-INFO: 18:15:18.258: New node: IP: 213.160.157.254. Number of nodes 108
EtherApe-INFO: 18:15:18.604: New node: IP: 46.246.28.85. Number of nodes 109
EtherApe-INFO: 18:15:18.614: New node: IP: 172.217.16.9. Number of nodes 110
EtherApe-INFO: 18:15:18.765: New node: IP: 13.107.42.14. Number of nodes 111
EtherApe-INFO: 18:15:18.789: New node: IP: 192.241.207.99. Number of nodes 112
EtherApe-INFO: 18:15:19.139: New node: IP: 185.233.19.94. Number of nodes 113
EtherApe-INFO: 18:15:19.139: New node: IP: 104.198.63.0. Number of nodes 114
EtherApe-INFO: 18:15:19.555: New node: IP: 54.170.196.176. Number of nodes 115
EtherApe-INFO: 18:15:19.557: New node: IP: 23.64.225.176. Number of nodes 116
EtherApe-INFO: 18:15:19.562: New node: IP: 18.244.102.25. Number of nodes 117
EtherApe-INFO: 18:15:19.566: New node: IP: 52.29.123.56. Number of nodes 118
EtherApe-INFO: 18:15:19.567: New node: IP: 104.18.40.133. Number of nodes 119
EtherApe-INFO: 18:15:19.574: New node: IP: 35.157.63.227. Number of nodes 120
EtherApe-INFO: 18:15:19.750: New node: IP: 76.76.21.21. Number of nodes 121
EtherApe-INFO: 18:15:20.055: New node: IP: 3.2.9.2. Number of nodes 122
EtherApe-INFO: 18:15:20.076: New node: IP: 64.233.167.82. Number of nodes 123
EtherApe-INFO: 18:15:20.255: New node: IP: 66.175.215.251. Number of nodes 124
EtherApe-INFO: 18:15:20.255: New node: IP: 193.19.153.66. Number of nodes 125
EtherApe-INFO: 18:15:20.256: New node: IP: 67.20.100.192. Number of nodes 126
EtherApe-INFO: 18:15:20.257: New node: IP: 185.199.109.153. Number of nodes 127
EtherApe-INFO: 18:15:20.410: New node: IP: 18.66.233.72. Number of nodes 128
EtherApe-INFO: 18:15:20.567: New node: IP: 172.217.16.131. Number of nodes 129
EtherApe-INFO: 18:15:20.570: New node: IP: 142.250.186.206. Number of nodes 130
EtherApe-INFO: 18:15:20.764: New node: IP: 104.16.243.94. Number of nodes 131
EtherApe-INFO: 18:15:20.767: New node: IP: 96.16.54.138. Number of nodes 132
EtherApe-INFO: 18:15:20.767: New node: IP: 104.16.99.56. Number of nodes 133
EtherApe-INFO: 18:15:21.045: New node: IP: 34.80.89.126. Number of nodes 134
EtherApe-INFO: 18:15:21.223: New node: IP: 178.18.231.160. Number of nodes 135
EtherApe-INFO: 18:15:21.234: New node: IP: 18.244.102.45. Number of nodes 136
EtherApe-INFO: 18:15:21.238: New node: IP: 108.138.51.77. Number of nodes 137
EtherApe-INFO: 18:15:21.240: New node: IP: 45.57.90.1. Number of nodes 138
EtherApe-INFO: 18:15:21.386: New node: IP: 136.144.57.121. Number of nodes 139
EtherApe-INFO: 18:15:21.630: New node: IP: 35.190.88.7. Number of nodes 140
EtherApe-INFO: 18:15:21.750: New node: IP: 104.16.27.5. Number of nodes 141
EtherApe-INFO: 18:15:22.041: New node: IP: 216.58.215.74. Number of nodes 142
EtherApe-INFO: 18:15:22.116: New node: IP: 216.58.215.110. Number of nodes 143
EtherApe-INFO: 18:15:22.120: New node: IP: 172.217.18.99. Number of nodes 144
EtherApe-INFO: 18:15:22.120: New node: IP: 18.66.233.54. Number of nodes 145
EtherApe-INFO: 18:15:22.128: New node: IP: 104.18.29.38. Number of nodes 146
EtherApe-INFO: 18:15:22.203: New node: IP: 176.122.96.225. Number of nodes 147
EtherApe-INFO: 18:15:22.675: New node: IP: 34.198.118.42. Number of nodes 148
EtherApe-INFO: 18:15:22.701: New node: IP: 217.65.3.21. Number of nodes 149
EtherApe-INFO: 18:15:22.821: New node: IP: 18.244.102.4. Number of nodes 150
EtherApe-INFO: 18:15:22.925: New node: IP: 152.199.22.144. Number of nodes 151
EtherApe-INFO: 18:15:22.974: New node: IP: 172.67.12.172. Number of nodes 152
EtherApe-INFO: 18:15:23.224: New node: IP: 54.200.29.238. Number of nodes 153
EtherApe-INFO: 18:15:23.281: New node: IP: 104.18.28.38. Number of nodes 154
EtherApe-INFO: 18:15:23.871: New node: IP: 104.244.42.72. Number of nodes 155
EtherApe-INFO: 18:15:24.160: New node: IP: 74.125.133.92. Number of nodes 156
EtherApe-INFO: 18:15:24.985: New node: IP: 108.138.51.41. Number of nodes 157
EtherApe-INFO: 18:15:25.502: New node: IP: 96.16.54.155. Number of nodes 158
EtherApe-INFO: 18:15:25.511: New node: IP: 216.58.215.66. Number of nodes 159
EtherApe-INFO: 18:15:25.522: New node: IP: 104.17.182.177. Number of nodes 160
EtherApe-INFO: 18:15:25.711: New node: IP: 104.18.23.126. Number of nodes 161
EtherApe-INFO: 18:15:25.871: New node: IP: 31.13.81.13. Number of nodes 162
EtherApe-INFO: 18:15:25.886: New node: IP: 18.66.233.123. Number of nodes 163
EtherApe-INFO: 18:15:25.893: New node: IP: 18.244.102.107. Number of nodes 164
EtherApe-INFO: 18:15:26.123: New node: IP: 35.186.249.72. Number of nodes 165
EtherApe-INFO: 18:15:26.397: New node: IP: 104.17.183.177. Number of nodes 166
EtherApe-INFO: 18:15:26.623: New node: IP: 104.16.240.21. Number of nodes 167
EtherApe-INFO: 18:15:26.878: New node: IP: 18.244.102.10. Number of nodes 168
EtherApe-INFO: 18:15:26.880: New node: IP: 104.16.42.65. Number of nodes 169
EtherApe-INFO: 18:15:27.165: New node: IP: 3.219.151.92. Number of nodes 170
EtherApe-INFO: 18:15:27.390: New node: IP: 62.140.236.144. Number of nodes 171
EtherApe-INFO: 18:15:27.647: New node: IP: 34.216.249.231. Number of nodes 172
EtherApe-INFO: 18:15:27.660: New node: IP: 34.237.73.95. Number of nodes 173
EtherApe-INFO: 18:15:28.343: New node: IP: 199.232.148.157. Number of nodes 174
EtherApe-INFO: 18:15:28.344: New node: IP: 151.101.65.140. Number of nodes 175
EtherApe-INFO: 18:15:29.115: New node: IP: 172.67.70.239. Number of nodes 176
EtherApe-INFO: 18:15:29.366: New node: IP: 104.18.169.114. Number of nodes 177
EtherApe-INFO: 18:15:45.450: New node: IP: 35.228.141.16. Number of nodes 178
EtherApe-INFO: 18:15:49.358: New node: IP: 77.90.185.20. Number of nodes 179
EtherApe-INFO: 18:15:57.567: New node: IP: 104.244.42.131. Number of nodes 180
EtherApe-INFO: 18:16:06.696: New node: IP: 23.64.143.109. Number of nodes 181
EtherApe-INFO: 18:16:17.011: delete node: IP: 224.0.0.22. Number of nodes 180
EtherApe-INFO: 18:16:17.866: New node: IP: 208.68.240.115. Number of nodes 181
EtherApe-INFO: 18:16:19.143: New node: IP: 142.250.203.145. Number of nodes 182
EtherApe-INFO: 18:16:19.143: New node: IP: 216.239.32.116. Number of nodes 183
EtherApe-INFO: 18:16:20.249: delete node: IP: 224.0.0.251. Number of nodes 182
EtherApe-INFO: 18:16:20.249: delete node: IP: 127.0.0.1. Number of nodes 181
EtherApe-INFO: 18:16:20.249: delete node: IP: 8.8.8.8. Number of nodes 180
EtherApe-INFO: 18:16:20.683: New node: IP: 18.244.102.73. Number of nodes 181
EtherApe-INFO: 18:16:20.714: delete node: IP: 149.154.175.100. Number of nodes 180
EtherApe-INFO: 18:16:20.948: New node: IP: 35.213.232.93. Number of nodes 181
EtherApe-INFO: 18:16:20.949: New node: IP: 151.101.128.176. Number of nodes 182
EtherApe-INFO: 18:16:21.482: delete node: IP: 95.216.195.133. Number of nodes 181
EtherApe-INFO: 18:16:21.482: delete node: IP: 18.244.102.55. Number of nodes 180
EtherApe-INFO: 18:16:21.703: New node: IP: 104.18.13.33. Number of nodes 181
EtherApe-INFO: 18:16:27.634: New node: IP: 142.250.203.129. Number of nodes 182
EtherApe-INFO: 18:16:29.674: delete node: IP: 108.138.51.78. Number of nodes 181
EtherApe-INFO: 18:16:31.989: delete node: IP: 176.122.113.14. Number of nodes 180
EtherApe-INFO: 18:16:38.560: delete node: IP: 35.157.63.228. Number of nodes 179
EtherApe-INFO: 18:16:39.072: New node: IP: 35.157.63.228. Number of nodes 180
EtherApe-INFO: 18:16:40.590: New node: IP: 104.18.41.233. Number of nodes 181
EtherApe-INFO: 18:16:41.105: New node: IP: 42.240.129.94. Number of nodes 182
EtherApe-INFO: 18:16:41.490: delete node: IP: 172.217.16.2. Number of nodes 181
EtherApe-INFO: 18:16:46.770: delete node: IP: 205.210.31.55. Number of nodes 180
EtherApe-INFO: 18:16:51.663: New node: IP: 104.16.182.15. Number of nodes 181
EtherApe-INFO: 18:16:51.663: New node: IP: 142.250.186.196. Number of nodes 182
EtherApe-INFO: 18:16:51.664: New node: IP: 104.192.141.1. Number of nodes 183
EtherApe-INFO: 18:16:51.665: New node: IP: 104.81.124.57. Number of nodes 184
EtherApe-INFO: 18:16:52.401: New node: IP: 151.101.1.21. Number of nodes 185
EtherApe-INFO: 18:16:52.404: New node: IP: 151.101.0.176. Number of nodes 186
EtherApe-INFO: 18:16:52.411: New node: IP: 2.18.29.130. Number of nodes 187
EtherApe-INFO: 18:16:52.670: New node: IP: 104.81.209.157. Number of nodes 188
EtherApe-INFO: 18:16:52.682: New node: IP: 104.81.124.174. Number of nodes 189
EtherApe-INFO: 18:16:53.168: New node: IP: 104.81.216.158. Number of nodes 190
EtherApe-INFO: 18:16:53.171: New node: IP: 185.166.143.30. Number of nodes 191
EtherApe-INFO: 18:16:53.681: New node: IP: 104.16.181.15. Number of nodes 192
EtherApe-INFO: 18:16:53.682: New node: IP: 108.138.51.90. Number of nodes 193
EtherApe-INFO: 18:16:53.683: New node: IP: 108.138.51.32. Number of nodes 194
EtherApe-INFO: 18:16:53.939: New node: IP: 216.58.215.99. Number of nodes 195
EtherApe-INFO: 18:16:53.971: New node: IP: 34.149.155.70. Number of nodes 196
EtherApe-INFO: 18:16:54.463: New node: IP: 52.223.33.116. Number of nodes 197
EtherApe-INFO: 18:16:55.218: New node: IP: 52.72.11.212. Number of nodes 198
EtherApe-INFO: 18:16:55.986: New node: IP: 192.178.25.170. Number of nodes 199
EtherApe-INFO: 18:16:57.263: New node: IP: 44.234.208.169. Number of nodes 200
EtherApe-INFO: 18:16:57.431: New node: IP: 216.58.209.4. Number of nodes 201
EtherApe-INFO: 18:16:57.440: New node: IP: 18.244.102.19. Number of nodes 202
EtherApe-INFO: 18:16:57.440: New node: IP: 64.225.111.153. Number of nodes 203
EtherApe-INFO: 18:16:57.498: New node: IP: 185.166.143.38. Number of nodes 204
EtherApe-INFO: 18:16:57.498: New node: IP: 159.65.170.203. Number of nodes 205
EtherApe-INFO: 18:16:57.831: New node: IP: 216.58.208.197. Number of nodes 206
EtherApe-INFO: 18:16:58.538: New node: IP: 192.178.25.182. Number of nodes 207
EtherApe-INFO: 18:16:59.074: New node: IP: 172.104.238.162. Number of nodes 208
EtherApe-INFO: 18:17:00.296: New node: IP: 18.159.197.225. Number of nodes 209
EtherApe-INFO: 18:17:00.821: New node: IP: 18.244.102.7. Number of nodes 210
EtherApe-INFO: 18:17:00.847: New node: IP: 172.217.16.42. Number of nodes 211
EtherApe-INFO: 18:17:01.361: New node: IP: 108.138.51.12. Number of nodes 212
EtherApe-INFO: 18:17:02.790: New node: IP: 18.66.233.78. Number of nodes 213
EtherApe-INFO: 18:17:02.924: delete node: IP: 192.241.202.41. Number of nodes 212
EtherApe-INFO: 18:17:03.258: New node: IP: 18.205.93.8. Number of nodes 213
EtherApe-INFO: 18:17:03.492: New node: IP: 185.166.143.35. Number of nodes 214
EtherApe-INFO: 18:17:03.494: New node: IP: 185.166.143.32. Number of nodes 215
EtherApe-INFO: 18:17:05.280: New node: IP: 194.180.48.74. Number of nodes 216
EtherApe-INFO: 18:17:05.340: delete node: IP: 208.89.12.87. Number of nodes 215
EtherApe-INFO: 18:17:05.653: New node: IP: 142.250.203.195. Number of nodes 216
EtherApe-INFO: 18:17:07.439: delete node: IP: 3.65.102.105. Number of nodes 215
EtherApe-INFO: 18:17:07.892: New node: IP: 175.215.118.157. Number of nodes 216
EtherApe-INFO: 18:17:11.123: New node: IP: 96.16.54.146. Number of nodes 217
EtherApe-INFO: 18:17:13.832: New node: IP: 3.67.245.95. Number of nodes 218
EtherApe-INFO: 18:17:14.600: New node: IP: 108.138.51.82. Number of nodes 219
EtherApe-INFO: 18:17:14.889: New node: IP: 3.67.35.217. Number of nodes 220
EtherApe-INFO: 18:17:15.069: New node: IP: 108.138.50.116. Number of nodes 221
EtherApe-INFO: 18:17:17.128: delete node: IP: 172.67.71.73. Number of nodes 220
EtherApe-INFO: 18:17:18.920: delete node: IP: 192.241.207.99. Number of nodes 219
EtherApe-INFO: 18:17:19.149: delete node: IP: 185.233.19.94. Number of nodes 218
EtherApe-INFO: 18:17:19.376: New node: IP: 74.125.134.94. Number of nodes 219
EtherApe-INFO: 18:17:19.377: New node: IP: 172.217.12.3. Number of nodes 220
EtherApe-INFO: 18:17:19.378: New node: IP: 172.217.16.195. Number of nodes 221
EtherApe-INFO: 18:17:19.378: New node: IP: 172.217.16.3. Number of nodes 222
EtherApe-INFO: 18:17:19.764: delete node: IP: 35.157.63.227. Number of nodes 221
EtherApe-INFO: 18:17:20.400: New node: IP: 35.157.63.227. Number of nodes 222
EtherApe-INFO: 18:17:20.404: delete node: IP: 173.255.206.39. Number of nodes 221
EtherApe-INFO: 18:17:23.232: delete node: IP: 185.199.111.133. Number of nodes 220
EtherApe-INFO: 18:17:23.502: delete node: IP: 193.19.152.72. Number of nodes 219
EtherApe-INFO: 18:17:24.009: delete node: IP: 130.14.29.110. Number of nodes 218
EtherApe-INFO: 18:17:24.221: New node: IP: 195.64.151.248. Number of nodes 219
EtherApe-INFO: 18:17:24.497: delete node: IP: 149.154.167.216. Number of nodes 218
EtherApe-INFO: 18:17:25.005: delete node: IP: 213.160.157.254. Number of nodes 217
EtherApe-INFO: 18:17:25.845: delete node: IP: 216.58.215.66. Number of nodes 216
EtherApe-INFO: 18:17:25.845: delete node: IP: 142.250.203.130. Number of nodes 215
EtherApe-INFO: 18:17:26.020: New node: IP: 18.244.102.49. Number of nodes 216
EtherApe-INFO: 18:17:26.020: New node: IP: 52.22.88.14. Number of nodes 217
EtherApe-INFO: 18:17:26.121: delete node: IP: 217.65.3.21. Number of nodes 216
EtherApe-INFO: 18:17:26.479: New node: IP: 52.84.195.11. Number of nodes 217
EtherApe-INFO: 18:17:26.504: delete node: IP: 67.20.100.192. Number of nodes 216
EtherApe-INFO: 18:17:26.737: New node: IP: 100.26.0.81. Number of nodes 217
EtherApe-INFO: 18:17:27.246: New node: IP: 18.244.102.106. Number of nodes 218
EtherApe-INFO: 18:17:27.281: delete node: IP: 172.217.16.33. Number of nodes 217
EtherApe-INFO: 18:17:27.758: New node: IP: 34.204.119.118. Number of nodes 218
EtherApe-INFO: 18:17:28.107: delete node: IP: 108.138.51.41. Number of nodes 217
EtherApe-INFO: 18:17:28.404: delete node: IP: 157.240.224.7. Number of nodes 216
EtherApe-INFO: 18:17:29.041: delete node: IP: 192.0.66.96. Number of nodes 215
EtherApe-INFO: 18:17:29.829: delete node: IP: 3.219.151.92. Number of nodes 214
EtherApe-INFO: 18:17:30.022: New node: IP: 199.232.148.193. Number of nodes 215
EtherApe-INFO: 18:17:30.610: delete node: IP: 193.17.93.93. Number of nodes 214
EtherApe-INFO: 18:17:31.560: New node: IP: 151.101.130.217. Number of nodes 215
EtherApe-INFO: 18:17:31.623: delete node: IP: 31.43.47.204. Number of nodes 214
EtherApe-INFO: 18:17:32.070: New node: IP: 15.197.213.252. Number of nodes 215
EtherApe-INFO: 18:17:33.094: New node: IP: 18.66.233.6. Number of nodes 216
EtherApe-INFO: 18:17:35.597: delete node: IP: 31.43.58.108. Number of nodes 215
EtherApe-INFO: 18:17:35.985: delete node: IP: 68.183.241.41. Number of nodes 214
