(etherape:8256): GLib-GIO-DEBUG: 16:29:23.718: _g_io_module_get_default: Found default implementation local (GLocalVfs) for ‘gio-vfs’
(etherape:8256): GLib-GIO-DEBUG: 16:29:23.798: Using cross-namespace EXTERNAL authentication (this will deadlock if server is GDBus < 2.73.3)
EtherApe-INFO: 16:29:23.862: sctp protocol not supported
EtherApe-INFO: 16:29:23.862: dccp protocol not supported
EtherApe-INFO: 16:29:23.862: sctp protocol not supported
EtherApe-INFO: 16:29:23.862: sctp protocol not supported
EtherApe-INFO: 16:29:23.862: sctp protocol not supported
EtherApe-INFO: 16:29:23.862: sctp protocol not supported
EtherApe-INFO: 16:29:23.863: sctp protocol not supported
EtherApe-INFO: 16:29:23.863: sctp protocol not supported
EtherApe-INFO: 16:29:23.864: sctp protocol not supported
EtherApe-INFO: 16:29:23.864: dccp protocol not supported
EtherApe-INFO: 16:29:23.864: sctp protocol not supported
EtherApe-INFO: 16:29:23.864: dccp protocol not supported
EtherApe-INFO: 16:29:23.864: dccp protocol not supported
EtherApe-INFO: 16:29:23.864: sctp protocol not supported
EtherApe-INFO: 16:29:23.864: sctp protocol not supported
EtherApe-INFO: 16:29:23.865: sctp protocol not supported
EtherApe-INFO: 16:29:23.865: sctp protocol not supported
EtherApe-INFO: 16:29:23.865: sctp protocol not supported
EtherApe-INFO: 16:29:23.866: sctp protocol not supported
EtherApe-INFO: 16:29:23.866: sctp protocol not supported
EtherApe-INFO: 16:29:23.866: sctp protocol not supported
EtherApe-INFO: 16:29:23.866: sctp protocol not supported
EtherApe-INFO: 16:29:23.866: sctp protocol not supported
EtherApe-INFO: 16:29:23.867: sctp protocol not supported
EtherApe-INFO: 16:29:23.867: sctp protocol not supported
EtherApe-INFO: 16:29:23.867: sctp protocol not supported
EtherApe-INFO: 16:29:23.867: sctp protocol not supported
EtherApe-INFO: 16:29:23.868: sctp protocol not supported
EtherApe-INFO: 16:29:23.868: dccp protocol not supported
EtherApe-INFO: 16:29:23.868: sctp protocol not supported
EtherApe-INFO: 16:29:23.868: sctp protocol not supported
EtherApe-INFO: 16:29:23.868: dccp protocol not supported
EtherApe-INFO: 16:29:23.868: sctp protocol not supported
EtherApe-INFO: 16:29:23.868: sctp protocol not supported
EtherApe-INFO: 16:29:23.868: sctp protocol not supported
EtherApe-INFO: 16:29:23.868: dccp protocol not supported
EtherApe-INFO: 16:29:23.868: dccp protocol not supported
EtherApe-INFO: 16:29:23.868: sctp protocol not supported
EtherApe-INFO: 16:29:23.868: sctp protocol not supported
EtherApe-INFO: 16:29:23.869: sctp protocol not supported
EtherApe-INFO: 16:29:23.869: sctp protocol not supported
EtherApe-INFO: 16:29:23.869: sctp protocol not supported
EtherApe-INFO: 16:29:23.869: sctp protocol not supported
EtherApe-INFO: 16:29:23.869: sctp protocol not supported
EtherApe-INFO: 16:29:23.869: sctp protocol not supported
EtherApe-INFO: 16:29:23.869: sctp protocol not supported
EtherApe-INFO: 16:29:23.869: sctp protocol not supported
EtherApe-INFO: 16:29:23.869: sctp protocol not supported
EtherApe-INFO: 16:29:23.869: sctp protocol not supported
EtherApe-INFO: 16:29:23.869: sctp protocol not supported
EtherApe-INFO: 16:29:23.869: sctp protocol not supported
EtherApe-INFO: 16:29:23.869: sctp protocol not supported
EtherApe-INFO: 16:29:23.869: sctp protocol not supported
EtherApe-INFO: 16:29:23.869: sctp protocol not supported
EtherApe-INFO: 16:29:23.869: sctp protocol not supported
EtherApe-INFO: 16:29:23.869: sctp protocol not supported
EtherApe-INFO: 16:29:23.869: sctp protocol not supported
EtherApe-INFO: 16:29:23.870: dccp protocol not supported
EtherApe-INFO: 16:29:23.870: sctp protocol not supported
EtherApe-INFO: 16:29:23.870: sctp protocol not supported
EtherApe-INFO: 16:29:23.870: sctp protocol not supported
EtherApe-INFO: 16:29:23.870: sctp protocol not supported
EtherApe-INFO: 16:29:23.870: sctp protocol not supported
EtherApe-INFO: 16:29:23.870: sctp protocol not supported
EtherApe-INFO: 16:29:23.870: sctp protocol not supported
EtherApe-INFO: 16:29:23.870: sctp protocol not supported
EtherApe-INFO: 16:29:23.870: sctp protocol not supported
EtherApe-INFO: 16:29:23.870: sctp protocol not supported
EtherApe-INFO: 16:29:23.871: sctp protocol not supported
EtherApe-INFO: 16:29:23.871: sctp protocol not supported
EtherApe-INFO: 16:29:23.871: sctp protocol not supported
EtherApe-INFO: 16:29:23.871: sctp protocol not supported
EtherApe-INFO: 16:29:23.871: sctp protocol not supported
EtherApe-INFO: 16:29:23.871: sctp protocol not supported
EtherApe-INFO: 16:29:23.871: sctp protocol not supported
EtherApe-INFO: 16:29:23.871: sctp protocol not supported
EtherApe-INFO: 16:29:23.871: sctp protocol not supported
EtherApe-INFO: 16:29:23.871: sctp protocol not supported
EtherApe-INFO: 16:29:23.871: sctp protocol not supported
EtherApe-INFO: 16:29:23.872: sctp protocol not supported
EtherApe-INFO: 16:29:23.872: sctp protocol not supported
EtherApe-INFO: 16:29:23.872: sctp protocol not supported
EtherApe-INFO: 16:29:23.872: sctp protocol not supported
EtherApe-INFO: 16:29:23.872: sctp protocol not supported
EtherApe-INFO: 16:29:23.872: sctp protocol not supported
EtherApe-INFO: 16:29:23.872: sctp protocol not supported
EtherApe-INFO: 16:29:23.872: sctp protocol not supported
EtherApe-INFO: 16:29:23.872: sctp protocol not supported
EtherApe-INFO: 16:29:23.872: sctp protocol not supported
EtherApe-INFO: 16:29:23.872: sctp protocol not supported
EtherApe-INFO: 16:29:23.872: sctp protocol not supported
EtherApe-INFO: 16:29:23.872: sctp protocol not supported
EtherApe-INFO: 16:29:23.872: sctp protocol not supported
EtherApe-INFO: 16:29:23.872: sctp protocol not supported
EtherApe-INFO: 16:29:23.882: get_interface result: ''
EtherApe-INFO: 16:29:23.882: Available interfaces for capture: dbus-session dbus-system nfqueue nflog bluetooth-monitor bluetooth0 lo any wlp2s0
EtherApe-INFO: 16:29:23.883: Link type is LINUX_SLL
EtherApe-INFO: 16:29:23.883: Diagram started
EtherApe-INFO: 16:29:25.163: New node: IP: 149.154.167.41. Number of nodes 1
EtherApe-INFO: 16:29:25.163: New node: IP: 192.168.1.249. Number of nodes 2
EtherApe-INFO: 16:29:26.444: New node: IP: 34.107.221.82. Number of nodes 3
EtherApe-INFO: 16:29:26.955: New node: IP: 8.8.8.8. Number of nodes 4
EtherApe-INFO: 16:29:26.955: New node: IP: 93.184.220.29. Number of nodes 5
EtherApe-INFO: 16:29:26.956: New node: IP: 35.162.78.62. Number of nodes 6
EtherApe-INFO: 16:29:26.956: New node: IP: 87.245.216.107. Number of nodes 7
EtherApe-INFO: 16:29:26.956: New node: IP: 34.223.171.232. Number of nodes 8
EtherApe-INFO: 16:29:29.515: New node: IP: 104.18.21.226. Number of nodes 9
EtherApe-INFO: 16:29:31.563: New node: IP: 1.1.1.1. Number of nodes 10
EtherApe-INFO: 16:29:39.499: New node: IP: 3.218.231.251. Number of nodes 11
EtherApe-INFO: 16:29:50.253: New node: IP: 34.120.208.123. Number of nodes 12
EtherApe-INFO: 16:29:50.765: New node: IP: 104.16.249.249. Number of nodes 13
EtherApe-INFO: 16:29:51.533: New node: IP: 149.154.167.50. Number of nodes 14
EtherApe-INFO: 16:29:52.045: New node: IP: 18.66.130.57. Number of nodes 15
EtherApe-INFO: 16:29:52.301: New node: IP: 3.225.177.104. Number of nodes 16
EtherApe-INFO: 16:29:52.305: New node: IP: 52.29.45.5. Number of nodes 17
EtherApe-INFO: 16:29:52.305: New node: IP: 108.138.17.18. Number of nodes 18
EtherApe-INFO: 16:29:52.558: New node: IP: 108.138.24.78. Number of nodes 19
EtherApe-INFO: 16:29:52.571: New node: IP: 216.58.208.197. Number of nodes 20
EtherApe-INFO: 16:29:52.813: New node: IP: 216.58.209.3. Number of nodes 21
EtherApe-INFO: 16:29:53.325: New node: IP: 13.32.103.36. Number of nodes 22
EtherApe-INFO: 16:29:53.329: New node: IP: 18.66.98.108. Number of nodes 23
EtherApe-INFO: 16:29:54.862: New node: IP: 216.58.215.99. Number of nodes 24
EtherApe-INFO: 16:29:55.118: New node: IP: 172.217.16.46. Number of nodes 25
EtherApe-INFO: 16:29:56.142: New node: IP: 142.250.186.196. Number of nodes 26
EtherApe-INFO: 16:29:56.147: New node: IP: 172.217.16.10. Number of nodes 27
EtherApe-INFO: 16:29:56.409: New node: IP: 140.82.113.26. Number of nodes 28
EtherApe-INFO: 16:29:56.654: New node: IP: 140.82.121.4. Number of nodes 29
EtherApe-INFO: 16:29:57.424: New node: IP: 185.199.108.154. Number of nodes 30
EtherApe-INFO: 16:29:57.681: New node: IP: 13.32.121.59. Number of nodes 31
EtherApe-INFO: 16:29:58.189: New node: IP: 149.154.167.216. Number of nodes 32
EtherApe-INFO: 16:29:58.474: New node: IP: 216.58.208.206. Number of nodes 33
EtherApe-INFO: 16:29:58.475: New node: IP: 185.199.111.133. Number of nodes 34
EtherApe-INFO: 16:29:58.712: New node: IP: 192.168.0.1. Number of nodes 35
EtherApe-INFO: 16:29:59.251: New node: IP: 216.58.209.14. Number of nodes 36
EtherApe-INFO: 16:29:59.481: New node: IP: 142.250.203.202. Number of nodes 37
EtherApe-INFO: 16:29:59.979: New node: IP: 172.217.16.42. Number of nodes 38
EtherApe-INFO: 16:29:59.987: New node: IP: 192.168.0.218. Number of nodes 39
EtherApe-INFO: 16:30:00.035: New node: IP: 192.168.0.157. Number of nodes 40
EtherApe-INFO: 16:30:01.027: New node: IP: 142.250.75.10. Number of nodes 41
EtherApe-INFO: 16:30:01.046: New node: IP: 13.32.121.62. Number of nodes 42
EtherApe-INFO: 16:30:01.057: New node: IP: 142.250.186.202. Number of nodes 43
EtherApe-INFO: 16:30:01.304: New node: IP: 13.32.99.49. Number of nodes 44
EtherApe-INFO: 16:30:01.371: New node: IP: 172.217.16.33. Number of nodes 45
EtherApe-INFO: 16:30:01.373: New node: IP: 216.58.215.118. Number of nodes 46
EtherApe-INFO: 16:30:01.848: New node: IP: 142.250.203.142. Number of nodes 47
EtherApe-INFO: 16:30:02.820: New node: IP: 104.18.40.133. Number of nodes 48
EtherApe-INFO: 16:30:02.868: New node: IP: 18.66.122.110. Number of nodes 49
EtherApe-INFO: 16:30:02.911: New node: IP: 52.222.226.205. Number of nodes 50
EtherApe-INFO: 16:30:03.321: New node: IP: 142.250.186.195. Number of nodes 51
EtherApe-INFO: 16:30:03.336: New node: IP: 104.96.147.241. Number of nodes 52
EtherApe-INFO: 16:30:03.373: New node: IP: 142.250.203.206. Number of nodes 53
EtherApe-INFO: 16:30:04.362: New node: IP: 172.64.147.123. Number of nodes 54
EtherApe-INFO: 16:30:04.392: New node: IP: 192.124.249.22. Number of nodes 55
EtherApe-INFO: 16:30:04.410: New node: IP: 18.209.115.51. Number of nodes 56
EtherApe-INFO: 16:30:04.639: New node: IP: 54.170.196.176. Number of nodes 57
EtherApe-INFO: 16:30:05.378: New node: IP: 104.17.49.74. Number of nodes 58
EtherApe-INFO: 16:30:05.378: New node: IP: 104.18.12.33. Number of nodes 59
EtherApe-INFO: 16:30:05.378: New node: IP: 34.107.141.31. Number of nodes 60
EtherApe-INFO: 16:30:05.663: New node: IP: 104.16.149.64. Number of nodes 61
EtherApe-INFO: 16:30:06.894: New node: IP: 52.51.253.173. Number of nodes 62
EtherApe-INFO: 16:30:07.404: New node: IP: 104.17.50.74. Number of nodes 63
EtherApe-INFO: 16:30:07.404: New node: IP: 172.64.106.28. Number of nodes 64
EtherApe-INFO: 16:30:07.662: New node: IP: 104.26.7.173. Number of nodes 65
EtherApe-INFO: 16:30:07.936: New node: IP: 62.182.19.39. Number of nodes 66
EtherApe-INFO: 16:30:08.428: New node: IP: 35.186.227.140. Number of nodes 67
EtherApe-INFO: 16:30:09.967: New node: IP: 87.245.217.77. Number of nodes 68
EtherApe-INFO: 16:30:09.968: New node: IP: 176.122.96.225. Number of nodes 69
EtherApe-INFO: 16:30:09.972: New node: IP: 45.57.80.145. Number of nodes 70
EtherApe-INFO: 16:30:10.224: New node: IP: 34.240.82.124. Number of nodes 71
EtherApe-INFO: 16:30:10.483: New node: IP: 52.214.151.249. Number of nodes 72
EtherApe-INFO: 16:30:10.486: New node: IP: 45.57.40.1. Number of nodes 73
EtherApe-INFO: 16:30:16.107: New node: IP: 45.57.41.1. Number of nodes 74
EtherApe-INFO: 16:30:49.356: New node: IP: 149.154.167.255. Number of nodes 75
EtherApe-INFO: 16:30:52.683: New node: IP: 91.236.251.12. Number of nodes 76
EtherApe-INFO: 16:31:28.797: New node: IP: 54.73.148.110. Number of nodes 77
EtherApe-INFO: 16:31:29.300: New node: IP: 208.68.240.115. Number of nodes 78
EtherApe-INFO: 16:31:29.570: New node: IP: 3.127.160.74. Number of nodes 79
EtherApe-INFO: 16:31:29.575: New node: IP: 3.122.47.55. Number of nodes 80
EtherApe-INFO: 16:31:29.590: New node: IP: 192.254.234.107. Number of nodes 81
EtherApe-INFO: 16:31:30.062: New node: IP: 34.107.134.59. Number of nodes 82
EtherApe-INFO: 16:31:30.071: New node: IP: 104.16.100.56. Number of nodes 83
EtherApe-INFO: 16:31:30.076: New node: IP: 104.21.60.220. Number of nodes 84
EtherApe-INFO: 16:31:30.099: New node: IP: 104.21.30.137. Number of nodes 85
EtherApe-INFO: 16:31:30.318: New node: IP: 54.144.149.60. Number of nodes 86
EtherApe-INFO: 16:31:30.331: New node: IP: 142.250.203.196. Number of nodes 87
EtherApe-INFO: 16:31:30.333: New node: IP: 139.59.209.225. Number of nodes 88
EtherApe-INFO: 16:31:30.334: New node: IP: 104.198.63.0. Number of nodes 89
EtherApe-INFO: 16:31:30.338: New node: IP: 35.228.236.242. Number of nodes 90
EtherApe-INFO: 16:31:30.342: New node: IP: 134.213.70.247. Number of nodes 91
EtherApe-INFO: 16:31:30.346: New node: IP: 142.250.186.206. Number of nodes 92
EtherApe-INFO: 16:31:30.349: New node: IP: 172.64.155.91. Number of nodes 93
EtherApe-INFO: 16:31:30.577: New node: IP: 87.245.216.9. Number of nodes 94
EtherApe-INFO: 16:31:31.665: delete node: IP: 1.1.1.1. Number of nodes 93
EtherApe-INFO: 16:31:32.623: New node: IP: 18.66.233.125. Number of nodes 94
EtherApe-INFO: 16:31:33.695: New node: IP: 45.57.91.1. Number of nodes 95
EtherApe-INFO: 16:31:33.695: New node: IP: 45.57.90.1. Number of nodes 96
EtherApe-INFO: 16:31:33.696: New node: IP: 44.239.182.108. Number of nodes 97
EtherApe-INFO: 16:31:33.902: New node: IP: 104.16.148.64. Number of nodes 98
EtherApe-INFO: 16:31:33.902: New node: IP: 52.212.99.156. Number of nodes 99
EtherApe-INFO: 16:31:33.908: New node: IP: 108.138.17.26. Number of nodes 100
EtherApe-INFO: 16:31:43.306: New node: IP: 185.199.109.133. Number of nodes 101
EtherApe-INFO: 16:31:44.296: New node: IP: 35.244.234.223. Number of nodes 102
EtherApe-INFO: 16:31:44.552: New node: IP: 18.66.112.24. Number of nodes 103
EtherApe-INFO: 16:31:45.119: New node: IP: 142.250.186.214. Number of nodes 104
EtherApe-INFO: 16:31:45.482: New node: IP: 104.16.89.20. Number of nodes 105
EtherApe-INFO: 16:31:45.619: New node: IP: 104.17.182.52. Number of nodes 106
EtherApe-INFO: 16:31:46.393: New node: IP: 142.250.203.138. Number of nodes 107
EtherApe-INFO: 16:31:47.223: New node: IP: 142.250.203.129. Number of nodes 108
EtherApe-INFO: 16:31:47.685: New node: IP: 104.16.126.175. Number of nodes 109
EtherApe-INFO: 16:31:47.932: New node: IP: 176.122.110.206. Number of nodes 110
EtherApe-INFO: 16:31:48.464: New node: IP: 1.1.1.1. Number of nodes 111
EtherApe-INFO: 16:31:48.957: New node: IP: 104.17.70.206. Number of nodes 112
EtherApe-INFO: 16:31:48.969: New node: IP: 193.164.229.51. Number of nodes 113
EtherApe-INFO: 16:31:49.740: New node: IP: 104.17.182.73. Number of nodes 114
EtherApe-INFO: 16:31:49.759: New node: IP: 104.17.210.204. Number of nodes 115
EtherApe-INFO: 16:31:49.764: New node: IP: 52.222.236.47. Number of nodes 116
EtherApe-INFO: 16:31:49.768: New node: IP: 108.138.24.11. Number of nodes 117
EtherApe-INFO: 16:31:49.771: New node: IP: 104.17.186.73. Number of nodes 118
EtherApe-INFO: 16:31:53.815: New node: IP: 52.85.122.132. Number of nodes 119
EtherApe-INFO: 16:31:54.072: New node: IP: 130.14.29.110. Number of nodes 120
EtherApe-INFO: 16:31:54.329: New node: IP: 184.51.8.218. Number of nodes 121
EtherApe-INFO: 16:31:54.398: New node: IP: 184.51.8.217. Number of nodes 122
EtherApe-INFO: 16:31:54.592: New node: IP: 172.217.16.54. Number of nodes 123
EtherApe-INFO: 16:31:54.842: New node: IP: 13.107.219.45. Number of nodes 124
EtherApe-INFO: 16:31:59.708: New node: IP: 142.250.203.131. Number of nodes 125
EtherApe-INFO: 16:31:59.709: New node: IP: 216.58.208.196. Number of nodes 126
EtherApe-INFO: 16:32:01.388: delete node: IP: 216.58.215.118. Number of nodes 125
EtherApe-INFO: 16:32:01.494: delete node: IP: 172.217.16.33. Number of nodes 124
EtherApe-INFO: 16:32:03.293: New node: IP: 172.64.155.188. Number of nodes 125
EtherApe-INFO: 16:32:03.565: New node: IP: 185.199.110.133. Number of nodes 126
EtherApe-INFO: 16:32:04.754: delete node: IP: 18.209.115.51. Number of nodes 125
EtherApe-INFO: 16:32:05.311: New node: IP: 104.16.88.20. Number of nodes 126
EtherApe-INFO: 16:32:06.307: New node: IP: 192.124.249.41. Number of nodes 127
EtherApe-INFO: 16:32:06.317: New node: IP: 142.250.75.14. Number of nodes 128
EtherApe-INFO: 16:32:06.319: New node: IP: 104.18.26.85. Number of nodes 129
EtherApe-INFO: 16:32:06.812: New node: IP: 35.171.15.47. Number of nodes 130
EtherApe-INFO: 16:32:07.338: New node: IP: 18.66.15.36. Number of nodes 131
EtherApe-INFO: 16:32:07.343: New node: IP: 184.51.8.216. Number of nodes 132
EtherApe-INFO: 16:32:07.507: delete node: IP: 34.223.171.232. Number of nodes 131
EtherApe-INFO: 16:32:07.629: New node: IP: 52.137.9.56. Number of nodes 132
EtherApe-INFO: 16:32:08.236: delete node: IP: 35.162.78.62. Number of nodes 131
EtherApe-INFO: 16:32:08.345: New node: IP: 142.250.203.195. Number of nodes 132
EtherApe-INFO: 16:32:08.944: New node: IP: 176.122.113.78. Number of nodes 133
EtherApe-INFO: 16:32:09.360: New node: IP: 9.9.9.9. Number of nodes 134
EtherApe-INFO: 16:32:11.148: New node: IP: 104.18.23.126. Number of nodes 135
EtherApe-INFO: 16:32:13.203: New node: IP: 23.246.26.136. Number of nodes 136
EtherApe-INFO: 16:32:13.209: New node: IP: 45.57.74.210. Number of nodes 137
EtherApe-INFO: 16:32:13.210: New node: IP: 45.57.80.142. Number of nodes 138
EtherApe-INFO: 16:32:13.211: New node: IP: 45.57.22.164. Number of nodes 139
EtherApe-INFO: 16:32:13.212: New node: IP: 45.57.80.144. Number of nodes 140
EtherApe-INFO: 16:32:13.217: New node: IP: 198.38.114.133. Number of nodes 141
EtherApe-INFO: 16:32:13.454: New node: IP: 74.125.111.138. Number of nodes 142
EtherApe-INFO: 16:32:15.269: New node: IP: 172.217.16.33. Number of nodes 143
EtherApe-INFO: 16:32:15.519: New node: IP: 142.250.203.193. Number of nodes 144
EtherApe-INFO: 16:32:16.069: New node: IP: 13.107.227.45. Number of nodes 145
EtherApe-INFO: 16:32:16.075: New node: IP: 18.66.147.167. Number of nodes 146
EtherApe-INFO: 16:32:16.341: New node: IP: 172.67.69.29. Number of nodes 147
EtherApe-INFO: 16:32:19.103: New node: IP: 142.250.203.150. Number of nodes 148
EtherApe-INFO: 16:32:19.604: New node: IP: 52.19.109.21. Number of nodes 149
EtherApe-INFO: 16:32:19.676: New node: IP: 104.17.182.177. Number of nodes 150
EtherApe-INFO: 16:32:19.900: New node: IP: 140.82.114.26. Number of nodes 151
EtherApe-INFO: 16:32:19.901: New node: IP: 104.17.184.177. Number of nodes 152
EtherApe-INFO: 16:32:21.438: delete node: IP: 45.57.41.1. Number of nodes 151
EtherApe-INFO: 16:32:21.672: New node: IP: 172.217.16.14. Number of nodes 152
EtherApe-INFO: 16:32:21.899: New node: IP: 192.168.1.1. Number of nodes 153
EtherApe-INFO: 16:32:22.148: New node: IP: 95.216.195.133. Number of nodes 154
EtherApe-INFO: 16:32:22.975: New node: IP: 104.16.42.65. Number of nodes 155
EtherApe-INFO: 16:32:23.232: New node: IP: 104.16.240.21. Number of nodes 156
EtherApe-INFO: 16:32:26.525: New node: IP: 18.213.140.148. Number of nodes 157
EtherApe-INFO: 16:32:26.528: New node: IP: 142.250.186.208. Number of nodes 158
EtherApe-INFO: 16:32:27.042: New node: IP: 108.138.24.186. Number of nodes 159
EtherApe-INFO: 16:32:28.090: New node: IP: 216.58.215.74. Number of nodes 160
EtherApe-INFO: 16:32:31.690: New node: IP: 216.58.208.202. Number of nodes 161
EtherApe-INFO: 16:32:31.967: New node: IP: 151.101.193.208. Number of nodes 162
EtherApe-INFO: 16:32:34.757: New node: IP: 104.17.185.73. Number of nodes 163
EtherApe-INFO: 16:32:35.012: New node: IP: 104.16.85.5. Number of nodes 164
EtherApe-INFO: 16:32:35.014: New node: IP: 104.16.87.5. Number of nodes 165
EtherApe-INFO: 16:32:35.784: New node: IP: 172.64.154.216. Number of nodes 166
EtherApe-INFO: 16:32:35.785: New node: IP: 104.18.33.40. Number of nodes 167
EtherApe-INFO: 16:32:35.787: New node: IP: 104.17.129.171. Number of nodes 168
EtherApe-INFO: 16:32:35.788: New node: IP: 104.17.130.171. Number of nodes 169
EtherApe-INFO: 16:32:36.039: New node: IP: 104.17.235.204. Number of nodes 170
EtherApe-INFO: 16:32:36.043: New node: IP: 104.16.215.237. Number of nodes 171
EtherApe-INFO: 16:32:36.070: New node: IP: 104.19.154.83. Number of nodes 172
EtherApe-INFO: 16:32:36.549: New node: IP: 104.19.155.83. Number of nodes 173
EtherApe-INFO: 16:32:46.312: delete node: IP: 87.245.217.77. Number of nodes 172
EtherApe-INFO: 16:32:52.948: delete node: IP: 91.236.251.12. Number of nodes 171
EtherApe-INFO: 16:32:54.219: delete node: IP: 52.29.45.5. Number of nodes 170
EtherApe-INFO: 16:33:05.009: delete node: IP: 104.18.21.226. Number of nodes 169
EtherApe-INFO: 16:33:05.579: delete node: IP: 149.154.167.255. Number of nodes 168
EtherApe-INFO: 16:33:11.173: delete node: IP: 172.64.147.123. Number of nodes 167
EtherApe-INFO: 16:33:11.173: delete node: IP: 142.250.186.202. Number of nodes 166
EtherApe-INFO: 16:33:11.173: delete node: IP: 108.138.17.18. Number of nodes 165
EtherApe-INFO: 16:33:11.173: delete node: IP: 104.18.12.33. Number of nodes 164
EtherApe-INFO: 16:33:11.173: delete node: IP: 104.17.50.74. Number of nodes 163
EtherApe-INFO: 16:33:11.173: delete node: IP: 104.17.49.74. Number of nodes 162
EtherApe-INFO: 16:33:11.173: delete node: IP: 54.170.196.176. Number of nodes 161
EtherApe-INFO: 16:33:11.173: delete node: IP: 52.222.226.205. Number of nodes 160
EtherApe-INFO: 16:33:11.173: delete node: IP: 34.120.208.123. Number of nodes 159
EtherApe-INFO: 16:33:11.173: delete node: IP: 34.107.141.31. Number of nodes 158
EtherApe-INFO: 16:33:11.173: delete node: IP: 18.66.98.108. Number of nodes 157
EtherApe-INFO: 16:33:11.173: delete node: IP: 13.32.99.49. Number of nodes 156
EtherApe-INFO: 16:33:11.437: delete node: IP: 172.64.106.28. Number of nodes 155
EtherApe-INFO: 16:33:11.437: delete node: IP: 3.225.177.104. Number of nodes 154
EtherApe-INFO: 16:33:25.284: delete node: IP: 52.51.253.173. Number of nodes 153
EtherApe-INFO: 16:33:27.014: delete node: IP: 149.154.167.216. Number of nodes 152
EtherApe-INFO: 16:33:30.312: delete node: IP: 192.168.0.218. Number of nodes 151
EtherApe-INFO: 16:33:30.312: delete node: IP: 192.168.0.1. Number of nodes 150
EtherApe-INFO: 16:33:31.388: delete node: IP: 52.214.151.249. Number of nodes 149
EtherApe-INFO: 16:33:31.388: delete node: IP: 34.240.82.124. Number of nodes 148
EtherApe-INFO: 16:33:33.899: delete node: IP: 45.57.40.1. Number of nodes 147
EtherApe-INFO: 16:33:34.192: delete node: IP: 45.57.80.145. Number of nodes 146
EtherApe-INFO: 16:33:34.442: delete node: IP: 34.107.134.59. Number of nodes 145
EtherApe-INFO: 16:33:36.526: delete node: IP: 140.82.113.26. Number of nodes 144
EtherApe-INFO: 16:33:38.311: delete node: IP: 134.213.70.247. Number of nodes 143
EtherApe-INFO: 16:33:41.606: New node: IP: 104.17.50.74. Number of nodes 144
EtherApe-INFO: 16:33:41.614: New node: IP: 104.17.49.74. Number of nodes 145
EtherApe-INFO: 16:33:42.854: New node: IP: 172.64.106.28. Number of nodes 146
EtherApe-INFO: 16:33:43.879: New node: IP: 18.66.122.60. Number of nodes 147
EtherApe-INFO: 16:33:44.915: New node: IP: 54.236.105.201. Number of nodes 148
EtherApe-INFO: 16:33:45.156: New node: IP: 62.182.99.48. Number of nodes 149
EtherApe-INFO: 16:33:49.221: delete node: IP: 172.217.16.10. Number of nodes 148
EtherApe-INFO: 16:33:50.693: delete node: IP: 185.199.109.133. Number of nodes 147
EtherApe-INFO: 16:33:50.693: delete node: IP: 45.57.90.1. Number of nodes 146
EtherApe-INFO: 16:33:52.250: delete node: IP: 192.168.0.157. Number of nodes 145
EtherApe-INFO: 16:34:03.490: delete node: IP: 142.250.203.196. Number of nodes 144
EtherApe-INFO: 16:34:05.515: delete node: IP: 104.17.186.73. Number of nodes 143
EtherApe-INFO: 16:34:06.765: New node: IP: 34.212.166.60. Number of nodes 144
EtherApe-INFO: 16:34:07.673: delete node: IP: 185.199.110.133. Number of nodes 143
EtherApe-INFO: 16:34:08.066: delete node: IP: 172.217.16.54. Number of nodes 142
EtherApe-INFO: 16:34:09.377: delete node: IP: 130.14.29.110. Number of nodes 141
EtherApe-INFO: 16:34:12.466: delete node: IP: 9.9.9.9. Number of nodes 140
EtherApe-INFO: 16:34:12.466: delete node: IP: 1.1.1.1. Number of nodes 139
EtherApe-INFO: 16:34:13.219: delete node: IP: 52.212.99.156. Number of nodes 138
EtherApe-INFO: 16:34:13.705: delete node: IP: 74.125.111.138. Number of nodes 137
EtherApe-INFO: 16:34:15.278: delete node: IP: 216.58.208.196. Number of nodes 136
EtherApe-INFO: 16:34:15.773: delete node: IP: 142.250.203.131. Number of nodes 135
EtherApe-INFO: 16:34:17.810: delete node: IP: 172.217.16.46. Number of nodes 134
EtherApe-INFO: 16:34:19.127: delete node: IP: 142.250.203.193. Number of nodes 133
EtherApe-INFO: 16:34:20.102: delete node: IP: 52.19.109.21. Number of nodes 132
EtherApe-INFO: 16:34:21.889: delete node: IP: 172.217.16.14. Number of nodes 131
EtherApe-INFO: 16:34:22.225: delete node: IP: 192.168.1.1. Number of nodes 130
EtherApe-INFO: 16:34:22.225: delete node: IP: 104.17.182.177. Number of nodes 129
EtherApe-INFO: 16:34:22.477: delete node: IP: 95.216.195.133. Number of nodes 128
EtherApe-INFO: 16:34:23.025: delete node: IP: 176.122.96.225. Number of nodes 127
EtherApe-INFO: 16:34:23.709: delete node: IP: 208.68.240.115. Number of nodes 126
EtherApe-INFO: 16:34:24.228: delete node: IP: 45.57.80.144. Number of nodes 125
EtherApe-INFO: 16:34:24.463: delete node: IP: 45.57.80.142. Number of nodes 124
EtherApe-INFO: 16:34:24.463: delete node: IP: 45.57.22.164. Number of nodes 123
EtherApe-INFO: 16:34:24.719: delete node: IP: 198.38.114.133. Number of nodes 122
EtherApe-INFO: 16:34:24.719: delete node: IP: 45.57.74.210. Number of nodes 121
EtherApe-INFO: 16:34:24.719: delete node: IP: 23.246.26.136. Number of nodes 120
EtherApe-INFO: 16:34:25.732: delete node: IP: 45.57.91.1. Number of nodes 119
EtherApe-INFO: 16:34:26.746: delete node: IP: 192.254.234.107. Number of nodes 118
EtherApe-INFO: 16:34:28.099: delete node: IP: 142.250.186.208. Number of nodes 117
EtherApe-INFO: 16:34:28.099: delete node: IP: 104.17.182.73. Number of nodes 116
EtherApe-INFO: 16:34:29.554: delete node: IP: 18.213.140.148. Number of nodes 115
EtherApe-INFO: 16:34:32.654: delete node: IP: 216.58.208.202. Number of nodes 114
EtherApe-INFO: 16:34:32.654: delete node: IP: 18.66.122.110. Number of nodes 113
EtherApe-INFO: 16:34:35.754: delete node: IP: 104.16.85.5. Number of nodes 112
EtherApe-INFO: 16:34:35.754: delete node: IP: 62.182.19.39. Number of nodes 111
EtherApe-INFO: 16:34:36.023: delete node: IP: 104.17.129.171. Number of nodes 110
EtherApe-INFO: 16:34:36.248: delete node: IP: 172.64.154.216. Number of nodes 109
EtherApe-INFO: 16:34:36.749: delete node: IP: 104.19.155.83. Number of nodes 108
EtherApe-INFO: 16:34:36.977: delete node: IP: 44.239.182.108. Number of nodes 107
EtherApe-INFO: 16:34:41.114: delete node: IP: 35.228.236.242. Number of nodes 106
EtherApe-INFO: 16:35:04.624: delete node: IP: 3.127.160.74. Number of nodes 105
EtherApe-INFO: 16:35:04.624: delete node: IP: 3.122.47.55. Number of nodes 104
EtherApe-INFO: 16:35:08.718: New node: IP: 149.154.167.216. Number of nodes 105
EtherApe-INFO: 16:35:08.973: New node: IP: 91.236.251.12. Number of nodes 106
EtherApe-INFO: 16:35:18.286: delete node: IP: 192.124.249.41. Number of nodes 105
EtherApe-INFO: 16:35:19.807: delete node: IP: 192.124.249.22. Number of nodes 104
EtherApe-INFO: 16:35:20.854: delete node: IP: 52.137.9.56. Number of nodes 103
EtherApe-INFO: 16:35:26.646: delete node: IP: 87.245.216.107. Number of nodes 102
EtherApe-INFO: 16:35:26.646: delete node: IP: 34.107.221.82. Number of nodes 101
EtherApe-INFO: 16:35:37.727: delete node: IP: 104.198.63.0. Number of nodes 100
EtherApe-INFO: 16:35:41.823: delete node: IP: 104.17.49.74. Number of nodes 99
EtherApe-INFO: 16:35:47.184: delete node: IP: 18.66.122.60. Number of nodes 98
EtherApe-INFO: 16:35:48.271: delete node: IP: 54.236.105.201. Number of nodes 97
EtherApe-INFO: 16:35:48.509: delete node: IP: 216.58.215.99. Number of nodes 96
EtherApe-INFO: 16:35:49.212: delete node: IP: 3.218.231.251. Number of nodes 95
