(etherape:2723): GLib-GIO-DEBUG: 00:44:54.128: _g_io_module_get_default: Found default implementation local (GLocalVfs) for ‘gio-vfs’
(etherape:2723): GLib-GIO-DEBUG: 00:44:54.807: Using cross-namespace EXTERNAL authentication (this will deadlock if server is GDBus < 2.73.3)
EtherApe-INFO: 00:44:54.844: sctp protocol not supported
EtherApe-INFO: 00:44:54.844: dccp protocol not supported
EtherApe-INFO: 00:44:54.844: sctp protocol not supported
EtherApe-INFO: 00:44:54.844: sctp protocol not supported
EtherApe-INFO: 00:44:54.844: sctp protocol not supported
EtherApe-INFO: 00:44:54.844: sctp protocol not supported
EtherApe-INFO: 00:44:54.844: sctp protocol not supported
EtherApe-INFO: 00:44:54.844: sctp protocol not supported
EtherApe-INFO: 00:44:54.844: sctp protocol not supported
EtherApe-INFO: 00:44:54.844: dccp protocol not supported
EtherApe-INFO: 00:44:54.844: sctp protocol not supported
EtherApe-INFO: 00:44:54.844: dccp protocol not supported
EtherApe-INFO: 00:44:54.844: dccp protocol not supported
EtherApe-INFO: 00:44:54.844: sctp protocol not supported
EtherApe-INFO: 00:44:54.845: sctp protocol not supported
EtherApe-INFO: 00:44:54.845: sctp protocol not supported
EtherApe-INFO: 00:44:54.845: sctp protocol not supported
EtherApe-INFO: 00:44:54.845: sctp protocol not supported
EtherApe-INFO: 00:44:54.845: sctp protocol not supported
EtherApe-INFO: 00:44:54.845: sctp protocol not supported
EtherApe-INFO: 00:44:54.845: sctp protocol not supported
EtherApe-INFO: 00:44:54.845: sctp protocol not supported
EtherApe-INFO: 00:44:54.845: sctp protocol not supported
EtherApe-INFO: 00:44:54.846: sctp protocol not supported
EtherApe-INFO: 00:44:54.846: sctp protocol not supported
EtherApe-INFO: 00:44:54.846: sctp protocol not supported
EtherApe-INFO: 00:44:54.846: sctp protocol not supported
EtherApe-INFO: 00:44:54.846: sctp protocol not supported
EtherApe-INFO: 00:44:54.846: dccp protocol not supported
EtherApe-INFO: 00:44:54.846: sctp protocol not supported
EtherApe-INFO: 00:44:54.846: sctp protocol not supported
EtherApe-INFO: 00:44:54.846: dccp protocol not supported
EtherApe-INFO: 00:44:54.846: sctp protocol not supported
EtherApe-INFO: 00:44:54.846: sctp protocol not supported
EtherApe-INFO: 00:44:54.846: sctp protocol not supported
EtherApe-INFO: 00:44:54.846: dccp protocol not supported
EtherApe-INFO: 00:44:54.846: dccp protocol not supported
EtherApe-INFO: 00:44:54.846: sctp protocol not supported
EtherApe-INFO: 00:44:54.846: sctp protocol not supported
EtherApe-INFO: 00:44:54.846: sctp protocol not supported
EtherApe-INFO: 00:44:54.846: sctp protocol not supported
EtherApe-INFO: 00:44:54.846: sctp protocol not supported
EtherApe-INFO: 00:44:54.846: sctp protocol not supported
EtherApe-INFO: 00:44:54.846: sctp protocol not supported
EtherApe-INFO: 00:44:54.846: sctp protocol not supported
EtherApe-INFO: 00:44:54.846: sctp protocol not supported
EtherApe-INFO: 00:44:54.846: sctp protocol not supported
EtherApe-INFO: 00:44:54.846: sctp protocol not supported
EtherApe-INFO: 00:44:54.847: sctp protocol not supported
EtherApe-INFO: 00:44:54.847: sctp protocol not supported
EtherApe-INFO: 00:44:54.847: sctp protocol not supported
EtherApe-INFO: 00:44:54.847: sctp protocol not supported
EtherApe-INFO: 00:44:54.847: sctp protocol not supported
EtherApe-INFO: 00:44:54.847: sctp protocol not supported
EtherApe-INFO: 00:44:54.847: sctp protocol not supported
EtherApe-INFO: 00:44:54.847: sctp protocol not supported
EtherApe-INFO: 00:44:54.847: sctp protocol not supported
EtherApe-INFO: 00:44:54.847: dccp protocol not supported
EtherApe-INFO: 00:44:54.847: sctp protocol not supported
EtherApe-INFO: 00:44:54.847: sctp protocol not supported
EtherApe-INFO: 00:44:54.847: sctp protocol not supported
EtherApe-INFO: 00:44:54.847: sctp protocol not supported
EtherApe-INFO: 00:44:54.847: sctp protocol not supported
EtherApe-INFO: 00:44:54.847: sctp protocol not supported
EtherApe-INFO: 00:44:54.847: sctp protocol not supported
EtherApe-INFO: 00:44:54.847: sctp protocol not supported
EtherApe-INFO: 00:44:54.847: sctp protocol not supported
EtherApe-INFO: 00:44:54.847: sctp protocol not supported
EtherApe-INFO: 00:44:54.847: sctp protocol not supported
EtherApe-INFO: 00:44:54.847: sctp protocol not supported
EtherApe-INFO: 00:44:54.847: sctp protocol not supported
EtherApe-INFO: 00:44:54.847: sctp protocol not supported
EtherApe-INFO: 00:44:54.847: sctp protocol not supported
EtherApe-INFO: 00:44:54.847: sctp protocol not supported
EtherApe-INFO: 00:44:54.847: sctp protocol not supported
EtherApe-INFO: 00:44:54.847: sctp protocol not supported
EtherApe-INFO: 00:44:54.847: sctp protocol not supported
EtherApe-INFO: 00:44:54.847: sctp protocol not supported
EtherApe-INFO: 00:44:54.847: sctp protocol not supported
EtherApe-INFO: 00:44:54.847: sctp protocol not supported
EtherApe-INFO: 00:44:54.847: sctp protocol not supported
EtherApe-INFO: 00:44:54.847: sctp protocol not supported
EtherApe-INFO: 00:44:54.847: sctp protocol not supported
EtherApe-INFO: 00:44:54.847: sctp protocol not supported
EtherApe-INFO: 00:44:54.847: sctp protocol not supported
EtherApe-INFO: 00:44:54.847: sctp protocol not supported
EtherApe-INFO: 00:44:54.847: sctp protocol not supported
EtherApe-INFO: 00:44:54.847: sctp protocol not supported
EtherApe-INFO: 00:44:54.847: sctp protocol not supported
EtherApe-INFO: 00:44:54.847: sctp protocol not supported
EtherApe-INFO: 00:44:54.847: sctp protocol not supported
EtherApe-INFO: 00:44:54.847: sctp protocol not supported
EtherApe-INFO: 00:44:54.847: sctp protocol not supported
EtherApe-INFO: 00:44:54.847: sctp protocol not supported
EtherApe-INFO: 00:44:54.847: sctp protocol not supported
EtherApe-INFO: 00:44:54.847: sctp protocol not supported
EtherApe-INFO: 00:44:54.860: get_interface result: ''
EtherApe-INFO: 00:44:54.860: Available interfaces for capture: dbus-session dbus-system nfqueue nflog bluetooth-monitor lo any enp5s0
EtherApe-INFO: 00:44:54.860: Link type is LINUX_SLL
EtherApe-INFO: 00:44:54.861: Diagram started
EtherApe-INFO: 00:44:55.386: New node: IP: 104.18.40.204. Number of nodes 1
EtherApe-INFO: 00:44:55.386: New node: IP: 192.168.1.155. Number of nodes 2
EtherApe-INFO: 00:44:56.452: New node: IP: 108.177.119.84. Number of nodes 3
EtherApe-INFO: 00:44:56.723: New node: IP: 149.154.167.41. Number of nodes 4
EtherApe-INFO: 00:44:57.252: New node: IP: 192.168.1.1. Number of nodes 5
EtherApe-INFO: 00:44:58.319: New node: IP: 142.250.203.142. Number of nodes 6
EtherApe-INFO: 00:44:58.319: New node: IP: 142.250.203.202. Number of nodes 7
EtherApe-INFO: 00:44:58.319: New node: IP: 185.199.110.133. Number of nodes 8
EtherApe-INFO: 00:44:58.319: New node: IP: 216.239.36.178. Number of nodes 9
EtherApe-INFO: 00:44:58.319: New node: IP: 2.20.28.253. Number of nodes 10
EtherApe-INFO: 00:44:58.319: New node: IP: 71.191.185.32. Number of nodes 11
EtherApe-INFO: 00:44:58.319: New node: IP: 216.58.215.72. Number of nodes 12
EtherApe-INFO: 00:44:58.319: New node: IP: 151.101.128.201. Number of nodes 13
EtherApe-INFO: 00:44:58.319: New node: IP: 104.18.34.244. Number of nodes 14
EtherApe-INFO: 00:44:58.320: New node: IP: 104.81.118.248. Number of nodes 15
EtherApe-INFO: 00:44:58.586: New node: IP: 104.81.127.172. Number of nodes 16
EtherApe-INFO: 00:44:58.587: New node: IP: 142.250.75.14. Number of nodes 17
EtherApe-INFO: 00:44:58.587: New node: IP: 216.58.215.110. Number of nodes 18
EtherApe-INFO: 00:44:58.587: New node: IP: 31.43.58.109. Number of nodes 19
EtherApe-INFO: 00:44:59.652: New node: IP: 52.29.123.56. Number of nodes 20
EtherApe-INFO: 00:44:59.922: New node: IP: 172.64.155.119. Number of nodes 21
EtherApe-INFO: 00:44:59.923: New node: IP: 216.58.215.106. Number of nodes 22
EtherApe-INFO: 00:44:59.923: New node: IP: 163.47.74.1. Number of nodes 23
EtherApe-INFO: 00:44:59.923: New node: IP: 104.91.49.38. Number of nodes 24
EtherApe-INFO: 00:44:59.923: New node: IP: 104.19.177.52. Number of nodes 25
EtherApe-INFO: 00:45:01.522: New node: IP: 142.250.203.206. Number of nodes 26
EtherApe-INFO: 00:45:01.789: New node: IP: 185.199.109.153. Number of nodes 27
EtherApe-INFO: 00:45:01.789: New node: IP: 142.250.203.138. Number of nodes 28
EtherApe-INFO: 00:45:01.789: New node: IP: 142.250.186.202. Number of nodes 29
EtherApe-INFO: 00:45:03.386: New node: IP: 142.250.75.3. Number of nodes 30
EtherApe-INFO: 00:45:03.652: New node: IP: 172.217.16.36. Number of nodes 31
EtherApe-INFO: 00:45:04.985: New node: IP: 216.58.215.78. Number of nodes 32
EtherApe-INFO: 00:45:04.985: New node: IP: 108.177.127.92. Number of nodes 33
EtherApe-INFO: 00:45:04.985: New node: IP: 3.2.8.2. Number of nodes 34
EtherApe-INFO: 00:45:05.252: New node: IP: 35.158.127.51. Number of nodes 35
EtherApe-INFO: 00:45:06.586: New node: IP: 146.112.41.2. Number of nodes 36
EtherApe-INFO: 00:45:06.856: New node: IP: 108.177.14.188. Number of nodes 37
EtherApe-INFO: 00:45:06.856: New node: IP: 172.217.16.46. Number of nodes 38
EtherApe-INFO: 00:45:06.856: New node: IP: 142.250.203.195. Number of nodes 39
EtherApe-INFO: 00:45:06.856: New node: IP: 142.250.186.195. Number of nodes 40
EtherApe-INFO: 00:45:06.856: New node: IP: 64.226.122.113. Number of nodes 41
EtherApe-INFO: 00:45:07.385: New node: IP: 54.200.255.114. Number of nodes 42
EtherApe-INFO: 00:45:08.452: New node: IP: 185.15.59.224. Number of nodes 43
EtherApe-INFO: 00:45:08.452: New node: IP: 185.15.59.240. Number of nodes 44
EtherApe-INFO: 00:45:13.540: New node: IP: 216.58.215.74. Number of nodes 45
EtherApe-INFO: 00:45:13.541: New node: IP: 142.250.203.129. Number of nodes 46
EtherApe-INFO: 00:45:13.541: New node: IP: 142.250.186.193. Number of nodes 47
EtherApe-INFO: 00:45:13.541: New node: IP: 108.139.243.29. Number of nodes 48
EtherApe-INFO: 00:45:13.542: New node: IP: 142.250.203.131. Number of nodes 49
EtherApe-INFO: 00:45:13.542: New node: IP: 216.58.209.1. Number of nodes 50
EtherApe-INFO: 00:45:13.734: New node: IP: 142.250.74.195. Number of nodes 51
EtherApe-INFO: 00:45:18.799: New node: IP: 31.43.47.204. Number of nodes 52
EtherApe-INFO: 00:45:20.399: New node: IP: 142.250.203.145. Number of nodes 53
EtherApe-INFO: 00:45:22.265: New node: IP: 185.15.58.224. Number of nodes 54
EtherApe-INFO: 00:45:22.265: New node: IP: 172.217.4.67. Number of nodes 55
EtherApe-INFO: 00:45:23.070: New node: IP: 140.82.121.3. Number of nodes 56
EtherApe-INFO: 00:45:23.602: New node: IP: 140.82.121.6. Number of nodes 57
EtherApe-INFO: 00:45:23.869: New node: IP: 140.82.113.21. Number of nodes 58
EtherApe-INFO: 00:45:24.937: New node: IP: 185.199.109.154. Number of nodes 59
EtherApe-INFO: 00:45:25.466: New node: IP: 142.250.75.5. Number of nodes 60
EtherApe-INFO: 00:45:26.021: New node: IP: 216.58.208.202. Number of nodes 61
EtherApe-INFO: 00:45:26.806: New node: IP: 172.217.16.42. Number of nodes 62
EtherApe-INFO: 00:45:30.799: New node: IP: 151.101.65.91. Number of nodes 63
EtherApe-INFO: 00:45:35.866: New node: IP: 104.19.178.52. Number of nodes 64
EtherApe-INFO: 00:45:35.866: New node: IP: 104.18.32.137. Number of nodes 65
EtherApe-INFO: 00:45:36.136: New node: IP: 216.58.208.206. Number of nodes 66
EtherApe-INFO: 00:45:36.138: New node: IP: 172.217.18.99. Number of nodes 67
EtherApe-INFO: 00:45:36.138: New node: IP: 216.239.32.116. Number of nodes 68
EtherApe-INFO: 00:45:36.399: New node: IP: 172.64.130.17. Number of nodes 69
EtherApe-INFO: 00:45:37.469: New node: IP: 108.157.188.123. Number of nodes 70
EtherApe-INFO: 00:45:37.469: New node: IP: 172.64.153.54. Number of nodes 71
EtherApe-INFO: 00:45:40.936: New node: IP: 54.234.136.195. Number of nodes 72
EtherApe-INFO: 00:45:54.003: New node: IP: 140.82.112.26. Number of nodes 73
EtherApe-INFO: 00:45:57.999: New node: IP: 52.26.232.74. Number of nodes 74
EtherApe-INFO: 00:46:00.934: New node: IP: 92.123.189.57. Number of nodes 75
EtherApe-INFO: 00:46:01.411: New node: IP: 108.138.190.144. Number of nodes 76
EtherApe-INFO: 00:46:01.440: New node: IP: 34.198.116.67. Number of nodes 77
EtherApe-INFO: 00:46:01.462: New node: IP: 54.80.225.183. Number of nodes 78
EtherApe-INFO: 00:46:01.924: New node: IP: 216.58.215.99. Number of nodes 79
EtherApe-INFO: 00:46:11.092: New node: IP: 143.204.11.21. Number of nodes 80
EtherApe-INFO: 00:46:12.693: New node: IP: 172.64.206.38. Number of nodes 81
EtherApe-INFO: 00:46:12.693: New node: IP: 151.101.1.208. Number of nodes 82
EtherApe-INFO: 00:46:18.559: New node: IP: 195.137.202.132. Number of nodes 83
EtherApe-INFO: 00:46:24.963: New node: IP: 99.83.184.129. Number of nodes 84
EtherApe-INFO: 00:46:25.496: New node: IP: 108.138.189.79. Number of nodes 85
EtherApe-INFO: 00:46:25.771: New node: IP: 18.158.43.149. Number of nodes 86
EtherApe-INFO: 00:46:25.771: New node: IP: 18.66.218.27. Number of nodes 87
EtherApe-INFO: 00:46:25.772: New node: IP: 108.138.189.86. Number of nodes 88
EtherApe-INFO: 00:46:25.774: New node: IP: 3.64.234.116. Number of nodes 89
EtherApe-INFO: 00:46:25.775: New node: IP: 51.21.50.19. Number of nodes 90
EtherApe-INFO: 00:46:25.906: New node: IP: 75.2.68.222. Number of nodes 91
EtherApe-INFO: 00:46:26.162: New node: IP: 35.156.56.121. Number of nodes 92
EtherApe-INFO: 00:46:26.183: New node: IP: 54.239.55.63. Number of nodes 93
EtherApe-INFO: 00:46:27.764: New node: IP: 18.66.200.141. Number of nodes 94
EtherApe-INFO: 00:46:27.765: New node: IP: 13.49.167.49. Number of nodes 95
EtherApe-INFO: 00:46:28.072: New node: IP: 52.94.136.211. Number of nodes 96
EtherApe-INFO: 00:46:28.073: New node: IP: 52.94.141.11. Number of nodes 97
EtherApe-INFO: 00:46:28.303: New node: IP: 52.94.216.116. Number of nodes 98
EtherApe-INFO: 00:46:28.340: New node: IP: 18.194.104.137. Number of nodes 99
EtherApe-INFO: 00:46:28.833: New node: IP: 54.239.36.191. Number of nodes 100
EtherApe-INFO: 00:46:28.849: New node: IP: 3.160.213.144. Number of nodes 101
EtherApe-INFO: 00:46:35.629: New node: IP: 239.255.255.250. Number of nodes 102
EtherApe-INFO: 00:46:36.160: New node: IP: 172.217.166.163. Number of nodes 103
EtherApe-INFO: 00:47:03.679: delete node: IP: 216.58.215.110. Number of nodes 102
EtherApe-INFO: 00:47:08.693: New node: IP: 142.250.186.206. Number of nodes 103
EtherApe-INFO: 00:47:13.782: delete node: IP: 216.239.36.178. Number of nodes 102
EtherApe-INFO: 00:47:13.782: delete node: IP: 216.58.215.72. Number of nodes 101
EtherApe-INFO: 00:47:13.782: delete node: IP: 216.58.209.1. Number of nodes 100
EtherApe-INFO: 00:47:13.782: delete node: IP: 142.250.203.202. Number of nodes 99
EtherApe-INFO: 00:47:13.782: delete node: IP: 71.191.185.32. Number of nodes 98
EtherApe-INFO: 00:47:13.782: delete node: IP: 54.200.255.114. Number of nodes 97
EtherApe-INFO: 00:47:15.359: New node: IP: 95.216.195.133. Number of nodes 98
EtherApe-INFO: 00:47:15.896: New node: IP: 172.67.97.54. Number of nodes 99
EtherApe-INFO: 00:47:22.372: New node: IP: 95.216.144.15. Number of nodes 100
EtherApe-INFO: 00:47:23.533: delete node: IP: 216.58.215.106. Number of nodes 99
EtherApe-INFO: 00:47:23.533: delete node: IP: 108.177.127.92. Number of nodes 98
EtherApe-INFO: 00:47:26.728: delete node: IP: 216.58.215.74. Number of nodes 97
EtherApe-INFO: 00:47:26.728: delete node: IP: 216.58.208.202. Number of nodes 96
EtherApe-INFO: 00:47:26.934: delete node: IP: 64.226.122.113. Number of nodes 95
EtherApe-INFO: 00:47:36.242: New node: IP: 172.217.16.3. Number of nodes 96
EtherApe-INFO: 00:47:36.274: delete node: IP: 216.239.32.116. Number of nodes 95
EtherApe-INFO: 00:47:36.274: delete node: IP: 216.58.208.206. Number of nodes 94
EtherApe-INFO: 00:47:36.274: delete node: IP: 172.64.130.17. Number of nodes 93
EtherApe-INFO: 00:47:36.274: delete node: IP: 31.43.47.204. Number of nodes 92
EtherApe-INFO: 00:47:47.711: New node: IP: 216.58.209.10. Number of nodes 93
EtherApe-INFO: 00:47:47.712: New node: IP: 140.82.121.4. Number of nodes 94
EtherApe-INFO: 00:47:47.973: New node: IP: 140.82.114.6. Number of nodes 95
EtherApe-INFO: 00:47:49.306: New node: IP: 216.58.208.202. Number of nodes 96
EtherApe-INFO: 00:47:49.573: New node: IP: 34.217.246.45. Number of nodes 97
EtherApe-INFO: 00:47:52.667: New node: IP: 142.250.203.202. Number of nodes 98
EtherApe-INFO: 00:47:52.942: New node: IP: 142.250.203.196. Number of nodes 99
EtherApe-INFO: 00:47:53.228: New node: IP: 172.217.16.14. Number of nodes 100
EtherApe-INFO: 00:47:54.076: delete node: IP: 172.217.4.67. Number of nodes 99
EtherApe-INFO: 00:47:57.215: delete node: IP: 142.250.186.193. Number of nodes 98
EtherApe-INFO: 00:47:57.732: New node: IP: 216.58.208.206. Number of nodes 99
EtherApe-INFO: 00:48:02.078: delete node: IP: 216.58.215.99. Number of nodes 98
EtherApe-INFO: 00:48:04.171: delete node: IP: 54.80.225.183. Number of nodes 97
EtherApe-INFO: 00:48:10.553: delete node: IP: 172.217.16.42. Number of nodes 96
EtherApe-INFO: 00:48:11.403: delete node: IP: 108.139.243.29. Number of nodes 95
EtherApe-INFO: 00:48:12.678: delete node: IP: 172.217.16.36. Number of nodes 94
EtherApe-INFO: 00:48:12.678: delete node: IP: 2.20.28.253. Number of nodes 93
EtherApe-INFO: 00:48:13.213: delete node: IP: 31.43.58.109. Number of nodes 92
EtherApe-INFO: 00:48:14.596: delete node: IP: 104.91.49.38. Number of nodes 91
EtherApe-INFO: 00:48:18.641: delete node: IP: 195.137.202.132. Number of nodes 90
EtherApe-INFO: 00:48:21.732: New node: IP: 31.43.47.204. Number of nodes 91
EtherApe-INFO: 00:48:23.071: New node: IP: 104.19.159.190. Number of nodes 92
EtherApe-INFO: 00:48:23.149: delete node: IP: 185.15.59.240. Number of nodes 91
EtherApe-INFO: 00:48:23.700: delete node: IP: 185.15.59.224. Number of nodes 90
EtherApe-INFO: 00:48:24.933: New node: IP: 172.64.153.12. Number of nodes 91
EtherApe-INFO: 00:48:28.143: delete node: IP: 140.82.121.6. Number of nodes 90
EtherApe-INFO: 00:48:28.143: delete node: IP: 140.82.121.3. Number of nodes 89
EtherApe-INFO: 00:48:31.360: delete node: IP: 108.138.189.79. Number of nodes 88
EtherApe-INFO: 00:48:31.603: New node: IP: 176.122.113.141. Number of nodes 89
EtherApe-INFO: 00:48:32.137: New node: IP: 104.18.33.186. Number of nodes 90
EtherApe-INFO: 00:48:32.932: New node: IP: 172.64.154.70. Number of nodes 91
EtherApe-INFO: 00:48:34.003: New node: IP: 104.16.79.73. Number of nodes 92
EtherApe-INFO: 00:48:34.274: New node: IP: 104.18.34.201. Number of nodes 93
EtherApe-INFO: 00:48:34.275: New node: IP: 104.17.207.237. Number of nodes 94
EtherApe-INFO: 00:48:34.813: New node: IP: 216.58.215.106. Number of nodes 95
EtherApe-INFO: 00:48:36.134: New node: IP: 142.250.147.84. Number of nodes 96
EtherApe-INFO: 00:48:36.138: New node: IP: 172.64.130.17. Number of nodes 97
EtherApe-INFO: 00:48:36.176: delete node: IP: 52.94.136.211. Number of nodes 96
EtherApe-INFO: 00:48:36.517: delete node: IP: 185.15.58.224. Number of nodes 95
EtherApe-INFO: 00:49:04.977: delete node: IP: 34.198.116.67. Number of nodes 94
EtherApe-INFO: 00:49:09.023: delete node: IP: 142.250.186.206. Number of nodes 93
EtherApe-INFO: 00:49:15.121: New node: IP: 142.250.186.131. Number of nodes 94
EtherApe-INFO: 00:49:15.655: delete node: IP: 95.216.195.133. Number of nodes 93
EtherApe-INFO: 00:49:17.226: delete node: IP: 172.67.97.54. Number of nodes 92
EtherApe-INFO: 00:49:22.881: delete node: IP: 95.216.144.15. Number of nodes 91
EtherApe-INFO: 00:49:24.179: delete node: IP: 3.2.8.2. Number of nodes 90
EtherApe-INFO: 00:49:25.469: New node: IP: 172.217.16.36. Number of nodes 91
EtherApe-INFO: 00:49:26.266: New node: IP: 3.218.231.251. Number of nodes 92
EtherApe-INFO: 00:49:28.672: delete node: IP: 75.2.68.222. Number of nodes 91
EtherApe-INFO: 00:49:33.200: New node: IP: 176.113.72.75. Number of nodes 92
EtherApe-INFO: 00:49:35.941: delete node: IP: 172.217.16.46. Number of nodes 91
EtherApe-INFO: 00:49:35.941: delete node: IP: 142.250.186.195. Number of nodes 90
EtherApe-INFO: 00:49:36.163: delete node: IP: 54.239.55.63. Number of nodes 89
EtherApe-INFO: 00:49:36.163: delete node: IP: 54.239.36.191. Number of nodes 88
EtherApe-INFO: 00:49:36.163: delete node: IP: 52.94.216.116. Number of nodes 87
EtherApe-INFO: 00:49:36.498: delete node: IP: 52.26.232.74. Number of nodes 86
EtherApe-INFO: 00:49:38.321: delete node: IP: 99.83.184.129. Number of nodes 85
EtherApe-INFO: 00:49:47.616: delete node: IP: 52.94.141.11. Number of nodes 84
EtherApe-INFO: 00:49:48.254: delete node: IP: 172.217.166.163. Number of nodes 83
EtherApe-INFO: 00:49:52.404: delete node: IP: 142.250.203.129. Number of nodes 82
EtherApe-INFO: 00:49:54.878: delete node: IP: 108.177.119.84. Number of nodes 81
EtherApe-INFO: 00:49:55.401: delete node: IP: 142.250.203.138. Number of nodes 80
EtherApe-INFO: 00:49:55.928: delete node: IP: 172.217.16.14. Number of nodes 79
EtherApe-INFO: 00:50:01.539: delete node: IP: 92.123.189.57. Number of nodes 78
EtherApe-INFO: 00:50:07.909: delete node: IP: 142.250.203.196. Number of nodes 77
EtherApe-INFO: 00:50:18.065: delete node: IP: 140.82.121.4. Number of nodes 76
EtherApe-INFO: 00:50:18.590: delete node: IP: 140.82.114.6. Number of nodes 75
EtherApe-INFO: 00:50:34.799: New node: IP: 195.137.202.132. Number of nodes 76
EtherApe-INFO: 00:50:36.403: delete node: IP: 172.217.16.3. Number of nodes 75
EtherApe-INFO: 00:50:36.403: delete node: IP: 172.64.130.17. Number of nodes 74
EtherApe-INFO: 00:50:39.435: delete node: IP: 216.58.208.206. Number of nodes 73
EtherApe-INFO: 00:50:42.055: delete node: IP: 142.250.75.3. Number of nodes 72
EtherApe-INFO: 00:50:44.932: New node: IP: 149.154.167.216. Number of nodes 73
EtherApe-INFO: 00:50:44.991: delete node: IP: 142.250.147.84. Number of nodes 72
EtherApe-INFO: 00:50:52.696: delete node: IP: 172.217.18.99. Number of nodes 71
EtherApe-INFO: 00:50:52.696: delete node: IP: 34.217.246.45. Number of nodes 70
EtherApe-INFO: 00:50:57.295: delete node: IP: 142.250.203.131. Number of nodes 69
EtherApe-INFO: 00:51:03.097: delete node: IP: 142.250.203.206. Number of nodes 68
EtherApe-INFO: 00:51:07.919: delete node: IP: 140.82.113.21. Number of nodes 67
EtherApe-INFO: 00:51:14.018: delete node: IP: 142.250.74.195. Number of nodes 66
EtherApe-INFO: 00:51:15.374: delete node: IP: 142.250.186.131. Number of nodes 65
EtherApe-INFO: 00:51:15.896: delete node: IP: 216.58.208.202. Number of nodes 64
EtherApe-INFO: 00:51:17.774: delete node: IP: 216.58.209.10. Number of nodes 63
EtherApe-INFO: 00:51:19.336: delete node: IP: 142.250.75.14. Number of nodes 62
EtherApe-INFO: 00:51:20.484: delete node: IP: 35.158.127.51. Number of nodes 61
EtherApe-INFO: 00:51:22.357: delete node: IP: 163.47.74.1. Number of nodes 60
EtherApe-INFO: 00:51:25.485: delete node: IP: 172.217.16.36. Number of nodes 59
EtherApe-INFO: 00:51:28.720: delete node: IP: 142.250.203.195. Number of nodes 58
EtherApe-INFO: 00:51:30.016: delete node: IP: 31.43.47.204. Number of nodes 57
EtherApe-INFO: 00:51:34.880: delete node: IP: 142.250.203.142. Number of nodes 56
EtherApe-INFO: 00:51:58.309: delete node: IP: 142.250.186.202. Number of nodes 55
EtherApe-INFO: 00:52:02.055: delete node: IP: 108.138.190.144. Number of nodes 54
EtherApe-INFO: 00:52:12.184: delete node: IP: 143.204.11.21. Number of nodes 53
EtherApe-INFO: 00:52:15.332: New node: IP: 95.216.195.133. Number of nodes 54
EtherApe-INFO: 00:52:17.280: delete node: IP: 176.122.113.141. Number of nodes 53
EtherApe-INFO: 00:52:27.106: delete node: IP: 108.138.189.86. Number of nodes 52
EtherApe-INFO: 00:52:28.982: delete node: IP: 18.66.218.27. Number of nodes 51
EtherApe-INFO: 00:52:32.733: delete node: IP: 3.160.213.144. Number of nodes 50
EtherApe-INFO: 00:52:34.809: delete node: IP: 195.137.202.132. Number of nodes 49
EtherApe-INFO: 00:52:42.585: delete node: IP: 52.29.123.56. Number of nodes 48
EtherApe-INFO: 00:52:45.282: delete node: IP: 104.19.178.52. Number of nodes 47
EtherApe-INFO: 00:52:54.087: delete node: IP: 172.64.155.119. Number of nodes 46
EtherApe-INFO: 00:52:54.813: delete node: IP: 104.19.177.52. Number of nodes 45
EtherApe-INFO: 00:53:00.716: delete node: IP: 149.154.167.216. Number of nodes 44
EtherApe-INFO: 00:53:33.680: delete node: IP: 142.250.203.202. Number of nodes 43
EtherApe-INFO: 00:53:33.680: delete node: IP: 108.157.188.123. Number of nodes 42
EtherApe-INFO: 00:53:33.680: delete node: IP: 104.81.127.172. Number of nodes 41
EtherApe-INFO: 00:53:33.680: delete node: IP: 104.81.118.248. Number of nodes 40
EtherApe-INFO: 00:53:33.680: delete node: IP: 104.19.159.190. Number of nodes 39
EtherApe-INFO: 00:53:33.680: delete node: IP: 18.66.200.141. Number of nodes 38
EtherApe-INFO: 00:53:35.752: delete node: IP: 54.234.136.195. Number of nodes 37
EtherApe-INFO: 00:53:36.061: delete node: IP: 51.21.50.19. Number of nodes 36
EtherApe-INFO: 00:53:36.267: delete node: IP: 216.58.215.78. Number of nodes 35
EtherApe-INFO: 00:53:37.098: delete node: IP: 35.156.56.121. Number of nodes 34
EtherApe-INFO: 00:53:38.756: delete node: IP: 18.194.104.137. Number of nodes 33
EtherApe-INFO: 00:53:38.964: delete node: IP: 13.49.167.49. Number of nodes 32
EtherApe-INFO: 00:54:15.868: delete node: IP: 95.216.195.133. Number of nodes 31
EtherApe-INFO: 00:54:45.791: delete node: IP: 216.58.215.106. Number of nodes 30
EtherApe-INFO: 00:54:49.732: delete node: IP: 104.18.32.137. Number of nodes 29
EtherApe-INFO: 00:54:52.414: delete node: IP: 151.101.128.201. Number of nodes 28
EtherApe-INFO: 00:54:54.269: delete node: IP: 172.64.206.38. Number of nodes 27
EtherApe-INFO: 00:54:54.269: delete node: IP: 142.250.75.5. Number of nodes 26
EtherApe-INFO: 00:54:55.609: delete node: IP: 172.64.153.54. Number of nodes 25
EtherApe-INFO: 00:55:00.153: delete node: IP: 3.64.234.116. Number of nodes 24
EtherApe-INFO: 00:55:05.202: delete node: IP: 18.158.43.149. Number of nodes 23
EtherApe-INFO: 00:55:23.632: delete node: IP: 151.101.65.91. Number of nodes 22
EtherApe-INFO: 00:55:40.159: delete node: IP: 192.168.1.1. Number of nodes 21
EtherApe-INFO: 00:55:43.305: New node: IP: 192.168.1.1. Number of nodes 22
EtherApe-INFO: 00:55:53.797: delete node: IP: 146.112.41.2. Number of nodes 21
EtherApe-INFO: 00:56:03.580: delete node: IP: 142.250.203.145. Number of nodes 20
EtherApe-INFO: 00:56:06.506: New node: IP: 146.112.41.2. Number of nodes 21
EtherApe-INFO: 00:56:26.040: delete node: IP: 185.199.109.153. Number of nodes 20
EtherApe-INFO: 00:57:14.312: delete node: IP: 104.17.207.237. Number of nodes 19
EtherApe-INFO: 00:57:15.307: New node: IP: 95.216.195.133. Number of nodes 20
EtherApe-INFO: 00:57:46.249: delete node: IP: 104.16.79.73. Number of nodes 19
EtherApe-INFO: 00:57:47.582: delete node: IP: 104.18.40.204. Number of nodes 18
EtherApe-INFO: 00:57:59.379: delete node: IP: 104.18.34.201. Number of nodes 17
EtherApe-INFO: 00:58:03.586: delete node: IP: 172.64.154.70. Number of nodes 16
EtherApe-INFO: 00:58:05.742: delete node: IP: 172.64.153.12. Number of nodes 15
EtherApe-INFO: 00:58:05.742: delete node: IP: 104.18.33.186. Number of nodes 14
EtherApe-INFO: 00:58:10.251: delete node: IP: 185.199.110.133. Number of nodes 13
EtherApe-INFO: 00:58:12.921: delete node: IP: 104.18.34.244. Number of nodes 12
EtherApe-INFO: 00:58:23.895: delete node: IP: 151.101.1.208. Number of nodes 11
EtherApe-INFO: 00:58:30.558: delete node: IP: 140.82.112.26. Number of nodes 10
EtherApe-INFO: 00:59:07.039: New node: IP: 195.137.202.132. Number of nodes 11
EtherApe-INFO: 00:59:11.840: New node: IP: 149.154.167.216. Number of nodes 12
EtherApe-INFO: 00:59:11.841: New node: IP: 149.154.175.57. Number of nodes 13
EtherApe-INFO: 00:59:11.841: New node: IP: 149.154.175.54. Number of nodes 14
EtherApe-INFO: 00:59:15.771: delete node: IP: 95.216.195.133. Number of nodes 13
EtherApe-INFO: 00:59:57.884: delete node: IP: 185.199.109.154. Number of nodes 12
EtherApe-INFO: 01:01:07.791: delete node: IP: 195.137.202.132. Number of nodes 11
EtherApe-INFO: 01:01:12.297: delete node: IP: 149.154.175.57. Number of nodes 10
EtherApe-INFO: 01:01:28.897: delete node: IP: 149.154.175.54. Number of nodes 9
EtherApe-INFO: 01:01:31.561: delete node: IP: 149.154.167.216. Number of nodes 8
EtherApe-INFO: 01:02:06.136: New node: IP: 149.154.167.216. Number of nodes 9
EtherApe-INFO: 01:02:15.203: New node: IP: 95.216.195.133. Number of nodes 10
EtherApe-INFO: 01:04:15.691: delete node: IP: 95.216.195.133. Number of nodes 9
EtherApe-INFO: 01:04:27.476: delete node: IP: 146.112.41.2. Number of nodes 8
EtherApe-INFO: 01:04:36.186: New node: IP: 146.112.41.2. Number of nodes 9
EtherApe-INFO: 01:05:21.273: delete node: IP: 149.154.167.216. Number of nodes 8
EtherApe-INFO: 01:05:30.585: New node: IP: 52.29.123.56. Number of nodes 9
EtherApe-INFO: 01:05:47.919: New node: IP: 149.154.167.216. Number of nodes 10
EtherApe-INFO: 01:07:15.492: New node: IP: 95.216.195.133. Number of nodes 11
EtherApe-INFO: 01:08:39.507: delete node: IP: 52.29.123.56. Number of nodes 10
EtherApe-INFO: 01:08:49.652: delete node: IP: 146.112.41.2. Number of nodes 9
EtherApe-INFO: 01:09:08.919: delete node: IP: 149.154.167.216. Number of nodes 8
EtherApe-INFO: 01:09:15.574: delete node: IP: 95.216.195.133. Number of nodes 7
EtherApe-INFO: 01:09:24.826: New node: IP: 146.112.41.2. Number of nodes 8
EtherApe-INFO: 01:11:38.451: delete node: IP: 146.112.41.2. Number of nodes 7
EtherApe-INFO: 01:11:39.466: New node: IP: 146.112.41.2. Number of nodes 8
EtherApe-INFO: 01:12:15.466: New node: IP: 95.216.195.133. Number of nodes 9
EtherApe-INFO: 01:12:35.733: New node: IP: 142.250.203.195. Number of nodes 10
EtherApe-INFO: 01:13:26.132: New node: IP: 149.154.167.92. Number of nodes 11
EtherApe-INFO: 01:13:38.667: New node: IP: 216.58.209.14. Number of nodes 12
EtherApe-INFO: 01:13:45.066: New node: IP: 216.58.215.74. Number of nodes 13
EtherApe-INFO: 01:14:16.772: delete node: IP: 95.216.195.133. Number of nodes 12
EtherApe-INFO: 01:15:41.521: delete node: IP: 216.58.209.14. Number of nodes 11
EtherApe-INFO: 01:15:41.521: delete node: IP: 142.250.203.195. Number of nodes 10
EtherApe-INFO: 01:15:43.364: delete node: IP: 149.154.167.92. Number of nodes 9
EtherApe-INFO: 01:15:45.208: delete node: IP: 216.58.215.74. Number of nodes 8
EtherApe-INFO: 01:16:11.305: New node: IP: 195.137.202.132. Number of nodes 9
EtherApe-INFO: 01:17:15.306: New node: IP: 95.216.195.133. Number of nodes 10
EtherApe-INFO: 01:18:11.918: delete node: IP: 195.137.202.132. Number of nodes 9
EtherApe-INFO: 01:18:56.148: delete node: IP: 146.112.41.2. Number of nodes 8
EtherApe-INFO: 01:19:03.572: New node: IP: 146.112.41.2. Number of nodes 9
EtherApe-INFO: 01:19:16.123: delete node: IP: 95.216.195.133. Number of nodes 8
EtherApe-INFO: 01:20:21.172: New node: IP: 52.29.123.56. Number of nodes 9
EtherApe-INFO: 01:22:15.203: New node: IP: 95.216.195.133. Number of nodes 10
EtherApe-INFO: 01:23:18.984: delete node: IP: 146.112.41.2. Number of nodes 9
EtherApe-INFO: 01:23:49.599: New node: IP: 146.112.41.2. Number of nodes 10
EtherApe-INFO: 01:23:57.094: delete node: IP: 52.29.123.56. Number of nodes 9
EtherApe-INFO: 01:24:16.365: delete node: IP: 95.216.195.133. Number of nodes 8
EtherApe-INFO: 01:24:41.332: New node: IP: 52.29.123.56. Number of nodes 9
EtherApe-INFO: 01:24:49.865: New node: IP: 149.154.167.216. Number of nodes 10
EtherApe-INFO: 01:25:16.273: New node: IP: 149.154.175.211. Number of nodes 11
EtherApe-INFO: 01:25:16.537: New node: IP: 149.154.167.255. Number of nodes 12
EtherApe-INFO: 01:25:26.934: New node: IP: 142.250.203.195. Number of nodes 13
EtherApe-INFO: 01:27:05.100: delete node: IP: 149.154.167.216. Number of nodes 12
EtherApe-INFO: 01:27:15.199: New node: IP: 95.216.195.133. Number of nodes 13
EtherApe-INFO: 01:27:27.566: delete node: IP: 142.250.203.195. Number of nodes 12
EtherApe-INFO: 01:27:32.593: delete node: IP: 149.154.167.255. Number of nodes 11
EtherApe-INFO: 01:27:33.414: delete node: IP: 149.154.175.211. Number of nodes 10
EtherApe-INFO: 01:29:15.417: delete node: IP: 95.216.195.133. Number of nodes 9
EtherApe-INFO: 01:30:58.803: New node: IP: 104.25.94.5. Number of nodes 10
EtherApe-INFO: 01:31:00.132: New node: IP: 95.216.144.15. Number of nodes 11
EtherApe-INFO: 01:31:18.794: delete node: IP: 146.112.41.2. Number of nodes 10
EtherApe-INFO: 01:31:21.656: New node: IP: 146.112.41.2. Number of nodes 11
EtherApe-INFO: 01:32:15.334: New node: IP: 95.216.195.133. Number of nodes 12
EtherApe-INFO: 01:33:11.114: delete node: IP: 104.25.94.5. Number of nodes 11
EtherApe-INFO: 01:33:11.423: delete node: IP: 95.216.144.15. Number of nodes 10
EtherApe-INFO: 01:34:01.638: delete node: IP: 52.29.123.56. Number of nodes 9
EtherApe-INFO: 01:34:17.109: delete node: IP: 95.216.195.133. Number of nodes 8
EtherApe-INFO: 01:35:35.562: delete node: IP: 192.168.1.1. Number of nodes 7
EtherApe-INFO: 01:35:43.225: New node: IP: 192.168.1.1. Number of nodes 8
EtherApe-INFO: 01:35:47.849: delete node: IP: 146.112.41.2. Number of nodes 7
EtherApe-INFO: 01:35:49.626: New node: IP: 146.112.41.2. Number of nodes 8
EtherApe-INFO: 01:37:15.439: New node: IP: 95.216.195.133. Number of nodes 9
EtherApe-INFO: 01:39:08.985: New node: IP: 127.0.0.1. Number of nodes 10
EtherApe-INFO: 01:39:16.188: delete node: IP: 95.216.195.133. Number of nodes 9
EtherApe-INFO: 01:39:54.083: delete node: IP: 192.168.1.1. Number of nodes 8
EtherApe-INFO: 01:39:59.387: New node: IP: 192.168.1.1. Number of nodes 9
EtherApe-INFO: 01:41:09.193: delete node: IP: 127.0.0.1. Number of nodes 8
EtherApe-INFO: 01:42:15.279: New node: IP: 95.216.195.133. Number of nodes 9
EtherApe-INFO: 01:42:35.547: New node: IP: 142.250.203.195. Number of nodes 10
EtherApe-INFO: 01:43:18.213: New node: IP: 142.250.75.10. Number of nodes 11
EtherApe-INFO: 01:43:38.746: New node: IP: 216.58.215.78. Number of nodes 12
EtherApe-INFO: 01:44:16.715: delete node: IP: 95.216.195.133. Number of nodes 11
EtherApe-INFO: 01:45:19.041: delete node: IP: 142.250.75.10. Number of nodes 10
EtherApe-INFO: 01:45:39.549: delete node: IP: 216.58.215.78. Number of nodes 9
EtherApe-INFO: 01:45:39.549: delete node: IP: 142.250.203.195. Number of nodes 8
EtherApe-INFO: 01:47:15.279: New node: IP: 95.216.195.133. Number of nodes 9
EtherApe-INFO: 01:47:20.933: delete node: IP: 146.112.41.2. Number of nodes 8
EtherApe-INFO: 01:47:34.212: New node: IP: 146.112.41.2. Number of nodes 9
EtherApe-INFO: 01:49:16.686: delete node: IP: 95.216.195.133. Number of nodes 8
EtherApe-INFO: 01:49:33.973: delete node: IP: 192.168.1.1. Number of nodes 7
EtherApe-INFO: 01:49:36.106: New node: IP: 192.168.1.1. Number of nodes 8
EtherApe-INFO: 01:50:19.572: New node: IP: 195.137.202.132. Number of nodes 9
EtherApe-INFO: 01:52:15.225: New node: IP: 95.216.195.133. Number of nodes 10
EtherApe-INFO: 01:52:20.849: delete node: IP: 195.137.202.132. Number of nodes 9
EtherApe-INFO: 01:54:17.634: delete node: IP: 95.216.195.133. Number of nodes 8
EtherApe-INFO: 01:54:40.025: New node: IP: 149.154.167.50. Number of nodes 9
EtherApe-INFO: 01:54:40.558: New node: IP: 149.154.167.216. Number of nodes 10
EtherApe-INFO: 01:56:40.299: delete node: IP: 149.154.167.50. Number of nodes 9
EtherApe-INFO: 01:56:59.293: delete node: IP: 149.154.167.216. Number of nodes 8
EtherApe-INFO: 01:57:15.201: New node: IP: 95.216.195.133. Number of nodes 9
EtherApe-INFO: 01:58:18.703: delete node: IP: 146.112.41.2. Number of nodes 8
EtherApe-INFO: 01:58:45.865: New node: IP: 146.112.41.2. Number of nodes 9
EtherApe-INFO: 01:59:15.754: delete node: IP: 95.216.195.133. Number of nodes 8
EtherApe-INFO: 02:02:15.385: New node: IP: 95.216.195.133. Number of nodes 9
EtherApe-INFO: 02:03:11.168: delete node: IP: 146.112.41.2. Number of nodes 8
EtherApe-INFO: 02:03:31.118: New node: IP: 146.112.41.2. Number of nodes 9
EtherApe-INFO: 02:04:15.697: delete node: IP: 95.216.195.133. Number of nodes 8
EtherApe-INFO: 02:04:54.055: New node: IP: 149.154.167.216. Number of nodes 9
EtherApe-INFO: 02:04:56.185: New node: IP: 149.154.167.255. Number of nodes 10
EtherApe-INFO: 02:05:31.785: delete node: IP: 192.168.1.1. Number of nodes 9
EtherApe-INFO: 02:05:43.225: New node: IP: 192.168.1.1. Number of nodes 10
EtherApe-INFO: 02:05:44.380: delete node: IP: 146.112.41.2. Number of nodes 9
EtherApe-INFO: 02:05:44.562: New node: IP: 146.112.41.2. Number of nodes 10
EtherApe-INFO: 02:07:11.305: delete node: IP: 149.154.167.255. Number of nodes 9
EtherApe-INFO: 02:07:15.228: New node: IP: 95.216.195.133. Number of nodes 10
EtherApe-INFO: 02:07:20.097: delete node: IP: 149.154.167.216. Number of nodes 9
EtherApe-INFO: 02:07:58.435: delete node: IP: 146.112.41.2. Number of nodes 8
EtherApe-INFO: 02:07:59.759: New node: IP: 146.112.41.2. Number of nodes 9
