(etherape:2133): GLib-GIO-DEBUG: 19:53:41.072: _g_io_module_get_default: Found default implementation local (GLocalVfs) for ‘gio-vfs’
(etherape:2133): GLib-GIO-DEBUG: 19:53:41.727: Using cross-namespace EXTERNAL authentication (this will deadlock if server is GDBus < 2.73.3)
EtherApe-INFO: 19:53:41.762: sctp protocol not supported
EtherApe-INFO: 19:53:41.762: dccp protocol not supported
EtherApe-INFO: 19:53:41.762: sctp protocol not supported
EtherApe-INFO: 19:53:41.762: sctp protocol not supported
EtherApe-INFO: 19:53:41.762: sctp protocol not supported
EtherApe-INFO: 19:53:41.762: sctp protocol not supported
EtherApe-INFO: 19:53:41.762: sctp protocol not supported
EtherApe-INFO: 19:53:41.762: sctp protocol not supported
EtherApe-INFO: 19:53:41.762: sctp protocol not supported
EtherApe-INFO: 19:53:41.762: dccp protocol not supported
EtherApe-INFO: 19:53:41.762: sctp protocol not supported
EtherApe-INFO: 19:53:41.762: dccp protocol not supported
EtherApe-INFO: 19:53:41.762: dccp protocol not supported
EtherApe-INFO: 19:53:41.762: sctp protocol not supported
EtherApe-INFO: 19:53:41.762: sctp protocol not supported
EtherApe-INFO: 19:53:41.763: sctp protocol not supported
EtherApe-INFO: 19:53:41.763: sctp protocol not supported
EtherApe-INFO: 19:53:41.763: sctp protocol not supported
EtherApe-INFO: 19:53:41.763: sctp protocol not supported
EtherApe-INFO: 19:53:41.763: sctp protocol not supported
EtherApe-INFO: 19:53:41.763: sctp protocol not supported
EtherApe-INFO: 19:53:41.763: sctp protocol not supported
EtherApe-INFO: 19:53:41.763: sctp protocol not supported
EtherApe-INFO: 19:53:41.764: sctp protocol not supported
EtherApe-INFO: 19:53:41.764: sctp protocol not supported
EtherApe-INFO: 19:53:41.764: sctp protocol not supported
EtherApe-INFO: 19:53:41.764: sctp protocol not supported
EtherApe-INFO: 19:53:41.764: sctp protocol not supported
EtherApe-INFO: 19:53:41.764: dccp protocol not supported
EtherApe-INFO: 19:53:41.764: sctp protocol not supported
EtherApe-INFO: 19:53:41.764: sctp protocol not supported
EtherApe-INFO: 19:53:41.764: dccp protocol not supported
EtherApe-INFO: 19:53:41.764: sctp protocol not supported
EtherApe-INFO: 19:53:41.764: sctp protocol not supported
EtherApe-INFO: 19:53:41.764: sctp protocol not supported
EtherApe-INFO: 19:53:41.764: dccp protocol not supported
EtherApe-INFO: 19:53:41.764: dccp protocol not supported
EtherApe-INFO: 19:53:41.764: sctp protocol not supported
EtherApe-INFO: 19:53:41.764: sctp protocol not supported
EtherApe-INFO: 19:53:41.764: sctp protocol not supported
EtherApe-INFO: 19:53:41.764: sctp protocol not supported
EtherApe-INFO: 19:53:41.764: sctp protocol not supported
EtherApe-INFO: 19:53:41.764: sctp protocol not supported
EtherApe-INFO: 19:53:41.764: sctp protocol not supported
EtherApe-INFO: 19:53:41.764: sctp protocol not supported
EtherApe-INFO: 19:53:41.764: sctp protocol not supported
EtherApe-INFO: 19:53:41.764: sctp protocol not supported
EtherApe-INFO: 19:53:41.764: sctp protocol not supported
EtherApe-INFO: 19:53:41.764: sctp protocol not supported
EtherApe-INFO: 19:53:41.764: sctp protocol not supported
EtherApe-INFO: 19:53:41.764: sctp protocol not supported
EtherApe-INFO: 19:53:41.764: sctp protocol not supported
EtherApe-INFO: 19:53:41.764: sctp protocol not supported
EtherApe-INFO: 19:53:41.764: sctp protocol not supported
EtherApe-INFO: 19:53:41.764: sctp protocol not supported
EtherApe-INFO: 19:53:41.764: sctp protocol not supported
EtherApe-INFO: 19:53:41.764: sctp protocol not supported
EtherApe-INFO: 19:53:41.764: dccp protocol not supported
EtherApe-INFO: 19:53:41.764: sctp protocol not supported
EtherApe-INFO: 19:53:41.764: sctp protocol not supported
EtherApe-INFO: 19:53:41.764: sctp protocol not supported
EtherApe-INFO: 19:53:41.765: sctp protocol not supported
EtherApe-INFO: 19:53:41.765: sctp protocol not supported
EtherApe-INFO: 19:53:41.765: sctp protocol not supported
EtherApe-INFO: 19:53:41.765: sctp protocol not supported
EtherApe-INFO: 19:53:41.765: sctp protocol not supported
EtherApe-INFO: 19:53:41.765: sctp protocol not supported
EtherApe-INFO: 19:53:41.765: sctp protocol not supported
EtherApe-INFO: 19:53:41.765: sctp protocol not supported
EtherApe-INFO: 19:53:41.765: sctp protocol not supported
EtherApe-INFO: 19:53:41.765: sctp protocol not supported
EtherApe-INFO: 19:53:41.765: sctp protocol not supported
EtherApe-INFO: 19:53:41.765: sctp protocol not supported
EtherApe-INFO: 19:53:41.765: sctp protocol not supported
EtherApe-INFO: 19:53:41.765: sctp protocol not supported
EtherApe-INFO: 19:53:41.765: sctp protocol not supported
EtherApe-INFO: 19:53:41.765: sctp protocol not supported
EtherApe-INFO: 19:53:41.765: sctp protocol not supported
EtherApe-INFO: 19:53:41.765: sctp protocol not supported
EtherApe-INFO: 19:53:41.765: sctp protocol not supported
EtherApe-INFO: 19:53:41.765: sctp protocol not supported
EtherApe-INFO: 19:53:41.765: sctp protocol not supported
EtherApe-INFO: 19:53:41.765: sctp protocol not supported
EtherApe-INFO: 19:53:41.765: sctp protocol not supported
EtherApe-INFO: 19:53:41.765: sctp protocol not supported
EtherApe-INFO: 19:53:41.765: sctp protocol not supported
EtherApe-INFO: 19:53:41.765: sctp protocol not supported
EtherApe-INFO: 19:53:41.765: sctp protocol not supported
EtherApe-INFO: 19:53:41.765: sctp protocol not supported
EtherApe-INFO: 19:53:41.765: sctp protocol not supported
EtherApe-INFO: 19:53:41.765: sctp protocol not supported
EtherApe-INFO: 19:53:41.765: sctp protocol not supported
EtherApe-INFO: 19:53:41.765: sctp protocol not supported
EtherApe-INFO: 19:53:41.765: sctp protocol not supported
EtherApe-INFO: 19:53:41.765: sctp protocol not supported
EtherApe-INFO: 19:53:41.765: sctp protocol not supported
EtherApe-INFO: 19:53:41.776: get_interface result: ''
EtherApe-INFO: 19:53:41.776: Available interfaces for capture: dbus-session dbus-system nfqueue nflog bluetooth-monitor lo any enp5s0
EtherApe-INFO: 19:53:41.776: Link type is LINUX_SLL
EtherApe-INFO: 19:53:41.776: Diagram started
EtherApe-INFO: 19:53:42.562: New node: IP: 0.0.0.0. Number of nodes 1
EtherApe-INFO: 19:53:42.562: New node: IP: 255.255.255.255. Number of nodes 2
EtherApe-INFO: 19:53:58.829: New node: IP: 195.64.182.160. Number of nodes 3
EtherApe-INFO: 19:53:58.829: New node: IP: 1.1.1.1. Number of nodes 4
EtherApe-INFO: 19:54:03.632: New node: IP: 239.255.255.250. Number of nodes 5
EtherApe-INFO: 19:54:03.896: New node: IP: 95.216.195.133. Number of nodes 6
EtherApe-INFO: 19:54:03.896: New node: IP: 224.0.0.251. Number of nodes 7
EtherApe-INFO: 19:54:04.162: New node: IP: 79.124.58.222. Number of nodes 8
EtherApe-INFO: 19:54:04.432: New node: IP: 146.112.41.2. Number of nodes 9
EtherApe-INFO: 19:54:04.700: New node: IP: 142.250.186.206. Number of nodes 10
EtherApe-INFO: 19:54:04.701: New node: IP: 142.250.203.195. Number of nodes 11
EtherApe-INFO: 19:54:04.701: New node: IP: 142.250.203.131. Number of nodes 12
EtherApe-INFO: 19:54:04.712: New node: IP: 167.94.145.20. Number of nodes 13
EtherApe-INFO: 19:54:04.714: New node: IP: 34.104.35.123. Number of nodes 14
EtherApe-INFO: 19:54:04.935: New node: IP: 74.125.131.188. Number of nodes 15
EtherApe-INFO: 19:54:04.936: New node: IP: 76.76.21.123. Number of nodes 16
EtherApe-INFO: 19:54:04.940: New node: IP: 172.217.16.4. Number of nodes 17
EtherApe-INFO: 19:54:04.942: New node: IP: 140.82.121.4. Number of nodes 18
EtherApe-INFO: 19:54:04.943: New node: IP: 142.250.186.197. Number of nodes 19
EtherApe-INFO: 19:54:04.944: New node: IP: 216.58.209.10. Number of nodes 20
EtherApe-INFO: 19:54:04.945: New node: IP: 52.219.72.237. Number of nodes 21
EtherApe-INFO: 19:54:04.945: New node: IP: 18.159.68.239. Number of nodes 22
EtherApe-INFO: 19:54:04.945: New node: IP: 142.250.186.205. Number of nodes 23
EtherApe-INFO: 19:54:04.947: New node: IP: 216.58.208.206. Number of nodes 24
EtherApe-INFO: 19:54:04.948: New node: IP: 52.29.123.56. Number of nodes 25
EtherApe-INFO: 19:54:04.949: New node: IP: 216.58.209.14. Number of nodes 26
EtherApe-INFO: 19:54:04.950: New node: IP: 18.244.146.36. Number of nodes 27
EtherApe-INFO: 19:54:04.951: New node: IP: 18.244.148.155. Number of nodes 28
EtherApe-INFO: 19:54:04.951: New node: IP: 91.108.56.188. Number of nodes 29
EtherApe-INFO: 19:54:04.970: New node: IP: 149.154.167.41. Number of nodes 30
EtherApe-INFO: 19:54:04.970: New node: IP: 91.108.56.145. Number of nodes 31
EtherApe-INFO: 19:54:04.971: New node: IP: 149.154.167.50. Number of nodes 32
EtherApe-INFO: 19:54:05.173: New node: IP: 172.217.16.3. Number of nodes 33
EtherApe-INFO: 19:54:05.193: New node: IP: 108.138.53.154. Number of nodes 34
EtherApe-INFO: 19:54:05.202: New node: IP: 216.58.215.106. Number of nodes 35
EtherApe-INFO: 19:54:05.212: New node: IP: 18.185.182.141. Number of nodes 36
EtherApe-INFO: 19:54:05.424: New node: IP: 18.244.146.29. Number of nodes 37
EtherApe-INFO: 19:54:05.430: New node: IP: 18.205.110.245. Number of nodes 38
EtherApe-INFO: 19:54:05.431: New node: IP: 142.250.75.10. Number of nodes 39
EtherApe-INFO: 19:54:05.434: New node: IP: 185.199.109.154. Number of nodes 40
EtherApe-INFO: 19:54:05.460: New node: IP: 216.58.215.67. Number of nodes 41
EtherApe-INFO: 19:54:05.460: New node: IP: 142.250.186.202. Number of nodes 42
EtherApe-INFO: 19:54:05.648: New node: IP: 5.28.194.95. Number of nodes 43
EtherApe-INFO: 19:54:05.962: New node: IP: 149.154.167.216. Number of nodes 44
EtherApe-INFO: 19:54:06.165: New node: IP: 18.194.141.95. Number of nodes 45
EtherApe-INFO: 19:54:06.435: New node: IP: 104.22.76.183. Number of nodes 46
EtherApe-INFO: 19:54:06.440: New node: IP: 140.82.121.5. Number of nodes 47
EtherApe-INFO: 19:54:06.442: New node: IP: 108.138.51.114. Number of nodes 48
EtherApe-INFO: 19:54:06.451: New node: IP: 216.58.215.74. Number of nodes 49
EtherApe-INFO: 19:54:06.467: New node: IP: 52.84.106.127. Number of nodes 50
EtherApe-INFO: 19:54:06.871: New node: IP: 18.133.143.251. Number of nodes 51
EtherApe-INFO: 19:54:06.873: New node: IP: 172.217.16.46. Number of nodes 52
EtherApe-INFO: 19:54:08.190: New node: IP: 18.244.102.4. Number of nodes 53
EtherApe-INFO: 19:54:08.458: New node: IP: 76.76.21.61. Number of nodes 54
EtherApe-INFO: 19:54:08.742: New node: IP: 172.217.16.10. Number of nodes 55
EtherApe-INFO: 19:54:08.743: New node: IP: 172.67.74.18. Number of nodes 56
EtherApe-INFO: 19:54:09.011: New node: IP: 108.177.14.188. Number of nodes 57
EtherApe-INFO: 19:54:09.012: New node: IP: 3.11.104.244. Number of nodes 58
EtherApe-INFO: 19:54:09.012: New node: IP: 142.250.75.14. Number of nodes 59
EtherApe-INFO: 19:54:09.455: New node: IP: 185.199.109.133. Number of nodes 60
EtherApe-INFO: 19:54:09.496: New node: IP: 140.82.113.25. Number of nodes 61
EtherApe-INFO: 19:54:09.732: New node: IP: 142.250.75.4. Number of nodes 62
EtherApe-INFO: 19:54:10.039: New node: IP: 216.58.209.13. Number of nodes 63
EtherApe-INFO: 19:54:10.243: New node: IP: 188.114.96.13. Number of nodes 64
EtherApe-INFO: 19:54:10.245: New node: IP: 2.21.173.154. Number of nodes 65
EtherApe-INFO: 19:54:10.251: New node: IP: 104.81.116.49. Number of nodes 66
EtherApe-INFO: 19:54:10.511: New node: IP: 142.250.203.129. Number of nodes 67
EtherApe-INFO: 19:54:10.787: New node: IP: 104.18.120.34. Number of nodes 68
EtherApe-INFO: 19:54:12.113: New node: IP: 52.46.157.11. Number of nodes 69
EtherApe-INFO: 19:54:12.118: New node: IP: 142.250.186.193. Number of nodes 70
EtherApe-INFO: 19:54:12.650: New node: IP: 142.250.203.130. Number of nodes 71
EtherApe-INFO: 19:54:14.243: New node: IP: 172.217.16.54. Number of nodes 72
EtherApe-INFO: 19:54:14.511: New node: IP: 172.217.16.14. Number of nodes 73
EtherApe-INFO: 19:54:14.977: New node: IP: 142.250.203.142. Number of nodes 74
EtherApe-INFO: 19:54:17.016: New node: IP: 78.30.254.80. Number of nodes 75
EtherApe-INFO: 19:54:18.087: New node: IP: 140.82.112.21. Number of nodes 76
EtherApe-INFO: 19:54:18.088: New node: IP: 140.82.121.6. Number of nodes 77
EtherApe-INFO: 19:54:23.416: New node: IP: 104.18.13.33. Number of nodes 78
EtherApe-INFO: 19:54:25.553: New node: IP: 151.101.65.91. Number of nodes 79
EtherApe-INFO: 17:32:04.756: New node: IP: 213.231.2.124. Number of nodes 80
EtherApe-INFO: 17:32:04.779: delete node: IP: 255.255.255.255. Number of nodes 79
EtherApe-INFO: 17:32:04.780: delete node: IP: 239.255.255.250. Number of nodes 78
EtherApe-INFO: 17:32:04.780: delete node: IP: 224.0.0.251. Number of nodes 77
EtherApe-INFO: 17:32:04.780: delete node: IP: 216.58.215.106. Number of nodes 76
EtherApe-INFO: 17:32:04.780: delete node: IP: 216.58.215.74. Number of nodes 75
EtherApe-INFO: 17:32:04.780: delete node: IP: 216.58.215.67. Number of nodes 74
EtherApe-INFO: 17:32:04.780: delete node: IP: 216.58.209.14. Number of nodes 73
EtherApe-INFO: 17:32:04.780: delete node: IP: 216.58.209.13. Number of nodes 72
EtherApe-INFO: 17:32:04.780: delete node: IP: 216.58.209.10. Number of nodes 71
EtherApe-INFO: 17:32:04.780: delete node: IP: 216.58.208.206. Number of nodes 70
EtherApe-INFO: 17:32:04.780: delete node: IP: 213.231.2.124. Number of nodes 69
EtherApe-INFO: 17:32:04.780: delete node: IP: 188.114.96.13. Number of nodes 68
EtherApe-INFO: 17:32:04.780: delete node: IP: 185.199.109.154. Number of nodes 67
EtherApe-INFO: 17:32:04.780: delete node: IP: 185.199.109.133. Number of nodes 66
EtherApe-INFO: 17:32:04.780: delete node: IP: 172.217.16.54. Number of nodes 65
EtherApe-INFO: 17:32:04.780: delete node: IP: 172.217.16.46. Number of nodes 64
EtherApe-INFO: 17:32:04.780: delete node: IP: 172.217.16.14. Number of nodes 63
EtherApe-INFO: 17:32:04.780: delete node: IP: 172.217.16.10. Number of nodes 62
EtherApe-INFO: 17:32:04.780: delete node: IP: 172.217.16.4. Number of nodes 61
EtherApe-INFO: 17:32:04.780: delete node: IP: 172.217.16.3. Number of nodes 60
EtherApe-INFO: 17:32:04.780: delete node: IP: 172.67.74.18. Number of nodes 59
EtherApe-INFO: 17:32:04.780: delete node: IP: 167.94.145.20. Number of nodes 58
EtherApe-INFO: 17:32:04.780: delete node: IP: 149.154.167.216. Number of nodes 57
EtherApe-INFO: 17:32:04.780: delete node: IP: 149.154.167.50. Number of nodes 56
EtherApe-INFO: 17:32:04.780: delete node: IP: 149.154.167.41. Number of nodes 55
EtherApe-INFO: 17:32:04.780: delete node: IP: 146.112.41.2. Number of nodes 54
EtherApe-INFO: 17:32:04.780: delete node: IP: 142.250.203.195. Number of nodes 53
EtherApe-INFO: 17:32:04.780: delete node: IP: 142.250.203.142. Number of nodes 52
EtherApe-INFO: 17:32:04.780: delete node: IP: 142.250.203.131. Number of nodes 51
EtherApe-INFO: 17:32:04.780: delete node: IP: 142.250.203.130. Number of nodes 50
EtherApe-INFO: 17:32:04.780: delete node: IP: 142.250.203.129. Number of nodes 49
EtherApe-INFO: 17:32:04.780: delete node: IP: 142.250.186.206. Number of nodes 48
EtherApe-INFO: 17:32:04.780: delete node: IP: 142.250.186.205. Number of nodes 47
EtherApe-INFO: 17:32:04.780: delete node: IP: 142.250.186.202. Number of nodes 46
EtherApe-INFO: 17:32:04.780: delete node: IP: 142.250.186.197. Number of nodes 45
EtherApe-INFO: 17:32:04.780: delete node: IP: 142.250.186.193. Number of nodes 44
EtherApe-INFO: 17:32:04.780: delete node: IP: 142.250.75.14. Number of nodes 43
EtherApe-INFO: 17:32:04.780: delete node: IP: 142.250.75.10. Number of nodes 42
EtherApe-INFO: 17:32:04.780: delete node: IP: 142.250.75.4. Number of nodes 41
EtherApe-INFO: 17:32:04.780: delete node: IP: 140.82.121.6. Number of nodes 40
EtherApe-INFO: 17:32:04.780: delete node: IP: 140.82.121.5. Number of nodes 39
EtherApe-INFO: 17:32:04.780: delete node: IP: 140.82.121.4. Number of nodes 38
EtherApe-INFO: 17:32:04.780: delete node: IP: 140.82.113.25. Number of nodes 37
EtherApe-INFO: 17:32:04.780: delete node: IP: 140.82.112.21. Number of nodes 36
EtherApe-INFO: 17:32:04.780: delete node: IP: 108.177.14.188. Number of nodes 35
EtherApe-INFO: 17:32:04.780: delete node: IP: 108.138.53.154. Number of nodes 34
EtherApe-INFO: 17:32:04.780: delete node: IP: 108.138.51.114. Number of nodes 33
EtherApe-INFO: 17:32:04.780: delete node: IP: 104.81.116.49. Number of nodes 32
EtherApe-INFO: 17:32:04.780: delete node: IP: 104.22.76.183. Number of nodes 31
EtherApe-INFO: 17:32:04.780: delete node: IP: 104.18.120.34. Number of nodes 30
EtherApe-INFO: 17:32:04.780: delete node: IP: 104.18.13.33. Number of nodes 29
EtherApe-INFO: 17:32:04.780: delete node: IP: 95.216.195.133. Number of nodes 28
EtherApe-INFO: 17:32:04.780: delete node: IP: 91.108.56.188. Number of nodes 27
EtherApe-INFO: 17:32:04.780: delete node: IP: 91.108.56.145. Number of nodes 26
EtherApe-INFO: 17:32:04.780: delete node: IP: 79.124.58.222. Number of nodes 25
EtherApe-INFO: 17:32:04.780: delete node: IP: 78.30.254.80. Number of nodes 24
EtherApe-INFO: 17:32:04.780: delete node: IP: 76.76.21.123. Number of nodes 23
EtherApe-INFO: 17:32:04.780: delete node: IP: 76.76.21.61. Number of nodes 22
EtherApe-INFO: 17:32:04.780: delete node: IP: 74.125.131.188. Number of nodes 21
EtherApe-INFO: 17:32:04.780: delete node: IP: 52.219.72.237. Number of nodes 20
EtherApe-INFO: 17:32:04.780: delete node: IP: 52.84.106.127. Number of nodes 19
EtherApe-INFO: 17:32:04.780: delete node: IP: 52.46.157.11. Number of nodes 18
EtherApe-INFO: 17:32:04.780: delete node: IP: 52.29.123.56. Number of nodes 17
EtherApe-INFO: 17:32:04.780: delete node: IP: 34.104.35.123. Number of nodes 16
EtherApe-INFO: 17:32:04.780: delete node: IP: 18.244.148.155. Number of nodes 15
EtherApe-INFO: 17:32:04.780: delete node: IP: 18.244.146.36. Number of nodes 14
EtherApe-INFO: 17:32:04.780: delete node: IP: 18.244.146.29. Number of nodes 13
EtherApe-INFO: 17:32:04.780: delete node: IP: 18.244.102.4. Number of nodes 12
EtherApe-INFO: 17:32:04.780: delete node: IP: 18.205.110.245. Number of nodes 11
EtherApe-INFO: 17:32:04.780: delete node: IP: 18.194.141.95. Number of nodes 10
EtherApe-INFO: 17:32:04.780: delete node: IP: 18.185.182.141. Number of nodes 9
EtherApe-INFO: 17:32:04.780: delete node: IP: 18.159.68.239. Number of nodes 8
EtherApe-INFO: 17:32:04.780: delete node: IP: 18.133.143.251. Number of nodes 7
EtherApe-INFO: 17:32:04.780: delete node: IP: 5.28.194.95. Number of nodes 6
EtherApe-INFO: 17:32:04.780: delete node: IP: 3.11.104.244. Number of nodes 5
EtherApe-INFO: 17:32:04.780: delete node: IP: 2.21.173.154. Number of nodes 4
EtherApe-INFO: 17:32:04.780: delete node: IP: 1.1.1.1. Number of nodes 3
EtherApe-INFO: 17:32:04.780: delete node: IP: 0.0.0.0. Number of nodes 2
EtherApe-INFO: 17:32:05.019: New node: IP: 1.1.1.1. Number of nodes 3
EtherApe-INFO: 17:32:05.286: New node: IP: 0.0.0.0. Number of nodes 4
EtherApe-INFO: 17:32:05.286: New node: IP: 255.255.255.255. Number of nodes 5
EtherApe-INFO: 17:32:05.819: New node: IP: 122.117.10.178. Number of nodes 6
EtherApe-INFO: 17:32:07.152: New node: IP: 146.112.41.2. Number of nodes 7
EtherApe-INFO: 17:32:07.153: New node: IP: 142.250.203.138. Number of nodes 8
EtherApe-INFO: 17:32:07.155: New node: IP: 216.58.209.13. Number of nodes 9
EtherApe-INFO: 17:32:07.156: New node: IP: 142.250.203.202. Number of nodes 10
EtherApe-INFO: 17:32:07.686: New node: IP: 149.154.167.216. Number of nodes 11
EtherApe-INFO: 17:32:08.222: New node: IP: 142.250.203.142. Number of nodes 12
EtherApe-INFO: 17:32:08.223: New node: IP: 172.217.16.10. Number of nodes 13
EtherApe-INFO: 17:32:08.223: New node: IP: 172.217.16.3. Number of nodes 14
EtherApe-INFO: 17:32:08.486: New node: IP: 216.58.215.74. Number of nodes 15
EtherApe-INFO: 17:32:08.753: New node: IP: 185.81.68.119. Number of nodes 16
EtherApe-INFO: 17:32:09.823: New node: IP: 185.233.19.199. Number of nodes 17
EtherApe-INFO: 17:32:10.619: New node: IP: 79.124.58.222. Number of nodes 18
EtherApe-INFO: 17:32:12.486: New node: IP: 149.154.167.41. Number of nodes 19
EtherApe-INFO: 17:32:12.753: New node: IP: 149.154.167.50. Number of nodes 20
EtherApe-INFO: 17:32:13.556: New node: IP: 142.250.75.14. Number of nodes 21
EtherApe-INFO: 17:32:24.228: New node: IP: 142.250.186.206. Number of nodes 22
EtherApe-INFO: 17:32:24.230: New node: IP: 216.58.215.110. Number of nodes 23
EtherApe-INFO: 17:32:24.490: New node: IP: 142.250.203.131. Number of nodes 24
EtherApe-INFO: 17:32:24.493: New node: IP: 142.250.75.4. Number of nodes 25
EtherApe-INFO: 17:32:24.761: New node: IP: 142.250.203.129. Number of nodes 26
EtherApe-INFO: 17:32:25.315: New node: IP: 142.250.203.130. Number of nodes 27
EtherApe-INFO: 17:32:25.556: New node: IP: 172.217.16.42. Number of nodes 28
EtherApe-INFO: 17:32:25.827: New node: IP: 142.250.186.197. Number of nodes 29
EtherApe-INFO: 17:32:26.889: New node: IP: 216.58.209.10. Number of nodes 30
EtherApe-INFO: 17:32:27.686: New node: IP: 104.156.155.10. Number of nodes 31
EtherApe-INFO: 17:32:28.219: New node: IP: 142.250.203.195. Number of nodes 32
EtherApe-INFO: 17:32:31.154: New node: IP: 18.244.102.4. Number of nodes 33
EtherApe-INFO: 17:32:31.423: New node: IP: 216.58.215.106. Number of nodes 34
EtherApe-INFO: 17:32:31.437: New node: IP: 216.58.215.78. Number of nodes 35
EtherApe-INFO: 17:32:31.699: New node: IP: 142.250.75.10. Number of nodes 36
EtherApe-INFO: 17:32:31.702: New node: IP: 76.76.21.61. Number of nodes 37
EtherApe-INFO: 17:32:32.754: New node: IP: 185.199.109.133. Number of nodes 38
EtherApe-INFO: 17:32:32.754: New node: IP: 2.21.173.154. Number of nodes 39
EtherApe-INFO: 17:32:32.754: New node: IP: 172.217.16.46. Number of nodes 40
EtherApe-INFO: 17:32:32.754: New node: IP: 3.11.104.244. Number of nodes 41
EtherApe-INFO: 17:32:32.754: New node: IP: 108.177.14.188. Number of nodes 42
EtherApe-INFO: 17:32:34.353: New node: IP: 104.18.120.34. Number of nodes 43
EtherApe-INFO: 17:32:34.353: New node: IP: 104.81.116.49. Number of nodes 44
EtherApe-INFO: 17:32:36.219: New node: IP: 52.46.157.11. Number of nodes 45
EtherApe-INFO: 17:32:36.220: New node: IP: 142.250.186.193. Number of nodes 46
EtherApe-INFO: 17:32:37.023: New node: IP: 213.231.2.124. Number of nodes 47
EtherApe-INFO: 17:32:37.833: New node: IP: 35.190.80.1. Number of nodes 48
EtherApe-INFO: 17:32:37.833: New node: IP: 108.177.122.94. Number of nodes 49
EtherApe-INFO: 17:32:37.833: New node: IP: 172.217.16.14. Number of nodes 50
EtherApe-INFO: 17:32:37.834: New node: IP: 172.217.16.54. Number of nodes 51
EtherApe-INFO: 17:32:39.420: New node: IP: 68.183.241.41. Number of nodes 52
EtherApe-INFO: 17:32:39.687: New node: IP: 142.250.186.202. Number of nodes 53
EtherApe-INFO: 17:32:39.690: New node: IP: 142.250.203.194. Number of nodes 54
EtherApe-INFO: 17:32:40.223: New node: IP: 146.59.68.188. Number of nodes 55
EtherApe-INFO: 17:32:40.486: New node: IP: 18.244.102.55. Number of nodes 56
EtherApe-INFO: 17:32:40.487: New node: IP: 140.82.121.4. Number of nodes 57
EtherApe-INFO: 17:32:40.753: New node: IP: 153.92.9.22. Number of nodes 58
EtherApe-INFO: 17:32:40.754: New node: IP: 185.199.111.153. Number of nodes 59
EtherApe-INFO: 17:32:40.756: New node: IP: 18.244.146.101. Number of nodes 60
EtherApe-INFO: 17:32:41.070: New node: IP: 34.239.22.39. Number of nodes 61
EtherApe-INFO: 17:32:41.080: New node: IP: 193.34.169.17. Number of nodes 62
EtherApe-INFO: 17:32:41.300: New node: IP: 216.58.209.8. Number of nodes 63
EtherApe-INFO: 17:32:41.320: New node: IP: 31.13.81.13. Number of nodes 64
EtherApe-INFO: 17:32:41.553: New node: IP: 193.200.65.5. Number of nodes 65
EtherApe-INFO: 17:32:41.575: New node: IP: 185.15.59.224. Number of nodes 66
EtherApe-INFO: 17:32:41.592: New node: IP: 193.34.169.16. Number of nodes 67
EtherApe-INFO: 17:32:41.831: New node: IP: 34.237.73.95. Number of nodes 68
EtherApe-INFO: 17:32:42.360: New node: IP: 216.239.32.178. Number of nodes 69
EtherApe-INFO: 17:32:42.395: New node: IP: 216.58.209.2. Number of nodes 70
EtherApe-INFO: 17:32:44.486: New node: IP: 192.0.76.3. Number of nodes 71
EtherApe-INFO: 17:32:44.487: New node: IP: 216.58.209.3. Number of nodes 72
EtherApe-INFO: 17:32:45.019: New node: IP: 140.82.121.6. Number of nodes 73
EtherApe-INFO: 17:32:45.019: New node: IP: 140.82.112.21. Number of nodes 74
EtherApe-INFO: 17:32:45.318: New node: IP: 216.58.215.66. Number of nodes 75
EtherApe-INFO: 17:32:46.354: New node: IP: 64.233.164.154. Number of nodes 76
EtherApe-INFO: 17:32:46.888: New node: IP: 104.18.3.19. Number of nodes 77
EtherApe-INFO: 17:32:47.420: New node: IP: 157.240.224.12. Number of nodes 78
EtherApe-INFO: 17:32:49.553: New node: IP: 157.240.224.35. Number of nodes 79
EtherApe-INFO: 17:32:49.554: New node: IP: 192.0.73.2. Number of nodes 80
EtherApe-INFO: 17:32:49.556: New node: IP: 217.70.190.202. Number of nodes 81
EtherApe-INFO: 17:32:49.557: New node: IP: 185.15.59.240. Number of nodes 82
EtherApe-INFO: 17:32:50.100: New node: IP: 91.205.18.92. Number of nodes 83
EtherApe-INFO: 17:32:50.359: New node: IP: 104.17.32.105. Number of nodes 84
EtherApe-INFO: 17:32:50.360: New node: IP: 216.239.32.181. Number of nodes 85
EtherApe-INFO: 17:32:50.362: New node: IP: 140.18.188.11. Number of nodes 86
EtherApe-INFO: 17:32:50.623: New node: IP: 195.5.34.194. Number of nodes 87
EtherApe-INFO: 17:32:50.631: New node: IP: 216.58.215.123. Number of nodes 88
EtherApe-INFO: 17:32:50.892: New node: IP: 35.203.211.56. Number of nodes 89
EtherApe-INFO: 17:32:51.169: New node: IP: 152.199.22.142. Number of nodes 90
EtherApe-INFO: 17:32:51.192: New node: IP: 93.184.219.171. Number of nodes 91
EtherApe-INFO: 17:32:51.197: New node: IP: 52.58.254.253. Number of nodes 92
EtherApe-INFO: 17:32:51.204: New node: IP: 150.227.2.58. Number of nodes 93
EtherApe-INFO: 17:32:51.421: New node: IP: 23.185.0.4. Number of nodes 94
EtherApe-INFO: 17:32:51.693: New node: IP: 130.14.29.110. Number of nodes 95
EtherApe-INFO: 17:32:51.752: New node: IP: 142.250.203.150. Number of nodes 96
EtherApe-INFO: 17:32:51.949: New node: IP: 104.18.34.12. Number of nodes 97
EtherApe-INFO: 17:32:51.950: New node: IP: 185.68.16.54. Number of nodes 98
EtherApe-INFO: 17:32:51.983: New node: IP: 193.19.152.72. Number of nodes 99
EtherApe-INFO: 17:32:52.214: New node: IP: 209.51.188.223. Number of nodes 100
EtherApe-INFO: 17:32:52.466: New node: IP: 13.72.15.89. Number of nodes 101
EtherApe-INFO: 17:32:52.484: New node: IP: 78.47.130.189. Number of nodes 102
EtherApe-INFO: 17:32:52.488: New node: IP: 92.223.84.84. Number of nodes 103
EtherApe-INFO: 17:32:52.497: New node: IP: 193.19.153.66. Number of nodes 104
EtherApe-INFO: 17:32:52.516: New node: IP: 216.239.36.178. Number of nodes 105
EtherApe-INFO: 17:32:52.736: New node: IP: 46.246.28.85. Number of nodes 106
EtherApe-INFO: 17:32:53.001: New node: IP: 135.181.27.174. Number of nodes 107
EtherApe-INFO: 17:32:53.006: New node: IP: 213.160.157.254. Number of nodes 108
EtherApe-INFO: 17:32:53.015: New node: IP: 23.74.172.142. Number of nodes 109
EtherApe-INFO: 17:32:53.290: New node: IP: 13.107.42.14. Number of nodes 110
EtherApe-INFO: 17:32:53.554: New node: IP: 104.22.10.240. Number of nodes 111
EtherApe-INFO: 17:32:53.779: New node: IP: 3.225.92.8. Number of nodes 112
EtherApe-INFO: 17:32:53.781: New node: IP: 104.198.63.0. Number of nodes 113
EtherApe-INFO: 17:32:54.389: New node: IP: 23.64.143.109. Number of nodes 114
EtherApe-INFO: 17:32:54.395: New node: IP: 104.21.3.46. Number of nodes 115
EtherApe-INFO: 17:32:54.653: New node: IP: 76.76.21.21. Number of nodes 116
EtherApe-INFO: 17:32:54.680: New node: IP: 108.138.51.19. Number of nodes 117
EtherApe-INFO: 17:32:54.684: New node: IP: 104.22.76.183. Number of nodes 118
EtherApe-INFO: 17:32:54.695: New node: IP: 172.64.153.54. Number of nodes 119
EtherApe-INFO: 17:32:54.699: New node: IP: 34.120.195.249. Number of nodes 120
EtherApe-INFO: 17:32:54.927: New node: IP: 18.244.102.38. Number of nodes 121
EtherApe-INFO: 17:32:54.930: New node: IP: 192.0.66.96. Number of nodes 122
EtherApe-INFO: 17:32:54.957: New node: IP: 185.199.109.153. Number of nodes 123
EtherApe-INFO: 17:32:55.142: New node: IP: 216.239.34.178. Number of nodes 124
EtherApe-INFO: 17:32:55.189: New node: IP: 104.19.251.10. Number of nodes 125
EtherApe-INFO: 17:32:55.410: New node: IP: 104.16.100.56. Number of nodes 126
EtherApe-INFO: 17:32:55.567: New node: IP: 176.122.113.141. Number of nodes 127
EtherApe-INFO: 17:32:55.617: New node: IP: 45.57.90.1. Number of nodes 128
EtherApe-INFO: 17:32:55.727: New node: IP: 104.18.130.236. Number of nodes 129
EtherApe-INFO: 17:32:55.732: New node: IP: 18.244.146.61. Number of nodes 130
EtherApe-INFO: 17:32:55.741: New node: IP: 52.29.123.56. Number of nodes 131
EtherApe-INFO: 17:32:55.995: New node: IP: 216.58.209.14. Number of nodes 132
EtherApe-INFO: 17:32:56.165: New node: IP: 209.51.188.127. Number of nodes 133
EtherApe-INFO: 17:32:56.193: New node: IP: 31.43.58.108. Number of nodes 134
EtherApe-INFO: 17:32:56.204: New node: IP: 108.138.51.41. Number of nodes 135
EtherApe-INFO: 17:32:56.424: New node: IP: 18.66.231.111. Number of nodes 136
EtherApe-INFO: 17:32:56.439: New node: IP: 176.122.96.225. Number of nodes 137
EtherApe-INFO: 17:32:56.664: New node: IP: 104.19.148.8. Number of nodes 138
EtherApe-INFO: 17:32:56.751: New node: IP: 216.239.38.178. Number of nodes 139
EtherApe-INFO: 17:32:56.965: New node: IP: 54.229.14.254. Number of nodes 140
EtherApe-INFO: 17:32:56.976: New node: IP: 185.67.3.49. Number of nodes 141
EtherApe-INFO: 17:32:57.265: New node: IP: 104.81.210.161. Number of nodes 142
EtherApe-INFO: 17:32:57.497: New node: IP: 104.16.27.5. Number of nodes 143
EtherApe-INFO: 17:32:57.507: New node: IP: 35.190.88.7. Number of nodes 144
EtherApe-INFO: 17:32:57.773: New node: IP: 3.210.74.68. Number of nodes 145
EtherApe-INFO: 17:32:57.991: New node: IP: 5.181.161.227. Number of nodes 146
EtherApe-INFO: 17:32:58.020: New node: IP: 217.65.3.21. Number of nodes 147
EtherApe-INFO: 17:32:58.045: New node: IP: 104.18.32.137. Number of nodes 148
EtherApe-INFO: 17:32:58.060: New node: IP: 199.232.148.157. Number of nodes 149
EtherApe-INFO: 17:32:58.602: New node: IP: 18.244.146.48. Number of nodes 150
EtherApe-INFO: 17:32:58.634: New node: IP: 198.54.96.130. Number of nodes 151
EtherApe-INFO: 17:32:58.735: New node: IP: 178.18.231.162. Number of nodes 152
EtherApe-INFO: 17:32:58.877: New node: IP: 34.223.228.8. Number of nodes 153
EtherApe-INFO: 17:32:59.083: New node: IP: 216.58.209.1. Number of nodes 154
EtherApe-INFO: 17:32:59.610: New node: IP: 18.244.149.58. Number of nodes 155
EtherApe-INFO: 17:32:59.900: New node: IP: 157.240.224.7. Number of nodes 156
EtherApe-INFO: 17:32:59.903: New node: IP: 194.88.218.116. Number of nodes 157
EtherApe-INFO: 17:33:00.180: New node: IP: 18.244.146.112. Number of nodes 158
EtherApe-INFO: 17:33:00.333: New node: IP: 116.202.80.124. Number of nodes 159
EtherApe-INFO: 17:33:00.369: New node: IP: 94.130.55.46. Number of nodes 160
EtherApe-INFO: 17:33:00.370: New node: IP: 18.66.226.5. Number of nodes 161
EtherApe-INFO: 17:33:00.639: New node: IP: 216.58.215.102. Number of nodes 162
EtherApe-INFO: 17:33:00.645: New node: IP: 104.18.22.177. Number of nodes 163
EtherApe-INFO: 17:33:00.691: New node: IP: 18.244.108.90. Number of nodes 164
EtherApe-INFO: 17:33:00.693: New node: IP: 216.58.208.202. Number of nodes 165
EtherApe-INFO: 17:33:00.703: New node: IP: 159.69.197.202. Number of nodes 166
EtherApe-INFO: 17:33:00.891: New node: IP: 35.186.249.72. Number of nodes 167
EtherApe-INFO: 17:33:00.893: New node: IP: 18.159.68.239. Number of nodes 168
EtherApe-INFO: 17:33:00.903: New node: IP: 63.33.107.46. Number of nodes 169
EtherApe-INFO: 17:33:00.952: New node: IP: 92.123.189.121. Number of nodes 170
EtherApe-INFO: 17:33:01.192: New node: IP: 52.95.119.2. Number of nodes 171
EtherApe-INFO: 17:33:01.684: New node: IP: 176.32.111.2. Number of nodes 172
EtherApe-INFO: 17:33:01.692: New node: IP: 18.244.102.107. Number of nodes 173
EtherApe-INFO: 17:33:02.208: New node: IP: 3.253.176.169. Number of nodes 174
EtherApe-INFO: 17:33:02.432: New node: IP: 18.66.233.56. Number of nodes 175
EtherApe-INFO: 17:33:02.478: New node: IP: 151.101.2.137. Number of nodes 176
EtherApe-INFO: 17:33:02.535: New node: IP: 34.243.6.117. Number of nodes 177
EtherApe-INFO: 17:33:02.733: New node: IP: 54.93.85.70. Number of nodes 178
EtherApe-INFO: 17:33:02.771: New node: IP: 151.101.65.140. Number of nodes 179
EtherApe-INFO: 17:33:02.801: New node: IP: 3.253.168.183. Number of nodes 180
EtherApe-INFO: 17:33:02.801: New node: IP: 18.244.102.25. Number of nodes 181
EtherApe-INFO: 17:33:02.866: New node: IP: 67.220.228.97. Number of nodes 182
EtherApe-INFO: 17:33:03.453: New node: IP: 23.21.46.141. Number of nodes 183
EtherApe-INFO: 17:33:03.495: New node: IP: 104.81.60.144. Number of nodes 184
EtherApe-INFO: 17:33:03.653: New node: IP: 52.94.234.174. Number of nodes 185
EtherApe-INFO: 17:33:03.831: New node: IP: 63.32.35.78. Number of nodes 186
EtherApe-INFO: 17:33:04.084: New node: IP: 172.67.74.18. Number of nodes 187
EtherApe-INFO: 17:33:04.304: New node: IP: 54.184.219.245. Number of nodes 188
EtherApe-INFO: 17:33:04.337: New node: IP: 52.9.152.90. Number of nodes 189
EtherApe-INFO: 17:33:05.394: New node: IP: 193.34.169.9. Number of nodes 190
EtherApe-INFO: 17:33:06.183: New node: IP: 188.114.96.13. Number of nodes 191
EtherApe-INFO: 17:33:06.614: New node: IP: 104.17.208.240. Number of nodes 192
EtherApe-INFO: 17:33:07.371: New node: IP: 104.19.129.76. Number of nodes 193
EtherApe-INFO: 17:33:08.435: New node: IP: 63.35.31.5. Number of nodes 194
EtherApe-INFO: 17:33:08.711: New node: IP: 142.250.186.194. Number of nodes 195
EtherApe-INFO: 17:33:08.984: New node: IP: 104.18.176.126. Number of nodes 196
EtherApe-INFO: 17:33:09.506: New node: IP: 99.81.14.86. Number of nodes 197
EtherApe-INFO: 17:33:09.779: New node: IP: 104.18.223.248. Number of nodes 198
EtherApe-INFO: 17:33:10.037: New node: IP: 104.17.194.118. Number of nodes 199
EtherApe-INFO: 17:33:10.325: New node: IP: 104.18.20.206. Number of nodes 200
EtherApe-INFO: 17:33:10.867: New node: IP: 62.140.236.170. Number of nodes 201
EtherApe-INFO: 17:33:11.373: New node: IP: 142.250.186.198. Number of nodes 202
EtherApe-INFO: 17:33:11.378: New node: IP: 180.116.46.207. Number of nodes 203
EtherApe-INFO: 17:33:12.437: New node: IP: 62.140.236.160. Number of nodes 204
EtherApe-INFO: 17:33:12.703: New node: IP: 74.125.153.92. Number of nodes 205
EtherApe-INFO: 17:33:13.504: New node: IP: 18.244.110.166. Number of nodes 206
EtherApe-INFO: 17:33:14.303: New node: IP: 34.255.164.232. Number of nodes 207
EtherApe-INFO: 17:33:15.366: New node: IP: 204.79.197.200. Number of nodes 208
EtherApe-INFO: 17:33:17.499: New node: IP: 162.159.153.247. Number of nodes 209
EtherApe-INFO: 17:33:18.303: New node: IP: 44.219.60.126. Number of nodes 210
EtherApe-INFO: 17:33:20.320: New node: IP: 67.220.228.202. Number of nodes 211
EtherApe-INFO: 17:33:20.574: New node: IP: 193.34.168.232. Number of nodes 212
EtherApe-INFO: 17:33:20.845: New node: IP: 188.114.97.13. Number of nodes 213
EtherApe-INFO: 17:33:21.367: New node: IP: 18.244.102.117. Number of nodes 214
EtherApe-INFO: 17:33:22.433: New node: IP: 142.250.75.2. Number of nodes 215
EtherApe-INFO: 17:33:23.499: New node: IP: 18.66.233.50. Number of nodes 216
EtherApe-INFO: 17:33:24.312: New node: IP: 23.64.232.81. Number of nodes 217
EtherApe-INFO: 17:33:32.649: New node: IP: 35.206.11.92. Number of nodes 218
EtherApe-INFO: 17:33:35.259: New node: IP: 172.253.124.94. Number of nodes 219
EtherApe-INFO: 17:33:35.793: New node: IP: 34.94.232.12. Number of nodes 220
EtherApe-INFO: 17:33:37.405: New node: IP: 172.217.175.35. Number of nodes 221
EtherApe-INFO: 17:33:37.928: New node: IP: 216.239.32.116. Number of nodes 222
EtherApe-INFO: 17:33:37.928: New node: IP: 216.58.215.99. Number of nodes 223
EtherApe-INFO: 17:33:38.200: New node: IP: 34.65.65.90. Number of nodes 224
EtherApe-INFO: 17:33:46.460: New node: IP: 239.255.255.250. Number of nodes 225
EtherApe-INFO: 17:33:59.365: New node: IP: 162.142.125.88. Number of nodes 226
EtherApe-INFO: 17:34:06.015: delete node: IP: 122.117.10.178. Number of nodes 225
EtherApe-INFO: 17:34:09.077: delete node: IP: 185.81.68.119. Number of nodes 224
EtherApe-INFO: 17:34:10.540: delete node: IP: 185.233.19.199. Number of nodes 223
EtherApe-INFO: 17:34:12.406: New node: IP: 195.64.252.3. Number of nodes 224
EtherApe-INFO: 17:34:24.681: New node: IP: 43.157.62.27. Number of nodes 225
EtherApe-INFO: 17:34:35.740: delete node: IP: 149.154.167.216. Number of nodes 224
EtherApe-INFO: 17:34:37.207: New node: IP: 108.128.45.145. Number of nodes 225
EtherApe-INFO: 17:34:38.273: New node: IP: 151.101.0.176. Number of nodes 226
EtherApe-INFO: 17:34:38.276: New node: IP: 18.244.146.4. Number of nodes 227
EtherApe-INFO: 17:34:39.606: New node: IP: 44.238.75.210. Number of nodes 228
EtherApe-INFO: 17:34:40.682: New node: IP: 142.250.203.193. Number of nodes 229
EtherApe-INFO: 17:34:41.490: New node: IP: 172.217.16.33. Number of nodes 230
EtherApe-INFO: 17:34:48.303: New node: IP: 185.81.68.119. Number of nodes 231
EtherApe-INFO: 17:34:50.699: delete node: IP: 142.250.186.193. Number of nodes 230
EtherApe-INFO: 17:34:51.125: delete node: IP: 35.203.211.56. Number of nodes 229
EtherApe-INFO: 17:34:52.011: delete node: IP: 172.217.16.54. Number of nodes 228
EtherApe-INFO: 17:34:53.404: delete node: IP: 13.72.15.89. Number of nodes 227
EtherApe-INFO: 17:34:54.994: delete node: IP: 217.70.190.202. Number of nodes 226
EtherApe-INFO: 17:34:57.428: delete node: IP: 193.19.152.72. Number of nodes 225
EtherApe-INFO: 17:35:00.362: delete node: IP: 130.14.29.110. Number of nodes 224
EtherApe-INFO: 17:35:00.539: New node: IP: 216.218.206.96. Number of nodes 225
EtherApe-INFO: 17:35:00.592: delete node: IP: 216.58.215.102. Number of nodes 224
EtherApe-INFO: 17:35:00.592: delete node: IP: 213.160.157.254. Number of nodes 223
EtherApe-INFO: 17:35:00.840: delete node: IP: 2.21.173.154. Number of nodes 222
EtherApe-INFO: 17:35:01.202: delete node: IP: 104.81.116.49. Number of nodes 221
EtherApe-INFO: 17:35:01.202: delete node: IP: 35.190.80.1. Number of nodes 220
EtherApe-INFO: 17:35:01.433: delete node: IP: 217.65.3.21. Number of nodes 219
EtherApe-INFO: 17:35:01.433: delete node: IP: 140.18.188.11. Number of nodes 218
EtherApe-INFO: 17:35:01.433: delete node: IP: 3.210.74.68. Number of nodes 217
EtherApe-INFO: 17:35:01.681: delete node: IP: 45.57.90.1. Number of nodes 216
EtherApe-INFO: 17:35:02.166: delete node: IP: 176.32.111.2. Number of nodes 215
EtherApe-INFO: 17:35:02.166: delete node: IP: 52.95.119.2. Number of nodes 214
EtherApe-INFO: 17:35:02.777: delete node: IP: 209.51.188.127. Number of nodes 213
EtherApe-INFO: 17:35:02.777: delete node: IP: 52.46.157.11. Number of nodes 212
EtherApe-INFO: 17:35:02.777: delete node: IP: 23.64.143.109. Number of nodes 211
EtherApe-INFO: 17:35:03.255: delete node: IP: 3.253.168.183. Number of nodes 210
EtherApe-INFO: 17:35:05.879: delete node: IP: 23.21.46.141. Number of nodes 209
EtherApe-INFO: 17:35:06.233: delete node: IP: 52.9.152.90. Number of nodes 208
EtherApe-INFO: 17:35:07.326: delete node: IP: 142.250.203.138. Number of nodes 207
EtherApe-INFO: 17:35:08.872: delete node: IP: 52.94.234.174. Number of nodes 206
EtherApe-INFO: 17:35:09.144: delete node: IP: 63.35.31.5. Number of nodes 205
EtherApe-INFO: 17:35:09.608: delete node: IP: 54.184.219.245. Number of nodes 204
EtherApe-INFO: 17:35:09.608: delete node: IP: 18.244.102.107. Number of nodes 203
EtherApe-INFO: 17:35:12.539: New node: IP: 216.58.208.205. Number of nodes 204
EtherApe-INFO: 17:35:12.827: delete node: IP: 74.125.153.92. Number of nodes 203
EtherApe-INFO: 17:35:13.412: delete node: IP: 78.47.130.189. Number of nodes 202
EtherApe-INFO: 17:35:13.656: delete node: IP: 209.51.188.223. Number of nodes 201
EtherApe-INFO: 17:35:14.519: delete node: IP: 142.250.75.14. Number of nodes 200
EtherApe-INFO: 17:35:16.060: delete node: IP: 94.130.55.46. Number of nodes 199
EtherApe-INFO: 17:35:16.554: delete node: IP: 92.223.84.84. Number of nodes 198
EtherApe-INFO: 17:35:17.177: delete node: IP: 150.227.2.58. Number of nodes 197
EtherApe-INFO: 17:35:20.854: delete node: IP: 67.220.228.202. Number of nodes 196
EtherApe-INFO: 17:35:21.093: delete node: IP: 188.114.97.13. Number of nodes 195
EtherApe-INFO: 17:35:21.496: delete node: IP: 116.202.80.124. Number of nodes 194
EtherApe-INFO: 17:35:22.148: delete node: IP: 52.58.254.253. Number of nodes 193
EtherApe-INFO: 17:35:24.619: delete node: IP: 23.64.232.81. Number of nodes 192
EtherApe-INFO: 17:35:25.876: New node: IP: 140.82.121.3. Number of nodes 193
EtherApe-INFO: 17:35:26.140: New node: IP: 185.199.108.154. Number of nodes 194
EtherApe-INFO: 17:35:26.415: New node: IP: 140.82.112.22. Number of nodes 195
EtherApe-INFO: 17:35:26.416: New node: IP: 140.82.121.5. Number of nodes 196
EtherApe-INFO: 17:35:27.872: delete node: IP: 172.217.16.10. Number of nodes 195
EtherApe-INFO: 17:35:28.026: delete node: IP: 192.0.73.2. Number of nodes 194
EtherApe-INFO: 17:35:37.964: delete node: IP: 172.253.124.94. Number of nodes 193
EtherApe-INFO: 17:35:38.677: New node: IP: 104.18.13.33. Number of nodes 194
EtherApe-INFO: 17:35:39.473: New node: IP: 185.225.74.171. Number of nodes 195
EtherApe-INFO: 17:35:40.273: New node: IP: 116.48.59.214. Number of nodes 196
EtherApe-INFO: 17:35:41.418: delete node: IP: 213.231.2.124. Number of nodes 195
EtherApe-INFO: 17:35:41.658: delete node: IP: 34.94.232.12. Number of nodes 194
EtherApe-INFO: 17:35:42.185: delete node: IP: 153.92.9.22. Number of nodes 193
EtherApe-INFO: 17:35:43.569: delete node: IP: 216.58.209.13. Number of nodes 192
EtherApe-INFO: 17:35:43.569: delete node: IP: 34.65.65.90. Number of nodes 191
EtherApe-INFO: 17:35:48.639: delete node: IP: 216.58.215.66. Number of nodes 190
EtherApe-INFO: 17:35:49.153: delete node: IP: 193.34.169.16. Number of nodes 189
EtherApe-INFO: 17:35:49.153: delete node: IP: 192.0.76.3. Number of nodes 188
EtherApe-INFO: 17:35:49.607: New node: IP: 213.231.2.124. Number of nodes 189
EtherApe-INFO: 17:35:50.406: New node: IP: 77.90.185.177. Number of nodes 190
EtherApe-INFO: 17:35:50.426: delete node: IP: 198.54.96.130. Number of nodes 189
EtherApe-INFO: 17:35:52.283: delete node: IP: 216.58.215.123. Number of nodes 188
EtherApe-INFO: 17:35:52.641: delete node: IP: 157.240.224.12. Number of nodes 187
EtherApe-INFO: 17:35:54.464: delete node: IP: 157.240.224.35. Number of nodes 186
EtherApe-INFO: 17:35:54.709: delete node: IP: 142.250.203.150. Number of nodes 185
EtherApe-INFO: 17:35:56.278: New node: IP: 140.82.112.25. Number of nodes 186
EtherApe-INFO: 17:35:58.745: delete node: IP: 193.34.169.17. Number of nodes 185
EtherApe-INFO: 17:35:59.236: delete node: IP: 5.181.161.227. Number of nodes 184
EtherApe-INFO: 17:35:59.610: delete node: IP: 216.58.215.110. Number of nodes 183
EtherApe-INFO: 17:35:59.611: delete node: IP: 216.58.215.74. Number of nodes 182
EtherApe-INFO: 17:35:59.611: delete node: IP: 216.58.209.1. Number of nodes 181
EtherApe-INFO: 17:35:59.611: delete node: IP: 193.200.65.5. Number of nodes 180
EtherApe-INFO: 17:35:59.611: delete node: IP: 176.122.113.141. Number of nodes 179
EtherApe-INFO: 17:35:59.611: delete node: IP: 162.142.125.88. Number of nodes 178
EtherApe-INFO: 17:35:59.611: delete node: IP: 91.205.18.92. Number of nodes 177
EtherApe-INFO: 17:35:59.611: delete node: IP: 31.43.58.108. Number of nodes 176
EtherApe-INFO: 17:36:00.613: delete node: IP: 140.82.112.21. Number of nodes 175
EtherApe-INFO: 17:36:00.613: delete node: IP: 34.223.228.8. Number of nodes 174
EtherApe-INFO: 17:36:01.359: delete node: IP: 135.181.27.174. Number of nodes 173
EtherApe-INFO: 17:36:01.359: delete node: IP: 63.33.107.46. Number of nodes 172
EtherApe-INFO: 17:36:02.244: delete node: IP: 68.183.241.41. Number of nodes 171
EtherApe-INFO: 17:36:03.506: delete node: IP: 54.229.14.254. Number of nodes 170
EtherApe-INFO: 17:36:03.506: delete node: IP: 54.93.85.70. Number of nodes 169
EtherApe-INFO: 17:36:03.749: delete node: IP: 185.68.16.54. Number of nodes 168
EtherApe-INFO: 17:36:03.749: delete node: IP: 31.13.81.13. Number of nodes 167
EtherApe-INFO: 17:36:04.151: delete node: IP: 63.32.35.78. Number of nodes 166
EtherApe-INFO: 17:36:05.703: delete node: IP: 194.88.218.116. Number of nodes 165
EtherApe-INFO: 17:36:06.744: delete node: IP: 195.5.34.194. Number of nodes 164
EtherApe-INFO: 17:36:06.744: delete node: IP: 193.19.153.66. Number of nodes 163
EtherApe-INFO: 17:36:06.744: delete node: IP: 176.122.96.225. Number of nodes 162
EtherApe-INFO: 17:36:06.744: delete node: IP: 52.29.123.56. Number of nodes 161
EtherApe-INFO: 17:36:06.744: delete node: IP: 46.246.28.85. Number of nodes 160
EtherApe-INFO: 17:36:09.401: delete node: IP: 192.0.66.96. Number of nodes 159
EtherApe-INFO: 17:36:12.627: delete node: IP: 99.81.14.86. Number of nodes 158
EtherApe-INFO: 17:36:13.647: delete node: IP: 195.64.252.3. Number of nodes 157
EtherApe-INFO: 17:36:14.535: delete node: IP: 157.240.224.7. Number of nodes 156
EtherApe-INFO: 17:36:14.773: delete node: IP: 34.255.164.232. Number of nodes 155
EtherApe-INFO: 17:36:18.242: delete node: IP: 34.239.22.39. Number of nodes 154
EtherApe-INFO: 17:36:18.406: New node: IP: 167.94.145.18. Number of nodes 155
EtherApe-INFO: 17:36:18.939: New node: IP: 195.64.183.244. Number of nodes 156
EtherApe-INFO: 17:36:19.742: New node: IP: 104.25.94.5. Number of nodes 157
EtherApe-INFO: 17:36:20.010: New node: IP: 52.29.123.56. Number of nodes 158
EtherApe-INFO: 17:36:20.973: delete node: IP: 180.116.46.207. Number of nodes 157
EtherApe-INFO: 17:36:21.628: New node: IP: 114.239.217.136. Number of nodes 158
EtherApe-INFO: 17:36:23.653: delete node: IP: 104.198.63.0. Number of nodes 157
EtherApe-INFO: 17:36:24.876: delete node: IP: 44.219.60.126. Number of nodes 156
EtherApe-INFO: 17:36:24.876: delete node: IP: 43.157.62.27. Number of nodes 155
EtherApe-INFO: 17:36:29.348: New node: IP: 95.216.144.15. Number of nodes 156
EtherApe-INFO: 17:36:36.134: delete node: IP: 35.206.11.92. Number of nodes 155
EtherApe-INFO: 17:36:37.609: New node: IP: 104.18.12.33. Number of nodes 156
EtherApe-INFO: 17:36:38.420: New node: IP: 95.216.195.133. Number of nodes 157
EtherApe-INFO: 17:36:41.995: delete node: IP: 216.58.215.106. Number of nodes 156
EtherApe-INFO: 17:36:41.995: delete node: IP: 216.58.208.202. Number of nodes 155
EtherApe-INFO: 17:36:48.298: delete node: IP: 185.81.68.119. Number of nodes 154
EtherApe-INFO: 17:36:48.298: delete node: IP: 146.59.68.188. Number of nodes 153
EtherApe-INFO: 17:36:50.442: delete node: IP: 185.15.59.240. Number of nodes 152
EtherApe-INFO: 17:36:50.442: delete node: IP: 185.15.59.224. Number of nodes 151
EtherApe-INFO: 17:36:53.449: delete node: IP: 23.74.172.142. Number of nodes 150
EtherApe-INFO: 17:36:54.250: delete node: IP: 140.82.121.4. Number of nodes 149
EtherApe-INFO: 17:36:57.641: delete node: IP: 104.81.210.161. Number of nodes 148
EtherApe-INFO: 17:37:00.571: delete node: IP: 216.218.206.96. Number of nodes 147
EtherApe-INFO: 17:37:01.890: New node: IP: 192.99.120.100. Number of nodes 148
EtherApe-INFO: 17:37:01.991: delete node: IP: 178.18.231.162. Number of nodes 147
EtherApe-INFO: 17:37:02.411: New node: IP: 35.203.210.130. Number of nodes 148
EtherApe-INFO: 17:37:03.558: delete node: IP: 92.123.189.121. Number of nodes 147
EtherApe-INFO: 17:37:03.819: delete node: IP: 104.81.60.144. Number of nodes 146
EtherApe-INFO: 17:37:06.759: delete node: IP: 13.107.42.14. Number of nodes 145
EtherApe-INFO: 17:37:11.576: delete node: IP: 62.140.236.170. Number of nodes 144
EtherApe-INFO: 17:37:12.568: delete node: IP: 216.58.208.205. Number of nodes 143
EtherApe-INFO: 17:37:12.808: delete node: IP: 62.140.236.160. Number of nodes 142
EtherApe-INFO: 17:37:13.345: New node: IP: 142.250.203.138. Number of nodes 143
EtherApe-INFO: 17:37:13.873: New node: IP: 162.142.125.91. Number of nodes 144
EtherApe-INFO: 17:37:20.820: delete node: IP: 104.156.155.10. Number of nodes 143
EtherApe-INFO: 17:37:21.636: delete node: IP: 204.79.197.200. Number of nodes 142
EtherApe-INFO: 17:37:22.673: New node: IP: 162.142.125.86. Number of nodes 143
EtherApe-INFO: 17:37:22.940: New node: IP: 104.156.155.10. Number of nodes 144
EtherApe-INFO: 17:37:25.620: delete node: IP: 193.34.168.232. Number of nodes 143
EtherApe-INFO: 17:37:28.637: delete node: IP: 142.250.203.202. Number of nodes 142
EtherApe-INFO: 17:37:37.073: New node: IP: 148.153.115.14. Number of nodes 143
EtherApe-INFO: 17:37:37.873: New node: IP: 142.251.209.3. Number of nodes 144
EtherApe-INFO: 17:37:37.961: delete node: IP: 108.128.45.145. Number of nodes 143
EtherApe-INFO: 17:37:38.740: delete node: IP: 216.58.215.99. Number of nodes 142
EtherApe-INFO: 17:37:39.484: delete node: IP: 185.225.74.171. Number of nodes 141
EtherApe-INFO: 17:37:40.013: delete node: IP: 44.238.75.210. Number of nodes 140
EtherApe-INFO: 17:37:40.400: delete node: IP: 116.48.59.214. Number of nodes 139
EtherApe-INFO: 17:37:42.711: delete node: IP: 172.217.16.33. Number of nodes 138
EtherApe-INFO: 17:37:42.711: delete node: IP: 142.250.203.129. Number of nodes 137
EtherApe-INFO: 17:37:46.195: delete node: IP: 18.244.102.4. Number of nodes 136
EtherApe-INFO: 17:37:49.636: delete node: IP: 213.231.2.124. Number of nodes 135
EtherApe-INFO: 17:37:50.728: delete node: IP: 77.90.185.177. Number of nodes 134
EtherApe-INFO: 17:37:59.739: New node: IP: 216.58.215.67. Number of nodes 135
EtherApe-INFO: 17:38:00.599: delete node: IP: 152.199.22.142. Number of nodes 134
EtherApe-INFO: 17:38:01.987: delete node: IP: 159.69.197.202. Number of nodes 133
EtherApe-INFO: 17:38:05.503: delete node: IP: 193.34.169.9. Number of nodes 132
EtherApe-INFO: 17:38:08.542: New node: IP: 172.217.16.4. Number of nodes 133
EtherApe-INFO: 17:38:14.409: New node: IP: 80.66.83.171. Number of nodes 134
EtherApe-INFO: 17:38:14.673: New node: IP: 216.58.215.74. Number of nodes 135
EtherApe-INFO: 17:38:18.778: delete node: IP: 167.94.145.18. Number of nodes 134
EtherApe-INFO: 17:38:18.778: delete node: IP: 142.250.203.193. Number of nodes 133
EtherApe-INFO: 17:38:18.940: New node: IP: 185.81.68.119. Number of nodes 134
EtherApe-INFO: 17:38:19.009: delete node: IP: 195.64.183.244. Number of nodes 133
EtherApe-INFO: 17:38:21.765: delete node: IP: 114.239.217.136. Number of nodes 132
EtherApe-INFO: 17:38:24.577: New node: IP: 103.187.191.208. Number of nodes 133
EtherApe-INFO: 17:38:25.643: New node: IP: 23.64.143.109. Number of nodes 134
EtherApe-INFO: 17:38:27.217: New node: IP: 142.250.203.129. Number of nodes 135
EtherApe-INFO: 17:38:27.219: New node: IP: 172.217.16.22. Number of nodes 136
EtherApe-INFO: 17:38:27.236: New node: IP: 162.142.125.92. Number of nodes 137
EtherApe-INFO: 17:38:28.276: New node: IP: 216.58.208.202. Number of nodes 138
EtherApe-INFO: 17:38:28.308: New node: IP: 142.250.75.8. Number of nodes 139
EtherApe-INFO: 17:38:29.798: New node: IP: 142.250.203.193. Number of nodes 140
EtherApe-INFO: 17:38:36.069: delete node: IP: 140.82.121.6. Number of nodes 139
EtherApe-INFO: 17:38:38.302: New node: IP: 35.203.210.106. Number of nodes 140
EtherApe-INFO: 17:38:39.655: delete node: IP: 95.216.195.133. Number of nodes 139
EtherApe-INFO: 17:38:40.055: delete node: IP: 142.250.203.194. Number of nodes 138
EtherApe-INFO: 17:38:40.865: delete node: IP: 18.244.102.55. Number of nodes 137
EtherApe-INFO: 17:38:41.130: delete node: IP: 18.244.146.101. Number of nodes 136
EtherApe-INFO: 17:38:42.055: delete node: IP: 172.217.16.46. Number of nodes 135
EtherApe-INFO: 17:38:42.758: delete node: IP: 216.58.209.2. Number of nodes 134
EtherApe-INFO: 17:38:43.887: New node: IP: 176.122.113.141. Number of nodes 135
EtherApe-INFO: 17:38:43.905: New node: IP: 173.194.177.93. Number of nodes 136
EtherApe-INFO: 17:38:44.454: New node: IP: 31.43.58.108. Number of nodes 137
EtherApe-INFO: 17:38:46.713: delete node: IP: 64.233.164.154. Number of nodes 136
EtherApe-INFO: 17:38:50.812: delete node: IP: 216.239.32.181. Number of nodes 135
EtherApe-INFO: 17:38:56.571: delete node: IP: 18.244.146.61. Number of nodes 134
EtherApe-INFO: 17:38:57.634: delete node: IP: 18.66.231.111. Number of nodes 133
EtherApe-INFO: 17:38:58.961: delete node: IP: 18.244.146.48. Number of nodes 132
EtherApe-INFO: 17:38:59.231: delete node: IP: 216.239.32.178. Number of nodes 131
EtherApe-INFO: 17:38:59.459: delete node: IP: 142.250.75.4. Number of nodes 130
EtherApe-INFO: 17:38:59.907: delete node: IP: 216.239.34.178. Number of nodes 129
EtherApe-INFO: 17:39:00.296: delete node: IP: 142.250.75.10. Number of nodes 128
EtherApe-INFO: 17:39:00.296: delete node: IP: 18.244.149.58. Number of nodes 127
EtherApe-INFO: 17:39:00.569: delete node: IP: 216.239.36.178. Number of nodes 126
EtherApe-INFO: 17:39:01.106: delete node: IP: 18.244.146.112. Number of nodes 125
EtherApe-INFO: 17:39:01.106: delete node: IP: 18.244.108.90. Number of nodes 124
EtherApe-INFO: 17:39:01.376: delete node: IP: 142.250.203.131. Number of nodes 123
EtherApe-INFO: 17:39:02.171: delete node: IP: 192.99.120.100. Number of nodes 122
EtherApe-INFO: 17:39:02.708: delete node: IP: 35.203.210.130. Number of nodes 121
EtherApe-INFO: 17:39:02.708: delete node: IP: 18.66.233.56. Number of nodes 120
EtherApe-INFO: 17:39:04.683: delete node: IP: 108.138.51.41. Number of nodes 119
EtherApe-INFO: 17:39:05.115: delete node: IP: 18.66.226.5. Number of nodes 118
EtherApe-INFO: 17:39:05.651: delete node: IP: 142.250.203.130. Number of nodes 117
EtherApe-INFO: 17:39:06.710: delete node: IP: 18.244.102.25. Number of nodes 116
EtherApe-INFO: 17:39:08.312: delete node: IP: 104.18.12.33. Number of nodes 115
EtherApe-INFO: 17:39:08.842: delete node: IP: 216.58.209.8. Number of nodes 114
EtherApe-INFO: 17:39:09.111: delete node: IP: 142.250.186.194. Number of nodes 113
EtherApe-INFO: 17:39:09.641: delete node: IP: 216.239.38.178. Number of nodes 112
EtherApe-INFO: 17:39:11.375: New node: IP: 162.216.149.252. Number of nodes 113
EtherApe-INFO: 17:39:11.645: New node: IP: 13.107.42.14. Number of nodes 114
EtherApe-INFO: 17:39:11.783: delete node: IP: 142.250.186.198. Number of nodes 113
EtherApe-INFO: 17:39:12.977: New node: IP: 216.58.208.205. Number of nodes 114
EtherApe-INFO: 17:39:13.912: delete node: IP: 142.250.203.138. Number of nodes 113
EtherApe-INFO: 17:39:14.016: delete node: IP: 162.142.125.91. Number of nodes 112
EtherApe-INFO: 17:39:14.166: delete node: IP: 18.244.110.166. Number of nodes 111
EtherApe-INFO: 17:39:15.350: New node: IP: 216.58.215.106. Number of nodes 112
EtherApe-INFO: 17:39:15.610: New node: IP: 178.18.231.145. Number of nodes 113
EtherApe-INFO: 17:39:16.584: New node: IP: 149.154.167.216. Number of nodes 114
EtherApe-INFO: 17:39:16.824: New node: IP: 178.18.231.162. Number of nodes 115
EtherApe-INFO: 17:39:17.522: New node: IP: 149.154.167.92. Number of nodes 116
EtherApe-INFO: 17:39:17.862: New node: IP: 204.79.197.200. Number of nodes 117
EtherApe-INFO: 17:39:17.943: New node: IP: 185.89.210.141. Number of nodes 118
EtherApe-INFO: 17:39:19.016: New node: IP: 13.248.245.213. Number of nodes 119
EtherApe-INFO: 17:39:19.303: New node: IP: 169.254.195.1. Number of nodes 120
EtherApe-INFO: 17:39:19.303: New node: IP: 169.254.255.255. Number of nodes 121
EtherApe-INFO: 17:39:20.043: New node: IP: 23.197.105.83. Number of nodes 122
EtherApe-INFO: 17:39:20.589: New node: IP: 149.154.175.57. Number of nodes 123
EtherApe-INFO: 17:39:20.589: New node: IP: 149.154.175.54. Number of nodes 124
EtherApe-INFO: 17:39:20.997: delete node: IP: 216.58.215.78. Number of nodes 123
EtherApe-INFO: 17:39:21.111: New node: IP: 69.173.144.165. Number of nodes 124
EtherApe-INFO: 17:39:21.645: delete node: IP: 18.244.102.117. Number of nodes 123
EtherApe-INFO: 17:39:22.146: New node: IP: 2.21.173.154. Number of nodes 124
EtherApe-INFO: 17:39:22.681: delete node: IP: 162.142.125.86. Number of nodes 123
EtherApe-INFO: 17:39:22.844: delete node: IP: 142.250.75.2. Number of nodes 122
EtherApe-INFO: 17:39:22.912: New node: IP: 162.19.138.83. Number of nodes 123
EtherApe-INFO: 17:39:23.601: delete node: IP: 18.66.233.50. Number of nodes 122
EtherApe-INFO: 17:39:28.159: New node: IP: 91.108.56.145. Number of nodes 123
EtherApe-INFO: 17:39:37.104: delete node: IP: 148.153.115.14. Number of nodes 122
EtherApe-INFO: 17:39:37.185: New node: IP: 149.154.171.255. Number of nodes 123
EtherApe-INFO: 17:39:38.000: New node: IP: 142.250.203.145. Number of nodes 124
EtherApe-INFO: 17:39:40.620: New node: IP: 149.154.167.255. Number of nodes 125
EtherApe-INFO: 17:39:42.459: New node: IP: 149.154.175.211. Number of nodes 126
EtherApe-INFO: 17:39:59.751: delete node: IP: 216.58.215.67. Number of nodes 125
EtherApe-INFO: 17:40:00.469: delete node: IP: 185.67.3.49. Number of nodes 124
EtherApe-INFO: 17:40:04.419: delete node: IP: 140.82.112.22. Number of nodes 123
EtherApe-INFO: 17:40:04.525: delete node: IP: 140.82.121.3. Number of nodes 122
EtherApe-INFO: 17:40:05.761: New node: IP: 213.231.2.124. Number of nodes 123
EtherApe-INFO: 17:40:06.705: delete node: IP: 3.253.176.169. Number of nodes 122
EtherApe-INFO: 17:40:09.998: delete node: IP: 104.18.176.126. Number of nodes 121
EtherApe-INFO: 17:40:10.715: delete node: IP: 104.18.223.248. Number of nodes 120
EtherApe-INFO: 17:40:12.791: delete node: IP: 3.11.104.244. Number of nodes 119
EtherApe-INFO: 17:40:14.498: delete node: IP: 80.66.83.171. Number of nodes 118
EtherApe-INFO: 17:40:14.937: delete node: IP: 216.58.215.74. Number of nodes 117
EtherApe-INFO: 17:40:15.050: New node: IP: 198.199.117.130. Number of nodes 118
EtherApe-INFO: 17:40:16.893: New node: IP: 142.250.203.138. Number of nodes 119
EtherApe-INFO: 17:40:23.068: New node: IP: 149.154.167.91. Number of nodes 120
EtherApe-INFO: 17:40:24.588: delete node: IP: 103.187.191.208. Number of nodes 119
EtherApe-INFO: 17:40:24.588: delete node: IP: 67.220.228.97. Number of nodes 118
EtherApe-INFO: 17:40:27.203: delete node: IP: 172.217.16.22. Number of nodes 117
EtherApe-INFO: 17:40:27.203: delete node: IP: 162.142.125.92. Number of nodes 116
EtherApe-INFO: 17:40:28.802: delete node: IP: 104.18.120.34. Number of nodes 115
EtherApe-INFO: 17:40:29.857: New node: IP: 91.108.56.188. Number of nodes 116
EtherApe-INFO: 17:40:30.004: delete node: IP: 142.250.203.193. Number of nodes 115
EtherApe-INFO: 17:40:32.439: New node: IP: 199.195.252.122. Number of nodes 116
EtherApe-INFO: 17:40:35.503: New node: IP: 84.54.51.189. Number of nodes 117
EtherApe-INFO: 17:40:35.666: delete node: IP: 108.138.51.19. Number of nodes 116
EtherApe-INFO: 17:40:38.330: delete node: IP: 35.203.210.106. Number of nodes 115
EtherApe-INFO: 17:40:39.660: delete node: IP: 172.217.175.35. Number of nodes 114
EtherApe-INFO: 17:40:42.598: delete node: IP: 172.217.16.3. Number of nodes 113
EtherApe-INFO: 17:40:44.199: delete node: IP: 173.194.177.93. Number of nodes 112
EtherApe-INFO: 17:40:44.733: delete node: IP: 31.43.58.108. Number of nodes 111
EtherApe-INFO: 17:40:51.251: New node: IP: 192.241.225.84. Number of nodes 112
EtherApe-INFO: 17:40:51.773: New node: IP: 172.217.16.3. Number of nodes 113
EtherApe-INFO: 17:40:53.109: New node: IP: 142.250.203.131. Number of nodes 114
EtherApe-INFO: 17:40:54.194: New node: IP: 142.250.203.130. Number of nodes 115
EtherApe-INFO: 17:40:54.650: New node: IP: 140.82.121.3. Number of nodes 116
EtherApe-INFO: 17:40:57.314: New node: IP: 140.82.112.21. Number of nodes 117
EtherApe-INFO: 17:40:57.320: New node: IP: 140.82.121.6. Number of nodes 118
EtherApe-INFO: 17:41:00.517: New node: IP: 195.64.136.254. Number of nodes 119
EtherApe-INFO: 17:41:03.980: New node: IP: 142.250.203.136. Number of nodes 120
EtherApe-INFO: 17:41:04.267: New node: IP: 64.233.165.156. Number of nodes 121
EtherApe-INFO: 17:41:04.945: New node: IP: 216.58.215.78. Number of nodes 122
EtherApe-INFO: 17:41:06.426: New node: IP: 89.248.163.200. Number of nodes 123
EtherApe-INFO: 17:41:08.791: delete node: IP: 95.216.144.15. Number of nodes 122
EtherApe-INFO: 17:41:11.595: delete node: IP: 162.216.149.252. Number of nodes 121
EtherApe-INFO: 17:41:14.429: delete node: IP: 216.58.208.205. Number of nodes 120
EtherApe-INFO: 17:41:14.429: delete node: IP: 216.58.208.202. Number of nodes 119
EtherApe-INFO: 17:41:15.813: delete node: IP: 216.58.215.106. Number of nodes 118
EtherApe-INFO: 17:41:17.623: delete node: IP: 216.58.209.10. Number of nodes 117
EtherApe-INFO: 17:41:17.850: New node: IP: 89.248.165.81. Number of nodes 118
EtherApe-INFO: 17:41:18.434: New node: IP: 121.149.21.85. Number of nodes 119
EtherApe-INFO: 17:41:20.879: delete node: IP: 169.254.255.255. Number of nodes 118
EtherApe-INFO: 17:41:20.879: delete node: IP: 169.254.195.1. Number of nodes 117
EtherApe-INFO: 17:41:21.095: delete node: IP: 149.154.175.54. Number of nodes 116
EtherApe-INFO: 17:41:22.141: New node: IP: 119.23.85.168. Number of nodes 117
EtherApe-INFO: 17:41:24.398: delete node: IP: 149.154.167.50. Number of nodes 116
EtherApe-INFO: 17:41:24.787: New node: IP: 195.64.169.119. Number of nodes 117
EtherApe-INFO: 17:41:27.337: delete node: IP: 104.18.3.19. Number of nodes 116
EtherApe-INFO: 17:41:28.409: delete node: IP: 185.89.210.141. Number of nodes 115
EtherApe-INFO: 17:41:29.205: delete node: IP: 162.19.138.83. Number of nodes 114
EtherApe-INFO: 17:41:32.830: delete node: IP: 104.17.32.105. Number of nodes 113
EtherApe-INFO: 17:41:34.382: New node: IP: 112.147.8.2. Number of nodes 114
EtherApe-INFO: 17:41:34.692: delete node: IP: 104.18.34.12. Number of nodes 113
EtherApe-INFO: 17:41:35.331: delete node: IP: 104.21.3.46. Number of nodes 112
EtherApe-INFO: 17:41:35.470: New node: IP: 108.138.51.60. Number of nodes 113
EtherApe-INFO: 17:41:35.471: New node: IP: 76.76.21.123. Number of nodes 114
EtherApe-INFO: 17:41:35.718: New node: IP: 54.201.77.236. Number of nodes 115
EtherApe-INFO: 17:41:37.193: delete node: IP: 149.154.167.92. Number of nodes 114
EtherApe-INFO: 17:41:37.193: delete node: IP: 104.19.148.8. Number of nodes 113
EtherApe-INFO: 17:41:37.408: delete node: IP: 149.154.175.57. Number of nodes 112
EtherApe-INFO: 17:41:37.628: delete node: IP: 104.22.10.240. Number of nodes 111
EtherApe-INFO: 17:41:38.016: delete node: IP: 104.16.100.56. Number of nodes 110
EtherApe-INFO: 17:41:38.414: New node: IP: 95.216.195.133. Number of nodes 111
EtherApe-INFO: 17:41:38.534: delete node: IP: 104.16.27.5. Number of nodes 110
EtherApe-INFO: 17:41:40.316: New node: IP: 162.142.125.227. Number of nodes 111
EtherApe-INFO: 17:41:40.365: delete node: IP: 104.19.251.10. Number of nodes 110
EtherApe-INFO: 17:41:40.980: delete node: IP: 104.18.22.177. Number of nodes 109
EtherApe-INFO: 17:41:41.211: delete node: IP: 3.225.92.8. Number of nodes 108
EtherApe-INFO: 17:41:42.984: delete node: IP: 216.58.209.3. Number of nodes 107
EtherApe-INFO: 17:41:43.112: New node: IP: 104.18.34.202. Number of nodes 108
EtherApe-INFO: 17:41:43.795: New node: IP: 92.123.189.121. Number of nodes 109
EtherApe-INFO: 17:41:43.818: New node: IP: 18.66.233.123. Number of nodes 110
EtherApe-INFO: 17:41:43.828: delete node: IP: 104.18.32.137. Number of nodes 109
EtherApe-INFO: 17:41:44.221: delete node: IP: 104.18.130.236. Number of nodes 108
EtherApe-INFO: 17:41:44.373: New node: IP: 108.138.51.110. Number of nodes 109
EtherApe-INFO: 17:41:44.375: New node: IP: 18.244.102.122. Number of nodes 110
EtherApe-INFO: 17:41:44.601: New node: IP: 44.207.246.117. Number of nodes 111
EtherApe-INFO: 17:41:46.892: delete node: IP: 172.64.153.54. Number of nodes 110
EtherApe-INFO: 17:41:47.157: delete node: IP: 104.17.208.240. Number of nodes 109
EtherApe-INFO: 17:41:47.682: delete node: IP: 104.19.129.76. Number of nodes 108
EtherApe-INFO: 17:41:50.325: delete node: IP: 104.17.194.118. Number of nodes 107
EtherApe-INFO: 17:41:50.887: delete node: IP: 104.18.20.206. Number of nodes 106
EtherApe-INFO: 17:41:51.162: delete node: IP: 149.154.171.255. Number of nodes 105
EtherApe-INFO: 17:41:51.585: New node: IP: 18.244.126.142. Number of nodes 106
EtherApe-INFO: 17:41:51.789: New node: IP: 44.196.33.186. Number of nodes 107
EtherApe-INFO: 17:41:51.830: New node: IP: 34.149.66.134. Number of nodes 108
EtherApe-INFO: 17:41:52.110: New node: IP: 31.43.58.108. Number of nodes 109
EtherApe-INFO: 17:41:52.840: New node: IP: 89.248.165.99. Number of nodes 110
EtherApe-INFO: 17:41:53.948: New node: IP: 34.106.21.119. Number of nodes 111
EtherApe-INFO: 17:41:57.803: delete node: IP: 162.159.153.247. Number of nodes 110
EtherApe-INFO: 17:41:57.901: New node: IP: 216.58.209.3. Number of nodes 111
EtherApe-INFO: 17:41:58.999: New node: IP: 216.58.208.202. Number of nodes 112
EtherApe-INFO: 17:42:00.774: New node: IP: 151.101.1.208. Number of nodes 113
EtherApe-INFO: 17:42:00.925: delete node: IP: 188.114.96.13. Number of nodes 112
EtherApe-INFO: 17:42:02.253: New node: IP: 176.122.113.140. Number of nodes 113
EtherApe-INFO: 17:42:05.961: delete node: IP: 213.231.2.124. Number of nodes 112
EtherApe-INFO: 17:42:07.580: New node: IP: 37.44.238.167. Number of nodes 113
EtherApe-INFO: 17:42:07.976: delete node: IP: 91.108.56.145. Number of nodes 112
EtherApe-INFO: 17:42:11.023: New node: IP: 18.244.102.113. Number of nodes 113
EtherApe-INFO: 17:42:14.652: delete node: IP: 176.122.113.141. Number of nodes 112
EtherApe-INFO: 17:42:15.183: delete node: IP: 198.199.117.130. Number of nodes 111
EtherApe-INFO: 17:42:16.775: delete node: IP: 104.156.155.10. Number of nodes 110
EtherApe-INFO: 17:42:19.557: New node: IP: 216.58.215.74. Number of nodes 111
EtherApe-INFO: 17:42:20.231: delete node: IP: 76.76.21.61. Number of nodes 110
EtherApe-INFO: 17:42:20.606: New node: IP: 35.203.211.151. Number of nodes 111
EtherApe-INFO: 17:42:28.492: delete node: IP: 149.154.175.211. Number of nodes 110
EtherApe-INFO: 17:42:29.699: New node: IP: 140.82.113.26. Number of nodes 111
EtherApe-INFO: 17:42:30.739: New node: IP: 216.58.208.205. Number of nodes 112
EtherApe-INFO: 17:42:31.029: New node: IP: 198.199.96.19. Number of nodes 113
EtherApe-INFO: 17:42:32.599: delete node: IP: 199.195.252.122. Number of nodes 112
EtherApe-INFO: 17:42:34.723: New node: IP: 142.250.75.14. Number of nodes 113
EtherApe-INFO: 17:42:35.662: delete node: IP: 84.54.51.189. Number of nodes 112
EtherApe-INFO: 17:42:36.869: New node: IP: 142.250.203.206. Number of nodes 113
EtherApe-INFO: 17:42:39.666: delete node: IP: 149.154.167.91. Number of nodes 112
EtherApe-INFO: 17:42:43.546: New node: IP: 216.58.215.100. Number of nodes 113
EtherApe-INFO: 17:42:47.129: delete node: IP: 91.108.56.188. Number of nodes 112
EtherApe-INFO: 17:42:48.705: delete node: IP: 149.154.167.216. Number of nodes 111
EtherApe-INFO: 17:42:51.273: delete node: IP: 192.241.225.84. Number of nodes 110
