(etherape:1475): GLib-GIO-DEBUG: 23:45:16.073: _g_io_module_get_default: Found default implementation local (GLocalVfs) for ‘gio-vfs’
(etherape:1475): GLib-GIO-DEBUG: 23:45:16.135: Using cross-namespace EXTERNAL authentication (this will deadlock if server is GDBus < 2.73.3)
EtherApe-INFO: 23:45:16.198: sctp protocol not supported
EtherApe-INFO: 23:45:16.198: dccp protocol not supported
EtherApe-INFO: 23:45:16.198: sctp protocol not supported
EtherApe-INFO: 23:45:16.198: sctp protocol not supported
EtherApe-INFO: 23:45:16.198: sctp protocol not supported
EtherApe-INFO: 23:45:16.198: sctp protocol not supported
EtherApe-INFO: 23:45:16.198: sctp protocol not supported
EtherApe-INFO: 23:45:16.198: sctp protocol not supported
EtherApe-INFO: 23:45:16.199: sctp protocol not supported
EtherApe-INFO: 23:45:16.199: dccp protocol not supported
EtherApe-INFO: 23:45:16.199: sctp protocol not supported
EtherApe-INFO: 23:45:16.199: dccp protocol not supported
EtherApe-INFO: 23:45:16.199: dccp protocol not supported
EtherApe-INFO: 23:45:16.199: sctp protocol not supported
EtherApe-INFO: 23:45:16.199: sctp protocol not supported
EtherApe-INFO: 23:45:16.200: sctp protocol not supported
EtherApe-INFO: 23:45:16.200: sctp protocol not supported
EtherApe-INFO: 23:45:16.200: sctp protocol not supported
EtherApe-INFO: 23:45:16.201: sctp protocol not supported
EtherApe-INFO: 23:45:16.201: sctp protocol not supported
EtherApe-INFO: 23:45:16.201: sctp protocol not supported
EtherApe-INFO: 23:45:16.201: sctp protocol not supported
EtherApe-INFO: 23:45:16.201: sctp protocol not supported
EtherApe-INFO: 23:45:16.202: sctp protocol not supported
EtherApe-INFO: 23:45:16.202: sctp protocol not supported
EtherApe-INFO: 23:45:16.202: sctp protocol not supported
EtherApe-INFO: 23:45:16.202: sctp protocol not supported
EtherApe-INFO: 23:45:16.203: sctp protocol not supported
EtherApe-INFO: 23:45:16.203: dccp protocol not supported
EtherApe-INFO: 23:45:16.203: sctp protocol not supported
EtherApe-INFO: 23:45:16.203: sctp protocol not supported
EtherApe-INFO: 23:45:16.203: dccp protocol not supported
EtherApe-INFO: 23:45:16.203: sctp protocol not supported
EtherApe-INFO: 23:45:16.203: sctp protocol not supported
EtherApe-INFO: 23:45:16.203: sctp protocol not supported
EtherApe-INFO: 23:45:16.203: dccp protocol not supported
EtherApe-INFO: 23:45:16.203: dccp protocol not supported
EtherApe-INFO: 23:45:16.203: sctp protocol not supported
EtherApe-INFO: 23:45:16.203: sctp protocol not supported
EtherApe-INFO: 23:45:16.203: sctp protocol not supported
EtherApe-INFO: 23:45:16.203: sctp protocol not supported
EtherApe-INFO: 23:45:16.204: sctp protocol not supported
EtherApe-INFO: 23:45:16.204: sctp protocol not supported
EtherApe-INFO: 23:45:16.204: sctp protocol not supported
EtherApe-INFO: 23:45:16.204: sctp protocol not supported
EtherApe-INFO: 23:45:16.204: sctp protocol not supported
EtherApe-INFO: 23:45:16.204: sctp protocol not supported
EtherApe-INFO: 23:45:16.204: sctp protocol not supported
EtherApe-INFO: 23:45:16.204: sctp protocol not supported
EtherApe-INFO: 23:45:16.204: sctp protocol not supported
EtherApe-INFO: 23:45:16.204: sctp protocol not supported
EtherApe-INFO: 23:45:16.204: sctp protocol not supported
EtherApe-INFO: 23:45:16.204: sctp protocol not supported
EtherApe-INFO: 23:45:16.204: sctp protocol not supported
EtherApe-INFO: 23:45:16.204: sctp protocol not supported
EtherApe-INFO: 23:45:16.204: sctp protocol not supported
EtherApe-INFO: 23:45:16.204: sctp protocol not supported
EtherApe-INFO: 23:45:16.204: dccp protocol not supported
EtherApe-INFO: 23:45:16.204: sctp protocol not supported
EtherApe-INFO: 23:45:16.204: sctp protocol not supported
EtherApe-INFO: 23:45:16.204: sctp protocol not supported
EtherApe-INFO: 23:45:16.204: sctp protocol not supported
EtherApe-INFO: 23:45:16.205: sctp protocol not supported
EtherApe-INFO: 23:45:16.205: sctp protocol not supported
EtherApe-INFO: 23:45:16.205: sctp protocol not supported
EtherApe-INFO: 23:45:16.205: sctp protocol not supported
EtherApe-INFO: 23:45:16.205: sctp protocol not supported
EtherApe-INFO: 23:45:16.205: sctp protocol not supported
EtherApe-INFO: 23:45:16.205: sctp protocol not supported
EtherApe-INFO: 23:45:16.205: sctp protocol not supported
EtherApe-INFO: 23:45:16.205: sctp protocol not supported
EtherApe-INFO: 23:45:16.205: sctp protocol not supported
EtherApe-INFO: 23:45:16.206: sctp protocol not supported
EtherApe-INFO: 23:45:16.206: sctp protocol not supported
EtherApe-INFO: 23:45:16.206: sctp protocol not supported
EtherApe-INFO: 23:45:16.206: sctp protocol not supported
EtherApe-INFO: 23:45:16.206: sctp protocol not supported
EtherApe-INFO: 23:45:16.206: sctp protocol not supported
EtherApe-INFO: 23:45:16.206: sctp protocol not supported
EtherApe-INFO: 23:45:16.206: sctp protocol not supported
EtherApe-INFO: 23:45:16.206: sctp protocol not supported
EtherApe-INFO: 23:45:16.206: sctp protocol not supported
EtherApe-INFO: 23:45:16.206: sctp protocol not supported
EtherApe-INFO: 23:45:16.206: sctp protocol not supported
EtherApe-INFO: 23:45:16.206: sctp protocol not supported
EtherApe-INFO: 23:45:16.206: sctp protocol not supported
EtherApe-INFO: 23:45:16.206: sctp protocol not supported
EtherApe-INFO: 23:45:16.206: sctp protocol not supported
EtherApe-INFO: 23:45:16.206: sctp protocol not supported
EtherApe-INFO: 23:45:16.206: sctp protocol not supported
EtherApe-INFO: 23:45:16.206: sctp protocol not supported
EtherApe-INFO: 23:45:16.206: sctp protocol not supported
EtherApe-INFO: 23:45:16.206: sctp protocol not supported
EtherApe-INFO: 23:45:16.206: sctp protocol not supported
EtherApe-INFO: 23:45:16.221: get_interface result: ''
EtherApe-INFO: 23:45:16.221: Available interfaces for capture: dbus-session dbus-system nfqueue nflog bluetooth-monitor lo any wlp2s0
EtherApe-INFO: 23:45:16.222: Link type is LINUX_SLL
EtherApe-INFO: 23:45:16.222: Diagram started
EtherApe-INFO: 23:45:17.503: New node: IP: 192.168.1.254. Number of nodes 1
EtherApe-INFO: 23:45:17.503: New node: IP: 149.154.167.50. Number of nodes 2
EtherApe-INFO: 23:45:18.785: New node: IP: 8.8.8.8. Number of nodes 3
EtherApe-INFO: 23:45:25.184: New node: IP: 149.154.167.41. Number of nodes 4
EtherApe-INFO: 23:45:29.536: New node: IP: 104.16.249.249. Number of nodes 5
EtherApe-INFO: 23:45:29.538: New node: IP: 1.1.1.1. Number of nodes 6
EtherApe-INFO: 23:45:30.048: New node: IP: 191.101.160.20. Number of nodes 7
EtherApe-INFO: 23:45:30.049: New node: IP: 34.209.16.253. Number of nodes 8
EtherApe-INFO: 23:45:30.303: New node: IP: 34.120.208.123. Number of nodes 9
EtherApe-INFO: 23:45:30.306: New node: IP: 34.102.187.140. Number of nodes 10
EtherApe-INFO: 23:45:30.307: New node: IP: 104.17.49.74. Number of nodes 11
EtherApe-INFO: 23:45:30.308: New node: IP: 52.40.171.113. Number of nodes 12
EtherApe-INFO: 23:45:30.310: New node: IP: 172.217.16.42. Number of nodes 13
EtherApe-INFO: 23:45:30.311: New node: IP: 35.164.184.131. Number of nodes 14
EtherApe-INFO: 23:45:34.143: New node: IP: 192.168.0.1. Number of nodes 15
EtherApe-INFO: 23:45:36.447: New node: IP: 149.154.167.216. Number of nodes 16
EtherApe-INFO: 23:45:40.545: New node: IP: 192.168.0.218. Number of nodes 17
EtherApe-INFO: 23:45:57.705: New node: IP: 192.168.1.1. Number of nodes 18
EtherApe-INFO: 23:45:57.705: New node: IP: 255.255.255.255. Number of nodes 19
EtherApe-INFO: 23:47:30.641: delete node: IP: 1.1.1.1. Number of nodes 18
EtherApe-INFO: 23:47:34.729: delete node: IP: 192.168.0.1. Number of nodes 17
EtherApe-INFO: 23:47:34.729: delete node: IP: 172.217.16.42. Number of nodes 16
EtherApe-INFO: 23:47:41.684: delete node: IP: 192.168.0.218. Number of nodes 15
EtherApe-INFO: 23:47:45.986: delete node: IP: 35.164.184.131. Number of nodes 14
EtherApe-INFO: 23:47:51.714: delete node: IP: 149.154.167.216. Number of nodes 13
EtherApe-INFO: 23:48:21.366: delete node: IP: 104.17.49.74. Number of nodes 12
EtherApe-INFO: 23:48:21.366: delete node: IP: 52.40.171.113. Number of nodes 11
EtherApe-INFO: 23:48:21.366: delete node: IP: 34.209.16.253. Number of nodes 10
EtherApe-INFO: 23:48:21.366: delete node: IP: 34.120.208.123. Number of nodes 9
EtherApe-INFO: 23:48:21.366: delete node: IP: 34.102.187.140. Number of nodes 8
EtherApe-INFO: 23:48:33.855: New node: IP: 149.154.167.216. Number of nodes 9
EtherApe-INFO: 23:49:32.224: New node: IP: 95.216.195.133. Number of nodes 10
EtherApe-INFO: 23:51:06.227: delete node: IP: 149.154.167.216. Number of nodes 9
EtherApe-INFO: 23:51:33.887: delete node: IP: 95.216.195.133. Number of nodes 8
EtherApe-INFO: 23:53:16.480: New node: IP: 0.0.0.0. Number of nodes 9
EtherApe-INFO: 23:54:32.255: New node: IP: 95.216.195.133. Number of nodes 10
EtherApe-INFO: 23:55:16.865: delete node: IP: 0.0.0.0. Number of nodes 9
EtherApe-INFO: 23:56:34.428: delete node: IP: 95.216.195.133. Number of nodes 8
EtherApe-INFO: 23:57:54.752: New node: IP: 35.155.169.38. Number of nodes 9
EtherApe-INFO: 23:58:22.399: New node: IP: 149.154.167.216. Number of nodes 10
EtherApe-INFO: 23:58:35.967: New node: IP: 3.75.5.249. Number of nodes 11
EtherApe-INFO: 23:59:32.288: New node: IP: 95.216.195.133. Number of nodes 12
EtherApe-INFO: 23:59:57.638: delete node: IP: 35.155.169.38. Number of nodes 11
EtherApe-INFO: 00:00:33.216: New node: IP: 1.1.1.1. Number of nodes 12
EtherApe-INFO: 00:00:33.216: New node: IP: 210.23.25.77. Number of nodes 13
EtherApe-INFO: 00:00:44.991: New node: IP: 95.216.144.15. Number of nodes 14
EtherApe-INFO: 00:01:32.930: delete node: IP: 95.216.195.133. Number of nodes 13
EtherApe-INFO: 00:02:01.536: New node: IP: 0.0.0.0. Number of nodes 14
EtherApe-INFO: 00:02:38.709: delete node: IP: 1.1.1.1. Number of nodes 13
EtherApe-INFO: 00:02:50.193: delete node: IP: 149.154.167.216. Number of nodes 12
EtherApe-INFO: 00:03:14.299: delete node: IP: 210.23.25.77. Number of nodes 11
EtherApe-INFO: 00:03:18.336: New node: IP: 151.101.1.176. Number of nodes 12
EtherApe-INFO: 00:03:18.593: New node: IP: 140.82.121.3. Number of nodes 13
EtherApe-INFO: 00:04:01.914: delete node: IP: 0.0.0.0. Number of nodes 12
EtherApe-INFO: 00:04:19.352: delete node: IP: 95.216.144.15. Number of nodes 11
EtherApe-INFO: 00:04:32.319: New node: IP: 95.216.195.133. Number of nodes 12
EtherApe-INFO: 00:05:04.319: New node: IP: 210.23.25.77. Number of nodes 13
EtherApe-INFO: 00:05:16.096: New node: IP: 95.216.144.15. Number of nodes 14
EtherApe-INFO: 00:05:18.691: delete node: IP: 151.101.1.176. Number of nodes 13
EtherApe-INFO: 00:05:36.145: delete node: IP: 140.82.121.3. Number of nodes 12
EtherApe-INFO: 00:06:00.895: New node: IP: 149.154.167.216. Number of nodes 13
EtherApe-INFO: 00:06:35.532: delete node: IP: 95.216.195.133. Number of nodes 12
EtherApe-INFO: 00:07:15.933: delete node: IP: 210.23.25.77. Number of nodes 11
EtherApe-INFO: 00:07:23.583: New node: IP: 140.82.121.3. Number of nodes 12
EtherApe-INFO: 00:08:16.846: delete node: IP: 149.154.167.216. Number of nodes 11
EtherApe-INFO: 00:08:23.303: delete node: IP: 95.216.144.15. Number of nodes 10
EtherApe-INFO: 00:08:52.160: New node: IP: 149.154.167.216. Number of nodes 11
EtherApe-INFO: 00:09:32.351: New node: IP: 95.216.195.133. Number of nodes 12
EtherApe-INFO: 00:09:44.668: delete node: IP: 140.82.121.3. Number of nodes 11
EtherApe-INFO: 00:10:46.591: New node: IP: 0.0.0.0. Number of nodes 12
EtherApe-INFO: 00:11:08.910: delete node: IP: 149.154.167.216. Number of nodes 11
EtherApe-INFO: 00:11:33.990: delete node: IP: 95.216.195.133. Number of nodes 10
EtherApe-INFO: 00:12:26.175: New node: IP: 149.154.167.216. Number of nodes 11
EtherApe-INFO: 00:12:49.511: delete node: IP: 0.0.0.0. Number of nodes 10
EtherApe-INFO: 00:14:32.383: New node: IP: 95.216.195.133. Number of nodes 11
EtherApe-INFO: 00:14:41.683: delete node: IP: 149.154.167.216. Number of nodes 10
EtherApe-INFO: 00:15:29.215: New node: IP: 149.154.167.216. Number of nodes 11
EtherApe-INFO: 00:15:51.491: delete node: IP: 104.16.249.249. Number of nodes 10
EtherApe-INFO: 00:16:32.715: delete node: IP: 95.216.195.133. Number of nodes 9
EtherApe-INFO: 00:17:45.501: delete node: IP: 149.154.167.216. Number of nodes 8
EtherApe-INFO: 00:19:31.647: New node: IP: 0.0.0.0. Number of nodes 9
EtherApe-INFO: 00:19:32.159: New node: IP: 95.216.195.133. Number of nodes 10
EtherApe-INFO: 00:21:34.272: delete node: IP: 95.216.195.133. Number of nodes 9
EtherApe-INFO: 00:21:34.272: delete node: IP: 0.0.0.0. Number of nodes 8
EtherApe-INFO: 00:24:32.191: New node: IP: 95.216.195.133. Number of nodes 9
EtherApe-INFO: 00:26:32.858: delete node: IP: 95.216.195.133. Number of nodes 8
EtherApe-INFO: 00:28:16.703: New node: IP: 0.0.0.0. Number of nodes 9
EtherApe-INFO: 00:28:33.343: New node: IP: 149.154.167.216. Number of nodes 10
EtherApe-INFO: 00:29:32.223: New node: IP: 95.216.195.133. Number of nodes 11
EtherApe-INFO: 00:30:16.818: delete node: IP: 0.0.0.0. Number of nodes 10
EtherApe-INFO: 00:30:49.030: delete node: IP: 149.154.167.216. Number of nodes 9
EtherApe-INFO: 00:31:33.923: delete node: IP: 95.216.195.133. Number of nodes 8
EtherApe-INFO: 00:34:32.256: New node: IP: 95.216.195.133. Number of nodes 9
EtherApe-INFO: 00:36:33.602: delete node: IP: 95.216.195.133. Number of nodes 8
EtherApe-INFO: 00:37:01.504: New node: IP: 0.0.0.0. Number of nodes 9
EtherApe-INFO: 00:38:50.559: New node: IP: 1.1.1.1. Number of nodes 10
EtherApe-INFO: 00:39:01.898: delete node: IP: 0.0.0.0. Number of nodes 9
EtherApe-INFO: 00:39:32.287: New node: IP: 95.216.195.133. Number of nodes 10
EtherApe-INFO: 00:40:53.265: delete node: IP: 1.1.1.1. Number of nodes 9
EtherApe-INFO: 00:41:34.160: delete node: IP: 95.216.195.133. Number of nodes 8
EtherApe-INFO: 00:44:32.319: New node: IP: 95.216.195.133. Number of nodes 9
EtherApe-INFO: 00:45:32.479: New node: IP: 149.154.167.216. Number of nodes 10
EtherApe-INFO: 00:45:46.560: New node: IP: 0.0.0.0. Number of nodes 11
EtherApe-INFO: 00:46:34.716: delete node: IP: 95.216.195.133. Number of nodes 10
EtherApe-INFO: 00:47:47.210: delete node: IP: 0.0.0.0. Number of nodes 9
EtherApe-INFO: 00:47:50.481: delete node: IP: 149.154.167.216. Number of nodes 8
EtherApe-INFO: 00:49:32.352: New node: IP: 95.216.195.133. Number of nodes 9
EtherApe-INFO: 00:49:56.415: New node: IP: 149.154.167.216. Number of nodes 10
EtherApe-INFO: 00:51:34.244: delete node: IP: 95.216.195.133. Number of nodes 9
EtherApe-INFO: 00:52:12.153: delete node: IP: 149.154.167.216. Number of nodes 8
EtherApe-INFO: 00:54:31.615: New node: IP: 0.0.0.0. Number of nodes 9
EtherApe-INFO: 00:54:32.383: New node: IP: 95.216.195.133. Number of nodes 10
EtherApe-INFO: 00:56:34.798: delete node: IP: 95.216.195.133. Number of nodes 9
EtherApe-INFO: 00:56:34.798: delete node: IP: 0.0.0.0. Number of nodes 8
EtherApe-INFO: 00:59:32.160: New node: IP: 95.216.195.133. Number of nodes 9
EtherApe-INFO: 01:00:08.000: New node: IP: 149.154.167.216. Number of nodes 10
EtherApe-INFO: 01:01:32.525: delete node: IP: 95.216.195.133. Number of nodes 9
EtherApe-INFO: 01:02:31.158: delete node: IP: 149.154.167.216. Number of nodes 8
EtherApe-INFO: 01:03:16.671: New node: IP: 0.0.0.0. Number of nodes 9
EtherApe-INFO: 01:04:32.191: New node: IP: 95.216.195.133. Number of nodes 10
EtherApe-INFO: 01:05:04.193: New node: IP: 210.23.25.77. Number of nodes 11
EtherApe-INFO: 01:05:06.254: New node: IP: 1.1.1.1. Number of nodes 12
EtherApe-INFO: 01:05:11.615: New node: IP: 95.216.144.15. Number of nodes 13
EtherApe-INFO: 01:05:20.849: delete node: IP: 0.0.0.0. Number of nodes 12
EtherApe-INFO: 01:06:37.657: delete node: IP: 95.216.195.133. Number of nodes 11
EtherApe-INFO: 01:07:12.750: delete node: IP: 210.23.25.77. Number of nodes 10
EtherApe-INFO: 01:07:12.750: delete node: IP: 95.216.144.15. Number of nodes 9
EtherApe-INFO: 01:07:12.750: delete node: IP: 1.1.1.1. Number of nodes 8
EtherApe-INFO: 01:09:32.223: New node: IP: 95.216.195.133. Number of nodes 9
EtherApe-INFO: 01:11:33.588: delete node: IP: 95.216.195.133. Number of nodes 8
EtherApe-INFO: 01:11:38.431: New node: IP: 149.154.167.216. Number of nodes 9
EtherApe-INFO: 01:12:01.471: New node: IP: 0.0.0.0. Number of nodes 10
