(etherape:3341): GLib-GIO-DEBUG: 07:12:56.086: _g_io_module_get_default: Found default implementation local (GLocalVfs) for ‘gio-vfs’
(etherape:3341): GLib-GIO-DEBUG: 07:12:56.149: Using cross-namespace EXTERNAL authentication (this will deadlock if server is GDBus < 2.73.3)
EtherApe-INFO: 07:12:56.212: sctp protocol not supported
EtherApe-INFO: 07:12:56.212: dccp protocol not supported
EtherApe-INFO: 07:12:56.212: sctp protocol not supported
EtherApe-INFO: 07:12:56.212: sctp protocol not supported
EtherApe-INFO: 07:12:56.212: sctp protocol not supported
EtherApe-INFO: 07:12:56.213: sctp protocol not supported
EtherApe-INFO: 07:12:56.213: sctp protocol not supported
EtherApe-INFO: 07:12:56.213: sctp protocol not supported
EtherApe-INFO: 07:12:56.213: sctp protocol not supported
EtherApe-INFO: 07:12:56.213: dccp protocol not supported
EtherApe-INFO: 07:12:56.213: sctp protocol not supported
EtherApe-INFO: 07:12:56.213: dccp protocol not supported
EtherApe-INFO: 07:12:56.214: dccp protocol not supported
EtherApe-INFO: 07:12:56.214: sctp protocol not supported
EtherApe-INFO: 07:12:56.214: sctp protocol not supported
EtherApe-INFO: 07:12:56.214: sctp protocol not supported
EtherApe-INFO: 07:12:56.215: sctp protocol not supported
EtherApe-INFO: 07:12:56.215: sctp protocol not supported
EtherApe-INFO: 07:12:56.216: sctp protocol not supported
EtherApe-INFO: 07:12:56.216: sctp protocol not supported
EtherApe-INFO: 07:12:56.216: sctp protocol not supported
EtherApe-INFO: 07:12:56.216: sctp protocol not supported
EtherApe-INFO: 07:12:56.216: sctp protocol not supported
EtherApe-INFO: 07:12:56.217: sctp protocol not supported
EtherApe-INFO: 07:12:56.217: sctp protocol not supported
EtherApe-INFO: 07:12:56.217: sctp protocol not supported
EtherApe-INFO: 07:12:56.217: sctp protocol not supported
EtherApe-INFO: 07:12:56.218: sctp protocol not supported
EtherApe-INFO: 07:12:56.218: dccp protocol not supported
EtherApe-INFO: 07:12:56.218: sctp protocol not supported
EtherApe-INFO: 07:12:56.218: sctp protocol not supported
EtherApe-INFO: 07:12:56.218: dccp protocol not supported
EtherApe-INFO: 07:12:56.218: sctp protocol not supported
EtherApe-INFO: 07:12:56.218: sctp protocol not supported
EtherApe-INFO: 07:12:56.218: sctp protocol not supported
EtherApe-INFO: 07:12:56.218: dccp protocol not supported
EtherApe-INFO: 07:12:56.218: dccp protocol not supported
EtherApe-INFO: 07:12:56.218: sctp protocol not supported
EtherApe-INFO: 07:12:56.218: sctp protocol not supported
EtherApe-INFO: 07:12:56.218: sctp protocol not supported
EtherApe-INFO: 07:12:56.218: sctp protocol not supported
EtherApe-INFO: 07:12:56.218: sctp protocol not supported
EtherApe-INFO: 07:12:56.218: sctp protocol not supported
EtherApe-INFO: 07:12:56.219: sctp protocol not supported
EtherApe-INFO: 07:12:56.219: sctp protocol not supported
EtherApe-INFO: 07:12:56.219: sctp protocol not supported
EtherApe-INFO: 07:12:56.219: sctp protocol not supported
EtherApe-INFO: 07:12:56.219: sctp protocol not supported
EtherApe-INFO: 07:12:56.219: sctp protocol not supported
EtherApe-INFO: 07:12:56.219: sctp protocol not supported
EtherApe-INFO: 07:12:56.219: sctp protocol not supported
EtherApe-INFO: 07:12:56.219: sctp protocol not supported
EtherApe-INFO: 07:12:56.219: sctp protocol not supported
EtherApe-INFO: 07:12:56.219: sctp protocol not supported
EtherApe-INFO: 07:12:56.219: sctp protocol not supported
EtherApe-INFO: 07:12:56.219: sctp protocol not supported
EtherApe-INFO: 07:12:56.219: sctp protocol not supported
EtherApe-INFO: 07:12:56.219: dccp protocol not supported
EtherApe-INFO: 07:12:56.219: sctp protocol not supported
EtherApe-INFO: 07:12:56.219: sctp protocol not supported
EtherApe-INFO: 07:12:56.219: sctp protocol not supported
EtherApe-INFO: 07:12:56.219: sctp protocol not supported
EtherApe-INFO: 07:12:56.219: sctp protocol not supported
EtherApe-INFO: 07:12:56.219: sctp protocol not supported
EtherApe-INFO: 07:12:56.220: sctp protocol not supported
EtherApe-INFO: 07:12:56.220: sctp protocol not supported
EtherApe-INFO: 07:12:56.220: sctp protocol not supported
EtherApe-INFO: 07:12:56.220: sctp protocol not supported
EtherApe-INFO: 07:12:56.220: sctp protocol not supported
EtherApe-INFO: 07:12:56.220: sctp protocol not supported
EtherApe-INFO: 07:12:56.220: sctp protocol not supported
EtherApe-INFO: 07:12:56.220: sctp protocol not supported
EtherApe-INFO: 07:12:56.220: sctp protocol not supported
EtherApe-INFO: 07:12:56.220: sctp protocol not supported
EtherApe-INFO: 07:12:56.220: sctp protocol not supported
EtherApe-INFO: 07:12:56.220: sctp protocol not supported
EtherApe-INFO: 07:12:56.220: sctp protocol not supported
EtherApe-INFO: 07:12:56.221: sctp protocol not supported
EtherApe-INFO: 07:12:56.221: sctp protocol not supported
EtherApe-INFO: 07:12:56.221: sctp protocol not supported
EtherApe-INFO: 07:12:56.221: sctp protocol not supported
EtherApe-INFO: 07:12:56.221: sctp protocol not supported
EtherApe-INFO: 07:12:56.221: sctp protocol not supported
EtherApe-INFO: 07:12:56.221: sctp protocol not supported
EtherApe-INFO: 07:12:56.221: sctp protocol not supported
EtherApe-INFO: 07:12:56.221: sctp protocol not supported
EtherApe-INFO: 07:12:56.221: sctp protocol not supported
EtherApe-INFO: 07:12:56.221: sctp protocol not supported
EtherApe-INFO: 07:12:56.221: sctp protocol not supported
EtherApe-INFO: 07:12:56.221: sctp protocol not supported
EtherApe-INFO: 07:12:56.221: sctp protocol not supported
EtherApe-INFO: 07:12:56.221: sctp protocol not supported
EtherApe-INFO: 07:12:56.221: sctp protocol not supported
EtherApe-INFO: 07:12:56.221: sctp protocol not supported
EtherApe-INFO: 07:12:56.235: get_interface result: ''
EtherApe-INFO: 07:12:56.236: Available interfaces for capture: dbus-session dbus-system nfqueue nflog bluetooth-monitor lo any wlp2s0
EtherApe-INFO: 07:12:56.236: Link type is LINUX_SLL
EtherApe-INFO: 07:12:56.237: Diagram started
EtherApe-INFO: 07:12:58.535: New node: IP: 216.58.215.101. Number of nodes 1
EtherApe-INFO: 07:12:58.535: New node: IP: 192.168.1.254. Number of nodes 2
EtherApe-INFO: 07:13:00.071: New node: IP: 54.192.231.110. Number of nodes 3
EtherApe-INFO: 07:13:00.327: New node: IP: 192.168.1.1. Number of nodes 4
EtherApe-INFO: 07:13:01.607: New node: IP: 172.217.16.3. Number of nodes 5
EtherApe-INFO: 07:13:05.191: New node: IP: 192.168.0.1. Number of nodes 6
EtherApe-INFO: 07:13:05.959: New node: IP: 172.217.16.10. Number of nodes 7
EtherApe-INFO: 07:13:07.496: New node: IP: 3.225.25.3. Number of nodes 8
EtherApe-INFO: 07:13:10.055: New node: IP: 35.186.227.140. Number of nodes 9
EtherApe-INFO: 07:13:10.312: New node: IP: 104.16.248.249. Number of nodes 10
EtherApe-INFO: 07:13:10.313: New node: IP: 52.43.228.255. Number of nodes 11
EtherApe-INFO: 07:13:10.824: New node: IP: 93.184.220.29. Number of nodes 12
EtherApe-INFO: 07:13:14.663: New node: IP: 255.255.255.255. Number of nodes 13
EtherApe-INFO: 07:13:20.807: New node: IP: 178.79.227.133. Number of nodes 14
EtherApe-INFO: 07:13:26.439: New node: IP: 104.17.49.74. Number of nodes 15
EtherApe-INFO: 07:13:27.463: New node: IP: 104.18.13.33. Number of nodes 16
EtherApe-INFO: 07:13:27.463: New node: IP: 52.85.122.132. Number of nodes 17
EtherApe-INFO: 07:13:27.463: New node: IP: 3.2.9.2. Number of nodes 18
EtherApe-INFO: 07:13:28.487: New node: IP: 142.250.75.14. Number of nodes 19
EtherApe-INFO: 07:13:28.487: New node: IP: 216.58.209.4. Number of nodes 20
EtherApe-INFO: 07:13:28.744: New node: IP: 34.120.208.123. Number of nodes 21
EtherApe-INFO: 07:13:29.000: New node: IP: 95.216.144.15. Number of nodes 22
EtherApe-INFO: 07:13:30.281: New node: IP: 52.40.171.113. Number of nodes 23
EtherApe-INFO: 07:13:30.537: New node: IP: 44.193.225.65. Number of nodes 24
EtherApe-INFO: 07:13:31.560: New node: IP: 34.207.30.233. Number of nodes 25
EtherApe-INFO: 07:13:32.584: New node: IP: 13.32.99.66. Number of nodes 26
EtherApe-INFO: 07:13:32.584: New node: IP: 172.217.20.174. Number of nodes 27
EtherApe-INFO: 07:13:32.584: New node: IP: 216.58.209.10. Number of nodes 28
EtherApe-INFO: 07:13:32.584: New node: IP: 216.58.208.202. Number of nodes 29
EtherApe-INFO: 07:13:32.584: New node: IP: 13.32.103.36. Number of nodes 30
EtherApe-INFO: 07:13:32.585: New node: IP: 142.250.203.206. Number of nodes 31
EtherApe-INFO: 07:13:33.607: New node: IP: 216.58.215.78. Number of nodes 32
EtherApe-INFO: 07:13:33.607: New node: IP: 18.66.122.110. Number of nodes 33
EtherApe-INFO: 07:13:34.632: New node: IP: 18.66.122.97. Number of nodes 34
EtherApe-INFO: 07:13:34.632: New node: IP: 172.217.16.42. Number of nodes 35
EtherApe-INFO: 07:13:35.143: New node: IP: 13.32.121.59. Number of nodes 36
EtherApe-INFO: 07:13:36.424: New node: IP: 104.18.40.133. Number of nodes 37
EtherApe-INFO: 07:13:37.447: New node: IP: 140.82.121.3. Number of nodes 38
EtherApe-INFO: 07:13:38.728: New node: IP: 142.250.186.197. Number of nodes 39
EtherApe-INFO: 07:13:38.984: New node: IP: 140.82.112.25. Number of nodes 40
EtherApe-INFO: 07:13:39.751: New node: IP: 140.82.121.4. Number of nodes 41
EtherApe-INFO: 07:13:40.521: New node: IP: 185.199.111.154. Number of nodes 42
EtherApe-INFO: 07:13:40.777: New node: IP: 185.199.108.133. Number of nodes 43
EtherApe-INFO: 07:13:40.777: New node: IP: 185.199.109.133. Number of nodes 44
EtherApe-INFO: 07:13:43.336: New node: IP: 172.217.16.46. Number of nodes 45
EtherApe-INFO: 07:13:44.105: New node: IP: 216.58.215.68. Number of nodes 46
EtherApe-INFO: 07:13:45.128: New node: IP: 142.250.75.10. Number of nodes 47
EtherApe-INFO: 07:13:46.665: New node: IP: 142.250.203.138. Number of nodes 48
EtherApe-INFO: 07:13:46.924: New node: IP: 142.250.203.131. Number of nodes 49
EtherApe-INFO: 07:13:48.457: New node: IP: 216.58.215.110. Number of nodes 50
EtherApe-INFO: 07:13:49.480: New node: IP: 54.192.231.19. Number of nodes 51
EtherApe-INFO: 07:13:49.738: New node: IP: 142.250.203.142. Number of nodes 52
EtherApe-INFO: 07:13:51.527: New node: IP: 216.58.215.74. Number of nodes 53
EtherApe-INFO: 07:13:51.784: New node: IP: 3.75.5.249. Number of nodes 54
EtherApe-INFO: 07:13:51.787: New node: IP: 87.245.216.107. Number of nodes 55
EtherApe-INFO: 07:14:03.816: New node: IP: 139.59.209.225. Number of nodes 56
EtherApe-INFO: 07:14:05.115: New node: IP: 104.20.190.42. Number of nodes 57
EtherApe-INFO: 07:14:05.626: New node: IP: 145.40.68.75. Number of nodes 58
EtherApe-INFO: 07:14:06.378: New node: IP: 216.58.209.3. Number of nodes 59
EtherApe-INFO: 07:14:06.636: New node: IP: 104.16.148.64. Number of nodes 60
EtherApe-INFO: 07:14:06.644: New node: IP: 131.252.210.161. Number of nodes 61
EtherApe-INFO: 07:14:06.645: New node: IP: 104.18.41.98. Number of nodes 62
EtherApe-INFO: 07:14:06.645: New node: IP: 92.243.18.11. Number of nodes 63
EtherApe-INFO: 07:14:07.405: New node: IP: 104.17.33.82. Number of nodes 64
EtherApe-INFO: 07:14:07.916: New node: IP: 172.217.16.14. Number of nodes 65
EtherApe-INFO: 07:14:08.680: New node: IP: 104.17.32.82. Number of nodes 66
EtherApe-INFO: 07:14:08.683: New node: IP: 142.250.203.202. Number of nodes 67
EtherApe-INFO: 07:14:08.687: New node: IP: 104.17.25.14. Number of nodes 68
EtherApe-INFO: 07:14:08.946: New node: IP: 172.104.252.78. Number of nodes 69
EtherApe-INFO: 07:14:09.206: New node: IP: 185.199.108.153. Number of nodes 70
EtherApe-INFO: 07:14:09.967: New node: IP: 204.187.15.5. Number of nodes 71
EtherApe-INFO: 07:14:10.487: New node: IP: 147.75.198.156. Number of nodes 72
EtherApe-INFO: 07:14:10.494: New node: IP: 142.250.203.193. Number of nodes 73
EtherApe-INFO: 07:14:10.741: New node: IP: 37.19.218.108. Number of nodes 74
EtherApe-INFO: 07:14:11.496: New node: IP: 104.18.7.29. Number of nodes 75
EtherApe-INFO: 07:14:11.509: New node: IP: 87.245.216.9. Number of nodes 76
EtherApe-INFO: 07:14:11.766: New node: IP: 151.101.130.137. Number of nodes 77
EtherApe-INFO: 07:14:13.804: New node: IP: 216.58.208.214. Number of nodes 78
EtherApe-INFO: 07:14:14.582: New node: IP: 176.122.113.13. Number of nodes 79
EtherApe-INFO: 07:14:15.336: New node: IP: 176.122.110.204. Number of nodes 80
EtherApe-INFO: 07:14:15.847: New node: IP: 104.81.120.171. Number of nodes 81
EtherApe-INFO: 07:14:16.363: New node: IP: 176.122.110.206. Number of nodes 82
EtherApe-INFO: 07:14:16.883: New node: IP: 142.250.75.1. Number of nodes 83
EtherApe-INFO: 07:14:16.899: New node: IP: 172.217.20.206. Number of nodes 84
EtherApe-INFO: 07:14:17.138: New node: IP: 176.122.113.77. Number of nodes 85
EtherApe-INFO: 07:14:17.397: New node: IP: 104.81.236.235. Number of nodes 86
EtherApe-INFO: 07:14:17.408: New node: IP: 142.250.186.206. Number of nodes 87
EtherApe-INFO: 07:14:18.154: New node: IP: 87.245.216.115. Number of nodes 88
EtherApe-INFO: 07:14:19.181: New node: IP: 13.32.99.45. Number of nodes 89
EtherApe-INFO: 07:14:19.465: New node: IP: 63.32.156.165. Number of nodes 90
EtherApe-INFO: 07:14:19.707: New node: IP: 108.138.24.169. Number of nodes 91
EtherApe-INFO: 07:14:21.748: New node: IP: 127.0.0.1. Number of nodes 92
EtherApe-INFO: 07:14:27.882: New node: IP: 172.217.16.54. Number of nodes 93
EtherApe-INFO: 07:14:58.834: delete node: IP: 216.58.215.101. Number of nodes 92
EtherApe-INFO: 07:15:23.911: New node: IP: 95.216.195.133. Number of nodes 93
EtherApe-INFO: 07:15:26.503: delete node: IP: 104.17.49.74. Number of nodes 92
EtherApe-INFO: 07:15:28.021: delete node: IP: 104.18.13.33. Number of nodes 91
EtherApe-INFO: 07:15:28.022: delete node: IP: 52.85.122.132. Number of nodes 90
EtherApe-INFO: 07:15:28.022: delete node: IP: 3.2.9.2. Number of nodes 89
EtherApe-INFO: 07:15:29.096: delete node: IP: 216.58.209.4. Number of nodes 88
EtherApe-INFO: 07:15:31.132: delete node: IP: 44.193.225.65. Number of nodes 87
EtherApe-INFO: 07:15:31.670: delete node: IP: 34.207.30.233. Number of nodes 86
EtherApe-INFO: 07:15:32.635: delete node: IP: 216.58.209.10. Number of nodes 85
EtherApe-INFO: 07:15:32.635: delete node: IP: 142.250.203.206. Number of nodes 84
EtherApe-INFO: 07:15:32.635: delete node: IP: 13.32.103.36. Number of nodes 83
EtherApe-INFO: 07:15:32.635: delete node: IP: 13.32.99.66. Number of nodes 82
EtherApe-INFO: 07:15:33.127: New node: IP: 18.66.122.108. Number of nodes 83
EtherApe-INFO: 07:15:33.719: delete node: IP: 216.58.215.78. Number of nodes 82
EtherApe-INFO: 07:15:33.719: delete node: IP: 18.66.122.110. Number of nodes 81
EtherApe-INFO: 07:15:34.689: delete node: IP: 172.217.16.42. Number of nodes 80
EtherApe-INFO: 07:15:34.689: delete node: IP: 18.66.122.97. Number of nodes 79
EtherApe-INFO: 07:15:36.711: New node: IP: 35.83.91.138. Number of nodes 80
EtherApe-INFO: 07:15:36.722: delete node: IP: 104.18.40.133. Number of nodes 79
EtherApe-INFO: 07:15:37.599: delete node: IP: 140.82.121.3. Number of nodes 78
EtherApe-INFO: 07:15:39.109: delete node: IP: 13.32.121.59. Number of nodes 77
EtherApe-INFO: 07:15:41.159: delete node: IP: 185.199.109.133. Number of nodes 76
EtherApe-INFO: 07:15:43.367: New node: IP: 104.18.40.133. Number of nodes 77
EtherApe-INFO: 07:16:08.752: delete node: IP: 104.17.32.82. Number of nodes 76
EtherApe-INFO: 07:16:11.561: delete node: IP: 172.104.252.78. Number of nodes 75
EtherApe-INFO: 07:16:12.100: delete node: IP: 52.43.228.255. Number of nodes 74
EtherApe-INFO: 07:16:13.614: delete node: IP: 92.243.18.11. Number of nodes 73
EtherApe-INFO: 07:16:14.209: delete node: IP: 131.252.210.161. Number of nodes 72
EtherApe-INFO: 07:16:17.220: delete node: IP: 172.217.20.206. Number of nodes 71
EtherApe-INFO: 07:16:17.756: delete node: IP: 192.168.0.1. Number of nodes 70
EtherApe-INFO: 07:16:21.800: delete node: IP: 127.0.0.1. Number of nodes 69
EtherApe-INFO: 07:16:24.155: delete node: IP: 142.250.75.14. Number of nodes 68
EtherApe-INFO: 07:16:38.941: delete node: IP: 87.245.216.115. Number of nodes 67
EtherApe-INFO: 07:16:40.755: delete node: IP: 95.216.144.15. Number of nodes 66
EtherApe-INFO: 07:16:58.178: delete node: IP: 3.75.5.249. Number of nodes 65
EtherApe-INFO: 07:17:12.012: delete node: IP: 145.40.68.75. Number of nodes 64
EtherApe-INFO: 07:17:24.469: delete node: IP: 95.216.195.133. Number of nodes 63
EtherApe-INFO: 07:17:27.044: delete node: IP: 147.75.198.156. Number of nodes 62
EtherApe-INFO: 07:17:33.483: delete node: IP: 204.187.15.5. Number of nodes 61
EtherApe-INFO: 07:17:37.012: delete node: IP: 35.83.91.138. Number of nodes 60
EtherApe-INFO: 07:17:45.983: delete node: IP: 54.192.231.110. Number of nodes 59
EtherApe-INFO: 07:18:01.071: delete node: IP: 93.184.220.29. Number of nodes 58
EtherApe-INFO: 07:18:07.437: delete node: IP: 87.245.216.107. Number of nodes 57
EtherApe-INFO: 07:18:07.437: delete node: IP: 87.245.216.9. Number of nodes 56
EtherApe-INFO: 07:18:10.047: delete node: IP: 176.122.113.13. Number of nodes 55
EtherApe-INFO: 07:18:12.737: delete node: IP: 176.122.110.206. Number of nodes 54
EtherApe-INFO: 07:18:16.320: delete node: IP: 108.138.24.169. Number of nodes 53
EtherApe-INFO: 07:18:22.610: delete node: IP: 104.81.236.235. Number of nodes 52
EtherApe-INFO: 07:18:24.054: delete node: IP: 142.250.203.131. Number of nodes 51
EtherApe-INFO: 07:18:24.054: delete node: IP: 104.81.120.171. Number of nodes 50
EtherApe-INFO: 07:18:31.179: delete node: IP: 185.199.111.154. Number of nodes 49
EtherApe-INFO: 07:18:31.179: delete node: IP: 185.199.108.133. Number of nodes 48
EtherApe-INFO: 07:18:31.179: delete node: IP: 140.82.121.4. Number of nodes 47
EtherApe-INFO: 07:18:35.671: delete node: IP: 172.217.16.46. Number of nodes 46
EtherApe-INFO: 07:18:35.983: delete node: IP: 142.250.75.10. Number of nodes 45
EtherApe-INFO: 07:18:38.998: delete node: IP: 216.58.215.110. Number of nodes 44
EtherApe-INFO: 07:18:38.998: delete node: IP: 142.250.203.138. Number of nodes 43
EtherApe-INFO: 07:18:39.311: delete node: IP: 52.40.171.113. Number of nodes 42
EtherApe-INFO: 07:18:42.837: delete node: IP: 216.58.215.74. Number of nodes 41
EtherApe-INFO: 07:18:42.837: delete node: IP: 176.122.110.204. Number of nodes 40
EtherApe-INFO: 07:18:54.944: delete node: IP: 176.122.113.77. Number of nodes 39
EtherApe-INFO: 07:18:57.740: delete node: IP: 104.18.41.98. Number of nodes 38
EtherApe-INFO: 07:18:57.947: delete node: IP: 104.20.190.42. Number of nodes 37
EtherApe-INFO: 07:18:57.947: delete node: IP: 104.16.148.64. Number of nodes 36
EtherApe-INFO: 07:19:00.538: delete node: IP: 104.17.25.14. Number of nodes 35
EtherApe-INFO: 07:19:01.264: delete node: IP: 185.199.108.153. Number of nodes 34
EtherApe-INFO: 07:19:06.654: delete node: IP: 172.217.20.174. Number of nodes 33
EtherApe-INFO: 07:19:06.654: delete node: IP: 151.101.130.137. Number of nodes 32
EtherApe-INFO: 07:19:06.654: delete node: IP: 142.250.203.193. Number of nodes 31
EtherApe-INFO: 07:19:06.654: delete node: IP: 139.59.209.225. Number of nodes 30
EtherApe-INFO: 07:19:06.654: delete node: IP: 104.18.7.29. Number of nodes 29
EtherApe-INFO: 07:19:06.654: delete node: IP: 104.17.33.82. Number of nodes 28
EtherApe-INFO: 07:19:06.654: delete node: IP: 37.19.218.108. Number of nodes 27
EtherApe-INFO: 07:19:08.935: New node: IP: 0.0.0.0. Number of nodes 28
EtherApe-INFO: 07:19:09.036: delete node: IP: 142.250.186.206. Number of nodes 27
EtherApe-INFO: 07:19:12.555: delete node: IP: 216.58.215.68. Number of nodes 26
EtherApe-INFO: 07:19:12.555: delete node: IP: 142.250.203.202. Number of nodes 25
EtherApe-INFO: 07:19:12.555: delete node: IP: 63.32.156.165. Number of nodes 24
EtherApe-INFO: 07:19:12.555: delete node: IP: 13.32.99.45. Number of nodes 23
EtherApe-INFO: 07:19:14.832: delete node: IP: 172.217.16.14. Number of nodes 22
EtherApe-INFO: 07:19:17.211: delete node: IP: 216.58.209.3. Number of nodes 21
EtherApe-INFO: 07:19:24.556: delete node: IP: 142.250.75.1. Number of nodes 20
EtherApe-INFO: 07:19:30.753: delete node: IP: 172.217.16.54. Number of nodes 19
EtherApe-INFO: 07:20:18.061: delete node: IP: 216.58.208.202. Number of nodes 18
EtherApe-INFO: 07:20:23.943: New node: IP: 95.216.195.133. Number of nodes 19
EtherApe-INFO: 07:20:24.036: delete node: IP: 216.58.208.214. Number of nodes 18
EtherApe-INFO: 07:20:24.036: delete node: IP: 18.66.122.108. Number of nodes 17
EtherApe-INFO: 07:20:30.120: delete node: IP: 35.186.227.140. Number of nodes 16
EtherApe-INFO: 07:20:30.120: delete node: IP: 34.120.208.123. Number of nodes 15
EtherApe-INFO: 07:20:37.000: New node: IP: 35.83.91.138. Number of nodes 16
EtherApe-INFO: 07:21:11.831: delete node: IP: 0.0.0.0. Number of nodes 15
EtherApe-INFO: 07:21:53.311: delete node: IP: 142.250.203.142. Number of nodes 14
EtherApe-INFO: 07:22:03.527: New node: IP: 216.58.208.202. Number of nodes 15
EtherApe-INFO: 07:22:11.208: New node: IP: 52.40.171.113. Number of nodes 16
EtherApe-INFO: 07:22:11.208: New node: IP: 35.186.227.140. Number of nodes 17
EtherApe-INFO: 07:22:24.303: delete node: IP: 95.216.195.133. Number of nodes 16
EtherApe-INFO: 07:22:37.581: delete node: IP: 35.83.91.138. Number of nodes 15
EtherApe-INFO: 07:22:47.559: New node: IP: 142.250.203.133. Number of nodes 16
EtherApe-INFO: 07:23:28.530: delete node: IP: 178.79.227.133. Number of nodes 15
EtherApe-INFO: 07:23:28.530: delete node: IP: 104.18.40.133. Number of nodes 14
EtherApe-INFO: 07:24:04.105: delete node: IP: 216.58.208.202. Number of nodes 13
EtherApe-INFO: 07:24:36.360: New node: IP: 149.154.167.35. Number of nodes 14
EtherApe-INFO: 07:24:38.953: delete node: IP: 142.250.186.197. Number of nodes 13
EtherApe-INFO: 07:24:56.841: New node: IP: 216.58.215.110. Number of nodes 14
EtherApe-INFO: 07:25:23.976: New node: IP: 95.216.195.133. Number of nodes 15
EtherApe-INFO: 07:25:37.032: New node: IP: 35.83.91.138. Number of nodes 16
EtherApe-INFO: 07:27:13.544: New node: IP: 104.18.40.133. Number of nodes 17
EtherApe-INFO: 07:27:16.360: New node: IP: 178.79.227.133. Number of nodes 18
EtherApe-INFO: 07:27:22.720: New node: IP: 216.58.209.4. Number of nodes 19
EtherApe-INFO: 07:27:22.721: New node: IP: 142.250.203.131. Number of nodes 20
EtherApe-INFO: 07:27:24.282: delete node: IP: 95.216.195.133. Number of nodes 19
EtherApe-INFO: 07:27:26.305: New node: IP: 34.120.208.123. Number of nodes 20
EtherApe-INFO: 07:27:26.563: New node: IP: 216.58.209.3. Number of nodes 21
EtherApe-INFO: 07:27:36.799: New node: IP: 104.22.52.237. Number of nodes 22
EtherApe-INFO: 07:27:37.320: New node: IP: 142.250.203.202. Number of nodes 23
EtherApe-INFO: 07:27:37.345: delete node: IP: 35.83.91.138. Number of nodes 22
EtherApe-INFO: 07:27:53.951: New node: IP: 0.0.0.0. Number of nodes 23
EtherApe-INFO: 07:29:54.110: delete node: IP: 0.0.0.0. Number of nodes 22
EtherApe-INFO: 07:30:03.232: New node: IP: 13.32.121.101. Number of nodes 23
EtherApe-INFO: 07:30:18.081: New node: IP: 142.250.75.14. Number of nodes 24
EtherApe-INFO: 07:30:21.408: New node: IP: 142.250.203.193. Number of nodes 25
EtherApe-INFO: 07:30:22.177: New node: IP: 138.68.96.184. Number of nodes 26
EtherApe-INFO: 07:30:22.180: New node: IP: 87.245.216.9. Number of nodes 27
EtherApe-INFO: 07:30:22.945: New node: IP: 18.66.112.52. Number of nodes 28
EtherApe-INFO: 07:30:23.968: New node: IP: 95.216.195.133. Number of nodes 29
EtherApe-INFO: 07:30:27.044: New node: IP: 142.250.75.3. Number of nodes 30
EtherApe-INFO: 07:30:37.279: New node: IP: 35.83.91.138. Number of nodes 31
EtherApe-INFO: 07:30:39.089: delete node: IP: 142.250.203.133. Number of nodes 30
EtherApe-INFO: 07:30:49.312: New node: IP: 172.217.16.37. Number of nodes 31
EtherApe-INFO: 07:31:25.664: New node: IP: 216.58.208.206. Number of nodes 32
EtherApe-INFO: 07:31:29.759: New node: IP: 172.217.20.174. Number of nodes 33
EtherApe-INFO: 07:31:33.926: delete node: IP: 142.250.203.131. Number of nodes 32
EtherApe-INFO: 07:32:00.736: New node: IP: 149.154.167.41. Number of nodes 33
EtherApe-INFO: 07:32:01.247: New node: IP: 149.154.167.50. Number of nodes 34
EtherApe-INFO: 07:32:07.135: New node: IP: 149.154.167.92. Number of nodes 35
EtherApe-INFO: 07:32:08.997: delete node: IP: 104.18.40.133. Number of nodes 34
EtherApe-INFO: 07:32:11.282: delete node: IP: 178.79.227.133. Number of nodes 33
EtherApe-INFO: 07:32:17.410: delete node: IP: 34.120.208.123. Number of nodes 32
EtherApe-INFO: 07:32:25.090: delete node: IP: 95.216.195.133. Number of nodes 31
EtherApe-INFO: 07:32:28.201: delete node: IP: 216.58.209.3. Number of nodes 30
EtherApe-INFO: 07:32:28.201: delete node: IP: 142.250.203.202. Number of nodes 29
EtherApe-INFO: 07:32:28.201: delete node: IP: 138.68.96.184. Number of nodes 28
EtherApe-INFO: 07:32:37.635: delete node: IP: 35.83.91.138. Number of nodes 27
EtherApe-INFO: 07:32:50.144: New node: IP: 216.58.208.202. Number of nodes 28
EtherApe-INFO: 07:34:18.304: delete node: IP: 87.245.216.9. Number of nodes 27
EtherApe-INFO: 07:34:23.361: delete node: IP: 149.154.167.92. Number of nodes 26
EtherApe-INFO: 07:34:53.803: delete node: IP: 216.58.208.202. Number of nodes 25
EtherApe-INFO: 07:34:53.803: delete node: IP: 104.22.52.237. Number of nodes 24
EtherApe-INFO: 07:35:07.186: delete node: IP: 216.58.215.110. Number of nodes 23
EtherApe-INFO: 07:35:10.273: delete node: IP: 142.250.75.14. Number of nodes 22
EtherApe-INFO: 07:35:18.203: delete node: IP: 142.250.75.3. Number of nodes 21
EtherApe-INFO: 07:35:24.000: New node: IP: 95.216.195.133. Number of nodes 22
EtherApe-INFO: 07:35:24.512: New node: IP: 216.58.208.202. Number of nodes 23
EtherApe-INFO: 07:35:37.567: New node: IP: 35.83.91.138. Number of nodes 24
EtherApe-INFO: 07:35:39.119: delete node: IP: 142.250.203.193. Number of nodes 23
EtherApe-INFO: 07:35:41.180: delete node: IP: 172.217.16.37. Number of nodes 22
EtherApe-INFO: 07:35:47.358: delete node: IP: 216.58.209.4. Number of nodes 21
EtherApe-INFO: 07:35:50.367: New node: IP: 216.58.215.101. Number of nodes 22
EtherApe-INFO: 07:35:50.446: delete node: IP: 18.66.112.52. Number of nodes 21
EtherApe-INFO: 07:36:17.843: delete node: IP: 216.58.208.206. Number of nodes 20
EtherApe-INFO: 07:36:20.420: delete node: IP: 172.217.20.174. Number of nodes 19
EtherApe-INFO: 07:36:38.751: New node: IP: 0.0.0.0. Number of nodes 20
EtherApe-INFO: 07:37:24.102: delete node: IP: 95.216.195.133. Number of nodes 19
EtherApe-INFO: 07:37:29.240: delete node: IP: 216.58.208.202. Number of nodes 18
EtherApe-INFO: 07:37:29.240: delete node: IP: 52.40.171.113. Number of nodes 17
EtherApe-INFO: 07:37:37.662: delete node: IP: 35.83.91.138. Number of nodes 16
EtherApe-INFO: 07:37:58.925: delete node: IP: 149.154.167.35. Number of nodes 15
EtherApe-INFO: 07:38:39.148: delete node: IP: 0.0.0.0. Number of nodes 14
EtherApe-INFO: 07:39:20.293: delete node: IP: 35.186.227.140. Number of nodes 13
EtherApe-INFO: 07:39:39.232: New node: IP: 140.82.114.25. Number of nodes 14
EtherApe-INFO: 07:39:59.199: New node: IP: 149.154.167.35. Number of nodes 15
EtherApe-INFO: 07:40:24.032: New node: IP: 95.216.195.133. Number of nodes 16
EtherApe-INFO: 07:40:36.831: New node: IP: 35.83.91.138. Number of nodes 17
EtherApe-INFO: 07:40:42.479: delete node: IP: 216.58.215.101. Number of nodes 16
EtherApe-INFO: 07:40:51.423: New node: IP: 142.250.203.133. Number of nodes 17
EtherApe-INFO: 07:41:39.619: delete node: IP: 140.82.112.25. Number of nodes 16
EtherApe-INFO: 07:42:14.719: delete node: IP: 149.154.167.35. Number of nodes 15
EtherApe-INFO: 07:42:25.383: delete node: IP: 95.216.195.133. Number of nodes 14
EtherApe-INFO: 07:42:38.202: delete node: IP: 35.83.91.138. Number of nodes 13
EtherApe-INFO: 07:42:46.368: New node: IP: 216.58.208.202. Number of nodes 14
EtherApe-INFO: 07:43:07.154: delete node: IP: 13.32.121.101. Number of nodes 13
EtherApe-INFO: 07:44:27.232: New node: IP: 52.40.171.113. Number of nodes 14
EtherApe-INFO: 07:44:27.232: New node: IP: 35.186.227.140. Number of nodes 15
EtherApe-INFO: 07:44:48.317: delete node: IP: 216.58.208.202. Number of nodes 14
EtherApe-INFO: 07:45:00.767: New node: IP: 54.192.231.10. Number of nodes 15
EtherApe-INFO: 07:45:23.808: New node: IP: 0.0.0.0. Number of nodes 16
EtherApe-INFO: 07:45:24.063: New node: IP: 95.216.195.133. Number of nodes 17
EtherApe-INFO: 07:45:37.887: New node: IP: 35.83.91.138. Number of nodes 18
EtherApe-INFO: 07:45:42.793: delete node: IP: 142.250.203.133. Number of nodes 17
EtherApe-INFO: 07:45:51.967: New node: IP: 216.58.215.101. Number of nodes 18
EtherApe-INFO: 07:47:24.706: delete node: IP: 95.216.195.133. Number of nodes 17
EtherApe-INFO: 07:47:24.706: delete node: IP: 0.0.0.0. Number of nodes 16
EtherApe-INFO: 07:47:30.349: delete node: IP: 52.40.171.113. Number of nodes 15
EtherApe-INFO: 07:47:39.587: delete node: IP: 35.83.91.138. Number of nodes 14
EtherApe-INFO: 07:48:57.141: delete node: IP: 54.192.231.10. Number of nodes 13
EtherApe-INFO: 07:49:19.166: delete node: IP: 35.186.227.140. Number of nodes 12
EtherApe-INFO: 07:49:44.159: New node: IP: 52.40.171.113. Number of nodes 13
EtherApe-INFO: 07:49:44.159: New node: IP: 35.186.227.140. Number of nodes 14
EtherApe-INFO: 07:49:50.048: New node: IP: 149.154.167.35. Number of nodes 15
EtherApe-INFO: 07:50:00.034: New node: IP: 216.58.209.3. Number of nodes 16
EtherApe-INFO: 07:50:00.034: New node: IP: 142.250.203.133. Number of nodes 17
EtherApe-INFO: 07:50:08.480: New node: IP: 178.79.227.133. Number of nodes 18
EtherApe-INFO: 07:50:14.112: New node: IP: 104.18.40.133. Number of nodes 19
EtherApe-INFO: 07:50:23.839: New node: IP: 95.216.195.133. Number of nodes 20
EtherApe-INFO: 07:50:38.175: New node: IP: 35.83.91.138. Number of nodes 21
EtherApe-INFO: 07:50:43.855: delete node: IP: 216.58.215.101. Number of nodes 20
EtherApe-INFO: 07:51:32.431: New node: IP: 216.58.208.202. Number of nodes 21
EtherApe-INFO: 07:52:06.666: delete node: IP: 149.154.167.35. Number of nodes 20
EtherApe-INFO: 07:52:24.312: delete node: IP: 95.216.195.133. Number of nodes 19
EtherApe-INFO: 07:52:38.598: delete node: IP: 35.83.91.138. Number of nodes 18
EtherApe-INFO: 07:52:45.978: delete node: IP: 52.40.171.113. Number of nodes 17
EtherApe-INFO: 07:53:29.328: New node: IP: 149.154.167.35. Number of nodes 18
EtherApe-INFO: 07:54:08.951: New node: IP: 0.0.0.0. Number of nodes 19
EtherApe-INFO: 07:54:32.289: delete node: IP: 216.58.208.202. Number of nodes 18
EtherApe-INFO: 07:54:52.500: delete node: IP: 216.58.209.3. Number of nodes 17
EtherApe-INFO: 07:55:00.408: delete node: IP: 35.186.227.140. Number of nodes 16
EtherApe-INFO: 07:55:23.847: New node: IP: 95.216.195.133. Number of nodes 17
EtherApe-INFO: 07:55:38.191: New node: IP: 35.83.91.138. Number of nodes 18
EtherApe-INFO: 07:55:44.900: delete node: IP: 149.154.167.35. Number of nodes 17
EtherApe-INFO: 07:56:09.194: delete node: IP: 0.0.0.0. Number of nodes 16
EtherApe-INFO: 07:56:31.383: New node: IP: 52.40.171.113. Number of nodes 17
EtherApe-INFO: 07:56:31.383: New node: IP: 35.186.227.140. Number of nodes 18
EtherApe-INFO: 07:57:24.611: delete node: IP: 95.216.195.133. Number of nodes 17
EtherApe-INFO: 07:57:38.419: delete node: IP: 35.83.91.138. Number of nodes 16
EtherApe-INFO: 07:58:01.863: New node: IP: 149.154.167.35. Number of nodes 17
EtherApe-INFO: 07:59:11.951: New node: IP: 216.58.215.101. Number of nodes 18
EtherApe-INFO: 07:59:21.935: New node: IP: 13.32.121.59. Number of nodes 19
EtherApe-INFO: 07:59:33.489: delete node: IP: 52.40.171.113. Number of nodes 18
EtherApe-INFO: 08:00:17.963: delete node: IP: 149.154.167.35. Number of nodes 17
EtherApe-INFO: 08:00:24.000: New node: IP: 95.216.195.133. Number of nodes 18
EtherApe-INFO: 08:00:38.519: New node: IP: 35.83.91.138. Number of nodes 19
EtherApe-INFO: 08:01:01.718: delete node: IP: 142.250.203.133. Number of nodes 18
EtherApe-INFO: 08:01:23.603: delete node: IP: 35.186.227.140. Number of nodes 17
EtherApe-INFO: 08:02:03.447: New node: IP: 149.154.167.35. Number of nodes 18
EtherApe-INFO: 08:02:25.238: delete node: IP: 95.216.195.133. Number of nodes 17
EtherApe-INFO: 08:02:39.629: delete node: IP: 35.83.91.138. Number of nodes 16
EtherApe-INFO: 08:02:53.879: New node: IP: 0.0.0.0. Number of nodes 17
EtherApe-INFO: 08:03:19.735: New node: IP: 18.66.122.108. Number of nodes 18
EtherApe-INFO: 08:03:19.737: New node: IP: 18.66.122.97. Number of nodes 19
EtherApe-INFO: 08:03:22.808: New node: IP: 34.104.32.36. Number of nodes 20
EtherApe-INFO: 08:03:22.811: New node: IP: 142.250.203.131. Number of nodes 21
EtherApe-INFO: 08:03:25.624: New node: IP: 52.222.236.105. Number of nodes 22
EtherApe-INFO: 08:03:52.503: New node: IP: 52.43.228.255. Number of nodes 23
EtherApe-INFO: 08:03:59.421: delete node: IP: 13.32.121.59. Number of nodes 22
EtherApe-INFO: 08:03:59.681: New node: IP: 216.58.215.74. Number of nodes 23
EtherApe-INFO: 08:04:08.376: New node: IP: 216.58.208.202. Number of nodes 24
EtherApe-INFO: 08:04:18.658: delete node: IP: 149.154.167.35. Number of nodes 23
EtherApe-INFO: 08:04:53.997: delete node: IP: 0.0.0.0. Number of nodes 22
EtherApe-INFO: 08:05:23.897: New node: IP: 95.216.195.133. Number of nodes 23
EtherApe-INFO: 08:05:38.750: New node: IP: 35.83.91.138. Number of nodes 24
EtherApe-INFO: 08:05:51.799: New node: IP: 149.154.167.35. Number of nodes 25
EtherApe-INFO: 08:05:54.203: delete node: IP: 216.58.215.101. Number of nodes 24
EtherApe-INFO: 08:06:04.600: New node: IP: 216.58.215.101. Number of nodes 25
EtherApe-INFO: 08:06:08.527: delete node: IP: 216.58.208.202. Number of nodes 24
EtherApe-INFO: 08:06:32.503: New node: IP: 52.40.171.113. Number of nodes 25
EtherApe-INFO: 08:06:32.504: New node: IP: 54.191.154.194. Number of nodes 26
EtherApe-INFO: 08:06:33.271: New node: IP: 35.186.227.140. Number of nodes 27
EtherApe-INFO: 08:06:54.064: delete node: IP: 52.43.228.255. Number of nodes 26
EtherApe-INFO: 08:06:57.885: delete node: IP: 178.79.227.133. Number of nodes 25
EtherApe-INFO: 08:07:19.615: delete node: IP: 142.250.203.131. Number of nodes 24
EtherApe-INFO: 08:07:24.273: delete node: IP: 95.216.195.133. Number of nodes 23
EtherApe-INFO: 08:07:24.480: delete node: IP: 52.222.236.105. Number of nodes 22
EtherApe-INFO: 08:07:39.157: delete node: IP: 35.83.91.138. Number of nodes 21
EtherApe-INFO: 08:08:11.580: delete node: IP: 18.66.122.108. Number of nodes 20
EtherApe-INFO: 08:08:12.926: delete node: IP: 18.66.122.97. Number of nodes 19
EtherApe-INFO: 08:08:44.390: delete node: IP: 54.191.154.194. Number of nodes 18
EtherApe-INFO: 08:08:50.567: delete node: IP: 216.58.215.74. Number of nodes 17
EtherApe-INFO: 08:08:54.166: delete node: IP: 149.154.167.35. Number of nodes 16
EtherApe-INFO: 08:09:00.983: New node: IP: 149.154.167.35. Number of nodes 17
EtherApe-INFO: 08:09:35.056: delete node: IP: 52.40.171.113. Number of nodes 16
EtherApe-INFO: 08:09:48.343: New node: IP: 142.250.186.202. Number of nodes 17
EtherApe-INFO: 08:10:08.311: New node: IP: 149.154.167.222. Number of nodes 18
EtherApe-INFO: 08:10:23.928: New node: IP: 95.216.195.133. Number of nodes 19
EtherApe-INFO: 08:10:36.995: New node: IP: 35.83.91.138. Number of nodes 20
EtherApe-INFO: 08:10:55.494: delete node: IP: 216.58.215.101. Number of nodes 19
EtherApe-INFO: 08:11:01.303: New node: IP: 52.40.171.113. Number of nodes 20
EtherApe-INFO: 08:11:05.408: New node: IP: 216.58.215.101. Number of nodes 21
EtherApe-INFO: 08:11:29.719: New node: IP: 34.120.208.123. Number of nodes 22
EtherApe-INFO: 08:11:38.936: New node: IP: 0.0.0.0. Number of nodes 23
EtherApe-INFO: 08:11:40.473: New node: IP: 172.217.20.202. Number of nodes 24
EtherApe-INFO: 08:12:22.968: delete node: IP: 149.154.167.35. Number of nodes 23
EtherApe-INFO: 08:12:24.522: delete node: IP: 149.154.167.222. Number of nodes 22
EtherApe-INFO: 08:12:24.522: delete node: IP: 95.216.195.133. Number of nodes 21
EtherApe-INFO: 08:12:39.383: delete node: IP: 35.83.91.138. Number of nodes 20
EtherApe-INFO: 08:12:54.554: delete node: IP: 172.217.16.3. Number of nodes 19
EtherApe-INFO: 08:12:54.711: New node: IP: 142.250.203.131. Number of nodes 20
EtherApe-INFO: 08:13:05.719: New node: IP: 149.154.167.35. Number of nodes 21
EtherApe-INFO: 08:13:22.871: New node: IP: 52.222.214.105. Number of nodes 22
EtherApe-INFO: 08:13:30.552: New node: IP: 216.58.215.68. Number of nodes 23
EtherApe-INFO: 08:13:34.647: New node: IP: 172.217.16.46. Number of nodes 24
EtherApe-INFO: 08:13:35.671: New node: IP: 216.58.209.3. Number of nodes 25
EtherApe-INFO: 08:13:36.697: New node: IP: 142.250.203.193. Number of nodes 26
EtherApe-INFO: 08:13:37.232: New node: IP: 142.250.203.202. Number of nodes 27
EtherApe-INFO: 08:13:38.232: New node: IP: 172.217.20.206. Number of nodes 28
EtherApe-INFO: 08:13:39.050: delete node: IP: 0.0.0.0. Number of nodes 27
EtherApe-INFO: 08:13:39.768: New node: IP: 142.250.203.142. Number of nodes 28
EtherApe-INFO: 08:13:39.769: New node: IP: 140.82.112.26. Number of nodes 29
EtherApe-INFO: 08:13:41.047: New node: IP: 142.250.203.138. Number of nodes 30
EtherApe-INFO: 08:13:57.688: New node: IP: 172.217.16.37. Number of nodes 31
EtherApe-INFO: 08:14:01.020: New node: IP: 13.32.121.12. Number of nodes 32
EtherApe-INFO: 08:14:22.978: New node: IP: 216.58.208.202. Number of nodes 33
EtherApe-INFO: 08:14:30.044: New node: IP: 216.58.215.109. Number of nodes 34
EtherApe-INFO: 08:14:30.295: New node: IP: 142.250.186.195. Number of nodes 35
EtherApe-INFO: 08:14:39.866: delete node: IP: 142.250.186.202. Number of nodes 34
EtherApe-INFO: 08:15:01.016: New node: IP: 13.32.121.59. Number of nodes 35
EtherApe-INFO: 08:15:21.291: delete node: IP: 149.154.167.35. Number of nodes 34
EtherApe-INFO: 08:15:24.055: New node: IP: 95.216.195.133. Number of nodes 35
EtherApe-INFO: 08:15:39.160: New node: IP: 35.83.91.138. Number of nodes 36
EtherApe-INFO: 08:15:40.264: delete node: IP: 140.82.114.25. Number of nodes 35
EtherApe-INFO: 08:15:40.995: delete node: IP: 142.250.203.138. Number of nodes 34
EtherApe-INFO: 08:15:55.545: delete node: IP: 54.192.231.19. Number of nodes 33
EtherApe-INFO: 08:15:56.377: delete node: IP: 216.58.215.101. Number of nodes 32
EtherApe-INFO: 08:16:22.200: delete node: IP: 172.217.16.10. Number of nodes 31
EtherApe-INFO: 08:16:23.550: delete node: IP: 216.58.208.202. Number of nodes 30
EtherApe-INFO: 08:16:29.086: delete node: IP: 52.40.171.113. Number of nodes 29
EtherApe-INFO: 08:17:19.262: delete node: IP: 52.222.214.105. Number of nodes 28
EtherApe-INFO: 08:17:24.138: delete node: IP: 95.216.195.133. Number of nodes 27
EtherApe-INFO: 08:17:27.962: New node: IP: 216.58.208.202. Number of nodes 28
EtherApe-INFO: 08:17:39.564: delete node: IP: 35.83.91.138. Number of nodes 27
EtherApe-INFO: 08:18:23.545: delete node: IP: 216.58.215.68. Number of nodes 26
EtherApe-INFO: 08:18:25.608: delete node: IP: 142.250.186.195. Number of nodes 25
EtherApe-INFO: 08:18:27.373: delete node: IP: 34.120.208.123. Number of nodes 24
EtherApe-INFO: 08:18:28.406: delete node: IP: 216.58.209.3. Number of nodes 23
EtherApe-INFO: 08:18:29.436: delete node: IP: 172.217.20.206. Number of nodes 22
EtherApe-INFO: 08:18:57.366: delete node: IP: 13.32.121.59. Number of nodes 21
EtherApe-INFO: 08:19:11.687: delete node: IP: 142.250.203.202. Number of nodes 20
EtherApe-INFO: 08:19:20.872: delete node: IP: 142.250.203.142. Number of nodes 19
EtherApe-INFO: 08:19:21.697: delete node: IP: 216.58.215.109. Number of nodes 18
EtherApe-INFO: 08:19:27.047: delete node: IP: 172.217.16.46. Number of nodes 17
EtherApe-INFO: 08:19:27.562: delete node: IP: 142.250.203.193. Number of nodes 16
EtherApe-INFO: 08:19:28.283: delete node: IP: 216.58.208.202. Number of nodes 15
EtherApe-INFO: 08:19:35.537: delete node: IP: 35.186.227.140. Number of nodes 14
EtherApe-INFO: 08:19:43.639: New node: IP: 35.186.227.140. Number of nodes 15
EtherApe-INFO: 08:19:43.639: New node: IP: 52.40.171.113. Number of nodes 16
EtherApe-INFO: 08:20:23.832: New node: IP: 0.0.0.0. Number of nodes 17
EtherApe-INFO: 08:20:23.832: New node: IP: 95.216.195.133. Number of nodes 18
EtherApe-INFO: 08:20:39.191: New node: IP: 35.83.91.138. Number of nodes 19
EtherApe-INFO: 08:20:57.462: delete node: IP: 172.217.16.37. Number of nodes 18
EtherApe-INFO: 08:21:07.098: New node: IP: 216.58.215.101. Number of nodes 19
EtherApe-INFO: 08:21:20.407: New node: IP: 149.154.167.35. Number of nodes 20
EtherApe-INFO: 08:21:25.016: New node: IP: 216.58.208.202. Number of nodes 21
EtherApe-INFO: 08:21:32.696: New node: IP: 54.192.231.19. Number of nodes 22
EtherApe-INFO: 08:22:23.932: delete node: IP: 0.0.0.0. Number of nodes 21
EtherApe-INFO: 08:22:24.243: delete node: IP: 95.216.195.133. Number of nodes 20
EtherApe-INFO: 08:22:39.557: delete node: IP: 35.83.91.138. Number of nodes 19
EtherApe-INFO: 08:22:44.930: delete node: IP: 52.40.171.113. Number of nodes 18
EtherApe-INFO: 08:23:28.751: delete node: IP: 216.58.208.202. Number of nodes 17
EtherApe-INFO: 08:24:16.830: delete node: IP: 149.154.167.35. Number of nodes 16
EtherApe-INFO: 08:24:30.359: New node: IP: 18.66.15.91. Number of nodes 17
EtherApe-INFO: 08:24:30.361: New node: IP: 18.66.15.12. Number of nodes 18
EtherApe-INFO: 08:24:32.664: New node: IP: 178.79.227.133. Number of nodes 19
EtherApe-INFO: 08:24:33.175: New node: IP: 52.43.228.255. Number of nodes 20
EtherApe-INFO: 08:24:33.944: New node: IP: 52.222.236.105. Number of nodes 21
EtherApe-INFO: 08:24:35.249: delete node: IP: 35.186.227.140. Number of nodes 20
EtherApe-INFO: 08:25:23.824: New node: IP: 95.216.195.133. Number of nodes 21
EtherApe-INFO: 08:25:39.439: New node: IP: 35.83.91.138. Number of nodes 22
EtherApe-INFO: 08:25:53.503: New node: IP: 216.58.208.202. Number of nodes 23
EtherApe-INFO: 08:25:58.127: delete node: IP: 216.58.215.101. Number of nodes 22
EtherApe-INFO: 08:26:08.095: New node: IP: 216.58.215.101. Number of nodes 23
EtherApe-INFO: 08:27:04.633: delete node: IP: 54.192.231.19. Number of nodes 22
EtherApe-INFO: 08:27:26.406: delete node: IP: 95.216.195.133. Number of nodes 21
EtherApe-INFO: 08:27:34.557: delete node: IP: 52.43.228.255. Number of nodes 20
EtherApe-INFO: 08:27:40.174: delete node: IP: 35.83.91.138. Number of nodes 19
EtherApe-INFO: 08:27:52.423: New node: IP: 149.154.167.35. Number of nodes 20
EtherApe-INFO: 08:28:34.215: delete node: IP: 52.222.236.105. Number of nodes 19
EtherApe-INFO: 08:29:01.575: delete node: IP: 216.58.208.202. Number of nodes 18
EtherApe-INFO: 08:29:08.879: New node: IP: 0.0.0.0. Number of nodes 19
EtherApe-INFO: 08:29:17.883: delete node: IP: 34.104.32.36. Number of nodes 18
EtherApe-INFO: 08:29:21.998: delete node: IP: 18.66.15.91. Number of nodes 17
EtherApe-INFO: 08:29:23.028: delete node: IP: 18.66.15.12. Number of nodes 16
EtherApe-INFO: 08:29:44.880: New node: IP: 52.40.171.113. Number of nodes 17
EtherApe-INFO: 08:29:44.880: New node: IP: 35.186.227.140. Number of nodes 18
EtherApe-INFO: 08:30:03.823: New node: IP: 13.32.121.62. Number of nodes 19
EtherApe-INFO: 08:30:09.017: delete node: IP: 149.154.167.35. Number of nodes 18
EtherApe-INFO: 08:30:24.000: New node: IP: 95.216.195.133. Number of nodes 19
EtherApe-INFO: 08:30:39.633: New node: IP: 35.83.91.138. Number of nodes 20
EtherApe-INFO: 08:30:58.834: delete node: IP: 216.58.215.101. Number of nodes 19
EtherApe-INFO: 08:31:08.534: New node: IP: 172.217.16.37. Number of nodes 20
EtherApe-INFO: 08:31:08.925: delete node: IP: 0.0.0.0. Number of nodes 19
EtherApe-INFO: 08:31:26.103: New node: IP: 172.217.16.10. Number of nodes 20
EtherApe-INFO: 08:32:24.162: delete node: IP: 95.216.195.133. Number of nodes 19
EtherApe-INFO: 08:32:39.882: delete node: IP: 35.83.91.138. Number of nodes 18
EtherApe-INFO: 08:32:46.376: delete node: IP: 52.40.171.113. Number of nodes 17
EtherApe-INFO: 08:33:13.440: New node: IP: 149.154.167.35. Number of nodes 18
EtherApe-INFO: 08:33:26.278: delete node: IP: 172.217.16.10. Number of nodes 17
EtherApe-INFO: 08:33:59.356: delete node: IP: 13.32.121.62. Number of nodes 16
EtherApe-INFO: 08:34:36.136: delete node: IP: 35.186.227.140. Number of nodes 15
EtherApe-INFO: 08:35:24.004: New node: IP: 95.216.195.133. Number of nodes 16
EtherApe-INFO: 08:35:39.878: New node: IP: 35.83.91.138. Number of nodes 17
EtherApe-INFO: 08:35:59.112: delete node: IP: 172.217.16.37. Number of nodes 16
EtherApe-INFO: 08:36:09.751: New node: IP: 142.250.203.133. Number of nodes 17
EtherApe-INFO: 08:37:24.251: delete node: IP: 95.216.195.133. Number of nodes 16
EtherApe-INFO: 08:37:39.424: delete node: IP: 149.154.167.35. Number of nodes 15
EtherApe-INFO: 08:37:40.223: delete node: IP: 35.83.91.138. Number of nodes 14
EtherApe-INFO: 08:37:44.440: New node: IP: 149.154.167.35. Number of nodes 15
EtherApe-INFO: 08:37:49.304: New node: IP: 216.58.215.74. Number of nodes 16
EtherApe-INFO: 08:37:53.911: New node: IP: 0.0.0.0. Number of nodes 17
EtherApe-INFO: 08:38:15.678: New node: IP: 216.58.208.202. Number of nodes 18
EtherApe-INFO: 08:39:45.991: New node: IP: 35.186.227.140. Number of nodes 19
EtherApe-INFO: 08:39:45.991: New node: IP: 52.40.171.113. Number of nodes 20
EtherApe-INFO: 08:39:54.233: delete node: IP: 0.0.0.0. Number of nodes 19
EtherApe-INFO: 08:40:00.331: delete node: IP: 149.154.167.35. Number of nodes 18
EtherApe-INFO: 08:40:11.072: New node: IP: 172.217.16.10. Number of nodes 19
EtherApe-INFO: 08:40:13.375: New node: IP: 149.154.167.35. Number of nodes 20
EtherApe-INFO: 08:40:15.762: delete node: IP: 216.58.208.202. Number of nodes 19
EtherApe-INFO: 08:40:23.904: New node: IP: 95.216.195.133. Number of nodes 20
EtherApe-INFO: 08:40:37.183: New node: IP: 35.83.91.138. Number of nodes 21
EtherApe-INFO: 08:41:01.830: delete node: IP: 142.250.203.133. Number of nodes 20
EtherApe-INFO: 08:41:10.176: New node: IP: 216.58.215.101. Number of nodes 21
EtherApe-INFO: 08:42:11.372: delete node: IP: 172.217.16.10. Number of nodes 20
EtherApe-INFO: 08:42:24.224: delete node: IP: 95.216.195.133. Number of nodes 19
EtherApe-INFO: 08:42:40.272: delete node: IP: 216.58.215.74. Number of nodes 18
EtherApe-INFO: 08:42:41.339: delete node: IP: 35.83.91.138. Number of nodes 17
EtherApe-INFO: 08:43:10.135: New node: IP: 172.217.16.10. Number of nodes 18
EtherApe-INFO: 08:45:00.126: delete node: IP: 52.40.171.113. Number of nodes 17
EtherApe-INFO: 08:45:05.664: New node: IP: 13.32.121.62. Number of nodes 18
EtherApe-INFO: 08:45:10.351: delete node: IP: 172.217.16.10. Number of nodes 17
EtherApe-INFO: 08:45:24.057: New node: IP: 95.216.195.133. Number of nodes 18
EtherApe-INFO: 08:45:31.751: delete node: IP: 149.154.167.35. Number of nodes 17
EtherApe-INFO: 08:45:40.180: New node: IP: 140.82.114.26. Number of nodes 18
EtherApe-INFO: 08:45:40.693: New node: IP: 35.83.91.138. Number of nodes 19
EtherApe-INFO: 08:46:04.033: delete node: IP: 216.58.215.101. Number of nodes 18
EtherApe-INFO: 08:46:10.863: New node: IP: 142.250.203.133. Number of nodes 19
EtherApe-INFO: 08:46:38.768: New node: IP: 0.0.0.0. Number of nodes 20
EtherApe-INFO: 08:46:51.340: delete node: IP: 35.186.227.140. Number of nodes 19
EtherApe-INFO: 08:47:01.552: New node: IP: 18.66.122.110. Number of nodes 20
EtherApe-INFO: 08:47:01.554: New node: IP: 18.66.122.113. Number of nodes 21
EtherApe-INFO: 08:47:04.112: New node: IP: 34.104.32.36. Number of nodes 22
EtherApe-INFO: 08:47:04.369: New node: IP: 52.40.171.113. Number of nodes 23
EtherApe-INFO: 08:47:04.369: New node: IP: 35.186.227.140. Number of nodes 24
EtherApe-INFO: 08:47:06.159: New node: IP: 52.222.236.76. Number of nodes 25
EtherApe-INFO: 08:47:08.208: New node: IP: 52.43.228.255. Number of nodes 26
EtherApe-INFO: 08:47:24.873: delete node: IP: 95.216.195.133. Number of nodes 25
EtherApe-INFO: 08:47:40.749: delete node: IP: 140.82.112.26. Number of nodes 24
EtherApe-INFO: 08:47:41.578: delete node: IP: 35.83.91.138. Number of nodes 23
EtherApe-INFO: 08:47:48.144: New node: IP: 216.58.208.202. Number of nodes 24
EtherApe-INFO: 08:48:38.916: delete node: IP: 0.0.0.0. Number of nodes 23
EtherApe-INFO: 08:49:47.450: New node: IP: 149.154.167.35. Number of nodes 24
EtherApe-INFO: 08:50:05.931: delete node: IP: 52.40.171.113. Number of nodes 23
EtherApe-INFO: 08:50:09.550: delete node: IP: 52.43.228.255. Number of nodes 22
EtherApe-INFO: 08:50:24.048: New node: IP: 95.216.195.133. Number of nodes 23
EtherApe-INFO: 08:50:38.481: delete node: IP: 178.79.227.133. Number of nodes 22
EtherApe-INFO: 08:50:40.943: New node: IP: 35.83.91.138. Number of nodes 23
EtherApe-INFO: 08:51:01.424: delete node: IP: 142.250.203.133. Number of nodes 22
EtherApe-INFO: 08:51:05.030: delete node: IP: 52.222.236.76. Number of nodes 21
EtherApe-INFO: 08:51:12.175: New node: IP: 142.250.203.133. Number of nodes 22
EtherApe-INFO: 08:51:53.485: delete node: IP: 18.66.122.110. Number of nodes 21
EtherApe-INFO: 08:51:54.210: delete node: IP: 18.66.122.113. Number of nodes 20
EtherApe-INFO: 08:51:56.487: delete node: IP: 35.186.227.140. Number of nodes 19
EtherApe-INFO: 08:52:02.899: delete node: IP: 149.154.167.35. Number of nodes 18
EtherApe-INFO: 08:52:28.264: delete node: IP: 95.216.195.133. Number of nodes 17
EtherApe-INFO: 08:52:41.331: delete node: IP: 35.83.91.138. Number of nodes 16
EtherApe-INFO: 08:52:46.687: delete node: IP: 13.32.121.62. Number of nodes 15
EtherApe-INFO: 08:53:08.399: New node: IP: 149.154.167.35. Number of nodes 16
EtherApe-INFO: 08:54:37.062: delete node: IP: 216.58.208.202. Number of nodes 15
EtherApe-INFO: 08:55:23.824: New node: IP: 0.0.0.0. Number of nodes 16
EtherApe-INFO: 08:55:23.824: New node: IP: 95.216.195.133. Number of nodes 17
EtherApe-INFO: 08:55:23.856: delete node: IP: 149.154.167.35. Number of nodes 16
EtherApe-INFO: 08:55:40.997: New node: IP: 35.83.91.138. Number of nodes 17
EtherApe-INFO: 08:56:03.794: delete node: IP: 142.250.203.133. Number of nodes 16
EtherApe-INFO: 08:57:05.456: New node: IP: 52.40.171.113. Number of nodes 17
EtherApe-INFO: 08:57:05.456: New node: IP: 54.191.154.194. Number of nodes 18
EtherApe-INFO: 08:57:06.228: New node: IP: 35.186.227.140. Number of nodes 19
EtherApe-INFO: 08:57:24.437: delete node: IP: 95.216.195.133. Number of nodes 18
EtherApe-INFO: 08:57:24.437: delete node: IP: 0.0.0.0. Number of nodes 17
EtherApe-INFO: 08:57:41.309: delete node: IP: 35.83.91.138. Number of nodes 16
EtherApe-INFO: 08:59:17.589: delete node: IP: 54.191.154.194. Number of nodes 15
EtherApe-INFO: 08:59:34.452: New node: IP: 172.217.16.10. Number of nodes 16
EtherApe-INFO: 09:00:05.680: New node: IP: 13.32.121.62. Number of nodes 17
EtherApe-INFO: 09:00:07.567: delete node: IP: 52.40.171.113. Number of nodes 16
EtherApe-INFO: 09:00:23.855: New node: IP: 95.216.195.133. Number of nodes 17
EtherApe-INFO: 09:00:41.263: New node: IP: 35.83.91.138. Number of nodes 18
EtherApe-INFO: 09:01:13.780: New node: IP: 172.217.16.37. Number of nodes 19
EtherApe-INFO: 09:01:21.713: New node: IP: 149.154.167.35. Number of nodes 20
EtherApe-INFO: 09:01:36.574: delete node: IP: 172.217.16.10. Number of nodes 19
EtherApe-INFO: 09:01:57.592: delete node: IP: 35.186.227.140. Number of nodes 18
EtherApe-INFO: 09:02:24.206: delete node: IP: 95.216.195.133. Number of nodes 17
EtherApe-INFO: 09:02:41.670: delete node: IP: 35.83.91.138. Number of nodes 16
EtherApe-INFO: 09:04:02.054: delete node: IP: 13.32.121.62. Number of nodes 15
EtherApe-INFO: 09:04:08.879: New node: IP: 0.0.0.0. Number of nodes 16
EtherApe-INFO: 09:05:17.263: delete node: IP: 149.154.167.35. Number of nodes 15
EtherApe-INFO: 09:05:23.905: New node: IP: 95.216.195.133. Number of nodes 16
EtherApe-INFO: 09:05:41.552: New node: IP: 35.83.91.138. Number of nodes 17
EtherApe-INFO: 09:05:49.489: New node: IP: 142.250.186.202. Number of nodes 18
EtherApe-INFO: 09:06:05.190: delete node: IP: 172.217.16.37. Number of nodes 17
EtherApe-INFO: 09:06:09.518: delete node: IP: 0.0.0.0. Number of nodes 16
EtherApe-INFO: 09:07:24.562: delete node: IP: 95.216.195.133. Number of nodes 15
EtherApe-INFO: 09:07:42.223: delete node: IP: 35.83.91.138. Number of nodes 14
EtherApe-INFO: 09:07:52.368: New node: IP: 149.154.167.35. Number of nodes 15
EtherApe-INFO: 09:07:52.627: New node: IP: 172.217.16.10. Number of nodes 16
EtherApe-INFO: 09:08:03.887: New node: IP: 35.186.227.140. Number of nodes 17
EtherApe-INFO: 09:08:03.887: New node: IP: 52.40.171.113. Number of nodes 18
EtherApe-INFO: 09:08:46.898: New node: IP: 108.157.4.77. Number of nodes 19
EtherApe-INFO: 09:08:47.158: New node: IP: 18.66.122.113. Number of nodes 20
EtherApe-INFO: 09:08:48.432: New node: IP: 52.84.106.94. Number of nodes 21
EtherApe-INFO: 09:08:50.960: New node: IP: 52.43.228.255. Number of nodes 22
EtherApe-INFO: 09:09:00.943: New node: IP: 142.250.203.202. Number of nodes 23
EtherApe-INFO: 09:09:14.256: New node: IP: 142.250.203.133. Number of nodes 24
EtherApe-INFO: 09:09:14.515: New node: IP: 216.58.209.3. Number of nodes 25
EtherApe-INFO: 09:09:14.518: New node: IP: 142.250.203.193. Number of nodes 26
EtherApe-INFO: 09:09:14.520: New node: IP: 172.217.20.193. Number of nodes 27
EtherApe-INFO: 09:09:14.520: New node: IP: 216.58.215.65. Number of nodes 28
EtherApe-INFO: 09:09:14.798: New node: IP: 142.250.203.138. Number of nodes 29
EtherApe-INFO: 09:10:07.806: delete node: IP: 149.154.167.35. Number of nodes 28
EtherApe-INFO: 09:10:23.888: New node: IP: 95.216.195.133. Number of nodes 29
EtherApe-INFO: 09:10:37.455: New node: IP: 35.83.91.138. Number of nodes 30
EtherApe-INFO: 09:10:40.533: delete node: IP: 142.250.186.202. Number of nodes 29
EtherApe-INFO: 09:11:05.392: delete node: IP: 52.40.171.113. Number of nodes 28
EtherApe-INFO: 09:11:14.922: delete node: IP: 172.217.16.10. Number of nodes 27
EtherApe-INFO: 09:11:29.680: New node: IP: 34.120.208.123. Number of nodes 28
EtherApe-INFO: 09:11:46.833: New node: IP: 13.32.121.51. Number of nodes 29
EtherApe-INFO: 09:11:47.088: New node: IP: 34.98.75.36. Number of nodes 30
EtherApe-INFO: 09:11:47.089: New node: IP: 87.245.216.107. Number of nodes 31
EtherApe-INFO: 09:11:47.344: New node: IP: 34.160.144.191. Number of nodes 32
EtherApe-INFO: 09:11:53.272: delete node: IP: 52.43.228.255. Number of nodes 31
EtherApe-INFO: 09:12:25.748: delete node: IP: 95.216.195.133. Number of nodes 30
EtherApe-INFO: 09:12:43.176: delete node: IP: 35.83.91.138. Number of nodes 29
EtherApe-INFO: 09:12:45.976: delete node: IP: 52.84.106.94. Number of nodes 28
EtherApe-INFO: 09:12:53.903: New node: IP: 0.0.0.0. Number of nodes 29
EtherApe-INFO: 09:13:21.296: New node: IP: 149.154.167.35. Number of nodes 30
EtherApe-INFO: 09:13:39.570: delete node: IP: 18.66.122.113. Number of nodes 29
EtherApe-INFO: 09:13:46.189: delete node: IP: 34.104.32.36. Number of nodes 28
EtherApe-INFO: 09:13:49.290: delete node: IP: 108.157.4.77. Number of nodes 27
EtherApe-INFO: 09:13:49.290: delete node: IP: 104.18.40.133. Number of nodes 26
EtherApe-INFO: 09:14:07.671: delete node: IP: 216.58.215.65. Number of nodes 25
EtherApe-INFO: 09:14:07.671: delete node: IP: 216.58.209.3. Number of nodes 24
EtherApe-INFO: 09:14:07.671: delete node: IP: 172.217.20.193. Number of nodes 23
EtherApe-INFO: 09:14:07.671: delete node: IP: 142.250.203.193. Number of nodes 22
EtherApe-INFO: 09:14:07.671: delete node: IP: 142.250.203.138. Number of nodes 21
EtherApe-INFO: 09:14:09.935: New node: IP: 54.192.231.10. Number of nodes 22
EtherApe-INFO: 09:14:22.480: New node: IP: 172.217.16.14. Number of nodes 23
EtherApe-INFO: 09:14:25.844: delete node: IP: 35.186.227.140. Number of nodes 22
EtherApe-INFO: 09:14:55.556: delete node: IP: 0.0.0.0. Number of nodes 21
EtherApe-INFO: 09:15:03.951: New node: IP: 54.192.231.19. Number of nodes 22
EtherApe-INFO: 09:15:13.710: delete node: IP: 172.217.20.202. Number of nodes 21
EtherApe-INFO: 09:15:23.919: New node: IP: 95.216.195.133. Number of nodes 22
EtherApe-INFO: 09:15:37.031: delete node: IP: 149.154.167.35. Number of nodes 21
EtherApe-INFO: 09:15:41.840: New node: IP: 35.83.91.138. Number of nodes 22
EtherApe-INFO: 09:15:44.449: delete node: IP: 87.245.216.107. Number of nodes 21
EtherApe-INFO: 09:15:44.449: delete node: IP: 13.32.121.51. Number of nodes 20
EtherApe-INFO: 09:16:05.659: delete node: IP: 13.32.121.12. Number of nodes 19
EtherApe-INFO: 09:16:20.804: delete node: IP: 34.120.208.123. Number of nodes 18
EtherApe-INFO: 09:16:37.697: delete node: IP: 34.160.144.191. Number of nodes 17
EtherApe-INFO: 09:16:37.697: delete node: IP: 34.98.75.36. Number of nodes 16
EtherApe-INFO: 09:16:51.728: New node: IP: 149.154.167.35. Number of nodes 17
EtherApe-INFO: 09:17:24.315: delete node: IP: 95.216.195.133. Number of nodes 16
EtherApe-INFO: 09:17:40.880: New node: IP: 140.82.112.25. Number of nodes 17
EtherApe-INFO: 09:17:43.956: delete node: IP: 35.83.91.138. Number of nodes 16
EtherApe-INFO: 09:18:04.687: New node: IP: 52.10.85.249. Number of nodes 17
EtherApe-INFO: 09:18:04.687: New node: IP: 35.186.227.140. Number of nodes 18
EtherApe-INFO: 09:18:05.457: New node: IP: 44.238.39.101. Number of nodes 19
EtherApe-INFO: 09:19:00.268: delete node: IP: 54.192.231.19. Number of nodes 18
EtherApe-INFO: 09:19:07.161: delete node: IP: 149.154.167.35. Number of nodes 17
EtherApe-INFO: 09:19:17.447: delete node: IP: 172.217.16.14. Number of nodes 16
EtherApe-INFO: 09:19:41.297: delete node: IP: 140.82.114.26. Number of nodes 15
EtherApe-INFO: 09:20:08.335: New node: IP: 149.154.167.35. Number of nodes 16
EtherApe-INFO: 09:20:23.951: New node: IP: 95.216.195.133. Number of nodes 17
EtherApe-INFO: 09:20:42.128: New node: IP: 35.83.91.138. Number of nodes 18
EtherApe-INFO: 09:21:06.704: delete node: IP: 52.10.85.249. Number of nodes 17
EtherApe-INFO: 09:21:07.526: delete node: IP: 44.238.39.101. Number of nodes 16
EtherApe-INFO: 09:21:26.928: New node: IP: 172.217.16.37. Number of nodes 17
EtherApe-INFO: 09:21:37.679: New node: IP: 172.217.16.10. Number of nodes 18
EtherApe-INFO: 09:21:38.960: New node: IP: 0.0.0.0. Number of nodes 19
EtherApe-INFO: 09:22:25.562: delete node: IP: 149.154.167.35. Number of nodes 18
EtherApe-INFO: 09:22:25.562: delete node: IP: 95.216.195.133. Number of nodes 17
EtherApe-INFO: 09:22:46.312: delete node: IP: 35.83.91.138. Number of nodes 16
EtherApe-INFO: 09:22:55.503: New node: IP: 149.154.167.35. Number of nodes 17
EtherApe-INFO: 09:22:57.897: delete node: IP: 35.186.227.140. Number of nodes 16
EtherApe-INFO: 09:23:19.865: delete node: IP: 142.250.203.133. Number of nodes 15
EtherApe-INFO: 09:23:37.832: delete node: IP: 172.217.16.10. Number of nodes 14
EtherApe-INFO: 09:23:39.576: delete node: IP: 0.0.0.0. Number of nodes 13
EtherApe-INFO: 09:25:11.780: delete node: IP: 149.154.167.35. Number of nodes 12
EtherApe-INFO: 09:25:23.984: New node: IP: 95.216.195.133. Number of nodes 13
EtherApe-INFO: 09:25:42.159: New node: IP: 35.83.91.138. Number of nodes 14
EtherApe-INFO: 09:26:14.160: New node: IP: 13.32.121.101. Number of nodes 15
EtherApe-INFO: 09:26:19.364: delete node: IP: 172.217.16.37. Number of nodes 14
EtherApe-INFO: 09:26:27.728: New node: IP: 142.250.203.133. Number of nodes 15
EtherApe-INFO: 09:27:24.364: delete node: IP: 95.216.195.133. Number of nodes 14
EtherApe-INFO: 09:27:42.837: delete node: IP: 35.83.91.138. Number of nodes 13
EtherApe-INFO: 09:28:07.312: New node: IP: 149.154.167.35. Number of nodes 14
EtherApe-INFO: 09:30:05.839: New node: IP: 54.192.231.119. Number of nodes 15
EtherApe-INFO: 09:30:11.002: delete node: IP: 13.32.121.101. Number of nodes 14
EtherApe-INFO: 09:30:23.759: New node: IP: 0.0.0.0. Number of nodes 15
EtherApe-INFO: 09:30:24.015: New node: IP: 95.216.195.133. Number of nodes 16
EtherApe-INFO: 09:30:42.447: New node: IP: 35.83.91.138. Number of nodes 17
EtherApe-INFO: 09:31:22.149: delete node: IP: 142.250.203.133. Number of nodes 16
EtherApe-INFO: 09:31:28.272: New node: IP: 216.58.209.5. Number of nodes 17
EtherApe-INFO: 09:32:24.607: delete node: IP: 95.216.195.133. Number of nodes 16
EtherApe-INFO: 09:32:24.607: delete node: IP: 0.0.0.0. Number of nodes 15
EtherApe-INFO: 09:32:43.303: delete node: IP: 35.83.91.138. Number of nodes 14
EtherApe-INFO: 09:33:50.351: New node: IP: 216.58.208.202. Number of nodes 15
EtherApe-INFO: 09:34:01.941: delete node: IP: 54.192.231.119. Number of nodes 14
EtherApe-INFO: 09:34:13.647: New node: IP: 13.32.121.12. Number of nodes 15
EtherApe-INFO: 09:35:24.047: New node: IP: 95.216.195.133. Number of nodes 16
EtherApe-INFO: 09:35:24.094: delete node: IP: 149.154.167.35. Number of nodes 15
EtherApe-INFO: 09:35:42.479: New node: IP: 35.83.91.138. Number of nodes 16
EtherApe-INFO: 09:36:20.916: delete node: IP: 216.58.209.5. Number of nodes 15
EtherApe-INFO: 09:36:29.328: New node: IP: 142.250.203.133. Number of nodes 16
EtherApe-INFO: 09:37:26.211: delete node: IP: 95.216.195.133. Number of nodes 15
EtherApe-INFO: 09:37:46.225: delete node: IP: 35.83.91.138. Number of nodes 14
EtherApe-INFO: 09:38:09.689: delete node: IP: 13.32.121.12. Number of nodes 13
EtherApe-INFO: 09:39:08.815: New node: IP: 0.0.0.0. Number of nodes 14
EtherApe-INFO: 09:40:23.823: New node: IP: 95.216.195.133. Number of nodes 15
EtherApe-INFO: 09:40:30.223: delete node: IP: 216.58.208.202. Number of nodes 14
EtherApe-INFO: 09:40:37.647: New node: IP: 35.83.91.138. Number of nodes 15
EtherApe-INFO: 09:41:10.226: delete node: IP: 0.0.0.0. Number of nodes 14
EtherApe-INFO: 09:41:19.976: delete node: IP: 142.250.203.133. Number of nodes 13
EtherApe-INFO: 09:41:30.384: New node: IP: 216.58.215.69. Number of nodes 14
EtherApe-INFO: 09:42:24.406: delete node: IP: 95.216.195.133. Number of nodes 13
EtherApe-INFO: 09:42:28.751: New node: IP: 149.154.167.35. Number of nodes 14
EtherApe-INFO: 09:42:43.897: delete node: IP: 35.83.91.138. Number of nodes 13
EtherApe-INFO: 09:44:46.522: delete node: IP: 149.154.167.35. Number of nodes 12
EtherApe-INFO: 09:45:05.167: New node: IP: 13.32.121.12. Number of nodes 13
EtherApe-INFO: 09:45:23.856: New node: IP: 95.216.195.133. Number of nodes 14
EtherApe-INFO: 09:45:43.055: New node: IP: 35.83.91.138. Number of nodes 15
EtherApe-INFO: 09:46:54.991: New node: IP: 34.120.208.123. Number of nodes 16
EtherApe-INFO: 09:46:54.992: New node: IP: 52.10.85.249. Number of nodes 17
EtherApe-INFO: 09:46:54.993: New node: IP: 54.191.154.194. Number of nodes 18
EtherApe-INFO: 09:46:56.015: New node: IP: 35.186.227.140. Number of nodes 19
EtherApe-INFO: 09:47:08.303: New node: IP: 149.154.167.35. Number of nodes 20
EtherApe-INFO: 09:47:08.303: New node: IP: 149.154.167.255. Number of nodes 21
EtherApe-INFO: 09:47:15.984: New node: IP: 149.154.167.222. Number of nodes 22
EtherApe-INFO: 09:47:24.235: delete node: IP: 95.216.195.133. Number of nodes 21
EtherApe-INFO: 09:47:43.641: delete node: IP: 35.83.91.138. Number of nodes 20
EtherApe-INFO: 09:47:53.870: New node: IP: 0.0.0.0. Number of nodes 21
EtherApe-INFO: 09:48:08.712: New node: IP: 13.32.121.6. Number of nodes 22
EtherApe-INFO: 09:48:12.808: New node: IP: 104.17.49.74. Number of nodes 23
EtherApe-INFO: 09:48:12.809: New node: IP: 104.17.50.74. Number of nodes 24
EtherApe-INFO: 09:48:12.809: New node: IP: 172.217.16.14. Number of nodes 25
EtherApe-INFO: 09:48:14.343: New node: IP: 217.138.198.211. Number of nodes 26
EtherApe-INFO: 09:49:00.947: delete node: IP: 13.32.121.12. Number of nodes 25
EtherApe-INFO: 09:49:07.669: delete node: IP: 54.191.154.194. Number of nodes 24
EtherApe-INFO: 09:49:25.591: delete node: IP: 149.154.167.35. Number of nodes 23
EtherApe-INFO: 09:49:43.432: New node: IP: 149.154.167.35. Number of nodes 24
EtherApe-INFO: 09:49:53.855: delete node: IP: 0.0.0.0. Number of nodes 23
EtherApe-INFO: 09:49:56.133: delete node: IP: 149.154.167.222. Number of nodes 22
EtherApe-INFO: 09:49:56.649: delete node: IP: 52.10.85.249. Number of nodes 21
EtherApe-INFO: 09:50:09.417: delete node: IP: 149.154.167.255. Number of nodes 20
EtherApe-INFO: 09:50:23.967: New node: IP: 95.216.195.133. Number of nodes 21
EtherApe-INFO: 09:50:43.168: New node: IP: 35.83.91.138. Number of nodes 22
EtherApe-INFO: 09:51:22.353: delete node: IP: 216.58.215.69. Number of nodes 21
EtherApe-INFO: 09:52:05.437: delete node: IP: 13.32.121.6. Number of nodes 20
EtherApe-INFO: 09:52:15.919: delete node: IP: 54.192.231.10. Number of nodes 19
EtherApe-INFO: 09:52:27.428: delete node: IP: 142.250.203.131. Number of nodes 18
EtherApe-INFO: 09:52:27.428: delete node: IP: 95.216.195.133. Number of nodes 17
EtherApe-INFO: 09:52:44.781: delete node: IP: 35.83.91.138. Number of nodes 16
EtherApe-INFO: 09:52:59.809: delete node: IP: 34.120.208.123. Number of nodes 15
EtherApe-INFO: 09:53:04.887: delete node: IP: 172.217.16.14. Number of nodes 14
EtherApe-INFO: 09:53:04.887: delete node: IP: 104.17.50.74. Number of nodes 13
EtherApe-INFO: 09:53:04.887: delete node: IP: 35.186.227.140. Number of nodes 12
EtherApe-INFO: 09:53:13.689: delete node: IP: 104.17.49.74. Number of nodes 11
EtherApe-INFO: 09:53:38.937: delete node: IP: 142.250.203.202. Number of nodes 10
EtherApe-INFO: 09:53:42.524: delete node: IP: 140.82.112.25. Number of nodes 9
EtherApe-INFO: 09:55:24.080: New node: IP: 95.216.195.133. Number of nodes 10
EtherApe-INFO: 09:55:37.681: delete node: IP: 149.154.167.35. Number of nodes 9
EtherApe-INFO: 09:55:43.279: New node: IP: 35.83.91.138. Number of nodes 10
EtherApe-INFO: 09:56:35.503: New node: IP: 149.154.167.222. Number of nodes 11
EtherApe-INFO: 09:56:38.831: New node: IP: 0.0.0.0. Number of nodes 12
EtherApe-INFO: 09:57:26.530: delete node: IP: 95.216.195.133. Number of nodes 11
EtherApe-INFO: 09:57:44.461: delete node: IP: 35.83.91.138. Number of nodes 10
EtherApe-INFO: 09:58:39.986: delete node: IP: 0.0.0.0. Number of nodes 9
EtherApe-INFO: 10:00:23.855: New node: IP: 95.216.195.133. Number of nodes 10
EtherApe-INFO: 10:00:40.271: delete node: IP: 149.154.167.222. Number of nodes 9
EtherApe-INFO: 10:00:43.567: New node: IP: 35.83.91.138. Number of nodes 10
EtherApe-INFO: 10:02:25.728: delete node: IP: 95.216.195.133. Number of nodes 9
EtherApe-INFO: 10:02:44.147: delete node: IP: 35.83.91.138. Number of nodes 8
EtherApe-INFO: 10:03:27.151: New node: IP: 149.154.167.222. Number of nodes 9
EtherApe-INFO: 10:05:23.888: New node: IP: 0.0.0.0. Number of nodes 10
EtherApe-INFO: 10:05:23.888: New node: IP: 95.216.195.133. Number of nodes 11
EtherApe-INFO: 10:05:42.886: delete node: IP: 149.154.167.222. Number of nodes 10
EtherApe-INFO: 10:05:43.856: New node: IP: 35.83.91.138. Number of nodes 11
EtherApe-INFO: 10:06:06.063: New node: IP: 149.154.167.35. Number of nodes 12
EtherApe-INFO: 10:07:24.202: delete node: IP: 95.216.195.133. Number of nodes 11
EtherApe-INFO: 10:07:24.202: delete node: IP: 0.0.0.0. Number of nodes 10
EtherApe-INFO: 10:07:47.756: delete node: IP: 35.83.91.138. Number of nodes 9
EtherApe-INFO: 10:10:23.856: New node: IP: 95.216.195.133. Number of nodes 10
EtherApe-INFO: 10:10:23.865: delete node: IP: 149.154.167.35. Number of nodes 9
EtherApe-INFO: 10:10:43.824: New node: IP: 35.83.91.138. Number of nodes 10
EtherApe-INFO: 10:12:24.183: delete node: IP: 95.216.195.133. Number of nodes 9
EtherApe-INFO: 10:12:44.435: delete node: IP: 35.83.91.138. Number of nodes 8
EtherApe-INFO: 10:14:08.879: New node: IP: 0.0.0.0. Number of nodes 9
EtherApe-INFO: 10:15:23.888: New node: IP: 95.216.195.133. Number of nodes 10
EtherApe-INFO: 10:15:43.856: New node: IP: 35.83.91.138. Number of nodes 11
EtherApe-INFO: 10:16:09.234: delete node: IP: 0.0.0.0. Number of nodes 10
EtherApe-INFO: 10:17:24.784: delete node: IP: 95.216.195.133. Number of nodes 9
EtherApe-INFO: 10:17:44.228: delete node: IP: 35.83.91.138. Number of nodes 8
EtherApe-INFO: 10:18:03.376: New node: IP: 149.154.167.35. Number of nodes 9
EtherApe-INFO: 10:18:45.116: delete node: IP: 104.16.248.249. Number of nodes 8
EtherApe-INFO: 10:20:21.148: delete node: IP: 149.154.167.35. Number of nodes 7
EtherApe-INFO: 10:20:23.919: New node: IP: 95.216.195.133. Number of nodes 8
EtherApe-INFO: 10:20:31.344: New node: IP: 149.154.167.35. Number of nodes 9
EtherApe-INFO: 10:20:44.143: New node: IP: 35.83.91.138. Number of nodes 10
EtherApe-INFO: 10:21:49.167: New node: IP: 149.154.167.222. Number of nodes 11
EtherApe-INFO: 10:22:25.570: delete node: IP: 95.216.195.133. Number of nodes 10
EtherApe-INFO: 10:22:45.011: delete node: IP: 35.83.91.138. Number of nodes 9
EtherApe-INFO: 10:22:48.386: delete node: IP: 149.154.167.35. Number of nodes 8
EtherApe-INFO: 10:22:50.351: New node: IP: 149.154.167.35. Number of nodes 9
EtherApe-INFO: 10:22:53.936: New node: IP: 0.0.0.0. Number of nodes 10
EtherApe-INFO: 10:24:32.239: New node: IP: 192.168.0.1. Number of nodes 11
EtherApe-INFO: 10:24:32.239: New node: IP: 104.21.17.171. Number of nodes 12
EtherApe-INFO: 10:24:54.588: delete node: IP: 0.0.0.0. Number of nodes 11
EtherApe-INFO: 10:25:06.054: delete node: IP: 149.154.167.35. Number of nodes 10
EtherApe-INFO: 10:25:18.138: delete node: IP: 149.154.167.222. Number of nodes 9
EtherApe-INFO: 10:25:23.952: New node: IP: 95.216.195.133. Number of nodes 10
EtherApe-INFO: 10:25:44.688: New node: IP: 35.83.91.138. Number of nodes 11
EtherApe-INFO: 10:26:34.446: delete node: IP: 192.168.0.1. Number of nodes 10
EtherApe-INFO: 10:26:34.958: delete node: IP: 104.21.17.171. Number of nodes 9
EtherApe-INFO: 10:27:25.370: delete node: IP: 95.216.195.133. Number of nodes 8
EtherApe-INFO: 10:27:45.100: delete node: IP: 35.83.91.138. Number of nodes 7
EtherApe-INFO: 10:28:25.712: New node: IP: 149.154.167.222. Number of nodes 8
EtherApe-INFO: 10:29:40.720: New node: IP: 149.154.167.35. Number of nodes 9
EtherApe-INFO: 10:29:47.375: New node: IP: 149.154.167.255. Number of nodes 10
EtherApe-INFO: 10:30:23.983: New node: IP: 95.216.195.133. Number of nodes 11
EtherApe-INFO: 10:30:44.720: New node: IP: 35.83.91.138. Number of nodes 12
EtherApe-INFO: 10:31:38.991: New node: IP: 0.0.0.0. Number of nodes 13
EtherApe-INFO: 10:31:52.864: delete node: IP: 149.154.167.222. Number of nodes 12
EtherApe-INFO: 10:32:09.459: delete node: IP: 149.154.167.255. Number of nodes 11
EtherApe-INFO: 10:32:26.359: delete node: IP: 95.216.195.133. Number of nodes 10
EtherApe-INFO: 10:32:45.296: delete node: IP: 35.83.91.138. Number of nodes 9
EtherApe-INFO: 10:33:39.314: delete node: IP: 0.0.0.0. Number of nodes 8
                                                                             