(etherape:1562): GLib-GIO-DEBUG: 03:45:48.673: _g_io_module_get_default: Found default implementation local (GLocalVfs) for ‘gio-vfs’
(etherape:1562): GLib-GIO-DEBUG: 03:45:48.721: Using cross-namespace EXTERNAL authentication (this will deadlock if server is GDBus < 2.73.3)
EtherApe-INFO: 03:45:48.771: sctp protocol not supported
EtherApe-INFO: 03:45:48.771: dccp protocol not supported
EtherApe-INFO: 03:45:48.771: sctp protocol not supported
EtherApe-INFO: 03:45:48.771: sctp protocol not supported
EtherApe-INFO: 03:45:48.771: sctp protocol not supported
EtherApe-INFO: 03:45:48.771: sctp protocol not supported
EtherApe-INFO: 03:45:48.771: sctp protocol not supported
EtherApe-INFO: 03:45:48.771: sctp protocol not supported
EtherApe-INFO: 03:45:48.771: sctp protocol not supported
EtherApe-INFO: 03:45:48.771: dccp protocol not supported
EtherApe-INFO: 03:45:48.771: sctp protocol not supported
EtherApe-INFO: 03:45:48.771: dccp protocol not supported
EtherApe-INFO: 03:45:48.771: dccp protocol not supported
EtherApe-INFO: 03:45:48.771: sctp protocol not supported
EtherApe-INFO: 03:45:48.772: sctp protocol not supported
EtherApe-INFO: 03:45:48.772: sctp protocol not supported
EtherApe-INFO: 03:45:48.772: sctp protocol not supported
EtherApe-INFO: 03:45:48.772: sctp protocol not supported
EtherApe-INFO: 03:45:48.773: sctp protocol not supported
EtherApe-INFO: 03:45:48.773: sctp protocol not supported
EtherApe-INFO: 03:45:48.773: sctp protocol not supported
EtherApe-INFO: 03:45:48.773: sctp protocol not supported
EtherApe-INFO: 03:45:48.773: sctp protocol not supported
EtherApe-INFO: 03:45:48.773: sctp protocol not supported
EtherApe-INFO: 03:45:48.774: sctp protocol not supported
EtherApe-INFO: 03:45:48.774: sctp protocol not supported
EtherApe-INFO: 03:45:48.774: sctp protocol not supported
EtherApe-INFO: 03:45:48.774: sctp protocol not supported
EtherApe-INFO: 03:45:48.774: dccp protocol not supported
EtherApe-INFO: 03:45:48.774: sctp protocol not supported
EtherApe-INFO: 03:45:48.774: sctp protocol not supported
EtherApe-INFO: 03:45:48.774: dccp protocol not supported
EtherApe-INFO: 03:45:48.774: sctp protocol not supported
EtherApe-INFO: 03:45:48.774: sctp protocol not supported
EtherApe-INFO: 03:45:48.774: sctp protocol not supported
EtherApe-INFO: 03:45:48.774: dccp protocol not supported
EtherApe-INFO: 03:45:48.774: dccp protocol not supported
EtherApe-INFO: 03:45:48.774: sctp protocol not supported
EtherApe-INFO: 03:45:48.774: sctp protocol not supported
EtherApe-INFO: 03:45:48.774: sctp protocol not supported
EtherApe-INFO: 03:45:48.774: sctp protocol not supported
EtherApe-INFO: 03:45:48.774: sctp protocol not supported
EtherApe-INFO: 03:45:48.775: sctp protocol not supported
EtherApe-INFO: 03:45:48.775: sctp protocol not supported
EtherApe-INFO: 03:45:48.775: sctp protocol not supported
EtherApe-INFO: 03:45:48.775: sctp protocol not supported
EtherApe-INFO: 03:45:48.775: sctp protocol not supported
EtherApe-INFO: 03:45:48.775: sctp protocol not supported
EtherApe-INFO: 03:45:48.775: sctp protocol not supported
EtherApe-INFO: 03:45:48.775: sctp protocol not supported
EtherApe-INFO: 03:45:48.775: sctp protocol not supported
EtherApe-INFO: 03:45:48.775: sctp protocol not supported
EtherApe-INFO: 03:45:48.775: sctp protocol not supported
EtherApe-INFO: 03:45:48.775: sctp protocol not supported
EtherApe-INFO: 03:45:48.775: sctp protocol not supported
EtherApe-INFO: 03:45:48.775: sctp protocol not supported
EtherApe-INFO: 03:45:48.775: sctp protocol not supported
EtherApe-INFO: 03:45:48.775: dccp protocol not supported
EtherApe-INFO: 03:45:48.775: sctp protocol not supported
EtherApe-INFO: 03:45:48.775: sctp protocol not supported
EtherApe-INFO: 03:45:48.775: sctp protocol not supported
EtherApe-INFO: 03:45:48.775: sctp protocol not supported
EtherApe-INFO: 03:45:48.775: sctp protocol not supported
EtherApe-INFO: 03:45:48.775: sctp protocol not supported
EtherApe-INFO: 03:45:48.775: sctp protocol not supported
EtherApe-INFO: 03:45:48.775: sctp protocol not supported
EtherApe-INFO: 03:45:48.775: sctp protocol not supported
EtherApe-INFO: 03:45:48.775: sctp protocol not supported
EtherApe-INFO: 03:45:48.775: sctp protocol not supported
EtherApe-INFO: 03:45:48.775: sctp protocol not supported
EtherApe-INFO: 03:45:48.776: sctp protocol not supported
EtherApe-INFO: 03:45:48.776: sctp protocol not supported
EtherApe-INFO: 03:45:48.776: sctp protocol not supported
EtherApe-INFO: 03:45:48.776: sctp protocol not supported
EtherApe-INFO: 03:45:48.776: sctp protocol not supported
EtherApe-INFO: 03:45:48.776: sctp protocol not supported
EtherApe-INFO: 03:45:48.776: sctp protocol not supported
EtherApe-INFO: 03:45:48.776: sctp protocol not supported
EtherApe-INFO: 03:45:48.776: sctp protocol not supported
EtherApe-INFO: 03:45:48.776: sctp protocol not supported
EtherApe-INFO: 03:45:48.776: sctp protocol not supported
EtherApe-INFO: 03:45:48.776: sctp protocol not supported
EtherApe-INFO: 03:45:48.776: sctp protocol not supported
EtherApe-INFO: 03:45:48.776: sctp protocol not supported
EtherApe-INFO: 03:45:48.776: sctp protocol not supported
EtherApe-INFO: 03:45:48.776: sctp protocol not supported
EtherApe-INFO: 03:45:48.776: sctp protocol not supported
EtherApe-INFO: 03:45:48.776: sctp protocol not supported
EtherApe-INFO: 03:45:48.776: sctp protocol not supported
EtherApe-INFO: 03:45:48.776: sctp protocol not supported
EtherApe-INFO: 03:45:48.776: sctp protocol not supported
EtherApe-INFO: 03:45:48.776: sctp protocol not supported
EtherApe-INFO: 03:45:48.776: sctp protocol not supported
EtherApe-INFO: 03:45:48.776: sctp protocol not supported
EtherApe-INFO: 03:45:48.783: get_interface result: ''
EtherApe-INFO: 03:45:48.784: Available interfaces for capture: dbus-session dbus-system nfqueue nflog bluetooth-monitor bluetooth0 lo any wlp2s0
EtherApe-INFO: 03:45:48.784: Link type is LINUX_SLL
EtherApe-INFO: 03:45:48.784: Diagram started
EtherApe-INFO: 03:45:51.343: New node: IP: 192.168.1.254. Number of nodes 1
EtherApe-INFO: 03:45:51.343: New node: IP: 192.168.1.1. Number of nodes 2
EtherApe-INFO: 03:45:57.232: New node: IP: 149.154.167.41. Number of nodes 3
EtherApe-INFO: 03:45:57.232: New node: IP: 149.154.167.50. Number of nodes 4
EtherApe-INFO: 03:46:00.559: New node: IP: 104.16.248.249. Number of nodes 5
EtherApe-INFO: 03:46:00.559: New node: IP: 192.168.0.1. Number of nodes 6
EtherApe-INFO: 03:46:00.822: New node: IP: 54.185.157.183. Number of nodes 7
EtherApe-INFO: 03:46:00.822: New node: IP: 34.120.208.123. Number of nodes 8
EtherApe-INFO: 03:46:00.823: New node: IP: 3.2.9.2. Number of nodes 9
EtherApe-INFO: 03:46:00.824: New node: IP: 142.250.203.197. Number of nodes 10
EtherApe-INFO: 03:46:00.825: New node: IP: 18.66.147.26. Number of nodes 11
EtherApe-INFO: 03:46:00.826: New node: IP: 54.201.164.58. Number of nodes 12
EtherApe-INFO: 03:46:00.826: New node: IP: 34.214.139.174. Number of nodes 13
EtherApe-INFO: 03:46:00.826: New node: IP: 93.184.220.29. Number of nodes 14
EtherApe-INFO: 03:46:00.827: New node: IP: 34.107.221.82. Number of nodes 15
EtherApe-INFO: 03:46:00.828: New node: IP: 104.17.50.74. Number of nodes 16
EtherApe-INFO: 03:46:01.073: New node: IP: 104.18.12.33. Number of nodes 17
EtherApe-INFO: 03:46:01.073: New node: IP: 54.148.190.4. Number of nodes 18
EtherApe-INFO: 03:46:01.076: New node: IP: 172.217.16.3. Number of nodes 19
EtherApe-INFO: 03:46:01.077: New node: IP: 108.138.24.78. Number of nodes 20
EtherApe-INFO: 03:46:01.329: New node: IP: 185.199.108.154. Number of nodes 21
EtherApe-INFO: 03:46:01.585: New node: IP: 35.186.227.140. Number of nodes 22
EtherApe-INFO: 03:46:01.585: New node: IP: 52.85.122.132. Number of nodes 23
EtherApe-INFO: 03:46:01.841: New node: IP: 54.80.2.54. Number of nodes 24
EtherApe-INFO: 03:46:01.842: New node: IP: 87.245.216.107. Number of nodes 25
EtherApe-INFO: 03:46:01.842: New node: IP: 140.82.114.26. Number of nodes 26
EtherApe-INFO: 03:46:02.097: New node: IP: 104.18.21.226. Number of nodes 27
EtherApe-INFO: 03:46:02.607: New node: IP: 172.217.20.195. Number of nodes 28
EtherApe-INFO: 03:46:03.119: New node: IP: 142.250.186.206. Number of nodes 29
EtherApe-INFO: 03:46:03.121: New node: IP: 142.250.203.206. Number of nodes 30
EtherApe-INFO: 03:46:03.121: New node: IP: 142.250.203.196. Number of nodes 31
EtherApe-INFO: 03:46:03.376: New node: IP: 192.168.0.218. Number of nodes 32
EtherApe-INFO: 03:46:03.633: New node: IP: 13.32.99.49. Number of nodes 33
EtherApe-INFO: 03:46:04.655: New node: IP: 142.250.186.202. Number of nodes 34
EtherApe-INFO: 03:46:04.656: New node: IP: 52.71.106.29. Number of nodes 35
EtherApe-INFO: 03:46:04.916: New node: IP: 216.58.215.106. Number of nodes 36
EtherApe-INFO: 03:46:05.167: New node: IP: 142.250.75.10. Number of nodes 37
EtherApe-INFO: 03:46:05.171: New node: IP: 216.58.215.67. Number of nodes 38
EtherApe-INFO: 03:46:05.423: New node: IP: 142.250.75.14. Number of nodes 39
EtherApe-INFO: 03:46:05.427: New node: IP: 142.250.203.138. Number of nodes 40
EtherApe-INFO: 03:46:05.680: New node: IP: 13.32.103.36. Number of nodes 41
EtherApe-INFO: 03:46:05.680: New node: IP: 151.101.194.137. Number of nodes 42
EtherApe-INFO: 03:46:05.936: New node: IP: 142.250.203.195. Number of nodes 43
EtherApe-INFO: 03:46:06.192: New node: IP: 13.32.121.12. Number of nodes 44
EtherApe-INFO: 03:46:06.193: New node: IP: 216.58.208.193. Number of nodes 45
EtherApe-INFO: 03:46:06.194: New node: IP: 216.58.215.65. Number of nodes 46
EtherApe-INFO: 03:46:06.195: New node: IP: 142.250.203.193. Number of nodes 47
EtherApe-INFO: 03:46:06.454: New node: IP: 172.217.16.46. Number of nodes 48
EtherApe-INFO: 03:46:06.713: New node: IP: 142.250.75.1. Number of nodes 49
EtherApe-INFO: 03:46:06.959: New node: IP: 216.58.208.202. Number of nodes 50
EtherApe-INFO: 03:46:08.495: New node: IP: 255.255.255.255. Number of nodes 51
EtherApe-INFO: 03:46:18.735: New node: IP: 95.216.144.15. Number of nodes 52
EtherApe-INFO: 03:46:24.879: New node: IP: 208.68.240.115. Number of nodes 53
EtherApe-INFO: 03:46:26.927: New node: IP: 192.168.0.239. Number of nodes 54
EtherApe-INFO: 03:46:29.231: New node: IP: 3.75.5.249. Number of nodes 55
EtherApe-INFO: 03:46:30.001: New node: IP: 104.81.118.59. Number of nodes 56
EtherApe-INFO: 03:46:30.767: New node: IP: 128.2.42.95. Number of nodes 57
EtherApe-INFO: 03:46:31.023: New node: IP: 172.64.155.188. Number of nodes 58
EtherApe-INFO: 03:46:32.303: New node: IP: 104.20.190.42. Number of nodes 59
EtherApe-INFO: 03:46:34.351: New node: IP: 104.16.149.64. Number of nodes 60
EtherApe-INFO: 03:46:36.144: New node: IP: 142.250.203.201. Number of nodes 61
EtherApe-INFO: 03:46:39.471: New node: IP: 135.181.27.174. Number of nodes 62
EtherApe-INFO: 03:46:39.983: New node: IP: 185.199.108.153. Number of nodes 63
EtherApe-INFO: 03:46:42.543: New node: IP: 140.82.121.3. Number of nodes 64
EtherApe-INFO: 03:46:44.848: New node: IP: 139.59.209.225. Number of nodes 65
EtherApe-INFO: 03:46:47.408: New node: IP: 13.248.189.183. Number of nodes 66
EtherApe-INFO: 03:47:26.575: New node: IP: 172.67.177.183. Number of nodes 67
EtherApe-INFO: 03:48:02.416: delete node: IP: 54.148.190.4. Number of nodes 66
EtherApe-INFO: 03:48:02.418: New node: IP: 52.33.112.155. Number of nodes 67
EtherApe-INFO: 03:48:04.207: New node: IP: 104.16.210.12. Number of nodes 68
EtherApe-INFO: 03:48:04.975: New node: IP: 151.101.2.219. Number of nodes 69
EtherApe-INFO: 03:48:05.290: delete node: IP: 142.250.75.10. Number of nodes 68
EtherApe-INFO: 03:48:12.144: New node: IP: 87.245.212.27. Number of nodes 69
EtherApe-INFO: 03:48:12.710: delete node: IP: 34.214.139.174. Number of nodes 68
EtherApe-INFO: 03:48:13.685: New node: IP: 159.224.181.130. Number of nodes 69
EtherApe-INFO: 03:48:13.686: New node: IP: 176.113.208.3. Number of nodes 70
EtherApe-INFO: 03:48:13.686: New node: IP: 146.120.199.7. Number of nodes 71
EtherApe-INFO: 03:48:13.686: New node: IP: 193.93.12.190. Number of nodes 72
EtherApe-INFO: 03:48:13.686: New node: IP: 192.162.112.23. Number of nodes 73
EtherApe-INFO: 03:48:13.687: New node: IP: 193.107.110.5. Number of nodes 74
EtherApe-INFO: 03:48:13.687: New node: IP: 81.163.112.30. Number of nodes 75
EtherApe-INFO: 03:48:13.688: New node: IP: 77.121.8.7. Number of nodes 76
EtherApe-INFO: 03:48:13.688: New node: IP: 193.109.248.6. Number of nodes 77
EtherApe-INFO: 03:48:13.688: New node: IP: 193.57.42.18. Number of nodes 78
EtherApe-INFO: 03:48:13.689: New node: IP: 87.245.216.9. Number of nodes 79
EtherApe-INFO: 03:48:27.345: delete node: IP: 192.168.0.239. Number of nodes 78
EtherApe-INFO: 03:48:27.794: delete node: IP: 192.168.0.218. Number of nodes 77
EtherApe-INFO: 03:48:30.885: delete node: IP: 208.68.240.115. Number of nodes 76
EtherApe-INFO: 03:48:36.818: delete node: IP: 128.2.42.95. Number of nodes 75
EtherApe-INFO: 03:48:40.404: delete node: IP: 135.181.27.174. Number of nodes 74
EtherApe-INFO: 03:48:42.652: delete node: IP: 185.199.108.154. Number of nodes 73
EtherApe-INFO: 03:48:49.612: delete node: IP: 142.250.186.202. Number of nodes 72
EtherApe-INFO: 03:49:02.337: delete node: IP: 54.185.157.183. Number of nodes 71
EtherApe-INFO: 03:49:02.657: delete node: IP: 54.201.164.58. Number of nodes 70
EtherApe-INFO: 03:49:26.708: delete node: IP: 192.168.0.1. Number of nodes 69
EtherApe-INFO: 03:49:32.065: delete node: IP: 172.67.177.183. Number of nodes 68
EtherApe-INFO: 03:49:35.118: delete node: IP: 3.75.5.249. Number of nodes 67
EtherApe-INFO: 03:49:45.072: New node: IP: 95.216.195.133. Number of nodes 68
EtherApe-INFO: 03:49:58.446: delete node: IP: 104.18.21.226. Number of nodes 67
EtherApe-INFO: 03:49:58.446: delete node: IP: 18.66.147.26. Number of nodes 66
EtherApe-INFO: 03:50:01.266: delete node: IP: 108.138.24.78. Number of nodes 65
EtherApe-INFO: 03:50:16.363: delete node: IP: 193.109.248.6. Number of nodes 64
EtherApe-INFO: 03:50:16.363: delete node: IP: 193.107.110.5. Number of nodes 63
EtherApe-INFO: 03:50:16.363: delete node: IP: 193.57.42.18. Number of nodes 62
EtherApe-INFO: 03:50:16.363: delete node: IP: 176.113.208.3. Number of nodes 61
EtherApe-INFO: 03:50:16.363: delete node: IP: 146.120.199.7. Number of nodes 60
EtherApe-INFO: 03:50:16.363: delete node: IP: 81.163.112.30. Number of nodes 59
EtherApe-INFO: 03:50:23.219: delete node: IP: 34.107.221.82. Number of nodes 58
EtherApe-INFO: 03:50:24.495: New node: IP: 142.250.186.202. Number of nodes 59
EtherApe-INFO: 03:50:25.263: New node: IP: 104.18.6.29. Number of nodes 60
EtherApe-INFO: 03:50:25.263: New node: IP: 104.17.33.82. Number of nodes 61
EtherApe-INFO: 03:50:26.346: delete node: IP: 104.81.118.59. Number of nodes 60
EtherApe-INFO: 03:50:26.543: New node: IP: 104.17.32.82. Number of nodes 61
EtherApe-INFO: 03:50:26.543: New node: IP: 18.66.15.91. Number of nodes 62
EtherApe-INFO: 03:50:26.799: New node: IP: 104.18.40.133. Number of nodes 63
EtherApe-INFO: 03:50:27.401: delete node: IP: 172.64.155.188. Number of nodes 62
EtherApe-INFO: 03:50:27.823: New node: IP: 172.217.20.202. Number of nodes 63
EtherApe-INFO: 03:50:28.847: New node: IP: 131.252.210.161. Number of nodes 64
EtherApe-INFO: 03:50:29.359: New node: IP: 185.199.109.133. Number of nodes 65
EtherApe-INFO: 03:50:31.151: New node: IP: 151.101.193.208. Number of nodes 66
EtherApe-INFO: 03:50:40.937: delete node: IP: 193.93.12.190. Number of nodes 65
EtherApe-INFO: 03:50:40.937: delete node: IP: 159.224.181.130. Number of nodes 64
EtherApe-INFO: 03:50:40.937: delete node: IP: 77.121.8.7. Number of nodes 63
EtherApe-INFO: 03:50:43.754: delete node: IP: 93.184.220.29. Number of nodes 62
EtherApe-INFO: 03:50:45.838: delete node: IP: 95.216.144.15. Number of nodes 61
EtherApe-INFO: 03:50:53.014: delete node: IP: 104.18.12.33. Number of nodes 60
EtherApe-INFO: 03:50:53.014: delete node: IP: 104.17.50.74. Number of nodes 59
EtherApe-INFO: 03:50:53.014: delete node: IP: 52.85.122.132. Number of nodes 58
EtherApe-INFO: 03:50:53.222: delete node: IP: 3.2.9.2. Number of nodes 57
EtherApe-INFO: 03:50:56.243: delete node: IP: 142.250.203.138. Number of nodes 56
EtherApe-INFO: 03:50:56.243: delete node: IP: 142.250.75.14. Number of nodes 55
EtherApe-INFO: 03:50:57.282: delete node: IP: 216.58.215.67. Number of nodes 54
EtherApe-INFO: 03:50:57.282: delete node: IP: 192.162.112.23. Number of nodes 53
EtherApe-INFO: 03:50:57.282: delete node: IP: 52.71.106.29. Number of nodes 52
EtherApe-INFO: 03:50:57.282: delete node: IP: 13.32.103.36. Number of nodes 51
EtherApe-INFO: 03:51:01.872: New node: IP: 54.148.190.4. Number of nodes 52
EtherApe-INFO: 03:51:04.249: delete node: IP: 216.58.208.193. Number of nodes 51
EtherApe-INFO: 03:51:04.249: delete node: IP: 142.250.203.195. Number of nodes 50
EtherApe-INFO: 03:51:04.249: delete node: IP: 142.250.203.193. Number of nodes 49
EtherApe-INFO: 03:51:05.287: delete node: IP: 216.58.215.65. Number of nodes 48
EtherApe-INFO: 03:51:17.235: delete node: IP: 151.101.194.137. Number of nodes 47
EtherApe-INFO: 03:51:20.140: delete node: IP: 142.250.186.206. Number of nodes 46
EtherApe-INFO: 03:51:20.140: delete node: IP: 13.32.99.49. Number of nodes 45
EtherApe-INFO: 03:51:23.150: delete node: IP: 216.58.208.202. Number of nodes 44
EtherApe-INFO: 03:51:24.189: delete node: IP: 104.20.190.42. Number of nodes 43
EtherApe-INFO: 03:51:25.228: delete node: IP: 104.16.149.64. Number of nodes 42
EtherApe-INFO: 03:51:28.245: delete node: IP: 142.250.203.201. Number of nodes 41
EtherApe-INFO: 03:51:31.364: delete node: IP: 185.199.108.153. Number of nodes 40
EtherApe-INFO: 03:51:34.482: delete node: IP: 140.82.121.3. Number of nodes 39
EtherApe-INFO: 03:51:41.136: delete node: IP: 13.248.189.183. Number of nodes 38
EtherApe-INFO: 03:51:46.946: delete node: IP: 95.216.195.133. Number of nodes 37
EtherApe-INFO: 03:51:54.417: delete node: IP: 172.217.16.3. Number of nodes 36
EtherApe-INFO: 03:51:57.520: delete node: IP: 142.250.203.206. Number of nodes 35
EtherApe-INFO: 03:52:11.598: delete node: IP: 87.245.216.107. Number of nodes 34
EtherApe-INFO: 03:52:14.390: delete node: IP: 87.245.212.27. Number of nodes 33
EtherApe-INFO: 03:52:29.498: delete node: IP: 131.252.210.161. Number of nodes 32
EtherApe-INFO: 03:52:53.321: delete node: IP: 34.120.208.123. Number of nodes 31
EtherApe-INFO: 03:52:55.284: delete node: IP: 142.250.203.196. Number of nodes 30
EtherApe-INFO: 03:53:02.515: delete node: IP: 54.148.190.4. Number of nodes 29
EtherApe-INFO: 03:53:24.001: delete node: IP: 52.33.112.155. Number of nodes 28
EtherApe-INFO: 03:53:29.839: New node: IP: 0.0.0.0. Number of nodes 29
EtherApe-INFO: 03:53:52.192: delete node: IP: 151.101.2.219. Number of nodes 28
EtherApe-INFO: 03:53:52.192: delete node: IP: 104.16.210.12. Number of nodes 27
EtherApe-INFO: 03:53:58.767: New node: IP: 142.250.203.196. Number of nodes 28
EtherApe-INFO: 03:53:59.535: New node: IP: 34.120.208.123. Number of nodes 29
EtherApe-INFO: 03:54:03.376: New node: IP: 52.33.112.155. Number of nodes 30
EtherApe-INFO: 03:54:18.991: New node: IP: 216.58.215.67. Number of nodes 31
EtherApe-INFO: 03:54:22.130: delete node: IP: 87.245.216.9. Number of nodes 30
EtherApe-INFO: 03:54:36.911: New node: IP: 142.250.186.206. Number of nodes 31
EtherApe-INFO: 03:54:42.543: New node: IP: 216.58.208.193. Number of nodes 32
EtherApe-INFO: 03:54:45.103: New node: IP: 95.216.195.133. Number of nodes 33
EtherApe-INFO: 03:54:58.671: New node: IP: 142.250.75.14. Number of nodes 34
EtherApe-INFO: 03:54:58.927: New node: IP: 172.217.20.174. Number of nodes 35
EtherApe-INFO: 03:54:58.927: New node: IP: 172.217.16.3. Number of nodes 36
EtherApe-INFO: 03:54:59.184: New node: IP: 172.217.16.54. Number of nodes 37
EtherApe-INFO: 03:54:59.184: New node: IP: 216.58.208.202. Number of nodes 38
EtherApe-INFO: 03:54:59.184: New node: IP: 176.122.113.77. Number of nodes 39
EtherApe-INFO: 03:54:59.953: New node: IP: 192.168.0.1. Number of nodes 40
EtherApe-INFO: 03:55:00.722: New node: IP: 176.122.110.205. Number of nodes 41
EtherApe-INFO: 03:55:16.398: delete node: IP: 104.17.33.82. Number of nodes 40
EtherApe-INFO: 03:55:17.123: delete node: IP: 104.18.6.29. Number of nodes 39
EtherApe-INFO: 03:55:17.123: delete node: IP: 104.17.32.82. Number of nodes 38
EtherApe-INFO: 03:55:19.713: delete node: IP: 185.199.109.133. Number of nodes 37
EtherApe-INFO: 03:55:19.713: delete node: IP: 18.66.15.91. Number of nodes 36
EtherApe-INFO: 03:55:21.267: delete node: IP: 142.250.75.1. Number of nodes 35
EtherApe-INFO: 03:55:22.301: delete node: IP: 104.18.40.133. Number of nodes 34
EtherApe-INFO: 03:55:23.338: delete node: IP: 151.101.193.208. Number of nodes 33
EtherApe-INFO: 03:55:23.855: delete node: IP: 139.59.209.225. Number of nodes 32
EtherApe-INFO: 03:55:27.375: delete node: IP: 172.217.20.202. Number of nodes 31
EtherApe-INFO: 03:55:29.963: delete node: IP: 0.0.0.0. Number of nodes 30
EtherApe-INFO: 03:55:37.840: New node: IP: 135.181.27.174. Number of nodes 31
EtherApe-INFO: 03:56:02.159: New node: IP: 54.148.190.4. Number of nodes 32
EtherApe-INFO: 03:56:06.000: New node: IP: 13.32.121.101. Number of nodes 33
EtherApe-INFO: 03:56:45.725: delete node: IP: 95.216.195.133. Number of nodes 32
EtherApe-INFO: 03:56:59.283: delete node: IP: 172.217.20.174. Number of nodes 31
EtherApe-INFO: 03:57:00.322: delete node: IP: 192.168.0.1. Number of nodes 30
