(etherape:2515): GLib-GIO-DEBUG: 16:11:34.008: _g_io_module_get_default: Found default implementation local (GLocalVfs) for ‘gio-vfs’
(etherape:2515): GLib-GIO-DEBUG: 16:11:34.281: Using cross-namespace EXTERNAL authentication (this will deadlock if server is GDBus < 2.73.3)
EtherApe-INFO: 16:11:34.369: sctp protocol not supported
EtherApe-INFO: 16:11:34.369: dccp protocol not supported
EtherApe-INFO: 16:11:34.369: sctp protocol not supported
EtherApe-INFO: 16:11:34.369: sctp protocol not supported
EtherApe-INFO: 16:11:34.369: sctp protocol not supported
EtherApe-INFO: 16:11:34.369: sctp protocol not supported
EtherApe-INFO: 16:11:34.369: sctp protocol not supported
EtherApe-INFO: 16:11:34.370: sctp protocol not supported
EtherApe-INFO: 16:11:34.370: sctp protocol not supported
EtherApe-INFO: 16:11:34.370: dccp protocol not supported
EtherApe-INFO: 16:11:34.370: sctp protocol not supported
EtherApe-INFO: 16:11:34.370: dccp protocol not supported
EtherApe-INFO: 16:11:34.370: dccp protocol not supported
EtherApe-INFO: 16:11:34.371: sctp protocol not supported
EtherApe-INFO: 16:11:34.371: sctp protocol not supported
EtherApe-INFO: 16:11:34.372: sctp protocol not supported
EtherApe-INFO: 16:11:34.372: sctp protocol not supported
EtherApe-INFO: 16:11:34.372: sctp protocol not supported
EtherApe-INFO: 16:11:34.373: sctp protocol not supported
EtherApe-INFO: 16:11:34.373: sctp protocol not supported
EtherApe-INFO: 16:11:34.374: sctp protocol not supported
EtherApe-INFO: 16:11:34.374: sctp protocol not supported
EtherApe-INFO: 16:11:34.374: sctp protocol not supported
EtherApe-INFO: 16:11:34.375: sctp protocol not supported
EtherApe-INFO: 16:11:34.375: sctp protocol not supported
EtherApe-INFO: 16:11:34.375: sctp protocol not supported
EtherApe-INFO: 16:11:34.375: sctp protocol not supported
EtherApe-INFO: 16:11:34.376: sctp protocol not supported
EtherApe-INFO: 16:11:34.376: dccp protocol not supported
EtherApe-INFO: 16:11:34.376: sctp protocol not supported
EtherApe-INFO: 16:11:34.376: sctp protocol not supported
EtherApe-INFO: 16:11:34.376: dccp protocol not supported
EtherApe-INFO: 16:11:34.376: sctp protocol not supported
EtherApe-INFO: 16:11:34.376: sctp protocol not supported
EtherApe-INFO: 16:11:34.376: sctp protocol not supported
EtherApe-INFO: 16:11:34.376: dccp protocol not supported
EtherApe-INFO: 16:11:34.376: dccp protocol not supported
EtherApe-INFO: 16:11:34.376: sctp protocol not supported
EtherApe-INFO: 16:11:34.377: sctp protocol not supported
EtherApe-INFO: 16:11:34.377: sctp protocol not supported
EtherApe-INFO: 16:11:34.377: sctp protocol not supported
EtherApe-INFO: 16:11:34.377: sctp protocol not supported
EtherApe-INFO: 16:11:34.377: sctp protocol not supported
EtherApe-INFO: 16:11:34.377: sctp protocol not supported
EtherApe-INFO: 16:11:34.377: sctp protocol not supported
EtherApe-INFO: 16:11:34.377: sctp protocol not supported
EtherApe-INFO: 16:11:34.377: sctp protocol not supported
EtherApe-INFO: 16:11:34.377: sctp protocol not supported
EtherApe-INFO: 16:11:34.377: sctp protocol not supported
EtherApe-INFO: 16:11:34.377: sctp protocol not supported
EtherApe-INFO: 16:11:34.377: sctp protocol not supported
EtherApe-INFO: 16:11:34.377: sctp protocol not supported
EtherApe-INFO: 16:11:34.377: sctp protocol not supported
EtherApe-INFO: 16:11:34.377: sctp protocol not supported
EtherApe-INFO: 16:11:34.378: sctp protocol not supported
EtherApe-INFO: 16:11:34.378: sctp protocol not supported
EtherApe-INFO: 16:11:34.378: sctp protocol not supported
EtherApe-INFO: 16:11:34.378: dccp protocol not supported
EtherApe-INFO: 16:11:34.378: sctp protocol not supported
EtherApe-INFO: 16:11:34.378: sctp protocol not supported
EtherApe-INFO: 16:11:34.378: sctp protocol not supported
EtherApe-INFO: 16:11:34.378: sctp protocol not supported
EtherApe-INFO: 16:11:34.378: sctp protocol not supported
EtherApe-INFO: 16:11:34.378: sctp protocol not supported
EtherApe-INFO: 16:11:34.378: sctp protocol not supported
EtherApe-INFO: 16:11:34.379: sctp protocol not supported
EtherApe-INFO: 16:11:34.379: sctp protocol not supported
EtherApe-INFO: 16:11:34.379: sctp protocol not supported
EtherApe-INFO: 16:11:34.379: sctp protocol not supported
EtherApe-INFO: 16:11:34.379: sctp protocol not supported
EtherApe-INFO: 16:11:34.379: sctp protocol not supported
EtherApe-INFO: 16:11:34.379: sctp protocol not supported
EtherApe-INFO: 16:11:34.379: sctp protocol not supported
EtherApe-INFO: 16:11:34.380: sctp protocol not supported
EtherApe-INFO: 16:11:34.380: sctp protocol not supported
EtherApe-INFO: 16:11:34.380: sctp protocol not supported
EtherApe-INFO: 16:11:34.380: sctp protocol not supported
EtherApe-INFO: 16:11:34.380: sctp protocol not supported
EtherApe-INFO: 16:11:34.380: sctp protocol not supported
EtherApe-INFO: 16:11:34.380: sctp protocol not supported
EtherApe-INFO: 16:11:34.380: sctp protocol not supported
EtherApe-INFO: 16:11:34.380: sctp protocol not supported
EtherApe-INFO: 16:11:34.380: sctp protocol not supported
EtherApe-INFO: 16:11:34.380: sctp protocol not supported
EtherApe-INFO: 16:11:34.380: sctp protocol not supported
EtherApe-INFO: 16:11:34.380: sctp protocol not supported
EtherApe-INFO: 16:11:34.380: sctp protocol not supported
EtherApe-INFO: 16:11:34.381: sctp protocol not supported
EtherApe-INFO: 16:11:34.381: sctp protocol not supported
EtherApe-INFO: 16:11:34.381: sctp protocol not supported
EtherApe-INFO: 16:11:34.381: sctp protocol not supported
EtherApe-INFO: 16:11:34.381: sctp protocol not supported
EtherApe-INFO: 16:11:34.381: sctp protocol not supported
EtherApe-INFO: 16:11:34.381: sctp protocol not supported
EtherApe-INFO: 16:11:34.393: get_interface result: ''
EtherApe-INFO: 16:11:34.393: Available interfaces for capture: dbus-session dbus-system nfqueue nflog bluetooth-monitor bluetooth0 lo any wlp2s0
EtherApe-INFO: 16:11:34.394: Link type is LINUX_SLL
EtherApe-INFO: 16:11:34.394: Diagram started
EtherApe-INFO: 16:11:34.650: New node: IP: 216.58.209.5. Number of nodes 1
EtherApe-INFO: 16:11:34.651: New node: IP: 192.168.1.250. Number of nodes 2
EtherApe-INFO: 16:11:34.658: New node: IP: 104.16.249.249. Number of nodes 3
EtherApe-INFO: 16:11:35.418: New node: IP: 13.32.121.59. Number of nodes 4
EtherApe-INFO: 16:11:35.932: New node: IP: 62.140.236.154. Number of nodes 5
EtherApe-INFO: 16:11:36.186: New node: IP: 8.8.8.8. Number of nodes 6
EtherApe-INFO: 16:11:36.443: New node: IP: 142.250.203.131. Number of nodes 7
EtherApe-INFO: 16:11:36.957: New node: IP: 93.184.220.29. Number of nodes 8
EtherApe-INFO: 16:11:37.468: New node: IP: 54.148.165.50. Number of nodes 9
EtherApe-INFO: 16:11:37.978: New node: IP: 54.185.157.183. Number of nodes 10
EtherApe-INFO: 16:11:37.979: New node: IP: 172.64.155.188. Number of nodes 11
EtherApe-INFO: 16:11:39.012: New node: IP: 52.29.113.188. Number of nodes 12
EtherApe-INFO: 16:11:39.774: New node: IP: 1.1.1.1. Number of nodes 13
EtherApe-INFO: 16:11:40.540: New node: IP: 104.18.21.226. Number of nodes 14
EtherApe-INFO: 16:11:41.052: New node: IP: 108.138.24.169. Number of nodes 15
EtherApe-INFO: 16:11:41.054: New node: IP: 108.138.24.78. Number of nodes 16
EtherApe-INFO: 16:11:44.635: New node: IP: 34.107.221.82. Number of nodes 17
EtherApe-INFO: 16:11:45.147: New node: IP: 142.250.203.202. Number of nodes 18
EtherApe-INFO: 16:11:48.219: New node: IP: 91.236.251.234. Number of nodes 19
EtherApe-INFO: 16:11:50.522: New node: IP: 54.80.2.54. Number of nodes 20
EtherApe-INFO: 16:11:56.154: New node: IP: 142.250.186.195. Number of nodes 21
EtherApe-INFO: 16:12:01.532: New node: IP: 3.127.160.74. Number of nodes 22
EtherApe-INFO: 16:12:01.532: New node: IP: 89.187.191.12. Number of nodes 23
EtherApe-INFO: 16:12:06.907: New node: IP: 34.120.208.123. Number of nodes 24
EtherApe-INFO: 16:12:14.077: New node: IP: 34.160.144.191. Number of nodes 25
EtherApe-INFO: 16:12:15.098: New node: IP: 34.107.141.31. Number of nodes 26
EtherApe-INFO: 16:12:15.867: New node: IP: 104.18.12.33. Number of nodes 27
EtherApe-INFO: 16:12:15.867: New node: IP: 13.32.110.59. Number of nodes 28
EtherApe-INFO: 16:12:16.892: New node: IP: 104.17.50.74. Number of nodes 29
EtherApe-INFO: 16:12:16.892: New node: IP: 104.16.99.56. Number of nodes 30
EtherApe-INFO: 16:12:17.917: New node: IP: 172.64.204.4. Number of nodes 31
EtherApe-INFO: 16:12:17.917: New node: IP: 18.66.234.116. Number of nodes 32
EtherApe-INFO: 16:12:18.982: New node: IP: 185.199.110.154. Number of nodes 33
EtherApe-INFO: 16:12:20.098: New node: IP: 35.186.227.140. Number of nodes 34
EtherApe-INFO: 16:12:20.099: New node: IP: 216.58.215.68. Number of nodes 35
EtherApe-INFO: 16:12:20.991: New node: IP: 140.82.114.25. Number of nodes 36
EtherApe-INFO: 16:12:21.053: New node: IP: 142.250.186.206. Number of nodes 37
EtherApe-INFO: 16:12:21.980: New node: IP: 216.58.208.202. Number of nodes 38
EtherApe-INFO: 16:12:24.092: New node: IP: 99.86.240.119. Number of nodes 39
EtherApe-INFO: 16:12:24.092: New node: IP: 34.231.130.11. Number of nodes 40
EtherApe-INFO: 16:12:25.049: New node: IP: 140.82.121.3. Number of nodes 41
EtherApe-INFO: 16:12:25.049: New node: IP: 142.250.75.14. Number of nodes 42
EtherApe-INFO: 16:12:26.070: New node: IP: 142.250.203.206. Number of nodes 43
EtherApe-INFO: 16:12:26.070: New node: IP: 142.250.186.202. Number of nodes 44
EtherApe-INFO: 16:12:27.102: New node: IP: 108.138.46.56. Number of nodes 45
EtherApe-INFO: 16:12:27.327: New node: IP: 140.82.121.5. Number of nodes 46
EtherApe-INFO: 16:12:30.772: New node: IP: 147.75.198.156. Number of nodes 47
EtherApe-INFO: 16:12:30.775: New node: IP: 99.86.235.76. Number of nodes 48
EtherApe-INFO: 16:12:51.243: New node: IP: 95.216.144.15. Number of nodes 49
EtherApe-INFO: 16:13:31.946: New node: IP: 3.122.47.55. Number of nodes 50
EtherApe-INFO: 16:13:55.243: New node: IP: 208.68.240.115. Number of nodes 51
EtherApe-INFO: 16:14:00.625: New node: IP: 35.82.19.90. Number of nodes 52
EtherApe-INFO: 16:14:18.052: delete node: IP: 54.185.157.183. Number of nodes 51
EtherApe-INFO: 16:14:18.052: delete node: IP: 54.148.165.50. Number of nodes 50
EtherApe-INFO: 16:14:20.373: delete node: IP: 52.29.113.188. Number of nodes 49
EtherApe-INFO: 16:14:26.564: delete node: IP: 1.1.1.1. Number of nodes 48
EtherApe-INFO: 16:14:33.651: New node: IP: 149.154.167.41. Number of nodes 49
EtherApe-INFO: 16:14:34.155: New node: IP: 149.154.167.50. Number of nodes 50
EtherApe-INFO: 16:14:35.476: New node: IP: 149.154.167.216. Number of nodes 51
EtherApe-INFO: 16:14:43.043: New node: IP: 149.154.167.91. Number of nodes 52
EtherApe-INFO: 16:14:47.727: delete node: IP: 147.75.198.156. Number of nodes 51
EtherApe-INFO: 16:14:50.843: delete node: IP: 89.187.191.12. Number of nodes 50
EtherApe-INFO: 16:14:51.965: delete node: IP: 95.216.144.15. Number of nodes 49
EtherApe-INFO: 16:14:52.780: delete node: IP: 91.236.251.234. Number of nodes 48
EtherApe-INFO: 16:15:00.691: New node: IP: 91.236.251.234. Number of nodes 49
EtherApe-INFO: 16:15:12.999: delete node: IP: 172.64.155.188. Number of nodes 48
EtherApe-INFO: 16:15:14.516: New node: IP: 149.154.167.92. Number of nodes 49
EtherApe-INFO: 16:15:16.056: delete node: IP: 104.18.21.226. Number of nodes 48
EtherApe-INFO: 16:15:17.424: delete node: IP: 108.138.24.169. Number of nodes 47
EtherApe-INFO: 16:15:17.424: delete node: IP: 108.138.24.78. Number of nodes 46
EtherApe-INFO: 16:15:18.660: delete node: IP: 93.184.220.29. Number of nodes 45
EtherApe-INFO: 16:15:20.224: delete node: IP: 34.107.221.82. Number of nodes 44
EtherApe-INFO: 16:15:22.003: delete node: IP: 142.250.203.131. Number of nodes 43
EtherApe-INFO: 16:15:53.682: New node: IP: 192.168.1.1. Number of nodes 44
EtherApe-INFO: 16:15:53.938: New node: IP: 95.216.195.133. Number of nodes 45
EtherApe-INFO: 16:16:02.431: delete node: IP: 208.68.240.115. Number of nodes 44
EtherApe-INFO: 16:16:06.245: delete node: IP: 34.160.144.191. Number of nodes 43
EtherApe-INFO: 16:16:07.358: delete node: IP: 34.107.141.31. Number of nodes 42
EtherApe-INFO: 16:16:08.027: delete node: IP: 104.18.12.33. Number of nodes 41
EtherApe-INFO: 16:16:11.360: delete node: IP: 185.199.110.154. Number of nodes 40
EtherApe-INFO: 16:16:11.360: delete node: IP: 172.64.204.4. Number of nodes 39
EtherApe-INFO: 16:16:11.360: delete node: IP: 104.17.50.74. Number of nodes 38
EtherApe-INFO: 16:16:11.360: delete node: IP: 104.16.99.56. Number of nodes 37
EtherApe-INFO: 16:16:11.361: delete node: IP: 18.66.234.116. Number of nodes 36
EtherApe-INFO: 16:16:11.361: delete node: IP: 13.32.110.59. Number of nodes 35
EtherApe-INFO: 16:16:12.914: delete node: IP: 216.58.215.68. Number of nodes 34
EtherApe-INFO: 16:16:14.466: delete node: IP: 142.250.186.206. Number of nodes 33
EtherApe-INFO: 16:16:16.466: New node: IP: 52.39.57.61. Number of nodes 34
EtherApe-INFO: 16:16:16.479: delete node: IP: 99.86.240.119. Number of nodes 33
EtherApe-INFO: 16:16:16.480: delete node: IP: 34.231.130.11. Number of nodes 32
EtherApe-INFO: 16:16:17.262: delete node: IP: 142.250.75.14. Number of nodes 31
EtherApe-INFO: 16:16:17.262: delete node: IP: 140.82.121.3. Number of nodes 30
EtherApe-INFO: 16:16:18.835: delete node: IP: 142.250.203.206. Number of nodes 29
EtherApe-INFO: 16:16:18.835: delete node: IP: 142.250.186.202. Number of nodes 28
EtherApe-INFO: 16:16:19.045: delete node: IP: 108.138.46.56. Number of nodes 27
EtherApe-INFO: 16:16:23.421: delete node: IP: 99.86.235.76. Number of nodes 26
EtherApe-INFO: 16:16:31.120: delete node: IP: 140.82.121.5. Number of nodes 25
EtherApe-INFO: 16:16:58.709: New node: IP: 172.217.16.3. Number of nodes 26
EtherApe-INFO: 16:17:00.314: delete node: IP: 149.154.167.91. Number of nodes 25
EtherApe-INFO: 16:17:00.762: delete node: IP: 91.236.251.234. Number of nodes 24
EtherApe-INFO: 16:17:01.528: New node: IP: 149.154.167.255. Number of nodes 25
EtherApe-INFO: 16:17:01.902: delete node: IP: 35.82.19.90. Number of nodes 24
EtherApe-INFO: 16:17:30.998: delete node: IP: 149.154.167.92. Number of nodes 23
EtherApe-INFO: 16:17:38.619: New node: IP: 35.82.19.90. Number of nodes 24
EtherApe-INFO: 16:17:43.835: delete node: IP: 142.250.186.195. Number of nodes 23
EtherApe-INFO: 16:17:52.971: delete node: IP: 62.140.236.154. Number of nodes 22
EtherApe-INFO: 16:17:54.067: delete node: IP: 192.168.1.1. Number of nodes 21
EtherApe-INFO: 16:17:54.067: delete node: IP: 95.216.195.133. Number of nodes 20
EtherApe-INFO: 16:18:02.539: delete node: IP: 34.120.208.123. Number of nodes 19
EtherApe-INFO: 16:18:16.799: delete node: IP: 52.39.57.61. Number of nodes 18
EtherApe-INFO: 16:18:19.856: delete node: IP: 216.58.208.202. Number of nodes 17
EtherApe-INFO: 16:19:01.880: delete node: IP: 8.8.8.8. Number of nodes 16
EtherApe-INFO: 16:19:16.922: New node: IP: 91.236.251.234. Number of nodes 17
EtherApe-INFO: 16:19:31.771: New node: IP: 8.8.8.8. Number of nodes 18
EtherApe-INFO: 16:19:44.342: delete node: IP: 149.154.167.255. Number of nodes 17
EtherApe-INFO: 16:20:41.468: delete node: IP: 35.82.19.90. Number of nodes 16
EtherApe-INFO: 16:20:53.690: New node: IP: 192.168.1.1. Number of nodes 17
EtherApe-INFO: 16:20:53.691: New node: IP: 95.216.195.133. Number of nodes 18
EtherApe-INFO: 16:21:00.861: New node: IP: 172.217.16.37. Number of nodes 19
EtherApe-INFO: 16:21:16.474: New node: IP: 52.39.57.61. Number of nodes 20
EtherApe-INFO: 16:21:17.340: delete node: IP: 91.236.251.234. Number of nodes 19
EtherApe-INFO: 16:21:34.940: delete node: IP: 149.154.167.216. Number of nodes 18
EtherApe-INFO: 16:22:28.155: New node: IP: 149.154.167.216. Number of nodes 19
EtherApe-INFO: 16:22:30.236: delete node: IP: 35.186.227.140. Number of nodes 18
EtherApe-INFO: 16:22:50.685: delete node: IP: 216.58.209.5. Number of nodes 17
EtherApe-INFO: 16:22:52.221: New node: IP: 35.82.19.90. Number of nodes 18
EtherApe-INFO: 16:22:52.222: New node: IP: 35.186.227.140. Number of nodes 19
EtherApe-INFO: 16:22:56.164: delete node: IP: 192.168.1.1. Number of nodes 18
EtherApe-INFO: 16:22:56.164: delete node: IP: 95.216.195.133. Number of nodes 17
EtherApe-INFO: 16:23:01.205: delete node: IP: 8.8.8.8. Number of nodes 16
EtherApe-INFO: 16:23:17.386: delete node: IP: 52.39.57.61. Number of nodes 15
EtherApe-INFO: 16:24:31.802: New node: IP: 8.8.8.8. Number of nodes 16
EtherApe-INFO: 16:25:53.722: New node: IP: 192.168.1.1. Number of nodes 17
EtherApe-INFO: 16:25:53.724: New node: IP: 95.216.195.133. Number of nodes 18
EtherApe-INFO: 16:25:53.732: delete node: IP: 35.82.19.90. Number of nodes 17
EtherApe-INFO: 16:26:16.762: New node: IP: 52.39.57.61. Number of nodes 18
EtherApe-INFO: 16:26:46.203: delete node: IP: 149.154.167.216. Number of nodes 17
EtherApe-INFO: 16:27:44.366: delete node: IP: 35.186.227.140. Number of nodes 16
EtherApe-INFO: 16:27:48.157: New node: IP: 35.186.227.140. Number of nodes 17
EtherApe-INFO: 16:27:48.157: New node: IP: 35.82.19.90. Number of nodes 18
EtherApe-INFO: 16:27:49.179: New node: IP: 91.236.251.234. Number of nodes 19
EtherApe-INFO: 16:27:51.740: New node: IP: 172.217.16.10. Number of nodes 20
EtherApe-INFO: 16:27:51.994: New node: IP: 91.198.174.192. Number of nodes 21
EtherApe-INFO: 16:27:53.853: delete node: IP: 192.168.1.1. Number of nodes 20
EtherApe-INFO: 16:27:54.846: delete node: IP: 95.216.195.133. Number of nodes 19
EtherApe-INFO: 16:27:55.323: New node: IP: 34.120.208.123. Number of nodes 20
EtherApe-INFO: 16:27:55.583: New node: IP: 87.245.216.9. Number of nodes 21
EtherApe-INFO: 16:27:55.588: New node: IP: 91.198.174.208. Number of nodes 22
EtherApe-INFO: 16:27:57.119: New node: IP: 216.58.215.100. Number of nodes 23
EtherApe-INFO: 16:27:57.123: New node: IP: 142.250.203.131. Number of nodes 24
EtherApe-INFO: 16:28:07.356: New node: IP: 216.58.209.3. Number of nodes 25
EtherApe-INFO: 16:28:08.130: New node: IP: 142.250.186.214. Number of nodes 26
EtherApe-INFO: 16:28:08.144: New node: IP: 142.250.203.193. Number of nodes 27
EtherApe-INFO: 16:28:08.398: New node: IP: 216.58.215.78. Number of nodes 28
EtherApe-INFO: 16:28:10.697: New node: IP: 142.250.203.142. Number of nodes 29
EtherApe-INFO: 16:28:11.211: New node: IP: 172.217.16.14. Number of nodes 30
EtherApe-INFO: 16:28:11.978: New node: IP: 142.250.75.22. Number of nodes 31
EtherApe-INFO: 16:28:14.026: New node: IP: 216.58.215.77. Number of nodes 32
EtherApe-INFO: 16:28:15.554: New node: IP: 149.154.167.216. Number of nodes 33
EtherApe-INFO: 16:28:17.075: delete node: IP: 52.39.57.61. Number of nodes 32
EtherApe-INFO: 16:28:38.959: New node: IP: 176.122.113.13. Number of nodes 33
EtherApe-INFO: 16:28:39.219: New node: IP: 1.1.1.1. Number of nodes 34
EtherApe-INFO: 16:28:39.225: New node: IP: 9.9.9.9. Number of nodes 35
EtherApe-INFO: 16:28:43.818: New node: IP: 78.154.184.110. Number of nodes 36
EtherApe-INFO: 16:28:46.933: New node: IP: 142.250.203.150. Number of nodes 37
EtherApe-INFO: 16:28:53.493: delete node: IP: 172.217.16.37. Number of nodes 36
EtherApe-INFO: 16:29:03.386: New node: IP: 216.58.209.5. Number of nodes 37
EtherApe-INFO: 16:29:08.436: New node: IP: 216.58.208.202. Number of nodes 38
EtherApe-INFO: 16:29:49.314: delete node: IP: 91.236.251.234. Number of nodes 37
EtherApe-INFO: 16:30:39.837: delete node: IP: 149.154.167.216. Number of nodes 36
EtherApe-INFO: 16:30:40.302: delete node: IP: 9.9.9.9. Number of nodes 35
EtherApe-INFO: 16:30:40.303: delete node: IP: 1.1.1.1. Number of nodes 34
EtherApe-INFO: 16:30:42.370: delete node: IP: 172.217.16.10. Number of nodes 33
EtherApe-INFO: 16:30:44.201: delete node: IP: 78.154.184.110. Number of nodes 32
EtherApe-INFO: 16:30:49.870: delete node: IP: 35.82.19.90. Number of nodes 31
EtherApe-INFO: 16:30:50.783: New node: IP: 172.217.16.46. Number of nodes 32
EtherApe-INFO: 16:30:53.851: New node: IP: 192.168.1.1. Number of nodes 33
EtherApe-INFO: 16:30:53.852: New node: IP: 95.216.195.133. Number of nodes 34
EtherApe-INFO: 16:31:09.931: delete node: IP: 216.58.208.202. Number of nodes 33
EtherApe-INFO: 16:31:17.036: New node: IP: 52.39.57.61. Number of nodes 34
EtherApe-INFO: 16:31:50.659: delete node: IP: 87.245.216.9. Number of nodes 33
EtherApe-INFO: 16:31:56.431: delete node: IP: 91.198.174.208. Number of nodes 32
EtherApe-INFO: 16:32:12.605: delete node: IP: 91.198.174.192. Number of nodes 31
EtherApe-INFO: 16:32:16.137: delete node: IP: 172.217.16.14. Number of nodes 30
EtherApe-INFO: 16:32:42.776: delete node: IP: 142.250.203.131. Number of nodes 29
EtherApe-INFO: 16:32:54.014: delete node: IP: 192.168.1.1. Number of nodes 28
EtherApe-INFO: 16:32:54.014: delete node: IP: 8.8.8.8. Number of nodes 27
EtherApe-INFO: 16:32:54.772: delete node: IP: 95.216.195.133. Number of nodes 26
EtherApe-INFO: 16:32:57.829: delete node: IP: 34.120.208.123. Number of nodes 25
EtherApe-INFO: 16:32:59.469: delete node: IP: 142.250.186.214. Number of nodes 24
EtherApe-INFO: 16:32:59.898: delete node: IP: 216.58.215.78. Number of nodes 23
EtherApe-INFO: 16:32:59.898: delete node: IP: 142.250.203.193. Number of nodes 22
EtherApe-INFO: 16:33:17.389: delete node: IP: 52.39.57.61. Number of nodes 21
EtherApe-INFO: 16:33:17.605: delete node: IP: 142.250.203.142. Number of nodes 20
EtherApe-INFO: 16:33:20.448: delete node: IP: 216.58.215.77. Number of nodes 19
EtherApe-INFO: 16:33:29.421: delete node: IP: 216.58.215.100. Number of nodes 18
EtherApe-INFO: 16:33:29.422: delete node: IP: 35.186.227.140. Number of nodes 17
EtherApe-INFO: 16:33:37.780: delete node: IP: 216.58.209.3. Number of nodes 16
EtherApe-INFO: 16:33:37.780: delete node: IP: 142.250.203.150. Number of nodes 15
EtherApe-INFO: 16:33:56.258: delete node: IP: 216.58.209.5. Number of nodes 14
EtherApe-INFO: 16:33:56.258: delete node: IP: 176.122.113.13. Number of nodes 13
EtherApe-INFO: 16:34:05.414: New node: IP: 216.58.209.5. Number of nodes 14
EtherApe-INFO: 16:34:31.780: New node: IP: 8.8.8.8. Number of nodes 15
EtherApe-INFO: 16:34:39.471: delete node: IP: 142.250.75.22. Number of nodes 14
EtherApe-INFO: 16:35:53.700: New node: IP: 192.168.1.1. Number of nodes 15
EtherApe-INFO: 16:35:53.954: New node: IP: 95.216.195.133. Number of nodes 16
EtherApe-INFO: 16:35:56.003: New node: IP: 149.154.167.216. Number of nodes 17
EtherApe-INFO: 16:36:17.250: New node: IP: 52.39.57.61. Number of nodes 18
EtherApe-INFO: 16:37:45.892: delete node: IP: 172.217.16.46. Number of nodes 17
EtherApe-INFO: 16:37:49.156: New node: IP: 35.82.19.90. Number of nodes 18
EtherApe-INFO: 16:37:49.156: New node: IP: 35.186.227.140. Number of nodes 19
EtherApe-INFO: 16:37:53.823: delete node: IP: 192.168.1.1. Number of nodes 18
EtherApe-INFO: 16:37:53.824: delete node: IP: 8.8.8.8. Number of nodes 17
EtherApe-INFO: 16:37:54.802: delete node: IP: 95.216.195.133. Number of nodes 16
EtherApe-INFO: 16:38:14.261: delete node: IP: 149.154.167.216. Number of nodes 15
EtherApe-INFO: 16:38:20.449: delete node: IP: 52.39.57.61. Number of nodes 14
EtherApe-INFO: 16:39:06.468: New node: IP: 172.217.16.37. Number of nodes 15
EtherApe-INFO: 16:39:17.279: delete node: IP: 216.58.209.5. Number of nodes 14
EtherApe-INFO: 16:39:31.810: New node: IP: 8.8.8.8. Number of nodes 15
EtherApe-INFO: 16:39:38.723: New node: IP: 216.58.208.206. Number of nodes 16
EtherApe-INFO: 16:39:42.052: New node: IP: 176.122.113.13. Number of nodes 17
EtherApe-INFO: 16:39:42.313: New node: IP: 1.1.1.1. Number of nodes 18
EtherApe-INFO: 16:39:42.314: New node: IP: 9.9.9.9. Number of nodes 19
EtherApe-INFO: 16:40:21.054: New node: IP: 140.82.112.26. Number of nodes 20
EtherApe-INFO: 16:40:51.682: delete node: IP: 35.82.19.90. Number of nodes 19
EtherApe-INFO: 16:40:53.710: New node: IP: 192.168.1.1. Number of nodes 20
EtherApe-INFO: 16:40:53.963: New node: IP: 95.216.195.133. Number of nodes 21
EtherApe-INFO: 16:41:17.002: New node: IP: 52.39.57.61. Number of nodes 22
EtherApe-INFO: 16:41:31.788: New node: IP: 149.154.167.216. Number of nodes 23
EtherApe-INFO: 16:41:43.387: delete node: IP: 9.9.9.9. Number of nodes 22
EtherApe-INFO: 16:41:43.387: delete node: IP: 1.1.1.1. Number of nodes 21
EtherApe-INFO: 16:42:21.673: delete node: IP: 140.82.114.25. Number of nodes 20
EtherApe-INFO: 16:42:55.030: delete node: IP: 192.168.1.1. Number of nodes 19
EtherApe-INFO: 16:42:55.030: delete node: IP: 95.216.195.133. Number of nodes 18
EtherApe-INFO: 16:42:55.031: delete node: IP: 8.8.8.8. Number of nodes 17
EtherApe-INFO: 16:43:18.311: delete node: IP: 52.39.57.61. Number of nodes 16
EtherApe-INFO: 16:43:47.479: delete node: IP: 149.154.167.216. Number of nodes 15
EtherApe-INFO: 16:43:57.710: delete node: IP: 172.217.16.37. Number of nodes 14
EtherApe-INFO: 16:44:07.849: New node: IP: 172.217.16.37. Number of nodes 15
EtherApe-INFO: 16:44:29.416: delete node: IP: 35.186.227.140. Number of nodes 14
EtherApe-INFO: 16:44:31.906: New node: IP: 8.8.8.8. Number of nodes 15
EtherApe-INFO: 16:44:53.299: New node: IP: 91.236.251.234. Number of nodes 16
EtherApe-INFO: 16:44:54.108: New node: IP: 1.1.1.1. Number of nodes 17
EtherApe-INFO: 16:44:54.258: New node: IP: 9.9.9.9. Number of nodes 18
EtherApe-INFO: 16:45:11.901: New node: IP: 149.154.167.216. Number of nodes 19
EtherApe-INFO: 16:45:25.466: New node: IP: 35.82.19.90. Number of nodes 20
EtherApe-INFO: 16:45:25.466: New node: IP: 35.186.227.140. Number of nodes 21
EtherApe-INFO: 16:45:29.056: New node: IP: 149.154.167.255. Number of nodes 22
EtherApe-INFO: 16:45:53.771: New node: IP: 192.168.1.1. Number of nodes 23
EtherApe-INFO: 16:45:53.772: New node: IP: 95.216.195.133. Number of nodes 24
EtherApe-INFO: 16:46:17.571: New node: IP: 52.39.57.61. Number of nodes 25
EtherApe-INFO: 16:46:19.109: New node: IP: 216.58.208.202. Number of nodes 26
EtherApe-INFO: 16:46:55.092: delete node: IP: 91.236.251.234. Number of nodes 25
EtherApe-INFO: 16:46:55.092: delete node: IP: 9.9.9.9. Number of nodes 24
EtherApe-INFO: 16:46:55.092: delete node: IP: 1.1.1.1. Number of nodes 23
EtherApe-INFO: 16:47:54.558: delete node: IP: 192.168.1.1. Number of nodes 22
EtherApe-INFO: 16:47:54.558: delete node: IP: 95.216.195.133. Number of nodes 21
EtherApe-INFO: 16:47:54.558: delete node: IP: 8.8.8.8. Number of nodes 20
EtherApe-INFO: 16:48:04.705: delete node: IP: 149.154.167.255. Number of nodes 19
EtherApe-INFO: 16:48:17.884: delete node: IP: 52.39.57.61. Number of nodes 18
EtherApe-INFO: 16:48:20.431: delete node: IP: 216.58.208.202. Number of nodes 17
EtherApe-INFO: 16:48:21.645: delete node: IP: 149.154.167.216. Number of nodes 16
EtherApe-INFO: 16:48:24.460: New node: IP: 216.58.208.202. Number of nodes 17
EtherApe-INFO: 16:48:27.543: delete node: IP: 35.82.19.90. Number of nodes 16
EtherApe-INFO: 16:48:59.555: delete node: IP: 172.217.16.37. Number of nodes 15
EtherApe-INFO: 16:49:09.644: New node: IP: 216.58.209.5. Number of nodes 16
EtherApe-INFO: 16:49:31.819: New node: IP: 8.8.8.8. Number of nodes 17
EtherApe-INFO: 16:50:17.323: delete node: IP: 35.186.227.140. Number of nodes 16
EtherApe-INFO: 16:50:26.431: New node: IP: 1.1.1.1. Number of nodes 17
EtherApe-INFO: 16:50:26.470: New node: IP: 9.9.9.9. Number of nodes 18
EtherApe-INFO: 16:50:31.508: New node: IP: 149.154.167.216. Number of nodes 19
EtherApe-INFO: 16:50:53.739: New node: IP: 192.168.1.1. Number of nodes 20
EtherApe-INFO: 16:50:53.741: New node: IP: 95.216.195.133. Number of nodes 21
EtherApe-INFO: 16:51:09.939: delete node: IP: 216.58.208.202. Number of nodes 20
EtherApe-INFO: 16:51:17.786: New node: IP: 52.39.57.61. Number of nodes 21
EtherApe-INFO: 16:51:29.055: New node: IP: 35.82.19.90. Number of nodes 22
EtherApe-INFO: 16:51:29.307: New node: IP: 35.186.227.140. Number of nodes 23
EtherApe-INFO: 16:51:53.375: New node: IP: 142.250.75.1. Number of nodes 24
EtherApe-INFO: 16:51:56.189: New node: IP: 216.58.208.202. Number of nodes 25
EtherApe-INFO: 16:51:56.452: New node: IP: 142.250.186.206. Number of nodes 26
EtherApe-INFO: 16:51:56.959: New node: IP: 216.58.215.106. Number of nodes 27
EtherApe-INFO: 16:51:56.963: New node: IP: 176.122.113.12. Number of nodes 28
EtherApe-INFO: 16:51:56.965: New node: IP: 142.250.186.214. Number of nodes 29
EtherApe-INFO: 16:52:02.332: New node: IP: 142.250.147.92. Number of nodes 30
EtherApe-INFO: 16:52:02.340: New node: IP: 142.250.203.131. Number of nodes 31
EtherApe-INFO: 16:52:03.868: New node: IP: 142.250.203.142. Number of nodes 32
EtherApe-INFO: 16:52:04.393: New node: IP: 216.58.209.4. Number of nodes 33
EtherApe-INFO: 16:52:05.179: New node: IP: 172.217.16.10. Number of nodes 34
EtherApe-INFO: 16:52:07.218: New node: IP: 172.217.16.46. Number of nodes 35
EtherApe-INFO: 16:52:07.708: New node: IP: 216.58.209.3. Number of nodes 36
EtherApe-INFO: 16:52:26.140: New node: IP: 142.250.75.22. Number of nodes 37
EtherApe-INFO: 16:52:28.970: New node: IP: 142.250.75.14. Number of nodes 38
EtherApe-INFO: 16:52:47.185: New node: IP: 172.217.16.1. Number of nodes 39
EtherApe-INFO: 16:52:54.873: delete node: IP: 192.168.1.1. Number of nodes 38
EtherApe-INFO: 16:52:54.873: delete node: IP: 95.216.195.133. Number of nodes 37
EtherApe-INFO: 16:53:18.112: delete node: IP: 52.39.57.61. Number of nodes 36
EtherApe-INFO: 16:53:25.340: delete node: IP: 149.154.167.216. Number of nodes 35
EtherApe-INFO: 16:53:43.191: New node: IP: 176.122.113.77. Number of nodes 36
EtherApe-INFO: 16:53:59.773: New node: IP: 34.120.208.123. Number of nodes 37
EtherApe-INFO: 16:53:59.777: New node: IP: 87.245.216.9. Number of nodes 38
EtherApe-INFO: 16:54:00.640: delete node: IP: 216.58.209.5. Number of nodes 37
EtherApe-INFO: 16:54:04.225: delete node: IP: 142.250.203.142. Number of nodes 36
EtherApe-INFO: 16:54:05.523: delete node: IP: 172.217.16.10. Number of nodes 35
EtherApe-INFO: 16:54:07.733: delete node: IP: 216.58.208.206. Number of nodes 34
EtherApe-INFO: 16:54:10.780: New node: IP: 216.58.209.5. Number of nodes 35
EtherApe-INFO: 16:54:22.149: delete node: IP: 142.250.147.92. Number of nodes 34
EtherApe-INFO: 16:54:29.682: delete node: IP: 142.250.75.14. Number of nodes 33
EtherApe-INFO: 16:54:30.957: delete node: IP: 35.82.19.90. Number of nodes 32
EtherApe-INFO: 16:54:36.593: delete node: IP: 176.122.113.13. Number of nodes 31
EtherApe-INFO: 16:54:47.879: delete node: IP: 172.217.16.1. Number of nodes 30
EtherApe-INFO: 16:55:31.854: delete node: IP: 216.58.208.202. Number of nodes 29
EtherApe-INFO: 16:55:44.672: delete node: IP: 9.9.9.9. Number of nodes 28
EtherApe-INFO: 16:55:44.672: delete node: IP: 1.1.1.1. Number of nodes 27
EtherApe-INFO: 16:55:52.919: delete node: IP: 176.122.113.12. Number of nodes 26
EtherApe-INFO: 16:55:53.626: New node: IP: 192.168.1.1. Number of nodes 27
EtherApe-INFO: 16:55:53.628: New node: IP: 216.58.208.206. Number of nodes 28
EtherApe-INFO: 16:55:53.894: New node: IP: 95.216.195.133. Number of nodes 29
EtherApe-INFO: 16:56:17.899: New node: IP: 52.39.57.61. Number of nodes 30
EtherApe-INFO: 16:56:21.038: delete node: IP: 35.186.227.140. Number of nodes 29
EtherApe-INFO: 16:56:26.367: delete node: IP: 142.250.203.131. Number of nodes 28
EtherApe-INFO: 16:56:44.319: delete node: IP: 142.250.75.1. Number of nodes 27
EtherApe-INFO: 16:56:49.755: delete node: IP: 216.58.215.106. Number of nodes 26
EtherApe-INFO: 16:56:55.021: delete node: IP: 216.58.209.4. Number of nodes 25
EtherApe-INFO: 16:56:58.839: delete node: IP: 216.58.209.3. Number of nodes 24
EtherApe-INFO: 16:57:14.401: delete node: IP: 172.217.16.46. Number of nodes 23
EtherApe-INFO: 16:57:20.446: delete node: IP: 142.250.186.206. Number of nodes 22
EtherApe-INFO: 16:57:53.768: delete node: IP: 192.168.1.1. Number of nodes 21
EtherApe-INFO: 16:57:54.321: delete node: IP: 95.216.195.133. Number of nodes 20
EtherApe-INFO: 16:57:54.321: delete node: IP: 8.8.8.8. Number of nodes 19
EtherApe-INFO: 16:57:55.547: delete node: IP: 87.245.216.9. Number of nodes 18
EtherApe-INFO: 16:58:20.533: delete node: IP: 52.39.57.61. Number of nodes 17
EtherApe-INFO: 16:58:34.001: delete node: IP: 142.250.186.214. Number of nodes 16
EtherApe-INFO: 16:58:44.267: delete node: IP: 142.250.75.22. Number of nodes 15
EtherApe-INFO: 16:58:51.117: delete node: IP: 34.120.208.123. Number of nodes 14
EtherApe-INFO: 16:59:03.111: delete node: IP: 216.58.209.5. Number of nodes 13
EtherApe-INFO: 16:59:03.809: New node: IP: 8.8.8.8. Number of nodes 14
EtherApe-INFO: 16:59:03.923: New node: IP: 1.1.1.1. Number of nodes 15
EtherApe-INFO: 16:59:03.927: New node: IP: 9.9.9.9. Number of nodes 16
EtherApe-INFO: 16:59:12.716: New node: IP: 216.58.215.101. Number of nodes 17
EtherApe-INFO: 16:59:41.950: New node: IP: 89.187.191.12. Number of nodes 18
EtherApe-INFO: 17:00:53.572: New node: IP: 192.168.1.1. Number of nodes 19
EtherApe-INFO: 17:00:53.828: New node: IP: 95.216.195.133. Number of nodes 20
EtherApe-INFO: 17:01:05.405: delete node: IP: 9.9.9.9. Number of nodes 19
EtherApe-INFO: 17:01:05.406: delete node: IP: 1.1.1.1. Number of nodes 18
EtherApe-INFO: 17:01:18.152: New node: IP: 52.39.57.61. Number of nodes 19
EtherApe-INFO: 17:01:30.165: New node: IP: 35.82.19.90. Number of nodes 20
EtherApe-INFO: 17:01:30.165: New node: IP: 34.214.139.174. Number of nodes 21
EtherApe-INFO: 17:02:00.196: New node: IP: 54.191.154.194. Number of nodes 22
EtherApe-INFO: 17:02:01.222: New node: IP: 35.186.227.140. Number of nodes 23
EtherApe-INFO: 17:02:54.135: delete node: IP: 192.168.1.1. Number of nodes 22
EtherApe-INFO: 17:02:54.135: delete node: IP: 95.216.195.133. Number of nodes 21
EtherApe-INFO: 17:03:18.754: delete node: IP: 52.39.57.61. Number of nodes 20
EtherApe-INFO: 17:03:49.647: delete node: IP: 34.214.139.174. Number of nodes 19
EtherApe-INFO: 17:03:59.385: delete node: IP: 89.187.191.12. Number of nodes 18
EtherApe-INFO: 17:04:00.848: delete node: IP: 8.8.8.8. Number of nodes 17
EtherApe-INFO: 17:04:05.195: delete node: IP: 216.58.215.101. Number of nodes 16
EtherApe-INFO: 17:04:12.859: delete node: IP: 54.191.154.194. Number of nodes 15
EtherApe-INFO: 17:04:15.157: New node: IP: 216.58.209.5. Number of nodes 16
EtherApe-INFO: 17:04:16.435: New node: IP: 149.154.167.216. Number of nodes 17
EtherApe-INFO: 17:04:31.796: New node: IP: 8.8.8.8. Number of nodes 18
EtherApe-INFO: 17:04:31.811: delete node: IP: 35.82.19.90. Number of nodes 17
EtherApe-INFO: 17:04:35.068: New node: IP: 1.1.1.1. Number of nodes 18
EtherApe-INFO: 17:04:35.075: New node: IP: 9.9.9.9. Number of nodes 19
EtherApe-INFO: 17:04:38.315: New node: IP: 89.187.191.12. Number of nodes 20
EtherApe-INFO: 17:04:43.947: New node: IP: 95.216.144.15. Number of nodes 21
EtherApe-INFO: 17:05:43.274: New node: IP: 35.155.169.38. Number of nodes 22
EtherApe-INFO: 17:05:44.299: New node: IP: 151.101.2.49. Number of nodes 23
EtherApe-INFO: 17:05:53.778: New node: IP: 192.168.1.1. Number of nodes 24
EtherApe-INFO: 17:05:53.779: New node: IP: 95.216.195.133. Number of nodes 25
EtherApe-INFO: 17:06:18.466: New node: IP: 52.39.57.61. Number of nodes 26
EtherApe-INFO: 17:06:18.467: New node: IP: 34.102.187.140. Number of nodes 27
EtherApe-INFO: 17:06:18.724: New node: IP: 34.160.144.191. Number of nodes 28
EtherApe-INFO: 17:06:36.212: delete node: IP: 9.9.9.9. Number of nodes 27
EtherApe-INFO: 17:06:36.212: delete node: IP: 1.1.1.1. Number of nodes 26
EtherApe-INFO: 17:06:44.322: delete node: IP: 89.187.191.12. Number of nodes 25
