(etherape:2069): GLib-GIO-DEBUG: 02:07:10.824: _g_io_module_get_default: Found default implementation local (GLocalVfs) for ‘gio-vfs’
(etherape:2069): GLib-GIO-DEBUG: 02:07:10.886: Using cross-namespace EXTERNAL authentication (this will deadlock if server is GDBus < 2.73.3)
EtherApe-INFO: 02:07:10.946: sctp protocol not supported
EtherApe-INFO: 02:07:10.946: dccp protocol not supported
EtherApe-INFO: 02:07:10.947: sctp protocol not supported
EtherApe-INFO: 02:07:10.947: sctp protocol not supported
EtherApe-INFO: 02:07:10.947: sctp protocol not supported
EtherApe-INFO: 02:07:10.947: sctp protocol not supported
EtherApe-INFO: 02:07:10.947: sctp protocol not supported
EtherApe-INFO: 02:07:10.947: sctp protocol not supported
EtherApe-INFO: 02:07:10.947: sctp protocol not supported
EtherApe-INFO: 02:07:10.947: dccp protocol not supported
EtherApe-INFO: 02:07:10.947: sctp protocol not supported
EtherApe-INFO: 02:07:10.948: dccp protocol not supported
EtherApe-INFO: 02:07:10.948: dccp protocol not supported
EtherApe-INFO: 02:07:10.948: sctp protocol not supported
EtherApe-INFO: 02:07:10.948: sctp protocol not supported
EtherApe-INFO: 02:07:10.948: sctp protocol not supported
EtherApe-INFO: 02:07:10.949: sctp protocol not supported
EtherApe-INFO: 02:07:10.949: sctp protocol not supported
EtherApe-INFO: 02:07:10.950: sctp protocol not supported
EtherApe-INFO: 02:07:10.950: sctp protocol not supported
EtherApe-INFO: 02:07:10.950: sctp protocol not supported
EtherApe-INFO: 02:07:10.950: sctp protocol not supported
EtherApe-INFO: 02:07:10.950: sctp protocol not supported
EtherApe-INFO: 02:07:10.951: sctp protocol not supported
EtherApe-INFO: 02:07:10.951: sctp protocol not supported
EtherApe-INFO: 02:07:10.951: sctp protocol not supported
EtherApe-INFO: 02:07:10.951: sctp protocol not supported
EtherApe-INFO: 02:07:10.952: sctp protocol not supported
EtherApe-INFO: 02:07:10.952: dccp protocol not supported
EtherApe-INFO: 02:07:10.952: sctp protocol not supported
EtherApe-INFO: 02:07:10.952: sctp protocol not supported
EtherApe-INFO: 02:07:10.952: dccp protocol not supported
EtherApe-INFO: 02:07:10.952: sctp protocol not supported
EtherApe-INFO: 02:07:10.952: sctp protocol not supported
EtherApe-INFO: 02:07:10.952: sctp protocol not supported
EtherApe-INFO: 02:07:10.952: dccp protocol not supported
EtherApe-INFO: 02:07:10.952: dccp protocol not supported
EtherApe-INFO: 02:07:10.952: sctp protocol not supported
EtherApe-INFO: 02:07:10.952: sctp protocol not supported
EtherApe-INFO: 02:07:10.952: sctp protocol not supported
EtherApe-INFO: 02:07:10.952: sctp protocol not supported
EtherApe-INFO: 02:07:10.952: sctp protocol not supported
EtherApe-INFO: 02:07:10.953: sctp protocol not supported
EtherApe-INFO: 02:07:10.953: sctp protocol not supported
EtherApe-INFO: 02:07:10.953: sctp protocol not supported
EtherApe-INFO: 02:07:10.953: sctp protocol not supported
EtherApe-INFO: 02:07:10.953: sctp protocol not supported
EtherApe-INFO: 02:07:10.953: sctp protocol not supported
EtherApe-INFO: 02:07:10.953: sctp protocol not supported
EtherApe-INFO: 02:07:10.953: sctp protocol not supported
EtherApe-INFO: 02:07:10.953: sctp protocol not supported
EtherApe-INFO: 02:07:10.953: sctp protocol not supported
EtherApe-INFO: 02:07:10.953: sctp protocol not supported
EtherApe-INFO: 02:07:10.953: sctp protocol not supported
EtherApe-INFO: 02:07:10.953: sctp protocol not supported
EtherApe-INFO: 02:07:10.953: sctp protocol not supported
EtherApe-INFO: 02:07:10.953: sctp protocol not supported
EtherApe-INFO: 02:07:10.953: dccp protocol not supported
EtherApe-INFO: 02:07:10.953: sctp protocol not supported
EtherApe-INFO: 02:07:10.953: sctp protocol not supported
EtherApe-INFO: 02:07:10.953: sctp protocol not supported
EtherApe-INFO: 02:07:10.953: sctp protocol not supported
EtherApe-INFO: 02:07:10.954: sctp protocol not supported
EtherApe-INFO: 02:07:10.954: sctp protocol not supported
EtherApe-INFO: 02:07:10.954: sctp protocol not supported
EtherApe-INFO: 02:07:10.954: sctp protocol not supported
EtherApe-INFO: 02:07:10.954: sctp protocol not supported
EtherApe-INFO: 02:07:10.954: sctp protocol not supported
EtherApe-INFO: 02:07:10.954: sctp protocol not supported
EtherApe-INFO: 02:07:10.954: sctp protocol not supported
EtherApe-INFO: 02:07:10.954: sctp protocol not supported
EtherApe-INFO: 02:07:10.954: sctp protocol not supported
EtherApe-INFO: 02:07:10.954: sctp protocol not supported
EtherApe-INFO: 02:07:10.954: sctp protocol not supported
EtherApe-INFO: 02:07:10.954: sctp protocol not supported
EtherApe-INFO: 02:07:10.954: sctp protocol not supported
EtherApe-INFO: 02:07:10.955: sctp protocol not supported
EtherApe-INFO: 02:07:10.955: sctp protocol not supported
EtherApe-INFO: 02:07:10.955: sctp protocol not supported
EtherApe-INFO: 02:07:10.955: sctp protocol not supported
EtherApe-INFO: 02:07:10.955: sctp protocol not supported
EtherApe-INFO: 02:07:10.955: sctp protocol not supported
EtherApe-INFO: 02:07:10.955: sctp protocol not supported
EtherApe-INFO: 02:07:10.955: sctp protocol not supported
EtherApe-INFO: 02:07:10.955: sctp protocol not supported
EtherApe-INFO: 02:07:10.955: sctp protocol not supported
EtherApe-INFO: 02:07:10.955: sctp protocol not supported
EtherApe-INFO: 02:07:10.955: sctp protocol not supported
EtherApe-INFO: 02:07:10.955: sctp protocol not supported
EtherApe-INFO: 02:07:10.955: sctp protocol not supported
EtherApe-INFO: 02:07:10.955: sctp protocol not supported
EtherApe-INFO: 02:07:10.955: sctp protocol not supported
EtherApe-INFO: 02:07:10.955: sctp protocol not supported
EtherApe-INFO: 02:07:10.955: sctp protocol not supported
EtherApe-INFO: 02:07:10.964: get_interface result: ''
EtherApe-INFO: 02:07:10.964: Available interfaces for capture: dbus-session dbus-system nfqueue nflog bluetooth-monitor bluetooth0 lo any wlp2s0
EtherApe-INFO: 02:07:10.965: Link type is LINUX_SLL
EtherApe-INFO: 02:07:10.965: Diagram started
EtherApe-INFO: 02:07:14.040: New node: IP: 149.154.167.50. Number of nodes 1
EtherApe-INFO: 02:07:14.040: New node: IP: 192.168.1.248. Number of nodes 2
EtherApe-INFO: 02:07:14.040: New node: IP: 149.154.167.41. Number of nodes 3
EtherApe-INFO: 02:07:15.575: New node: IP: 8.8.8.8. Number of nodes 4
EtherApe-INFO: 02:07:19.160: New node: IP: 1.1.1.1. Number of nodes 5
EtherApe-INFO: 02:07:24.791: New node: IP: 104.16.249.249. Number of nodes 6
EtherApe-INFO: 02:07:25.305: New node: IP: 34.107.221.82. Number of nodes 7
EtherApe-INFO: 02:07:25.312: New node: IP: 44.238.39.101. Number of nodes 8
EtherApe-INFO: 02:07:25.313: New node: IP: 34.120.208.123. Number of nodes 9
EtherApe-INFO: 02:07:25.565: New node: IP: 44.241.28.160. Number of nodes 10
EtherApe-INFO: 02:07:25.568: New node: IP: 35.164.184.131. Number of nodes 11
EtherApe-INFO: 02:07:25.569: New node: IP: 54.192.231.23. Number of nodes 12
EtherApe-INFO: 02:07:25.571: New node: IP: 104.17.49.74. Number of nodes 13
EtherApe-INFO: 02:07:25.574: New node: IP: 142.250.186.206. Number of nodes 14
EtherApe-INFO: 02:07:25.574: New node: IP: 54.187.71.185. Number of nodes 15
EtherApe-INFO: 02:07:25.818: New node: IP: 104.18.12.33. Number of nodes 16
EtherApe-INFO: 02:07:26.074: New node: IP: 3.2.9.2. Number of nodes 17
EtherApe-INFO: 02:07:29.310: New node: IP: 93.184.220.29. Number of nodes 18
EtherApe-INFO: 02:07:29.645: New node: IP: 151.101.1.54. Number of nodes 19
EtherApe-INFO: 02:07:30.167: New node: IP: 172.64.161.9. Number of nodes 20
EtherApe-INFO: 02:07:30.169: New node: IP: 104.16.99.56. Number of nodes 21
EtherApe-INFO: 02:07:30.171: New node: IP: 142.250.203.142. Number of nodes 22
EtherApe-INFO: 02:07:30.186: New node: IP: 216.58.208.195. Number of nodes 23
EtherApe-INFO: 02:07:30.761: New node: IP: 192.168.1.1. Number of nodes 24
EtherApe-INFO: 02:07:30.762: New node: IP: 255.255.255.255. Number of nodes 25
EtherApe-INFO: 02:07:32.137: New node: IP: 104.17.207.102. Number of nodes 26
EtherApe-INFO: 02:07:32.893: New node: IP: 52.222.230.82. Number of nodes 27
EtherApe-INFO: 02:07:35.033: New node: IP: 35.186.227.140. Number of nodes 28
EtherApe-INFO: 02:07:35.040: New node: IP: 104.18.13.33. Number of nodes 29
EtherApe-INFO: 02:07:35.287: New node: IP: 104.16.230.42. Number of nodes 30
EtherApe-INFO: 02:07:35.294: New node: IP: 104.16.229.42. Number of nodes 31
EtherApe-INFO: 02:07:35.306: New node: IP: 87.245.216.107. Number of nodes 32
EtherApe-INFO: 02:07:35.804: New node: IP: 104.17.186.177. Number of nodes 33
EtherApe-INFO: 02:07:36.321: New node: IP: 18.66.98.108. Number of nodes 34
EtherApe-INFO: 02:07:37.593: New node: IP: 104.16.240.21. Number of nodes 35
EtherApe-INFO: 02:07:37.597: New node: IP: 104.16.42.65. Number of nodes 36
EtherApe-INFO: 02:07:37.854: New node: IP: 216.58.209.10. Number of nodes 37
EtherApe-INFO: 02:07:37.854: New node: IP: 172.217.16.37. Number of nodes 38
EtherApe-INFO: 02:07:38.104: New node: IP: 18.66.147.118. Number of nodes 39
EtherApe-INFO: 02:07:38.617: New node: IP: 18.66.147.22. Number of nodes 40
EtherApe-INFO: 02:07:38.618: New node: IP: 151.101.194.114. Number of nodes 41
EtherApe-INFO: 02:07:38.875: New node: IP: 54.191.222.112. Number of nodes 42
EtherApe-INFO: 02:07:39.385: New node: IP: 104.18.12.165. Number of nodes 43
EtherApe-INFO: 02:07:40.667: New node: IP: 52.84.199.73. Number of nodes 44
EtherApe-INFO: 02:07:40.667: New node: IP: 34.207.30.233. Number of nodes 45
EtherApe-INFO: 02:07:40.673: New node: IP: 142.250.203.202. Number of nodes 46
EtherApe-INFO: 02:07:41.192: New node: IP: 142.250.186.195. Number of nodes 47
EtherApe-INFO: 02:07:42.455: New node: IP: 142.250.75.3. Number of nodes 48
EtherApe-INFO: 02:07:43.482: New node: IP: 172.217.16.46. Number of nodes 49
EtherApe-INFO: 02:07:43.484: New node: IP: 216.58.215.68. Number of nodes 50
EtherApe-INFO: 02:07:43.739: New node: IP: 140.82.112.26. Number of nodes 51
EtherApe-INFO: 02:07:43.740: New node: IP: 95.216.144.15. Number of nodes 52
EtherApe-INFO: 02:07:44.305: New node: IP: 13.32.121.12. Number of nodes 53
EtherApe-INFO: 02:07:45.273: New node: IP: 192.168.0.1. Number of nodes 54
EtherApe-INFO: 02:07:47.471: New node: IP: 3.122.47.55. Number of nodes 55
EtherApe-INFO: 02:07:47.474: New node: IP: 192.168.0.218. Number of nodes 56
EtherApe-INFO: 02:07:47.583: New node: IP: 172.217.16.42. Number of nodes 57
EtherApe-INFO: 02:07:48.454: New node: IP: 216.58.215.110. Number of nodes 58
EtherApe-INFO: 02:07:49.404: New node: IP: 216.58.215.106. Number of nodes 59
EtherApe-INFO: 02:07:49.671: New node: IP: 172.217.16.3. Number of nodes 60
EtherApe-INFO: 02:07:49.920: New node: IP: 216.58.215.80. Number of nodes 61
EtherApe-INFO: 02:07:50.141: New node: IP: 142.250.203.138. Number of nodes 62
EtherApe-INFO: 02:07:51.162: New node: IP: 91.198.174.192. Number of nodes 63
EtherApe-INFO: 02:07:51.700: New node: IP: 216.58.215.67. Number of nodes 64
EtherApe-INFO: 02:07:52.209: New node: IP: 91.198.174.208. Number of nodes 65
EtherApe-INFO: 02:07:53.875: New node: IP: 104.198.63.0. Number of nodes 66
EtherApe-INFO: 02:07:54.257: New node: IP: 192.124.249.41. Number of nodes 67
EtherApe-INFO: 02:07:55.073: New node: IP: 46.246.28.85. Number of nodes 68
EtherApe-INFO: 02:07:55.542: New node: IP: 141.193.213.10. Number of nodes 69
EtherApe-INFO: 02:07:55.550: New node: IP: 199.231.184.176. Number of nodes 70
EtherApe-INFO: 02:07:58.842: New node: IP: 173.255.206.39. Number of nodes 71
EtherApe-INFO: 02:08:12.153: New node: IP: 104.16.248.249. Number of nodes 72
EtherApe-INFO: 02:08:55.009: New node: IP: 162.159.200.1. Number of nodes 73
EtherApe-INFO: 02:08:57.358: New node: IP: 172.67.73.124. Number of nodes 74
EtherApe-INFO: 02:08:59.621: New node: IP: 104.18.13.165. Number of nodes 75
EtherApe-INFO: 02:09:31.963: delete node: IP: 172.64.161.9. Number of nodes 74
EtherApe-INFO: 02:09:35.714: delete node: IP: 104.18.13.33. Number of nodes 73
EtherApe-INFO: 02:09:35.714: delete node: IP: 54.187.71.185. Number of nodes 72
EtherApe-INFO: 02:09:35.719: New node: IP: 109.251.109.34. Number of nodes 73
EtherApe-INFO: 02:09:35.730: New node: IP: 87.245.216.9. Number of nodes 74
EtherApe-INFO: 02:09:37.505: New node: IP: 151.101.0.152. Number of nodes 75
EtherApe-INFO: 02:09:38.865: delete node: IP: 18.66.147.22. Number of nodes 74
EtherApe-INFO: 02:09:39.596: New node: IP: 104.16.148.64. Number of nodes 75
EtherApe-INFO: 02:09:39.603: New node: IP: 142.250.203.196. Number of nodes 76
EtherApe-INFO: 02:09:40.419: delete node: IP: 54.191.222.112. Number of nodes 75
EtherApe-INFO: 02:09:42.888: New node: IP: 151.101.128.152. Number of nodes 76
EtherApe-INFO: 02:09:43.668: delete node: IP: 95.216.144.15. Number of nodes 75
EtherApe-INFO: 02:09:43.907: New node: IP: 216.58.208.202. Number of nodes 76
EtherApe-INFO: 02:09:44.996: delete node: IP: 35.164.184.131. Number of nodes 75
EtherApe-INFO: 02:09:46.576: delete node: IP: 192.168.0.1. Number of nodes 74
EtherApe-INFO: 02:09:46.724: New node: IP: 142.250.203.131. Number of nodes 75
EtherApe-INFO: 02:09:46.725: New node: IP: 172.217.16.4. Number of nodes 76
EtherApe-INFO: 02:09:47.253: New node: IP: 104.18.209.69. Number of nodes 77
EtherApe-INFO: 02:09:48.257: New node: IP: 151.101.2.209. Number of nodes 78
EtherApe-INFO: 02:09:49.280: New node: IP: 151.101.1.111. Number of nodes 79
EtherApe-INFO: 02:09:49.306: New node: IP: 142.250.186.197. Number of nodes 80
EtherApe-INFO: 02:09:50.319: New node: IP: 151.101.129.111. Number of nodes 81
EtherApe-INFO: 02:09:50.569: delete node: IP: 192.168.0.218. Number of nodes 80
EtherApe-INFO: 02:09:51.075: New node: IP: 75.101.132.169. Number of nodes 81
EtherApe-INFO: 02:09:52.120: New node: IP: 54.192.230.121. Number of nodes 82
EtherApe-INFO: 02:09:52.865: New node: IP: 198.73.7.192. Number of nodes 83
EtherApe-INFO: 02:09:53.124: New node: IP: 104.18.32.68. Number of nodes 84
EtherApe-INFO: 02:09:53.383: New node: IP: 9.9.9.9. Number of nodes 85
EtherApe-INFO: 02:09:53.634: New node: IP: 34.107.134.59. Number of nodes 86
EtherApe-INFO: 02:09:55.683: New node: IP: 151.101.193.16. Number of nodes 87
EtherApe-INFO: 02:09:55.685: New node: IP: 18.66.115.205. Number of nodes 88
EtherApe-INFO: 02:09:55.690: New node: IP: 52.222.230.100. Number of nodes 89
EtherApe-INFO: 02:09:55.995: New node: IP: 72.21.195.65. Number of nodes 90
EtherApe-INFO: 02:09:56.708: New node: IP: 104.16.206.69. Number of nodes 91
EtherApe-INFO: 02:09:56.712: New node: IP: 87.245.216.112. Number of nodes 92
EtherApe-INFO: 02:09:56.713: New node: IP: 104.16.85.20. Number of nodes 93
EtherApe-INFO: 02:09:56.961: New node: IP: 104.16.88.20. Number of nodes 94
EtherApe-INFO: 02:09:57.235: New node: IP: 151.101.194.209. Number of nodes 95
EtherApe-INFO: 02:09:57.255: New node: IP: 54.201.164.58. Number of nodes 96
EtherApe-INFO: 02:09:57.261: New node: IP: 35.244.234.223. Number of nodes 97
EtherApe-INFO: 02:09:57.993: New node: IP: 130.14.29.110. Number of nodes 98
EtherApe-INFO: 02:09:58.006: New node: IP: 87.245.216.66. Number of nodes 99
EtherApe-INFO: 02:09:58.275: New node: IP: 104.16.87.20. Number of nodes 100
EtherApe-INFO: 02:10:01.318: New node: IP: 34.234.245.57. Number of nodes 101
EtherApe-INFO: 02:10:01.394: delete node: IP: 173.255.206.39. Number of nodes 100
EtherApe-INFO: 02:10:01.824: New node: IP: 108.138.24.169. Number of nodes 101
EtherApe-INFO: 02:10:02.648: New node: IP: 216.58.215.74. Number of nodes 102
EtherApe-INFO: 02:10:04.137: New node: IP: 216.58.215.118. Number of nodes 103
EtherApe-INFO: 02:10:04.398: New node: IP: 216.58.215.97. Number of nodes 104
EtherApe-INFO: 02:10:04.404: New node: IP: 18.66.147.31. Number of nodes 105
EtherApe-INFO: 02:10:04.405: New node: IP: 151.101.193.111. Number of nodes 106
EtherApe-INFO: 02:10:13.149: delete node: IP: 104.16.248.249. Number of nodes 105
EtherApe-INFO: 02:10:33.608: delete node: IP: 44.241.28.160. Number of nodes 104
EtherApe-INFO: 02:10:33.608: delete node: IP: 44.238.39.101. Number of nodes 103
EtherApe-INFO: 02:10:48.932: New node: IP: 3.75.5.249. Number of nodes 104
EtherApe-INFO: 02:10:50.251: delete node: IP: 162.159.200.1. Number of nodes 103
EtherApe-INFO: 02:10:58.178: delete node: IP: 172.67.73.124. Number of nodes 102
EtherApe-INFO: 02:10:59.571: delete node: IP: 13.32.121.12. Number of nodes 101
EtherApe-INFO: 02:11:01.050: delete node: IP: 104.18.13.165. Number of nodes 100
EtherApe-INFO: 02:11:09.613: delete node: IP: 199.231.184.176. Number of nodes 99
EtherApe-INFO: 02:11:09.613: delete node: IP: 46.246.28.85. Number of nodes 98
EtherApe-INFO: 02:11:09.728: delete node: IP: 87.245.216.107. Number of nodes 97
EtherApe-INFO: 02:11:11.213: delete node: IP: 34.107.221.82. Number of nodes 96
EtherApe-INFO: 02:11:11.456: New node: IP: 208.68.240.115. Number of nodes 97
EtherApe-INFO: 02:11:12.294: delete node: IP: 52.222.230.82. Number of nodes 96
EtherApe-INFO: 02:11:14.528: New node: IP: 192.168.0.218. Number of nodes 97
EtherApe-INFO: 02:11:15.297: New node: IP: 34.107.221.82. Number of nodes 98
EtherApe-INFO: 02:11:15.562: New node: IP: 13.32.99.17. Number of nodes 99
EtherApe-INFO: 02:11:15.814: New node: IP: 192.168.0.1. Number of nodes 100
EtherApe-INFO: 02:11:18.624: New node: IP: 13.32.121.12. Number of nodes 101
EtherApe-INFO: 02:11:19.138: New node: IP: 54.192.231.119. Number of nodes 102
EtherApe-INFO: 02:11:19.396: New node: IP: 95.216.144.15. Number of nodes 103
EtherApe-INFO: 02:11:19.725: delete node: IP: 216.58.208.195. Number of nodes 102
EtherApe-INFO: 02:11:20.417: New node: IP: 140.82.121.4. Number of nodes 103
EtherApe-INFO: 02:11:22.212: New node: IP: 142.250.203.206. Number of nodes 104
EtherApe-INFO: 02:11:22.213: New node: IP: 185.199.108.154. Number of nodes 105
EtherApe-INFO: 02:11:22.720: New node: IP: 104.16.100.56. Number of nodes 106
EtherApe-INFO: 02:11:22.724: New node: IP: 185.199.110.133. Number of nodes 107
EtherApe-INFO: 02:11:23.748: delete node: IP: 54.192.231.23. Number of nodes 106
EtherApe-INFO: 02:11:24.013: New node: IP: 104.16.26.5. Number of nodes 107
EtherApe-INFO: 02:11:24.520: New node: IP: 140.82.112.25. Number of nodes 108
EtherApe-INFO: 02:11:24.771: New node: IP: 104.16.242.94. Number of nodes 109
EtherApe-INFO: 02:11:24.776: New node: IP: 104.18.36.87. Number of nodes 110
EtherApe-INFO: 02:11:26.306: New node: IP: 216.58.215.78. Number of nodes 111
EtherApe-INFO: 02:11:27.586: New node: IP: 54.198.28.232. Number of nodes 112
EtherApe-INFO: 02:11:29.122: New node: IP: 13.32.103.36. Number of nodes 113
EtherApe-INFO: 02:11:41.415: New node: IP: 95.216.195.133. Number of nodes 114
EtherApe-INFO: 02:11:43.297: delete node: IP: 151.101.128.152. Number of nodes 113
EtherApe-INFO: 02:11:52.710: New node: IP: 151.101.2.51. Number of nodes 114
EtherApe-INFO: 02:11:52.824: delete node: IP: 109.251.109.34. Number of nodes 113
EtherApe-INFO: 02:11:54.478: delete node: IP: 104.16.99.56. Number of nodes 112
EtherApe-INFO: 02:11:55.521: delete node: IP: 9.9.9.9. Number of nodes 111
EtherApe-INFO: 02:11:55.521: delete node: IP: 1.1.1.1. Number of nodes 110
EtherApe-INFO: 02:11:56.513: New node: IP: 151.101.2.114. Number of nodes 111
EtherApe-INFO: 02:11:57.636: delete node: IP: 151.101.194.209. Number of nodes 110
EtherApe-INFO: 02:11:57.637: delete node: IP: 151.101.129.111. Number of nodes 109
EtherApe-INFO: 02:11:57.637: delete node: IP: 104.16.88.20. Number of nodes 108
EtherApe-INFO: 02:11:58.661: delete node: IP: 87.245.216.66. Number of nodes 107
EtherApe-INFO: 02:12:00.162: delete node: IP: 130.14.29.110. Number of nodes 106
EtherApe-INFO: 02:12:01.916: delete node: IP: 91.198.174.208. Number of nodes 105
EtherApe-INFO: 02:12:03.514: delete node: IP: 91.198.174.192. Number of nodes 104
EtherApe-INFO: 02:12:05.217: delete node: IP: 172.217.16.37. Number of nodes 103
EtherApe-INFO: 02:12:05.217: delete node: IP: 151.101.193.111. Number of nodes 102
EtherApe-INFO: 02:12:10.337: New node: IP: 151.101.0.233. Number of nodes 103
EtherApe-INFO: 02:12:22.897: delete node: IP: 87.245.216.112. Number of nodes 102
EtherApe-INFO: 02:12:26.293: New node: IP: 151.101.65.26. Number of nodes 103
EtherApe-INFO: 02:12:30.930: delete node: IP: 104.17.207.102. Number of nodes 102
EtherApe-INFO: 02:12:31.187: delete node: IP: 104.17.49.74. Number of nodes 101
EtherApe-INFO: 02:12:32.933: delete node: IP: 104.16.229.42. Number of nodes 100
EtherApe-INFO: 02:12:33.942: delete node: IP: 104.18.12.33. Number of nodes 99
EtherApe-INFO: 02:12:33.942: delete node: IP: 104.17.186.177. Number of nodes 98
EtherApe-INFO: 02:12:36.509: delete node: IP: 104.16.240.21. Number of nodes 97
EtherApe-INFO: 02:12:36.509: delete node: IP: 104.16.42.65. Number of nodes 96
EtherApe-INFO: 02:12:37.031: delete node: IP: 104.16.230.42. Number of nodes 95
EtherApe-INFO: 02:12:41.153: delete node: IP: 216.58.209.10. Number of nodes 94
EtherApe-INFO: 02:12:44.640: New node: IP: 54.191.222.112. Number of nodes 95
EtherApe-INFO: 02:12:44.731: delete node: IP: 172.217.16.46. Number of nodes 94
EtherApe-INFO: 02:12:44.731: delete node: IP: 52.84.199.73. Number of nodes 93
EtherApe-INFO: 02:12:45.464: delete node: IP: 18.66.147.118. Number of nodes 92
EtherApe-INFO: 02:12:51.149: delete node: IP: 216.58.215.80. Number of nodes 91
EtherApe-INFO: 02:12:52.155: delete node: IP: 216.58.215.106. Number of nodes 90
EtherApe-INFO: 02:12:52.378: delete node: IP: 172.217.16.3. Number of nodes 89
EtherApe-INFO: 02:12:52.657: delete node: IP: 104.198.63.0. Number of nodes 88
EtherApe-INFO: 02:12:55.000: delete node: IP: 142.250.203.142. Number of nodes 87
EtherApe-INFO: 02:12:58.557: delete node: IP: 54.201.164.58. Number of nodes 86
EtherApe-INFO: 02:13:03.346: delete node: IP: 192.124.249.41. Number of nodes 85
EtherApe-INFO: 02:13:15.392: delete node: IP: 192.168.0.218. Number of nodes 84
EtherApe-INFO: 02:13:17.025: delete node: IP: 192.168.0.1. Number of nodes 83
EtherApe-INFO: 02:13:17.508: delete node: IP: 34.207.30.233. Number of nodes 82
EtherApe-INFO: 02:13:26.387: delete node: IP: 208.68.240.115. Number of nodes 81
EtherApe-INFO: 02:13:39.494: delete node: IP: 75.101.132.169. Number of nodes 80
EtherApe-INFO: 02:13:42.506: delete node: IP: 95.216.195.133. Number of nodes 79
EtherApe-INFO: 02:13:49.717: delete node: IP: 104.18.32.68. Number of nodes 78
EtherApe-INFO: 02:13:53.550: delete node: IP: 72.21.195.65. Number of nodes 77
EtherApe-INFO: 02:13:54.809: New node: IP: 52.10.85.249. Number of nodes 78
EtherApe-INFO: 02:13:56.423: delete node: IP: 198.73.7.192. Number of nodes 77
EtherApe-INFO: 02:13:57.116: delete node: IP: 108.138.24.169. Number of nodes 76
EtherApe-INFO: 02:13:59.912: delete node: IP: 142.250.186.195. Number of nodes 75
EtherApe-INFO: 02:14:09.378: delete node: IP: 151.101.2.51. Number of nodes 74
EtherApe-INFO: 02:14:11.721: delete node: IP: 151.101.194.114. Number of nodes 73
EtherApe-INFO: 02:14:11.721: delete node: IP: 151.101.1.54. Number of nodes 72
EtherApe-INFO: 02:14:12.739: delete node: IP: 151.101.2.114. Number of nodes 71
EtherApe-INFO: 02:14:23.831: delete node: IP: 34.120.208.123. Number of nodes 70
EtherApe-INFO: 02:14:27.042: delete node: IP: 151.101.0.233. Number of nodes 69
EtherApe-INFO: 02:14:27.042: delete node: IP: 95.216.144.15. Number of nodes 68
EtherApe-INFO: 02:14:31.252: delete node: IP: 142.250.203.196. Number of nodes 67
EtherApe-INFO: 02:14:31.252: delete node: IP: 141.193.213.10. Number of nodes 66
EtherApe-INFO: 02:14:33.531: delete node: IP: 104.16.148.64. Number of nodes 65
EtherApe-INFO: 02:14:35.320: delete node: IP: 216.58.208.202. Number of nodes 64
EtherApe-INFO: 02:14:37.372: delete node: IP: 142.250.203.131. Number of nodes 63
EtherApe-INFO: 02:14:38.146: delete node: IP: 151.101.0.152. Number of nodes 62
EtherApe-INFO: 02:14:42.247: delete node: IP: 104.18.209.69. Number of nodes 61
EtherApe-INFO: 02:14:42.467: delete node: IP: 151.101.65.26. Number of nodes 60
EtherApe-INFO: 02:14:47.594: delete node: IP: 34.107.134.59. Number of nodes 59
EtherApe-INFO: 02:14:47.594: delete node: IP: 18.66.115.205. Number of nodes 58
EtherApe-INFO: 02:14:48.055: delete node: IP: 151.101.2.209. Number of nodes 57
EtherApe-INFO: 02:14:48.055: delete node: IP: 104.16.85.20. Number of nodes 56
EtherApe-INFO: 02:14:49.071: delete node: IP: 104.16.87.20. Number of nodes 55
EtherApe-INFO: 02:14:51.139: delete node: IP: 52.222.230.100. Number of nodes 54
EtherApe-INFO: 02:14:53.418: delete node: IP: 216.58.215.110. Number of nodes 53
EtherApe-INFO: 02:14:53.418: delete node: IP: 216.58.215.67. Number of nodes 52
EtherApe-INFO: 02:14:53.418: delete node: IP: 104.16.206.69. Number of nodes 51
EtherApe-INFO: 02:14:53.418: delete node: IP: 35.244.234.223. Number of nodes 50
EtherApe-INFO: 02:14:54.437: delete node: IP: 172.217.16.4. Number of nodes 49
EtherApe-INFO: 02:14:54.437: delete node: IP: 151.101.193.16. Number of nodes 48
EtherApe-INFO: 02:14:55.008: delete node: IP: 216.58.215.97. Number of nodes 47
EtherApe-INFO: 02:14:55.008: delete node: IP: 216.58.215.74. Number of nodes 46
EtherApe-INFO: 02:14:55.234: delete node: IP: 151.101.1.111. Number of nodes 45
EtherApe-INFO: 02:14:55.234: delete node: IP: 18.66.147.31. Number of nodes 44
EtherApe-INFO: 02:14:59.318: delete node: IP: 216.58.215.118. Number of nodes 43
EtherApe-INFO: 02:14:59.663: delete node: IP: 140.82.112.26. Number of nodes 42
EtherApe-INFO: 02:15:00.676: delete node: IP: 54.191.222.112. Number of nodes 41
EtherApe-INFO: 02:15:01.347: New node: IP: 13.32.121.59. Number of nodes 42
EtherApe-INFO: 02:15:02.145: delete node: IP: 104.18.12.165. Number of nodes 41
EtherApe-INFO: 02:15:12.380: delete node: IP: 34.107.221.82. Number of nodes 40
EtherApe-INFO: 02:15:20.859: delete node: IP: 93.184.220.29. Number of nodes 39
EtherApe-INFO: 02:15:24.745: delete node: IP: 3.2.9.2. Number of nodes 38
EtherApe-INFO: 02:16:07.212: delete node: IP: 13.32.99.17. Number of nodes 37
EtherApe-INFO: 02:16:12.063: delete node: IP: 140.82.121.4. Number of nodes 36
EtherApe-INFO: 02:16:13.060: delete node: IP: 185.199.108.154. Number of nodes 35
EtherApe-INFO: 02:16:13.060: delete node: IP: 142.250.203.206. Number of nodes 34
EtherApe-INFO: 02:16:13.844: delete node: IP: 185.199.110.133. Number of nodes 33
EtherApe-INFO: 02:16:14.050: New node: IP: 18.66.97.70. Number of nodes 34
EtherApe-INFO: 02:16:14.071: New node: IP: 185.199.111.153. Number of nodes 35
EtherApe-INFO: 02:16:15.091: delete node: IP: 104.16.26.5. Number of nodes 34
EtherApe-INFO: 02:16:15.091: delete node: IP: 18.66.98.108. Number of nodes 33
EtherApe-INFO: 02:16:15.849: delete node: IP: 104.18.36.87. Number of nodes 32
EtherApe-INFO: 02:16:15.850: delete node: IP: 104.16.242.94. Number of nodes 31
EtherApe-INFO: 02:16:15.850: delete node: IP: 104.16.100.56. Number of nodes 30
EtherApe-INFO: 02:16:16.096: New node: IP: 3.125.197.172. Number of nodes 31
EtherApe-INFO: 02:16:16.099: New node: IP: 135.181.27.174. Number of nodes 32
EtherApe-INFO: 02:16:16.611: New node: IP: 52.216.179.117. Number of nodes 33
EtherApe-INFO: 02:16:16.611: New node: IP: 13.32.121.111. Number of nodes 34
EtherApe-INFO: 02:16:16.980: delete node: IP: 142.250.203.202. Number of nodes 33
EtherApe-INFO: 02:16:17.123: New node: IP: 108.138.24.169. Number of nodes 34
EtherApe-INFO: 02:16:17.633: New node: IP: 172.217.16.4. Number of nodes 35
EtherApe-INFO: 02:16:17.635: New node: IP: 87.245.216.65. Number of nodes 36
EtherApe-INFO: 02:16:17.984: delete node: IP: 216.58.215.78. Number of nodes 35
EtherApe-INFO: 02:16:18.990: delete node: IP: 216.58.215.68. Number of nodes 34
EtherApe-INFO: 02:16:18.990: delete node: IP: 54.198.28.232. Number of nodes 33
EtherApe-INFO: 02:16:20.310: delete node: IP: 13.32.103.36. Number of nodes 32
EtherApe-INFO: 02:16:20.705: New node: IP: 142.250.203.131. Number of nodes 33
EtherApe-INFO: 02:16:22.758: New node: IP: 216.58.215.78. Number of nodes 34
EtherApe-INFO: 02:16:22.857: delete node: IP: 54.192.230.121. Number of nodes 33
EtherApe-INFO: 02:16:23.305: delete node: IP: 34.234.245.57. Number of nodes 32
EtherApe-INFO: 02:16:25.057: New node: IP: 151.101.0.144. Number of nodes 33
EtherApe-INFO: 02:16:25.135: delete node: IP: 142.250.186.206. Number of nodes 32
EtherApe-INFO: 02:16:30.692: New node: IP: 23.227.38.74. Number of nodes 33
EtherApe-INFO: 02:16:30.696: New node: IP: 151.101.0.95. Number of nodes 34
EtherApe-INFO: 02:16:31.716: New node: IP: 172.217.16.14. Number of nodes 35
EtherApe-INFO: 02:16:31.970: New node: IP: 142.250.186.195. Number of nodes 36
EtherApe-INFO: 02:16:32.748: New node: IP: 104.16.255.71. Number of nodes 37
EtherApe-INFO: 02:16:33.275: New node: IP: 142.250.75.22. Number of nodes 38
EtherApe-INFO: 02:16:33.766: New node: IP: 176.122.113.76. Number of nodes 39
EtherApe-INFO: 02:16:34.017: New node: IP: 1.1.1.1. Number of nodes 40
EtherApe-INFO: 02:16:34.535: New node: IP: 9.9.9.9. Number of nodes 41
EtherApe-INFO: 02:16:34.790: New node: IP: 142.250.203.206. Number of nodes 42
EtherApe-INFO: 02:16:35.572: New node: IP: 216.58.215.67. Number of nodes 43
EtherApe-INFO: 02:16:36.323: New node: IP: 176.122.113.12. Number of nodes 44
EtherApe-INFO: 02:16:36.579: New node: IP: 45.79.153.49. Number of nodes 45
EtherApe-INFO: 02:16:37.887: New node: IP: 142.250.203.193. Number of nodes 46
EtherApe-INFO: 02:16:41.442: New node: IP: 95.216.195.133. Number of nodes 47
EtherApe-INFO: 02:16:42.978: New node: IP: 216.58.215.118. Number of nodes 48
EtherApe-INFO: 02:16:43.232: New node: IP: 142.250.186.206. Number of nodes 49
EtherApe-INFO: 02:16:52.251: delete node: IP: 13.32.121.12. Number of nodes 48
EtherApe-INFO: 02:17:02.444: delete node: IP: 3.75.5.249. Number of nodes 47
EtherApe-INFO: 02:17:40.834: New node: IP: 104.18.40.133. Number of nodes 48
EtherApe-INFO: 02:17:41.347: New node: IP: 192.124.249.41. Number of nodes 49
EtherApe-INFO: 02:17:41.859: New node: IP: 192.0.66.96. Number of nodes 50
EtherApe-INFO: 02:17:41.859: New node: IP: 104.17.123.99. Number of nodes 51
EtherApe-INFO: 02:17:42.627: New node: IP: 88.99.219.88. Number of nodes 52
EtherApe-INFO: 02:17:43.395: New node: IP: 87.245.216.72. Number of nodes 53
EtherApe-INFO: 02:17:43.397: New node: IP: 151.101.1.111. Number of nodes 54
EtherApe-INFO: 02:17:45.446: New node: IP: 18.66.122.108. Number of nodes 55
EtherApe-INFO: 02:17:45.721: New node: IP: 23.64.54.45. Number of nodes 56
EtherApe-INFO: 02:17:46.494: New node: IP: 104.18.18.132. Number of nodes 57
EtherApe-INFO: 02:17:46.524: New node: IP: 162.125.72.18. Number of nodes 58
EtherApe-INFO: 02:17:46.526: New node: IP: 172.66.43.42. Number of nodes 59
EtherApe-INFO: 02:17:46.722: New node: IP: 143.244.45.177. Number of nodes 60
EtherApe-INFO: 02:17:46.977: New node: IP: 93.184.220.29. Number of nodes 61
EtherApe-INFO: 02:17:47.264: New node: IP: 87.245.216.112. Number of nodes 62
EtherApe-INFO: 02:17:47.514: New node: IP: 192.0.78.33. Number of nodes 63
EtherApe-INFO: 02:17:48.266: New node: IP: 192.0.77.32. Number of nodes 64
EtherApe-INFO: 02:17:48.528: New node: IP: 54.38.195.201. Number of nodes 65
EtherApe-INFO: 02:17:48.769: New node: IP: 151.101.129.111. Number of nodes 66
EtherApe-INFO: 02:17:48.778: New node: IP: 192.0.73.2. Number of nodes 67
EtherApe-INFO: 02:17:50.306: New node: IP: 18.214.68.144. Number of nodes 68
EtherApe-INFO: 02:17:50.821: New node: IP: 108.138.24.72. Number of nodes 69
EtherApe-INFO: 02:17:51.075: New node: IP: 18.66.147.124. Number of nodes 70
EtherApe-INFO: 02:17:52.363: New node: IP: 104.18.22.122. Number of nodes 71
EtherApe-INFO: 02:17:52.608: New node: IP: 87.245.216.107. Number of nodes 72
EtherApe-INFO: 02:17:54.152: New node: IP: 151.101.193.208. Number of nodes 73
EtherApe-INFO: 02:17:54.415: New node: IP: 54.191.222.112. Number of nodes 74
EtherApe-INFO: 02:17:55.197: New node: IP: 13.32.110.121. Number of nodes 75
EtherApe-INFO: 02:17:55.940: New node: IP: 52.222.236.20. Number of nodes 76
EtherApe-INFO: 02:17:56.459: New node: IP: 16.16.38.24. Number of nodes 77
EtherApe-INFO: 02:17:58.243: New node: IP: 87.245.216.11. Number of nodes 78
EtherApe-INFO: 02:17:59.557: New node: IP: 52.35.167.249. Number of nodes 79
EtherApe-INFO: 02:18:24.121: delete node: IP: 52.216.179.117. Number of nodes 78
EtherApe-INFO: 02:18:32.087: New node: IP: 75.101.132.169. Number of nodes 79
EtherApe-INFO: 02:18:33.059: New node: IP: 52.222.230.139. Number of nodes 80
EtherApe-INFO: 02:18:33.060: New node: IP: 104.17.25.14. Number of nodes 81
EtherApe-INFO: 02:18:34.378: delete node: IP: 3.125.197.172. Number of nodes 80
EtherApe-INFO: 02:18:34.853: New node: IP: 34.120.208.123. Number of nodes 81
EtherApe-INFO: 02:18:36.644: New node: IP: 142.250.203.202. Number of nodes 82
EtherApe-INFO: 02:18:37.693: delete node: IP: 87.245.216.65. Number of nodes 81
EtherApe-INFO: 02:18:37.693: delete node: IP: 9.9.9.9. Number of nodes 80
EtherApe-INFO: 02:18:38.508: delete node: IP: 1.1.1.1. Number of nodes 79
EtherApe-INFO: 02:18:40.480: New node: IP: 104.17.24.14. Number of nodes 80
EtherApe-INFO: 02:18:41.781: delete node: IP: 95.216.195.133. Number of nodes 79
EtherApe-INFO: 02:18:42.584: delete node: IP: 45.79.153.49. Number of nodes 78
EtherApe-INFO: 02:18:57.378: New node: IP: 104.16.248.249. Number of nodes 79
EtherApe-INFO: 02:18:57.472: delete node: IP: 13.32.121.59. Number of nodes 78
EtherApe-INFO: 02:18:57.637: New node: IP: 198.73.7.192. Number of nodes 79
EtherApe-INFO: 02:18:57.637: New node: IP: 18.66.142.228. Number of nodes 80
EtherApe-INFO: 02:18:57.637: New node: IP: 54.221.138.149. Number of nodes 81
EtherApe-INFO: 02:18:57.892: New node: IP: 1.1.1.1. Number of nodes 82
EtherApe-INFO: 02:18:58.145: New node: IP: 9.9.9.9. Number of nodes 83
EtherApe-INFO: 02:18:59.170: New node: IP: 104.16.148.64. Number of nodes 84
EtherApe-INFO: 02:18:59.176: New node: IP: 104.16.85.20. Number of nodes 85
EtherApe-INFO: 02:18:59.724: New node: IP: 104.18.22.52. Number of nodes 86
EtherApe-INFO: 02:19:01.736: New node: IP: 104.18.41.98. Number of nodes 87
EtherApe-INFO: 02:19:01.740: New node: IP: 104.18.23.52. Number of nodes 88
EtherApe-INFO: 02:19:02.501: New node: IP: 13.32.120.231. Number of nodes 89
EtherApe-INFO: 02:19:02.503: New node: IP: 151.101.1.16. Number of nodes 90
EtherApe-INFO: 02:19:02.752: New node: IP: 151.101.129.16. Number of nodes 91
EtherApe-INFO: 02:19:03.777: New node: IP: 216.58.209.14. Number of nodes 92
EtherApe-INFO: 02:19:04.035: New node: IP: 52.46.141.85. Number of nodes 93
EtherApe-INFO: 02:19:05.602: New node: IP: 52.46.154.73. Number of nodes 94
EtherApe-INFO: 02:19:06.118: New node: IP: 142.250.186.202. Number of nodes 95
EtherApe-INFO: 02:19:08.386: New node: IP: 34.107.134.59. Number of nodes 96
EtherApe-INFO: 02:19:09.697: New node: IP: 35.244.234.223. Number of nodes 97
EtherApe-INFO: 02:19:10.440: New node: IP: 130.14.29.110. Number of nodes 98
EtherApe-INFO: 02:19:13.003: New node: IP: 108.138.2.206. Number of nodes 99
EtherApe-INFO: 02:19:13.762: New node: IP: 104.16.205.69. Number of nodes 100
EtherApe-INFO: 02:19:13.762: New node: IP: 52.222.230.146. Number of nodes 101
EtherApe-INFO: 02:19:16.734: New node: IP: 104.16.122.175. Number of nodes 102
EtherApe-INFO: 02:19:24.346: delete node: IP: 135.181.27.174. Number of nodes 101
EtherApe-INFO: 02:19:42.183: New node: IP: 216.58.215.97. Number of nodes 102
EtherApe-INFO: 02:19:43.221: New node: IP: 142.250.147.189. Number of nodes 103
EtherApe-INFO: 02:19:53.518: delete node: IP: 18.214.68.144. Number of nodes 102
EtherApe-INFO: 02:19:54.871: delete node: IP: 54.191.222.112. Number of nodes 101
EtherApe-INFO: 02:19:56.020: New node: IP: 63.34.68.24. Number of nodes 102
EtherApe-INFO: 02:19:57.026: New node: IP: 87.245.216.121. Number of nodes 103
EtherApe-INFO: 02:19:58.050: New node: IP: 104.16.149.64. Number of nodes 104
EtherApe-INFO: 02:20:00.901: delete node: IP: 52.35.167.249. Number of nodes 103
EtherApe-INFO: 02:20:03.703: delete node: IP: 87.245.216.72. Number of nodes 102
EtherApe-INFO: 02:20:07.009: New node: IP: 2.23.109.95. Number of nodes 103
EtherApe-INFO: 02:20:07.826: delete node: IP: 87.245.216.112. Number of nodes 102
EtherApe-INFO: 02:20:19.375: delete node: IP: 192.0.73.2. Number of nodes 101
EtherApe-INFO: 02:20:37.323: delete node: IP: 142.250.203.202. Number of nodes 100
EtherApe-INFO: 02:20:46.560: delete node: IP: 192.124.249.41. Number of nodes 99
EtherApe-INFO: 02:20:46.958: New node: IP: 216.58.208.206. Number of nodes 100
EtherApe-INFO: 02:20:50.539: delete node: IP: 176.122.113.76. Number of nodes 99
EtherApe-INFO: 02:20:50.539: delete node: IP: 34.120.208.123. Number of nodes 98
EtherApe-INFO: 02:20:51.052: New node: IP: 104.18.2.247. Number of nodes 99
EtherApe-INFO: 02:20:54.369: New node: IP: 104.19.176.16. Number of nodes 100
EtherApe-INFO: 02:20:57.480: delete node: IP: 16.16.38.24. Number of nodes 99
EtherApe-INFO: 02:20:57.702: New node: IP: 172.64.133.15. Number of nodes 100
EtherApe-INFO: 02:20:57.708: delete node: IP: 104.16.249.249. Number of nodes 99
EtherApe-INFO: 02:20:58.467: New node: IP: 172.64.132.15. Number of nodes 100
EtherApe-INFO: 02:20:58.519: delete node: IP: 192.0.66.96. Number of nodes 99
EtherApe-INFO: 02:20:58.987: delete node: IP: 1.1.1.1. Number of nodes 98
EtherApe-INFO: 02:20:59.312: delete node: IP: 9.9.9.9. Number of nodes 97
EtherApe-INFO: 02:21:02.656: delete node: IP: 162.125.72.18. Number of nodes 96
EtherApe-INFO: 02:21:02.656: delete node: IP: 104.18.23.52. Number of nodes 95
EtherApe-INFO: 02:21:02.949: delete node: IP: 192.0.78.33. Number of nodes 94
EtherApe-INFO: 02:21:03.902: delete node: IP: 192.0.77.32. Number of nodes 93
EtherApe-INFO: 02:21:04.375: New node: IP: 18.66.107.38. Number of nodes 94
EtherApe-INFO: 02:21:04.625: New node: IP: 13.32.121.83. Number of nodes 95
EtherApe-INFO: 02:21:05.378: New node: IP: 216.58.215.106. Number of nodes 96
EtherApe-INFO: 02:21:05.634: New node: IP: 54.192.231.118. Number of nodes 97
EtherApe-INFO: 02:21:05.641: New node: IP: 13.32.99.105. Number of nodes 98
EtherApe-INFO: 02:21:05.889: New node: IP: 208.254.38.81. Number of nodes 99
EtherApe-INFO: 02:21:07.176: New node: IP: 142.250.203.132. Number of nodes 100
EtherApe-INFO: 02:21:09.303: delete node: IP: 185.199.111.153. Number of nodes 99
EtherApe-INFO: 02:21:09.303: delete node: IP: 87.245.216.11. Number of nodes 98
EtherApe-INFO: 02:21:12.650: delete node: IP: 130.14.29.110. Number of nodes 97
EtherApe-INFO: 02:21:14.348: New node: IP: 34.120.208.123. Number of nodes 98
EtherApe-INFO: 02:21:16.929: delete node: IP: 151.101.0.144. Number of nodes 97
EtherApe-INFO: 02:21:23.407: delete node: IP: 23.227.38.74. Number of nodes 96
EtherApe-INFO: 02:21:24.944: delete node: IP: 151.101.0.95. Number of nodes 95
EtherApe-INFO: 02:21:25.910: delete node: IP: 142.250.203.206. Number of nodes 94
EtherApe-INFO: 02:21:26.944: delete node: IP: 104.16.255.71. Number of nodes 93
EtherApe-INFO: 02:21:27.651: New node: IP: 104.22.4.9. Number of nodes 94
EtherApe-INFO: 02:21:28.740: New node: IP: 18.66.122.3. Number of nodes 95
EtherApe-INFO: 02:21:31.521: delete node: IP: 216.58.215.67. Number of nodes 94
EtherApe-INFO: 02:21:33.175: delete node: IP: 142.250.203.193. Number of nodes 93
EtherApe-INFO: 02:21:34.371: delete node: IP: 216.58.215.78. Number of nodes 92
EtherApe-INFO: 02:21:41.473: New node: IP: 95.216.195.133. Number of nodes 93
EtherApe-INFO: 02:21:43.382: delete node: IP: 216.58.215.118. Number of nodes 92
EtherApe-INFO: 02:21:46.117: delete node: IP: 142.250.75.22. Number of nodes 91
EtherApe-INFO: 02:21:46.951: delete node: IP: 108.138.24.72. Number of nodes 90
EtherApe-INFO: 02:21:47.936: delete node: IP: 87.245.216.107. Number of nodes 89
EtherApe-INFO: 02:21:48.991: delete node: IP: 54.38.195.201. Number of nodes 88
EtherApe-INFO: 02:21:50.011: delete node: IP: 23.64.54.45. Number of nodes 87
EtherApe-INFO: 02:21:53.634: delete node: IP: 88.99.219.88. Number of nodes 86
EtherApe-INFO: 02:21:56.114: delete node: IP: 52.222.236.20. Number of nodes 85
EtherApe-INFO: 02:21:58.206: delete node: IP: 143.244.45.177. Number of nodes 84
EtherApe-INFO: 02:22:18.114: delete node: IP: 87.245.216.121. Number of nodes 83
EtherApe-INFO: 02:22:37.864: delete node: IP: 172.66.43.42. Number of nodes 82
EtherApe-INFO: 02:22:42.482: delete node: IP: 104.17.123.99. Number of nodes 81
EtherApe-INFO: 02:22:42.482: delete node: IP: 18.66.147.124. Number of nodes 80
EtherApe-INFO: 02:22:44.039: delete node: IP: 176.122.113.12. Number of nodes 79
EtherApe-INFO: 02:22:44.515: delete node: IP: 104.18.22.122. Number of nodes 78
EtherApe-INFO: 02:22:44.515: delete node: IP: 104.18.18.132. Number of nodes 77
EtherApe-INFO: 02:22:45.802: delete node: IP: 151.101.193.208. Number of nodes 76
EtherApe-INFO: 02:22:46.754: delete node: IP: 13.32.110.121. Number of nodes 75
EtherApe-INFO: 02:22:47.810: delete node: IP: 18.66.122.108. Number of nodes 74
EtherApe-INFO: 02:22:50.687: delete node: IP: 104.18.40.133. Number of nodes 73
EtherApe-INFO: 02:22:55.566: delete node: IP: 75.101.132.169. Number of nodes 72
EtherApe-INFO: 02:22:58.647: delete node: IP: 198.73.7.192. Number of nodes 71
EtherApe-INFO: 02:22:58.789: delete node: IP: 172.64.132.15. Number of nodes 70
EtherApe-INFO: 02:23:00.323: New node: IP: 52.35.167.249. Number of nodes 71
EtherApe-INFO: 02:23:01.135: delete node: IP: 52.46.141.85. Number of nodes 70
EtherApe-INFO: 02:23:02.176: delete node: IP: 52.46.154.73. Number of nodes 69
EtherApe-INFO: 02:23:23.439: delete node: IP: 104.17.25.14. Number of nodes 68
EtherApe-INFO: 02:23:30.863: delete node: IP: 208.254.38.81. Number of nodes 67
EtherApe-INFO: 02:23:30.863: delete node: IP: 172.217.16.14. Number of nodes 66
EtherApe-INFO: 02:23:30.863: delete node: IP: 142.250.203.138. Number of nodes 65
EtherApe-INFO: 02:23:35.669: delete node: IP: 52.222.230.139. Number of nodes 64
EtherApe-INFO: 02:23:36.687: delete node: IP: 104.17.24.14. Number of nodes 63
EtherApe-INFO: 02:23:42.350: delete node: IP: 95.216.195.133. Number of nodes 62
EtherApe-INFO: 02:23:50.010: delete node: IP: 104.16.85.20. Number of nodes 61
EtherApe-INFO: 02:23:54.435: delete node: IP: 104.18.41.98. Number of nodes 60
EtherApe-INFO: 02:23:54.435: delete node: IP: 104.18.22.52. Number of nodes 59
EtherApe-INFO: 02:23:54.435: delete node: IP: 13.32.121.111. Number of nodes 58
EtherApe-INFO: 02:23:55.465: delete node: IP: 216.58.209.14. Number of nodes 57
EtherApe-INFO: 02:23:56.494: delete node: IP: 13.32.120.231. Number of nodes 56
EtherApe-INFO: 02:23:58.530: delete node: IP: 151.101.1.16. Number of nodes 55
EtherApe-INFO: 02:24:00.579: delete node: IP: 34.107.134.59. Number of nodes 54
EtherApe-INFO: 02:24:01.256: delete node: IP: 35.244.234.223. Number of nodes 53
EtherApe-INFO: 02:24:04.413: delete node: IP: 108.138.2.206. Number of nodes 52
EtherApe-INFO: 02:24:04.413: delete node: IP: 52.10.85.249. Number of nodes 51
EtherApe-INFO: 02:24:04.413: delete node: IP: 18.66.142.228. Number of nodes 50
EtherApe-INFO: 02:24:05.194: delete node: IP: 52.222.230.146. Number of nodes 49
EtherApe-INFO: 02:24:08.227: delete node: IP: 104.16.122.175. Number of nodes 48
EtherApe-INFO: 02:24:08.449: delete node: IP: 104.16.205.69. Number of nodes 47
EtherApe-INFO: 02:24:09.475: delete node: IP: 54.221.138.149. Number of nodes 46
EtherApe-INFO: 02:24:09.475: delete node: IP: 2.23.109.95. Number of nodes 45
EtherApe-INFO: 02:24:11.830: delete node: IP: 151.101.129.16. Number of nodes 44
EtherApe-INFO: 02:24:18.919: New node: IP: 172.217.16.37. Number of nodes 45
EtherApe-INFO: 02:24:25.131: delete node: IP: 151.101.1.111. Number of nodes 44
EtherApe-INFO: 02:24:30.970: delete node: IP: 151.101.129.111. Number of nodes 43
EtherApe-INFO: 02:24:31.756: delete node: IP: 142.250.186.206. Number of nodes 42
EtherApe-INFO: 02:24:32.753: delete node: IP: 216.58.215.97. Number of nodes 41
EtherApe-INFO: 02:24:35.888: delete node: IP: 142.250.186.202. Number of nodes 40
EtherApe-INFO: 02:24:49.190: delete node: IP: 104.16.148.64. Number of nodes 39
EtherApe-INFO: 02:24:49.635: delete node: IP: 104.16.149.64. Number of nodes 38
EtherApe-INFO: 02:24:53.839: delete node: IP: 93.184.220.29. Number of nodes 37
EtherApe-INFO: 02:24:56.602: delete node: IP: 63.34.68.24. Number of nodes 36
EtherApe-INFO: 02:25:00.476: delete node: IP: 18.66.97.70. Number of nodes 35
EtherApe-INFO: 02:25:01.261: delete node: IP: 52.35.167.249. Number of nodes 34
EtherApe-INFO: 02:25:02.022: delete node: IP: 108.138.24.169. Number of nodes 33
EtherApe-INFO: 02:25:03.475: delete node: IP: 142.250.203.131. Number of nodes 32
EtherApe-INFO: 02:25:11.182: delete node: IP: 142.250.186.195. Number of nodes 31
EtherApe-INFO: 02:25:22.682: delete node: IP: 54.192.231.118. Number of nodes 30
EtherApe-INFO: 02:25:24.491: delete node: IP: 87.245.216.9. Number of nodes 29
EtherApe-INFO: 02:25:25.037: delete node: IP: 18.66.122.3. Number of nodes 28
EtherApe-INFO: 02:25:25.037: delete node: IP: 13.32.99.105. Number of nodes 27
EtherApe-INFO: 02:25:37.585: delete node: IP: 216.58.208.206. Number of nodes 26
EtherApe-INFO: 02:25:42.401: delete node: IP: 172.217.16.4. Number of nodes 25
EtherApe-INFO: 02:25:48.521: delete node: IP: 104.19.176.16. Number of nodes 24
EtherApe-INFO: 02:25:57.256: delete node: IP: 216.58.215.106. Number of nodes 23
EtherApe-INFO: 02:26:00.339: delete node: IP: 13.32.121.83. Number of nodes 22
EtherApe-INFO: 02:26:06.523: delete node: IP: 34.120.208.123. Number of nodes 21
EtherApe-INFO: 02:26:09.351: delete node: IP: 142.250.186.197. Number of nodes 20
EtherApe-INFO: 02:26:16.730: delete node: IP: 172.64.133.15. Number of nodes 19
EtherApe-INFO: 02:26:18.797: delete node: IP: 142.250.203.132. Number of nodes 18
EtherApe-INFO: 02:26:18.797: delete node: IP: 104.18.2.247. Number of nodes 17
EtherApe-INFO: 02:26:18.797: delete node: IP: 35.186.227.140. Number of nodes 16
EtherApe-INFO: 02:26:18.797: delete node: IP: 18.66.107.38. Number of nodes 15
EtherApe-INFO: 02:26:21.622: delete node: IP: 104.22.4.9. Number of nodes 14
EtherApe-INFO: 02:26:41.505: New node: IP: 95.216.195.133. Number of nodes 15
EtherApe-INFO: 02:27:01.216: New node: IP: 3.75.5.249. Number of nodes 16
EtherApe-INFO: 02:27:05.824: New node: IP: 172.217.16.4. Number of nodes 17
EtherApe-INFO: 02:27:06.338: New node: IP: 142.250.203.202. Number of nodes 18
EtherApe-INFO: 02:27:10.518: New node: IP: 52.10.85.249. Number of nodes 19
EtherApe-INFO: 02:27:10.518: New node: IP: 35.186.227.140. Number of nodes 20
EtherApe-INFO: 02:27:10.693: New node: IP: 142.250.186.206. Number of nodes 21
EtherApe-INFO: 02:27:20.163: New node: IP: 142.250.186.197. Number of nodes 22
EtherApe-INFO: 02:27:38.337: New node: IP: 142.250.203.206. Number of nodes 23
EtherApe-INFO: 02:27:54.466: New node: IP: 142.250.203.131. Number of nodes 24
EtherApe-INFO: 02:27:54.721: New node: IP: 142.250.203.142. Number of nodes 25
EtherApe-INFO: 02:28:00.609: New node: IP: 52.35.167.249. Number of nodes 26
EtherApe-INFO: 02:28:07.009: New node: IP: 176.122.113.12. Number of nodes 27
EtherApe-INFO: 02:28:07.266: New node: IP: 1.1.1.1. Number of nodes 28
EtherApe-INFO: 02:28:07.524: New node: IP: 9.9.9.9. Number of nodes 29
EtherApe-INFO: 02:28:13.411: New node: IP: 151.101.128.95. Number of nodes 30
EtherApe-INFO: 02:28:42.709: delete node: IP: 95.216.195.133. Number of nodes 29
EtherApe-INFO: 02:29:06.492: delete node: IP: 142.250.203.202. Number of nodes 28
EtherApe-INFO: 02:29:06.492: delete node: IP: 3.75.5.249. Number of nodes 27
EtherApe-INFO: 02:29:11.571: delete node: IP: 172.217.16.37. Number of nodes 26
EtherApe-INFO: 02:30:01.256: delete node: IP: 52.35.167.249. Number of nodes 25
EtherApe-INFO: 02:30:01.953: New node: IP: 54.192.231.19. Number of nodes 26
EtherApe-INFO: 02:30:08.646: delete node: IP: 9.9.9.9. Number of nodes 25
EtherApe-INFO: 02:30:08.646: delete node: IP: 1.1.1.1. Number of nodes 24
EtherApe-INFO: 02:31:41.539: New node: IP: 95.216.195.133. Number of nodes 25
EtherApe-INFO: 02:32:03.328: delete node: IP: 176.122.113.12. Number of nodes 24
EtherApe-INFO: 02:32:12.816: delete node: IP: 142.250.186.197. Number of nodes 23
EtherApe-INFO: 02:32:21.730: New node: IP: 142.250.186.197. Number of nodes 24
EtherApe-INFO: 02:32:43.292: delete node: IP: 52.10.85.249. Number of nodes 23
EtherApe-INFO: 02:32:46.621: delete node: IP: 142.250.203.142. Number of nodes 22
EtherApe-INFO: 02:33:00.896: New node: IP: 52.35.167.249. Number of nodes 23
EtherApe-INFO: 02:33:04.738: New node: IP: 142.250.203.202. Number of nodes 24
EtherApe-INFO: 02:33:07.041: New node: IP: 52.10.85.249. Number of nodes 25
EtherApe-INFO: 02:33:11.176: delete node: IP: 151.101.128.95. Number of nodes 24
EtherApe-INFO: 02:33:42.196: delete node: IP: 95.216.195.133. Number of nodes 23
EtherApe-INFO: 02:33:42.196: delete node: IP: 8.8.8.8. Number of nodes 22
EtherApe-INFO: 02:33:59.026: delete node: IP: 54.192.231.19. Number of nodes 21
EtherApe-INFO: 02:34:29.571: delete node: IP: 142.250.203.131. Number of nodes 20
EtherApe-INFO: 02:34:35.668: delete node: IP: 142.250.186.206. Number of nodes 19
EtherApe-INFO: 02:35:01.234: delete node: IP: 52.35.167.249. Number of nodes 18
EtherApe-INFO: 02:35:05.359: delete node: IP: 142.250.203.202. Number of nodes 17
EtherApe-INFO: 02:35:09.409: New node: IP: 8.8.8.8. Number of nodes 18
EtherApe-INFO: 02:35:58.048: New node: IP: 104.16.249.249. Number of nodes 19
EtherApe-INFO: 02:36:09.367: delete node: IP: 52.10.85.249. Number of nodes 18
EtherApe-INFO: 02:36:41.313: New node: IP: 95.216.195.133. Number of nodes 19
EtherApe-INFO: 02:37:12.334: delete node: IP: 142.250.186.197. Number of nodes 18
EtherApe-INFO: 02:37:22.787: New node: IP: 172.217.16.37. Number of nodes 19
EtherApe-INFO: 02:37:55.560: delete node: IP: 142.250.203.206. Number of nodes 18
EtherApe-INFO: 02:37:57.375: delete node: IP: 172.217.16.4. Number of nodes 17
EtherApe-INFO: 02:37:57.375: delete node: IP: 35.186.227.140. Number of nodes 16
EtherApe-INFO: 02:38:01.184: New node: IP: 52.35.167.249. Number of nodes 17
EtherApe-INFO: 02:38:42.463: delete node: IP: 95.216.195.133. Number of nodes 16
EtherApe-INFO: 02:38:42.463: delete node: IP: 8.8.8.8. Number of nodes 15
EtherApe-INFO: 02:38:56.766: delete node: IP: 104.16.249.249. Number of nodes 14
EtherApe-INFO: 02:39:25.154: New node: IP: 140.82.114.26. Number of nodes 15
EtherApe-INFO: 02:39:25.408: New node: IP: 8.8.8.8. Number of nodes 16
EtherApe-INFO: 02:39:33.858: New node: IP: 216.58.208.202. Number of nodes 17
EtherApe-INFO: 02:40:03.372: delete node: IP: 52.35.167.249. Number of nodes 16
EtherApe-INFO: 02:40:09.186: New node: IP: 142.250.203.202. Number of nodes 17
EtherApe-INFO: 02:40:43.745: New node: IP: 52.10.85.249. Number of nodes 18
EtherApe-INFO: 02:40:43.745: New node: IP: 35.186.227.140. Number of nodes 19
EtherApe-INFO: 02:41:06.273: New node: IP: 142.250.203.133. Number of nodes 20
EtherApe-INFO: 02:41:10.881: New node: IP: 151.101.129.111. Number of nodes 21
EtherApe-INFO: 02:41:25.481: delete node: IP: 140.82.112.25. Number of nodes 20
EtherApe-INFO: 02:41:33.923: New node: IP: 104.16.205.69. Number of nodes 21
EtherApe-INFO: 02:41:35.718: New node: IP: 104.16.122.175. Number of nodes 22
EtherApe-INFO: 02:41:41.345: New node: IP: 95.216.195.133. Number of nodes 23
EtherApe-INFO: 02:42:09.576: delete node: IP: 142.250.203.202. Number of nodes 22
EtherApe-INFO: 02:42:14.901: delete node: IP: 172.217.16.37. Number of nodes 21
EtherApe-INFO: 02:43:01.472: New node: IP: 52.35.167.249. Number of nodes 22
EtherApe-INFO: 02:43:30.914: New node: IP: 130.14.29.110. Number of nodes 23
EtherApe-INFO: 02:43:32.993: New node: IP: 104.18.10.207. Number of nodes 24
EtherApe-INFO: 02:43:33.218: New node: IP: 69.16.175.42. Number of nodes 25
EtherApe-INFO: 02:43:33.986: New node: IP: 104.18.11.207. Number of nodes 26
EtherApe-INFO: 02:43:41.409: New node: IP: 142.250.203.202. Number of nodes 27
EtherApe-INFO: 02:43:42.037: delete node: IP: 95.216.195.133. Number of nodes 26
EtherApe-INFO: 02:44:25.732: delete node: IP: 216.58.208.202. Number of nodes 25
EtherApe-INFO: 02:45:03.135: delete node: IP: 52.35.167.249. Number of nodes 24
EtherApe-INFO: 02:45:03.845: New node: IP: 54.192.231.19. Number of nodes 25
EtherApe-INFO: 02:45:25.602: New node: IP: 34.120.208.123. Number of nodes 26
EtherApe-INFO: 02:45:26.881: New node: IP: 172.217.16.4. Number of nodes 27
EtherApe-INFO: 02:45:27.140: New node: IP: 142.250.186.195. Number of nodes 28
EtherApe-INFO: 02:45:45.137: delete node: IP: 142.250.203.202. Number of nodes 27
EtherApe-INFO: 02:45:45.827: New node: IP: 142.250.203.206. Number of nodes 28
EtherApe-INFO: 02:45:51.479: delete node: IP: 130.14.29.110. Number of nodes 27
EtherApe-INFO: 02:46:01.960: delete node: IP: 151.101.129.111. Number of nodes 26
EtherApe-INFO: 02:46:26.033: delete node: IP: 104.16.122.175. Number of nodes 25
EtherApe-INFO: 02:46:30.369: delete node: IP: 104.16.205.69. Number of nodes 24
EtherApe-INFO: 02:46:37.024: New node: IP: 142.250.203.202. Number of nodes 25
EtherApe-INFO: 02:46:40.354: New node: IP: 142.250.186.206. Number of nodes 26
EtherApe-INFO: 02:46:41.377: New node: IP: 95.216.195.133. Number of nodes 27
EtherApe-INFO: 02:46:42.914: New node: IP: 91.228.155.204. Number of nodes 28
EtherApe-INFO: 02:46:44.197: New node: IP: 142.250.203.138. Number of nodes 29
EtherApe-INFO: 02:46:44.474: New node: IP: 91.198.174.208. Number of nodes 30
EtherApe-INFO: 02:46:44.986: New node: IP: 216.58.208.195. Number of nodes 31
EtherApe-INFO: 02:47:08.005: New node: IP: 178.248.232.27. Number of nodes 32
EtherApe-INFO: 02:47:08.262: New node: IP: 87.245.216.107. Number of nodes 33
EtherApe-INFO: 02:47:11.337: New node: IP: 104.17.49.74. Number of nodes 34
EtherApe-INFO: 02:47:11.858: New node: IP: 104.16.229.42. Number of nodes 35
EtherApe-INFO: 02:47:13.888: New node: IP: 185.226.144.115. Number of nodes 36
EtherApe-INFO: 02:47:14.146: New node: IP: 104.18.21.226. Number of nodes 37
EtherApe-INFO: 02:48:00.737: New node: IP: 52.35.167.249. Number of nodes 38
EtherApe-INFO: 02:48:24.094: delete node: IP: 104.18.10.207. Number of nodes 37
EtherApe-INFO: 02:48:24.094: delete node: IP: 69.16.175.42. Number of nodes 36
EtherApe-INFO: 02:48:24.859: delete node: IP: 104.18.11.207. Number of nodes 35
EtherApe-INFO: 02:48:31.271: delete node: IP: 52.10.85.249. Number of nodes 34
EtherApe-INFO: 02:48:37.090: delete node: IP: 142.250.203.202. Number of nodes 33
EtherApe-INFO: 02:48:41.722: delete node: IP: 95.216.195.133. Number of nodes 32
EtherApe-INFO: 02:49:01.154: delete node: IP: 54.192.231.19. Number of nodes 31
EtherApe-INFO: 02:49:29.350: delete node: IP: 178.248.232.27. Number of nodes 30
EtherApe-INFO: 02:50:02.175: delete node: IP: 52.35.167.249. Number of nodes 29
EtherApe-INFO: 02:50:16.232: delete node: IP: 34.120.208.123. Number of nodes 28
EtherApe-INFO: 02:50:45.142: delete node: IP: 91.198.174.208. Number of nodes 27
EtherApe-INFO: 02:50:46.467: delete node: IP: 142.250.203.206. Number of nodes 26
EtherApe-INFO: 02:51:04.844: delete node: IP: 87.245.216.107. Number of nodes 25
EtherApe-INFO: 02:51:09.421: delete node: IP: 104.18.21.226. Number of nodes 24
EtherApe-INFO: 02:51:10.270: delete node: IP: 54.192.231.119. Number of nodes 23
EtherApe-INFO: 02:51:11.223: delete node: IP: 142.250.186.195. Number of nodes 22
EtherApe-INFO: 02:51:22.567: delete node: IP: 142.250.75.3. Number of nodes 21
EtherApe-INFO: 02:51:31.197: delete node: IP: 142.250.186.206. Number of nodes 20
EtherApe-INFO: 02:51:35.819: delete node: IP: 91.228.155.204. Number of nodes 19
EtherApe-INFO: 02:51:41.408: New node: IP: 95.216.195.133. Number of nodes 20
EtherApe-INFO: 02:51:58.366: delete node: IP: 172.217.16.4. Number of nodes 19
EtherApe-INFO: 02:52:00.658: delete node: IP: 142.250.203.133. Number of nodes 18
EtherApe-INFO: 02:52:03.478: delete node: IP: 216.58.208.195. Number of nodes 17
EtherApe-INFO: 02:52:03.478: delete node: IP: 142.250.203.138. Number of nodes 16
EtherApe-INFO: 02:52:03.478: delete node: IP: 104.17.49.74. Number of nodes 15
EtherApe-INFO: 02:52:03.478: delete node: IP: 35.186.227.140. Number of nodes 14
EtherApe-INFO: 02:52:04.217: delete node: IP: 104.16.229.42. Number of nodes 13
EtherApe-INFO: 02:52:29.378: delete node: IP: 142.250.147.189. Number of nodes 12
EtherApe-INFO: 02:52:59.837: delete node: IP: 172.217.16.42. Number of nodes 11
EtherApe-INFO: 02:53:02.048: New node: IP: 52.35.167.249. Number of nodes 12
EtherApe-INFO: 02:53:41.799: delete node: IP: 95.216.195.133. Number of nodes 11
EtherApe-INFO: 02:54:13.984: New node: IP: 104.16.249.249. Number of nodes 12
EtherApe-INFO: 02:54:14.496: New node: IP: 34.107.221.82. Number of nodes 13
EtherApe-INFO: 02:54:16.301: New node: IP: 104.17.49.74. Number of nodes 14
EtherApe-INFO: 02:54:16.302: New node: IP: 93.184.220.29. Number of nodes 15
EtherApe-INFO: 02:54:16.303: New node: IP: 54.185.157.183. Number of nodes 16
EtherApe-INFO: 02:54:16.547: New node: IP: 143.204.215.95. Number of nodes 17
EtherApe-INFO: 02:54:16.548: New node: IP: 35.164.184.131. Number of nodes 18
EtherApe-INFO: 02:54:16.548: New node: IP: 52.33.112.155. Number of nodes 19
EtherApe-INFO: 02:54:17.570: New node: IP: 34.120.208.123. Number of nodes 20
EtherApe-INFO: 02:54:17.829: New node: IP: 34.160.144.191. Number of nodes 21
EtherApe-INFO: 02:54:18.086: New node: IP: 54.189.35.180. Number of nodes 22
EtherApe-INFO: 02:54:18.089: New node: IP: 142.250.186.195. Number of nodes 23
EtherApe-INFO: 02:54:21.159: New node: IP: 216.58.208.195. Number of nodes 24
EtherApe-INFO: 02:54:22.187: New node: IP: 3.2.9.2. Number of nodes 25
EtherApe-INFO: 02:54:27.298: New node: IP: 192.168.0.1. Number of nodes 26
EtherApe-INFO: 02:54:27.810: New node: IP: 192.168.0.218. Number of nodes 27
EtherApe-INFO: 02:56:12.264: delete node: IP: 140.82.114.26. Number of nodes 26
EtherApe-INFO: 02:56:12.265: delete node: IP: 52.35.167.249. Number of nodes 25
EtherApe-INFO: 02:56:17.441: delete node: IP: 104.16.249.249. Number of nodes 24
EtherApe-INFO: 02:56:23.285: delete node: IP: 54.189.35.180. Number of nodes 23
EtherApe-INFO: 02:56:27.409: delete node: IP: 216.58.208.195. Number of nodes 22
EtherApe-INFO: 02:56:29.469: delete node: IP: 192.168.0.1. Number of nodes 21
EtherApe-INFO: 02:56:29.469: delete node: IP: 35.164.184.131. Number of nodes 20
EtherApe-INFO: 02:56:30.761: delete node: IP: 192.168.0.218. Number of nodes 19
EtherApe-INFO: 02:56:41.441: New node: IP: 95.216.195.133. Number of nodes 20
EtherApe-INFO: 02:57:21.419: delete node: IP: 54.185.157.183. Number of nodes 19
EtherApe-INFO: 02:57:21.419: delete node: IP: 52.33.112.155. Number of nodes 18
EtherApe-INFO: 02:57:22.500: delete node: IP: 3.2.9.2. Number of nodes 17
EtherApe-INFO: 02:58:10.881: delete node: IP: 34.107.221.82. Number of nodes 16
EtherApe-INFO: 02:58:13.126: delete node: IP: 143.204.215.95. Number of nodes 15
EtherApe-INFO: 02:58:13.447: delete node: IP: 142.250.186.195. Number of nodes 14
EtherApe-INFO: 02:58:13.447: delete node: IP: 93.184.220.29. Number of nodes 13
EtherApe-INFO: 02:58:42.306: delete node: IP: 95.216.195.133. Number of nodes 12
EtherApe-INFO: 02:59:09.476: delete node: IP: 104.17.49.74. Number of nodes 11
EtherApe-INFO: 02:59:14.820: delete node: IP: 34.160.144.191. Number of nodes 10
EtherApe-INFO: 02:59:14.820: delete node: IP: 34.120.208.123. Number of nodes 9
EtherApe-INFO: 02:59:22.464: New node: IP: 54.189.35.180. Number of nodes 10
EtherApe-INFO: 02:59:43.456: New node: IP: 149.154.167.216. Number of nodes 11
EtherApe-INFO: 03:00:01.377: New node: IP: 3.75.5.249. Number of nodes 12
EtherApe-INFO: 03:00:56.160: New node: IP: 104.16.249.249. Number of nodes 13
EtherApe-INFO: 03:01:24.347: delete node: IP: 54.189.35.180. Number of nodes 12
EtherApe-INFO: 03:01:41.474: New node: IP: 95.216.195.133. Number of nodes 13
EtherApe-INFO: 03:02:01.786: delete node: IP: 3.75.5.249. Number of nodes 12
EtherApe-INFO: 03:02:24.297: delete node: IP: 149.154.167.216. Number of nodes 11
EtherApe-INFO: 03:02:43.424: New node: IP: 3.75.5.249. Number of nodes 12
EtherApe-INFO: 03:02:57.601: delete node: IP: 104.16.249.249. Number of nodes 11
EtherApe-INFO: 03:03:41.633: delete node: IP: 95.216.195.133. Number of nodes 10
EtherApe-INFO: 03:04:22.752: New node: IP: 54.189.35.180. Number of nodes 11
EtherApe-INFO: 03:04:58.412: delete node: IP: 3.75.5.249. Number of nodes 10
EtherApe-INFO: 03:06:22.821: delete node: IP: 54.189.35.180. Number of nodes 9
EtherApe-INFO: 03:06:41.505: New node: IP: 95.216.195.133. Number of nodes 10
EtherApe-INFO: 03:08:44.923: delete node: IP: 95.216.195.133. Number of nodes 9
EtherApe-INFO: 03:09:22.793: New node: IP: 54.189.35.180. Number of nodes 10
EtherApe-INFO: 03:09:34.314: New node: IP: 149.154.167.216. Number of nodes 11
EtherApe-INFO: 03:10:04.520: New node: IP: 3.75.5.249. Number of nodes 12
EtherApe-INFO: 03:11:24.453: delete node: IP: 54.189.35.180. Number of nodes 11
EtherApe-INFO: 03:11:41.548: New node: IP: 95.216.195.133. Number of nodes 12
EtherApe-INFO: 03:11:54.426: delete node: IP: 149.154.167.216. Number of nodes 11
EtherApe-INFO: 03:13:41.975: delete node: IP: 95.216.195.133. Number of nodes 10
EtherApe-INFO: 03:14:23.080: New node: IP: 54.189.35.180. Number of nodes 11
EtherApe-INFO: 03:15:38.149: delete node: IP: 3.75.5.249. Number of nodes 10
EtherApe-INFO: 03:16:23.936: delete node: IP: 54.189.35.180. Number of nodes 9
EtherApe-INFO: 03:16:41.576: New node: IP: 95.216.195.133. Number of nodes 10
EtherApe-INFO: 03:17:12.808: New node: IP: 3.75.5.249. Number of nodes 11
EtherApe-INFO: 03:17:57.097: New node: IP: 140.82.121.3. Number of nodes 12
EtherApe-INFO: 03:18:41.961: delete node: IP: 95.216.195.133. Number of nodes 11
EtherApe-INFO: 03:19:11.338: New node: IP: 149.154.167.216. Number of nodes 12
EtherApe-INFO: 03:19:23.368: New node: IP: 54.189.35.180. Number of nodes 13
EtherApe-INFO: 03:19:26.514: delete node: IP: 3.75.5.249. Number of nodes 12
EtherApe-INFO: 03:21:13.800: delete node: IP: 140.82.121.3. Number of nodes 11
EtherApe-INFO: 03:21:23.719: delete node: IP: 54.189.35.180. Number of nodes 10
EtherApe-INFO: 03:21:26.828: delete node: IP: 149.154.167.216. Number of nodes 9
EtherApe-INFO: 03:21:41.354: New node: IP: 95.216.195.133. Number of nodes 10
EtherApe-INFO: 03:21:58.505: New node: IP: 3.75.5.249. Number of nodes 11
EtherApe-INFO: 03:23:41.767: delete node: IP: 95.216.195.133. Number of nodes 10
EtherApe-INFO: 03:24:14.982: delete node: IP: 3.75.5.249. Number of nodes 9
EtherApe-INFO: 03:24:23.665: New node: IP: 54.189.35.180. Number of nodes 10
EtherApe-INFO: 03:24:38.579: delete node: IP: 104.16.248.249. Number of nodes 9
EtherApe-INFO: 03:24:52.336: New node: IP: 3.75.5.249. Number of nodes 10
EtherApe-INFO: 03:26:24.285: delete node: IP: 54.189.35.180. Number of nodes 9
EtherApe-INFO: 03:26:41.397: New node: IP: 95.216.195.133. Number of nodes 10
EtherApe-INFO: 03:28:41.714: New node: IP: 54.189.35.180. Number of nodes 11
EtherApe-INFO: 03:28:41.741: delete node: IP: 95.216.195.133. Number of nodes 10
EtherApe-INFO: 03:28:44.529: New node: IP: 104.16.249.249. Number of nodes 11
EtherApe-INFO: 03:28:45.040: New node: IP: 34.107.221.82. Number of nodes 12
EtherApe-INFO: 03:28:46.834: New node: IP: 34.120.208.123. Number of nodes 13
EtherApe-INFO: 03:28:46.838: New node: IP: 52.40.171.113. Number of nodes 14
EtherApe-INFO: 03:28:46.839: New node: IP: 54.191.154.194. Number of nodes 15
EtherApe-INFO: 03:28:46.840: New node: IP: 44.238.39.101. Number of nodes 16
EtherApe-INFO: 03:28:46.842: New node: IP: 104.17.49.74. Number of nodes 17
EtherApe-INFO: 03:28:46.842: New node: IP: 93.184.220.29. Number of nodes 18
EtherApe-INFO: 03:28:46.852: New node: IP: 34.213.140.56. Number of nodes 19
EtherApe-INFO: 03:28:46.852: New node: IP: 142.250.203.195. Number of nodes 20
EtherApe-INFO: 03:28:47.088: New node: IP: 216.58.208.206. Number of nodes 21
EtherApe-INFO: 03:28:52.994: New node: IP: 3.2.9.2. Number of nodes 22
EtherApe-INFO: 03:29:04.242: New node: IP: 192.168.0.1. Number of nodes 23
EtherApe-INFO: 03:29:05.782: New node: IP: 192.168.0.218. Number of nodes 24
EtherApe-INFO: 03:29:32.403: New node: IP: 149.154.167.216. Number of nodes 25
EtherApe-INFO: 03:30:42.066: delete node: IP: 54.189.35.180. Number of nodes 24
EtherApe-INFO: 03:30:43.613: delete node: IP: 3.75.5.249. Number of nodes 23
EtherApe-INFO: 03:30:50.037: delete node: IP: 34.213.140.56. Number of nodes 22
EtherApe-INFO: 03:31:00.306: delete node: IP: 54.191.154.194. Number of nodes 21
EtherApe-INFO: 03:31:04.633: delete node: IP: 192.168.0.1. Number of nodes 20
EtherApe-INFO: 03:31:06.381: delete node: IP: 192.168.0.218. Number of nodes 19
EtherApe-INFO: 03:31:41.425: New node: IP: 95.216.195.133. Number of nodes 20
EtherApe-INFO: 03:31:48.102: delete node: IP: 149.154.167.216. Number of nodes 19
EtherApe-INFO: 03:31:49.931: delete node: IP: 52.40.171.113. Number of nodes 18
EtherApe-INFO: 03:31:50.148: delete node: IP: 44.238.39.101. Number of nodes 17
EtherApe-INFO: 03:31:52.960: delete node: IP: 3.2.9.2. Number of nodes 16
EtherApe-INFO: 03:32:41.162: delete node: IP: 34.107.221.82. Number of nodes 15
EtherApe-INFO: 03:32:44.206: delete node: IP: 142.250.203.195. Number of nodes 14
EtherApe-INFO: 03:32:45.175: delete node: IP: 93.184.220.29. Number of nodes 13
EtherApe-INFO: 03:33:40.274: delete node: IP: 216.58.208.206. Number of nodes 12
EtherApe-INFO: 03:33:40.274: delete node: IP: 34.120.208.123. Number of nodes 11
EtherApe-INFO: 03:33:40.722: New node: IP: 3.75.5.249. Number of nodes 12
EtherApe-INFO: 03:33:41.007: delete node: IP: 104.17.49.74. Number of nodes 11
EtherApe-INFO: 03:33:41.832: delete node: IP: 95.216.195.133. Number of nodes 10
EtherApe-INFO: 03:33:49.516: New node: IP: 34.213.140.56. Number of nodes 11
EtherApe-INFO: 03:35:49.796: delete node: IP: 34.213.140.56. Number of nodes 10
EtherApe-INFO: 03:35:54.888: delete node: IP: 3.75.5.249. Number of nodes 9
EtherApe-INFO: 03:36:41.458: New node: IP: 95.216.195.133. Number of nodes 10
EtherApe-INFO: 03:38:42.310: delete node: IP: 95.216.195.133. Number of nodes 9
EtherApe-INFO: 03:38:49.712: New node: IP: 34.213.140.56. Number of nodes 10
EtherApe-INFO: 03:40:51.356: delete node: IP: 34.213.140.56. Number of nodes 9
EtherApe-INFO: 03:40:53.872: New node: IP: 3.75.5.249. Number of nodes 10
EtherApe-INFO: 03:41:41.492: New node: IP: 95.216.195.133. Number of nodes 11
EtherApe-INFO: 03:43:08.089: delete node: IP: 3.75.5.249. Number of nodes 10
EtherApe-INFO: 03:43:41.864: delete node: IP: 95.216.195.133. Number of nodes 9
EtherApe-INFO: 03:43:49.745: New node: IP: 34.213.140.56. Number of nodes 10
EtherApe-INFO: 03:45:50.898: delete node: IP: 34.213.140.56. Number of nodes 9
EtherApe-INFO: 03:46:41.521: New node: IP: 95.216.195.133. Number of nodes 10
EtherApe-INFO: 03:48:42.419: delete node: IP: 95.216.195.133. Number of nodes 9
EtherApe-INFO: 03:48:49.776: New node: IP: 34.213.140.56. Number of nodes 10
EtherApe-INFO: 03:50:51.465: delete node: IP: 34.213.140.56. Number of nodes 9
EtherApe-INFO: 03:51:41.552: New node: IP: 95.216.195.133. Number of nodes 10
EtherApe-INFO: 03:53:42.170: delete node: IP: 95.216.195.133. Number of nodes 9
EtherApe-INFO: 03:53:50.064: New node: IP: 34.213.140.56. Number of nodes 10
EtherApe-INFO: 03:55:50.477: delete node: IP: 34.213.140.56. Number of nodes 9
EtherApe-INFO: 03:56:41.328: New node: IP: 95.216.195.133. Number of nodes 10
EtherApe-INFO: 03:58:42.235: delete node: IP: 95.216.195.133. Number of nodes 9
EtherApe-INFO: 03:58:50.352: New node: IP: 34.213.140.56. Number of nodes 10
EtherApe-INFO: 03:59:09.889: delete node: IP: 104.16.249.249. Number of nodes 9
EtherApe-INFO: 04:00:08.688: New node: IP: 149.154.167.216. Number of nodes 10
EtherApe-INFO: 04:00:53.236: delete node: IP: 34.213.140.56. Number of nodes 9
EtherApe-INFO: 04:01:41.360: New node: IP: 95.216.195.133. Number of nodes 10
EtherApe-INFO: 04:02:24.456: delete node: IP: 149.154.167.216. Number of nodes 9
EtherApe-INFO: 04:03:41.754: delete node: IP: 95.216.195.133. Number of nodes 8
EtherApe-INFO: 04:03:50.384: New node: IP: 34.213.140.56. Number of nodes 9
EtherApe-INFO: 04:05:50.655: delete node: IP: 34.213.140.56. Number of nodes 8
EtherApe-INFO: 04:06:41.447: New node: IP: 95.216.195.133. Number of nodes 9
EtherApe-INFO: 04:08:41.735: delete node: IP: 95.216.195.133. Number of nodes 8
EtherApe-INFO: 04:08:50.373: New node: IP: 34.213.140.56. Number of nodes 9
EtherApe-INFO: 04:09:41.280: New node: IP: 149.154.167.216. Number of nodes 10
EtherApe-INFO: 04:10:50.826: delete node: IP: 34.213.140.56. Number of nodes 9
EtherApe-INFO: 04:11:41.401: New node: IP: 95.216.195.133. Number of nodes 10
EtherApe-INFO: 04:11:56.722: delete node: IP: 149.154.167.216. Number of nodes 9
EtherApe-INFO: 04:13:41.903: delete node: IP: 95.216.195.133. Number of nodes 8
EtherApe-INFO: 04:13:50.547: New node: IP: 34.213.140.56. Number of nodes 9
EtherApe-INFO: 04:14:29.458: New node: IP: 149.154.167.216. Number of nodes 10
EtherApe-INFO: 04:15:52.171: delete node: IP: 34.213.140.56. Number of nodes 9
EtherApe-INFO: 04:16:41.552: New node: IP: 95.216.195.133. Number of nodes 10
EtherApe-INFO: 04:16:46.215: delete node: IP: 149.154.167.216. Number of nodes 9
EtherApe-INFO: 04:18:42.412: delete node: IP: 95.216.195.133. Number of nodes 8
EtherApe-INFO: 04:18:50.777: New node: IP: 34.213.140.56. Number of nodes 9
EtherApe-INFO: 04:20:51.377: delete node: IP: 34.213.140.56. Number of nodes 8
EtherApe-INFO: 04:21:41.416: New node: IP: 95.216.195.133. Number of nodes 9
EtherApe-INFO: 04:23:41.794: delete node: IP: 95.216.195.133. Number of nodes 8
EtherApe-INFO: 04:23:50.937: New node: IP: 34.213.140.56. Number of nodes 9
EtherApe-INFO: 04:25:51.236: delete node: IP: 34.213.140.56. Number of nodes 8
EtherApe-INFO: 04:26:41.368: New node: IP: 95.216.195.133. Number of nodes 9
EtherApe-INFO: 04:27:01.080: New node: IP: 3.75.5.249. Number of nodes 10
EtherApe-INFO: 04:28:42.240: delete node: IP: 95.216.195.133. Number of nodes 9
EtherApe-INFO: 04:28:51.161: New node: IP: 34.213.140.56. Number of nodes 10
EtherApe-INFO: 04:29:06.329: delete node: IP: 3.75.5.249. Number of nodes 9
EtherApe-INFO: 04:30:52.328: delete node: IP: 34.213.140.56. Number of nodes 8
EtherApe-INFO: 04:31:41.400: New node: IP: 95.216.195.133. Number of nodes 9
EtherApe-INFO: 04:33:43.791: delete node: IP: 95.216.195.133. Number of nodes 8
EtherApe-INFO: 04:33:51.193: New node: IP: 34.213.140.56. Number of nodes 9
EtherApe-INFO: 04:35:51.565: delete node: IP: 34.213.140.56. Number of nodes 8
EtherApe-INFO: 04:36:41.328: New node: IP: 95.216.195.133. Number of nodes 9
EtherApe-INFO: 04:38:42.169: delete node: IP: 95.216.195.133. Number of nodes 8
EtherApe-INFO: 04:38:51.377: New node: IP: 34.213.140.56. Number of nodes 9
EtherApe-INFO: 04:39:20.305: New node: IP: 3.75.5.249. Number of nodes 10
EtherApe-INFO: 04:40:51.720: delete node: IP: 34.213.140.56. Number of nodes 9
EtherApe-INFO: 04:41:41.330: New node: IP: 95.216.195.133. Number of nodes 10
EtherApe-INFO: 04:41:54.207: delete node: IP: 3.75.5.249. Number of nodes 9
EtherApe-INFO: 04:43:42.187: delete node: IP: 95.216.195.133. Number of nodes 8
EtherApe-INFO: 04:43:51.576: New node: IP: 34.213.140.56. Number of nodes 9
EtherApe-INFO: 04:45:52.097: delete node: IP: 34.213.140.56. Number of nodes 8
EtherApe-INFO: 04:46:41.433: New node: IP: 95.216.195.133. Number of nodes 9
EtherApe-INFO: 04:48:43.570: delete node: IP: 95.216.195.133. Number of nodes 8
EtherApe-INFO: 04:48:50.904: New node: IP: 34.213.140.56. Number of nodes 9
EtherApe-INFO: 04:50:54.070: delete node: IP: 34.213.140.56. Number of nodes 8
EtherApe-INFO: 04:51:41.400: New node: IP: 95.216.195.133. Number of nodes 9
EtherApe-INFO: 04:51:51.384: New node: IP: 3.75.5.249. Number of nodes 10
EtherApe-INFO: 04:53:41.849: delete node: IP: 95.216.195.133. Number of nodes 9
EtherApe-INFO: 04:53:51.920: New node: IP: 34.213.140.56. Number of nodes 10
EtherApe-INFO: 04:54:04.514: delete node: IP: 3.75.5.249. Number of nodes 9
EtherApe-INFO: 04:55:52.234: delete node: IP: 34.213.140.56. Number of nodes 8
EtherApe-INFO: 04:56:41.344: New node: IP: 95.216.195.133. Number of nodes 9
EtherApe-INFO: 04:57:22.537: New node: IP: 3.75.5.249. Number of nodes 10
EtherApe-INFO: 04:58:41.569: delete node: IP: 95.216.195.133. Number of nodes 9
EtherApe-INFO: 04:58:52.275: New node: IP: 34.213.140.56. Number of nodes 10
EtherApe-INFO: 04:59:35.799: delete node: IP: 3.75.5.249. Number of nodes 9
EtherApe-INFO: 05:00:53.053: delete node: IP: 34.213.140.56. Number of nodes 8
EtherApe-INFO: 05:01:05.784: New node: IP: 3.75.5.249. Number of nodes 9
EtherApe-INFO: 05:01:41.369: New node: IP: 95.216.195.133. Number of nodes 10
EtherApe-INFO: 05:03:44.510: delete node: IP: 95.216.195.133. Number of nodes 9
EtherApe-INFO: 05:03:52.440: New node: IP: 34.213.140.56. Number of nodes 10
EtherApe-INFO: 05:04:22.416: delete node: IP: 3.75.5.249. Number of nodes 9
EtherApe-INFO: 05:05:54.108: delete node: IP: 34.213.140.56. Number of nodes 8
EtherApe-INFO: 05:06:41.401: New node: IP: 95.216.195.133. Number of nodes 9
EtherApe-INFO: 05:08:42.283: delete node: IP: 95.216.195.133. Number of nodes 8
EtherApe-INFO: 05:08:52.728: New node: IP: 34.213.140.56. Number of nodes 9
EtherApe-INFO: 05:10:55.406: delete node: IP: 34.213.140.56. Number of nodes 8
EtherApe-INFO: 05:11:41.432: New node: IP: 95.216.195.133. Number of nodes 9
EtherApe-INFO: 05:12:21.880: New node: IP: 3.75.5.249. Number of nodes 10
EtherApe-INFO: 05:13:10.265: New node: IP: 149.154.167.216. Number of nodes 11
EtherApe-INFO: 05:13:41.780: delete node: IP: 95.216.195.133. Number of nodes 10
EtherApe-INFO: 05:13:53.016: New node: IP: 34.213.140.56. Number of nodes 11
EtherApe-INFO: 05:14:34.763: delete node: IP: 3.75.5.249. Number of nodes 10
EtherApe-INFO: 05:14:45.240: New node: IP: 3.75.5.249. Number of nodes 11
EtherApe-INFO: 05:15:25.989: delete node: IP: 149.154.167.216. Number of nodes 10
EtherApe-INFO: 05:15:53.439: delete node: IP: 34.213.140.56. Number of nodes 9
EtherApe-INFO: 05:16:41.465: New node: IP: 95.216.195.133. Number of nodes 10
EtherApe-INFO: 05:17:39.064: New node: IP: 34.120.208.123. Number of nodes 11
EtherApe-INFO: 05:18:34.147: delete node: IP: 3.75.5.249. Number of nodes 10
EtherApe-INFO: 05:18:39.225: New node: IP: 3.75.5.249. Number of nodes 11
EtherApe-INFO: 05:18:41.532: delete node: IP: 95.216.195.133. Number of nodes 10
EtherApe-INFO: 05:18:51.001: New node: IP: 34.213.140.56. Number of nodes 11
EtherApe-INFO: 05:19:39.439: delete node: IP: 34.120.208.123. Number of nodes 10
EtherApe-INFO: 05:20:54.437: delete node: IP: 34.213.140.56. Number of nodes 9
EtherApe-INFO: 05:20:54.437: delete node: IP: 3.75.5.249. Number of nodes 8
EtherApe-INFO: 05:21:41.496: New node: IP: 95.216.195.133. Number of nodes 9
EtherApe-INFO: 05:23:42.339: delete node: IP: 95.216.195.133. Number of nodes 8
EtherApe-INFO: 05:23:53.337: New node: IP: 34.213.140.56. Number of nodes 9
EtherApe-INFO: 05:25:54.981: delete node: IP: 34.213.140.56. Number of nodes 8
EtherApe-INFO: 05:26:41.529: New node: IP: 95.216.195.133. Number of nodes 9
EtherApe-INFO: 05:27:01.241: New node: IP: 3.75.5.249. Number of nodes 10
EtherApe-INFO: 05:28:42.410: delete node: IP: 95.216.195.133. Number of nodes 9
EtherApe-INFO: 05:28:53.624: New node: IP: 34.213.140.56. Number of nodes 10
EtherApe-INFO: 05:29:05.665: delete node: IP: 3.75.5.249. Number of nodes 9
EtherApe-INFO: 05:30:23.737: New node: IP: 3.75.5.249. Number of nodes 10
EtherApe-INFO: 05:30:53.779: delete node: IP: 34.213.140.56. Number of nodes 9
EtherApe-INFO: 05:31:41.305: New node: IP: 95.216.195.133. Number of nodes 10
EtherApe-INFO: 05:32:56.840: delete node: IP: 3.75.5.249. Number of nodes 9
EtherApe-INFO: 05:33:42.217: delete node: IP: 95.216.195.133. Number of nodes 8
EtherApe-INFO: 05:33:53.656: New node: IP: 34.213.140.56. Number of nodes 9
EtherApe-INFO: 05:35:54.317: delete node: IP: 34.213.140.56. Number of nodes 8
EtherApe-INFO: 05:36:41.336: New node: IP: 95.216.195.133. Number of nodes 9
EtherApe-INFO: 05:38:42.180: delete node: IP: 95.216.195.133. Number of nodes 8
EtherApe-INFO: 05:38:53.944: New node: IP: 34.213.140.56. Number of nodes 9
EtherApe-INFO: 05:40:16.121: New node: IP: 3.75.5.249. Number of nodes 10
EtherApe-INFO: 05:40:54.801: delete node: IP: 34.213.140.56. Number of nodes 9
EtherApe-INFO: 05:41:41.369: New node: IP: 95.216.195.133. Number of nodes 10
EtherApe-INFO: 05:43:42.208: delete node: IP: 95.216.195.133. Number of nodes 9
EtherApe-INFO: 05:43:53.978: New node: IP: 34.213.140.56. Number of nodes 10
EtherApe-INFO: 05:45:55.369: delete node: IP: 34.213.140.56. Number of nodes 9
EtherApe-INFO: 05:46:41.400: New node: IP: 95.216.195.133. Number of nodes 10
EtherApe-INFO: 05:48:41.256: delete node: IP: 3.75.5.249. Number of nodes 9
EtherApe-INFO: 05:48:44.329: delete node: IP: 95.216.195.133. Number of nodes 8
EtherApe-INFO: 05:48:51.193: New node: IP: 34.213.140.56. Number of nodes 9
EtherApe-INFO: 05:50:56.184: delete node: IP: 34.213.140.56. Number of nodes 8
EtherApe-INFO: 05:51:41.432: New node: IP: 95.216.195.133. Number of nodes 9
EtherApe-INFO: 05:53:42.307: delete node: IP: 95.216.195.133. Number of nodes 8
EtherApe-INFO: 05:53:54.552: New node: IP: 34.213.140.56. Number of nodes 9
EtherApe-INFO: 05:55:56.205: delete node: IP: 34.213.140.56. Number of nodes 8
EtherApe-INFO: 05:56:41.465: New node: IP: 95.216.195.133. Number of nodes 9
EtherApe-INFO: 05:58:42.320: delete node: IP: 95.216.195.133. Number of nodes 8
EtherApe-INFO: 05:58:54.584: New node: IP: 34.213.140.56. Number of nodes 9
EtherApe-INFO: 06:00:54.998: delete node: IP: 34.213.140.56. Number of nodes 8
EtherApe-INFO: 06:01:41.497: New node: IP: 95.216.195.133. Number of nodes 9
EtherApe-INFO: 06:03:34.274: New node: IP: 149.154.167.216. Number of nodes 10
EtherApe-INFO: 06:03:41.775: delete node: IP: 95.216.195.133. Number of nodes 9
EtherApe-INFO: 06:03:54.753: New node: IP: 34.213.140.56. Number of nodes 10
EtherApe-INFO: 06:05:50.119: delete node: IP: 149.154.167.216. Number of nodes 9
EtherApe-INFO: 06:05:55.489: delete node: IP: 34.213.140.56. Number of nodes 8
EtherApe-INFO: 06:06:41.450: New node: IP: 95.216.195.133. Number of nodes 9
EtherApe-INFO: 06:08:17.866: New node: IP: 34.120.208.123. Number of nodes 10
EtherApe-INFO: 06:08:42.009: delete node: IP: 95.216.195.133. Number of nodes 9
EtherApe-INFO: 06:08:55.096: New node: IP: 34.213.140.56. Number of nodes 10
EtherApe-INFO: 06:10:19.254: delete node: IP: 34.120.208.123. Number of nodes 9
EtherApe-INFO: 06:10:56.111: delete node: IP: 34.213.140.56. Number of nodes 8
EtherApe-INFO: 06:11:41.393: New node: IP: 95.216.195.133. Number of nodes 9
EtherApe-INFO: 06:13:33.264: New node: IP: 149.154.167.216. Number of nodes 10
EtherApe-INFO: 06:13:41.812: delete node: IP: 95.216.195.133. Number of nodes 9
EtherApe-INFO: 06:13:55.281: New node: IP: 34.213.140.56. Number of nodes 10
EtherApe-INFO: 06:15:48.957: delete node: IP: 149.154.167.216. Number of nodes 9
EtherApe-INFO: 06:15:55.411: delete node: IP: 34.213.140.56. Number of nodes 8
EtherApe-INFO: 06:16:41.424: New node: IP: 95.216.195.133. Number of nodes 9
EtherApe-INFO: 06:17:10.097: New node: IP: 3.75.5.249. Number of nodes 10
EtherApe-INFO: 06:18:41.523: delete node: IP: 95.216.195.133. Number of nodes 9
EtherApe-INFO: 06:18:51.473: New node: IP: 34.213.140.56. Number of nodes 10
EtherApe-INFO: 06:20:42.403: delete node: IP: 3.75.5.249. Number of nodes 9
EtherApe-INFO: 06:20:55.712: delete node: IP: 34.213.140.56. Number of nodes 8
EtherApe-INFO: 06:21:33.777: New node: IP: 3.75.5.249. Number of nodes 9
EtherApe-INFO: 06:21:41.458: New node: IP: 95.216.195.133. Number of nodes 10
EtherApe-INFO: 06:23:42.130: delete node: IP: 95.216.195.133. Number of nodes 9
EtherApe-INFO: 06:23:48.328: delete node: IP: 3.75.5.249. Number of nodes 8
EtherApe-INFO: 06:23:55.601: New node: IP: 34.213.140.56. Number of nodes 9
EtherApe-INFO: 06:25:56.263: delete node: IP: 34.213.140.56. Number of nodes 8
EtherApe-INFO: 06:26:41.488: New node: IP: 95.216.195.133. Number of nodes 9
EtherApe-INFO: 06:26:42.512: New node: IP: 3.75.5.249. Number of nodes 10
EtherApe-INFO: 06:28:44.428: delete node: IP: 95.216.195.133. Number of nodes 9
EtherApe-INFO: 06:28:55.888: New node: IP: 34.213.140.56. Number of nodes 10
EtherApe-INFO: 06:29:05.115: delete node: IP: 3.75.5.249. Number of nodes 9
EtherApe-INFO: 06:30:55.992: delete node: IP: 34.213.140.56. Number of nodes 8
EtherApe-INFO: 06:31:41.521: New node: IP: 95.216.195.133. Number of nodes 9
EtherApe-INFO: 06:33:16.240: New node: IP: 149.154.167.216. Number of nodes 10
EtherApe-INFO: 06:33:42.180: delete node: IP: 95.216.195.133. Number of nodes 9
EtherApe-INFO: 06:33:55.921: New node: IP: 34.213.140.56. Number of nodes 10
EtherApe-INFO: 06:35:31.933: delete node: IP: 149.154.167.216. Number of nodes 9
EtherApe-INFO: 06:36:00.928: delete node: IP: 34.213.140.56. Number of nodes 8
EtherApe-INFO: 06:36:41.552: New node: IP: 95.216.195.133. Number of nodes 9
EtherApe-INFO: 06:38:26.512: New node: IP: 3.75.5.249. Number of nodes 10
EtherApe-INFO: 06:38:41.718: delete node: IP: 95.216.195.133. Number of nodes 9
EtherApe-INFO: 06:38:56.208: New node: IP: 34.213.140.56. Number of nodes 10
EtherApe-INFO: 06:41:00.915: delete node: IP: 34.213.140.56. Number of nodes 9
EtherApe-INFO: 06:41:41.328: New node: IP: 95.216.195.133. Number of nodes 10
EtherApe-INFO: 06:42:29.537: delete node: IP: 3.75.5.249. Number of nodes 9
EtherApe-INFO: 06:43:42.221: delete node: IP: 95.216.195.133. Number of nodes 8
EtherApe-INFO: 06:43:56.496: New node: IP: 34.213.140.56. Number of nodes 9
EtherApe-INFO: 06:45:57.371: delete node: IP: 34.213.140.56. Number of nodes 8
EtherApe-INFO: 06:46:41.360: New node: IP: 95.216.195.133. Number of nodes 9
EtherApe-INFO: 06:48:13.265: New node: IP: 3.75.5.249. Number of nodes 10
EtherApe-INFO: 06:48:44.786: delete node: IP: 95.216.195.133. Number of nodes 9
EtherApe-INFO: 06:48:51.664: New node: IP: 34.213.140.56. Number of nodes 10
EtherApe-INFO: 06:49:36.208: New node: IP: 192.168.0.218. Number of nodes 11
EtherApe-INFO: 06:50:27.985: delete node: IP: 3.75.5.249. Number of nodes 10
EtherApe-INFO: 06:51:06.832: New node: IP: 0.0.0.0. Number of nodes 11
EtherApe-INFO: 06:51:06.876: delete node: IP: 34.213.140.56. Number of nodes 10
EtherApe-INFO: 06:51:11.952: New node: IP: 149.154.175.100. Number of nodes 11
EtherApe-INFO: 06:51:11.954: New node: IP: 95.216.195.133. Number of nodes 12
EtherApe-INFO: 06:51:17.081: New node: IP: 1.1.1.1. Number of nodes 13
EtherApe-INFO: 06:51:33.712: New node: IP: 34.213.140.56. Number of nodes 14
EtherApe-INFO: 06:52:24.182: delete node: IP: 3.122.47.55. Number of nodes 13
EtherApe-INFO: 06:53:48.699: delete node: IP: 149.154.175.100. Number of nodes 12
EtherApe-INFO: 06:53:48.699: delete node: IP: 95.216.195.133. Number of nodes 11
EtherApe-INFO: 06:53:48.699: delete node: IP: 1.1.1.1. Number of nodes 10
EtherApe-INFO: 06:53:57.328: New node: IP: 127.0.0.1. Number of nodes 11
EtherApe-INFO: 06:54:00.402: New node: IP: 149.154.175.57. Number of nodes 12
EtherApe-INFO: 06:54:00.402: New node: IP: 149.154.175.50. Number of nodes 13
EtherApe-INFO: 06:54:00.659: New node: IP: 95.216.195.133. Number of nodes 14
EtherApe-INFO: 06:54:00.659: New node: IP: 142.250.203.195. Number of nodes 15
EtherApe-INFO: 06:54:00.659: New node: IP: 216.58.208.195. Number of nodes 16
EtherApe-INFO: 06:54:27.371: delete node: IP: 34.213.140.56. Number of nodes 15
EtherApe-INFO: 06:54:58.002: New node: IP: 192.168.0.1. Number of nodes 16
EtherApe-INFO: 06:56:00.807: delete node: IP: 216.58.208.195. Number of nodes 15
EtherApe-INFO: 06:56:00.807: delete node: IP: 142.250.203.195. Number of nodes 14
EtherApe-INFO: 06:56:01.011: delete node: IP: 149.154.175.57. Number of nodes 13
EtherApe-INFO: 06:56:01.012: delete node: IP: 149.154.175.50. Number of nodes 12
EtherApe-INFO: 06:56:03.062: delete node: IP: 127.0.0.1. Number of nodes 11
EtherApe-INFO: 06:56:17.106: New node: IP: 34.120.208.123. Number of nodes 12
EtherApe-INFO: 06:56:56.534: delete node: IP: 95.216.195.133. Number of nodes 11
EtherApe-INFO: 06:56:56.534: delete node: IP: 0.0.0.0. Number of nodes 10
EtherApe-INFO: 06:58:18.195: delete node: IP: 34.120.208.123. Number of nodes 9
EtherApe-INFO: 06:59:39.127: delete node: IP: 192.168.0.218. Number of nodes 8
EtherApe-INFO: 06:59:56.240: New node: IP: 95.216.195.133. Number of nodes 9
EtherApe-INFO: 07:00:23.714: delete node: IP: 192.168.0.1. Number of nodes 8
EtherApe-INFO: 07:01:56.601: delete node: IP: 95.216.195.133. Number of nodes 7
EtherApe-INFO: 07:02:29.329: New node: IP: 149.154.167.216. Number of nodes 8
EtherApe-INFO: 07:04:56.273: New node: IP: 95.216.195.133. Number of nodes 9
EtherApe-INFO: 07:05:23.980: delete node: IP: 149.154.167.216. Number of nodes 8
EtherApe-INFO: 07:05:46.704: New node: IP: 35.167.130.158. Number of nodes 9
EtherApe-INFO: 07:05:47.474: New node: IP: 151.101.2.49. Number of nodes 10
