(etherape:1890): GLib-GIO-DEBUG: 17:08:41.077: _g_io_module_get_default: Found default implementation local (GLocalVfs) for ‘gio-vfs’
(etherape:1890): GLib-GIO-DEBUG: 17:08:41.733: Using cross-namespace EXTERNAL authentication (this will deadlock if server is GDBus < 2.73.3)
EtherApe-INFO: 17:08:41.767: sctp protocol not supported
EtherApe-INFO: 17:08:41.767: dccp protocol not supported
EtherApe-INFO: 17:08:41.767: sctp protocol not supported
EtherApe-INFO: 17:08:41.767: sctp protocol not supported
EtherApe-INFO: 17:08:41.767: sctp protocol not supported
EtherApe-INFO: 17:08:41.767: sctp protocol not supported
EtherApe-INFO: 17:08:41.767: sctp protocol not supported
EtherApe-INFO: 17:08:41.767: sctp protocol not supported
EtherApe-INFO: 17:08:41.767: sctp protocol not supported
EtherApe-INFO: 17:08:41.767: dccp protocol not supported
EtherApe-INFO: 17:08:41.767: sctp protocol not supported
EtherApe-INFO: 17:08:41.767: dccp protocol not supported
EtherApe-INFO: 17:08:41.767: dccp protocol not supported
EtherApe-INFO: 17:08:41.767: sctp protocol not supported
EtherApe-INFO: 17:08:41.767: sctp protocol not supported
EtherApe-INFO: 17:08:41.767: sctp protocol not supported
EtherApe-INFO: 17:08:41.768: sctp protocol not supported
EtherApe-INFO: 17:08:41.768: sctp protocol not supported
EtherApe-INFO: 17:08:41.768: sctp protocol not supported
EtherApe-INFO: 17:08:41.768: sctp protocol not supported
EtherApe-INFO: 17:08:41.768: sctp protocol not supported
EtherApe-INFO: 17:08:41.768: sctp protocol not supported
EtherApe-INFO: 17:08:41.768: sctp protocol not supported
EtherApe-INFO: 17:08:41.768: sctp protocol not supported
EtherApe-INFO: 17:08:41.769: sctp protocol not supported
EtherApe-INFO: 17:08:41.769: sctp protocol not supported
EtherApe-INFO: 17:08:41.769: sctp protocol not supported
EtherApe-INFO: 17:08:41.769: sctp protocol not supported
EtherApe-INFO: 17:08:41.769: dccp protocol not supported
EtherApe-INFO: 17:08:41.769: sctp protocol not supported
EtherApe-INFO: 17:08:41.769: sctp protocol not supported
EtherApe-INFO: 17:08:41.769: dccp protocol not supported
EtherApe-INFO: 17:08:41.769: sctp protocol not supported
EtherApe-INFO: 17:08:41.769: sctp protocol not supported
EtherApe-INFO: 17:08:41.769: sctp protocol not supported
EtherApe-INFO: 17:08:41.769: dccp protocol not supported
EtherApe-INFO: 17:08:41.769: dccp protocol not supported
EtherApe-INFO: 17:08:41.769: sctp protocol not supported
EtherApe-INFO: 17:08:41.769: sctp protocol not supported
EtherApe-INFO: 17:08:41.769: sctp protocol not supported
EtherApe-INFO: 17:08:41.769: sctp protocol not supported
EtherApe-INFO: 17:08:41.769: sctp protocol not supported
EtherApe-INFO: 17:08:41.769: sctp protocol not supported
EtherApe-INFO: 17:08:41.769: sctp protocol not supported
EtherApe-INFO: 17:08:41.769: sctp protocol not supported
EtherApe-INFO: 17:08:41.769: sctp protocol not supported
EtherApe-INFO: 17:08:41.769: sctp protocol not supported
EtherApe-INFO: 17:08:41.769: sctp protocol not supported
EtherApe-INFO: 17:08:41.769: sctp protocol not supported
EtherApe-INFO: 17:08:41.769: sctp protocol not supported
EtherApe-INFO: 17:08:41.769: sctp protocol not supported
EtherApe-INFO: 17:08:41.769: sctp protocol not supported
EtherApe-INFO: 17:08:41.769: sctp protocol not supported
EtherApe-INFO: 17:08:41.769: sctp protocol not supported
EtherApe-INFO: 17:08:41.769: sctp protocol not supported
EtherApe-INFO: 17:08:41.769: sctp protocol not supported
EtherApe-INFO: 17:08:41.769: sctp protocol not supported
EtherApe-INFO: 17:08:41.769: dccp protocol not supported
EtherApe-INFO: 17:08:41.769: sctp protocol not supported
EtherApe-INFO: 17:08:41.769: sctp protocol not supported
EtherApe-INFO: 17:08:41.769: sctp protocol not supported
EtherApe-INFO: 17:08:41.769: sctp protocol not supported
EtherApe-INFO: 17:08:41.770: sctp protocol not supported
EtherApe-INFO: 17:08:41.770: sctp protocol not supported
EtherApe-INFO: 17:08:41.770: sctp protocol not supported
EtherApe-INFO: 17:08:41.770: sctp protocol not supported
EtherApe-INFO: 17:08:41.770: sctp protocol not supported
EtherApe-INFO: 17:08:41.770: sctp protocol not supported
EtherApe-INFO: 17:08:41.770: sctp protocol not supported
EtherApe-INFO: 17:08:41.770: sctp protocol not supported
EtherApe-INFO: 17:08:41.770: sctp protocol not supported
EtherApe-INFO: 17:08:41.770: sctp protocol not supported
EtherApe-INFO: 17:08:41.770: sctp protocol not supported
EtherApe-INFO: 17:08:41.770: sctp protocol not supported
EtherApe-INFO: 17:08:41.770: sctp protocol not supported
EtherApe-INFO: 17:08:41.770: sctp protocol not supported
EtherApe-INFO: 17:08:41.770: sctp protocol not supported
EtherApe-INFO: 17:08:41.770: sctp protocol not supported
EtherApe-INFO: 17:08:41.770: sctp protocol not supported
EtherApe-INFO: 17:08:41.770: sctp protocol not supported
EtherApe-INFO: 17:08:41.770: sctp protocol not supported
EtherApe-INFO: 17:08:41.770: sctp protocol not supported
EtherApe-INFO: 17:08:41.770: sctp protocol not supported
EtherApe-INFO: 17:08:41.770: sctp protocol not supported
EtherApe-INFO: 17:08:41.770: sctp protocol not supported
EtherApe-INFO: 17:08:41.770: sctp protocol not supported
EtherApe-INFO: 17:08:41.770: sctp protocol not supported
EtherApe-INFO: 17:08:41.770: sctp protocol not supported
EtherApe-INFO: 17:08:41.770: sctp protocol not supported
EtherApe-INFO: 17:08:41.770: sctp protocol not supported
EtherApe-INFO: 17:08:41.770: sctp protocol not supported
EtherApe-INFO: 17:08:41.770: sctp protocol not supported
EtherApe-INFO: 17:08:41.770: sctp protocol not supported
EtherApe-INFO: 17:08:41.770: sctp protocol not supported
EtherApe-INFO: 17:08:41.770: sctp protocol not supported
EtherApe-INFO: 17:08:41.770: sctp protocol not supported
EtherApe-INFO: 17:08:41.781: get_interface result: ''
EtherApe-INFO: 17:08:41.782: Available interfaces for capture: dbus-session dbus-system nfqueue nflog bluetooth-monitor lo any enp5s0
EtherApe-INFO: 17:08:41.782: Link type is LINUX_SLL
EtherApe-INFO: 17:08:41.782: Diagram started
EtherApe-INFO: 17:08:43.383: New node: IP: 0.0.0.0. Number of nodes 1
EtherApe-INFO: 17:08:43.383: New node: IP: 255.255.255.255. Number of nodes 2
EtherApe-INFO: 17:08:50.316: New node: IP: 195.64.182.160. Number of nodes 3
EtherApe-INFO: 17:08:50.316: New node: IP: 1.1.1.1. Number of nodes 4
EtherApe-INFO: 17:08:54.586: New node: IP: 149.154.167.50. Number of nodes 5
EtherApe-INFO: 17:08:55.117: New node: IP: 162.159.61.4. Number of nodes 6
EtherApe-INFO: 17:08:55.119: New node: IP: 5.28.195.80. Number of nodes 7
EtherApe-INFO: 17:08:55.387: New node: IP: 149.154.175.100. Number of nodes 8
EtherApe-INFO: 17:08:55.389: New node: IP: 95.216.195.133. Number of nodes 9
EtherApe-INFO: 17:08:55.391: New node: IP: 149.154.167.41. Number of nodes 10
EtherApe-INFO: 17:08:56.721: New node: IP: 149.154.167.92. Number of nodes 11
EtherApe-INFO: 17:08:56.722: New node: IP: 149.154.167.216. Number of nodes 12
EtherApe-INFO: 17:08:56.722: New node: IP: 149.154.167.91. Number of nodes 13
EtherApe-INFO: 17:08:56.991: New node: IP: 142.250.186.202. Number of nodes 14
EtherApe-INFO: 17:08:57.528: New node: IP: 146.112.41.2. Number of nodes 15
EtherApe-INFO: 17:08:57.530: New node: IP: 224.0.0.251. Number of nodes 16
EtherApe-INFO: 17:08:57.560: New node: IP: 142.250.203.131. Number of nodes 17
EtherApe-INFO: 17:08:57.565: New node: IP: 64.233.164.188. Number of nodes 18
EtherApe-INFO: 17:08:57.565: New node: IP: 192.178.25.173. Number of nodes 19
EtherApe-INFO: 17:08:59.387: New node: IP: 8.8.4.4. Number of nodes 20
EtherApe-INFO: 17:08:59.916: New node: IP: 60.53.211.1. Number of nodes 21
EtherApe-INFO: 17:09:03.916: New node: IP: 68.168.223.75. Number of nodes 22
EtherApe-INFO: 18:25:52.962: New node: IP: 91.236.251.234. Number of nodes 23
EtherApe-INFO: 18:25:53.332: delete node: IP: 255.255.255.255. Number of nodes 22
EtherApe-INFO: 18:25:53.332: delete node: IP: 224.0.0.251. Number of nodes 21
EtherApe-INFO: 18:25:53.332: delete node: IP: 192.178.25.173. Number of nodes 20
EtherApe-INFO: 18:25:53.332: delete node: IP: 162.159.61.4. Number of nodes 19
EtherApe-INFO: 18:25:53.332: delete node: IP: 149.154.175.100. Number of nodes 18
EtherApe-INFO: 18:25:53.332: delete node: IP: 149.154.167.216. Number of nodes 17
EtherApe-INFO: 18:25:53.332: delete node: IP: 149.154.167.92. Number of nodes 16
EtherApe-INFO: 18:25:53.332: delete node: IP: 149.154.167.91. Number of nodes 15
EtherApe-INFO: 18:25:53.332: delete node: IP: 149.154.167.50. Number of nodes 14
EtherApe-INFO: 18:25:53.332: delete node: IP: 149.154.167.41. Number of nodes 13
EtherApe-INFO: 18:25:53.332: delete node: IP: 146.112.41.2. Number of nodes 12
EtherApe-INFO: 18:25:53.332: delete node: IP: 142.250.203.131. Number of nodes 11
EtherApe-INFO: 18:25:53.332: delete node: IP: 142.250.186.202. Number of nodes 10
EtherApe-INFO: 18:25:53.332: delete node: IP: 95.216.195.133. Number of nodes 9
EtherApe-INFO: 18:25:53.332: delete node: IP: 91.236.251.234. Number of nodes 8
EtherApe-INFO: 18:25:53.332: delete node: IP: 64.233.164.188. Number of nodes 7
EtherApe-INFO: 18:25:53.332: delete node: IP: 60.53.211.1. Number of nodes 6
EtherApe-INFO: 18:25:53.332: delete node: IP: 8.8.4.4. Number of nodes 5
EtherApe-INFO: 18:25:53.332: delete node: IP: 5.28.195.80. Number of nodes 4
EtherApe-INFO: 18:25:53.332: delete node: IP: 0.0.0.0. Number of nodes 3
EtherApe-INFO: 18:25:53.495: New node: IP: 0.0.0.0. Number of nodes 4
EtherApe-INFO: 18:25:53.495: New node: IP: 255.255.255.255. Number of nodes 5
EtherApe-INFO: 18:25:53.762: New node: IP: 146.112.41.2. Number of nodes 6
EtherApe-INFO: 18:25:55.095: New node: IP: 149.154.167.41. Number of nodes 7
EtherApe-INFO: 18:25:55.097: New node: IP: 149.154.167.50. Number of nodes 8
EtherApe-INFO: 18:25:55.098: New node: IP: 142.250.203.131. Number of nodes 9
EtherApe-INFO: 18:25:55.112: New node: IP: 216.58.215.99. Number of nodes 10
EtherApe-INFO: 18:25:55.112: New node: IP: 142.250.186.206. Number of nodes 11
EtherApe-INFO: 18:25:55.366: New node: IP: 34.104.35.123. Number of nodes 12
EtherApe-INFO: 18:25:55.635: New node: IP: 149.154.167.92. Number of nodes 13
EtherApe-INFO: 18:25:55.635: New node: IP: 149.154.167.91. Number of nodes 14
EtherApe-INFO: 18:25:55.896: New node: IP: 149.154.167.216. Number of nodes 15
EtherApe-INFO: 18:26:02.828: New node: IP: 74.50.68.23. Number of nodes 16
EtherApe-INFO: 18:26:04.695: New node: IP: 64.233.164.188. Number of nodes 17
EtherApe-INFO: 18:26:04.695: New node: IP: 239.255.255.250. Number of nodes 18
EtherApe-INFO: 18:26:04.698: New node: IP: 64.233.162.188. Number of nodes 19
EtherApe-INFO: 18:26:07.632: New node: IP: 224.0.0.251. Number of nodes 20
EtherApe-INFO: 18:26:07.899: New node: IP: 142.250.203.196. Number of nodes 21
EtherApe-INFO: 18:26:07.901: New node: IP: 142.250.203.193. Number of nodes 22
EtherApe-INFO: 18:26:07.901: New node: IP: 104.18.121.34. Number of nodes 23
EtherApe-INFO: 18:26:07.921: New node: IP: 52.219.171.206. Number of nodes 24
EtherApe-INFO: 18:26:08.164: New node: IP: 216.58.215.67. Number of nodes 25
EtherApe-INFO: 18:26:09.229: New node: IP: 142.250.75.10. Number of nodes 26
EtherApe-INFO: 18:26:09.231: New node: IP: 172.217.16.10. Number of nodes 27
EtherApe-INFO: 18:26:09.497: New node: IP: 192.178.25.165. Number of nodes 28
EtherApe-INFO: 18:26:09.501: New node: IP: 192.178.25.173. Number of nodes 29
EtherApe-INFO: 18:26:10.028: New node: IP: 188.166.7.77. Number of nodes 30
EtherApe-INFO: 18:26:12.163: New node: IP: 142.250.203.206. Number of nodes 31
EtherApe-INFO: 18:26:12.438: New node: IP: 18.197.84.129. Number of nodes 32
EtherApe-INFO: 18:26:12.440: New node: IP: 192.178.25.170. Number of nodes 33
EtherApe-INFO: 18:26:12.446: New node: IP: 52.29.123.56. Number of nodes 34
EtherApe-INFO: 18:26:12.462: New node: IP: 151.101.192.176. Number of nodes 35
EtherApe-INFO: 18:26:12.465: New node: IP: 104.22.77.183. Number of nodes 36
EtherApe-INFO: 18:26:12.466: New node: IP: 52.215.178.22. Number of nodes 37
EtherApe-INFO: 18:26:12.468: New node: IP: 140.82.121.6. Number of nodes 38
EtherApe-INFO: 18:26:12.472: New node: IP: 18.66.26.129. Number of nodes 39
EtherApe-INFO: 18:26:12.474: New node: IP: 108.138.51.114. Number of nodes 40
EtherApe-INFO: 18:26:12.645: New node: IP: 142.250.203.195. Number of nodes 41
EtherApe-INFO: 18:26:12.671: New node: IP: 192.178.25.174. Number of nodes 42
EtherApe-INFO: 18:26:12.924: New node: IP: 76.76.21.98. Number of nodes 43
EtherApe-INFO: 18:26:12.929: New node: IP: 172.67.37.34. Number of nodes 44
EtherApe-INFO: 18:26:12.941: New node: IP: 151.101.0.176. Number of nodes 45
EtherApe-INFO: 18:26:12.945: New node: IP: 172.67.74.18. Number of nodes 46
EtherApe-INFO: 18:26:13.167: New node: IP: 193.34.169.9. Number of nodes 47
EtherApe-INFO: 18:26:13.568: New node: IP: 104.19.250.10. Number of nodes 48
EtherApe-INFO: 18:26:13.569: New node: IP: 104.16.99.56. Number of nodes 49
EtherApe-INFO: 18:26:13.794: New node: IP: 188.114.97.13. Number of nodes 50
EtherApe-INFO: 18:26:14.058: New node: IP: 108.138.46.56. Number of nodes 51
EtherApe-INFO: 18:26:14.060: New node: IP: 18.244.148.155. Number of nodes 52
EtherApe-INFO: 18:26:14.322: New node: IP: 18.244.146.36. Number of nodes 53
EtherApe-INFO: 18:26:14.323: New node: IP: 18.244.102.18. Number of nodes 54
EtherApe-INFO: 18:26:14.337: New node: IP: 18.159.68.239. Number of nodes 55
EtherApe-INFO: 18:26:14.338: New node: IP: 108.138.53.154. Number of nodes 56
EtherApe-INFO: 18:26:14.589: New node: IP: 52.21.20.234. Number of nodes 57
EtherApe-INFO: 18:26:14.590: New node: IP: 104.16.27.5. Number of nodes 58
EtherApe-INFO: 18:26:14.592: New node: IP: 3.74.100.203. Number of nodes 59
EtherApe-INFO: 18:26:16.462: New node: IP: 18.244.146.119. Number of nodes 60
EtherApe-INFO: 18:26:16.722: New node: IP: 172.64.144.40. Number of nodes 61
EtherApe-INFO: 18:26:17.552: New node: IP: 172.217.16.42. Number of nodes 62
EtherApe-INFO: 18:26:18.331: New node: IP: 140.82.121.4. Number of nodes 63
EtherApe-INFO: 18:26:18.576: New node: IP: 185.199.109.153. Number of nodes 64
EtherApe-INFO: 18:26:18.576: New node: IP: 172.64.153.54. Number of nodes 65
EtherApe-INFO: 18:26:18.604: New node: IP: 185.199.110.133. Number of nodes 66
EtherApe-INFO: 18:26:18.830: New node: IP: 54.237.226.164. Number of nodes 67
EtherApe-INFO: 18:26:18.832: New node: IP: 96.16.54.155. Number of nodes 68
EtherApe-INFO: 18:26:18.838: New node: IP: 140.82.112.26. Number of nodes 69
EtherApe-INFO: 18:26:18.842: New node: IP: 18.244.102.70. Number of nodes 70
EtherApe-INFO: 18:26:19.106: New node: IP: 104.198.63.0. Number of nodes 71
EtherApe-INFO: 18:26:19.141: New node: IP: 76.76.21.21. Number of nodes 72
EtherApe-INFO: 18:26:19.362: New node: IP: 104.21.3.46. Number of nodes 73
EtherApe-INFO: 18:26:19.385: New node: IP: 13.107.42.14. Number of nodes 74
EtherApe-INFO: 18:26:19.644: New node: IP: 192.0.66.96. Number of nodes 75
EtherApe-INFO: 18:26:19.647: New node: IP: 62.140.236.170. Number of nodes 76
EtherApe-INFO: 18:26:19.911: New node: IP: 217.65.3.21. Number of nodes 77
EtherApe-INFO: 18:26:19.928: New node: IP: 18.66.233.123. Number of nodes 78
EtherApe-INFO: 18:26:20.192: New node: IP: 135.181.27.174. Number of nodes 79
EtherApe-INFO: 18:26:20.194: New node: IP: 136.144.57.121. Number of nodes 80
EtherApe-INFO: 18:26:20.436: New node: IP: 213.160.157.254. Number of nodes 81
EtherApe-INFO: 18:26:20.473: New node: IP: 216.58.208.202. Number of nodes 82
EtherApe-INFO: 18:26:20.703: New node: IP: 45.57.90.1. Number of nodes 83
EtherApe-INFO: 18:26:20.705: New node: IP: 104.18.130.236. Number of nodes 84
EtherApe-INFO: 18:26:20.975: New node: IP: 44.240.123.145. Number of nodes 85
EtherApe-INFO: 18:26:21.189: New node: IP: 192.0.73.2. Number of nodes 86
EtherApe-INFO: 18:26:21.717: New node: IP: 172.64.155.119. Number of nodes 87
EtherApe-INFO: 18:26:22.255: New node: IP: 216.58.215.106. Number of nodes 88
EtherApe-INFO: 18:26:22.509: New node: IP: 18.244.102.38. Number of nodes 89
EtherApe-INFO: 18:26:22.511: New node: IP: 18.244.149.58. Number of nodes 90
EtherApe-INFO: 18:26:22.516: New node: IP: 216.58.215.118. Number of nodes 91
EtherApe-INFO: 18:26:22.775: New node: IP: 176.122.96.225. Number of nodes 92
EtherApe-INFO: 18:26:22.784: New node: IP: 104.18.223.248. Number of nodes 93
EtherApe-INFO: 18:26:22.811: New node: IP: 5.101.67.10. Number of nodes 94
EtherApe-INFO: 18:26:23.046: New node: IP: 216.58.209.10. Number of nodes 95
EtherApe-INFO: 18:26:23.867: New node: IP: 104.18.239.248. Number of nodes 96
EtherApe-INFO: 18:26:23.868: New node: IP: 104.17.195.118. Number of nodes 97
EtherApe-INFO: 18:26:24.913: New node: IP: 91.236.251.234. Number of nodes 98
EtherApe-INFO: 18:26:25.451: New node: IP: 62.140.236.144. Number of nodes 99
EtherApe-INFO: 18:26:27.842: New node: IP: 167.94.138.142. Number of nodes 100
EtherApe-INFO: 18:26:29.442: New node: IP: 92.63.197.157. Number of nodes 101
EtherApe-INFO: 18:26:29.976: New node: IP: 104.18.13.33. Number of nodes 102
EtherApe-INFO: 18:26:31.043: New node: IP: 151.101.129.91. Number of nodes 103
EtherApe-INFO: 18:26:35.313: New node: IP: 142.250.203.202. Number of nodes 104
EtherApe-INFO: 18:26:38.513: New node: IP: 142.250.186.202. Number of nodes 105
EtherApe-INFO: 18:26:39.843: New node: IP: 167.94.146.16. Number of nodes 106
EtherApe-INFO: 18:26:49.712: New node: IP: 195.64.240.203. Number of nodes 107
EtherApe-INFO: 18:26:49.975: New node: IP: 162.142.125.135. Number of nodes 108
EtherApe-INFO: 18:26:53.175: New node: IP: 194.26.135.240. Number of nodes 109
EtherApe-INFO: 18:27:10.245: New node: IP: 172.217.16.131. Number of nodes 110
EtherApe-INFO: 18:27:10.520: New node: IP: 142.250.203.132. Number of nodes 111
EtherApe-INFO: 18:27:12.646: New node: IP: 91.240.61.14. Number of nodes 112
EtherApe-INFO: 18:27:15.842: New node: IP: 109.205.213.90. Number of nodes 113
EtherApe-INFO: 18:27:34.244: New node: IP: 216.58.209.14. Number of nodes 114
EtherApe-INFO: 18:27:39.584: New node: IP: 162.159.61.4. Number of nodes 115
EtherApe-INFO: 18:27:42.781: New node: IP: 8.8.4.4. Number of nodes 116
EtherApe-INFO: 18:27:56.172: delete node: IP: 216.58.215.99. Number of nodes 115
EtherApe-INFO: 18:27:56.172: delete node: IP: 149.154.167.216. Number of nodes 114
EtherApe-INFO: 18:27:56.172: delete node: IP: 149.154.167.92. Number of nodes 113
EtherApe-INFO: 18:27:56.172: delete node: IP: 149.154.167.91. Number of nodes 112
EtherApe-INFO: 18:28:01.266: delete node: IP: 142.250.203.131. Number of nodes 111
EtherApe-INFO: 18:28:01.988: New node: IP: 147.182.222.11. Number of nodes 112
EtherApe-INFO: 18:28:02.513: New node: IP: 142.250.203.131. Number of nodes 113
EtherApe-INFO: 18:28:02.564: delete node: IP: 34.104.35.123. Number of nodes 112
EtherApe-INFO: 18:28:04.987: delete node: IP: 64.233.164.188. Number of nodes 111
EtherApe-INFO: 18:28:05.193: New node: IP: 216.58.208.206. Number of nodes 112
EtherApe-INFO: 18:28:05.719: New node: IP: 216.58.215.97. Number of nodes 113
EtherApe-INFO: 18:28:05.719: New node: IP: 142.250.186.193. Number of nodes 114
EtherApe-INFO: 18:28:06.776: New node: IP: 192.99.175.185. Number of nodes 115
EtherApe-INFO: 18:28:07.047: New node: IP: 170.106.115.253. Number of nodes 116
EtherApe-INFO: 18:28:08.115: New node: IP: 142.250.203.138. Number of nodes 117
EtherApe-INFO: 18:28:09.442: New node: IP: 172.217.16.3. Number of nodes 118
EtherApe-INFO: 18:28:10.316: delete node: IP: 188.166.7.77. Number of nodes 117
EtherApe-INFO: 18:28:10.543: delete node: IP: 224.0.0.251. Number of nodes 116
EtherApe-INFO: 18:28:12.388: New node: IP: 185.199.108.154. Number of nodes 117
EtherApe-INFO: 18:28:13.442: New node: IP: 208.68.240.115. Number of nodes 118
EtherApe-INFO: 18:28:15.112: delete node: IP: 52.219.171.206. Number of nodes 117
EtherApe-INFO: 18:28:19.404: delete node: IP: 140.82.112.26. Number of nodes 116
EtherApe-INFO: 18:28:22.790: New node: IP: 92.123.189.121. Number of nodes 117
EtherApe-INFO: 18:28:23.075: delete node: IP: 217.65.3.21. Number of nodes 116
EtherApe-INFO: 18:28:23.581: New node: IP: 108.138.51.16. Number of nodes 117
EtherApe-INFO: 18:28:23.845: New node: IP: 44.205.104.57. Number of nodes 118
EtherApe-INFO: 18:28:24.377: New node: IP: 216.58.215.86. Number of nodes 119
EtherApe-INFO: 18:28:24.455: delete node: IP: 213.160.157.254. Number of nodes 118
EtherApe-INFO: 18:28:24.911: New node: IP: 52.59.45.226. Number of nodes 119
EtherApe-INFO: 18:28:24.923: New node: IP: 128.2.42.95. Number of nodes 120
EtherApe-INFO: 18:28:26.513: New node: IP: 142.250.75.4. Number of nodes 121
EtherApe-INFO: 18:28:26.515: New node: IP: 104.18.144.126. Number of nodes 122
EtherApe-INFO: 18:28:26.794: New node: IP: 104.18.160.126. Number of nodes 123
EtherApe-INFO: 18:28:27.893: delete node: IP: 167.94.138.142. Number of nodes 122
EtherApe-INFO: 18:28:29.445: New node: IP: 192.241.205.67. Number of nodes 123
EtherApe-INFO: 18:28:29.525: delete node: IP: 92.63.197.157. Number of nodes 122
EtherApe-INFO: 18:28:31.308: New node: IP: 217.65.3.21. Number of nodes 123
EtherApe-INFO: 18:28:40.168: delete node: IP: 167.94.146.16. Number of nodes 122
EtherApe-INFO: 18:28:40.168: delete node: IP: 142.250.203.196. Number of nodes 121
EtherApe-INFO: 18:28:44.644: New node: IP: 104.25.94.5. Number of nodes 122
EtherApe-INFO: 18:28:49.994: delete node: IP: 162.142.125.135. Number of nodes 121
EtherApe-INFO: 18:28:51.151: delete node: IP: 195.64.240.203. Number of nodes 120
EtherApe-INFO: 18:28:52.468: delete node: IP: 192.0.73.2. Number of nodes 119
EtherApe-INFO: 18:28:52.645: New node: IP: 95.216.144.15. Number of nodes 120
EtherApe-INFO: 18:29:00.375: New node: IP: 201.153.85.76. Number of nodes 121
EtherApe-INFO: 18:29:07.575: New node: IP: 192.64.87.170. Number of nodes 122
EtherApe-INFO: 18:29:09.445: New node: IP: 216.239.32.116. Number of nodes 123
EtherApe-INFO: 18:29:09.835: delete node: IP: 142.250.75.10. Number of nodes 122
EtherApe-INFO: 18:29:11.591: delete node: IP: 74.50.68.23. Number of nodes 121
EtherApe-INFO: 18:29:12.680: delete node: IP: 91.240.61.14. Number of nodes 120
EtherApe-INFO: 18:29:12.680: delete node: IP: 18.197.84.129. Number of nodes 119
EtherApe-INFO: 18:29:12.915: delete node: IP: 52.215.178.22. Number of nodes 118
EtherApe-INFO: 18:29:15.644: delete node: IP: 188.114.97.13. Number of nodes 117
EtherApe-INFO: 18:29:15.644: delete node: IP: 172.67.74.18. Number of nodes 116
EtherApe-INFO: 18:29:15.644: delete node: IP: 172.67.37.34. Number of nodes 115
EtherApe-INFO: 18:29:15.644: delete node: IP: 104.22.77.183. Number of nodes 114
EtherApe-INFO: 18:29:15.644: delete node: IP: 3.74.100.203. Number of nodes 113
EtherApe-INFO: 18:29:16.382: delete node: IP: 109.205.213.90. Number of nodes 112
EtherApe-INFO: 18:29:17.714: New node: IP: 113.221.47.95. Number of nodes 113
EtherApe-INFO: 18:29:24.379: New node: IP: 104.25.95.5. Number of nodes 114
EtherApe-INFO: 18:29:26.121: delete node: IP: 135.181.27.174. Number of nodes 113
EtherApe-INFO: 18:29:27.673: delete node: IP: 216.58.215.118. Number of nodes 112
EtherApe-INFO: 18:29:27.673: delete node: IP: 216.58.215.106. Number of nodes 111
EtherApe-INFO: 18:29:27.673: delete node: IP: 176.122.96.225. Number of nodes 110
EtherApe-INFO: 18:29:27.673: delete node: IP: 104.18.239.248. Number of nodes 109
EtherApe-INFO: 18:29:27.673: delete node: IP: 45.57.90.1. Number of nodes 108
EtherApe-INFO: 18:29:29.460: delete node: IP: 91.236.251.234. Number of nodes 107
EtherApe-INFO: 18:29:30.065: delete node: IP: 192.0.66.96. Number of nodes 106
EtherApe-INFO: 18:29:32.580: New node: IP: 185.224.128.192. Number of nodes 107
EtherApe-INFO: 18:29:32.828: New node: IP: 89.248.163.245. Number of nodes 108
EtherApe-INFO: 18:29:33.696: delete node: IP: 104.18.223.248. Number of nodes 107
EtherApe-INFO: 18:29:36.628: delete node: IP: 136.144.57.121. Number of nodes 106
EtherApe-INFO: 18:29:37.363: New node: IP: 104.26.4.189. Number of nodes 107
EtherApe-INFO: 18:29:37.365: New node: IP: 91.236.251.234. Number of nodes 108
EtherApe-INFO: 18:29:37.638: New node: IP: 104.17.2.184. Number of nodes 109
EtherApe-INFO: 18:29:37.900: New node: IP: 104.17.3.184. Number of nodes 110
EtherApe-INFO: 18:29:39.538: delete node: IP: 216.58.215.67. Number of nodes 109
EtherApe-INFO: 18:29:39.763: delete node: IP: 162.159.61.4. Number of nodes 108
EtherApe-INFO: 18:29:40.295: New node: IP: 188.114.97.13. Number of nodes 109
EtherApe-INFO: 18:29:42.705: delete node: IP: 8.8.4.4. Number of nodes 108
EtherApe-INFO: 18:29:44.830: New node: IP: 152.199.21.118. Number of nodes 109
EtherApe-INFO: 18:29:44.839: New node: IP: 192.0.66.96. Number of nodes 110
EtherApe-INFO: 18:29:45.262: New node: IP: 192.0.77.2. Number of nodes 111
EtherApe-INFO: 18:29:45.569: delete node: IP: 172.217.16.42. Number of nodes 110
EtherApe-INFO: 18:29:46.888: New node: IP: 149.154.167.216. Number of nodes 111
EtherApe-INFO: 18:29:46.891: New node: IP: 152.199.22.144. Number of nodes 112
EtherApe-INFO: 18:29:47.417: New node: IP: 192.178.25.161. Number of nodes 113
EtherApe-INFO: 18:29:49.827: New node: IP: 46.246.28.85. Number of nodes 114
EtherApe-INFO: 18:29:50.348: New node: IP: 162.216.149.189. Number of nodes 115
EtherApe-INFO: 18:29:50.615: New node: IP: 136.144.57.121. Number of nodes 116
EtherApe-INFO: 18:29:50.616: New node: IP: 89.248.163.200. Number of nodes 117
EtherApe-INFO: 18:29:51.153: New node: IP: 67.20.100.192. Number of nodes 118
EtherApe-INFO: 18:29:51.682: New node: IP: 213.160.157.254. Number of nodes 119
EtherApe-INFO: 18:29:52.215: New node: IP: 135.181.27.174. Number of nodes 120
EtherApe-INFO: 18:29:53.016: New node: IP: 195.64.183.255. Number of nodes 121
EtherApe-INFO: 18:29:53.553: New node: IP: 128.178.32.14. Number of nodes 122
EtherApe-INFO: 18:29:54.087: New node: IP: 37.218.246.133. Number of nodes 123
EtherApe-INFO: 18:29:54.616: New node: IP: 185.67.3.49. Number of nodes 124
EtherApe-INFO: 18:29:55.156: New node: IP: 78.47.130.189. Number of nodes 125
EtherApe-INFO: 18:29:55.157: New node: IP: 92.223.84.84. Number of nodes 126
EtherApe-INFO: 18:29:55.417: New node: IP: 193.34.169.17. Number of nodes 127
EtherApe-INFO: 18:29:55.684: New node: IP: 5.181.161.227. Number of nodes 128
EtherApe-INFO: 18:29:55.952: New node: IP: 140.82.114.25. Number of nodes 129
EtherApe-INFO: 18:29:56.749: New node: IP: 159.69.67.217. Number of nodes 130
EtherApe-INFO: 18:29:56.807: delete node: IP: 194.26.135.240. Number of nodes 129
EtherApe-INFO: 18:30:01.865: delete node: IP: 147.182.222.11. Number of nodes 128
EtherApe-INFO: 18:30:04.749: New node: IP: 184.105.247.244. Number of nodes 129
EtherApe-INFO: 18:30:06.961: delete node: IP: 192.99.175.185. Number of nodes 128
EtherApe-INFO: 18:30:06.961: delete node: IP: 170.106.115.253. Number of nodes 127
EtherApe-INFO: 18:30:09.284: New node: IP: 35.190.80.1. Number of nodes 128
EtherApe-INFO: 18:30:09.284: New node: IP: 142.250.203.209. Number of nodes 129
EtherApe-INFO: 18:30:09.837: delete node: IP: 216.58.209.10. Number of nodes 128
EtherApe-INFO: 18:30:12.762: delete node: IP: 140.82.121.6. Number of nodes 127
EtherApe-INFO: 18:30:17.584: delete node: IP: 142.250.203.132. Number of nodes 126
EtherApe-INFO: 18:30:18.359: New node: IP: 167.94.138.138. Number of nodes 127
EtherApe-INFO: 18:30:21.142: delete node: IP: 96.16.54.155. Number of nodes 126
EtherApe-INFO: 18:30:21.142: delete node: IP: 62.140.236.170. Number of nodes 125
EtherApe-INFO: 18:30:21.619: delete node: IP: 208.68.240.115. Number of nodes 124
EtherApe-INFO: 18:30:24.562: delete node: IP: 192.178.25.174. Number of nodes 123
EtherApe-INFO: 18:30:25.858: delete node: IP: 62.140.236.144. Number of nodes 122
EtherApe-INFO: 18:30:26.691: delete node: IP: 44.205.104.57. Number of nodes 121
EtherApe-INFO: 18:30:27.416: New node: IP: 216.218.206.104. Number of nodes 122
EtherApe-INFO: 18:30:28.604: delete node: IP: 104.18.160.126. Number of nodes 121
EtherApe-INFO: 18:30:29.553: delete node: IP: 192.241.205.67. Number of nodes 120
EtherApe-INFO: 18:30:31.487: delete node: IP: 128.2.42.95. Number of nodes 119
EtherApe-INFO: 18:30:31.487: delete node: IP: 104.21.3.46. Number of nodes 118
EtherApe-INFO: 18:30:34.722: delete node: IP: 217.65.3.21. Number of nodes 117
EtherApe-INFO: 18:30:35.149: New node: IP: 205.185.120.36. Number of nodes 118
EtherApe-INFO: 18:30:35.684: New node: IP: 95.216.195.133. Number of nodes 119
EtherApe-INFO: 18:30:45.289: New node: IP: 74.50.68.23. Number of nodes 120
EtherApe-INFO: 18:30:47.727: delete node: IP: 104.25.94.5. Number of nodes 119
EtherApe-INFO: 18:30:50.625: New node: IP: 162.216.149.252. Number of nodes 120
EtherApe-INFO: 18:30:52.749: New node: IP: 109.205.213.94. Number of nodes 121
EtherApe-INFO: 18:30:59.735: delete node: IP: 18.159.68.239. Number of nodes 120
EtherApe-INFO: 18:31:00.750: New node: IP: 140.82.113.26. Number of nodes 121
EtherApe-INFO: 18:31:01.127: delete node: IP: 201.153.85.76. Number of nodes 120
EtherApe-INFO: 18:31:05.634: delete node: IP: 216.58.208.206. Number of nodes 119
EtherApe-INFO: 18:31:07.591: delete node: IP: 192.64.87.170. Number of nodes 118
EtherApe-INFO: 18:31:09.339: New node: IP: 216.58.207.195. Number of nodes 119
EtherApe-INFO: 18:31:09.451: delete node: IP: 216.58.215.97. Number of nodes 118
EtherApe-INFO: 18:31:09.451: delete node: IP: 142.250.186.193. Number of nodes 117
EtherApe-INFO: 18:31:13.300: delete node: IP: 193.34.169.9. Number of nodes 116
EtherApe-INFO: 18:31:15.323: delete node: IP: 95.216.144.15. Number of nodes 115
EtherApe-INFO: 18:31:15.589: delete node: IP: 52.21.20.234. Number of nodes 114
EtherApe-INFO: 18:31:16.249: New node: IP: 195.64.136.254. Number of nodes 115
EtherApe-INFO: 18:31:17.826: delete node: IP: 113.221.47.95. Number of nodes 114
