(etherape:3116): GLib-GIO-DEBUG: 14:42:50.252: _g_io_module_get_default: Found default implementation local (GLocalVfs) for ‘gio-vfs’
(etherape:3116): GLib-GIO-DEBUG: 14:42:50.513: Using cross-namespace EXTERNAL authentication (this will deadlock if server is GDBus < 2.73.3)
EtherApe-INFO: 14:42:50.662: sctp protocol not supported
EtherApe-INFO: 14:42:50.662: dccp protocol not supported
EtherApe-INFO: 14:42:50.662: sctp protocol not supported
EtherApe-INFO: 14:42:50.662: sctp protocol not supported
EtherApe-INFO: 14:42:50.662: sctp protocol not supported
EtherApe-INFO: 14:42:50.662: sctp protocol not supported
EtherApe-INFO: 14:42:50.662: sctp protocol not supported
EtherApe-INFO: 14:42:50.662: sctp protocol not supported
EtherApe-INFO: 14:42:50.663: sctp protocol not supported
EtherApe-INFO: 14:42:50.663: dccp protocol not supported
EtherApe-INFO: 14:42:50.663: sctp protocol not supported
EtherApe-INFO: 14:42:50.663: dccp protocol not supported
EtherApe-INFO: 14:42:50.663: dccp protocol not supported
EtherApe-INFO: 14:42:50.663: sctp protocol not supported
EtherApe-INFO: 14:42:50.664: sctp protocol not supported
EtherApe-INFO: 14:42:50.664: sctp protocol not supported
EtherApe-INFO: 14:42:50.664: sctp protocol not supported
EtherApe-INFO: 14:42:50.664: sctp protocol not supported
EtherApe-INFO: 14:42:50.665: sctp protocol not supported
EtherApe-INFO: 14:42:50.665: sctp protocol not supported
EtherApe-INFO: 14:42:50.665: sctp protocol not supported
EtherApe-INFO: 14:42:50.665: sctp protocol not supported
EtherApe-INFO: 14:42:50.666: sctp protocol not supported
EtherApe-INFO: 14:42:50.666: sctp protocol not supported
EtherApe-INFO: 14:42:50.667: sctp protocol not supported
EtherApe-INFO: 14:42:50.667: sctp protocol not supported
EtherApe-INFO: 14:42:50.667: sctp protocol not supported
EtherApe-INFO: 14:42:50.667: sctp protocol not supported
EtherApe-INFO: 14:42:50.667: dccp protocol not supported
EtherApe-INFO: 14:42:50.667: sctp protocol not supported
EtherApe-INFO: 14:42:50.667: sctp protocol not supported
EtherApe-INFO: 14:42:50.667: dccp protocol not supported
EtherApe-INFO: 14:42:50.667: sctp protocol not supported
EtherApe-INFO: 14:42:50.667: sctp protocol not supported
EtherApe-INFO: 14:42:50.667: sctp protocol not supported
EtherApe-INFO: 14:42:50.667: dccp protocol not supported
EtherApe-INFO: 14:42:50.667: dccp protocol not supported
EtherApe-INFO: 14:42:50.668: sctp protocol not supported
EtherApe-INFO: 14:42:50.668: sctp protocol not supported
EtherApe-INFO: 14:42:50.668: sctp protocol not supported
EtherApe-INFO: 14:42:50.668: sctp protocol not supported
EtherApe-INFO: 14:42:50.668: sctp protocol not supported
EtherApe-INFO: 14:42:50.668: sctp protocol not supported
EtherApe-INFO: 14:42:50.668: sctp protocol not supported
EtherApe-INFO: 14:42:50.668: sctp protocol not supported
EtherApe-INFO: 14:42:50.668: sctp protocol not supported
EtherApe-INFO: 14:42:50.668: sctp protocol not supported
EtherApe-INFO: 14:42:50.668: sctp protocol not supported
EtherApe-INFO: 14:42:50.668: sctp protocol not supported
EtherApe-INFO: 14:42:50.668: sctp protocol not supported
EtherApe-INFO: 14:42:50.668: sctp protocol not supported
EtherApe-INFO: 14:42:50.668: sctp protocol not supported
EtherApe-INFO: 14:42:50.668: sctp protocol not supported
EtherApe-INFO: 14:42:50.668: sctp protocol not supported
EtherApe-INFO: 14:42:50.668: sctp protocol not supported
EtherApe-INFO: 14:42:50.668: sctp protocol not supported
EtherApe-INFO: 14:42:50.668: sctp protocol not supported
EtherApe-INFO: 14:42:50.669: dccp protocol not supported
EtherApe-INFO: 14:42:50.669: sctp protocol not supported
EtherApe-INFO: 14:42:50.669: sctp protocol not supported
EtherApe-INFO: 14:42:50.669: sctp protocol not supported
EtherApe-INFO: 14:42:50.669: sctp protocol not supported
EtherApe-INFO: 14:42:50.669: sctp protocol not supported
EtherApe-INFO: 14:42:50.669: sctp protocol not supported
EtherApe-INFO: 14:42:50.669: sctp protocol not supported
EtherApe-INFO: 14:42:50.669: sctp protocol not supported
EtherApe-INFO: 14:42:50.669: sctp protocol not supported
EtherApe-INFO: 14:42:50.669: sctp protocol not supported
EtherApe-INFO: 14:42:50.669: sctp protocol not supported
EtherApe-INFO: 14:42:50.669: sctp protocol not supported
EtherApe-INFO: 14:42:50.670: sctp protocol not supported
EtherApe-INFO: 14:42:50.670: sctp protocol not supported
EtherApe-INFO: 14:42:50.670: sctp protocol not supported
EtherApe-INFO: 14:42:50.670: sctp protocol not supported
EtherApe-INFO: 14:42:50.670: sctp protocol not supported
EtherApe-INFO: 14:42:50.670: sctp protocol not supported
EtherApe-INFO: 14:42:50.670: sctp protocol not supported
EtherApe-INFO: 14:42:50.670: sctp protocol not supported
EtherApe-INFO: 14:42:50.670: sctp protocol not supported
EtherApe-INFO: 14:42:50.670: sctp protocol not supported
EtherApe-INFO: 14:42:50.670: sctp protocol not supported
EtherApe-INFO: 14:42:50.670: sctp protocol not supported
EtherApe-INFO: 14:42:50.670: sctp protocol not supported
EtherApe-INFO: 14:42:50.670: sctp protocol not supported
EtherApe-INFO: 14:42:50.670: sctp protocol not supported
EtherApe-INFO: 14:42:50.670: sctp protocol not supported
EtherApe-INFO: 14:42:50.670: sctp protocol not supported
EtherApe-INFO: 14:42:50.670: sctp protocol not supported
EtherApe-INFO: 14:42:50.670: sctp protocol not supported
EtherApe-INFO: 14:42:50.670: sctp protocol not supported
EtherApe-INFO: 14:42:50.670: sctp protocol not supported
EtherApe-INFO: 14:42:50.670: sctp protocol not supported
EtherApe-INFO: 14:42:50.670: sctp protocol not supported
EtherApe-INFO: 14:42:50.670: sctp protocol not supported
EtherApe-INFO: 14:42:50.681: get_interface result: ''
EtherApe-INFO: 14:42:50.681: Available interfaces for capture: dbus-session dbus-system nfqueue nflog bluetooth-monitor bluetooth0 lo any wlp2s0
EtherApe-INFO: 14:42:50.682: Link type is LINUX_SLL
EtherApe-INFO: 14:42:50.682: Diagram started
EtherApe-INFO: 14:42:50.934: New node: IP: 217.138.198.227. Number of nodes 1
EtherApe-INFO: 14:42:50.934: New node: IP: 192.168.1.249. Number of nodes 2
EtherApe-INFO: 14:42:51.191: New node: IP: 93.184.220.29. Number of nodes 3
EtherApe-INFO: 14:42:51.192: New node: IP: 54.187.174.239. Number of nodes 4
EtherApe-INFO: 14:42:51.192: New node: IP: 104.18.20.226. Number of nodes 5
EtherApe-INFO: 14:42:51.705: New node: IP: 54.200.142.81. Number of nodes 6
EtherApe-INFO: 14:42:51.961: New node: IP: 9.9.9.9. Number of nodes 7
EtherApe-INFO: 14:42:52.215: New node: IP: 87.245.216.9. Number of nodes 8
EtherApe-INFO: 14:42:53.239: New node: IP: 216.58.215.99. Number of nodes 9
EtherApe-INFO: 14:42:53.750: New node: IP: 108.138.24.186. Number of nodes 10
EtherApe-INFO: 14:42:53.751: New node: IP: 35.158.180.177. Number of nodes 11
EtherApe-INFO: 14:42:56.312: New node: IP: 8.8.8.8. Number of nodes 12
EtherApe-INFO: 14:42:59.127: New node: IP: 149.154.167.41. Number of nodes 13
EtherApe-INFO: 14:43:00.918: New node: IP: 34.107.221.82. Number of nodes 14
EtherApe-INFO: 14:43:05.782: New node: IP: 140.82.114.5. Number of nodes 15
EtherApe-INFO: 14:43:08.598: New node: IP: 34.120.208.123. Number of nodes 16
EtherApe-INFO: 14:43:08.599: New node: IP: 34.107.141.31. Number of nodes 17
EtherApe-INFO: 14:43:09.628: New node: IP: 104.17.50.74. Number of nodes 18
EtherApe-INFO: 14:43:10.660: New node: IP: 104.18.13.33. Number of nodes 19
EtherApe-INFO: 14:43:10.660: New node: IP: 99.86.246.151. Number of nodes 20
EtherApe-INFO: 14:43:11.670: New node: IP: 108.138.17.104. Number of nodes 21
EtherApe-INFO: 14:43:11.671: New node: IP: 104.22.32.83. Number of nodes 22
EtherApe-INFO: 14:43:11.671: New node: IP: 35.186.227.140. Number of nodes 23
EtherApe-INFO: 14:43:11.671: New node: IP: 104.17.182.52. Number of nodes 24
EtherApe-INFO: 14:43:11.673: New node: IP: 18.66.231.204. Number of nodes 25
EtherApe-INFO: 14:43:11.674: New node: IP: 104.16.248.249. Number of nodes 26
EtherApe-INFO: 14:43:17.814: New node: IP: 193.150.34.2. Number of nodes 27
EtherApe-INFO: 14:43:51.094: New node: IP: 35.163.1.35. Number of nodes 28
EtherApe-INFO: 14:44:57.487: delete node: IP: 8.8.8.8. Number of nodes 27
EtherApe-INFO: 14:45:06.439: delete node: IP: 140.82.114.5. Number of nodes 26
EtherApe-INFO: 14:45:10.812: delete node: IP: 54.187.174.239. Number of nodes 25
EtherApe-INFO: 14:45:11.579: delete node: IP: 54.200.142.81. Number of nodes 24
EtherApe-INFO: 14:45:13.549: delete node: IP: 35.158.180.177. Number of nodes 23
EtherApe-INFO: 14:45:18.439: delete node: IP: 193.150.34.2. Number of nodes 22
EtherApe-INFO: 14:45:26.070: New node: IP: 193.150.34.2. Number of nodes 23
EtherApe-INFO: 14:45:50.391: New node: IP: 8.8.8.8. Number of nodes 24
EtherApe-INFO: 14:45:50.392: New node: IP: 89.187.191.12. Number of nodes 25
EtherApe-INFO: 14:45:50.393: New node: IP: 3.127.160.74. Number of nodes 26
EtherApe-INFO: 14:45:50.660: New node: IP: 192.168.1.1. Number of nodes 27
EtherApe-INFO: 14:45:54.748: New node: IP: 95.216.195.133. Number of nodes 28
EtherApe-INFO: 14:45:55.770: New node: IP: 104.16.249.249. Number of nodes 29
EtherApe-INFO: 14:46:04.485: delete node: IP: 35.163.1.35. Number of nodes 28
EtherApe-INFO: 14:46:05.584: delete node: IP: 104.18.20.226. Number of nodes 27
EtherApe-INFO: 14:46:05.584: delete node: IP: 34.107.221.82. Number of nodes 26
EtherApe-INFO: 14:46:06.661: delete node: IP: 87.245.216.9. Number of nodes 25
EtherApe-INFO: 14:46:07.550: delete node: IP: 93.184.220.29. Number of nodes 24
EtherApe-INFO: 14:46:08.649: delete node: IP: 216.58.215.99. Number of nodes 23
EtherApe-INFO: 14:46:08.650: delete node: IP: 108.138.24.186. Number of nodes 22
EtherApe-INFO: 14:46:34.437: New node: IP: 149.154.167.216. Number of nodes 23
EtherApe-INFO: 14:47:00.631: delete node: IP: 34.120.208.123. Number of nodes 22
EtherApe-INFO: 14:47:01.598: delete node: IP: 104.17.50.74. Number of nodes 21
EtherApe-INFO: 14:47:01.598: delete node: IP: 34.107.141.31. Number of nodes 20
EtherApe-INFO: 14:47:02.584: delete node: IP: 104.18.13.33. Number of nodes 19
EtherApe-INFO: 14:47:02.584: delete node: IP: 99.86.246.151. Number of nodes 18
EtherApe-INFO: 14:47:03.448: delete node: IP: 104.22.32.83. Number of nodes 17
EtherApe-INFO: 14:47:03.448: delete node: IP: 104.17.182.52. Number of nodes 16
EtherApe-INFO: 14:47:03.662: delete node: IP: 35.186.227.140. Number of nodes 15
EtherApe-INFO: 14:47:03.662: delete node: IP: 18.66.231.204. Number of nodes 14
EtherApe-INFO: 14:47:04.409: delete node: IP: 108.138.17.104. Number of nodes 13
EtherApe-INFO: 14:47:08.989: New node: IP: 35.165.41.15. Number of nodes 14
EtherApe-INFO: 14:47:26.201: delete node: IP: 193.150.34.2. Number of nodes 13
EtherApe-INFO: 14:47:50.793: delete node: IP: 192.168.1.1. Number of nodes 12
EtherApe-INFO: 14:47:54.851: delete node: IP: 8.8.8.8. Number of nodes 11
EtherApe-INFO: 14:47:55.071: delete node: IP: 95.216.195.133. Number of nodes 10
EtherApe-INFO: 14:47:56.384: delete node: IP: 104.16.249.249. Number of nodes 9
EtherApe-INFO: 14:48:46.523: New node: IP: 104.16.249.249. Number of nodes 10
EtherApe-INFO: 14:48:57.627: delete node: IP: 149.154.167.216. Number of nodes 9
EtherApe-INFO: 14:49:09.420: delete node: IP: 35.165.41.15. Number of nodes 8
EtherApe-INFO: 14:49:12.212: delete node: IP: 3.127.160.74. Number of nodes 7
EtherApe-INFO: 14:49:42.328: New node: IP: 193.150.34.2. Number of nodes 8
EtherApe-INFO: 14:50:26.103: New node: IP: 95.216.144.15. Number of nodes 9
EtherApe-INFO: 14:50:48.179: delete node: IP: 104.16.249.249. Number of nodes 8
EtherApe-INFO: 14:50:49.654: New node: IP: 192.168.1.1. Number of nodes 9
EtherApe-INFO: 14:50:49.910: New node: IP: 95.216.195.133. Number of nodes 10
EtherApe-INFO: 14:51:42.446: delete node: IP: 193.150.34.2. Number of nodes 9
EtherApe-INFO: 14:52:09.272: New node: IP: 35.165.41.15. Number of nodes 10
EtherApe-INFO: 14:52:20.582: delete node: IP: 89.187.191.12. Number of nodes 9
EtherApe-INFO: 14:52:26.779: delete node: IP: 95.216.144.15. Number of nodes 8
EtherApe-INFO: 14:52:50.259: delete node: IP: 192.168.1.1. Number of nodes 7
EtherApe-INFO: 14:52:50.259: delete node: IP: 95.216.195.133. Number of nodes 6
EtherApe-INFO: 14:54:10.363: delete node: IP: 35.165.41.15. Number of nodes 5
EtherApe-INFO: 14:55:49.687: New node: IP: 192.168.1.1. Number of nodes 6
EtherApe-INFO: 14:55:49.688: New node: IP: 95.216.195.133. Number of nodes 7
EtherApe-INFO: 14:57:09.303: New node: IP: 35.165.41.15. Number of nodes 8
EtherApe-INFO: 14:57:17.240: New node: IP: 149.154.167.216. Number of nodes 9
EtherApe-INFO: 14:57:49.796: delete node: IP: 192.168.1.1. Number of nodes 8
EtherApe-INFO: 14:57:50.104: delete node: IP: 95.216.195.133. Number of nodes 7
EtherApe-INFO: 14:58:14.582: New node: IP: 193.150.34.2. Number of nodes 8
EtherApe-INFO: 14:59:09.691: delete node: IP: 35.165.41.15. Number of nodes 7
EtherApe-INFO: 14:59:34.789: delete node: IP: 149.154.167.216. Number of nodes 6
EtherApe-INFO: 15:00:14.922: delete node: IP: 193.150.34.2. Number of nodes 5
EtherApe-INFO: 15:00:16.694: New node: IP: 149.154.167.216. Number of nodes 6
EtherApe-INFO: 15:00:17.210: New node: IP: 35.163.52.199. Number of nodes 7
EtherApe-INFO: 15:00:18.570: New node: IP: 34.107.221.82. Number of nodes 8
EtherApe-INFO: 15:00:18.763: New node: IP: 149.154.167.99. Number of nodes 9
EtherApe-INFO: 15:00:19.122: New node: IP: 192.124.249.41. Number of nodes 10
EtherApe-INFO: 15:00:19.127: New node: IP: 108.138.47.187. Number of nodes 11
EtherApe-INFO: 15:00:19.278: New node: IP: 34.117.237.239. Number of nodes 12
EtherApe-INFO: 15:00:19.803: New node: IP: 62.140.236.154. Number of nodes 13
EtherApe-INFO: 15:00:20.799: New node: IP: 44.233.238.100. Number of nodes 14
EtherApe-INFO: 15:00:21.309: New node: IP: 72.21.91.29. Number of nodes 15
EtherApe-INFO: 15:00:21.315: New node: IP: 54.200.60.216. Number of nodes 16
EtherApe-INFO: 15:00:21.569: New node: IP: 149.154.167.255. Number of nodes 17
EtherApe-INFO: 15:00:21.573: New node: IP: 34.120.208.123. Number of nodes 18
EtherApe-INFO: 15:00:22.327: New node: IP: 34.120.158.37. Number of nodes 19
EtherApe-INFO: 15:00:22.589: New node: IP: 8.8.8.8. Number of nodes 20
EtherApe-INFO: 15:00:22.590: New node: IP: 93.184.220.29. Number of nodes 21
EtherApe-INFO: 15:00:22.840: New node: IP: 35.241.9.150. Number of nodes 22
EtherApe-INFO: 15:00:23.100: New node: IP: 34.160.144.191. Number of nodes 23
EtherApe-INFO: 15:00:24.121: New node: IP: 34.111.73.144. Number of nodes 24
EtherApe-INFO: 15:00:24.384: New node: IP: 35.201.103.21. Number of nodes 25
EtherApe-INFO: 15:00:24.641: New node: IP: 34.98.75.36. Number of nodes 26
EtherApe-INFO: 15:00:44.344: New node: IP: 3.127.160.74. Number of nodes 27
EtherApe-INFO: 15:00:49.718: New node: IP: 192.168.1.1. Number of nodes 28
EtherApe-INFO: 15:00:49.974: New node: IP: 95.216.195.133. Number of nodes 29
EtherApe-INFO: 15:02:09.590: New node: IP: 35.165.41.15. Number of nodes 30
EtherApe-INFO: 15:02:22.165: delete node: IP: 44.233.238.100. Number of nodes 29
EtherApe-INFO: 15:02:25.208: delete node: IP: 34.120.158.37. Number of nodes 28
EtherApe-INFO: 15:02:29.391: delete node: IP: 192.124.249.41. Number of nodes 27
EtherApe-INFO: 15:02:29.391: delete node: IP: 149.154.167.99. Number of nodes 26
EtherApe-INFO: 15:02:29.391: delete node: IP: 108.138.47.187. Number of nodes 25
EtherApe-INFO: 15:02:29.391: delete node: IP: 93.184.220.29. Number of nodes 24
EtherApe-INFO: 15:02:29.391: delete node: IP: 62.140.236.154. Number of nodes 23
EtherApe-INFO: 15:02:29.391: delete node: IP: 35.241.9.150. Number of nodes 22
EtherApe-INFO: 15:02:29.391: delete node: IP: 35.201.103.21. Number of nodes 21
EtherApe-INFO: 15:02:29.391: delete node: IP: 34.160.144.191. Number of nodes 20
EtherApe-INFO: 15:02:29.391: delete node: IP: 34.117.237.239. Number of nodes 19
EtherApe-INFO: 15:02:29.391: delete node: IP: 34.111.73.144. Number of nodes 18
EtherApe-INFO: 15:02:29.391: delete node: IP: 34.107.221.82. Number of nodes 17
EtherApe-INFO: 15:02:29.391: delete node: IP: 34.98.75.36. Number of nodes 16
EtherApe-INFO: 15:02:29.602: delete node: IP: 72.21.91.29. Number of nodes 15
EtherApe-INFO: 15:02:29.602: delete node: IP: 54.200.60.216. Number of nodes 14
EtherApe-INFO: 15:02:29.602: delete node: IP: 35.163.52.199. Number of nodes 13
EtherApe-INFO: 15:02:35.249: delete node: IP: 8.8.8.8. Number of nodes 12
EtherApe-INFO: 15:02:35.456: delete node: IP: 34.120.208.123. Number of nodes 11
EtherApe-INFO: 15:02:38.544: delete node: IP: 149.154.167.255. Number of nodes 10
EtherApe-INFO: 15:02:50.322: delete node: IP: 192.168.1.1. Number of nodes 9
EtherApe-INFO: 15:02:50.322: delete node: IP: 95.216.195.133. Number of nodes 8
EtherApe-INFO: 15:02:59.037: delete node: IP: 3.127.160.74. Number of nodes 7
EtherApe-INFO: 15:04:10.686: delete node: IP: 35.165.41.15. Number of nodes 6
EtherApe-INFO: 15:04:20.449: delete node: IP: 149.154.167.216. Number of nodes 5
EtherApe-INFO: 15:05:49.750: New node: IP: 192.168.1.1. Number of nodes 6
EtherApe-INFO: 15:05:49.764: New node: IP: 95.216.195.133. Number of nodes 7
EtherApe-INFO: 15:07:09.622: New node: IP: 35.165.41.15. Number of nodes 8
EtherApe-INFO: 15:07:49.823: delete node: IP: 192.168.1.1. Number of nodes 7
EtherApe-INFO: 15:07:50.133: delete node: IP: 95.216.195.133. Number of nodes 6
EtherApe-INFO: 15:08:00.055: New node: IP: 95.216.144.15. Number of nodes 7
EtherApe-INFO: 15:08:31.031: New node: IP: 89.187.191.12. Number of nodes 8
EtherApe-INFO: 15:09:10.000: delete node: IP: 35.165.41.15. Number of nodes 7
EtherApe-INFO: 15:09:13.537: New node: IP: 149.154.167.216. Number of nodes 8
EtherApe-INFO: 15:10:03.190: New node: IP: 149.154.167.50. Number of nodes 9
EtherApe-INFO: 15:10:04.356: delete node: IP: 95.216.144.15. Number of nodes 8
EtherApe-INFO: 15:10:08.313: New node: IP: 8.8.8.8. Number of nodes 9
EtherApe-INFO: 15:10:45.431: New node: IP: 35.165.41.15. Number of nodes 10
EtherApe-INFO: 15:10:45.688: New node: IP: 34.120.208.123. Number of nodes 11
EtherApe-INFO: 15:10:49.526: New node: IP: 104.16.249.249. Number of nodes 12
EtherApe-INFO: 15:10:49.527: New node: IP: 192.168.1.1. Number of nodes 13
EtherApe-INFO: 15:10:49.783: New node: IP: 95.216.195.133. Number of nodes 14
EtherApe-INFO: 15:10:50.295: New node: IP: 34.107.221.82. Number of nodes 15
EtherApe-INFO: 15:10:51.838: New node: IP: 34.160.144.191. Number of nodes 16
EtherApe-INFO: 15:10:51.846: New node: IP: 93.184.220.29. Number of nodes 17
EtherApe-INFO: 15:10:51.846: New node: IP: 35.241.9.150. Number of nodes 18
EtherApe-INFO: 15:10:51.846: New node: IP: 52.88.75.10. Number of nodes 19
EtherApe-INFO: 15:10:51.849: New node: IP: 35.81.185.20. Number of nodes 20
EtherApe-INFO: 15:10:51.850: New node: IP: 34.107.141.31. Number of nodes 21
EtherApe-INFO: 15:10:51.851: New node: IP: 54.191.240.24. Number of nodes 22
EtherApe-INFO: 15:10:52.089: New node: IP: 87.245.216.107. Number of nodes 23
EtherApe-INFO: 15:10:52.107: New node: IP: 87.245.216.9. Number of nodes 24
EtherApe-INFO: 15:10:52.345: New node: IP: 44.240.2.129. Number of nodes 25
EtherApe-INFO: 15:10:52.601: New node: IP: 104.17.49.74. Number of nodes 26
EtherApe-INFO: 15:10:52.856: New node: IP: 104.17.50.74. Number of nodes 27
EtherApe-INFO: 15:10:54.138: New node: IP: 104.18.13.33. Number of nodes 28
EtherApe-INFO: 15:10:55.927: New node: IP: 185.199.110.154. Number of nodes 29
EtherApe-INFO: 15:10:55.928: New node: IP: 99.86.246.151. Number of nodes 30
EtherApe-INFO: 15:10:56.194: New node: IP: 35.186.227.140. Number of nodes 31
EtherApe-INFO: 15:10:56.439: New node: IP: 140.82.121.3. Number of nodes 32
EtherApe-INFO: 15:10:56.698: New node: IP: 3.127.160.74. Number of nodes 33
EtherApe-INFO: 15:10:57.209: New node: IP: 104.22.32.83. Number of nodes 34
EtherApe-INFO: 15:10:57.243: New node: IP: 104.17.182.52. Number of nodes 35
EtherApe-INFO: 15:10:57.243: New node: IP: 104.18.21.226. Number of nodes 36
EtherApe-INFO: 15:10:58.745: New node: IP: 18.66.231.225. Number of nodes 37
EtherApe-INFO: 15:10:59.002: New node: IP: 35.158.180.177. Number of nodes 38
EtherApe-INFO: 15:10:59.002: New node: IP: 108.138.17.43. Number of nodes 39
EtherApe-INFO: 15:10:59.524: New node: IP: 18.66.121.98. Number of nodes 40
EtherApe-INFO: 15:10:59.530: New node: IP: 104.20.120.46. Number of nodes 41
EtherApe-INFO: 15:10:59.768: New node: IP: 3.215.128.62. Number of nodes 42
EtherApe-INFO: 15:10:59.768: New node: IP: 140.82.113.26. Number of nodes 43
EtherApe-INFO: 15:11:00.029: New node: IP: 216.58.215.67. Number of nodes 44
EtherApe-INFO: 15:11:00.536: New node: IP: 216.58.215.101. Number of nodes 45
EtherApe-INFO: 15:11:00.540: New node: IP: 104.20.121.46. Number of nodes 46
EtherApe-INFO: 15:11:00.540: New node: IP: 108.138.44.67. Number of nodes 47
EtherApe-INFO: 15:11:01.057: New node: IP: 99.86.243.182. Number of nodes 48
EtherApe-INFO: 15:11:08.216: New node: IP: 192.168.0.1. Number of nodes 49
EtherApe-INFO: 15:11:08.985: New node: IP: 192.168.0.218. Number of nodes 50
EtherApe-INFO: 15:11:11.290: New node: IP: 192.168.0.157. Number of nodes 51
EtherApe-INFO: 15:11:41.576: delete node: IP: 89.187.191.12. Number of nodes 50
EtherApe-INFO: 15:12:08.396: delete node: IP: 8.8.8.8. Number of nodes 49
EtherApe-INFO: 15:12:22.456: New node: IP: 149.154.167.92. Number of nodes 50
EtherApe-INFO: 15:12:33.600: delete node: IP: 104.16.248.249. Number of nodes 49
EtherApe-INFO: 15:12:46.036: delete node: IP: 35.165.41.15. Number of nodes 48
EtherApe-INFO: 15:12:49.851: delete node: IP: 192.168.1.1. Number of nodes 47
EtherApe-INFO: 15:12:50.188: delete node: IP: 95.216.195.133. Number of nodes 46
EtherApe-INFO: 15:12:52.929: delete node: IP: 104.17.50.74. Number of nodes 45
EtherApe-INFO: 15:12:52.929: delete node: IP: 54.191.240.24. Number of nodes 44
EtherApe-INFO: 15:12:56.556: delete node: IP: 140.82.121.3. Number of nodes 43
EtherApe-INFO: 15:12:56.780: delete node: IP: 3.127.160.74. Number of nodes 42
EtherApe-INFO: 15:13:00.142: delete node: IP: 185.199.110.154. Number of nodes 41
EtherApe-INFO: 15:13:00.142: delete node: IP: 87.245.216.9. Number of nodes 40
EtherApe-INFO: 15:13:01.160: delete node: IP: 104.20.121.46. Number of nodes 39
EtherApe-INFO: 15:13:08.613: delete node: IP: 192.168.0.1. Number of nodes 38
EtherApe-INFO: 15:13:09.906: delete node: IP: 192.168.0.218. Number of nodes 37
EtherApe-INFO: 15:13:10.839: New node: IP: 192.168.0.218. Number of nodes 38
EtherApe-INFO: 15:13:10.840: New node: IP: 192.168.0.1. Number of nodes 39
EtherApe-INFO: 15:13:46.986: New node: IP: 8.8.8.8. Number of nodes 40
EtherApe-INFO: 15:13:53.244: delete node: IP: 52.88.75.10. Number of nodes 39
EtherApe-INFO: 15:13:53.854: delete node: IP: 35.81.185.20. Number of nodes 38
EtherApe-INFO: 15:13:54.844: delete node: IP: 44.240.2.129. Number of nodes 37
EtherApe-INFO: 15:14:01.556: delete node: IP: 35.158.180.177. Number of nodes 36
EtherApe-INFO: 15:14:38.375: delete node: IP: 149.154.167.92. Number of nodes 35
EtherApe-INFO: 15:14:47.299: delete node: IP: 34.107.221.82. Number of nodes 34
EtherApe-INFO: 15:14:51.657: delete node: IP: 87.245.216.107. Number of nodes 33
EtherApe-INFO: 15:14:52.743: delete node: IP: 104.18.21.226. Number of nodes 32
EtherApe-INFO: 15:14:54.256: delete node: IP: 216.58.215.101. Number of nodes 31
EtherApe-INFO: 15:14:54.256: delete node: IP: 216.58.215.67. Number of nodes 30
EtherApe-INFO: 15:14:54.256: delete node: IP: 108.138.44.67. Number of nodes 29
EtherApe-INFO: 15:14:54.256: delete node: IP: 108.138.17.43. Number of nodes 28
EtherApe-INFO: 15:14:54.256: delete node: IP: 104.22.32.83. Number of nodes 27
EtherApe-INFO: 15:14:54.256: delete node: IP: 104.20.120.46. Number of nodes 26
EtherApe-INFO: 15:14:54.256: delete node: IP: 104.18.13.33. Number of nodes 25
EtherApe-INFO: 15:14:54.256: delete node: IP: 104.17.182.52. Number of nodes 24
EtherApe-INFO: 15:14:54.256: delete node: IP: 104.17.49.74. Number of nodes 23
EtherApe-INFO: 15:14:54.256: delete node: IP: 99.86.246.151. Number of nodes 22
EtherApe-INFO: 15:14:54.256: delete node: IP: 99.86.243.182. Number of nodes 21
EtherApe-INFO: 15:14:54.256: delete node: IP: 93.184.220.29. Number of nodes 20
EtherApe-INFO: 15:14:54.256: delete node: IP: 35.241.9.150. Number of nodes 19
EtherApe-INFO: 15:14:54.256: delete node: IP: 35.186.227.140. Number of nodes 18
EtherApe-INFO: 15:14:54.256: delete node: IP: 34.160.144.191. Number of nodes 17
EtherApe-INFO: 15:14:54.256: delete node: IP: 34.120.208.123. Number of nodes 16
EtherApe-INFO: 15:14:54.256: delete node: IP: 34.107.141.31. Number of nodes 15
EtherApe-INFO: 15:14:54.256: delete node: IP: 18.66.231.225. Number of nodes 14
EtherApe-INFO: 15:14:54.256: delete node: IP: 18.66.121.98. Number of nodes 13
EtherApe-INFO: 15:14:54.256: delete node: IP: 3.215.128.62. Number of nodes 12
EtherApe-INFO: 15:15:13.497: delete node: IP: 192.168.0.1. Number of nodes 11
EtherApe-INFO: 15:15:13.703: delete node: IP: 192.168.0.218. Number of nodes 10
EtherApe-INFO: 15:15:16.546: delete node: IP: 140.82.113.26. Number of nodes 9
EtherApe-INFO: 15:15:18.777: New node: IP: 193.150.34.2. Number of nodes 10
EtherApe-INFO: 15:15:27.222: New node: IP: 3.127.160.74. Number of nodes 11
EtherApe-INFO: 15:15:40.590: delete node: IP: 192.168.0.157. Number of nodes 10
EtherApe-INFO: 15:15:47.027: delete node: IP: 8.8.8.8. Number of nodes 9
EtherApe-INFO: 15:15:49.752: New node: IP: 192.168.1.1. Number of nodes 10
EtherApe-INFO: 15:15:49.754: New node: IP: 95.216.195.133. Number of nodes 11
EtherApe-INFO: 15:15:52.567: New node: IP: 54.191.240.24. Number of nodes 12
EtherApe-INFO: 15:17:18.908: delete node: IP: 193.150.34.2. Number of nodes 11
EtherApe-INFO: 15:17:49.850: delete node: IP: 192.168.1.1. Number of nodes 10
EtherApe-INFO: 15:17:50.176: delete node: IP: 95.216.195.133. Number of nodes 9
EtherApe-INFO: 15:17:52.942: delete node: IP: 54.191.240.24. Number of nodes 8
EtherApe-INFO: 15:17:57.601: delete node: IP: 3.127.160.74. Number of nodes 7
EtherApe-INFO: 15:18:00.895: delete node: IP: 149.154.167.216. Number of nodes 6
EtherApe-INFO: 15:18:18.743: New node: IP: 149.154.167.216. Number of nodes 7
EtherApe-INFO: 15:20:49.527: New node: IP: 192.168.1.1. Number of nodes 8
EtherApe-INFO: 15:20:49.783: New node: IP: 95.216.195.133. Number of nodes 9
EtherApe-INFO: 15:20:52.856: New node: IP: 54.191.240.24. Number of nodes 10
EtherApe-INFO: 15:22:21.480: delete node: IP: 149.154.167.216. Number of nodes 9
EtherApe-INFO: 15:22:49.917: delete node: IP: 192.168.1.1. Number of nodes 8
EtherApe-INFO: 15:22:50.128: delete node: IP: 95.216.195.133. Number of nodes 7
EtherApe-INFO: 15:22:53.947: delete node: IP: 54.191.240.24. Number of nodes 6
EtherApe-INFO: 15:23:14.678: New node: IP: 3.127.160.74. Number of nodes 7
EtherApe-INFO: 15:23:19.031: New node: IP: 140.82.121.6. Number of nodes 8
EtherApe-INFO: 15:24:41.536: delete node: IP: 149.154.167.50. Number of nodes 7
EtherApe-INFO: 15:25:49.559: New node: IP: 192.168.1.1. Number of nodes 8
EtherApe-INFO: 15:25:49.816: New node: IP: 95.216.195.133. Number of nodes 9
EtherApe-INFO: 15:25:53.398: New node: IP: 54.191.240.24. Number of nodes 10
EtherApe-INFO: 15:26:09.548: delete node: IP: 3.127.160.74. Number of nodes 9
EtherApe-INFO: 15:26:16.952: New node: IP: 149.154.167.216. Number of nodes 10
EtherApe-INFO: 15:27:21.801: delete node: IP: 140.82.121.6. Number of nodes 9
EtherApe-INFO: 15:27:49.933: delete node: IP: 192.168.1.1. Number of nodes 8
EtherApe-INFO: 15:27:50.146: delete node: IP: 95.216.195.133. Number of nodes 7
EtherApe-INFO: 15:27:53.526: delete node: IP: 54.191.240.24. Number of nodes 6
EtherApe-INFO: 15:28:22.392: New node: IP: 89.187.191.12. Number of nodes 7
EtherApe-INFO: 15:28:22.393: New node: IP: 3.127.160.74. Number of nodes 8
EtherApe-INFO: 15:28:32.392: New node: IP: 149.154.167.255. Number of nodes 9
EtherApe-INFO: 15:28:32.676: delete node: IP: 149.154.167.216. Number of nodes 8
EtherApe-INFO: 15:28:39.809: New node: IP: 149.154.167.216. Number of nodes 9
EtherApe-INFO: 15:30:42.108: delete node: IP: 3.127.160.74. Number of nodes 8
EtherApe-INFO: 15:30:47.727: New node: IP: 95.216.144.15. Number of nodes 9
EtherApe-INFO: 15:30:49.518: New node: IP: 192.168.1.1. Number of nodes 10
EtherApe-INFO: 15:30:49.594: delete node: IP: 149.154.167.255. Number of nodes 9
EtherApe-INFO: 15:30:49.774: New node: IP: 95.216.195.133. Number of nodes 10
EtherApe-INFO: 15:30:53.358: New node: IP: 54.191.240.24. Number of nodes 11
EtherApe-INFO: 15:31:06.207: delete node: IP: 149.154.167.216. Number of nodes 10
EtherApe-INFO: 15:31:45.326: New node: IP: 8.8.8.8. Number of nodes 11
EtherApe-INFO: 15:32:29.102: New node: IP: 149.154.167.216. Number of nodes 12
EtherApe-INFO: 15:32:47.543: delete node: IP: 89.187.191.12. Number of nodes 11
EtherApe-INFO: 15:32:48.610: delete node: IP: 95.216.144.15. Number of nodes 10
EtherApe-INFO: 15:32:49.874: delete node: IP: 192.168.1.1. Number of nodes 9
EtherApe-INFO: 15:32:49.874: delete node: IP: 95.216.195.133. Number of nodes 8
EtherApe-INFO: 15:32:53.988: delete node: IP: 54.191.240.24. Number of nodes 7
EtherApe-INFO: 15:32:54.192: New node: IP: 89.187.191.12. Number of nodes 8
EtherApe-INFO: 15:32:54.192: New node: IP: 3.127.160.74. Number of nodes 9
EtherApe-INFO: 15:33:14.111: New node: IP: 95.216.144.15. Number of nodes 10
EtherApe-INFO: 15:34:54.978: delete node: IP: 8.8.8.8. Number of nodes 9
EtherApe-INFO: 15:35:07.597: delete node: IP: 3.127.160.74. Number of nodes 8
EtherApe-INFO: 15:35:08.549: delete node: IP: 89.187.191.12. Number of nodes 7
EtherApe-INFO: 15:35:15.267: delete node: IP: 95.216.144.15. Number of nodes 6
EtherApe-INFO: 15:35:26.044: delete node: IP: 149.154.167.216. Number of nodes 5
EtherApe-INFO: 15:35:53.598: New node: IP: 54.191.240.24. Number of nodes 6
EtherApe-INFO: 15:35:54.878: New node: IP: 192.168.1.1. Number of nodes 7
EtherApe-INFO: 15:35:57.696: New node: IP: 1.1.1.1. Number of nodes 8
EtherApe-INFO: 15:35:57.696: New node: IP: 95.216.195.133. Number of nodes 9
EtherApe-INFO: 15:36:13.566: New node: IP: 140.82.121.6. Number of nodes 10
EtherApe-INFO: 15:36:14.846: New node: IP: 104.16.248.249. Number of nodes 11
EtherApe-INFO: 15:36:15.616: New node: IP: 34.107.221.82. Number of nodes 12
EtherApe-INFO: 15:36:17.151: New node: IP: 34.160.144.191. Number of nodes 13
EtherApe-INFO: 15:36:17.160: New node: IP: 104.17.50.74. Number of nodes 14
EtherApe-INFO: 15:36:17.160: New node: IP: 142.250.203.142. Number of nodes 15
EtherApe-INFO: 15:36:17.160: New node: IP: 35.241.9.150. Number of nodes 16
EtherApe-INFO: 15:36:17.161: New node: IP: 54.200.142.81. Number of nodes 17
EtherApe-INFO: 15:36:17.163: New node: IP: 34.107.141.31. Number of nodes 18
EtherApe-INFO: 15:36:17.164: New node: IP: 54.187.174.239. Number of nodes 19
EtherApe-INFO: 15:36:17.164: New node: IP: 34.120.208.123. Number of nodes 20
EtherApe-INFO: 15:36:17.165: New node: IP: 93.184.220.29. Number of nodes 21
EtherApe-INFO: 15:36:17.172: New node: IP: 54.187.39.66. Number of nodes 22
EtherApe-INFO: 15:36:17.172: New node: IP: 108.138.17.70. Number of nodes 23
EtherApe-INFO: 15:36:17.173: New node: IP: 87.245.216.122. Number of nodes 24
EtherApe-INFO: 15:36:17.176: New node: IP: 216.58.215.99. Number of nodes 25
EtherApe-INFO: 15:36:18.952: New node: IP: 35.186.227.140. Number of nodes 26
EtherApe-INFO: 15:36:18.961: New node: IP: 104.18.13.33. Number of nodes 27
EtherApe-INFO: 15:36:19.204: New node: IP: 172.217.16.10. Number of nodes 28
EtherApe-INFO: 15:36:19.217: New node: IP: 99.86.246.151. Number of nodes 29
EtherApe-INFO: 15:36:19.463: New node: IP: 140.82.121.4. Number of nodes 30
EtherApe-INFO: 15:36:19.733: New node: IP: 99.86.243.182. Number of nodes 31
EtherApe-INFO: 15:36:20.236: New node: IP: 104.18.20.226. Number of nodes 32
EtherApe-INFO: 15:36:20.239: New node: IP: 104.22.33.83. Number of nodes 33
EtherApe-INFO: 15:36:20.242: New node: IP: 104.17.182.52. Number of nodes 34
EtherApe-INFO: 15:36:20.243: New node: IP: 3.123.130.137. Number of nodes 35
EtherApe-INFO: 15:36:20.243: New node: IP: 18.66.233.30. Number of nodes 36
EtherApe-INFO: 15:36:20.486: New node: IP: 18.66.121.68. Number of nodes 37
EtherApe-INFO: 15:36:20.991: New node: IP: 18.66.231.204. Number of nodes 38
EtherApe-INFO: 15:36:21.504: New node: IP: 216.58.215.101. Number of nodes 39
EtherApe-INFO: 15:36:21.761: New node: IP: 108.138.44.67. Number of nodes 40
EtherApe-INFO: 15:36:27.905: New node: IP: 192.168.0.1. Number of nodes 41
EtherApe-INFO: 15:36:32.512: New node: IP: 192.168.0.157. Number of nodes 42
EtherApe-INFO: 15:36:33.073: New node: IP: 192.168.0.218. Number of nodes 43
EtherApe-INFO: 15:36:52.741: New node: IP: 149.154.167.216. Number of nodes 44
EtherApe-INFO: 15:37:55.521: delete node: IP: 192.168.1.1. Number of nodes 43
EtherApe-INFO: 15:37:57.871: delete node: IP: 1.1.1.1. Number of nodes 42
EtherApe-INFO: 15:37:58.092: delete node: IP: 95.216.195.133. Number of nodes 41
EtherApe-INFO: 15:38:13.166: delete node: IP: 104.16.249.249. Number of nodes 40
EtherApe-INFO: 15:38:13.166: delete node: IP: 54.191.240.24. Number of nodes 39
EtherApe-INFO: 15:38:19.274: delete node: IP: 142.250.203.142. Number of nodes 38
EtherApe-INFO: 15:38:19.619: delete node: IP: 172.217.16.10. Number of nodes 37
EtherApe-INFO: 15:38:19.619: delete node: IP: 54.187.39.66. Number of nodes 36
EtherApe-INFO: 15:38:28.485: delete node: IP: 192.168.0.1. Number of nodes 35
EtherApe-INFO: 15:38:35.423: delete node: IP: 192.168.0.218. Number of nodes 34
EtherApe-INFO: 15:38:35.423: delete node: IP: 192.168.0.157. Number of nodes 33
EtherApe-INFO: 15:39:19.738: delete node: IP: 54.187.174.239. Number of nodes 32
EtherApe-INFO: 15:39:21.050: delete node: IP: 54.200.142.81. Number of nodes 31
EtherApe-INFO: 15:39:23.326: delete node: IP: 3.123.130.137. Number of nodes 30
EtherApe-INFO: 15:39:55.775: New node: IP: 149.154.167.255. Number of nodes 31
EtherApe-INFO: 15:40:11.468: delete node: IP: 34.107.221.82. Number of nodes 30
EtherApe-INFO: 15:40:14.005: delete node: IP: 140.82.121.6. Number of nodes 29
EtherApe-INFO: 15:40:14.526: delete node: IP: 87.245.216.122. Number of nodes 28
EtherApe-INFO: 15:40:15.794: delete node: IP: 104.18.20.226. Number of nodes 27
EtherApe-INFO: 15:40:16.863: delete node: IP: 93.184.220.29. Number of nodes 26
EtherApe-INFO: 15:40:16.863: delete node: IP: 18.66.121.68. Number of nodes 25
EtherApe-INFO: 15:40:17.599: delete node: IP: 216.58.215.99. Number of nodes 24
EtherApe-INFO: 15:40:49.534: New node: IP: 192.168.1.1. Number of nodes 25
EtherApe-INFO: 15:40:49.792: New node: IP: 95.216.195.133. Number of nodes 26
EtherApe-INFO: 15:41:09.827: delete node: IP: 108.138.17.70. Number of nodes 25
EtherApe-INFO: 15:41:09.827: delete node: IP: 35.241.9.150. Number of nodes 24
EtherApe-INFO: 15:41:09.828: delete node: IP: 34.160.144.191. Number of nodes 23
EtherApe-INFO: 15:41:09.828: delete node: IP: 34.107.141.31. Number of nodes 22
EtherApe-INFO: 15:41:11.640: delete node: IP: 140.82.121.4. Number of nodes 21
EtherApe-INFO: 15:41:11.640: delete node: IP: 104.22.33.83. Number of nodes 20
EtherApe-INFO: 15:41:11.640: delete node: IP: 104.18.13.33. Number of nodes 19
EtherApe-INFO: 15:41:11.640: delete node: IP: 104.17.182.52. Number of nodes 18
EtherApe-INFO: 15:41:11.640: delete node: IP: 104.17.50.74. Number of nodes 17
EtherApe-INFO: 15:41:11.640: delete node: IP: 99.86.246.151. Number of nodes 16
EtherApe-INFO: 15:41:11.640: delete node: IP: 34.120.208.123. Number of nodes 15
EtherApe-INFO: 15:41:11.640: delete node: IP: 18.66.233.30. Number of nodes 14
EtherApe-INFO: 15:41:11.640: delete node: IP: 18.66.231.204. Number of nodes 13
EtherApe-INFO: 15:41:14.176: delete node: IP: 216.58.215.101. Number of nodes 12
EtherApe-INFO: 15:41:14.177: delete node: IP: 108.138.44.67. Number of nodes 11
EtherApe-INFO: 15:41:14.177: delete node: IP: 99.86.243.182. Number of nodes 10
EtherApe-INFO: 15:41:14.177: delete node: IP: 35.186.227.140. Number of nodes 9
EtherApe-INFO: 15:41:19.230: New node: IP: 54.187.39.66. Number of nodes 10
EtherApe-INFO: 15:42:11.240: delete node: IP: 149.154.167.216. Number of nodes 9
EtherApe-INFO: 15:42:11.803: delete node: IP: 149.154.167.255. Number of nodes 8
EtherApe-INFO: 15:42:51.662: delete node: IP: 192.168.1.1. Number of nodes 7
EtherApe-INFO: 15:42:51.663: delete node: IP: 95.216.195.133. Number of nodes 6
EtherApe-INFO: 15:43:21.183: delete node: IP: 54.187.39.66. Number of nodes 5
EtherApe-INFO: 15:45:49.566: New node: IP: 192.168.1.1. Number of nodes 6
EtherApe-INFO: 15:45:49.823: New node: IP: 95.216.195.133. Number of nodes 7
EtherApe-INFO: 15:46:19.264: New node: IP: 54.187.39.66. Number of nodes 8
EtherApe-INFO: 15:47:45.024: New node: IP: 149.154.167.216. Number of nodes 9
EtherApe-INFO: 15:47:49.976: delete node: IP: 192.168.1.1. Number of nodes 8
EtherApe-INFO: 15:47:49.976: delete node: IP: 95.216.195.133. Number of nodes 7
EtherApe-INFO: 15:48:22.967: delete node: IP: 54.187.39.66. Number of nodes 6
EtherApe-INFO: 15:49:29.726: New node: IP: 193.150.34.2. Number of nodes 7
EtherApe-INFO: 15:50:00.545: delete node: IP: 149.154.167.216. Number of nodes 6
EtherApe-INFO: 15:50:17.088: New node: IP: 149.154.167.216. Number of nodes 7
EtherApe-INFO: 15:50:49.600: New node: IP: 192.168.1.1. Number of nodes 8
EtherApe-INFO: 15:50:49.856: New node: IP: 95.216.195.133. Number of nodes 9
EtherApe-INFO: 15:51:19.550: New node: IP: 54.187.39.66. Number of nodes 10
EtherApe-INFO: 15:51:30.842: delete node: IP: 193.150.34.2. Number of nodes 9
EtherApe-INFO: 15:52:50.222: delete node: IP: 192.168.1.1. Number of nodes 8
EtherApe-INFO: 15:52:50.222: delete node: IP: 95.216.195.133. Number of nodes 7
EtherApe-INFO: 15:53:19.609: delete node: IP: 54.187.39.66. Number of nodes 6
EtherApe-INFO: 15:54:13.865: delete node: IP: 149.154.167.216. Number of nodes 5
EtherApe-INFO: 15:54:41.255: New node: IP: 149.154.167.216. Number of nodes 6
EtherApe-INFO: 15:55:14.024: New node: IP: 149.154.167.255. Number of nodes 7
EtherApe-INFO: 15:55:49.607: New node: IP: 192.168.1.1. Number of nodes 8
EtherApe-INFO: 15:55:49.866: New node: IP: 95.216.195.133. Number of nodes 9
EtherApe-INFO: 15:56:19.558: New node: IP: 54.187.39.66. Number of nodes 10
EtherApe-INFO: 15:57:29.782: delete node: IP: 149.154.167.255. Number of nodes 9
EtherApe-INFO: 15:57:32.034: delete node: IP: 149.154.167.216. Number of nodes 8
EtherApe-INFO: 15:57:52.046: delete node: IP: 192.168.1.1. Number of nodes 7
EtherApe-INFO: 15:57:52.046: delete node: IP: 95.216.195.133. Number of nodes 6
EtherApe-INFO: 15:58:21.442: delete node: IP: 54.187.39.66. Number of nodes 5
EtherApe-INFO: 15:58:49.574: New node: IP: 149.154.167.216. Number of nodes 6
EtherApe-INFO: 16:00:49.638: New node: IP: 192.168.1.1. Number of nodes 7
EtherApe-INFO: 16:00:49.638: New node: IP: 95.216.195.133. Number of nodes 8
EtherApe-INFO: 16:01:19.846: New node: IP: 54.187.39.66. Number of nodes 9
EtherApe-INFO: 16:02:12.153: delete node: IP: 149.154.167.216. Number of nodes 8
EtherApe-INFO: 16:02:51.272: delete node: IP: 192.168.1.1. Number of nodes 7
EtherApe-INFO: 16:02:51.272: delete node: IP: 95.216.195.133. Number of nodes 6
EtherApe-INFO: 16:03:19.999: delete node: IP: 54.187.39.66. Number of nodes 5
EtherApe-INFO: 16:05:49.670: New node: IP: 192.168.1.1. Number of nodes 6
EtherApe-INFO: 16:05:49.670: New node: IP: 95.216.195.133. Number of nodes 7
EtherApe-INFO: 16:06:19.366: New node: IP: 54.187.39.66. Number of nodes 8
EtherApe-INFO: 16:06:33.958: New node: IP: 193.150.34.2. Number of nodes 9
EtherApe-INFO: 16:06:45.518: delete node: IP: 104.16.248.249. Number of nodes 8
EtherApe-INFO: 16:07:12.104: New node: IP: 149.154.167.216. Number of nodes 9
EtherApe-INFO: 16:07:49.824: delete node: IP: 192.168.1.1. Number of nodes 8
EtherApe-INFO: 16:07:50.341: delete node: IP: 95.216.195.133. Number of nodes 7
EtherApe-INFO: 16:08:20.550: delete node: IP: 54.187.39.66. Number of nodes 6
EtherApe-INFO: 16:08:34.330: delete node: IP: 193.150.34.2. Number of nodes 5
EtherApe-INFO: 16:10:49.702: New node: IP: 192.168.1.1. Number of nodes 6
EtherApe-INFO: 16:10:49.703: New node: IP: 95.216.195.133. Number of nodes 7
EtherApe-INFO: 16:11:20.166: New node: IP: 54.187.39.66. Number of nodes 8
EtherApe-INFO: 16:12:51.356: delete node: IP: 192.168.1.1. Number of nodes 7
EtherApe-INFO: 16:12:51.356: delete node: IP: 95.216.195.133. Number of nodes 6
EtherApe-INFO: 16:13:21.068: delete node: IP: 54.187.39.66. Number of nodes 5
