(etherape:1544): GLib-GIO-DEBUG: 16:15:29.308: _g_io_module_get_default: Found default implementation local (GLocalVfs) for ‘gio-vfs’
(etherape:1544): GLib-GIO-DEBUG: 16:15:29.356: Using cross-namespace EXTERNAL authentication (this will deadlock if server is GDBus < 2.73.3)
EtherApe-INFO: 16:15:29.406: sctp protocol not supported
EtherApe-INFO: 16:15:29.406: dccp protocol not supported
EtherApe-INFO: 16:15:29.406: sctp protocol not supported
EtherApe-INFO: 16:15:29.406: sctp protocol not supported
EtherApe-INFO: 16:15:29.406: sctp protocol not supported
EtherApe-INFO: 16:15:29.406: sctp protocol not supported
EtherApe-INFO: 16:15:29.406: sctp protocol not supported
EtherApe-INFO: 16:15:29.406: sctp protocol not supported
EtherApe-INFO: 16:15:29.407: sctp protocol not supported
EtherApe-INFO: 16:15:29.407: dccp protocol not supported
EtherApe-INFO: 16:15:29.407: sctp protocol not supported
EtherApe-INFO: 16:15:29.407: dccp protocol not supported
EtherApe-INFO: 16:15:29.407: dccp protocol not supported
EtherApe-INFO: 16:15:29.407: sctp protocol not supported
EtherApe-INFO: 16:15:29.407: sctp protocol not supported
EtherApe-INFO: 16:15:29.407: sctp protocol not supported
EtherApe-INFO: 16:15:29.408: sctp protocol not supported
EtherApe-INFO: 16:15:29.408: sctp protocol not supported
EtherApe-INFO: 16:15:29.408: sctp protocol not supported
EtherApe-INFO: 16:15:29.408: sctp protocol not supported
EtherApe-INFO: 16:15:29.408: sctp protocol not supported
EtherApe-INFO: 16:15:29.408: sctp protocol not supported
EtherApe-INFO: 16:15:29.409: sctp protocol not supported
EtherApe-INFO: 16:15:29.409: sctp protocol not supported
EtherApe-INFO: 16:15:29.409: sctp protocol not supported
EtherApe-INFO: 16:15:29.409: sctp protocol not supported
EtherApe-INFO: 16:15:29.409: sctp protocol not supported
EtherApe-INFO: 16:15:29.409: sctp protocol not supported
EtherApe-INFO: 16:15:29.409: dccp protocol not supported
EtherApe-INFO: 16:15:29.410: sctp protocol not supported
EtherApe-INFO: 16:15:29.410: sctp protocol not supported
EtherApe-INFO: 16:15:29.410: dccp protocol not supported
EtherApe-INFO: 16:15:29.410: sctp protocol not supported
EtherApe-INFO: 16:15:29.410: sctp protocol not supported
EtherApe-INFO: 16:15:29.410: sctp protocol not supported
EtherApe-INFO: 16:15:29.410: dccp protocol not supported
EtherApe-INFO: 16:15:29.410: dccp protocol not supported
EtherApe-INFO: 16:15:29.410: sctp protocol not supported
EtherApe-INFO: 16:15:29.410: sctp protocol not supported
EtherApe-INFO: 16:15:29.410: sctp protocol not supported
EtherApe-INFO: 16:15:29.410: sctp protocol not supported
EtherApe-INFO: 16:15:29.410: sctp protocol not supported
EtherApe-INFO: 16:15:29.410: sctp protocol not supported
EtherApe-INFO: 16:15:29.410: sctp protocol not supported
EtherApe-INFO: 16:15:29.410: sctp protocol not supported
EtherApe-INFO: 16:15:29.410: sctp protocol not supported
EtherApe-INFO: 16:15:29.410: sctp protocol not supported
EtherApe-INFO: 16:15:29.410: sctp protocol not supported
EtherApe-INFO: 16:15:29.410: sctp protocol not supported
EtherApe-INFO: 16:15:29.410: sctp protocol not supported
EtherApe-INFO: 16:15:29.410: sctp protocol not supported
EtherApe-INFO: 16:15:29.410: sctp protocol not supported
EtherApe-INFO: 16:15:29.410: sctp protocol not supported
EtherApe-INFO: 16:15:29.410: sctp protocol not supported
EtherApe-INFO: 16:15:29.410: sctp protocol not supported
EtherApe-INFO: 16:15:29.410: sctp protocol not supported
EtherApe-INFO: 16:15:29.410: sctp protocol not supported
EtherApe-INFO: 16:15:29.410: dccp protocol not supported
EtherApe-INFO: 16:15:29.410: sctp protocol not supported
EtherApe-INFO: 16:15:29.410: sctp protocol not supported
EtherApe-INFO: 16:15:29.410: sctp protocol not supported
EtherApe-INFO: 16:15:29.410: sctp protocol not supported
EtherApe-INFO: 16:15:29.411: sctp protocol not supported
EtherApe-INFO: 16:15:29.411: sctp protocol not supported
EtherApe-INFO: 16:15:29.411: sctp protocol not supported
EtherApe-INFO: 16:15:29.411: sctp protocol not supported
EtherApe-INFO: 16:15:29.411: sctp protocol not supported
EtherApe-INFO: 16:15:29.411: sctp protocol not supported
EtherApe-INFO: 16:15:29.411: sctp protocol not supported
EtherApe-INFO: 16:15:29.411: sctp protocol not supported
EtherApe-INFO: 16:15:29.411: sctp protocol not supported
EtherApe-INFO: 16:15:29.411: sctp protocol not supported
EtherApe-INFO: 16:15:29.411: sctp protocol not supported
EtherApe-INFO: 16:15:29.411: sctp protocol not supported
EtherApe-INFO: 16:15:29.411: sctp protocol not supported
EtherApe-INFO: 16:15:29.411: sctp protocol not supported
EtherApe-INFO: 16:15:29.411: sctp protocol not supported
EtherApe-INFO: 16:15:29.411: sctp protocol not supported
EtherApe-INFO: 16:15:29.411: sctp protocol not supported
EtherApe-INFO: 16:15:29.411: sctp protocol not supported
EtherApe-INFO: 16:15:29.411: sctp protocol not supported
EtherApe-INFO: 16:15:29.411: sctp protocol not supported
EtherApe-INFO: 16:15:29.411: sctp protocol not supported
EtherApe-INFO: 16:15:29.411: sctp protocol not supported
EtherApe-INFO: 16:15:29.411: sctp protocol not supported
EtherApe-INFO: 16:15:29.411: sctp protocol not supported
EtherApe-INFO: 16:15:29.411: sctp protocol not supported
EtherApe-INFO: 16:15:29.411: sctp protocol not supported
EtherApe-INFO: 16:15:29.411: sctp protocol not supported
EtherApe-INFO: 16:15:29.411: sctp protocol not supported
EtherApe-INFO: 16:15:29.411: sctp protocol not supported
EtherApe-INFO: 16:15:29.411: sctp protocol not supported
EtherApe-INFO: 16:15:29.411: sctp protocol not supported
EtherApe-INFO: 16:15:29.411: sctp protocol not supported
EtherApe-INFO: 16:15:29.419: get_interface result: ''
EtherApe-INFO: 16:15:29.419: Available interfaces for capture: dbus-session dbus-system nfqueue nflog bluetooth-monitor bluetooth0 wlp2s0 lo any enp0s20f0u1
EtherApe-INFO: 16:15:29.419: Link type is LINUX_SLL
EtherApe-INFO: 16:15:29.419: Diagram started
EtherApe-INFO: 16:15:31.719: New node: IP: 192.168.1.217. Number of nodes 1
EtherApe-INFO: 16:15:31.719: New node: IP: 8.8.8.8. Number of nodes 2
EtherApe-INFO: 16:15:35.303: New node: IP: 172.217.16.42. Number of nodes 3
EtherApe-INFO: 16:15:36.327: New node: IP: 149.154.167.51. Number of nodes 4
EtherApe-INFO: 16:15:41.447: New node: IP: 149.154.167.223. Number of nodes 5
EtherApe-INFO: 16:16:23.431: New node: IP: 142.250.203.195. Number of nodes 6
EtherApe-INFO: 16:16:24.455: New node: IP: 13.32.121.70. Number of nodes 7
EtherApe-INFO: 16:16:24.711: New node: IP: 108.138.17.40. Number of nodes 8
EtherApe-INFO: 16:16:24.967: New node: IP: 216.58.209.14. Number of nodes 9
EtherApe-INFO: 16:16:24.967: New node: IP: 172.217.20.206. Number of nodes 10
EtherApe-INFO: 16:16:25.223: New node: IP: 142.250.203.196. Number of nodes 11
EtherApe-INFO: 16:16:26.247: New node: IP: 142.250.186.202. Number of nodes 12
EtherApe-INFO: 16:16:26.503: New node: IP: 142.250.75.10. Number of nodes 13
EtherApe-INFO: 16:16:27.015: New node: IP: 172.217.16.46. Number of nodes 14
EtherApe-INFO: 16:16:27.271: New node: IP: 142.250.203.206. Number of nodes 15
EtherApe-INFO: 16:16:29.319: New node: IP: 172.217.16.14. Number of nodes 16
EtherApe-INFO: 16:16:29.319: New node: IP: 142.250.75.1. Number of nodes 17
EtherApe-INFO: 16:16:29.575: New node: IP: 172.217.16.3. Number of nodes 18
EtherApe-INFO: 16:16:37.255: New node: IP: 142.250.186.197. Number of nodes 19
EtherApe-INFO: 16:17:22.823: New node: IP: 18.66.147.67. Number of nodes 20
EtherApe-INFO: 16:17:23.336: New node: IP: 34.212.13.96. Number of nodes 21
EtherApe-INFO: 16:18:06.879: delete node: IP: 172.217.16.42. Number of nodes 20
EtherApe-INFO: 16:18:34.268: delete node: IP: 108.138.17.40. Number of nodes 19
EtherApe-INFO: 16:18:34.268: delete node: IP: 13.32.121.70. Number of nodes 18
EtherApe-INFO: 16:18:39.453: delete node: IP: 149.154.167.223. Number of nodes 17
EtherApe-INFO: 16:19:09.415: delete node: IP: 216.58.209.14. Number of nodes 16
EtherApe-INFO: 16:19:09.415: delete node: IP: 172.217.20.206. Number of nodes 15
EtherApe-INFO: 16:19:09.415: delete node: IP: 172.217.16.46. Number of nodes 14
EtherApe-INFO: 16:19:09.415: delete node: IP: 172.217.16.14. Number of nodes 13
EtherApe-INFO: 16:19:09.415: delete node: IP: 172.217.16.3. Number of nodes 12
EtherApe-INFO: 16:19:09.415: delete node: IP: 142.250.203.206. Number of nodes 11
EtherApe-INFO: 16:19:09.415: delete node: IP: 142.250.203.196. Number of nodes 10
EtherApe-INFO: 16:19:15.463: New node: IPv6: fe80::86d8:1bff:fe8a:3173. Number of nodes 11
EtherApe-INFO: 16:19:15.463: New node: IPv6: ff02::1. Number of nodes 12
EtherApe-INFO: 16:19:38.588: delete node: IP: 142.250.186.202. Number of nodes 11
EtherApe-INFO: 16:19:38.588: delete node: IP: 142.250.186.197. Number of nodes 10
EtherApe-INFO: 16:19:38.588: delete node: IP: 142.250.75.10. Number of nodes 9
EtherApe-INFO: 16:19:38.588: delete node: IP: 142.250.75.1. Number of nodes 8
EtherApe-INFO: 16:19:38.588: delete node: IP: 18.66.147.67. Number of nodes 7
EtherApe-INFO: 16:19:38.759: New node: IP: 149.154.167.50. Number of nodes 8
EtherApe-INFO: 16:19:55.687: delete node: IP: 142.250.203.195. Number of nodes 7
EtherApe-INFO: 16:19:55.687: delete node: IP: 34.212.13.96. Number of nodes 6
EtherApe-INFO: 16:20:01.799: New node: IP: 104.16.248.249. Number of nodes 7
EtherApe-INFO: 16:20:02.567: New node: IP: 104.16.249.249. Number of nodes 8
EtherApe-INFO: 16:20:43.783: New node: IP: 62.140.236.154. Number of nodes 9
EtherApe-INFO: 16:21:44.523: delete node: IPv6: ff02::1. Number of nodes 8
EtherApe-INFO: 16:21:44.523: delete node: IPv6: fe80::86d8:1bff:fe8a:3173. Number of nodes 7
EtherApe-INFO: 16:22:36.441: delete node: IP: 104.16.249.249. Number of nodes 6
EtherApe-INFO: 16:22:36.441: delete node: IP: 104.16.248.249. Number of nodes 5
EtherApe-INFO: 16:22:36.679: New node: IP: 35.186.227.140. Number of nodes 6
EtherApe-INFO: 16:22:49.246: delete node: IP: 62.140.236.154. Number of nodes 5
EtherApe-INFO: 16:23:14.055: New node: IP: 34.107.221.82. Number of nodes 6
EtherApe-INFO: 16:23:25.063: New node: IP: 34.120.208.123. Number of nodes 7
EtherApe-INFO: 16:24:43.399: New node: IP: 104.16.248.249. Number of nodes 8
EtherApe-INFO: 16:24:43.911: New node: IP: 1.1.1.1. Number of nodes 9
EtherApe-INFO: 16:24:44.169: New node: IP: 54.201.164.58. Number of nodes 10
EtherApe-INFO: 16:24:44.170: New node: IP: 35.164.184.131. Number of nodes 11
EtherApe-INFO: 16:24:44.170: New node: IP: 44.238.39.101. Number of nodes 12
EtherApe-INFO: 16:24:44.170: New node: IP: 142.250.186.202. Number of nodes 13
EtherApe-INFO: 16:24:44.170: New node: IP: 52.222.214.96. Number of nodes 14
EtherApe-INFO: 16:24:44.171: New node: IP: 104.18.12.33. Number of nodes 15
EtherApe-INFO: 16:24:44.175: New node: IP: 54.149.83.187. Number of nodes 16
EtherApe-INFO: 16:24:45.960: New node: IP: 216.58.209.5. Number of nodes 17
EtherApe-INFO: 16:24:46.471: New node: IP: 93.184.220.29. Number of nodes 18
EtherApe-INFO: 16:24:46.728: New node: IP: 172.217.16.35. Number of nodes 19
EtherApe-INFO: 16:24:46.731: New node: IP: 140.82.121.3. Number of nodes 20
EtherApe-INFO: 16:24:46.985: New node: IP: 87.245.216.9. Number of nodes 21
EtherApe-INFO: 16:24:46.986: New node: IP: 104.18.13.33. Number of nodes 22
EtherApe-INFO: 16:24:47.239: New node: IP: 192.168.1.1. Number of nodes 23
EtherApe-INFO: 16:24:48.521: New node: IP: 142.250.75.3. Number of nodes 24
EtherApe-INFO: 16:24:48.521: New node: IP: 172.217.20.174. Number of nodes 25
EtherApe-INFO: 16:24:49.031: New node: IP: 142.250.203.195. Number of nodes 26
EtherApe-INFO: 16:24:49.032: New node: IP: 142.250.203.196. Number of nodes 27
EtherApe-INFO: 16:24:49.032: New node: IP: 142.250.203.142. Number of nodes 28
EtherApe-INFO: 16:24:50.823: New node: IP: 172.217.16.42. Number of nodes 29
EtherApe-INFO: 16:24:51.079: New node: IP: 142.250.203.138. Number of nodes 30
EtherApe-INFO: 16:24:51.335: New node: IP: 142.250.186.195. Number of nodes 31
EtherApe-INFO: 16:24:51.336: New node: IP: 172.217.16.46. Number of nodes 32
EtherApe-INFO: 16:24:51.336: New node: IP: 172.217.16.10. Number of nodes 33
EtherApe-INFO: 16:24:52.360: New node: IP: 216.58.209.14. Number of nodes 34
EtherApe-INFO: 16:26:09.415: New node: IP: 149.154.167.223. Number of nodes 35
EtherApe-INFO: 16:26:44.501: delete node: IP: 1.1.1.1. Number of nodes 34
EtherApe-INFO: 16:26:46.875: delete node: IP: 142.250.186.202. Number of nodes 33
EtherApe-INFO: 16:26:47.907: delete node: IP: 104.18.13.33. Number of nodes 32
EtherApe-INFO: 16:26:47.907: delete node: IP: 54.149.83.187. Number of nodes 31
EtherApe-INFO: 16:26:49.662: delete node: IP: 142.250.203.195. Number of nodes 30
EtherApe-INFO: 16:27:00.696: delete node: IP: 35.164.184.131. Number of nodes 29
EtherApe-INFO: 16:27:14.475: delete node: IP: 192.168.1.1. Number of nodes 28
EtherApe-INFO: 16:27:19.815: New node: IPv6: fe80::86d8:1bff:fe8a:3173. Number of nodes 29
EtherApe-INFO: 16:27:19.815: New node: IPv6: ff02::1. Number of nodes 30
EtherApe-INFO: 16:27:48.756: delete node: IP: 54.201.164.58. Number of nodes 29
EtherApe-INFO: 16:27:48.756: delete node: IP: 44.238.39.101. Number of nodes 28
EtherApe-INFO: 16:28:34.337: delete node: IP: 149.154.167.223. Number of nodes 27
EtherApe-INFO: 16:28:47.940: delete node: IP: 172.217.16.35. Number of nodes 26
EtherApe-INFO: 16:28:47.940: delete node: IP: 93.184.220.29. Number of nodes 25
EtherApe-INFO: 16:28:47.940: delete node: IP: 87.245.216.9. Number of nodes 24
EtherApe-INFO: 16:28:47.940: delete node: IP: 52.222.214.96. Number of nodes 23
EtherApe-INFO: 16:28:56.071: New node: IP: 142.250.186.206. Number of nodes 24
EtherApe-INFO: 16:28:56.071: New node: IP: 172.217.16.35. Number of nodes 25
EtherApe-INFO: 16:28:56.328: New node: IP: 176.122.110.204. Number of nodes 26
EtherApe-INFO: 16:28:56.583: New node: IP: 176.122.113.13. Number of nodes 27
EtherApe-INFO: 16:28:56.839: New node: IP: 1.1.1.1. Number of nodes 28
EtherApe-INFO: 16:28:57.336: New node: IP: 216.58.209.22. Number of nodes 29
EtherApe-INFO: 16:28:58.103: New node: IP: 172.217.20.170. Number of nodes 30
EtherApe-INFO: 16:28:59.383: New node: IP: 172.217.16.54. Number of nodes 31
EtherApe-INFO: 16:29:00.919: New node: IP: 52.10.85.249. Number of nodes 32
EtherApe-INFO: 16:29:19.893: delete node: IPv6: ff02::1. Number of nodes 31
EtherApe-INFO: 16:29:19.893: delete node: IPv6: fe80::86d8:1bff:fe8a:3173. Number of nodes 30
EtherApe-INFO: 16:29:35.414: delete node: IP: 34.107.221.82. Number of nodes 29
EtherApe-INFO: 16:29:37.778: delete node: IP: 140.82.121.3. Number of nodes 28
EtherApe-INFO: 16:29:37.778: delete node: IP: 104.18.12.33. Number of nodes 27
EtherApe-INFO: 16:29:38.805: delete node: IP: 34.120.208.123. Number of nodes 26
EtherApe-INFO: 16:29:40.244: delete node: IP: 172.217.20.174. Number of nodes 25
EtherApe-INFO: 16:29:40.244: delete node: IP: 142.250.203.196. Number of nodes 24
EtherApe-INFO: 16:29:40.244: delete node: IP: 142.250.203.142. Number of nodes 23
EtherApe-INFO: 16:29:42.094: delete node: IP: 142.250.186.195. Number of nodes 22
EtherApe-INFO: 16:29:42.814: delete node: IP: 172.217.16.46. Number of nodes 21
EtherApe-INFO: 16:29:42.814: delete node: IP: 172.217.16.10. Number of nodes 20
EtherApe-INFO: 16:29:42.814: delete node: IP: 142.250.203.138. Number of nodes 19
EtherApe-INFO: 16:29:45.691: delete node: IP: 216.58.209.14. Number of nodes 18
EtherApe-INFO: 16:29:46.847: New node: IP: 54.149.83.187. Number of nodes 19
EtherApe-INFO: 16:30:58.291: delete node: IP: 1.1.1.1. Number of nodes 18
EtherApe-INFO: 16:31:02.705: delete node: IP: 8.8.8.8. Number of nodes 17
EtherApe-INFO: 16:31:49.260: delete node: IP: 54.149.83.187. Number of nodes 16
EtherApe-INFO: 16:32:02.877: delete node: IP: 52.10.85.249. Number of nodes 15
EtherApe-INFO: 16:32:26.511: New node: IP: 8.8.8.8. Number of nodes 16
EtherApe-INFO: 16:32:54.196: delete node: IP: 176.122.110.204. Number of nodes 15
EtherApe-INFO: 16:32:55.568: New node: IPv6: fe80::86d8:1bff:fe8a:3173. Number of nodes 16
EtherApe-INFO: 16:32:55.568: New node: IPv6: ff02::1. Number of nodes 17
EtherApe-INFO: 16:32:55.633: delete node: IP: 172.217.16.35. Number of nodes 16
EtherApe-INFO: 16:33:50.384: delete node: IP: 216.58.209.22. Number of nodes 15
EtherApe-INFO: 16:33:50.384: delete node: IP: 172.217.20.170. Number of nodes 14
EtherApe-INFO: 16:33:50.384: delete node: IP: 172.217.16.54. Number of nodes 13
EtherApe-INFO: 16:33:55.491: delete node: IP: 35.186.227.140. Number of nodes 12
EtherApe-INFO: 16:34:06.295: New node: IP: 1.1.1.1. Number of nodes 13
EtherApe-INFO: 16:34:46.999: New node: IP: 54.149.83.187. Number of nodes 14
EtherApe-INFO: 16:35:00.665: delete node: IPv6: ff02::1. Number of nodes 13
EtherApe-INFO: 16:35:00.665: delete node: IPv6: fe80::86d8:1bff:fe8a:3173. Number of nodes 12
EtherApe-INFO: 16:35:03.008: New node: IP: 216.58.208.206. Number of nodes 13
EtherApe-INFO: 16:35:30.656: New node: IP: 35.186.227.140. Number of nodes 14
EtherApe-INFO: 16:35:30.656: New node: IP: 52.10.85.249. Number of nodes 15
EtherApe-INFO: 16:36:07.855: delete node: IP: 1.1.1.1. Number of nodes 14
EtherApe-INFO: 16:36:49.004: delete node: IP: 54.149.83.187. Number of nodes 13
EtherApe-INFO: 16:37:03.297: delete node: IP: 216.58.208.206. Number of nodes 12
EtherApe-INFO: 16:37:03.297: delete node: IP: 8.8.8.8. Number of nodes 11
EtherApe-INFO: 16:37:52.615: New node: IP: 142.250.203.133. Number of nodes 12
EtherApe-INFO: 16:37:52.872: New node: IP: 8.8.8.8. Number of nodes 13
EtherApe-INFO: 16:38:34.129: delete node: IP: 52.10.85.249. Number of nodes 12
EtherApe-INFO: 16:39:18.624: New node: IP: 1.1.1.1. Number of nodes 13
EtherApe-INFO: 16:39:43.403: delete node: IP: 216.58.209.5. Number of nodes 12
EtherApe-INFO: 16:39:47.168: New node: IP: 54.149.83.187. Number of nodes 13
EtherApe-INFO: 16:40:28.319: delete node: IP: 35.186.227.140. Number of nodes 12
EtherApe-INFO: 16:40:53.231: New node: IP: 149.154.167.223. Number of nodes 13
EtherApe-INFO: 16:41:18.744: delete node: IP: 8.8.8.8. Number of nodes 12
EtherApe-INFO: 16:41:18.744: delete node: IP: 1.1.1.1. Number of nodes 11
EtherApe-INFO: 16:41:20.792: New node: IP: 8.8.8.8. Number of nodes 12
EtherApe-INFO: 16:41:21.048: New node: IP: 104.21.17.171. Number of nodes 13
EtherApe-INFO: 16:41:30.727: New node: IP: 95.216.144.15. Number of nodes 14
EtherApe-INFO: 16:41:50.216: delete node: IP: 54.149.83.187. Number of nodes 13
EtherApe-INFO: 16:42:17.319: New node: IP: 172.67.177.183. Number of nodes 14
EtherApe-INFO: 16:42:26.031: New node: IPv6: fe80::86d8:1bff:fe8a:3173. Number of nodes 15
EtherApe-INFO: 16:42:26.031: New node: IPv6: ff02::1. Number of nodes 16
EtherApe-INFO: 16:43:10.322: delete node: IP: 149.154.167.223. Number of nodes 15
EtherApe-INFO: 16:43:25.954: delete node: IP: 104.21.17.171. Number of nodes 14
EtherApe-INFO: 16:44:16.367: New node: IP: 142.250.186.193. Number of nodes 15
EtherApe-INFO: 16:44:16.368: New node: IP: 142.250.186.195. Number of nodes 16
EtherApe-INFO: 16:44:18.159: New node: IP: 142.250.186.214. Number of nodes 17
EtherApe-INFO: 16:44:19.439: New node: IP: 172.217.20.170. Number of nodes 18
EtherApe-INFO: 16:44:19.524: delete node: IP: 172.67.177.183. Number of nodes 17
EtherApe-INFO: 16:44:26.402: delete node: IPv6: ff02::1. Number of nodes 16
EtherApe-INFO: 16:44:26.402: delete node: IPv6: fe80::86d8:1bff:fe8a:3173. Number of nodes 15
EtherApe-INFO: 16:44:37.359: New node: IP: 176.122.113.78. Number of nodes 16
EtherApe-INFO: 16:44:37.360: New node: IP: 142.250.203.150. Number of nodes 17
EtherApe-INFO: 16:44:37.622: New node: IP: 1.1.1.1. Number of nodes 18
EtherApe-INFO: 16:44:47.415: New node: IP: 54.149.83.187. Number of nodes 19
EtherApe-INFO: 16:45:26.963: delete node: IP: 95.216.144.15. Number of nodes 18
EtherApe-INFO: 16:45:31.623: New node: IP: 52.10.85.249. Number of nodes 19
EtherApe-INFO: 16:45:31.623: New node: IP: 35.186.227.140. Number of nodes 20
EtherApe-INFO: 16:45:37.680: New node: IP: 142.250.203.196. Number of nodes 21
EtherApe-INFO: 16:45:37.680: New node: IP: 172.217.16.35. Number of nodes 22
EtherApe-INFO: 16:45:40.497: New node: IP: 34.120.208.123. Number of nodes 23
EtherApe-INFO: 16:45:41.264: New node: IP: 216.58.208.195. Number of nodes 24
EtherApe-INFO: 16:45:42.287: New node: IP: 216.58.209.14. Number of nodes 25
EtherApe-INFO: 16:45:45.668: delete node: IP: 142.250.203.133. Number of nodes 24
EtherApe-INFO: 16:45:45.871: New node: IP: 127.0.0.1. Number of nodes 25
EtherApe-INFO: 16:45:45.874: New node: IP: 172.217.16.14. Number of nodes 26
EtherApe-INFO: 16:45:54.575: New node: IP: 142.250.203.133. Number of nodes 27
EtherApe-INFO: 16:45:54.656: delete node: IP: 176.122.113.13. Number of nodes 26
EtherApe-INFO: 16:46:00.599: New node: IP: 23.197.105.193. Number of nodes 27
EtherApe-INFO: 16:46:01.608: New node: IP: 152.199.19.160. Number of nodes 28
EtherApe-INFO: 16:46:01.608: New node: IP: 23.202.54.12. Number of nodes 29
EtherApe-INFO: 16:46:01.609: New node: IP: 13.107.213.45. Number of nodes 30
EtherApe-INFO: 16:46:01.609: New node: IP: 87.245.216.24. Number of nodes 31
EtherApe-INFO: 16:46:01.610: New node: IP: 13.107.213.44. Number of nodes 32
EtherApe-INFO: 16:46:01.865: New node: IP: 87.245.216.113. Number of nodes 33
EtherApe-INFO: 16:46:02.120: New node: IP: 13.107.246.45. Number of nodes 34
EtherApe-INFO: 16:46:02.632: New node: IP: 20.190.160.21. Number of nodes 35
EtherApe-INFO: 16:46:03.399: New node: IP: 40.126.31.68. Number of nodes 36
EtherApe-INFO: 16:46:10.823: New node: IP: 87.245.216.8. Number of nodes 37
EtherApe-INFO: 16:46:11.320: New node: IPv6: fe80::86d8:1bff:fe8a:3173. Number of nodes 38
EtherApe-INFO: 16:46:11.320: New node: IPv6: ff02::1. Number of nodes 39
EtherApe-INFO: 16:46:11.576: New node: IP: 192.229.221.185. Number of nodes 40
EtherApe-INFO: 16:46:12.088: New node: IP: 40.65.233.137. Number of nodes 41
EtherApe-INFO: 16:46:12.088: New node: IP: 91.235.133.182. Number of nodes 42
EtherApe-INFO: 16:46:12.090: New node: IP: 204.79.197.203. Number of nodes 43
EtherApe-INFO: 16:46:38.246: delete node: IP: 1.1.1.1. Number of nodes 42
EtherApe-INFO: 16:46:49.395: delete node: IP: 54.149.83.187. Number of nodes 41
EtherApe-INFO: 16:46:50.663: New node: IP: 149.154.167.223. Number of nodes 42
EtherApe-INFO: 16:47:42.800: delete node: IP: 172.217.20.170. Number of nodes 41
EtherApe-INFO: 16:47:48.192: delete node: IP: 127.0.0.1. Number of nodes 40
EtherApe-INFO: 16:48:12.232: delete node: IPv6: ff02::1. Number of nodes 39
EtherApe-INFO: 16:48:12.232: delete node: IPv6: fe80::86d8:1bff:fe8a:3173. Number of nodes 38
EtherApe-INFO: 16:48:12.232: delete node: IP: 142.250.186.195. Number of nodes 37
EtherApe-INFO: 16:48:15.236: delete node: IP: 91.235.133.182. Number of nodes 36
EtherApe-INFO: 16:48:15.236: delete node: IP: 8.8.8.8. Number of nodes 35
EtherApe-INFO: 16:48:25.776: delete node: IP: 87.245.216.113. Number of nodes 34
EtherApe-INFO: 16:48:36.211: delete node: IP: 52.10.85.249. Number of nodes 33
EtherApe-INFO: 16:48:58.079: New node: IP: 127.0.0.1. Number of nodes 34
EtherApe-INFO: 16:49:08.412: delete node: IP: 149.154.167.223. Number of nodes 33
EtherApe-INFO: 16:49:12.946: delete node: IP: 142.250.186.193. Number of nodes 32
EtherApe-INFO: 16:49:19.136: delete node: IP: 204.79.197.203. Number of nodes 31
EtherApe-INFO: 16:49:29.313: delete node: IP: 142.250.203.150. Number of nodes 30
EtherApe-INFO: 16:49:33.735: delete node: IP: 172.217.16.35. Number of nodes 29
EtherApe-INFO: 16:49:41.311: New node: IP: 8.8.8.8. Number of nodes 30
EtherApe-INFO: 16:49:41.311: New node: IP: 1.1.1.1. Number of nodes 31
EtherApe-INFO: 16:49:47.711: New node: IP: 54.149.83.187. Number of nodes 32
EtherApe-INFO: 16:50:05.973: delete node: IP: 87.245.216.24. Number of nodes 31
EtherApe-INFO: 16:50:06.690: delete node: IP: 87.245.216.8. Number of nodes 30
EtherApe-INFO: 16:50:11.520: New node: IP: 149.154.167.92. Number of nodes 31
EtherApe-INFO: 16:50:11.603: delete node: IP: 40.126.31.68. Number of nodes 30
EtherApe-INFO: 16:50:11.603: delete node: IP: 20.190.160.21. Number of nodes 29
EtherApe-INFO: 16:50:11.603: delete node: IP: 13.107.246.45. Number of nodes 28
EtherApe-INFO: 16:50:11.603: delete node: IP: 13.107.213.44. Number of nodes 27
EtherApe-INFO: 16:50:12.117: delete node: IP: 23.202.54.12. Number of nodes 26
EtherApe-INFO: 16:50:13.311: New node: IP: 216.58.208.214. Number of nodes 27
EtherApe-INFO: 16:50:17.983: delete node: IP: 40.65.233.137. Number of nodes 26
EtherApe-INFO: 16:50:19.731: delete node: IP: 13.107.213.45. Number of nodes 25
EtherApe-INFO: 16:50:31.830: delete node: IP: 34.120.208.123. Number of nodes 24
EtherApe-INFO: 16:50:34.908: delete node: IP: 216.58.208.195. Number of nodes 23
EtherApe-INFO: 16:50:34.908: delete node: IP: 23.197.105.193. Number of nodes 22
EtherApe-INFO: 16:50:39.726: delete node: IP: 172.217.16.14. Number of nodes 21
EtherApe-INFO: 16:50:53.963: delete node: IP: 216.58.209.14. Number of nodes 20
EtherApe-INFO: 16:50:53.963: delete node: IP: 152.199.19.160. Number of nodes 19
EtherApe-INFO: 16:50:53.963: delete node: IP: 142.250.203.196. Number of nodes 18
EtherApe-INFO: 16:50:53.963: delete node: IP: 142.250.203.133. Number of nodes 17
EtherApe-INFO: 16:50:55.735: New node: IP: 142.250.203.133. Number of nodes 18
EtherApe-INFO: 16:51:01.434: delete node: IP: 127.0.0.1. Number of nodes 17
EtherApe-INFO: 16:51:04.504: delete node: IP: 192.229.221.185. Number of nodes 16
EtherApe-INFO: 16:51:09.047: New node: IP: 127.0.0.1. Number of nodes 17
EtherApe-INFO: 16:51:41.438: delete node: IP: 142.250.186.214. Number of nodes 16
EtherApe-INFO: 16:51:41.438: delete node: IP: 35.186.227.140. Number of nodes 15
EtherApe-INFO: 16:51:41.438: delete node: IP: 1.1.1.1. Number of nodes 14
EtherApe-INFO: 16:51:48.395: delete node: IP: 54.149.83.187. Number of nodes 13
EtherApe-INFO: 16:52:14.252: delete node: IP: 8.8.8.8. Number of nodes 12
EtherApe-INFO: 16:52:14.967: New node: IPv6: fe80::86d8:1bff:fe8a:3173. Number of nodes 13
EtherApe-INFO: 16:52:14.967: New node: IPv6: ff02::1. Number of nodes 14
EtherApe-INFO: 16:52:17.272: New node: IP: 149.154.167.223. Number of nodes 15
EtherApe-INFO: 16:52:27.352: delete node: IP: 149.154.167.92. Number of nodes 14
EtherApe-INFO: 16:52:52.047: New node: IP: 142.250.186.202. Number of nodes 15
EtherApe-INFO: 16:53:10.037: delete node: IP: 127.0.0.1. Number of nodes 14
EtherApe-INFO: 16:53:20.183: New node: IP: 127.0.0.1. Number of nodes 15
EtherApe-INFO: 16:54:14.985: delete node: IPv6: ff02::1. Number of nodes 14
EtherApe-INFO: 16:54:14.985: delete node: IPv6: fe80::86d8:1bff:fe8a:3173. Number of nodes 13
EtherApe-INFO: 16:54:47.208: New node: IP: 54.149.83.187. Number of nodes 14
EtherApe-INFO: 16:54:50.280: New node: IP: 172.217.20.170. Number of nodes 15
EtherApe-INFO: 16:54:54.887: New node: IP: 8.8.8.8. Number of nodes 16
EtherApe-INFO: 16:54:54.887: New node: IP: 1.1.1.1. Number of nodes 17
EtherApe-INFO: 16:55:08.546: delete node: IP: 216.58.208.214. Number of nodes 16
EtherApe-INFO: 16:55:19.999: delete node: IP: 149.154.167.223. Number of nodes 15
EtherApe-INFO: 16:55:21.023: delete node: IP: 127.0.0.1. Number of nodes 14
EtherApe-INFO: 16:55:31.231: New node: IP: 127.0.0.1. Number of nodes 15
EtherApe-INFO: 16:55:32.767: New node: IP: 52.10.85.249. Number of nodes 16
EtherApe-INFO: 16:55:32.767: New node: IP: 35.186.227.140. Number of nodes 17
EtherApe-INFO: 16:55:47.967: delete node: IP: 142.250.203.133. Number of nodes 16
EtherApe-INFO: 16:55:56.063: New node: IP: 216.58.208.197. Number of nodes 17
EtherApe-INFO: 16:56:51.366: delete node: IP: 172.217.20.170. Number of nodes 16
EtherApe-INFO: 16:56:51.366: delete node: IP: 54.149.83.187. Number of nodes 15
EtherApe-INFO: 16:56:57.295: delete node: IP: 1.1.1.1. Number of nodes 14
EtherApe-INFO: 16:57:31.516: delete node: IP: 127.0.0.1. Number of nodes 13
EtherApe-INFO: 16:57:42.183: New node: IP: 127.0.0.1. Number of nodes 14
EtherApe-INFO: 16:57:45.002: delete node: IP: 142.250.186.202. Number of nodes 13
EtherApe-INFO: 16:57:57.995: delete node: IP: 8.8.8.8. Number of nodes 12
EtherApe-INFO: 16:58:13.839: New node: IP: 142.250.203.196. Number of nodes 13
EtherApe-INFO: 16:58:20.239: New node: IP: 34.120.208.123. Number of nodes 14
EtherApe-INFO: 16:58:21.264: New node: IP: 216.58.208.202. Number of nodes 15
EtherApe-INFO: 16:58:21.519: New node: IP: 8.8.8.8. Number of nodes 16
EtherApe-INFO: 16:58:22.288: New node: IP: 193.147.152.106. Number of nodes 17
EtherApe-INFO: 16:58:22.543: New node: IP: 172.64.155.188. Number of nodes 18
EtherApe-INFO: 16:58:38.033: New node: IP: 130.79.128.179. Number of nodes 19
EtherApe-INFO: 16:58:38.037: New node: IP: 104.18.32.68. Number of nodes 20
EtherApe-INFO: 16:58:38.802: New node: IP: 130.79.128.175. Number of nodes 21
EtherApe-INFO: 16:59:14.495: New node: IP: 130.79.128.1. Number of nodes 22
EtherApe-INFO: 16:59:27.039: New node: IPv6: fe80::86d8:1bff:fe8a:3173. Number of nodes 23
EtherApe-INFO: 16:59:27.039: New node: IPv6: ff02::1. Number of nodes 24
EtherApe-INFO: 16:59:47.968: New node: IP: 54.149.83.187. Number of nodes 25
EtherApe-INFO: 17:00:01.791: New node: IP: 1.1.1.1. Number of nodes 26
EtherApe-INFO: 17:00:47.720: delete node: IP: 216.58.208.197. Number of nodes 25
EtherApe-INFO: 17:00:57.167: New node: IP: 142.250.203.133. Number of nodes 26
EtherApe-INFO: 17:01:08.472: delete node: IP: 216.58.208.202. Number of nodes 25
EtherApe-INFO: 17:01:15.872: delete node: IP: 130.79.128.1. Number of nodes 24
EtherApe-INFO: 17:01:15.872: delete node: IP: 52.10.85.249. Number of nodes 23
EtherApe-INFO: 17:01:19.775: delete node: IP: 130.79.128.179. Number of nodes 22
EtherApe-INFO: 17:01:27.163: delete node: IPv6: ff02::1. Number of nodes 21
EtherApe-INFO: 17:01:27.163: delete node: IPv6: fe80::86d8:1bff:fe8a:3173. Number of nodes 20
EtherApe-INFO: 17:01:42.480: New node: IP: 142.250.203.214. Number of nodes 21
EtherApe-INFO: 17:01:42.991: New node: IP: 176.122.110.204. Number of nodes 22
EtherApe-INFO: 17:01:42.992: New node: IP: 216.58.215.86. Number of nodes 23
EtherApe-INFO: 17:01:48.631: delete node: IP: 54.149.83.187. Number of nodes 22
EtherApe-INFO: 17:02:03.448: delete node: IP: 1.1.1.1. Number of nodes 21
EtherApe-INFO: 17:02:05.416: New node: IP: 52.10.85.249. Number of nodes 22
EtherApe-INFO: 17:02:30.744: New node: IP: 216.58.208.195. Number of nodes 23
EtherApe-INFO: 17:02:30.999: New node: IP: 142.250.186.195. Number of nodes 24
EtherApe-INFO: 17:02:30.999: New node: IP: 142.250.186.193. Number of nodes 25
EtherApe-INFO: 17:02:35.570: delete node: IP: 104.18.32.68. Number of nodes 24
EtherApe-INFO: 17:02:37.312: New node: IP: 216.58.208.206. Number of nodes 25
EtherApe-INFO: 17:02:38.847: New node: IP: 172.217.20.174. Number of nodes 26
EtherApe-INFO: 17:02:39.616: New node: IP: 142.250.203.202. Number of nodes 27
EtherApe-INFO: 17:02:39.872: New node: IP: 172.217.20.170. Number of nodes 28
EtherApe-INFO: 17:02:40.128: New node: IP: 216.58.215.106. Number of nodes 29
EtherApe-INFO: 17:02:40.384: New node: IP: 172.217.16.46. Number of nodes 30
EtherApe-INFO: 17:02:40.384: New node: IP: 142.250.203.142. Number of nodes 31
EtherApe-INFO: 17:02:42.728: delete node: IP: 130.79.128.175. Number of nodes 30
EtherApe-INFO: 17:02:44.223: New node: IP: 207.241.237.3. Number of nodes 31
EtherApe-INFO: 17:02:44.479: New node: IP: 207.241.224.2. Number of nodes 32
EtherApe-INFO: 17:02:44.736: New node: IP: 104.19.147.74. Number of nodes 33
EtherApe-INFO: 17:02:44.991: New node: IP: 93.184.220.29. Number of nodes 34
EtherApe-INFO: 17:02:46.026: New node: IP: 54.192.231.71. Number of nodes 35
EtherApe-INFO: 17:02:46.027: New node: IP: 85.222.140.6. Number of nodes 36
EtherApe-INFO: 17:02:46.272: New node: IP: 13.110.46.230. Number of nodes 37
EtherApe-INFO: 17:02:46.272: New node: IP: 13.32.99.13. Number of nodes 38
EtherApe-INFO: 17:02:46.527: New node: IP: 18.66.112.75. Number of nodes 39
EtherApe-INFO: 17:02:46.783: New node: IP: 13.32.99.84. Number of nodes 40
EtherApe-INFO: 17:02:47.047: New node: IP: 108.138.24.186. Number of nodes 41
EtherApe-INFO: 17:02:47.551: New node: IP: 104.81.108.60. Number of nodes 42
EtherApe-INFO: 17:02:47.551: New node: IP: 52.222.214.120. Number of nodes 43
EtherApe-INFO: 17:02:48.319: New node: IP: 151.101.1.176. Number of nodes 44
EtherApe-INFO: 17:02:48.831: New node: IP: 192.168.0.239. Number of nodes 45
EtherApe-INFO: 17:02:49.599: New node: IP: 87.245.216.72. Number of nodes 46
EtherApe-INFO: 17:02:51.135: New node: IP: 172.217.16.14. Number of nodes 47
EtherApe-INFO: 17:02:51.179: delete node: IP: 127.0.0.1. Number of nodes 46
EtherApe-INFO: 17:02:57.408: New node: IP: 130.79.128.175. Number of nodes 47
EtherApe-INFO: 17:03:01.760: New node: IP: 127.0.0.1. Number of nodes 48
EtherApe-INFO: 17:03:07.649: New node: IP: 216.58.208.202. Number of nodes 49
EtherApe-INFO: 17:03:10.568: delete node: IP: 172.64.155.188. Number of nodes 48
EtherApe-INFO: 17:03:27.393: delete node: IP: 176.122.113.78. Number of nodes 47
EtherApe-INFO: 17:04:12.951: New node: IP: 192.168.1.1. Number of nodes 48
EtherApe-INFO: 17:04:21.143: New node: IP: 104.18.6.240. Number of nodes 49
EtherApe-INFO: 17:04:21.143: New node: IP: 104.18.12.33. Number of nodes 50
EtherApe-INFO: 17:04:24.471: New node: IP: 34.107.221.82. Number of nodes 51
EtherApe-INFO: 17:04:48.279: New node: IP: 54.149.83.187. Number of nodes 52
EtherApe-INFO: 17:04:49.077: delete node: IP: 172.217.20.170. Number of nodes 51
EtherApe-INFO: 17:04:49.307: New node: IP: 172.217.20.165. Number of nodes 52
EtherApe-INFO: 17:05:02.120: delete node: IP: 127.0.0.1. Number of nodes 51
EtherApe-INFO: 17:05:08.285: delete node: IP: 216.58.208.202. Number of nodes 50
EtherApe-INFO: 17:05:10.374: delete node: IP: 87.245.216.72. Number of nodes 49
EtherApe-INFO: 17:05:12.855: New node: IP: 127.0.0.1. Number of nodes 50
EtherApe-INFO: 17:05:29.416: delete node: IP: 130.79.128.175. Number of nodes 49
EtherApe-INFO: 17:05:48.888: delete node: IP: 142.250.203.133. Number of nodes 48
EtherApe-INFO: 17:05:53.696: delete node: IP: 192.168.0.239. Number of nodes 47
EtherApe-INFO: 17:06:33.379: delete node: IP: 216.58.215.86. Number of nodes 46
EtherApe-INFO: 17:06:42.607: delete node: IP: 108.138.24.186. Number of nodes 45
EtherApe-INFO: 17:06:43.331: delete node: IP: 104.81.108.60. Number of nodes 44
EtherApe-INFO: 17:06:43.331: delete node: IP: 85.222.140.6. Number of nodes 43
EtherApe-INFO: 17:06:45.401: delete node: IP: 142.250.186.195. Number of nodes 42
EtherApe-INFO: 17:06:47.679: delete node: IP: 13.110.46.230. Number of nodes 41
EtherApe-INFO: 17:06:49.229: delete node: IP: 54.149.83.187. Number of nodes 40
EtherApe-INFO: 17:07:13.288: delete node: IP: 127.0.0.1. Number of nodes 39
EtherApe-INFO: 17:07:18.346: delete node: IP: 52.10.85.249. Number of nodes 38
EtherApe-INFO: 17:07:21.753: delete node: IP: 216.58.208.195. Number of nodes 37
EtherApe-INFO: 17:07:22.990: delete node: IP: 142.250.186.193. Number of nodes 36
EtherApe-INFO: 17:07:23.960: New node: IP: 127.0.0.1. Number of nodes 37
EtherApe-INFO: 17:07:30.416: delete node: IP: 172.217.20.174. Number of nodes 36
EtherApe-INFO: 17:07:31.447: delete node: IP: 142.250.203.202. Number of nodes 35
EtherApe-INFO: 17:07:32.169: delete node: IP: 216.58.215.106. Number of nodes 34
EtherApe-INFO: 17:07:32.169: delete node: IP: 172.217.16.46. Number of nodes 33
EtherApe-INFO: 17:07:32.169: delete node: IP: 142.250.203.142. Number of nodes 32
EtherApe-INFO: 17:07:34.440: delete node: IP: 8.8.8.8. Number of nodes 31
EtherApe-INFO: 17:07:36.710: delete node: IP: 104.19.147.74. Number of nodes 30
EtherApe-INFO: 17:07:38.052: delete node: IP: 18.66.112.75. Number of nodes 29
EtherApe-INFO: 17:07:42.076: delete node: IP: 172.217.16.14. Number of nodes 28
EtherApe-INFO: 17:07:42.076: delete node: IP: 142.250.203.196. Number of nodes 27
EtherApe-INFO: 17:07:44.447: delete node: IP: 207.241.224.2. Number of nodes 26
EtherApe-INFO: 17:07:47.234: delete node: IP: 151.101.1.176. Number of nodes 25
EtherApe-INFO: 17:07:47.234: delete node: IP: 52.222.214.120. Number of nodes 24
EtherApe-INFO: 17:07:47.234: delete node: IP: 13.32.99.13. Number of nodes 23
EtherApe-INFO: 17:08:03.207: New node: IP: 149.154.167.223. Number of nodes 24
EtherApe-INFO: 17:08:13.191: New node: IP: 52.10.85.249. Number of nodes 25
EtherApe-INFO: 17:08:17.353: delete node: IP: 93.184.220.29. Number of nodes 24
EtherApe-INFO: 17:08:19.931: delete node: IP: 34.107.221.82. Number of nodes 23
EtherApe-INFO: 17:08:36.215: delete node: IP: 207.241.237.3. Number of nodes 22
EtherApe-INFO: 17:08:48.057: delete node: IP: 142.250.203.214. Number of nodes 21
EtherApe-INFO: 17:08:50.527: New node: IPv6: fe80::86d8:1bff:fe8a:3173. Number of nodes 22
EtherApe-INFO: 17:08:50.527: New node: IPv6: ff02::1. Number of nodes 23
EtherApe-INFO: 17:09:11.533: delete node: IP: 104.18.6.240. Number of nodes 22
EtherApe-INFO: 17:09:23.971: delete node: IP: 127.0.0.1. Number of nodes 21
EtherApe-INFO: 17:09:34.943: New node: IP: 127.0.0.1. Number of nodes 22
EtherApe-INFO: 17:09:36.819: delete node: IP: 34.120.208.123. Number of nodes 21
EtherApe-INFO: 17:09:39.905: delete node: IP: 172.217.20.165. Number of nodes 20
EtherApe-INFO: 17:09:44.741: delete node: IP: 54.192.231.71. Number of nodes 19
EtherApe-INFO: 17:09:45.768: delete node: IP: 13.32.99.84. Number of nodes 18
EtherApe-INFO: 17:09:48.512: New node: IP: 54.149.83.187. Number of nodes 19
EtherApe-INFO: 17:09:50.303: New node: IP: 172.217.20.165. Number of nodes 20
EtherApe-INFO: 17:10:18.645: delete node: IP: 149.154.167.223. Number of nodes 19
EtherApe-INFO: 17:10:50.665: delete node: IPv6: ff02::1. Number of nodes 18
EtherApe-INFO: 17:10:50.665: delete node: IPv6: fe80::86d8:1bff:fe8a:3173. Number of nodes 17
EtherApe-INFO: 17:11:15.371: delete node: IP: 52.10.85.249. Number of nodes 16
EtherApe-INFO: 17:11:30.118: delete node: IP: 104.18.12.33. Number of nodes 15
EtherApe-INFO: 17:11:48.783: delete node: IP: 54.149.83.187. Number of nodes 14
EtherApe-INFO: 17:13:00.631: New node: IP: 0.0.0.0. Number of nodes 15
EtherApe-INFO: 17:13:00.631: New node: IP: 255.255.255.255. Number of nodes 16
EtherApe-INFO: 17:13:00.887: New node: IP: 8.8.8.8. Number of nodes 17
EtherApe-INFO: 17:13:03.703: New node: IP: 34.107.221.82. Number of nodes 18
EtherApe-INFO: 17:13:03.704: New node: IP: 104.16.249.249. Number of nodes 19
EtherApe-INFO: 17:13:03.705: New node: IP: 216.58.215.78. Number of nodes 20
EtherApe-INFO: 17:13:03.705: New node: IP: 172.217.16.35. Number of nodes 21
EtherApe-INFO: 17:13:03.705: New node: IP: 52.89.17.198. Number of nodes 22
EtherApe-INFO: 17:13:03.706: New node: IP: 52.33.112.155. Number of nodes 23
EtherApe-INFO: 17:13:03.706: New node: IP: 35.164.184.131. Number of nodes 24
EtherApe-INFO: 17:13:03.707: New node: IP: 142.250.75.14. Number of nodes 25
EtherApe-INFO: 17:13:04.472: New node: IP: 54.149.83.187. Number of nodes 26
EtherApe-INFO: 17:13:06.263: New node: IP: 1.1.1.1. Number of nodes 27
EtherApe-INFO: 17:13:11.527: New node: IP: 142.250.203.202. Number of nodes 28
EtherApe-INFO: 17:13:16.391: New node: IP: 172.217.16.22. Number of nodes 29
EtherApe-INFO: 17:13:36.375: delete node: IP: 127.0.0.1. Number of nodes 28
EtherApe-INFO: 17:13:38.151: New node: IP: 216.58.215.110. Number of nodes 29
EtherApe-INFO: 17:14:21.592: New node: IP: 127.0.0.1. Number of nodes 30
EtherApe-INFO: 17:14:23.384: New node: IPv6: fe80::6846:629d:77db:40b. Number of nodes 31
EtherApe-INFO: 17:14:23.384: New node: IPv6: ff02::1. Number of nodes 32
EtherApe-INFO: 17:14:24.663: New node: IPv6: fd70:fb35:5af0::a69. Number of nodes 33
EtherApe-INFO: 17:14:25.431: New node: IP: 169.254.4.11. Number of nodes 34
EtherApe-INFO: 17:14:25.431: New node: IP: 224.0.0.252. Number of nodes 35
EtherApe-INFO: 17:14:25.431: New node: IP: 169.254.255.255. Number of nodes 36
EtherApe-INFO: 17:14:27.735: New node: IPv6: fd70:fb35:5af0:0:6846:629d:77db:40b. Number of nodes 37
EtherApe-INFO: 17:14:27.735: New node: IPv6: fd70:fb35:5af0:0:3865:20bc:9b02:2444. Number of nodes 38
EtherApe-INFO: 17:14:30.295: New node: IP: 192.168.1.149. Number of nodes 39
EtherApe-INFO: 17:14:30.295: New node: IP: 192.168.1.255. Number of nodes 40
EtherApe-INFO: 17:15:01.482: delete node: IP: 104.16.248.249. Number of nodes 39
EtherApe-INFO: 17:15:03.762: delete node: IP: 142.250.186.206. Number of nodes 38
EtherApe-INFO: 17:15:05.006: delete node: IP: 142.250.75.3. Number of nodes 37
EtherApe-INFO: 17:15:05.006: delete node: IP: 54.149.83.187. Number of nodes 36
EtherApe-INFO: 17:15:05.006: delete node: IP: 52.89.17.198. Number of nodes 35
EtherApe-INFO: 17:15:05.735: delete node: IP: 216.58.208.206. Number of nodes 34
EtherApe-INFO: 17:15:06.774: delete node: IP: 1.1.1.1. Number of nodes 33
EtherApe-INFO: 17:15:07.085: delete node: IP: 172.217.16.42. Number of nodes 32
EtherApe-INFO: 17:15:14.963: delete node: IP: 35.164.184.131. Number of nodes 31
EtherApe-INFO: 17:15:29.566: delete node: IP: 216.58.215.78. Number of nodes 30
EtherApe-INFO: 17:16:06.689: delete node: IP: 52.33.112.155. Number of nodes 29
EtherApe-INFO: 17:16:23.610: delete node: IPv6: fe80::6846:629d:77db:40b. Number of nodes 28
EtherApe-INFO: 17:16:25.158: delete node: IPv6: fd70:fb35:5af0::a69. Number of nodes 27
EtherApe-INFO: 17:16:27.939: delete node: IPv6: ff02::1. Number of nodes 26
EtherApe-INFO: 17:16:27.939: delete node: IPv6: fd70:fb35:5af0:0:6846:629d:77db:40b. Number of nodes 25
EtherApe-INFO: 17:16:27.939: delete node: IPv6: fd70:fb35:5af0:0:3865:20bc:9b02:2444. Number of nodes 24
EtherApe-INFO: 17:16:31.238: delete node: IP: 255.255.255.255. Number of nodes 23
EtherApe-INFO: 17:16:31.238: delete node: IP: 169.254.255.255. Number of nodes 22
EtherApe-INFO: 17:16:31.238: delete node: IP: 169.254.4.11. Number of nodes 21
EtherApe-INFO: 17:16:31.238: delete node: IP: 0.0.0.0. Number of nodes 20
EtherApe-INFO: 17:17:01.514: delete node: IP: 34.107.221.82. Number of nodes 19
EtherApe-INFO: 17:17:49.815: New node: IPv6: fe80::86d8:1bff:fe8a:3173. Number of nodes 20
EtherApe-INFO: 17:17:49.815: New node: IPv6: ff02::1. Number of nodes 21
EtherApe-INFO: 17:17:51.704: delete node: IP: 8.8.8.8. Number of nodes 20
EtherApe-INFO: 17:17:57.569: delete node: IP: 35.186.227.140. Number of nodes 19
EtherApe-INFO: 17:18:01.678: delete node: IP: 127.0.0.1. Number of nodes 18
EtherApe-INFO: 17:18:03.734: delete node: IP: 172.217.20.165. Number of nodes 17
EtherApe-INFO: 17:18:04.407: New node: IP: 52.89.17.198. Number of nodes 18
EtherApe-INFO: 17:18:07.544: delete node: IP: 172.217.16.22. Number of nodes 17
EtherApe-INFO: 17:18:12.600: New node: IP: 172.217.20.165. Number of nodes 18
EtherApe-INFO: 17:18:25.481: delete node: IP: 224.0.0.252. Number of nodes 17
EtherApe-INFO: 17:18:27.536: delete node: IP: 192.168.1.255. Number of nodes 16
EtherApe-INFO: 17:18:27.536: delete node: IP: 192.168.1.149. Number of nodes 15
EtherApe-INFO: 17:19:35.593: delete node: IP: 192.168.1.1. Number of nodes 14
EtherApe-INFO: 17:19:36.823: New node: IP: 192.168.1.149. Number of nodes 15
EtherApe-INFO: 17:19:36.823: New node: IP: 192.168.1.255. Number of nodes 16
EtherApe-INFO: 17:19:36.823: New node: IP: 224.0.0.252. Number of nodes 17
EtherApe-INFO: 17:19:49.900: delete node: IPv6: ff02::1. Number of nodes 16
EtherApe-INFO: 17:19:49.900: delete node: IPv6: fe80::86d8:1bff:fe8a:3173. Number of nodes 15
EtherApe-INFO: 17:20:05.533: delete node: IP: 52.89.17.198. Number of nodes 14
EtherApe-INFO: 17:21:14.359: New node: IP: 149.154.167.223. Number of nodes 15
EtherApe-INFO: 17:21:28.439: New node: IP: 192.168.1.1. Number of nodes 16
EtherApe-INFO: 17:21:36.631: New node: IP: 255.255.255.255. Number of nodes 17
EtherApe-INFO: 17:21:36.631: New node: IP: 192.168.0.239. Number of nodes 18
EtherApe-INFO: 17:21:37.661: delete node: IP: 224.0.0.252. Number of nodes 17
EtherApe-INFO: 17:21:38.693: delete node: IP: 192.168.1.255. Number of nodes 16
EtherApe-INFO: 17:23:04.025: delete node: IP: 172.217.20.165. Number of nodes 15
EtherApe-INFO: 17:23:04.695: New node: IP: 52.89.17.198. Number of nodes 16
EtherApe-INFO: 17:23:13.913: New node: IP: 216.58.209.5. Number of nodes 17
EtherApe-INFO: 17:23:48.803: delete node: IP: 192.168.1.1. Number of nodes 16
EtherApe-INFO: 17:24:26.615: New node: IP: 35.186.227.140. Number of nodes 17
EtherApe-INFO: 17:24:26.615: New node: IP: 52.33.112.155. Number of nodes 18
EtherApe-INFO: 17:24:29.772: delete node: IP: 149.154.167.223. Number of nodes 17
EtherApe-INFO: 17:24:30.967: New node: IP: 172.217.20.170. Number of nodes 18
EtherApe-INFO: 17:24:46.840: New node: IP: 192.168.1.1. Number of nodes 19
EtherApe-INFO: 17:24:50.423: New node: IP: 54.192.231.72. Number of nodes 20
EtherApe-INFO: 17:24:50.679: New node: IP: 8.8.8.8. Number of nodes 21
EtherApe-INFO: 17:24:50.935: New node: IP: 34.120.208.123. Number of nodes 22
EtherApe-INFO: 17:25:05.024: delete node: IP: 52.89.17.198. Number of nodes 21
EtherApe-INFO: 17:25:25.239: New node: IPv6: fe80::86d8:1bff:fe8a:3173. Number of nodes 22
EtherApe-INFO: 17:25:25.239: New node: IPv6: ff02::1. Number of nodes 23
EtherApe-INFO: 17:25:35.479: New node: IP: 0.0.0.0. Number of nodes 24
EtherApe-INFO: 17:25:35.479: New node: IP: 192.168.0.1. Number of nodes 25
EtherApe-INFO: 17:25:38.551: New node: IP: 192.168.0.216. Number of nodes 26
EtherApe-INFO: 17:25:38.807: New node: IP: 149.154.167.223. Number of nodes 27
EtherApe-INFO: 17:25:39.575: New node: IP: 34.107.221.82. Number of nodes 28
EtherApe-INFO: 17:25:41.113: New node: IP: 104.16.248.249. Number of nodes 29
EtherApe-INFO: 17:25:41.114: New node: IP: 54.191.251.76. Number of nodes 30
EtherApe-INFO: 17:25:45.719: New node: IP: 216.58.209.10. Number of nodes 31
EtherApe-INFO: 17:25:49.815: New node: IP: 216.58.208.197. Number of nodes 32
EtherApe-INFO: 17:25:55.448: New node: IP: 216.58.208.206. Number of nodes 33
EtherApe-INFO: 17:25:59.544: New node: IP: 142.250.186.206. Number of nodes 34
EtherApe-INFO: 17:26:07.569: delete node: IP: 192.168.1.149. Number of nodes 33
EtherApe-INFO: 17:26:07.569: delete node: IP: 192.168.0.239. Number of nodes 32
EtherApe-INFO: 17:26:18.744: New node: IP: 142.250.203.214. Number of nodes 33
EtherApe-INFO: 17:26:31.292: delete node: IP: 172.217.20.170. Number of nodes 32
EtherApe-INFO: 17:26:39.735: New node: IP: 1.1.1.1. Number of nodes 33
EtherApe-INFO: 17:26:48.254: delete node: IP: 142.250.75.14. Number of nodes 32
EtherApe-INFO: 17:26:51.353: delete node: IP: 34.120.208.123. Number of nodes 31
EtherApe-INFO: 17:26:51.511: New node: IP: 192.168.1.255. Number of nodes 32
EtherApe-INFO: 17:27:02.315: delete node: IP: 216.58.209.5. Number of nodes 31
EtherApe-INFO: 17:27:05.335: New node: IP: 149.154.175.100. Number of nodes 32
EtherApe-INFO: 17:27:05.413: delete node: IP: 216.58.215.110. Number of nodes 31
EtherApe-INFO: 17:27:05.413: delete node: IP: 104.16.249.249. Number of nodes 30
EtherApe-INFO: 17:27:13.271: New node: IP: 149.154.167.91. Number of nodes 31
EtherApe-INFO: 17:27:14.295: New node: IP: 149.154.167.92. Number of nodes 32
EtherApe-INFO: 17:27:18.460: delete node: IP: 142.250.203.202. Number of nodes 31
EtherApe-INFO: 17:27:27.157: delete node: IP: 54.192.231.72. Number of nodes 30
EtherApe-INFO: 17:27:35.309: delete node: IP: 52.33.112.155. Number of nodes 29
EtherApe-INFO: 17:27:38.103: New node: IP: 149.154.175.57. Number of nodes 30
EtherApe-INFO: 17:27:38.103: New node: IP: 149.154.175.54. Number of nodes 31
EtherApe-INFO: 17:27:38.200: delete node: IP: 192.168.1.217. Number of nodes 30
EtherApe-INFO: 17:27:38.616: New node: IP: 142.250.203.195. Number of nodes 31
EtherApe-INFO: 17:27:38.871: New node: IP: 142.250.203.142. Number of nodes 32
EtherApe-INFO: 17:27:39.128: New node: IP: 34.213.92.18. Number of nodes 33
EtherApe-INFO: 17:27:39.128: New node: IP: 142.250.75.14. Number of nodes 34
EtherApe-INFO: 17:27:45.527: New node: IP: 34.120.208.123. Number of nodes 35
EtherApe-INFO: 17:27:47.832: New node: IP: 216.58.208.202. Number of nodes 36
EtherApe-INFO: 17:27:52.695: New node: IP: 192.168.0.239. Number of nodes 37
EtherApe-INFO: 17:27:55.349: delete node: IP: 149.154.167.223. Number of nodes 36
EtherApe-INFO: 17:28:04.983: New node: IP: 173.194.189.22. Number of nodes 37
EtherApe-INFO: 17:28:52.618: delete node: IP: 192.168.1.255. Number of nodes 36
EtherApe-INFO: 17:28:54.696: delete node: IP: 142.250.186.206. Number of nodes 35
EtherApe-INFO: 17:28:57.495: delete node: IP: 172.217.16.35. Number of nodes 34
EtherApe-INFO: 17:29:13.615: delete node: IP: 149.154.175.100. Number of nodes 33
EtherApe-INFO: 17:29:13.823: New node: IP: 172.217.16.35. Number of nodes 34
EtherApe-INFO: 17:29:17.749: delete node: IP: 149.154.167.91. Number of nodes 33
EtherApe-INFO: 17:29:19.812: delete node: IP: 149.154.167.92. Number of nodes 32
EtherApe-INFO: 17:29:39.730: delete node: IP: 255.255.255.255. Number of nodes 31
EtherApe-INFO: 17:29:39.730: delete node: IP: 192.168.0.1. Number of nodes 30
EtherApe-INFO: 17:29:39.730: delete node: IP: 149.154.175.57. Number of nodes 29
EtherApe-INFO: 17:29:39.730: delete node: IP: 149.154.175.54. Number of nodes 28
EtherApe-INFO: 17:29:39.730: delete node: IP: 0.0.0.0. Number of nodes 27
EtherApe-INFO: 17:29:40.451: delete node: IP: 54.191.251.76. Number of nodes 26
EtherApe-INFO: 17:29:48.995: delete node: IP: 142.250.203.214. Number of nodes 25
EtherApe-INFO: 17:29:52.489: delete node: IP: 216.58.208.206. Number of nodes 24
EtherApe-INFO: 17:29:55.875: delete node: IP: 216.58.209.10. Number of nodes 23
EtherApe-INFO: 17:30:02.748: delete node: IPv6: ff02::1. Number of nodes 22
EtherApe-INFO: 17:30:02.748: delete node: IPv6: fe80::86d8:1bff:fe8a:3173. Number of nodes 21
EtherApe-INFO: 17:30:10.399: New node: IP: 149.154.167.223. Number of nodes 22
EtherApe-INFO: 17:30:40.671: delete node: IP: 173.194.189.22. Number of nodes 21
EtherApe-INFO: 17:30:40.863: New node: IP: 172.217.20.202. Number of nodes 22
EtherApe-INFO: 17:30:41.700: delete node: IP: 34.213.92.18. Number of nodes 21
EtherApe-INFO: 17:30:43.753: delete node: IP: 1.1.1.1. Number of nodes 20
EtherApe-INFO: 17:30:45.806: delete node: IP: 192.168.1.1. Number of nodes 19
EtherApe-INFO: 17:30:46.832: delete node: IP: 192.168.0.239. Number of nodes 18
EtherApe-INFO: 17:30:51.654: delete node: IP: 216.58.208.197. Number of nodes 17
EtherApe-INFO: 17:30:51.654: delete node: IP: 142.250.203.142. Number of nodes 16
EtherApe-INFO: 17:30:51.654: delete node: IP: 142.250.75.14. Number of nodes 15
EtherApe-INFO: 17:30:51.654: delete node: IP: 35.186.227.140. Number of nodes 14
EtherApe-INFO: 17:30:51.654: delete node: IP: 34.120.208.123. Number of nodes 13
EtherApe-INFO: 17:31:07.746: delete node: IP: 142.250.203.195. Number of nodes 12
EtherApe-INFO: 17:31:48.448: New node: IP: 54.192.231.44. Number of nodes 13
EtherApe-INFO: 17:31:50.751: New node: IP: 142.250.75.14. Number of nodes 14
EtherApe-INFO: 17:32:03.882: delete node: IP: 176.122.110.204. Number of nodes 13
EtherApe-INFO: 17:32:27.633: delete node: IP: 149.154.167.223. Number of nodes 12
EtherApe-INFO: 17:32:37.865: delete node: IP: 34.107.221.82. Number of nodes 11
EtherApe-INFO: 17:32:39.904: New node: IP: 34.213.92.18. Number of nodes 12
EtherApe-INFO: 17:32:50.911: New node: IP: 142.250.203.133. Number of nodes 13
EtherApe-INFO: 17:33:48.769: delete node: IP: 8.8.8.8. Number of nodes 12
EtherApe-INFO: 17:34:22.048: New node: IPv6: fe80::86d8:1bff:fe8a:3173. Number of nodes 13
EtherApe-INFO: 17:34:22.048: New node: IPv6: ff02::1. Number of nodes 14
EtherApe-INFO: 17:34:41.813: delete node: IP: 34.213.92.18. Number of nodes 13
EtherApe-INFO: 17:35:33.818: delete node: IP: 172.217.20.202. Number of nodes 12
EtherApe-INFO: 17:36:22.378: delete node: IPv6: ff02::1. Number of nodes 11
EtherApe-INFO: 17:36:22.378: delete node: IPv6: fe80::86d8:1bff:fe8a:3173. Number of nodes 10
EtherApe-INFO: 17:36:42.608: delete node: IP: 142.250.75.14. Number of nodes 9
EtherApe-INFO: 17:36:47.716: delete node: IP: 54.192.231.44. Number of nodes 8
EtherApe-INFO: 17:37:40.191: New node: IP: 34.213.92.18. Number of nodes 9
EtherApe-INFO: 17:37:40.960: New node: IP: 44.241.28.160. Number of nodes 10
EtherApe-INFO: 17:37:40.960: New node: IP: 35.186.227.140. Number of nodes 11
EtherApe-INFO: 17:37:41.215: New node: IP: 8.8.8.8. Number of nodes 12
EtherApe-INFO: 17:37:42.328: delete node: IP: 142.250.203.133. Number of nodes 11
EtherApe-INFO: 17:37:54.015: New node: IPv6: fe80::86d8:1bff:fe8a:3173. Number of nodes 12
EtherApe-INFO: 17:37:54.015: New node: IPv6: ff02::1. Number of nodes 13
EtherApe-INFO: 17:38:42.911: New node: IP: 149.154.167.223. Number of nodes 14
EtherApe-INFO: 17:39:41.860: delete node: IP: 34.213.92.18. Number of nodes 13
EtherApe-INFO: 17:39:41.860: delete node: IP: 8.8.8.8. Number of nodes 12
EtherApe-INFO: 17:39:54.907: delete node: IPv6: ff02::1. Number of nodes 11
EtherApe-INFO: 17:39:54.907: delete node: IPv6: fe80::86d8:1bff:fe8a:3173. Number of nodes 10
EtherApe-INFO: 17:40:23.519: New node: IP: 8.8.8.8. Number of nodes 11
EtherApe-INFO: 17:40:43.306: delete node: IP: 44.241.28.160. Number of nodes 10
EtherApe-INFO: 17:40:59.921: delete node: IP: 149.154.167.223. Number of nodes 9
EtherApe-INFO: 17:42:24.351: New node: IP: 149.154.167.223. Number of nodes 10
EtherApe-INFO: 17:42:33.855: delete node: IP: 35.186.227.140. Number of nodes 9
EtherApe-INFO: 17:42:40.223: New node: IP: 34.213.92.18. Number of nodes 10
EtherApe-INFO: 17:42:51.999: New node: IP: 172.217.20.165. Number of nodes 11
EtherApe-INFO: 17:43:02.495: New node: IPv6: fe80::86d8:1bff:fe8a:3173. Number of nodes 12
EtherApe-INFO: 17:43:02.495: New node: IPv6: ff02::1. Number of nodes 13
EtherApe-INFO: 17:44:27.039: delete node: IP: 8.8.8.8. Number of nodes 12
EtherApe-INFO: 17:44:40.080: delete node: IP: 149.154.167.223. Number of nodes 11
EtherApe-INFO: 17:44:41.914: delete node: IP: 34.213.92.18. Number of nodes 10
EtherApe-INFO: 17:45:02.899: delete node: IPv6: ff02::1. Number of nodes 9
EtherApe-INFO: 17:45:02.899: delete node: IPv6: fe80::86d8:1bff:fe8a:3173. Number of nodes 8
EtherApe-INFO: 17:45:46.591: New node: IP: 149.154.167.223. Number of nodes 9
EtherApe-INFO: 17:47:40.512: New node: IP: 34.213.92.18. Number of nodes 10
EtherApe-INFO: 17:47:44.146: delete node: IP: 172.217.20.165. Number of nodes 9
EtherApe-INFO: 17:48:02.069: delete node: IP: 149.154.167.223. Number of nodes 8
EtherApe-INFO: 17:48:39.648: New node: IP: 35.186.227.140. Number of nodes 9
EtherApe-INFO: 17:48:39.648: New node: IP: 52.10.85.249. Number of nodes 10
EtherApe-INFO: 17:48:47.328: New node: IP: 192.168.0.239. Number of nodes 11
EtherApe-INFO: 17:48:52.959: New node: IP: 149.154.167.223. Number of nodes 12
EtherApe-INFO: 17:48:53.727: New node: IP: 172.217.16.42. Number of nodes 13
EtherApe-INFO: 17:49:28.287: New node: IP: 0.0.0.0. Number of nodes 14
EtherApe-INFO: 17:49:28.287: New node: IP: 255.255.255.255. Number of nodes 15
EtherApe-INFO: 17:49:28.287: New node: IP: 192.168.1.149. Number of nodes 16
EtherApe-INFO: 17:49:28.287: New node: IP: 224.0.0.252. Number of nodes 17
EtherApe-INFO: 17:49:29.824: New node: IPv6: fe80::6846:629d:77db:40b. Number of nodes 18
EtherApe-INFO: 17:49:29.824: New node: IPv6: ff02::1. Number of nodes 19
EtherApe-INFO: 17:49:29.824: New node: IPv6: fd70:fb35:5af0::a69. Number of nodes 20
EtherApe-INFO: 17:49:29.824: New node: IPv6: fd70:fb35:5af0:0:6846:629d:77db:40b. Number of nodes 21
EtherApe-INFO: 17:49:29.824: New node: IPv6: fd70:fb35:5af0:0:3865:20bc:9b02:2444. Number of nodes 22
EtherApe-INFO: 17:49:31.871: New node: IP: 192.168.1.255. Number of nodes 23
EtherApe-INFO: 17:49:38.016: New node: IP: 192.168.0.149. Number of nodes 24
EtherApe-INFO: 17:49:38.016: New node: IP: 192.168.0.255. Number of nodes 25
EtherApe-INFO: 17:49:38.271: New node: IP: 8.8.8.8. Number of nodes 26
EtherApe-INFO: 17:49:40.837: delete node: IP: 34.213.92.18. Number of nodes 25
EtherApe-INFO: 17:50:56.352: New node: IP: 34.213.92.18. Number of nodes 26
EtherApe-INFO: 17:50:56.353: New node: IP: 34.107.221.82. Number of nodes 27
EtherApe-INFO: 17:51:00.960: New node: IP: 192.168.0.1. Number of nodes 28
EtherApe-INFO: 17:51:09.967: delete node: IP: 149.154.167.223. Number of nodes 27
EtherApe-INFO: 17:51:22.975: New node: IP: 142.250.203.138. Number of nodes 28
EtherApe-INFO: 17:51:37.625: delete node: IP: 192.168.1.255. Number of nodes 27
EtherApe-INFO: 17:51:38.141: delete node: IP: 192.168.1.149. Number of nodes 26
EtherApe-INFO: 17:51:41.233: delete node: IP: 52.10.85.249. Number of nodes 25
EtherApe-INFO: 17:51:51.647: New node: IP: 54.186.7.43. Number of nodes 26
EtherApe-INFO: 17:51:52.159: New node: IPv6: fe80::86d8:1bff:fe8a:3173. Number of nodes 27
EtherApe-INFO: 17:52:04.191: New node: IP: 192.168.0.157. Number of nodes 28
EtherApe-INFO: 17:52:13.919: New node: IP: 149.154.167.223. Number of nodes 29
EtherApe-INFO: 17:52:31.379: delete node: IP: 192.168.0.239. Number of nodes 28
EtherApe-INFO: 17:52:36.447: New node: IP: 139.59.209.225. Number of nodes 29
EtherApe-INFO: 17:52:44.128: New node: IP: 142.250.203.206. Number of nodes 30
EtherApe-INFO: 17:52:53.088: New node: IP: 216.58.209.5. Number of nodes 31
EtherApe-INFO: 17:52:59.275: delete node: IPv6: fe80::6846:629d:77db:40b. Number of nodes 30
EtherApe-INFO: 17:52:59.275: delete node: IPv6: fd70:fb35:5af0:0:6846:629d:77db:40b. Number of nodes 29
EtherApe-INFO: 17:52:59.275: delete node: IPv6: fd70:fb35:5af0:0:3865:20bc:9b02:2444. Number of nodes 28
EtherApe-INFO: 17:52:59.275: delete node: IPv6: fd70:fb35:5af0::a69. Number of nodes 27
EtherApe-INFO: 17:53:14.118: delete node: IP: 224.0.0.252. Number of nodes 26
EtherApe-INFO: 17:53:14.118: delete node: IP: 172.217.16.42. Number of nodes 25
EtherApe-INFO: 17:53:16.180: delete node: IP: 192.168.0.255. Number of nodes 24
EtherApe-INFO: 17:53:16.180: delete node: IP: 192.168.0.149. Number of nodes 23
EtherApe-INFO: 17:53:22.045: delete node: IP: 216.58.208.202. Number of nodes 22
EtherApe-INFO: 17:53:52.297: delete node: IPv6: ff02::1. Number of nodes 21
EtherApe-INFO: 17:53:52.297: delete node: IPv6: fe80::86d8:1bff:fe8a:3173. Number of nodes 20
EtherApe-INFO: 17:54:09.631: New node: IP: 172.217.20.170. Number of nodes 21
EtherApe-INFO: 17:54:18.162: delete node: IP: 255.255.255.255. Number of nodes 20
EtherApe-INFO: 17:54:18.162: delete node: IP: 192.168.0.1. Number of nodes 19
EtherApe-INFO: 17:54:18.162: delete node: IP: 0.0.0.0. Number of nodes 18
EtherApe-INFO: 17:54:29.856: New node: IP: 52.40.171.113. Number of nodes 19
EtherApe-INFO: 17:54:41.180: delete node: IP: 34.213.92.18. Number of nodes 18
EtherApe-INFO: 17:54:44.703: New node: IP: 104.18.12.33. Number of nodes 19
EtherApe-INFO: 17:54:46.751: New node: IP: 104.18.6.240. Number of nodes 20
EtherApe-INFO: 17:54:54.273: delete node: IP: 54.186.7.43. Number of nodes 19
EtherApe-INFO: 17:54:56.027: delete node: IP: 149.154.167.223. Number of nodes 18
EtherApe-INFO: 17:54:58.016: New node: IP: 54.192.231.20. Number of nodes 19
EtherApe-INFO: 17:54:58.016: New node: IP: 108.138.24.186. Number of nodes 20
EtherApe-INFO: 17:55:32.575: New node: IP: 149.154.167.223. Number of nodes 21
EtherApe-INFO: 17:56:10.046: delete node: IP: 172.217.20.170. Number of nodes 20
EtherApe-INFO: 17:56:14.887: delete node: IP: 34.107.221.82. Number of nodes 19
EtherApe-INFO: 17:56:41.695: New node: IP: 192.168.0.1. Number of nodes 20
EtherApe-INFO: 17:56:44.767: New node: IP: 1.1.1.1. Number of nodes 21
EtherApe-INFO: 17:57:18.303: New node: IP: 149.154.175.100. Number of nodes 22
EtherApe-INFO: 17:57:26.240: New node: IP: 149.154.167.92. Number of nodes 23
EtherApe-INFO: 17:57:32.689: delete node: IP: 139.59.209.225. Number of nodes 22
EtherApe-INFO: 17:57:34.176: New node: IP: 91.108.56.145. Number of nodes 23
EtherApe-INFO: 17:57:35.785: delete node: IP: 142.250.203.206. Number of nodes 22
EtherApe-INFO: 17:57:38.271: New node: IP: 149.154.167.91. Number of nodes 23
EtherApe-INFO: 17:57:40.063: New node: IP: 34.213.92.18. Number of nodes 24
EtherApe-INFO: 17:57:42.367: New node: IP: 149.154.175.57. Number of nodes 25
EtherApe-INFO: 17:57:42.367: New node: IP: 149.154.175.54. Number of nodes 26
EtherApe-INFO: 17:57:43.903: New node: IP: 192.168.1.1. Number of nodes 27
EtherApe-INFO: 17:57:43.903: New node: IP: 192.168.1.255. Number of nodes 28
EtherApe-INFO: 17:57:44.680: delete node: IP: 216.58.209.5. Number of nodes 27
EtherApe-INFO: 17:57:46.207: New node: IP: 91.108.56.188. Number of nodes 28
EtherApe-INFO: 17:57:47.792: delete node: IP: 149.154.167.223. Number of nodes 27
EtherApe-INFO: 17:57:54.399: New node: IP: 149.154.175.50. Number of nodes 28
EtherApe-INFO: 17:58:28.988: delete node: IP: 192.168.0.157. Number of nodes 27
EtherApe-INFO: 17:58:43.295: New node: IP: 0.0.0.0. Number of nodes 28
EtherApe-INFO: 17:58:43.295: New node: IP: 255.255.255.255. Number of nodes 29
EtherApe-INFO: 17:58:47.411: delete node: IP: 108.138.24.186. Number of nodes 28
EtherApe-INFO: 17:58:50.496: delete node: IP: 52.40.171.113. Number of nodes 27
EtherApe-INFO: 17:58:56.863: New node: IPv6: fe80::86d8:1bff:fe8a:3173. Number of nodes 28
EtherApe-INFO: 17:58:56.863: New node: IPv6: ff02::1. Number of nodes 29
EtherApe-INFO: 17:59:02.817: delete node: IP: 192.168.0.1. Number of nodes 28
EtherApe-INFO: 17:59:06.079: New node: IP: 192.168.1.216. Number of nodes 29
EtherApe-INFO: 17:59:31.490: delete node: IP: 104.16.248.249. Number of nodes 28
EtherApe-INFO: 17:59:39.451: delete node: IP: 104.18.12.33. Number of nodes 27
EtherApe-INFO: 17:59:42.762: delete node: IP: 104.18.6.240. Number of nodes 26
EtherApe-INFO: 17:59:45.348: delete node: IP: 192.168.1.255. Number of nodes 25
EtherApe-INFO: 17:59:46.796: delete node: IP: 142.250.203.138. Number of nodes 24
EtherApe-INFO: 17:59:48.144: delete node: IP: 172.217.16.35. Number of nodes 23
EtherApe-INFO: 17:59:53.517: delete node: IP: 54.192.231.20. Number of nodes 22
EtherApe-INFO: 18:00:03.230: delete node: IP: 35.186.227.140. Number of nodes 21
EtherApe-INFO: 18:00:05.295: delete node: IP: 34.213.92.18. Number of nodes 20
EtherApe-INFO: 18:00:59.751: delete node: IP: 192.168.0.216. Number of nodes 19
EtherApe-INFO: 18:01:06.243: delete node: IP: 255.255.255.255. Number of nodes 18
EtherApe-INFO: 18:01:06.243: delete node: IP: 0.0.0.0. Number of nodes 17
EtherApe-INFO: 18:01:28.986: delete node: IPv6: ff02::1. Number of nodes 16
EtherApe-INFO: 18:01:28.986: delete node: IPv6: fe80::86d8:1bff:fe8a:3173. Number of nodes 15
EtherApe-INFO: 18:03:56.129: delete node: IP: 193.147.152.106. Number of nodes 14
EtherApe-INFO: 18:06:03.872: New node: IP: 192.168.1.255. Number of nodes 15
EtherApe-INFO: 18:06:41.247: New node: IP: 0.0.0.0. Number of nodes 16
EtherApe-INFO: 18:06:41.247: New node: IP: 255.255.255.255. Number of nodes 17
EtherApe-INFO: 18:06:54.303: New node: IPv6: fe80::86d8:1bff:fe8a:3173. Number of nodes 18
EtherApe-INFO: 18:06:54.303: New node: IPv6: ff02::1. Number of nodes 19
EtherApe-INFO: 18:08:05.235: delete node: IP: 192.168.1.255. Number of nodes 18
EtherApe-INFO: 18:08:41.380: delete node: IP: 255.255.255.255. Number of nodes 17
EtherApe-INFO: 18:08:41.380: delete node: IP: 0.0.0.0. Number of nodes 16
EtherApe-INFO: 18:09:01.535: New node: IP: 192.168.1.255. Number of nodes 17
EtherApe-INFO: 18:09:33.791: New node: IP: 0.0.0.0. Number of nodes 18
EtherApe-INFO: 18:09:33.791: New node: IP: 255.255.255.255. Number of nodes 19
EtherApe-INFO: 18:11:02.920: delete node: IP: 192.168.1.255. Number of nodes 18
EtherApe-INFO: 18:12:15.407: delete node: IP: 255.255.255.255. Number of nodes 17
EtherApe-INFO: 18:12:15.407: delete node: IP: 0.0.0.0. Number of nodes 16
EtherApe-INFO: 18:12:41.194: delete node: IPv6: ff02::1. Number of nodes 15
EtherApe-INFO: 18:12:41.194: delete node: IPv6: fe80::86d8:1bff:fe8a:3173. Number of nodes 14
EtherApe-INFO: 18:16:51.807: New node: IP: 192.168.1.255. Number of nodes 15
EtherApe-INFO: 18:17:29.184: New node: IP: 0.0.0.0. Number of nodes 16
EtherApe-INFO: 18:17:29.184: New node: IP: 255.255.255.255. Number of nodes 17
EtherApe-INFO: 18:19:03.235: delete node: IP: 192.168.1.255. Number of nodes 16
EtherApe-INFO: 18:19:36.447: delete node: IP: 149.154.167.92. Number of nodes 15
EtherApe-INFO: 18:19:48.264: delete node: IP: 149.154.175.100. Number of nodes 14
EtherApe-INFO: 18:19:48.264: delete node: IP: 149.154.167.91. Number of nodes 13
EtherApe-INFO: 18:19:48.264: delete node: IP: 91.108.56.145. Number of nodes 12
EtherApe-INFO: 18:19:50.304: delete node: IP: 149.154.175.54. Number of nodes 11
EtherApe-INFO: 18:19:57.433: delete node: IP: 149.154.175.57. Number of nodes 10
EtherApe-INFO: 18:19:57.433: delete node: IP: 149.154.175.50. Number of nodes 9
EtherApe-INFO: 18:19:57.433: delete node: IP: 149.154.167.51. Number of nodes 8
EtherApe-INFO: 18:19:57.433: delete node: IP: 149.154.167.50. Number of nodes 7
EtherApe-INFO: 18:19:57.433: delete node: IP: 91.108.56.188. Number of nodes 6
EtherApe-INFO: 18:19:57.433: delete node: IP: 1.1.1.1. Number of nodes 5
EtherApe-INFO: 18:19:58.248: delete node: IP: 192.168.1.216. Number of nodes 4
EtherApe-INFO: 18:19:58.248: delete node: IP: 192.168.1.1. Number of nodes 3
EtherApe-INFO: 18:19:58.248: delete node: IP: 8.8.8.8. Number of nodes 2
