(etherape:2813): GLib-GIO-DEBUG: 13:51:05.905: _g_io_module_get_default: Found default implementation local (GLocalVfs) for ‘gio-vfs’
(etherape:2813): GLib-GIO-DEBUG: 13:51:06.068: Using cross-namespace EXTERNAL authentication (this will deadlock if server is GDBus < 2.73.3)
EtherApe-INFO: 13:51:06.139: sctp protocol not supported
EtherApe-INFO: 13:51:06.139: dccp protocol not supported
EtherApe-INFO: 13:51:06.139: sctp protocol not supported
EtherApe-INFO: 13:51:06.139: sctp protocol not supported
EtherApe-INFO: 13:51:06.139: sctp protocol not supported
EtherApe-INFO: 13:51:06.139: sctp protocol not supported
EtherApe-INFO: 13:51:06.140: sctp protocol not supported
EtherApe-INFO: 13:51:06.140: sctp protocol not supported
EtherApe-INFO: 13:51:06.140: sctp protocol not supported
EtherApe-INFO: 13:51:06.140: dccp protocol not supported
EtherApe-INFO: 13:51:06.140: sctp protocol not supported
EtherApe-INFO: 13:51:06.140: dccp protocol not supported
EtherApe-INFO: 13:51:06.140: dccp protocol not supported
EtherApe-INFO: 13:51:06.141: sctp protocol not supported
EtherApe-INFO: 13:51:06.141: sctp protocol not supported
EtherApe-INFO: 13:51:06.141: sctp protocol not supported
EtherApe-INFO: 13:51:06.142: sctp protocol not supported
EtherApe-INFO: 13:51:06.142: sctp protocol not supported
EtherApe-INFO: 13:51:06.143: sctp protocol not supported
EtherApe-INFO: 13:51:06.143: sctp protocol not supported
EtherApe-INFO: 13:51:06.143: sctp protocol not supported
EtherApe-INFO: 13:51:06.143: sctp protocol not supported
EtherApe-INFO: 13:51:06.143: sctp protocol not supported
EtherApe-INFO: 13:51:06.143: sctp protocol not supported
EtherApe-INFO: 13:51:06.144: sctp protocol not supported
EtherApe-INFO: 13:51:06.144: sctp protocol not supported
EtherApe-INFO: 13:51:06.144: sctp protocol not supported
EtherApe-INFO: 13:51:06.144: sctp protocol not supported
EtherApe-INFO: 13:51:06.144: dccp protocol not supported
EtherApe-INFO: 13:51:06.144: sctp protocol not supported
EtherApe-INFO: 13:51:06.144: sctp protocol not supported
EtherApe-INFO: 13:51:06.144: dccp protocol not supported
EtherApe-INFO: 13:51:06.145: sctp protocol not supported
EtherApe-INFO: 13:51:06.145: sctp protocol not supported
EtherApe-INFO: 13:51:06.145: sctp protocol not supported
EtherApe-INFO: 13:51:06.145: dccp protocol not supported
EtherApe-INFO: 13:51:06.145: dccp protocol not supported
EtherApe-INFO: 13:51:06.145: sctp protocol not supported
EtherApe-INFO: 13:51:06.145: sctp protocol not supported
EtherApe-INFO: 13:51:06.145: sctp protocol not supported
EtherApe-INFO: 13:51:06.145: sctp protocol not supported
EtherApe-INFO: 13:51:06.145: sctp protocol not supported
EtherApe-INFO: 13:51:06.145: sctp protocol not supported
EtherApe-INFO: 13:51:06.145: sctp protocol not supported
EtherApe-INFO: 13:51:06.145: sctp protocol not supported
EtherApe-INFO: 13:51:06.145: sctp protocol not supported
EtherApe-INFO: 13:51:06.145: sctp protocol not supported
EtherApe-INFO: 13:51:06.145: sctp protocol not supported
EtherApe-INFO: 13:51:06.145: sctp protocol not supported
EtherApe-INFO: 13:51:06.145: sctp protocol not supported
EtherApe-INFO: 13:51:06.145: sctp protocol not supported
EtherApe-INFO: 13:51:06.145: sctp protocol not supported
EtherApe-INFO: 13:51:06.145: sctp protocol not supported
EtherApe-INFO: 13:51:06.145: sctp protocol not supported
EtherApe-INFO: 13:51:06.145: sctp protocol not supported
EtherApe-INFO: 13:51:06.146: sctp protocol not supported
EtherApe-INFO: 13:51:06.146: sctp protocol not supported
EtherApe-INFO: 13:51:06.146: dccp protocol not supported
EtherApe-INFO: 13:51:06.146: sctp protocol not supported
EtherApe-INFO: 13:51:06.146: sctp protocol not supported
EtherApe-INFO: 13:51:06.146: sctp protocol not supported
EtherApe-INFO: 13:51:06.146: sctp protocol not supported
EtherApe-INFO: 13:51:06.146: sctp protocol not supported
EtherApe-INFO: 13:51:06.146: sctp protocol not supported
EtherApe-INFO: 13:51:06.146: sctp protocol not supported
EtherApe-INFO: 13:51:06.146: sctp protocol not supported
EtherApe-INFO: 13:51:06.146: sctp protocol not supported
EtherApe-INFO: 13:51:06.146: sctp protocol not supported
EtherApe-INFO: 13:51:06.147: sctp protocol not supported
EtherApe-INFO: 13:51:06.147: sctp protocol not supported
EtherApe-INFO: 13:51:06.147: sctp protocol not supported
EtherApe-INFO: 13:51:06.147: sctp protocol not supported
EtherApe-INFO: 13:51:06.147: sctp protocol not supported
EtherApe-INFO: 13:51:06.147: sctp protocol not supported
EtherApe-INFO: 13:51:06.147: sctp protocol not supported
EtherApe-INFO: 13:51:06.147: sctp protocol not supported
EtherApe-INFO: 13:51:06.147: sctp protocol not supported
EtherApe-INFO: 13:51:06.147: sctp protocol not supported
EtherApe-INFO: 13:51:06.147: sctp protocol not supported
EtherApe-INFO: 13:51:06.147: sctp protocol not supported
EtherApe-INFO: 13:51:06.147: sctp protocol not supported
EtherApe-INFO: 13:51:06.147: sctp protocol not supported
EtherApe-INFO: 13:51:06.147: sctp protocol not supported
EtherApe-INFO: 13:51:06.147: sctp protocol not supported
EtherApe-INFO: 13:51:06.147: sctp protocol not supported
EtherApe-INFO: 13:51:06.147: sctp protocol not supported
EtherApe-INFO: 13:51:06.147: sctp protocol not supported
EtherApe-INFO: 13:51:06.147: sctp protocol not supported
EtherApe-INFO: 13:51:06.148: sctp protocol not supported
EtherApe-INFO: 13:51:06.148: sctp protocol not supported
EtherApe-INFO: 13:51:06.148: sctp protocol not supported
EtherApe-INFO: 13:51:06.148: sctp protocol not supported
EtherApe-INFO: 13:51:06.148: sctp protocol not supported
EtherApe-INFO: 13:51:06.148: sctp protocol not supported
EtherApe-INFO: 13:51:06.158: get_interface result: ''
EtherApe-INFO: 13:51:06.158: Available interfaces for capture: dbus-session dbus-system nfqueue nflog bluetooth-monitor bluetooth0 lo any wlp2s0
EtherApe-INFO: 13:51:06.158: Link type is LINUX_SLL
EtherApe-INFO: 13:51:06.159: Diagram started
EtherApe-INFO: 13:51:06.923: New node: IP: 192.168.1.249. Number of nodes 1
EtherApe-INFO: 13:51:06.923: New node: IP: 217.138.198.227. Number of nodes 2
EtherApe-INFO: 13:51:07.692: New node: IP: 104.17.49.74. Number of nodes 3
EtherApe-INFO: 13:51:07.693: New node: IP: 35.241.9.150. Number of nodes 4
EtherApe-INFO: 13:51:07.693: New node: IP: 34.160.144.191. Number of nodes 5
EtherApe-INFO: 13:51:07.695: New node: IP: 34.107.141.31. Number of nodes 6
EtherApe-INFO: 13:51:07.695: New node: IP: 172.64.106.28. Number of nodes 7
EtherApe-INFO: 13:51:07.950: New node: IP: 149.154.175.211. Number of nodes 8
EtherApe-INFO: 13:51:07.950: New node: IP: 149.154.167.50. Number of nodes 9
EtherApe-INFO: 13:51:08.459: New node: IP: 9.9.9.9. Number of nodes 10
EtherApe-INFO: 13:51:08.717: New node: IP: 172.64.107.28. Number of nodes 11
EtherApe-INFO: 13:51:08.972: New node: IP: 34.107.221.82. Number of nodes 12
EtherApe-INFO: 13:51:09.484: New node: IP: 93.184.220.29. Number of nodes 13
EtherApe-INFO: 13:51:09.741: New node: IP: 34.120.208.123. Number of nodes 14
EtherApe-INFO: 13:51:09.742: New node: IP: 104.18.13.33. Number of nodes 15
EtherApe-INFO: 13:51:09.995: New node: IP: 87.245.216.107. Number of nodes 16
EtherApe-INFO: 13:51:10.507: New node: IP: 104.22.33.83. Number of nodes 17
EtherApe-INFO: 13:51:10.508: New node: IP: 35.186.227.140. Number of nodes 18
EtherApe-INFO: 13:51:10.508: New node: IP: 140.82.121.4. Number of nodes 19
EtherApe-INFO: 13:51:10.508: New node: IP: 104.17.183.52. Number of nodes 20
EtherApe-INFO: 13:51:10.508: New node: IP: 104.16.249.249. Number of nodes 21
EtherApe-INFO: 13:51:10.508: New node: IP: 18.66.112.24. Number of nodes 22
EtherApe-INFO: 13:51:10.764: New node: IP: 44.240.2.129. Number of nodes 23
EtherApe-INFO: 13:51:10.766: New node: IP: 54.200.142.81. Number of nodes 24
EtherApe-INFO: 13:51:11.021: New node: IP: 104.18.20.226. Number of nodes 25
EtherApe-INFO: 13:51:11.532: New node: IP: 216.58.215.69. Number of nodes 26
EtherApe-INFO: 13:51:12.555: New node: IP: 142.250.203.131. Number of nodes 27
EtherApe-INFO: 13:51:12.812: New node: IP: 8.8.8.8. Number of nodes 28
EtherApe-INFO: 13:51:13.581: New node: IP: 18.66.231.75. Number of nodes 29
EtherApe-INFO: 13:51:13.582: New node: IP: 3.234.27.238. Number of nodes 30
EtherApe-INFO: 13:51:15.627: New node: IP: 18.66.233.50. Number of nodes 31
EtherApe-INFO: 13:51:18.189: New node: IP: 149.154.167.41. Number of nodes 32
EtherApe-INFO: 13:51:18.700: New node: IP: 149.154.167.216. Number of nodes 33
EtherApe-INFO: 13:52:45.503: New node: IP: 37.187.104.44. Number of nodes 34
EtherApe-INFO: 13:53:10.894: delete node: IP: 44.240.2.129. Number of nodes 33
EtherApe-INFO: 13:53:11.104: delete node: IP: 54.200.142.81. Number of nodes 32
EtherApe-INFO: 13:53:12.961: delete node: IP: 8.8.8.8. Number of nodes 31
EtherApe-INFO: 13:53:34.458: delete node: IP: 149.154.167.216. Number of nodes 30
EtherApe-INFO: 13:53:44.115: New node: IP: 192.168.1.1. Number of nodes 31
EtherApe-INFO: 13:53:47.699: New node: IP: 8.8.8.8. Number of nodes 32
EtherApe-INFO: 13:53:47.699: New node: IP: 95.216.195.133. Number of nodes 33
EtherApe-INFO: 13:54:05.724: delete node: IP: 104.18.20.226. Number of nodes 32
EtherApe-INFO: 13:54:05.724: delete node: IP: 87.245.216.107. Number of nodes 31
EtherApe-INFO: 13:54:05.724: delete node: IP: 34.107.221.82. Number of nodes 30
EtherApe-INFO: 13:54:08.442: delete node: IP: 142.250.203.131. Number of nodes 29
EtherApe-INFO: 13:54:08.442: delete node: IP: 93.184.220.29. Number of nodes 28
EtherApe-INFO: 13:54:45.910: delete node: IP: 37.187.104.44. Number of nodes 27
EtherApe-INFO: 13:54:47.099: New node: IP: 89.187.191.12. Number of nodes 28
EtherApe-INFO: 13:54:47.100: New node: IP: 3.127.160.74. Number of nodes 29
EtherApe-INFO: 13:54:59.976: delete node: IP: 172.64.106.28. Number of nodes 28
EtherApe-INFO: 13:54:59.976: delete node: IP: 104.17.49.74. Number of nodes 27
EtherApe-INFO: 13:54:59.976: delete node: IP: 35.241.9.150. Number of nodes 26
EtherApe-INFO: 13:54:59.976: delete node: IP: 34.160.144.191. Number of nodes 25
EtherApe-INFO: 13:54:59.976: delete node: IP: 34.107.141.31. Number of nodes 24
EtherApe-INFO: 13:55:01.691: delete node: IP: 172.64.107.28. Number of nodes 23
EtherApe-INFO: 13:55:01.692: delete node: IP: 104.18.13.33. Number of nodes 22
EtherApe-INFO: 13:55:01.692: delete node: IP: 34.120.208.123. Number of nodes 21
EtherApe-INFO: 13:55:02.756: delete node: IP: 140.82.121.4. Number of nodes 20
EtherApe-INFO: 13:55:02.756: delete node: IP: 104.22.33.83. Number of nodes 19
EtherApe-INFO: 13:55:02.756: delete node: IP: 104.17.183.52. Number of nodes 18
EtherApe-INFO: 13:55:02.757: delete node: IP: 35.186.227.140. Number of nodes 17
EtherApe-INFO: 13:55:02.757: delete node: IP: 18.66.112.24. Number of nodes 16
EtherApe-INFO: 13:55:03.244: New node: IP: 149.154.167.216. Number of nodes 17
EtherApe-INFO: 13:55:03.741: delete node: IP: 216.58.215.69. Number of nodes 16
EtherApe-INFO: 13:55:05.536: delete node: IP: 18.66.231.75. Number of nodes 15
EtherApe-INFO: 13:55:05.857: delete node: IP: 3.234.27.238. Number of nodes 14
EtherApe-INFO: 13:55:07.869: delete node: IP: 18.66.233.50. Number of nodes 13
EtherApe-INFO: 13:55:09.876: New node: IP: 54.202.152.202. Number of nodes 14
EtherApe-INFO: 13:55:12.692: New node: IP: 95.216.144.15. Number of nodes 15
EtherApe-INFO: 13:55:15.251: New node: IP: 192.168.0.218. Number of nodes 16
EtherApe-INFO: 13:55:18.601: delete node: IP: 149.154.175.211. Number of nodes 15
EtherApe-INFO: 13:55:44.277: delete node: IP: 192.168.1.1. Number of nodes 14
EtherApe-INFO: 13:55:48.611: delete node: IP: 95.216.195.133. Number of nodes 13
EtherApe-INFO: 13:59:37.907: New node: IP: 0.0.0.0. Number of nodes 14
EtherApe-INFO: 13:59:37.907: New node: IP: 255.255.255.255. Number of nodes 15
EtherApe-INFO: 13:59:37.955: delete node: IP: 217.138.198.227. Number of nodes 14
EtherApe-INFO: 13:59:37.955: delete node: IP: 192.168.1.249. Number of nodes 13
EtherApe-INFO: 13:59:37.955: delete node: IP: 192.168.0.218. Number of nodes 12
EtherApe-INFO: 13:59:37.956: delete node: IP: 149.154.167.216. Number of nodes 11
EtherApe-INFO: 13:59:37.956: delete node: IP: 149.154.167.50. Number of nodes 10
EtherApe-INFO: 13:59:37.956: delete node: IP: 149.154.167.41. Number of nodes 9
EtherApe-INFO: 13:59:37.956: delete node: IP: 104.16.249.249. Number of nodes 8
EtherApe-INFO: 13:59:37.956: delete node: IP: 95.216.144.15. Number of nodes 7
EtherApe-INFO: 13:59:37.956: delete node: IP: 89.187.191.12. Number of nodes 6
EtherApe-INFO: 13:59:37.956: delete node: IP: 54.202.152.202. Number of nodes 5
EtherApe-INFO: 13:59:37.956: delete node: IP: 9.9.9.9. Number of nodes 4
EtherApe-INFO: 13:59:37.956: delete node: IP: 8.8.8.8. Number of nodes 3
EtherApe-INFO: 13:59:37.956: delete node: IP: 3.127.160.74. Number of nodes 2
EtherApe-INFO: 13:59:42.006: New node: IP: 192.168.1.1. Number of nodes 3
EtherApe-INFO: 13:59:42.007: New node: IP: 192.168.1.249. Number of nodes 4
EtherApe-INFO: 13:59:42.007: New node: IP: 9.9.9.9. Number of nodes 5
EtherApe-INFO: 13:59:42.007: New node: IP: 217.138.198.227. Number of nodes 6
EtherApe-INFO: 13:59:42.008: New node: IP: 149.154.175.100. Number of nodes 7
EtherApe-INFO: 13:59:42.008: New node: IP: 91.108.56.145. Number of nodes 8
EtherApe-INFO: 13:59:42.012: New node: IP: 149.154.167.41. Number of nodes 9
EtherApe-INFO: 13:59:42.012: New node: IP: 149.154.167.50. Number of nodes 10
EtherApe-INFO: 13:59:42.260: New node: IP: 95.216.195.133. Number of nodes 11
EtherApe-INFO: 13:59:44.837: New node: IP: 192.168.0.218. Number of nodes 12
EtherApe-INFO: 13:59:57.620: New node: IP: 149.154.167.216. Number of nodes 13
EtherApe-INFO: 14:02:00.010: delete node: IP: 192.168.1.1. Number of nodes 12
EtherApe-INFO: 14:02:00.010: delete node: IP: 149.154.175.100. Number of nodes 11
EtherApe-INFO: 14:02:00.010: delete node: IP: 149.154.167.50. Number of nodes 10
EtherApe-INFO: 14:02:00.010: delete node: IP: 95.216.195.133. Number of nodes 9
EtherApe-INFO: 14:02:00.010: delete node: IP: 91.108.56.145. Number of nodes 8
EtherApe-INFO: 14:02:00.010: delete node: IP: 9.9.9.9. Number of nodes 7
EtherApe-INFO: 14:02:05.107: New node: IP: 192.168.1.1. Number of nodes 8
EtherApe-INFO: 14:02:05.108: New node: IP: 9.9.9.9. Number of nodes 9
EtherApe-INFO: 14:02:05.108: New node: IP: 149.154.167.50. Number of nodes 10
EtherApe-INFO: 14:02:05.364: New node: IP: 95.216.195.133. Number of nodes 11
EtherApe-INFO: 14:02:09.465: New node: IP: 149.154.175.211. Number of nodes 12
EtherApe-INFO: 14:02:11.576: delete node: IP: 192.168.0.218. Number of nodes 11
EtherApe-INFO: 14:03:46.995: New node: IP: 192.168.0.218. Number of nodes 12
EtherApe-INFO: 14:04:01.331: New node: IP: 104.17.49.74. Number of nodes 13
EtherApe-INFO: 14:04:01.589: New node: IP: 172.217.16.14. Number of nodes 14
EtherApe-INFO: 14:04:01.847: New node: IP: 172.64.106.28. Number of nodes 15
EtherApe-INFO: 14:04:03.124: New node: IP: 108.138.51.59. Number of nodes 16
EtherApe-INFO: 14:04:04.915: New node: IP: 63.33.228.172. Number of nodes 17
EtherApe-INFO: 14:04:05.174: New node: IP: 93.184.220.29. Number of nodes 18
EtherApe-INFO: 14:04:05.208: delete node: IP: 255.255.255.255. Number of nodes 17
EtherApe-INFO: 14:04:05.208: delete node: IP: 192.168.1.1. Number of nodes 16
EtherApe-INFO: 14:04:05.208: delete node: IP: 0.0.0.0. Number of nodes 15
EtherApe-INFO: 14:04:05.536: delete node: IP: 149.154.167.50. Number of nodes 14
EtherApe-INFO: 14:04:05.536: delete node: IP: 95.216.195.133. Number of nodes 13
EtherApe-INFO: 14:04:16.948: New node: IP: 192.168.0.1. Number of nodes 14
EtherApe-INFO: 14:04:16.949: New node: IP: 192.168.0.157. Number of nodes 15
EtherApe-INFO: 14:04:17.459: New node: IP: 3.127.160.74. Number of nodes 16
EtherApe-INFO: 14:04:17.459: New node: IP: 140.82.121.4. Number of nodes 17
EtherApe-INFO: 14:04:17.466: New node: IP: 3.122.47.55. Number of nodes 18
EtherApe-INFO: 14:04:17.469: New node: IP: 104.20.121.46. Number of nodes 19
EtherApe-INFO: 14:04:17.471: New node: IP: 54.170.196.176. Number of nodes 20
EtherApe-INFO: 14:04:17.471: New node: IP: 142.250.203.133. Number of nodes 21
EtherApe-INFO: 14:04:17.472: New node: IP: 172.64.147.123. Number of nodes 22
EtherApe-INFO: 14:04:17.472: New node: IP: 142.250.203.132. Number of nodes 23
EtherApe-INFO: 14:04:17.473: New node: IP: 142.250.203.142. Number of nodes 24
EtherApe-INFO: 14:04:17.722: New node: IP: 146.75.121.140. Number of nodes 25
EtherApe-INFO: 14:04:17.722: New node: IP: 62.182.19.39. Number of nodes 26
EtherApe-INFO: 14:04:17.722: New node: IP: 208.68.240.115. Number of nodes 27
EtherApe-INFO: 14:04:17.722: New node: IP: 104.18.14.117. Number of nodes 28
EtherApe-INFO: 14:04:17.723: New node: IP: 18.66.224.67. Number of nodes 29
EtherApe-INFO: 14:04:17.724: New node: IP: 104.198.63.0. Number of nodes 30
EtherApe-INFO: 14:04:17.724: New node: IP: 95.217.163.246. Number of nodes 31
EtherApe-INFO: 14:04:17.724: New node: IP: 207.241.224.2. Number of nodes 32
EtherApe-INFO: 14:04:17.724: New node: IP: 34.107.134.59. Number of nodes 33
EtherApe-INFO: 14:04:17.724: New node: IP: 104.21.30.137. Number of nodes 34
EtherApe-INFO: 14:04:17.725: New node: IP: 172.64.155.91. Number of nodes 35
EtherApe-INFO: 14:04:17.730: New node: IP: 104.16.100.56. Number of nodes 36
EtherApe-INFO: 14:04:17.732: New node: IP: 91.198.174.192. Number of nodes 37
EtherApe-INFO: 14:04:17.735: New node: IP: 134.213.70.247. Number of nodes 38
EtherApe-INFO: 14:04:17.735: New node: IP: 74.208.236.134. Number of nodes 39
EtherApe-INFO: 14:04:17.735: New node: IP: 52.205.65.151. Number of nodes 40
EtherApe-INFO: 14:04:17.735: New node: IP: 139.59.209.225. Number of nodes 41
EtherApe-INFO: 14:04:17.735: New node: IP: 108.138.51.81. Number of nodes 42
EtherApe-INFO: 14:04:17.738: New node: IP: 104.17.32.82. Number of nodes 43
EtherApe-INFO: 14:04:17.738: New node: IP: 104.21.60.220. Number of nodes 44
EtherApe-INFO: 14:04:17.743: New node: IP: 146.75.122.49. Number of nodes 45
EtherApe-INFO: 14:04:17.975: New node: IP: 95.216.144.15. Number of nodes 46
EtherApe-INFO: 14:04:17.977: New node: IP: 135.181.27.174. Number of nodes 47
EtherApe-INFO: 14:04:17.982: New node: IP: 2.21.173.112. Number of nodes 48
EtherApe-INFO: 14:04:17.982: New node: IP: 172.217.16.46. Number of nodes 49
EtherApe-INFO: 14:04:17.982: New node: IP: 104.26.14.42. Number of nodes 50
EtherApe-INFO: 14:04:17.985: New node: IP: 146.75.122.209. Number of nodes 51
EtherApe-INFO: 14:04:17.992: New node: IP: 198.100.158.213. Number of nodes 52
EtherApe-INFO: 14:04:17.992: New node: IP: 95.100.104.25. Number of nodes 53
EtherApe-INFO: 14:04:17.994: New node: IP: 128.149.125.102. Number of nodes 54
EtherApe-INFO: 14:04:17.994: New node: IP: 172.96.191.233. Number of nodes 55
EtherApe-INFO: 14:04:18.229: New node: IP: 104.18.10.173. Number of nodes 56
EtherApe-INFO: 14:04:18.229: New node: IP: 173.255.236.65. Number of nodes 57
EtherApe-INFO: 14:04:18.230: New node: IP: 23.7.17.218. Number of nodes 58
EtherApe-INFO: 14:04:18.232: New node: IP: 162.159.153.4. Number of nodes 59
EtherApe-INFO: 14:04:18.232: New node: IP: 104.20.191.42. Number of nodes 60
EtherApe-INFO: 14:04:18.232: New node: IP: 151.101.193.69. Number of nodes 61
EtherApe-INFO: 14:04:18.232: New node: IP: 5.9.56.12. Number of nodes 62
EtherApe-INFO: 14:04:18.235: New node: IP: 185.199.108.153. Number of nodes 63
EtherApe-INFO: 14:04:18.236: New node: IP: 34.107.221.82. Number of nodes 64
EtherApe-INFO: 14:04:18.236: New node: IP: 93.190.126.75. Number of nodes 65
EtherApe-INFO: 14:04:18.236: New node: IP: 146.75.122.133. Number of nodes 66
EtherApe-INFO: 14:04:18.749: New node: IP: 142.250.203.131. Number of nodes 67
EtherApe-INFO: 14:04:19.253: New node: IP: 18.66.233.34. Number of nodes 68
EtherApe-INFO: 14:04:19.258: New node: IP: 192.124.249.22. Number of nodes 69
EtherApe-INFO: 14:04:19.536: New node: IP: 217.160.0.216. Number of nodes 70
EtherApe-INFO: 14:04:20.572: New node: IP: 216.58.209.3. Number of nodes 71
EtherApe-INFO: 14:04:20.572: New node: IP: 216.58.215.106. Number of nodes 72
EtherApe-INFO: 14:04:21.308: New node: IP: 172.64.155.188. Number of nodes 73
EtherApe-INFO: 14:04:22.581: New node: IP: 108.138.50.66. Number of nodes 74
EtherApe-INFO: 14:04:24.376: New node: IP: 8.8.8.8. Number of nodes 75
EtherApe-INFO: 14:04:24.887: New node: IP: 104.16.249.249. Number of nodes 76
EtherApe-INFO: 14:04:25.195: delete node: IP: 149.154.175.211. Number of nodes 75
EtherApe-INFO: 14:04:28.253: New node: IP: 23.7.69.101. Number of nodes 76
EtherApe-INFO: 14:04:29.241: New node: IP: 185.199.108.154. Number of nodes 77
EtherApe-INFO: 14:04:29.750: New node: IP: 185.199.108.133. Number of nodes 78
EtherApe-INFO: 14:04:29.760: New node: IP: 185.199.109.133. Number of nodes 79
EtherApe-INFO: 14:04:31.807: New node: IP: 142.250.203.138. Number of nodes 80
EtherApe-INFO: 14:04:31.807: New node: IP: 216.58.208.214. Number of nodes 81
EtherApe-INFO: 14:04:34.027: New node: IP: 185.199.110.133. Number of nodes 82
EtherApe-INFO: 14:04:34.492: New node: IP: 172.217.16.10. Number of nodes 83
EtherApe-INFO: 14:04:34.788: New node: IP: 172.217.16.1. Number of nodes 84
EtherApe-INFO: 14:04:34.789: New node: IP: 142.250.203.195. Number of nodes 85
EtherApe-INFO: 14:04:34.790: New node: IP: 172.217.16.35. Number of nodes 86
EtherApe-INFO: 14:04:35.109: New node: IP: 176.122.113.12. Number of nodes 87
EtherApe-INFO: 14:04:38.863: New node: IP: 1.1.1.1. Number of nodes 88
EtherApe-INFO: 14:04:42.429: New node: IP: 108.138.46.56. Number of nodes 89
EtherApe-INFO: 14:04:43.221: New node: IP: 108.138.51.16. Number of nodes 90
EtherApe-INFO: 14:04:43.768: New node: IP: 142.250.203.206. Number of nodes 91
EtherApe-INFO: 14:04:43.989: New node: IP: 23.203.233.61. Number of nodes 92
EtherApe-INFO: 14:04:43.991: New node: IP: 18.66.234.116. Number of nodes 93
EtherApe-INFO: 14:04:46.297: New node: IP: 104.16.149.64. Number of nodes 94
EtherApe-INFO: 14:04:46.299: New node: IP: 45.57.91.1. Number of nodes 95
EtherApe-INFO: 14:04:48.367: New node: IP: 91.198.174.208. Number of nodes 96
EtherApe-INFO: 14:04:48.373: New node: IP: 193.164.229.51. Number of nodes 97
EtherApe-INFO: 14:04:48.583: New node: IP: 193.34.169.9. Number of nodes 98
EtherApe-INFO: 14:04:48.921: New node: IP: 216.58.208.202. Number of nodes 99
EtherApe-INFO: 14:04:49.437: New node: IP: 104.17.183.52. Number of nodes 100
EtherApe-INFO: 14:04:49.627: New node: IP: 18.66.233.81. Number of nodes 101
EtherApe-INFO: 14:04:51.144: New node: IP: 104.16.89.20. Number of nodes 102
EtherApe-INFO: 14:04:51.404: New node: IP: 69.16.175.42. Number of nodes 103
EtherApe-INFO: 14:04:52.933: New node: IP: 35.244.234.223. Number of nodes 104
EtherApe-INFO: 14:04:53.226: New node: IP: 104.17.25.14. Number of nodes 105
EtherApe-INFO: 14:04:53.476: New node: IP: 192.0.77.2. Number of nodes 106
EtherApe-INFO: 14:04:54.011: New node: IP: 108.138.51.104. Number of nodes 107
EtherApe-INFO: 14:04:54.212: New node: IP: 18.66.233.27. Number of nodes 108
EtherApe-INFO: 14:04:54.227: New node: IP: 104.16.122.175. Number of nodes 109
EtherApe-INFO: 14:04:55.038: New node: IP: 13.107.238.44. Number of nodes 110
EtherApe-INFO: 14:04:55.045: New node: IP: 208.254.38.81. Number of nodes 111
EtherApe-INFO: 14:04:55.045: New node: IP: 23.55.248.155. Number of nodes 112
EtherApe-INFO: 14:04:55.045: New node: IP: 23.55.248.156. Number of nodes 113
EtherApe-INFO: 14:04:55.251: New node: IP: 104.18.23.52. Number of nodes 114
EtherApe-INFO: 14:04:55.256: New node: IP: 104.22.70.197. Number of nodes 115
EtherApe-INFO: 14:04:55.747: New node: IP: 23.7.25.210. Number of nodes 116
EtherApe-INFO: 14:04:56.264: New node: IP: 20.191.47.17. Number of nodes 117
EtherApe-INFO: 14:04:56.559: New node: IP: 95.100.104.24. Number of nodes 118
EtherApe-INFO: 14:04:56.593: New node: IP: 104.18.32.68. Number of nodes 119
EtherApe-INFO: 14:04:58.090: New node: IP: 108.138.50.112. Number of nodes 120
EtherApe-INFO: 14:04:58.090: New node: IP: 104.17.210.204. Number of nodes 121
EtherApe-INFO: 14:04:58.094: New node: IP: 104.17.186.73. Number of nodes 122
EtherApe-INFO: 14:04:58.592: New node: IP: 18.66.233.66. Number of nodes 123
EtherApe-INFO: 14:04:59.090: New node: IP: 23.7.20.242. Number of nodes 124
EtherApe-INFO: 14:04:59.710: New node: IP: 151.101.65.69. Number of nodes 125
EtherApe-INFO: 14:05:00.657: New node: IP: 95.100.104.33. Number of nodes 126
EtherApe-INFO: 14:05:01.677: New node: IP: 108.138.50.58. Number of nodes 127
EtherApe-INFO: 14:05:02.960: New node: IP: 149.154.175.211. Number of nodes 128
EtherApe-INFO: 14:05:05.467: New node: IP: 146.75.120.193. Number of nodes 129
EtherApe-INFO: 14:05:06.241: New node: IP: 108.138.47.59. Number of nodes 130
EtherApe-INFO: 14:05:07.130: New node: IP: 45.79.178.210. Number of nodes 131
EtherApe-INFO: 14:05:07.149: New node: IP: 176.122.96.225. Number of nodes 132
EtherApe-INFO: 14:05:08.030: New node: IP: 192.0.73.2. Number of nodes 133
EtherApe-INFO: 14:05:09.069: New node: IP: 216.58.215.110. Number of nodes 134
EtherApe-INFO: 14:05:09.311: New node: IP: 176.122.113.78. Number of nodes 135
EtherApe-INFO: 14:05:11.414: New node: IP: 34.198.172.95. Number of nodes 136
EtherApe-INFO: 14:05:13.915: New node: IP: 130.14.29.110. Number of nodes 137
EtherApe-INFO: 14:05:19.035: New node: IP: 104.21.75.3. Number of nodes 138
EtherApe-INFO: 14:05:19.043: New node: IP: 142.250.203.129. Number of nodes 139
EtherApe-INFO: 14:05:19.597: New node: IP: 207.241.239.241. Number of nodes 140
EtherApe-INFO: 14:05:19.605: New node: IP: 52.218.88.139. Number of nodes 141
EtherApe-INFO: 14:05:19.823: New node: IP: 192.124.249.23. Number of nodes 142
EtherApe-INFO: 14:05:20.961: New node: IP: 104.18.19.132. Number of nodes 143
EtherApe-INFO: 14:05:21.405: New node: IP: 104.20.151.16. Number of nodes 144
EtherApe-INFO: 14:05:22.382: New node: IP: 108.138.51.128. Number of nodes 145
EtherApe-INFO: 14:05:22.620: New node: IP: 104.18.22.126. Number of nodes 146
EtherApe-INFO: 14:05:22.621: New node: IP: 172.67.31.229. Number of nodes 147
EtherApe-INFO: 14:05:23.677: New node: IP: 216.58.215.78. Number of nodes 148
EtherApe-INFO: 14:05:23.946: New node: IP: 173.194.189.155. Number of nodes 149
EtherApe-INFO: 14:05:23.951: New node: IP: 18.66.231.225. Number of nodes 150
EtherApe-INFO: 14:05:25.699: New node: IP: 198.175.96.207. Number of nodes 151
EtherApe-INFO: 14:05:26.212: New node: IP: 104.17.211.204. Number of nodes 152
EtherApe-INFO: 14:05:27.049: New node: IP: 18.66.233.30. Number of nodes 153
EtherApe-INFO: 14:05:32.093: New node: IP: 104.17.24.14. Number of nodes 154
EtherApe-INFO: 14:05:32.619: New node: IP: 108.138.53.154. Number of nodes 155
EtherApe-INFO: 14:05:33.371: New node: IP: 104.16.148.64. Number of nodes 156
EtherApe-INFO: 14:05:36.197: New node: IP: 18.66.233.116. Number of nodes 157
EtherApe-INFO: 14:05:37.774: New node: IP: 216.58.208.206. Number of nodes 158
EtherApe-INFO: 14:05:38.242: New node: IP: 104.17.185.73. Number of nodes 159
EtherApe-INFO: 14:05:39.273: New node: IP: 23.55.248.154. Number of nodes 160
EtherApe-INFO: 14:05:39.531: New node: IP: 108.138.50.217. Number of nodes 161
EtherApe-INFO: 14:05:41.354: New node: IP: 104.18.12.33. Number of nodes 162
EtherApe-INFO: 14:05:42.168: New node: IP: 172.217.16.45. Number of nodes 163
EtherApe-INFO: 14:05:49.143: delete node: IP: 149.154.167.216. Number of nodes 162
EtherApe-INFO: 14:05:51.062: New node: IP: 50.17.7.49. Number of nodes 163
EtherApe-INFO: 14:05:51.553: New node: IP: 140.82.114.26. Number of nodes 164
EtherApe-INFO: 14:05:51.814: New node: IP: 18.66.231.117. Number of nodes 165
EtherApe-INFO: 14:05:53.096: New node: IP: 207.241.227.137. Number of nodes 166
EtherApe-INFO: 14:05:54.985: New node: IP: 104.16.85.5. Number of nodes 167
EtherApe-INFO: 14:05:55.397: New node: IP: 95.100.104.6. Number of nodes 168
EtherApe-INFO: 14:05:55.397: New node: IP: 104.17.184.177. Number of nodes 169
EtherApe-INFO: 14:05:55.654: New node: IP: 146.75.120.134. Number of nodes 170
EtherApe-INFO: 14:05:55.684: New node: IP: 108.138.51.110. Number of nodes 171
EtherApe-INFO: 14:05:56.283: New node: IP: 142.250.203.193. Number of nodes 172
EtherApe-INFO: 14:05:56.508: New node: IP: 104.22.4.9. Number of nodes 173
EtherApe-INFO: 14:05:57.180: New node: IP: 193.34.168.232. Number of nodes 174
EtherApe-INFO: 14:05:57.707: New node: IP: 18.66.233.38. Number of nodes 175
EtherApe-INFO: 14:05:58.259: New node: IP: 184.86.145.17. Number of nodes 176
EtherApe-INFO: 14:06:00.307: New node: IP: 151.101.192.134. Number of nodes 177
EtherApe-INFO: 14:06:00.778: New node: IP: 104.22.5.9. Number of nodes 178
EtherApe-INFO: 14:06:02.358: New node: IP: 104.16.240.21. Number of nodes 179
EtherApe-INFO: 14:06:02.816: New node: IP: 23.48.229.93. Number of nodes 180
EtherApe-INFO: 14:06:05.630: New node: IP: 108.138.51.67. Number of nodes 181
EtherApe-INFO: 14:06:05.923: New node: IP: 104.18.6.185. Number of nodes 182
EtherApe-INFO: 14:06:07.697: New node: IP: 104.17.130.171. Number of nodes 183
EtherApe-INFO: 14:06:07.934: New node: IP: 104.17.239.204. Number of nodes 184
EtherApe-INFO: 14:06:08.715: New node: IP: 104.18.22.52. Number of nodes 185
EtherApe-INFO: 14:06:10.241: New node: IP: 104.18.33.40. Number of nodes 186
EtherApe-INFO: 14:06:11.075: New node: IP: 95.100.104.10. Number of nodes 187
EtherApe-INFO: 14:06:11.075: New node: IP: 172.217.16.16. Number of nodes 188
EtherApe-INFO: 14:06:11.079: New node: IP: 104.16.214.237. Number of nodes 189
EtherApe-INFO: 14:06:12.812: New node: IP: 146.75.120.84. Number of nodes 190
EtherApe-INFO: 14:06:16.195: New node: IP: 52.45.234.80. Number of nodes 191
EtherApe-INFO: 14:06:17.151: New node: IP: 149.154.167.92. Number of nodes 192
EtherApe-INFO: 14:06:17.153: New node: IP: 172.217.16.42. Number of nodes 193
EtherApe-INFO: 14:06:17.465: delete node: IP: 192.168.0.218. Number of nodes 192
EtherApe-INFO: 14:06:17.465: delete node: IP: 192.168.0.1. Number of nodes 191
EtherApe-INFO: 14:06:20.733: New node: IP: 146.75.121.208. Number of nodes 192
EtherApe-INFO: 14:06:24.319: New node: IP: 142.250.203.202. Number of nodes 193
EtherApe-INFO: 14:06:24.841: New node: IP: 216.58.215.74. Number of nodes 194
EtherApe-INFO: 14:06:28.038: delete node: IP: 5.9.56.12. Number of nodes 193
EtherApe-INFO: 14:06:29.589: delete node: IP: 192.168.0.157. Number of nodes 192
EtherApe-INFO: 14:06:31.991: delete node: IP: 63.33.228.172. Number of nodes 191
EtherApe-INFO: 14:06:34.984: delete node: IP: 185.199.109.133. Number of nodes 190
EtherApe-INFO: 14:06:36.453: delete node: IP: 185.199.110.133. Number of nodes 189
EtherApe-INFO: 14:06:39.006: delete node: IP: 34.107.134.59. Number of nodes 188
EtherApe-INFO: 14:06:39.676: New node: IP: 216.58.209.14. Number of nodes 189
EtherApe-INFO: 14:06:41.016: delete node: IP: 217.160.0.216. Number of nodes 188
EtherApe-INFO: 14:07:00.723: delete node: IP: 216.58.208.202. Number of nodes 187
EtherApe-INFO: 14:07:05.021: New node: IP: 192.168.1.1. Number of nodes 188
EtherApe-INFO: 14:07:05.276: New node: IP: 95.216.195.133. Number of nodes 189
EtherApe-INFO: 14:07:07.178: delete node: IP: 173.255.236.65. Number of nodes 188
EtherApe-INFO: 14:07:13.841: delete node: IP: 1.1.1.1. Number of nodes 187
EtherApe-INFO: 14:07:16.029: New node: IP: 18.66.15.46. Number of nodes 188
EtherApe-INFO: 14:07:18.639: delete node: IP: 149.154.175.211. Number of nodes 187
EtherApe-INFO: 14:07:23.321: delete node: IP: 104.17.186.73. Number of nodes 186
EtherApe-INFO: 14:07:23.321: delete node: IP: 104.16.122.175. Number of nodes 185
EtherApe-INFO: 14:07:23.840: delete node: IP: 208.254.38.81. Number of nodes 184
EtherApe-INFO: 14:07:23.840: delete node: IP: 104.17.210.204. Number of nodes 183
EtherApe-INFO: 14:07:24.299: delete node: IP: 151.101.65.69. Number of nodes 182
EtherApe-INFO: 14:07:24.299: delete node: IP: 95.100.104.33. Number of nodes 181
EtherApe-INFO: 14:07:27.363: delete node: IP: 104.21.60.220. Number of nodes 180
EtherApe-INFO: 14:07:32.545: delete node: IP: 216.58.215.110. Number of nodes 179
EtherApe-INFO: 14:07:37.536: delete node: IP: 45.57.91.1. Number of nodes 178
EtherApe-INFO: 14:07:38.443: delete node: IP: 104.21.75.3. Number of nodes 177
EtherApe-INFO: 14:07:40.618: delete node: IP: 130.14.29.110. Number of nodes 176
EtherApe-INFO: 14:07:41.456: delete node: IP: 104.20.151.16. Number of nodes 175
EtherApe-INFO: 14:07:41.457: delete node: IP: 104.17.32.82. Number of nodes 174
EtherApe-INFO: 14:07:41.783: delete node: IP: 172.67.31.229. Number of nodes 173
EtherApe-INFO: 14:07:43.451: delete node: IP: 104.18.19.132. Number of nodes 172
EtherApe-INFO: 14:07:43.733: delete node: IP: 104.18.22.126. Number of nodes 171
EtherApe-INFO: 14:07:44.824: delete node: IP: 198.100.158.213. Number of nodes 170
EtherApe-INFO: 14:07:47.585: delete node: IP: 216.58.208.214. Number of nodes 169
EtherApe-INFO: 14:07:48.904: delete node: IP: 52.218.88.139. Number of nodes 168
EtherApe-INFO: 14:07:50.097: delete node: IP: 104.17.185.73. Number of nodes 167
EtherApe-INFO: 14:07:51.685: delete node: IP: 104.16.89.20. Number of nodes 166
EtherApe-INFO: 14:07:51.685: delete node: IP: 45.79.178.210. Number of nodes 165
EtherApe-INFO: 14:07:54.204: delete node: IP: 50.17.7.49. Number of nodes 164
EtherApe-INFO: 14:07:55.578: delete node: IP: 208.68.240.115. Number of nodes 163
EtherApe-INFO: 14:07:55.578: delete node: IP: 18.66.231.117. Number of nodes 162
EtherApe-INFO: 14:07:57.893: delete node: IP: 35.244.234.223. Number of nodes 161
EtherApe-INFO: 14:07:58.786: delete node: IP: 142.250.203.193. Number of nodes 160
EtherApe-INFO: 14:07:58.786: delete node: IP: 142.250.203.129. Number of nodes 159
EtherApe-INFO: 14:07:59.590: delete node: IP: 3.122.47.55. Number of nodes 158
EtherApe-INFO: 14:08:00.437: delete node: IP: 104.18.14.117. Number of nodes 157
EtherApe-INFO: 14:08:01.224: delete node: IP: 104.22.5.9. Number of nodes 156
EtherApe-INFO: 14:08:01.696: delete node: IP: 104.17.184.177. Number of nodes 155
EtherApe-INFO: 14:08:02.413: delete node: IP: 104.17.25.14. Number of nodes 154
EtherApe-INFO: 14:08:03.131: New node: IP: 149.154.167.216. Number of nodes 155
EtherApe-INFO: 14:08:03.541: delete node: IP: 176.122.96.225. Number of nodes 154
EtherApe-INFO: 14:08:03.541: delete node: IP: 104.20.121.46. Number of nodes 153
EtherApe-INFO: 14:08:03.541: delete node: IP: 104.16.240.21. Number of nodes 152
EtherApe-INFO: 14:08:03.927: delete node: IP: 3.127.160.74. Number of nodes 151
EtherApe-INFO: 14:08:05.813: delete node: IP: 172.217.16.1. Number of nodes 150
EtherApe-INFO: 14:08:05.814: delete node: IP: 104.16.85.5. Number of nodes 149
EtherApe-INFO: 14:08:06.005: delete node: IP: 104.17.24.14. Number of nodes 148
EtherApe-INFO: 14:08:08.604: delete node: IP: 172.217.16.14. Number of nodes 147
EtherApe-INFO: 14:08:12.628: delete node: IP: 172.217.16.46. Number of nodes 146
EtherApe-INFO: 14:08:14.743: delete node: IP: 172.217.16.16. Number of nodes 145
EtherApe-INFO: 14:08:15.799: delete node: IP: 146.75.120.84. Number of nodes 144
EtherApe-INFO: 14:08:17.481: New node: IP: 104.20.120.46. Number of nodes 145
EtherApe-INFO: 14:08:17.481: New node: IP: 104.20.121.46. Number of nodes 146
EtherApe-INFO: 14:08:17.845: delete node: IP: 128.149.125.102. Number of nodes 145
EtherApe-INFO: 14:08:17.845: delete node: IP: 95.217.163.246. Number of nodes 144
EtherApe-INFO: 14:08:18.334: delete node: IP: 192.0.73.2. Number of nodes 143
EtherApe-INFO: 14:08:19.013: delete node: IP: 95.216.144.15. Number of nodes 142
EtherApe-INFO: 14:08:19.852: delete node: IP: 135.181.27.174. Number of nodes 141
EtherApe-INFO: 14:08:19.852: delete node: IP: 52.45.234.80. Number of nodes 140
EtherApe-INFO: 14:08:20.363: delete node: IP: 172.217.16.42. Number of nodes 139
EtherApe-INFO: 14:08:21.339: delete node: IP: 104.18.6.185. Number of nodes 138
EtherApe-INFO: 14:08:23.910: delete node: IP: 172.217.16.45. Number of nodes 137
EtherApe-INFO: 14:08:23.910: delete node: IP: 142.250.203.132. Number of nodes 136
EtherApe-INFO: 14:08:27.860: delete node: IP: 23.7.69.101. Number of nodes 135
EtherApe-INFO: 14:08:29.539: delete node: IP: 192.0.77.2. Number of nodes 134
EtherApe-INFO: 14:08:29.539: delete node: IP: 142.250.203.206. Number of nodes 133
EtherApe-INFO: 14:08:29.794: delete node: IP: 34.107.221.82. Number of nodes 132
EtherApe-INFO: 14:08:30.820: delete node: IP: 20.191.47.17. Number of nodes 131
EtherApe-INFO: 14:08:33.596: delete node: IP: 149.154.167.92. Number of nodes 130
EtherApe-INFO: 14:08:39.865: delete node: IP: 8.8.8.8. Number of nodes 129
EtherApe-INFO: 14:08:40.166: delete node: IP: 216.58.209.14. Number of nodes 128
EtherApe-INFO: 14:08:41.870: delete node: IP: 192.124.249.23. Number of nodes 127
EtherApe-INFO: 14:08:41.870: delete node: IP: 176.122.113.12. Number of nodes 126
EtherApe-INFO: 14:08:42.576: delete node: IP: 192.124.249.22. Number of nodes 125
EtherApe-INFO: 14:08:50.842: delete node: IP: 172.96.191.233. Number of nodes 124
EtherApe-INFO: 14:08:51.811: delete node: IP: 207.241.239.241. Number of nodes 123
EtherApe-INFO: 14:08:52.848: delete node: IP: 172.64.106.28. Number of nodes 122
EtherApe-INFO: 14:08:55.938: delete node: IP: 134.213.70.247. Number of nodes 121
EtherApe-INFO: 14:09:05.165: delete node: IP: 193.34.168.232. Number of nodes 120
EtherApe-INFO: 14:09:05.165: delete node: IP: 192.168.1.1. Number of nodes 119
EtherApe-INFO: 14:09:05.876: delete node: IP: 95.216.195.133. Number of nodes 118
EtherApe-INFO: 14:09:10.536: delete node: IP: 217.138.198.227. Number of nodes 117
EtherApe-INFO: 14:09:13.070: delete node: IP: 104.198.63.0. Number of nodes 116
EtherApe-INFO: 14:09:17.907: delete node: IP: 193.164.229.51. Number of nodes 115
EtherApe-INFO: 14:09:21.065: delete node: IP: 18.66.233.34. Number of nodes 114
EtherApe-INFO: 14:09:22.493: New node: IP: 104.18.18.132. Number of nodes 115
EtherApe-INFO: 14:09:22.771: delete node: IP: 104.17.49.74. Number of nodes 114
EtherApe-INFO: 14:09:25.083: delete node: IP: 91.198.174.208. Number of nodes 113
EtherApe-INFO: 14:09:27.167: delete node: IP: 62.182.19.39. Number of nodes 112
EtherApe-INFO: 14:09:27.868: New node: IP: 104.18.7.185. Number of nodes 113
EtherApe-INFO: 14:09:28.124: New node: IP: 104.18.6.185. Number of nodes 114
EtherApe-INFO: 14:09:40.021: delete node: IP: 172.64.155.188. Number of nodes 113
EtherApe-INFO: 14:09:42.021: delete node: IP: 104.16.149.64. Number of nodes 112
EtherApe-INFO: 14:09:43.049: delete node: IP: 23.55.248.156. Number of nodes 111
EtherApe-INFO: 14:09:45.623: delete node: IP: 198.175.96.207. Number of nodes 110
EtherApe-INFO: 14:09:45.623: delete node: IP: 173.194.189.155. Number of nodes 109
EtherApe-INFO: 14:09:45.623: delete node: IP: 23.55.248.155. Number of nodes 108
EtherApe-INFO: 14:09:45.623: delete node: IP: 23.55.248.154. Number of nodes 107
EtherApe-INFO: 14:09:49.693: delete node: IP: 91.198.174.192. Number of nodes 106
EtherApe-INFO: 14:09:50.476: delete node: IP: 193.34.169.9. Number of nodes 105
EtherApe-INFO: 14:09:50.477: delete node: IP: 176.122.113.78. Number of nodes 104
EtherApe-INFO: 14:09:50.477: delete node: IP: 108.138.47.59. Number of nodes 103
EtherApe-INFO: 14:09:50.652: New node: IP: 23.149.208.12. Number of nodes 104
EtherApe-INFO: 14:09:51.979: delete node: IP: 146.75.120.134. Number of nodes 103
EtherApe-INFO: 14:09:51.979: delete node: IP: 108.138.51.110. Number of nodes 102
EtherApe-INFO: 14:09:51.979: delete node: IP: 18.66.233.81. Number of nodes 101
EtherApe-INFO: 14:09:53.033: delete node: IP: 2.21.173.112. Number of nodes 100
EtherApe-INFO: 14:09:53.827: delete node: IP: 104.18.32.68. Number of nodes 99
EtherApe-INFO: 14:09:54.291: delete node: IP: 13.107.238.44. Number of nodes 98
EtherApe-INFO: 14:09:59.452: delete node: IP: 18.66.234.116. Number of nodes 97
EtherApe-INFO: 14:10:03.204: delete node: IP: 184.86.145.17. Number of nodes 96
EtherApe-INFO: 14:10:05.046: delete node: IP: 216.58.209.3. Number of nodes 95
EtherApe-INFO: 14:10:05.046: delete node: IP: 108.138.51.104. Number of nodes 94
EtherApe-INFO: 14:10:05.046: delete node: IP: 69.16.175.42. Number of nodes 93
EtherApe-INFO: 14:10:05.046: delete node: IP: 23.7.17.218. Number of nodes 92
EtherApe-INFO: 14:10:05.816: delete node: IP: 74.208.236.134. Number of nodes 91
EtherApe-INFO: 14:10:06.857: delete node: IP: 185.199.108.153. Number of nodes 90
EtherApe-INFO: 14:10:06.857: delete node: IP: 95.100.104.25. Number of nodes 89
EtherApe-INFO: 14:10:08.574: New node: IP: 104.81.244.232. Number of nodes 90
EtherApe-INFO: 14:10:08.667: delete node: IP: 23.48.229.93. Number of nodes 89
EtherApe-INFO: 14:10:09.914: delete node: IP: 151.101.192.134. Number of nodes 88
EtherApe-INFO: 14:10:09.915: delete node: IP: 104.26.14.42. Number of nodes 87
EtherApe-INFO: 14:10:09.915: delete node: IP: 104.18.10.173. Number of nodes 86
EtherApe-INFO: 14:10:11.389: delete node: IP: 23.203.233.61. Number of nodes 85
EtherApe-INFO: 14:10:12.975: delete node: IP: 108.138.50.217. Number of nodes 84
EtherApe-INFO: 14:10:12.976: delete node: IP: 108.138.50.66. Number of nodes 83
EtherApe-INFO: 14:10:12.976: delete node: IP: 95.100.104.6. Number of nodes 82
EtherApe-INFO: 14:10:13.999: delete node: IP: 104.17.183.52. Number of nodes 81
EtherApe-INFO: 14:10:13.999: delete node: IP: 18.66.233.66. Number of nodes 80
EtherApe-INFO: 14:10:14.570: delete node: IP: 23.7.25.210. Number of nodes 79
EtherApe-INFO: 14:10:15.812: delete node: IP: 146.75.120.193. Number of nodes 78
EtherApe-INFO: 14:10:15.812: delete node: IP: 104.20.191.42. Number of nodes 77
EtherApe-INFO: 14:10:15.812: delete node: IP: 23.7.20.242. Number of nodes 76
EtherApe-INFO: 14:10:18.047: delete node: IP: 142.250.203.131. Number of nodes 75
EtherApe-INFO: 14:10:20.409: delete node: IP: 146.75.122.209. Number of nodes 74
EtherApe-INFO: 14:10:20.410: delete node: IP: 95.100.104.24. Number of nodes 73
EtherApe-INFO: 14:10:20.410: delete node: IP: 95.100.104.10. Number of nodes 72
EtherApe-INFO: 14:10:23.982: delete node: IP: 108.138.50.112. Number of nodes 71
EtherApe-INFO: 14:10:26.335: delete node: IP: 146.75.122.133. Number of nodes 70
EtherApe-INFO: 14:10:26.335: delete node: IP: 108.138.51.81. Number of nodes 69
EtherApe-INFO: 14:10:29.831: New node: IP: 216.58.215.100. Number of nodes 70
EtherApe-INFO: 14:10:31.188: delete node: IP: 185.199.108.154. Number of nodes 69
EtherApe-INFO: 14:10:33.772: delete node: IP: 18.66.231.225. Number of nodes 68
EtherApe-INFO: 14:10:35.004: delete node: IP: 104.21.30.137. Number of nodes 67
EtherApe-INFO: 14:10:36.815: delete node: IP: 93.184.220.29. Number of nodes 66
EtherApe-INFO: 14:10:37.047: delete node: IP: 34.198.172.95. Number of nodes 65
EtherApe-INFO: 14:10:39.640: delete node: IP: 162.159.153.4. Number of nodes 64
EtherApe-INFO: 14:10:39.640: delete node: IP: 142.250.203.138. Number of nodes 63
EtherApe-INFO: 14:10:39.640: delete node: IP: 108.138.53.154. Number of nodes 62
EtherApe-INFO: 14:10:39.640: delete node: IP: 18.66.233.116. Number of nodes 61
EtherApe-INFO: 14:10:40.856: delete node: IP: 172.64.155.91. Number of nodes 60
EtherApe-INFO: 14:10:40.856: delete node: IP: 104.16.100.56. Number of nodes 59
EtherApe-INFO: 14:10:40.856: delete node: IP: 18.66.233.30. Number of nodes 58
EtherApe-INFO: 14:10:41.088: delete node: IP: 185.199.108.133. Number of nodes 57
EtherApe-INFO: 14:10:41.088: delete node: IP: 140.82.121.4. Number of nodes 56
EtherApe-INFO: 14:10:42.645: delete node: IP: 139.59.209.225. Number of nodes 55
EtherApe-INFO: 14:10:42.645: delete node: IP: 104.18.12.33. Number of nodes 54
EtherApe-INFO: 14:10:46.016: delete node: IP: 146.75.122.49. Number of nodes 53
EtherApe-INFO: 14:10:46.016: delete node: IP: 108.138.46.56. Number of nodes 52
EtherApe-INFO: 14:10:48.568: delete node: IP: 151.101.193.69. Number of nodes 51
EtherApe-INFO: 14:10:50.349: delete node: IP: 18.66.233.38. Number of nodes 50
EtherApe-INFO: 14:10:51.913: delete node: IP: 18.66.224.67. Number of nodes 49
EtherApe-INFO: 14:10:52.931: delete node: IP: 108.138.50.58. Number of nodes 48
EtherApe-INFO: 14:10:52.931: delete node: IP: 104.22.4.9. Number of nodes 47
EtherApe-INFO: 14:10:53.162: delete node: IP: 207.241.227.137. Number of nodes 46
EtherApe-INFO: 14:10:54.950: delete node: IP: 104.16.148.64. Number of nodes 45
EtherApe-INFO: 14:10:57.838: delete node: IP: 104.17.211.204. Number of nodes 44
EtherApe-INFO: 14:10:57.838: delete node: IP: 54.170.196.176. Number of nodes 43
EtherApe-INFO: 14:10:58.850: delete node: IP: 52.205.65.151. Number of nodes 42
EtherApe-INFO: 14:10:59.847: delete node: IP: 104.17.239.204. Number of nodes 41
EtherApe-INFO: 14:10:59.847: delete node: IP: 104.17.130.171. Number of nodes 40
EtherApe-INFO: 14:11:00.857: delete node: IP: 104.18.22.52. Number of nodes 39
EtherApe-INFO: 14:11:02.637: delete node: IP: 104.18.33.40. Number of nodes 38
EtherApe-INFO: 14:11:03.397: delete node: IP: 142.250.203.142. Number of nodes 37
EtherApe-INFO: 14:11:03.398: delete node: IP: 104.22.70.197. Number of nodes 36
EtherApe-INFO: 14:11:04.167: delete node: IP: 104.16.214.237. Number of nodes 35
EtherApe-INFO: 14:11:04.957: delete node: IP: 108.138.51.16. Number of nodes 34
EtherApe-INFO: 14:11:06.287: delete node: IP: 142.250.203.195. Number of nodes 33
EtherApe-INFO: 14:11:06.287: delete node: IP: 104.18.23.52. Number of nodes 32
EtherApe-INFO: 14:11:09.283: delete node: IP: 108.138.51.67. Number of nodes 31
EtherApe-INFO: 14:11:10.632: delete node: IP: 207.241.224.2. Number of nodes 30
EtherApe-INFO: 14:11:12.069: delete node: IP: 172.64.147.123. Number of nodes 29
EtherApe-INFO: 14:11:12.069: delete node: IP: 146.75.121.208. Number of nodes 28
EtherApe-INFO: 14:11:15.710: delete node: IP: 216.58.215.106. Number of nodes 27
EtherApe-INFO: 14:11:16.156: delete node: IP: 216.58.215.74. Number of nodes 26
EtherApe-INFO: 14:11:16.156: delete node: IP: 172.217.16.10. Number of nodes 25
EtherApe-INFO: 14:11:28.728: delete node: IP: 104.18.6.185. Number of nodes 24
EtherApe-INFO: 14:11:51.034: delete node: IP: 23.149.208.12. Number of nodes 23
EtherApe-INFO: 14:11:51.742: New node: IP: 104.18.22.122. Number of nodes 24
EtherApe-INFO: 14:11:51.997: New node: IP: 87.245.216.9. Number of nodes 25
EtherApe-INFO: 14:11:51.999: New node: IP: 87.245.216.107. Number of nodes 26
EtherApe-INFO: 14:11:53.034: delete node: IP: 146.75.121.140. Number of nodes 25
EtherApe-INFO: 14:12:05.052: New node: IP: 192.168.1.1. Number of nodes 26
EtherApe-INFO: 14:12:05.309: New node: IP: 95.216.195.133. Number of nodes 27
EtherApe-INFO: 14:12:06.159: delete node: IP: 108.138.51.128. Number of nodes 26
EtherApe-INFO: 14:12:06.159: delete node: IP: 18.66.233.27. Number of nodes 25
EtherApe-INFO: 14:12:07.373: delete node: IP: 18.66.15.46. Number of nodes 24
EtherApe-INFO: 14:12:10.683: New node: IP: 217.138.198.227. Number of nodes 25
EtherApe-INFO: 14:13:08.566: delete node: IP: 104.20.120.46. Number of nodes 24
EtherApe-INFO: 14:14:05.953: delete node: IP: 192.168.1.1. Number of nodes 23
EtherApe-INFO: 14:14:05.954: delete node: IP: 95.216.195.133. Number of nodes 22
EtherApe-INFO: 14:14:05.954: delete node: IP: 9.9.9.9. Number of nodes 21
EtherApe-INFO: 14:14:09.577: delete node: IP: 104.81.244.232. Number of nodes 20
EtherApe-INFO: 14:14:11.542: delete node: IP: 217.138.198.227. Number of nodes 19
EtherApe-INFO: 14:14:21.281: delete node: IP: 104.18.7.185. Number of nodes 18
EtherApe-INFO: 14:15:03.484: New node: IP: 13.32.121.101. Number of nodes 19
EtherApe-INFO: 14:15:03.740: New node: IP: 9.9.9.9. Number of nodes 20
EtherApe-INFO: 14:15:08.861: New node: IP: 104.81.244.232. Number of nodes 21
EtherApe-INFO: 14:15:22.991: delete node: IP: 216.58.215.100. Number of nodes 20
EtherApe-INFO: 14:15:22.991: delete node: IP: 216.58.208.206. Number of nodes 19
EtherApe-INFO: 14:15:34.460: New node: IP: 149.154.175.211. Number of nodes 20
EtherApe-INFO: 14:15:48.903: delete node: IP: 87.245.216.107. Number of nodes 19
EtherApe-INFO: 14:15:48.903: delete node: IP: 87.245.216.9. Number of nodes 18
EtherApe-INFO: 14:15:51.614: New node: IP: 104.18.14.117. Number of nodes 19
EtherApe-INFO: 14:16:42.855: delete node: IP: 104.20.121.46. Number of nodes 18
EtherApe-INFO: 14:16:45.465: delete node: IP: 104.18.18.132. Number of nodes 17
EtherApe-INFO: 14:16:46.762: delete node: IP: 104.18.22.122. Number of nodes 16
EtherApe-INFO: 14:17:03.817: delete node: IP: 9.9.9.9. Number of nodes 15
EtherApe-INFO: 14:17:05.084: New node: IP: 192.168.1.1. Number of nodes 16
EtherApe-INFO: 14:17:05.085: New node: IP: 9.9.9.9. Number of nodes 17
EtherApe-INFO: 14:17:05.339: New node: IP: 95.216.195.133. Number of nodes 18
EtherApe-INFO: 14:17:10.715: New node: IP: 217.138.198.227. Number of nodes 19
EtherApe-INFO: 14:17:51.255: delete node: IP: 149.154.175.211. Number of nodes 18
EtherApe-INFO: 14:18:32.722: delete node: IP: 149.154.167.216. Number of nodes 17
EtherApe-INFO: 14:18:33.403: New node: IP: 149.154.175.211. Number of nodes 18
EtherApe-INFO: 14:19:00.373: delete node: IP: 13.32.121.101. Number of nodes 17
EtherApe-INFO: 14:19:05.740: delete node: IP: 192.168.1.1. Number of nodes 16
EtherApe-INFO: 14:19:05.740: delete node: IP: 95.216.195.133. Number of nodes 15
EtherApe-INFO: 14:19:05.740: delete node: IP: 9.9.9.9. Number of nodes 14
EtherApe-INFO: 14:19:10.037: delete node: IP: 104.81.244.232. Number of nodes 13
EtherApe-INFO: 14:19:11.111: delete node: IP: 217.138.198.227. Number of nodes 12
EtherApe-INFO: 14:19:43.038: New node: IP: 216.58.215.100. Number of nodes 13
EtherApe-INFO: 14:19:43.294: New node: IP: 142.250.203.131. Number of nodes 14
EtherApe-INFO: 14:19:57.629: New node: IP: 34.120.208.123. Number of nodes 15
EtherApe-INFO: 14:19:58.911: New node: IP: 142.250.75.22. Number of nodes 16
EtherApe-INFO: 14:19:59.166: New node: IP: 9.9.9.9. Number of nodes 17
EtherApe-INFO: 14:20:00.188: New node: IP: 216.58.208.202. Number of nodes 18
EtherApe-INFO: 14:20:00.189: New node: IP: 216.58.215.110. Number of nodes 19
EtherApe-INFO: 14:20:00.955: New node: IP: 216.58.208.206. Number of nodes 20
EtherApe-INFO: 14:20:01.469: New node: IP: 140.82.121.3. Number of nodes 21
EtherApe-INFO: 14:20:04.284: New node: IP: 185.199.109.154. Number of nodes 22
EtherApe-INFO: 14:20:04.545: New node: IP: 185.199.108.133. Number of nodes 23
EtherApe-INFO: 14:20:04.545: New node: IP: 185.199.109.133. Number of nodes 24
EtherApe-INFO: 14:20:09.149: New node: IP: 104.81.244.232. Number of nodes 25
EtherApe-INFO: 14:20:31.428: New node: IP: 142.250.75.10. Number of nodes 26
EtherApe-INFO: 14:20:42.428: New node: IP: 149.154.167.216. Number of nodes 27
EtherApe-INFO: 14:20:43.002: delete node: IP: 104.18.14.117. Number of nodes 26
EtherApe-INFO: 14:20:49.196: delete node: IP: 149.154.175.211. Number of nodes 25
EtherApe-INFO: 14:21:30.811: New node: IP: 216.58.215.69. Number of nodes 26
EtherApe-INFO: 14:22:00.830: delete node: IP: 216.58.208.202. Number of nodes 25
EtherApe-INFO: 14:22:01.055: delete node: IP: 216.58.208.206. Number of nodes 24
EtherApe-INFO: 14:22:05.115: New node: IP: 192.168.1.1. Number of nodes 25
EtherApe-INFO: 14:22:05.371: New node: IP: 95.216.195.133. Number of nodes 26
EtherApe-INFO: 14:22:11.003: New node: IP: 217.138.198.227. Number of nodes 27
EtherApe-INFO: 14:22:11.032: delete node: IP: 142.250.203.133. Number of nodes 26
EtherApe-INFO: 14:23:38.897: delete node: IP: 142.250.203.131. Number of nodes 25
EtherApe-INFO: 14:24:05.291: delete node: IP: 192.168.1.1. Number of nodes 24
EtherApe-INFO: 14:24:05.516: delete node: IP: 95.216.195.133. Number of nodes 23
EtherApe-INFO: 14:24:05.516: delete node: IP: 9.9.9.9. Number of nodes 22
EtherApe-INFO: 14:24:09.823: delete node: IP: 104.81.244.232. Number of nodes 21
EtherApe-INFO: 14:24:11.345: delete node: IP: 217.138.198.227. Number of nodes 20
EtherApe-INFO: 14:24:49.066: delete node: IP: 34.120.208.123. Number of nodes 19
EtherApe-INFO: 14:24:50.345: delete node: IP: 142.250.75.22. Number of nodes 18
EtherApe-INFO: 14:24:51.537: delete node: IP: 216.58.215.110. Number of nodes 17
EtherApe-INFO: 14:25:09.180: New node: IP: 104.81.244.232. Number of nodes 18
EtherApe-INFO: 14:25:21.989: delete node: IP: 142.250.75.10. Number of nodes 17
EtherApe-INFO: 14:25:24.029: delete node: IP: 216.58.215.100. Number of nodes 16
EtherApe-INFO: 14:25:27.688: delete node: IP: 185.199.109.133. Number of nodes 15
EtherApe-INFO: 14:25:30.232: delete node: IP: 149.154.167.216. Number of nodes 14
EtherApe-INFO: 14:25:51.934: New node: IP: 104.18.15.117. Number of nodes 15
EtherApe-INFO: 14:25:51.934: New node: IP: 104.18.14.117. Number of nodes 16
EtherApe-INFO: 14:25:52.188: New node: IP: 9.9.9.9. Number of nodes 17
EtherApe-INFO: 14:26:06.270: New node: IP: 216.58.215.100. Number of nodes 18
EtherApe-INFO: 14:26:07.548: New node: IP: 216.58.208.202. Number of nodes 19
EtherApe-INFO: 14:26:22.943: delete node: IP: 216.58.215.69. Number of nodes 18
EtherApe-INFO: 14:26:32.125: New node: IP: 216.58.215.69. Number of nodes 19
EtherApe-INFO: 14:27:05.147: New node: IP: 192.168.1.1. Number of nodes 20
EtherApe-INFO: 14:27:05.404: New node: IP: 95.216.195.133. Number of nodes 21
EtherApe-INFO: 14:27:11.291: New node: IP: 217.138.198.227. Number of nodes 22
EtherApe-INFO: 14:27:27.677: New node: IP: 149.154.167.255. Number of nodes 23
EtherApe-INFO: 14:27:28.707: New node: IP: 149.154.167.216. Number of nodes 24
EtherApe-INFO: 14:27:52.081: delete node: IP: 104.18.15.117. Number of nodes 23
EtherApe-INFO: 14:28:07.943: delete node: IP: 216.58.208.202. Number of nodes 22
EtherApe-INFO: 14:28:11.708: New node: IP: 13.32.121.101. Number of nodes 23
EtherApe-INFO: 14:28:36.797: New node: IP: 104.18.40.133. Number of nodes 24
EtherApe-INFO: 14:28:38.847: New node: IP: 18.66.15.28. Number of nodes 25
EtherApe-INFO: 14:28:39.356: New node: IP: 104.81.107.158. Number of nodes 26
EtherApe-INFO: 14:28:40.138: New node: IP: 54.146.181.56. Number of nodes 27
EtherApe-INFO: 14:28:47.037: New node: IP: 62.182.19.39. Number of nodes 28
EtherApe-INFO: 14:28:55.743: New node: IP: 172.217.16.1. Number of nodes 29
EtherApe-INFO: 14:28:55.998: New node: IP: 142.250.203.131. Number of nodes 30
EtherApe-INFO: 14:28:56.770: New node: IP: 142.250.203.193. Number of nodes 31
EtherApe-INFO: 14:28:56.771: New node: IP: 216.58.209.1. Number of nodes 32
EtherApe-INFO: 14:28:56.771: New node: IP: 216.58.215.99. Number of nodes 33
EtherApe-INFO: 14:28:57.019: New node: IP: 172.217.16.42. Number of nodes 34
EtherApe-INFO: 14:29:05.267: delete node: IP: 192.168.1.1. Number of nodes 33
EtherApe-INFO: 14:29:05.829: delete node: IP: 95.216.195.133. Number of nodes 32
EtherApe-INFO: 14:29:09.407: delete node: IP: 104.81.244.232. Number of nodes 31
EtherApe-INFO: 14:29:13.207: delete node: IP: 217.138.198.227. Number of nodes 30
EtherApe-INFO: 14:29:43.895: delete node: IP: 149.154.167.255. Number of nodes 29
EtherApe-INFO: 14:30:09.469: New node: IP: 104.81.244.232. Number of nodes 30
EtherApe-INFO: 14:30:23.309: delete node: IP: 149.154.167.216. Number of nodes 29
EtherApe-INFO: 14:30:31.065: delete node: IP: 185.199.109.154. Number of nodes 28
EtherApe-INFO: 14:30:39.434: delete node: IP: 104.81.107.158. Number of nodes 27
EtherApe-INFO: 14:30:43.033: delete node: IP: 104.18.14.117. Number of nodes 26
EtherApe-INFO: 14:30:43.033: delete node: IP: 54.146.181.56. Number of nodes 25
EtherApe-INFO: 14:30:54.879: delete node: IP: 185.199.108.133. Number of nodes 24
