(etherape:3812): GLib-GIO-DEBUG: 01:36:25.284: _g_io_module_get_default: Found default implementation local (GLocalVfs) for ‘gio-vfs’
(etherape:3812): GLib-GIO-DEBUG: 01:36:25.619: Using cross-namespace EXTERNAL authentication (this will deadlock if server is GDBus < 2.73.3)
EtherApe-INFO: 01:36:25.682: sctp protocol not supported
EtherApe-INFO: 01:36:25.682: dccp protocol not supported
EtherApe-INFO: 01:36:25.682: sctp protocol not supported
EtherApe-INFO: 01:36:25.682: sctp protocol not supported
EtherApe-INFO: 01:36:25.682: sctp protocol not supported
EtherApe-INFO: 01:36:25.682: sctp protocol not supported
EtherApe-INFO: 01:36:25.682: sctp protocol not supported
EtherApe-INFO: 01:36:25.683: sctp protocol not supported
EtherApe-INFO: 01:36:25.683: sctp protocol not supported
EtherApe-INFO: 01:36:25.683: dccp protocol not supported
EtherApe-INFO: 01:36:25.683: sctp protocol not supported
EtherApe-INFO: 01:36:25.683: dccp protocol not supported
EtherApe-INFO: 01:36:25.683: dccp protocol not supported
EtherApe-INFO: 01:36:25.683: sctp protocol not supported
EtherApe-INFO: 01:36:25.683: sctp protocol not supported
EtherApe-INFO: 01:36:25.684: sctp protocol not supported
EtherApe-INFO: 01:36:25.684: sctp protocol not supported
EtherApe-INFO: 01:36:25.684: sctp protocol not supported
EtherApe-INFO: 01:36:25.685: sctp protocol not supported
EtherApe-INFO: 01:36:25.685: sctp protocol not supported
EtherApe-INFO: 01:36:25.685: sctp protocol not supported
EtherApe-INFO: 01:36:25.685: sctp protocol not supported
EtherApe-INFO: 01:36:25.685: sctp protocol not supported
EtherApe-INFO: 01:36:25.685: sctp protocol not supported
EtherApe-INFO: 01:36:25.686: sctp protocol not supported
EtherApe-INFO: 01:36:25.686: sctp protocol not supported
EtherApe-INFO: 01:36:25.686: sctp protocol not supported
EtherApe-INFO: 01:36:25.686: sctp protocol not supported
EtherApe-INFO: 01:36:25.686: dccp protocol not supported
EtherApe-INFO: 01:36:25.686: sctp protocol not supported
EtherApe-INFO: 01:36:25.686: sctp protocol not supported
EtherApe-INFO: 01:36:25.686: dccp protocol not supported
EtherApe-INFO: 01:36:25.686: sctp protocol not supported
EtherApe-INFO: 01:36:25.686: sctp protocol not supported
EtherApe-INFO: 01:36:25.686: sctp protocol not supported
EtherApe-INFO: 01:36:25.686: dccp protocol not supported
EtherApe-INFO: 01:36:25.686: dccp protocol not supported
EtherApe-INFO: 01:36:25.686: sctp protocol not supported
EtherApe-INFO: 01:36:25.686: sctp protocol not supported
EtherApe-INFO: 01:36:25.686: sctp protocol not supported
EtherApe-INFO: 01:36:25.686: sctp protocol not supported
EtherApe-INFO: 01:36:25.686: sctp protocol not supported
EtherApe-INFO: 01:36:25.686: sctp protocol not supported
EtherApe-INFO: 01:36:25.686: sctp protocol not supported
EtherApe-INFO: 01:36:25.687: sctp protocol not supported
EtherApe-INFO: 01:36:25.687: sctp protocol not supported
EtherApe-INFO: 01:36:25.687: sctp protocol not supported
EtherApe-INFO: 01:36:25.687: sctp protocol not supported
EtherApe-INFO: 01:36:25.687: sctp protocol not supported
EtherApe-INFO: 01:36:25.687: sctp protocol not supported
EtherApe-INFO: 01:36:25.687: sctp protocol not supported
EtherApe-INFO: 01:36:25.687: sctp protocol not supported
EtherApe-INFO: 01:36:25.687: sctp protocol not supported
EtherApe-INFO: 01:36:25.687: sctp protocol not supported
EtherApe-INFO: 01:36:25.687: sctp protocol not supported
EtherApe-INFO: 01:36:25.687: sctp protocol not supported
EtherApe-INFO: 01:36:25.687: sctp protocol not supported
EtherApe-INFO: 01:36:25.687: dccp protocol not supported
EtherApe-INFO: 01:36:25.687: sctp protocol not supported
EtherApe-INFO: 01:36:25.687: sctp protocol not supported
EtherApe-INFO: 01:36:25.687: sctp protocol not supported
EtherApe-INFO: 01:36:25.687: sctp protocol not supported
EtherApe-INFO: 01:36:25.687: sctp protocol not supported
EtherApe-INFO: 01:36:25.687: sctp protocol not supported
EtherApe-INFO: 01:36:25.687: sctp protocol not supported
EtherApe-INFO: 01:36:25.687: sctp protocol not supported
EtherApe-INFO: 01:36:25.687: sctp protocol not supported
EtherApe-INFO: 01:36:25.687: sctp protocol not supported
EtherApe-INFO: 01:36:25.687: sctp protocol not supported
EtherApe-INFO: 01:36:25.687: sctp protocol not supported
EtherApe-INFO: 01:36:25.687: sctp protocol not supported
EtherApe-INFO: 01:36:25.688: sctp protocol not supported
EtherApe-INFO: 01:36:25.688: sctp protocol not supported
EtherApe-INFO: 01:36:25.688: sctp protocol not supported
EtherApe-INFO: 01:36:25.688: sctp protocol not supported
EtherApe-INFO: 01:36:25.688: sctp protocol not supported
EtherApe-INFO: 01:36:25.688: sctp protocol not supported
EtherApe-INFO: 01:36:25.688: sctp protocol not supported
EtherApe-INFO: 01:36:25.688: sctp protocol not supported
EtherApe-INFO: 01:36:25.688: sctp protocol not supported
EtherApe-INFO: 01:36:25.688: sctp protocol not supported
EtherApe-INFO: 01:36:25.688: sctp protocol not supported
EtherApe-INFO: 01:36:25.688: sctp protocol not supported
EtherApe-INFO: 01:36:25.688: sctp protocol not supported
EtherApe-INFO: 01:36:25.688: sctp protocol not supported
EtherApe-INFO: 01:36:25.688: sctp protocol not supported
EtherApe-INFO: 01:36:25.688: sctp protocol not supported
EtherApe-INFO: 01:36:25.688: sctp protocol not supported
EtherApe-INFO: 01:36:25.688: sctp protocol not supported
EtherApe-INFO: 01:36:25.688: sctp protocol not supported
EtherApe-INFO: 01:36:25.688: sctp protocol not supported
EtherApe-INFO: 01:36:25.688: sctp protocol not supported
EtherApe-INFO: 01:36:25.688: sctp protocol not supported
EtherApe-INFO: 01:36:25.688: sctp protocol not supported
EtherApe-INFO: 01:36:25.688: sctp protocol not supported
EtherApe-INFO: 01:36:25.688: sctp protocol not supported
EtherApe-INFO: 01:36:25.759: get_interface result: ''
EtherApe-INFO: 01:36:25.759: Available interfaces for capture: dbus-session dbus-system nfqueue nflog bluetooth-monitor lo any enp7s0
EtherApe-INFO: 01:36:25.760: Link type is LINUX_SLL
EtherApe-INFO: 01:36:25.760: Diagram started
EtherApe-INFO: 01:36:26.299: New node: IP: 192.168.1.199. Number of nodes 1
EtherApe-INFO: 01:36:26.299: New node: IP: 149.154.175.57. Number of nodes 2
EtherApe-INFO: 01:36:26.299: New node: IP: 149.154.175.54. Number of nodes 3
EtherApe-INFO: 01:36:26.299: New node: IP: 149.154.175.50. Number of nodes 4
EtherApe-INFO: 01:36:26.300: New node: IP: 149.154.167.41. Number of nodes 5
EtherApe-INFO: 01:36:26.301: New node: IP: 149.154.167.50. Number of nodes 6
EtherApe-INFO: 01:36:26.301: New node: IP: 192.168.1.1. Number of nodes 7
EtherApe-INFO: 01:36:40.166: New node: IP: 149.154.175.100. Number of nodes 8
EtherApe-INFO: 01:36:48.168: New node: IP: 149.154.167.91. Number of nodes 9
EtherApe-INFO: 01:36:48.168: New node: IP: 149.154.167.92. Number of nodes 10
EtherApe-INFO: 01:36:56.166: New node: IP: 91.108.56.188. Number of nodes 11
EtherApe-INFO: 01:36:56.166: New node: IP: 91.108.56.145. Number of nodes 12
EtherApe-INFO: 01:37:18.299: New node: IP: 239.255.255.250. Number of nodes 13
EtherApe-INFO: 03:13:08.432: New node: IP: 127.0.0.1. Number of nodes 14
EtherApe-INFO: 03:13:16.698: New node: IP: 0.0.0.0. Number of nodes 15
EtherApe-INFO: 03:13:16.698: New node: IP: 255.255.255.255. Number of nodes 16
EtherApe-INFO: 03:13:21.785: delete node: IP: 239.255.255.250. Number of nodes 15
EtherApe-INFO: 03:13:28.698: New node: IP: 192.168.1.255. Number of nodes 16
EtherApe-INFO: 03:14:19.369: New node: IP: 224.0.0.22. Number of nodes 17
EtherApe-INFO: 03:14:19.632: New node: IP: 224.0.0.251. Number of nodes 18
EtherApe-INFO: 03:14:21.502: New node: IP: 239.255.255.250. Number of nodes 19
EtherApe-INFO: 03:15:29.836: delete node: IP: 192.168.1.255. Number of nodes 18
EtherApe-INFO: 03:16:19.379: delete node: IP: 255.255.255.255. Number of nodes 17
EtherApe-INFO: 03:16:19.379: delete node: IP: 127.0.0.1. Number of nodes 16
EtherApe-INFO: 03:16:19.379: delete node: IP: 0.0.0.0. Number of nodes 15
EtherApe-INFO: 03:16:20.217: delete node: IP: 224.0.0.22. Number of nodes 14
EtherApe-INFO: 03:16:27.656: delete node: IP: 224.0.0.251. Number of nodes 13
EtherApe-INFO: 04:00:32.165: New node: IP: 127.0.0.1. Number of nodes 14
EtherApe-INFO: 04:01:52.228: delete node: IP: 149.154.175.57. Number of nodes 13
EtherApe-INFO: 04:01:52.228: delete node: IP: 149.154.175.54. Number of nodes 12
EtherApe-INFO: 04:01:52.228: delete node: IP: 149.154.175.50. Number of nodes 11
EtherApe-INFO: 04:02:08.255: delete node: IP: 149.154.175.100. Number of nodes 10
EtherApe-INFO: 04:02:16.263: delete node: IP: 149.154.167.92. Number of nodes 9
EtherApe-INFO: 04:02:16.263: delete node: IP: 149.154.167.91. Number of nodes 8
EtherApe-INFO: 04:02:24.175: delete node: IP: 239.255.255.250. Number of nodes 7
EtherApe-INFO: 04:02:24.175: delete node: IP: 192.168.1.1. Number of nodes 6
EtherApe-INFO: 04:02:24.175: delete node: IP: 149.154.167.50. Number of nodes 5
EtherApe-INFO: 04:02:24.175: delete node: IP: 149.154.167.41. Number of nodes 4
EtherApe-INFO: 04:02:24.175: delete node: IP: 91.108.56.188. Number of nodes 3
EtherApe-INFO: 04:02:24.175: delete node: IP: 91.108.56.145. Number of nodes 2
EtherApe-INFO: 04:02:27.455: delete node: IP: 192.168.1.199. Number of nodes 1
EtherApe-INFO: 04:08:50.031: New node: IP: 0.0.0.0. Number of nodes 2
EtherApe-INFO: 04:08:50.031: New node: IP: 255.255.255.255. Number of nodes 3
EtherApe-INFO: 04:09:02.031: New node: IP: 192.168.1.1. Number of nodes 4
EtherApe-INFO: 04:09:02.031: New node: IP: 192.168.1.255. Number of nodes 5
EtherApe-INFO: 04:09:53.765: New node: IP: 192.168.1.199. Number of nodes 6
EtherApe-INFO: 04:09:54.035: New node: IP: 224.0.0.22. Number of nodes 7
EtherApe-INFO: 04:09:54.037: New node: IP: 224.0.0.251. Number of nodes 8
EtherApe-INFO: 04:09:55.107: New node: IP: 149.154.167.50. Number of nodes 9
EtherApe-INFO: 04:09:55.108: New node: IP: 149.154.167.41. Number of nodes 10
EtherApe-INFO: 04:09:55.898: New node: IP: 239.255.255.250. Number of nodes 11
EtherApe-INFO: 04:10:00.165: New node: IP: 149.154.175.100. Number of nodes 12
EtherApe-INFO: 04:10:08.165: New node: IP: 149.154.167.91. Number of nodes 13
EtherApe-INFO: 04:10:08.165: New node: IP: 149.154.167.92. Number of nodes 14
EtherApe-INFO: 04:10:16.165: New node: IP: 91.108.56.188. Number of nodes 15
EtherApe-INFO: 04:10:16.165: New node: IP: 91.108.56.145. Number of nodes 16
EtherApe-INFO: 04:10:24.165: New node: IP: 149.154.175.57. Number of nodes 17
EtherApe-INFO: 04:10:24.165: New node: IP: 149.154.175.50. Number of nodes 18
EtherApe-INFO: 04:10:24.166: New node: IP: 149.154.175.54. Number of nodes 19
EtherApe-INFO: 04:11:03.129: delete node: IP: 192.168.1.255. Number of nodes 18
EtherApe-INFO: 04:11:53.821: delete node: IP: 127.0.0.1. Number of nodes 17
EtherApe-INFO: 04:11:54.342: delete node: IP: 255.255.255.255. Number of nodes 16
EtherApe-INFO: 04:11:54.342: delete node: IP: 0.0.0.0. Number of nodes 15
EtherApe-INFO: 04:11:55.178: delete node: IP: 224.0.0.22. Number of nodes 14
EtherApe-INFO: 04:12:02.386: delete node: IP: 224.0.0.251. Number of nodes 13
EtherApe-INFO: 05:14:55.632: New node: IP: 224.0.0.251. Number of nodes 14
EtherApe-INFO: 05:15:06.305: New node: IP: 192.168.1.255. Number of nodes 15
EtherApe-INFO: 05:15:44.165: New node: IP: 0.0.0.0. Number of nodes 16
EtherApe-INFO: 05:15:44.165: New node: IP: 255.255.255.255. Number of nodes 17
EtherApe-INFO: 05:17:07.426: delete node: IP: 192.168.1.255. Number of nodes 16
EtherApe-INFO: 05:17:09.826: delete node: IP: 224.0.0.251. Number of nodes 15
EtherApe-INFO: 05:17:44.261: delete node: IP: 255.255.255.255. Number of nodes 14
EtherApe-INFO: 05:17:44.262: delete node: IP: 0.0.0.0. Number of nodes 13
EtherApe-INFO: 05:31:54.564: New node: IP: 127.0.0.1. Number of nodes 14
EtherApe-INFO: 05:33:07.431: delete node: IP: 239.255.255.250. Number of nodes 13
EtherApe-INFO: 05:33:27.954: delete node: IP: 149.154.175.100. Number of nodes 12
EtherApe-INFO: 05:33:36.263: delete node: IP: 149.154.167.92. Number of nodes 11
EtherApe-INFO: 05:33:36.263: delete node: IP: 149.154.167.91. Number of nodes 10
EtherApe-INFO: 05:33:44.268: delete node: IP: 91.108.56.188. Number of nodes 9
EtherApe-INFO: 05:33:44.268: delete node: IP: 91.108.56.145. Number of nodes 8
EtherApe-INFO: 05:33:47.449: delete node: IP: 149.154.175.57. Number of nodes 7
EtherApe-INFO: 05:33:47.449: delete node: IP: 149.154.175.54. Number of nodes 6
EtherApe-INFO: 05:33:47.449: delete node: IP: 149.154.175.50. Number of nodes 5
EtherApe-INFO: 05:33:47.449: delete node: IP: 149.154.167.50. Number of nodes 4
EtherApe-INFO: 05:33:47.449: delete node: IP: 149.154.167.41. Number of nodes 3
EtherApe-INFO: 05:33:48.167: delete node: IP: 192.168.1.1. Number of nodes 2
EtherApe-INFO: 05:33:52.168: delete node: IP: 192.168.1.199. Number of nodes 1
EtherApe-INFO: 06:15:40.165: New node: IP: 0.0.0.0. Number of nodes 2
EtherApe-INFO: 06:15:40.165: New node: IP: 255.255.255.255. Number of nodes 3
EtherApe-INFO: 06:15:51.897: New node: IP: 192.168.1.1. Number of nodes 4
EtherApe-INFO: 06:15:51.897: New node: IP: 192.168.1.255. Number of nodes 5
EtherApe-INFO: 06:16:43.897: New node: IP: 192.168.1.199. Number of nodes 6
EtherApe-INFO: 06:16:44.167: New node: IP: 224.0.0.22. Number of nodes 7
EtherApe-INFO: 06:16:44.431: New node: IP: 224.0.0.251. Number of nodes 8
EtherApe-INFO: 06:16:46.297: New node: IP: 239.255.255.250. Number of nodes 9
EtherApe-INFO: 06:16:47.101: New node: IP: 149.154.175.100. Number of nodes 10
EtherApe-INFO: 06:16:48.164: New node: IP: 149.154.167.91. Number of nodes 11
EtherApe-INFO: 06:16:48.164: New node: IP: 149.154.167.92. Number of nodes 12
EtherApe-INFO: 06:16:56.165: New node: IP: 91.108.56.188. Number of nodes 13
EtherApe-INFO: 06:16:56.165: New node: IP: 91.108.56.145. Number of nodes 14
EtherApe-INFO: 06:17:04.164: New node: IP: 149.154.175.57. Number of nodes 15
EtherApe-INFO: 06:17:04.164: New node: IP: 149.154.175.50. Number of nodes 16
EtherApe-INFO: 06:17:04.165: New node: IP: 149.154.175.54. Number of nodes 17
EtherApe-INFO: 06:17:12.164: New node: IP: 149.154.167.41. Number of nodes 18
EtherApe-INFO: 06:17:12.164: New node: IP: 149.154.167.50. Number of nodes 19
EtherApe-INFO: 06:17:52.994: delete node: IP: 192.168.1.255. Number of nodes 18
EtherApe-INFO: 06:18:43.406: delete node: IP: 127.0.0.1. Number of nodes 17
EtherApe-INFO: 06:18:44.240: delete node: IP: 255.255.255.255. Number of nodes 16
EtherApe-INFO: 06:18:44.240: delete node: IP: 0.0.0.0. Number of nodes 15
EtherApe-INFO: 06:18:44.967: delete node: IP: 224.0.0.22. Number of nodes 14
EtherApe-INFO: 06:18:52.167: delete node: IP: 224.0.0.251. Number of nodes 13
EtherApe-INFO: 07:14:41.764: New node: IP: 127.0.0.1. Number of nodes 14
EtherApe-INFO: 07:14:49.780: delete node: IP: 239.255.255.250. Number of nodes 13
EtherApe-INFO: 07:16:08.268: delete node: IP: 149.154.175.100. Number of nodes 12
EtherApe-INFO: 07:16:16.264: delete node: IP: 149.154.167.92. Number of nodes 11
EtherApe-INFO: 07:16:16.264: delete node: IP: 149.154.167.91. Number of nodes 10
EtherApe-INFO: 07:16:24.176: delete node: IP: 91.108.56.188. Number of nodes 9
EtherApe-INFO: 07:16:24.176: delete node: IP: 91.108.56.145. Number of nodes 8
EtherApe-INFO: 07:16:32.181: delete node: IP: 192.168.1.1. Number of nodes 7
EtherApe-INFO: 07:16:32.181: delete node: IP: 149.154.175.57. Number of nodes 6
EtherApe-INFO: 07:16:32.181: delete node: IP: 149.154.175.54. Number of nodes 5
EtherApe-INFO: 07:16:32.181: delete node: IP: 149.154.175.50. Number of nodes 4
EtherApe-INFO: 07:16:33.001: delete node: IP: 149.154.167.50. Number of nodes 3
EtherApe-INFO: 07:16:33.001: delete node: IP: 149.154.167.41. Number of nodes 2
EtherApe-INFO: 07:16:36.180: delete node: IP: 192.168.1.199. Number of nodes 1
EtherApe-INFO: 07:22:28.965: New node: IP: 0.0.0.0. Number of nodes 2
EtherApe-INFO: 07:22:28.965: New node: IP: 255.255.255.255. Number of nodes 3
EtherApe-INFO: 07:22:40.164: New node: IP: 192.168.1.1. Number of nodes 4
EtherApe-INFO: 07:22:40.164: New node: IP: 192.168.1.255. Number of nodes 5
EtherApe-INFO: 07:23:31.097: New node: IP: 192.168.1.199. Number of nodes 6
EtherApe-INFO: 07:23:31.364: New node: IP: 224.0.0.22. Number of nodes 7
EtherApe-INFO: 07:23:31.631: New node: IP: 224.0.0.251. Number of nodes 8
EtherApe-INFO: 07:23:33.230: New node: IP: 239.255.255.250. Number of nodes 9
EtherApe-INFO: 07:23:35.097: New node: IP: 149.154.167.91. Number of nodes 10
EtherApe-INFO: 07:23:35.098: New node: IP: 149.154.167.92. Number of nodes 11
EtherApe-INFO: 07:23:36.164: New node: IP: 91.108.56.188. Number of nodes 12
EtherApe-INFO: 07:23:36.164: New node: IP: 91.108.56.145. Number of nodes 13
EtherApe-INFO: 07:23:44.164: New node: IP: 149.154.175.57. Number of nodes 14
EtherApe-INFO: 07:23:44.164: New node: IP: 149.154.175.50. Number of nodes 15
EtherApe-INFO: 07:23:44.165: New node: IP: 149.154.175.54. Number of nodes 16
EtherApe-INFO: 07:23:52.164: New node: IP: 149.154.167.41. Number of nodes 17
EtherApe-INFO: 07:23:52.164: New node: IP: 149.154.167.50. Number of nodes 18
EtherApe-INFO: 07:24:00.163: New node: IP: 149.154.175.100. Number of nodes 19
EtherApe-INFO: 07:24:41.582: delete node: IP: 192.168.1.255. Number of nodes 18
EtherApe-INFO: 07:25:30.649: delete node: IP: 127.0.0.1. Number of nodes 17
EtherApe-INFO: 07:25:31.171: delete node: IP: 255.255.255.255. Number of nodes 16
EtherApe-INFO: 07:25:31.171: delete node: IP: 0.0.0.0. Number of nodes 15
EtherApe-INFO: 07:25:32.216: delete node: IP: 224.0.0.22. Number of nodes 14
EtherApe-INFO: 07:25:39.441: delete node: IP: 224.0.0.251. Number of nodes 13
EtherApe-INFO: 09:51:22.565: New node: IP: 216.58.209.10. Number of nodes 14
EtherApe-INFO: 09:51:23.363: New node: IP: 142.250.203.138. Number of nodes 15
EtherApe-INFO: 09:51:24.164: New node: IP: 142.250.203.202. Number of nodes 16
EtherApe-INFO: 09:51:24.696: New node: IP: 172.217.16.42. Number of nodes 17
EtherApe-INFO: 09:51:24.698: New node: IP: 216.58.208.202. Number of nodes 18
EtherApe-INFO: 09:51:24.964: New node: IP: 142.250.75.14. Number of nodes 19
EtherApe-INFO: 09:51:24.965: New node: IP: 142.250.203.131. Number of nodes 20
EtherApe-INFO: 09:51:25.230: New node: IP: 172.217.16.10. Number of nodes 21
EtherApe-INFO: 09:51:25.497: New node: IP: 142.250.186.202. Number of nodes 22
EtherApe-INFO: 09:51:25.498: New node: IP: 142.250.186.195. Number of nodes 23
EtherApe-INFO: 09:51:25.766: New node: IP: 216.58.215.106. Number of nodes 24
EtherApe-INFO: 09:51:26.031: New node: IP: 216.58.215.100. Number of nodes 25
EtherApe-INFO: 09:51:28.168: New node: IP: 8.8.4.4. Number of nodes 26
EtherApe-INFO: 09:51:28.431: New node: IP: 95.161.76.101. Number of nodes 27
EtherApe-INFO: 20:15:00.344: New node: IP: 80.50.102.206. Number of nodes 28
EtherApe-INFO: 20:15:00.632: delete node: IP: 239.255.255.250. Number of nodes 27
EtherApe-INFO: 20:15:00.632: delete node: IP: 216.58.215.106. Number of nodes 26
EtherApe-INFO: 20:15:00.632: delete node: IP: 216.58.215.100. Number of nodes 25
EtherApe-INFO: 20:15:00.632: delete node: IP: 216.58.209.10. Number of nodes 24
EtherApe-INFO: 20:15:00.632: delete node: IP: 216.58.208.202. Number of nodes 23
EtherApe-INFO: 20:15:00.632: delete node: IP: 172.217.16.42. Number of nodes 22
EtherApe-INFO: 20:15:00.632: delete node: IP: 172.217.16.10. Number of nodes 21
EtherApe-INFO: 20:15:00.632: delete node: IP: 149.154.175.100. Number of nodes 20
EtherApe-INFO: 20:15:00.632: delete node: IP: 149.154.175.57. Number of nodes 19
EtherApe-INFO: 20:15:00.632: delete node: IP: 149.154.175.54. Number of nodes 18
EtherApe-INFO: 20:15:00.632: delete node: IP: 149.154.175.50. Number of nodes 17
EtherApe-INFO: 20:15:00.632: delete node: IP: 149.154.167.92. Number of nodes 16
EtherApe-INFO: 20:15:00.632: delete node: IP: 149.154.167.91. Number of nodes 15
EtherApe-INFO: 20:15:00.632: delete node: IP: 149.154.167.50. Number of nodes 14
EtherApe-INFO: 20:15:00.632: delete node: IP: 149.154.167.41. Number of nodes 13
EtherApe-INFO: 20:15:00.632: delete node: IP: 142.250.203.202. Number of nodes 12
EtherApe-INFO: 20:15:00.632: delete node: IP: 142.250.203.138. Number of nodes 11
EtherApe-INFO: 20:15:00.632: delete node: IP: 142.250.203.131. Number of nodes 10
EtherApe-INFO: 20:15:00.632: delete node: IP: 142.250.186.202. Number of nodes 9
EtherApe-INFO: 20:15:00.632: delete node: IP: 142.250.186.195. Number of nodes 8
EtherApe-INFO: 20:15:00.633: delete node: IP: 142.250.75.14. Number of nodes 7
EtherApe-INFO: 20:15:00.633: delete node: IP: 95.161.76.101. Number of nodes 6
EtherApe-INFO: 20:15:00.633: delete node: IP: 91.108.56.188. Number of nodes 5
EtherApe-INFO: 20:15:00.633: delete node: IP: 91.108.56.145. Number of nodes 4
EtherApe-INFO: 20:15:00.633: delete node: IP: 80.50.102.206. Number of nodes 3
EtherApe-INFO: 20:15:00.633: delete node: IP: 8.8.4.4. Number of nodes 2
EtherApe-INFO: 20:15:00.877: New node: IP: 239.255.255.250. Number of nodes 3
EtherApe-INFO: 20:15:25.944: New node: IP: 95.216.195.133. Number of nodes 4
EtherApe-INFO: 20:15:25.945: New node: IP: 149.154.167.50. Number of nodes 5
EtherApe-INFO: 20:15:25.945: New node: IP: 149.154.167.41. Number of nodes 6
EtherApe-INFO: 20:15:26.750: New node: IP: 149.154.167.216. Number of nodes 7
EtherApe-INFO: 20:15:27.014: New node: IP: 149.154.167.255. Number of nodes 8
EtherApe-INFO: 20:15:32.610: New node: IP: 80.50.102.206. Number of nodes 9
EtherApe-INFO: 20:15:54.211: New node: IP: 142.250.186.195. Number of nodes 10
EtherApe-INFO: 20:16:28.878: New node: IP: 142.250.203.202. Number of nodes 11
EtherApe-INFO: 20:17:26.489: delete node: IP: 149.154.167.50. Number of nodes 10
EtherApe-INFO: 20:17:26.489: delete node: IP: 95.216.195.133. Number of nodes 9
EtherApe-INFO: 20:17:43.561: delete node: IP: 149.154.167.255. Number of nodes 8
EtherApe-INFO: 20:17:43.561: delete node: IP: 149.154.167.216. Number of nodes 7
EtherApe-INFO: 20:18:37.656: delete node: IP: 80.50.102.206. Number of nodes 6
EtherApe-INFO: 20:18:45.064: New node: IP: 80.50.102.206. Number of nodes 7
EtherApe-INFO: 20:20:25.865: New node: IP: 95.216.195.133. Number of nodes 8
EtherApe-INFO: 20:20:45.641: delete node: IP: 80.50.102.206. Number of nodes 7
EtherApe-INFO: 20:21:54.763: delete node: IP: 142.250.186.195. Number of nodes 6
EtherApe-INFO: 20:22:26.702: delete node: IP: 95.216.195.133. Number of nodes 5
EtherApe-INFO: 20:22:29.690: delete node: IP: 142.250.203.202. Number of nodes 4
EtherApe-INFO: 20:23:01.330: New node: IP: 80.50.102.206. Number of nodes 5
EtherApe-INFO: 20:25:01.654: delete node: IP: 80.50.102.206. Number of nodes 4
EtherApe-INFO: 20:25:25.865: New node: IP: 95.216.195.133. Number of nodes 5
EtherApe-INFO: 20:27:26.708: delete node: IP: 95.216.195.133. Number of nodes 4
EtherApe-INFO: 20:30:25.864: New node: IP: 95.216.195.133. Number of nodes 5
EtherApe-INFO: 20:31:22.666: New node: IP: 149.154.167.216. Number of nodes 6
EtherApe-INFO: 20:31:33.597: New node: IP: 80.50.102.206. Number of nodes 7
EtherApe-INFO: 20:32:26.762: delete node: IP: 95.216.195.133. Number of nodes 6
EtherApe-INFO: 20:32:54.131: New node: IP: 149.154.167.255. Number of nodes 7
EtherApe-INFO: 20:33:33.638: delete node: IP: 80.50.102.206. Number of nodes 6
EtherApe-INFO: 20:33:38.492: delete node: IP: 149.154.167.216. Number of nodes 5
EtherApe-INFO: 20:34:06.131: New node: IP: 149.154.167.216. Number of nodes 6
EtherApe-INFO: 20:35:09.682: delete node: IP: 149.154.167.255. Number of nodes 5
EtherApe-INFO: 20:35:25.864: New node: IP: 95.216.195.133. Number of nodes 6
EtherApe-INFO: 20:37:26.691: delete node: IP: 95.216.195.133. Number of nodes 5
EtherApe-INFO: 20:40:25.865: New node: IP: 95.216.195.133. Number of nodes 6
EtherApe-INFO: 20:42:06.767: delete node: IP: 149.154.167.216. Number of nodes 5
EtherApe-INFO: 20:42:26.732: delete node: IP: 95.216.195.133. Number of nodes 4
EtherApe-INFO: 20:45:25.864: New node: IP: 95.216.195.133. Number of nodes 5
EtherApe-INFO: 20:45:54.131: New node: IP: 142.250.180.99. Number of nodes 6
EtherApe-INFO: 20:47:26.710: delete node: IP: 95.216.195.133. Number of nodes 5
EtherApe-INFO: 20:47:50.931: New node: IP: 149.154.167.216. Number of nodes 6
EtherApe-INFO: 20:48:24.798: New node: IP: 104.25.94.5. Number of nodes 7
EtherApe-INFO: 20:48:24.802: New node: IP: 184.73.242.38. Number of nodes 8
EtherApe-INFO: 20:48:26.317: New node: IP: 95.216.144.15. Number of nodes 9
EtherApe-INFO: 20:48:28.987: New node: IP: 172.67.97.54. Number of nodes 10
EtherApe-INFO: 20:48:38.551: New node: IP: 80.50.102.206. Number of nodes 11
EtherApe-INFO: 20:48:42.371: New node: IP: 142.250.180.74. Number of nodes 12
EtherApe-INFO: 20:49:07.710: New node: IP: 149.154.167.255. Number of nodes 13
EtherApe-INFO: 20:49:13.571: New node: IP: 149.154.175.57. Number of nodes 14
EtherApe-INFO: 20:49:13.571: New node: IP: 149.154.175.54. Number of nodes 15
EtherApe-INFO: 20:49:14.905: New node: IP: 142.250.203.196. Number of nodes 16
EtherApe-INFO: 20:49:33.016: New node: IP: 91.108.56.145. Number of nodes 17
EtherApe-INFO: 20:49:45.414: New node: IP: 149.154.166.120. Number of nodes 18
EtherApe-INFO: 20:50:25.598: New node: IP: 95.216.195.133. Number of nodes 19
EtherApe-INFO: 20:50:28.043: delete node: IP: 104.25.94.5. Number of nodes 18
EtherApe-INFO: 20:50:28.264: New node: IP: 65.109.31.170. Number of nodes 19
EtherApe-INFO: 20:50:44.297: delete node: IP: 80.50.102.206. Number of nodes 18
EtherApe-INFO: 20:50:51.465: delete node: IP: 184.73.242.38. Number of nodes 17
EtherApe-INFO: 20:50:51.465: delete node: IP: 172.67.97.54. Number of nodes 16
EtherApe-INFO: 20:50:51.465: delete node: IP: 95.216.144.15. Number of nodes 15
EtherApe-INFO: 20:50:53.065: New node: IP: 104.25.95.5. Number of nodes 16
EtherApe-INFO: 20:50:53.065: New node: IP: 184.73.242.38. Number of nodes 17
EtherApe-INFO: 20:51:15.772: delete node: IP: 149.154.175.54. Number of nodes 16
EtherApe-INFO: 20:51:36.868: delete node: IP: 149.154.175.57. Number of nodes 15
EtherApe-INFO: 20:51:40.815: delete node: IP: 149.154.167.255. Number of nodes 14
EtherApe-INFO: 20:51:53.666: delete node: IP: 91.108.56.145. Number of nodes 13
EtherApe-INFO: 20:52:31.810: delete node: IP: 95.216.195.133. Number of nodes 12
EtherApe-INFO: 20:52:55.788: delete node: IP: 192.168.1.1. Number of nodes 11
EtherApe-INFO: 20:52:55.788: delete node: IP: 184.73.242.38. Number of nodes 10
EtherApe-INFO: 20:52:55.788: delete node: IP: 142.250.180.99. Number of nodes 9
EtherApe-INFO: 20:52:55.788: delete node: IP: 104.25.95.5. Number of nodes 8
EtherApe-INFO: 20:53:15.222: delete node: IP: 142.250.203.196. Number of nodes 7
EtherApe-INFO: 20:53:22.763: delete node: IP: 149.154.167.216. Number of nodes 6
EtherApe-INFO: 20:53:22.763: delete node: IP: 149.154.166.120. Number of nodes 5
EtherApe-INFO: 20:54:07.777: delete node: IP: 65.109.31.170. Number of nodes 4
EtherApe-INFO: 20:54:49.607: delete node: IP: 142.250.180.74. Number of nodes 3
EtherApe-INFO: 20:55:25.600: New node: IP: 192.168.1.1. Number of nodes 4
EtherApe-INFO: 20:55:25.601: New node: IP: 95.216.195.133. Number of nodes 5
EtherApe-INFO: 20:57:37.350: delete node: IP: 192.168.1.1. Number of nodes 4
EtherApe-INFO: 20:57:37.350: delete node: IP: 95.216.195.133. Number of nodes 3
EtherApe-INFO: 20:59:48.265: New node: IP: 149.154.167.216. Number of nodes 4
EtherApe-INFO: 21:00:25.864: New node: IP: 192.168.1.1. Number of nodes 5
EtherApe-INFO: 21:00:25.865: New node: IP: 95.216.195.133. Number of nodes 6
EtherApe-INFO: 21:02:36.021: delete node: IP: 192.168.1.1. Number of nodes 5
EtherApe-INFO: 21:02:36.021: delete node: IP: 95.216.195.133. Number of nodes 4
EtherApe-INFO: 21:03:16.323: delete node: IP: 149.154.167.216. Number of nodes 3
EtherApe-INFO: 21:04:48.798: New node: IP: 149.154.167.216. Number of nodes 4
EtherApe-INFO: 21:05:25.597: New node: IP: 192.168.1.1. Number of nodes 5
EtherApe-INFO: 21:05:25.598: New node: IP: 95.216.195.133. Number of nodes 6
EtherApe-INFO: 21:07:27.818: delete node: IP: 192.168.1.1. Number of nodes 5
EtherApe-INFO: 21:07:27.818: delete node: IP: 95.216.195.133. Number of nodes 4
EtherApe-INFO: 21:10:03.765: delete node: IP: 149.154.167.216. Number of nodes 3
EtherApe-INFO: 21:10:25.598: New node: IP: 192.168.1.1. Number of nodes 4
EtherApe-INFO: 21:10:25.864: New node: IP: 95.216.195.133. Number of nodes 5
EtherApe-INFO: 21:12:40.859: delete node: IP: 192.168.1.1. Number of nodes 4
EtherApe-INFO: 21:12:40.859: delete node: IP: 95.216.195.133. Number of nodes 3
EtherApe-INFO: 21:14:30.400: New node: IP: 149.154.167.216. Number of nodes 4
EtherApe-INFO: 21:14:46.424: New node: IP: 192.168.1.1. Number of nodes 5
EtherApe-INFO: 21:14:46.424: New node: IP: 65.109.31.170. Number of nodes 6
EtherApe-INFO: 21:15:25.624: New node: IP: 95.216.195.133. Number of nodes 7
EtherApe-INFO: 21:15:54.157: New node: IP: 142.250.180.67. Number of nodes 8
EtherApe-INFO: 21:16:58.710: delete node: IP: 65.109.31.170. Number of nodes 7
EtherApe-INFO: 21:16:59.841: delete node: IP: 149.154.167.216. Number of nodes 6
EtherApe-INFO: 21:17:27.813: delete node: IP: 95.216.195.133. Number of nodes 5
EtherApe-INFO: 21:17:55.807: delete node: IP: 192.168.1.1. Number of nodes 4
EtherApe-INFO: 21:17:55.807: delete node: IP: 142.250.180.67. Number of nodes 3
EtherApe-INFO: 21:20:25.624: New node: IP: 192.168.1.1. Number of nodes 4
EtherApe-INFO: 21:20:25.624: New node: IP: 95.216.195.133. Number of nodes 5
EtherApe-INFO: 21:22:32.639: delete node: IP: 192.168.1.1. Number of nodes 4
EtherApe-INFO: 21:22:32.640: delete node: IP: 95.216.195.133. Number of nodes 3
EtherApe-INFO: 21:22:45.890: New node: IP: 80.50.102.206. Number of nodes 4
EtherApe-INFO: 21:24:57.116: delete node: IP: 80.50.102.206. Number of nodes 3
EtherApe-INFO: 21:25:25.624: New node: IP: 192.168.1.1. Number of nodes 4
EtherApe-INFO: 21:25:25.625: New node: IP: 95.216.195.133. Number of nodes 5
EtherApe-INFO: 21:27:28.574: delete node: IP: 192.168.1.1. Number of nodes 4
EtherApe-INFO: 21:27:28.574: delete node: IP: 95.216.195.133. Number of nodes 3
EtherApe-INFO: 21:28:16.557: New node: IP: 149.154.167.216. Number of nodes 4
EtherApe-INFO: 21:30:25.890: New node: IP: 192.168.1.1. Number of nodes 5
EtherApe-INFO: 21:30:25.891: New node: IP: 95.216.195.133. Number of nodes 6
EtherApe-INFO: 21:30:32.623: delete node: IP: 149.154.167.216. Number of nodes 5
EtherApe-INFO: 21:32:28.898: delete node: IP: 192.168.1.1. Number of nodes 4
EtherApe-INFO: 21:32:28.899: delete node: IP: 95.216.195.133. Number of nodes 3
EtherApe-INFO: 21:34:10.691: New node: IP: 149.154.167.216. Number of nodes 4
EtherApe-INFO: 21:35:25.627: New node: IP: 192.168.1.1. Number of nodes 5
EtherApe-INFO: 21:35:25.628: New node: IP: 95.216.195.133. Number of nodes 6
EtherApe-INFO: 21:36:59.591: delete node: IP: 149.154.167.216. Number of nodes 5
EtherApe-INFO: 21:37:25.693: delete node: IP: 192.168.1.1. Number of nodes 4
EtherApe-INFO: 21:37:26.208: delete node: IP: 95.216.195.133. Number of nodes 3
EtherApe-INFO: 21:37:48.024: New node: IP: 149.154.167.216. Number of nodes 4
EtherApe-INFO: 21:40:25.624: New node: IP: 192.168.1.1. Number of nodes 5
EtherApe-INFO: 21:40:25.625: New node: IP: 95.216.195.133. Number of nodes 6
EtherApe-INFO: 21:42:37.641: delete node: IP: 192.168.1.1. Number of nodes 5
EtherApe-INFO: 21:42:37.642: delete node: IP: 149.154.167.216. Number of nodes 4
EtherApe-INFO: 21:42:37.642: delete node: IP: 95.216.195.133. Number of nodes 3
EtherApe-INFO: 21:44:14.691: New node: IP: 149.154.167.216. Number of nodes 4
EtherApe-INFO: 21:45:25.624: New node: IP: 192.168.1.1. Number of nodes 5
EtherApe-INFO: 21:45:25.625: New node: IP: 95.216.195.133. Number of nodes 6
EtherApe-INFO: 21:45:54.157: New node: IP: 142.250.180.99. Number of nodes 7
EtherApe-INFO: 21:46:56.560: delete node: IP: 149.154.167.216. Number of nodes 6
EtherApe-INFO: 21:47:26.794: delete node: IP: 95.216.195.133. Number of nodes 5
EtherApe-INFO: 21:47:54.760: delete node: IP: 192.168.1.1. Number of nodes 4
EtherApe-INFO: 21:47:54.761: delete node: IP: 142.250.180.99. Number of nodes 3
EtherApe-INFO: 21:50:25.623: New node: IP: 192.168.1.1. Number of nodes 4
EtherApe-INFO: 21:50:25.890: New node: IP: 95.216.195.133. Number of nodes 5
EtherApe-INFO: 21:50:32.824: New node: IP: 142.251.143.42. Number of nodes 6
EtherApe-INFO: 21:51:52.290: New node: IP: 216.58.215.78. Number of nodes 7
EtherApe-INFO: 21:51:52.563: New node: IP: 142.250.203.129. Number of nodes 8
EtherApe-INFO: 21:51:52.582: New node: IP: 34.104.35.123. Number of nodes 9
EtherApe-INFO: 21:52:28.646: delete node: IP: 95.216.195.133. Number of nodes 8
EtherApe-INFO: 21:53:04.824: New node: IP: 149.154.167.216. Number of nodes 9
EtherApe-INFO: 21:53:54.722: delete node: IP: 192.168.1.1. Number of nodes 8
EtherApe-INFO: 21:55:25.623: New node: IP: 192.168.1.1. Number of nodes 9
EtherApe-INFO: 21:55:25.624: New node: IP: 95.216.195.133. Number of nodes 10
EtherApe-INFO: 21:55:25.705: delete node: IP: 149.154.167.216. Number of nodes 9
EtherApe-INFO: 21:56:48.573: delete node: IP: 142.251.143.42. Number of nodes 8
EtherApe-INFO: 21:56:54.157: New node: IP: 80.50.102.206. Number of nodes 9
EtherApe-INFO: 21:57:26.745: delete node: IP: 192.168.1.1. Number of nodes 8
EtherApe-INFO: 21:57:26.745: delete node: IP: 95.216.195.133. Number of nodes 7
EtherApe-INFO: 21:57:42.690: New node: IP: 192.168.1.1. Number of nodes 8
EtherApe-INFO: 21:57:42.691: New node: IP: 142.251.143.35. Number of nodes 9
EtherApe-INFO: 21:57:52.699: delete node: IP: 216.58.215.78. Number of nodes 8
EtherApe-INFO: 21:57:52.699: delete node: IP: 142.250.203.129. Number of nodes 7
EtherApe-INFO: 21:57:54.557: New node: IP: 172.217.16.10. Number of nodes 8
EtherApe-INFO: 21:59:00.051: delete node: IP: 80.50.102.206. Number of nodes 7
EtherApe-INFO: 22:00:08.808: delete node: IP: 192.168.1.1. Number of nodes 6
EtherApe-INFO: 22:00:08.808: delete node: IP: 142.251.143.35. Number of nodes 5
EtherApe-INFO: 22:00:25.863: New node: IP: 192.168.1.1. Number of nodes 6
EtherApe-INFO: 22:00:25.864: New node: IP: 95.216.195.133. Number of nodes 7
EtherApe-INFO: 22:02:20.798: New node: IP: 149.154.167.216. Number of nodes 8
EtherApe-INFO: 22:02:30.687: delete node: IP: 192.168.1.1. Number of nodes 7
EtherApe-INFO: 22:02:30.687: delete node: IP: 95.216.195.133. Number of nodes 6
EtherApe-INFO: 22:03:58.723: delete node: IP: 172.217.16.10. Number of nodes 5
EtherApe-INFO: 22:05:25.864: New node: IP: 192.168.1.1. Number of nodes 6
EtherApe-INFO: 22:05:25.865: New node: IP: 95.216.195.133. Number of nodes 7
EtherApe-INFO: 22:06:23.254: delete node: IP: 149.154.167.216. Number of nodes 6
EtherApe-INFO: 22:07:29.387: delete node: IP: 192.168.1.1. Number of nodes 5
EtherApe-INFO: 22:07:29.387: delete node: IP: 95.216.195.133. Number of nodes 4
EtherApe-INFO: 22:10:25.863: New node: IP: 192.168.1.1. Number of nodes 5
EtherApe-INFO: 22:10:25.864: New node: IP: 95.216.195.133. Number of nodes 6
EtherApe-INFO: 22:10:26.130: New node: IP: 149.154.167.216. Number of nodes 7
EtherApe-INFO: 22:12:13.154: delete node: IP: 34.104.35.123. Number of nodes 6
EtherApe-INFO: 22:12:28.600: delete node: IP: 192.168.1.1. Number of nodes 5
EtherApe-INFO: 22:12:28.600: delete node: IP: 95.216.195.133. Number of nodes 4
EtherApe-INFO: 22:15:25.863: New node: IP: 192.168.1.1. Number of nodes 5
EtherApe-INFO: 22:15:25.864: New node: IP: 95.216.195.133. Number of nodes 6
EtherApe-INFO: 22:15:54.131: New node: IP: 142.250.180.99. Number of nodes 7
EtherApe-INFO: 22:17:27.738: delete node: IP: 95.216.195.133. Number of nodes 6
EtherApe-INFO: 22:17:55.803: delete node: IP: 192.168.1.1. Number of nodes 5
EtherApe-INFO: 22:17:55.803: delete node: IP: 142.250.180.99. Number of nodes 4
EtherApe-INFO: 22:18:38.747: delete node: IP: 149.154.167.216. Number of nodes 3
EtherApe-INFO: 22:19:28.797: New node: IP: 149.154.167.216. Number of nodes 4
EtherApe-INFO: 22:20:25.864: New node: IP: 192.168.1.1. Number of nodes 5
EtherApe-INFO: 22:20:25.864: New node: IP: 95.216.195.133. Number of nodes 6
EtherApe-INFO: 22:20:29.064: New node: IP: 142.250.180.106. Number of nodes 7
EtherApe-INFO: 22:21:44.569: delete node: IP: 149.154.167.216. Number of nodes 6
EtherApe-INFO: 22:22:36.586: delete node: IP: 192.168.1.1. Number of nodes 5
EtherApe-INFO: 22:22:36.586: delete node: IP: 142.250.180.106. Number of nodes 4
EtherApe-INFO: 22:22:36.586: delete node: IP: 95.216.195.133. Number of nodes 3
EtherApe-INFO: 22:25:25.863: New node: IP: 192.168.1.1. Number of nodes 4
EtherApe-INFO: 22:25:25.864: New node: IP: 95.216.195.133. Number of nodes 5
EtherApe-INFO: 22:27:26.670: delete node: IP: 192.168.1.1. Number of nodes 4
EtherApe-INFO: 22:27:26.670: delete node: IP: 95.216.195.133. Number of nodes 3
EtherApe-INFO: 22:30:25.863: New node: IP: 192.168.1.1. Number of nodes 4
EtherApe-INFO: 22:30:25.864: New node: IP: 95.216.195.133. Number of nodes 5
EtherApe-INFO: 22:31:02.397: New node: IP: 80.50.102.206. Number of nodes 6
EtherApe-INFO: 22:32:33.344: delete node: IP: 192.168.1.1. Number of nodes 5
EtherApe-INFO: 22:32:33.344: delete node: IP: 95.216.195.133. Number of nodes 4
EtherApe-INFO: 22:32:48.263: New node: IP: 192.168.1.1. Number of nodes 5
EtherApe-INFO: 22:32:48.263: New node: IP: 142.251.143.35. Number of nodes 6
EtherApe-INFO: 22:33:03.213: delete node: IP: 80.50.102.206. Number of nodes 5
EtherApe-INFO: 22:34:51.797: delete node: IP: 192.168.1.1. Number of nodes 4
EtherApe-INFO: 22:35:25.863: New node: IP: 192.168.1.1. Number of nodes 5
EtherApe-INFO: 22:35:25.864: New node: IP: 95.216.195.133. Number of nodes 6
EtherApe-INFO: 22:37:26.730: delete node: IP: 192.168.1.1. Number of nodes 5
EtherApe-INFO: 22:37:26.730: delete node: IP: 95.216.195.133. Number of nodes 4
EtherApe-INFO: 22:39:33.619: delete node: IP: 142.251.143.35. Number of nodes 3
EtherApe-INFO: 22:40:25.863: New node: IP: 192.168.1.1. Number of nodes 4
EtherApe-INFO: 22:40:25.864: New node: IP: 95.216.195.133. Number of nodes 5
EtherApe-INFO: 22:42:31.752: delete node: IP: 192.168.1.1. Number of nodes 4
EtherApe-INFO: 22:42:31.752: delete node: IP: 95.216.195.133. Number of nodes 3
EtherApe-INFO: 22:42:36.797: New node: IP: 149.154.167.216. Number of nodes 4
EtherApe-INFO: 22:44:52.896: delete node: IP: 149.154.167.216. Number of nodes 3
EtherApe-INFO: 22:45:25.863: New node: IP: 192.168.1.1. Number of nodes 4
EtherApe-INFO: 22:45:25.864: New node: IP: 95.216.195.133. Number of nodes 5
EtherApe-INFO: 22:45:42.933: New node: IP: 216.58.215.74. Number of nodes 6
EtherApe-INFO: 22:45:54.130: New node: IP: 142.251.143.67. Number of nodes 7
EtherApe-INFO: 22:47:26.220: delete node: IP: 95.216.195.133. Number of nodes 6
EtherApe-INFO: 22:48:01.399: delete node: IP: 192.168.1.1. Number of nodes 5
EtherApe-INFO: 22:48:01.399: delete node: IP: 142.251.143.67. Number of nodes 4
EtherApe-INFO: 22:48:20.798: New node: IP: 149.154.167.216. Number of nodes 5
EtherApe-INFO: 22:50:25.596: New node: IP: 192.168.1.1. Number of nodes 6
EtherApe-INFO: 22:50:25.597: New node: IP: 95.216.195.133. Number of nodes 7
EtherApe-INFO: 22:50:36.263: New node: IP: 142.250.180.106. Number of nodes 8
EtherApe-INFO: 22:50:36.358: delete node: IP: 149.154.167.216. Number of nodes 7
EtherApe-INFO: 22:51:36.801: New node: IP: 149.154.167.216. Number of nodes 8
EtherApe-INFO: 22:51:46.715: delete node: IP: 216.58.215.74. Number of nodes 7
EtherApe-INFO: 22:52:31.261: delete node: IP: 95.216.195.133. Number of nodes 6
EtherApe-INFO: 22:52:42.466: delete node: IP: 192.168.1.1. Number of nodes 5
EtherApe-INFO: 22:52:42.466: delete node: IP: 142.250.180.106. Number of nodes 4
EtherApe-INFO: 22:53:55.775: delete node: IP: 149.154.167.216. Number of nodes 3
EtherApe-INFO: 22:55:06.130: New node: IP: 149.154.167.216. Number of nodes 4
EtherApe-INFO: 22:55:25.600: New node: IP: 192.168.1.1. Number of nodes 5
EtherApe-INFO: 22:55:25.601: New node: IP: 95.216.195.133. Number of nodes 6
EtherApe-INFO: 22:57:26.151: delete node: IP: 192.168.1.1. Number of nodes 5
EtherApe-INFO: 22:57:26.151: delete node: IP: 149.154.167.216. Number of nodes 4
EtherApe-INFO: 22:57:26.151: delete node: IP: 95.216.195.133. Number of nodes 3
EtherApe-INFO: 22:57:48.263: New node: IP: 192.168.1.1. Number of nodes 4
EtherApe-INFO: 22:57:48.264: New node: IP: 142.250.180.99. Number of nodes 5
EtherApe-INFO: 22:59:54.418: delete node: IP: 192.168.1.1. Number of nodes 4
EtherApe-INFO: 22:59:54.418: delete node: IP: 142.250.180.99. Number of nodes 3
EtherApe-INFO: 23:00:25.596: New node: IP: 192.168.1.1. Number of nodes 4
EtherApe-INFO: 23:00:25.597: New node: IP: 95.216.195.133. Number of nodes 5
EtherApe-INFO: 23:02:27.469: delete node: IP: 192.168.1.1. Number of nodes 4
EtherApe-INFO: 23:02:27.470: delete node: IP: 95.216.195.133. Number of nodes 3
EtherApe-INFO: 23:05:10.663: New node: IP: 80.50.102.206. Number of nodes 4
EtherApe-INFO: 23:05:25.863: New node: IP: 192.168.1.1. Number of nodes 5
EtherApe-INFO: 23:05:25.864: New node: IP: 95.216.195.133. Number of nodes 6
EtherApe-INFO: 23:07:31.257: delete node: IP: 192.168.1.1. Number of nodes 5
EtherApe-INFO: 23:07:31.257: delete node: IP: 95.216.195.133. Number of nodes 4
EtherApe-INFO: 23:07:31.257: delete node: IP: 80.50.102.206. Number of nodes 3
EtherApe-INFO: 23:07:42.664: New node: IP: 149.154.167.216. Number of nodes 4
EtherApe-INFO: 23:10:25.863: New node: IP: 192.168.1.1. Number of nodes 5
EtherApe-INFO: 23:10:25.864: New node: IP: 95.216.195.133. Number of nodes 6
EtherApe-INFO: 23:11:02.485: delete node: IP: 149.154.167.216. Number of nodes 5
EtherApe-INFO: 23:12:27.766: delete node: IP: 192.168.1.1. Number of nodes 4
EtherApe-INFO: 23:12:27.767: delete node: IP: 95.216.195.133. Number of nodes 3
EtherApe-INFO: 23:12:45.863: New node: IP: 149.154.167.216. Number of nodes 4
EtherApe-INFO: 23:15:02.399: delete node: IP: 149.154.167.216. Number of nodes 3
EtherApe-INFO: 23:15:25.599: New node: IP: 192.168.1.1. Number of nodes 4
EtherApe-INFO: 23:15:25.863: New node: IP: 95.216.195.133. Number of nodes 5
EtherApe-INFO: 23:15:54.131: New node: IP: 216.58.215.99. Number of nodes 6
EtherApe-INFO: 23:17:43.758: delete node: IP: 95.216.195.133. Number of nodes 5
EtherApe-INFO: 23:17:56.608: delete node: IP: 216.58.215.99. Number of nodes 4
EtherApe-INFO: 23:17:56.608: delete node: IP: 192.168.1.1. Number of nodes 3
EtherApe-INFO: 23:20:25.863: New node: IP: 192.168.1.1. Number of nodes 4
EtherApe-INFO: 23:20:25.864: New node: IP: 95.216.195.133. Number of nodes 5
EtherApe-INFO: 23:20:59.197: New node: IP: 142.250.203.202. Number of nodes 6
EtherApe-INFO: 23:22:28.844: delete node: IP: 95.216.195.133. Number of nodes 5
EtherApe-INFO: 23:23:02.740: delete node: IP: 192.168.1.1. Number of nodes 4
EtherApe-INFO: 23:23:02.740: delete node: IP: 142.250.203.202. Number of nodes 3
EtherApe-INFO: 23:25:25.596: New node: IP: 192.168.1.1. Number of nodes 4
EtherApe-INFO: 23:25:25.863: New node: IP: 95.216.195.133. Number of nodes 5
EtherApe-INFO: 23:25:41.330: New node: IP: 149.154.167.216. Number of nodes 6
EtherApe-INFO: 23:27:27.502: delete node: IP: 192.168.1.1. Number of nodes 5
EtherApe-INFO: 23:27:27.502: delete node: IP: 95.216.195.133. Number of nodes 4
EtherApe-INFO: 23:27:59.489: delete node: IP: 149.154.167.216. Number of nodes 3
EtherApe-INFO: 23:30:25.600: New node: IP: 192.168.1.1. Number of nodes 4
EtherApe-INFO: 23:30:25.863: New node: IP: 95.216.195.133. Number of nodes 5
EtherApe-INFO: 23:32:33.918: delete node: IP: 192.168.1.1. Number of nodes 4
EtherApe-INFO: 23:32:33.918: delete node: IP: 95.216.195.133. Number of nodes 3
EtherApe-INFO: 23:35:00.797: New node: IP: 149.154.167.216. Number of nodes 4
EtherApe-INFO: 23:35:25.600: New node: IP: 192.168.1.1. Number of nodes 5
EtherApe-INFO: 23:35:25.601: New node: IP: 95.216.195.133. Number of nodes 6
EtherApe-INFO: 23:37:16.013: delete node: IP: 149.154.167.216. Number of nodes 5
EtherApe-INFO: 23:37:26.708: delete node: IP: 192.168.1.1. Number of nodes 4
EtherApe-INFO: 23:37:26.708: delete node: IP: 95.216.195.133. Number of nodes 3
EtherApe-INFO: 23:39:34.130: New node: IP: 80.50.102.206. Number of nodes 4
EtherApe-INFO: 23:40:25.862: New node: IP: 192.168.1.1. Number of nodes 5
EtherApe-INFO: 23:40:25.863: New node: IP: 95.216.195.133. Number of nodes 6
EtherApe-INFO: 23:40:32.532: New node: IP: 149.154.167.216. Number of nodes 7
EtherApe-INFO: 23:40:40.266: New node: IP: 149.154.175.211. Number of nodes 8
EtherApe-INFO: 23:40:41.063: New node: IP: 149.154.167.255. Number of nodes 9
EtherApe-INFO: 23:41:30.225: New node: IP: 216.58.215.106. Number of nodes 10
EtherApe-INFO: 23:41:34.528: delete node: IP: 80.50.102.206. Number of nodes 9
EtherApe-INFO: 23:42:24.077: New node: IP: 142.250.203.132. Number of nodes 10
EtherApe-INFO: 23:42:34.221: delete node: IP: 95.216.195.133. Number of nodes 9
EtherApe-INFO: 23:42:58.275: delete node: IP: 149.154.175.211. Number of nodes 8
EtherApe-INFO: 23:43:24.095: delete node: IP: 149.154.167.255. Number of nodes 7
EtherApe-INFO: 23:43:30.812: delete node: IP: 216.58.215.106. Number of nodes 6
EtherApe-INFO: 23:43:34.220: delete node: IP: 149.154.167.216. Number of nodes 5
EtherApe-INFO: 23:45:25.677: New node: IP: 95.216.195.133. Number of nodes 6
EtherApe-INFO: 23:45:54.210: New node: IP: 172.217.16.35. Number of nodes 7
EtherApe-INFO: 23:46:20.884: delete node: IP: 142.250.203.132. Number of nodes 6
EtherApe-INFO: 23:47:30.484: delete node: IP: 95.216.195.133. Number of nodes 5
EtherApe-INFO: 23:47:55.548: delete node: IP: 172.217.16.35. Number of nodes 4
EtherApe-INFO: 23:48:54.805: delete node: IP: 192.168.1.1. Number of nodes 3
EtherApe-INFO: 23:50:25.677: New node: IP: 192.168.1.1. Number of nodes 4
EtherApe-INFO: 23:50:25.677: New node: IP: 95.216.195.133. Number of nodes 5
EtherApe-INFO: 23:50:54.476: New node: IP: 142.250.203.138. Number of nodes 6
EtherApe-INFO: 23:52:00.877: New node: IP: 149.154.167.216. Number of nodes 7
EtherApe-INFO: 23:52:26.251: delete node: IP: 95.216.195.133. Number of nodes 6
EtherApe-INFO: 23:52:55.603: delete node: IP: 192.168.1.1. Number of nodes 5
EtherApe-INFO: 23:52:55.603: delete node: IP: 142.250.203.138. Number of nodes 4
EtherApe-INFO: 23:54:19.045: delete node: IP: 149.154.167.216. Number of nodes 3
EtherApe-INFO: 23:55:25.676: New node: IP: 192.168.1.1. Number of nodes 4
EtherApe-INFO: 23:55:25.676: New node: IP: 95.216.195.133. Number of nodes 5
EtherApe-INFO: 23:57:30.003: delete node: IP: 192.168.1.1. Number of nodes 4
EtherApe-INFO: 23:57:30.003: delete node: IP: 95.216.195.133. Number of nodes 3
