(etherape:1885): GLib-GIO-DEBUG: 21:18:51.962: _g_io_module_get_default: Found default implementation local (GLocalVfs) for ‘gio-vfs’
(etherape:1885): GLib-GIO-DEBUG: 21:18:51.997: Using cross-namespace EXTERNAL authentication (this will deadlock if server is GDBus < 2.73.3)
EtherApe-INFO: 21:18:52.032: sctp protocol not supported
EtherApe-INFO: 21:18:52.032: dccp protocol not supported
EtherApe-INFO: 21:18:52.032: sctp protocol not supported
EtherApe-INFO: 21:18:52.032: sctp protocol not supported
EtherApe-INFO: 21:18:52.032: sctp protocol not supported
EtherApe-INFO: 21:18:52.032: sctp protocol not supported
EtherApe-INFO: 21:18:52.032: sctp protocol not supported
EtherApe-INFO: 21:18:52.032: sctp protocol not supported
EtherApe-INFO: 21:18:52.032: sctp protocol not supported
EtherApe-INFO: 21:18:52.032: dccp protocol not supported
EtherApe-INFO: 21:18:52.032: sctp protocol not supported
EtherApe-INFO: 21:18:52.032: dccp protocol not supported
EtherApe-INFO: 21:18:52.032: dccp protocol not supported
EtherApe-INFO: 21:18:52.032: sctp protocol not supported
EtherApe-INFO: 21:18:52.032: sctp protocol not supported
EtherApe-INFO: 21:18:52.032: sctp protocol not supported
EtherApe-INFO: 21:18:52.033: sctp protocol not supported
EtherApe-INFO: 21:18:52.033: sctp protocol not supported
EtherApe-INFO: 21:18:52.033: sctp protocol not supported
EtherApe-INFO: 21:18:52.033: sctp protocol not supported
EtherApe-INFO: 21:18:52.033: sctp protocol not supported
EtherApe-INFO: 21:18:52.033: sctp protocol not supported
EtherApe-INFO: 21:18:52.033: sctp protocol not supported
EtherApe-INFO: 21:18:52.033: sctp protocol not supported
EtherApe-INFO: 21:18:52.034: sctp protocol not supported
EtherApe-INFO: 21:18:52.034: sctp protocol not supported
EtherApe-INFO: 21:18:52.034: sctp protocol not supported
EtherApe-INFO: 21:18:52.034: sctp protocol not supported
EtherApe-INFO: 21:18:52.034: dccp protocol not supported
EtherApe-INFO: 21:18:52.034: sctp protocol not supported
EtherApe-INFO: 21:18:52.034: sctp protocol not supported
EtherApe-INFO: 21:18:52.034: dccp protocol not supported
EtherApe-INFO: 21:18:52.034: sctp protocol not supported
EtherApe-INFO: 21:18:52.034: sctp protocol not supported
EtherApe-INFO: 21:18:52.034: sctp protocol not supported
EtherApe-INFO: 21:18:52.034: dccp protocol not supported
EtherApe-INFO: 21:18:52.034: dccp protocol not supported
EtherApe-INFO: 21:18:52.034: sctp protocol not supported
EtherApe-INFO: 21:18:52.034: sctp protocol not supported
EtherApe-INFO: 21:18:52.034: sctp protocol not supported
EtherApe-INFO: 21:18:52.034: sctp protocol not supported
EtherApe-INFO: 21:18:52.034: sctp protocol not supported
EtherApe-INFO: 21:18:52.034: sctp protocol not supported
EtherApe-INFO: 21:18:52.034: sctp protocol not supported
EtherApe-INFO: 21:18:52.034: sctp protocol not supported
EtherApe-INFO: 21:18:52.034: sctp protocol not supported
EtherApe-INFO: 21:18:52.034: sctp protocol not supported
EtherApe-INFO: 21:18:52.034: sctp protocol not supported
EtherApe-INFO: 21:18:52.034: sctp protocol not supported
EtherApe-INFO: 21:18:52.034: sctp protocol not supported
EtherApe-INFO: 21:18:52.034: sctp protocol not supported
EtherApe-INFO: 21:18:52.034: sctp protocol not supported
EtherApe-INFO: 21:18:52.034: sctp protocol not supported
EtherApe-INFO: 21:18:52.034: sctp protocol not supported
EtherApe-INFO: 21:18:52.034: sctp protocol not supported
EtherApe-INFO: 21:18:52.034: sctp protocol not supported
EtherApe-INFO: 21:18:52.034: sctp protocol not supported
EtherApe-INFO: 21:18:52.034: dccp protocol not supported
EtherApe-INFO: 21:18:52.034: sctp protocol not supported
EtherApe-INFO: 21:18:52.034: sctp protocol not supported
EtherApe-INFO: 21:18:52.034: sctp protocol not supported
EtherApe-INFO: 21:18:52.034: sctp protocol not supported
EtherApe-INFO: 21:18:52.035: sctp protocol not supported
EtherApe-INFO: 21:18:52.035: sctp protocol not supported
EtherApe-INFO: 21:18:52.035: sctp protocol not supported
EtherApe-INFO: 21:18:52.035: sctp protocol not supported
EtherApe-INFO: 21:18:52.035: sctp protocol not supported
EtherApe-INFO: 21:18:52.035: sctp protocol not supported
EtherApe-INFO: 21:18:52.035: sctp protocol not supported
EtherApe-INFO: 21:18:52.035: sctp protocol not supported
EtherApe-INFO: 21:18:52.035: sctp protocol not supported
EtherApe-INFO: 21:18:52.035: sctp protocol not supported
EtherApe-INFO: 21:18:52.035: sctp protocol not supported
EtherApe-INFO: 21:18:52.035: sctp protocol not supported
EtherApe-INFO: 21:18:52.035: sctp protocol not supported
EtherApe-INFO: 21:18:52.035: sctp protocol not supported
EtherApe-INFO: 21:18:52.035: sctp protocol not supported
EtherApe-INFO: 21:18:52.035: sctp protocol not supported
EtherApe-INFO: 21:18:52.035: sctp protocol not supported
EtherApe-INFO: 21:18:52.035: sctp protocol not supported
EtherApe-INFO: 21:18:52.035: sctp protocol not supported
EtherApe-INFO: 21:18:52.035: sctp protocol not supported
EtherApe-INFO: 21:18:52.035: sctp protocol not supported
EtherApe-INFO: 21:18:52.035: sctp protocol not supported
EtherApe-INFO: 21:18:52.035: sctp protocol not supported
EtherApe-INFO: 21:18:52.035: sctp protocol not supported
EtherApe-INFO: 21:18:52.035: sctp protocol not supported
EtherApe-INFO: 21:18:52.035: sctp protocol not supported
EtherApe-INFO: 21:18:52.035: sctp protocol not supported
EtherApe-INFO: 21:18:52.035: sctp protocol not supported
EtherApe-INFO: 21:18:52.035: sctp protocol not supported
EtherApe-INFO: 21:18:52.035: sctp protocol not supported
EtherApe-INFO: 21:18:52.035: sctp protocol not supported
EtherApe-INFO: 21:18:52.035: sctp protocol not supported
EtherApe-INFO: 21:18:52.035: sctp protocol not supported
EtherApe-INFO: 21:18:52.035: sctp protocol not supported
EtherApe-INFO: 21:18:52.048: get_interface result: ''
EtherApe-INFO: 21:18:52.049: Available interfaces for capture: dbus-session dbus-system nfqueue nflog bluetooth-monitor lo any enp5s0
EtherApe-INFO: 21:18:52.049: Link type is LINUX_SLL
EtherApe-INFO: 21:18:52.049: Diagram started
EtherApe-INFO: 21:18:55.122: New node: IP: 0.0.0.0. Number of nodes 1
EtherApe-INFO: 21:18:55.122: New node: IP: 255.255.255.255. Number of nodes 2
EtherApe-INFO: 21:19:48.626: New node: IP: 192.168.0.2. Number of nodes 3
EtherApe-INFO: 22:08:45.970: New node: IP: 127.0.0.1. Number of nodes 4
EtherApe-INFO: 22:09:57.138: New node: IP: 149.154.167.41. Number of nodes 5
EtherApe-INFO: 22:09:57.138: New node: IP: 149.154.167.50. Number of nodes 6
EtherApe-INFO: 22:09:57.139: New node: IP: 8.8.8.8. Number of nodes 7
EtherApe-INFO: 22:09:58.162: New node: IP: 149.154.175.100. Number of nodes 8
EtherApe-INFO: 22:10:00.978: New node: IP: 8.8.4.4. Number of nodes 9
EtherApe-INFO: 22:10:04.050: New node: IP: 9.9.9.9. Number of nodes 10
EtherApe-INFO: 22:10:06.098: New node: IP: 149.154.167.92. Number of nodes 11
EtherApe-INFO: 22:10:06.098: New node: IP: 149.154.167.91. Number of nodes 12
EtherApe-INFO: 22:10:10.450: New node: IP: 195.64.182.160. Number of nodes 13
EtherApe-INFO: 22:10:10.450: New node: IP: 1.1.1.1. Number of nodes 14
EtherApe-INFO: 22:10:10.708: New node: IPv6: fe80::3c83:5f88:88d8:2834. Number of nodes 15
EtherApe-INFO: 22:10:10.708: New node: IPv6: ff02::2. Number of nodes 16
EtherApe-INFO: 22:10:14.034: New node: IP: 91.108.56.145. Number of nodes 17
EtherApe-INFO: 22:10:14.034: New node: IP: 91.108.56.188. Number of nodes 18
EtherApe-INFO: 22:10:16.850: New node: IP: 192.155.93.194. Number of nodes 19
EtherApe-INFO: 22:10:20.178: New node: IP: 94.102.61.41. Number of nodes 20
EtherApe-INFO: 22:10:22.226: New node: IP: 149.154.175.57. Number of nodes 21
EtherApe-INFO: 22:10:22.226: New node: IP: 149.154.175.54. Number of nodes 22
EtherApe-INFO: 22:10:22.226: New node: IP: 149.154.175.50. Number of nodes 23
EtherApe-INFO: 22:10:35.794: New node: IP: 50.116.20.186. Number of nodes 24
EtherApe-INFO: 22:10:35.794: New node: IP: 35.203.210.246. Number of nodes 25
EtherApe-INFO: 22:11:35.954: New node: IP: 45.231.180.52. Number of nodes 26
EtherApe-INFO: 22:11:36.210: New node: IP: 172.104.12.120. Number of nodes 27
EtherApe-INFO: 22:11:37.490: New node: IP: 45.56.77.206. Number of nodes 28
EtherApe-INFO: 22:11:44.503: Nodes: 28 (shown 22)
EtherApe-INFO: 22:11:50.290: New node: IP: 195.64.136.254. Number of nodes 29
EtherApe-INFO: 22:11:51.826: New node: IP: 167.94.138.105. Number of nodes 30
EtherApe-INFO: 22:11:58.179: Nodes: 30 (shown 24)
EtherApe-INFO: 22:11:59.320: delete node: IP: 127.0.0.1. Number of nodes 29
EtherApe-INFO: 22:12:00.277: New node: IP: 162.142.125.239. Number of nodes 30
EtherApe-INFO: 22:12:08.210: New node: IP: 159.65.136.100. Number of nodes 31
EtherApe-INFO: 22:12:10.003: New node: IP: 198.235.24.73. Number of nodes 32
EtherApe-INFO: 22:12:10.315: delete node: IP: 192.168.0.2. Number of nodes 31
EtherApe-INFO: 22:12:17.486: delete node: IP: 192.155.93.194. Number of nodes 30
EtherApe-INFO: 22:12:20.506: delete node: IP: 94.102.61.41. Number of nodes 29
EtherApe-INFO: 22:12:27.922: New node: IP: 172.104.12.176. Number of nodes 30
EtherApe-INFO: 22:12:35.953: delete node: IP: 50.116.20.186. Number of nodes 29
EtherApe-INFO: 22:12:35.954: delete node: IP: 35.203.210.246. Number of nodes 28
EtherApe-INFO: 22:12:36.114: New node: IP: 50.116.20.186. Number of nodes 29
EtherApe-INFO: 22:12:48.914: New node: IP: 191.252.204.234. Number of nodes 30
EtherApe-INFO: 22:12:58.386: New node: IP: 45.56.80.236. Number of nodes 31
EtherApe-INFO: 22:13:06.578: New node: IP: 94.102.61.40. Number of nodes 32
EtherApe-INFO: 22:13:07.689: delete node: IP: 91.108.56.188. Number of nodes 31
EtherApe-INFO: 22:13:07.689: delete node: IP: 91.108.56.145. Number of nodes 30
EtherApe-INFO: 22:13:09.656: delete node: IP: 149.154.175.57. Number of nodes 29
EtherApe-INFO: 22:13:09.656: delete node: IP: 149.154.175.54. Number of nodes 28
EtherApe-INFO: 22:13:09.656: delete node: IP: 149.154.175.50. Number of nodes 27
EtherApe-INFO: 22:13:20.914: New node: IP: 93.182.64.85. Number of nodes 28
EtherApe-INFO: 22:13:26.546: New node: IP: 175.107.1.129. Number of nodes 29
EtherApe-INFO: 22:13:36.862: delete node: IP: 45.231.180.52. Number of nodes 28
EtherApe-INFO: 22:13:42.767: delete node: IP: 45.56.77.206. Number of nodes 27
EtherApe-INFO: 22:13:51.189: delete node: IP: 195.64.136.254. Number of nodes 26
EtherApe-INFO: 22:13:51.706: delete node: IP: 167.94.138.105. Number of nodes 25
EtherApe-INFO: 22:14:08.343: delete node: IP: 162.142.125.239. Number of nodes 24
EtherApe-INFO: 22:14:08.343: delete node: IP: 159.65.136.100. Number of nodes 23
EtherApe-INFO: 22:14:12.674: delete node: IP: 198.235.24.73. Number of nodes 22
EtherApe-INFO: 22:14:40.530: delete node: IP: 172.104.12.176. Number of nodes 21
EtherApe-INFO: 22:14:40.530: delete node: IP: 172.104.12.120. Number of nodes 20
EtherApe-INFO: 22:14:40.530: delete node: IP: 50.116.20.186. Number of nodes 19
EtherApe-INFO: 22:15:36.640: delete node: IPv6: ff02::2. Number of nodes 18
EtherApe-INFO: 22:15:36.640: delete node: IPv6: fe80::3c83:5f88:88d8:2834. Number of nodes 17
EtherApe-INFO: 22:15:36.640: delete node: IP: 195.64.182.160. Number of nodes 16
EtherApe-INFO: 22:15:36.640: delete node: IP: 191.252.204.234. Number of nodes 15
EtherApe-INFO: 22:15:36.640: delete node: IP: 175.107.1.129. Number of nodes 14
EtherApe-INFO: 22:15:36.640: delete node: IP: 149.154.175.100. Number of nodes 13
EtherApe-INFO: 22:15:36.640: delete node: IP: 149.154.167.92. Number of nodes 12
EtherApe-INFO: 22:15:36.640: delete node: IP: 149.154.167.91. Number of nodes 11
EtherApe-INFO: 22:15:36.640: delete node: IP: 149.154.167.50. Number of nodes 10
EtherApe-INFO: 22:15:36.640: delete node: IP: 149.154.167.41. Number of nodes 9
EtherApe-INFO: 22:15:36.640: delete node: IP: 94.102.61.40. Number of nodes 8
EtherApe-INFO: 22:15:36.640: delete node: IP: 93.182.64.85. Number of nodes 7
EtherApe-INFO: 22:15:36.640: delete node: IP: 45.56.80.236. Number of nodes 6
EtherApe-INFO: 22:15:36.640: delete node: IP: 9.9.9.9. Number of nodes 5
EtherApe-INFO: 22:15:36.640: delete node: IP: 8.8.8.8. Number of nodes 4
EtherApe-INFO: 22:15:36.640: delete node: IP: 8.8.4.4. Number of nodes 3
EtherApe-INFO: 22:15:36.640: delete node: IP: 1.1.1.1. Number of nodes 2
EtherApe-INFO: 23:00:50.450: New node: IP: 169.254.2.90. Number of nodes 3
EtherApe-INFO: 23:00:50.450: New node: IP: 169.254.255.255. Number of nodes 4
EtherApe-INFO: 23:07:47.280: delete node: IP: 169.254.255.255. Number of nodes 3
EtherApe-INFO: 23:07:47.280: delete node: IP: 169.254.2.90. Number of nodes 2
EtherApe-INFO: 01:18:39.250: New node: IP: 192.168.0.2. Number of nodes 3
EtherApe-INFO: 01:20:55.186: New node: IP: 127.0.0.1. Number of nodes 4
EtherApe-INFO: 01:22:56.291: delete node: IP: 192.168.0.2. Number of nodes 3
EtherApe-INFO: 01:25:58.290: New node: IP: 192.168.0.2. Number of nodes 4
EtherApe-INFO: 01:27:55.295: delete node: IP: 127.0.0.1. Number of nodes 3
EtherApe-INFO: 01:28:55.442: New node: IP: 127.0.0.1. Number of nodes 4
EtherApe-INFO: 01:30:53.771: delete node: IP: 192.168.0.2. Number of nodes 3
EtherApe-INFO: 01:33:58.290: New node: IP: 192.168.0.2. Number of nodes 4
EtherApe-INFO: 01:35:56.347: delete node: IP: 127.0.0.1. Number of nodes 3
EtherApe-INFO: 01:36:55.442: New node: IP: 127.0.0.1. Number of nodes 4
EtherApe-INFO: 01:38:54.488: delete node: IP: 192.168.0.2. Number of nodes 3
EtherApe-INFO: 01:41:58.290: New node: IP: 192.168.0.2. Number of nodes 4
EtherApe-INFO: 01:45:26.472: delete node: IP: 255.255.255.255. Number of nodes 3
EtherApe-INFO: 01:45:26.472: delete node: IP: 0.0.0.0. Number of nodes 2
EtherApe-INFO: 01:45:31.559: delete node: IP: 192.168.0.2. Number of nodes 1
