(etherape:3053): GLib-GIO-DEBUG: 01:03:18.723: _g_io_module_get_default: Found default implementation local (GLocalVfs) for ‘gio-vfs’
(etherape:3053): GLib-GIO-DEBUG: 01:03:18.794: Using cross-namespace EXTERNAL authentication (this will deadlock if server is GDBus < 2.73.3)
EtherApe-INFO: 01:03:18.843: sctp protocol not supported
EtherApe-INFO: 01:03:18.843: dccp protocol not supported
EtherApe-INFO: 01:03:18.843: sctp protocol not supported
EtherApe-INFO: 01:03:18.843: sctp protocol not supported
EtherApe-INFO: 01:03:18.843: sctp protocol not supported
EtherApe-INFO: 01:03:18.843: sctp protocol not supported
EtherApe-INFO: 01:03:18.843: sctp protocol not supported
EtherApe-INFO: 01:03:18.843: sctp protocol not supported
EtherApe-INFO: 01:03:18.844: sctp protocol not supported
EtherApe-INFO: 01:03:18.844: dccp protocol not supported
EtherApe-INFO: 01:03:18.844: sctp protocol not supported
EtherApe-INFO: 01:03:18.844: dccp protocol not supported
EtherApe-INFO: 01:03:18.844: dccp protocol not supported
EtherApe-INFO: 01:03:18.844: sctp protocol not supported
EtherApe-INFO: 01:03:18.844: sctp protocol not supported
EtherApe-INFO: 01:03:18.844: sctp protocol not supported
EtherApe-INFO: 01:03:18.845: sctp protocol not supported
EtherApe-INFO: 01:03:18.845: sctp protocol not supported
EtherApe-INFO: 01:03:18.845: sctp protocol not supported
EtherApe-INFO: 01:03:18.845: sctp protocol not supported
EtherApe-INFO: 01:03:18.845: sctp protocol not supported
EtherApe-INFO: 01:03:18.845: sctp protocol not supported
EtherApe-INFO: 01:03:18.846: sctp protocol not supported
EtherApe-INFO: 01:03:18.846: sctp protocol not supported
EtherApe-INFO: 01:03:18.846: sctp protocol not supported
EtherApe-INFO: 01:03:18.846: sctp protocol not supported
EtherApe-INFO: 01:03:18.846: sctp protocol not supported
EtherApe-INFO: 01:03:18.847: sctp protocol not supported
EtherApe-INFO: 01:03:18.847: dccp protocol not supported
EtherApe-INFO: 01:03:18.847: sctp protocol not supported
EtherApe-INFO: 01:03:18.847: sctp protocol not supported
EtherApe-INFO: 01:03:18.847: dccp protocol not supported
EtherApe-INFO: 01:03:18.847: sctp protocol not supported
EtherApe-INFO: 01:03:18.847: sctp protocol not supported
EtherApe-INFO: 01:03:18.847: sctp protocol not supported
EtherApe-INFO: 01:03:18.847: dccp protocol not supported
EtherApe-INFO: 01:03:18.847: dccp protocol not supported
EtherApe-INFO: 01:03:18.847: sctp protocol not supported
EtherApe-INFO: 01:03:18.847: sctp protocol not supported
EtherApe-INFO: 01:03:18.847: sctp protocol not supported
EtherApe-INFO: 01:03:18.847: sctp protocol not supported
EtherApe-INFO: 01:03:18.847: sctp protocol not supported
EtherApe-INFO: 01:03:18.847: sctp protocol not supported
EtherApe-INFO: 01:03:18.847: sctp protocol not supported
EtherApe-INFO: 01:03:18.847: sctp protocol not supported
EtherApe-INFO: 01:03:18.847: sctp protocol not supported
EtherApe-INFO: 01:03:18.848: sctp protocol not supported
EtherApe-INFO: 01:03:18.848: sctp protocol not supported
EtherApe-INFO: 01:03:18.848: sctp protocol not supported
EtherApe-INFO: 01:03:18.848: sctp protocol not supported
EtherApe-INFO: 01:03:18.848: sctp protocol not supported
EtherApe-INFO: 01:03:18.848: sctp protocol not supported
EtherApe-INFO: 01:03:18.848: sctp protocol not supported
EtherApe-INFO: 01:03:18.848: sctp protocol not supported
EtherApe-INFO: 01:03:18.848: sctp protocol not supported
EtherApe-INFO: 01:03:18.848: sctp protocol not supported
EtherApe-INFO: 01:03:18.848: sctp protocol not supported
EtherApe-INFO: 01:03:18.848: dccp protocol not supported
EtherApe-INFO: 01:03:18.848: sctp protocol not supported
EtherApe-INFO: 01:03:18.848: sctp protocol not supported
EtherApe-INFO: 01:03:18.848: sctp protocol not supported
EtherApe-INFO: 01:03:18.848: sctp protocol not supported
EtherApe-INFO: 01:03:18.848: sctp protocol not supported
EtherApe-INFO: 01:03:18.848: sctp protocol not supported
EtherApe-INFO: 01:03:18.848: sctp protocol not supported
EtherApe-INFO: 01:03:18.848: sctp protocol not supported
EtherApe-INFO: 01:03:18.848: sctp protocol not supported
EtherApe-INFO: 01:03:18.848: sctp protocol not supported
EtherApe-INFO: 01:03:18.849: sctp protocol not supported
EtherApe-INFO: 01:03:18.849: sctp protocol not supported
EtherApe-INFO: 01:03:18.849: sctp protocol not supported
EtherApe-INFO: 01:03:18.849: sctp protocol not supported
EtherApe-INFO: 01:03:18.849: sctp protocol not supported
EtherApe-INFO: 01:03:18.849: sctp protocol not supported
EtherApe-INFO: 01:03:18.849: sctp protocol not supported
EtherApe-INFO: 01:03:18.849: sctp protocol not supported
EtherApe-INFO: 01:03:18.849: sctp protocol not supported
EtherApe-INFO: 01:03:18.849: sctp protocol not supported
EtherApe-INFO: 01:03:18.849: sctp protocol not supported
EtherApe-INFO: 01:03:18.849: sctp protocol not supported
EtherApe-INFO: 01:03:18.849: sctp protocol not supported
EtherApe-INFO: 01:03:18.849: sctp protocol not supported
EtherApe-INFO: 01:03:18.849: sctp protocol not supported
EtherApe-INFO: 01:03:18.849: sctp protocol not supported
EtherApe-INFO: 01:03:18.849: sctp protocol not supported
EtherApe-INFO: 01:03:18.849: sctp protocol not supported
EtherApe-INFO: 01:03:18.849: sctp protocol not supported
EtherApe-INFO: 01:03:18.849: sctp protocol not supported
EtherApe-INFO: 01:03:18.849: sctp protocol not supported
EtherApe-INFO: 01:03:18.849: sctp protocol not supported
EtherApe-INFO: 01:03:18.849: sctp protocol not supported
EtherApe-INFO: 01:03:18.849: sctp protocol not supported
EtherApe-INFO: 01:03:18.849: sctp protocol not supported
EtherApe-INFO: 01:03:18.849: sctp protocol not supported
EtherApe-INFO: 01:03:18.849: sctp protocol not supported
EtherApe-INFO: 01:03:18.849: sctp protocol not supported
EtherApe-INFO: 01:03:18.859: get_interface result: ''
EtherApe-INFO: 01:03:18.859: Available interfaces for capture: dbus-session dbus-system nfqueue nflog bluetooth-monitor bluetooth0 lo any wlp2s0
EtherApe-INFO: 01:03:18.860: Link type is LINUX_SLL
EtherApe-INFO: 01:03:18.860: Diagram started
EtherApe-INFO: 01:03:19.879: New node: IP: 192.168.1.249. Number of nodes 1
EtherApe-INFO: 01:03:19.879: New node: IP: 93.184.220.29. Number of nodes 2
EtherApe-INFO: 01:03:19.880: New node: IP: 52.222.226.205. Number of nodes 3
EtherApe-INFO: 01:03:19.880: New node: IP: 142.250.203.131. Number of nodes 4
EtherApe-INFO: 01:03:20.903: New node: IP: 185.187.243.35. Number of nodes 5
EtherApe-INFO: 01:03:21.160: New node: IP: 192.168.0.130. Number of nodes 6
EtherApe-INFO: 01:03:24.744: New node: IP: 149.154.167.41. Number of nodes 7
EtherApe-INFO: 01:03:24.999: New node: IP: 9.9.9.9. Number of nodes 8
EtherApe-INFO: 01:03:28.583: New node: IP: 87.245.216.9. Number of nodes 9
EtherApe-INFO: 01:03:28.584: New node: IP: 104.18.21.226. Number of nodes 10
EtherApe-INFO: 01:03:29.095: New node: IP: 54.187.174.239. Number of nodes 11
EtherApe-INFO: 01:03:29.095: New node: IP: 34.107.221.82. Number of nodes 12
EtherApe-INFO: 01:03:29.096: New node: IP: 54.149.240.241. Number of nodes 13
EtherApe-INFO: 01:03:29.096: New node: IP: 192.124.249.36. Number of nodes 14
EtherApe-INFO: 01:03:29.607: New node: IP: 192.168.0.157. Number of nodes 15
EtherApe-INFO: 01:03:31.656: New node: IPv6: fe80::503d:dba5:3259:5b9a. Number of nodes 16
EtherApe-INFO: 01:03:31.656: New node: IPv6: ff02::1:2. Number of nodes 17
EtherApe-INFO: 01:03:31.911: New node: IP: 224.0.0.251. Number of nodes 18
EtherApe-INFO: 01:03:31.911: New node: IP: 127.0.0.1. Number of nodes 19
EtherApe-INFO: 01:03:48.295: New node: IP: 8.8.8.8. Number of nodes 20
EtherApe-INFO: 01:03:54.951: New node: IP: 72.4.120.219. Number of nodes 21
EtherApe-INFO: 01:03:56.236: New node: IP: 34.107.141.31. Number of nodes 22
EtherApe-INFO: 01:03:56.236: New node: IP: 34.160.144.191. Number of nodes 23
EtherApe-INFO: 01:03:56.236: New node: IP: 172.64.107.28. Number of nodes 24
EtherApe-INFO: 01:03:56.237: New node: IP: 35.241.9.150. Number of nodes 25
EtherApe-INFO: 01:03:56.237: New node: IP: 34.120.208.123. Number of nodes 26
EtherApe-INFO: 01:03:57.259: New node: IP: 104.17.50.74. Number of nodes 27
EtherApe-INFO: 01:03:57.260: New node: IP: 104.18.13.33. Number of nodes 28
EtherApe-INFO: 01:03:57.260: New node: IP: 172.64.147.123. Number of nodes 29
EtherApe-INFO: 01:03:57.260: New node: IP: 104.81.107.158. Number of nodes 30
EtherApe-INFO: 01:03:58.282: New node: IP: 35.186.227.140. Number of nodes 31
EtherApe-INFO: 01:03:58.282: New node: IP: 104.16.249.249. Number of nodes 32
EtherApe-INFO: 01:03:58.282: New node: IP: 172.64.135.11. Number of nodes 33
EtherApe-INFO: 01:04:18.247: New node: IP: 91.236.251.31. Number of nodes 34
EtherApe-INFO: 01:05:28.911: delete node: IP: 9.9.9.9. Number of nodes 33
EtherApe-INFO: 01:05:48.163: delete node: IP: 8.8.8.8. Number of nodes 32
EtherApe-INFO: 01:05:59.145: delete node: IP: 54.187.174.239. Number of nodes 31
EtherApe-INFO: 01:05:59.145: delete node: IP: 54.149.240.241. Number of nodes 30
EtherApe-INFO: 01:06:02.030: delete node: IP: 192.168.0.157. Number of nodes 29
EtherApe-INFO: 01:06:19.624: delete node: IP: 192.124.249.36. Number of nodes 28
EtherApe-INFO: 01:06:39.096: delete node: IP: 127.0.0.1. Number of nodes 27
EtherApe-INFO: 01:06:44.936: New node: IP: 127.0.0.1. Number of nodes 28
EtherApe-INFO: 01:06:53.730: delete node: IP: 104.18.21.226. Number of nodes 27
EtherApe-INFO: 01:06:53.730: delete node: IP: 87.245.216.9. Number of nodes 26
EtherApe-INFO: 01:07:02.147: delete node: IP: 142.250.203.131. Number of nodes 25
EtherApe-INFO: 01:07:02.147: delete node: IP: 104.81.107.158. Number of nodes 24
EtherApe-INFO: 01:07:02.147: delete node: IP: 93.184.220.29. Number of nodes 23
EtherApe-INFO: 01:07:02.147: delete node: IP: 52.222.226.205. Number of nodes 22
EtherApe-INFO: 01:07:02.147: delete node: IP: 34.107.221.82. Number of nodes 21
EtherApe-INFO: 01:07:22.868: delete node: IP: 91.236.251.31. Number of nodes 20
EtherApe-INFO: 01:07:30.759: New node: IP: 91.236.251.31. Number of nodes 21
EtherApe-INFO: 01:07:32.039: New node: IP: 192.168.1.1. Number of nodes 22
EtherApe-INFO: 01:07:35.880: New node: IP: 78.46.178.133. Number of nodes 23
EtherApe-INFO: 01:07:52.050: delete node: IP: 172.64.147.123. Number of nodes 22
EtherApe-INFO: 01:07:52.050: delete node: IP: 172.64.135.11. Number of nodes 21
EtherApe-INFO: 01:07:52.050: delete node: IP: 172.64.107.28. Number of nodes 20
EtherApe-INFO: 01:07:52.050: delete node: IP: 104.18.13.33. Number of nodes 19
EtherApe-INFO: 01:07:52.050: delete node: IP: 104.17.50.74. Number of nodes 18
EtherApe-INFO: 01:07:52.050: delete node: IP: 35.241.9.150. Number of nodes 17
EtherApe-INFO: 01:07:52.050: delete node: IP: 35.186.227.140. Number of nodes 16
EtherApe-INFO: 01:07:52.050: delete node: IP: 34.160.144.191. Number of nodes 15
EtherApe-INFO: 01:07:52.050: delete node: IP: 34.120.208.123. Number of nodes 14
EtherApe-INFO: 01:07:52.050: delete node: IP: 34.107.141.31. Number of nodes 13
EtherApe-INFO: 01:07:58.408: New node: IP: 34.216.86.11. Number of nodes 14
EtherApe-INFO: 01:08:03.527: New node: IP: 9.9.9.9. Number of nodes 15
EtherApe-INFO: 01:08:31.943: New node: IP: 192.168.0.218. Number of nodes 16
EtherApe-INFO: 01:08:35.785: New node: IP: 89.187.191.12. Number of nodes 17
EtherApe-INFO: 01:08:39.144: delete node: IP: 72.4.120.219. Number of nodes 16
EtherApe-INFO: 01:08:45.316: delete node: IP: 127.0.0.1. Number of nodes 15
EtherApe-INFO: 01:08:45.511: New node: IP: 95.216.144.15. Number of nodes 16
EtherApe-INFO: 01:08:48.939: delete node: IP: 224.0.0.251. Number of nodes 15
EtherApe-INFO: 01:09:08.296: New node: IP: 140.82.121.9. Number of nodes 16
EtherApe-INFO: 01:09:09.321: New node: IP: 85.187.142.70. Number of nodes 17
EtherApe-INFO: 01:09:30.903: delete node: IP: 91.236.251.31. Number of nodes 16
EtherApe-INFO: 01:09:32.139: delete node: IP: 192.168.1.1. Number of nodes 15
EtherApe-INFO: 01:09:36.468: delete node: IP: 78.46.178.133. Number of nodes 14
EtherApe-INFO: 01:10:00.296: delete node: IP: 34.216.86.11. Number of nodes 13
EtherApe-INFO: 01:10:47.646: delete node: IP: 89.187.191.12. Number of nodes 12
EtherApe-INFO: 01:11:00.935: New node: IP: 127.0.0.1. Number of nodes 13
EtherApe-INFO: 01:11:00.935: New node: IP: 224.0.0.251. Number of nodes 14
EtherApe-INFO: 01:11:42.194: delete node: IP: 140.82.121.9. Number of nodes 13
EtherApe-INFO: 01:11:47.015: New node: IP: 91.236.251.31. Number of nodes 14
EtherApe-INFO: 01:12:17.242: delete node: IP: 95.216.144.15. Number of nodes 13
EtherApe-INFO: 01:12:32.071: New node: IP: 192.168.1.1. Number of nodes 14
EtherApe-INFO: 01:12:38.984: New node: IP: 78.46.178.133. Number of nodes 15
EtherApe-INFO: 01:12:39.019: delete node: IP: 85.187.142.70. Number of nodes 14
EtherApe-INFO: 01:12:58.695: New node: IP: 34.216.86.11. Number of nodes 15
EtherApe-INFO: 01:13:02.053: delete node: IP: 127.0.0.1. Number of nodes 14
EtherApe-INFO: 01:13:06.679: delete node: IP: 224.0.0.251. Number of nodes 13
EtherApe-INFO: 01:13:48.700: delete node: IP: 91.236.251.31. Number of nodes 12
EtherApe-INFO: 01:14:32.401: delete node: IP: 192.168.1.1. Number of nodes 11
EtherApe-INFO: 01:14:41.944: delete node: IP: 78.46.178.133. Number of nodes 10
EtherApe-INFO: 01:15:02.152: delete node: IP: 34.216.86.11. Number of nodes 9
EtherApe-INFO: 01:17:32.104: New node: IP: 192.168.1.1. Number of nodes 10
EtherApe-INFO: 01:17:39.016: New node: IP: 78.46.178.133. Number of nodes 11
EtherApe-INFO: 01:17:58.728: New node: IP: 34.216.86.11. Number of nodes 12
EtherApe-INFO: 01:19:32.936: New node: IP: 127.0.0.1. Number of nodes 13
EtherApe-INFO: 01:19:32.936: New node: IP: 224.0.0.251. Number of nodes 14
EtherApe-INFO: 01:19:32.987: delete node: IP: 192.168.1.1. Number of nodes 13
EtherApe-INFO: 01:19:48.903: delete node: IP: 78.46.178.133. Number of nodes 12
EtherApe-INFO: 01:20:02.134: delete node: IP: 34.216.86.11. Number of nodes 11
EtherApe-INFO: 01:20:19.271: New node: IP: 91.236.251.31. Number of nodes 12
EtherApe-INFO: 01:21:46.921: delete node: IP: 224.0.0.251. Number of nodes 11
EtherApe-INFO: 01:21:46.921: delete node: IP: 127.0.0.1. Number of nodes 10
EtherApe-INFO: 01:22:22.478: delete node: IP: 91.236.251.31. Number of nodes 9
EtherApe-INFO: 01:22:32.136: New node: IP: 192.168.1.1. Number of nodes 10
EtherApe-INFO: 01:22:39.048: New node: IP: 78.46.178.133. Number of nodes 11
EtherApe-INFO: 01:22:59.015: New node: IP: 34.216.86.11. Number of nodes 12
EtherApe-INFO: 01:24:32.238: delete node: IP: 192.168.1.1. Number of nodes 11
EtherApe-INFO: 01:24:51.918: delete node: IP: 78.46.178.133. Number of nodes 10
EtherApe-INFO: 01:25:02.255: delete node: IP: 34.216.86.11. Number of nodes 9
EtherApe-INFO: 01:27:32.168: New node: IP: 192.168.1.1. Number of nodes 10
EtherApe-INFO: 01:27:38.824: New node: IP: 78.46.178.133. Number of nodes 11
EtherApe-INFO: 01:27:59.303: New node: IP: 34.216.86.11. Number of nodes 12
EtherApe-INFO: 01:29:32.306: delete node: IP: 192.168.1.1. Number of nodes 11
EtherApe-INFO: 01:29:58.110: delete node: IP: 78.46.178.133. Number of nodes 10
EtherApe-INFO: 01:30:01.488: delete node: IP: 34.216.86.11. Number of nodes 9
EtherApe-INFO: 01:32:32.199: New node: IP: 192.168.1.1. Number of nodes 10
EtherApe-INFO: 01:32:39.111: New node: IP: 78.46.178.133. Number of nodes 11
EtherApe-INFO: 01:32:58.567: New node: IP: 34.216.86.11. Number of nodes 12
EtherApe-INFO: 01:33:04.711: New node: IP: 54.212.97.140. Number of nodes 13
EtherApe-INFO: 01:33:09.831: New node: IP: 199.232.18.49. Number of nodes 14
EtherApe-INFO: 01:33:22.889: delete node: IP: 104.16.249.249. Number of nodes 13
EtherApe-INFO: 01:33:54.375: New node: IP: 192.168.0.1. Number of nodes 14
