(etherape:3443): GLib-GIO-DEBUG: 22:40:27.084: _g_io_module_get_default: Found default implementation local (GLocalVfs) for ‘gio-vfs’
(etherape:3443): GLib-GIO-DEBUG: 22:40:27.152: Using cross-namespace EXTERNAL authentication (this will deadlock if server is GDBus < 2.73.3)
EtherApe-INFO: 22:40:27.203: sctp protocol not supported
EtherApe-INFO: 22:40:27.203: dccp protocol not supported
EtherApe-INFO: 22:40:27.203: sctp protocol not supported
EtherApe-INFO: 22:40:27.203: sctp protocol not supported
EtherApe-INFO: 22:40:27.203: sctp protocol not supported
EtherApe-INFO: 22:40:27.204: sctp protocol not supported
EtherApe-INFO: 22:40:27.204: sctp protocol not supported
EtherApe-INFO: 22:40:27.204: sctp protocol not supported
EtherApe-INFO: 22:40:27.204: sctp protocol not supported
EtherApe-INFO: 22:40:27.204: dccp protocol not supported
EtherApe-INFO: 22:40:27.204: sctp protocol not supported
EtherApe-INFO: 22:40:27.204: dccp protocol not supported
EtherApe-INFO: 22:40:27.204: dccp protocol not supported
EtherApe-INFO: 22:40:27.204: sctp protocol not supported
EtherApe-INFO: 22:40:27.205: sctp protocol not supported
EtherApe-INFO: 22:40:27.205: sctp protocol not supported
EtherApe-INFO: 22:40:27.205: sctp protocol not supported
EtherApe-INFO: 22:40:27.206: sctp protocol not supported
EtherApe-INFO: 22:40:27.206: sctp protocol not supported
EtherApe-INFO: 22:40:27.206: sctp protocol not supported
EtherApe-INFO: 22:40:27.206: sctp protocol not supported
EtherApe-INFO: 22:40:27.206: sctp protocol not supported
EtherApe-INFO: 22:40:27.207: sctp protocol not supported
EtherApe-INFO: 22:40:27.207: sctp protocol not supported
EtherApe-INFO: 22:40:27.207: sctp protocol not supported
EtherApe-INFO: 22:40:27.207: sctp protocol not supported
EtherApe-INFO: 22:40:27.207: sctp protocol not supported
EtherApe-INFO: 22:40:27.208: sctp protocol not supported
EtherApe-INFO: 22:40:27.208: dccp protocol not supported
EtherApe-INFO: 22:40:27.208: sctp protocol not supported
EtherApe-INFO: 22:40:27.208: sctp protocol not supported
EtherApe-INFO: 22:40:27.208: dccp protocol not supported
EtherApe-INFO: 22:40:27.208: sctp protocol not supported
EtherApe-INFO: 22:40:27.208: sctp protocol not supported
EtherApe-INFO: 22:40:27.208: sctp protocol not supported
EtherApe-INFO: 22:40:27.208: dccp protocol not supported
EtherApe-INFO: 22:40:27.208: dccp protocol not supported
EtherApe-INFO: 22:40:27.208: sctp protocol not supported
EtherApe-INFO: 22:40:27.208: sctp protocol not supported
EtherApe-INFO: 22:40:27.208: sctp protocol not supported
EtherApe-INFO: 22:40:27.208: sctp protocol not supported
EtherApe-INFO: 22:40:27.208: sctp protocol not supported
EtherApe-INFO: 22:40:27.209: sctp protocol not supported
EtherApe-INFO: 22:40:27.209: sctp protocol not supported
EtherApe-INFO: 22:40:27.209: sctp protocol not supported
EtherApe-INFO: 22:40:27.209: sctp protocol not supported
EtherApe-INFO: 22:40:27.209: sctp protocol not supported
EtherApe-INFO: 22:40:27.209: sctp protocol not supported
EtherApe-INFO: 22:40:27.209: sctp protocol not supported
EtherApe-INFO: 22:40:27.209: sctp protocol not supported
EtherApe-INFO: 22:40:27.209: sctp protocol not supported
EtherApe-INFO: 22:40:27.209: sctp protocol not supported
EtherApe-INFO: 22:40:27.209: sctp protocol not supported
EtherApe-INFO: 22:40:27.209: sctp protocol not supported
EtherApe-INFO: 22:40:27.209: sctp protocol not supported
EtherApe-INFO: 22:40:27.209: sctp protocol not supported
EtherApe-INFO: 22:40:27.209: sctp protocol not supported
EtherApe-INFO: 22:40:27.209: dccp protocol not supported
EtherApe-INFO: 22:40:27.209: sctp protocol not supported
EtherApe-INFO: 22:40:27.209: sctp protocol not supported
EtherApe-INFO: 22:40:27.209: sctp protocol not supported
EtherApe-INFO: 22:40:27.209: sctp protocol not supported
EtherApe-INFO: 22:40:27.209: sctp protocol not supported
EtherApe-INFO: 22:40:27.209: sctp protocol not supported
EtherApe-INFO: 22:40:27.209: sctp protocol not supported
EtherApe-INFO: 22:40:27.210: sctp protocol not supported
EtherApe-INFO: 22:40:27.210: sctp protocol not supported
EtherApe-INFO: 22:40:27.210: sctp protocol not supported
EtherApe-INFO: 22:40:27.210: sctp protocol not supported
EtherApe-INFO: 22:40:27.210: sctp protocol not supported
EtherApe-INFO: 22:40:27.210: sctp protocol not supported
EtherApe-INFO: 22:40:27.210: sctp protocol not supported
EtherApe-INFO: 22:40:27.210: sctp protocol not supported
EtherApe-INFO: 22:40:27.210: sctp protocol not supported
EtherApe-INFO: 22:40:27.210: sctp protocol not supported
EtherApe-INFO: 22:40:27.210: sctp protocol not supported
EtherApe-INFO: 22:40:27.210: sctp protocol not supported
EtherApe-INFO: 22:40:27.210: sctp protocol not supported
EtherApe-INFO: 22:40:27.210: sctp protocol not supported
EtherApe-INFO: 22:40:27.210: sctp protocol not supported
EtherApe-INFO: 22:40:27.211: sctp protocol not supported
EtherApe-INFO: 22:40:27.211: sctp protocol not supported
EtherApe-INFO: 22:40:27.211: sctp protocol not supported
EtherApe-INFO: 22:40:27.211: sctp protocol not supported
EtherApe-INFO: 22:40:27.211: sctp protocol not supported
EtherApe-INFO: 22:40:27.211: sctp protocol not supported
EtherApe-INFO: 22:40:27.211: sctp protocol not supported
EtherApe-INFO: 22:40:27.211: sctp protocol not supported
EtherApe-INFO: 22:40:27.211: sctp protocol not supported
EtherApe-INFO: 22:40:27.211: sctp protocol not supported
EtherApe-INFO: 22:40:27.211: sctp protocol not supported
EtherApe-INFO: 22:40:27.211: sctp protocol not supported
EtherApe-INFO: 22:40:27.211: sctp protocol not supported
EtherApe-INFO: 22:40:27.211: sctp protocol not supported
EtherApe-INFO: 22:40:27.211: sctp protocol not supported
EtherApe-INFO: 22:40:27.211: sctp protocol not supported
EtherApe-INFO: 22:40:27.220: get_interface result: ''
EtherApe-INFO: 22:40:27.221: Available interfaces for capture: dbus-session dbus-system nfqueue nflog bluetooth-monitor bluetooth0 lo any wlp2s0
EtherApe-INFO: 22:40:27.221: Link type is LINUX_SLL
EtherApe-INFO: 22:40:27.221: Diagram started
EtherApe-INFO: 22:40:27.478: New node: IP: 216.58.209.5. Number of nodes 1
EtherApe-INFO: 22:40:27.478: New node: IP: 192.168.1.249. Number of nodes 2
EtherApe-INFO: 22:40:27.479: New node: IP: 104.16.248.249. Number of nodes 3
EtherApe-INFO: 22:40:28.247: New node: IP: 216.58.209.3. Number of nodes 4
EtherApe-INFO: 22:40:28.502: New node: IP: 62.149.0.30. Number of nodes 5
EtherApe-INFO: 22:40:28.759: New node: IP: 149.154.167.50. Number of nodes 6
EtherApe-INFO: 22:40:29.015: New node: IP: 149.154.167.41. Number of nodes 7
EtherApe-INFO: 22:40:29.271: New node: IP: 142.250.203.202. Number of nodes 8
EtherApe-INFO: 22:40:29.526: New node: IP: 192.168.0.130. Number of nodes 9
EtherApe-INFO: 22:40:29.528: New node: IP: 142.250.203.206. Number of nodes 10
EtherApe-INFO: 22:40:30.294: New node: IP: 34.107.221.82. Number of nodes 11
EtherApe-INFO: 22:40:30.806: New node: IP: 18.66.121.29. Number of nodes 12
EtherApe-INFO: 22:40:31.062: New node: IPv6: fe80::503d:dba5:3259:5b9a. Number of nodes 13
EtherApe-INFO: 22:40:31.062: New node: IPv6: ff02::1:2. Number of nodes 14
EtherApe-INFO: 22:40:31.830: New node: IP: 52.29.123.56. Number of nodes 15
EtherApe-INFO: 22:40:32.086: New node: IP: 54.187.174.239. Number of nodes 16
EtherApe-INFO: 22:40:32.086: New node: IP: 52.41.128.201. Number of nodes 17
EtherApe-INFO: 22:40:32.342: New node: IP: 52.57.192.23. Number of nodes 18
EtherApe-INFO: 22:40:32.598: New node: IP: 192.168.0.218. Number of nodes 19
EtherApe-INFO: 22:40:32.598: New node: IP: 9.9.9.9. Number of nodes 20
EtherApe-INFO: 22:40:32.854: New node: IP: 18.159.68.239. Number of nodes 21
EtherApe-INFO: 22:40:33.878: New node: IP: 52.222.226.205. Number of nodes 22
EtherApe-INFO: 22:40:34.134: New node: IP: 216.58.208.202. Number of nodes 23
EtherApe-INFO: 22:40:34.646: New node: IP: 224.0.0.251. Number of nodes 24
EtherApe-INFO: 22:40:34.646: New node: IP: 127.0.0.1. Number of nodes 25
EtherApe-INFO: 22:40:34.902: New node: IP: 93.184.220.29. Number of nodes 26
EtherApe-INFO: 22:40:34.902: New node: IP: 87.245.216.9. Number of nodes 27
EtherApe-INFO: 22:40:36.438: New node: IP: 104.18.20.226. Number of nodes 28
EtherApe-INFO: 22:40:39.768: New node: IP: 142.250.203.129. Number of nodes 29
EtherApe-INFO: 22:40:42.838: New node: IP: 35.186.227.140. Number of nodes 30
EtherApe-INFO: 22:40:45.398: New node: IP: 216.58.208.195. Number of nodes 31
EtherApe-INFO: 22:40:46.166: New node: IP: 3.225.25.3. Number of nodes 32
EtherApe-INFO: 22:40:47.190: New node: IP: 149.154.167.216. Number of nodes 33
EtherApe-INFO: 22:40:54.103: New node: IP: 142.250.186.196. Number of nodes 34
EtherApe-INFO: 22:40:56.406: New node: IP: 216.58.215.74. Number of nodes 35
EtherApe-INFO: 22:41:05.622: New node: IP: 13.32.99.88. Number of nodes 36
EtherApe-INFO: 22:41:08.438: New node: IP: 34.160.144.191. Number of nodes 37
EtherApe-INFO: 22:41:09.462: New node: IP: 108.138.17.104. Number of nodes 38
EtherApe-INFO: 22:41:09.462: New node: IP: 104.17.49.74. Number of nodes 39
EtherApe-INFO: 22:41:09.462: New node: IP: 104.18.13.33. Number of nodes 40
EtherApe-INFO: 22:41:09.462: New node: IP: 34.107.141.31. Number of nodes 41
EtherApe-INFO: 22:41:10.487: New node: IP: 34.120.208.123. Number of nodes 42
EtherApe-INFO: 22:41:10.487: New node: IP: 18.66.98.108. Number of nodes 43
EtherApe-INFO: 22:41:10.487: New node: IP: 62.182.19.39. Number of nodes 44
EtherApe-INFO: 22:41:10.487: New node: IP: 3.2.8.2. Number of nodes 45
EtherApe-INFO: 22:41:11.510: New node: IP: 104.16.99.56. Number of nodes 46
EtherApe-INFO: 22:41:11.510: New node: IP: 140.82.121.3. Number of nodes 47
EtherApe-INFO: 22:41:12.534: New node: IP: 54.236.184.223. Number of nodes 48
EtherApe-INFO: 22:41:12.534: New node: IP: 140.82.114.25. Number of nodes 49
EtherApe-INFO: 22:41:13.558: New node: IP: 172.64.107.28. Number of nodes 50
EtherApe-INFO: 22:41:13.558: New node: IP: 8.8.8.8. Number of nodes 51
EtherApe-INFO: 22:41:15.606: New node: IP: 34.227.144.161. Number of nodes 52
EtherApe-INFO: 22:41:16.631: New node: IP: 142.250.203.142. Number of nodes 53
EtherApe-INFO: 22:41:18.422: New node: IP: 34.198.143.28. Number of nodes 54
EtherApe-INFO: 22:41:24.566: New node: IP: 52.85.120.75. Number of nodes 55
EtherApe-INFO: 22:41:26.870: New node: IP: 52.204.235.180. Number of nodes 56
EtherApe-INFO: 22:41:34.808: New node: IP: 104.18.40.133. Number of nodes 57
EtherApe-INFO: 22:41:35.575: New node: IP: 192.124.249.22. Number of nodes 58
EtherApe-INFO: 22:41:35.831: New node: IP: 52.214.181.141. Number of nodes 59
EtherApe-INFO: 22:41:37.368: New node: IP: 108.138.51.96. Number of nodes 60
EtherApe-INFO: 22:41:37.878: New node: IP: 142.250.186.206. Number of nodes 61
EtherApe-INFO: 22:41:38.653: New node: IP: 54.229.152.140. Number of nodes 62
EtherApe-INFO: 22:41:38.653: New node: IP: 151.101.193.140. Number of nodes 63
EtherApe-INFO: 22:41:39.415: New node: IP: 104.19.188.97. Number of nodes 64
EtherApe-INFO: 22:41:39.415: New node: IP: 185.199.108.154. Number of nodes 65
EtherApe-INFO: 22:41:39.682: New node: IP: 46.246.44.4. Number of nodes 66
EtherApe-INFO: 22:41:39.683: New node: IP: 13.224.189.55. Number of nodes 67
EtherApe-INFO: 22:41:39.930: New node: IP: 139.59.209.225. Number of nodes 68
EtherApe-INFO: 22:41:39.930: New node: IP: 104.19.187.97. Number of nodes 69
EtherApe-INFO: 22:41:41.207: New node: IP: 104.198.63.0. Number of nodes 70
EtherApe-INFO: 22:41:41.980: New node: IP: 216.58.215.110. Number of nodes 71
EtherApe-INFO: 22:41:42.232: New node: IP: 192.168.0.1. Number of nodes 72
EtherApe-INFO: 22:41:42.235: New node: IP: 185.199.110.133. Number of nodes 73
EtherApe-INFO: 22:41:42.488: New node: IP: 142.250.203.138. Number of nodes 74
EtherApe-INFO: 22:41:42.743: New node: IP: 151.101.129.140. Number of nodes 75
EtherApe-INFO: 22:41:43.007: New node: IP: 151.101.1.140. Number of nodes 76
EtherApe-INFO: 22:41:43.766: New node: IP: 151.101.65.208. Number of nodes 77
EtherApe-INFO: 22:41:44.050: New node: IP: 151.101.65.140. Number of nodes 78
EtherApe-INFO: 22:41:44.280: New node: IP: 104.81.120.141. Number of nodes 79
EtherApe-INFO: 22:41:44.541: New node: IP: 77.120.113.88. Number of nodes 80
EtherApe-INFO: 22:41:44.542: New node: IP: 13.32.99.49. Number of nodes 81
EtherApe-INFO: 22:41:44.798: New node: IP: 44.210.2.115. Number of nodes 82
EtherApe-INFO: 22:41:44.798: New node: IP: 172.64.155.188. Number of nodes 83
EtherApe-INFO: 22:41:44.812: New node: IP: 198.185.159.145. Number of nodes 84
EtherApe-INFO: 22:41:45.560: New node: IP: 87.245.209.170. Number of nodes 85
EtherApe-INFO: 22:41:45.560: New node: IP: 18.66.15.96. Number of nodes 86
EtherApe-INFO: 22:41:45.815: New node: IP: 87.245.209.186. Number of nodes 87
EtherApe-INFO: 22:41:46.070: New node: IP: 151.101.64.84. Number of nodes 88
EtherApe-INFO: 22:41:46.583: New node: IP: 54.205.93.122. Number of nodes 89
EtherApe-INFO: 22:41:47.612: New node: IP: 142.250.186.205. Number of nodes 90
EtherApe-INFO: 22:41:48.120: New node: IP: 151.101.64.238. Number of nodes 91
EtherApe-INFO: 22:41:48.120: New node: IP: 87.245.209.171. Number of nodes 92
EtherApe-INFO: 22:41:49.399: New node: IP: 52.215.192.132. Number of nodes 93
EtherApe-INFO: 22:41:50.434: New node: IP: 35.161.82.198. Number of nodes 94
EtherApe-INFO: 22:41:51.449: New node: IP: 35.163.99.201. Number of nodes 95
EtherApe-INFO: 22:41:53.753: New node: IP: 87.245.217.77. Number of nodes 96
EtherApe-INFO: 22:41:59.638: New node: IP: 104.17.185.177. Number of nodes 97
EtherApe-INFO: 22:42:00.406: New node: IP: 104.16.42.65. Number of nodes 98
EtherApe-INFO: 22:42:00.408: New node: IP: 104.16.240.21. Number of nodes 99
EtherApe-INFO: 22:42:29.124: delete node: IP: 62.149.0.30. Number of nodes 98
EtherApe-INFO: 22:42:32.151: New node: IP: 52.42.197.22. Number of nodes 99
EtherApe-INFO: 22:42:34.711: New node: IP: 185.199.109.133. Number of nodes 100
EtherApe-INFO: 22:42:34.969: New node: IP: 185.199.108.133. Number of nodes 101
EtherApe-INFO: 22:42:35.480: New node: IP: 91.198.174.192. Number of nodes 102
EtherApe-INFO: 22:42:36.759: New node: IP: 99.86.6.125. Number of nodes 103
EtherApe-INFO: 22:42:36.759: New node: IP: 62.149.0.30. Number of nodes 104
EtherApe-INFO: 22:42:37.554: delete node: IP: 127.0.0.1. Number of nodes 103
EtherApe-INFO: 22:42:38.377: delete node: IP: 224.0.0.251. Number of nodes 102
EtherApe-INFO: 22:42:40.599: New node: IP: 52.46.141.249. Number of nodes 103
EtherApe-INFO: 22:42:42.646: New node: IP: 108.138.2.14. Number of nodes 104
EtherApe-INFO: 22:42:42.646: New node: IP: 108.138.24.149. Number of nodes 105
EtherApe-INFO: 22:42:45.462: New node: IP: 127.0.0.1. Number of nodes 106
EtherApe-INFO: 22:42:45.462: New node: IP: 224.0.0.251. Number of nodes 107
EtherApe-INFO: 22:43:09.844: delete node: IP: 13.32.99.88. Number of nodes 106
EtherApe-INFO: 22:43:12.406: delete node: IP: 54.187.174.239. Number of nodes 105
EtherApe-INFO: 22:43:12.406: delete node: IP: 52.57.192.23. Number of nodes 104
EtherApe-INFO: 22:43:12.406: delete node: IP: 52.41.128.201. Number of nodes 103
EtherApe-INFO: 22:43:14.165: delete node: IP: 62.182.19.39. Number of nodes 102
EtherApe-INFO: 22:43:18.566: delete node: IP: 34.198.143.28. Number of nodes 101
EtherApe-INFO: 22:43:19.254: New node: IP: 34.198.143.28. Number of nodes 102
EtherApe-INFO: 22:43:21.845: delete node: IP: 52.29.123.56. Number of nodes 101
EtherApe-INFO: 22:43:21.845: delete node: IP: 18.159.68.239. Number of nodes 100
EtherApe-INFO: 22:43:27.040: delete node: IP: 52.204.235.180. Number of nodes 99
EtherApe-INFO: 22:43:27.702: New node: IP: 52.204.235.180. Number of nodes 100
EtherApe-INFO: 22:43:31.030: New node: IP: 192.168.1.1. Number of nodes 101
EtherApe-INFO: 22:43:39.584: delete node: IP: 104.19.188.97. Number of nodes 100
EtherApe-INFO: 22:43:39.584: delete node: IP: 54.229.152.140. Number of nodes 99
EtherApe-INFO: 22:43:40.251: delete node: IP: 104.19.187.97. Number of nodes 98
EtherApe-INFO: 22:43:41.527: New node: IP: 78.46.178.133. Number of nodes 99
EtherApe-INFO: 22:43:41.550: delete node: IP: 46.246.44.4. Number of nodes 98
EtherApe-INFO: 22:43:42.560: delete node: IP: 192.168.0.1. Number of nodes 97
EtherApe-INFO: 22:43:42.560: delete node: IP: 185.199.110.133. Number of nodes 96
EtherApe-INFO: 22:43:42.560: delete node: IP: 142.250.186.206. Number of nodes 95
EtherApe-INFO: 22:43:46.229: delete node: IP: 77.120.113.88. Number of nodes 94
EtherApe-INFO: 22:43:46.390: New node: IP: 104.16.249.249. Number of nodes 95
EtherApe-INFO: 22:43:48.766: delete node: IP: 151.101.129.140. Number of nodes 94
EtherApe-INFO: 22:43:48.766: delete node: IP: 142.250.186.205. Number of nodes 93
EtherApe-INFO: 22:43:48.766: delete node: IP: 87.245.209.186. Number of nodes 92
EtherApe-INFO: 22:43:56.387: delete node: IP: 151.101.64.238. Number of nodes 91
EtherApe-INFO: 22:44:05.864: delete node: IP: 18.66.121.29. Number of nodes 90
EtherApe-INFO: 22:44:12.063: delete node: IP: 104.18.20.226. Number of nodes 89
EtherApe-INFO: 22:44:17.730: delete node: IP: 198.185.159.145. Number of nodes 88
EtherApe-INFO: 22:44:27.661: delete node: IP: 35.163.99.201. Number of nodes 87
EtherApe-INFO: 22:44:29.910: delete node: IP: 35.161.82.198. Number of nodes 86
EtherApe-INFO: 22:44:35.807: delete node: IP: 185.199.108.154. Number of nodes 85
EtherApe-INFO: 22:44:35.807: delete node: IP: 185.199.108.133. Number of nodes 84
EtherApe-INFO: 22:44:36.911: delete node: IP: 62.149.0.30. Number of nodes 83
EtherApe-INFO: 22:44:42.013: delete node: IP: 8.8.8.8. Number of nodes 82
EtherApe-INFO: 22:44:46.077: delete node: IP: 127.0.0.1. Number of nodes 81
EtherApe-INFO: 22:44:46.821: delete node: IP: 224.0.0.251. Number of nodes 80
EtherApe-INFO: 22:44:46.821: delete node: IP: 192.124.249.22. Number of nodes 79
EtherApe-INFO: 22:44:53.744: delete node: IP: 142.250.203.202. Number of nodes 78
EtherApe-INFO: 22:45:01.241: delete node: IP: 34.160.144.191. Number of nodes 77
EtherApe-INFO: 22:45:02.188: delete node: IP: 108.138.17.104. Number of nodes 76
EtherApe-INFO: 22:45:02.188: delete node: IP: 104.18.13.33. Number of nodes 75
EtherApe-INFO: 22:45:02.188: delete node: IP: 104.17.49.74. Number of nodes 74
EtherApe-INFO: 22:45:02.715: delete node: IP: 34.120.208.123. Number of nodes 73
EtherApe-INFO: 22:45:02.715: delete node: IP: 18.66.98.108. Number of nodes 72
EtherApe-INFO: 22:45:03.030: delete node: IP: 3.2.8.2. Number of nodes 71
EtherApe-INFO: 22:45:03.769: delete node: IP: 104.16.99.56. Number of nodes 70
EtherApe-INFO: 22:45:05.032: delete node: IP: 54.236.184.223. Number of nodes 69
EtherApe-INFO: 22:45:06.825: delete node: IP: 172.64.107.28. Number of nodes 68
EtherApe-INFO: 22:45:06.825: delete node: IP: 34.107.141.31. Number of nodes 67
EtherApe-INFO: 22:45:08.824: delete node: IP: 142.250.203.142. Number of nodes 66
EtherApe-INFO: 22:45:11.140: delete node: IP: 104.198.63.0. Number of nodes 65
EtherApe-INFO: 22:45:14.198: New node: IP: 142.250.203.202. Number of nodes 66
EtherApe-INFO: 22:45:14.966: New node: IP: 52.42.252.225. Number of nodes 67
EtherApe-INFO: 22:45:17.557: delete node: IP: 52.85.120.75. Number of nodes 66
EtherApe-INFO: 22:45:19.909: delete node: IP: 34.198.143.28. Number of nodes 65
EtherApe-INFO: 22:45:20.086: New node: IP: 34.198.143.28. Number of nodes 66
EtherApe-INFO: 22:45:30.915: delete node: IP: 142.250.203.129. Number of nodes 65
EtherApe-INFO: 22:45:32.711: delete node: IP: 192.168.1.1. Number of nodes 64
EtherApe-INFO: 22:45:33.449: delete node: IP: 52.42.197.22. Number of nodes 63
EtherApe-INFO: 22:45:35.462: delete node: IP: 87.245.216.9. Number of nodes 62
EtherApe-INFO: 22:45:35.462: delete node: IP: 52.222.226.205. Number of nodes 61
EtherApe-INFO: 22:45:41.343: delete node: IP: 172.64.155.188. Number of nodes 60
EtherApe-INFO: 22:45:41.343: delete node: IP: 34.107.221.82. Number of nodes 59
EtherApe-INFO: 22:45:42.391: delete node: IP: 78.46.178.133. Number of nodes 58
EtherApe-INFO: 22:45:44.710: delete node: IP: 104.81.120.141. Number of nodes 57
EtherApe-INFO: 22:45:45.756: delete node: IP: 87.245.209.170. Number of nodes 56
EtherApe-INFO: 22:45:47.548: delete node: IP: 104.16.249.249. Number of nodes 55
EtherApe-INFO: 22:45:48.514: New node: IP: 54.229.152.140. Number of nodes 56
EtherApe-INFO: 22:45:50.554: New node: IP: 52.42.197.22. Number of nodes 57
EtherApe-INFO: 22:45:51.926: delete node: IP: 87.245.209.171. Number of nodes 56
EtherApe-INFO: 22:45:54.646: delete node: IP: 216.58.209.3. Number of nodes 55
EtherApe-INFO: 22:45:55.414: New node: IP: 176.122.96.225. Number of nodes 56
EtherApe-INFO: 22:45:56.759: delete node: IP: 93.184.220.29. Number of nodes 55
EtherApe-INFO: 22:46:32.050: delete node: IP: 13.224.189.55. Number of nodes 54
EtherApe-INFO: 22:46:36.948: delete node: IP: 216.58.215.110. Number of nodes 53
EtherApe-INFO: 22:46:36.948: delete node: IP: 151.101.65.208. Number of nodes 52
EtherApe-INFO: 22:46:36.948: delete node: IP: 151.101.64.84. Number of nodes 51
EtherApe-INFO: 22:46:36.948: delete node: IP: 151.101.1.140. Number of nodes 50
EtherApe-INFO: 22:46:36.948: delete node: IP: 142.250.203.138. Number of nodes 49
EtherApe-INFO: 22:46:36.948: delete node: IP: 104.18.40.133. Number of nodes 48
EtherApe-INFO: 22:46:36.948: delete node: IP: 91.198.174.192. Number of nodes 47
EtherApe-INFO: 22:46:36.948: delete node: IP: 44.210.2.115. Number of nodes 46
EtherApe-INFO: 22:46:36.948: delete node: IP: 18.66.15.96. Number of nodes 45
EtherApe-INFO: 22:46:36.948: delete node: IP: 13.32.99.49. Number of nodes 44
EtherApe-INFO: 22:46:37.160: delete node: IP: 52.46.141.249. Number of nodes 43
EtherApe-INFO: 22:46:38.512: delete node: IP: 142.250.203.206. Number of nodes 42
EtherApe-INFO: 22:46:39.449: delete node: IP: 216.58.215.74. Number of nodes 41
EtherApe-INFO: 22:46:39.449: delete node: IP: 151.101.193.140. Number of nodes 40
EtherApe-INFO: 22:46:42.571: delete node: IP: 52.215.192.132. Number of nodes 39
EtherApe-INFO: 22:46:50.296: delete node: IP: 142.250.186.196. Number of nodes 38
EtherApe-INFO: 22:46:52.066: delete node: IP: 104.17.185.177. Number of nodes 37
EtherApe-INFO: 22:46:52.066: delete node: IP: 104.16.240.21. Number of nodes 36
EtherApe-INFO: 22:46:52.067: delete node: IP: 104.16.42.65. Number of nodes 35
EtherApe-INFO: 22:46:53.015: New node: IP: 62.149.0.30. Number of nodes 36
EtherApe-INFO: 22:47:01.462: New node: IP: 127.0.0.1. Number of nodes 37
EtherApe-INFO: 22:47:01.462: New node: IP: 224.0.0.251. Number of nodes 38
EtherApe-INFO: 22:47:16.090: delete node: IP: 52.42.252.225. Number of nodes 37
EtherApe-INFO: 22:47:20.967: delete node: IP: 151.101.65.140. Number of nodes 36
EtherApe-INFO: 22:47:26.059: delete node: IP: 185.199.109.133. Number of nodes 35
EtherApe-INFO: 22:47:29.175: delete node: IP: 99.86.6.125. Number of nodes 34
EtherApe-INFO: 22:47:29.175: delete node: IP: 52.204.235.180. Number of nodes 33
EtherApe-INFO: 22:47:29.366: New node: IP: 52.204.235.180. Number of nodes 34
EtherApe-INFO: 22:47:30.943: delete node: IP: 139.59.209.225. Number of nodes 33
EtherApe-INFO: 22:47:35.821: delete node: IP: 108.138.24.149. Number of nodes 32
EtherApe-INFO: 22:47:35.821: delete node: IP: 108.138.2.14. Number of nodes 31
EtherApe-INFO: 22:47:37.378: delete node: IP: 34.227.144.161. Number of nodes 30
EtherApe-INFO: 22:47:49.869: delete node: IP: 142.250.203.202. Number of nodes 29
EtherApe-INFO: 22:47:51.953: delete node: IP: 140.82.121.3. Number of nodes 28
EtherApe-INFO: 22:48:00.890: delete node: IP: 54.229.152.140. Number of nodes 27
EtherApe-INFO: 22:48:17.586: delete node: IP: 176.122.96.225. Number of nodes 26
EtherApe-INFO: 22:48:23.638: New node: IP: 142.250.186.196. Number of nodes 27
EtherApe-INFO: 22:48:23.703: delete node: IP: 87.245.217.77. Number of nodes 26
EtherApe-INFO: 22:48:23.894: New node: IP: 216.58.209.3. Number of nodes 27
EtherApe-INFO: 22:48:27.998: New node: IP: 34.120.208.123. Number of nodes 28
EtherApe-INFO: 22:48:28.758: New node: IP: 142.250.186.195. Number of nodes 29
EtherApe-INFO: 22:48:29.782: New node: IP: 135.181.27.174. Number of nodes 30
EtherApe-INFO: 22:48:31.062: New node: IP: 192.168.1.1. Number of nodes 31
EtherApe-INFO: 22:48:32.599: New node: IP: 52.219.168.12. Number of nodes 32
EtherApe-INFO: 22:48:37.719: New node: IP: 18.66.112.77. Number of nodes 33
EtherApe-INFO: 22:48:41.046: New node: IP: 78.46.178.133. Number of nodes 34
EtherApe-INFO: 22:48:54.653: delete node: IP: 62.149.0.30. Number of nodes 33
EtherApe-INFO: 22:49:01.533: delete node: IP: 127.0.0.1. Number of nodes 32
EtherApe-INFO: 22:49:02.370: delete node: IP: 224.0.0.251. Number of nodes 31
EtherApe-INFO: 22:49:21.006: delete node: IP: 34.198.143.28. Number of nodes 30
EtherApe-INFO: 22:49:21.751: New node: IP: 34.198.143.28. Number of nodes 31
EtherApe-INFO: 22:49:29.230: delete node: IP: 52.204.235.180. Number of nodes 30
EtherApe-INFO: 22:49:30.198: New node: IP: 52.204.235.180. Number of nodes 31
EtherApe-INFO: 22:50:15.254: New node: IP: 52.42.252.225. Number of nodes 32
EtherApe-INFO: 22:50:31.464: delete node: IP: 192.168.1.1. Number of nodes 31
EtherApe-INFO: 22:50:39.671: delete node: IP: 192.168.0.130. Number of nodes 30
EtherApe-INFO: 22:50:42.481: delete node: IP: 192.168.0.218. Number of nodes 29
EtherApe-INFO: 22:50:42.481: delete node: IP: 78.46.178.133. Number of nodes 28
EtherApe-INFO: 22:50:42.481: delete node: IP: 9.9.9.9. Number of nodes 27
EtherApe-INFO: 22:50:59.031: New node: IP: 172.217.16.10. Number of nodes 28
EtherApe-INFO: 22:50:59.287: New node: IP: 192.168.0.130. Number of nodes 29
EtherApe-INFO: 22:50:59.543: New node: IP: 95.217.163.246. Number of nodes 30
EtherApe-INFO: 22:51:00.881: delete node: IP: 52.219.168.12. Number of nodes 29
EtherApe-INFO: 22:51:02.358: New node: IP: 192.168.0.218. Number of nodes 30
EtherApe-INFO: 22:51:02.358: New node: IP: 9.9.9.9. Number of nodes 31
EtherApe-INFO: 22:51:22.637: delete node: IP: 149.154.167.216. Number of nodes 30
EtherApe-INFO: 22:51:30.324: delete node: IP: 52.204.235.180. Number of nodes 29
EtherApe-INFO: 22:51:31.030: New node: IP: 52.204.235.180. Number of nodes 30
EtherApe-INFO: 22:51:33.846: New node: IP: 149.154.167.216. Number of nodes 31
EtherApe-INFO: 22:51:35.737: delete node: IP: 135.181.27.174. Number of nodes 30
