(etherape:1822): GLib-GIO-DEBUG: 22:39:12.973: _g_io_module_get_default: Found default implementation local (GLocalVfs) for ‘gio-vfs’
(etherape:1822): GLib-GIO-DEBUG: 22:39:13.055: Using cross-namespace EXTERNAL authentication (this will deadlock if server is GDBus < 2.73.3)
EtherApe-INFO: 22:39:13.107: sctp protocol not supported
EtherApe-INFO: 22:39:13.107: dccp protocol not supported
EtherApe-INFO: 22:39:13.107: sctp protocol not supported
EtherApe-INFO: 22:39:13.107: sctp protocol not supported
EtherApe-INFO: 22:39:13.107: sctp protocol not supported
EtherApe-INFO: 22:39:13.107: sctp protocol not supported
EtherApe-INFO: 22:39:13.107: sctp protocol not supported
EtherApe-INFO: 22:39:13.107: sctp protocol not supported
EtherApe-INFO: 22:39:13.108: sctp protocol not supported
EtherApe-INFO: 22:39:13.108: dccp protocol not supported
EtherApe-INFO: 22:39:13.108: sctp protocol not supported
EtherApe-INFO: 22:39:13.108: dccp protocol not supported
EtherApe-INFO: 22:39:13.108: dccp protocol not supported
EtherApe-INFO: 22:39:13.108: sctp protocol not supported
EtherApe-INFO: 22:39:13.108: sctp protocol not supported
EtherApe-INFO: 22:39:13.108: sctp protocol not supported
EtherApe-INFO: 22:39:13.109: sctp protocol not supported
EtherApe-INFO: 22:39:13.109: sctp protocol not supported
EtherApe-INFO: 22:39:13.109: sctp protocol not supported
EtherApe-INFO: 22:39:13.109: sctp protocol not supported
EtherApe-INFO: 22:39:13.110: sctp protocol not supported
EtherApe-INFO: 22:39:13.110: sctp protocol not supported
EtherApe-INFO: 22:39:13.110: sctp protocol not supported
EtherApe-INFO: 22:39:13.110: sctp protocol not supported
EtherApe-INFO: 22:39:13.110: sctp protocol not supported
EtherApe-INFO: 22:39:13.110: sctp protocol not supported
EtherApe-INFO: 22:39:13.110: sctp protocol not supported
EtherApe-INFO: 22:39:13.111: sctp protocol not supported
EtherApe-INFO: 22:39:13.111: dccp protocol not supported
EtherApe-INFO: 22:39:13.111: sctp protocol not supported
EtherApe-INFO: 22:39:13.111: sctp protocol not supported
EtherApe-INFO: 22:39:13.111: dccp protocol not supported
EtherApe-INFO: 22:39:13.111: sctp protocol not supported
EtherApe-INFO: 22:39:13.111: sctp protocol not supported
EtherApe-INFO: 22:39:13.111: sctp protocol not supported
EtherApe-INFO: 22:39:13.111: dccp protocol not supported
EtherApe-INFO: 22:39:13.111: dccp protocol not supported
EtherApe-INFO: 22:39:13.111: sctp protocol not supported
EtherApe-INFO: 22:39:13.111: sctp protocol not supported
EtherApe-INFO: 22:39:13.111: sctp protocol not supported
EtherApe-INFO: 22:39:13.111: sctp protocol not supported
EtherApe-INFO: 22:39:13.111: sctp protocol not supported
EtherApe-INFO: 22:39:13.111: sctp protocol not supported
EtherApe-INFO: 22:39:13.111: sctp protocol not supported
EtherApe-INFO: 22:39:13.111: sctp protocol not supported
EtherApe-INFO: 22:39:13.111: sctp protocol not supported
EtherApe-INFO: 22:39:13.111: sctp protocol not supported
EtherApe-INFO: 22:39:13.111: sctp protocol not supported
EtherApe-INFO: 22:39:13.111: sctp protocol not supported
EtherApe-INFO: 22:39:13.111: sctp protocol not supported
EtherApe-INFO: 22:39:13.111: sctp protocol not supported
EtherApe-INFO: 22:39:13.111: sctp protocol not supported
EtherApe-INFO: 22:39:13.111: sctp protocol not supported
EtherApe-INFO: 22:39:13.111: sctp protocol not supported
EtherApe-INFO: 22:39:13.111: sctp protocol not supported
EtherApe-INFO: 22:39:13.111: sctp protocol not supported
EtherApe-INFO: 22:39:13.111: sctp protocol not supported
EtherApe-INFO: 22:39:13.111: dccp protocol not supported
EtherApe-INFO: 22:39:13.112: sctp protocol not supported
EtherApe-INFO: 22:39:13.112: sctp protocol not supported
EtherApe-INFO: 22:39:13.112: sctp protocol not supported
EtherApe-INFO: 22:39:13.112: sctp protocol not supported
EtherApe-INFO: 22:39:13.112: sctp protocol not supported
EtherApe-INFO: 22:39:13.112: sctp protocol not supported
EtherApe-INFO: 22:39:13.112: sctp protocol not supported
EtherApe-INFO: 22:39:13.112: sctp protocol not supported
EtherApe-INFO: 22:39:13.112: sctp protocol not supported
EtherApe-INFO: 22:39:13.112: sctp protocol not supported
EtherApe-INFO: 22:39:13.112: sctp protocol not supported
EtherApe-INFO: 22:39:13.112: sctp protocol not supported
EtherApe-INFO: 22:39:13.112: sctp protocol not supported
EtherApe-INFO: 22:39:13.112: sctp protocol not supported
EtherApe-INFO: 22:39:13.112: sctp protocol not supported
EtherApe-INFO: 22:39:13.112: sctp protocol not supported
EtherApe-INFO: 22:39:13.112: sctp protocol not supported
EtherApe-INFO: 22:39:13.112: sctp protocol not supported
EtherApe-INFO: 22:39:13.112: sctp protocol not supported
EtherApe-INFO: 22:39:13.112: sctp protocol not supported
EtherApe-INFO: 22:39:13.112: sctp protocol not supported
EtherApe-INFO: 22:39:13.112: sctp protocol not supported
EtherApe-INFO: 22:39:13.113: sctp protocol not supported
EtherApe-INFO: 22:39:13.113: sctp protocol not supported
EtherApe-INFO: 22:39:13.113: sctp protocol not supported
EtherApe-INFO: 22:39:13.113: sctp protocol not supported
EtherApe-INFO: 22:39:13.113: sctp protocol not supported
EtherApe-INFO: 22:39:13.113: sctp protocol not supported
EtherApe-INFO: 22:39:13.113: sctp protocol not supported
EtherApe-INFO: 22:39:13.113: sctp protocol not supported
EtherApe-INFO: 22:39:13.113: sctp protocol not supported
EtherApe-INFO: 22:39:13.113: sctp protocol not supported
EtherApe-INFO: 22:39:13.113: sctp protocol not supported
EtherApe-INFO: 22:39:13.113: sctp protocol not supported
EtherApe-INFO: 22:39:13.113: sctp protocol not supported
EtherApe-INFO: 22:39:13.113: sctp protocol not supported
EtherApe-INFO: 22:39:13.113: sctp protocol not supported
EtherApe-INFO: 22:39:13.113: sctp protocol not supported
EtherApe-INFO: 22:39:13.170: get_interface result: ''
EtherApe-INFO: 22:39:13.171: Available interfaces for capture: dbus-session dbus-system nfqueue nflog bluetooth-monitor lo any enp7s0
EtherApe-INFO: 22:39:13.171: Link type is LINUX_SLL
EtherApe-INFO: 22:39:13.172: Diagram started
EtherApe-INFO: 22:39:25.969: New node: IP: 192.168.1.199. Number of nodes 1
EtherApe-INFO: 22:39:25.969: New node: IP: 142.250.203.142. Number of nodes 2
EtherApe-INFO: 22:39:25.969: New node: IP: 142.250.186.195. Number of nodes 3
EtherApe-INFO: 22:39:26.236: New node: IP: 64.233.164.188. Number of nodes 4
EtherApe-INFO: 22:39:26.236: New node: IP: 192.168.1.1. Number of nodes 5
EtherApe-INFO: 22:39:29.169: New node: IP: 104.16.208.203. Number of nodes 6
EtherApe-INFO: 22:39:30.769: New node: IP: 172.64.151.218. Number of nodes 7
EtherApe-INFO: 22:39:31.036: New node: IP: 104.16.156.111. Number of nodes 8
EtherApe-INFO: 22:39:33.172: New node: IP: 142.250.203.196. Number of nodes 9
EtherApe-INFO: 22:39:34.503: New node: IP: 142.250.186.206. Number of nodes 10
EtherApe-INFO: 22:39:35.570: New node: IP: 172.217.16.46. Number of nodes 11
EtherApe-INFO: 22:39:37.170: New node: IP: 142.250.203.202. Number of nodes 12
EtherApe-INFO: 22:39:37.172: New node: IP: 142.250.203.206. Number of nodes 13
EtherApe-INFO: 22:39:37.439: New node: IP: 184.73.242.38. Number of nodes 14
EtherApe-INFO: 22:39:38.239: New node: IP: 172.217.16.35. Number of nodes 15
EtherApe-INFO: 22:39:38.769: New node: IP: 35.190.80.1. Number of nodes 16
EtherApe-INFO: 22:40:19.836: New node: IP: 216.58.208.202. Number of nodes 17
EtherApe-INFO: 22:40:38.235: New node: IP: 239.255.255.250. Number of nodes 18
EtherApe-INFO: 22:41:14.262: delete node: IP: 35.190.80.1. Number of nodes 17
EtherApe-INFO: 22:41:14.262: delete node: IP: 64.233.164.188. Number of nodes 16
EtherApe-INFO: 22:41:14.262: delete node: IP: 104.16.156.111. Number of nodes 15
EtherApe-INFO: 22:41:14.262: delete node: IP: 104.16.208.203. Number of nodes 14
EtherApe-INFO: 22:41:14.262: delete node: IP: 142.250.186.195. Number of nodes 13
EtherApe-INFO: 22:41:14.262: delete node: IP: 142.250.186.206. Number of nodes 12
EtherApe-INFO: 22:41:14.262: delete node: IP: 142.250.203.142. Number of nodes 11
EtherApe-INFO: 22:41:14.262: delete node: IP: 142.250.203.196. Number of nodes 10
EtherApe-INFO: 22:41:14.262: delete node: IP: 142.250.203.202. Number of nodes 9
EtherApe-INFO: 22:41:14.262: delete node: IP: 142.250.203.206. Number of nodes 8
EtherApe-INFO: 22:41:14.262: delete node: IP: 172.64.151.218. Number of nodes 7
EtherApe-INFO: 22:41:14.262: delete node: IP: 172.217.16.35. Number of nodes 6
EtherApe-INFO: 22:41:14.262: delete node: IP: 172.217.16.46. Number of nodes 5
EtherApe-INFO: 22:41:14.262: delete node: IP: 184.73.242.38. Number of nodes 4
EtherApe-INFO: 22:41:14.262: delete node: IP: 192.168.1.1. Number of nodes 3
EtherApe-INFO: 22:41:14.262: delete node: IP: 192.168.1.199. Number of nodes 2
EtherApe-INFO: 22:41:14.262: delete node: IP: 216.58.208.202. Number of nodes 1
EtherApe-INFO: 22:41:14.262: delete node: IP: 239.255.255.250. Number of nodes 0
