(etherape:6929): GLib-GIO-DEBUG: 19:07:13.934: _g_io_module_get_default: Found default implementation local (GLocalVfs) for ‘gio-vfs’
(etherape:6929): GLib-GIO-DEBUG: 19:07:14.006: Using cross-namespace EXTERNAL authentication (this will deadlock if server is GDBus < 2.73.3)
EtherApe-INFO: 19:07:14.060: sctp protocol not supported
EtherApe-INFO: 19:07:14.060: dccp protocol not supported
EtherApe-INFO: 19:07:14.060: sctp protocol not supported
EtherApe-INFO: 19:07:14.060: sctp protocol not supported
EtherApe-INFO: 19:07:14.060: sctp protocol not supported
EtherApe-INFO: 19:07:14.060: sctp protocol not supported
EtherApe-INFO: 19:07:14.060: sctp protocol not supported
EtherApe-INFO: 19:07:14.060: sctp protocol not supported
EtherApe-INFO: 19:07:14.061: sctp protocol not supported
EtherApe-INFO: 19:07:14.061: dccp protocol not supported
EtherApe-INFO: 19:07:14.061: sctp protocol not supported
EtherApe-INFO: 19:07:14.061: dccp protocol not supported
EtherApe-INFO: 19:07:14.061: dccp protocol not supported
EtherApe-INFO: 19:07:14.061: sctp protocol not supported
EtherApe-INFO: 19:07:14.061: sctp protocol not supported
EtherApe-INFO: 19:07:14.061: sctp protocol not supported
EtherApe-INFO: 19:07:14.062: sctp protocol not supported
EtherApe-INFO: 19:07:14.062: sctp protocol not supported
EtherApe-INFO: 19:07:14.063: sctp protocol not supported
EtherApe-INFO: 19:07:14.063: sctp protocol not supported
EtherApe-INFO: 19:07:14.063: sctp protocol not supported
EtherApe-INFO: 19:07:14.063: sctp protocol not supported
EtherApe-INFO: 19:07:14.063: sctp protocol not supported
EtherApe-INFO: 19:07:14.063: sctp protocol not supported
EtherApe-INFO: 19:07:14.064: sctp protocol not supported
EtherApe-INFO: 19:07:14.064: sctp protocol not supported
EtherApe-INFO: 19:07:14.064: sctp protocol not supported
EtherApe-INFO: 19:07:14.064: sctp protocol not supported
EtherApe-INFO: 19:07:14.064: dccp protocol not supported
EtherApe-INFO: 19:07:14.064: sctp protocol not supported
EtherApe-INFO: 19:07:14.064: sctp protocol not supported
EtherApe-INFO: 19:07:14.064: dccp protocol not supported
EtherApe-INFO: 19:07:14.064: sctp protocol not supported
EtherApe-INFO: 19:07:14.064: sctp protocol not supported
EtherApe-INFO: 19:07:14.064: sctp protocol not supported
EtherApe-INFO: 19:07:14.064: dccp protocol not supported
EtherApe-INFO: 19:07:14.064: dccp protocol not supported
EtherApe-INFO: 19:07:14.064: sctp protocol not supported
EtherApe-INFO: 19:07:14.064: sctp protocol not supported
EtherApe-INFO: 19:07:14.064: sctp protocol not supported
EtherApe-INFO: 19:07:14.064: sctp protocol not supported
EtherApe-INFO: 19:07:14.064: sctp protocol not supported
EtherApe-INFO: 19:07:14.065: sctp protocol not supported
EtherApe-INFO: 19:07:14.065: sctp protocol not supported
EtherApe-INFO: 19:07:14.065: sctp protocol not supported
EtherApe-INFO: 19:07:14.065: sctp protocol not supported
EtherApe-INFO: 19:07:14.065: sctp protocol not supported
EtherApe-INFO: 19:07:14.065: sctp protocol not supported
EtherApe-INFO: 19:07:14.065: sctp protocol not supported
EtherApe-INFO: 19:07:14.065: sctp protocol not supported
EtherApe-INFO: 19:07:14.065: sctp protocol not supported
EtherApe-INFO: 19:07:14.065: sctp protocol not supported
EtherApe-INFO: 19:07:14.065: sctp protocol not supported
EtherApe-INFO: 19:07:14.065: sctp protocol not supported
EtherApe-INFO: 19:07:14.065: sctp protocol not supported
EtherApe-INFO: 19:07:14.065: sctp protocol not supported
EtherApe-INFO: 19:07:14.065: sctp protocol not supported
EtherApe-INFO: 19:07:14.065: dccp protocol not supported
EtherApe-INFO: 19:07:14.065: sctp protocol not supported
EtherApe-INFO: 19:07:14.065: sctp protocol not supported
EtherApe-INFO: 19:07:14.065: sctp protocol not supported
EtherApe-INFO: 19:07:14.065: sctp protocol not supported
EtherApe-INFO: 19:07:14.065: sctp protocol not supported
EtherApe-INFO: 19:07:14.065: sctp protocol not supported
EtherApe-INFO: 19:07:14.065: sctp protocol not supported
EtherApe-INFO: 19:07:14.065: sctp protocol not supported
EtherApe-INFO: 19:07:14.066: sctp protocol not supported
EtherApe-INFO: 19:07:14.066: sctp protocol not supported
EtherApe-INFO: 19:07:14.066: sctp protocol not supported
EtherApe-INFO: 19:07:14.066: sctp protocol not supported
EtherApe-INFO: 19:07:14.066: sctp protocol not supported
EtherApe-INFO: 19:07:14.066: sctp protocol not supported
EtherApe-INFO: 19:07:14.066: sctp protocol not supported
EtherApe-INFO: 19:07:14.066: sctp protocol not supported
EtherApe-INFO: 19:07:14.066: sctp protocol not supported
EtherApe-INFO: 19:07:14.066: sctp protocol not supported
EtherApe-INFO: 19:07:14.066: sctp protocol not supported
EtherApe-INFO: 19:07:14.066: sctp protocol not supported
EtherApe-INFO: 19:07:14.066: sctp protocol not supported
EtherApe-INFO: 19:07:14.066: sctp protocol not supported
EtherApe-INFO: 19:07:14.066: sctp protocol not supported
EtherApe-INFO: 19:07:14.066: sctp protocol not supported
EtherApe-INFO: 19:07:14.066: sctp protocol not supported
EtherApe-INFO: 19:07:14.066: sctp protocol not supported
EtherApe-INFO: 19:07:14.066: sctp protocol not supported
EtherApe-INFO: 19:07:14.066: sctp protocol not supported
EtherApe-INFO: 19:07:14.066: sctp protocol not supported
EtherApe-INFO: 19:07:14.066: sctp protocol not supported
EtherApe-INFO: 19:07:14.066: sctp protocol not supported
EtherApe-INFO: 19:07:14.066: sctp protocol not supported
EtherApe-INFO: 19:07:14.066: sctp protocol not supported
EtherApe-INFO: 19:07:14.066: sctp protocol not supported
EtherApe-INFO: 19:07:14.066: sctp protocol not supported
EtherApe-INFO: 19:07:14.066: sctp protocol not supported
EtherApe-INFO: 19:07:14.074: get_interface result: ''
EtherApe-INFO: 19:07:14.075: Available interfaces for capture: dbus-session dbus-system nfqueue nflog bluetooth-monitor bluetooth0 lo any wlp2s0
EtherApe-INFO: 19:07:14.075: Link type is LINUX_SLL
EtherApe-INFO: 19:07:14.076: Diagram started
EtherApe-INFO: 19:07:14.332: New node: IP: 143.244.34.62. Number of nodes 1
EtherApe-INFO: 19:07:14.332: New node: IP: 192.168.1.249. Number of nodes 2
EtherApe-INFO: 19:07:15.666: New node: IP: 9.9.9.9. Number of nodes 3
EtherApe-INFO: 19:07:15.932: New node: IP: 185.226.144.91. Number of nodes 4
EtherApe-INFO: 19:07:22.866: New node: IP: 149.154.167.41. Number of nodes 5
EtherApe-INFO: 19:08:07.399: New node: IP: 104.16.249.249. Number of nodes 6
EtherApe-INFO: 19:08:51.132: New node: IP: 192.168.1.1. Number of nodes 7
EtherApe-INFO: 19:08:51.932: New node: IP: 95.216.195.133. Number of nodes 8
EtherApe-INFO: 19:09:04.199: New node: IP: 3.127.160.74. Number of nodes 9
EtherApe-INFO: 19:09:11.667: New node: IP: 149.154.167.216. Number of nodes 10
EtherApe-INFO: 19:09:15.408: New node: IP: 149.154.167.255. Number of nodes 11
EtherApe-INFO: 19:10:13.962: New node: IP: 34.213.106.99. Number of nodes 12
EtherApe-INFO: 19:10:30.227: New node: IP: 91.108.56.145. Number of nodes 13
EtherApe-INFO: 19:10:51.357: delete node: IP: 192.168.1.1. Number of nodes 12
EtherApe-INFO: 19:10:52.179: delete node: IP: 95.216.195.133. Number of nodes 11
EtherApe-INFO: 19:10:57.162: New node: IP: 149.154.171.255. Number of nodes 12
EtherApe-INFO: 19:11:34.023: delete node: IP: 3.127.160.74. Number of nodes 11
EtherApe-INFO: 19:11:36.896: New node: IP: 149.154.167.91. Number of nodes 12
EtherApe-INFO: 19:11:39.027: New node: IP: 91.108.56.188. Number of nodes 13
EtherApe-INFO: 19:12:13.961: delete node: IP: 34.213.106.99. Number of nodes 12
EtherApe-INFO: 19:12:48.107: delete node: IP: 91.108.56.145. Number of nodes 11
EtherApe-INFO: 19:13:14.543: delete node: IP: 149.154.171.255. Number of nodes 10
EtherApe-INFO: 19:13:45.183: delete node: IP: 149.154.167.255. Number of nodes 9
EtherApe-INFO: 19:13:51.293: New node: IP: 192.168.1.1. Number of nodes 10
EtherApe-INFO: 19:13:51.828: New node: IP: 95.216.195.133. Number of nodes 11
EtherApe-INFO: 19:13:54.301: delete node: IP: 149.154.167.91. Number of nodes 10
EtherApe-INFO: 19:13:57.174: delete node: IP: 91.108.56.188. Number of nodes 9
EtherApe-INFO: 19:14:02.530: delete node: IP: 149.154.167.216. Number of nodes 8
EtherApe-INFO: 19:14:22.760: New node: IP: 149.154.167.216. Number of nodes 9
EtherApe-INFO: 19:15:13.966: New node: IP: 34.213.106.99. Number of nodes 10
EtherApe-INFO: 19:15:44.359: New node: IP: 213.231.2.124. Number of nodes 11
EtherApe-INFO: 19:15:51.295: delete node: IP: 192.168.1.1. Number of nodes 10
EtherApe-INFO: 19:15:52.116: delete node: IP: 95.216.195.133. Number of nodes 9
EtherApe-INFO: 19:16:05.425: New node: IP: 149.154.167.50. Number of nodes 10
EtherApe-INFO: 19:16:15.292: New node: IP: 72.4.120.219. Number of nodes 11
EtherApe-INFO: 19:17:14.307: delete node: IP: 34.213.106.99. Number of nodes 10
EtherApe-INFO: 19:17:44.645: delete node: IP: 213.231.2.124. Number of nodes 9
EtherApe-INFO: 19:18:05.522: delete node: IP: 149.154.167.50. Number of nodes 8
EtherApe-INFO: 19:18:29.991: delete node: IP: 149.154.167.216. Number of nodes 7
EtherApe-INFO: 19:19:34.578: delete node: IP: 143.244.34.62. Number of nodes 6
EtherApe-INFO: 19:19:51.324: delete node: IP: 104.16.249.249. Number of nodes 5
EtherApe-INFO: 19:20:14.227: New node: IP: 34.213.106.99. Number of nodes 6
EtherApe-INFO: 19:20:37.692: New node: IP: 143.244.34.62. Number of nodes 7
EtherApe-INFO: 19:20:43.559: New node: IP: 149.154.167.216. Number of nodes 8
EtherApe-INFO: 19:22:29.191: delete node: IP: 34.213.106.99. Number of nodes 7
EtherApe-INFO: 19:22:36.359: New node: IP: 0.0.0.0. Number of nodes 8
EtherApe-INFO: 19:22:36.359: New node: IP: 255.255.255.255. Number of nodes 9
EtherApe-INFO: 19:22:36.361: New node: IP: 192.168.1.1. Number of nodes 10
EtherApe-INFO: 19:22:37.720: delete node: IP: 143.244.34.62. Number of nodes 9
EtherApe-INFO: 19:22:58.787: delete node: IP: 149.154.167.216. Number of nodes 8
EtherApe-INFO: 19:24:44.952: delete node: IP: 255.255.255.255. Number of nodes 7
EtherApe-INFO: 19:24:44.952: delete node: IP: 192.168.1.1. Number of nodes 6
EtherApe-INFO: 19:24:44.952: delete node: IP: 0.0.0.0. Number of nodes 5
EtherApe-INFO: 19:25:30.759: New node: IP: 149.154.167.216. Number of nodes 6
EtherApe-INFO: 19:25:42.226: New node: IP: 34.213.106.99. Number of nodes 7
EtherApe-INFO: 19:26:24.931: delete node: IP: 72.4.120.219. Number of nodes 6
EtherApe-INFO: 19:27:46.801: delete node: IP: 149.154.167.216. Number of nodes 5
EtherApe-INFO: 19:27:46.801: delete node: IP: 34.213.106.99. Number of nodes 4
EtherApe-INFO: 19:28:00.892: New node: IP: 149.154.167.216. Number of nodes 5
EtherApe-INFO: 19:30:18.040: delete node: IP: 149.154.167.216. Number of nodes 4
EtherApe-INFO: 19:31:11.825: New node: IP: 149.154.167.216. Number of nodes 5
EtherApe-INFO: 19:31:21.159: New node: IP: 0.0.0.0. Number of nodes 6
EtherApe-INFO: 19:31:21.159: New node: IP: 255.255.255.255. Number of nodes 7
EtherApe-INFO: 19:31:21.425: New node: IP: 192.168.1.1. Number of nodes 8
EtherApe-INFO: 19:33:22.233: delete node: IP: 255.255.255.255. Number of nodes 7
EtherApe-INFO: 19:33:22.233: delete node: IP: 192.168.1.1. Number of nodes 6
EtherApe-INFO: 19:33:22.233: delete node: IP: 0.0.0.0. Number of nodes 5
EtherApe-INFO: 19:40:06.225: New node: IP: 0.0.0.0. Number of nodes 6
EtherApe-INFO: 19:40:06.226: New node: IP: 255.255.255.255. Number of nodes 7
EtherApe-INFO: 19:40:06.226: New node: IP: 192.168.1.1. Number of nodes 8
EtherApe-INFO: 19:40:25.161: delete node: IP: 149.154.167.216. Number of nodes 7
EtherApe-INFO: 19:42:06.823: delete node: IP: 255.255.255.255. Number of nodes 6
EtherApe-INFO: 19:42:06.823: delete node: IP: 192.168.1.1. Number of nodes 5
EtherApe-INFO: 19:42:06.823: delete node: IP: 0.0.0.0. Number of nodes 4
EtherApe-INFO: 19:42:44.629: New node: IP: 149.154.167.216. Number of nodes 5
EtherApe-INFO: 19:48:14.228: New node: IP: 3.127.160.74. Number of nodes 6
EtherApe-INFO: 19:48:14.228: New node: IP: 89.187.191.12. Number of nodes 7
EtherApe-INFO: 19:48:19.302: New node: IP: 8.8.8.8. Number of nodes 8
EtherApe-INFO: 19:48:51.292: New node: IP: 0.0.0.0. Number of nodes 9
EtherApe-INFO: 19:48:51.292: New node: IP: 255.255.255.255. Number of nodes 10
EtherApe-INFO: 19:48:51.292: New node: IP: 192.168.1.1. Number of nodes 11
EtherApe-INFO: 19:50:19.563: delete node: IP: 8.8.8.8. Number of nodes 10
EtherApe-INFO: 19:50:31.630: delete node: IP: 3.127.160.74. Number of nodes 9
EtherApe-INFO: 19:50:54.045: delete node: IP: 255.255.255.255. Number of nodes 8
EtherApe-INFO: 19:50:54.045: delete node: IP: 192.168.1.1. Number of nodes 7
EtherApe-INFO: 19:50:54.045: delete node: IP: 0.0.0.0. Number of nodes 6
EtherApe-INFO: 19:51:56.456: delete node: IP: 149.154.167.216. Number of nodes 5
EtherApe-INFO: 19:54:28.092: New node: IP: 149.154.167.216. Number of nodes 6
EtherApe-INFO: 19:54:37.437: delete node: IP: 89.187.191.12. Number of nodes 5
