(etherape:2703): GLib-GIO-DEBUG: 01:33:30.802: _g_io_module_get_default: Found default implementation local (GLocalVfs) for ‘gio-vfs’
(etherape:2703): GLib-GIO-DEBUG: 01:33:31.173: Using cross-namespace EXTERNAL authentication (this will deadlock if server is GDBus < 2.73.3)
EtherApe-INFO: 01:33:31.226: sctp protocol not supported
EtherApe-INFO: 01:33:31.226: dccp protocol not supported
EtherApe-INFO: 01:33:31.226: sctp protocol not supported
EtherApe-INFO: 01:33:31.226: sctp protocol not supported
EtherApe-INFO: 01:33:31.226: sctp protocol not supported
EtherApe-INFO: 01:33:31.226: sctp protocol not supported
EtherApe-INFO: 01:33:31.226: sctp protocol not supported
EtherApe-INFO: 01:33:31.226: sctp protocol not supported
EtherApe-INFO: 01:33:31.227: sctp protocol not supported
EtherApe-INFO: 01:33:31.227: dccp protocol not supported
EtherApe-INFO: 01:33:31.227: sctp protocol not supported
EtherApe-INFO: 01:33:31.227: dccp protocol not supported
EtherApe-INFO: 01:33:31.227: dccp protocol not supported
EtherApe-INFO: 01:33:31.227: sctp protocol not supported
EtherApe-INFO: 01:33:31.227: sctp protocol not supported
EtherApe-INFO: 01:33:31.227: sctp protocol not supported
EtherApe-INFO: 01:33:31.228: sctp protocol not supported
EtherApe-INFO: 01:33:31.228: sctp protocol not supported
EtherApe-INFO: 01:33:31.229: sctp protocol not supported
EtherApe-INFO: 01:33:31.229: sctp protocol not supported
EtherApe-INFO: 01:33:31.229: sctp protocol not supported
EtherApe-INFO: 01:33:31.229: sctp protocol not supported
EtherApe-INFO: 01:33:31.229: sctp protocol not supported
EtherApe-INFO: 01:33:31.229: sctp protocol not supported
EtherApe-INFO: 01:33:31.229: sctp protocol not supported
EtherApe-INFO: 01:33:31.229: sctp protocol not supported
EtherApe-INFO: 01:33:31.229: sctp protocol not supported
EtherApe-INFO: 01:33:31.230: sctp protocol not supported
EtherApe-INFO: 01:33:31.230: dccp protocol not supported
EtherApe-INFO: 01:33:31.230: sctp protocol not supported
EtherApe-INFO: 01:33:31.230: sctp protocol not supported
EtherApe-INFO: 01:33:31.230: dccp protocol not supported
EtherApe-INFO: 01:33:31.230: sctp protocol not supported
EtherApe-INFO: 01:33:31.230: sctp protocol not supported
EtherApe-INFO: 01:33:31.230: sctp protocol not supported
EtherApe-INFO: 01:33:31.230: dccp protocol not supported
EtherApe-INFO: 01:33:31.230: dccp protocol not supported
EtherApe-INFO: 01:33:31.230: sctp protocol not supported
EtherApe-INFO: 01:33:31.230: sctp protocol not supported
EtherApe-INFO: 01:33:31.230: sctp protocol not supported
EtherApe-INFO: 01:33:31.230: sctp protocol not supported
EtherApe-INFO: 01:33:31.230: sctp protocol not supported
EtherApe-INFO: 01:33:31.230: sctp protocol not supported
EtherApe-INFO: 01:33:31.230: sctp protocol not supported
EtherApe-INFO: 01:33:31.230: sctp protocol not supported
EtherApe-INFO: 01:33:31.230: sctp protocol not supported
EtherApe-INFO: 01:33:31.230: sctp protocol not supported
EtherApe-INFO: 01:33:31.230: sctp protocol not supported
EtherApe-INFO: 01:33:31.230: sctp protocol not supported
EtherApe-INFO: 01:33:31.230: sctp protocol not supported
EtherApe-INFO: 01:33:31.230: sctp protocol not supported
EtherApe-INFO: 01:33:31.230: sctp protocol not supported
EtherApe-INFO: 01:33:31.230: sctp protocol not supported
EtherApe-INFO: 01:33:31.230: sctp protocol not supported
EtherApe-INFO: 01:33:31.230: sctp protocol not supported
EtherApe-INFO: 01:33:31.230: sctp protocol not supported
EtherApe-INFO: 01:33:31.230: sctp protocol not supported
EtherApe-INFO: 01:33:31.231: dccp protocol not supported
EtherApe-INFO: 01:33:31.231: sctp protocol not supported
EtherApe-INFO: 01:33:31.231: sctp protocol not supported
EtherApe-INFO: 01:33:31.231: sctp protocol not supported
EtherApe-INFO: 01:33:31.231: sctp protocol not supported
EtherApe-INFO: 01:33:31.231: sctp protocol not supported
EtherApe-INFO: 01:33:31.231: sctp protocol not supported
EtherApe-INFO: 01:33:31.231: sctp protocol not supported
EtherApe-INFO: 01:33:31.231: sctp protocol not supported
EtherApe-INFO: 01:33:31.231: sctp protocol not supported
EtherApe-INFO: 01:33:31.231: sctp protocol not supported
EtherApe-INFO: 01:33:31.231: sctp protocol not supported
EtherApe-INFO: 01:33:31.231: sctp protocol not supported
EtherApe-INFO: 01:33:31.231: sctp protocol not supported
EtherApe-INFO: 01:33:31.231: sctp protocol not supported
EtherApe-INFO: 01:33:31.231: sctp protocol not supported
EtherApe-INFO: 01:33:31.231: sctp protocol not supported
EtherApe-INFO: 01:33:31.231: sctp protocol not supported
EtherApe-INFO: 01:33:31.231: sctp protocol not supported
EtherApe-INFO: 01:33:31.231: sctp protocol not supported
EtherApe-INFO: 01:33:31.231: sctp protocol not supported
EtherApe-INFO: 01:33:31.231: sctp protocol not supported
EtherApe-INFO: 01:33:31.231: sctp protocol not supported
EtherApe-INFO: 01:33:31.232: sctp protocol not supported
EtherApe-INFO: 01:33:31.232: sctp protocol not supported
EtherApe-INFO: 01:33:31.232: sctp protocol not supported
EtherApe-INFO: 01:33:31.232: sctp protocol not supported
EtherApe-INFO: 01:33:31.232: sctp protocol not supported
EtherApe-INFO: 01:33:31.232: sctp protocol not supported
EtherApe-INFO: 01:33:31.232: sctp protocol not supported
EtherApe-INFO: 01:33:31.232: sctp protocol not supported
EtherApe-INFO: 01:33:31.232: sctp protocol not supported
EtherApe-INFO: 01:33:31.232: sctp protocol not supported
EtherApe-INFO: 01:33:31.232: sctp protocol not supported
EtherApe-INFO: 01:33:31.232: sctp protocol not supported
EtherApe-INFO: 01:33:31.232: sctp protocol not supported
EtherApe-INFO: 01:33:31.232: sctp protocol not supported
EtherApe-INFO: 01:33:31.232: sctp protocol not supported
EtherApe-INFO: 01:33:31.232: sctp protocol not supported
EtherApe-INFO: 01:33:31.289: get_interface result: ''
EtherApe-INFO: 01:33:31.289: Available interfaces for capture: dbus-session dbus-system nfqueue nflog bluetooth-monitor enp7s0 enp9s0 lo any
EtherApe-INFO: 01:33:31.289: Link type is LINUX_SLL
EtherApe-INFO: 01:33:31.290: Diagram started
EtherApe-INFO: 01:33:32.345: New node: IP: 127.0.0.1. Number of nodes 1
EtherApe-INFO: 01:40:12.345: New node: IP: 0.0.0.0. Number of nodes 2
EtherApe-INFO: 01:40:12.345: New node: IP: 255.255.255.255. Number of nodes 3
EtherApe-INFO: 01:40:12.346: New node: IP: 192.168.155.249. Number of nodes 4
EtherApe-INFO: 01:40:12.346: New node: IP: 192.168.155.49. Number of nodes 5
EtherApe-INFO: 01:40:12.616: New node: IP: 224.0.0.22. Number of nodes 6
EtherApe-INFO: 01:40:12.617: New node: IP: 224.0.0.251. Number of nodes 7
EtherApe-INFO: 01:40:12.879: New node: IP: 95.216.195.133. Number of nodes 8
EtherApe-INFO: 01:40:13.149: New node: IP: 172.64.41.4. Number of nodes 9
EtherApe-INFO: 01:40:13.411: New node: IP: 149.154.175.100. Number of nodes 10
EtherApe-INFO: 01:40:13.412: New node: IP: 149.154.167.50. Number of nodes 11
EtherApe-INFO: 01:40:13.412: New node: IP: 149.154.167.41. Number of nodes 12
EtherApe-INFO: 01:40:13.948: New node: IP: 95.161.76.101. Number of nodes 13
EtherApe-INFO: 01:40:15.815: New node: IP: 239.255.255.250. Number of nodes 14
EtherApe-INFO: 01:40:16.084: New node: IP: 8.8.8.8. Number of nodes 15
EtherApe-INFO: 01:40:16.084: New node: IP: 142.250.114.84. Number of nodes 16
EtherApe-INFO: 01:40:16.084: New node: IP: 142.251.116.94. Number of nodes 17
EtherApe-INFO: 01:40:16.084: New node: IP: 142.250.115.95. Number of nodes 18
EtherApe-INFO: 01:40:16.085: New node: IP: 142.250.113.188. Number of nodes 19
EtherApe-INFO: 01:40:16.087: New node: IP: 142.250.113.190. Number of nodes 20
EtherApe-INFO: 01:40:16.090: New node: IP: 142.250.115.136. Number of nodes 21
EtherApe-INFO: 01:40:16.091: New node: IP: 142.251.116.95. Number of nodes 22
EtherApe-INFO: 01:40:16.350: New node: IP: 142.250.138.95. Number of nodes 23
EtherApe-INFO: 01:40:16.352: New node: IP: 146.75.105.91. Number of nodes 24
EtherApe-INFO: 01:40:16.633: New node: IP: 142.250.114.95. Number of nodes 25
EtherApe-INFO: 01:40:16.884: New node: IP: 140.82.112.4. Number of nodes 26
EtherApe-INFO: 01:40:17.161: New node: IP: 149.154.167.35. Number of nodes 27
EtherApe-INFO: 01:40:17.426: New node: IP: 142.251.116.97. Number of nodes 28
EtherApe-INFO: 01:40:17.432: New node: IP: 151.101.161.91. Number of nodes 29
EtherApe-INFO: 01:40:17.970: New node: IP: 142.250.113.95. Number of nodes 30
EtherApe-INFO: 01:40:18.236: New node: IP: 185.199.109.133. Number of nodes 31
EtherApe-INFO: 01:40:18.746: New node: IP: 142.250.113.101. Number of nodes 32
EtherApe-INFO: 01:40:18.747: New node: IP: 140.82.112.26. Number of nodes 33
EtherApe-INFO: 01:40:18.748: New node: IP: 142.250.114.157. Number of nodes 34
EtherApe-INFO: 01:40:19.054: New node: IP: 142.251.116.100. Number of nodes 35
EtherApe-INFO: 01:40:19.328: New node: IP: 185.199.109.153. Number of nodes 36
EtherApe-INFO: 01:40:19.816: New node: IP: 140.82.113.6. Number of nodes 37
EtherApe-INFO: 01:40:19.821: New node: IP: 140.82.114.21. Number of nodes 38
EtherApe-INFO: 01:40:20.355: New node: IP: 142.251.116.154. Number of nodes 39
EtherApe-INFO: 01:40:21.169: New node: IP: 142.250.114.132. Number of nodes 40
EtherApe-INFO: 01:40:21.412: New node: IP: 173.194.191.168. Number of nodes 41
EtherApe-INFO: 01:40:21.412: New node: IP: 209.85.165.138. Number of nodes 42
EtherApe-INFO: 01:40:21.413: New node: IP: 173.194.24.10. Number of nodes 43
EtherApe-INFO: 01:40:22.478: New node: IP: 142.251.116.113. Number of nodes 44
EtherApe-INFO: 01:40:25.413: New node: IP: 104.167.215.195. Number of nodes 45
EtherApe-INFO: 01:40:26.608: New node: IP: 18.245.127.50. Number of nodes 46
EtherApe-INFO: 01:40:26.871: New node: IP: 18.161.134.79. Number of nodes 47
EtherApe-INFO: 01:40:26.872: New node: IP: 18.238.171.68. Number of nodes 48
EtherApe-INFO: 01:40:26.879: New node: IP: 198.18.2.14. Number of nodes 49
EtherApe-INFO: 01:40:26.879: New node: IP: 3.161.225.107. Number of nodes 50
EtherApe-INFO: 01:40:27.416: New node: IP: 142.250.115.138. Number of nodes 51
EtherApe-INFO: 01:40:27.417: New node: IP: 18.245.124.64. Number of nodes 52
EtherApe-INFO: 01:40:27.671: New node: IP: 13.225.47.43. Number of nodes 53
EtherApe-INFO: 01:40:27.934: New node: IP: 192.0.0.88. Number of nodes 54
EtherApe-INFO: 01:40:28.204: New node: IP: 18.161.156.124. Number of nodes 55
EtherApe-INFO: 01:40:28.738: New node: IP: 18.238.132.61. Number of nodes 56
EtherApe-INFO: 01:40:28.738: New node: IP: 3.161.225.93. Number of nodes 57
EtherApe-INFO: 01:40:29.301: New node: IP: 18.245.124.13. Number of nodes 58
EtherApe-INFO: 01:40:30.084: New node: IP: 18.245.113.69. Number of nodes 59
EtherApe-INFO: 01:40:30.338: New node: IP: 50.17.249.214. Number of nodes 60
EtherApe-INFO: 01:40:30.341: New node: IP: 35.176.156.95. Number of nodes 61
EtherApe-INFO: 01:40:32.201: New node: IP: 18.238.132.75. Number of nodes 62
EtherApe-INFO: 01:40:32.202: New node: IP: 142.250.115.190. Number of nodes 63
EtherApe-INFO: 01:40:33.012: New node: IP: 142.250.113.102. Number of nodes 64
EtherApe-INFO: 01:41:00.734: New node: IP: 104.26.8.250. Number of nodes 65
EtherApe-INFO: 01:41:31.134: New node: IP: 107.178.249.167. Number of nodes 66
EtherApe-INFO: 01:41:45.001: New node: IP: 104.21.67.201. Number of nodes 67
EtherApe-INFO: 01:42:12.481: delete node: IP: 255.255.255.255. Number of nodes 66
EtherApe-INFO: 01:42:12.481: delete node: IP: 0.0.0.0. Number of nodes 65
EtherApe-INFO: 01:42:13.320: delete node: IP: 224.0.0.22. Number of nodes 64
EtherApe-INFO: 01:42:13.844: delete node: IP: 95.216.195.133. Number of nodes 63
EtherApe-INFO: 01:42:16.568: delete node: IP: 149.154.175.100. Number of nodes 62
EtherApe-INFO: 01:42:16.568: delete node: IP: 95.161.76.101. Number of nodes 61
EtherApe-INFO: 01:42:19.189: delete node: IP: 142.251.116.97. Number of nodes 60
EtherApe-INFO: 01:42:20.239: delete node: IP: 140.82.112.26. Number of nodes 59
EtherApe-INFO: 01:42:25.046: delete node: IP: 173.194.191.168. Number of nodes 58
EtherApe-INFO: 01:42:25.046: delete node: IP: 173.194.24.10. Number of nodes 57
EtherApe-INFO: 01:42:25.046: delete node: IP: 142.251.116.154. Number of nodes 56
EtherApe-INFO: 01:42:29.841: delete node: IP: 142.250.113.95. Number of nodes 55
EtherApe-INFO: 01:42:32.742: delete node: IP: 209.85.165.138. Number of nodes 54
EtherApe-INFO: 01:42:32.742: delete node: IP: 18.245.127.50. Number of nodes 53
EtherApe-INFO: 01:42:32.742: delete node: IP: 18.245.113.69. Number of nodes 52
EtherApe-INFO: 01:42:37.307: delete node: IP: 149.154.167.35. Number of nodes 51
EtherApe-INFO: 01:42:44.467: New node: IP: 104.16.208.203. Number of nodes 52
EtherApe-INFO: 01:42:51.221: delete node: IP: 140.82.112.4. Number of nodes 51
EtherApe-INFO: 01:43:03.430: delete node: IP: 142.251.116.113. Number of nodes 50
EtherApe-INFO: 01:43:03.430: delete node: IP: 140.82.113.6. Number of nodes 49
EtherApe-INFO: 01:43:03.430: delete node: IP: 104.26.8.250. Number of nodes 48
EtherApe-INFO: 01:43:18.357: delete node: IP: 172.64.41.4. Number of nodes 47
EtherApe-INFO: 01:43:18.357: delete node: IP: 142.251.116.94. Number of nodes 46
EtherApe-INFO: 01:43:18.357: delete node: IP: 8.8.8.8. Number of nodes 45
EtherApe-INFO: 01:43:20.518: delete node: IP: 142.250.115.136. Number of nodes 44
EtherApe-INFO: 01:43:20.518: delete node: IP: 142.250.114.95. Number of nodes 43
EtherApe-INFO: 01:43:21.545: delete node: IP: 192.0.0.88. Number of nodes 42
EtherApe-INFO: 01:43:21.545: delete node: IP: 185.199.109.153. Number of nodes 41
EtherApe-INFO: 01:43:21.545: delete node: IP: 185.199.109.133. Number of nodes 40
EtherApe-INFO: 01:43:21.545: delete node: IP: 140.82.114.21. Number of nodes 39
EtherApe-INFO: 01:43:33.566: delete node: IP: 198.18.2.14. Number of nodes 38
EtherApe-INFO: 01:43:33.566: delete node: IP: 151.101.161.91. Number of nodes 37
EtherApe-INFO: 01:43:33.566: delete node: IP: 142.250.115.190. Number of nodes 36
EtherApe-INFO: 01:43:33.566: delete node: IP: 142.250.114.132. Number of nodes 35
EtherApe-INFO: 01:43:33.566: delete node: IP: 35.176.156.95. Number of nodes 34
EtherApe-INFO: 01:43:33.566: delete node: IP: 18.245.124.64. Number of nodes 33
EtherApe-INFO: 01:43:33.566: delete node: IP: 18.245.124.13. Number of nodes 32
EtherApe-INFO: 01:43:33.566: delete node: IP: 18.238.171.68. Number of nodes 31
EtherApe-INFO: 01:43:33.566: delete node: IP: 18.238.132.61. Number of nodes 30
EtherApe-INFO: 01:43:33.566: delete node: IP: 18.161.156.124. Number of nodes 29
EtherApe-INFO: 01:43:33.566: delete node: IP: 18.161.134.79. Number of nodes 28
EtherApe-INFO: 01:43:33.566: delete node: IP: 13.225.47.43. Number of nodes 27
EtherApe-INFO: 01:43:33.566: delete node: IP: 3.161.225.93. Number of nodes 26
EtherApe-INFO: 01:43:36.553: delete node: IP: 50.17.249.214. Number of nodes 25
EtherApe-INFO: 01:43:36.553: delete node: IP: 18.238.132.75. Number of nodes 24
EtherApe-INFO: 01:43:36.553: delete node: IP: 3.161.225.107. Number of nodes 23
EtherApe-INFO: 01:43:37.004: New node: IP: 142.250.113.91. Number of nodes 24
EtherApe-INFO: 01:43:44.735: New node: IP: 173.194.78.94. Number of nodes 25
EtherApe-INFO: 01:43:45.629: delete node: IP: 104.21.67.201. Number of nodes 24
EtherApe-INFO: 01:44:03.503: delete node: IP: 224.0.0.251. Number of nodes 23
EtherApe-INFO: 01:44:03.503: delete node: IP: 142.250.138.95. Number of nodes 22
EtherApe-INFO: 01:44:03.503: delete node: IP: 127.0.0.1. Number of nodes 21
EtherApe-INFO: 01:44:03.503: delete node: IP: 104.167.215.195. Number of nodes 20
EtherApe-INFO: 01:44:07.404: delete node: IP: 142.250.114.157. Number of nodes 19
EtherApe-INFO: 01:44:11.134: New node: IP: 104.167.215.195. Number of nodes 20
EtherApe-INFO: 01:44:11.200: delete node: IP: 142.251.116.100. Number of nodes 19
EtherApe-INFO: 01:44:14.899: delete node: IP: 142.250.115.138. Number of nodes 18
EtherApe-INFO: 01:44:15.134: New node: IP: 140.82.114.4. Number of nodes 19
EtherApe-INFO: 01:44:16.201: New node: IP: 185.199.109.133. Number of nodes 20
EtherApe-INFO: 01:44:17.065: delete node: IP: 142.251.116.95. Number of nodes 19
EtherApe-INFO: 01:44:18.334: New node: IP: 140.82.113.22. Number of nodes 20
EtherApe-INFO: 01:44:18.868: New node: IP: 142.251.116.95. Number of nodes 21
EtherApe-INFO: 01:44:19.134: New node: IP: 140.82.114.6. Number of nodes 22
EtherApe-INFO: 01:44:19.138: New node: IP: 185.199.108.154. Number of nodes 23
EtherApe-INFO: 01:44:19.449: delete node: IP: 142.250.113.102. Number of nodes 22
EtherApe-INFO: 01:44:22.068: New node: IP: 142.250.113.95. Number of nodes 23
EtherApe-INFO: 01:44:23.402: New node: IP: 142.250.115.138. Number of nodes 24
EtherApe-INFO: 01:44:23.935: New node: IP: 142.250.114.95. Number of nodes 25
EtherApe-INFO: 01:44:24.471: New node: IP: 224.0.0.22. Number of nodes 26
EtherApe-INFO: 01:44:25.535: New node: IP: 224.0.0.251. Number of nodes 27
EtherApe-INFO: 01:44:37.582: delete node: IP: 142.250.113.190. Number of nodes 26
EtherApe-INFO: 01:44:43.668: New node: IP: 140.82.112.26. Number of nodes 27
EtherApe-INFO: 01:44:45.057: delete node: IP: 104.16.208.203. Number of nodes 26
EtherApe-INFO: 01:44:45.534: New node: IP: 142.250.138.84. Number of nodes 27
EtherApe-INFO: 01:44:45.582: delete node: IP: 142.250.113.101. Number of nodes 26
EtherApe-INFO: 01:44:48.811: delete node: IP: 142.250.115.95. Number of nodes 25
EtherApe-INFO: 01:44:50.067: New node: IP: 142.250.113.113. Number of nodes 26
EtherApe-INFO: 01:44:50.068: New node: IP: 173.194.199.94. Number of nodes 27
EtherApe-INFO: 01:44:53.597: delete node: IP: 149.154.167.41. Number of nodes 26
EtherApe-INFO: 01:45:13.271: New node: IP: 95.216.195.133. Number of nodes 27
EtherApe-INFO: 01:45:31.134: New node: IP: 142.251.116.100. Number of nodes 28
EtherApe-INFO: 01:45:37.534: New node: IP: 142.250.113.93. Number of nodes 29
EtherApe-INFO: 01:45:46.111: delete node: IP: 142.250.114.84. Number of nodes 28
EtherApe-INFO: 01:45:57.535: New node: IP: 140.82.112.3. Number of nodes 29
EtherApe-INFO: 01:46:11.139: New node: IP: 18.238.132.77. Number of nodes 30
EtherApe-INFO: 01:46:11.402: New node: IP: 140.82.114.5. Number of nodes 31
EtherApe-INFO: 01:46:11.443: delete node: IP: 104.167.215.195. Number of nodes 30
EtherApe-INFO: 01:46:11.667: New node: IP: 140.82.114.22. Number of nodes 31
EtherApe-INFO: 01:46:12.735: New node: IP: 3.161.225.107. Number of nodes 32
EtherApe-INFO: 01:46:13.007: New node: IP: 13.248.199.77. Number of nodes 33
EtherApe-INFO: 01:46:13.276: New node: IP: 142.250.115.102. Number of nodes 34
EtherApe-INFO: 01:46:15.403: New node: IP: 104.26.9.59. Number of nodes 35
EtherApe-INFO: 01:46:15.406: New node: IP: 3.10.14.0. Number of nodes 36
EtherApe-INFO: 01:46:15.406: New node: IP: 142.250.138.95. Number of nodes 37
EtherApe-INFO: 01:46:15.668: New node: IP: 142.250.113.94. Number of nodes 38
EtherApe-INFO: 01:46:21.268: New node: IP: 142.250.115.136. Number of nodes 39
EtherApe-INFO: 01:46:21.802: New node: IP: 52.95.16.74. Number of nodes 40
EtherApe-INFO: 01:46:24.206: New node: IP: 192.0.0.88. Number of nodes 41
EtherApe-INFO: 01:46:25.805: New node: IP: 142.250.115.113. Number of nodes 42
EtherApe-INFO: 01:46:26.869: New node: IP: 3.2.9.2. Number of nodes 43
EtherApe-INFO: 01:46:30.068: New node: IP: 108.156.247.113. Number of nodes 44
EtherApe-INFO: 01:46:32.471: New node: IP: 54.92.223.151. Number of nodes 45
EtherApe-INFO: 01:46:38.139: delete node: IP: 142.250.113.91. Number of nodes 44
EtherApe-INFO: 01:46:46.704: delete node: IP: 142.250.138.84. Number of nodes 43
EtherApe-INFO: 01:46:51.496: delete node: IP: 142.250.113.113. Number of nodes 42
EtherApe-INFO: 01:46:58.068: New node: IP: 3.3.9.1. Number of nodes 43
EtherApe-INFO: 01:47:02.871: New node: IP: 18.238.171.37. Number of nodes 44
EtherApe-INFO: 01:47:02.872: New node: IP: 44.198.6.29. Number of nodes 45
EtherApe-INFO: 01:47:05.534: New node: IP: 3.3.8.1. Number of nodes 46
EtherApe-INFO: 01:47:09.004: New node: IP: 52.94.243.162. Number of nodes 47
EtherApe-INFO: 01:47:09.268: New node: IP: 34.235.31.157. Number of nodes 48
EtherApe-INFO: 01:47:14.405: delete node: IP: 142.250.115.138. Number of nodes 47
EtherApe-INFO: 01:47:14.405: delete node: IP: 95.216.195.133. Number of nodes 46
EtherApe-INFO: 01:47:26.894: delete node: IP: 140.82.114.4. Number of nodes 45
EtherApe-INFO: 01:47:32.573: delete node: IP: 142.250.114.95. Number of nodes 44
EtherApe-INFO: 01:47:32.784: delete node: IP: 140.82.114.6. Number of nodes 43
EtherApe-INFO: 01:47:33.098: delete node: IP: 142.251.116.100. Number of nodes 42
EtherApe-INFO: 01:47:38.602: New node: IP: 142.250.115.190. Number of nodes 43
EtherApe-INFO: 01:47:43.725: delete node: IP: 185.199.109.133. Number of nodes 42
EtherApe-INFO: 01:47:51.186: delete node: IP: 185.199.108.154. Number of nodes 41
EtherApe-INFO: 01:47:51.936: New node: IP: 149.154.167.41. Number of nodes 42
EtherApe-INFO: 01:47:58.125: delete node: IP: 140.82.113.22. Number of nodes 41
EtherApe-INFO: 01:48:11.465: delete node: IP: 107.178.249.167. Number of nodes 40
EtherApe-INFO: 01:48:11.987: delete node: IP: 140.82.112.3. Number of nodes 39
EtherApe-INFO: 01:48:14.868: New node: IP: 149.154.175.100. Number of nodes 40
EtherApe-INFO: 01:48:21.624: delete node: IP: 142.250.138.95. Number of nodes 39
EtherApe-INFO: 01:48:22.868: New node: IP: 149.154.167.92. Number of nodes 40
EtherApe-INFO: 01:48:27.400: New node: IP: 104.167.215.195. Number of nodes 41
EtherApe-INFO: 01:48:30.069: New node: IP: 10.5.0.1. Number of nodes 42
EtherApe-INFO: 01:48:30.602: New node: IP: 142.250.114.188. Number of nodes 43
EtherApe-INFO: 01:48:30.602: New node: IP: 216.239.32.3. Number of nodes 44
EtherApe-INFO: 01:48:30.869: New node: IP: 91.108.56.145. Number of nodes 45
EtherApe-INFO: 01:48:31.141: New node: IP: 162.159.61.4. Number of nodes 46
EtherApe-INFO: 01:48:31.935: New node: IP: 8.8.4.4. Number of nodes 47
EtherApe-INFO: 01:48:32.206: New node: IP: 151.101.161.91. Number of nodes 48
EtherApe-INFO: 01:48:33.808: New node: IP: 140.82.112.25. Number of nodes 49
EtherApe-INFO: 01:48:35.935: New node: IP: 18.208.26.28. Number of nodes 50
EtherApe-INFO: 01:48:36.201: New node: IP: 3.225.125.135. Number of nodes 51
EtherApe-INFO: 01:48:36.201: New node: IP: 18.238.171.68. Number of nodes 52
EtherApe-INFO: 01:48:36.201: New node: IP: 3.226.129.198. Number of nodes 53
EtherApe-INFO: 01:48:37.808: New node: IP: 18.238.152.42. Number of nodes 54
EtherApe-INFO: 01:48:38.871: New node: IP: 104.26.8.59. Number of nodes 55
EtherApe-INFO: 01:48:40.213: delete node: IP: 142.250.113.93. Number of nodes 54
EtherApe-INFO: 01:48:40.469: New node: IP: 142.250.115.94. Number of nodes 55
EtherApe-INFO: 01:48:43.146: New node: IP: 142.250.138.84. Number of nodes 56
EtherApe-INFO: 01:48:44.210: New node: IP: 142.250.114.102. Number of nodes 57
EtherApe-INFO: 01:48:44.214: New node: IP: 54.239.20.230. Number of nodes 58
EtherApe-INFO: 01:48:47.679: New node: IP: 23.22.253.28. Number of nodes 59
EtherApe-INFO: 01:48:47.937: New node: IP: 44.208.200.222. Number of nodes 60
EtherApe-INFO: 01:48:49.556: New node: IP: 142.250.114.94. Number of nodes 61
EtherApe-INFO: 01:48:49.804: New node: IP: 192.178.49.163. Number of nodes 62
EtherApe-INFO: 01:48:52.208: New node: IP: 142.250.138.95. Number of nodes 63
EtherApe-INFO: 01:48:54.658: delete node: IP: 140.82.114.5. Number of nodes 62
EtherApe-INFO: 01:48:55.139: New node: IP: 52.203.173.141. Number of nodes 63
EtherApe-INFO: 01:48:55.139: New node: IP: 34.202.104.11. Number of nodes 64
EtherApe-INFO: 01:48:55.669: New node: IP: 52.206.243.103. Number of nodes 65
EtherApe-INFO: 01:48:56.270: delete node: IP: 173.194.78.94. Number of nodes 64
EtherApe-INFO: 01:48:56.741: New node: IP: 34.204.211.246. Number of nodes 65
EtherApe-INFO: 01:48:59.405: New node: IP: 18.238.132.56. Number of nodes 66
EtherApe-INFO: 01:48:59.676: New node: IP: 18.209.198.171. Number of nodes 67
EtherApe-INFO: 01:49:01.538: New node: IP: 3.161.225.28. Number of nodes 68
EtherApe-INFO: 01:49:02.118: delete node: IP: 142.250.115.136. Number of nodes 67
EtherApe-INFO: 01:49:05.541: New node: IP: 209.54.181.208. Number of nodes 68
EtherApe-INFO: 01:49:05.542: New node: IP: 44.213.98.30. Number of nodes 69
EtherApe-INFO: 01:49:11.403: New node: IP: 54.239.29.176. Number of nodes 70
EtherApe-INFO: 01:49:11.404: New node: IP: 72.21.206.37. Number of nodes 71
EtherApe-INFO: 01:49:18.069: New node: IP: 52.94.232.83. Number of nodes 72
EtherApe-INFO: 01:49:27.485: delete node: IP: 142.250.115.113. Number of nodes 71
EtherApe-INFO: 01:49:33.805: New node: IP: 142.250.115.95. Number of nodes 72
EtherApe-INFO: 01:49:37.591: delete node: IP: 140.82.114.22. Number of nodes 71
EtherApe-INFO: 01:49:42.068: New node: IP: 184.73.242.38. Number of nodes 72
EtherApe-INFO: 01:49:45.001: New node: IP: 216.239.32.116. Number of nodes 73
EtherApe-INFO: 01:49:45.001: New node: IP: 142.250.138.100. Number of nodes 74
EtherApe-INFO: 01:49:45.625: delete node: IP: 142.250.115.102. Number of nodes 73
EtherApe-INFO: 01:49:50.172: delete node: IP: 3.10.14.0. Number of nodes 72
EtherApe-INFO: 01:49:51.228: delete node: IP: 18.238.132.77. Number of nodes 71
EtherApe-INFO: 01:49:51.756: delete node: IP: 52.95.16.74. Number of nodes 70
EtherApe-INFO: 01:49:55.140: delete node: IP: 142.250.115.190. Number of nodes 69
EtherApe-INFO: 01:49:56.302: delete node: IP: 3.161.225.107. Number of nodes 68
EtherApe-INFO: 01:49:57.567: delete node: IP: 142.250.113.95. Number of nodes 67
EtherApe-INFO: 01:49:57.567: delete node: IP: 108.156.247.113. Number of nodes 66
EtherApe-INFO: 01:49:58.935: delete node: IP: 142.250.113.94. Number of nodes 65
EtherApe-INFO: 01:50:13.271: New node: IP: 95.216.195.133. Number of nodes 66
EtherApe-INFO: 01:50:18.884: delete node: IP: 52.94.243.162. Number of nodes 65
EtherApe-INFO: 01:50:22.161: delete node: IP: 149.154.175.100. Number of nodes 64
EtherApe-INFO: 01:50:24.467: New node: IP: 142.250.114.139. Number of nodes 65
EtherApe-INFO: 01:50:30.097: delete node: IP: 149.154.167.92. Number of nodes 64
EtherApe-INFO: 01:50:30.415: delete node: IP: 142.250.113.188. Number of nodes 63
EtherApe-INFO: 01:50:30.415: delete node: IP: 54.92.223.151. Number of nodes 62
EtherApe-INFO: 01:50:30.415: delete node: IP: 34.235.31.157. Number of nodes 61
EtherApe-INFO: 01:50:30.415: delete node: IP: 10.5.0.1. Number of nodes 60
EtherApe-INFO: 01:50:32.208: delete node: IP: 162.159.61.4. Number of nodes 59
EtherApe-INFO: 01:50:32.208: delete node: IP: 91.108.56.145. Number of nodes 58
EtherApe-INFO: 01:50:32.208: delete node: IP: 8.8.4.4. Number of nodes 57
EtherApe-INFO: 01:50:32.523: delete node: IP: 104.26.9.59. Number of nodes 56
EtherApe-INFO: 01:50:37.543: delete node: IP: 44.198.6.29. Number of nodes 55
EtherApe-INFO: 01:50:42.705: delete node: IP: 104.167.215.195. Number of nodes 54
EtherApe-INFO: 01:50:44.285: delete node: IP: 142.250.138.84. Number of nodes 53
EtherApe-INFO: 01:50:46.604: New node: IP: 140.82.114.25. Number of nodes 54
EtherApe-INFO: 01:50:53.100: delete node: IP: 140.82.112.26. Number of nodes 53
EtherApe-INFO: 01:51:05.852: delete node: IP: 18.238.152.42. Number of nodes 52
EtherApe-INFO: 01:51:16.807: delete node: IP: 18.238.171.37. Number of nodes 51
EtherApe-INFO: 01:51:19.412: delete node: IP: 72.21.206.37. Number of nodes 50
EtherApe-INFO: 01:51:26.701: delete node: IP: 224.0.0.251. Number of nodes 49
EtherApe-INFO: 01:51:31.490: delete node: IP: 224.0.0.22. Number of nodes 48
EtherApe-INFO: 01:51:32.736: New node: IP: 149.154.167.35. Number of nodes 49
EtherApe-INFO: 01:51:33.067: delete node: IP: 216.239.32.3. Number of nodes 48
EtherApe-INFO: 01:51:33.067: delete node: IP: 44.213.98.30. Number of nodes 47
EtherApe-INFO: 01:51:34.624: delete node: IP: 142.250.115.95. Number of nodes 46
EtherApe-INFO: 01:51:42.418: delete node: IP: 104.26.8.59. Number of nodes 45
EtherApe-INFO: 01:51:43.455: delete node: IP: 3.225.125.135. Number of nodes 44
EtherApe-INFO: 01:51:45.840: delete node: IP: 142.250.138.100. Number of nodes 43
EtherApe-INFO: 01:51:50.617: delete node: IP: 3.3.8.1. Number of nodes 42
EtherApe-INFO: 01:51:52.734: New node: IP: 18.205.45.169. Number of nodes 43
EtherApe-INFO: 01:51:54.139: delete node: IP: 3.2.9.2. Number of nodes 42
EtherApe-INFO: 01:51:57.040: delete node: IP: 52.206.243.103. Number of nodes 41
EtherApe-INFO: 01:52:05.623: delete node: IP: 52.94.232.83. Number of nodes 40
EtherApe-INFO: 01:52:05.623: delete node: IP: 44.208.200.222. Number of nodes 39
EtherApe-INFO: 01:52:08.734: New node: IP: 224.0.0.22. Number of nodes 40
EtherApe-INFO: 01:52:08.734: New node: IP: 224.0.0.251. Number of nodes 41
EtherApe-INFO: 01:52:14.901: delete node: IP: 3.161.225.28. Number of nodes 40
EtherApe-INFO: 01:52:16.472: New node: IP: 10.5.0.1. Number of nodes 41
EtherApe-INFO: 01:52:17.002: New node: IP: 142.251.116.188. Number of nodes 42
EtherApe-INFO: 01:52:22.869: delete node: IP: 18.209.198.171. Number of nodes 41
EtherApe-INFO: 01:52:22.869: delete node: IP: 13.248.199.77. Number of nodes 40
EtherApe-INFO: 01:52:24.467: New node: IP: 140.82.112.26. Number of nodes 41
EtherApe-INFO: 01:52:30.096: delete node: IP: 52.203.173.141. Number of nodes 40
EtherApe-INFO: 01:52:30.096: delete node: IP: 34.202.104.11. Number of nodes 39
EtherApe-INFO: 01:52:30.613: delete node: IP: 142.250.138.95. Number of nodes 38
EtherApe-INFO: 01:52:33.300: delete node: IP: 216.239.32.116. Number of nodes 37
EtherApe-INFO: 01:52:33.300: delete node: IP: 192.178.49.163. Number of nodes 36
EtherApe-INFO: 01:52:33.300: delete node: IP: 54.239.29.176. Number of nodes 35
EtherApe-INFO: 01:52:33.300: delete node: IP: 18.238.132.56. Number of nodes 34
EtherApe-INFO: 01:52:34.126: delete node: IP: 23.22.253.28. Number of nodes 33
EtherApe-INFO: 01:52:37.330: delete node: IP: 95.216.195.133. Number of nodes 32
EtherApe-INFO: 01:52:39.702: delete node: IP: 54.239.20.230. Number of nodes 31
EtherApe-INFO: 01:52:44.467: New node: IP: 104.19.159.190. Number of nodes 32
EtherApe-INFO: 01:52:47.967: delete node: IP: 192.0.0.88. Number of nodes 31
EtherApe-INFO: 01:52:47.967: delete node: IP: 142.251.116.95. Number of nodes 30
EtherApe-INFO: 01:52:49.622: delete node: IP: 18.238.171.68. Number of nodes 29
EtherApe-INFO: 01:52:49.622: delete node: IP: 18.208.26.28. Number of nodes 28
EtherApe-INFO: 01:52:49.830: delete node: IP: 140.82.112.25. Number of nodes 27
EtherApe-INFO: 01:52:51.172: delete node: IP: 3.226.129.198. Number of nodes 26
EtherApe-INFO: 01:52:53.546: delete node: IP: 209.54.181.208. Number of nodes 25
EtherApe-INFO: 01:52:58.090: delete node: IP: 173.194.199.94. Number of nodes 24
EtherApe-INFO: 01:53:03.137: delete node: IP: 142.250.114.94. Number of nodes 23
EtherApe-INFO: 01:53:28.566: delete node: IP: 34.204.211.246. Number of nodes 22
EtherApe-INFO: 01:53:28.734: New node: IP: 116.203.93.142. Number of nodes 23
EtherApe-INFO: 01:53:28.734: New node: IP: 142.250.114.93. Number of nodes 24
EtherApe-INFO: 01:53:28.735: New node: IP: 142.250.138.95. Number of nodes 25
EtherApe-INFO: 01:53:29.270: New node: IP: 35.174.236.145. Number of nodes 26
EtherApe-INFO: 01:53:29.535: New node: IP: 104.16.208.203. Number of nodes 27
EtherApe-INFO: 01:53:31.671: New node: IP: 54.92.223.151. Number of nodes 28
EtherApe-INFO: 01:53:34.602: New node: IP: 185.199.109.153. Number of nodes 29
EtherApe-INFO: 01:53:41.801: New node: IP: 142.250.113.102. Number of nodes 30
EtherApe-INFO: 01:53:42.147: delete node: IP: 142.250.114.139. Number of nodes 29
EtherApe-INFO: 01:53:45.801: New node: IP: 172.67.180.146. Number of nodes 30
EtherApe-INFO: 01:53:59.225: delete node: IP: 142.250.115.94. Number of nodes 29
EtherApe-INFO: 01:53:59.948: delete node: IP: 149.154.167.35. Number of nodes 28
EtherApe-INFO: 01:54:05.836: delete node: IP: 142.250.114.102. Number of nodes 27
EtherApe-INFO: 01:54:16.468: delete node: IP: 142.250.114.188. Number of nodes 26
EtherApe-INFO: 01:54:16.468: delete node: IP: 140.82.114.25. Number of nodes 25
EtherApe-INFO: 01:54:16.468: delete node: IP: 18.205.45.169. Number of nodes 24
EtherApe-INFO: 01:54:16.468: delete node: IP: 3.3.9.1. Number of nodes 23
EtherApe-INFO: 01:54:17.607: delete node: IP: 10.5.0.1. Number of nodes 22
EtherApe-INFO: 01:54:45.534: New node: IP: 192.168.1.1. Number of nodes 23
EtherApe-INFO: 01:54:47.404: New node: IP: 54.83.189.35. Number of nodes 24
EtherApe-INFO: 01:54:49.268: New node: IP: 140.82.112.6. Number of nodes 25
EtherApe-INFO: 01:54:49.534: New node: IP: 140.82.112.21. Number of nodes 26
EtherApe-INFO: 01:55:00.833: delete node: IP: 224.0.0.251. Number of nodes 25
EtherApe-INFO: 01:55:03.134: New node: IP: 142.250.113.101. Number of nodes 26
EtherApe-INFO: 01:55:20.268: delete node: IP: 151.101.161.91. Number of nodes 25
EtherApe-INFO: 01:55:20.475: delete node: IP: 224.0.0.22. Number of nodes 24
EtherApe-INFO: 01:55:30.678: delete node: IP: 104.19.159.190. Number of nodes 23
EtherApe-INFO: 01:55:33.001: New node: IP: 151.101.161.91. Number of nodes 24
EtherApe-INFO: 01:55:34.067: New node: IP: 95.216.195.133. Number of nodes 25
EtherApe-INFO: 01:55:45.001: New node: IP: 142.250.114.84. Number of nodes 26
EtherApe-INFO: 01:55:47.752: delete node: IP: 172.67.180.146. Number of nodes 25
EtherApe-INFO: 01:56:06.067: New node: IP: 18.238.171.37. Number of nodes 26
EtherApe-INFO: 01:56:07.667: New node: IP: 18.210.183.250. Number of nodes 27
EtherApe-INFO: 01:56:09.001: New node: IP: 18.208.26.28. Number of nodes 28
EtherApe-INFO: 01:56:09.267: New node: IP: 209.54.177.247. Number of nodes 29
EtherApe-INFO: 01:56:10.867: New node: IP: 142.250.114.95. Number of nodes 30
EtherApe-INFO: 01:56:10.867: New node: IP: 3.3.8.1. Number of nodes 31
EtherApe-INFO: 01:56:12.471: New node: IP: 185.199.108.153. Number of nodes 32
EtherApe-INFO: 01:56:16.530: delete node: IP: 116.203.93.142. Number of nodes 31
EtherApe-INFO: 01:56:16.531: delete node: IP: 35.174.236.145. Number of nodes 30
EtherApe-INFO: 01:56:41.559: delete node: IP: 142.250.138.95. Number of nodes 29
EtherApe-INFO: 01:56:44.471: New node: IP: 140.82.113.4. Number of nodes 30
EtherApe-INFO: 01:56:46.336: New node: IP: 140.82.112.5. Number of nodes 31
EtherApe-INFO: 01:56:46.338: New node: IP: 185.199.109.133. Number of nodes 32
EtherApe-INFO: 01:56:46.648: delete node: IP: 142.250.114.93. Number of nodes 31
EtherApe-INFO: 01:56:48.521: delete node: IP: 104.16.208.203. Number of nodes 30
EtherApe-INFO: 01:56:51.227: delete node: IP: 54.92.223.151. Number of nodes 29
EtherApe-INFO: 01:56:51.943: New node: IP: 140.82.114.22. Number of nodes 30
EtherApe-INFO: 01:56:53.003: New node: IP: 185.199.110.154. Number of nodes 31
EtherApe-INFO: 01:56:55.708: delete node: IP: 185.199.109.153. Number of nodes 30
EtherApe-INFO: 01:57:08.204: New node: IP: 142.250.115.95. Number of nodes 31
EtherApe-INFO: 01:57:08.204: New node: IP: 76.223.79.155. Number of nodes 32
