(etherape:6254): GLib-GIO-DEBUG: 07:23:48.235: _g_io_module_get_default: Found default implementation local (GLocalVfs) for ‘gio-vfs’
(etherape:6254): GLib-GIO-DEBUG: 07:23:48.321: Using cross-namespace EXTERNAL authentication (this will deadlock if server is GDBus < 2.73.3)
EtherApe-INFO: 07:23:48.381: sctp protocol not supported
EtherApe-INFO: 07:23:48.381: dccp protocol not supported
EtherApe-INFO: 07:23:48.381: sctp protocol not supported
EtherApe-INFO: 07:23:48.381: sctp protocol not supported
EtherApe-INFO: 07:23:48.381: sctp protocol not supported
EtherApe-INFO: 07:23:48.381: sctp protocol not supported
EtherApe-INFO: 07:23:48.381: sctp protocol not supported
EtherApe-INFO: 07:23:48.382: sctp protocol not supported
EtherApe-INFO: 07:23:48.382: sctp protocol not supported
EtherApe-INFO: 07:23:48.382: dccp protocol not supported
EtherApe-INFO: 07:23:48.382: sctp protocol not supported
EtherApe-INFO: 07:23:48.382: dccp protocol not supported
EtherApe-INFO: 07:23:48.382: dccp protocol not supported
EtherApe-INFO: 07:23:48.382: sctp protocol not supported
EtherApe-INFO: 07:23:48.383: sctp protocol not supported
EtherApe-INFO: 07:23:48.383: sctp protocol not supported
EtherApe-INFO: 07:23:48.383: sctp protocol not supported
EtherApe-INFO: 07:23:48.384: sctp protocol not supported
EtherApe-INFO: 07:23:48.385: sctp protocol not supported
EtherApe-INFO: 07:23:48.385: sctp protocol not supported
EtherApe-INFO: 07:23:48.385: sctp protocol not supported
EtherApe-INFO: 07:23:48.385: sctp protocol not supported
EtherApe-INFO: 07:23:48.385: sctp protocol not supported
EtherApe-INFO: 07:23:48.385: sctp protocol not supported
EtherApe-INFO: 07:23:48.386: sctp protocol not supported
EtherApe-INFO: 07:23:48.386: sctp protocol not supported
EtherApe-INFO: 07:23:48.386: sctp protocol not supported
EtherApe-INFO: 07:23:48.386: sctp protocol not supported
EtherApe-INFO: 07:23:48.386: dccp protocol not supported
EtherApe-INFO: 07:23:48.386: sctp protocol not supported
EtherApe-INFO: 07:23:48.386: sctp protocol not supported
EtherApe-INFO: 07:23:48.387: dccp protocol not supported
EtherApe-INFO: 07:23:48.387: sctp protocol not supported
EtherApe-INFO: 07:23:48.387: sctp protocol not supported
EtherApe-INFO: 07:23:48.387: sctp protocol not supported
EtherApe-INFO: 07:23:48.387: dccp protocol not supported
EtherApe-INFO: 07:23:48.387: dccp protocol not supported
EtherApe-INFO: 07:23:48.387: sctp protocol not supported
EtherApe-INFO: 07:23:48.387: sctp protocol not supported
EtherApe-INFO: 07:23:48.387: sctp protocol not supported
EtherApe-INFO: 07:23:48.387: sctp protocol not supported
EtherApe-INFO: 07:23:48.387: sctp protocol not supported
EtherApe-INFO: 07:23:48.387: sctp protocol not supported
EtherApe-INFO: 07:23:48.387: sctp protocol not supported
EtherApe-INFO: 07:23:48.387: sctp protocol not supported
EtherApe-INFO: 07:23:48.387: sctp protocol not supported
EtherApe-INFO: 07:23:48.387: sctp protocol not supported
EtherApe-INFO: 07:23:48.387: sctp protocol not supported
EtherApe-INFO: 07:23:48.387: sctp protocol not supported
EtherApe-INFO: 07:23:48.387: sctp protocol not supported
EtherApe-INFO: 07:23:48.387: sctp protocol not supported
EtherApe-INFO: 07:23:48.388: sctp protocol not supported
EtherApe-INFO: 07:23:48.388: sctp protocol not supported
EtherApe-INFO: 07:23:48.388: sctp protocol not supported
EtherApe-INFO: 07:23:48.388: sctp protocol not supported
EtherApe-INFO: 07:23:48.388: sctp protocol not supported
EtherApe-INFO: 07:23:48.388: sctp protocol not supported
EtherApe-INFO: 07:23:48.388: dccp protocol not supported
EtherApe-INFO: 07:23:48.388: sctp protocol not supported
EtherApe-INFO: 07:23:48.388: sctp protocol not supported
EtherApe-INFO: 07:23:48.388: sctp protocol not supported
EtherApe-INFO: 07:23:48.388: sctp protocol not supported
EtherApe-INFO: 07:23:48.388: sctp protocol not supported
EtherApe-INFO: 07:23:48.388: sctp protocol not supported
EtherApe-INFO: 07:23:48.388: sctp protocol not supported
EtherApe-INFO: 07:23:48.388: sctp protocol not supported
EtherApe-INFO: 07:23:48.389: sctp protocol not supported
EtherApe-INFO: 07:23:48.389: sctp protocol not supported
EtherApe-INFO: 07:23:48.389: sctp protocol not supported
EtherApe-INFO: 07:23:48.389: sctp protocol not supported
EtherApe-INFO: 07:23:48.389: sctp protocol not supported
EtherApe-INFO: 07:23:48.389: sctp protocol not supported
EtherApe-INFO: 07:23:48.389: sctp protocol not supported
EtherApe-INFO: 07:23:48.389: sctp protocol not supported
EtherApe-INFO: 07:23:48.389: sctp protocol not supported
EtherApe-INFO: 07:23:48.389: sctp protocol not supported
EtherApe-INFO: 07:23:48.389: sctp protocol not supported
EtherApe-INFO: 07:23:48.389: sctp protocol not supported
EtherApe-INFO: 07:23:48.389: sctp protocol not supported
EtherApe-INFO: 07:23:48.389: sctp protocol not supported
EtherApe-INFO: 07:23:48.389: sctp protocol not supported
EtherApe-INFO: 07:23:48.389: sctp protocol not supported
EtherApe-INFO: 07:23:48.390: sctp protocol not supported
EtherApe-INFO: 07:23:48.390: sctp protocol not supported
EtherApe-INFO: 07:23:48.390: sctp protocol not supported
EtherApe-INFO: 07:23:48.390: sctp protocol not supported
EtherApe-INFO: 07:23:48.390: sctp protocol not supported
EtherApe-INFO: 07:23:48.390: sctp protocol not supported
EtherApe-INFO: 07:23:48.390: sctp protocol not supported
EtherApe-INFO: 07:23:48.390: sctp protocol not supported
EtherApe-INFO: 07:23:48.390: sctp protocol not supported
EtherApe-INFO: 07:23:48.390: sctp protocol not supported
EtherApe-INFO: 07:23:48.390: sctp protocol not supported
EtherApe-INFO: 07:23:48.390: sctp protocol not supported
EtherApe-INFO: 07:23:48.401: get_interface result: ''
EtherApe-INFO: 07:23:48.402: Available interfaces for capture: dbus-session dbus-system nfqueue nflog bluetooth-monitor bluetooth0 lo any wlp2s0
EtherApe-INFO: 07:23:48.402: Link type is LINUX_SLL
EtherApe-INFO: 07:23:48.403: Diagram started
EtherApe-INFO: 07:23:48.656: New node: IP: 149.154.167.41. Number of nodes 1
EtherApe-INFO: 07:23:48.656: New node: IP: 192.168.1.249. Number of nodes 2
EtherApe-INFO: 07:23:50.192: New node: IP: 9.9.9.9. Number of nodes 3
EtherApe-INFO: 07:23:50.192: New node: IP: 142.250.203.142. Number of nodes 4
EtherApe-INFO: 07:23:50.193: New node: IP: 104.16.249.249. Number of nodes 5
EtherApe-INFO: 07:23:50.449: New node: IP: 142.250.203.138. Number of nodes 6
EtherApe-INFO: 07:23:51.728: New node: IP: 13.32.121.62. Number of nodes 7
EtherApe-INFO: 07:23:54.801: New node: IPv6: fe80::503d:dba5:3259:5b9a. Number of nodes 8
EtherApe-INFO: 07:23:54.801: New node: IPv6: ff02::1:2. Number of nodes 9
EtherApe-INFO: 07:24:03.249: New node: IP: 216.58.215.78. Number of nodes 10
EtherApe-INFO: 07:24:10.160: New node: IP: 140.82.112.26. Number of nodes 11
EtherApe-INFO: 07:24:12.465: New node: IP: 34.120.208.123. Number of nodes 12
EtherApe-INFO: 07:24:19.120: New node: IP: 172.217.16.35. Number of nodes 13
EtherApe-INFO: 07:24:36.528: New node: IP: 8.8.8.8. Number of nodes 14
EtherApe-INFO: 07:24:36.529: New node: IP: 89.187.191.12. Number of nodes 15
EtherApe-INFO: 07:24:36.529: New node: IP: 52.29.123.56. Number of nodes 16
EtherApe-INFO: 07:24:59.056: New node: IP: 95.216.144.15. Number of nodes 17
EtherApe-INFO: 07:25:01.872: New node: IP: 35.155.106.36. Number of nodes 18
EtherApe-INFO: 07:25:02.130: New node: IP: 139.59.209.225. Number of nodes 19
EtherApe-INFO: 07:25:26.706: New node: IP: 216.58.215.69. Number of nodes 20
EtherApe-INFO: 07:25:35.666: New node: IP: 104.18.14.117. Number of nodes 21
EtherApe-INFO: 07:25:43.088: New node: IP: 54.75.137.188. Number of nodes 22
EtherApe-INFO: 07:25:48.467: New node: IP: 52.51.253.173. Number of nodes 23
EtherApe-INFO: 07:26:28.144: New node: IP: 172.217.16.46. Number of nodes 24
EtherApe-INFO: 07:26:28.913: New node: IP: 13.32.121.101. Number of nodes 25
EtherApe-INFO: 07:26:45.596: delete node: IP: 8.8.8.8. Number of nodes 24
EtherApe-INFO: 07:26:54.334: delete node: IP: 89.187.191.12. Number of nodes 23
EtherApe-INFO: 07:26:54.334: delete node: IP: 52.29.123.56. Number of nodes 22
EtherApe-INFO: 07:26:59.959: delete node: IP: 95.216.144.15. Number of nodes 21
EtherApe-INFO: 07:27:02.721: delete node: IP: 35.155.106.36. Number of nodes 20
EtherApe-INFO: 07:27:06.289: New node: IP: 140.82.121.6. Number of nodes 21
EtherApe-INFO: 07:27:06.803: New node: IP: 216.58.215.118. Number of nodes 22
EtherApe-INFO: 07:27:06.861: delete node: IP: 34.120.208.123. Number of nodes 21
EtherApe-INFO: 07:27:07.313: New node: IP: 149.154.167.50. Number of nodes 22
EtherApe-INFO: 07:27:09.104: New node: IP: 149.154.167.216. Number of nodes 23
EtherApe-INFO: 07:27:29.073: New node: IP: 192.168.1.1. Number of nodes 24
EtherApe-INFO: 07:27:29.329: New node: IP: 78.46.178.133. Number of nodes 25
EtherApe-INFO: 07:27:36.100: delete node: IP: 104.18.14.117. Number of nodes 24
EtherApe-INFO: 07:27:47.573: delete node: IP: 54.75.137.188. Number of nodes 23
EtherApe-INFO: 07:27:49.297: delete node: IP: 52.51.253.173. Number of nodes 22
EtherApe-INFO: 07:29:13.778: New node: IP: 46.246.44.4. Number of nodes 23
EtherApe-INFO: 07:29:29.416: delete node: IP: 192.168.1.1. Number of nodes 22
EtherApe-INFO: 07:29:30.247: delete node: IP: 78.46.178.133. Number of nodes 21
EtherApe-INFO: 07:29:42.721: delete node: IP: 149.154.167.216. Number of nodes 20
EtherApe-INFO: 07:29:56.110: delete node: IP: 139.59.209.225. Number of nodes 19
EtherApe-INFO: 07:30:01.920: New node: IP: 149.154.167.216. Number of nodes 20
EtherApe-INFO: 07:30:02.161: New node: IP: 35.155.106.36. Number of nodes 21
EtherApe-INFO: 07:30:41.841: New node: IP: 34.120.208.123. Number of nodes 22
EtherApe-INFO: 07:30:55.923: New node: IP: 216.58.208.202. Number of nodes 23
EtherApe-INFO: 07:30:56.179: New node: IP: 91.198.174.192. Number of nodes 24
EtherApe-INFO: 07:30:56.692: New node: IP: 91.198.174.208. Number of nodes 25
EtherApe-INFO: 07:31:06.934: delete node: IP: 140.82.121.6. Number of nodes 24
EtherApe-INFO: 07:31:57.402: delete node: IP: 216.58.215.118. Number of nodes 23
EtherApe-INFO: 07:32:02.781: delete node: IP: 35.155.106.36. Number of nodes 22
EtherApe-INFO: 07:32:09.231: delete node: IP: 172.217.16.46. Number of nodes 21
EtherApe-INFO: 07:32:18.367: delete node: IP: 149.154.167.216. Number of nodes 20
EtherApe-INFO: 07:32:29.104: New node: IP: 192.168.1.1. Number of nodes 21
EtherApe-INFO: 07:32:29.360: New node: IP: 78.46.178.133. Number of nodes 22
EtherApe-INFO: 07:32:56.842: delete node: IP: 216.58.208.202. Number of nodes 21
EtherApe-INFO: 07:33:26.194: New node: IP: 216.58.215.74. Number of nodes 22
EtherApe-INFO: 07:33:38.996: New node: IP: 142.250.203.131. Number of nodes 23
EtherApe-INFO: 07:33:41.582: New node: IP: 142.250.203.195. Number of nodes 24
EtherApe-INFO: 07:33:42.323: New node: IP: 142.250.203.214. Number of nodes 25
EtherApe-INFO: 07:33:42.323: New node: IP: 172.217.16.10. Number of nodes 26
EtherApe-INFO: 07:33:43.093: New node: IP: 216.58.215.100. Number of nodes 27
EtherApe-INFO: 07:33:43.101: New node: IP: 142.250.203.193. Number of nodes 28
EtherApe-INFO: 07:34:25.163: delete node: IP: 13.32.121.101. Number of nodes 27
EtherApe-INFO: 07:34:31.018: delete node: IP: 192.168.1.1. Number of nodes 26
EtherApe-INFO: 07:34:31.018: delete node: IP: 78.46.178.133. Number of nodes 25
EtherApe-INFO: 07:34:34.032: New node: IP: 149.154.167.216. Number of nodes 26
EtherApe-INFO: 07:34:52.976: New node: IP: 216.58.208.202. Number of nodes 27
EtherApe-INFO: 07:34:58.941: delete node: IP: 91.198.174.208. Number of nodes 26
EtherApe-INFO: 07:35:01.680: New node: IP: 35.155.106.36. Number of nodes 27
EtherApe-INFO: 07:35:04.764: delete node: IP: 91.198.174.192. Number of nodes 26
EtherApe-INFO: 07:35:33.689: delete node: IP: 34.120.208.123. Number of nodes 25
EtherApe-INFO: 07:35:35.728: New node: IP: 104.18.14.117. Number of nodes 26
EtherApe-INFO: 07:35:44.947: delete node: IP: 142.250.203.193. Number of nodes 25
EtherApe-INFO: 07:35:44.947: delete node: IP: 9.9.9.9. Number of nodes 24
EtherApe-INFO: 07:35:56.977: New node: IP: 54.155.178.5. Number of nodes 25
EtherApe-INFO: 07:35:57.232: New node: IP: 9.9.9.9. Number of nodes 26
EtherApe-INFO: 07:36:05.680: New node: IP: 52.51.253.173. Number of nodes 27
EtherApe-INFO: 07:36:11.056: New node: IP: 52.19.109.21. Number of nodes 28
EtherApe-INFO: 07:36:31.792: New node: IP: 172.217.16.46. Number of nodes 29
EtherApe-INFO: 07:36:36.146: New node: IP: 127.0.0.1. Number of nodes 30
EtherApe-INFO: 07:36:36.146: New node: IP: 224.0.0.251. Number of nodes 31
EtherApe-INFO: 07:36:49.721: delete node: IP: 149.154.167.216. Number of nodes 30
EtherApe-INFO: 07:36:54.371: delete node: IP: 216.58.208.202. Number of nodes 29
EtherApe-INFO: 07:36:56.369: New node: IP: 172.217.16.42. Number of nodes 30
EtherApe-INFO: 07:36:56.371: New node: IP: 142.250.203.150. Number of nodes 31
EtherApe-INFO: 07:36:58.679: New node: IP: 176.122.113.76. Number of nodes 32
EtherApe-INFO: 07:36:58.942: New node: IP: 173.194.50.153. Number of nodes 33
EtherApe-INFO: 07:36:59.189: New node: IP: 74.125.163.170. Number of nodes 34
EtherApe-INFO: 07:36:59.440: New node: IP: 142.250.203.193. Number of nodes 35
EtherApe-INFO: 07:37:00.979: New node: IP: 8.8.8.8. Number of nodes 36
EtherApe-INFO: 07:37:00.979: New node: IP: 1.1.1.1. Number of nodes 37
EtherApe-INFO: 07:37:02.863: delete node: IP: 35.155.106.36. Number of nodes 36
EtherApe-INFO: 07:37:09.171: New node: IP: 74.125.163.231. Number of nodes 37
EtherApe-INFO: 07:37:29.137: New node: IP: 192.168.1.1. Number of nodes 38
EtherApe-INFO: 07:37:29.393: New node: IP: 78.46.178.133. Number of nodes 39
EtherApe-INFO: 07:37:36.537: delete node: IP: 104.18.14.117. Number of nodes 38
EtherApe-INFO: 07:38:07.015: delete node: IP: 52.51.253.173. Number of nodes 37
EtherApe-INFO: 07:38:10.321: New node: IP: 140.82.113.26. Number of nodes 38
EtherApe-INFO: 07:38:11.121: delete node: IP: 52.19.109.21. Number of nodes 37
EtherApe-INFO: 07:38:17.765: delete node: IP: 216.58.215.74. Number of nodes 36
EtherApe-INFO: 07:38:35.960: delete node: IP: 216.58.215.100. Number of nodes 35
EtherApe-INFO: 07:38:35.960: delete node: IP: 172.217.16.10. Number of nodes 34
EtherApe-INFO: 07:38:35.960: delete node: IP: 142.250.203.214. Number of nodes 33
EtherApe-INFO: 07:38:36.689: delete node: IP: 224.0.0.251. Number of nodes 32
EtherApe-INFO: 07:38:36.689: delete node: IP: 127.0.0.1. Number of nodes 31
EtherApe-INFO: 07:38:56.702: delete node: IP: 142.250.203.195. Number of nodes 30
EtherApe-INFO: 07:38:59.826: delete node: IP: 142.250.203.193. Number of nodes 29
EtherApe-INFO: 07:39:06.694: delete node: IP: 8.8.8.8. Number of nodes 28
EtherApe-INFO: 07:39:06.694: delete node: IP: 1.1.1.1. Number of nodes 27
EtherApe-INFO: 07:39:10.756: delete node: IP: 74.125.163.231. Number of nodes 26
EtherApe-INFO: 07:39:30.008: delete node: IP: 192.168.1.1. Number of nodes 25
EtherApe-INFO: 07:39:30.008: delete node: IP: 78.46.178.133. Number of nodes 24
EtherApe-INFO: 07:39:36.437: delete node: IP: 46.246.44.4. Number of nodes 23
EtherApe-INFO: 07:40:02.448: New node: IP: 35.155.106.36. Number of nodes 24
EtherApe-INFO: 07:40:10.708: delete node: IP: 140.82.112.26. Number of nodes 23
EtherApe-INFO: 07:40:11.465: delete node: IP: 9.9.9.9. Number of nodes 22
EtherApe-INFO: 07:40:52.624: New node: IP: 213.239.154.12. Number of nodes 23
EtherApe-INFO: 07:40:52.723: delete node: IP: 54.155.178.5. Number of nodes 22
EtherApe-INFO: 07:40:52.880: New node: IP: 9.9.9.9. Number of nodes 23
EtherApe-INFO: 07:40:54.487: delete node: IP: 173.194.50.153. Number of nodes 22
EtherApe-INFO: 07:40:57.327: delete node: IP: 142.250.203.131. Number of nodes 21
EtherApe-INFO: 07:40:57.327: delete node: IP: 74.125.163.170. Number of nodes 20
EtherApe-INFO: 07:41:22.931: delete node: IP: 172.217.16.46. Number of nodes 19
EtherApe-INFO: 07:42:03.834: delete node: IP: 35.155.106.36. Number of nodes 18
EtherApe-INFO: 07:42:08.913: New node: IP: 149.154.167.216. Number of nodes 19
EtherApe-INFO: 07:42:18.898: New node: IP: 8.8.8.8. Number of nodes 20
EtherApe-INFO: 07:42:18.899: New node: IP: 1.1.1.1. Number of nodes 21
EtherApe-INFO: 07:42:28.410: delete node: IP: 172.217.16.42. Number of nodes 20
EtherApe-INFO: 07:42:29.136: New node: IP: 192.168.1.1. Number of nodes 21
EtherApe-INFO: 07:42:29.392: New node: IP: 78.46.178.133. Number of nodes 22
EtherApe-INFO: 07:42:34.857: delete node: IP: 142.250.203.150. Number of nodes 21
EtherApe-INFO: 07:42:52.726: delete node: IP: 213.239.154.12. Number of nodes 20
EtherApe-INFO: 07:43:56.433: New node: IP: 216.58.215.100. Number of nodes 21
EtherApe-INFO: 07:44:11.796: New node: IP: 34.120.208.123. Number of nodes 22
EtherApe-INFO: 07:44:14.098: New node: IP: 172.217.16.42. Number of nodes 23
EtherApe-INFO: 07:44:15.377: New node: IP: 135.181.38.249. Number of nodes 24
EtherApe-INFO: 07:44:15.379: New node: IP: 87.245.216.9. Number of nodes 25
EtherApe-INFO: 07:44:16.660: New node: IP: 142.250.203.202. Number of nodes 26
EtherApe-INFO: 07:44:16.919: New node: IP: 142.250.203.131. Number of nodes 27
EtherApe-INFO: 07:44:19.029: delete node: IP: 8.8.8.8. Number of nodes 26
EtherApe-INFO: 07:44:19.029: delete node: IP: 1.1.1.1. Number of nodes 25
EtherApe-INFO: 07:44:25.433: delete node: IP: 149.154.167.216. Number of nodes 24
EtherApe-INFO: 07:44:29.255: delete node: IP: 192.168.1.1. Number of nodes 23
EtherApe-INFO: 07:44:29.464: delete node: IP: 78.46.178.133. Number of nodes 22
EtherApe-INFO: 07:45:02.737: New node: IP: 35.155.106.36. Number of nodes 23
EtherApe-INFO: 07:45:03.761: New node: IP: 13.32.121.101. Number of nodes 24
EtherApe-INFO: 07:45:36.272: New node: IP: 104.18.14.117. Number of nodes 25
EtherApe-INFO: 07:46:14.951: delete node: IP: 172.217.16.42. Number of nodes 24
EtherApe-INFO: 07:46:18.066: delete node: IP: 142.250.203.202. Number of nodes 23
EtherApe-INFO: 07:46:20.562: New node: IP: 216.58.215.99. Number of nodes 24
EtherApe-INFO: 07:46:21.591: New node: IP: 142.250.203.150. Number of nodes 25
EtherApe-INFO: 07:46:24.145: New node: IP: 142.250.75.10. Number of nodes 26
EtherApe-INFO: 07:46:28.496: New node: IP: 52.19.109.21. Number of nodes 27
EtherApe-INFO: 07:46:31.572: New node: IP: 216.58.209.14. Number of nodes 28
EtherApe-INFO: 07:46:33.105: New node: IP: 54.216.227.219. Number of nodes 29
EtherApe-INFO: 07:46:33.107: New node: IP: 151.101.130.137. Number of nodes 30
EtherApe-INFO: 07:46:50.768: New node: IP: 172.217.16.42. Number of nodes 31
EtherApe-INFO: 07:46:55.632: New node: IP: 142.250.203.193. Number of nodes 32
EtherApe-INFO: 07:47:02.846: delete node: IP: 35.155.106.36. Number of nodes 31
EtherApe-INFO: 07:47:07.922: New node: IP: 151.101.2.133. Number of nodes 32
EtherApe-INFO: 07:47:29.168: New node: IP: 192.168.1.1. Number of nodes 33
EtherApe-INFO: 07:47:29.169: New node: IP: 78.46.178.133. Number of nodes 34
EtherApe-INFO: 07:47:37.423: delete node: IP: 104.18.14.117. Number of nodes 33
EtherApe-INFO: 07:47:43.249: New node: IP: 8.8.8.8. Number of nodes 34
EtherApe-INFO: 07:47:43.249: New node: IP: 1.1.1.1. Number of nodes 35
EtherApe-INFO: 07:47:52.720: New node: IP: 142.250.203.195. Number of nodes 36
EtherApe-INFO: 07:47:56.816: New node: IP: 172.67.167.219. Number of nodes 37
EtherApe-INFO: 07:47:56.817: New node: IP: 104.21.34.36. Number of nodes 38
EtherApe-INFO: 07:48:13.477: delete node: IP: 87.245.216.9. Number of nodes 37
EtherApe-INFO: 07:48:13.805: delete node: IP: 142.250.203.131. Number of nodes 36
EtherApe-INFO: 07:48:29.388: delete node: IP: 52.19.109.21. Number of nodes 35
EtherApe-INFO: 07:48:33.486: delete node: IP: 54.216.227.219. Number of nodes 34
EtherApe-INFO: 07:48:41.616: New node: IP: 54.216.227.219. Number of nodes 35
EtherApe-INFO: 07:48:41.617: New node: IP: 35.155.106.36. Number of nodes 36
EtherApe-INFO: 07:48:55.012: delete node: IP: 172.217.16.42. Number of nodes 35
EtherApe-INFO: 07:48:59.883: delete node: IP: 13.32.121.101. Number of nodes 34
EtherApe-INFO: 07:49:14.897: New node: IP: 34.107.221.82. Number of nodes 35
EtherApe-INFO: 07:49:16.188: New node: IP: 35.241.9.150. Number of nodes 36
EtherApe-INFO: 07:49:16.192: New node: IP: 35.165.217.23. Number of nodes 37
EtherApe-INFO: 07:49:16.193: New node: IP: 93.184.220.29. Number of nodes 38
EtherApe-INFO: 07:49:16.434: New node: IP: 35.81.185.20. Number of nodes 39
EtherApe-INFO: 07:49:16.434: New node: IP: 34.107.141.31. Number of nodes 40
EtherApe-INFO: 07:49:16.455: New node: IP: 35.162.121.89. Number of nodes 41
EtherApe-INFO: 07:49:16.458: New node: IP: 87.245.216.107. Number of nodes 42
EtherApe-INFO: 07:49:16.461: New node: IP: 104.17.49.74. Number of nodes 43
EtherApe-INFO: 07:49:16.470: New node: IP: 87.245.216.9. Number of nodes 44
EtherApe-INFO: 07:49:16.482: New node: IP: 34.160.144.191. Number of nodes 45
EtherApe-INFO: 07:49:16.499: New node: IP: 104.17.50.74. Number of nodes 46
EtherApe-INFO: 07:49:16.696: New node: IP: 35.186.227.140. Number of nodes 47
EtherApe-INFO: 07:49:19.509: New node: IP: 104.18.12.33. Number of nodes 48
EtherApe-INFO: 07:49:19.760: New node: IP: 216.58.208.202. Number of nodes 49
EtherApe-INFO: 07:49:19.767: New node: IP: 142.250.203.131. Number of nodes 50
EtherApe-INFO: 07:49:20.275: New node: IP: 104.18.13.33. Number of nodes 51
EtherApe-INFO: 07:49:21.556: New node: IP: 52.29.105.33. Number of nodes 52
EtherApe-INFO: 07:49:21.813: New node: IP: 18.65.40.12. Number of nodes 53
EtherApe-INFO: 07:49:22.064: New node: IP: 104.16.99.56. Number of nodes 54
EtherApe-INFO: 07:49:22.321: New node: IP: 18.66.233.30. Number of nodes 55
EtherApe-INFO: 07:49:23.088: New node: IP: 18.65.30.69. Number of nodes 56
EtherApe-INFO: 07:49:23.349: New node: IP: 18.66.98.108. Number of nodes 57
EtherApe-INFO: 07:49:24.375: New node: IP: 140.82.113.25. Number of nodes 58
EtherApe-INFO: 07:49:24.375: New node: IP: 142.250.203.133. Number of nodes 59
EtherApe-INFO: 07:49:24.381: New node: IP: 18.66.147.167. Number of nodes 60
EtherApe-INFO: 07:49:24.627: New node: IP: 208.68.240.115. Number of nodes 61
EtherApe-INFO: 07:49:24.883: New node: IP: 34.225.195.161. Number of nodes 62
EtherApe-INFO: 07:49:32.855: delete node: IP: 216.58.215.99. Number of nodes 61
EtherApe-INFO: 07:49:32.855: delete node: IP: 192.168.1.1. Number of nodes 60
EtherApe-INFO: 07:49:32.855: delete node: IP: 78.46.178.133. Number of nodes 59
EtherApe-INFO: 07:49:35.659: New node: IP: 192.30.255.116. Number of nodes 60
EtherApe-INFO: 07:49:39.728: New node: IP: 149.154.167.92. Number of nodes 61
EtherApe-INFO: 07:49:40.497: New node: IP: 149.154.167.216. Number of nodes 62
EtherApe-INFO: 07:49:48.026: delete node: IP: 1.1.1.1. Number of nodes 61
EtherApe-INFO: 07:49:53.906: delete node: IP: 142.250.203.195. Number of nodes 60
EtherApe-INFO: 07:49:55.954: delete node: IP: 142.250.203.193. Number of nodes 59
EtherApe-INFO: 07:49:58.680: delete node: IP: 172.67.167.219. Number of nodes 58
EtherApe-INFO: 07:50:11.740: New node: IP: 54.187.236.68. Number of nodes 59
EtherApe-INFO: 07:50:11.743: New node: IP: 35.164.184.133. Number of nodes 60
EtherApe-INFO: 07:50:14.291: New node: IP: 172.217.16.42. Number of nodes 61
EtherApe-INFO: 07:50:16.592: New node: IP: 104.16.242.94. Number of nodes 62
EtherApe-INFO: 07:50:16.594: New node: IP: 104.16.100.56. Number of nodes 63
EtherApe-INFO: 07:50:16.851: New node: IP: 18.66.130.57. Number of nodes 64
EtherApe-INFO: 07:50:17.106: New node: IP: 18.66.112.85. Number of nodes 65
EtherApe-INFO: 07:50:17.362: New node: IP: 35.158.180.177. Number of nodes 66
EtherApe-INFO: 07:50:17.362: New node: IP: 185.199.110.154. Number of nodes 67
EtherApe-INFO: 07:50:17.619: New node: IP: 108.156.61.155. Number of nodes 68
EtherApe-INFO: 07:50:18.898: New node: IP: 140.82.112.25. Number of nodes 69
EtherApe-INFO: 07:50:19.415: New node: IP: 107.23.55.242. Number of nodes 70
EtherApe-INFO: 07:50:19.925: New node: IP: 108.156.61.41. Number of nodes 71
EtherApe-INFO: 07:50:22.485: New node: IP: 142.250.203.195. Number of nodes 72
EtherApe-INFO: 07:50:24.272: New node: IP: 13.32.121.59. Number of nodes 73
EtherApe-INFO: 07:50:24.529: New node: IP: 172.217.16.14. Number of nodes 74
EtherApe-INFO: 07:50:25.303: New node: IP: 216.58.208.206. Number of nodes 75
EtherApe-INFO: 07:50:26.065: New node: IP: 104.16.26.5. Number of nodes 76
EtherApe-INFO: 07:50:27.856: New node: IP: 140.82.121.3. Number of nodes 77
EtherApe-INFO: 07:50:27.856: New node: IP: 192.168.0.1. Number of nodes 78
EtherApe-INFO: 07:50:28.113: New node: IP: 216.58.215.99. Number of nodes 79
EtherApe-INFO: 07:50:30.679: New node: IP: 13.32.121.101. Number of nodes 80
EtherApe-INFO: 07:50:31.185: New node: IP: 185.199.108.133. Number of nodes 81
EtherApe-INFO: 07:50:31.185: New node: IP: 185.199.110.133. Number of nodes 82
EtherApe-INFO: 07:50:33.754: New node: IP: 104.18.22.126. Number of nodes 83
EtherApe-INFO: 07:50:34.002: New node: IP: 18.66.234.116. Number of nodes 84
EtherApe-INFO: 07:50:34.512: New node: IP: 192.168.0.157. Number of nodes 85
EtherApe-INFO: 07:50:35.286: New node: IP: 192.168.0.218. Number of nodes 86
EtherApe-INFO: 07:50:36.060: New node: IP: 52.29.123.56. Number of nodes 87
EtherApe-INFO: 07:50:36.561: New node: IP: 18.66.233.125. Number of nodes 88
EtherApe-INFO: 07:50:39.121: New node: IP: 18.159.68.239. Number of nodes 89
EtherApe-INFO: 07:50:40.920: New node: IP: 142.250.203.206. Number of nodes 90
EtherApe-INFO: 07:50:41.450: delete node: IP: 216.58.209.14. Number of nodes 89
EtherApe-INFO: 07:50:41.450: delete node: IP: 176.122.113.76. Number of nodes 88
EtherApe-INFO: 07:50:41.450: delete node: IP: 151.101.130.137. Number of nodes 87
EtherApe-INFO: 07:50:41.450: delete node: IP: 142.250.203.150. Number of nodes 86
EtherApe-INFO: 07:50:41.450: delete node: IP: 142.250.75.10. Number of nodes 85
EtherApe-INFO: 07:50:41.450: delete node: IP: 104.21.34.36. Number of nodes 84
EtherApe-INFO: 07:50:41.686: delete node: IP: 151.101.2.133. Number of nodes 83
EtherApe-INFO: 07:50:41.686: delete node: IP: 140.82.113.26. Number of nodes 82
EtherApe-INFO: 07:50:41.686: delete node: IP: 135.181.38.249. Number of nodes 81
EtherApe-INFO: 07:50:41.686: delete node: IP: 54.216.227.219. Number of nodes 80
EtherApe-INFO: 07:50:41.686: delete node: IP: 35.155.106.36. Number of nodes 79
EtherApe-INFO: 07:50:41.687: delete node: IP: 13.32.121.62. Number of nodes 78
EtherApe-INFO: 07:50:42.478: New node: IP: 142.250.203.202. Number of nodes 79
EtherApe-INFO: 07:50:47.571: New node: IP: 104.81.107.158. Number of nodes 80
EtherApe-INFO: 07:50:48.340: New node: IP: 172.64.147.123. Number of nodes 81
EtherApe-INFO: 07:50:48.593: New node: IP: 192.124.249.41. Number of nodes 82
EtherApe-INFO: 07:50:48.593: New node: IP: 54.170.196.176. Number of nodes 83
EtherApe-INFO: 07:50:48.849: New node: IP: 18.66.147.82. Number of nodes 84
EtherApe-INFO: 07:50:49.635: New node: IP: 62.182.19.39. Number of nodes 85
EtherApe-INFO: 07:50:51.684: New node: IP: 104.20.120.46. Number of nodes 86
EtherApe-INFO: 07:50:51.692: New node: IP: 104.20.121.46. Number of nodes 87
EtherApe-INFO: 07:50:52.177: New node: IP: 139.59.209.225. Number of nodes 88
EtherApe-INFO: 07:50:52.450: New node: IP: 34.252.28.38. Number of nodes 89
EtherApe-INFO: 07:50:53.201: New node: IP: 104.26.10.17. Number of nodes 90
EtherApe-INFO: 07:50:53.203: New node: IP: 172.67.74.184. Number of nodes 91
EtherApe-INFO: 07:50:53.464: New node: IP: 185.199.111.133. Number of nodes 92
EtherApe-INFO: 07:50:53.515: New node: IP: 46.246.44.4. Number of nodes 93
EtherApe-INFO: 07:50:54.227: New node: IP: 87.245.217.77. Number of nodes 94
EtherApe-INFO: 07:50:54.232: New node: IP: 18.65.32.234. Number of nodes 95
EtherApe-INFO: 07:50:54.506: New node: IP: 140.82.114.26. Number of nodes 96
EtherApe-INFO: 07:50:54.996: New node: IP: 45.57.40.1. Number of nodes 97
EtherApe-INFO: 07:50:54.998: New node: IP: 176.122.96.225. Number of nodes 98
EtherApe-INFO: 07:50:54.999: New node: IP: 45.57.80.146. Number of nodes 99
EtherApe-INFO: 07:50:55.259: New node: IP: 34.240.82.124. Number of nodes 100
EtherApe-INFO: 07:50:55.512: New node: IP: 104.18.18.132. Number of nodes 101
EtherApe-INFO: 07:50:55.766: New node: IP: 172.217.16.46. Number of nodes 102
EtherApe-INFO: 07:50:55.768: New node: IP: 151.101.193.208. Number of nodes 103
EtherApe-INFO: 07:50:57.297: New node: IP: 216.58.209.10. Number of nodes 104
EtherApe-INFO: 07:50:59.120: New node: IP: 176.122.113.76. Number of nodes 105
EtherApe-INFO: 07:51:00.376: New node: IP: 172.217.16.22. Number of nodes 106
EtherApe-INFO: 07:51:00.405: New node: IP: 104.18.6.185. Number of nodes 107
EtherApe-INFO: 07:51:28.145: delete node: IP: 216.58.208.202. Number of nodes 106
EtherApe-INFO: 07:51:28.786: delete node: IP: 142.250.203.133. Number of nodes 105
EtherApe-INFO: 07:51:28.786: delete node: IP: 140.82.113.25. Number of nodes 104
EtherApe-INFO: 07:51:28.786: delete node: IP: 104.16.99.56. Number of nodes 103
EtherApe-INFO: 07:51:28.786: delete node: IP: 87.245.216.107. Number of nodes 102
EtherApe-INFO: 07:51:28.786: delete node: IP: 52.29.105.33. Number of nodes 101
EtherApe-INFO: 07:51:28.786: delete node: IP: 35.241.9.150. Number of nodes 100
EtherApe-INFO: 07:51:28.786: delete node: IP: 35.165.217.23. Number of nodes 99
EtherApe-INFO: 07:51:28.786: delete node: IP: 35.162.121.89. Number of nodes 98
EtherApe-INFO: 07:51:28.786: delete node: IP: 34.225.195.161. Number of nodes 97
EtherApe-INFO: 07:51:28.786: delete node: IP: 34.160.144.191. Number of nodes 96
EtherApe-INFO: 07:51:28.786: delete node: IP: 18.66.233.30. Number of nodes 95
EtherApe-INFO: 07:51:28.786: delete node: IP: 18.66.147.167. Number of nodes 94
EtherApe-INFO: 07:51:28.786: delete node: IP: 18.65.40.12. Number of nodes 93
EtherApe-INFO: 07:51:36.530: delete node: IP: 149.154.167.50. Number of nodes 92
EtherApe-INFO: 07:51:55.945: delete node: IP: 149.154.167.92. Number of nodes 91
EtherApe-INFO: 07:52:10.728: New node: IP: 45.57.41.1. Number of nodes 92
EtherApe-INFO: 07:52:11.497: New node: IP: 54.171.227.38. Number of nodes 93
EtherApe-INFO: 07:52:14.653: delete node: IP: 104.17.50.74. Number of nodes 92
EtherApe-INFO: 07:52:15.602: delete node: IP: 104.18.12.33. Number of nodes 91
EtherApe-INFO: 07:52:15.602: delete node: IP: 35.164.184.133. Number of nodes 90
EtherApe-INFO: 07:52:16.701: delete node: IP: 104.16.242.94. Number of nodes 89
EtherApe-INFO: 07:52:17.697: delete node: IP: 18.66.112.85. Number of nodes 88
EtherApe-INFO: 07:52:19.794: delete node: IP: 208.68.240.115. Number of nodes 87
EtherApe-INFO: 07:52:26.588: delete node: IP: 216.58.208.206. Number of nodes 86
EtherApe-INFO: 07:52:27.934: delete node: IP: 18.66.98.108. Number of nodes 85
EtherApe-INFO: 07:52:28.650: delete node: IP: 192.168.0.1. Number of nodes 84
EtherApe-INFO: 07:52:29.145: New node: IP: 192.168.1.1. Number of nodes 85
EtherApe-INFO: 07:52:29.146: New node: IP: 78.46.178.133. Number of nodes 86
EtherApe-INFO: 07:52:31.571: delete node: IP: 185.199.110.133. Number of nodes 85
EtherApe-INFO: 07:52:36.077: delete node: IP: 192.168.0.218. Number of nodes 84
EtherApe-INFO: 07:52:36.077: delete node: IP: 192.168.0.157. Number of nodes 83
EtherApe-INFO: 07:52:40.195: delete node: IP: 142.250.203.142. Number of nodes 82
EtherApe-INFO: 07:52:44.010: delete node: IP: 18.159.68.239. Number of nodes 81
EtherApe-INFO: 07:52:48.413: delete node: IP: 104.81.107.158. Number of nodes 80
EtherApe-INFO: 07:52:52.696: New node: IP: 1.1.1.1. Number of nodes 81
EtherApe-INFO: 07:52:53.006: delete node: IP: 34.252.28.38. Number of nodes 80
EtherApe-INFO: 07:52:54.005: delete node: IP: 185.199.111.133. Number of nodes 79
EtherApe-INFO: 07:52:55.556: delete node: IP: 18.66.147.82. Number of nodes 78
EtherApe-INFO: 07:52:55.800: delete node: IP: 46.246.44.4. Number of nodes 77
EtherApe-INFO: 07:53:00.978: delete node: IP: 216.58.209.10. Number of nodes 76
EtherApe-INFO: 07:53:00.978: delete node: IP: 104.20.120.46. Number of nodes 75
EtherApe-INFO: 07:53:01.460: delete node: IP: 216.58.215.99. Number of nodes 74
EtherApe-INFO: 07:53:01.460: delete node: IP: 142.250.203.195. Number of nodes 73
EtherApe-INFO: 07:53:15.014: delete node: IP: 104.26.10.17. Number of nodes 72
EtherApe-INFO: 07:53:15.014: delete node: IP: 54.187.236.68. Number of nodes 71
EtherApe-INFO: 07:53:15.014: delete node: IP: 35.81.185.20. Number of nodes 70
EtherApe-INFO: 07:53:17.240: New node: IP: 104.18.7.185. Number of nodes 71
EtherApe-INFO: 07:53:33.962: delete node: IP: 149.154.167.216. Number of nodes 70
EtherApe-INFO: 07:53:36.010: delete node: IP: 35.158.180.177. Number of nodes 69
EtherApe-INFO: 07:53:36.706: delete node: IP: 192.30.255.116. Number of nodes 68
EtherApe-INFO: 07:53:36.706: delete node: IP: 87.245.217.77. Number of nodes 67
EtherApe-INFO: 07:53:53.928: delete node: IP: 192.124.249.41. Number of nodes 66
EtherApe-INFO: 07:53:53.929: delete node: IP: 62.182.19.39. Number of nodes 65
EtherApe-INFO: 07:53:53.929: delete node: IP: 52.29.123.56. Number of nodes 64
EtherApe-INFO: 07:54:03.947: delete node: IP: 34.240.82.124. Number of nodes 63
EtherApe-INFO: 07:54:16.688: delete node: IP: 108.156.61.155. Number of nodes 62
EtherApe-INFO: 07:54:16.688: delete node: IP: 108.156.61.41. Number of nodes 61
EtherApe-INFO: 07:54:16.688: delete node: IP: 45.57.80.146. Number of nodes 60
EtherApe-INFO: 07:54:16.688: delete node: IP: 45.57.41.1. Number of nodes 59
EtherApe-INFO: 07:54:16.688: delete node: IP: 45.57.40.1. Number of nodes 58
EtherApe-INFO: 07:54:25.122: delete node: IP: 176.122.96.225. Number of nodes 57
EtherApe-INFO: 07:54:27.224: delete node: IP: 13.32.121.101. Number of nodes 56
EtherApe-INFO: 07:54:29.782: delete node: IP: 192.168.1.1. Number of nodes 55
EtherApe-INFO: 07:54:29.782: delete node: IP: 78.46.178.133. Number of nodes 54
EtherApe-INFO: 07:54:33.094: delete node: IP: 34.107.221.82. Number of nodes 53
EtherApe-INFO: 07:54:51.785: delete node: IP: 93.184.220.29. Number of nodes 52
EtherApe-INFO: 07:54:51.786: delete node: IP: 87.245.216.9. Number of nodes 51
EtherApe-INFO: 07:54:51.786: delete node: IP: 18.65.32.234. Number of nodes 50
EtherApe-INFO: 07:54:53.303: delete node: IP: 8.8.8.8. Number of nodes 49
EtherApe-INFO: 07:54:53.303: delete node: IP: 1.1.1.1. Number of nodes 48
EtherApe-INFO: 07:54:56.657: delete node: IP: 142.250.203.131. Number of nodes 47
EtherApe-INFO: 07:55:04.017: delete node: IP: 34.107.141.31. Number of nodes 46
EtherApe-INFO: 07:55:04.780: delete node: IP: 104.17.49.74. Number of nodes 45
EtherApe-INFO: 07:55:06.832: delete node: IP: 104.18.13.33. Number of nodes 44
EtherApe-INFO: 07:55:12.237: delete node: IP: 54.171.227.38. Number of nodes 43
EtherApe-INFO: 07:55:14.232: New node: IP: 35.164.184.133. Number of nodes 44
EtherApe-INFO: 07:55:17.326: delete node: IP: 216.58.215.78. Number of nodes 43
EtherApe-INFO: 07:55:18.434: delete node: IP: 172.217.16.14. Number of nodes 42
EtherApe-INFO: 07:55:18.434: delete node: IP: 9.9.9.9. Number of nodes 41
EtherApe-INFO: 07:55:21.700: delete node: IP: 104.16.26.5. Number of nodes 40
EtherApe-INFO: 07:55:23.540: delete node: IP: 140.82.121.3. Number of nodes 39
EtherApe-INFO: 07:55:23.540: delete node: IP: 18.66.130.57. Number of nodes 38
EtherApe-INFO: 07:55:25.064: delete node: IP: 104.18.22.126. Number of nodes 37
EtherApe-INFO: 07:55:25.064: delete node: IP: 104.16.100.56. Number of nodes 36
EtherApe-INFO: 07:55:25.064: delete node: IP: 35.186.227.140. Number of nodes 35
EtherApe-INFO: 07:55:25.064: delete node: IP: 18.66.234.116. Number of nodes 34
EtherApe-INFO: 07:55:29.183: delete node: IP: 18.66.233.125. Number of nodes 33
EtherApe-INFO: 07:55:33.000: delete node: IP: 142.250.203.138. Number of nodes 32
EtherApe-INFO: 07:55:40.867: delete node: IP: 107.23.55.242. Number of nodes 31
EtherApe-INFO: 07:55:42.167: delete node: IP: 185.199.108.133. Number of nodes 30
EtherApe-INFO: 07:55:46.827: delete node: IP: 185.199.110.154. Number of nodes 29
EtherApe-INFO: 07:55:46.827: delete node: IP: 172.67.74.184. Number of nodes 28
EtherApe-INFO: 07:55:48.140: delete node: IP: 172.64.147.123. Number of nodes 27
EtherApe-INFO: 07:55:48.140: delete node: IP: 151.101.193.208. Number of nodes 26
EtherApe-INFO: 07:55:48.896: delete node: IP: 18.65.30.69. Number of nodes 25
EtherApe-INFO: 07:55:50.084: delete node: IP: 216.58.215.100. Number of nodes 24
EtherApe-INFO: 07:55:50.085: delete node: IP: 142.250.203.202. Number of nodes 23
EtherApe-INFO: 07:55:53.432: delete node: IP: 172.217.16.22. Number of nodes 22
EtherApe-INFO: 07:55:53.432: delete node: IP: 104.18.6.185. Number of nodes 21
EtherApe-INFO: 07:55:54.937: delete node: IP: 139.59.209.225. Number of nodes 20
EtherApe-INFO: 07:55:56.550: delete node: IP: 54.170.196.176. Number of nodes 19
EtherApe-INFO: 07:56:03.385: New node: IP: 9.9.9.9. Number of nodes 20
EtherApe-INFO: 07:56:20.045: New node: IP: 149.154.167.216. Number of nodes 21
EtherApe-INFO: 07:56:59.808: delete node: IP: 34.120.208.123. Number of nodes 20
EtherApe-INFO: 07:57:16.677: delete node: IP: 35.164.184.133. Number of nodes 19
EtherApe-INFO: 07:57:29.144: New node: IP: 192.168.1.1. Number of nodes 20
EtherApe-INFO: 07:57:29.401: New node: IP: 78.46.178.133. Number of nodes 21
EtherApe-INFO: 07:57:34.105: delete node: IP: 104.20.121.46. Number of nodes 20
EtherApe-INFO: 07:57:37.083: New node: IP: 104.20.121.46. Number of nodes 21
EtherApe-INFO: 07:57:57.048: New node: IP: 213.239.154.12. Number of nodes 22
EtherApe-INFO: 07:58:25.720: New node: IP: 8.8.8.8. Number of nodes 23
EtherApe-INFO: 07:58:25.720: New node: IP: 1.1.1.1. Number of nodes 24
EtherApe-INFO: 07:58:35.553: delete node: IP: 149.154.167.216. Number of nodes 23
EtherApe-INFO: 07:59:30.491: delete node: IP: 192.168.1.1. Number of nodes 22
EtherApe-INFO: 07:59:30.491: delete node: IP: 78.46.178.133. Number of nodes 21
EtherApe-INFO: 07:59:57.630: delete node: IP: 213.239.154.12. Number of nodes 20
EtherApe-INFO: 08:00:03.555: delete node: IP: 104.20.121.46. Number of nodes 19
EtherApe-INFO: 08:00:04.284: New node: IP: 13.32.121.101. Number of nodes 20
EtherApe-INFO: 08:00:05.053: New node: IP: 104.20.121.46. Number of nodes 21
EtherApe-INFO: 08:00:14.520: New node: IP: 35.164.184.133. Number of nodes 22
EtherApe-INFO: 08:00:26.641: delete node: IP: 9.9.9.9. Number of nodes 21
EtherApe-INFO: 08:00:26.641: delete node: IP: 8.8.8.8. Number of nodes 20
EtherApe-INFO: 08:00:26.641: delete node: IP: 1.1.1.1. Number of nodes 19
EtherApe-INFO: 08:01:03.162: New node: IP: 9.9.9.9. Number of nodes 20
EtherApe-INFO: 08:01:13.145: New node: IP: 34.252.28.38. Number of nodes 21
EtherApe-INFO: 08:01:19.036: New node: IP: 63.33.228.172. Number of nodes 22
EtherApe-INFO: 08:02:16.125: delete node: IP: 35.164.184.133. Number of nodes 21
EtherApe-INFO: 08:02:16.898: New node: IP: 149.154.167.216. Number of nodes 22
EtherApe-INFO: 08:02:28.668: delete node: IP: 104.20.121.46. Number of nodes 21
EtherApe-INFO: 08:02:29.176: New node: IP: 192.168.1.1. Number of nodes 22
EtherApe-INFO: 08:02:29.177: New node: IP: 78.46.178.133. Number of nodes 23
EtherApe-INFO: 08:02:31.994: New node: IP: 104.20.121.46. Number of nodes 24
EtherApe-INFO: 08:02:31.997: New node: IP: 104.20.120.46. Number of nodes 25
EtherApe-INFO: 08:03:03.482: New node: IP: 104.18.22.122. Number of nodes 26
EtherApe-INFO: 08:03:03.486: New node: IP: 104.18.23.122. Number of nodes 27
EtherApe-INFO: 08:03:03.738: New node: IP: 87.245.216.9. Number of nodes 28
EtherApe-INFO: 08:03:03.738: New node: IP: 87.245.216.107. Number of nodes 29
EtherApe-INFO: 08:03:13.556: delete node: IP: 34.252.28.38. Number of nodes 28
EtherApe-INFO: 08:03:19.695: delete node: IP: 63.33.228.172. Number of nodes 27
EtherApe-INFO: 08:03:55.448: New node: IP: 8.8.8.8. Number of nodes 28
EtherApe-INFO: 08:03:55.704: New node: IP: 1.1.1.1. Number of nodes 29
EtherApe-INFO: 08:04:00.852: delete node: IP: 13.32.121.101. Number of nodes 28
EtherApe-INFO: 08:04:31.126: delete node: IP: 192.168.1.1. Number of nodes 27
EtherApe-INFO: 08:04:31.126: delete node: IP: 78.46.178.133. Number of nodes 26
EtherApe-INFO: 08:05:03.042: delete node: IP: 104.20.121.46. Number of nodes 25
EtherApe-INFO: 08:05:04.135: delete node: IP: 104.18.22.122. Number of nodes 24
EtherApe-INFO: 08:05:14.552: New node: IP: 35.164.184.133. Number of nodes 25
EtherApe-INFO: 08:05:18.906: New node: IP: 216.58.208.202. Number of nodes 26
EtherApe-INFO: 08:05:22.850: delete node: IP: 104.18.7.185. Number of nodes 25
EtherApe-INFO: 08:05:55.829: delete node: IP: 9.9.9.9. Number of nodes 24
EtherApe-INFO: 08:05:55.829: delete node: IP: 8.8.8.8. Number of nodes 23
EtherApe-INFO: 08:05:55.829: delete node: IP: 1.1.1.1. Number of nodes 22
EtherApe-INFO: 08:06:03.194: New node: IP: 9.9.9.9. Number of nodes 23
EtherApe-INFO: 08:07:00.795: delete node: IP: 87.245.216.107. Number of nodes 22
EtherApe-INFO: 08:07:00.795: delete node: IP: 87.245.216.9. Number of nodes 21
EtherApe-INFO: 08:07:04.632: New node: IP: 13.32.121.101. Number of nodes 22
EtherApe-INFO: 08:07:15.716: delete node: IP: 176.122.113.76. Number of nodes 21
EtherApe-INFO: 08:07:15.717: delete node: IP: 35.164.184.133. Number of nodes 20
EtherApe-INFO: 08:07:19.250: delete node: IP: 216.58.208.202. Number of nodes 19
EtherApe-INFO: 08:07:21.273: New node: IP: 172.217.16.22. Number of nodes 20
EtherApe-INFO: 08:07:26.484: delete node: IP: 104.20.120.46. Number of nodes 19
EtherApe-INFO: 08:07:29.208: New node: IP: 192.168.1.1. Number of nodes 20
EtherApe-INFO: 08:07:29.209: New node: IP: 78.46.178.133. Number of nodes 21
EtherApe-INFO: 08:07:55.174: delete node: IP: 104.18.23.122. Number of nodes 20
EtherApe-INFO: 08:07:57.117: delete node: IP: 104.18.18.132. Number of nodes 19
EtherApe-INFO: 08:08:33.496: delete node: IP: 149.154.167.216. Number of nodes 18
EtherApe-INFO: 08:09:02.905: New node: IP: 149.154.167.216. Number of nodes 19
EtherApe-INFO: 08:09:30.098: delete node: IP: 192.168.1.1. Number of nodes 18
EtherApe-INFO: 08:09:30.098: delete node: IP: 78.46.178.133. Number of nodes 17
EtherApe-INFO: 08:09:30.099: delete node: IP: 9.9.9.9. Number of nodes 16
EtherApe-INFO: 08:10:14.841: New node: IP: 35.164.184.133. Number of nodes 17
EtherApe-INFO: 08:10:44.280: New node: IP: 127.0.0.1. Number of nodes 18
EtherApe-INFO: 08:10:44.280: New node: IP: 224.0.0.251. Number of nodes 19
EtherApe-INFO: 08:11:03.224: New node: IP: 9.9.9.9. Number of nodes 20
EtherApe-INFO: 08:11:19.458: delete node: IP: 149.154.167.216. Number of nodes 19
EtherApe-INFO: 08:11:35.736: New node: IP: 63.33.228.172. Number of nodes 20
EtherApe-INFO: 08:11:41.882: New node: IP: 52.19.109.21. Number of nodes 21
EtherApe-INFO: 08:12:12.113: delete node: IP: 172.217.16.46. Number of nodes 20
EtherApe-INFO: 08:12:13.396: delete node: IP: 172.217.16.22. Number of nodes 19
EtherApe-INFO: 08:12:15.760: delete node: IP: 35.164.184.133. Number of nodes 18
EtherApe-INFO: 08:12:16.511: delete node: IP: 13.32.121.59. Number of nodes 17
EtherApe-INFO: 08:12:29.240: New node: IP: 192.168.1.1. Number of nodes 18
EtherApe-INFO: 08:12:29.241: New node: IP: 78.46.178.133. Number of nodes 19
EtherApe-INFO: 08:12:44.417: delete node: IP: 224.0.0.251. Number of nodes 18
EtherApe-INFO: 08:12:44.417: delete node: IP: 127.0.0.1. Number of nodes 17
EtherApe-INFO: 08:13:35.908: delete node: IP: 63.33.228.172. Number of nodes 16
EtherApe-INFO: 08:13:36.056: New node: IP: 149.154.167.216. Number of nodes 17
EtherApe-INFO: 08:13:45.856: delete node: IP: 52.19.109.21. Number of nodes 16
EtherApe-INFO: 08:14:29.655: delete node: IP: 192.168.1.1. Number of nodes 15
EtherApe-INFO: 08:14:29.655: delete node: IP: 78.46.178.133. Number of nodes 14
EtherApe-INFO: 08:14:29.655: delete node: IP: 9.9.9.9. Number of nodes 13
EtherApe-INFO: 08:15:04.123: New node: IP: 13.32.121.62. Number of nodes 14
EtherApe-INFO: 08:15:15.128: New node: IP: 35.164.184.133. Number of nodes 15
EtherApe-INFO: 08:16:03.258: New node: IP: 9.9.9.9. Number of nodes 16
EtherApe-INFO: 08:16:33.825: delete node: IP: 149.154.167.216. Number of nodes 15
EtherApe-INFO: 08:17:15.773: delete node: IP: 35.164.184.133. Number of nodes 14
EtherApe-INFO: 08:17:29.016: New node: IP: 192.168.1.1. Number of nodes 15
EtherApe-INFO: 08:17:29.272: New node: IP: 78.46.178.133. Number of nodes 16
EtherApe-INFO: 08:18:42.489: New node: IP: 142.250.203.138. Number of nodes 17
EtherApe-INFO: 08:19:00.926: delete node: IP: 13.32.121.62. Number of nodes 16
EtherApe-INFO: 08:19:31.436: delete node: IP: 192.168.1.1. Number of nodes 15
EtherApe-INFO: 08:19:31.436: delete node: IP: 78.46.178.133. Number of nodes 14
EtherApe-INFO: 08:19:31.436: delete node: IP: 9.9.9.9. Number of nodes 13
EtherApe-INFO: 08:19:35.993: New node: IP: 34.120.208.123. Number of nodes 14
EtherApe-INFO: 08:19:48.281: New node: IP: 149.154.167.216. Number of nodes 15
EtherApe-INFO: 08:20:14.904: New node: IP: 35.164.184.133. Number of nodes 16
EtherApe-INFO: 08:20:51.256: New node: IP: 3.251.50.149. Number of nodes 17
EtherApe-INFO: 08:20:51.512: New node: IP: 9.9.9.9. Number of nodes 18
