(etherape:2650): GLib-GIO-DEBUG: 15:30:18.034: _g_io_module_get_default: Found default implementation local (GLocalVfs) for ‘gio-vfs’
(etherape:2650): GLib-GIO-DEBUG: 15:30:18.083: Using cross-namespace EXTERNAL authentication (this will deadlock if server is GDBus < 2.73.3)
EtherApe-INFO: 15:30:18.132: sctp protocol not supported
EtherApe-INFO: 15:30:18.132: dccp protocol not supported
EtherApe-INFO: 15:30:18.132: sctp protocol not supported
EtherApe-INFO: 15:30:18.132: sctp protocol not supported
EtherApe-INFO: 15:30:18.132: sctp protocol not supported
EtherApe-INFO: 15:30:18.132: sctp protocol not supported
EtherApe-INFO: 15:30:18.132: sctp protocol not supported
EtherApe-INFO: 15:30:18.133: sctp protocol not supported
EtherApe-INFO: 15:30:18.133: sctp protocol not supported
EtherApe-INFO: 15:30:18.133: dccp protocol not supported
EtherApe-INFO: 15:30:18.133: sctp protocol not supported
EtherApe-INFO: 15:30:18.133: dccp protocol not supported
EtherApe-INFO: 15:30:18.133: dccp protocol not supported
EtherApe-INFO: 15:30:18.133: sctp protocol not supported
EtherApe-INFO: 15:30:18.134: sctp protocol not supported
EtherApe-INFO: 15:30:18.134: sctp protocol not supported
EtherApe-INFO: 15:30:18.134: sctp protocol not supported
EtherApe-INFO: 15:30:18.134: sctp protocol not supported
EtherApe-INFO: 15:30:18.135: sctp protocol not supported
EtherApe-INFO: 15:30:18.135: sctp protocol not supported
EtherApe-INFO: 15:30:18.135: sctp protocol not supported
EtherApe-INFO: 15:30:18.135: sctp protocol not supported
EtherApe-INFO: 15:30:18.135: sctp protocol not supported
EtherApe-INFO: 15:30:18.135: sctp protocol not supported
EtherApe-INFO: 15:30:18.136: sctp protocol not supported
EtherApe-INFO: 15:30:18.136: sctp protocol not supported
EtherApe-INFO: 15:30:18.136: sctp protocol not supported
EtherApe-INFO: 15:30:18.136: sctp protocol not supported
EtherApe-INFO: 15:30:18.136: dccp protocol not supported
EtherApe-INFO: 15:30:18.136: sctp protocol not supported
EtherApe-INFO: 15:30:18.136: sctp protocol not supported
EtherApe-INFO: 15:30:18.136: dccp protocol not supported
EtherApe-INFO: 15:30:18.136: sctp protocol not supported
EtherApe-INFO: 15:30:18.136: sctp protocol not supported
EtherApe-INFO: 15:30:18.136: sctp protocol not supported
EtherApe-INFO: 15:30:18.136: dccp protocol not supported
EtherApe-INFO: 15:30:18.136: dccp protocol not supported
EtherApe-INFO: 15:30:18.136: sctp protocol not supported
EtherApe-INFO: 15:30:18.136: sctp protocol not supported
EtherApe-INFO: 15:30:18.136: sctp protocol not supported
EtherApe-INFO: 15:30:18.136: sctp protocol not supported
EtherApe-INFO: 15:30:18.136: sctp protocol not supported
EtherApe-INFO: 15:30:18.136: sctp protocol not supported
EtherApe-INFO: 15:30:18.136: sctp protocol not supported
EtherApe-INFO: 15:30:18.136: sctp protocol not supported
EtherApe-INFO: 15:30:18.137: sctp protocol not supported
EtherApe-INFO: 15:30:18.137: sctp protocol not supported
EtherApe-INFO: 15:30:18.137: sctp protocol not supported
EtherApe-INFO: 15:30:18.137: sctp protocol not supported
EtherApe-INFO: 15:30:18.137: sctp protocol not supported
EtherApe-INFO: 15:30:18.137: sctp protocol not supported
EtherApe-INFO: 15:30:18.137: sctp protocol not supported
EtherApe-INFO: 15:30:18.137: sctp protocol not supported
EtherApe-INFO: 15:30:18.137: sctp protocol not supported
EtherApe-INFO: 15:30:18.137: sctp protocol not supported
EtherApe-INFO: 15:30:18.137: sctp protocol not supported
EtherApe-INFO: 15:30:18.137: sctp protocol not supported
EtherApe-INFO: 15:30:18.137: dccp protocol not supported
EtherApe-INFO: 15:30:18.137: sctp protocol not supported
EtherApe-INFO: 15:30:18.137: sctp protocol not supported
EtherApe-INFO: 15:30:18.137: sctp protocol not supported
EtherApe-INFO: 15:30:18.137: sctp protocol not supported
EtherApe-INFO: 15:30:18.137: sctp protocol not supported
EtherApe-INFO: 15:30:18.137: sctp protocol not supported
EtherApe-INFO: 15:30:18.137: sctp protocol not supported
EtherApe-INFO: 15:30:18.137: sctp protocol not supported
EtherApe-INFO: 15:30:18.137: sctp protocol not supported
EtherApe-INFO: 15:30:18.137: sctp protocol not supported
EtherApe-INFO: 15:30:18.137: sctp protocol not supported
EtherApe-INFO: 15:30:18.137: sctp protocol not supported
EtherApe-INFO: 15:30:18.137: sctp protocol not supported
EtherApe-INFO: 15:30:18.137: sctp protocol not supported
EtherApe-INFO: 15:30:18.137: sctp protocol not supported
EtherApe-INFO: 15:30:18.137: sctp protocol not supported
EtherApe-INFO: 15:30:18.137: sctp protocol not supported
EtherApe-INFO: 15:30:18.137: sctp protocol not supported
EtherApe-INFO: 15:30:18.138: sctp protocol not supported
EtherApe-INFO: 15:30:18.138: sctp protocol not supported
EtherApe-INFO: 15:30:18.138: sctp protocol not supported
EtherApe-INFO: 15:30:18.138: sctp protocol not supported
EtherApe-INFO: 15:30:18.138: sctp protocol not supported
EtherApe-INFO: 15:30:18.138: sctp protocol not supported
EtherApe-INFO: 15:30:18.138: sctp protocol not supported
EtherApe-INFO: 15:30:18.138: sctp protocol not supported
EtherApe-INFO: 15:30:18.138: sctp protocol not supported
EtherApe-INFO: 15:30:18.138: sctp protocol not supported
EtherApe-INFO: 15:30:18.138: sctp protocol not supported
EtherApe-INFO: 15:30:18.138: sctp protocol not supported
EtherApe-INFO: 15:30:18.138: sctp protocol not supported
EtherApe-INFO: 15:30:18.138: sctp protocol not supported
EtherApe-INFO: 15:30:18.138: sctp protocol not supported
EtherApe-INFO: 15:30:18.138: sctp protocol not supported
EtherApe-INFO: 15:30:18.138: sctp protocol not supported
EtherApe-INFO: 15:30:18.138: sctp protocol not supported
EtherApe-INFO: 15:30:18.146: get_interface result: ''
EtherApe-INFO: 15:30:18.146: Available interfaces for capture: dbus-session dbus-system nfqueue nflog bluetooth-monitor bluetooth0 wlp2s0 lo any enp0s20f0u1
EtherApe-INFO: 15:30:18.146: Link type is LINUX_SLL
EtherApe-INFO: 15:30:18.146: Diagram started
EtherApe-INFO: 15:30:21.217: New node: IP: 216.58.215.74. Number of nodes 1
EtherApe-INFO: 15:30:21.217: New node: IP: 192.168.1.217. Number of nodes 2
EtherApe-INFO: 15:30:22.240: New node: IP: 34.107.221.82. Number of nodes 3
EtherApe-INFO: 15:30:22.753: New node: IP: 149.154.167.51. Number of nodes 4
EtherApe-INFO: 15:30:23.776: New node: IP: 8.8.8.8. Number of nodes 5
EtherApe-INFO: 15:30:23.776: New node: IP: 93.184.220.29. Number of nodes 6
EtherApe-INFO: 15:30:24.032: New node: IP: 142.250.75.3. Number of nodes 7
EtherApe-INFO: 15:30:24.288: New node: IP: 54.201.164.58. Number of nodes 8
EtherApe-INFO: 15:30:24.288: New node: IP: 54.185.157.183. Number of nodes 9
EtherApe-INFO: 15:30:24.288: New node: IP: 87.245.216.107. Number of nodes 10
EtherApe-INFO: 15:30:24.800: New node: IP: 172.217.16.35. Number of nodes 11
EtherApe-INFO: 15:30:26.848: New node: IP: 108.138.24.169. Number of nodes 12
EtherApe-INFO: 15:30:27.360: New node: IP: 1.1.1.1. Number of nodes 13
EtherApe-INFO: 15:30:50.401: New node: IP: 35.186.227.140. Number of nodes 14
EtherApe-INFO: 15:30:51.680: New node: IP: 104.16.249.249. Number of nodes 15
EtherApe-INFO: 15:30:51.936: New node: IP: 104.16.248.249. Number of nodes 16
EtherApe-INFO: 15:30:52.192: New node: IP: 34.120.208.123. Number of nodes 17
EtherApe-INFO: 15:30:52.192: New node: IP: 104.18.12.33. Number of nodes 18
EtherApe-INFO: 15:30:52.960: New node: IP: 18.66.112.35. Number of nodes 19
EtherApe-INFO: 15:30:52.960: New node: IP: 108.138.7.107. Number of nodes 20
EtherApe-INFO: 15:30:53.217: New node: IP: 34.247.103.200. Number of nodes 21
EtherApe-INFO: 15:30:53.217: New node: IP: 172.217.20.174. Number of nodes 22
EtherApe-INFO: 15:30:53.217: New node: IP: 142.250.186.196. Number of nodes 23
EtherApe-INFO: 15:30:55.264: New node: IP: 140.82.121.3. Number of nodes 24
EtherApe-INFO: 15:30:56.033: New node: IP: 178.62.225.74. Number of nodes 25
EtherApe-INFO: 15:30:56.288: New node: IP: 142.250.203.206. Number of nodes 26
EtherApe-INFO: 15:30:56.288: New node: IP: 142.250.203.131. Number of nodes 27
EtherApe-INFO: 15:30:56.288: New node: IP: 142.250.203.202. Number of nodes 28
EtherApe-INFO: 15:30:56.288: New node: IP: 172.217.16.46. Number of nodes 29
EtherApe-INFO: 15:30:56.288: New node: IP: 216.58.209.10. Number of nodes 30
EtherApe-INFO: 15:30:57.313: New node: IP: 216.58.209.14. Number of nodes 31
EtherApe-INFO: 15:30:59.361: New node: IP: 198.54.120.74. Number of nodes 32
EtherApe-INFO: 15:30:59.616: New node: IP: 185.199.111.133. Number of nodes 33
EtherApe-INFO: 15:30:59.616: New node: IP: 185.199.110.133. Number of nodes 34
EtherApe-INFO: 15:30:59.616: New node: IP: 185.199.109.133. Number of nodes 35
EtherApe-INFO: 15:30:59.874: New node: IP: 104.18.32.68. Number of nodes 36
EtherApe-INFO: 15:30:59.874: New node: IP: 194.28.87.241. Number of nodes 37
EtherApe-INFO: 15:31:00.128: New node: IP: 23.64.12.72. Number of nodes 38
EtherApe-INFO: 15:31:01.408: New node: IP: 142.250.203.196. Number of nodes 39
EtherApe-INFO: 15:31:02.178: New node: IP: 172.217.16.13. Number of nodes 40
EtherApe-INFO: 15:31:02.944: New node: IP: 95.216.72.81. Number of nodes 41
EtherApe-INFO: 15:31:03.969: New node: IP: 95.217.230.91. Number of nodes 42
EtherApe-INFO: 15:31:05.248: New node: IP: 139.59.209.225. Number of nodes 43
EtherApe-INFO: 15:31:07.296: New node: IP: 216.58.208.197. Number of nodes 44
EtherApe-INFO: 15:31:15.232: New node: IP: 172.217.20.170. Number of nodes 45
EtherApe-INFO: 15:31:15.488: New node: IP: 139.59.210.197. Number of nodes 46
EtherApe-INFO: 15:31:20.865: New node: IP: 176.122.113.76. Number of nodes 47
EtherApe-INFO: 15:31:22.800: New node: IP: 104.77.235.77. Number of nodes 48
EtherApe-INFO: 15:31:23.057: New node: IP: 142.250.186.214. Number of nodes 49
EtherApe-INFO: 15:31:23.569: New node: IP: 207.241.237.3. Number of nodes 50
EtherApe-INFO: 15:31:23.825: New node: IP: 207.241.224.2. Number of nodes 51
EtherApe-INFO: 15:31:24.848: New node: IP: 207.241.234.11. Number of nodes 52
EtherApe-INFO: 15:31:24.848: New node: IP: 142.250.203.138. Number of nodes 53
EtherApe-INFO: 15:31:24.850: New node: IP: 216.58.208.206. Number of nodes 54
EtherApe-INFO: 15:31:26.896: New node: IP: 172.217.20.202. Number of nodes 55
EtherApe-INFO: 15:31:28.688: New node: IP: 142.250.203.195. Number of nodes 56
EtherApe-INFO: 15:31:57.882: New node: IP: 52.10.85.249. Number of nodes 57
EtherApe-INFO: 15:32:25.264: New node: IP: 172.217.16.54. Number of nodes 58
EtherApe-INFO: 15:32:28.336: New node: IP: 216.58.215.78. Number of nodes 59
EtherApe-INFO: 15:32:35.376: New node: IP: 18.66.122.74. Number of nodes 60
EtherApe-INFO: 15:32:36.146: New node: IP: 104.17.25.14. Number of nodes 61
EtherApe-INFO: 15:32:36.405: New node: IP: 104.17.24.14. Number of nodes 62
EtherApe-INFO: 15:32:36.406: New node: IP: 161.71.1.166. Number of nodes 63
EtherApe-INFO: 15:32:36.657: New node: IP: 52.9.79.152. Number of nodes 64
EtherApe-INFO: 15:32:36.663: New node: IP: 13.32.99.128. Number of nodes 65
EtherApe-INFO: 15:32:37.671: New node: IP: 13.32.99.37. Number of nodes 66
EtherApe-INFO: 15:32:40.225: New node: IP: 104.19.147.74. Number of nodes 67
EtherApe-INFO: 15:32:41.249: New node: IP: 18.66.112.43. Number of nodes 68
EtherApe-INFO: 15:32:41.760: New node: IP: 172.217.16.10. Number of nodes 69
EtherApe-INFO: 15:32:42.272: New node: IP: 216.58.208.195. Number of nodes 70
EtherApe-INFO: 15:32:42.530: New node: IP: 108.138.7.80. Number of nodes 71
EtherApe-INFO: 15:32:53.983: delete node: IP: 54.185.157.183. Number of nodes 70
EtherApe-INFO: 15:32:55.304: delete node: IP: 54.201.164.58. Number of nodes 69
EtherApe-INFO: 15:32:56.489: New node: IP: 142.251.9.92. Number of nodes 70
EtherApe-INFO: 15:32:56.585: delete node: IP: 178.62.225.74. Number of nodes 69
EtherApe-INFO: 15:32:56.744: New node: IP: 20.60.221.196. Number of nodes 70
EtherApe-INFO: 15:32:59.926: delete node: IP: 185.199.111.133. Number of nodes 69
EtherApe-INFO: 15:32:59.926: delete node: IP: 185.199.110.133. Number of nodes 68
EtherApe-INFO: 15:33:04.527: delete node: IP: 95.216.72.81. Number of nodes 67
EtherApe-INFO: 15:33:08.776: New node: IP: 151.101.130.133. Number of nodes 68
EtherApe-INFO: 15:33:16.275: delete node: IP: 194.28.87.241. Number of nodes 67
EtherApe-INFO: 15:33:21.872: delete node: IP: 1.1.1.1. Number of nodes 66
EtherApe-INFO: 15:33:22.929: delete node: IP: 104.77.235.77. Number of nodes 65
EtherApe-INFO: 15:33:25.378: delete node: IP: 207.241.234.11. Number of nodes 64
EtherApe-INFO: 15:33:25.864: New node: IP: 18.66.112.46. Number of nodes 65
EtherApe-INFO: 15:33:29.763: delete node: IP: 142.250.203.195. Number of nodes 64
EtherApe-INFO: 15:33:30.833: delete node: IP: 198.54.120.74. Number of nodes 63
EtherApe-INFO: 15:33:44.808: New node: IP: 52.218.44.202. Number of nodes 64
EtherApe-INFO: 15:33:55.176: New node: IP: 95.216.195.133. Number of nodes 65
EtherApe-INFO: 15:34:28.523: delete node: IP: 216.58.215.78. Number of nodes 64
EtherApe-INFO: 15:34:41.930: delete node: IP: 34.107.221.82. Number of nodes 63
EtherApe-INFO: 15:34:45.305: delete node: IP: 104.18.12.33. Number of nodes 62
EtherApe-INFO: 15:34:52.149: delete node: IP: 87.245.216.107. Number of nodes 61
EtherApe-INFO: 15:34:53.161: New node: IP: 35.160.51.228. Number of nodes 62
EtherApe-INFO: 15:34:56.248: delete node: IP: 23.64.12.72. Number of nodes 61
EtherApe-INFO: 15:35:00.871: delete node: IP: 104.18.32.68. Number of nodes 60
EtherApe-INFO: 15:35:43.643: delete node: IP: 172.217.20.170. Number of nodes 59
EtherApe-INFO: 15:35:43.643: delete node: IP: 108.138.7.107. Number of nodes 58
EtherApe-INFO: 15:35:46.450: delete node: IP: 34.247.103.200. Number of nodes 57
EtherApe-INFO: 15:35:46.450: delete node: IP: 18.66.112.35. Number of nodes 56
EtherApe-INFO: 15:35:53.632: delete node: IP: 172.217.16.13. Number of nodes 55
EtherApe-INFO: 15:35:53.632: delete node: IP: 52.218.44.202. Number of nodes 54
EtherApe-INFO: 15:35:55.405: delete node: IP: 95.216.195.133. Number of nodes 53
EtherApe-INFO: 15:35:56.369: New node: IP: 172.217.20.170. Number of nodes 54
EtherApe-INFO: 15:36:01.556: delete node: IP: 185.199.109.133. Number of nodes 53
EtherApe-INFO: 15:36:01.556: delete node: IP: 140.82.121.3. Number of nodes 52
EtherApe-INFO: 15:36:10.728: delete node: IP: 139.59.209.225. Number of nodes 51
EtherApe-INFO: 15:36:14.175: delete node: IP: 172.217.20.174. Number of nodes 50
EtherApe-INFO: 15:36:16.254: delete node: IP: 142.250.203.202. Number of nodes 49
EtherApe-INFO: 15:36:16.254: delete node: IP: 142.250.203.138. Number of nodes 48
EtherApe-INFO: 15:36:18.558: delete node: IP: 172.217.20.202. Number of nodes 47
EtherApe-INFO: 15:36:21.062: delete node: IP: 216.58.209.10. Number of nodes 46
EtherApe-INFO: 15:36:24.394: delete node: IP: 207.241.224.2. Number of nodes 45
EtherApe-INFO: 15:36:29.524: delete node: IP: 207.241.237.3. Number of nodes 44
EtherApe-INFO: 15:36:35.617: New node: IP: 1.1.1.1. Number of nodes 45
EtherApe-INFO: 15:36:37.230: delete node: IP: 93.184.220.29. Number of nodes 44
EtherApe-INFO: 15:36:38.270: delete node: IP: 172.217.16.35. Number of nodes 43
EtherApe-INFO: 15:36:54.109: delete node: IP: 35.160.51.228. Number of nodes 42
EtherApe-INFO: 15:37:04.298: delete node: IP: 20.60.221.196. Number of nodes 41
EtherApe-INFO: 15:37:12.217: New node: IP: 23.253.249.60. Number of nodes 42
EtherApe-INFO: 15:37:12.218: New node: IP: 54.38.195.201. Number of nodes 43
EtherApe-INFO: 15:37:12.218: New node: IP: 104.16.89.20. Number of nodes 44
EtherApe-INFO: 15:37:12.218: New node: IP: 104.16.87.20. Number of nodes 45
EtherApe-INFO: 15:37:12.219: New node: IP: 87.245.216.9. Number of nodes 46
EtherApe-INFO: 15:37:12.219: New node: IP: 93.184.220.29. Number of nodes 47
EtherApe-INFO: 15:37:12.473: New node: IP: 104.16.86.20. Number of nodes 48
EtherApe-INFO: 15:37:12.474: New node: IP: 104.81.221.111. Number of nodes 49
EtherApe-INFO: 15:37:15.032: New node: IPv6: fe80::86d8:1bff:fe8a:3173. Number of nodes 50
EtherApe-INFO: 15:37:15.032: New node: IPv6: ff02::1. Number of nodes 51
EtherApe-INFO: 15:37:16.099: delete node: IP: 172.217.16.54. Number of nodes 50
EtherApe-INFO: 15:37:25.220: delete node: IP: 216.58.209.14. Number of nodes 49
EtherApe-INFO: 15:37:26.473: delete node: IP: 142.250.186.196. Number of nodes 48
EtherApe-INFO: 15:37:27.213: delete node: IP: 104.17.25.14. Number of nodes 47
EtherApe-INFO: 15:37:30.359: delete node: IP: 13.32.99.128. Number of nodes 46
EtherApe-INFO: 15:37:30.520: New node: IP: 13.32.99.22. Number of nodes 47
EtherApe-INFO: 15:37:34.952: delete node: IP: 142.250.203.196. Number of nodes 46
EtherApe-INFO: 15:37:41.535: delete node: IP: 108.138.24.169. Number of nodes 45
EtherApe-INFO: 15:37:49.031: delete node: IP: 172.217.16.10. Number of nodes 44
EtherApe-INFO: 15:37:50.232: New node: IP: 172.217.16.10. Number of nodes 45
EtherApe-INFO: 15:37:50.232: New node: IP: 142.250.203.214. Number of nodes 46
EtherApe-INFO: 15:37:50.488: New node: IP: 172.217.16.35. Number of nodes 47
EtherApe-INFO: 15:37:50.489: New node: IP: 142.250.186.193. Number of nodes 48
EtherApe-INFO: 15:37:50.489: New node: IP: 172.217.20.164. Number of nodes 49
EtherApe-INFO: 15:37:51.000: New node: IP: 3.250.248.19. Number of nodes 50
EtherApe-INFO: 15:37:59.396: delete node: IP: 151.101.130.133. Number of nodes 49
EtherApe-INFO: 15:38:00.650: delete node: IP: 142.250.203.131. Number of nodes 48
EtherApe-INFO: 15:38:16.303: delete node: IP: 216.58.208.195. Number of nodes 47
EtherApe-INFO: 15:38:35.717: delete node: IP: 108.138.7.80. Number of nodes 46
EtherApe-INFO: 15:38:36.029: delete node: IP: 1.1.1.1. Number of nodes 45
EtherApe-INFO: 15:38:38.323: delete node: IP: 18.66.112.43. Number of nodes 44
EtherApe-INFO: 15:38:44.161: delete node: IP: 142.250.186.214. Number of nodes 43
EtherApe-INFO: 15:38:50.316: delete node: IP: 18.66.112.46. Number of nodes 42
EtherApe-INFO: 15:38:55.152: New node: IP: 95.216.195.133. Number of nodes 43
EtherApe-INFO: 15:38:56.182: New node: IP: 184.51.8.217. Number of nodes 44
EtherApe-INFO: 15:38:56.437: New node: IP: 151.101.1.176. Number of nodes 45
EtherApe-INFO: 15:38:57.200: New node: IP: 54.192.231.35. Number of nodes 46
EtherApe-INFO: 15:38:57.456: New node: IP: 13.110.42.230. Number of nodes 47
EtherApe-INFO: 15:38:57.456: New node: IP: 54.192.231.22. Number of nodes 48
EtherApe-INFO: 15:38:57.457: New node: IP: 108.138.24.169. Number of nodes 49
EtherApe-INFO: 15:38:57.971: New node: IP: 151.101.129.176. Number of nodes 50
EtherApe-INFO: 15:38:58.480: New node: IP: 142.250.203.195. Number of nodes 51
EtherApe-INFO: 15:38:58.737: New node: IP: 87.245.216.72. Number of nodes 52
EtherApe-INFO: 15:38:58.738: New node: IP: 199.232.18.208. Number of nodes 53
EtherApe-INFO: 15:38:58.738: New node: IP: 87.245.216.112. Number of nodes 54
EtherApe-INFO: 15:38:59.248: New node: IP: 142.250.203.133. Number of nodes 55
EtherApe-INFO: 15:39:06.457: delete node: IP: 104.19.147.74. Number of nodes 54
EtherApe-INFO: 15:39:07.517: delete node: IP: 142.251.9.92. Number of nodes 53
EtherApe-INFO: 15:39:09.744: New node: IP: 85.222.140.10. Number of nodes 54
EtherApe-INFO: 15:39:09.744: New node: IP: 104.81.108.60. Number of nodes 55
EtherApe-INFO: 15:39:12.568: delete node: IP: 104.16.87.20. Number of nodes 54
EtherApe-INFO: 15:39:12.568: delete node: IP: 104.16.86.20. Number of nodes 53
EtherApe-INFO: 15:39:15.418: delete node: IPv6: ff02::1. Number of nodes 52
EtherApe-INFO: 15:39:15.418: delete node: IPv6: fe80::86d8:1bff:fe8a:3173. Number of nodes 51
EtherApe-INFO: 15:39:45.689: delete node: IP: 34.120.208.123. Number of nodes 50
EtherApe-INFO: 15:39:53.521: New node: IP: 35.160.51.228. Number of nodes 51
EtherApe-INFO: 15:40:48.538: delete node: IP: 216.58.208.197. Number of nodes 50
EtherApe-INFO: 15:40:50.840: New node: IP: 34.120.208.123. Number of nodes 51
EtherApe-INFO: 15:40:51.352: New node: IPv6: fe80::86d8:1bff:fe8a:3173. Number of nodes 52
EtherApe-INFO: 15:40:51.352: New node: IPv6: ff02::1. Number of nodes 53
EtherApe-INFO: 15:40:56.059: delete node: IP: 95.216.195.133. Number of nodes 52
EtherApe-INFO: 15:41:00.876: delete node: IP: 151.101.129.176. Number of nodes 51
EtherApe-INFO: 15:41:08.790: delete node: IP: 87.245.216.9. Number of nodes 50
EtherApe-INFO: 15:41:18.771: delete node: IP: 87.245.216.72. Number of nodes 49
EtherApe-INFO: 15:41:19.082: delete node: IP: 87.245.216.112. Number of nodes 48
EtherApe-INFO: 15:41:21.374: delete node: IP: 172.217.20.170. Number of nodes 47
EtherApe-INFO: 15:41:44.856: New node: IP: 142.250.186.196. Number of nodes 48
EtherApe-INFO: 15:41:45.715: delete node: IP: 172.217.16.35. Number of nodes 47
EtherApe-INFO: 15:41:45.923: delete node: IP: 23.253.249.60. Number of nodes 46
EtherApe-INFO: 15:41:47.416: New node: IP: 1.1.1.1. Number of nodes 47
EtherApe-INFO: 15:41:47.689: delete node: IP: 161.71.1.166. Number of nodes 46
EtherApe-INFO: 15:41:49.771: delete node: IP: 54.38.195.201. Number of nodes 45
EtherApe-INFO: 15:41:51.354: delete node: IP: 104.81.221.111. Number of nodes 44
EtherApe-INFO: 15:41:51.512: New node: IP: 172.217.20.170. Number of nodes 45
EtherApe-INFO: 15:41:51.512: New node: IP: 216.58.209.14. Number of nodes 46
EtherApe-INFO: 15:41:53.875: delete node: IP: 35.160.51.228. Number of nodes 45
EtherApe-INFO: 15:41:55.096: New node: IP: 172.217.16.14. Number of nodes 46
EtherApe-INFO: 15:42:00.216: New node: IP: 216.58.209.5. Number of nodes 47
EtherApe-INFO: 15:42:04.904: delete node: IP: 104.16.89.20. Number of nodes 46
EtherApe-INFO: 15:42:05.848: New node: IP: 85.222.140.6. Number of nodes 47
EtherApe-INFO: 15:42:21.225: delete node: IP: 13.32.99.22. Number of nodes 46
EtherApe-INFO: 15:42:39.986: delete node: IP: 104.17.24.14. Number of nodes 45
EtherApe-INFO: 15:42:42.263: delete node: IP: 216.58.208.206. Number of nodes 44
EtherApe-INFO: 15:42:42.263: delete node: IP: 172.217.20.164. Number of nodes 43
EtherApe-INFO: 15:42:42.263: delete node: IP: 142.250.203.214. Number of nodes 42
EtherApe-INFO: 15:42:42.263: delete node: IP: 142.250.186.193. Number of nodes 41
EtherApe-INFO: 15:42:42.263: delete node: IP: 3.250.248.19. Number of nodes 40
EtherApe-INFO: 15:42:51.693: delete node: IPv6: ff02::1. Number of nodes 39
EtherApe-INFO: 15:42:51.693: delete node: IPv6: fe80::86d8:1bff:fe8a:3173. Number of nodes 38
EtherApe-INFO: 15:42:51.693: delete node: IP: 184.51.8.217. Number of nodes 37
EtherApe-INFO: 15:42:53.976: New node: IP: 149.154.167.223. Number of nodes 38
EtherApe-INFO: 15:42:54.072: delete node: IP: 108.138.24.169. Number of nodes 37
EtherApe-INFO: 15:42:54.072: delete node: IP: 93.184.220.29. Number of nodes 36
EtherApe-INFO: 15:42:58.417: delete node: IP: 13.110.42.230. Number of nodes 35
EtherApe-INFO: 15:43:06.065: delete node: IP: 104.81.108.60. Number of nodes 34
EtherApe-INFO: 15:43:07.614: delete node: IP: 85.222.140.10. Number of nodes 33
EtherApe-INFO: 15:43:11.128: New node: IP: 142.250.186.214. Number of nodes 34
EtherApe-INFO: 15:43:40.056: New node: IP: 149.154.167.50. Number of nodes 35
EtherApe-INFO: 15:43:48.058: delete node: IP: 52.9.79.152. Number of nodes 34
EtherApe-INFO: 15:43:49.090: delete node: IP: 172.217.16.10. Number of nodes 33
EtherApe-INFO: 15:43:49.090: delete node: IP: 142.250.203.195. Number of nodes 32
EtherApe-INFO: 15:43:49.090: delete node: IP: 54.192.231.22. Number of nodes 31
EtherApe-INFO: 15:43:49.815: delete node: IP: 199.232.18.208. Number of nodes 30
EtherApe-INFO: 15:43:49.815: delete node: IP: 151.101.1.176. Number of nodes 29
EtherApe-INFO: 15:43:49.815: delete node: IP: 142.250.203.133. Number of nodes 28
EtherApe-INFO: 15:43:50.552: New node: IP: 149.154.175.100. Number of nodes 29
EtherApe-INFO: 15:43:58.745: New node: IP: 149.154.167.91. Number of nodes 30
EtherApe-INFO: 15:44:06.680: New node: IP: 91.108.56.188. Number of nodes 31
EtherApe-INFO: 15:44:07.204: delete node: IP: 172.217.20.170. Number of nodes 30
EtherApe-INFO: 15:44:07.204: delete node: IP: 54.192.231.35. Number of nodes 29
EtherApe-INFO: 15:44:09.588: delete node: IP: 13.32.99.37. Number of nodes 28
EtherApe-INFO: 15:44:11.545: New node: IP: 149.154.167.92. Number of nodes 29
EtherApe-INFO: 15:44:14.616: New node: IP: 149.154.175.57. Number of nodes 30
EtherApe-INFO: 15:44:14.616: New node: IP: 149.154.175.50. Number of nodes 31
EtherApe-INFO: 15:44:19.736: New node: IP: 91.108.56.145. Number of nodes 32
EtherApe-INFO: 15:44:27.672: New node: IP: 149.154.175.54. Number of nodes 33
EtherApe-INFO: 15:44:29.498: delete node: IP: 52.10.85.249. Number of nodes 32
EtherApe-INFO: 15:44:51.236: delete node: IP: 176.122.113.76. Number of nodes 31
EtherApe-INFO: 15:45:09.474: delete node: IP: 149.154.167.223. Number of nodes 30
EtherApe-INFO: 15:45:10.936: New node: IP: 192.168.1.1. Number of nodes 31
EtherApe-INFO: 15:45:24.604: delete node: IP: 85.222.140.6. Number of nodes 30
EtherApe-INFO: 15:45:29.881: New node: IPv6: fe80::86d8:1bff:fe8a:3173. Number of nodes 31
EtherApe-INFO: 15:45:29.881: New node: IPv6: ff02::1. Number of nodes 32
EtherApe-INFO: 15:46:12.394: delete node: IP: 104.16.249.249. Number of nodes 31
EtherApe-INFO: 15:46:20.316: delete node: IP: 172.217.16.46. Number of nodes 30
EtherApe-INFO: 15:46:21.859: delete node: IP: 139.59.210.197. Number of nodes 29
EtherApe-INFO: 15:46:28.033: delete node: IP: 35.186.227.140. Number of nodes 28
EtherApe-INFO: 15:46:28.248: New node: IP: 172.217.16.42. Number of nodes 29
EtherApe-INFO: 15:46:28.504: New node: IP: 216.58.209.3. Number of nodes 30
EtherApe-INFO: 15:46:29.016: New node: IP: 216.58.215.106. Number of nodes 31
EtherApe-INFO: 15:46:29.016: New node: IP: 104.18.13.33. Number of nodes 32
EtherApe-INFO: 15:46:29.016: New node: IP: 216.58.215.100. Number of nodes 33
EtherApe-INFO: 15:46:29.272: New node: IP: 139.59.210.197. Number of nodes 34
EtherApe-INFO: 15:46:29.272: New node: IP: 104.16.249.249. Number of nodes 35
EtherApe-INFO: 15:46:29.784: New node: IP: 216.58.208.202. Number of nodes 36
EtherApe-INFO: 15:46:30.040: New node: IP: 104.18.12.33. Number of nodes 37
EtherApe-INFO: 15:46:30.552: New node: IP: 142.250.203.142. Number of nodes 38
EtherApe-INFO: 15:46:31.321: New node: IP: 216.58.215.110. Number of nodes 39
EtherApe-INFO: 15:46:32.091: New node: IP: 95.216.195.133. Number of nodes 40
EtherApe-INFO: 15:46:32.191: delete node: IP: 104.16.248.249. Number of nodes 39
EtherApe-INFO: 15:46:32.345: New node: IP: 172.217.20.174. Number of nodes 40
EtherApe-INFO: 15:46:44.923: delete node: IP: 34.120.208.123. Number of nodes 39
EtherApe-INFO: 15:46:51.623: delete node: IP: 216.58.215.74. Number of nodes 38
EtherApe-INFO: 15:46:52.654: delete node: IP: 216.58.209.14. Number of nodes 37
EtherApe-INFO: 15:46:57.708: delete node: IP: 216.58.209.5. Number of nodes 36
EtherApe-INFO: 15:46:57.708: delete node: IP: 172.217.16.14. Number of nodes 35
EtherApe-INFO: 15:46:59.769: delete node: IP: 142.250.186.196. Number of nodes 34
EtherApe-INFO: 15:47:00.760: New node: IP: 142.250.186.197. Number of nodes 35
EtherApe-INFO: 15:47:04.601: New node: IP: 104.16.248.249. Number of nodes 36
EtherApe-INFO: 15:47:04.622: delete node: IP: 142.250.203.206. Number of nodes 35
EtherApe-INFO: 15:47:10.821: delete node: IP: 142.250.186.214. Number of nodes 34
EtherApe-INFO: 15:47:10.821: delete node: IP: 18.66.122.74. Number of nodes 33
EtherApe-INFO: 15:47:30.506: delete node: IPv6: ff02::1. Number of nodes 32
EtherApe-INFO: 15:47:30.506: delete node: IPv6: fe80::86d8:1bff:fe8a:3173. Number of nodes 31
EtherApe-INFO: 15:47:51.448: New node: IP: 0.0.0.0. Number of nodes 32
EtherApe-INFO: 15:47:51.448: New node: IP: 255.255.255.255. Number of nodes 33
EtherApe-INFO: 15:47:56.312: New node: IP: 35.160.51.228. Number of nodes 34
EtherApe-INFO: 15:47:56.569: New node: IP: 35.186.227.140. Number of nodes 35
EtherApe-INFO: 15:47:56.569: New node: IP: 44.237.163.41. Number of nodes 36
EtherApe-INFO: 15:47:56.569: New node: IP: 172.217.16.14. Number of nodes 37
EtherApe-INFO: 15:47:56.570: New node: IP: 34.107.221.82. Number of nodes 38
EtherApe-INFO: 15:47:56.825: New node: IP: 176.122.113.13. Number of nodes 39
EtherApe-INFO: 15:47:56.825: New node: IP: 142.250.203.214. Number of nodes 40
EtherApe-INFO: 15:47:57.338: New node: IP: 142.250.186.214. Number of nodes 41
EtherApe-INFO: 15:47:57.594: New node: IP: 142.250.203.206. Number of nodes 42
EtherApe-INFO: 15:48:00.664: New node: IP: 216.58.215.74. Number of nodes 43
EtherApe-INFO: 15:48:06.637: delete node: IP: 149.154.167.91. Number of nodes 42
EtherApe-INFO: 15:48:06.809: New node: IP: 142.250.203.133. Number of nodes 43
EtherApe-INFO: 15:48:11.006: delete node: IP: 149.154.175.100. Number of nodes 42
EtherApe-INFO: 15:48:14.037: delete node: IP: 91.108.56.188. Number of nodes 41
EtherApe-INFO: 15:48:20.402: New node: IP: 142.250.203.196. Number of nodes 42
EtherApe-INFO: 15:48:20.505: delete node: IP: 149.154.167.92. Number of nodes 41
EtherApe-INFO: 15:48:21.752: delete node: IP: 149.154.175.50. Number of nodes 40
EtherApe-INFO: 15:48:29.131: delete node: IP: 149.154.175.54. Number of nodes 39
EtherApe-INFO: 15:48:30.168: delete node: IP: 216.58.209.3. Number of nodes 38
EtherApe-INFO: 15:48:30.168: delete node: IP: 172.217.16.42. Number of nodes 37
EtherApe-INFO: 15:48:30.999: delete node: IP: 149.154.175.57. Number of nodes 36
EtherApe-INFO: 15:48:32.245: delete node: IP: 91.108.56.145. Number of nodes 35
EtherApe-INFO: 15:48:32.762: delete node: IP: 172.217.20.174. Number of nodes 34
EtherApe-INFO: 15:48:43.697: New node: IP: 34.120.208.123. Number of nodes 35
EtherApe-INFO: 15:48:48.465: New node: IP: 216.58.209.14. Number of nodes 36
EtherApe-INFO: 15:48:48.466: New node: IP: 54.186.7.43. Number of nodes 37
EtherApe-INFO: 15:48:51.792: New node: IP: 13.32.99.84. Number of nodes 38
EtherApe-INFO: 15:48:52.560: New node: IP: 142.250.186.202. Number of nodes 39
EtherApe-INFO: 15:48:52.561: New node: IP: 104.16.88.20. Number of nodes 40
EtherApe-INFO: 15:48:52.562: New node: IP: 142.250.203.202. Number of nodes 41
EtherApe-INFO: 15:48:52.564: New node: IP: 104.18.10.207. Number of nodes 42
EtherApe-INFO: 15:48:52.818: New node: IP: 93.184.220.29. Number of nodes 43
EtherApe-INFO: 15:48:52.825: New node: IP: 104.18.11.207. Number of nodes 44
EtherApe-INFO: 15:48:53.073: New node: IP: 216.58.208.195. Number of nodes 45
EtherApe-INFO: 15:49:08.137: New node: IP: 192.168.0.239. Number of nodes 46
EtherApe-INFO: 15:49:56.172: delete node: IP: 255.255.255.255. Number of nodes 45
EtherApe-INFO: 15:49:56.172: delete node: IP: 142.250.203.142. Number of nodes 44
EtherApe-INFO: 15:49:56.172: delete node: IP: 95.216.195.133. Number of nodes 43
EtherApe-INFO: 15:49:56.172: delete node: IP: 0.0.0.0. Number of nodes 42
EtherApe-INFO: 15:49:57.213: delete node: IP: 104.18.13.33. Number of nodes 41
EtherApe-INFO: 15:49:57.213: delete node: IP: 104.18.12.33. Number of nodes 40
EtherApe-INFO: 15:49:57.213: delete node: IP: 104.16.248.249. Number of nodes 39
EtherApe-INFO: 15:49:57.213: delete node: IP: 35.160.51.228. Number of nodes 38
EtherApe-INFO: 15:49:57.423: delete node: IP: 44.237.163.41. Number of nodes 37
EtherApe-INFO: 15:49:57.423: delete node: IP: 1.1.1.1. Number of nodes 36
EtherApe-INFO: 15:49:57.633: delete node: IP: 142.250.186.197. Number of nodes 35
EtherApe-INFO: 15:49:58.466: delete node: IP: 216.58.215.110. Number of nodes 34
EtherApe-INFO: 15:49:58.466: delete node: IP: 216.58.215.100. Number of nodes 33
EtherApe-INFO: 15:49:59.504: delete node: IP: 216.58.215.106. Number of nodes 32
EtherApe-INFO: 15:50:43.913: New node: IP: 18.66.122.2. Number of nodes 33
EtherApe-INFO: 15:50:44.425: New node: IP: 151.101.1.176. Number of nodes 34
EtherApe-INFO: 15:50:44.936: New node: IP: 13.110.41.230. Number of nodes 35
EtherApe-INFO: 15:50:44.936: New node: IP: 18.66.248.94. Number of nodes 36
EtherApe-INFO: 15:50:45.192: New node: IP: 13.32.99.49. Number of nodes 37
EtherApe-INFO: 15:50:46.729: New node: IP: 87.245.216.112. Number of nodes 38
EtherApe-INFO: 15:50:52.872: New node: IP: 2.18.106.51. Number of nodes 39
EtherApe-INFO: 15:51:10.904: New node: IP: 44.241.28.160. Number of nodes 40
EtherApe-INFO: 15:51:15.513: New node: IP: 85.222.140.6. Number of nodes 41
EtherApe-INFO: 15:51:39.176: New node: IPv6: fe80::86d8:1bff:fe8a:3173. Number of nodes 42
EtherApe-INFO: 15:51:39.176: New node: IPv6: ff02::1. Number of nodes 43
EtherApe-INFO: 15:51:51.766: delete node: IP: 54.186.7.43. Number of nodes 42
EtherApe-INFO: 15:52:11.753: delete node: IP: 192.168.1.1. Number of nodes 41
EtherApe-INFO: 15:52:12.792: delete node: IP: 192.168.0.239. Number of nodes 40
EtherApe-INFO: 15:52:44.974: delete node: IP: 216.58.208.202. Number of nodes 39
EtherApe-INFO: 15:52:47.873: delete node: IP: 142.250.203.214. Number of nodes 38
EtherApe-INFO: 15:52:48.908: delete node: IP: 93.184.220.29. Number of nodes 37
EtherApe-INFO: 15:52:53.246: delete node: IP: 34.107.221.82. Number of nodes 36
EtherApe-INFO: 15:52:55.464: New node: IP: 95.216.195.133. Number of nodes 37
EtherApe-INFO: 15:52:57.256: New node: IP: 44.237.163.41. Number of nodes 38
EtherApe-INFO: 15:52:57.276: delete node: IP: 142.250.203.133. Number of nodes 37
EtherApe-INFO: 15:52:58.280: New node: IP: 216.58.209.5. Number of nodes 38
EtherApe-INFO: 15:53:00.072: delete node: IP: 142.250.186.214. Number of nodes 37
EtherApe-INFO: 15:53:00.328: New node: IP: 1.1.1.1. Number of nodes 38
EtherApe-INFO: 15:53:07.015: delete node: IP: 87.245.216.112. Number of nodes 37
EtherApe-INFO: 15:53:39.304: delete node: IPv6: ff02::1. Number of nodes 36
EtherApe-INFO: 15:53:39.304: delete node: IPv6: fe80::86d8:1bff:fe8a:3173. Number of nodes 35
EtherApe-INFO: 15:53:39.304: delete node: IP: 216.58.209.14. Number of nodes 34
EtherApe-INFO: 15:53:43.667: delete node: IP: 142.250.203.202. Number of nodes 33
EtherApe-INFO: 15:53:43.667: delete node: IP: 142.250.186.202. Number of nodes 32
EtherApe-INFO: 15:53:43.667: delete node: IP: 104.16.88.20. Number of nodes 31
EtherApe-INFO: 15:53:44.392: delete node: IP: 216.58.208.195. Number of nodes 30
EtherApe-INFO: 15:53:44.392: delete node: IP: 104.18.10.207. Number of nodes 29
