(etherape:4720): GLib-GIO-DEBUG: 20:49:55.989: _g_io_module_get_default: Found default implementation local (GLocalVfs) for ‘gio-vfs’
(etherape:4720): GLib-GIO-DEBUG: 20:49:56.027: Using cross-namespace EXTERNAL authentication (this will deadlock if server is GDBus < 2.73.3)
EtherApe-INFO: 20:49:56.059: sctp protocol not supported
EtherApe-INFO: 20:49:56.059: dccp protocol not supported
EtherApe-INFO: 20:49:56.059: sctp protocol not supported
EtherApe-INFO: 20:49:56.059: sctp protocol not supported
EtherApe-INFO: 20:49:56.059: sctp protocol not supported
EtherApe-INFO: 20:49:56.059: sctp protocol not supported
EtherApe-INFO: 20:49:56.059: sctp protocol not supported
EtherApe-INFO: 20:49:56.059: sctp protocol not supported
EtherApe-INFO: 20:49:56.059: sctp protocol not supported
EtherApe-INFO: 20:49:56.059: dccp protocol not supported
EtherApe-INFO: 20:49:56.059: sctp protocol not supported
EtherApe-INFO: 20:49:56.059: dccp protocol not supported
EtherApe-INFO: 20:49:56.059: dccp protocol not supported
EtherApe-INFO: 20:49:56.059: sctp protocol not supported
EtherApe-INFO: 20:49:56.059: sctp protocol not supported
EtherApe-INFO: 20:49:56.059: sctp protocol not supported
EtherApe-INFO: 20:49:56.059: sctp protocol not supported
EtherApe-INFO: 20:49:56.060: sctp protocol not supported
EtherApe-INFO: 20:49:56.060: sctp protocol not supported
EtherApe-INFO: 20:49:56.060: sctp protocol not supported
EtherApe-INFO: 20:49:56.060: sctp protocol not supported
EtherApe-INFO: 20:49:56.060: sctp protocol not supported
EtherApe-INFO: 20:49:56.060: sctp protocol not supported
EtherApe-INFO: 20:49:56.060: sctp protocol not supported
EtherApe-INFO: 20:49:56.060: sctp protocol not supported
EtherApe-INFO: 20:49:56.060: sctp protocol not supported
EtherApe-INFO: 20:49:56.061: sctp protocol not supported
EtherApe-INFO: 20:49:56.061: sctp protocol not supported
EtherApe-INFO: 20:49:56.061: dccp protocol not supported
EtherApe-INFO: 20:49:56.061: sctp protocol not supported
EtherApe-INFO: 20:49:56.061: sctp protocol not supported
EtherApe-INFO: 20:49:56.061: dccp protocol not supported
EtherApe-INFO: 20:49:56.061: sctp protocol not supported
EtherApe-INFO: 20:49:56.061: sctp protocol not supported
EtherApe-INFO: 20:49:56.061: sctp protocol not supported
EtherApe-INFO: 20:49:56.061: dccp protocol not supported
EtherApe-INFO: 20:49:56.061: dccp protocol not supported
EtherApe-INFO: 20:49:56.061: sctp protocol not supported
EtherApe-INFO: 20:49:56.061: sctp protocol not supported
EtherApe-INFO: 20:49:56.061: sctp protocol not supported
EtherApe-INFO: 20:49:56.061: sctp protocol not supported
EtherApe-INFO: 20:49:56.061: sctp protocol not supported
EtherApe-INFO: 20:49:56.061: sctp protocol not supported
EtherApe-INFO: 20:49:56.061: sctp protocol not supported
EtherApe-INFO: 20:49:56.061: sctp protocol not supported
EtherApe-INFO: 20:49:56.061: sctp protocol not supported
EtherApe-INFO: 20:49:56.061: sctp protocol not supported
EtherApe-INFO: 20:49:56.061: sctp protocol not supported
EtherApe-INFO: 20:49:56.061: sctp protocol not supported
EtherApe-INFO: 20:49:56.061: sctp protocol not supported
EtherApe-INFO: 20:49:56.061: sctp protocol not supported
EtherApe-INFO: 20:49:56.061: sctp protocol not supported
EtherApe-INFO: 20:49:56.061: sctp protocol not supported
EtherApe-INFO: 20:49:56.061: sctp protocol not supported
EtherApe-INFO: 20:49:56.061: sctp protocol not supported
EtherApe-INFO: 20:49:56.061: sctp protocol not supported
EtherApe-INFO: 20:49:56.061: sctp protocol not supported
EtherApe-INFO: 20:49:56.061: dccp protocol not supported
EtherApe-INFO: 20:49:56.061: sctp protocol not supported
EtherApe-INFO: 20:49:56.061: sctp protocol not supported
EtherApe-INFO: 20:49:56.061: sctp protocol not supported
EtherApe-INFO: 20:49:56.061: sctp protocol not supported
EtherApe-INFO: 20:49:56.061: sctp protocol not supported
EtherApe-INFO: 20:49:56.061: sctp protocol not supported
EtherApe-INFO: 20:49:56.061: sctp protocol not supported
EtherApe-INFO: 20:49:56.062: sctp protocol not supported
EtherApe-INFO: 20:49:56.062: sctp protocol not supported
EtherApe-INFO: 20:49:56.062: sctp protocol not supported
EtherApe-INFO: 20:49:56.062: sctp protocol not supported
EtherApe-INFO: 20:49:56.062: sctp protocol not supported
EtherApe-INFO: 20:49:56.062: sctp protocol not supported
EtherApe-INFO: 20:49:56.062: sctp protocol not supported
EtherApe-INFO: 20:49:56.062: sctp protocol not supported
EtherApe-INFO: 20:49:56.062: sctp protocol not supported
EtherApe-INFO: 20:49:56.062: sctp protocol not supported
EtherApe-INFO: 20:49:56.062: sctp protocol not supported
EtherApe-INFO: 20:49:56.062: sctp protocol not supported
EtherApe-INFO: 20:49:56.062: sctp protocol not supported
EtherApe-INFO: 20:49:56.062: sctp protocol not supported
EtherApe-INFO: 20:49:56.062: sctp protocol not supported
EtherApe-INFO: 20:49:56.062: sctp protocol not supported
EtherApe-INFO: 20:49:56.062: sctp protocol not supported
EtherApe-INFO: 20:49:56.062: sctp protocol not supported
EtherApe-INFO: 20:49:56.062: sctp protocol not supported
EtherApe-INFO: 20:49:56.062: sctp protocol not supported
EtherApe-INFO: 20:49:56.062: sctp protocol not supported
EtherApe-INFO: 20:49:56.062: sctp protocol not supported
EtherApe-INFO: 20:49:56.062: sctp protocol not supported
EtherApe-INFO: 20:49:56.062: sctp protocol not supported
EtherApe-INFO: 20:49:56.062: sctp protocol not supported
EtherApe-INFO: 20:49:56.062: sctp protocol not supported
EtherApe-INFO: 20:49:56.062: sctp protocol not supported
EtherApe-INFO: 20:49:56.062: sctp protocol not supported
EtherApe-INFO: 20:49:56.062: sctp protocol not supported
EtherApe-INFO: 20:49:56.062: sctp protocol not supported
EtherApe-INFO: 20:49:56.062: sctp protocol not supported
EtherApe-INFO: 20:49:56.072: get_interface result: ''
EtherApe-INFO: 20:49:56.072: Available interfaces for capture: dbus-session dbus-system nfqueue nflog bluetooth-monitor lo any enp5s0
EtherApe-INFO: 20:49:56.073: Link type is LINUX_SLL
EtherApe-INFO: 20:49:56.073: Diagram started
EtherApe-INFO: 20:49:56.327: New node: IP: 54.69.128.149. Number of nodes 1
EtherApe-INFO: 20:49:56.327: New node: IP: 192.168.0.240. Number of nodes 2
EtherApe-INFO: 20:49:56.583: New node: IP: 142.250.203.195. Number of nodes 3
EtherApe-INFO: 20:49:57.095: New node: IP: 13.32.27.125. Number of nodes 4
EtherApe-INFO: 20:49:58.119: New node: IP: 8.8.8.8. Number of nodes 5
EtherApe-INFO: 20:49:58.631: New node: IP: 54.155.246.232. Number of nodes 6
EtherApe-INFO: 20:49:58.631: New node: IP: 104.16.249.249. Number of nodes 7
EtherApe-INFO: 20:49:58.632: New node: IP: 87.245.217.77. Number of nodes 8
EtherApe-INFO: 20:49:59.399: New node: IP: 149.154.167.41. Number of nodes 9
EtherApe-INFO: 20:49:59.655: New node: IP: 216.58.209.10. Number of nodes 10
EtherApe-INFO: 20:50:00.679: New node: IP: 139.45.192.5. Number of nodes 11
EtherApe-INFO: 20:50:00.679: New node: IP: 139.45.205.11. Number of nodes 12
EtherApe-INFO: 20:50:01.191: New node: IP: 2.16.172.51. Number of nodes 13
EtherApe-INFO: 20:50:01.703: New node: IP: 8.8.4.4. Number of nodes 14
EtherApe-INFO: 20:50:01.704: New node: IP: 13.32.113.9. Number of nodes 15
EtherApe-INFO: 20:50:02.215: New node: IP: 192.229.221.95. Number of nodes 16
EtherApe-INFO: 20:50:03.240: New node: IP: 193.109.100.131. Number of nodes 17
EtherApe-INFO: 20:50:04.519: New node: IP: 216.58.208.195. Number of nodes 18
EtherApe-INFO: 20:50:06.311: New node: IP: 216.58.215.110. Number of nodes 19
EtherApe-INFO: 20:50:08.103: New node: IP: 99.83.181.31. Number of nodes 20
EtherApe-INFO: 20:50:09.384: New node: IP: 140.82.121.4. Number of nodes 21
EtherApe-INFO: 20:50:09.899: New node: IP: 185.199.108.154. Number of nodes 22
EtherApe-INFO: 20:50:10.160: New node: IP: 185.199.111.133. Number of nodes 23
EtherApe-INFO: 20:50:10.413: New node: IP: 140.82.121.5. Number of nodes 24
EtherApe-INFO: 20:50:10.414: New node: IP: 140.82.113.21. Number of nodes 25
EtherApe-INFO: 20:50:10.664: New node: IP: 140.82.112.26. Number of nodes 26
EtherApe-INFO: 20:50:14.503: New node: IP: 45.57.91.1. Number of nodes 27
EtherApe-INFO: 20:50:32.127: New node: IP: 142.250.203.133. Number of nodes 28
EtherApe-INFO: 20:50:35.455: New node: IP: 140.82.121.3. Number of nodes 29
EtherApe-INFO: 20:50:37.247: New node: IP: 216.58.215.74. Number of nodes 30
EtherApe-INFO: 20:50:38.271: New node: IP: 142.250.203.206. Number of nodes 31
EtherApe-INFO: 20:50:39.295: New node: IP: 143.204.89.60. Number of nodes 32
EtherApe-INFO: 20:50:39.295: New node: IP: 104.19.188.97. Number of nodes 33
EtherApe-INFO: 20:50:39.295: New node: IP: 104.18.1.175. Number of nodes 34
EtherApe-INFO: 20:50:39.295: New node: IP: 13.224.189.48. Number of nodes 35
EtherApe-INFO: 20:50:39.295: New node: IP: 65.9.66.22. Number of nodes 36
EtherApe-INFO: 20:50:39.296: New node: IP: 104.16.240.21. Number of nodes 37
EtherApe-INFO: 20:50:39.296: New node: IP: 18.66.112.48. Number of nodes 38
EtherApe-INFO: 20:50:40.319: New node: IP: 99.86.8.175. Number of nodes 39
EtherApe-INFO: 20:50:40.319: New node: IP: 216.58.215.68. Number of nodes 40
EtherApe-INFO: 20:50:40.319: New node: IP: 151.101.194.49. Number of nodes 41
EtherApe-INFO: 20:50:42.367: New node: IP: 34.149.66.134. Number of nodes 42
EtherApe-INFO: 20:50:42.367: New node: IP: 216.58.215.67. Number of nodes 43
EtherApe-INFO: 20:50:42.625: New node: IP: 104.18.13.33. Number of nodes 44
EtherApe-INFO: 20:50:45.183: New node: IP: 142.250.203.142. Number of nodes 45
EtherApe-INFO: 20:50:47.488: New node: IP: 172.217.16.14. Number of nodes 46
EtherApe-INFO: 20:51:10.783: New node: IP: 195.154.226.102. Number of nodes 47
EtherApe-INFO: 20:51:28.959: New node: IP: 35.241.9.150. Number of nodes 48
EtherApe-INFO: 20:52:03.283: delete node: IP: 8.8.4.4. Number of nodes 47
EtherApe-INFO: 20:52:04.288: New node: IP: 95.216.195.133. Number of nodes 48
EtherApe-INFO: 20:52:04.799: New node: IP: 34.117.65.55. Number of nodes 49
EtherApe-INFO: 20:52:05.069: delete node: IP: 139.45.205.11. Number of nodes 48
EtherApe-INFO: 20:52:18.675: delete node: IP: 193.109.100.131. Number of nodes 47
EtherApe-INFO: 20:52:22.463: New node: IP: 104.26.8.250. Number of nodes 48
EtherApe-INFO: 20:52:22.721: New node: IP: 172.65.251.78. Number of nodes 49
EtherApe-INFO: 20:52:27.856: delete node: IP: 87.245.217.77. Number of nodes 48
EtherApe-INFO: 20:52:29.950: delete node: IP: 45.57.91.1. Number of nodes 47
EtherApe-INFO: 20:52:34.825: delete node: IP: 216.58.208.195. Number of nodes 46
EtherApe-INFO: 20:52:37.153: delete node: IP: 140.82.121.3. Number of nodes 45
EtherApe-INFO: 20:52:39.874: delete node: IP: 54.69.128.149. Number of nodes 44
EtherApe-INFO: 20:52:50.717: delete node: IP: 139.45.192.5. Number of nodes 43
EtherApe-INFO: 20:53:10.915: delete node: IP: 195.154.226.102. Number of nodes 42
EtherApe-INFO: 20:53:28.768: New node: IP: 18.66.97.3. Number of nodes 43
EtherApe-INFO: 20:53:29.281: New node: IP: 34.160.90.233. Number of nodes 44
EtherApe-INFO: 20:53:29.543: New node: IP: 35.244.181.201. Number of nodes 45
EtherApe-INFO: 20:53:38.320: delete node: IP: 2.16.172.51. Number of nodes 44
EtherApe-INFO: 20:53:47.036: delete node: IP: 13.32.113.9. Number of nodes 43
EtherApe-INFO: 20:54:06.422: delete node: IP: 95.216.195.133. Number of nodes 42
EtherApe-INFO: 20:54:06.422: delete node: IP: 34.117.65.55. Number of nodes 41
EtherApe-INFO: 20:54:30.811: delete node: IP: 216.58.215.74. Number of nodes 40
EtherApe-INFO: 20:54:30.811: delete node: IP: 142.250.203.206. Number of nodes 39
EtherApe-INFO: 20:54:31.022: delete node: IP: 104.19.188.97. Number of nodes 38
EtherApe-INFO: 20:54:31.022: delete node: IP: 104.18.1.175. Number of nodes 37
EtherApe-INFO: 20:54:31.022: delete node: IP: 65.9.66.22. Number of nodes 36
EtherApe-INFO: 20:54:32.066: delete node: IP: 216.58.215.68. Number of nodes 35
EtherApe-INFO: 20:54:32.066: delete node: IP: 151.101.194.49. Number of nodes 34
EtherApe-INFO: 20:54:32.066: delete node: IP: 143.204.89.60. Number of nodes 33
EtherApe-INFO: 20:54:32.066: delete node: IP: 104.16.240.21. Number of nodes 32
EtherApe-INFO: 20:54:32.066: delete node: IP: 99.86.8.175. Number of nodes 31
EtherApe-INFO: 20:54:32.066: delete node: IP: 18.66.112.48. Number of nodes 30
EtherApe-INFO: 20:54:32.066: delete node: IP: 13.224.189.48. Number of nodes 29
EtherApe-INFO: 20:54:34.051: delete node: IP: 216.58.215.67. Number of nodes 28
EtherApe-INFO: 20:54:36.447: delete node: IP: 172.65.251.78. Number of nodes 27
EtherApe-INFO: 20:54:36.447: delete node: IP: 104.26.8.250. Number of nodes 26
EtherApe-INFO: 20:54:38.418: delete node: IP: 142.250.203.142. Number of nodes 25
EtherApe-INFO: 20:54:59.154: delete node: IP: 99.83.181.31. Number of nodes 24
EtherApe-INFO: 20:55:27.039: New node: IP: 195.154.226.102. Number of nodes 25
EtherApe-INFO: 20:55:30.624: New node: IP: 149.154.167.216. Number of nodes 26
EtherApe-INFO: 20:55:30.662: delete node: IP: 8.8.8.8. Number of nodes 25
EtherApe-INFO: 20:55:30.879: New node: IP: 8.8.8.8. Number of nodes 26
EtherApe-INFO: 20:55:33.465: delete node: IP: 104.18.13.33. Number of nodes 25
EtherApe-INFO: 20:55:44.252: delete node: IP: 34.149.66.134. Number of nodes 24
EtherApe-INFO: 20:56:09.322: delete node: IP: 140.82.113.21. Number of nodes 23
EtherApe-INFO: 20:56:10.674: delete node: IP: 140.82.121.4. Number of nodes 22
EtherApe-INFO: 20:56:12.439: delete node: IP: 140.82.121.5. Number of nodes 21
EtherApe-INFO: 20:56:19.403: delete node: IP: 35.241.9.150. Number of nodes 20
EtherApe-INFO: 20:57:00.804: delete node: IP: 185.199.111.133. Number of nodes 19
EtherApe-INFO: 20:57:00.804: delete node: IP: 185.199.108.154. Number of nodes 18
EtherApe-INFO: 20:57:04.359: New node: IP: 95.216.195.133. Number of nodes 19
EtherApe-INFO: 20:57:05.127: New node: IP: 34.117.65.55. Number of nodes 20
EtherApe-INFO: 20:57:26.470: delete node: IP: 192.229.221.95. Number of nodes 19
EtherApe-INFO: 20:57:27.503: delete node: IP: 195.154.226.102. Number of nodes 18
EtherApe-INFO: 20:57:50.184: New node: IP: 142.250.203.197. Number of nodes 19
EtherApe-INFO: 20:57:59.920: delete node: IP: 149.154.167.216. Number of nodes 18
EtherApe-INFO: 20:58:06.056: New node: IP: 142.250.203.206. Number of nodes 19
EtherApe-INFO: 20:58:19.934: delete node: IP: 18.66.97.3. Number of nodes 18
EtherApe-INFO: 20:58:20.448: delete node: IP: 35.244.181.201. Number of nodes 17
EtherApe-INFO: 20:58:20.448: delete node: IP: 34.160.90.233. Number of nodes 16
EtherApe-INFO: 20:58:43.944: New node: IP: 34.149.66.134. Number of nodes 17
EtherApe-INFO: 20:58:47.272: New node: IP: 192.178.25.173. Number of nodes 18
EtherApe-INFO: 20:59:05.252: delete node: IP: 95.216.195.133. Number of nodes 17
EtherApe-INFO: 20:59:05.252: delete node: IP: 34.117.65.55. Number of nodes 16
EtherApe-INFO: 20:59:27.720: New node: IP: 146.75.120.193. Number of nodes 17
EtherApe-INFO: 20:59:35.655: New node: IP: 149.154.167.216. Number of nodes 18
EtherApe-INFO: 20:59:36.424: New node: IP: 149.154.167.255. Number of nodes 19
EtherApe-INFO: 20:59:39.530: delete node: IP: 142.250.203.133. Number of nodes 18
EtherApe-INFO: 20:59:56.137: delete node: IP: 172.217.16.14. Number of nodes 17
EtherApe-INFO: 21:00:02.791: New node: IP: 34.252.28.38. Number of nodes 18
EtherApe-INFO: 21:00:04.327: New node: IP: 108.138.51.88. Number of nodes 19
EtherApe-INFO: 21:00:06.888: New node: IP: 54.73.239.34. Number of nodes 20
EtherApe-INFO: 21:00:44.278: delete node: IP: 34.149.66.134. Number of nodes 19
EtherApe-INFO: 21:00:47.912: delete node: IP: 192.178.25.173. Number of nodes 18
EtherApe-INFO: 21:00:55.272: New node: IP: 54.149.234.21. Number of nodes 19
EtherApe-INFO: 21:00:55.528: New node: IP: 192.229.221.95. Number of nodes 20
EtherApe-INFO: 21:02:00.373: delete node: IP: 146.75.120.193. Number of nodes 19
EtherApe-INFO: 21:02:03.692: delete node: IP: 34.252.28.38. Number of nodes 18
EtherApe-INFO: 21:02:04.367: New node: IP: 95.216.195.133. Number of nodes 19
EtherApe-INFO: 21:02:05.135: New node: IP: 34.117.65.55. Number of nodes 20
EtherApe-INFO: 21:02:07.231: delete node: IP: 54.73.239.34. Number of nodes 19
EtherApe-INFO: 21:02:19.823: delete node: IP: 149.154.167.255. Number of nodes 18
EtherApe-INFO: 21:02:24.336: New node: IP: 140.82.121.6. Number of nodes 19
EtherApe-INFO: 21:02:56.363: delete node: IP: 54.149.234.21. Number of nodes 18
EtherApe-INFO: 21:03:59.311: New node: IP: 195.154.226.102. Number of nodes 19
EtherApe-INFO: 21:04:01.917: delete node: IP: 108.138.51.88. Number of nodes 18
EtherApe-INFO: 21:04:05.230: delete node: IP: 95.216.195.133. Number of nodes 17
EtherApe-INFO: 21:04:05.230: delete node: IP: 34.117.65.55. Number of nodes 16
EtherApe-INFO: 21:04:08.020: New node: IP: 142.250.186.195. Number of nodes 17
EtherApe-INFO: 21:04:08.282: New node: IP: 142.250.186.193. Number of nodes 18
EtherApe-INFO: 21:04:08.785: New node: IP: 172.217.16.35. Number of nodes 19
EtherApe-INFO: 21:04:09.049: New node: IP: 172.217.16.3. Number of nodes 20
EtherApe-INFO: 21:04:09.319: New node: IP: 192.178.25.161. Number of nodes 21
EtherApe-INFO: 21:04:09.812: New node: IP: 216.58.208.193. Number of nodes 22
EtherApe-INFO: 21:04:09.812: New node: IP: 142.250.203.193. Number of nodes 23
EtherApe-INFO: 21:04:14.495: New node: IP: 192.178.25.174. Number of nodes 24
EtherApe-INFO: 21:04:18.080: New node: IP: 172.217.16.4. Number of nodes 25
EtherApe-INFO: 21:04:19.359: New node: IP: 34.120.208.123. Number of nodes 26
EtherApe-INFO: 21:04:19.626: New node: IP: 142.250.204.3. Number of nodes 27
EtherApe-INFO: 21:04:21.154: New node: IP: 142.250.203.194. Number of nodes 28
EtherApe-INFO: 21:04:21.158: New node: IP: 172.217.16.13. Number of nodes 29
EtherApe-INFO: 21:04:21.160: New node: IP: 192.178.25.162. Number of nodes 30
EtherApe-INFO: 21:04:22.176: New node: IP: 13.32.27.77. Number of nodes 31
EtherApe-INFO: 21:04:24.224: New node: IP: 142.250.203.142. Number of nodes 32
EtherApe-INFO: 21:04:51.702: delete node: IP: 192.229.221.95. Number of nodes 31
EtherApe-INFO: 21:06:00.046: delete node: IP: 195.154.226.102. Number of nodes 30
EtherApe-INFO: 21:06:11.001: delete node: IP: 216.58.208.193. Number of nodes 29
EtherApe-INFO: 21:06:11.001: delete node: IP: 192.178.25.161. Number of nodes 28
EtherApe-INFO: 21:06:11.001: delete node: IP: 149.154.167.216. Number of nodes 27
EtherApe-INFO: 21:06:11.001: delete node: IP: 142.250.203.193. Number of nodes 26
EtherApe-INFO: 21:06:21.755: delete node: IP: 172.217.16.13. Number of nodes 25
EtherApe-INFO: 21:06:22.277: delete node: IP: 142.250.204.3. Number of nodes 24
EtherApe-INFO: 21:06:23.846: delete node: IP: 8.8.8.8. Number of nodes 23
EtherApe-INFO: 21:06:25.101: delete node: IP: 142.250.186.195. Number of nodes 22
EtherApe-INFO: 21:06:25.101: delete node: IP: 142.250.186.193. Number of nodes 21
EtherApe-INFO: 21:06:25.101: delete node: IP: 140.82.121.6. Number of nodes 20
EtherApe-INFO: 21:07:04.224: New node: IP: 8.8.8.8. Number of nodes 21
EtherApe-INFO: 21:07:04.224: New node: IP: 95.216.195.133. Number of nodes 22
EtherApe-INFO: 21:07:05.249: New node: IP: 34.117.65.55. Number of nodes 23
EtherApe-INFO: 21:07:23.167: New node: IP: 216.58.208.196. Number of nodes 24
EtherApe-INFO: 21:07:28.032: New node: IP: 142.250.186.193. Number of nodes 25
EtherApe-INFO: 21:07:28.288: New node: IP: 173.194.188.106. Number of nodes 26
EtherApe-INFO: 21:07:28.290: New node: IP: 216.58.208.195. Number of nodes 27
EtherApe-INFO: 21:07:32.647: New node: IP: 142.250.186.202. Number of nodes 28
EtherApe-INFO: 21:07:53.951: New node: IP: 216.58.215.106. Number of nodes 29
EtherApe-INFO: 21:07:54.463: New node: IP: 173.194.187.166. Number of nodes 30
EtherApe-INFO: 21:07:54.985: New node: IP: 173.194.187.39. Number of nodes 31
EtherApe-INFO: 21:08:06.497: New node: IP: 74.125.162.104. Number of nodes 32
EtherApe-INFO: 21:08:11.617: New node: IP: 74.125.173.135. Number of nodes 33
EtherApe-INFO: 21:08:17.275: delete node: IP: 172.217.16.3. Number of nodes 32
EtherApe-INFO: 21:08:18.845: delete node: IP: 13.32.27.77. Number of nodes 31
EtherApe-INFO: 21:08:47.968: New node: IP: 216.58.215.77. Number of nodes 32
EtherApe-INFO: 21:09:06.743: delete node: IP: 95.216.195.133. Number of nodes 31
EtherApe-INFO: 21:09:06.743: delete node: IP: 34.117.65.55. Number of nodes 30
EtherApe-INFO: 21:09:07.680: New node: IP: 149.154.167.216. Number of nodes 31
EtherApe-INFO: 21:09:11.846: delete node: IP: 34.120.208.123. Number of nodes 30
EtherApe-INFO: 21:09:12.886: delete node: IP: 192.178.25.162. Number of nodes 29
EtherApe-INFO: 21:09:12.886: delete node: IP: 172.217.16.4. Number of nodes 28
EtherApe-INFO: 21:09:12.886: delete node: IP: 142.250.203.194. Number of nodes 27
EtherApe-INFO: 21:09:15.686: delete node: IP: 172.217.16.35. Number of nodes 26
EtherApe-INFO: 21:09:15.686: delete node: IP: 142.250.203.142. Number of nodes 25
EtherApe-INFO: 21:09:32.011: delete node: IP: 173.194.188.106. Number of nodes 24
EtherApe-INFO: 21:09:56.363: delete node: IP: 192.178.25.174. Number of nodes 23
EtherApe-INFO: 21:09:57.914: delete node: IP: 173.194.187.39. Number of nodes 22
EtherApe-INFO: 21:10:01.752: delete node: IP: 173.194.187.166. Number of nodes 21
EtherApe-INFO: 21:10:08.192: delete node: IP: 74.125.162.104. Number of nodes 20
EtherApe-INFO: 21:10:12.985: delete node: IP: 142.250.186.193. Number of nodes 19
EtherApe-INFO: 21:10:12.985: delete node: IP: 74.125.173.135. Number of nodes 18
EtherApe-INFO: 21:10:25.503: New node: IP: 54.73.239.34. Number of nodes 19
EtherApe-INFO: 21:10:29.088: New node: IP: 54.216.227.219. Number of nodes 20
EtherApe-INFO: 21:10:48.333: delete node: IP: 216.58.215.77. Number of nodes 19
EtherApe-INFO: 21:11:04.417: New node: IP: 13.32.27.77. Number of nodes 20
EtherApe-INFO: 21:11:15.423: New node: IP: 149.154.167.255. Number of nodes 21
EtherApe-INFO: 21:11:25.664: New node: IP: 142.250.203.193. Number of nodes 22
EtherApe-INFO: 21:11:29.248: New node: IP: 3.251.50.149. Number of nodes 23
EtherApe-INFO: 21:11:43.846: delete node: IP: 216.58.208.195. Number of nodes 22
EtherApe-INFO: 21:12:04.319: New node: IP: 95.216.195.133. Number of nodes 23
EtherApe-INFO: 21:12:05.600: New node: IP: 34.117.65.55. Number of nodes 24
EtherApe-INFO: 21:12:05.602: New node: IP: 216.58.209.3. Number of nodes 25
EtherApe-INFO: 21:12:05.602: New node: IP: 142.250.186.195. Number of nodes 26
EtherApe-INFO: 21:12:05.604: New node: IP: 216.58.208.195. Number of nodes 27
EtherApe-INFO: 21:12:06.881: New node: IP: 142.250.203.205. Number of nodes 28
EtherApe-INFO: 21:12:07.136: New node: IP: 192.178.25.174. Number of nodes 29
EtherApe-INFO: 21:12:08.420: New node: IP: 142.250.203.142. Number of nodes 30
EtherApe-INFO: 21:12:08.432: New node: IP: 104.17.32.105. Number of nodes 31
EtherApe-INFO: 21:12:08.442: New node: IP: 104.18.21.226. Number of nodes 32
EtherApe-INFO: 21:12:16.865: New node: IP: 142.250.186.206. Number of nodes 33
EtherApe-INFO: 21:12:17.893: New node: IP: 192.178.25.170. Number of nodes 34
EtherApe-INFO: 21:12:24.367: delete node: IP: 54.155.246.232. Number of nodes 33
EtherApe-INFO: 21:12:25.621: delete node: IP: 54.73.239.34. Number of nodes 32
EtherApe-INFO: 21:12:30.525: delete node: IP: 54.216.227.219. Number of nodes 31
EtherApe-INFO: 21:12:45.794: delete node: IP: 216.58.215.106. Number of nodes 30
EtherApe-INFO: 21:12:46.319: delete node: IP: 142.250.186.202. Number of nodes 29
EtherApe-INFO: 21:13:21.120: New node: IP: 192.178.25.165. Number of nodes 30
EtherApe-INFO: 21:13:59.559: delete node: IP: 149.154.167.255. Number of nodes 29
EtherApe-INFO: 21:13:59.559: delete node: IP: 149.154.167.216. Number of nodes 28
EtherApe-INFO: 21:14:04.668: delete node: IP: 95.216.195.133. Number of nodes 27
EtherApe-INFO: 21:14:05.706: delete node: IP: 34.117.65.55. Number of nodes 26
EtherApe-INFO: 21:14:09.576: delete node: IP: 142.250.203.142. Number of nodes 25
EtherApe-INFO: 21:14:17.203: delete node: IP: 142.250.186.206. Number of nodes 24
EtherApe-INFO: 21:15:00.211: delete node: IP: 13.32.27.77. Number of nodes 23
EtherApe-INFO: 21:15:04.289: New node: IP: 13.32.27.77. Number of nodes 24
EtherApe-INFO: 21:15:07.182: delete node: IP: 192.178.25.170. Number of nodes 23
EtherApe-INFO: 21:15:08.383: New node: IP: 142.250.203.132. Number of nodes 24
EtherApe-INFO: 21:15:14.273: delete node: IP: 142.250.203.197. Number of nodes 23
EtherApe-INFO: 21:16:04.196: delete node: IP: 104.18.21.226. Number of nodes 22
EtherApe-INFO: 21:16:18.294: delete node: IP: 142.250.203.193. Number of nodes 21
EtherApe-INFO: 21:16:21.600: New node: IP: 216.58.209.5. Number of nodes 22
EtherApe-INFO: 21:16:43.871: New node: IP: 52.29.123.56. Number of nodes 23
EtherApe-INFO: 21:16:51.552: New node: IP: 142.250.203.138. Number of nodes 24
EtherApe-INFO: 21:16:56.224: delete node: IP: 216.58.208.195. Number of nodes 23
EtherApe-INFO: 21:17:01.554: delete node: IP: 216.58.208.196. Number of nodes 22
EtherApe-INFO: 21:17:01.555: delete node: IP: 142.250.203.205. Number of nodes 21
EtherApe-INFO: 21:17:01.555: delete node: IP: 104.17.32.105. Number of nodes 20
EtherApe-INFO: 21:17:04.352: New node: IP: 95.216.195.133. Number of nodes 21
EtherApe-INFO: 21:17:05.119: New node: IP: 34.117.65.55. Number of nodes 22
EtherApe-INFO: 21:18:12.488: delete node: IP: 192.178.25.165. Number of nodes 21
EtherApe-INFO: 21:18:48.288: New node: IP: 142.250.203.141. Number of nodes 22
EtherApe-INFO: 21:18:52.476: delete node: IP: 142.250.186.195. Number of nodes 21
EtherApe-INFO: 21:18:59.551: New node: IP: 34.120.208.123. Number of nodes 22
EtherApe-INFO: 21:18:59.881: delete node: IP: 13.32.27.77. Number of nodes 21
EtherApe-INFO: 21:19:06.243: delete node: IP: 95.216.195.133. Number of nodes 20
EtherApe-INFO: 21:19:06.243: delete node: IP: 34.117.65.55. Number of nodes 19
EtherApe-INFO: 21:19:14.657: New node: IP: 142.250.203.142. Number of nodes 20
EtherApe-INFO: 21:19:22.335: New node: IP: 142.250.203.196. Number of nodes 21
EtherApe-INFO: 21:19:58.713: delete node: IP: 142.250.203.132. Number of nodes 20
EtherApe-INFO: 21:20:38.965: delete node: IP: 216.58.209.3. Number of nodes 19
EtherApe-INFO: 21:20:48.095: New node: IP: 54.216.227.219. Number of nodes 20
EtherApe-INFO: 21:20:52.450: New node: IP: 52.16.16.21. Number of nodes 21
EtherApe-INFO: 21:21:00.736: delete node: IP: 192.178.25.174. Number of nodes 20
EtherApe-INFO: 21:21:03.455: New node: IP: 195.154.226.102. Number of nodes 21
EtherApe-INFO: 21:21:07.809: New node: IP: 2.16.172.43. Number of nodes 22
EtherApe-INFO: 21:21:11.136: New node: IP: 140.82.112.25. Number of nodes 23
EtherApe-INFO: 21:21:42.427: delete node: IP: 142.250.203.138. Number of nodes 22
EtherApe-INFO: 21:22:04.383: New node: IP: 95.216.195.133. Number of nodes 23
EtherApe-INFO: 21:22:05.919: New node: IP: 34.117.65.55. Number of nodes 24
EtherApe-INFO: 21:22:10.015: New node: IP: 149.154.167.216. Number of nodes 25
EtherApe-INFO: 21:22:48.267: delete node: IP: 54.216.227.219. Number of nodes 24
EtherApe-INFO: 21:22:52.541: delete node: IP: 52.16.16.21. Number of nodes 23
EtherApe-INFO: 21:23:03.561: delete node: IP: 195.154.226.102. Number of nodes 22
EtherApe-INFO: 21:23:11.193: delete node: IP: 140.82.112.26. Number of nodes 21
EtherApe-INFO: 21:23:39.964: delete node: IP: 142.250.203.141. Number of nodes 20
EtherApe-INFO: 21:23:45.240: New node: IP: 192.178.25.174. Number of nodes 21
EtherApe-INFO: 21:23:51.932: delete node: IP: 34.120.208.123. Number of nodes 20
EtherApe-INFO: 21:24:04.506: delete node: IP: 8.8.8.8. Number of nodes 19
EtherApe-INFO: 21:24:04.712: delete node: IP: 95.216.195.133. Number of nodes 18
EtherApe-INFO: 21:24:06.795: delete node: IP: 142.250.203.142. Number of nodes 17
EtherApe-INFO: 21:24:06.795: delete node: IP: 34.117.65.55. Number of nodes 16
EtherApe-INFO: 21:24:09.913: delete node: IP: 142.250.203.206. Number of nodes 15
EtherApe-INFO: 21:25:03.656: delete node: IP: 2.16.172.43. Number of nodes 14
EtherApe-INFO: 21:25:20.215: New node: IP: 192.178.25.164. Number of nodes 15
EtherApe-INFO: 21:25:20.471: New node: IP: 8.8.8.8. Number of nodes 16
EtherApe-INFO: 21:25:27.897: New node: IP: 34.120.208.123. Number of nodes 17
EtherApe-INFO: 21:25:28.408: New node: IP: 142.250.75.3. Number of nodes 18
EtherApe-INFO: 21:25:28.919: New node: IP: 172.217.16.35. Number of nodes 19
EtherApe-INFO: 21:25:28.924: New node: IP: 172.217.16.54. Number of nodes 20
EtherApe-INFO: 21:25:29.184: New node: IP: 142.250.203.130. Number of nodes 21
EtherApe-INFO: 21:25:29.431: New node: IP: 172.217.16.34. Number of nodes 22
EtherApe-INFO: 21:25:29.438: New node: IP: 216.58.209.14. Number of nodes 23
EtherApe-INFO: 21:25:33.274: New node: IP: 142.250.203.142. Number of nodes 24
EtherApe-INFO: 21:25:34.809: New node: IP: 142.250.203.134. Number of nodes 25
EtherApe-INFO: 21:25:35.068: New node: IP: 44.198.110.26. Number of nodes 26
EtherApe-INFO: 21:25:35.322: New node: IP: 18.66.128.120. Number of nodes 27
EtherApe-INFO: 21:25:36.089: New node: IP: 13.32.27.114. Number of nodes 28
EtherApe-INFO: 21:25:36.090: New node: IP: 65.9.66.128. Number of nodes 29
EtherApe-INFO: 21:25:56.847: New node: IP: 142.250.203.202. Number of nodes 30
EtherApe-INFO: 21:25:57.084: New node: IP: 142.250.203.205. Number of nodes 31
EtherApe-INFO: 21:25:58.362: New node: IP: 104.18.160.90. Number of nodes 32
EtherApe-INFO: 21:25:58.362: New node: IP: 104.16.226.91. Number of nodes 33
EtherApe-INFO: 21:25:59.897: New node: IP: 99.86.4.3. Number of nodes 34
EtherApe-INFO: 21:26:05.529: New node: IP: 192.178.25.161. Number of nodes 35
EtherApe-INFO: 21:26:13.320: delete node: IP: 216.58.209.5. Number of nodes 34
EtherApe-INFO: 21:26:13.977: New node: IP: 54.72.24.212. Number of nodes 35
EtherApe-INFO: 21:26:13.978: New node: IP: 192.229.221.95. Number of nodes 36
EtherApe-INFO: 21:26:22.680: New node: IP: 216.58.215.69. Number of nodes 37
EtherApe-INFO: 21:26:31.385: New node: IP: 52.222.214.20. Number of nodes 38
EtherApe-INFO: 21:26:31.644: New node: IP: 108.138.51.19. Number of nodes 39
EtherApe-INFO: 21:26:31.896: New node: IP: 3.208.110.112. Number of nodes 40
EtherApe-INFO: 21:26:32.155: New node: IP: 13.32.24.239. Number of nodes 41
EtherApe-INFO: 21:26:32.667: New node: IP: 54.161.4.176. Number of nodes 42
EtherApe-INFO: 21:26:36.505: New node: IP: 3.208.203.214. Number of nodes 43
EtherApe-INFO: 21:26:39.619: delete node: IP: 52.29.123.56. Number of nodes 42
EtherApe-INFO: 21:27:03.939: delete node: IP: 149.154.167.216. Number of nodes 41
EtherApe-INFO: 21:27:04.407: New node: IP: 95.216.195.133. Number of nodes 42
EtherApe-INFO: 21:27:05.943: New node: IP: 34.117.65.55. Number of nodes 43
EtherApe-INFO: 21:27:29.817: delete node: IP: 216.58.209.14. Number of nodes 42
EtherApe-INFO: 21:27:58.488: delete node: IP: 104.18.160.90. Number of nodes 41
EtherApe-INFO: 21:28:05.858: delete node: IP: 192.178.25.161. Number of nodes 40
EtherApe-INFO: 21:28:28.669: delete node: IP: 172.217.16.35. Number of nodes 39
EtherApe-INFO: 21:28:30.257: delete node: IP: 54.72.24.212. Number of nodes 38
EtherApe-INFO: 21:29:04.505: delete node: IP: 95.216.195.133. Number of nodes 37
EtherApe-INFO: 21:29:04.505: delete node: IP: 8.8.8.8. Number of nodes 36
EtherApe-INFO: 21:29:07.133: delete node: IP: 34.117.65.55. Number of nodes 35
EtherApe-INFO: 21:29:23.417: New node: IP: 172.217.16.42. Number of nodes 36
EtherApe-INFO: 21:29:23.671: New node: IP: 8.8.8.8. Number of nodes 37
EtherApe-INFO: 21:29:44.151: New node: IP: 52.29.123.56. Number of nodes 38
EtherApe-INFO: 21:30:04.632: New node: IP: 13.32.27.77. Number of nodes 39
EtherApe-INFO: 21:30:10.560: delete node: IP: 192.229.221.95. Number of nodes 38
EtherApe-INFO: 21:30:18.215: delete node: IP: 192.178.25.164. Number of nodes 37
EtherApe-INFO: 21:30:19.262: delete node: IP: 172.217.16.54. Number of nodes 36
EtherApe-INFO: 21:30:19.262: delete node: IP: 142.250.75.3. Number of nodes 35
EtherApe-INFO: 21:30:25.146: delete node: IP: 142.250.203.134. Number of nodes 34
EtherApe-INFO: 21:30:28.219: delete node: IP: 18.66.128.120. Number of nodes 33
EtherApe-INFO: 21:30:32.108: delete node: IP: 13.32.24.239. Number of nodes 32
EtherApe-INFO: 21:30:36.138: delete node: IP: 65.9.66.128. Number of nodes 31
EtherApe-INFO: 21:30:39.230: delete node: IP: 216.58.209.10. Number of nodes 30
EtherApe-INFO: 21:30:50.236: delete node: IP: 104.16.226.91. Number of nodes 29
EtherApe-INFO: 21:30:50.236: delete node: IP: 99.86.4.3. Number of nodes 28
EtherApe-INFO: 21:30:53.055: delete node: IP: 142.250.203.202. Number of nodes 27
EtherApe-INFO: 21:31:02.226: delete node: IP: 142.250.203.142. Number of nodes 26
EtherApe-INFO: 21:31:04.004: delete node: IP: 172.217.16.34. Number of nodes 25
EtherApe-INFO: 21:31:04.005: delete node: IP: 142.250.203.130. Number of nodes 24
EtherApe-INFO: 21:31:10.648: New node: IP: 52.16.16.21. Number of nodes 25
EtherApe-INFO: 21:31:14.743: New node: IP: 54.170.39.204. Number of nodes 26
EtherApe-INFO: 21:31:21.740: delete node: IP: 44.198.110.26. Number of nodes 25
EtherApe-INFO: 21:31:22.253: delete node: IP: 108.138.51.19. Number of nodes 24
EtherApe-INFO: 21:31:22.253: delete node: IP: 52.222.214.20. Number of nodes 23
EtherApe-INFO: 21:31:22.253: delete node: IP: 13.32.27.114. Number of nodes 22
EtherApe-INFO: 21:31:23.512: delete node: IP: 54.161.4.176. Number of nodes 21
EtherApe-INFO: 21:31:28.024: New node: IP: 142.250.75.10. Number of nodes 22
EtherApe-INFO: 21:31:28.814: delete node: IP: 3.208.203.214. Number of nodes 21
EtherApe-INFO: 21:32:04.376: New node: IP: 95.216.195.133. Number of nodes 22
EtherApe-INFO: 21:32:06.167: New node: IP: 34.117.65.55. Number of nodes 23
EtherApe-INFO: 21:33:04.052: delete node: IP: 142.250.203.196. Number of nodes 22
EtherApe-INFO: 21:33:09.656: New node: IP: 54.246.79.9. Number of nodes 23
EtherApe-INFO: 21:33:11.528: delete node: IP: 52.16.16.21. Number of nodes 22
EtherApe-INFO: 21:33:15.066: delete node: IP: 54.170.39.204. Number of nodes 21
EtherApe-INFO: 21:33:28.123: delete node: IP: 142.250.75.10. Number of nodes 20
EtherApe-INFO: 21:33:40.662: delete node: IP: 142.250.203.205. Number of nodes 19
EtherApe-INFO: 21:33:43.447: New node: IP: 54.161.4.176. Number of nodes 20
EtherApe-INFO: 21:34:03.964: delete node: IP: 13.32.27.77. Number of nodes 19
EtherApe-INFO: 21:34:04.792: delete node: IP: 95.216.195.133. Number of nodes 18
EtherApe-INFO: 21:34:07.584: delete node: IP: 34.117.65.55. Number of nodes 17
EtherApe-INFO: 21:34:07.584: delete node: IP: 3.251.50.149. Number of nodes 16
EtherApe-INFO: 21:34:13.692: delete node: IP: 34.120.208.123. Number of nodes 15
EtherApe-INFO: 21:34:14.939: New node: IP: 142.250.186.206. Number of nodes 16
EtherApe-INFO: 21:35:08.696: New node: IP: 172.217.16.4. Number of nodes 17
EtherApe-INFO: 21:35:10.058: delete node: IP: 8.8.8.8. Number of nodes 16
EtherApe-INFO: 21:35:43.858: delete node: IP: 54.161.4.176. Number of nodes 15
EtherApe-INFO: 21:36:10.159: delete node: IP: 3.208.110.112. Number of nodes 14
EtherApe-INFO: 21:36:14.831: delete node: IP: 216.58.215.69. Number of nodes 13
EtherApe-INFO: 21:36:24.728: New node: IP: 142.250.203.133. Number of nodes 14
EtherApe-INFO: 21:37:04.407: New node: IP: 8.8.8.8. Number of nodes 15
EtherApe-INFO: 21:37:04.407: New node: IP: 95.216.195.133. Number of nodes 16
EtherApe-INFO: 21:37:06.455: New node: IP: 34.117.65.55. Number of nodes 17
EtherApe-INFO: 21:37:27.021: delete node: IP: 52.29.123.56. Number of nodes 16
EtherApe-INFO: 21:38:13.015: New node: IP: 52.29.123.56. Number of nodes 17
EtherApe-INFO: 21:38:36.599: delete node: IP: 192.178.25.174. Number of nodes 16
EtherApe-INFO: 21:38:50.648: New node: IP: 142.250.186.205. Number of nodes 17
EtherApe-INFO: 21:39:04.831: delete node: IP: 95.216.195.133. Number of nodes 16
EtherApe-INFO: 21:39:07.319: delete node: IP: 34.117.65.55. Number of nodes 15
EtherApe-INFO: 21:39:28.280: New node: IP: 142.250.186.202. Number of nodes 16
EtherApe-INFO: 21:40:08.984: New node: IP: 216.58.208.196. Number of nodes 17
EtherApe-INFO: 21:40:52.328: delete node: IP: 8.8.8.8. Number of nodes 16
EtherApe-INFO: 21:40:59.415: New node: IP: 149.154.167.216. Number of nodes 17
EtherApe-INFO: 21:41:01.029: delete node: IP: 172.217.16.4. Number of nodes 16
EtherApe-INFO: 21:41:18.369: New node: IP: 149.154.167.255. Number of nodes 17
EtherApe-INFO: 21:41:21.164: delete node: IP: 52.29.123.56. Number of nodes 16
EtherApe-INFO: 21:41:28.322: delete node: IP: 142.250.186.202. Number of nodes 15
EtherApe-INFO: 21:41:33.152: New node: IP: 54.170.39.204. Number of nodes 16
EtherApe-INFO: 21:41:36.856: New node: IP: 52.212.99.156. Number of nodes 17
EtherApe-INFO: 21:41:37.111: New node: IP: 8.8.8.8. Number of nodes 18
EtherApe-INFO: 21:42:04.336: New node: IP: 95.216.195.133. Number of nodes 19
EtherApe-INFO: 21:42:06.639: New node: IP: 34.117.65.55. Number of nodes 20
EtherApe-INFO: 21:43:13.079: New node: IP: 142.250.186.202. Number of nodes 21
EtherApe-INFO: 21:43:34.344: delete node: IP: 54.170.39.204. Number of nodes 20
EtherApe-INFO: 21:43:38.172: delete node: IP: 52.212.99.156. Number of nodes 19
EtherApe-INFO: 21:43:41.083: delete node: IP: 142.250.186.205. Number of nodes 18
EtherApe-INFO: 21:44:04.888: delete node: IP: 95.216.195.133. Number of nodes 17
EtherApe-INFO: 21:44:04.889: delete node: IP: 8.8.8.8. Number of nodes 16
EtherApe-INFO: 21:44:06.867: delete node: IP: 34.117.65.55. Number of nodes 15
EtherApe-INFO: 21:44:51.896: New node: IP: 142.250.203.138. Number of nodes 16
EtherApe-INFO: 21:45:04.956: New node: IP: 108.138.51.96. Number of nodes 17
EtherApe-INFO: 21:45:05.207: New node: IP: 8.8.8.8. Number of nodes 18
EtherApe-INFO: 21:45:11.927: delete node: IP: 149.154.167.255. Number of nodes 17
EtherApe-INFO: 21:45:14.195: delete node: IP: 142.250.186.202. Number of nodes 16
EtherApe-INFO: 21:45:24.664: New node: IP: 192.178.25.161. Number of nodes 17
EtherApe-INFO: 21:45:24.664: New node: IP: 216.58.215.97. Number of nodes 18
EtherApe-INFO: 21:45:24.665: New node: IP: 216.58.209.1. Number of nodes 19
EtherApe-INFO: 21:45:24.665: New node: IP: 142.250.203.129. Number of nodes 20
EtherApe-INFO: 21:45:24.666: New node: IP: 142.250.203.197. Number of nodes 21
EtherApe-INFO: 21:45:24.687: New node: IP: 192.178.25.174. Number of nodes 22
EtherApe-INFO: 21:45:39.512: New node: IP: 142.250.203.202. Number of nodes 23
EtherApe-INFO: 21:45:47.699: New node: IP: 35.241.9.150. Number of nodes 24
EtherApe-INFO: 21:45:47.702: New node: IP: 34.120.208.123. Number of nodes 25
EtherApe-INFO: 21:45:47.959: New node: IP: 216.58.209.3. Number of nodes 26
EtherApe-INFO: 21:45:48.230: New node: IP: 142.250.186.202. Number of nodes 27
EtherApe-INFO: 21:45:48.720: New node: IP: 172.217.16.1. Number of nodes 28
EtherApe-INFO: 21:45:48.984: New node: IP: 142.250.75.10. Number of nodes 29
EtherApe-INFO: 21:45:49.234: New node: IP: 142.250.186.205. Number of nodes 30
EtherApe-INFO: 21:45:50.255: New node: IP: 142.250.203.142. Number of nodes 31
EtherApe-INFO: 21:45:50.516: New node: IP: 18.244.146.80. Number of nodes 32
EtherApe-INFO: 21:45:51.801: New node: IP: 151.101.1.208. Number of nodes 33
EtherApe-INFO: 21:45:52.050: New node: IP: 142.250.75.3. Number of nodes 34
EtherApe-INFO: 21:45:53.071: New node: IP: 216.58.209.22. Number of nodes 35
EtherApe-INFO: 21:45:53.072: New node: IP: 192.178.25.170. Number of nodes 36
EtherApe-INFO: 21:45:53.331: New node: IP: 216.58.209.4. Number of nodes 37
EtherApe-INFO: 21:45:54.352: New node: IP: 52.212.99.156. Number of nodes 38
EtherApe-INFO: 21:45:54.353: New node: IP: 45.57.91.1. Number of nodes 39
EtherApe-INFO: 21:45:54.611: New node: IP: 192.229.221.95. Number of nodes 40
EtherApe-INFO: 21:45:56.134: New node: IP: 104.19.187.97. Number of nodes 41
EtherApe-INFO: 21:45:56.170: New node: IP: 176.122.96.225. Number of nodes 42
EtherApe-INFO: 21:45:56.252: New node: IP: 104.19.188.97. Number of nodes 43
EtherApe-INFO: 21:45:56.531: New node: IP: 104.18.43.158. Number of nodes 44
EtherApe-INFO: 21:45:57.280: New node: IP: 54.73.239.34. Number of nodes 45
EtherApe-INFO: 21:45:57.537: New node: IP: 99.81.251.69. Number of nodes 46
EtherApe-INFO: 21:45:57.537: New node: IP: 2.17.241.141. Number of nodes 47
EtherApe-INFO: 21:45:58.051: New node: IP: 34.241.22.200. Number of nodes 48
EtherApe-INFO: 21:46:01.142: New node: IP: 172.64.147.123. Number of nodes 49
EtherApe-INFO: 21:46:02.399: New node: IP: 34.149.66.134. Number of nodes 50
EtherApe-INFO: 21:46:03.169: New node: IP: 34.210.228.29. Number of nodes 51
EtherApe-INFO: 21:46:03.673: New node: IP: 87.245.217.77. Number of nodes 52
EtherApe-INFO: 21:46:03.688: New node: IP: 18.66.122.110. Number of nodes 53
EtherApe-INFO: 21:46:04.276: New node: IP: 18.66.128.120. Number of nodes 54
EtherApe-INFO: 21:46:10.735: New node: IP: 87.245.217.79. Number of nodes 55
EtherApe-INFO: 21:46:14.186: New node: IP: 208.68.240.115. Number of nodes 56
EtherApe-INFO: 21:46:14.697: New node: IP: 2.16.172.43. Number of nodes 57
EtherApe-INFO: 21:46:15.211: New node: IP: 172.217.16.8. Number of nodes 58
EtherApe-INFO: 21:46:15.471: New node: IP: 216.58.208.202. Number of nodes 59
EtherApe-INFO: 21:46:16.334: delete node: IP: 142.250.203.133. Number of nodes 58
EtherApe-INFO: 21:46:34.667: New node: IP: 149.255.128.1. Number of nodes 59
EtherApe-INFO: 21:46:35.240: New node: IP: 45.57.80.146. Number of nodes 60
EtherApe-INFO: 21:47:04.257: New node: IP: 95.216.195.133. Number of nodes 61
EtherApe-INFO: 21:47:04.767: New node: IP: 34.117.65.55. Number of nodes 62
EtherApe-INFO: 21:47:16.895: New node: IP: 193.109.100.131. Number of nodes 63
EtherApe-INFO: 21:47:16.897: New node: IP: 139.45.192.3. Number of nodes 64
EtherApe-INFO: 21:47:21.597: delete node: IP: 149.154.167.216. Number of nodes 63
EtherApe-INFO: 21:47:40.315: delete node: IP: 216.58.215.97. Number of nodes 62
EtherApe-INFO: 21:47:40.315: delete node: IP: 192.178.25.161. Number of nodes 61
EtherApe-INFO: 21:47:54.303: delete node: IP: 216.58.209.3. Number of nodes 60
EtherApe-INFO: 21:47:54.540: delete node: IP: 52.212.99.156. Number of nodes 59
EtherApe-INFO: 21:47:57.638: delete node: IP: 54.73.239.34. Number of nodes 58
EtherApe-INFO: 21:48:02.890: delete node: IP: 142.250.75.10. Number of nodes 57
EtherApe-INFO: 21:48:04.681: delete node: IP: 18.66.122.110. Number of nodes 56
EtherApe-INFO: 21:48:07.415: delete node: IP: 34.149.66.134. Number of nodes 55
EtherApe-INFO: 21:48:12.572: delete node: IP: 45.57.91.1. Number of nodes 54
EtherApe-INFO: 21:48:15.920: delete node: IP: 216.58.208.202. Number of nodes 53
EtherApe-INFO: 21:48:15.920: delete node: IP: 172.217.16.8. Number of nodes 52
EtherApe-INFO: 21:48:27.662: delete node: IP: 208.68.240.115. Number of nodes 51
EtherApe-INFO: 21:48:46.160: New node: IP: 34.149.66.134. Number of nodes 52
EtherApe-INFO: 21:48:50.282: delete node: IP: 45.57.80.146. Number of nodes 51
EtherApe-INFO: 21:48:52.048: New node: IP: 142.250.203.205. Number of nodes 52
EtherApe-INFO: 21:48:59.793: delete node: IP: 34.241.22.200. Number of nodes 51
EtherApe-INFO: 21:49:05.192: delete node: IP: 95.216.195.133. Number of nodes 50
EtherApe-INFO: 21:49:05.192: delete node: IP: 34.210.228.29. Number of nodes 49
EtherApe-INFO: 21:49:17.157: delete node: IP: 8.8.8.8. Number of nodes 48
EtherApe-INFO: 21:49:31.294: delete node: IP: 193.109.100.131. Number of nodes 47
EtherApe-INFO: 21:49:32.430: delete node: IP: 139.45.192.3. Number of nodes 46
EtherApe-INFO: 21:49:33.272: New node: IP: 45.57.90.1. Number of nodes 47
EtherApe-INFO: 21:49:33.527: New node: IP: 8.8.8.8. Number of nodes 48
EtherApe-INFO: 21:49:42.075: delete node: IP: 142.250.203.138. Number of nodes 47
EtherApe-INFO: 21:49:53.158: delete node: IP: 2.17.241.141. Number of nodes 46
EtherApe-INFO: 21:49:53.857: New node: IP: 108.138.51.110. Number of nodes 47
EtherApe-INFO: 21:49:59.527: delete node: IP: 142.250.186.202. Number of nodes 46
EtherApe-INFO: 21:50:00.255: delete node: IP: 18.66.128.120. Number of nodes 45
EtherApe-INFO: 21:50:10.791: delete node: IP: 2.16.172.43. Number of nodes 44
EtherApe-INFO: 21:50:11.311: delete node: IP: 142.250.75.3. Number of nodes 43
EtherApe-INFO: 21:50:21.495: delete node: IP: 108.138.51.96. Number of nodes 42
EtherApe-INFO: 21:50:26.728: New node: IP: 216.58.209.10. Number of nodes 43
EtherApe-INFO: 21:50:31.184: delete node: IP: 216.58.209.1. Number of nodes 42
EtherApe-INFO: 21:50:31.184: delete node: IP: 142.250.203.202. Number of nodes 41
EtherApe-INFO: 21:50:34.200: New node: IP: 142.250.75.14. Number of nodes 42
EtherApe-INFO: 21:50:40.276: delete node: IP: 142.250.186.205. Number of nodes 41
EtherApe-INFO: 21:50:41.209: delete node: IP: 18.244.146.80. Number of nodes 40
EtherApe-INFO: 21:50:41.726: New node: IP: 139.45.205.7. Number of nodes 41
EtherApe-INFO: 21:50:42.800: New node: IP: 45.57.80.132. Number of nodes 42
EtherApe-INFO: 21:50:43.214: delete node: IP: 216.58.209.22. Number of nodes 41
EtherApe-INFO: 21:50:43.214: delete node: IP: 151.101.1.208. Number of nodes 40
EtherApe-INFO: 21:50:44.203: delete node: IP: 216.58.209.4. Number of nodes 39
EtherApe-INFO: 21:50:44.203: delete node: IP: 192.178.25.170. Number of nodes 38
EtherApe-INFO: 21:50:44.203: delete node: IP: 172.217.16.1. Number of nodes 37
EtherApe-INFO: 21:50:44.203: delete node: IP: 142.250.203.129. Number of nodes 36
EtherApe-INFO: 21:50:46.434: delete node: IP: 34.149.66.134. Number of nodes 35
EtherApe-INFO: 21:50:47.318: delete node: IP: 104.19.188.97. Number of nodes 34
EtherApe-INFO: 21:50:47.318: delete node: IP: 104.19.187.97. Number of nodes 33
EtherApe-INFO: 21:50:47.318: delete node: IP: 104.18.43.158. Number of nodes 32
EtherApe-INFO: 21:50:48.265: delete node: IP: 99.81.251.69. Number of nodes 31
EtherApe-INFO: 21:50:49.315: delete node: IP: 34.120.208.123. Number of nodes 30
EtherApe-INFO: 21:50:52.620: New node: IP: 45.57.23.160. Number of nodes 31
EtherApe-INFO: 21:50:55.516: delete node: IP: 172.64.147.123. Number of nodes 30
EtherApe-INFO: 21:51:22.237: delete node: IP: 142.250.203.142. Number of nodes 29
EtherApe-INFO: 21:51:25.807: New node: IP: 34.120.208.123. Number of nodes 30
EtherApe-INFO: 21:51:27.600: New node: IP: 99.83.181.31. Number of nodes 31
EtherApe-INFO: 21:51:41.259: delete node: IP: 216.58.215.110. Number of nodes 30
EtherApe-INFO: 21:51:47.913: delete node: IP: 45.57.90.1. Number of nodes 29
EtherApe-INFO: 21:51:54.032: delete node: IP: 13.32.27.125. Number of nodes 28
EtherApe-INFO: 21:52:01.200: delete node: IP: 35.241.9.150. Number of nodes 27
EtherApe-INFO: 21:52:01.200: delete node: IP: 34.117.65.55. Number of nodes 26
EtherApe-INFO: 21:52:04.464: New node: IP: 95.216.195.133. Number of nodes 27
EtherApe-INFO: 21:52:10.095: New node: IP: 34.117.65.55. Number of nodes 28
EtherApe-INFO: 21:52:11.633: New node: IP: 140.82.113.26. Number of nodes 29
EtherApe-INFO: 21:52:19.569: New node: IP: 140.82.121.4. Number of nodes 30
EtherApe-INFO: 21:52:19.825: New node: IP: 140.82.114.22. Number of nodes 31
EtherApe-INFO: 21:52:20.080: New node: IP: 185.199.111.154. Number of nodes 32
EtherApe-INFO: 21:52:21.105: New node: IP: 140.82.121.5. Number of nodes 33
EtherApe-INFO: 21:52:21.363: New node: IP: 185.199.109.133. Number of nodes 34
EtherApe-INFO: 21:52:41.583: New node: IP: 140.82.121.3. Number of nodes 35
EtherApe-INFO: 21:52:44.204: delete node: IP: 216.58.209.10. Number of nodes 34
EtherApe-INFO: 21:52:49.264: New node: IP: 149.154.167.216. Number of nodes 35
EtherApe-INFO: 21:52:57.282: delete node: IP: 139.45.205.7. Number of nodes 34
EtherApe-INFO: 21:52:57.282: delete node: IP: 87.245.217.77. Number of nodes 33
EtherApe-INFO: 21:52:58.226: delete node: IP: 45.57.80.132. Number of nodes 32
EtherApe-INFO: 21:53:07.194: delete node: IP: 45.57.23.160. Number of nodes 31
EtherApe-INFO: 21:53:13.329: New node: IP: 142.250.203.202. Number of nodes 32
EtherApe-INFO: 21:53:13.333: New node: IP: 91.198.174.192. Number of nodes 33
EtherApe-INFO: 21:53:14.098: New node: IP: 104.18.10.176. Number of nodes 34
EtherApe-INFO: 21:53:14.100: New node: IP: 216.58.208.195. Number of nodes 35
EtherApe-INFO: 21:53:14.379: New node: IP: 91.198.174.208. Number of nodes 36
EtherApe-INFO: 21:53:14.863: New node: IP: 3.123.216.247. Number of nodes 37
EtherApe-INFO: 21:53:14.869: New node: IP: 216.58.215.78. Number of nodes 38
EtherApe-INFO: 21:53:15.019: New node: IP: 216.58.215.67. Number of nodes 39
EtherApe-INFO: 21:53:15.021: New node: IP: 192.178.25.170. Number of nodes 40
EtherApe-INFO: 21:53:15.277: New node: IP: 216.58.209.3. Number of nodes 41
EtherApe-INFO: 21:53:15.291: New node: IP: 216.58.209.22. Number of nodes 42
EtherApe-INFO: 21:53:16.123: New node: IP: 142.250.203.206. Number of nodes 43
EtherApe-INFO: 21:53:16.884: New node: IP: 104.18.11.176. Number of nodes 44
EtherApe-INFO: 21:53:17.395: New node: IP: 216.58.215.74. Number of nodes 45
EtherApe-INFO: 21:53:17.395: New node: IP: 142.250.186.202. Number of nodes 46
EtherApe-INFO: 21:53:17.866: New node: IP: 192.178.25.173. Number of nodes 47
EtherApe-INFO: 21:53:17.883: New node: IP: 142.250.203.209. Number of nodes 48
EtherApe-INFO: 21:53:18.119: New node: IP: 216.58.215.106. Number of nodes 49
EtherApe-INFO: 21:53:19.905: New node: IP: 3.208.110.112. Number of nodes 50
EtherApe-INFO: 21:53:20.428: New node: IP: 142.250.203.142. Number of nodes 51
EtherApe-INFO: 21:53:20.429: New node: IP: 142.250.186.193. Number of nodes 52
EtherApe-INFO: 21:53:20.677: New node: IP: 52.5.169.88. Number of nodes 53
EtherApe-INFO: 21:53:20.685: New node: IP: 216.58.209.14. Number of nodes 54
EtherApe-INFO: 21:53:20.935: New node: IP: 54.159.179.250. Number of nodes 55
EtherApe-INFO: 21:53:22.224: New node: IP: 172.217.16.14. Number of nodes 56
EtherApe-INFO: 21:53:23.497: New node: IP: 142.250.203.129. Number of nodes 57
EtherApe-INFO: 21:53:23.546: delete node: IP: 176.122.96.225. Number of nodes 56
EtherApe-INFO: 21:53:24.257: New node: IP: 142.250.186.196. Number of nodes 57
EtherApe-INFO: 21:53:24.258: New node: IP: 142.250.186.195. Number of nodes 58
EtherApe-INFO: 21:53:24.516: New node: IP: 176.122.110.206. Number of nodes 59
EtherApe-INFO: 21:53:24.672: delete node: IP: 87.245.217.79. Number of nodes 58
EtherApe-INFO: 21:53:25.554: delete node: IP: 149.255.128.1. Number of nodes 57
EtherApe-INFO: 21:53:36.276: New node: IP: 74.125.108.9. Number of nodes 58
EtherApe-INFO: 21:53:37.279: New node: IP: 78.154.186.211. Number of nodes 59
EtherApe-INFO: 21:53:43.028: delete node: IP: 142.250.203.205. Number of nodes 58
EtherApe-INFO: 21:53:46.405: New node: IP: 34.149.66.134. Number of nodes 59
EtherApe-INFO: 21:54:04.734: delete node: IP: 95.216.195.133. Number of nodes 58
EtherApe-INFO: 21:54:10.065: delete node: IP: 34.117.65.55. Number of nodes 57
EtherApe-INFO: 21:54:11.831: delete node: IP: 140.82.112.25. Number of nodes 56
EtherApe-INFO: 21:54:13.103: New node: IP: 62.140.236.161. Number of nodes 57
EtherApe-INFO: 21:54:13.359: New node: IP: 104.103.90.29. Number of nodes 58
EtherApe-INFO: 21:54:13.872: New node: IP: 162.254.197.39. Number of nodes 59
EtherApe-INFO: 21:54:13.872: New node: IP: 155.133.226.78. Number of nodes 60
EtherApe-INFO: 21:54:14.129: New node: IP: 162.254.197.54. Number of nodes 61
EtherApe-INFO: 21:54:14.130: New node: IP: 162.254.198.104. Number of nodes 62
EtherApe-INFO: 21:54:14.130: New node: IP: 162.254.198.44. Number of nodes 63
EtherApe-INFO: 21:54:14.385: New node: IP: 155.133.252.54. Number of nodes 64
EtherApe-INFO: 21:54:17.200: New node: IP: 62.140.236.139. Number of nodes 65
EtherApe-INFO: 21:54:17.713: New node: IP: 91.223.19.23. Number of nodes 66
EtherApe-INFO: 21:54:17.969: New node: IP: 91.223.19.27. Number of nodes 67
EtherApe-INFO: 21:54:20.887: New node: IP: 23.200.161.66. Number of nodes 68
EtherApe-INFO: 21:54:21.590: New node: IP: 62.140.236.138. Number of nodes 69
EtherApe-INFO: 21:54:22.027: New node: IP: 8.8.4.4. Number of nodes 70
EtherApe-INFO: 21:54:22.853: New node: IP: 216.58.208.206. Number of nodes 71
EtherApe-INFO: 21:54:22.941: New node: IP: 62.140.236.163. Number of nodes 72
EtherApe-INFO: 21:54:22.947: New node: IP: 62.140.236.147. Number of nodes 73
EtherApe-INFO: 21:54:25.504: New node: IP: 62.140.236.160. Number of nodes 74
EtherApe-INFO: 21:54:26.472: New node: IP: 9.9.9.9. Number of nodes 75
EtherApe-INFO: 21:54:52.292: New node: IP: 62.140.236.171. Number of nodes 76
EtherApe-INFO: 21:54:59.500: New node: IP: 62.140.236.170. Number of nodes 77
EtherApe-INFO: 21:55:12.065: New node: IP: 195.154.226.102. Number of nodes 78
EtherApe-INFO: 21:55:16.526: delete node: IP: 192.178.25.174. Number of nodes 77
EtherApe-INFO: 21:55:16.526: delete node: IP: 142.250.203.195. Number of nodes 76
EtherApe-INFO: 21:55:16.526: delete node: IP: 140.82.121.3. Number of nodes 75
EtherApe-INFO: 21:55:17.309: delete node: IP: 104.18.11.176. Number of nodes 74
EtherApe-INFO: 21:55:17.346: New node: IP: 20.209.73.97. Number of nodes 75
EtherApe-INFO: 21:55:18.659: delete node: IP: 216.58.215.106. Number of nodes 74
EtherApe-INFO: 21:55:20.199: delete node: IP: 216.58.215.78. Number of nodes 73
EtherApe-INFO: 21:55:20.199: delete node: IP: 142.250.203.209. Number of nodes 72
EtherApe-INFO: 21:55:23.732: delete node: IP: 54.159.179.250. Number of nodes 71
EtherApe-INFO: 21:55:25.014: delete node: IP: 216.58.209.14. Number of nodes 70
EtherApe-INFO: 21:55:31.874: delete node: IP: 142.250.203.129. Number of nodes 69
EtherApe-INFO: 21:55:39.737: New node: IP: 216.58.208.197. Number of nodes 70
EtherApe-INFO: 21:55:47.118: New node: IP: 127.0.0.1. Number of nodes 71
EtherApe-INFO: 21:55:49.894: delete node: IP: 74.125.108.9. Number of nodes 70
EtherApe-INFO: 21:55:49.894: delete node: IP: 34.149.66.134. Number of nodes 69
EtherApe-INFO: 21:55:51.422: New node: IP: 18.244.108.61. Number of nodes 70
EtherApe-INFO: 21:55:53.967: New node: IP: 52.19.126.17. Number of nodes 71
EtherApe-INFO: 21:55:53.968: New node: IP: 172.217.16.36. Number of nodes 72
EtherApe-INFO: 21:55:53.968: New node: IP: 142.250.203.136. Number of nodes 73
EtherApe-INFO: 21:55:53.968: New node: IP: 104.17.244.73. Number of nodes 74
EtherApe-INFO: 21:55:54.224: New node: IP: 142.250.75.3. Number of nodes 75
EtherApe-INFO: 21:55:54.224: New node: IP: 108.138.47.59. Number of nodes 76
EtherApe-INFO: 21:55:54.232: New node: IP: 108.138.44.49. Number of nodes 77
EtherApe-INFO: 21:55:54.233: New node: IP: 18.66.224.52. Number of nodes 78
EtherApe-INFO: 21:55:54.236: New node: IP: 213.227.142.29. Number of nodes 79
EtherApe-INFO: 21:55:54.237: New node: IP: 104.18.36.10. Number of nodes 80
EtherApe-INFO: 21:55:54.462: New node: IP: 192.178.25.163. Number of nodes 81
EtherApe-INFO: 21:55:54.466: New node: IP: 104.81.108.60. Number of nodes 82
EtherApe-INFO: 21:55:54.472: New node: IP: 178.18.231.203. Number of nodes 83
EtherApe-INFO: 21:55:54.941: New node: IP: 108.138.51.74. Number of nodes 84
EtherApe-INFO: 21:55:55.034: New node: IP: 142.250.150.154. Number of nodes 85
EtherApe-INFO: 21:56:02.177: New node: IP: 216.58.209.16. Number of nodes 86
EtherApe-INFO: 21:56:02.362: New node: IP: 152.199.19.161. Number of nodes 87
EtherApe-INFO: 21:56:02.665: New node: IP: 104.16.57.101. Number of nodes 88
EtherApe-INFO: 21:56:02.839: New node: IP: 89.149.201.79. Number of nodes 89
EtherApe-INFO: 21:56:02.841: New node: IP: 18.244.102.121. Number of nodes 90
EtherApe-INFO: 21:56:12.078: delete node: IP: 78.154.186.211. Number of nodes 89
EtherApe-INFO: 21:56:13.102: New node: IP: 78.154.186.178. Number of nodes 90
EtherApe-INFO: 21:56:17.886: New node: IP: 54.73.239.34. Number of nodes 91
EtherApe-INFO: 21:56:18.292: delete node: IP: 162.254.197.54. Number of nodes 90
EtherApe-INFO: 21:56:19.217: delete node: IP: 155.133.226.78. Number of nodes 89
EtherApe-INFO: 21:56:19.580: delete node: IP: 162.254.198.104. Number of nodes 88
EtherApe-INFO: 21:56:19.580: delete node: IP: 162.254.198.44. Number of nodes 87
EtherApe-INFO: 21:56:19.946: delete node: IP: 155.133.252.54. Number of nodes 86
EtherApe-INFO: 21:56:20.114: delete node: IP: 3.123.216.247. Number of nodes 85
EtherApe-INFO: 21:56:24.350: delete node: IP: 149.154.167.216. Number of nodes 84
EtherApe-INFO: 21:56:24.380: New node: IP: 34.252.28.38. Number of nodes 85
EtherApe-INFO: 21:56:25.770: delete node: IP: 216.58.208.206. Number of nodes 84
EtherApe-INFO: 21:56:26.737: delete node: IP: 9.9.9.9. Number of nodes 83
EtherApe-INFO: 21:56:32.846: New node: IP: 140.82.121.3. Number of nodes 84
EtherApe-INFO: 21:56:37.168: New node: IP: 140.82.121.6. Number of nodes 85
EtherApe-INFO: 21:56:38.644: New node: IP: 140.82.114.21. Number of nodes 86
EtherApe-INFO: 21:56:43.276: delete node: IP: 62.140.236.161. Number of nodes 85
EtherApe-INFO: 21:56:48.004: delete node: IP: 62.140.236.139. Number of nodes 84
EtherApe-INFO: 21:56:52.483: delete node: IP: 140.82.114.22. Number of nodes 83
EtherApe-INFO: 21:57:00.482: delete node: IP: 140.82.121.4. Number of nodes 82
EtherApe-INFO: 21:57:04.310: New node: IP: 95.216.195.133. Number of nodes 83
EtherApe-INFO: 21:57:10.227: New node: IP: 34.117.65.55. Number of nodes 84
EtherApe-INFO: 21:57:11.725: delete node: IP: 140.82.121.5. Number of nodes 83
EtherApe-INFO: 21:57:11.725: delete node: IP: 99.83.181.31. Number of nodes 82
EtherApe-INFO: 21:57:11.885: delete node: IP: 195.154.226.102. Number of nodes 81
EtherApe-INFO: 21:57:13.679: delete node: IP: 54.246.79.9. Number of nodes 80
EtherApe-INFO: 21:57:14.733: delete node: IP: 91.198.174.208. Number of nodes 79
EtherApe-INFO: 21:57:18.285: delete node: IP: 91.198.174.192. Number of nodes 78
EtherApe-INFO: 21:57:20.616: delete node: IP: 176.122.110.206. Number of nodes 77
EtherApe-INFO: 21:57:27.585: delete node: IP: 34.120.208.123. Number of nodes 76
EtherApe-INFO: 21:57:28.557: delete node: IP: 142.250.203.197. Number of nodes 75
EtherApe-INFO: 21:57:47.700: delete node: IP: 20.209.73.97. Number of nodes 74
EtherApe-INFO: 21:57:51.597: delete node: IP: 127.0.0.1. Number of nodes 73
EtherApe-INFO: 21:57:59.586: New node: IP: 142.250.203.193. Number of nodes 74
EtherApe-INFO: 21:57:59.586: New node: IP: 172.217.16.1. Number of nodes 75
EtherApe-INFO: 21:57:59.591: New node: IP: 216.58.209.1. Number of nodes 76
EtherApe-INFO: 21:58:07.608: delete node: IP: 104.18.10.176. Number of nodes 75
EtherApe-INFO: 21:58:08.051: delete node: IP: 8.8.4.4. Number of nodes 74
EtherApe-INFO: 21:58:08.624: delete node: IP: 216.58.215.74. Number of nodes 73
EtherApe-INFO: 21:58:08.624: delete node: IP: 142.250.203.202. Number of nodes 72
EtherApe-INFO: 21:58:10.666: delete node: IP: 142.250.186.202. Number of nodes 71
EtherApe-INFO: 21:58:11.694: delete node: IP: 52.5.169.88. Number of nodes 70
EtherApe-INFO: 21:58:11.694: delete node: IP: 3.208.110.112. Number of nodes 69
EtherApe-INFO: 21:58:12.872: New node: IP: 99.83.252.222. Number of nodes 70
EtherApe-INFO: 21:58:13.080: New node: IP: 52.222.213.228. Number of nodes 71
EtherApe-INFO: 21:58:13.615: New node: IP: 52.46.196.65. Number of nodes 72
EtherApe-INFO: 21:58:13.752: delete node: IP: 216.58.208.195. Number of nodes 71
EtherApe-INFO: 21:58:13.752: delete node: IP: 192.178.25.173. Number of nodes 70
EtherApe-INFO: 21:58:14.109: New node: IP: 3.2.9.2. Number of nodes 71
EtherApe-INFO: 21:58:15.123: New node: IP: 18.66.98.108. Number of nodes 72
EtherApe-INFO: 21:58:15.801: delete node: IP: 216.58.209.22. Number of nodes 71
EtherApe-INFO: 21:58:15.801: delete node: IP: 142.250.186.193. Number of nodes 70
EtherApe-INFO: 21:58:16.691: New node: IP: 13.32.103.37. Number of nodes 71
EtherApe-INFO: 21:58:17.452: New node: IP: 52.55.19.92. Number of nodes 72
EtherApe-INFO: 21:58:18.089: delete node: IP: 54.73.239.34. Number of nodes 71
EtherApe-INFO: 21:58:23.602: New node: IP: 54.159.179.250. Number of nodes 72
EtherApe-INFO: 21:58:24.754: delete node: IP: 34.252.28.38. Number of nodes 71
EtherApe-INFO: 21:58:25.514: delete node: IP: 213.227.142.29. Number of nodes 70
EtherApe-INFO: 21:58:31.659: delete node: IP: 142.250.186.196. Number of nodes 69
EtherApe-INFO: 21:58:32.695: delete node: IP: 192.178.25.170. Number of nodes 68
EtherApe-INFO: 21:58:33.718: delete node: IP: 89.149.201.79. Number of nodes 67
EtherApe-INFO: 21:58:41.999: New node: IP: 151.101.2.49. Number of nodes 68
EtherApe-INFO: 21:58:43.792: New node: IP: 13.32.27.50. Number of nodes 69
EtherApe-INFO: 21:58:44.815: New node: IP: 104.17.182.52. Number of nodes 70
EtherApe-INFO: 21:58:46.591: New node: IP: 34.149.66.134. Number of nodes 71
EtherApe-INFO: 21:58:49.149: delete node: IP: 91.223.19.27. Number of nodes 70
EtherApe-INFO: 21:58:50.906: delete node: IP: 91.223.19.23. Number of nodes 69
EtherApe-INFO: 21:58:53.152: New node: IP: 192.178.25.173. Number of nodes 70
EtherApe-INFO: 21:58:54.469: delete node: IP: 142.250.186.195. Number of nodes 69
EtherApe-INFO: 21:58:56.226: New node: IP: 99.83.184.129. Number of nodes 70
EtherApe-INFO: 21:58:57.248: New node: IP: 54.239.55.55. Number of nodes 71
EtherApe-INFO: 21:58:58.018: New node: IP: 13.225.78.113. Number of nodes 72
EtherApe-INFO: 21:58:58.019: New node: IP: 18.66.112.111. Number of nodes 73
EtherApe-INFO: 21:58:58.401: New node: IP: 3.74.1.96. Number of nodes 74
EtherApe-INFO: 21:58:58.631: New node: IP: 13.225.78.64. Number of nodes 75
EtherApe-INFO: 21:58:58.896: New node: IP: 52.94.222.11. Number of nodes 76
EtherApe-INFO: 21:58:58.899: New node: IP: 18.185.9.175. Number of nodes 77
EtherApe-INFO: 21:58:59.144: New node: IP: 54.239.55.155. Number of nodes 78
EtherApe-INFO: 21:58:59.258: delete node: IP: 178.18.231.203. Number of nodes 77
EtherApe-INFO: 21:58:59.258: delete node: IP: 108.138.47.59. Number of nodes 76
EtherApe-INFO: 21:58:59.258: delete node: IP: 104.81.108.60. Number of nodes 75
EtherApe-INFO: 21:58:59.401: New node: IP: 3.77.248.189. Number of nodes 76
EtherApe-INFO: 21:58:59.655: New node: IP: 52.94.218.60. Number of nodes 77
EtherApe-INFO: 21:59:00.202: New node: IP: 108.138.24.121. Number of nodes 78
EtherApe-INFO: 21:59:00.212: New node: IP: 3.213.22.168. Number of nodes 79
EtherApe-INFO: 21:59:00.426: New node: IP: 52.28.64.239. Number of nodes 80
EtherApe-INFO: 21:59:00.427: New node: IP: 54.93.176.153. Number of nodes 81
EtherApe-INFO: 21:59:00.430: New node: IP: 52.94.225.155. Number of nodes 82
EtherApe-INFO: 21:59:00.431: New node: IP: 3.225.111.50. Number of nodes 83
EtherApe-INFO: 21:59:00.431: New node: IP: 52.59.71.67. Number of nodes 84
EtherApe-INFO: 21:59:00.431: New node: IP: 44.198.90.211. Number of nodes 85
EtherApe-INFO: 21:59:00.432: New node: IP: 3.68.5.191. Number of nodes 86
EtherApe-INFO: 21:59:00.432: New node: IP: 18.196.187.65. Number of nodes 87
EtherApe-INFO: 21:59:00.437: New node: IP: 54.239.32.176. Number of nodes 88
EtherApe-INFO: 21:59:01.451: New node: IP: 18.244.102.87. Number of nodes 89
EtherApe-INFO: 21:59:01.703: New node: IP: 3.66.183.99. Number of nodes 90
EtherApe-INFO: 21:59:04.344: delete node: IP: 142.250.75.3. Number of nodes 89
EtherApe-INFO: 21:59:04.838: delete node: IP: 95.216.195.133. Number of nodes 88
EtherApe-INFO: 21:59:05.538: New node: IP: 52.59.98.213. Number of nodes 89
EtherApe-INFO: 21:59:05.596: delete node: IP: 62.140.236.170. Number of nodes 88
EtherApe-INFO: 21:59:05.848: delete node: IP: 62.140.236.171. Number of nodes 87
EtherApe-INFO: 21:59:10.442: delete node: IP: 34.117.65.55. Number of nodes 86
EtherApe-INFO: 21:59:14.030: delete node: IP: 78.154.186.178. Number of nodes 85
EtherApe-INFO: 21:59:20.383: New node: IP: 149.154.167.216. Number of nodes 86
EtherApe-INFO: 21:59:54.687: New node: IP: 146.75.116.193. Number of nodes 87
EtherApe-INFO: 22:00:01.088: New node: IP: 13.32.27.77. Number of nodes 88
EtherApe-INFO: 22:00:09.809: delete node: IP: 192.229.221.95. Number of nodes 87
EtherApe-INFO: 22:00:22.141: delete node: IP: 172.217.16.14. Number of nodes 86
EtherApe-INFO: 22:00:23.722: delete node: IP: 54.159.179.250. Number of nodes 85
EtherApe-INFO: 22:00:23.941: delete node: IP: 18.66.224.52. Number of nodes 84
EtherApe-INFO: 22:00:25.663: New node: IP: 146.75.120.193. Number of nodes 85
EtherApe-INFO: 22:00:46.911: New node: IP: 142.250.186.193. Number of nodes 86
EtherApe-INFO: 22:00:46.943: delete node: IP: 34.149.66.134. Number of nodes 85
EtherApe-INFO: 22:00:47.170: New node: IP: 216.58.215.106. Number of nodes 86
EtherApe-INFO: 22:00:47.172: New node: IP: 74.125.173.135. Number of nodes 87
EtherApe-INFO: 22:00:47.424: New node: IP: 173.194.187.166. Number of nodes 88
EtherApe-INFO: 22:00:48.030: delete node: IP: 108.138.44.49. Number of nodes 87
EtherApe-INFO: 22:00:59.509: delete node: IP: 142.250.186.206. Number of nodes 86
EtherApe-INFO: 22:01:00.738: New node: IP: 142.250.203.202. Number of nodes 87
EtherApe-INFO: 22:01:02.791: New node: IP: 108.138.44.49. Number of nodes 88
EtherApe-INFO: 22:01:03.384: delete node: IP: 152.199.19.161. Number of nodes 87
EtherApe-INFO: 22:01:05.357: New node: IP: 192.178.25.170. Number of nodes 88
EtherApe-INFO: 22:01:05.365: delete node: IP: 52.94.222.11. Number of nodes 87
EtherApe-INFO: 22:01:05.608: New node: IP: 142.250.203.138. Number of nodes 88
EtherApe-INFO: 22:01:08.062: delete node: IP: 52.94.218.60. Number of nodes 87
EtherApe-INFO: 22:01:15.223: delete node: IP: 52.46.196.65. Number of nodes 86
EtherApe-INFO: 22:01:20.760: delete node: IP: 216.58.215.67. Number of nodes 85
EtherApe-INFO: 22:01:20.761: delete node: IP: 54.239.55.155. Number of nodes 84
EtherApe-INFO: 22:01:23.315: New node: IP: 142.250.186.206. Number of nodes 85
EtherApe-INFO: 22:01:25.873: New node: IP: 193.193.193.93. Number of nodes 86
EtherApe-INFO: 22:01:25.874: New node: IP: 34.107.221.82. Number of nodes 87
EtherApe-INFO: 22:01:28.433: New node: IP: 91.198.174.192. Number of nodes 88
EtherApe-INFO: 22:01:29.199: New node: IP: 192.168.0.1. Number of nodes 89
EtherApe-INFO: 22:01:29.200: New node: IP: 91.198.174.208. Number of nodes 90
EtherApe-INFO: 22:01:34.402: delete node: IP: 52.94.225.155. Number of nodes 89
EtherApe-INFO: 22:01:39.184: New node: IP: 3.208.110.112. Number of nodes 90
EtherApe-INFO: 22:01:39.952: New node: IP: 3.220.11.96. Number of nodes 91
EtherApe-INFO: 22:01:42.000: New node: IP: 172.217.16.35. Number of nodes 92
EtherApe-INFO: 22:01:43.538: New node: IP: 172.67.198.72. Number of nodes 93
EtherApe-INFO: 22:01:43.538: New node: IP: 104.21.21.110. Number of nodes 94
EtherApe-INFO: 22:01:51.728: New node: IP: 142.250.186.209. Number of nodes 95
EtherApe-INFO: 22:01:51.986: New node: IP: 104.17.33.105. Number of nodes 96
EtherApe-INFO: 22:01:51.993: New node: IP: 104.18.21.226. Number of nodes 97
EtherApe-INFO: 22:01:53.309: New node: IP: 104.18.7.57. Number of nodes 98
EtherApe-INFO: 22:01:53.784: New node: IP: 18.66.233.79. Number of nodes 99
EtherApe-INFO: 22:01:55.145: delete node: IP: 3.2.9.2. Number of nodes 98
EtherApe-INFO: 22:01:55.876: delete node: IP: 172.217.16.36. Number of nodes 97
EtherApe-INFO: 22:01:55.876: delete node: IP: 142.250.150.154. Number of nodes 96
EtherApe-INFO: 22:01:55.876: delete node: IP: 108.138.51.74. Number of nodes 95
EtherApe-INFO: 22:01:57.768: delete node: IP: 140.82.114.21. Number of nodes 94
EtherApe-INFO: 22:02:00.456: delete node: IP: 140.82.121.6. Number of nodes 93
EtherApe-INFO: 22:02:01.046: delete node: IP: 54.239.32.176. Number of nodes 92
EtherApe-INFO: 22:02:02.062: delete node: IP: 52.28.64.239. Number of nodes 91
EtherApe-INFO: 22:02:02.509: delete node: IP: 142.250.203.136. Number of nodes 90
EtherApe-INFO: 22:02:03.280: delete node: IP: 142.250.203.142. Number of nodes 89
EtherApe-INFO: 22:02:03.280: delete node: IP: 140.82.121.3. Number of nodes 88
EtherApe-INFO: 22:02:04.274: New node: IP: 95.216.195.133. Number of nodes 89
EtherApe-INFO: 22:02:06.362: delete node: IP: 54.239.55.55. Number of nodes 88
EtherApe-INFO: 22:02:10.417: New node: IP: 34.117.65.55. Number of nodes 89
EtherApe-INFO: 22:02:12.054: delete node: IP: 18.244.102.121. Number of nodes 88
EtherApe-INFO: 22:02:28.592: New node: IP: 142.250.203.142. Number of nodes 89
EtherApe-INFO: 22:02:28.593: New node: IP: 192.178.25.174. Number of nodes 90
EtherApe-INFO: 22:02:28.682: delete node: IP: 146.75.120.193. Number of nodes 89
EtherApe-INFO: 22:02:29.336: New node: IP: 142.250.75.2. Number of nodes 90
EtherApe-INFO: 22:02:29.337: New node: IP: 142.250.186.194. Number of nodes 91
EtherApe-INFO: 22:02:37.595: delete node: IP: 146.75.116.193. Number of nodes 90
EtherApe-INFO: 22:02:38.041: New node: IP: 151.101.1.91. Number of nodes 91
EtherApe-INFO: 22:02:38.041: New node: IP: 104.18.12.33. Number of nodes 92
EtherApe-INFO: 22:02:38.551: New node: IP: 104.18.13.33. Number of nodes 93
EtherApe-INFO: 22:02:47.817: delete node: IP: 74.125.173.135. Number of nodes 92
EtherApe-INFO: 22:02:48.368: delete node: IP: 173.194.187.166. Number of nodes 91
EtherApe-INFO: 22:02:48.813: delete node: IP: 185.199.111.154. Number of nodes 90
EtherApe-INFO: 22:02:51.168: delete node: IP: 216.58.209.1. Number of nodes 89
EtherApe-INFO: 22:02:51.168: delete node: IP: 172.217.16.1. Number of nodes 88
EtherApe-INFO: 22:02:51.168: delete node: IP: 142.250.203.193. Number of nodes 87
EtherApe-INFO: 22:02:53.753: delete node: IP: 185.199.109.133. Number of nodes 86
EtherApe-INFO: 22:03:01.906: delete node: IP: 108.138.24.121. Number of nodes 85
EtherApe-INFO: 22:03:01.906: delete node: IP: 52.222.213.228. Number of nodes 84
EtherApe-INFO: 22:03:02.969: delete node: IP: 108.138.44.49. Number of nodes 83
EtherApe-INFO: 22:03:06.500: delete node: IP: 18.66.98.108. Number of nodes 82
EtherApe-INFO: 22:03:09.052: delete node: IP: 52.55.19.92. Number of nodes 81
EtherApe-INFO: 22:03:12.855: New node: IP: 146.75.120.193. Number of nodes 82
EtherApe-INFO: 22:03:24.119: New node: IP: 146.75.116.193. Number of nodes 83
EtherApe-INFO: 22:03:26.650: delete node: IP: 193.193.193.93. Number of nodes 82
EtherApe-INFO: 22:03:32.628: delete node: IP: 151.101.2.49. Number of nodes 81
EtherApe-INFO: 22:03:34.419: delete node: IP: 13.32.27.50. Number of nodes 80
EtherApe-INFO: 22:03:36.468: delete node: IP: 104.17.182.52. Number of nodes 79
EtherApe-INFO: 22:03:43.799: New node: IP: 18.244.108.46. Number of nodes 80
EtherApe-INFO: 22:03:43.799: New node: IP: 108.138.44.49. Number of nodes 81
EtherApe-INFO: 22:03:43.800: New node: IP: 18.66.224.56. Number of nodes 82
EtherApe-INFO: 22:03:44.341: delete node: IP: 172.67.198.72. Number of nodes 81
EtherApe-INFO: 22:03:46.616: New node: IP: 34.149.66.134. Number of nodes 82
EtherApe-INFO: 22:03:48.495: delete node: IP: 18.66.112.111. Number of nodes 81
EtherApe-INFO: 22:03:49.454: delete node: IP: 13.225.78.64. Number of nodes 80
EtherApe-INFO: 22:03:50.528: delete node: IP: 99.83.252.222. Number of nodes 79
EtherApe-INFO: 22:03:51.490: delete node: IP: 54.93.176.153. Number of nodes 78
EtherApe-INFO: 22:03:51.491: delete node: IP: 52.59.71.67. Number of nodes 77
EtherApe-INFO: 22:03:51.491: delete node: IP: 44.198.90.211. Number of nodes 76
EtherApe-INFO: 22:03:51.491: delete node: IP: 18.196.187.65. Number of nodes 75
EtherApe-INFO: 22:03:51.491: delete node: IP: 3.225.111.50. Number of nodes 74
EtherApe-INFO: 22:03:51.491: delete node: IP: 3.213.22.168. Number of nodes 73
EtherApe-INFO: 22:03:52.575: delete node: IP: 216.58.215.106. Number of nodes 72
EtherApe-INFO: 22:03:52.575: delete node: IP: 13.32.103.37. Number of nodes 71
EtherApe-INFO: 22:03:52.575: delete node: IP: 3.74.1.96. Number of nodes 70
EtherApe-INFO: 22:03:52.575: delete node: IP: 3.68.5.191. Number of nodes 69
EtherApe-INFO: 22:03:53.537: delete node: IP: 18.244.102.87. Number of nodes 68
EtherApe-INFO: 22:03:53.537: delete node: IP: 13.225.78.113. Number of nodes 67
EtherApe-INFO: 22:03:53.537: delete node: IP: 3.66.183.99. Number of nodes 66
EtherApe-INFO: 22:03:56.648: delete node: IP: 52.59.98.213. Number of nodes 65
EtherApe-INFO: 22:03:56.648: delete node: IP: 13.32.27.77. Number of nodes 64
EtherApe-INFO: 22:03:56.648: delete node: IP: 3.77.248.189. Number of nodes 63
EtherApe-INFO: 22:04:02.489: New node: IP: 52.94.216.116. Number of nodes 64
EtherApe-INFO: 22:04:02.531: delete node: IP: 99.83.184.129. Number of nodes 63
EtherApe-INFO: 22:04:03.256: New node: IP: 75.2.108.140. Number of nodes 64
EtherApe-INFO: 22:04:03.512: New node: IP: 3.126.167.179. Number of nodes 65
EtherApe-INFO: 22:04:05.101: delete node: IP: 95.216.195.133. Number of nodes 64
EtherApe-INFO: 22:04:11.303: delete node: IP: 34.117.65.55. Number of nodes 63
EtherApe-INFO: 22:04:28.907: delete node: IP: 192.178.25.174. Number of nodes 62
EtherApe-INFO: 22:04:29.120: delete node: IP: 142.250.203.142. Number of nodes 61
EtherApe-INFO: 22:04:29.442: delete node: IP: 142.250.186.194. Number of nodes 60
EtherApe-INFO: 22:04:29.442: delete node: IP: 142.250.75.2. Number of nodes 59
EtherApe-INFO: 22:04:33.802: delete node: IP: 192.178.25.163. Number of nodes 58
EtherApe-INFO: 22:04:34.233: delete node: IP: 104.17.244.73. Number of nodes 57
EtherApe-INFO: 22:04:43.257: delete node: IP: 104.16.57.101. Number of nodes 56
EtherApe-INFO: 22:04:43.466: delete node: IP: 104.18.36.10. Number of nodes 55
EtherApe-INFO: 22:04:47.544: New node: IP: 216.58.215.65. Number of nodes 56
EtherApe-INFO: 22:04:49.849: New node: IP: 216.58.208.206. Number of nodes 57
EtherApe-INFO: 22:05:38.121: delete node: IP: 18.185.9.175. Number of nodes 56
EtherApe-INFO: 22:05:45.005: delete node: IP: 108.138.44.49. Number of nodes 55
EtherApe-INFO: 22:05:45.005: delete node: IP: 18.244.108.46. Number of nodes 54
EtherApe-INFO: 22:05:45.005: delete node: IP: 18.66.224.56. Number of nodes 53
EtherApe-INFO: 22:05:47.324: delete node: IP: 34.149.66.134. Number of nodes 52
EtherApe-INFO: 22:05:48.382: delete node: IP: 104.18.21.226. Number of nodes 51
EtherApe-INFO: 22:05:58.808: New node: IP: 18.66.224.56. Number of nodes 52
EtherApe-INFO: 22:05:58.888: delete node: IP: 91.198.174.208. Number of nodes 51
EtherApe-INFO: 22:05:59.576: New node: IP: 99.83.181.31. Number of nodes 52
EtherApe-INFO: 22:06:07.768: New node: IP: 34.120.208.123. Number of nodes 53
EtherApe-INFO: 22:06:08.549: New node: IP: 192.178.25.163. Number of nodes 54
EtherApe-INFO: 22:06:08.794: New node: IP: 192.178.25.177. Number of nodes 55
EtherApe-INFO: 22:06:10.120: delete node: IP: 142.250.186.193. Number of nodes 54
EtherApe-INFO: 22:06:10.120: delete node: IP: 52.94.216.116. Number of nodes 53
EtherApe-INFO: 22:06:11.937: delete node: IP: 146.75.116.193. Number of nodes 52
EtherApe-INFO: 22:06:18.351: delete node: IP: 62.140.236.163. Number of nodes 51
EtherApe-INFO: 22:06:18.351: delete node: IP: 62.140.236.138. Number of nodes 50
EtherApe-INFO: 22:06:30.347: delete node: IP: 3.208.110.112. Number of nodes 49
EtherApe-INFO: 22:06:31.395: delete node: IP: 3.220.11.96. Number of nodes 48
EtherApe-INFO: 22:06:35.492: delete node: IP: 104.21.21.110. Number of nodes 47
EtherApe-INFO: 22:06:36.224: delete node: IP: 146.75.120.193. Number of nodes 46
EtherApe-INFO: 22:06:40.535: New node: IP: 34.252.28.38. Number of nodes 47
EtherApe-INFO: 22:06:42.416: delete node: IP: 142.250.186.209. Number of nodes 46
EtherApe-INFO: 22:06:45.155: delete node: IP: 104.18.7.57. Number of nodes 45
EtherApe-INFO: 22:06:45.155: delete node: IP: 18.66.233.79. Number of nodes 44
EtherApe-INFO: 22:06:46.424: New node: IP: 52.212.99.156. Number of nodes 45
EtherApe-INFO: 22:06:46.521: delete node: IP: 104.17.33.105. Number of nodes 44
EtherApe-INFO: 22:06:46.521: delete node: IP: 62.140.236.147. Number of nodes 43
EtherApe-INFO: 22:06:52.316: delete node: IP: 192.178.25.170. Number of nodes 42
EtherApe-INFO: 22:06:58.200: New node: IP: 104.17.33.105. Number of nodes 43
EtherApe-INFO: 22:06:58.297: delete node: IP: 104.103.90.29. Number of nodes 42
EtherApe-INFO: 22:06:58.297: delete node: IP: 62.140.236.160. Number of nodes 41
EtherApe-INFO: 22:06:58.972: New node: IP: 104.18.7.57. Number of nodes 42
EtherApe-INFO: 22:06:59.227: New node: IP: 18.66.233.77. Number of nodes 43
EtherApe-INFO: 22:07:01.117: delete node: IP: 192.168.0.1. Number of nodes 42
EtherApe-INFO: 22:07:02.382: delete node: IP: 23.200.161.66. Number of nodes 41
EtherApe-INFO: 22:07:04.344: New node: IP: 95.216.195.133. Number of nodes 42
EtherApe-INFO: 22:07:10.743: New node: IP: 34.117.65.55. Number of nodes 43
EtherApe-INFO: 22:07:24.570: delete node: IP: 142.250.186.206. Number of nodes 42
EtherApe-INFO: 22:07:29.278: delete node: IP: 151.101.1.91. Number of nodes 41
EtherApe-INFO: 22:07:29.279: delete node: IP: 142.250.203.138. Number of nodes 40
EtherApe-INFO: 22:07:30.220: delete node: IP: 104.18.12.33. Number of nodes 39
EtherApe-INFO: 22:07:41.208: New node: IP: 104.18.12.33. Number of nodes 40
EtherApe-INFO: 22:07:45.050: New node: IP: 13.225.78.113. Number of nodes 41
EtherApe-INFO: 22:07:45.560: New node: IP: 99.83.184.129. Number of nodes 42
EtherApe-INFO: 22:07:46.075: New node: IP: 54.239.55.167. Number of nodes 43
EtherApe-INFO: 22:07:47.608: New node: IP: 99.83.252.222. Number of nodes 44
EtherApe-INFO: 22:07:47.866: New node: IP: 3.3.8.1. Number of nodes 45
EtherApe-INFO: 22:07:48.123: New node: IP: 13.32.24.239. Number of nodes 46
EtherApe-INFO: 22:07:48.888: New node: IP: 3.2.8.2. Number of nodes 47
EtherApe-INFO: 22:07:50.350: New node: IP: 108.138.50.224. Number of nodes 48
EtherApe-INFO: 22:07:50.352: New node: IP: 143.204.214.218. Number of nodes 49
EtherApe-INFO: 22:07:50.353: New node: IP: 13.32.11.177. Number of nodes 50
EtherApe-INFO: 22:07:50.356: New node: IP: 18.66.121.184. Number of nodes 51
EtherApe-INFO: 22:07:50.434: New node: IP: 18.198.247.216. Number of nodes 52
EtherApe-INFO: 22:07:51.066: New node: IP: 3.222.197.254. Number of nodes 53
EtherApe-INFO: 22:07:52.845: New node: IP: 52.28.252.65. Number of nodes 54
EtherApe-INFO: 22:07:54.624: New node: IP: 18.244.96.61. Number of nodes 55
EtherApe-INFO: 22:07:59.009: delete node: IP: 18.66.224.56. Number of nodes 54
EtherApe-INFO: 22:08:14.421: delete node: IP: 216.58.209.16. Number of nodes 53
EtherApe-INFO: 22:08:18.737: delete node: IP: 149.154.167.216. Number of nodes 52
EtherApe-INFO: 22:08:19.199: New node: IP: 142.250.203.138. Number of nodes 53
EtherApe-INFO: 22:08:19.200: New node: IP: 216.58.215.66. Number of nodes 54
EtherApe-INFO: 22:08:19.218: New node: IP: 216.58.215.98. Number of nodes 55
EtherApe-INFO: 22:08:22.784: New node: IP: 216.58.209.14. Number of nodes 56
EtherApe-INFO: 22:08:35.160: delete node: IP: 34.107.221.82. Number of nodes 55
EtherApe-INFO: 22:08:40.761: delete node: IP: 34.252.28.38. Number of nodes 54
EtherApe-INFO: 22:08:44.032: New node: IP: 18.244.108.46. Number of nodes 55
EtherApe-INFO: 22:08:44.032: New node: IP: 18.66.224.46. Number of nodes 56
EtherApe-INFO: 22:08:44.032: New node: IP: 108.138.44.63. Number of nodes 57
EtherApe-INFO: 22:08:46.860: delete node: IP: 52.212.99.156. Number of nodes 56
EtherApe-INFO: 22:08:55.039: New node: IP: 13.32.27.77. Number of nodes 57
EtherApe-INFO: 22:08:59.452: delete node: IP: 18.66.233.77. Number of nodes 56
EtherApe-INFO: 22:09:05.067: delete node: IP: 95.216.195.133. Number of nodes 55
EtherApe-INFO: 22:09:10.400: New node: IP: 142.250.203.142. Number of nodes 56
EtherApe-INFO: 22:09:11.223: delete node: IP: 34.117.65.55. Number of nodes 55
EtherApe-INFO: 22:09:13.984: New node: IP: 149.154.167.216. Number of nodes 56
EtherApe-INFO: 22:09:18.079: New node: IP: 18.244.108.54. Number of nodes 57
EtherApe-INFO: 22:09:20.639: New node: IP: 23.200.161.66. Number of nodes 58
EtherApe-INFO: 22:09:20.895: New node: IP: 104.81.130.161. Number of nodes 59
EtherApe-INFO: 22:09:22.077: New node: IP: 91.223.19.23. Number of nodes 60
EtherApe-INFO: 22:09:22.077: New node: IP: 91.223.19.27. Number of nodes 61
EtherApe-INFO: 22:09:28.769: New node: IP: 104.18.36.10. Number of nodes 62
EtherApe-INFO: 22:09:29.862: New node: IP: 127.0.0.1. Number of nodes 63
EtherApe-INFO: 22:09:34.168: New node: IP: 64.185.227.155. Number of nodes 64
EtherApe-INFO: 22:09:36.106: New node: IP: 75.2.116.105. Number of nodes 65
EtherApe-INFO: 22:09:36.239: New node: IP: 8.8.4.4. Number of nodes 66
EtherApe-INFO: 22:09:36.910: New node: IP: 15.197.213.252. Number of nodes 67
EtherApe-INFO: 22:09:37.648: New node: IP: 172.65.201.188. Number of nodes 68
EtherApe-INFO: 22:09:40.808: delete node: IP: 104.18.13.33. Number of nodes 67
EtherApe-INFO: 22:09:45.841: New node: IP: 18.244.102.63. Number of nodes 68
EtherApe-INFO: 22:10:01.969: New node: IP: 34.236.66.47. Number of nodes 69
EtherApe-INFO: 22:10:05.297: New node: IP: 3.33.235.18. Number of nodes 70
EtherApe-INFO: 22:10:05.808: New node: IP: 35.188.42.15. Number of nodes 71
EtherApe-INFO: 22:10:06.645: delete node: IP: 54.239.55.167. Number of nodes 70
EtherApe-INFO: 22:10:07.602: New node: IP: 18.244.102.3. Number of nodes 71
EtherApe-INFO: 22:10:07.862: New node: IP: 76.223.92.61. Number of nodes 72
EtherApe-INFO: 22:10:09.404: New node: IP: 62.140.236.160. Number of nodes 73
EtherApe-INFO: 22:10:11.696: New node: IP: 62.140.236.171. Number of nodes 74
EtherApe-INFO: 22:10:18.427: delete node: IP: 172.217.16.35. Number of nodes 73
EtherApe-INFO: 22:10:19.706: delete node: IP: 142.250.203.138. Number of nodes 72
EtherApe-INFO: 22:10:31.263: delete node: IP: 91.198.174.192. Number of nodes 71
EtherApe-INFO: 22:10:32.463: New node: IP: 44.193.38.23. Number of nodes 72
EtherApe-INFO: 22:10:44.002: delete node: IP: 108.138.44.63. Number of nodes 71
EtherApe-INFO: 22:10:44.002: delete node: IP: 18.244.108.61. Number of nodes 70
EtherApe-INFO: 22:10:44.002: delete node: IP: 18.244.108.46. Number of nodes 69
EtherApe-INFO: 22:10:44.239: delete node: IP: 18.66.224.46. Number of nodes 68
EtherApe-INFO: 22:10:59.088: New node: IP: 18.66.224.46. Number of nodes 69
EtherApe-INFO: 22:10:59.105: delete node: IP: 192.178.25.177. Number of nodes 68
EtherApe-INFO: 22:11:29.569: delete node: IP: 149.154.167.216. Number of nodes 67
EtherApe-INFO: 22:11:36.240: delete node: IP: 64.185.227.155. Number of nodes 66
EtherApe-INFO: 22:11:41.344: delete node: IP: 8.8.4.4. Number of nodes 65
EtherApe-INFO: 22:11:43.668: delete node: IP: 13.32.24.239. Number of nodes 64
EtherApe-INFO: 22:11:46.188: delete node: IP: 104.18.36.10. Number of nodes 63
(etherape:4720): Gdk-DEBUG: 22:12:46.419: etherape: Fatal IO error 11 (Resource temporarily unavailable) on X server :0.

