(etherape:25062): GLib-GIO-DEBUG: 19:20:40.209: _g_io_module_get_default: Found default implementation local (GLocalVfs) for ‘gio-vfs’
(etherape:25062): GLib-GIO-DEBUG: 19:20:40.288: Using cross-namespace EXTERNAL authentication (this will deadlock if server is GDBus < 2.73.3)
EtherApe-INFO: 19:20:40.346: sctp protocol not supported
EtherApe-INFO: 19:20:40.346: dccp protocol not supported
EtherApe-INFO: 19:20:40.346: sctp protocol not supported
EtherApe-INFO: 19:20:40.347: sctp protocol not supported
EtherApe-INFO: 19:20:40.347: sctp protocol not supported
EtherApe-INFO: 19:20:40.347: sctp protocol not supported
EtherApe-INFO: 19:20:40.347: sctp protocol not supported
EtherApe-INFO: 19:20:40.347: sctp protocol not supported
EtherApe-INFO: 19:20:40.347: sctp protocol not supported
EtherApe-INFO: 19:20:40.347: dccp protocol not supported
EtherApe-INFO: 19:20:40.347: sctp protocol not supported
EtherApe-INFO: 19:20:40.347: dccp protocol not supported
EtherApe-INFO: 19:20:40.348: dccp protocol not supported
EtherApe-INFO: 19:20:40.348: sctp protocol not supported
EtherApe-INFO: 19:20:40.348: sctp protocol not supported
EtherApe-INFO: 19:20:40.348: sctp protocol not supported
EtherApe-INFO: 19:20:40.349: sctp protocol not supported
EtherApe-INFO: 19:20:40.349: sctp protocol not supported
EtherApe-INFO: 19:20:40.350: sctp protocol not supported
EtherApe-INFO: 19:20:40.350: sctp protocol not supported
EtherApe-INFO: 19:20:40.350: sctp protocol not supported
EtherApe-INFO: 19:20:40.350: sctp protocol not supported
EtherApe-INFO: 19:20:40.350: sctp protocol not supported
EtherApe-INFO: 19:20:40.351: sctp protocol not supported
EtherApe-INFO: 19:20:40.351: sctp protocol not supported
EtherApe-INFO: 19:20:40.351: sctp protocol not supported
EtherApe-INFO: 19:20:40.351: sctp protocol not supported
EtherApe-INFO: 19:20:40.352: sctp protocol not supported
EtherApe-INFO: 19:20:40.352: dccp protocol not supported
EtherApe-INFO: 19:20:40.352: sctp protocol not supported
EtherApe-INFO: 19:20:40.352: sctp protocol not supported
EtherApe-INFO: 19:20:40.352: dccp protocol not supported
EtherApe-INFO: 19:20:40.352: sctp protocol not supported
EtherApe-INFO: 19:20:40.352: sctp protocol not supported
EtherApe-INFO: 19:20:40.352: sctp protocol not supported
EtherApe-INFO: 19:20:40.352: dccp protocol not supported
EtherApe-INFO: 19:20:40.352: dccp protocol not supported
EtherApe-INFO: 19:20:40.352: sctp protocol not supported
EtherApe-INFO: 19:20:40.352: sctp protocol not supported
EtherApe-INFO: 19:20:40.352: sctp protocol not supported
EtherApe-INFO: 19:20:40.353: sctp protocol not supported
EtherApe-INFO: 19:20:40.353: sctp protocol not supported
EtherApe-INFO: 19:20:40.353: sctp protocol not supported
EtherApe-INFO: 19:20:40.353: sctp protocol not supported
EtherApe-INFO: 19:20:40.353: sctp protocol not supported
EtherApe-INFO: 19:20:40.353: sctp protocol not supported
EtherApe-INFO: 19:20:40.353: sctp protocol not supported
EtherApe-INFO: 19:20:40.353: sctp protocol not supported
EtherApe-INFO: 19:20:40.353: sctp protocol not supported
EtherApe-INFO: 19:20:40.353: sctp protocol not supported
EtherApe-INFO: 19:20:40.353: sctp protocol not supported
EtherApe-INFO: 19:20:40.353: sctp protocol not supported
EtherApe-INFO: 19:20:40.353: sctp protocol not supported
EtherApe-INFO: 19:20:40.353: sctp protocol not supported
EtherApe-INFO: 19:20:40.353: sctp protocol not supported
EtherApe-INFO: 19:20:40.353: sctp protocol not supported
EtherApe-INFO: 19:20:40.353: sctp protocol not supported
EtherApe-INFO: 19:20:40.354: dccp protocol not supported
EtherApe-INFO: 19:20:40.354: sctp protocol not supported
EtherApe-INFO: 19:20:40.354: sctp protocol not supported
EtherApe-INFO: 19:20:40.354: sctp protocol not supported
EtherApe-INFO: 19:20:40.354: sctp protocol not supported
EtherApe-INFO: 19:20:40.354: sctp protocol not supported
EtherApe-INFO: 19:20:40.354: sctp protocol not supported
EtherApe-INFO: 19:20:40.354: sctp protocol not supported
EtherApe-INFO: 19:20:40.354: sctp protocol not supported
EtherApe-INFO: 19:20:40.354: sctp protocol not supported
EtherApe-INFO: 19:20:40.354: sctp protocol not supported
EtherApe-INFO: 19:20:40.355: sctp protocol not supported
EtherApe-INFO: 19:20:40.355: sctp protocol not supported
EtherApe-INFO: 19:20:40.355: sctp protocol not supported
EtherApe-INFO: 19:20:40.355: sctp protocol not supported
EtherApe-INFO: 19:20:40.355: sctp protocol not supported
EtherApe-INFO: 19:20:40.355: sctp protocol not supported
EtherApe-INFO: 19:20:40.355: sctp protocol not supported
EtherApe-INFO: 19:20:40.355: sctp protocol not supported
EtherApe-INFO: 19:20:40.355: sctp protocol not supported
EtherApe-INFO: 19:20:40.355: sctp protocol not supported
EtherApe-INFO: 19:20:40.355: sctp protocol not supported
EtherApe-INFO: 19:20:40.355: sctp protocol not supported
EtherApe-INFO: 19:20:40.355: sctp protocol not supported
EtherApe-INFO: 19:20:40.355: sctp protocol not supported
EtherApe-INFO: 19:20:40.355: sctp protocol not supported
EtherApe-INFO: 19:20:40.355: sctp protocol not supported
EtherApe-INFO: 19:20:40.355: sctp protocol not supported
EtherApe-INFO: 19:20:40.355: sctp protocol not supported
EtherApe-INFO: 19:20:40.355: sctp protocol not supported
EtherApe-INFO: 19:20:40.355: sctp protocol not supported
EtherApe-INFO: 19:20:40.355: sctp protocol not supported
EtherApe-INFO: 19:20:40.356: sctp protocol not supported
EtherApe-INFO: 19:20:40.356: sctp protocol not supported
EtherApe-INFO: 19:20:40.356: sctp protocol not supported
EtherApe-INFO: 19:20:40.356: sctp protocol not supported
EtherApe-INFO: 19:20:40.356: sctp protocol not supported
EtherApe-INFO: 19:20:40.364: get_interface result: ''
EtherApe-INFO: 19:20:40.365: Available interfaces for capture: dbus-session dbus-system nfqueue nflog bluetooth-monitor bluetooth0 lo any wlp2s0
EtherApe-INFO: 19:20:40.365: Link type is LINUX_SLL
EtherApe-INFO: 19:20:40.366: Diagram started
EtherApe-INFO: 19:20:40.621: New node: IP: 89.187.191.12. Number of nodes 1
EtherApe-INFO: 19:20:40.621: New node: IP: 192.168.1.250. Number of nodes 2
EtherApe-INFO: 19:20:40.622: New node: IP: 94.46.195.147. Number of nodes 3
EtherApe-INFO: 19:20:41.134: New node: IP: 149.154.167.41. Number of nodes 4
EtherApe-INFO: 19:20:42.158: New node: IP: 8.8.8.8. Number of nodes 5
EtherApe-INFO: 19:20:44.463: New node: IP: 44.239.182.108. Number of nodes 6
EtherApe-INFO: 19:20:44.464: New node: IP: 44.238.39.101. Number of nodes 7
EtherApe-INFO: 19:20:45.744: New node: IP: 1.1.1.1. Number of nodes 8
EtherApe-INFO: 19:20:45.998: New node: IP: 34.102.187.140. Number of nodes 9
EtherApe-INFO: 19:20:45.998: New node: IP: 34.120.208.123. Number of nodes 10
EtherApe-INFO: 19:20:45.998: New node: IP: 34.160.144.191. Number of nodes 11
EtherApe-INFO: 19:20:49.841: New node: IP: 34.107.141.31. Number of nodes 12
EtherApe-INFO: 19:20:50.865: New node: IP: 104.17.50.74. Number of nodes 13
EtherApe-INFO: 19:20:53.682: New node: IP: 95.216.195.133. Number of nodes 14
EtherApe-INFO: 19:20:55.215: New node: IP: 149.154.167.50. Number of nodes 15
EtherApe-INFO: 19:21:03.661: New node: IP: 3.127.160.74. Number of nodes 16
EtherApe-INFO: 19:21:25.677: New node: IP: 3.122.47.55. Number of nodes 17
EtherApe-INFO: 19:22:20.462: New node: IP: 95.216.144.15. Number of nodes 18
EtherApe-INFO: 19:22:22.765: New node: IP: 192.168.1.1. Number of nodes 19
EtherApe-INFO: 19:22:46.333: delete node: IP: 1.1.1.1. Number of nodes 18
EtherApe-INFO: 19:22:54.279: delete node: IP: 95.216.195.133. Number of nodes 17
EtherApe-INFO: 19:22:54.279: delete node: IP: 44.239.182.108. Number of nodes 16
EtherApe-INFO: 19:22:54.279: delete node: IP: 44.238.39.101. Number of nodes 15
EtherApe-INFO: 19:23:21.901: New node: IP: 194.54.80.29. Number of nodes 16
EtherApe-INFO: 19:23:26.253: New node: IP: 149.154.167.216. Number of nodes 17
EtherApe-INFO: 19:24:15.218: delete node: IP: 89.187.191.12. Number of nodes 16
EtherApe-INFO: 19:24:21.079: delete node: IP: 95.216.144.15. Number of nodes 15
EtherApe-INFO: 19:24:25.190: delete node: IP: 192.168.1.1. Number of nodes 14
EtherApe-INFO: 19:24:37.220: delete node: IP: 34.160.144.191. Number of nodes 13
EtherApe-INFO: 19:24:38.453: delete node: IP: 34.120.208.123. Number of nodes 12
EtherApe-INFO: 19:24:38.453: delete node: IP: 34.102.187.140. Number of nodes 11
EtherApe-INFO: 19:24:42.563: delete node: IP: 104.17.50.74. Number of nodes 10
EtherApe-INFO: 19:24:42.563: delete node: IP: 34.107.141.31. Number of nodes 9
EtherApe-INFO: 19:25:23.532: delete node: IP: 194.54.80.29. Number of nodes 8
EtherApe-INFO: 19:25:53.709: New node: IP: 95.216.195.133. Number of nodes 9
EtherApe-INFO: 19:27:22.541: New node: IP: 192.168.1.1. Number of nodes 10
EtherApe-INFO: 19:27:36.365: New node: IP: 149.154.167.92. Number of nodes 11
EtherApe-INFO: 19:27:54.342: delete node: IP: 95.216.195.133. Number of nodes 10
EtherApe-INFO: 19:28:53.174: New node: IP: 149.154.167.255. Number of nodes 11
EtherApe-INFO: 19:29:22.159: New node: IP: 149.154.175.57. Number of nodes 12
EtherApe-INFO: 19:29:22.159: New node: IP: 149.154.175.54. Number of nodes 13
EtherApe-INFO: 19:29:22.744: delete node: IP: 192.168.1.1. Number of nodes 12
EtherApe-INFO: 19:29:42.893: New node: IP: 1.1.1.1. Number of nodes 13
EtherApe-INFO: 19:29:45.965: New node: IP: 9.9.9.9. Number of nodes 14
EtherApe-INFO: 19:29:52.421: delete node: IP: 149.154.167.92. Number of nodes 13
EtherApe-INFO: 19:30:06.190: New node: IP: 192.168.0.1. Number of nodes 14
EtherApe-INFO: 19:30:53.805: New node: IP: 95.216.195.133. Number of nodes 15
EtherApe-INFO: 19:31:22.832: delete node: IP: 149.154.175.54. Number of nodes 14
EtherApe-INFO: 19:31:28.696: delete node: IP: 3.127.160.74. Number of nodes 13
EtherApe-INFO: 19:31:29.724: delete node: IP: 3.122.47.55. Number of nodes 12
EtherApe-INFO: 19:31:54.222: New node: IP: 194.54.80.29. Number of nodes 13
EtherApe-INFO: 19:32:06.529: delete node: IP: 192.168.0.1. Number of nodes 12
EtherApe-INFO: 19:32:11.459: delete node: IP: 1.1.1.1. Number of nodes 11
EtherApe-INFO: 19:32:16.589: delete node: IP: 9.9.9.9. Number of nodes 10
EtherApe-INFO: 19:32:22.637: New node: IP: 192.168.1.1. Number of nodes 11
EtherApe-INFO: 19:32:46.748: delete node: IP: 149.154.167.255. Number of nodes 10
EtherApe-INFO: 19:32:53.940: delete node: IP: 95.216.195.133. Number of nodes 9
EtherApe-INFO: 19:33:10.265: delete node: IP: 149.154.167.50. Number of nodes 8
EtherApe-INFO: 19:33:16.928: delete node: IP: 149.154.175.57. Number of nodes 7
EtherApe-INFO: 19:33:41.016: delete node: IP: 149.154.167.216. Number of nodes 6
EtherApe-INFO: 19:33:54.546: delete node: IP: 194.54.80.29. Number of nodes 5
EtherApe-INFO: 19:34:22.731: delete node: IP: 192.168.1.1. Number of nodes 4
EtherApe-INFO: 19:35:45.647: New node: IP: 149.154.167.216. Number of nodes 5
EtherApe-INFO: 19:35:53.838: New node: IP: 95.216.195.133. Number of nodes 6
EtherApe-INFO: 19:37:22.669: New node: IP: 192.168.1.1. Number of nodes 7
EtherApe-INFO: 19:37:54.231: delete node: IP: 95.216.195.133. Number of nodes 6
EtherApe-INFO: 19:39:23.821: delete node: IP: 192.168.1.1. Number of nodes 5
EtherApe-INFO: 19:39:28.877: New node: IP: 3.127.160.74. Number of nodes 6
EtherApe-INFO: 19:39:40.766: Nodes: 6 (shown 6)
EtherApe-INFO: 19:39:48.078: New node: IP: 3.122.47.55. Number of nodes 7
EtherApe-INFO: 19:40:53.869: New node: IP: 95.216.195.133. Number of nodes 8
EtherApe-INFO: 19:41:10.283: delete node: IP: 149.154.167.216. Number of nodes 7
EtherApe-INFO: 19:41:42.765: New node: IP: 1.1.1.1. Number of nodes 8
EtherApe-INFO: 19:41:44.557: New node: IP: 192.168.0.1. Number of nodes 9
EtherApe-INFO: 19:41:44.557: New node: IP: 9.9.9.9. Number of nodes 10
EtherApe-INFO: 19:41:51.213: New node: IP: 149.154.167.255. Number of nodes 11
EtherApe-INFO: 19:42:22.701: New node: IP: 192.168.1.1. Number of nodes 12
EtherApe-INFO: 19:42:28.422: delete node: IP: 3.127.160.74. Number of nodes 11
EtherApe-INFO: 19:42:47.789: New node: IP: 3.127.160.74. Number of nodes 12
EtherApe-INFO: 19:42:53.983: delete node: IP: 95.216.195.133. Number of nodes 11
EtherApe-INFO: 19:43:43.341: New node: IP: 149.154.167.216. Number of nodes 12
EtherApe-INFO: 19:43:44.942: delete node: IP: 192.168.0.1. Number of nodes 11
EtherApe-INFO: 19:43:49.782: delete node: IP: 1.1.1.1. Number of nodes 10
EtherApe-INFO: 19:43:52.876: delete node: IP: 9.9.9.9. Number of nodes 9
EtherApe-INFO: 19:43:58.190: New node: IP: 192.168.0.1. Number of nodes 10
EtherApe-INFO: 19:44:06.737: delete node: IP: 149.154.167.255. Number of nodes 9
EtherApe-INFO: 19:44:22.777: delete node: IP: 192.168.1.1. Number of nodes 8
EtherApe-INFO: 19:45:53.901: New node: IP: 95.216.195.133. Number of nodes 9
EtherApe-INFO: 19:45:54.759: delete node: IP: 3.122.47.55. Number of nodes 8
EtherApe-INFO: 19:46:16.174: New node: IP: 1.1.1.1. Number of nodes 9
EtherApe-INFO: 19:46:18.989: New node: IP: 9.9.9.9. Number of nodes 10
EtherApe-INFO: 19:46:35.117: New node: IP: 149.154.167.50. Number of nodes 11
EtherApe-INFO: 19:46:58.157: New node: IP: 149.154.175.100. Number of nodes 12
EtherApe-INFO: 19:47:06.093: New node: IP: 149.154.167.92. Number of nodes 13
EtherApe-INFO: 19:47:14.285: New node: IP: 91.108.56.145. Number of nodes 14
EtherApe-INFO: 19:47:15.309: New node: IP: 149.154.167.91. Number of nodes 15
EtherApe-INFO: 19:47:22.222: New node: IP: 149.154.175.57. Number of nodes 16
EtherApe-INFO: 19:47:22.222: New node: IP: 149.154.175.54. Number of nodes 17
EtherApe-INFO: 19:47:22.222: New node: IP: 192.168.0.218. Number of nodes 18
EtherApe-INFO: 19:47:22.733: New node: IP: 192.168.1.1. Number of nodes 19
EtherApe-INFO: 19:47:23.246: New node: IP: 91.108.56.188. Number of nodes 20
EtherApe-INFO: 19:47:31.181: New node: IP: 149.154.175.50. Number of nodes 21
EtherApe-INFO: 19:47:54.295: delete node: IP: 95.216.195.133. Number of nodes 20
EtherApe-INFO: 19:48:09.364: delete node: IP: 149.154.167.216. Number of nodes 19
EtherApe-INFO: 19:48:57.197: New node: IP: 104.16.249.249. Number of nodes 20
EtherApe-INFO: 19:48:57.714: New node: IP: 216.58.215.67. Number of nodes 21
EtherApe-INFO: 19:48:57.719: New node: IP: 34.120.160.131. Number of nodes 22
EtherApe-INFO: 19:48:58.477: New node: IP: 194.54.80.29. Number of nodes 23
EtherApe-INFO: 19:49:12.307: New node: IP: 149.154.167.216. Number of nodes 24
EtherApe-INFO: 19:49:19.478: delete node: IP: 3.127.160.74. Number of nodes 23
EtherApe-INFO: 19:49:23.136: delete node: IP: 192.168.1.1. Number of nodes 22
EtherApe-INFO: 19:50:33.278: delete node: IP: 149.154.167.92. Number of nodes 21
EtherApe-INFO: 19:50:34.517: delete node: IP: 149.154.175.100. Number of nodes 20
EtherApe-INFO: 19:50:40.695: delete node: IP: 192.168.0.218. Number of nodes 19
EtherApe-INFO: 19:50:40.877: New node: IP: 192.168.0.218. Number of nodes 20
EtherApe-INFO: 19:50:41.723: delete node: IP: 91.108.56.145. Number of nodes 19
EtherApe-INFO: 19:50:42.244: delete node: IP: 149.154.167.91. Number of nodes 18
EtherApe-INFO: 19:50:49.377: delete node: IP: 91.108.56.188. Number of nodes 17
EtherApe-INFO: 19:50:50.922: delete node: IP: 149.154.175.54. Number of nodes 16
EtherApe-INFO: 19:50:53.680: New node: IP: 95.216.195.133. Number of nodes 17
EtherApe-INFO: 19:50:57.849: delete node: IP: 216.58.215.67. Number of nodes 16
EtherApe-INFO: 19:50:57.849: delete node: IP: 149.154.175.50. Number of nodes 15
EtherApe-INFO: 19:50:57.849: delete node: IP: 104.16.249.249. Number of nodes 14
EtherApe-INFO: 19:50:57.849: delete node: IP: 9.9.9.9. Number of nodes 13
EtherApe-INFO: 19:50:58.055: delete node: IP: 149.154.175.57. Number of nodes 12
EtherApe-INFO: 19:50:58.055: delete node: IP: 34.120.160.131. Number of nodes 11
EtherApe-INFO: 19:50:58.366: delete node: IP: 194.54.80.29. Number of nodes 10
EtherApe-INFO: 19:51:01.454: delete node: IP: 1.1.1.1. Number of nodes 9
EtherApe-INFO: 19:51:27.571: delete node: IP: 149.154.167.216. Number of nodes 8
EtherApe-INFO: 19:52:22.765: New node: IP: 192.168.1.1. Number of nodes 9
EtherApe-INFO: 19:52:25.602: delete node: IP: 192.168.0.1. Number of nodes 8
EtherApe-INFO: 19:52:30.701: New node: IP: 149.154.167.216. Number of nodes 9
EtherApe-INFO: 19:52:54.097: delete node: IP: 95.216.195.133. Number of nodes 8
EtherApe-INFO: 19:54:22.848: delete node: IP: 192.168.1.1. Number of nodes 7
EtherApe-INFO: 19:54:46.468: delete node: IP: 149.154.167.216. Number of nodes 6
EtherApe-INFO: 19:55:53.709: New node: IP: 95.216.195.133. Number of nodes 7
EtherApe-INFO: 19:56:25.709: New node: IP: 192.168.0.157. Number of nodes 8
EtherApe-INFO: 19:59:01.621: New node: IP: 0.0.0.0. Number of nodes 9
EtherApe-INFO: 19:59:01.621: New node: IP: 255.255.255.255. Number of nodes 10
EtherApe-INFO: 19:59:01.636: delete node: IP: 192.168.1.250. Number of nodes 9
EtherApe-INFO: 19:59:01.636: delete node: IP: 192.168.0.218. Number of nodes 8
EtherApe-INFO: 19:59:01.636: delete node: IP: 192.168.0.157. Number of nodes 7
EtherApe-INFO: 19:59:01.636: delete node: IP: 149.154.167.50. Number of nodes 6
EtherApe-INFO: 19:59:01.636: delete node: IP: 149.154.167.41. Number of nodes 5
EtherApe-INFO: 19:59:01.636: delete node: IP: 95.216.195.133. Number of nodes 4
EtherApe-INFO: 19:59:01.636: delete node: IP: 94.46.195.147. Number of nodes 3
EtherApe-INFO: 19:59:01.636: delete node: IP: 8.8.8.8. Number of nodes 2
EtherApe-INFO: 19:59:06.230: New node: IP: 192.168.1.1. Number of nodes 3
EtherApe-INFO: 19:59:06.230: New node: IP: 192.168.1.250. Number of nodes 4
EtherApe-INFO: 19:59:06.230: New node: IP: 149.154.167.50. Number of nodes 5
EtherApe-INFO: 19:59:06.230: New node: IP: 149.154.167.41. Number of nodes 6
EtherApe-INFO: 19:59:06.486: New node: IP: 8.8.8.8. Number of nodes 7
EtherApe-INFO: 19:59:06.487: New node: IP: 95.216.195.133. Number of nodes 8
EtherApe-INFO: 19:59:06.743: New node: IP: 94.46.195.147. Number of nodes 9
EtherApe-INFO: 19:59:49.237: New node: IP: 151.101.2.49. Number of nodes 10
EtherApe-INFO: 20:00:01.013: New node: IP: 149.154.167.255. Number of nodes 11
EtherApe-INFO: 20:00:01.013: New node: IP: 149.154.167.216. Number of nodes 12
EtherApe-INFO: 20:00:56.309: New node: IP: 52.26.29.219. Number of nodes 13
