(etherape:3381): GLib-GIO-DEBUG: 06:52:14.669: _g_io_module_get_default: Found default implementation local (GLocalVfs) for ‘gio-vfs’
(etherape:3381): GLib-GIO-DEBUG: 06:52:14.745: Using cross-namespace EXTERNAL authentication (this will deadlock if server is GDBus < 2.73.3)
EtherApe-INFO: 06:52:14.812: sctp protocol not supported
EtherApe-INFO: 06:52:14.812: dccp protocol not supported
EtherApe-INFO: 06:52:14.812: sctp protocol not supported
EtherApe-INFO: 06:52:14.812: sctp protocol not supported
EtherApe-INFO: 06:52:14.812: sctp protocol not supported
EtherApe-INFO: 06:52:14.813: sctp protocol not supported
EtherApe-INFO: 06:52:14.813: sctp protocol not supported
EtherApe-INFO: 06:52:14.813: sctp protocol not supported
EtherApe-INFO: 06:52:14.813: sctp protocol not supported
EtherApe-INFO: 06:52:14.813: dccp protocol not supported
EtherApe-INFO: 06:52:14.814: sctp protocol not supported
EtherApe-INFO: 06:52:14.814: dccp protocol not supported
EtherApe-INFO: 06:52:14.814: dccp protocol not supported
EtherApe-INFO: 06:52:14.814: sctp protocol not supported
EtherApe-INFO: 06:52:14.814: sctp protocol not supported
EtherApe-INFO: 06:52:14.815: sctp protocol not supported
EtherApe-INFO: 06:52:14.815: sctp protocol not supported
EtherApe-INFO: 06:52:14.815: sctp protocol not supported
EtherApe-INFO: 06:52:14.816: sctp protocol not supported
EtherApe-INFO: 06:52:14.816: sctp protocol not supported
EtherApe-INFO: 06:52:14.816: sctp protocol not supported
EtherApe-INFO: 06:52:14.816: sctp protocol not supported
EtherApe-INFO: 06:52:14.816: sctp protocol not supported
EtherApe-INFO: 06:52:14.817: sctp protocol not supported
EtherApe-INFO: 06:52:14.817: sctp protocol not supported
EtherApe-INFO: 06:52:14.817: sctp protocol not supported
EtherApe-INFO: 06:52:14.817: sctp protocol not supported
EtherApe-INFO: 06:52:14.818: sctp protocol not supported
EtherApe-INFO: 06:52:14.818: dccp protocol not supported
EtherApe-INFO: 06:52:14.818: sctp protocol not supported
EtherApe-INFO: 06:52:14.818: sctp protocol not supported
EtherApe-INFO: 06:52:14.818: dccp protocol not supported
EtherApe-INFO: 06:52:14.818: sctp protocol not supported
EtherApe-INFO: 06:52:14.818: sctp protocol not supported
EtherApe-INFO: 06:52:14.818: sctp protocol not supported
EtherApe-INFO: 06:52:14.818: dccp protocol not supported
EtherApe-INFO: 06:52:14.818: dccp protocol not supported
EtherApe-INFO: 06:52:14.819: sctp protocol not supported
EtherApe-INFO: 06:52:14.819: sctp protocol not supported
EtherApe-INFO: 06:52:14.819: sctp protocol not supported
EtherApe-INFO: 06:52:14.819: sctp protocol not supported
EtherApe-INFO: 06:52:14.819: sctp protocol not supported
EtherApe-INFO: 06:52:14.819: sctp protocol not supported
EtherApe-INFO: 06:52:14.819: sctp protocol not supported
EtherApe-INFO: 06:52:14.819: sctp protocol not supported
EtherApe-INFO: 06:52:14.819: sctp protocol not supported
EtherApe-INFO: 06:52:14.819: sctp protocol not supported
EtherApe-INFO: 06:52:14.819: sctp protocol not supported
EtherApe-INFO: 06:52:14.819: sctp protocol not supported
EtherApe-INFO: 06:52:14.819: sctp protocol not supported
EtherApe-INFO: 06:52:14.819: sctp protocol not supported
EtherApe-INFO: 06:52:14.819: sctp protocol not supported
EtherApe-INFO: 06:52:14.819: sctp protocol not supported
EtherApe-INFO: 06:52:14.819: sctp protocol not supported
EtherApe-INFO: 06:52:14.819: sctp protocol not supported
EtherApe-INFO: 06:52:14.819: sctp protocol not supported
EtherApe-INFO: 06:52:14.819: sctp protocol not supported
EtherApe-INFO: 06:52:14.820: dccp protocol not supported
EtherApe-INFO: 06:52:14.820: sctp protocol not supported
EtherApe-INFO: 06:52:14.820: sctp protocol not supported
EtherApe-INFO: 06:52:14.820: sctp protocol not supported
EtherApe-INFO: 06:52:14.820: sctp protocol not supported
EtherApe-INFO: 06:52:14.820: sctp protocol not supported
EtherApe-INFO: 06:52:14.820: sctp protocol not supported
EtherApe-INFO: 06:52:14.820: sctp protocol not supported
EtherApe-INFO: 06:52:14.820: sctp protocol not supported
EtherApe-INFO: 06:52:14.820: sctp protocol not supported
EtherApe-INFO: 06:52:14.820: sctp protocol not supported
EtherApe-INFO: 06:52:14.821: sctp protocol not supported
EtherApe-INFO: 06:52:14.821: sctp protocol not supported
EtherApe-INFO: 06:52:14.821: sctp protocol not supported
EtherApe-INFO: 06:52:14.821: sctp protocol not supported
EtherApe-INFO: 06:52:14.821: sctp protocol not supported
EtherApe-INFO: 06:52:14.821: sctp protocol not supported
EtherApe-INFO: 06:52:14.821: sctp protocol not supported
EtherApe-INFO: 06:52:14.821: sctp protocol not supported
EtherApe-INFO: 06:52:14.821: sctp protocol not supported
EtherApe-INFO: 06:52:14.821: sctp protocol not supported
EtherApe-INFO: 06:52:14.821: sctp protocol not supported
EtherApe-INFO: 06:52:14.821: sctp protocol not supported
EtherApe-INFO: 06:52:14.821: sctp protocol not supported
EtherApe-INFO: 06:52:14.821: sctp protocol not supported
EtherApe-INFO: 06:52:14.822: sctp protocol not supported
EtherApe-INFO: 06:52:14.822: sctp protocol not supported
EtherApe-INFO: 06:52:14.822: sctp protocol not supported
EtherApe-INFO: 06:52:14.822: sctp protocol not supported
EtherApe-INFO: 06:52:14.822: sctp protocol not supported
EtherApe-INFO: 06:52:14.822: sctp protocol not supported
EtherApe-INFO: 06:52:14.822: sctp protocol not supported
EtherApe-INFO: 06:52:14.822: sctp protocol not supported
EtherApe-INFO: 06:52:14.822: sctp protocol not supported
EtherApe-INFO: 06:52:14.822: sctp protocol not supported
EtherApe-INFO: 06:52:14.822: sctp protocol not supported
EtherApe-INFO: 06:52:14.822: sctp protocol not supported
EtherApe-INFO: 06:52:14.832: get_interface result: ''
EtherApe-INFO: 06:52:14.832: Available interfaces for capture: dbus-session dbus-system nfqueue nflog bluetooth-monitor bluetooth0 lo any wlp2s0
EtherApe-INFO: 06:52:14.833: Link type is LINUX_SLL
EtherApe-INFO: 06:52:14.833: Diagram started
EtherApe-INFO: 06:52:15.087: New node: IP: 138.199.52.14. Number of nodes 1
EtherApe-INFO: 06:52:15.087: New node: IP: 192.168.1.248. Number of nodes 2
EtherApe-INFO: 06:52:16.624: New node: IP: 8.8.8.8. Number of nodes 3
EtherApe-INFO: 06:52:17.135: New node: IP: 54.192.231.72. Number of nodes 4
EtherApe-INFO: 06:52:17.647: New node: IP: 44.238.39.101. Number of nodes 5
EtherApe-INFO: 06:52:17.647: New node: IP: 54.201.164.58. Number of nodes 6
EtherApe-INFO: 06:52:18.931: New node: IP: 192.168.1.1. Number of nodes 7
EtherApe-INFO: 06:52:18.931: New node: IP: 255.255.255.255. Number of nodes 8
EtherApe-INFO: 06:52:20.977: New node: IP: 192.168.0.1. Number of nodes 9
EtherApe-INFO: 06:52:21.235: New node: IP: 149.154.167.41. Number of nodes 10
EtherApe-INFO: 06:52:21.235: New node: IP: 149.154.167.50. Number of nodes 11
EtherApe-INFO: 06:52:21.744: New node: IP: 1.1.1.1. Number of nodes 12
EtherApe-INFO: 06:52:22.512: New node: IP: 192.168.0.218. Number of nodes 13
EtherApe-INFO: 06:52:55.279: New node: IP: 34.120.208.123. Number of nodes 14
EtherApe-INFO: 06:52:55.279: New node: IP: 54.192.231.48. Number of nodes 15
EtherApe-INFO: 06:52:55.279: New node: IP: 34.160.144.191. Number of nodes 16
EtherApe-INFO: 06:52:56.303: New node: IP: 104.17.50.74. Number of nodes 17
EtherApe-INFO: 06:52:57.327: New node: IP: 34.107.141.31. Number of nodes 18
EtherApe-INFO: 06:52:57.327: New node: IP: 216.58.215.78. Number of nodes 19
EtherApe-INFO: 06:53:51.343: New node: IP: 149.154.167.216. Number of nodes 20
EtherApe-INFO: 06:54:22.332: delete node: IP: 1.1.1.1. Number of nodes 19
EtherApe-INFO: 06:54:39.481: delete node: IP: 192.168.0.218. Number of nodes 18
EtherApe-INFO: 06:54:57.485: delete node: IP: 192.168.0.1. Number of nodes 17
EtherApe-INFO: 06:54:58.204: delete node: IP: 54.201.164.58. Number of nodes 16
EtherApe-INFO: 06:54:59.028: delete node: IP: 44.238.39.101. Number of nodes 15
EtherApe-INFO: 06:55:46.287: New node: IP: 1.1.1.1. Number of nodes 16
EtherApe-INFO: 06:55:46.287: New node: IP: 89.187.191.12. Number of nodes 17
EtherApe-INFO: 06:55:51.064: New node: IP: 149.154.167.92. Number of nodes 18
EtherApe-INFO: 06:55:52.878: delete node: IP: 54.192.231.72. Number of nodes 17
EtherApe-INFO: 06:56:37.655: New node: IP: 95.216.195.133. Number of nodes 18
EtherApe-INFO: 06:56:47.719: delete node: IP: 104.17.50.74. Number of nodes 17
EtherApe-INFO: 06:56:47.719: delete node: IP: 54.192.231.48. Number of nodes 16
EtherApe-INFO: 06:56:47.719: delete node: IP: 34.160.144.191. Number of nodes 15
EtherApe-INFO: 06:56:47.719: delete node: IP: 34.120.208.123. Number of nodes 14
EtherApe-INFO: 06:56:50.491: delete node: IP: 216.58.215.78. Number of nodes 13
EtherApe-INFO: 06:56:50.491: delete node: IP: 34.107.141.31. Number of nodes 12
EtherApe-INFO: 06:57:46.813: delete node: IP: 1.1.1.1. Number of nodes 11
EtherApe-INFO: 06:58:06.810: delete node: IP: 149.154.167.92. Number of nodes 10
EtherApe-INFO: 06:58:11.096: New node: IP: 149.154.167.255. Number of nodes 11
EtherApe-INFO: 06:58:37.762: delete node: IP: 95.216.195.133. Number of nodes 10
EtherApe-INFO: 07:00:37.568: delete node: IP: 149.154.167.255. Number of nodes 9
EtherApe-INFO: 07:00:53.946: delete node: IP: 89.187.191.12. Number of nodes 8
EtherApe-INFO: 07:01:37.688: New node: IP: 95.216.195.133. Number of nodes 9
EtherApe-INFO: 07:03:37.809: delete node: IP: 95.216.195.133. Number of nodes 8
EtherApe-INFO: 07:06:37.719: New node: IP: 95.216.195.133. Number of nodes 9
EtherApe-INFO: 07:07:05.367: New node: IP: 89.187.191.12. Number of nodes 10
EtherApe-INFO: 07:08:38.610: delete node: IP: 95.216.195.133. Number of nodes 9
EtherApe-INFO: 07:08:59.032: New node: IP: 95.216.144.15. Number of nodes 10
EtherApe-INFO: 07:10:53.788: delete node: IP: 89.187.191.12. Number of nodes 9
EtherApe-INFO: 07:10:59.423: delete node: IP: 95.216.144.15. Number of nodes 8
EtherApe-INFO: 07:11:37.751: New node: IP: 95.216.195.133. Number of nodes 9
EtherApe-INFO: 07:13:38.146: delete node: IP: 95.216.195.133. Number of nodes 8
EtherApe-INFO: 07:16:37.527: New node: IP: 95.216.195.133. Number of nodes 9
EtherApe-INFO: 07:18:37.919: delete node: IP: 95.216.195.133. Number of nodes 8
EtherApe-INFO: 07:20:01.897: delete node: IP: 149.154.167.216. Number of nodes 7
EtherApe-INFO: 07:20:20.505: New node: IP: 149.154.167.216. Number of nodes 8
EtherApe-INFO: 07:21:37.570: New node: IP: 95.216.195.133. Number of nodes 9
EtherApe-INFO: 07:23:37.923: delete node: IP: 95.216.195.133. Number of nodes 8
EtherApe-INFO: 07:26:37.536: New node: IP: 95.216.195.133. Number of nodes 9
EtherApe-INFO: 07:28:04.417: delete node: IP: 149.154.167.216. Number of nodes 8
EtherApe-INFO: 07:28:37.865: delete node: IP: 95.216.195.133. Number of nodes 7
EtherApe-INFO: 07:29:28.544: New node: IP: 149.154.167.216. Number of nodes 8
EtherApe-INFO: 07:29:57.553: New node: IP: 1.1.1.1. Number of nodes 9
EtherApe-INFO: 07:30:33.242: New node: IP: 192.168.0.1. Number of nodes 10
EtherApe-INFO: 07:30:38.629: New node: IP: 192.168.0.218. Number of nodes 11
EtherApe-INFO: 07:31:37.751: New node: IP: 95.216.195.133. Number of nodes 12
EtherApe-INFO: 07:31:58.077: delete node: IP: 1.1.1.1. Number of nodes 11
EtherApe-INFO: 07:32:36.145: delete node: IP: 192.168.0.1. Number of nodes 10
EtherApe-INFO: 07:32:43.528: delete node: IP: 192.168.0.218. Number of nodes 9
EtherApe-INFO: 07:33:37.890: delete node: IP: 95.216.195.133. Number of nodes 8
EtherApe-INFO: 07:34:17.425: New node: IP: 149.154.167.99. Number of nodes 9
EtherApe-INFO: 07:36:18.082: delete node: IP: 149.154.167.99. Number of nodes 8
EtherApe-INFO: 07:36:28.313: delete node: IP: 149.154.167.216. Number of nodes 7
EtherApe-INFO: 07:36:37.712: New node: IP: 95.216.195.133. Number of nodes 8
EtherApe-INFO: 07:37:55.279: New node: IP: 149.154.167.216. Number of nodes 9
EtherApe-INFO: 07:38:38.386: delete node: IP: 95.216.195.133. Number of nodes 8
EtherApe-INFO: 07:39:48.432: New node: IP: 149.154.167.255. Number of nodes 9
EtherApe-INFO: 07:40:39.376: New node: IP: 34.120.208.123. Number of nodes 10
EtherApe-INFO: 07:41:37.743: New node: IP: 95.216.195.133. Number of nodes 11
EtherApe-INFO: 07:42:02.594: delete node: IP: 149.154.167.216. Number of nodes 10
EtherApe-INFO: 07:42:03.620: delete node: IP: 149.154.167.255. Number of nodes 9
EtherApe-INFO: 07:42:39.955: delete node: IP: 34.120.208.123. Number of nodes 8
EtherApe-INFO: 07:43:39.900: delete node: IP: 95.216.195.133. Number of nodes 7
EtherApe-INFO: 07:43:52.151: New node: IP: 149.154.167.216. Number of nodes 8
EtherApe-INFO: 07:45:08.688: New node: IP: 3.75.5.249. Number of nodes 9
EtherApe-INFO: 07:45:24.815: New node: IP: 1.1.1.1. Number of nodes 10
EtherApe-INFO: 07:46:37.776: New node: IP: 95.216.195.133. Number of nodes 11
EtherApe-INFO: 07:46:44.700: delete node: IP: 149.154.167.216. Number of nodes 10
EtherApe-INFO: 07:47:07.728: New node: IP: 149.154.167.216. Number of nodes 11
EtherApe-INFO: 07:47:25.153: delete node: IP: 1.1.1.1. Number of nodes 10
EtherApe-INFO: 07:48:38.392: delete node: IP: 95.216.195.133. Number of nodes 9
EtherApe-INFO: 07:49:08.616: delete node: IP: 3.75.5.249. Number of nodes 8
EtherApe-INFO: 07:50:14.709: delete node: IP: 149.154.167.216. Number of nodes 7
EtherApe-INFO: 07:50:20.752: New node: IP: 149.154.167.216. Number of nodes 8
EtherApe-INFO: 07:51:37.552: New node: IP: 95.216.195.133. Number of nodes 9
EtherApe-INFO: 07:53:38.834: delete node: IP: 95.216.195.133. Number of nodes 8
EtherApe-INFO: 07:54:25.936: delete node: IP: 149.154.167.216. Number of nodes 7
EtherApe-INFO: 07:55:30.375: New node: IP: 149.154.167.216. Number of nodes 8
EtherApe-INFO: 07:56:37.703: New node: IP: 95.216.195.133. Number of nodes 9
EtherApe-INFO: 07:57:46.399: delete node: IP: 149.154.167.216. Number of nodes 8
EtherApe-INFO: 07:58:39.315: delete node: IP: 95.216.195.133. Number of nodes 7
EtherApe-INFO: 08:00:13.255: New node: IP: 149.154.167.216. Number of nodes 8
EtherApe-INFO: 08:01:37.735: New node: IP: 95.216.195.133. Number of nodes 9
EtherApe-INFO: 08:02:28.958: delete node: IP: 149.154.167.216. Number of nodes 8
EtherApe-INFO: 08:03:10.919: New node: IP: 149.154.167.216. Number of nodes 9
EtherApe-INFO: 08:03:38.153: delete node: IP: 95.216.195.133. Number of nodes 8
EtherApe-INFO: 08:06:37.767: New node: IP: 95.216.195.133. Number of nodes 9
EtherApe-INFO: 08:07:38.724: delete node: IP: 149.154.167.216. Number of nodes 8
EtherApe-INFO: 08:08:20.679: New node: IP: 149.154.167.216. Number of nodes 9
EtherApe-INFO: 08:08:38.418: delete node: IP: 95.216.195.133. Number of nodes 8
EtherApe-INFO: 08:10:36.173: delete node: IP: 149.154.167.216. Number of nodes 7
EtherApe-INFO: 08:11:37.544: New node: IP: 95.216.195.133. Number of nodes 8
EtherApe-INFO: 08:13:29.416: New node: IP: 149.154.167.216. Number of nodes 9
EtherApe-INFO: 08:13:38.403: delete node: IP: 95.216.195.133. Number of nodes 8
EtherApe-INFO: 08:16:37.576: New node: IP: 95.216.195.133. Number of nodes 9
EtherApe-INFO: 08:17:10.670: delete node: IP: 149.154.167.216. Number of nodes 8
EtherApe-INFO: 08:18:38.414: delete node: IP: 95.216.195.133. Number of nodes 7
EtherApe-INFO: 08:21:13.799: New node: IP: 149.154.167.216. Number of nodes 8
EtherApe-INFO: 08:21:37.607: New node: IP: 95.216.195.133. Number of nodes 9
EtherApe-INFO: 08:23:37.902: delete node: IP: 95.216.195.133. Number of nodes 8
EtherApe-INFO: 08:25:46.406: delete node: IP: 149.154.167.216. Number of nodes 7
EtherApe-INFO: 08:25:57.351: New node: IP: 149.154.167.216. Number of nodes 8
EtherApe-INFO: 08:26:37.543: New node: IP: 95.216.195.133. Number of nodes 9
EtherApe-INFO: 08:28:37.905: delete node: IP: 95.216.195.133. Number of nodes 8
EtherApe-INFO: 08:29:48.808: delete node: IP: 149.154.167.216. Number of nodes 7
EtherApe-INFO: 08:31:06.343: New node: IP: 149.154.167.216. Number of nodes 8
EtherApe-INFO: 08:31:37.575: New node: IP: 95.216.195.133. Number of nodes 9
EtherApe-INFO: 08:33:21.521: delete node: IP: 149.154.167.216. Number of nodes 8
EtherApe-INFO: 08:33:37.995: delete node: IP: 95.216.195.133. Number of nodes 7
EtherApe-INFO: 08:34:19.367: New node: IP: 149.154.167.216. Number of nodes 8
EtherApe-INFO: 08:36:37.608: New node: IP: 95.216.195.133. Number of nodes 9
EtherApe-INFO: 08:38:38.758: delete node: IP: 95.216.195.133. Number of nodes 8
EtherApe-INFO: 08:40:33.218: delete node: IP: 149.154.167.216. Number of nodes 7
EtherApe-INFO: 08:41:19.719: New node: IP: 149.154.167.216. Number of nodes 8
EtherApe-INFO: 08:41:37.639: New node: IP: 95.216.195.133. Number of nodes 9
EtherApe-INFO: 08:43:39.043: delete node: IP: 95.216.195.133. Number of nodes 8
EtherApe-INFO: 08:44:20.713: delete node: IP: 149.154.167.216. Number of nodes 7
EtherApe-INFO: 08:44:59.367: New node: IP: 149.154.167.216. Number of nodes 8
EtherApe-INFO: 08:46:37.671: New node: IP: 95.216.195.133. Number of nodes 9
EtherApe-INFO: 08:48:39.600: delete node: IP: 95.216.195.133. Number of nodes 8
EtherApe-INFO: 08:49:16.192: delete node: IP: 149.154.167.216. Number of nodes 7
EtherApe-INFO: 08:50:16.295: New node: IP: 149.154.167.216. Number of nodes 8
EtherApe-INFO: 08:51:16.455: New node: IP: 91.108.56.145. Number of nodes 9
EtherApe-INFO: 08:51:37.703: New node: IP: 95.216.195.133. Number of nodes 10
EtherApe-INFO: 08:53:34.659: delete node: IP: 91.108.56.145. Number of nodes 9
EtherApe-INFO: 08:53:40.490: delete node: IP: 95.216.195.133. Number of nodes 8
EtherApe-INFO: 08:56:37.607: New node: IP: 95.216.195.133. Number of nodes 9
EtherApe-INFO: 08:58:39.244: delete node: IP: 95.216.195.133. Number of nodes 8
EtherApe-INFO: 09:01:37.639: New node: IP: 95.216.195.133. Number of nodes 9
EtherApe-INFO: 09:03:40.108: delete node: IP: 95.216.195.133. Number of nodes 8
EtherApe-INFO: 09:06:37.672: New node: IP: 95.216.195.133. Number of nodes 9
EtherApe-INFO: 09:06:51.831: delete node: IP: 149.154.167.216. Number of nodes 8
EtherApe-INFO: 09:08:08.295: New node: IP: 149.154.167.216. Number of nodes 9
EtherApe-INFO: 09:08:39.318: delete node: IP: 95.216.195.133. Number of nodes 8
EtherApe-INFO: 09:11:37.703: New node: IP: 95.216.195.133. Number of nodes 9
EtherApe-INFO: 09:12:03.382: delete node: IP: 149.154.167.216. Number of nodes 8
EtherApe-INFO: 09:12:42.471: New node: IP: 149.154.167.216. Number of nodes 9
EtherApe-INFO: 09:13:38.308: delete node: IP: 95.216.195.133. Number of nodes 8
EtherApe-INFO: 09:16:37.711: New node: IP: 95.216.195.133. Number of nodes 9
EtherApe-INFO: 09:18:37.826: delete node: IP: 95.216.195.133. Number of nodes 8
EtherApe-INFO: 09:21:37.744: New node: IP: 95.216.195.133. Number of nodes 9
EtherApe-INFO: 09:23:38.025: delete node: IP: 95.216.195.133. Number of nodes 8
EtherApe-INFO: 09:26:37.680: New node: IP: 95.216.195.133. Number of nodes 9
EtherApe-INFO: 09:28:38.311: delete node: IP: 95.216.195.133. Number of nodes 8
EtherApe-INFO: 09:31:03.757: delete node: IP: 149.154.167.216. Number of nodes 7
EtherApe-INFO: 09:31:10.831: New node: IP: 149.154.167.216. Number of nodes 8
EtherApe-INFO: 09:31:37.711: New node: IP: 95.216.195.133. Number of nodes 9
EtherApe-INFO: 09:33:38.049: delete node: IP: 95.216.195.133. Number of nodes 8
EtherApe-INFO: 09:36:37.743: New node: IP: 95.216.195.133. Number of nodes 9
EtherApe-INFO: 09:38:39.619: delete node: IP: 95.216.195.133. Number of nodes 8
EtherApe-INFO: 09:40:24.358: delete node: IP: 149.154.167.216. Number of nodes 7
EtherApe-INFO: 09:40:44.784: New node: IP: 149.154.167.216. Number of nodes 8
EtherApe-INFO: 09:41:37.519: New node: IP: 95.216.195.133. Number of nodes 9
EtherApe-INFO: 09:43:38.396: delete node: IP: 95.216.195.133. Number of nodes 8
EtherApe-INFO: 09:46:37.552: New node: IP: 95.216.195.133. Number of nodes 9
EtherApe-INFO: 09:48:35.638: delete node: IP: 149.154.167.216. Number of nodes 8
EtherApe-INFO: 09:48:37.886: delete node: IP: 95.216.195.133. Number of nodes 7
EtherApe-INFO: 09:49:13.456: New node: IP: 149.154.167.216. Number of nodes 8
EtherApe-INFO: 09:51:37.583: New node: IP: 95.216.195.133. Number of nodes 9
EtherApe-INFO: 09:53:37.861: delete node: IP: 95.216.195.133. Number of nodes 8
EtherApe-INFO: 09:56:37.759: New node: IP: 95.216.195.133. Number of nodes 9
EtherApe-INFO: 09:58:38.935: delete node: IP: 95.216.195.133. Number of nodes 8
EtherApe-INFO: 09:58:46.285: delete node: IP: 149.154.167.216. Number of nodes 7
EtherApe-INFO: 10:00:36.095: New node: IP: 149.154.167.216. Number of nodes 8
EtherApe-INFO: 10:01:37.535: New node: IP: 95.216.195.133. Number of nodes 9
EtherApe-INFO: 10:03:39.452: delete node: IP: 95.216.195.133. Number of nodes 8
EtherApe-INFO: 10:06:37.568: New node: IP: 95.216.195.133. Number of nodes 9
EtherApe-INFO: 10:08:38.215: delete node: IP: 95.216.195.133. Number of nodes 8
EtherApe-INFO: 10:11:37.600: New node: IP: 95.216.195.133. Number of nodes 9
EtherApe-INFO: 10:13:40.021: delete node: IP: 95.216.195.133. Number of nodes 8
EtherApe-INFO: 10:16:37.631: New node: IP: 95.216.195.133. Number of nodes 9
EtherApe-INFO: 10:18:40.585: delete node: IP: 95.216.195.133. Number of nodes 8
EtherApe-INFO: 10:21:37.664: New node: IP: 95.216.195.133. Number of nodes 9
EtherApe-INFO: 10:23:39.996: delete node: IP: 95.216.195.133. Number of nodes 8
EtherApe-INFO: 10:25:53.688: delete node: IP: 149.154.167.216. Number of nodes 7
EtherApe-INFO: 10:26:37.632: New node: IP: 95.216.195.133. Number of nodes 8
EtherApe-INFO: 10:27:04.255: New node: IP: 149.154.167.216. Number of nodes 9
EtherApe-INFO: 10:27:34.464: New node: IP: 149.154.171.255. Number of nodes 10
EtherApe-INFO: 10:28:39.250: delete node: IP: 95.216.195.133. Number of nodes 9
EtherApe-INFO: 10:29:19.720: delete node: IP: 149.154.167.216. Number of nodes 8
EtherApe-INFO: 10:29:24.800: New node: IP: 149.154.167.216. Number of nodes 9
EtherApe-INFO: 10:29:55.311: delete node: IP: 149.154.171.255. Number of nodes 8
EtherApe-INFO: 10:31:37.664: New node: IP: 95.216.195.133. Number of nodes 9
EtherApe-INFO: 10:33:39.087: delete node: IP: 95.216.195.133. Number of nodes 8
EtherApe-INFO: 10:35:24.241: delete node: IP: 149.154.167.216. Number of nodes 7
EtherApe-INFO: 10:36:19.263: New node: IP: 149.154.167.216. Number of nodes 8
EtherApe-INFO: 10:36:37.696: New node: IP: 95.216.195.133. Number of nodes 9
EtherApe-INFO: 10:38:37.810: delete node: IP: 95.216.195.133. Number of nodes 8
EtherApe-INFO: 10:39:45.946: delete node: IP: 149.154.167.216. Number of nodes 7
EtherApe-INFO: 10:40:15.040: New node: IP: 149.154.167.216. Number of nodes 8
EtherApe-INFO: 10:41:37.727: New node: IP: 95.216.195.133. Number of nodes 9
EtherApe-INFO: 10:42:32.773: delete node: IP: 149.154.167.216. Number of nodes 8
EtherApe-INFO: 10:43:39.383: delete node: IP: 95.216.195.133. Number of nodes 7
EtherApe-INFO: 10:43:59.808: New node: IP: 149.154.171.255. Number of nodes 8
EtherApe-INFO: 10:44:09.280: New node: IP: 149.154.167.216. Number of nodes 9
EtherApe-INFO: 10:46:18.638: delete node: IP: 149.154.171.255. Number of nodes 8
EtherApe-INFO: 10:46:37.759: New node: IP: 95.216.195.133. Number of nodes 9
EtherApe-INFO: 10:47:17.222: delete node: IP: 149.154.167.216. Number of nodes 8
EtherApe-INFO: 10:47:31.264: New node: IP: 149.154.167.216. Number of nodes 9
EtherApe-INFO: 10:48:38.408: delete node: IP: 95.216.195.133. Number of nodes 8
EtherApe-INFO: 10:49:49.329: delete node: IP: 149.154.167.216. Number of nodes 7
EtherApe-INFO: 10:51:37.538: New node: IP: 95.216.195.133. Number of nodes 8
EtherApe-INFO: 10:52:12.351: New node: IP: 149.154.167.216. Number of nodes 9
EtherApe-INFO: 10:53:40.124: delete node: IP: 95.216.195.133. Number of nodes 8
EtherApe-INFO: 10:55:00.437: delete node: IP: 149.154.167.216. Number of nodes 7
EtherApe-INFO: 10:55:43.423: New node: IP: 149.154.167.216. Number of nodes 8
EtherApe-INFO: 10:56:37.695: New node: IP: 95.216.195.133. Number of nodes 9
EtherApe-INFO: 10:58:38.031: delete node: IP: 95.216.195.133. Number of nodes 8
EtherApe-INFO: 11:01:37.727: New node: IP: 95.216.195.133. Number of nodes 9
EtherApe-INFO: 11:03:38.905: delete node: IP: 95.216.195.133. Number of nodes 8
EtherApe-INFO: 11:04:15.688: delete node: IP: 149.154.167.216. Number of nodes 7
EtherApe-INFO: 11:06:37.759: New node: IP: 95.216.195.133. Number of nodes 8
EtherApe-INFO: 11:06:47.232: New node: IP: 149.154.167.216. Number of nodes 9
EtherApe-INFO: 11:07:05.919: New node: IP: 1.1.1.1. Number of nodes 10
EtherApe-INFO: 11:08:37.832: delete node: IP: 95.216.195.133. Number of nodes 9
EtherApe-INFO: 11:09:06.261: delete node: IP: 1.1.1.1. Number of nodes 8
EtherApe-INFO: 11:11:37.535: New node: IP: 95.216.195.133. Number of nodes 9
EtherApe-INFO: 11:13:25.135: delete node: IP: 149.154.167.216. Number of nodes 8
EtherApe-INFO: 11:13:39.747: delete node: IP: 95.216.195.133. Number of nodes 7
EtherApe-INFO: 11:15:09.759: New node: IP: 149.154.167.216. Number of nodes 8
EtherApe-INFO: 11:16:37.567: New node: IP: 95.216.195.133. Number of nodes 9
EtherApe-INFO: 11:17:59.296: delete node: IP: 149.154.167.216. Number of nodes 8
EtherApe-INFO: 11:18:11.263: New node: IP: 149.154.167.216. Number of nodes 9
EtherApe-INFO: 11:18:39.475: delete node: IP: 95.216.195.133. Number of nodes 8
EtherApe-INFO: 11:21:37.599: New node: IP: 95.216.195.133. Number of nodes 9
EtherApe-INFO: 11:23:40.701: delete node: IP: 95.216.195.133. Number of nodes 8
EtherApe-INFO: 11:26:37.751: New node: IP: 95.216.195.133. Number of nodes 9
EtherApe-INFO: 11:28:41.662: delete node: IP: 95.216.195.133. Number of nodes 8
EtherApe-INFO: 11:29:49.316: delete node: IP: 149.154.167.216. Number of nodes 7
EtherApe-INFO: 11:30:00.759: New node: IP: 149.154.167.216. Number of nodes 8
EtherApe-INFO: 11:31:37.528: New node: IP: 95.216.195.133. Number of nodes 9
EtherApe-INFO: 11:33:38.390: delete node: IP: 95.216.195.133. Number of nodes 8
EtherApe-INFO: 11:34:10.173: delete node: IP: 149.154.167.216. Number of nodes 7
EtherApe-INFO: 11:36:37.560: New node: IP: 95.216.195.133. Number of nodes 8
EtherApe-INFO: 11:37:37.975: New node: IP: 149.154.167.216. Number of nodes 9
EtherApe-INFO: 11:38:38.681: delete node: IP: 95.216.195.133. Number of nodes 8
EtherApe-INFO: 11:41:37.591: New node: IP: 95.216.195.133. Number of nodes 9
EtherApe-INFO: 11:43:39.274: delete node: IP: 95.216.195.133. Number of nodes 8
EtherApe-INFO: 11:46:37.623: New node: IP: 95.216.195.133. Number of nodes 9
EtherApe-INFO: 11:48:38.235: delete node: IP: 95.216.195.133. Number of nodes 8
EtherApe-INFO: 11:50:05.788: delete node: IP: 149.154.167.216. Number of nodes 7
EtherApe-INFO: 11:50:20.343: New node: IP: 149.154.167.216. Number of nodes 8
EtherApe-INFO: 11:51:37.655: New node: IP: 95.216.195.133. Number of nodes 9
EtherApe-INFO: 11:52:36.378: delete node: IP: 149.154.167.216. Number of nodes 8
EtherApe-INFO: 11:53:37.855: delete node: IP: 95.216.195.133. Number of nodes 7
EtherApe-INFO: 11:53:51.416: New node: IP: 149.154.167.216. Number of nodes 8
EtherApe-INFO: 11:56:37.559: New node: IP: 95.216.195.133. Number of nodes 9
EtherApe-INFO: 11:57:19.104: delete node: IP: 149.154.167.216. Number of nodes 8
EtherApe-INFO: 11:57:54.871: New node: IP: 149.154.167.216. Number of nodes 9
EtherApe-INFO: 11:58:42.838: delete node: IP: 95.216.195.133. Number of nodes 8
EtherApe-INFO: 11:59:31.895: New node: IP: 149.154.167.255. Number of nodes 9
EtherApe-INFO: 12:00:10.564: delete node: IP: 149.154.167.216. Number of nodes 8
EtherApe-INFO: 12:00:22.839: New node: IP: 149.154.167.216. Number of nodes 9
EtherApe-INFO: 12:01:37.591: New node: IP: 95.216.195.133. Number of nodes 10
EtherApe-INFO: 12:01:49.463: delete node: IP: 149.154.167.255. Number of nodes 9
EtherApe-INFO: 12:02:39.043: delete node: IP: 149.154.167.216. Number of nodes 8
EtherApe-INFO: 12:03:03.352: New node: IP: 149.154.167.216. Number of nodes 9
EtherApe-INFO: 12:03:41.501: delete node: IP: 95.216.195.133. Number of nodes 8
EtherApe-INFO: 12:06:37.624: New node: IP: 95.216.195.133. Number of nodes 9
EtherApe-INFO: 12:07:39.925: delete node: IP: 149.154.167.216. Number of nodes 8
EtherApe-INFO: 12:07:50.071: New node: IP: 149.154.167.216. Number of nodes 9
EtherApe-INFO: 12:08:38.216: delete node: IP: 95.216.195.133. Number of nodes 8
EtherApe-INFO: 12:11:37.655: New node: IP: 95.216.195.133. Number of nodes 9
EtherApe-INFO: 12:13:37.980: delete node: IP: 95.216.195.133. Number of nodes 8
EtherApe-INFO: 12:16:37.688: New node: IP: 95.216.195.133. Number of nodes 9
EtherApe-INFO: 12:18:39.365: delete node: IP: 95.216.195.133. Number of nodes 8
EtherApe-INFO: 12:21:37.719: New node: IP: 95.216.195.133. Number of nodes 9
EtherApe-INFO: 12:23:39.422: delete node: IP: 95.216.195.133. Number of nodes 8
EtherApe-INFO: 12:26:37.575: New node: IP: 95.216.195.133. Number of nodes 9
EtherApe-INFO: 12:28:39.513: delete node: IP: 95.216.195.133. Number of nodes 8
EtherApe-INFO: 12:29:03.006: delete node: IP: 149.154.167.216. Number of nodes 7
EtherApe-INFO: 12:30:15.432: New node: IP: 149.154.167.216. Number of nodes 8
EtherApe-INFO: 12:31:37.608: New node: IP: 95.216.195.133. Number of nodes 9
EtherApe-INFO: 12:33:38.199: delete node: IP: 95.216.195.133. Number of nodes 8
EtherApe-INFO: 12:34:53.805: delete node: IP: 149.154.167.216. Number of nodes 7
EtherApe-INFO: 12:36:37.639: New node: IP: 95.216.195.133. Number of nodes 8
EtherApe-INFO: 12:38:38.255: delete node: IP: 95.216.195.133. Number of nodes 7
EtherApe-INFO: 12:40:48.263: New node: IP: 149.154.167.216. Number of nodes 8
EtherApe-INFO: 12:41:37.672: New node: IP: 95.216.195.133. Number of nodes 9
EtherApe-INFO: 12:43:38.335: delete node: IP: 95.216.195.133. Number of nodes 8
EtherApe-INFO: 12:46:37.703: New node: IP: 95.216.195.133. Number of nodes 9
EtherApe-INFO: 12:47:52.515: delete node: IP: 149.154.167.216. Number of nodes 8
EtherApe-INFO: 12:48:40.928: delete node: IP: 95.216.195.133. Number of nodes 7
EtherApe-INFO: 12:50:11.719: New node: IP: 149.154.167.216. Number of nodes 8
EtherApe-INFO: 12:51:37.736: New node: IP: 95.216.195.133. Number of nodes 9
EtherApe-INFO: 12:52:27.481: delete node: IP: 149.154.167.216. Number of nodes 8
EtherApe-INFO: 12:52:42.504: New node: IP: 149.154.167.216. Number of nodes 9
EtherApe-INFO: 12:53:40.772: delete node: IP: 95.216.195.133. Number of nodes 8
EtherApe-INFO: 12:56:37.623: New node: IP: 95.216.195.133. Number of nodes 9
EtherApe-INFO: 12:58:38.724: delete node: IP: 95.216.195.133. Number of nodes 8
EtherApe-INFO: 13:01:37.656: New node: IP: 95.216.195.133. Number of nodes 9
EtherApe-INFO: 13:02:33.236: delete node: IP: 149.154.167.216. Number of nodes 8
EtherApe-INFO: 13:03:38.534: delete node: IP: 95.216.195.133. Number of nodes 7
EtherApe-INFO: 13:04:15.607: New node: IP: 149.154.167.216. Number of nodes 8
EtherApe-INFO: 13:06:37.688: New node: IP: 95.216.195.133. Number of nodes 9
EtherApe-INFO: 13:08:31.876: delete node: IP: 149.154.167.216. Number of nodes 8
EtherApe-INFO: 13:08:43.216: delete node: IP: 95.216.195.133. Number of nodes 7
EtherApe-INFO: 13:09:58.903: New node: IP: 149.154.167.216. Number of nodes 8
EtherApe-INFO: 13:11:37.720: New node: IP: 95.216.195.133. Number of nodes 9
EtherApe-INFO: 13:13:38.899: delete node: IP: 95.216.195.133. Number of nodes 8
EtherApe-INFO: 13:14:23.636: delete node: IP: 149.154.167.216. Number of nodes 7
EtherApe-INFO: 13:16:37.751: New node: IP: 95.216.195.133. Number of nodes 8
EtherApe-INFO: 13:18:39.387: delete node: IP: 95.216.195.133. Number of nodes 7
EtherApe-INFO: 13:20:17.400: New node: IP: 149.154.167.216. Number of nodes 8
EtherApe-INFO: 13:21:37.528: New node: IP: 95.216.195.133. Number of nodes 9
EtherApe-INFO: 13:23:39.835: delete node: IP: 95.216.195.133. Number of nodes 8
EtherApe-INFO: 13:26:37.711: New node: IP: 95.216.195.133. Number of nodes 9
EtherApe-INFO: 13:27:07.675: delete node: IP: 149.154.167.216. Number of nodes 8
EtherApe-INFO: 13:28:38.116: delete node: IP: 95.216.195.133. Number of nodes 7
EtherApe-INFO: 13:30:52.688: New node: IP: 149.154.167.216. Number of nodes 8
EtherApe-INFO: 13:31:37.743: New node: IP: 95.216.195.133. Number of nodes 9
EtherApe-INFO: 13:33:10.190: delete node: IP: 149.154.167.216. Number of nodes 8
EtherApe-INFO: 13:33:38.883: delete node: IP: 95.216.195.133. Number of nodes 7
EtherApe-INFO: 13:36:37.519: New node: IP: 95.216.195.133. Number of nodes 8
EtherApe-INFO: 13:38:24.784: New node: IP: 149.154.167.216. Number of nodes 9
EtherApe-INFO: 13:38:38.180: delete node: IP: 95.216.195.133. Number of nodes 8
EtherApe-INFO: 13:41:37.551: New node: IP: 95.216.195.133. Number of nodes 9
EtherApe-INFO: 13:41:40.968: delete node: IP: 149.154.167.216. Number of nodes 8
EtherApe-INFO: 13:41:43.952: New node: IP: 149.154.167.216. Number of nodes 9
EtherApe-INFO: 13:43:37.874: delete node: IP: 95.216.195.133. Number of nodes 8
EtherApe-INFO: 13:46:37.584: New node: IP: 95.216.195.133. Number of nodes 9
EtherApe-INFO: 13:48:41.255: delete node: IP: 95.216.195.133. Number of nodes 8
EtherApe-INFO: 13:51:37.619: New node: IP: 95.216.195.133. Number of nodes 9
EtherApe-INFO: 13:53:38.710: delete node: IP: 95.216.195.133. Number of nodes 8
EtherApe-INFO: 13:54:57.796: delete node: IP: 149.154.167.216. Number of nodes 7
EtherApe-INFO: 13:54:59.799: New node: IP: 149.154.167.216. Number of nodes 8
EtherApe-INFO: 13:56:37.592: New node: IP: 95.216.195.133. Number of nodes 9
EtherApe-INFO: 13:58:40.285: delete node: IP: 95.216.195.133. Number of nodes 8
EtherApe-INFO: 14:01:37.624: New node: IP: 95.216.195.133. Number of nodes 9
EtherApe-INFO: 14:03:32.567: New node: IP: 149.154.171.255. Number of nodes 10
EtherApe-INFO: 14:03:40.343: delete node: IP: 95.216.195.133. Number of nodes 9
EtherApe-INFO: 14:05:49.080: delete node: IP: 149.154.171.255. Number of nodes 8
EtherApe-INFO: 14:06:37.655: New node: IP: 95.216.195.133. Number of nodes 9
EtherApe-INFO: 14:07:19.149: delete node: IP: 149.154.167.216. Number of nodes 8
EtherApe-INFO: 14:08:38.027: delete node: IP: 95.216.195.133. Number of nodes 7
EtherApe-INFO: 14:09:03.831: New node: IP: 149.154.167.216. Number of nodes 8
EtherApe-INFO: 14:11:19.072: delete node: IP: 149.154.167.216. Number of nodes 7
EtherApe-INFO: 14:11:37.687: New node: IP: 95.216.195.133. Number of nodes 8
EtherApe-INFO: 14:13:38.016: delete node: IP: 95.216.195.133. Number of nodes 7
EtherApe-INFO: 14:14:32.535: New node: IP: 149.154.167.216. Number of nodes 8
EtherApe-INFO: 14:16:37.719: New node: IP: 95.216.195.133. Number of nodes 9
EtherApe-INFO: 14:18:37.821: delete node: IP: 95.216.195.133. Number of nodes 8
EtherApe-INFO: 14:19:18.785: delete node: IP: 149.154.167.216. Number of nodes 7
EtherApe-INFO: 14:21:37.751: New node: IP: 95.216.195.133. Number of nodes 8
EtherApe-INFO: 14:22:07.703: New node: IP: 149.154.167.216. Number of nodes 9
EtherApe-INFO: 14:23:38.064: delete node: IP: 95.216.195.133. Number of nodes 8
EtherApe-INFO: 14:25:26.588: delete node: IP: 149.154.167.216. Number of nodes 7
EtherApe-INFO: 14:25:35.264: New node: IP: 149.154.167.216. Number of nodes 8
EtherApe-INFO: 14:26:37.727: New node: IP: 95.216.195.133. Number of nodes 9
EtherApe-INFO: 14:27:51.213: delete node: IP: 149.154.167.216. Number of nodes 8
EtherApe-INFO: 14:28:39.424: delete node: IP: 95.216.195.133. Number of nodes 7
EtherApe-INFO: 14:28:39.583: New node: IP: 149.154.167.216. Number of nodes 8
EtherApe-INFO: 14:30:56.568: delete node: IP: 149.154.167.216. Number of nodes 7
EtherApe-INFO: 14:31:10.367: New node: IP: 149.154.167.216. Number of nodes 8
EtherApe-INFO: 14:31:37.760: New node: IP: 95.216.195.133. Number of nodes 9
EtherApe-INFO: 14:33:10.432: New node: IP: 1.1.1.1. Number of nodes 10
EtherApe-INFO: 14:33:40.175: delete node: IP: 95.216.195.133. Number of nodes 9
EtherApe-INFO: 14:34:56.505: delete node: IP: 149.154.167.216. Number of nodes 8
EtherApe-INFO: 14:35:11.311: delete node: IP: 1.1.1.1. Number of nodes 7
EtherApe-INFO: 14:36:37.535: New node: IP: 95.216.195.133. Number of nodes 8
EtherApe-INFO: 14:36:51.360: New node: IP: 149.154.167.216. Number of nodes 9
EtherApe-INFO: 14:38:38.154: delete node: IP: 95.216.195.133. Number of nodes 8
EtherApe-INFO: 14:41:30.733: delete node: IP: 149.154.167.216. Number of nodes 7
EtherApe-INFO: 14:41:37.568: New node: IP: 95.216.195.133. Number of nodes 8
EtherApe-INFO: 14:42:40.543: New node: IP: 149.154.167.216. Number of nodes 9
EtherApe-INFO: 14:43:40.260: delete node: IP: 95.216.195.133. Number of nodes 8
EtherApe-INFO: 14:46:37.600: New node: IP: 95.216.195.133. Number of nodes 9
EtherApe-INFO: 14:47:11.221: delete node: IP: 149.154.167.216. Number of nodes 8
EtherApe-INFO: 14:48:39.473: delete node: IP: 95.216.195.133. Number of nodes 7
EtherApe-INFO: 14:50:14.687: New node: IP: 149.154.167.216. Number of nodes 8
EtherApe-INFO: 14:51:37.631: New node: IP: 95.216.195.133. Number of nodes 9
EtherApe-INFO: 14:53:39.911: delete node: IP: 95.216.195.133. Number of nodes 8
EtherApe-INFO: 14:54:19.122: delete node: IP: 149.154.167.216. Number of nodes 7
EtherApe-INFO: 14:56:16.527: New node: IP: 149.154.167.216. Number of nodes 8
EtherApe-INFO: 14:56:37.519: New node: IP: 95.216.195.133. Number of nodes 9
EtherApe-INFO: 14:58:32.818: delete node: IP: 149.154.167.216. Number of nodes 8
EtherApe-INFO: 14:58:38.641: delete node: IP: 95.216.195.133. Number of nodes 7
EtherApe-INFO: 14:59:17.263: New node: IP: 149.154.167.216. Number of nodes 8
EtherApe-INFO: 15:01:37.552: New node: IP: 95.216.195.133. Number of nodes 9
EtherApe-INFO: 15:02:44.118: delete node: IP: 149.154.167.216. Number of nodes 8
EtherApe-INFO: 15:03:37.965: delete node: IP: 95.216.195.133. Number of nodes 7
EtherApe-INFO: 15:04:18.832: New node: IP: 149.154.167.216. Number of nodes 8
EtherApe-INFO: 15:06:37.583: New node: IP: 95.216.195.133. Number of nodes 9
EtherApe-INFO: 15:08:37.992: delete node: IP: 95.216.195.133. Number of nodes 8
EtherApe-INFO: 15:10:05.209: delete node: IP: 149.154.167.216. Number of nodes 7
EtherApe-INFO: 15:11:20.719: New node: IP: 149.154.167.216. Number of nodes 8
EtherApe-INFO: 15:11:37.615: New node: IP: 95.216.195.133. Number of nodes 9
EtherApe-INFO: 15:13:42.590: delete node: IP: 95.216.195.133. Number of nodes 8
EtherApe-INFO: 15:16:37.648: New node: IP: 95.216.195.133. Number of nodes 9
EtherApe-INFO: 15:18:05.017: delete node: IP: 149.154.167.216. Number of nodes 8
EtherApe-INFO: 15:18:32.592: New node: IP: 149.154.167.216. Number of nodes 9
EtherApe-INFO: 15:18:40.065: delete node: IP: 95.216.195.133. Number of nodes 8
EtherApe-INFO: 15:21:37.679: New node: IP: 95.216.195.133. Number of nodes 9
EtherApe-INFO: 15:23:31.802: delete node: IP: 149.154.167.216. Number of nodes 8
EtherApe-INFO: 15:23:39.972: delete node: IP: 95.216.195.133. Number of nodes 7
EtherApe-INFO: 15:25:03.375: New node: IP: 149.154.167.216. Number of nodes 8
EtherApe-INFO: 15:26:37.584: New node: IP: 95.216.195.133. Number of nodes 9
EtherApe-INFO: 15:28:40.754: delete node: IP: 95.216.195.133. Number of nodes 8
EtherApe-INFO: 15:31:37.615: New node: IP: 95.216.195.133. Number of nodes 9
EtherApe-INFO: 15:32:35.757: delete node: IP: 149.154.167.216. Number of nodes 8
EtherApe-INFO: 15:33:25.903: New node: IP: 149.154.167.216. Number of nodes 9
EtherApe-INFO: 15:33:40.332: delete node: IP: 95.216.195.133. Number of nodes 8
EtherApe-INFO: 15:36:37.647: New node: IP: 95.216.195.133. Number of nodes 9
EtherApe-INFO: 15:37:46.339: delete node: IP: 149.154.167.216. Number of nodes 8
EtherApe-INFO: 15:38:39.346: delete node: IP: 95.216.195.133. Number of nodes 7
EtherApe-INFO: 15:40:28.559: New node: IP: 149.154.167.216. Number of nodes 8
EtherApe-INFO: 15:41:37.679: New node: IP: 95.216.195.133. Number of nodes 9
EtherApe-INFO: 15:42:45.094: delete node: IP: 149.154.167.216. Number of nodes 8
EtherApe-INFO: 15:43:38.008: delete node: IP: 95.216.195.133. Number of nodes 7
EtherApe-INFO: 15:45:59.823: New node: IP: 149.154.167.216. Number of nodes 8
EtherApe-INFO: 15:46:37.711: New node: IP: 95.216.195.133. Number of nodes 9
EtherApe-INFO: 15:48:40.430: delete node: IP: 95.216.195.133. Number of nodes 8
EtherApe-INFO: 15:50:13.826: delete node: IP: 149.154.167.216. Number of nodes 7
EtherApe-INFO: 15:51:37.744: New node: IP: 95.216.195.133. Number of nodes 8
EtherApe-INFO: 15:53:41.292: delete node: IP: 95.216.195.133. Number of nodes 7
EtherApe-INFO: 15:54:32.471: New node: IP: 149.154.167.216. Number of nodes 8
EtherApe-INFO: 15:56:37.655: New node: IP: 95.216.195.133. Number of nodes 9
EtherApe-INFO: 15:56:47.672: delete node: IP: 149.154.167.216. Number of nodes 8
EtherApe-INFO: 15:57:32.696: New node: IP: 149.154.167.216. Number of nodes 9
EtherApe-INFO: 15:58:42.169: delete node: IP: 95.216.195.133. Number of nodes 8
EtherApe-INFO: 16:01:37.687: New node: IP: 95.216.195.133. Number of nodes 9
EtherApe-INFO: 16:03:38.044: delete node: IP: 95.216.195.133. Number of nodes 8
EtherApe-INFO: 16:04:51.282: delete node: IP: 149.154.167.216. Number of nodes 7
EtherApe-INFO: 16:06:37.719: New node: IP: 95.216.195.133. Number of nodes 8
EtherApe-INFO: 16:08:37.864: delete node: IP: 95.216.195.133. Number of nodes 7
EtherApe-INFO: 16:10:06.359: New node: IP: 149.154.167.216. Number of nodes 8
EtherApe-INFO: 16:11:36.727: New node: IP: 149.154.167.255. Number of nodes 9
EtherApe-INFO: 16:11:37.751: New node: IP: 95.216.195.133. Number of nodes 10
EtherApe-INFO: 16:12:23.892: delete node: IP: 149.154.167.216. Number of nodes 9
EtherApe-INFO: 16:13:07.352: New node: IP: 149.154.167.216. Number of nodes 10
EtherApe-INFO: 16:13:39.649: delete node: IP: 95.216.195.133. Number of nodes 9
EtherApe-INFO: 16:13:52.223: delete node: IP: 149.154.167.255. Number of nodes 8
EtherApe-INFO: 16:15:24.099: delete node: IP: 149.154.167.216. Number of nodes 7
EtherApe-INFO: 16:16:37.527: New node: IP: 95.216.195.133. Number of nodes 8
EtherApe-INFO: 16:17:08.503: New node: IP: 149.154.167.216. Number of nodes 9
EtherApe-INFO: 16:18:38.664: delete node: IP: 95.216.195.133. Number of nodes 8
EtherApe-INFO: 16:21:37.559: New node: IP: 95.216.195.133. Number of nodes 9
EtherApe-INFO: 16:21:54.725: delete node: IP: 149.154.167.216. Number of nodes 8
EtherApe-INFO: 16:23:38.541: delete node: IP: 95.216.195.133. Number of nodes 7
EtherApe-INFO: 16:25:35.239: New node: IP: 149.154.167.216. Number of nodes 8
EtherApe-INFO: 16:26:37.704: New node: IP: 95.216.195.133. Number of nodes 9
EtherApe-INFO: 16:28:38.833: delete node: IP: 95.216.195.133. Number of nodes 8
EtherApe-INFO: 16:31:37.735: New node: IP: 95.216.195.133. Number of nodes 9
EtherApe-INFO: 16:33:38.611: delete node: IP: 95.216.195.133. Number of nodes 8
EtherApe-INFO: 16:34:37.756: delete node: IP: 149.154.167.216. Number of nodes 7
EtherApe-INFO: 16:35:23.271: New node: IP: 149.154.167.216. Number of nodes 8
EtherApe-INFO: 16:36:37.768: New node: IP: 95.216.195.133. Number of nodes 9
EtherApe-INFO: 16:37:38.760: delete node: IP: 149.154.167.216. Number of nodes 8
EtherApe-INFO: 16:38:38.103: delete node: IP: 95.216.195.133. Number of nodes 7
EtherApe-INFO: 16:38:44.231: New node: IP: 149.154.167.216. Number of nodes 8
EtherApe-INFO: 16:41:37.543: New node: IP: 95.216.195.133. Number of nodes 9
EtherApe-INFO: 16:43:10.737: delete node: IP: 149.154.167.216. Number of nodes 8
EtherApe-INFO: 16:43:42.302: delete node: IP: 95.216.195.133. Number of nodes 7
EtherApe-INFO: 16:43:45.543: New node: IP: 149.154.167.216. Number of nodes 8
EtherApe-INFO: 16:46:37.639: New node: IP: 95.216.195.133. Number of nodes 9
EtherApe-INFO: 16:48:39.108: delete node: IP: 95.216.195.133. Number of nodes 8
EtherApe-INFO: 16:48:43.679: New node: IP: 149.154.167.255. Number of nodes 9
EtherApe-INFO: 16:51:37.759: New node: IP: 95.216.195.133. Number of nodes 10
EtherApe-INFO: 16:53:37.929: delete node: IP: 95.216.195.133. Number of nodes 9
EtherApe-INFO: 16:54:17.083: delete node: IP: 149.154.167.255. Number of nodes 8
EtherApe-INFO: 16:54:18.413: delete node: IP: 149.154.167.216. Number of nodes 7
EtherApe-INFO: 16:55:27.991: New node: IP: 1.1.1.1. Number of nodes 8
EtherApe-INFO: 16:55:27.991: New node: IP: 89.187.191.12. Number of nodes 9
EtherApe-INFO: 16:56:37.615: New node: IP: 95.216.195.133. Number of nodes 10
EtherApe-INFO: 16:57:16.784: New node: IP: 149.154.167.216. Number of nodes 11
EtherApe-INFO: 16:57:29.084: delete node: IP: 1.1.1.1. Number of nodes 10
EtherApe-INFO: 16:58:37.822: delete node: IP: 95.216.195.133. Number of nodes 9
EtherApe-INFO: 16:59:12.544: New node: IP: 95.216.144.15. Number of nodes 10
EtherApe-INFO: 16:59:32.799: delete node: IP: 149.154.167.216. Number of nodes 9
EtherApe-INFO: 17:01:08.305: delete node: IP: 89.187.191.12. Number of nodes 8
EtherApe-INFO: 17:01:13.932: delete node: IP: 95.216.144.15. Number of nodes 7
EtherApe-INFO: 17:01:37.696: New node: IP: 95.216.195.133. Number of nodes 8
EtherApe-INFO: 17:03:37.847: delete node: IP: 95.216.195.133. Number of nodes 7
EtherApe-INFO: 17:06:37.728: New node: IP: 95.216.195.133. Number of nodes 8
EtherApe-INFO: 17:08:39.399: delete node: IP: 95.216.195.133. Number of nodes 7
EtherApe-INFO: 17:11:37.759: New node: IP: 95.216.195.133. Number of nodes 8
EtherApe-INFO: 17:13:41.198: delete node: IP: 95.216.195.133. Number of nodes 7
EtherApe-INFO: 17:13:59.072: New node: IP: 34.120.208.123. Number of nodes 8
EtherApe-INFO: 17:16:00.738: delete node: IP: 34.120.208.123. Number of nodes 7
EtherApe-INFO: 17:16:37.536: New node: IP: 95.216.195.133. Number of nodes 8
EtherApe-INFO: 17:18:39.232: delete node: IP: 95.216.195.133. Number of nodes 7
EtherApe-INFO: 17:21:37.567: New node: IP: 95.216.195.133. Number of nodes 8
EtherApe-INFO: 17:23:39.942: delete node: IP: 95.216.195.133. Number of nodes 7
EtherApe-INFO: 17:26:37.735: New node: IP: 95.216.195.133. Number of nodes 8
EtherApe-INFO: 17:28:38.876: delete node: IP: 95.216.195.133. Number of nodes 7
EtherApe-INFO: 17:31:37.511: New node: IP: 95.216.195.133. Number of nodes 8
EtherApe-INFO: 17:33:38.132: delete node: IP: 95.216.195.133. Number of nodes 7
EtherApe-INFO: 17:36:37.544: New node: IP: 95.216.195.133. Number of nodes 8
EtherApe-INFO: 17:36:47.016: New node: IP: 149.154.167.216. Number of nodes 9
EtherApe-INFO: 17:38:39.447: delete node: IP: 95.216.195.133. Number of nodes 8
EtherApe-INFO: 17:39:03.558: delete node: IP: 149.154.167.216. Number of nodes 7
EtherApe-INFO: 17:41:37.615: New node: IP: 95.216.195.133. Number of nodes 8
EtherApe-INFO: 17:43:38.773: delete node: IP: 95.216.195.133. Number of nodes 7
EtherApe-INFO: 17:44:11.727: New node: IP: 149.154.167.216. Number of nodes 8
EtherApe-INFO: 17:46:27.169: delete node: IP: 149.154.167.216. Number of nodes 7
EtherApe-INFO: 17:46:37.648: New node: IP: 95.216.195.133. Number of nodes 8
EtherApe-INFO: 17:48:38.244: delete node: IP: 95.216.195.133. Number of nodes 7
EtherApe-INFO: 17:51:37.680: New node: IP: 95.216.195.133. Number of nodes 8
EtherApe-INFO: 17:53:38.857: delete node: IP: 95.216.195.133. Number of nodes 7
EtherApe-INFO: 17:56:35.311: New node: IP: 149.154.167.216. Number of nodes 8
EtherApe-INFO: 17:56:37.615: New node: IP: 95.216.195.133. Number of nodes 9
EtherApe-INFO: 17:58:38.235: delete node: IP: 95.216.195.133. Number of nodes 8
EtherApe-INFO: 17:58:51.512: delete node: IP: 149.154.167.216. Number of nodes 7
EtherApe-INFO: 18:00:18.031: New node: IP: 149.154.167.216. Number of nodes 8
EtherApe-INFO: 18:01:37.647: New node: IP: 95.216.195.133. Number of nodes 9
EtherApe-INFO: 18:03:38.295: delete node: IP: 95.216.195.133. Number of nodes 8
EtherApe-INFO: 18:04:58.352: New node: IP: 34.120.208.123. Number of nodes 9
EtherApe-INFO: 18:06:37.679: New node: IP: 95.216.195.133. Number of nodes 10
EtherApe-INFO: 18:06:58.727: delete node: IP: 149.154.167.216. Number of nodes 9
EtherApe-INFO: 18:06:58.727: delete node: IP: 34.120.208.123. Number of nodes 8
EtherApe-INFO: 18:07:50.640: New node: IP: 149.154.167.216. Number of nodes 9
EtherApe-INFO: 18:08:38.350: delete node: IP: 95.216.195.133. Number of nodes 8
EtherApe-INFO: 18:10:05.819: delete node: IP: 149.154.167.216. Number of nodes 7
EtherApe-INFO: 18:11:00.335: New node: IP: 149.154.167.216. Number of nodes 8
EtherApe-INFO: 18:11:37.711: New node: IP: 95.216.195.133. Number of nodes 9
EtherApe-INFO: 18:13:16.858: delete node: IP: 149.154.167.216. Number of nodes 8
EtherApe-INFO: 18:13:38.841: delete node: IP: 95.216.195.133. Number of nodes 7
EtherApe-INFO: 18:16:37.743: New node: IP: 95.216.195.133. Number of nodes 8
EtherApe-INFO: 18:17:01.807: New node: IP: 149.154.167.216. Number of nodes 9
EtherApe-INFO: 18:18:37.968: delete node: IP: 95.216.195.133. Number of nodes 8
EtherApe-INFO: 18:19:17.138: delete node: IP: 149.154.167.216. Number of nodes 7
EtherApe-INFO: 18:21:32.023: New node: IP: 89.187.191.12. Number of nodes 8
EtherApe-INFO: 18:21:37.656: New node: IP: 95.216.195.133. Number of nodes 9
EtherApe-INFO: 18:23:35.011: delete node: IP: 89.187.191.12. Number of nodes 8
EtherApe-INFO: 18:23:41.348: delete node: IP: 95.216.195.133. Number of nodes 7
