(etherape:2450): GLib-GIO-DEBUG: 04:02:07.600: _g_io_module_get_default: Found default implementation local (GLocalVfs) for ‘gio-vfs’
(etherape:2450): GLib-GIO-DEBUG: 04:02:07.663: Using cross-namespace EXTERNAL authentication (this will deadlock if server is GDBus < 2.73.3)
EtherApe-INFO: 04:02:07.725: sctp protocol not supported
EtherApe-INFO: 04:02:07.725: dccp protocol not supported
EtherApe-INFO: 04:02:07.725: sctp protocol not supported
EtherApe-INFO: 04:02:07.725: sctp protocol not supported
EtherApe-INFO: 04:02:07.725: sctp protocol not supported
EtherApe-INFO: 04:02:07.726: sctp protocol not supported
EtherApe-INFO: 04:02:07.726: sctp protocol not supported
EtherApe-INFO: 04:02:07.726: sctp protocol not supported
EtherApe-INFO: 04:02:07.726: sctp protocol not supported
EtherApe-INFO: 04:02:07.726: dccp protocol not supported
EtherApe-INFO: 04:02:07.726: sctp protocol not supported
EtherApe-INFO: 04:02:07.726: dccp protocol not supported
EtherApe-INFO: 04:02:07.727: dccp protocol not supported
EtherApe-INFO: 04:02:07.727: sctp protocol not supported
EtherApe-INFO: 04:02:07.727: sctp protocol not supported
EtherApe-INFO: 04:02:07.727: sctp protocol not supported
EtherApe-INFO: 04:02:07.728: sctp protocol not supported
EtherApe-INFO: 04:02:07.728: sctp protocol not supported
EtherApe-INFO: 04:02:07.729: sctp protocol not supported
EtherApe-INFO: 04:02:07.729: sctp protocol not supported
EtherApe-INFO: 04:02:07.729: sctp protocol not supported
EtherApe-INFO: 04:02:07.729: sctp protocol not supported
EtherApe-INFO: 04:02:07.729: sctp protocol not supported
EtherApe-INFO: 04:02:07.730: sctp protocol not supported
EtherApe-INFO: 04:02:07.730: sctp protocol not supported
EtherApe-INFO: 04:02:07.730: sctp protocol not supported
EtherApe-INFO: 04:02:07.730: sctp protocol not supported
EtherApe-INFO: 04:02:07.730: sctp protocol not supported
EtherApe-INFO: 04:02:07.730: dccp protocol not supported
EtherApe-INFO: 04:02:07.730: sctp protocol not supported
EtherApe-INFO: 04:02:07.731: sctp protocol not supported
EtherApe-INFO: 04:02:07.731: dccp protocol not supported
EtherApe-INFO: 04:02:07.731: sctp protocol not supported
EtherApe-INFO: 04:02:07.731: sctp protocol not supported
EtherApe-INFO: 04:02:07.731: sctp protocol not supported
EtherApe-INFO: 04:02:07.731: dccp protocol not supported
EtherApe-INFO: 04:02:07.731: dccp protocol not supported
EtherApe-INFO: 04:02:07.731: sctp protocol not supported
EtherApe-INFO: 04:02:07.731: sctp protocol not supported
EtherApe-INFO: 04:02:07.731: sctp protocol not supported
EtherApe-INFO: 04:02:07.731: sctp protocol not supported
EtherApe-INFO: 04:02:07.731: sctp protocol not supported
EtherApe-INFO: 04:02:07.731: sctp protocol not supported
EtherApe-INFO: 04:02:07.731: sctp protocol not supported
EtherApe-INFO: 04:02:07.731: sctp protocol not supported
EtherApe-INFO: 04:02:07.732: sctp protocol not supported
EtherApe-INFO: 04:02:07.732: sctp protocol not supported
EtherApe-INFO: 04:02:07.732: sctp protocol not supported
EtherApe-INFO: 04:02:07.732: sctp protocol not supported
EtherApe-INFO: 04:02:07.732: sctp protocol not supported
EtherApe-INFO: 04:02:07.732: sctp protocol not supported
EtherApe-INFO: 04:02:07.732: sctp protocol not supported
EtherApe-INFO: 04:02:07.732: sctp protocol not supported
EtherApe-INFO: 04:02:07.732: sctp protocol not supported
EtherApe-INFO: 04:02:07.732: sctp protocol not supported
EtherApe-INFO: 04:02:07.732: sctp protocol not supported
EtherApe-INFO: 04:02:07.732: sctp protocol not supported
EtherApe-INFO: 04:02:07.732: dccp protocol not supported
EtherApe-INFO: 04:02:07.732: sctp protocol not supported
EtherApe-INFO: 04:02:07.732: sctp protocol not supported
EtherApe-INFO: 04:02:07.732: sctp protocol not supported
EtherApe-INFO: 04:02:07.732: sctp protocol not supported
EtherApe-INFO: 04:02:07.732: sctp protocol not supported
EtherApe-INFO: 04:02:07.732: sctp protocol not supported
EtherApe-INFO: 04:02:07.732: sctp protocol not supported
EtherApe-INFO: 04:02:07.733: sctp protocol not supported
EtherApe-INFO: 04:02:07.733: sctp protocol not supported
EtherApe-INFO: 04:02:07.733: sctp protocol not supported
EtherApe-INFO: 04:02:07.733: sctp protocol not supported
EtherApe-INFO: 04:02:07.733: sctp protocol not supported
EtherApe-INFO: 04:02:07.733: sctp protocol not supported
EtherApe-INFO: 04:02:07.733: sctp protocol not supported
EtherApe-INFO: 04:02:07.733: sctp protocol not supported
EtherApe-INFO: 04:02:07.733: sctp protocol not supported
EtherApe-INFO: 04:02:07.733: sctp protocol not supported
EtherApe-INFO: 04:02:07.733: sctp protocol not supported
EtherApe-INFO: 04:02:07.733: sctp protocol not supported
EtherApe-INFO: 04:02:07.734: sctp protocol not supported
EtherApe-INFO: 04:02:07.734: sctp protocol not supported
EtherApe-INFO: 04:02:07.734: sctp protocol not supported
EtherApe-INFO: 04:02:07.734: sctp protocol not supported
EtherApe-INFO: 04:02:07.734: sctp protocol not supported
EtherApe-INFO: 04:02:07.734: sctp protocol not supported
EtherApe-INFO: 04:02:07.734: sctp protocol not supported
EtherApe-INFO: 04:02:07.734: sctp protocol not supported
EtherApe-INFO: 04:02:07.734: sctp protocol not supported
EtherApe-INFO: 04:02:07.734: sctp protocol not supported
EtherApe-INFO: 04:02:07.734: sctp protocol not supported
EtherApe-INFO: 04:02:07.734: sctp protocol not supported
EtherApe-INFO: 04:02:07.734: sctp protocol not supported
EtherApe-INFO: 04:02:07.734: sctp protocol not supported
EtherApe-INFO: 04:02:07.734: sctp protocol not supported
EtherApe-INFO: 04:02:07.734: sctp protocol not supported
EtherApe-INFO: 04:02:07.734: sctp protocol not supported
EtherApe-INFO: 04:02:07.743: get_interface result: ''
EtherApe-INFO: 04:02:07.743: Available interfaces for capture: dbus-session dbus-system nfqueue nflog bluetooth-monitor bluetooth0 lo any wlp2s0
EtherApe-INFO: 04:02:07.744: Link type is LINUX_SLL
EtherApe-INFO: 04:02:07.744: Diagram started
EtherApe-INFO: 04:02:07.999: New node: IP: 169.229.200.70. Number of nodes 1
EtherApe-INFO: 04:02:07.999: New node: IP: 192.168.1.248. Number of nodes 2
EtherApe-INFO: 04:02:07.999: New node: IP: 219.216.128.25. Number of nodes 3
EtherApe-INFO: 04:02:07.999: New node: IP: 1.1.1.1. Number of nodes 4
EtherApe-INFO: 04:02:08.257: New node: IP: 192.168.1.1. Number of nodes 5
EtherApe-INFO: 04:02:10.862: Nodes: 5 (shown 5)
EtherApe-INFO: 04:02:13.382: New node: IP: 8.8.8.8. Number of nodes 6
EtherApe-INFO: 04:02:19.008: New node: IP: 168.119.88.121. Number of nodes 7
EtherApe-INFO: 04:02:24.130: New node: IP: 255.255.255.255. Number of nodes 8
EtherApe-INFO: 04:02:24.384: New node: IP: 51.77.99.2. Number of nodes 9
EtherApe-INFO: 04:02:30.527: New node: IP: 45.220.57.85. Number of nodes 10
EtherApe-INFO: 04:02:33.599: New node: IP: 185.37.252.138. Number of nodes 11
EtherApe-INFO: 04:02:40.512: New node: IP: 89.58.18.85. Number of nodes 12
EtherApe-INFO: 04:02:45.647: New node: IP: 161.97.171.39. Number of nodes 13
EtherApe-INFO: 04:02:52.801: New node: IP: 143.244.34.62. Number of nodes 14
EtherApe-INFO: 04:02:58.943: New node: IP: 84.17.57.98. Number of nodes 15
EtherApe-INFO: 04:03:05.094: New node: IP: 89.187.191.12. Number of nodes 16
EtherApe-INFO: 04:03:16.095: New node: IP: 147.75.48.159. Number of nodes 17
EtherApe-INFO: 04:03:23.007: New node: IP: 163.172.40.174. Number of nodes 18
EtherApe-INFO: 04:03:24.031: New node: IP: 144.76.111.189. Number of nodes 19
EtherApe-INFO: 04:03:25.057: New node: IP: 95.216.195.133. Number of nodes 20
EtherApe-INFO: 04:03:29.665: New node: IP: 192.234.79.198. Number of nodes 21
EtherApe-INFO: 04:03:38.113: New node: IP: 176.9.51.222. Number of nodes 22
EtherApe-INFO: 04:03:43.999: New node: IP: 104.25.95.5. Number of nodes 23
EtherApe-INFO: 04:03:49.121: New node: IP: 137.226.34.46. Number of nodes 24
EtherApe-INFO: 04:03:55.776: New node: IP: 108.61.5.83. Number of nodes 25
EtherApe-INFO: 04:04:07.812: New node: IP: 104.16.248.249. Number of nodes 26
EtherApe-INFO: 04:04:07.823: New node: IP: 34.160.144.191. Number of nodes 27
EtherApe-INFO: 04:04:07.826: New node: IP: 34.120.208.123. Number of nodes 28
EtherApe-INFO: 04:04:07.826: New node: IP: 216.58.208.202. Number of nodes 29
EtherApe-INFO: 04:04:07.827: New node: IP: 13.32.121.96. Number of nodes 30
EtherApe-INFO: 04:04:07.828: New node: IP: 54.185.157.183. Number of nodes 31
EtherApe-INFO: 04:04:07.830: New node: IP: 52.10.85.249. Number of nodes 32
EtherApe-INFO: 04:04:08.063: New node: IP: 52.13.69.101. Number of nodes 33
EtherApe-INFO: 04:04:08.063: New node: IP: 54.191.154.194. Number of nodes 34
EtherApe-INFO: 04:04:08.064: New node: IP: 108.138.17.26. Number of nodes 35
EtherApe-INFO: 04:04:08.072: New node: IP: 87.245.216.9. Number of nodes 36
EtherApe-INFO: 04:04:08.078: New node: IP: 142.250.203.131. Number of nodes 37
EtherApe-INFO: 04:04:08.331: New node: IP: 44.238.39.101. Number of nodes 38
EtherApe-INFO: 04:04:08.404: delete node: IP: 219.216.128.25. Number of nodes 37
EtherApe-INFO: 04:04:08.588: New node: IP: 93.184.220.29. Number of nodes 38
EtherApe-INFO: 04:04:08.594: New node: IP: 34.107.221.82. Number of nodes 39
EtherApe-INFO: 04:04:09.872: New node: IP: 104.17.49.74. Number of nodes 40
EtherApe-INFO: 04:04:10.124: New node: IP: 35.186.227.140. Number of nodes 41
EtherApe-INFO: 04:04:10.125: New node: IP: 142.250.203.142. Number of nodes 42
EtherApe-INFO: 04:04:10.641: New node: IP: 191.101.160.20. Number of nodes 43
EtherApe-INFO: 04:04:11.906: New node: IP: 104.16.249.249. Number of nodes 44
EtherApe-INFO: 04:04:13.190: New node: IP: 78.46.85.216. Number of nodes 45
EtherApe-INFO: 04:04:13.778: delete node: IP: 169.229.200.70. Number of nodes 44
EtherApe-INFO: 04:04:14.225: New node: IP: 3.2.9.2. Number of nodes 45
EtherApe-INFO: 04:04:14.731: New node: IP: 145.40.68.75. Number of nodes 46
EtherApe-INFO: 04:04:15.239: New node: IP: 104.16.99.56. Number of nodes 47
EtherApe-INFO: 04:04:20.101: New node: IP: 76.8.18.91. Number of nodes 48
EtherApe-INFO: 04:04:24.205: delete node: IP: 168.119.88.121. Number of nodes 47
EtherApe-INFO: 04:04:25.989: New node: IP: 37.120.176.32. Number of nodes 48
EtherApe-INFO: 04:04:30.367: delete node: IP: 51.77.99.2. Number of nodes 47
EtherApe-INFO: 04:04:30.592: New node: IP: 192.168.0.1. Number of nodes 48
EtherApe-INFO: 04:04:31.624: New node: IP: 23.92.211.58. Number of nodes 49
EtherApe-INFO: 04:04:31.873: New node: IP: 192.168.0.218. Number of nodes 50
EtherApe-INFO: 04:04:37.759: New node: IP: 89.143.232.146. Number of nodes 51
EtherApe-INFO: 04:04:40.401: delete node: IP: 185.37.252.138. Number of nodes 50
EtherApe-INFO: 04:04:43.654: New node: IP: 45.125.0.6. Number of nodes 51
EtherApe-INFO: 04:04:45.184: New node: IP: 95.216.144.15. Number of nodes 52
EtherApe-INFO: 04:04:50.051: New node: IP: 202.61.244.119. Number of nodes 53
EtherApe-INFO: 04:04:52.218: delete node: IP: 89.58.18.85. Number of nodes 52
EtherApe-INFO: 04:04:52.639: delete node: IP: 161.97.171.39. Number of nodes 51
EtherApe-INFO: 04:04:56.448: New node: IP: 94.130.180.40. Number of nodes 52
EtherApe-INFO: 04:04:58.798: delete node: IP: 143.244.34.62. Number of nodes 51
EtherApe-INFO: 04:05:02.335: New node: IP: 193.35.52.69. Number of nodes 52
EtherApe-INFO: 04:05:05.236: delete node: IP: 84.17.57.98. Number of nodes 51
EtherApe-INFO: 04:05:07.716: New node: IP: 83.233.6.55. Number of nodes 52
EtherApe-INFO: 04:05:08.487: New node: IP: 147.32.127.196. Number of nodes 53
EtherApe-INFO: 04:05:13.603: New node: IP: 140.82.121.3. Number of nodes 54
EtherApe-INFO: 04:05:15.135: New node: IP: 195.230.127.9. Number of nodes 55
EtherApe-INFO: 04:05:15.989: delete node: IP: 89.187.191.12. Number of nodes 54
EtherApe-INFO: 04:05:21.793: New node: IP: 129.97.134.71. Number of nodes 55
EtherApe-INFO: 04:05:22.881: delete node: IP: 147.75.48.159. Number of nodes 54
EtherApe-INFO: 04:05:23.929: delete node: IP: 163.172.40.174. Number of nodes 53
EtherApe-INFO: 04:05:25.410: delete node: IP: 95.216.195.133. Number of nodes 52
EtherApe-INFO: 04:05:29.728: New node: IP: 5.79.108.33. Number of nodes 53
EtherApe-INFO: 04:05:29.817: delete node: IP: 144.76.111.189. Number of nodes 52
EtherApe-INFO: 04:05:35.104: New node: IP: 37.58.58.140. Number of nodes 53
EtherApe-INFO: 04:05:38.274: delete node: IP: 192.234.79.198. Number of nodes 52
EtherApe-INFO: 04:05:40.735: New node: IP: 23.82.143.211. Number of nodes 53
EtherApe-INFO: 04:05:43.847: delete node: IP: 176.9.51.222. Number of nodes 52
EtherApe-INFO: 04:05:46.879: New node: IP: 209.58.135.187. Number of nodes 53
EtherApe-INFO: 04:05:48.994: delete node: IP: 104.25.95.5. Number of nodes 52
EtherApe-INFO: 04:05:55.586: delete node: IP: 137.226.34.46. Number of nodes 51
EtherApe-INFO: 04:06:01.473: New node: IP: 88.119.154.218. Number of nodes 52
EtherApe-INFO: 04:06:01.531: delete node: IP: 108.61.5.83. Number of nodes 51
EtherApe-INFO: 04:06:08.385: New node: IP: 194.95.104.50. Number of nodes 52
EtherApe-INFO: 04:06:10.259: delete node: IP: 216.58.208.202. Number of nodes 51
EtherApe-INFO: 04:06:10.469: delete node: IP: 52.13.69.101. Number of nodes 50
EtherApe-INFO: 04:06:13.114: delete node: IP: 104.16.249.249. Number of nodes 49
EtherApe-INFO: 04:06:13.114: delete node: IP: 45.220.57.85. Number of nodes 48
EtherApe-INFO: 04:06:14.272: New node: IP: 213.5.209.100. Number of nodes 49
EtherApe-INFO: 04:06:14.365: delete node: IP: 44.238.39.101. Number of nodes 48
EtherApe-INFO: 04:06:19.648: New node: IP: 146.56.166.92. Number of nodes 49
EtherApe-INFO: 04:06:19.916: delete node: IP: 78.46.85.216. Number of nodes 48
EtherApe-INFO: 04:06:20.749: delete node: IP: 54.191.154.194. Number of nodes 47
EtherApe-INFO: 04:06:26.050: delete node: IP: 76.8.18.91. Number of nodes 46
EtherApe-INFO: 04:06:30.399: New node: IP: 103.217.120.204. Number of nodes 47
EtherApe-INFO: 04:06:30.939: delete node: IP: 192.168.0.1. Number of nodes 46
EtherApe-INFO: 04:06:31.459: delete node: IP: 37.120.176.32. Number of nodes 45
EtherApe-INFO: 04:06:32.497: delete node: IP: 192.168.0.218. Number of nodes 44
EtherApe-INFO: 04:06:37.057: New node: IP: 195.30.84.166. Number of nodes 45
EtherApe-INFO: 04:06:37.598: delete node: IP: 23.92.211.58. Number of nodes 44
EtherApe-INFO: 04:06:42.434: New node: IP: 88.209.121.106. Number of nodes 45
EtherApe-INFO: 04:06:43.712: New node: IP: 87.106.171.38. Number of nodes 46
EtherApe-INFO: 04:06:43.764: delete node: IP: 89.143.232.146. Number of nodes 45
EtherApe-INFO: 04:06:48.358: delete node: IP: 95.216.144.15. Number of nodes 44
EtherApe-INFO: 04:06:50.137: delete node: IP: 45.125.0.6. Number of nodes 43
EtherApe-INFO: 04:06:50.623: New node: IP: 83.233.116.93. Number of nodes 44
EtherApe-INFO: 04:06:56.540: delete node: IP: 202.61.244.119. Number of nodes 43
EtherApe-INFO: 04:06:57.280: New node: IP: 145.220.21.40. Number of nodes 44
EtherApe-INFO: 04:06:58.304: New node: IP: 130.89.149.20. Number of nodes 45
EtherApe-INFO: 04:06:59.840: New node: IP: 23.88.6.31. Number of nodes 46
EtherApe-INFO: 04:07:02.219: delete node: IP: 94.130.180.40. Number of nodes 45
EtherApe-INFO: 04:07:04.967: New node: IP: 213.239.221.173. Number of nodes 46
EtherApe-INFO: 04:07:05.473: New node: IP: 194.71.11.173. Number of nodes 47
EtherApe-INFO: 04:07:06.751: New node: IP: 0.0.0.0. Number of nodes 48
EtherApe-INFO: 04:07:07.782: delete node: IP: 193.35.52.69. Number of nodes 47
EtherApe-INFO: 04:07:08.620: delete node: IP: 83.233.6.55. Number of nodes 46
EtherApe-INFO: 04:07:10.617: delete node: IP: 54.185.157.183. Number of nodes 45
EtherApe-INFO: 04:07:10.931: delete node: IP: 52.10.85.249. Number of nodes 44
EtherApe-INFO: 04:07:12.127: New node: IP: 185.107.214.114. Number of nodes 45
EtherApe-INFO: 04:07:14.505: delete node: IP: 140.82.121.3. Number of nodes 44
EtherApe-INFO: 04:07:14.713: delete node: IP: 147.32.127.196. Number of nodes 43
EtherApe-INFO: 04:07:17.760: New node: IP: 135.181.209.112. Number of nodes 44
EtherApe-INFO: 04:07:20.666: delete node: IP: 145.40.68.75. Number of nodes 43
EtherApe-INFO: 04:07:21.187: delete node: IP: 195.230.127.9. Number of nodes 42
EtherApe-INFO: 04:07:23.904: New node: IP: 62.171.178.159. Number of nodes 43
EtherApe-INFO: 04:07:29.280: New node: IP: 86.49.49.49. Number of nodes 44
EtherApe-INFO: 04:07:29.571: delete node: IP: 129.97.134.71. Number of nodes 43
EtherApe-INFO: 04:07:35.226: delete node: IP: 5.79.108.33. Number of nodes 42
EtherApe-INFO: 04:07:52.064: New node: IP: 152.228.219.207. Number of nodes 43
EtherApe-INFO: 04:07:56.746: delete node: IP: 37.58.58.140. Number of nodes 42
EtherApe-INFO: 04:07:59.049: delete node: IP: 23.82.143.211. Number of nodes 41
EtherApe-INFO: 04:08:01.792: New node: IP: 95.216.144.15. Number of nodes 42
EtherApe-INFO: 04:08:01.846: delete node: IP: 209.58.135.187. Number of nodes 41
EtherApe-INFO: 04:08:04.963: delete node: IP: 142.250.203.131. Number of nodes 40
EtherApe-INFO: 04:08:04.963: delete node: IP: 87.245.216.9. Number of nodes 39
EtherApe-INFO: 04:08:04.963: delete node: IP: 13.32.121.96. Number of nodes 38
EtherApe-INFO: 04:08:05.380: delete node: IP: 93.184.220.29. Number of nodes 37
EtherApe-INFO: 04:08:06.723: delete node: IP: 34.107.221.82. Number of nodes 36
EtherApe-INFO: 04:08:12.298: delete node: IP: 88.119.154.218. Number of nodes 35
EtherApe-INFO: 04:08:16.927: delete node: IP: 194.95.104.50. Number of nodes 34
EtherApe-INFO: 04:08:22.016: New node: IP: 95.216.195.133. Number of nodes 35
EtherApe-INFO: 04:08:22.073: delete node: IP: 213.5.209.100. Number of nodes 34
EtherApe-INFO: 04:08:30.736: delete node: IP: 146.56.166.92. Number of nodes 33
EtherApe-INFO: 04:08:37.416: delete node: IP: 103.217.120.204. Number of nodes 32
EtherApe-INFO: 04:08:42.548: delete node: IP: 195.30.84.166. Number of nodes 31
EtherApe-INFO: 04:08:43.780: delete node: IP: 88.209.121.106. Number of nodes 30
EtherApe-INFO: 04:08:46.859: delete node: IP: 1.1.1.1. Number of nodes 29
EtherApe-INFO: 04:08:54.044: delete node: IP: 87.106.171.38. Number of nodes 28
EtherApe-INFO: 04:08:57.637: delete node: IP: 83.233.116.93. Number of nodes 27
EtherApe-INFO: 04:08:59.998: delete node: IP: 145.220.21.40. Number of nodes 26
EtherApe-INFO: 04:08:59.998: delete node: IP: 130.89.149.20. Number of nodes 25
EtherApe-INFO: 04:08:59.998: delete node: IP: 108.138.17.26. Number of nodes 24
EtherApe-INFO: 04:08:59.998: delete node: IP: 34.160.144.191. Number of nodes 23
EtherApe-INFO: 04:09:03.075: delete node: IP: 104.17.49.74. Number of nodes 22
EtherApe-INFO: 04:09:03.075: delete node: IP: 34.120.208.123. Number of nodes 21
EtherApe-INFO: 04:09:05.637: delete node: IP: 213.239.221.173. Number of nodes 20
EtherApe-INFO: 04:09:05.637: delete node: IP: 142.250.203.142. Number of nodes 19
EtherApe-INFO: 04:09:05.637: delete node: IP: 35.186.227.140. Number of nodes 18
EtherApe-INFO: 04:09:05.637: delete node: IP: 23.88.6.31. Number of nodes 17
EtherApe-INFO: 04:09:10.143: New node: IP: 52.13.69.101. Number of nodes 18
EtherApe-INFO: 04:09:10.146: delete node: IP: 104.16.99.56. Number of nodes 17
EtherApe-INFO: 04:09:10.146: delete node: IP: 3.2.9.2. Number of nodes 16
EtherApe-INFO: 04:09:10.146: delete node: IP: 0.0.0.0. Number of nodes 15
EtherApe-INFO: 04:09:11.995: delete node: IP: 194.71.11.173. Number of nodes 14
EtherApe-INFO: 04:09:17.844: delete node: IP: 185.107.214.114. Number of nodes 13
EtherApe-INFO: 04:09:23.997: delete node: IP: 135.181.209.112. Number of nodes 12
EtherApe-INFO: 04:09:29.125: delete node: IP: 62.171.178.159. Number of nodes 11
EtherApe-INFO: 04:09:35.072: delete node: IP: 86.49.49.49. Number of nodes 10
EtherApe-INFO: 04:10:01.609: delete node: IP: 152.228.219.207. Number of nodes 9
EtherApe-INFO: 04:10:03.966: delete node: IP: 95.216.144.15. Number of nodes 8
EtherApe-INFO: 04:10:22.398: delete node: IP: 95.216.195.133. Number of nodes 7
EtherApe-INFO: 04:10:53.056: New node: IP: 104.16.249.249. Number of nodes 8
EtherApe-INFO: 04:11:15.684: delete node: IP: 52.13.69.101. Number of nodes 7
EtherApe-INFO: 04:12:53.671: delete node: IP: 104.16.249.249. Number of nodes 6
EtherApe-INFO: 04:13:21.791: New node: IP: 95.216.195.133. Number of nodes 7
EtherApe-INFO: 04:14:10.431: New node: IP: 52.13.69.101. Number of nodes 8
EtherApe-INFO: 04:14:53.696: New node: IP: 95.216.144.15. Number of nodes 9
EtherApe-INFO: 04:15:22.949: delete node: IP: 95.216.195.133. Number of nodes 8
EtherApe-INFO: 04:15:51.807: New node: IP: 0.0.0.0. Number of nodes 9
EtherApe-INFO: 04:16:12.130: delete node: IP: 52.13.69.101. Number of nodes 8
EtherApe-INFO: 04:16:54.105: delete node: IP: 95.216.144.15. Number of nodes 7
EtherApe-INFO: 04:18:22.337: New node: IP: 95.216.195.133. Number of nodes 8
EtherApe-INFO: 04:18:37.951: New node: IP: 52.13.69.101. Number of nodes 9
EtherApe-INFO: 04:18:51.539: delete node: IP: 104.16.248.249. Number of nodes 8
EtherApe-INFO: 04:18:55.360: New node: IP: 1.1.1.1. Number of nodes 9
EtherApe-INFO: 04:18:55.361: New node: IP: 192.168.0.1. Number of nodes 10
EtherApe-INFO: 04:20:39.605: delete node: IP: 52.13.69.101. Number of nodes 9
EtherApe-INFO: 04:20:59.335: delete node: IP: 8.8.8.8. Number of nodes 8
EtherApe-INFO: 04:21:10.856: delete node: IP: 192.168.0.1. Number of nodes 7
EtherApe-INFO: 04:21:16.757: delete node: IP: 95.216.195.133. Number of nodes 6
EtherApe-INFO: 04:21:16.757: delete node: IP: 0.0.0.0. Number of nodes 5
EtherApe-INFO: 04:23:31.327: New node: IP: 104.16.248.249. Number of nodes 6
EtherApe-INFO: 04:24:13.056: New node: IP: 95.216.195.133. Number of nodes 7
EtherApe-INFO: 04:25:31.717: delete node: IP: 104.16.248.249. Number of nodes 6
EtherApe-INFO: 04:26:13.703: delete node: IP: 95.216.195.133. Number of nodes 5
EtherApe-INFO: 04:27:57.823: New node: IP: 0.0.0.0. Number of nodes 6
EtherApe-INFO: 04:28:35.200: New node: IP: 185.125.190.36. Number of nodes 7
EtherApe-INFO: 04:29:13.087: New node: IP: 95.216.195.133. Number of nodes 8
EtherApe-INFO: 04:29:57.954: delete node: IP: 0.0.0.0. Number of nodes 7
EtherApe-INFO: 04:30:35.540: delete node: IP: 185.125.190.36. Number of nodes 6
EtherApe-INFO: 04:30:51.648: New node: IP: 152.228.219.207. Number of nodes 7
EtherApe-INFO: 04:30:57.027: New node: IP: 145.40.87.75. Number of nodes 8
EtherApe-INFO: 04:31:03.425: New node: IP: 45.231.133.204. Number of nodes 9
EtherApe-INFO: 04:31:09.568: New node: IP: 79.124.67.90. Number of nodes 10
EtherApe-INFO: 04:31:13.230: delete node: IP: 95.216.195.133. Number of nodes 9
EtherApe-INFO: 04:31:14.945: New node: IP: 62.210.124.230. Number of nodes 10
EtherApe-INFO: 04:31:58.478: New node: IP: 85.214.244.186. Number of nodes 11
EtherApe-INFO: 04:32:03.841: New node: IP: 172.67.155.91. Number of nodes 12
EtherApe-INFO: 04:32:09.216: New node: IP: 162.55.244.107. Number of nodes 13
EtherApe-INFO: 04:32:09.472: New node: IP: 8.8.8.8. Number of nodes 14
EtherApe-INFO: 04:32:14.592: New node: IP: 169.229.200.70. Number of nodes 15
EtherApe-INFO: 04:32:20.992: New node: IP: 168.119.88.121. Number of nodes 16
EtherApe-INFO: 04:32:26.375: New node: IP: 51.77.99.2. Number of nodes 17
EtherApe-INFO: 04:32:32.000: New node: IP: 185.37.252.138. Number of nodes 18
EtherApe-INFO: 04:32:37.631: New node: IP: 89.58.18.85. Number of nodes 19
EtherApe-INFO: 04:32:42.769: New node: IP: 161.97.171.39. Number of nodes 20
EtherApe-INFO: 04:32:48.384: New node: IP: 143.244.34.62. Number of nodes 21
EtherApe-INFO: 04:32:54.794: New node: IP: 84.17.57.98. Number of nodes 22
EtherApe-INFO: 04:32:56.870: delete node: IP: 152.228.219.207. Number of nodes 21
EtherApe-INFO: 04:33:01.703: New node: IP: 89.187.191.12. Number of nodes 22
EtherApe-INFO: 04:33:03.834: delete node: IP: 145.40.87.75. Number of nodes 21
EtherApe-INFO: 04:33:09.732: delete node: IP: 45.231.133.204. Number of nodes 20
EtherApe-INFO: 04:33:12.717: New node: IP: 147.75.48.159. Number of nodes 21
EtherApe-INFO: 04:33:14.803: delete node: IP: 79.124.67.90. Number of nodes 20
EtherApe-INFO: 04:33:20.384: New node: IP: 144.76.111.189. Number of nodes 21
EtherApe-INFO: 04:33:25.760: New node: IP: 192.234.79.198. Number of nodes 22
EtherApe-INFO: 04:33:37.287: New node: IP: 176.9.51.222. Number of nodes 23
EtherApe-INFO: 04:33:42.659: New node: IP: 104.25.94.5. Number of nodes 24
EtherApe-INFO: 04:33:48.291: New node: IP: 137.226.34.46. Number of nodes 25
EtherApe-INFO: 04:33:53.920: New node: IP: 108.61.5.83. Number of nodes 26
EtherApe-INFO: 04:33:58.572: delete node: IP: 62.210.124.230. Number of nodes 25
EtherApe-INFO: 04:34:00.581: New node: IP: 45.220.57.85. Number of nodes 26
EtherApe-INFO: 04:34:03.765: delete node: IP: 85.214.244.186. Number of nodes 25
EtherApe-INFO: 04:34:07.232: New node: IP: 78.46.85.216. Number of nodes 26
EtherApe-INFO: 04:34:09.045: delete node: IP: 172.67.155.91. Number of nodes 25
EtherApe-INFO: 04:34:13.891: New node: IP: 76.8.18.91. Number of nodes 26
EtherApe-INFO: 04:34:14.145: New node: IP: 95.216.195.133. Number of nodes 27
EtherApe-INFO: 04:34:14.434: delete node: IP: 162.55.244.107. Number of nodes 26
EtherApe-INFO: 04:34:19.524: New node: IP: 37.120.176.32. Number of nodes 27
EtherApe-INFO: 04:34:20.564: delete node: IP: 169.229.200.70. Number of nodes 26
EtherApe-INFO: 04:34:25.165: New node: IP: 23.92.211.58. Number of nodes 27
EtherApe-INFO: 04:34:26.472: delete node: IP: 168.119.88.121. Number of nodes 26
EtherApe-INFO: 04:34:31.310: New node: IP: 89.143.232.146. Number of nodes 27
EtherApe-INFO: 04:34:31.893: delete node: IP: 51.77.99.2. Number of nodes 26
EtherApe-INFO: 04:34:36.941: New node: IP: 45.125.0.6. Number of nodes 27
EtherApe-INFO: 04:34:37.482: delete node: IP: 185.37.252.138. Number of nodes 26
EtherApe-INFO: 04:34:42.895: delete node: IP: 89.58.18.85. Number of nodes 25
EtherApe-INFO: 04:34:43.335: New node: IP: 202.61.244.119. Number of nodes 26
EtherApe-INFO: 04:34:48.288: delete node: IP: 161.97.171.39. Number of nodes 25
EtherApe-INFO: 04:34:48.962: New node: IP: 94.130.180.40. Number of nodes 26
EtherApe-INFO: 04:34:54.424: delete node: IP: 143.244.34.62. Number of nodes 25
EtherApe-INFO: 04:34:54.598: New node: IP: 193.35.52.69. Number of nodes 26
EtherApe-INFO: 04:35:00.224: New node: IP: 147.32.127.196. Number of nodes 27
EtherApe-INFO: 04:35:01.832: delete node: IP: 84.17.57.98. Number of nodes 26
EtherApe-INFO: 04:35:05.600: New node: IP: 195.230.127.9. Number of nodes 27
EtherApe-INFO: 04:35:11.233: New node: IP: 129.97.134.71. Number of nodes 28
EtherApe-INFO: 04:35:12.600: delete node: IP: 89.187.191.12. Number of nodes 27
EtherApe-INFO: 04:35:17.379: New node: IP: 5.79.108.33. Number of nodes 28
EtherApe-INFO: 04:35:19.756: delete node: IP: 147.75.48.159. Number of nodes 27
EtherApe-INFO: 04:35:22.754: New node: IP: 37.58.58.140. Number of nodes 28
EtherApe-INFO: 04:35:25.656: delete node: IP: 144.76.111.189. Number of nodes 27
EtherApe-INFO: 04:35:28.132: New node: IP: 23.82.143.211. Number of nodes 28
EtherApe-INFO: 04:35:32.066: delete node: IP: 192.234.79.198. Number of nodes 27
EtherApe-INFO: 04:35:34.532: New node: IP: 209.58.135.187. Number of nodes 28
EtherApe-INFO: 04:35:40.682: New node: IP: 88.119.154.218. Number of nodes 29
EtherApe-INFO: 04:35:42.750: delete node: IP: 176.9.51.222. Number of nodes 28
EtherApe-INFO: 04:35:46.304: New node: IP: 194.95.104.50. Number of nodes 29
EtherApe-INFO: 04:35:47.927: delete node: IP: 104.25.94.5. Number of nodes 28
EtherApe-INFO: 04:35:51.686: New node: IP: 146.56.166.92. Number of nodes 29
EtherApe-INFO: 04:35:53.754: delete node: IP: 137.226.34.46. Number of nodes 28
EtherApe-INFO: 04:35:58.088: New node: IP: 103.217.120.204. Number of nodes 29
EtherApe-INFO: 04:35:59.901: delete node: IP: 108.61.5.83. Number of nodes 28
EtherApe-INFO: 04:36:04.739: New node: IP: 195.30.84.166. Number of nodes 29
EtherApe-INFO: 04:36:06.828: delete node: IP: 45.220.57.85. Number of nodes 28
EtherApe-INFO: 04:36:10.367: New node: IP: 87.106.171.38. Number of nodes 29
EtherApe-INFO: 04:36:12.541: delete node: IP: 78.46.85.216. Number of nodes 28
EtherApe-INFO: 04:36:14.294: delete node: IP: 95.216.195.133. Number of nodes 27
EtherApe-INFO: 04:36:15.492: New node: IP: 83.233.116.93. Number of nodes 28
EtherApe-INFO: 04:36:17.547: New node: IP: 152.228.219.207. Number of nodes 29
EtherApe-INFO: 04:36:19.609: delete node: IP: 76.8.18.91. Number of nodes 28
EtherApe-INFO: 04:36:21.123: New node: IP: 23.88.6.31. Number of nodes 29
EtherApe-INFO: 04:36:25.008: delete node: IP: 37.120.176.32. Number of nodes 28
EtherApe-INFO: 04:36:26.497: New node: IP: 194.71.11.163. Number of nodes 29
EtherApe-INFO: 04:36:30.082: New node: IP: 104.16.249.249. Number of nodes 30
EtherApe-INFO: 04:36:30.600: New node: IP: 44.238.39.101. Number of nodes 31
EtherApe-INFO: 04:36:30.607: New node: IP: 34.120.208.123. Number of nodes 32
EtherApe-INFO: 04:36:31.106: New node: IP: 142.250.203.131. Number of nodes 33
EtherApe-INFO: 04:36:31.112: New node: IP: 54.148.17.90. Number of nodes 34
EtherApe-INFO: 04:36:31.120: New node: IP: 18.66.147.5. Number of nodes 35
EtherApe-INFO: 04:36:31.122: New node: IP: 52.40.171.113. Number of nodes 36
EtherApe-INFO: 04:36:31.123: New node: IP: 54.191.154.194. Number of nodes 37
EtherApe-INFO: 04:36:31.124: New node: IP: 54.185.157.183. Number of nodes 38
EtherApe-INFO: 04:36:31.126: New node: IP: 93.184.220.29. Number of nodes 39
EtherApe-INFO: 04:36:31.150: delete node: IP: 23.92.211.58. Number of nodes 38
EtherApe-INFO: 04:36:31.619: New node: IP: 104.17.49.74. Number of nodes 39
EtherApe-INFO: 04:36:31.873: New node: IP: 34.107.221.82. Number of nodes 40
EtherApe-INFO: 04:36:32.127: New node: IP: 185.107.214.114. Number of nodes 41
EtherApe-INFO: 04:36:36.827: delete node: IP: 89.143.232.146. Number of nodes 40
EtherApe-INFO: 04:36:37.247: New node: IP: 3.2.8.2. Number of nodes 41
EtherApe-INFO: 04:36:37.508: New node: IP: 135.181.209.112. Number of nodes 42
EtherApe-INFO: 04:36:38.538: New node: IP: 192.168.0.1. Number of nodes 43
EtherApe-INFO: 04:36:42.888: New node: IP: 0.0.0.0. Number of nodes 44
EtherApe-INFO: 04:36:43.137: New node: IP: 62.171.178.159. Number of nodes 45
EtherApe-INFO: 04:36:43.519: delete node: IP: 45.125.0.6. Number of nodes 44
EtherApe-INFO: 04:36:44.685: New node: IP: 192.168.0.218. Number of nodes 45
EtherApe-INFO: 04:36:48.513: New node: IP: 86.49.49.49. Number of nodes 46
EtherApe-INFO: 04:36:48.593: delete node: IP: 202.61.244.119. Number of nodes 45
EtherApe-INFO: 04:36:53.888: New node: IP: 147.32.110.29. Number of nodes 46
EtherApe-INFO: 04:36:54.235: delete node: IP: 94.130.180.40. Number of nodes 45
EtherApe-INFO: 04:36:59.520: New node: IP: 142.4.205.71. Number of nodes 46
EtherApe-INFO: 04:37:00.086: delete node: IP: 193.35.52.69. Number of nodes 45
EtherApe-INFO: 04:37:05.407: New node: IP: 188.114.96.13. Number of nodes 46
EtherApe-INFO: 04:37:05.449: delete node: IP: 147.32.127.196. Number of nodes 45
EtherApe-INFO: 04:37:11.040: New node: IP: 193.2.139.23. Number of nodes 46
EtherApe-INFO: 04:37:11.077: delete node: IP: 195.230.127.9. Number of nodes 45
EtherApe-INFO: 04:37:16.415: New node: IP: 91.209.189.249. Number of nodes 46
EtherApe-INFO: 04:37:17.267: delete node: IP: 129.97.134.71. Number of nodes 45
EtherApe-INFO: 04:37:22.048: New node: IP: 141.219.188.21. Number of nodes 46
EtherApe-INFO: 04:37:22.868: delete node: IP: 5.79.108.33. Number of nodes 45
EtherApe-INFO: 04:37:27.940: New node: IP: 46.30.211.12. Number of nodes 46
EtherApe-INFO: 04:37:28.257: delete node: IP: 37.58.58.140. Number of nodes 45
EtherApe-INFO: 04:37:33.312: New node: IP: 5.45.108.219. Number of nodes 46
EtherApe-INFO: 04:37:34.593: delete node: IP: 23.82.143.211. Number of nodes 45
EtherApe-INFO: 04:37:38.693: New node: IP: 185.190.82.139. Number of nodes 46
EtherApe-INFO: 04:37:40.819: delete node: IP: 209.58.135.187. Number of nodes 45
EtherApe-INFO: 04:37:44.833: New node: IP: 135.181.208.35. Number of nodes 46
EtherApe-INFO: 04:37:45.933: delete node: IP: 88.119.154.218. Number of nodes 45
EtherApe-INFO: 04:37:51.232: New node: IP: 197.155.77.1. Number of nodes 46
EtherApe-INFO: 04:37:51.496: delete node: IP: 194.95.104.50. Number of nodes 45
EtherApe-INFO: 04:37:57.387: New node: IP: 65.21.34.78. Number of nodes 46
EtherApe-INFO: 04:37:58.223: delete node: IP: 146.56.166.92. Number of nodes 45
EtherApe-INFO: 04:38:04.031: New node: IP: 134.255.235.246. Number of nodes 46
EtherApe-INFO: 04:38:04.835: delete node: IP: 103.217.120.204. Number of nodes 45
EtherApe-INFO: 04:38:09.411: New node: IP: 119.201.28.51. Number of nodes 46
EtherApe-INFO: 04:38:10.213: delete node: IP: 195.30.84.166. Number of nodes 45
EtherApe-INFO: 04:38:15.578: delete node: IP: 87.106.171.38. Number of nodes 44
EtherApe-INFO: 04:38:15.821: New node: IP: 109.226.40.40. Number of nodes 45
EtherApe-INFO: 04:38:18.444: delete node: IP: 152.228.219.207. Number of nodes 44
EtherApe-INFO: 04:38:20.965: delete node: IP: 83.233.116.93. Number of nodes 43
EtherApe-INFO: 04:38:21.700: New node: IP: 158.36.190.238. Number of nodes 44
EtherApe-INFO: 04:38:26.331: delete node: IP: 23.88.6.31. Number of nodes 43
EtherApe-INFO: 04:38:27.332: New node: IP: 130.240.16.42. Number of nodes 44
EtherApe-INFO: 04:38:31.720: delete node: IP: 194.71.11.163. Number of nodes 43
EtherApe-INFO: 04:38:32.710: New node: IP: 95.216.1.48. Number of nodes 44
EtherApe-INFO: 04:38:33.302: delete node: IP: 54.148.17.90. Number of nodes 43
EtherApe-INFO: 04:38:37.401: delete node: IP: 185.107.214.114. Number of nodes 42
EtherApe-INFO: 04:38:38.338: New node: IP: 139.178.88.99. Number of nodes 43
EtherApe-INFO: 04:38:39.361: New node: IP: 147.75.80.249. Number of nodes 44
EtherApe-INFO: 04:38:43.034: delete node: IP: 135.181.209.112. Number of nodes 43
EtherApe-INFO: 04:38:43.034: delete node: IP: 0.0.0.0. Number of nodes 42
EtherApe-INFO: 04:38:43.762: delete node: IP: 54.191.154.194. Number of nodes 41
EtherApe-INFO: 04:38:44.741: New node: IP: 45.33.107.192. Number of nodes 42
EtherApe-INFO: 04:38:45.342: delete node: IP: 192.168.0.218. Number of nodes 41
EtherApe-INFO: 04:38:48.373: delete node: IP: 62.171.178.159. Number of nodes 40
EtherApe-INFO: 04:38:50.636: New node: IP: 58.125.240.179. Number of nodes 41
EtherApe-INFO: 04:38:53.725: delete node: IP: 86.49.49.49. Number of nodes 40
EtherApe-INFO: 04:38:57.536: New node: IP: 5.161.155.207. Number of nodes 41
EtherApe-INFO: 04:38:59.618: delete node: IP: 147.32.110.29. Number of nodes 40
EtherApe-INFO: 04:39:03.169: New node: IP: 37.247.57.95. Number of nodes 41
EtherApe-INFO: 04:39:05.299: delete node: IP: 142.4.205.71. Number of nodes 40
EtherApe-INFO: 04:39:08.800: New node: IP: 185.3.234.216. Number of nodes 41
EtherApe-INFO: 04:39:13.423: New node: IP: 95.216.195.133. Number of nodes 42
EtherApe-INFO: 04:39:13.932: New node: IP: 23.178.176.51. Number of nodes 43
EtherApe-INFO: 04:39:16.321: delete node: IP: 193.2.139.23. Number of nodes 42
EtherApe-INFO: 04:39:20.064: New node: IP: 163.172.251.107. Number of nodes 43
EtherApe-INFO: 04:39:21.375: delete node: IP: 91.209.189.249. Number of nodes 42
EtherApe-INFO: 04:39:25.695: New node: IP: 147.96.25.75. Number of nodes 43
EtherApe-INFO: 04:39:27.790: delete node: IP: 141.219.188.21. Number of nodes 42
EtherApe-INFO: 04:39:31.591: New node: IP: 141.70.124.1. Number of nodes 43
EtherApe-INFO: 04:39:32.429: delete node: IP: 54.185.157.183. Number of nodes 42
EtherApe-INFO: 04:39:32.639: delete node: IP: 44.238.39.101. Number of nodes 41
EtherApe-INFO: 04:39:33.161: delete node: IP: 52.40.171.113. Number of nodes 40
EtherApe-INFO: 04:39:33.161: delete node: IP: 46.30.211.12. Number of nodes 39
EtherApe-INFO: 04:39:38.511: delete node: IP: 5.45.108.219. Number of nodes 38
EtherApe-INFO: 04:39:40.800: New node: IP: 140.113.17.5. Number of nodes 39
EtherApe-INFO: 04:39:44.948: delete node: IP: 185.190.82.139. Number of nodes 38
EtherApe-INFO: 04:39:47.971: New node: IP: 212.83.32.30. Number of nodes 39
EtherApe-INFO: 04:39:50.370: delete node: IP: 135.181.208.35. Number of nodes 38
EtherApe-INFO: 04:39:53.343: New node: IP: 95.128.34.165. Number of nodes 39
EtherApe-INFO: 04:39:53.599: New node: IP: 93.187.10.106. Number of nodes 40
EtherApe-INFO: 04:39:57.510: delete node: IP: 197.155.77.1. Number of nodes 39
EtherApe-INFO: 04:39:59.743: New node: IP: 138.247.115.248. Number of nodes 40
EtherApe-INFO: 04:40:02.933: delete node: IP: 65.21.34.78. Number of nodes 39
EtherApe-INFO: 04:40:05.632: New node: IP: 89.184.64.137. Number of nodes 40
EtherApe-INFO: 04:40:09.509: delete node: IP: 134.255.235.246. Number of nodes 39
EtherApe-INFO: 04:40:15.871: New node: IP: 199.119.65.77. Number of nodes 40
EtherApe-INFO: 04:40:16.145: delete node: IP: 119.201.28.51. Number of nodes 39
EtherApe-INFO: 04:40:21.344: delete node: IP: 109.226.40.40. Number of nodes 38
EtherApe-INFO: 04:40:21.513: New node: IP: 81.6.2.165. Number of nodes 39
EtherApe-INFO: 04:40:26.661: delete node: IP: 142.250.203.131. Number of nodes 38
EtherApe-INFO: 04:40:26.880: New node: IP: 95.79.25.1. Number of nodes 39
EtherApe-INFO: 04:40:26.972: delete node: IP: 18.66.147.5. Number of nodes 38
EtherApe-INFO: 04:40:27.181: delete node: IP: 158.36.190.238. Number of nodes 37
EtherApe-INFO: 04:40:27.393: New node: IP: 125.228.118.224. Number of nodes 38
EtherApe-INFO: 04:40:28.741: delete node: IP: 93.184.220.29. Number of nodes 37
EtherApe-INFO: 04:40:29.987: delete node: IP: 34.107.221.82. Number of nodes 36
EtherApe-INFO: 04:40:32.792: delete node: IP: 130.240.16.42. Number of nodes 35
EtherApe-INFO: 04:40:34.303: New node: IP: 178.219.171.154. Number of nodes 36
EtherApe-INFO: 04:40:38.144: New node: IP: 152.228.219.207. Number of nodes 37
EtherApe-INFO: 04:40:38.188: delete node: IP: 95.216.1.48. Number of nodes 36
EtherApe-INFO: 04:40:39.243: delete node: IP: 139.178.88.99. Number of nodes 35
EtherApe-INFO: 04:40:43.775: New node: IP: 145.40.87.75. Number of nodes 36
EtherApe-INFO: 04:40:44.846: delete node: IP: 147.75.80.249. Number of nodes 35
EtherApe-INFO: 04:40:50.431: New node: IP: 45.231.133.204. Number of nodes 36
EtherApe-INFO: 04:40:50.759: delete node: IP: 45.33.107.192. Number of nodes 35
EtherApe-INFO: 04:40:56.834: New node: IP: 79.124.67.90. Number of nodes 36
EtherApe-INFO: 04:40:57.384: delete node: IP: 58.125.240.179. Number of nodes 35
EtherApe-INFO: 04:41:02.463: New node: IP: 62.210.124.230. Number of nodes 36
EtherApe-INFO: 04:41:03.005: delete node: IP: 5.161.155.207. Number of nodes 35
EtherApe-INFO: 04:41:07.842: New node: IP: 85.214.244.186. Number of nodes 36
EtherApe-INFO: 04:41:08.433: delete node: IP: 37.247.57.95. Number of nodes 35
EtherApe-INFO: 04:41:08.640: delete node: IP: 188.114.96.13. Number of nodes 34
EtherApe-INFO: 04:41:13.218: New node: IP: 172.67.155.91. Number of nodes 35
EtherApe-INFO: 04:41:13.859: delete node: IP: 95.216.195.133. Number of nodes 34
EtherApe-INFO: 04:41:14.066: delete node: IP: 185.3.234.216. Number of nodes 33
EtherApe-INFO: 04:41:19.104: New node: IP: 162.55.244.107. Number of nodes 34
EtherApe-INFO: 04:41:19.674: delete node: IP: 23.178.176.51. Number of nodes 33
EtherApe-INFO: 04:41:23.738: delete node: IP: 34.120.208.123. Number of nodes 32
EtherApe-INFO: 04:41:24.777: delete node: IP: 104.17.49.74. Number of nodes 31
EtherApe-INFO: 04:41:25.815: delete node: IP: 163.172.251.107. Number of nodes 30
EtherApe-INFO: 04:41:26.271: New node: IP: 169.229.200.70. Number of nodes 31
EtherApe-INFO: 04:41:29.649: delete node: IP: 3.2.8.2. Number of nodes 30
EtherApe-INFO: 04:41:31.219: delete node: IP: 147.96.25.75. Number of nodes 29
EtherApe-INFO: 04:41:32.419: New node: IP: 168.119.88.121. Number of nodes 30
EtherApe-INFO: 04:41:32.935: New node: IP: 54.148.17.90. Number of nodes 31
EtherApe-INFO: 04:41:36.845: delete node: IP: 141.70.124.1. Number of nodes 30
EtherApe-INFO: 04:41:37.796: New node: IP: 51.77.99.2. Number of nodes 31
EtherApe-INFO: 04:41:43.171: New node: IP: 185.37.252.138. Number of nodes 32
EtherApe-INFO: 04:41:48.119: delete node: IP: 140.113.17.5. Number of nodes 31
EtherApe-INFO: 04:41:48.800: New node: IP: 89.58.18.85. Number of nodes 32
EtherApe-INFO: 04:41:53.232: delete node: IP: 212.83.32.30. Number of nodes 31
EtherApe-INFO: 04:41:53.439: delete node: IP: 95.128.34.165. Number of nodes 30
EtherApe-INFO: 04:41:53.940: New node: IP: 161.97.171.39. Number of nodes 31
EtherApe-INFO: 04:41:58.863: delete node: IP: 93.187.10.106. Number of nodes 30
EtherApe-INFO: 04:41:59.303: New node: IP: 143.244.34.62. Number of nodes 31
EtherApe-INFO: 04:42:05.509: delete node: IP: 138.247.115.248. Number of nodes 30
EtherApe-INFO: 04:42:05.951: New node: IP: 84.17.57.98. Number of nodes 31
EtherApe-INFO: 04:42:10.896: delete node: IP: 89.184.64.137. Number of nodes 30
EtherApe-INFO: 04:42:12.102: New node: IP: 89.187.191.12. Number of nodes 31
EtherApe-INFO: 04:42:21.639: delete node: IP: 199.119.65.77. Number of nodes 30
EtherApe-INFO: 04:42:23.106: New node: IP: 147.75.48.159. Number of nodes 31
EtherApe-INFO: 04:42:26.718: delete node: IP: 81.6.2.165. Number of nodes 30
EtherApe-INFO: 04:42:27.236: delete node: IP: 95.79.25.1. Number of nodes 29
EtherApe-INFO: 04:42:28.065: delete node: IP: 1.1.1.1. Number of nodes 28
EtherApe-INFO: 04:42:30.021: New node: IP: 144.76.111.189. Number of nodes 29
EtherApe-INFO: 04:42:33.890: delete node: IP: 125.228.118.224. Number of nodes 28
EtherApe-INFO: 04:42:35.391: New node: IP: 192.234.79.198. Number of nodes 29
EtherApe-INFO: 04:42:38.031: delete node: IP: 178.219.171.154. Number of nodes 28
EtherApe-INFO: 04:42:41.791: New node: IP: 176.9.51.222. Number of nodes 29
EtherApe-INFO: 04:42:43.651: delete node: IP: 152.228.219.207. Number of nodes 28
EtherApe-INFO: 04:42:46.919: New node: IP: 172.67.97.54. Number of nodes 29
EtherApe-INFO: 04:42:50.286: delete node: IP: 145.40.87.75. Number of nodes 28
EtherApe-INFO: 04:42:52.287: New node: IP: 1.1.1.1. Number of nodes 29
EtherApe-INFO: 04:42:52.289: New node: IP: 137.226.34.46. Number of nodes 30
EtherApe-INFO: 04:42:56.937: delete node: IP: 45.231.133.204. Number of nodes 29
EtherApe-INFO: 04:42:57.669: New node: IP: 108.61.5.83. Number of nodes 30
EtherApe-INFO: 04:43:02.140: delete node: IP: 79.124.67.90. Number of nodes 29
EtherApe-INFO: 04:43:04.063: New node: IP: 45.220.57.85. Number of nodes 30
EtherApe-INFO: 04:43:07.727: delete node: IP: 62.210.124.230. Number of nodes 29
EtherApe-INFO: 04:43:08.931: New node: IP: 95.216.144.15. Number of nodes 30
EtherApe-INFO: 04:43:10.721: New node: IP: 78.46.85.216. Number of nodes 31
EtherApe-INFO: 04:43:13.144: delete node: IP: 85.214.244.186. Number of nodes 30
EtherApe-INFO: 04:43:15.083: New node: IP: 152.228.219.207. Number of nodes 31
EtherApe-INFO: 04:43:18.446: delete node: IP: 172.67.155.91. Number of nodes 30
EtherApe-INFO: 04:43:21.730: New node: IP: 76.8.18.91. Number of nodes 31
EtherApe-INFO: 04:43:24.397: delete node: IP: 162.55.244.107. Number of nodes 30
EtherApe-INFO: 04:43:27.617: New node: IP: 37.120.176.32. Number of nodes 31
EtherApe-INFO: 04:43:32.311: delete node: IP: 169.229.200.70. Number of nodes 30
EtherApe-INFO: 04:43:33.346: delete node: IP: 54.148.17.90. Number of nodes 29
EtherApe-INFO: 04:43:33.504: New node: IP: 23.92.211.58. Number of nodes 30
EtherApe-INFO: 04:43:37.693: delete node: IP: 168.119.88.121. Number of nodes 29
EtherApe-INFO: 04:43:39.400: New node: IP: 89.143.232.146. Number of nodes 30
EtherApe-INFO: 04:43:43.322: delete node: IP: 51.77.99.2. Number of nodes 29
EtherApe-INFO: 04:43:45.023: New node: IP: 45.125.0.6. Number of nodes 30
EtherApe-INFO: 04:43:48.644: delete node: IP: 185.37.252.138. Number of nodes 29
EtherApe-INFO: 04:43:51.435: New node: IP: 202.61.244.119. Number of nodes 30
EtherApe-INFO: 04:43:54.068: delete node: IP: 89.58.18.85. Number of nodes 29
EtherApe-INFO: 04:43:56.802: New node: IP: 94.130.180.40. Number of nodes 30
EtherApe-INFO: 04:43:59.387: delete node: IP: 161.97.171.39. Number of nodes 29
EtherApe-INFO: 04:44:02.688: New node: IP: 193.35.52.69. Number of nodes 30
EtherApe-INFO: 04:44:05.804: delete node: IP: 143.244.34.62. Number of nodes 29
EtherApe-INFO: 04:44:08.064: New node: IP: 147.32.127.196. Number of nodes 30
EtherApe-INFO: 04:44:12.251: delete node: IP: 84.17.57.98. Number of nodes 29
EtherApe-INFO: 04:44:13.446: New node: IP: 95.216.195.133. Number of nodes 30
EtherApe-INFO: 04:44:16.256: New node: IP: 195.230.127.9. Number of nodes 31
EtherApe-INFO: 04:44:22.399: New node: IP: 129.97.134.71. Number of nodes 32
EtherApe-INFO: 04:44:23.183: delete node: IP: 89.187.191.12. Number of nodes 31
EtherApe-INFO: 04:44:28.543: New node: IP: 5.79.108.33. Number of nodes 32
EtherApe-INFO: 04:44:30.155: delete node: IP: 147.75.48.159. Number of nodes 31
EtherApe-INFO: 04:44:34.175: New node: IP: 37.58.58.140. Number of nodes 32
EtherApe-INFO: 04:44:35.233: delete node: IP: 144.76.111.189. Number of nodes 31
EtherApe-INFO: 04:44:39.808: New node: IP: 23.82.143.211. Number of nodes 32
EtherApe-INFO: 04:44:41.664: delete node: IP: 192.234.79.198. Number of nodes 31
EtherApe-INFO: 04:44:46.208: New node: IP: 209.58.135.187. Number of nodes 32
EtherApe-INFO: 04:44:46.982: delete node: IP: 176.9.51.222. Number of nodes 31
EtherApe-INFO: 04:44:52.159: delete node: IP: 172.67.97.54. Number of nodes 30
EtherApe-INFO: 04:44:52.607: New node: IP: 88.119.154.218. Number of nodes 31
EtherApe-INFO: 04:44:57.567: delete node: IP: 137.226.34.46. Number of nodes 30
EtherApe-INFO: 04:44:57.986: New node: IP: 194.95.104.50. Number of nodes 31
EtherApe-INFO: 04:45:03.871: New node: IP: 213.5.209.100. Number of nodes 32
EtherApe-INFO: 04:45:03.914: delete node: IP: 108.61.5.83. Number of nodes 31
EtherApe-INFO: 04:45:08.998: New node: IP: 146.56.166.92. Number of nodes 32
EtherApe-INFO: 04:45:09.536: delete node: IP: 95.216.144.15. Number of nodes 31
EtherApe-INFO: 04:45:10.573: delete node: IP: 45.220.57.85. Number of nodes 30
EtherApe-INFO: 04:45:15.648: New node: IP: 103.217.120.204. Number of nodes 31
EtherApe-INFO: 04:45:16.168: delete node: IP: 78.46.85.216. Number of nodes 30
EtherApe-INFO: 04:45:16.477: delete node: IP: 1.1.1.1. Number of nodes 29
EtherApe-INFO: 04:45:22.559: New node: IP: 195.30.84.166. Number of nodes 30
EtherApe-INFO: 04:45:24.695: delete node: IP: 152.228.219.207. Number of nodes 29
EtherApe-INFO: 04:45:27.508: delete node: IP: 76.8.18.91. Number of nodes 28
EtherApe-INFO: 04:45:27.935: New node: IP: 0.0.0.0. Number of nodes 29
EtherApe-INFO: 04:45:27.937: New node: IP: 87.106.171.38. Number of nodes 30
EtherApe-INFO: 04:45:33.168: delete node: IP: 37.120.176.32. Number of nodes 29
EtherApe-INFO: 04:45:33.572: New node: IP: 83.233.116.93. Number of nodes 30
EtherApe-INFO: 04:45:39.202: New node: IP: 1.1.1.1. Number of nodes 31
EtherApe-INFO: 04:45:39.208: New node: IP: 23.88.6.31. Number of nodes 32
EtherApe-INFO: 04:45:39.551: delete node: IP: 23.92.211.58. Number of nodes 31
EtherApe-INFO: 04:45:44.612: delete node: IP: 89.143.232.146. Number of nodes 30
EtherApe-INFO: 04:45:49.961: New node: IP: 194.71.11.165. Number of nodes 31
EtherApe-INFO: 04:45:51.616: delete node: IP: 45.125.0.6. Number of nodes 30
EtherApe-INFO: 04:45:55.594: New node: IP: 185.107.214.114. Number of nodes 31
EtherApe-INFO: 04:45:56.688: delete node: IP: 202.61.244.119. Number of nodes 30
EtherApe-INFO: 04:46:01.226: New node: IP: 135.181.209.112. Number of nodes 31
EtherApe-INFO: 04:46:02.072: delete node: IP: 94.130.180.40. Number of nodes 30
EtherApe-INFO: 04:46:07.112: New node: IP: 62.171.178.159. Number of nodes 31
EtherApe-INFO: 04:46:08.001: delete node: IP: 193.35.52.69. Number of nodes 30
EtherApe-INFO: 04:46:13.552: delete node: IP: 147.32.127.196. Number of nodes 29
EtherApe-INFO: 04:46:13.759: delete node: IP: 95.216.195.133. Number of nodes 28
EtherApe-INFO: 04:46:17.613: New node: IP: 86.49.49.49. Number of nodes 29
EtherApe-INFO: 04:46:21.774: delete node: IP: 195.230.127.9. Number of nodes 28
EtherApe-INFO: 04:46:23.232: New node: IP: 147.32.110.29. Number of nodes 29
EtherApe-INFO: 04:46:28.437: delete node: IP: 129.97.134.71. Number of nodes 28
EtherApe-INFO: 04:46:28.863: New node: IP: 142.4.205.71. Number of nodes 29
EtherApe-INFO: 04:46:33.219: New node: IP: 54.148.17.90. Number of nodes 30
EtherApe-INFO: 04:46:33.828: delete node: IP: 5.79.108.33. Number of nodes 29
EtherApe-INFO: 04:46:34.496: New node: IP: 188.114.96.13. Number of nodes 30
EtherApe-INFO: 04:46:39.383: delete node: IP: 37.58.58.140. Number of nodes 29
EtherApe-INFO: 04:46:40.130: New node: IP: 193.2.139.23. Number of nodes 30
EtherApe-INFO: 04:46:45.505: New node: IP: 91.209.189.249. Number of nodes 31
EtherApe-INFO: 04:46:46.034: delete node: IP: 23.82.143.211. Number of nodes 30
EtherApe-INFO: 04:46:51.146: New node: IP: 141.219.188.21. Number of nodes 31
EtherApe-INFO: 04:46:52.465: delete node: IP: 209.58.135.187. Number of nodes 30
EtherApe-INFO: 04:46:57.029: New node: IP: 46.30.211.12. Number of nodes 31
EtherApe-INFO: 04:46:57.885: delete node: IP: 88.119.154.218. Number of nodes 30
EtherApe-INFO: 04:47:02.666: New node: IP: 5.45.108.219. Number of nodes 31
EtherApe-INFO: 04:47:03.463: delete node: IP: 194.95.104.50. Number of nodes 30
EtherApe-INFO: 04:47:08.555: New node: IP: 185.190.82.139. Number of nodes 31
EtherApe-INFO: 04:47:08.884: delete node: IP: 213.5.209.100. Number of nodes 30
EtherApe-INFO: 04:47:14.703: New node: IP: 135.181.208.35. Number of nodes 31
EtherApe-INFO: 04:47:15.746: delete node: IP: 146.56.166.92. Number of nodes 30
EtherApe-INFO: 04:47:21.615: New node: IP: 197.155.77.1. Number of nodes 31
EtherApe-INFO: 04:47:22.140: delete node: IP: 103.217.120.204. Number of nodes 30
EtherApe-INFO: 04:47:27.764: delete node: IP: 195.30.84.166. Number of nodes 29
EtherApe-INFO: 04:47:27.764: delete node: IP: 0.0.0.0. Number of nodes 28
EtherApe-INFO: 04:47:28.771: New node: IP: 65.21.34.78. Number of nodes 29
EtherApe-INFO: 04:47:33.186: delete node: IP: 87.106.171.38. Number of nodes 28
EtherApe-INFO: 04:47:34.921: New node: IP: 134.255.235.246. Number of nodes 29
EtherApe-INFO: 04:47:39.097: delete node: IP: 83.233.116.93. Number of nodes 28
EtherApe-INFO: 04:47:40.807: New node: IP: 119.201.28.53. Number of nodes 29
EtherApe-INFO: 04:47:44.424: delete node: IP: 23.88.6.31. Number of nodes 28
EtherApe-INFO: 04:47:47.474: New node: IP: 109.226.40.40. Number of nodes 29
EtherApe-INFO: 04:47:53.614: New node: IP: 158.36.190.238. Number of nodes 30
EtherApe-INFO: 04:47:55.450: delete node: IP: 194.71.11.165. Number of nodes 29
EtherApe-INFO: 04:47:59.502: New node: IP: 130.240.16.42. Number of nodes 30
EtherApe-INFO: 04:48:01.028: delete node: IP: 185.107.214.114. Number of nodes 29
EtherApe-INFO: 04:48:06.704: delete node: IP: 135.181.209.112. Number of nodes 28
EtherApe-INFO: 04:48:10.244: New node: IP: 95.216.1.48. Number of nodes 29
EtherApe-INFO: 04:48:12.325: delete node: IP: 62.171.178.159. Number of nodes 28
EtherApe-INFO: 04:48:21.520: New node: IP: 139.178.88.99. Number of nodes 29
EtherApe-INFO: 04:48:23.559: New node: IP: 147.75.80.249. Number of nodes 30
EtherApe-INFO: 04:48:23.610: delete node: IP: 86.49.49.49. Number of nodes 29
EtherApe-INFO: 04:48:28.506: delete node: IP: 147.32.110.29. Number of nodes 28
EtherApe-INFO: 04:48:29.198: New node: IP: 45.33.107.192. Number of nodes 29
EtherApe-INFO: 04:48:33.327: delete node: IP: 54.148.17.90. Number of nodes 28
EtherApe-INFO: 04:48:34.386: delete node: IP: 142.4.205.71. Number of nodes 27
EtherApe-INFO: 04:48:35.339: New node: IP: 58.125.240.179. Number of nodes 28
EtherApe-INFO: 04:48:39.718: delete node: IP: 188.114.96.13. Number of nodes 27
EtherApe-INFO: 04:48:42.499: New node: IP: 5.161.155.207. Number of nodes 28
EtherApe-INFO: 04:48:45.402: delete node: IP: 193.2.139.23. Number of nodes 27
EtherApe-INFO: 04:48:48.152: New node: IP: 37.247.57.95. Number of nodes 28
EtherApe-INFO: 04:48:50.766: delete node: IP: 91.209.189.249. Number of nodes 27
EtherApe-INFO: 04:48:53.514: New node: IP: 172.67.208.156. Number of nodes 28
EtherApe-INFO: 04:48:53.766: New node: IP: 185.3.234.216. Number of nodes 29
EtherApe-INFO: 04:48:57.457: delete node: IP: 141.219.188.21. Number of nodes 28
EtherApe-INFO: 04:48:59.136: New node: IP: 23.178.176.51. Number of nodes 29
EtherApe-INFO: 04:49:02.541: delete node: IP: 46.30.211.12. Number of nodes 28
EtherApe-INFO: 04:49:04.771: New node: IP: 163.172.251.107. Number of nodes 29
EtherApe-INFO: 04:49:08.142: delete node: IP: 5.45.108.219. Number of nodes 28
EtherApe-INFO: 04:49:10.399: New node: IP: 147.96.25.75. Number of nodes 29
EtherApe-INFO: 04:49:13.218: New node: IP: 95.216.195.133. Number of nodes 30
EtherApe-INFO: 04:49:14.829: delete node: IP: 185.190.82.139. Number of nodes 29
EtherApe-INFO: 04:49:16.031: New node: IP: 141.70.124.1. Number of nodes 30
EtherApe-INFO: 04:49:20.250: delete node: IP: 135.181.208.35. Number of nodes 29
EtherApe-INFO: 04:49:23.967: New node: IP: 140.113.17.5. Number of nodes 30
EtherApe-INFO: 04:49:28.136: delete node: IP: 197.155.77.1. Number of nodes 29
EtherApe-INFO: 04:49:30.881: New node: IP: 212.83.32.30. Number of nodes 30
EtherApe-INFO: 04:49:34.288: delete node: IP: 65.21.34.78. Number of nodes 29
EtherApe-INFO: 04:49:36.511: New node: IP: 95.128.34.165. Number of nodes 30
EtherApe-INFO: 04:49:36.768: New node: IP: 93.187.10.106. Number of nodes 31
EtherApe-INFO: 04:49:40.649: delete node: IP: 134.255.235.246. Number of nodes 30
EtherApe-INFO: 04:49:42.656: New node: IP: 138.247.115.248. Number of nodes 31
EtherApe-INFO: 04:49:47.549: delete node: IP: 119.201.28.53. Number of nodes 30
EtherApe-INFO: 04:49:50.335: New node: IP: 89.184.64.137. Number of nodes 31
EtherApe-INFO: 04:49:54.221: delete node: IP: 109.226.40.40. Number of nodes 30
EtherApe-INFO: 04:49:55.457: New node: IP: 199.119.65.77. Number of nodes 31
EtherApe-INFO: 04:49:59.166: delete node: IP: 158.36.190.238. Number of nodes 30
EtherApe-INFO: 04:50:05.952: New node: IP: 81.6.2.165. Number of nodes 31
EtherApe-INFO: 04:50:06.010: delete node: IP: 130.240.16.42. Number of nodes 30
EtherApe-INFO: 04:50:11.330: New node: IP: 95.79.25.1. Number of nodes 31
EtherApe-INFO: 04:50:11.839: New node: IP: 125.228.118.224. Number of nodes 32
EtherApe-INFO: 04:50:15.704: delete node: IP: 95.216.1.48. Number of nodes 31
EtherApe-INFO: 04:50:18.752: New node: IP: 178.219.171.154. Number of nodes 32
EtherApe-INFO: 04:50:23.642: delete node: IP: 139.178.88.99. Number of nodes 31
EtherApe-INFO: 04:50:24.139: New node: IP: 149.202.73.10. Number of nodes 32
EtherApe-INFO: 04:50:29.072: delete node: IP: 147.75.80.249. Number of nodes 31
EtherApe-INFO: 04:50:30.016: New node: IP: 5.252.226.107. Number of nodes 32
EtherApe-INFO: 04:50:35.392: New node: IP: 159.2.160.168. Number of nodes 33
EtherApe-INFO: 04:50:35.437: delete node: IP: 45.33.107.192. Number of nodes 32
EtherApe-INFO: 04:50:44.146: delete node: IP: 58.125.240.179. Number of nodes 31
EtherApe-INFO: 04:50:48.280: delete node: IP: 5.161.155.207. Number of nodes 30
EtherApe-INFO: 04:50:51.520: New node: IP: 152.228.219.207. Number of nodes 31
EtherApe-INFO: 04:50:53.659: delete node: IP: 37.247.57.95. Number of nodes 30
EtherApe-INFO: 04:50:53.869: delete node: IP: 172.67.208.156. Number of nodes 29
EtherApe-INFO: 04:50:58.962: delete node: IP: 185.3.234.216. Number of nodes 28
EtherApe-INFO: 04:51:00.992: New node: IP: 95.216.144.15. Number of nodes 29
EtherApe-INFO: 04:51:04.864: delete node: IP: 23.178.176.51. Number of nodes 28
EtherApe-INFO: 04:51:10.279: delete node: IP: 163.172.251.107. Number of nodes 27
EtherApe-INFO: 04:51:13.394: delete node: IP: 95.216.195.133. Number of nodes 26
EtherApe-INFO: 04:51:15.671: delete node: IP: 147.96.25.75. Number of nodes 25
EtherApe-INFO: 04:51:21.291: delete node: IP: 141.70.124.1. Number of nodes 24
EtherApe-INFO: 04:51:31.242: delete node: IP: 140.113.17.5. Number of nodes 23
EtherApe-INFO: 04:51:33.260: New node: IP: 54.148.17.90. Number of nodes 24
EtherApe-INFO: 04:51:36.133: delete node: IP: 212.83.32.30. Number of nodes 23
EtherApe-INFO: 04:51:36.649: delete node: IP: 95.128.34.165. Number of nodes 22
EtherApe-INFO: 04:51:41.961: New node: IP: 185.125.188.19. Number of nodes 23
EtherApe-INFO: 04:51:42.027: delete node: IP: 93.187.10.106. Number of nodes 22
EtherApe-INFO: 04:51:43.499: New node: IP: 199.232.138.132. Number of nodes 23
EtherApe-INFO: 04:51:48.685: delete node: IP: 138.247.115.248. Number of nodes 22
EtherApe-INFO: 04:51:55.311: delete node: IP: 89.184.64.137. Number of nodes 21
EtherApe-INFO: 04:52:00.133: New node: IP: 185.125.190.39. Number of nodes 22
EtherApe-INFO: 04:52:00.920: delete node: IP: 199.119.65.77. Number of nodes 21
EtherApe-INFO: 04:52:01.229: delete node: IP: 1.1.1.1. Number of nodes 20
EtherApe-INFO: 04:52:05.261: New node: IP: 1.1.1.1. Number of nodes 21
EtherApe-INFO: 04:52:11.227: delete node: IP: 81.6.2.165. Number of nodes 20
EtherApe-INFO: 04:52:11.433: delete node: IP: 95.79.25.1. Number of nodes 19
EtherApe-INFO: 04:52:18.608: delete node: IP: 125.228.118.224. Number of nodes 18
EtherApe-INFO: 04:52:24.313: delete node: IP: 178.219.171.154. Number of nodes 17
EtherApe-INFO: 04:52:29.605: delete node: IP: 149.202.73.10. Number of nodes 16
EtherApe-INFO: 04:52:35.320: delete node: IP: 5.252.226.107. Number of nodes 15
EtherApe-INFO: 04:52:41.118: delete node: IP: 159.2.160.168. Number of nodes 14
EtherApe-INFO: 04:52:55.689: New node: IP: 140.82.121.4. Number of nodes 15
EtherApe-INFO: 04:52:56.203: New node: IP: 140.82.121.9. Number of nodes 16
EtherApe-INFO: 04:53:35.400: delete node: IP: 54.148.17.90. Number of nodes 15
EtherApe-INFO: 04:53:44.675: delete node: IP: 185.125.188.19. Number of nodes 14
EtherApe-INFO: 04:54:01.734: delete node: IP: 199.232.138.132. Number of nodes 13
EtherApe-INFO: 04:54:01.734: delete node: IP: 8.8.8.8. Number of nodes 12
EtherApe-INFO: 04:54:12.736: New node: IP: 0.0.0.0. Number of nodes 13
EtherApe-INFO: 04:54:12.992: New node: IP: 95.216.195.133. Number of nodes 14
EtherApe-INFO: 04:54:52.745: delete node: IP: 185.125.190.39. Number of nodes 13
EtherApe-INFO: 04:55:00.952: delete node: IP: 152.228.219.207. Number of nodes 12
EtherApe-INFO: 04:55:00.952: delete node: IP: 1.1.1.1. Number of nodes 11
EtherApe-INFO: 04:55:11.911: delete node: IP: 140.82.121.9. Number of nodes 10
EtherApe-INFO: 04:55:11.911: delete node: IP: 140.82.121.4. Number of nodes 9
EtherApe-INFO: 04:56:06.452: delete node: IP: 95.216.144.15. Number of nodes 8
EtherApe-INFO: 04:56:17.925: delete node: IP: 95.216.195.133. Number of nodes 7
EtherApe-INFO: 04:56:17.925: delete node: IP: 0.0.0.0. Number of nodes 6
EtherApe-INFO: 04:56:33.535: New node: IP: 54.148.17.90. Number of nodes 7
EtherApe-INFO: 04:58:16.704: New node: IP: 1.1.1.1. Number of nodes 8
EtherApe-INFO: 04:58:33.880: delete node: IP: 54.148.17.90. Number of nodes 7
EtherApe-INFO: 04:59:13.025: New node: IP: 95.216.195.133. Number of nodes 8
EtherApe-INFO: 05:00:17.286: delete node: IP: 1.1.1.1. Number of nodes 7
EtherApe-INFO: 05:01:14.722: delete node: IP: 95.216.195.133. Number of nodes 6
EtherApe-INFO: 05:01:33.823: New node: IP: 54.148.17.90. Number of nodes 7
EtherApe-INFO: 05:02:57.792: New node: IP: 0.0.0.0. Number of nodes 8
EtherApe-INFO: 05:03:30.815: New node: IP: 1.1.1.1. Number of nodes 9
EtherApe-INFO: 05:03:34.935: delete node: IP: 54.148.17.90. Number of nodes 8
