(etherape:1552): GLib-GIO-DEBUG: 18:14:24.560: _g_io_module_get_default: Found default implementation local (GLocalVfs) for ‘gio-vfs’
(etherape:1552): GLib-GIO-DEBUG: 18:14:25.241: Using cross-namespace EXTERNAL authentication (this will deadlock if server is GDBus < 2.73.3)
EtherApe-INFO: 18:14:25.277: sctp protocol not supported
EtherApe-INFO: 18:14:25.277: dccp protocol not supported
EtherApe-INFO: 18:14:25.277: sctp protocol not supported
EtherApe-INFO: 18:14:25.277: sctp protocol not supported
EtherApe-INFO: 18:14:25.277: sctp protocol not supported
EtherApe-INFO: 18:14:25.277: sctp protocol not supported
EtherApe-INFO: 18:14:25.277: sctp protocol not supported
EtherApe-INFO: 18:14:25.277: sctp protocol not supported
EtherApe-INFO: 18:14:25.278: sctp protocol not supported
EtherApe-INFO: 18:14:25.278: dccp protocol not supported
EtherApe-INFO: 18:14:25.278: sctp protocol not supported
EtherApe-INFO: 18:14:25.278: dccp protocol not supported
EtherApe-INFO: 18:14:25.278: dccp protocol not supported
EtherApe-INFO: 18:14:25.278: sctp protocol not supported
EtherApe-INFO: 18:14:25.278: sctp protocol not supported
EtherApe-INFO: 18:14:25.278: sctp protocol not supported
EtherApe-INFO: 18:14:25.278: sctp protocol not supported
EtherApe-INFO: 18:14:25.278: sctp protocol not supported
EtherApe-INFO: 18:14:25.279: sctp protocol not supported
EtherApe-INFO: 18:14:25.279: sctp protocol not supported
EtherApe-INFO: 18:14:25.279: sctp protocol not supported
EtherApe-INFO: 18:14:25.279: sctp protocol not supported
EtherApe-INFO: 18:14:25.279: sctp protocol not supported
EtherApe-INFO: 18:14:25.279: sctp protocol not supported
EtherApe-INFO: 18:14:25.279: sctp protocol not supported
EtherApe-INFO: 18:14:25.279: sctp protocol not supported
EtherApe-INFO: 18:14:25.279: sctp protocol not supported
EtherApe-INFO: 18:14:25.279: sctp protocol not supported
EtherApe-INFO: 18:14:25.279: dccp protocol not supported
EtherApe-INFO: 18:14:25.279: sctp protocol not supported
EtherApe-INFO: 18:14:25.279: sctp protocol not supported
EtherApe-INFO: 18:14:25.280: dccp protocol not supported
EtherApe-INFO: 18:14:25.280: sctp protocol not supported
EtherApe-INFO: 18:14:25.280: sctp protocol not supported
EtherApe-INFO: 18:14:25.280: sctp protocol not supported
EtherApe-INFO: 18:14:25.280: dccp protocol not supported
EtherApe-INFO: 18:14:25.280: dccp protocol not supported
EtherApe-INFO: 18:14:25.280: sctp protocol not supported
EtherApe-INFO: 18:14:25.280: sctp protocol not supported
EtherApe-INFO: 18:14:25.280: sctp protocol not supported
EtherApe-INFO: 18:14:25.280: sctp protocol not supported
EtherApe-INFO: 18:14:25.280: sctp protocol not supported
EtherApe-INFO: 18:14:25.280: sctp protocol not supported
EtherApe-INFO: 18:14:25.280: sctp protocol not supported
EtherApe-INFO: 18:14:25.280: sctp protocol not supported
EtherApe-INFO: 18:14:25.280: sctp protocol not supported
EtherApe-INFO: 18:14:25.280: sctp protocol not supported
EtherApe-INFO: 18:14:25.280: sctp protocol not supported
EtherApe-INFO: 18:14:25.280: sctp protocol not supported
EtherApe-INFO: 18:14:25.280: sctp protocol not supported
EtherApe-INFO: 18:14:25.280: sctp protocol not supported
EtherApe-INFO: 18:14:25.280: sctp protocol not supported
EtherApe-INFO: 18:14:25.280: sctp protocol not supported
EtherApe-INFO: 18:14:25.280: sctp protocol not supported
EtherApe-INFO: 18:14:25.280: sctp protocol not supported
EtherApe-INFO: 18:14:25.280: sctp protocol not supported
EtherApe-INFO: 18:14:25.280: sctp protocol not supported
EtherApe-INFO: 18:14:25.280: dccp protocol not supported
EtherApe-INFO: 18:14:25.280: sctp protocol not supported
EtherApe-INFO: 18:14:25.280: sctp protocol not supported
EtherApe-INFO: 18:14:25.280: sctp protocol not supported
EtherApe-INFO: 18:14:25.280: sctp protocol not supported
EtherApe-INFO: 18:14:25.280: sctp protocol not supported
EtherApe-INFO: 18:14:25.280: sctp protocol not supported
EtherApe-INFO: 18:14:25.280: sctp protocol not supported
EtherApe-INFO: 18:14:25.280: sctp protocol not supported
EtherApe-INFO: 18:14:25.280: sctp protocol not supported
EtherApe-INFO: 18:14:25.280: sctp protocol not supported
EtherApe-INFO: 18:14:25.280: sctp protocol not supported
EtherApe-INFO: 18:14:25.280: sctp protocol not supported
EtherApe-INFO: 18:14:25.280: sctp protocol not supported
EtherApe-INFO: 18:14:25.280: sctp protocol not supported
EtherApe-INFO: 18:14:25.280: sctp protocol not supported
EtherApe-INFO: 18:14:25.280: sctp protocol not supported
EtherApe-INFO: 18:14:25.280: sctp protocol not supported
EtherApe-INFO: 18:14:25.280: sctp protocol not supported
EtherApe-INFO: 18:14:25.281: sctp protocol not supported
EtherApe-INFO: 18:14:25.281: sctp protocol not supported
EtherApe-INFO: 18:14:25.281: sctp protocol not supported
EtherApe-INFO: 18:14:25.281: sctp protocol not supported
EtherApe-INFO: 18:14:25.281: sctp protocol not supported
EtherApe-INFO: 18:14:25.281: sctp protocol not supported
EtherApe-INFO: 18:14:25.281: sctp protocol not supported
EtherApe-INFO: 18:14:25.281: sctp protocol not supported
EtherApe-INFO: 18:14:25.281: sctp protocol not supported
EtherApe-INFO: 18:14:25.281: sctp protocol not supported
EtherApe-INFO: 18:14:25.281: sctp protocol not supported
EtherApe-INFO: 18:14:25.281: sctp protocol not supported
EtherApe-INFO: 18:14:25.281: sctp protocol not supported
EtherApe-INFO: 18:14:25.281: sctp protocol not supported
EtherApe-INFO: 18:14:25.281: sctp protocol not supported
EtherApe-INFO: 18:14:25.281: sctp protocol not supported
EtherApe-INFO: 18:14:25.281: sctp protocol not supported
EtherApe-INFO: 18:14:25.281: sctp protocol not supported
EtherApe-INFO: 18:14:25.281: sctp protocol not supported
EtherApe-INFO: 18:14:25.281: sctp protocol not supported
EtherApe-INFO: 18:14:25.292: get_interface result: ''
EtherApe-INFO: 18:14:25.292: Available interfaces for capture: dbus-session dbus-system nfqueue nflog bluetooth-monitor enp5s0 lo any
EtherApe-INFO: 18:14:25.293: Link type is LINUX_SLL
EtherApe-INFO: 18:14:25.293: Diagram started
