(etherape:2663): GLib-GIO-DEBUG: 13:18:41.052: _g_io_module_get_default: Found default implementation local (GLocalVfs) for ‘gio-vfs’
(etherape:2663): GLib-GIO-DEBUG: 13:18:41.087: Using cross-namespace EXTERNAL authentication (this will deadlock if server is GDBus < 2.73.3)
EtherApe-INFO: 13:18:41.121: sctp protocol not supported
EtherApe-INFO: 13:18:41.121: dccp protocol not supported
EtherApe-INFO: 13:18:41.121: sctp protocol not supported
EtherApe-INFO: 13:18:41.121: sctp protocol not supported
EtherApe-INFO: 13:18:41.121: sctp protocol not supported
EtherApe-INFO: 13:18:41.121: sctp protocol not supported
EtherApe-INFO: 13:18:41.121: sctp protocol not supported
EtherApe-INFO: 13:18:41.121: sctp protocol not supported
EtherApe-INFO: 13:18:41.121: sctp protocol not supported
EtherApe-INFO: 13:18:41.121: dccp protocol not supported
EtherApe-INFO: 13:18:41.121: sctp protocol not supported
EtherApe-INFO: 13:18:41.121: dccp protocol not supported
EtherApe-INFO: 13:18:41.121: dccp protocol not supported
EtherApe-INFO: 13:18:41.121: sctp protocol not supported
EtherApe-INFO: 13:18:41.121: sctp protocol not supported
EtherApe-INFO: 13:18:41.122: sctp protocol not supported
EtherApe-INFO: 13:18:41.122: sctp protocol not supported
EtherApe-INFO: 13:18:41.122: sctp protocol not supported
EtherApe-INFO: 13:18:41.122: sctp protocol not supported
EtherApe-INFO: 13:18:41.122: sctp protocol not supported
EtherApe-INFO: 13:18:41.122: sctp protocol not supported
EtherApe-INFO: 13:18:41.122: sctp protocol not supported
EtherApe-INFO: 13:18:41.122: sctp protocol not supported
EtherApe-INFO: 13:18:41.123: sctp protocol not supported
EtherApe-INFO: 13:18:41.123: sctp protocol not supported
EtherApe-INFO: 13:18:41.123: sctp protocol not supported
EtherApe-INFO: 13:18:41.123: sctp protocol not supported
EtherApe-INFO: 13:18:41.123: sctp protocol not supported
EtherApe-INFO: 13:18:41.123: dccp protocol not supported
EtherApe-INFO: 13:18:41.123: sctp protocol not supported
EtherApe-INFO: 13:18:41.123: sctp protocol not supported
EtherApe-INFO: 13:18:41.123: dccp protocol not supported
EtherApe-INFO: 13:18:41.123: sctp protocol not supported
EtherApe-INFO: 13:18:41.123: sctp protocol not supported
EtherApe-INFO: 13:18:41.123: sctp protocol not supported
EtherApe-INFO: 13:18:41.123: dccp protocol not supported
EtherApe-INFO: 13:18:41.123: dccp protocol not supported
EtherApe-INFO: 13:18:41.123: sctp protocol not supported
EtherApe-INFO: 13:18:41.123: sctp protocol not supported
EtherApe-INFO: 13:18:41.123: sctp protocol not supported
EtherApe-INFO: 13:18:41.123: sctp protocol not supported
EtherApe-INFO: 13:18:41.123: sctp protocol not supported
EtherApe-INFO: 13:18:41.123: sctp protocol not supported
EtherApe-INFO: 13:18:41.123: sctp protocol not supported
EtherApe-INFO: 13:18:41.123: sctp protocol not supported
EtherApe-INFO: 13:18:41.123: sctp protocol not supported
EtherApe-INFO: 13:18:41.123: sctp protocol not supported
EtherApe-INFO: 13:18:41.123: sctp protocol not supported
EtherApe-INFO: 13:18:41.123: sctp protocol not supported
EtherApe-INFO: 13:18:41.123: sctp protocol not supported
EtherApe-INFO: 13:18:41.123: sctp protocol not supported
EtherApe-INFO: 13:18:41.123: sctp protocol not supported
EtherApe-INFO: 13:18:41.123: sctp protocol not supported
EtherApe-INFO: 13:18:41.123: sctp protocol not supported
EtherApe-INFO: 13:18:41.123: sctp protocol not supported
EtherApe-INFO: 13:18:41.123: sctp protocol not supported
EtherApe-INFO: 13:18:41.123: sctp protocol not supported
EtherApe-INFO: 13:18:41.124: dccp protocol not supported
EtherApe-INFO: 13:18:41.124: sctp protocol not supported
EtherApe-INFO: 13:18:41.124: sctp protocol not supported
EtherApe-INFO: 13:18:41.124: sctp protocol not supported
EtherApe-INFO: 13:18:41.124: sctp protocol not supported
EtherApe-INFO: 13:18:41.124: sctp protocol not supported
EtherApe-INFO: 13:18:41.124: sctp protocol not supported
EtherApe-INFO: 13:18:41.124: sctp protocol not supported
EtherApe-INFO: 13:18:41.124: sctp protocol not supported
EtherApe-INFO: 13:18:41.124: sctp protocol not supported
EtherApe-INFO: 13:18:41.124: sctp protocol not supported
EtherApe-INFO: 13:18:41.124: sctp protocol not supported
EtherApe-INFO: 13:18:41.124: sctp protocol not supported
EtherApe-INFO: 13:18:41.124: sctp protocol not supported
EtherApe-INFO: 13:18:41.124: sctp protocol not supported
EtherApe-INFO: 13:18:41.124: sctp protocol not supported
EtherApe-INFO: 13:18:41.124: sctp protocol not supported
EtherApe-INFO: 13:18:41.124: sctp protocol not supported
EtherApe-INFO: 13:18:41.124: sctp protocol not supported
EtherApe-INFO: 13:18:41.124: sctp protocol not supported
EtherApe-INFO: 13:18:41.124: sctp protocol not supported
EtherApe-INFO: 13:18:41.124: sctp protocol not supported
EtherApe-INFO: 13:18:41.124: sctp protocol not supported
EtherApe-INFO: 13:18:41.124: sctp protocol not supported
EtherApe-INFO: 13:18:41.124: sctp protocol not supported
EtherApe-INFO: 13:18:41.124: sctp protocol not supported
EtherApe-INFO: 13:18:41.124: sctp protocol not supported
EtherApe-INFO: 13:18:41.124: sctp protocol not supported
EtherApe-INFO: 13:18:41.124: sctp protocol not supported
EtherApe-INFO: 13:18:41.124: sctp protocol not supported
EtherApe-INFO: 13:18:41.124: sctp protocol not supported
EtherApe-INFO: 13:18:41.124: sctp protocol not supported
EtherApe-INFO: 13:18:41.124: sctp protocol not supported
EtherApe-INFO: 13:18:41.124: sctp protocol not supported
EtherApe-INFO: 13:18:41.124: sctp protocol not supported
EtherApe-INFO: 13:18:41.124: sctp protocol not supported
EtherApe-INFO: 13:18:41.124: sctp protocol not supported
EtherApe-INFO: 13:18:41.124: sctp protocol not supported
EtherApe-INFO: 13:18:41.124: sctp protocol not supported
EtherApe-INFO: 13:18:41.137: get_interface result: ''
EtherApe-INFO: 13:18:41.138: Available interfaces for capture: dbus-session dbus-system nfqueue nflog bluetooth-monitor enp9s0 lo any enp5s0
EtherApe-INFO: 13:18:41.138: Link type is LINUX_SLL
EtherApe-INFO: 13:18:41.138: Diagram started
EtherApe-INFO: 13:18:41.395: New node: IP: 127.0.0.1. Number of nodes 1
EtherApe-INFO: 13:18:42.419: New node: IP: 0.0.0.0. Number of nodes 2
EtherApe-INFO: 13:18:42.419: New node: IP: 255.255.255.255. Number of nodes 3
EtherApe-INFO: 13:19:05.715: New node: IP: 195.64.182.160. Number of nodes 4
EtherApe-INFO: 13:19:05.715: New node: IP: 149.154.175.100. Number of nodes 5
EtherApe-INFO: 13:19:05.715: New node: IP: 149.154.167.41. Number of nodes 6
EtherApe-INFO: 13:19:05.715: New node: IP: 149.154.167.50. Number of nodes 7
EtherApe-INFO: 13:19:05.716: New node: IP: 208.67.222.222. Number of nodes 8
EtherApe-INFO: 13:19:07.252: New node: IP: 239.255.255.250. Number of nodes 9
EtherApe-INFO: 13:19:10.323: New node: IP: 224.0.0.251. Number of nodes 10
EtherApe-INFO: 13:19:10.323: New node: IP: 224.0.0.22. Number of nodes 11
EtherApe-INFO: 13:19:10.835: New node: IP: 208.67.220.220. Number of nodes 12
EtherApe-INFO: 13:19:11.091: New node: IP: 149.154.167.92. Number of nodes 13
EtherApe-INFO: 13:19:11.091: New node: IP: 149.154.167.91. Number of nodes 14
EtherApe-INFO: 13:19:11.860: New node: IP: 142.250.186.202. Number of nodes 15
EtherApe-INFO: 13:19:12.115: New node: IP: 216.58.208.202. Number of nodes 16
EtherApe-INFO: 13:19:12.122: New node: IP: 142.250.186.206. Number of nodes 17
EtherApe-INFO: 13:19:12.371: New node: IP: 185.199.108.153. Number of nodes 18
EtherApe-INFO: 13:19:12.372: New node: IP: 173.194.73.188. Number of nodes 19
EtherApe-INFO: 13:19:12.372: New node: IP: 216.58.215.74. Number of nodes 20
EtherApe-INFO: 13:19:12.372: New node: IP: 192.178.25.173. Number of nodes 21
EtherApe-INFO: 13:19:12.373: New node: IP: 142.250.186.205. Number of nodes 22
EtherApe-INFO: 13:19:12.373: New node: IP: 142.250.203.131. Number of nodes 23
EtherApe-INFO: 13:19:12.373: New node: IP: 82.207.52.214. Number of nodes 24
EtherApe-INFO: 13:19:12.374: New node: IP: 216.58.209.10. Number of nodes 25
EtherApe-INFO: 13:19:12.375: New node: IP: 64.233.162.188. Number of nodes 26
EtherApe-INFO: 13:19:12.376: New node: IP: 142.250.203.203. Number of nodes 27
EtherApe-INFO: 13:19:12.376: New node: IP: 142.250.203.206. Number of nodes 28
EtherApe-INFO: 13:19:12.636: New node: IP: 192.178.25.170. Number of nodes 29
EtherApe-INFO: 13:19:12.812: New node: IP: 142.250.186.195. Number of nodes 30
EtherApe-INFO: 13:19:12.825: New node: IP: 95.216.195.133. Number of nodes 31
EtherApe-INFO: 13:19:12.854: New node: IP: 142.250.75.14. Number of nodes 32
EtherApe-INFO: 13:19:12.857: New node: IP: 142.250.203.138. Number of nodes 33
EtherApe-INFO: 13:19:12.857: New node: IP: 37.19.218.108. Number of nodes 34
EtherApe-INFO: 13:19:13.081: New node: IP: 216.58.209.14. Number of nodes 35
EtherApe-INFO: 13:19:13.087: New node: IP: 142.250.203.129. Number of nodes 36
EtherApe-INFO: 13:19:13.110: New node: IP: 142.250.203.195. Number of nodes 37
EtherApe-INFO: 13:19:13.115: New node: IP: 192.178.25.174. Number of nodes 38
EtherApe-INFO: 13:19:13.120: New node: IP: 108.138.51.107. Number of nodes 39
EtherApe-INFO: 13:19:13.121: New node: IP: 96.16.54.146. Number of nodes 40
EtherApe-INFO: 13:19:13.324: New node: IP: 35.155.154.152. Number of nodes 41
EtherApe-INFO: 13:19:13.334: New node: IP: 3.68.170.153. Number of nodes 42
EtherApe-INFO: 13:19:13.581: New node: IP: 52.204.91.203. Number of nodes 43
EtherApe-INFO: 13:19:13.590: New node: IP: 142.250.203.202. Number of nodes 44
EtherApe-INFO: 13:19:13.840: New node: IP: 8.8.8.8. Number of nodes 45
EtherApe-INFO: 13:19:13.841: New node: IP: 142.250.186.197. Number of nodes 46
EtherApe-INFO: 13:19:14.389: New node: IP: 3.67.35.217. Number of nodes 47
EtherApe-INFO: 13:19:14.399: New node: IP: 18.244.102.64. Number of nodes 48
EtherApe-INFO: 13:19:14.400: New node: IP: 18.66.233.91. Number of nodes 49
EtherApe-INFO: 13:19:14.407: New node: IP: 142.250.203.142. Number of nodes 50
EtherApe-INFO: 13:19:14.637: New node: IP: 142.250.186.196. Number of nodes 51
EtherApe-INFO: 13:19:14.873: New node: IP: 1.1.1.1. Number of nodes 52
EtherApe-INFO: 13:19:14.876: New node: IP: 3.126.186.102. Number of nodes 53
EtherApe-INFO: 13:19:15.127: New node: IP: 142.250.203.193. Number of nodes 54
EtherApe-INFO: 13:19:15.896: New node: IP: 172.217.16.42. Number of nodes 55
EtherApe-INFO: 13:19:15.897: New node: IP: 172.217.16.5. Number of nodes 56
EtherApe-INFO: 13:19:17.424: New node: IP: 172.217.16.46. Number of nodes 57
EtherApe-INFO: 13:19:26.630: New node: IP: 91.236.251.29. Number of nodes 58
EtherApe-INFO: 13:19:28.675: New node: IP: 216.58.215.99. Number of nodes 59
EtherApe-INFO: 13:19:29.445: New node: IP: 142.250.203.194. Number of nodes 60
EtherApe-INFO: 13:19:32.003: New node: IP: 216.218.206.110. Number of nodes 61
EtherApe-INFO: 13:19:36.611: New node: IP: 198.199.97.219. Number of nodes 62
EtherApe-INFO: 13:19:39.171: New node: IP: 47.108.219.143. Number of nodes 63
EtherApe-INFO: 13:19:53.251: New node: IP: 151.101.66.133. Number of nodes 64
EtherApe-INFO: 13:19:55.300: New node: IP: 140.82.121.3. Number of nodes 65
EtherApe-INFO: 13:19:55.813: New node: IP: 185.199.108.154. Number of nodes 66
EtherApe-INFO: 13:19:56.067: New node: IP: 185.199.111.133. Number of nodes 67
EtherApe-INFO: 13:19:56.581: New node: IP: 140.82.113.22. Number of nodes 68
EtherApe-INFO: 13:19:56.581: New node: IP: 140.82.121.6. Number of nodes 69
EtherApe-INFO: 13:19:57.102: New node: IP: 193.19.153.66. Number of nodes 70
EtherApe-INFO: 13:19:57.283: New node: IP: 193.19.152.72. Number of nodes 71
EtherApe-INFO: 13:19:57.284: New node: IP: 216.58.215.86. Number of nodes 72
EtherApe-INFO: 13:19:57.305: New node: IP: 31.43.47.204. Number of nodes 73
EtherApe-INFO: 13:19:57.725: New node: IP: 31.43.58.109. Number of nodes 74
EtherApe-INFO: 13:19:57.739: New node: IP: 216.58.215.110. Number of nodes 75
EtherApe-INFO: 13:19:57.749: New node: IP: 173.255.206.39. Number of nodes 76
EtherApe-INFO: 13:19:57.960: New node: IP: 142.250.186.200. Number of nodes 77
EtherApe-INFO: 13:19:57.962: New node: IP: 95.216.144.15. Number of nodes 78
EtherApe-INFO: 13:19:57.963: New node: IP: 216.58.215.67. Number of nodes 79
EtherApe-INFO: 13:19:58.218: New node: IP: 142.250.203.209. Number of nodes 80
EtherApe-INFO: 13:19:58.218: New node: IP: 216.239.34.181. Number of nodes 81
EtherApe-INFO: 13:19:58.223: New node: IP: 142.251.1.156. Number of nodes 82
EtherApe-INFO: 13:19:58.473: New node: IP: 142.250.75.10. Number of nodes 83
EtherApe-INFO: 13:19:58.482: New node: IP: 135.181.27.174. Number of nodes 84
EtherApe-INFO: 13:19:58.942: New node: IP: 213.160.157.254. Number of nodes 85
EtherApe-INFO: 13:19:58.973: New node: IP: 192.0.66.96. Number of nodes 86
EtherApe-INFO: 13:19:58.987: New node: IP: 78.46.105.101. Number of nodes 87
EtherApe-INFO: 13:19:59.170: New node: IP: 212.111.40.74. Number of nodes 88
EtherApe-INFO: 13:19:59.182: New node: IP: 68.183.241.41. Number of nodes 89
EtherApe-INFO: 13:19:59.426: New node: IP: 216.239.32.178. Number of nodes 90
EtherApe-INFO: 13:19:59.427: New node: IP: 13.107.42.14. Number of nodes 91
EtherApe-INFO: 13:19:59.428: New node: IP: 207.241.237.3. Number of nodes 92
EtherApe-INFO: 13:19:59.432: New node: IP: 192.178.25.162. Number of nodes 93
EtherApe-INFO: 13:19:59.453: New node: IP: 104.17.32.105. Number of nodes 94
EtherApe-INFO: 13:19:59.938: New node: IP: 91.198.174.192. Number of nodes 95
EtherApe-INFO: 13:20:00.209: New node: IP: 104.18.41.233. Number of nodes 96
EtherApe-INFO: 13:20:00.227: New node: IP: 62.182.19.39. Number of nodes 97
EtherApe-INFO: 13:20:00.493: New node: IP: 104.18.29.38. Number of nodes 98
EtherApe-INFO: 13:20:00.494: New node: IP: 216.58.215.100. Number of nodes 99
EtherApe-INFO: 13:20:00.701: New node: IP: 104.198.63.0. Number of nodes 100
EtherApe-INFO: 13:20:00.704: New node: IP: 104.21.3.46. Number of nodes 101
EtherApe-INFO: 13:20:00.989: New node: IP: 54.74.73.31. Number of nodes 102
EtherApe-INFO: 13:20:00.994: New node: IP: 142.250.186.193. Number of nodes 103
EtherApe-INFO: 13:20:01.021: New node: IP: 178.18.231.162. Number of nodes 104
EtherApe-INFO: 13:20:01.021: New node: IP: 76.76.21.21. Number of nodes 105
EtherApe-INFO: 13:20:01.217: New node: IP: 18.244.102.38. Number of nodes 106
EtherApe-INFO: 13:20:01.482: New node: IP: 104.22.56.102. Number of nodes 107
EtherApe-INFO: 13:20:01.489: New node: IP: 172.64.147.123. Number of nodes 108
EtherApe-INFO: 13:20:01.500: New node: IP: 3.2.8.2. Number of nodes 109
EtherApe-INFO: 13:20:01.501: New node: IP: 18.66.233.77. Number of nodes 110
EtherApe-INFO: 13:20:01.507: New node: IP: 91.198.174.208. Number of nodes 111
EtherApe-INFO: 13:20:01.739: New node: IP: 104.17.185.177. Number of nodes 112
EtherApe-INFO: 13:20:01.739: New node: IP: 151.101.193.140. Number of nodes 113
EtherApe-INFO: 13:20:01.801: New node: IP: 172.217.16.4. Number of nodes 114
EtherApe-INFO: 13:20:02.004: New node: IP: 104.16.99.56. Number of nodes 115
EtherApe-INFO: 13:20:02.007: New node: IP: 108.138.51.55. Number of nodes 116
EtherApe-INFO: 13:20:02.008: New node: IP: 52.29.123.56. Number of nodes 117
EtherApe-INFO: 13:20:02.301: New node: IP: 151.101.129.140. Number of nodes 118
EtherApe-INFO: 13:20:02.302: New node: IP: 216.58.215.106. Number of nodes 119
EtherApe-INFO: 13:20:02.306: New node: IP: 35.190.88.7. Number of nodes 120
EtherApe-INFO: 13:20:02.307: New node: IP: 216.58.208.194. Number of nodes 121
EtherApe-INFO: 13:20:02.534: New node: IP: 52.3.19.29. Number of nodes 122
EtherApe-INFO: 13:20:02.547: New node: IP: 142.250.203.198. Number of nodes 123
EtherApe-INFO: 13:20:02.770: New node: IP: 217.65.3.21. Number of nodes 124
EtherApe-INFO: 13:20:02.852: New node: IP: 142.250.186.194. Number of nodes 125
EtherApe-INFO: 13:20:02.895: New node: IP: 18.66.233.90. Number of nodes 126
EtherApe-INFO: 13:20:03.010: New node: IP: 104.16.26.5. Number of nodes 127
EtherApe-INFO: 13:20:03.016: New node: IP: 172.217.16.13. Number of nodes 128
EtherApe-INFO: 13:20:03.055: New node: IP: 178.18.231.160. Number of nodes 129
EtherApe-INFO: 13:20:03.265: New node: IP: 142.250.203.196. Number of nodes 130
EtherApe-INFO: 13:20:03.305: New node: IP: 216.58.215.66. Number of nodes 131
EtherApe-INFO: 13:20:03.520: New node: IP: 91.228.74.251. Number of nodes 132
EtherApe-INFO: 13:20:03.826: New node: IP: 18.66.234.116. Number of nodes 133
EtherApe-INFO: 13:20:03.832: New node: IP: 23.64.232.81. Number of nodes 134
EtherApe-INFO: 13:20:03.862: New node: IP: 64.233.163.127. Number of nodes 135
EtherApe-INFO: 13:20:04.095: New node: IP: 216.58.215.70. Number of nodes 136
EtherApe-INFO: 13:20:04.231: New node: IP: 142.251.1.157. Number of nodes 137
EtherApe-INFO: 13:20:04.232: New node: IP: 142.251.1.154. Number of nodes 138
EtherApe-INFO: 13:20:04.340: New node: IP: 23.200.160.201. Number of nodes 139
EtherApe-INFO: 13:20:04.431: New node: IP: 52.48.195.8. Number of nodes 140
EtherApe-INFO: 13:20:04.434: New node: IP: 108.138.48.217. Number of nodes 141
EtherApe-INFO: 13:20:04.436: New node: IP: 104.18.20.206. Number of nodes 142
EtherApe-INFO: 13:20:04.438: New node: IP: 216.239.34.178. Number of nodes 143
EtherApe-INFO: 13:20:04.439: New node: IP: 18.66.233.54. Number of nodes 144
EtherApe-INFO: 13:20:04.442: New node: IP: 104.18.22.126. Number of nodes 145
EtherApe-INFO: 13:20:04.444: New node: IP: 18.66.233.86. Number of nodes 146
EtherApe-INFO: 13:20:04.673: New node: IP: 35.186.249.72. Number of nodes 147
EtherApe-INFO: 13:20:04.679: New node: IP: 104.19.147.8. Number of nodes 148
EtherApe-INFO: 13:20:04.737: New node: IP: 99.83.181.31. Number of nodes 149
EtherApe-INFO: 13:20:04.989: New node: IP: 18.66.233.84. Number of nodes 150
EtherApe-INFO: 13:20:04.989: New node: IP: 104.17.79.34. Number of nodes 151
EtherApe-INFO: 13:20:05.017: New node: IP: 140.82.112.25. Number of nodes 152
EtherApe-INFO: 13:20:05.023: New node: IP: 216.52.2.91. Number of nodes 153
EtherApe-INFO: 13:20:05.023: New node: IP: 157.240.224.35. Number of nodes 154
EtherApe-INFO: 13:20:05.074: New node: IP: 104.16.85.20. Number of nodes 155
EtherApe-INFO: 13:20:05.184: New node: IP: 216.239.36.178. Number of nodes 156
EtherApe-INFO: 13:20:05.190: New node: IP: 142.251.1.155. Number of nodes 157
EtherApe-INFO: 13:20:05.195: New node: IP: 34.120.195.249. Number of nodes 158
EtherApe-INFO: 13:20:05.485: New node: IP: 34.160.152.31. Number of nodes 159
EtherApe-INFO: 13:20:05.496: New node: IP: 52.210.27.198. Number of nodes 160
EtherApe-INFO: 13:20:05.497: New node: IP: 52.51.186.199. Number of nodes 161
EtherApe-INFO: 13:20:05.667: New node: IP: 216.58.209.2. Number of nodes 162
EtherApe-INFO: 13:20:05.678: New node: IP: 18.244.102.4. Number of nodes 163
EtherApe-INFO: 13:20:05.924: New node: IP: 104.16.42.65. Number of nodes 164
EtherApe-INFO: 13:20:05.930: New node: IP: 18.66.233.99. Number of nodes 165
EtherApe-INFO: 13:20:06.182: New node: IP: 216.239.36.181. Number of nodes 166
EtherApe-INFO: 13:20:06.193: New node: IP: 141.95.98.65. Number of nodes 167
EtherApe-INFO: 13:20:06.198: New node: IP: 216.58.215.80. Number of nodes 168
EtherApe-INFO: 13:20:06.200: New node: IP: 3.71.149.231. Number of nodes 169
EtherApe-INFO: 13:20:06.203: New node: IP: 54.184.148.185. Number of nodes 170
EtherApe-INFO: 13:20:06.463: New node: IP: 34.111.152.239. Number of nodes 171
EtherApe-INFO: 13:20:06.467: New node: IP: 104.18.34.10. Number of nodes 172
EtherApe-INFO: 13:20:06.470: New node: IP: 46.51.157.28. Number of nodes 173
EtherApe-INFO: 13:20:06.474: New node: IP: 31.13.81.36. Number of nodes 174
EtherApe-INFO: 13:20:06.476: New node: IP: 104.26.8.50. Number of nodes 175
EtherApe-INFO: 13:20:06.710: New node: IP: 3.223.30.183. Number of nodes 176
EtherApe-INFO: 13:20:06.746: New node: IP: 18.66.233.102. Number of nodes 177
EtherApe-INFO: 13:20:06.753: New node: IP: 104.22.53.173. Number of nodes 178
EtherApe-INFO: 13:20:06.768: New node: IP: 108.138.51.92. Number of nodes 179
EtherApe-INFO: 13:20:06.771: New node: IP: 34.120.133.55. Number of nodes 180
EtherApe-INFO: 13:20:06.772: New node: IP: 140.82.121.4. Number of nodes 181
EtherApe-INFO: 13:20:06.949: New node: IP: 172.217.16.14. Number of nodes 182
EtherApe-INFO: 13:20:06.950: New node: IP: 162.247.243.29. Number of nodes 183
EtherApe-INFO: 13:20:06.953: New node: IP: 104.26.6.139. Number of nodes 184
EtherApe-INFO: 13:20:06.961: New node: IP: 91.228.74.166. Number of nodes 185
EtherApe-INFO: 13:20:07.039: New node: IP: 104.22.5.69. Number of nodes 186
EtherApe-INFO: 13:20:07.045: New node: IP: 18.244.102.57. Number of nodes 187
EtherApe-INFO: 13:20:07.533: New node: IP: 44.208.80.107. Number of nodes 188
EtherApe-INFO: 13:20:07.545: New node: IP: 178.250.1.11. Number of nodes 189
EtherApe-INFO: 13:20:07.562: New node: IP: 216.58.208.206. Number of nodes 190
EtherApe-INFO: 13:20:07.563: New node: IP: 172.67.168.31. Number of nodes 191
EtherApe-INFO: 13:20:07.576: New node: IP: 35.174.127.31. Number of nodes 192
EtherApe-INFO: 13:20:07.582: New node: IP: 104.26.3.70. Number of nodes 193
EtherApe-INFO: 13:20:07.582: New node: IP: 92.243.18.11. Number of nodes 194
EtherApe-INFO: 13:20:07.705: New node: IP: 34.246.32.5. Number of nodes 195
EtherApe-INFO: 13:20:07.719: New node: IP: 18.244.102.25. Number of nodes 196
EtherApe-INFO: 13:20:07.723: New node: IP: 108.138.46.177. Number of nodes 197
EtherApe-INFO: 13:20:07.730: New node: IP: 34.149.66.134. Number of nodes 198
EtherApe-INFO: 13:20:07.733: New node: IP: 54.77.2.249. Number of nodes 199
EtherApe-INFO: 13:20:07.738: New node: IP: 45.79.51.10. Number of nodes 200
EtherApe-INFO: 13:20:07.739: New node: IP: 151.101.0.176. Number of nodes 201
EtherApe-INFO: 13:20:07.748: New node: IP: 172.67.38.106. Number of nodes 202
EtherApe-INFO: 13:20:07.759: New node: IP: 104.81.217.244. Number of nodes 203
EtherApe-INFO: 13:20:08.058: New node: IP: 52.5.230.202. Number of nodes 204
EtherApe-INFO: 13:20:08.059: New node: IP: 130.211.23.194. Number of nodes 205
EtherApe-INFO: 13:20:08.080: New node: IP: 188.114.96.13. Number of nodes 206
EtherApe-INFO: 13:20:08.234: New node: IP: 173.255.236.65. Number of nodes 207
EtherApe-INFO: 13:20:08.244: New node: IP: 162.19.138.118. Number of nodes 208
EtherApe-INFO: 13:20:08.251: New node: IP: 91.228.74.159. Number of nodes 209
EtherApe-INFO: 13:20:08.257: New node: IP: 18.244.97.213. Number of nodes 210
EtherApe-INFO: 13:20:08.259: New node: IP: 207.241.224.2. Number of nodes 211
EtherApe-INFO: 13:20:08.505: New node: IP: 81.2.194.241. Number of nodes 212
EtherApe-INFO: 13:20:08.517: New node: IP: 131.252.210.176. Number of nodes 213
EtherApe-INFO: 13:20:08.527: New node: IP: 3.222.139.20. Number of nodes 214
EtherApe-INFO: 13:20:08.742: New node: IP: 45.79.178.210. Number of nodes 215
EtherApe-INFO: 13:20:08.745: New node: IP: 108.138.51.29. Number of nodes 216
EtherApe-INFO: 13:20:08.752: New node: IP: 52.88.245.147. Number of nodes 217
EtherApe-INFO: 13:20:09.025: New node: IP: 67.220.226.234. Number of nodes 218
EtherApe-INFO: 13:20:09.026: New node: IP: 34.107.140.113. Number of nodes 219
EtherApe-INFO: 13:20:09.037: New node: IP: 104.18.25.185. Number of nodes 220
EtherApe-INFO: 13:20:09.038: New node: IP: 35.186.253.211. Number of nodes 221
EtherApe-INFO: 13:20:09.039: New node: IP: 185.89.210.153. Number of nodes 222
EtherApe-INFO: 13:20:09.039: New node: IP: 216.52.2.48. Number of nodes 223
EtherApe-INFO: 13:20:09.039: New node: IP: 69.166.1.9. Number of nodes 224
EtherApe-INFO: 13:20:09.040: New node: IP: 213.19.162.41. Number of nodes 225
EtherApe-INFO: 13:20:09.041: New node: IP: 18.157.205.241. Number of nodes 226
EtherApe-INFO: 13:20:09.041: New node: IP: 178.250.7.10. Number of nodes 227
EtherApe-INFO: 13:20:09.042: New node: IP: 35.157.221.247. Number of nodes 228
EtherApe-INFO: 13:20:09.046: New node: IP: 52.28.187.80. Number of nodes 229
EtherApe-INFO: 13:20:09.260: New node: IP: 44.193.101.203. Number of nodes 230
EtherApe-INFO: 13:20:09.262: New node: IP: 199.232.148.157. Number of nodes 231
EtherApe-INFO: 13:20:09.262: New node: IP: 13.107.21.200. Number of nodes 232
EtherApe-INFO: 13:20:09.575: New node: IP: 68.183.222.220. Number of nodes 233
EtherApe-INFO: 13:20:09.586: New node: IP: 54.155.18.159. Number of nodes 234
EtherApe-INFO: 13:20:09.788: New node: IP: 93.184.220.66. Number of nodes 235
EtherApe-INFO: 13:20:09.829: New node: IP: 185.199.109.133. Number of nodes 236
EtherApe-INFO: 13:20:10.007: New node: IP: 52.202.121.246. Number of nodes 237
EtherApe-INFO: 13:20:10.026: New node: IP: 18.66.233.125. Number of nodes 238
EtherApe-INFO: 13:20:10.043: New node: IP: 31.13.81.13. Number of nodes 239
EtherApe-INFO: 13:20:10.260: New node: IP: 104.18.28.38. Number of nodes 240
EtherApe-INFO: 13:20:10.265: New node: IP: 52.39.232.146. Number of nodes 241
EtherApe-INFO: 13:20:10.611: New node: IP: 104.91.48.24. Number of nodes 242
EtherApe-INFO: 13:20:10.646: New node: IP: 157.240.224.7. Number of nodes 243
EtherApe-INFO: 13:20:10.772: New node: IP: 34.98.64.218. Number of nodes 244
EtherApe-INFO: 13:20:10.774: New node: IP: 185.80.39.216. Number of nodes 245
EtherApe-INFO: 13:20:10.775: New node: IP: 37.252.171.85. Number of nodes 246
EtherApe-INFO: 13:20:10.778: New node: IP: 216.52.2.39. Number of nodes 247
EtherApe-INFO: 13:20:10.779: New node: IP: 76.223.111.18. Number of nodes 248
EtherApe-INFO: 13:20:10.779: New node: IP: 52.72.248.76. Number of nodes 249
EtherApe-INFO: 13:20:10.779: New node: IP: 20.127.253.7. Number of nodes 250
EtherApe-INFO: 13:20:10.780: New node: IP: 35.157.246.107. Number of nodes 251
EtherApe-INFO: 13:20:10.780: New node: IP: 18.244.102.23. Number of nodes 252
EtherApe-INFO: 13:20:10.782: New node: IP: 89.207.16.137. Number of nodes 253
EtherApe-INFO: 13:20:10.783: New node: IP: 35.214.252.99. Number of nodes 254
EtherApe-INFO: 13:20:10.784: New node: IP: 3.65.115.221. Number of nodes 255
EtherApe-INFO: 13:20:10.785: New node: IP: 34.247.238.18. Number of nodes 256
EtherApe-INFO: 13:20:11.027: New node: IP: 104.87.175.132. Number of nodes 257
EtherApe-INFO: 13:20:11.334: New node: IP: 104.244.42.200. Number of nodes 258
EtherApe-INFO: 13:20:11.340: New node: IP: 52.46.151.131. Number of nodes 259
EtherApe-INFO: 13:20:11.361: New node: IP: 207.241.237.8. Number of nodes 260
EtherApe-INFO: 13:20:11.381: New node: IP: 69.173.144.165. Number of nodes 261
EtherApe-INFO: 13:20:11.382: New node: IP: 162.19.138.116. Number of nodes 262
EtherApe-INFO: 13:20:11.658: New node: IP: 18.208.123.81. Number of nodes 263
EtherApe-INFO: 13:20:11.671: New node: IP: 52.223.40.198. Number of nodes 264
EtherApe-INFO: 13:20:11.678: New node: IP: 37.157.5.132. Number of nodes 265
EtherApe-INFO: 13:20:11.680: New node: IP: 185.64.190.78. Number of nodes 266
EtherApe-INFO: 13:20:11.809: New node: IP: 172.217.16.2. Number of nodes 267
EtherApe-INFO: 13:20:12.127: New node: IP: 52.49.144.166. Number of nodes 268
EtherApe-INFO: 13:20:12.127: New node: IP: 108.138.51.32. Number of nodes 269
EtherApe-INFO: 13:20:12.131: New node: IP: 18.196.130.47. Number of nodes 270
EtherApe-INFO: 13:20:12.163: New node: IP: 185.29.132.245. Number of nodes 271
EtherApe-INFO: 13:20:12.170: New node: IP: 34.255.231.185. Number of nodes 272
EtherApe-INFO: 13:20:12.171: New node: IP: 46.228.174.117. Number of nodes 273
EtherApe-INFO: 13:20:12.323: New node: IP: 69.173.144.138. Number of nodes 274
EtherApe-INFO: 13:20:12.323: New node: IP: 51.38.120.206. Number of nodes 275
EtherApe-INFO: 13:20:12.335: New node: IP: 35.244.133.240. Number of nodes 276
EtherApe-INFO: 13:20:12.671: New node: IP: 185.64.190.80. Number of nodes 277
EtherApe-INFO: 13:20:12.671: New node: IP: 34.111.113.62. Number of nodes 278
EtherApe-INFO: 13:20:12.675: New node: IP: 34.111.129.221. Number of nodes 279
EtherApe-INFO: 13:20:12.678: New node: IP: 52.44.244.58. Number of nodes 280
EtherApe-INFO: 13:20:12.704: New node: IP: 104.17.183.177. Number of nodes 281
EtherApe-INFO: 13:20:12.705: New node: IP: 54.77.208.59. Number of nodes 282
EtherApe-INFO: 13:20:12.712: New node: IP: 46.228.164.11. Number of nodes 283
EtherApe-INFO: 13:20:12.820: New node: IP: 185.89.210.122. Number of nodes 284
EtherApe-INFO: 13:20:12.838: New node: IP: 35.190.80.1. Number of nodes 285
EtherApe-INFO: 13:20:13.177: New node: IP: 54.157.56.43. Number of nodes 286
EtherApe-INFO: 13:20:13.177: New node: IP: 192.132.33.46. Number of nodes 287
EtherApe-INFO: 13:20:13.178: New node: IP: 198.47.127.20. Number of nodes 288
EtherApe-INFO: 13:20:13.197: New node: IP: 151.101.130.49. Number of nodes 289
EtherApe-INFO: 13:20:13.352: New node: IP: 52.205.39.197. Number of nodes 290
EtherApe-INFO: 13:20:13.372: New node: IP: 35.244.159.8. Number of nodes 291
EtherApe-INFO: 13:20:13.373: New node: IP: 3.121.7.4. Number of nodes 292
EtherApe-INFO: 13:20:13.638: New node: IP: 104.244.42.8. Number of nodes 293
EtherApe-INFO: 13:20:13.641: New node: IP: 142.250.185.163. Number of nodes 294
EtherApe-INFO: 13:20:13.845: New node: IP: 34.96.71.22. Number of nodes 295
EtherApe-INFO: 13:20:13.848: New node: IP: 172.217.16.38. Number of nodes 296
EtherApe-INFO: 13:20:13.850: New node: IP: 193.0.160.131. Number of nodes 297
EtherApe-INFO: 13:20:13.854: New node: IP: 104.26.10.209. Number of nodes 298
EtherApe-INFO: 13:20:13.863: New node: IP: 141.94.240.141. Number of nodes 299
EtherApe-INFO: 13:20:14.096: New node: IP: 35.204.158.49. Number of nodes 300
EtherApe-INFO: 13:20:14.130: New node: IP: 146.20.128.169. Number of nodes 301
EtherApe-INFO: 13:20:14.145: New node: IP: 64.202.112.223. Number of nodes 302
EtherApe-INFO: 13:20:14.356: New node: IP: 167.235.124.59. Number of nodes 303
EtherApe-INFO: 13:20:14.360: New node: IP: 35.71.131.137. Number of nodes 304
EtherApe-INFO: 13:20:14.362: New node: IP: 141.94.171.212. Number of nodes 305
EtherApe-INFO: 13:20:14.363: New node: IP: 167.235.124.61. Number of nodes 306
EtherApe-INFO: 13:20:14.363: New node: IP: 108.138.51.78. Number of nodes 307
EtherApe-INFO: 13:20:14.365: New node: IP: 54.37.238.28. Number of nodes 308
EtherApe-INFO: 13:20:14.373: New node: IP: 18.244.102.114. Number of nodes 309
EtherApe-INFO: 13:20:14.624: New node: IP: 213.19.162.67. Number of nodes 310
EtherApe-INFO: 13:20:14.871: New node: IP: 104.18.25.173. Number of nodes 311
EtherApe-INFO: 13:20:14.902: New node: IP: 23.74.173.33. Number of nodes 312
EtherApe-INFO: 13:20:15.094: New node: IP: 62.140.236.170. Number of nodes 313
EtherApe-INFO: 13:20:15.619: New node: IP: 185.64.190.81. Number of nodes 314
EtherApe-INFO: 13:20:15.624: New node: IP: 16.170.176.3. Number of nodes 315
EtherApe-INFO: 13:20:15.626: New node: IP: 142.250.203.133. Number of nodes 316
EtherApe-INFO: 13:20:15.930: New node: IP: 64.158.223.137. Number of nodes 317
EtherApe-INFO: 13:20:15.931: New node: IP: 172.217.16.35. Number of nodes 318
EtherApe-INFO: 13:20:15.934: New node: IP: 69.173.144.139. Number of nodes 319
EtherApe-INFO: 13:20:15.940: New node: IP: 18.195.124.86. Number of nodes 320
EtherApe-INFO: 13:20:16.318: New node: IP: 146.0.227.109. Number of nodes 321
EtherApe-INFO: 13:20:16.319: New node: IP: 185.255.84.152. Number of nodes 322
EtherApe-INFO: 13:20:16.320: New node: IP: 185.86.138.154. Number of nodes 323
EtherApe-INFO: 13:20:16.325: New node: IP: 147.75.84.158. Number of nodes 324
EtherApe-INFO: 13:20:16.332: New node: IP: 195.64.239.125. Number of nodes 325
EtherApe-INFO: 13:20:16.338: New node: IP: 52.31.121.178. Number of nodes 326
EtherApe-INFO: 13:20:16.340: New node: IP: 178.250.7.11. Number of nodes 327
EtherApe-INFO: 13:20:16.990: New node: IP: 52.210.99.64. Number of nodes 328
EtherApe-INFO: 13:20:16.997: New node: IP: 185.83.69.226. Number of nodes 329
EtherApe-INFO: 13:20:17.005: New node: IP: 104.81.226.48. Number of nodes 330
EtherApe-INFO: 13:20:17.086: New node: IP: 185.86.139.104. Number of nodes 331
EtherApe-INFO: 13:20:17.087: New node: IP: 18.244.102.77. Number of nodes 332
EtherApe-INFO: 13:20:17.087: New node: IP: 185.184.8.90. Number of nodes 333
EtherApe-INFO: 13:20:17.719: New node: IP: 162.55.80.222. Number of nodes 334
EtherApe-INFO: 13:20:17.719: New node: IP: 172.67.13.182. Number of nodes 335
EtherApe-INFO: 13:20:17.722: New node: IP: 213.155.156.182. Number of nodes 336
EtherApe-INFO: 13:20:17.723: New node: IP: 85.114.159.118. Number of nodes 337
EtherApe-INFO: 13:20:17.725: New node: IP: 77.243.51.121. Number of nodes 338
EtherApe-INFO: 13:20:17.729: New node: IP: 193.0.160.130. Number of nodes 339
EtherApe-INFO: 13:20:17.733: New node: IP: 35.244.174.68. Number of nodes 340
EtherApe-INFO: 13:20:17.733: New node: IP: 37.157.2.234. Number of nodes 341
EtherApe-INFO: 13:20:17.733: New node: IP: 34.96.105.8. Number of nodes 342
EtherApe-INFO: 13:20:17.734: New node: IP: 52.208.166.9. Number of nodes 343
EtherApe-INFO: 13:20:17.852: New node: IP: 8.43.72.98. Number of nodes 344
EtherApe-INFO: 13:20:17.860: New node: IP: 15.235.15.221. Number of nodes 345
EtherApe-INFO: 13:20:17.880: New node: IP: 208.93.169.131. Number of nodes 346
EtherApe-INFO: 13:20:18.242: New node: IP: 54.166.10.135. Number of nodes 347
EtherApe-INFO: 13:20:18.254: New node: IP: 172.67.10.198. Number of nodes 348
EtherApe-INFO: 13:20:18.371: New node: IP: 64.247.193.142. Number of nodes 349
EtherApe-INFO: 13:20:18.396: New node: IP: 18.202.200.24. Number of nodes 350
EtherApe-INFO: 13:20:18.402: New node: IP: 178.250.1.9. Number of nodes 351
EtherApe-INFO: 13:20:18.754: New node: IP: 141.95.32.69. Number of nodes 352
EtherApe-INFO: 13:20:18.771: New node: IP: 185.183.112.148. Number of nodes 353
EtherApe-INFO: 13:20:18.771: New node: IP: 52.28.177.159. Number of nodes 354
EtherApe-INFO: 13:20:18.776: New node: IP: 89.207.16.140. Number of nodes 355
EtherApe-INFO: 13:20:18.942: New node: IP: 216.58.215.98. Number of nodes 356
EtherApe-INFO: 13:20:18.953: New node: IP: 35.208.249.213. Number of nodes 357
EtherApe-INFO: 13:20:18.957: New node: IP: 98.98.134.243. Number of nodes 358
EtherApe-INFO: 13:20:19.503: New node: IP: 3.120.100.137. Number of nodes 359
EtherApe-INFO: 13:20:19.514: New node: IP: 188.42.34.64. Number of nodes 360
EtherApe-INFO: 13:20:23.295: New node: IP: 35.186.193.173. Number of nodes 361
EtherApe-INFO: 13:20:23.295: New node: IP: 64.95.96.108. Number of nodes 362
EtherApe-INFO: 13:20:23.296: New node: IP: 64.158.223.140. Number of nodes 363
EtherApe-INFO: 13:20:23.489: New node: IP: 64.227.64.62. Number of nodes 364
EtherApe-INFO: 13:20:28.095: New node: IP: 104.192.141.1. Number of nodes 365
EtherApe-INFO: 13:20:28.095: New node: IP: 108.138.51.12. Number of nodes 366
EtherApe-INFO: 13:20:28.359: New node: IP: 207.241.225.195. Number of nodes 367
EtherApe-INFO: 13:20:28.625: New node: IP: 185.166.143.38. Number of nodes 368
EtherApe-INFO: 13:20:29.372: New node: IP: 159.65.170.203. Number of nodes 369
EtherApe-INFO: 13:20:29.392: New node: IP: 18.66.233.48. Number of nodes 370
EtherApe-INFO: 13:20:29.655: New node: IP: 185.166.143.30. Number of nodes 371
EtherApe-INFO: 13:20:30.912: New node: IP: 192.0.73.2. Number of nodes 372
EtherApe-INFO: 13:20:31.677: New node: IP: 185.166.143.35. Number of nodes 373
EtherApe-INFO: 13:20:31.678: New node: IP: 18.244.96.178. Number of nodes 374
EtherApe-INFO: 13:20:32.147: New node: IP: 18.205.93.8. Number of nodes 375
EtherApe-INFO: 13:20:33.033: New node: IP: 192.0.77.2. Number of nodes 376
EtherApe-INFO: 13:20:33.075: New node: IP: 18.66.233.73. Number of nodes 377
EtherApe-INFO: 13:20:33.799: New node: IP: 52.215.192.132. Number of nodes 378
EtherApe-INFO: 13:20:33.989: New node: IP: 185.166.143.32. Number of nodes 379
EtherApe-INFO: 13:20:35.224: New node: IP: 52.84.195.95. Number of nodes 380
EtherApe-INFO: 13:20:37.741: New node: IP: 192.200.6.10. Number of nodes 381
EtherApe-INFO: 13:20:40.082: New node: IP: 13.107.213.44. Number of nodes 382
EtherApe-INFO: 13:20:42.332: New node: IP: 195.5.165.20. Number of nodes 383
EtherApe-INFO: 13:20:42.332: New node: IP: 34.102.163.6. Number of nodes 384
EtherApe-INFO: 13:20:42.332: New node: IP: 52.220.229.2. Number of nodes 385
EtherApe-INFO: 13:20:43.102: New node: IP: 20.114.189.135. Number of nodes 386
EtherApe-INFO: 13:20:48.219: New node: IP: 23.88.86.2. Number of nodes 387
EtherApe-INFO: 13:20:48.220: New node: IP: 34.102.253.54. Number of nodes 388
EtherApe-INFO: 13:20:57.438: New node: IP: 52.56.120.249. Number of nodes 389
EtherApe-INFO: 13:21:07.164: New node: IP: 104.18.13.33. Number of nodes 390
EtherApe-INFO: 13:21:07.451: New node: IP: 34.154.74.59. Number of nodes 391
EtherApe-INFO: 13:21:07.678: New node: IP: 104.18.12.33. Number of nodes 392
EtherApe-INFO: 13:21:08.232: New node: IP: 172.217.16.131. Number of nodes 393
EtherApe-INFO: 13:21:11.802: delete node: IP: 224.0.0.22. Number of nodes 392
EtherApe-INFO: 13:21:12.796: New node: IP: 216.239.32.116. Number of nodes 393
EtherApe-INFO: 13:21:12.828: delete node: IP: 149.154.167.92. Number of nodes 392
EtherApe-INFO: 13:21:12.828: delete node: IP: 127.0.0.1. Number of nodes 391
EtherApe-INFO: 13:21:13.090: delete node: IP: 149.154.167.91. Number of nodes 390
EtherApe-INFO: 13:21:13.090: delete node: IP: 142.250.203.203. Number of nodes 389
EtherApe-INFO: 13:21:14.208: delete node: IP: 8.8.8.8. Number of nodes 388
EtherApe-INFO: 13:21:15.178: delete node: IP: 95.216.195.133. Number of nodes 387
EtherApe-INFO: 13:21:15.611: New node: IP: 103.110.33.159. Number of nodes 388
EtherApe-INFO: 13:21:15.868: New node: IP: 3.233.54.64. Number of nodes 389
EtherApe-INFO: 13:21:15.868: New node: IP: 142.250.186.67. Number of nodes 390
EtherApe-INFO: 13:21:15.882: delete node: IP: 149.154.167.50. Number of nodes 389
EtherApe-INFO: 13:21:19.198: New node: IP: 185.255.84.153. Number of nodes 390
EtherApe-INFO: 13:21:25.933: delete node: IP: 149.154.175.100. Number of nodes 389
EtherApe-INFO: 13:21:29.712: New node: IP: 35.227.159.135. Number of nodes 390
EtherApe-INFO: 13:21:32.103: delete node: IP: 216.218.206.110. Number of nodes 389
EtherApe-INFO: 13:21:36.872: delete node: IP: 198.199.97.219. Number of nodes 388
EtherApe-INFO: 13:21:37.883: New node: IP: 195.64.151.248. Number of nodes 389
EtherApe-INFO: 13:21:39.678: delete node: IP: 47.108.219.143. Number of nodes 388
EtherApe-INFO: 13:21:44.539: New node: IP: 108.138.51.82. Number of nodes 389
EtherApe-INFO: 13:21:46.843: New node: IP: 167.248.133.160. Number of nodes 390
EtherApe-INFO: 13:21:47.625: New node: IP: 216.58.215.97. Number of nodes 391
EtherApe-INFO: 13:21:47.626: New node: IP: 216.58.209.1. Number of nodes 392
EtherApe-INFO: 13:21:49.526: New node: IP: 149.154.167.216. Number of nodes 393
EtherApe-INFO: 13:21:55.407: New node: IP: 94.102.61.33. Number of nodes 394
EtherApe-INFO: 13:22:01.058: delete node: IP: 213.160.157.254. Number of nodes 393
EtherApe-INFO: 13:22:02.704: delete node: IP: 217.65.3.21. Number of nodes 392
EtherApe-INFO: 13:22:02.943: delete node: IP: 142.250.203.198. Number of nodes 391
EtherApe-INFO: 13:22:03.091: New node: IP: 216.58.215.78. Number of nodes 392
EtherApe-INFO: 13:22:04.215: delete node: IP: 173.255.206.39. Number of nodes 391
EtherApe-INFO: 13:22:05.190: delete node: IP: 216.239.34.178. Number of nodes 390
EtherApe-INFO: 13:22:05.684: delete node: IP: 193.19.152.72. Number of nodes 389
EtherApe-INFO: 13:22:05.684: delete node: IP: 140.82.112.25. Number of nodes 388
EtherApe-INFO: 13:22:07.306: delete node: IP: 34.120.133.55. Number of nodes 387
EtherApe-INFO: 13:22:08.673: delete node: IP: 172.217.16.13. Number of nodes 386
EtherApe-INFO: 13:22:08.938: delete node: IP: 216.52.2.91. Number of nodes 385
EtherApe-INFO: 13:22:09.171: delete node: IP: 224.0.0.251. Number of nodes 384
EtherApe-INFO: 13:22:09.171: delete node: IP: 104.22.56.102. Number of nodes 383
EtherApe-INFO: 13:22:09.171: delete node: IP: 62.182.19.39. Number of nodes 382
EtherApe-INFO: 13:22:09.171: delete node: IP: 54.184.148.185. Number of nodes 381
EtherApe-INFO: 13:22:09.171: delete node: IP: 52.48.195.8. Number of nodes 380
EtherApe-INFO: 13:22:09.171: delete node: IP: 34.246.32.5. Number of nodes 379
EtherApe-INFO: 13:22:09.171: delete node: IP: 18.244.102.25. Number of nodes 378
EtherApe-INFO: 13:22:09.673: delete node: IP: 216.58.215.86. Number of nodes 377
EtherApe-INFO: 13:22:09.673: delete node: IP: 141.95.98.65. Number of nodes 376
EtherApe-INFO: 13:22:09.673: delete node: IP: 92.243.18.11. Number of nodes 375
EtherApe-INFO: 13:22:10.295: delete node: IP: 68.183.222.220. Number of nodes 374
EtherApe-INFO: 13:22:10.295: delete node: IP: 52.88.245.147. Number of nodes 373
EtherApe-INFO: 13:22:10.541: delete node: IP: 52.210.27.198. Number of nodes 372
EtherApe-INFO: 13:22:10.541: delete node: IP: 52.51.186.199. Number of nodes 371
EtherApe-INFO: 13:22:11.033: delete node: IP: 173.255.236.65. Number of nodes 370
EtherApe-INFO: 13:22:11.033: delete node: IP: 82.207.52.214. Number of nodes 369
EtherApe-INFO: 13:22:11.033: delete node: IP: 54.155.18.159. Number of nodes 368
EtherApe-INFO: 13:22:11.033: delete node: IP: 52.202.121.246. Number of nodes 367
EtherApe-INFO: 13:22:11.033: delete node: IP: 52.29.123.56. Number of nodes 366
EtherApe-INFO: 13:22:11.033: delete node: IP: 31.43.47.204. Number of nodes 365
EtherApe-INFO: 13:22:11.294: delete node: IP: 35.190.88.7. Number of nodes 364
EtherApe-INFO: 13:22:11.525: delete node: IP: 45.79.178.210. Number of nodes 363
EtherApe-INFO: 13:22:12.006: delete node: IP: 162.19.138.116. Number of nodes 362
EtherApe-INFO: 13:22:12.006: delete node: IP: 3.222.139.20. Number of nodes 361
EtherApe-INFO: 13:22:12.732: New node: IP: 142.250.185.67. Number of nodes 362
EtherApe-INFO: 13:22:12.733: New node: IP: 172.217.16.3. Number of nodes 363
EtherApe-INFO: 13:22:12.734: New node: IP: 209.85.232.94. Number of nodes 364
EtherApe-INFO: 13:22:12.734: New node: IP: 209.85.203.94. Number of nodes 365
EtherApe-INFO: 13:22:12.746: delete node: IP: 216.239.36.178. Number of nodes 364
EtherApe-INFO: 13:22:12.746: delete node: IP: 216.58.215.80. Number of nodes 363
EtherApe-INFO: 13:22:12.746: delete node: IP: 81.2.194.241. Number of nodes 362
EtherApe-INFO: 13:22:12.746: delete node: IP: 31.13.81.36. Number of nodes 361
EtherApe-INFO: 13:22:12.746: delete node: IP: 18.244.102.4. Number of nodes 360
EtherApe-INFO: 13:22:13.123: delete node: IP: 216.239.32.178. Number of nodes 359
EtherApe-INFO: 13:22:13.123: delete node: IP: 131.252.210.176. Number of nodes 358
EtherApe-INFO: 13:22:14.130: delete node: IP: 104.18.25.185. Number of nodes 357
EtherApe-INFO: 13:22:14.130: delete node: IP: 93.184.220.66. Number of nodes 356
EtherApe-INFO: 13:22:14.130: delete node: IP: 23.64.232.81. Number of nodes 355
EtherApe-INFO: 13:22:14.629: delete node: IP: 193.0.160.131. Number of nodes 354
EtherApe-INFO: 13:22:14.629: delete node: IP: 104.21.3.46. Number of nodes 353
EtherApe-INFO: 13:22:14.629: delete node: IP: 104.17.183.177. Number of nodes 352
EtherApe-INFO: 13:22:14.884: delete node: IP: 216.239.34.181. Number of nodes 351
EtherApe-INFO: 13:22:14.884: delete node: IP: 216.58.215.110. Number of nodes 350
EtherApe-INFO: 13:22:14.884: delete node: IP: 216.58.215.106. Number of nodes 349
EtherApe-INFO: 13:22:14.884: delete node: IP: 216.58.215.70. Number of nodes 348
EtherApe-INFO: 13:22:14.884: delete node: IP: 216.58.208.206. Number of nodes 347
EtherApe-INFO: 13:22:14.884: delete node: IP: 193.19.153.66. Number of nodes 346
EtherApe-INFO: 13:22:14.884: delete node: IP: 185.199.111.133. Number of nodes 345
EtherApe-INFO: 13:22:14.884: delete node: IP: 185.199.108.154. Number of nodes 344
EtherApe-INFO: 13:22:14.884: delete node: IP: 185.199.108.153. Number of nodes 343
EtherApe-INFO: 13:22:14.885: delete node: IP: 178.18.231.162. Number of nodes 342
EtherApe-INFO: 13:22:14.885: delete node: IP: 178.18.231.160. Number of nodes 341
EtherApe-INFO: 13:22:14.885: delete node: IP: 172.217.16.4. Number of nodes 340
EtherApe-INFO: 13:22:14.885: delete node: IP: 172.67.38.106. Number of nodes 339
EtherApe-INFO: 13:22:14.885: delete node: IP: 172.64.147.123. Number of nodes 338
EtherApe-INFO: 13:22:14.885: delete node: IP: 167.235.124.61. Number of nodes 337
EtherApe-INFO: 13:22:14.885: delete node: IP: 167.235.124.59. Number of nodes 336
EtherApe-INFO: 13:22:14.885: delete node: IP: 157.240.224.7. Number of nodes 335
EtherApe-INFO: 13:22:14.885: delete node: IP: 151.101.66.133. Number of nodes 334
EtherApe-INFO: 13:22:14.885: delete node: IP: 142.250.203.209. Number of nodes 333
EtherApe-INFO: 13:22:14.885: delete node: IP: 142.250.186.193. Number of nodes 332
EtherApe-INFO: 13:22:14.885: delete node: IP: 140.82.121.3. Number of nodes 331
EtherApe-INFO: 13:22:14.885: delete node: IP: 130.211.23.194. Number of nodes 330
EtherApe-INFO: 13:22:14.885: delete node: IP: 108.138.51.92. Number of nodes 329
EtherApe-INFO: 13:22:14.885: delete node: IP: 108.138.51.78. Number of nodes 328
EtherApe-INFO: 13:22:14.885: delete node: IP: 108.138.51.55. Number of nodes 327
EtherApe-INFO: 13:22:14.885: delete node: IP: 108.138.51.29. Number of nodes 326
EtherApe-INFO: 13:22:14.885: delete node: IP: 108.138.46.177. Number of nodes 325
EtherApe-INFO: 13:22:14.885: delete node: IP: 104.26.8.50. Number of nodes 324
EtherApe-INFO: 13:22:14.885: delete node: IP: 104.26.6.139. Number of nodes 323
EtherApe-INFO: 13:22:14.885: delete node: IP: 104.22.53.173. Number of nodes 322
EtherApe-INFO: 13:22:14.885: delete node: IP: 104.22.5.69. Number of nodes 321
EtherApe-INFO: 13:22:14.885: delete node: IP: 104.19.147.8. Number of nodes 320
EtherApe-INFO: 13:22:14.885: delete node: IP: 104.18.41.233. Number of nodes 319
EtherApe-INFO: 13:22:14.885: delete node: IP: 104.18.34.10. Number of nodes 318
EtherApe-INFO: 13:22:14.885: delete node: IP: 104.18.29.38. Number of nodes 317
EtherApe-INFO: 13:22:14.885: delete node: IP: 104.18.28.38. Number of nodes 316
EtherApe-INFO: 13:22:14.885: delete node: IP: 104.18.22.126. Number of nodes 315
EtherApe-INFO: 13:22:14.885: delete node: IP: 104.18.20.206. Number of nodes 314
EtherApe-INFO: 13:22:14.885: delete node: IP: 104.17.79.34. Number of nodes 313
EtherApe-INFO: 13:22:14.885: delete node: IP: 104.17.32.105. Number of nodes 312
EtherApe-INFO: 13:22:14.885: delete node: IP: 104.16.99.56. Number of nodes 311
EtherApe-INFO: 13:22:14.885: delete node: IP: 104.16.85.20. Number of nodes 310
EtherApe-INFO: 13:22:14.885: delete node: IP: 104.16.42.65. Number of nodes 309
EtherApe-INFO: 13:22:14.885: delete node: IP: 104.16.26.5. Number of nodes 308
EtherApe-INFO: 13:22:14.885: delete node: IP: 99.83.181.31. Number of nodes 307
EtherApe-INFO: 13:22:14.885: delete node: IP: 78.46.105.101. Number of nodes 306
EtherApe-INFO: 13:22:14.885: delete node: IP: 76.76.21.21. Number of nodes 305
EtherApe-INFO: 13:22:14.885: delete node: IP: 37.19.218.108. Number of nodes 304
EtherApe-INFO: 13:22:14.885: delete node: IP: 35.186.249.72. Number of nodes 303
EtherApe-INFO: 13:22:14.885: delete node: IP: 34.111.152.239. Number of nodes 302
EtherApe-INFO: 13:22:14.885: delete node: IP: 34.111.129.221. Number of nodes 301
EtherApe-INFO: 13:22:14.885: delete node: IP: 18.244.102.114. Number of nodes 300
EtherApe-INFO: 13:22:14.885: delete node: IP: 18.244.102.57. Number of nodes 299
EtherApe-INFO: 13:22:14.885: delete node: IP: 18.66.234.116. Number of nodes 298
EtherApe-INFO: 13:22:14.885: delete node: IP: 18.66.233.102. Number of nodes 297
EtherApe-INFO: 13:22:14.885: delete node: IP: 18.66.233.99. Number of nodes 296
EtherApe-INFO: 13:22:14.885: delete node: IP: 18.66.233.90. Number of nodes 295
EtherApe-INFO: 13:22:14.885: delete node: IP: 18.66.233.86. Number of nodes 294
EtherApe-INFO: 13:22:14.885: delete node: IP: 18.66.233.84. Number of nodes 293
EtherApe-INFO: 13:22:14.885: delete node: IP: 18.66.233.77. Number of nodes 292
EtherApe-INFO: 13:22:14.885: delete node: IP: 18.66.233.54. Number of nodes 291
EtherApe-INFO: 13:22:14.885: delete node: IP: 3.2.8.2. Number of nodes 290
EtherApe-INFO: 13:22:15.124: delete node: IP: 213.19.162.41. Number of nodes 289
EtherApe-INFO: 13:22:15.124: delete node: IP: 212.111.40.74. Number of nodes 288
EtherApe-INFO: 13:22:15.124: delete node: IP: 199.232.148.157. Number of nodes 287
EtherApe-INFO: 13:22:15.124: delete node: IP: 192.0.66.96. Number of nodes 286
EtherApe-INFO: 13:22:15.124: delete node: IP: 185.199.109.133. Number of nodes 285
EtherApe-INFO: 13:22:15.124: delete node: IP: 178.250.7.10. Number of nodes 284
EtherApe-INFO: 13:22:15.124: delete node: IP: 172.67.168.31. Number of nodes 283
EtherApe-INFO: 13:22:15.124: delete node: IP: 151.101.193.140. Number of nodes 282
EtherApe-INFO: 13:22:15.124: delete node: IP: 151.101.129.140. Number of nodes 281
EtherApe-INFO: 13:22:15.124: delete node: IP: 151.101.0.176. Number of nodes 280
EtherApe-INFO: 13:22:15.124: delete node: IP: 146.20.128.169. Number of nodes 279
EtherApe-INFO: 13:22:15.124: delete node: IP: 142.251.1.157. Number of nodes 278
EtherApe-INFO: 13:22:15.124: delete node: IP: 142.251.1.155. Number of nodes 277
EtherApe-INFO: 13:22:15.124: delete node: IP: 140.82.121.6. Number of nodes 276
EtherApe-INFO: 13:22:15.124: delete node: IP: 140.82.121.4. Number of nodes 275
EtherApe-INFO: 13:22:15.124: delete node: IP: 140.82.113.22. Number of nodes 274
EtherApe-INFO: 13:22:15.124: delete node: IP: 135.181.27.174. Number of nodes 273
EtherApe-INFO: 13:22:15.124: delete node: IP: 108.138.51.32. Number of nodes 272
EtherApe-INFO: 13:22:15.124: delete node: IP: 108.138.48.217. Number of nodes 271
EtherApe-INFO: 13:22:15.124: delete node: IP: 104.244.42.200. Number of nodes 270
EtherApe-INFO: 13:22:15.124: delete node: IP: 104.244.42.8. Number of nodes 269
EtherApe-INFO: 13:22:15.124: delete node: IP: 104.91.48.24. Number of nodes 268
EtherApe-INFO: 13:22:15.124: delete node: IP: 104.81.217.244. Number of nodes 267
EtherApe-INFO: 13:22:15.124: delete node: IP: 104.26.10.209. Number of nodes 266
EtherApe-INFO: 13:22:15.124: delete node: IP: 104.26.3.70. Number of nodes 265
EtherApe-INFO: 13:22:15.124: delete node: IP: 95.216.144.15. Number of nodes 264
EtherApe-INFO: 13:22:15.124: delete node: IP: 91.228.74.166. Number of nodes 263
EtherApe-INFO: 13:22:15.124: delete node: IP: 91.228.74.159. Number of nodes 262
EtherApe-INFO: 13:22:15.124: delete node: IP: 91.198.174.208. Number of nodes 261
EtherApe-INFO: 13:22:15.124: delete node: IP: 91.198.174.192. Number of nodes 260
EtherApe-INFO: 13:22:15.124: delete node: IP: 89.207.16.137. Number of nodes 259
EtherApe-INFO: 13:22:15.124: delete node: IP: 69.166.1.9. Number of nodes 258
EtherApe-INFO: 13:22:15.124: delete node: IP: 68.183.241.41. Number of nodes 257
EtherApe-INFO: 13:22:15.124: delete node: IP: 54.77.2.249. Number of nodes 256
EtherApe-INFO: 13:22:15.124: delete node: IP: 54.74.73.31. Number of nodes 255
EtherApe-INFO: 13:22:15.124: delete node: IP: 54.37.238.28. Number of nodes 254
EtherApe-INFO: 13:22:15.124: delete node: IP: 52.205.39.197. Number of nodes 253
EtherApe-INFO: 13:22:15.124: delete node: IP: 52.28.187.80. Number of nodes 252
EtherApe-INFO: 13:22:15.124: delete node: IP: 52.5.230.202. Number of nodes 251
EtherApe-INFO: 13:22:15.124: delete node: IP: 52.3.19.29. Number of nodes 250
EtherApe-INFO: 13:22:15.124: delete node: IP: 46.51.157.28. Number of nodes 249
EtherApe-INFO: 13:22:15.124: delete node: IP: 45.79.51.10. Number of nodes 248
EtherApe-INFO: 13:22:15.124: delete node: IP: 44.208.80.107. Number of nodes 247
EtherApe-INFO: 13:22:15.124: delete node: IP: 44.193.101.203. Number of nodes 246
EtherApe-INFO: 13:22:15.124: delete node: IP: 35.244.159.8. Number of nodes 245
EtherApe-INFO: 13:22:15.124: delete node: IP: 35.157.246.107. Number of nodes 244
EtherApe-INFO: 13:22:15.124: delete node: IP: 35.157.221.247. Number of nodes 243
EtherApe-INFO: 13:22:15.124: delete node: IP: 35.71.131.137. Number of nodes 242
EtherApe-INFO: 13:22:15.124: delete node: IP: 34.247.238.18. Number of nodes 241
EtherApe-INFO: 13:22:15.124: delete node: IP: 18.244.102.23. Number of nodes 240
EtherApe-INFO: 13:22:15.124: delete node: IP: 18.196.130.47. Number of nodes 239
EtherApe-INFO: 13:22:15.124: delete node: IP: 18.157.205.241. Number of nodes 238
EtherApe-INFO: 13:22:15.124: delete node: IP: 18.66.233.125. Number of nodes 237
EtherApe-INFO: 13:22:15.124: delete node: IP: 13.107.21.200. Number of nodes 236
EtherApe-INFO: 13:22:15.634: delete node: IP: 207.241.237.8. Number of nodes 235
EtherApe-INFO: 13:22:15.634: delete node: IP: 52.39.232.146. Number of nodes 234
EtherApe-INFO: 13:22:15.634: delete node: IP: 35.155.154.152. Number of nodes 233
EtherApe-INFO: 13:22:15.888: delete node: IP: 142.250.186.194. Number of nodes 232
EtherApe-INFO: 13:22:15.888: delete node: IP: 34.96.71.22. Number of nodes 231
EtherApe-INFO: 13:22:16.876: delete node: IP: 216.58.215.100. Number of nodes 230
EtherApe-INFO: 13:22:16.876: delete node: IP: 195.64.239.125. Number of nodes 229
EtherApe-INFO: 13:22:16.876: delete node: IP: 172.217.16.38. Number of nodes 228
EtherApe-INFO: 13:22:16.876: delete node: IP: 142.251.1.156. Number of nodes 227
EtherApe-INFO: 13:22:16.876: delete node: IP: 104.17.185.177. Number of nodes 226
EtherApe-INFO: 13:22:17.854: delete node: IP: 172.217.16.46. Number of nodes 225
EtherApe-INFO: 13:22:17.854: delete node: IP: 142.250.203.196. Number of nodes 224
EtherApe-INFO: 13:22:18.134: New node: IP: 140.82.121.4. Number of nodes 225
EtherApe-INFO: 13:22:18.489: delete node: IP: 34.111.113.62. Number of nodes 224
EtherApe-INFO: 13:22:18.630: delete node: IP: 35.244.133.240. Number of nodes 223
EtherApe-INFO: 13:22:19.259: delete node: IP: 34.98.64.218. Number of nodes 222
EtherApe-INFO: 13:22:20.166: delete node: IP: 185.80.39.216. Number of nodes 221
EtherApe-INFO: 13:22:20.166: delete node: IP: 142.250.75.10. Number of nodes 220
EtherApe-INFO: 13:22:20.431: delete node: IP: 216.58.215.98. Number of nodes 219
EtherApe-INFO: 13:22:20.675: delete node: IP: 208.67.220.220. Number of nodes 218
EtherApe-INFO: 13:22:20.675: delete node: IP: 15.235.15.221. Number of nodes 217
EtherApe-INFO: 13:22:20.675: delete node: IP: 1.1.1.1. Number of nodes 216
EtherApe-INFO: 13:22:22.219: New node: IP: 185.166.143.37. Number of nodes 217
EtherApe-INFO: 13:22:23.757: New node: IP: 139.177.188.188. Number of nodes 218
EtherApe-INFO: 13:22:23.858: delete node: IP: 52.208.166.9. Number of nodes 217
EtherApe-INFO: 13:22:23.996: delete node: IP: 35.214.252.99. Number of nodes 216
EtherApe-INFO: 13:22:26.122: delete node: IP: 162.19.138.118. Number of nodes 215
EtherApe-INFO: 13:22:26.123: delete node: IP: 64.227.64.62. Number of nodes 214
EtherApe-INFO: 13:22:28.177: delete node: IP: 178.250.7.11. Number of nodes 213
EtherApe-INFO: 13:22:28.177: delete node: IP: 3.126.186.102. Number of nodes 212
EtherApe-INFO: 13:22:28.670: delete node: IP: 178.250.1.9. Number of nodes 211
EtherApe-INFO: 13:22:28.670: delete node: IP: 98.98.134.243. Number of nodes 210
EtherApe-INFO: 13:22:28.670: delete node: IP: 77.243.51.121. Number of nodes 209
EtherApe-INFO: 13:22:28.670: delete node: IP: 64.202.112.223. Number of nodes 208
EtherApe-INFO: 13:22:28.670: delete node: IP: 54.166.10.135. Number of nodes 207
EtherApe-INFO: 13:22:28.670: delete node: IP: 54.157.56.43. Number of nodes 206
EtherApe-INFO: 13:22:28.670: delete node: IP: 52.49.144.166. Number of nodes 205
EtherApe-INFO: 13:22:28.670: delete node: IP: 37.252.171.85. Number of nodes 204
EtherApe-INFO: 13:22:29.155: delete node: IP: 64.247.193.142. Number of nodes 203
EtherApe-INFO: 13:22:29.155: delete node: IP: 52.28.177.159. Number of nodes 202
EtherApe-INFO: 13:22:29.383: delete node: IP: 192.178.25.173. Number of nodes 201
EtherApe-INFO: 13:22:29.384: delete node: IP: 192.178.25.170. Number of nodes 200
EtherApe-INFO: 13:22:29.999: delete node: IP: 208.93.169.131. Number of nodes 199
EtherApe-INFO: 13:22:30.233: delete node: IP: 213.19.162.67. Number of nodes 198
EtherApe-INFO: 13:22:30.477: delete node: IP: 188.114.96.13. Number of nodes 197
EtherApe-INFO: 13:22:30.477: delete node: IP: 46.228.164.11. Number of nodes 196
EtherApe-INFO: 13:22:31.218: delete node: IP: 216.58.209.2. Number of nodes 195
EtherApe-INFO: 13:22:32.322: delete node: IP: 216.52.2.48. Number of nodes 194
EtherApe-INFO: 13:22:32.322: delete node: IP: 185.89.210.153. Number of nodes 193
EtherApe-INFO: 13:22:32.322: delete node: IP: 185.86.138.154. Number of nodes 192
EtherApe-INFO: 13:22:32.808: delete node: IP: 3.121.7.4. Number of nodes 191
EtherApe-INFO: 13:22:33.782: delete node: IP: 64.95.96.108. Number of nodes 190
EtherApe-INFO: 13:22:34.011: delete node: IP: 3.65.115.221. Number of nodes 189
EtherApe-INFO: 13:22:35.551: delete node: IP: 185.83.69.226. Number of nodes 188
EtherApe-INFO: 13:22:35.551: delete node: IP: 85.114.159.118. Number of nodes 187
EtherApe-INFO: 13:22:37.101: delete node: IP: 216.52.2.39. Number of nodes 186
EtherApe-INFO: 13:22:38.125: delete node: IP: 192.200.6.10. Number of nodes 185
EtherApe-INFO: 13:22:39.428: delete node: IP: 178.250.1.11. Number of nodes 184
EtherApe-INFO: 13:22:40.478: delete node: IP: 216.58.215.66. Number of nodes 183
EtherApe-INFO: 13:22:40.992: delete node: IP: 142.251.1.154. Number of nodes 182
EtherApe-INFO: 13:22:40.992: delete node: IP: 142.250.186.200. Number of nodes 181
EtherApe-INFO: 13:22:40.992: delete node: IP: 31.13.81.13. Number of nodes 180
EtherApe-INFO: 13:22:42.233: delete node: IP: 142.250.186.195. Number of nodes 179
EtherApe-INFO: 13:22:42.738: delete node: IP: 195.5.165.20. Number of nodes 178
EtherApe-INFO: 13:22:43.233: delete node: IP: 34.160.152.31. Number of nodes 177
EtherApe-INFO: 13:22:44.231: delete node: IP: 52.220.229.2. Number of nodes 176
EtherApe-INFO: 13:22:44.993: New node: IP: 108.138.51.16. Number of nodes 177
EtherApe-INFO: 13:22:45.243: New node: IP: 216.58.215.100. Number of nodes 178
EtherApe-INFO: 13:22:45.593: delete node: IP: 46.228.174.117. Number of nodes 177
EtherApe-INFO: 13:22:48.315: New node: IP: 192.178.25.170. Number of nodes 178
EtherApe-INFO: 13:22:48.336: delete node: IP: 141.94.171.212. Number of nodes 177
EtherApe-INFO: 13:22:49.695: delete node: IP: 51.38.120.206. Number of nodes 176
EtherApe-INFO: 13:22:49.947: delete node: IP: 185.86.139.104. Number of nodes 175
EtherApe-INFO: 13:22:51.457: delete node: IP: 192.132.33.46. Number of nodes 174
EtherApe-INFO: 13:22:56.055: delete node: IP: 141.94.240.141. Number of nodes 173
EtherApe-INFO: 13:22:56.766: New node: IP: 35.216.18.75. Number of nodes 174
EtherApe-INFO: 13:22:56.766: New node: IP: 34.101.114.154. Number of nodes 175
EtherApe-INFO: 13:22:57.791: New node: IP: 35.215.90.198. Number of nodes 176
EtherApe-INFO: 13:23:02.198: delete node: IP: 192.0.73.2. Number of nodes 175
EtherApe-INFO: 13:23:02.198: delete node: IP: 185.89.210.122. Number of nodes 174
EtherApe-INFO: 13:23:02.198: delete node: IP: 23.88.86.2. Number of nodes 173
EtherApe-INFO: 13:23:03.180: delete node: IP: 91.236.251.29. Number of nodes 172
EtherApe-INFO: 13:23:08.074: delete node: IP: 213.155.156.182. Number of nodes 171
EtherApe-INFO: 13:23:08.816: delete node: IP: 141.95.32.69. Number of nodes 170
EtherApe-INFO: 13:23:11.357: New node: IP: 91.236.251.29. Number of nodes 171
EtherApe-INFO: 13:23:12.654: delete node: IP: 34.154.74.59. Number of nodes 170
EtherApe-INFO: 13:23:12.905: delete node: IP: 96.16.54.146. Number of nodes 169
EtherApe-INFO: 13:23:14.258: delete node: IP: 185.183.112.148. Number of nodes 168
EtherApe-INFO: 13:23:14.727: delete node: IP: 185.255.84.152. Number of nodes 167
EtherApe-INFO: 13:23:14.972: delete node: IP: 52.72.248.76. Number of nodes 166
EtherApe-INFO: 13:23:15.451: New node: IP: 190.183.155.143. Number of nodes 167
EtherApe-INFO: 13:23:15.818: delete node: IP: 103.110.33.159. Number of nodes 166
EtherApe-INFO: 13:23:15.818: delete node: IP: 16.170.176.3. Number of nodes 165
EtherApe-INFO: 13:23:16.545: delete node: IP: 142.250.186.67. Number of nodes 164
EtherApe-INFO: 13:23:17.025: delete node: IP: 52.210.99.64. Number of nodes 163
EtherApe-INFO: 13:23:18.570: delete node: IP: 54.77.208.59. Number of nodes 162
EtherApe-INFO: 13:23:18.826: delete node: IP: 147.75.84.158. Number of nodes 161
EtherApe-INFO: 13:23:18.826: delete node: IP: 18.202.200.24. Number of nodes 160
EtherApe-INFO: 13:23:19.323: delete node: IP: 52.44.244.58. Number of nodes 159
EtherApe-INFO: 13:23:19.323: delete node: IP: 52.31.121.178. Number of nodes 158
EtherApe-INFO: 13:23:19.323: delete node: IP: 18.208.123.81. Number of nodes 157
EtherApe-INFO: 13:23:19.323: delete node: IP: 18.195.124.86. Number of nodes 156
EtherApe-INFO: 13:23:19.560: delete node: IP: 3.120.100.137. Number of nodes 155
EtherApe-INFO: 13:23:20.060: delete node: IP: 91.228.74.251. Number of nodes 154
EtherApe-INFO: 13:23:20.331: delete node: IP: 52.223.40.198. Number of nodes 153
EtherApe-INFO: 13:23:22.123: delete node: IP: 162.55.80.222. Number of nodes 152
EtherApe-INFO: 13:23:25.512: delete node: IP: 157.240.224.35. Number of nodes 151
EtherApe-INFO: 13:23:29.374: delete node: IP: 104.198.63.0. Number of nodes 150
EtherApe-INFO: 13:23:29.632: delete node: IP: 216.58.208.202. Number of nodes 149
EtherApe-INFO: 13:23:31.443: delete node: IP: 64.158.223.137. Number of nodes 148
EtherApe-INFO: 13:23:33.180: delete node: IP: 192.0.77.2. Number of nodes 147
EtherApe-INFO: 13:23:34.154: delete node: IP: 89.207.16.140. Number of nodes 146
EtherApe-INFO: 13:23:35.456: delete node: IP: 35.227.159.135. Number of nodes 145
EtherApe-INFO: 13:23:37.723: New node: IP: 167.99.67.45. Number of nodes 146
EtherApe-INFO: 13:23:37.814: delete node: IP: 3.223.30.183. Number of nodes 145
EtherApe-INFO: 13:23:38.056: delete node: IP: 195.64.151.248. Number of nodes 144
EtherApe-INFO: 13:23:38.535: delete node: IP: 64.158.223.140. Number of nodes 143
EtherApe-INFO: 13:23:39.356: delete node: IP: 185.255.84.153. Number of nodes 142
EtherApe-INFO: 13:23:42.153: delete node: IP: 216.239.36.181. Number of nodes 141
EtherApe-INFO: 13:23:42.923: delete node: IP: 34.255.231.185. Number of nodes 140
EtherApe-INFO: 13:23:44.251: delete node: IP: 34.149.66.134. Number of nodes 139
EtherApe-INFO: 13:23:45.148: New node: IP: 142.250.203.196. Number of nodes 140
EtherApe-INFO: 13:23:47.019: delete node: IP: 167.248.133.160. Number of nodes 139
EtherApe-INFO: 13:23:55.408: delete node: IP: 94.102.61.33. Number of nodes 138
EtherApe-INFO: 13:23:58.035: delete node: IP: 216.58.209.1. Number of nodes 137
EtherApe-INFO: 13:24:00.378: delete node: IP: 142.250.203.193. Number of nodes 136
EtherApe-INFO: 13:24:01.535: delete node: IP: 142.250.203.195. Number of nodes 135
EtherApe-INFO: 13:24:02.354: delete node: IP: 192.178.25.162. Number of nodes 134
EtherApe-INFO: 13:24:03.863: delete node: IP: 216.58.215.97. Number of nodes 133
EtherApe-INFO: 13:24:03.863: delete node: IP: 216.58.215.78. Number of nodes 132
EtherApe-INFO: 13:24:03.863: delete node: IP: 216.58.215.74. Number of nodes 131
EtherApe-INFO: 13:24:04.725: delete node: IP: 64.233.163.127. Number of nodes 130
EtherApe-INFO: 13:24:06.160: New node: IP: 118.123.105.86. Number of nodes 131
EtherApe-INFO: 13:24:08.190: New node: IP: 45.134.144.212. Number of nodes 132
EtherApe-INFO: 13:24:08.475: delete node: IP: 31.43.58.109. Number of nodes 131
EtherApe-INFO: 13:24:09.724: New node: IP: 95.216.195.133. Number of nodes 132
EtherApe-INFO: 13:24:11.774: New node: IP: 34.116.74.210. Number of nodes 133
EtherApe-INFO: 13:24:13.574: delete node: IP: 142.250.186.205. Number of nodes 132
EtherApe-INFO: 13:24:15.168: delete node: IP: 207.241.224.2. Number of nodes 131
EtherApe-INFO: 13:24:15.641: delete node: IP: 62.140.236.170. Number of nodes 130
EtherApe-INFO: 13:24:17.452: delete node: IP: 104.81.226.48. Number of nodes 129
EtherApe-INFO: 13:24:17.452: delete node: IP: 23.200.160.201. Number of nodes 128
EtherApe-INFO: 13:24:17.933: delete node: IP: 37.157.2.234. Number of nodes 127
EtherApe-INFO: 13:24:18.182: delete node: IP: 142.250.186.196. Number of nodes 126
EtherApe-INFO: 13:24:19.024: delete node: IP: 37.157.5.132. Number of nodes 125
EtherApe-INFO: 13:24:19.264: delete node: IP: 13.107.42.14. Number of nodes 124
EtherApe-INFO: 13:24:19.516: delete node: IP: 3.71.149.231. Number of nodes 123
EtherApe-INFO: 13:24:20.477: New node: IP: 146.19.57.54. Number of nodes 124
EtherApe-INFO: 13:24:20.841: delete node: IP: 172.217.16.35. Number of nodes 123
EtherApe-INFO: 13:24:20.841: delete node: IP: 23.74.173.33. Number of nodes 122
EtherApe-INFO: 13:24:22.780: New node: IP: 216.58.215.74. Number of nodes 123
EtherApe-INFO: 13:24:23.894: delete node: IP: 139.177.188.188. Number of nodes 122
EtherApe-INFO: 13:24:26.134: delete node: IP: 185.29.132.245. Number of nodes 121
EtherApe-INFO: 13:24:29.454: delete node: IP: 207.241.225.195. Number of nodes 120
EtherApe-INFO: 13:24:31.227: New node: IP: 185.224.128.27. Number of nodes 121
EtherApe-INFO: 13:24:36.418: delete node: IP: 185.166.143.37. Number of nodes 120
EtherApe-INFO: 13:24:37.950: delete node: IP: 207.241.237.3. Number of nodes 119
EtherApe-INFO: 13:24:38.139: New node: IP: 172.217.16.35. Number of nodes 120
EtherApe-INFO: 13:24:41.035: delete node: IP: 146.0.227.109. Number of nodes 119
EtherApe-INFO: 13:24:44.561: delete node: IP: 13.107.213.44. Number of nodes 118
EtherApe-INFO: 13:24:45.307: New node: IP: 142.250.186.196. Number of nodes 119
EtherApe-INFO: 13:24:54.523: New node: IP: 149.154.175.100. Number of nodes 120
EtherApe-INFO: 13:25:04.084: delete node: IP: 35.215.90.198. Number of nodes 119
EtherApe-INFO: 13:25:09.171: delete node: IP: 216.58.215.100. Number of nodes 118
EtherApe-INFO: 13:25:11.531: delete node: IP: 91.236.251.29. Number of nodes 117
EtherApe-INFO: 13:25:12.700: New node: IP: 142.251.32.195. Number of nodes 118
EtherApe-INFO: 13:25:12.794: delete node: IP: 216.58.209.10. Number of nodes 117
EtherApe-INFO: 13:25:14.577: delete node: IP: 18.66.233.91. Number of nodes 116
EtherApe-INFO: 13:25:15.788: delete node: IP: 190.183.155.143. Number of nodes 115
EtherApe-INFO: 13:25:19.182: delete node: IP: 20.127.253.7. Number of nodes 114
EtherApe-INFO: 13:25:23.707: New node: IP: 104.236.128.17. Number of nodes 115
EtherApe-INFO: 13:25:24.732: New node: IP: 203.243.43.88. Number of nodes 116
EtherApe-INFO: 13:25:34.972: New node: IP: 216.58.208.202. Number of nodes 117
EtherApe-INFO: 13:25:38.083: delete node: IP: 167.99.67.45. Number of nodes 116
EtherApe-INFO: 13:25:38.556: New node: IP: 195.64.136.254. Number of nodes 117
EtherApe-INFO: 13:25:39.067: New node: IP: 34.149.66.134. Number of nodes 118
EtherApe-INFO: 13:25:43.185: New node: IP: 192.0.73.2. Number of nodes 119
EtherApe-INFO: 13:25:45.232: delete node: IP: 142.250.203.196. Number of nodes 118
EtherApe-INFO: 13:25:45.467: New node: IP: 142.250.203.196. Number of nodes 119
EtherApe-INFO: 13:25:50.336: delete node: IP: 108.138.51.16. Number of nodes 118
EtherApe-INFO: 13:25:50.915: delete node: IP: 192.178.25.170. Number of nodes 117
EtherApe-INFO: 13:25:53.147: New node: IP: 216.58.209.3. Number of nodes 118
EtherApe-INFO: 13:26:02.176: delete node: IP: 35.216.18.75. Number of nodes 117
EtherApe-INFO: 13:26:02.176: delete node: IP: 34.101.114.154. Number of nodes 116
EtherApe-INFO: 13:26:06.547: delete node: IP: 118.123.105.86. Number of nodes 115
EtherApe-INFO: 13:26:08.579: delete node: IP: 45.134.144.212. Number of nodes 114
EtherApe-INFO: 13:26:11.139: delete node: IP: 104.18.12.33. Number of nodes 113
EtherApe-INFO: 13:26:13.050: delete node: IP: 95.216.195.133. Number of nodes 112
EtherApe-INFO: 13:26:15.259: delete node: IP: 18.244.97.213. Number of nodes 111
EtherApe-INFO: 13:26:15.480: delete node: IP: 172.217.16.2. Number of nodes 110
EtherApe-INFO: 13:26:18.532: delete node: IP: 192.178.25.174. Number of nodes 109
EtherApe-INFO: 13:26:19.331: delete node: IP: 142.250.203.194. Number of nodes 108
EtherApe-INFO: 13:26:19.561: delete node: IP: 142.250.203.129. Number of nodes 107
EtherApe-INFO: 13:26:20.041: delete node: IP: 18.244.102.77. Number of nodes 106
EtherApe-INFO: 13:26:20.385: delete node: IP: 3.67.35.217. Number of nodes 105
EtherApe-INFO: 13:26:20.837: delete node: IP: 146.19.57.54. Number of nodes 104
EtherApe-INFO: 13:26:21.627: delete node: IP: 140.82.121.4. Number of nodes 103
EtherApe-INFO: 13:26:23.197: delete node: IP: 216.58.215.74. Number of nodes 102
EtherApe-INFO: 13:26:25.672: New node: IP: 172.217.16.10. Number of nodes 103
EtherApe-INFO: 13:26:26.441: New node: IP: 192.178.25.170. Number of nodes 104
EtherApe-INFO: 13:26:27.471: New node: IP: 142.250.203.193. Number of nodes 105
EtherApe-INFO: 13:26:27.722: New node: IP: 172.217.16.22. Number of nodes 106
EtherApe-INFO: 13:26:28.230: New node: IP: 216.58.215.78. Number of nodes 107
EtherApe-INFO: 13:26:28.266: delete node: IP: 35.204.158.49. Number of nodes 106
EtherApe-INFO: 13:26:28.486: New node: IP: 185.199.110.154. Number of nodes 107
EtherApe-INFO: 13:26:28.486: New node: IP: 140.82.121.4. Number of nodes 108
EtherApe-INFO: 13:26:28.754: New node: IP: 216.58.208.206. Number of nodes 109
EtherApe-INFO: 13:26:28.760: New node: IP: 192.178.25.173. Number of nodes 110
EtherApe-INFO: 13:26:29.009: New node: IP: 216.58.215.66. Number of nodes 111
EtherApe-INFO: 13:26:29.009: New node: IP: 142.250.203.198. Number of nodes 112
EtherApe-INFO: 13:26:29.255: New node: IP: 185.199.109.133. Number of nodes 113
EtherApe-INFO: 13:26:29.261: New node: IP: 185.199.111.133. Number of nodes 114
EtherApe-INFO: 13:26:29.678: New node: IP: 140.82.112.22. Number of nodes 115
EtherApe-INFO: 13:26:29.678: New node: IP: 140.82.121.5. Number of nodes 116
EtherApe-INFO: 13:26:31.211: New node: IP: 223.206.154.5. Number of nodes 117
EtherApe-INFO: 13:26:31.548: delete node: IP: 185.224.128.27. Number of nodes 116
EtherApe-INFO: 13:26:32.235: New node: IP: 78.11.84.52. Number of nodes 117
EtherApe-INFO: 13:26:34.644: delete node: IP: 18.66.233.73. Number of nodes 116
EtherApe-INFO: 13:26:35.307: New node: IP: 143.0.164.20. Number of nodes 117
EtherApe-INFO: 13:26:35.622: delete node: IP: 108.138.51.107. Number of nodes 116
EtherApe-INFO: 13:26:35.622: delete node: IP: 52.84.195.95. Number of nodes 115
EtherApe-INFO: 13:26:35.622: delete node: IP: 18.244.96.178. Number of nodes 114
EtherApe-INFO: 13:26:38.386: delete node: IP: 172.217.16.35. Number of nodes 113
EtherApe-INFO: 13:26:45.319: delete node: IP: 142.250.186.196. Number of nodes 112
EtherApe-INFO: 13:26:46.573: New node: IP: 64.62.197.124. Number of nodes 113
EtherApe-INFO: 13:26:50.670: New node: IP: 176.97.210.59. Number of nodes 114
EtherApe-INFO: 13:27:00.703: delete node: IP: 18.244.102.64. Number of nodes 113
EtherApe-INFO: 13:27:06.539: New node: IP: 201.132.176.2. Number of nodes 114
EtherApe-INFO: 13:27:08.946: delete node: IP: 18.66.233.48. Number of nodes 113
EtherApe-INFO: 13:27:12.747: delete node: IP: 34.116.74.210. Number of nodes 112
EtherApe-INFO: 13:27:16.011: New node: IP: 198.199.110.72. Number of nodes 113
EtherApe-INFO: 13:27:18.581: delete node: IP: 198.47.127.20. Number of nodes 112
EtherApe-INFO: 13:27:19.653: delete node: IP: 76.223.111.18. Number of nodes 111
EtherApe-INFO: 13:27:20.110: delete node: IP: 104.87.175.132. Number of nodes 110
EtherApe-INFO: 13:27:20.462: delete node: IP: 193.0.160.130. Number of nodes 109
EtherApe-INFO: 13:27:20.462: delete node: IP: 69.173.144.165. Number of nodes 108
EtherApe-INFO: 13:27:20.462: delete node: IP: 69.173.144.139. Number of nodes 107
EtherApe-INFO: 13:27:20.462: delete node: IP: 69.173.144.138. Number of nodes 106
EtherApe-INFO: 13:27:20.462: delete node: IP: 52.46.151.131. Number of nodes 105
EtherApe-INFO: 13:27:20.462: delete node: IP: 8.43.72.98. Number of nodes 104
EtherApe-INFO: 13:27:24.041: delete node: IP: 104.236.128.17. Number of nodes 103
EtherApe-INFO: 13:27:25.055: delete node: IP: 203.243.43.88. Number of nodes 102
EtherApe-INFO: 13:27:27.532: New node: IP: 91.236.251.29. Number of nodes 103
EtherApe-INFO: 13:27:29.326: New node: IP: 34.87.124.238. Number of nodes 104
EtherApe-INFO: 13:27:29.594: delete node: IP: 216.58.215.99. Number of nodes 103
EtherApe-INFO: 13:27:31.640: New node: IP: 193.163.125.199. Number of nodes 104
EtherApe-INFO: 13:27:32.217: delete node: IP: 185.166.143.35. Number of nodes 103
EtherApe-INFO: 13:27:35.317: delete node: IP: 216.58.208.202. Number of nodes 102
EtherApe-INFO: 13:27:36.527: delete node: IP: 185.166.143.32. Number of nodes 101
EtherApe-INFO: 13:27:39.884: delete node: IP: 34.149.66.134. Number of nodes 100
EtherApe-INFO: 13:27:41.612: New node: IP: 35.207.191.46. Number of nodes 101
EtherApe-INFO: 13:27:44.217: delete node: IP: 34.120.195.249. Number of nodes 100
EtherApe-INFO: 13:27:44.431: New node: IP: 172.217.166.3. Number of nodes 101
EtherApe-INFO: 13:27:44.442: delete node: IP: 108.138.51.82. Number of nodes 100
EtherApe-INFO: 13:27:45.461: New node: IP: 142.250.186.196. Number of nodes 101
EtherApe-INFO: 13:27:48.864: delete node: IP: 185.64.190.80. Number of nodes 100
EtherApe-INFO: 13:27:49.631: delete node: IP: 195.64.136.254. Number of nodes 99
EtherApe-INFO: 13:27:51.083: New node: IP: 185.224.128.17. Number of nodes 100
EtherApe-INFO: 13:27:51.362: delete node: IP: 185.64.190.81. Number of nodes 99
EtherApe-INFO: 13:27:52.363: New node: IP: 171.38.219.156. Number of nodes 100
EtherApe-INFO: 13:27:53.464: delete node: IP: 216.58.209.3. Number of nodes 99
EtherApe-INFO: 13:27:55.707: delete node: IP: 216.58.208.194. Number of nodes 98
EtherApe-INFO: 13:27:55.707: delete node: IP: 185.64.190.78. Number of nodes 97
EtherApe-INFO: 13:27:59.070: delete node: IP: 142.250.75.14. Number of nodes 96
EtherApe-INFO: 13:28:09.772: New node: IP: 45.134.144.212. Number of nodes 97
EtherApe-INFO: 13:28:12.078: New node: IP: 216.58.215.74. Number of nodes 98
EtherApe-INFO: 13:28:13.386: delete node: IP: 209.85.203.94. Number of nodes 97
EtherApe-INFO: 13:28:13.386: delete node: IP: 192.0.73.2. Number of nodes 96
EtherApe-INFO: 13:28:13.715: delete node: IP: 209.85.232.94. Number of nodes 95
EtherApe-INFO: 13:28:14.156: delete node: IP: 67.220.226.234. Number of nodes 94
EtherApe-INFO: 13:28:14.893: New node: IP: 185.199.109.154. Number of nodes 95
EtherApe-INFO: 13:28:26.688: delete node: IP: 192.178.25.170. Number of nodes 94
EtherApe-INFO: 13:28:26.688: delete node: IP: 142.250.203.206. Number of nodes 93
EtherApe-INFO: 13:28:28.029: delete node: IP: 216.58.215.67. Number of nodes 92
EtherApe-INFO: 13:28:28.029: delete node: IP: 142.250.203.193. Number of nodes 91
EtherApe-INFO: 13:28:29.030: delete node: IP: 216.58.215.78. Number of nodes 90
EtherApe-INFO: 13:28:29.031: delete node: IP: 216.58.215.66. Number of nodes 89
EtherApe-INFO: 13:28:29.031: delete node: IP: 192.178.25.173. Number of nodes 88
EtherApe-INFO: 13:28:29.031: delete node: IP: 172.217.16.42. Number of nodes 87
EtherApe-INFO: 13:28:29.031: delete node: IP: 172.217.16.22. Number of nodes 86
EtherApe-INFO: 13:28:29.031: delete node: IP: 142.250.203.198. Number of nodes 85
EtherApe-INFO: 13:28:29.031: delete node: IP: 142.250.203.138. Number of nodes 84
EtherApe-INFO: 13:28:29.227: New node: IP: 192.178.25.170. Number of nodes 85
EtherApe-INFO: 13:28:29.250: delete node: IP: 142.250.203.196. Number of nodes 84
EtherApe-INFO: 13:28:32.150: delete node: IP: 223.206.154.5. Number of nodes 83
EtherApe-INFO: 13:28:32.820: delete node: IP: 78.11.84.52. Number of nodes 82
EtherApe-INFO: 13:28:35.381: delete node: IP: 143.0.164.20. Number of nodes 81
EtherApe-INFO: 13:28:45.611: New node: IP: 192.178.25.164. Number of nodes 82
EtherApe-INFO: 13:28:46.663: delete node: IP: 64.62.197.124. Number of nodes 81
EtherApe-INFO: 13:28:50.791: delete node: IP: 176.97.210.59. Number of nodes 80
EtherApe-INFO: 13:28:53.035: New node: IP: 185.224.128.141. Number of nodes 81
EtherApe-INFO: 13:28:56.175: delete node: IP: 104.18.25.173. Number of nodes 80
EtherApe-INFO: 13:28:59.029: delete node: IP: 172.67.13.182. Number of nodes 79
EtherApe-INFO: 13:29:00.243: delete node: IP: 172.67.10.198. Number of nodes 78
EtherApe-INFO: 13:29:01.487: New node: IP: 149.154.167.255. Number of nodes 79
EtherApe-INFO: 13:29:03.020: New node: IP: 172.217.16.35. Number of nodes 80
EtherApe-INFO: 13:29:03.024: delete node: IP: 142.250.185.67. Number of nodes 79
EtherApe-INFO: 13:29:06.374: delete node: IP: 201.132.176.2. Number of nodes 78
EtherApe-INFO: 13:29:07.883: New node: IP: 107.170.235.15. Number of nodes 79
EtherApe-INFO: 13:29:08.447: delete node: IP: 3.68.170.153. Number of nodes 78
EtherApe-INFO: 13:29:09.444: delete node: IP: 142.250.203.133. Number of nodes 77
EtherApe-INFO: 13:29:09.932: New node: IP: 95.216.195.133. Number of nodes 78
EtherApe-INFO: 13:29:15.563: New node: IP: 52.29.123.56. Number of nodes 79
EtherApe-INFO: 13:29:16.189: delete node: IP: 198.199.110.72. Number of nodes 78
EtherApe-INFO: 13:29:19.147: New node: IP: 142.250.203.206. Number of nodes 79
EtherApe-INFO: 13:29:19.148: New node: IP: 192.178.25.173. Number of nodes 80
EtherApe-INFO: 13:29:20.428: New node: IP: 18.159.68.239. Number of nodes 81
EtherApe-INFO: 13:29:27.647: delete node: IP: 172.217.16.10. Number of nodes 80
EtherApe-INFO: 13:29:27.647: delete node: IP: 91.236.251.29. Number of nodes 79
EtherApe-INFO: 13:29:29.474: delete node: IP: 216.58.208.206. Number of nodes 78
EtherApe-INFO: 13:29:30.412: New node: IP: 216.58.209.10. Number of nodes 79
EtherApe-INFO: 13:29:31.797: delete node: IP: 193.163.125.199. Number of nodes 78
EtherApe-INFO: 13:29:35.019: New node: IP: 89.248.165.214. Number of nodes 79
EtherApe-INFO: 13:29:45.355: delete node: IP: 104.192.141.1. Number of nodes 78
EtherApe-INFO: 13:29:45.585: delete node: IP: 52.215.192.132. Number of nodes 77
EtherApe-INFO: 13:29:46.369: delete node: IP: 172.217.166.3. Number of nodes 76
EtherApe-INFO: 13:29:47.059: delete node: IP: 35.207.191.46. Number of nodes 75
EtherApe-INFO: 13:29:47.059: delete node: IP: 18.205.93.8. Number of nodes 74
EtherApe-INFO: 13:29:51.460: delete node: IP: 185.224.128.17. Number of nodes 73
EtherApe-INFO: 13:29:52.506: delete node: IP: 171.38.219.156. Number of nodes 72
EtherApe-INFO: 13:29:56.826: delete node: IP: 142.250.186.196. Number of nodes 71
EtherApe-INFO: 13:30:02.923: New node: IP: 18.244.102.107. Number of nodes 72
EtherApe-INFO: 13:30:03.180: New node: IP: 146.88.240.4. Number of nodes 73
EtherApe-INFO: 13:30:05.227: New node: IP: 142.250.75.3. Number of nodes 74
EtherApe-INFO: 13:30:09.323: New node: IP: 107.170.240.15. Number of nodes 75
EtherApe-INFO: 13:30:09.331: delete node: IP: 216.58.209.14. Number of nodes 74
EtherApe-INFO: 13:30:12.970: delete node: IP: 172.217.16.3. Number of nodes 73
EtherApe-INFO: 13:30:15.256: delete node: IP: 216.58.215.74. Number of nodes 72
EtherApe-INFO: 13:30:27.244: New node: IP: 148.153.34.102. Number of nodes 73
EtherApe-INFO: 13:30:29.035: New node: IP: 94.102.61.25. Number of nodes 74
EtherApe-INFO: 13:30:31.083: New node: IP: 107.175.81.53. Number of nodes 75
EtherApe-INFO: 13:30:32.175: delete node: IP: 142.250.203.131. Number of nodes 74
EtherApe-INFO: 13:30:33.387: New node: IP: 205.185.115.70. Number of nodes 75
EtherApe-INFO: 13:30:33.747: delete node: IP: 34.87.124.238. Number of nodes 74
EtherApe-INFO: 13:30:33.747: delete node: IP: 20.114.189.135. Number of nodes 73
EtherApe-INFO: 13:30:39.275: New node: IP: 34.149.66.134. Number of nodes 74
EtherApe-INFO: 13:30:44.139: New node: IP: 185.166.143.32. Number of nodes 75
EtherApe-INFO: 13:30:45.676: New node: IP: 142.250.186.196. Number of nodes 76
EtherApe-INFO: 13:30:53.132: delete node: IP: 185.224.128.141. Number of nodes 75
EtherApe-INFO: 13:31:07.179: New node: IP: 142.250.203.131. Number of nodes 76
EtherApe-INFO: 13:31:08.210: New node: IP: 216.58.208.206. Number of nodes 77
EtherApe-INFO: 13:31:08.313: delete node: IP: 107.170.235.15. Number of nodes 76
EtherApe-INFO: 13:31:10.252: New node: IP: 184.105.247.235. Number of nodes 77
EtherApe-INFO: 13:31:12.043: New node: IP: 216.58.209.3. Number of nodes 78
EtherApe-INFO: 13:31:13.078: delete node: IP: 216.239.32.116. Number of nodes 77
EtherApe-INFO: 13:31:13.078: delete node: IP: 95.216.195.133. Number of nodes 76
EtherApe-INFO: 13:31:13.862: delete node: IP: 142.251.32.195. Number of nodes 75
EtherApe-INFO: 13:31:16.907: New node: IP: 140.82.121.3. Number of nodes 76
EtherApe-INFO: 13:31:17.708: delete node: IP: 149.154.167.255. Number of nodes 75
EtherApe-INFO: 13:31:21.003: New node: IP: 185.216.140.132. Number of nodes 76
EtherApe-INFO: 13:31:21.881: delete node: IP: 192.178.25.170. Number of nodes 75
EtherApe-INFO: 13:31:26.195: delete node: IP: 172.217.16.131. Number of nodes 74
EtherApe-INFO: 13:31:32.099: New node: IP: 119.237.179.9. Number of nodes 75
EtherApe-INFO: 13:31:32.653: delete node: IP: 192.178.25.173. Number of nodes 74
EtherApe-INFO: 13:31:35.000: delete node: IP: 89.248.165.214. Number of nodes 73
EtherApe-INFO: 13:31:38.232: New node: IP: 216.58.215.78. Number of nodes 74
EtherApe-INFO: 13:31:43.905: delete node: IP: 108.138.51.12. Number of nodes 73
EtherApe-INFO: 13:31:45.731: delete node: IP: 192.178.25.164. Number of nodes 72
EtherApe-INFO: 13:31:55.875: New node: IP: 184.105.247.247. Number of nodes 73
EtherApe-INFO: 13:31:57.202: delete node: IP: 172.217.16.35. Number of nodes 72
EtherApe-INFO: 13:31:59.301: delete node: IP: 45.134.144.212. Number of nodes 71
EtherApe-INFO: 13:32:01.251: New node: IP: 195.64.239.125. Number of nodes 72
EtherApe-INFO: 13:32:01.507: New node: IP: 167.94.138.105. Number of nodes 73
EtherApe-INFO: 13:32:03.332: delete node: IP: 146.88.240.4. Number of nodes 72
EtherApe-INFO: 13:32:09.188: New node: IP: 138.68.208.8. Number of nodes 73
EtherApe-INFO: 13:32:09.298: delete node: IP: 107.170.240.15. Number of nodes 72
EtherApe-INFO: 13:32:13.030: delete node: IP: 142.250.186.206. Number of nodes 71
EtherApe-INFO: 13:32:15.654: delete node: IP: 140.82.121.5. Number of nodes 70
EtherApe-INFO: 13:32:15.654: delete node: IP: 140.82.112.22. Number of nodes 69
EtherApe-INFO: 13:32:25.592: delete node: IP: 35.186.253.211. Number of nodes 68
EtherApe-INFO: 13:32:26.688: delete node: IP: 34.107.140.113. Number of nodes 67
EtherApe-INFO: 13:32:26.852: New node: IP: 192.178.25.170. Number of nodes 68
EtherApe-INFO: 13:32:27.131: delete node: IP: 148.153.34.102. Number of nodes 67
EtherApe-INFO: 13:32:27.893: delete node: IP: 34.96.105.8. Number of nodes 66
EtherApe-INFO: 13:32:29.431: delete node: IP: 94.102.61.25. Number of nodes 65
EtherApe-INFO: 13:32:29.752: delete node: IP: 35.208.249.213. Number of nodes 64
EtherApe-INFO: 13:32:30.525: delete node: IP: 35.244.174.68. Number of nodes 63
EtherApe-INFO: 13:32:31.521: delete node: IP: 107.175.81.53. Number of nodes 62
EtherApe-INFO: 13:32:31.744: delete node: IP: 216.58.209.10. Number of nodes 61
EtherApe-INFO: 13:32:33.608: delete node: IP: 205.185.115.70. Number of nodes 60
EtherApe-INFO: 13:32:33.608: delete node: IP: 151.101.130.49. Number of nodes 59
EtherApe-INFO: 13:32:33.608: delete node: IP: 35.186.193.173. Number of nodes 58
EtherApe-INFO: 13:32:36.432: delete node: IP: 142.250.75.3. Number of nodes 57
EtherApe-INFO: 13:32:36.658: delete node: IP: 142.250.185.163. Number of nodes 56
EtherApe-INFO: 13:32:43.771: delete node: IP: 185.166.143.30. Number of nodes 55
EtherApe-INFO: 13:32:47.587: New node: IP: 107.170.245.15. Number of nodes 56
EtherApe-INFO: 13:32:52.013: delete node: IP: 104.18.13.33. Number of nodes 55
EtherApe-INFO: 13:32:52.553: delete node: IP: 34.102.163.6. Number of nodes 54
EtherApe-INFO: 13:32:55.368: delete node: IP: 142.250.203.206. Number of nodes 53
EtherApe-INFO: 13:32:58.401: delete node: IP: 34.102.253.54. Number of nodes 52
EtherApe-INFO: 13:32:59.875: New node: IP: 140.82.121.5. Number of nodes 53
EtherApe-INFO: 13:32:59.876: New node: IP: 140.82.112.22. Number of nodes 54
EtherApe-INFO: 13:33:01.669: New node: IP: 216.58.208.202. Number of nodes 55
EtherApe-INFO: 13:33:01.959: New node: IP: 172.217.16.42. Number of nodes 56
EtherApe-INFO: 13:33:02.179: New node: IP: 172.217.16.10. Number of nodes 57
EtherApe-INFO: 13:33:10.119: New node: IP: 142.250.186.206. Number of nodes 58
EtherApe-INFO: 13:33:10.141: delete node: IP: 184.105.247.235. Number of nodes 57
EtherApe-INFO: 13:33:13.280: delete node: IP: 216.58.209.3. Number of nodes 56
EtherApe-INFO: 13:33:15.235: New node: IP: 176.67.53.211. Number of nodes 57
EtherApe-INFO: 13:33:21.479: delete node: IP: 185.216.140.132. Number of nodes 56
EtherApe-INFO: 13:33:23.255: delete node: IP: 35.190.80.1. Number of nodes 55
EtherApe-INFO: 13:33:27.015: New node: IP: 140.82.112.25. Number of nodes 56
EtherApe-INFO: 13:33:28.803: New node: IP: 216.58.209.10. Number of nodes 57
EtherApe-INFO: 13:33:32.164: delete node: IP: 119.237.179.9. Number of nodes 56
EtherApe-INFO: 13:33:38.541: delete node: IP: 216.58.215.78. Number of nodes 55
EtherApe-INFO: 13:33:42.115: New node: IP: 142.250.203.206. Number of nodes 56
EtherApe-INFO: 13:33:44.241: delete node: IP: 34.149.66.134. Number of nodes 55
EtherApe-INFO: 13:33:45.988: delete node: IP: 142.250.186.196. Number of nodes 54
EtherApe-INFO: 13:33:47.491: New node: IP: 89.248.163.245. Number of nodes 55
EtherApe-INFO: 13:33:55.427: New node: IP: 143.110.159.86. Number of nodes 56
EtherApe-INFO: 13:33:56.287: delete node: IP: 184.105.247.247. Number of nodes 55
EtherApe-INFO: 13:34:02.091: delete node: IP: 195.64.239.125. Number of nodes 54
EtherApe-INFO: 13:34:02.091: delete node: IP: 167.94.138.105. Number of nodes 53
EtherApe-INFO: 13:34:02.091: delete node: IP: 149.154.167.216. Number of nodes 52
