(etherape:6277): GLib-GIO-DEBUG: 04:48:41.777: _g_io_module_get_default: Found default implementation local (GLocalVfs) for ‘gio-vfs’
(etherape:6277): GLib-GIO-DEBUG: 04:48:41.825: Using cross-namespace EXTERNAL authentication (this will deadlock if server is GDBus < 2.73.3)
EtherApe-INFO: 04:48:41.874: sctp protocol not supported
EtherApe-INFO: 04:48:41.874: dccp protocol not supported
EtherApe-INFO: 04:48:41.874: sctp protocol not supported
EtherApe-INFO: 04:48:41.874: sctp protocol not supported
EtherApe-INFO: 04:48:41.874: sctp protocol not supported
EtherApe-INFO: 04:48:41.875: sctp protocol not supported
EtherApe-INFO: 04:48:41.875: sctp protocol not supported
EtherApe-INFO: 04:48:41.875: sctp protocol not supported
EtherApe-INFO: 04:48:41.875: sctp protocol not supported
EtherApe-INFO: 04:48:41.875: dccp protocol not supported
EtherApe-INFO: 04:48:41.875: sctp protocol not supported
EtherApe-INFO: 04:48:41.875: dccp protocol not supported
EtherApe-INFO: 04:48:41.875: dccp protocol not supported
EtherApe-INFO: 04:48:41.875: sctp protocol not supported
EtherApe-INFO: 04:48:41.876: sctp protocol not supported
EtherApe-INFO: 04:48:41.876: sctp protocol not supported
EtherApe-INFO: 04:48:41.876: sctp protocol not supported
EtherApe-INFO: 04:48:41.876: sctp protocol not supported
EtherApe-INFO: 04:48:41.877: sctp protocol not supported
EtherApe-INFO: 04:48:41.877: sctp protocol not supported
EtherApe-INFO: 04:48:41.877: sctp protocol not supported
EtherApe-INFO: 04:48:41.877: sctp protocol not supported
EtherApe-INFO: 04:48:41.877: sctp protocol not supported
EtherApe-INFO: 04:48:41.877: sctp protocol not supported
EtherApe-INFO: 04:48:41.878: sctp protocol not supported
EtherApe-INFO: 04:48:41.878: sctp protocol not supported
EtherApe-INFO: 04:48:41.878: sctp protocol not supported
EtherApe-INFO: 04:48:41.878: sctp protocol not supported
EtherApe-INFO: 04:48:41.878: dccp protocol not supported
EtherApe-INFO: 04:48:41.878: sctp protocol not supported
EtherApe-INFO: 04:48:41.878: sctp protocol not supported
EtherApe-INFO: 04:48:41.878: dccp protocol not supported
EtherApe-INFO: 04:48:41.878: sctp protocol not supported
EtherApe-INFO: 04:48:41.878: sctp protocol not supported
EtherApe-INFO: 04:48:41.878: sctp protocol not supported
EtherApe-INFO: 04:48:41.878: dccp protocol not supported
EtherApe-INFO: 04:48:41.878: dccp protocol not supported
EtherApe-INFO: 04:48:41.878: sctp protocol not supported
EtherApe-INFO: 04:48:41.878: sctp protocol not supported
EtherApe-INFO: 04:48:41.878: sctp protocol not supported
EtherApe-INFO: 04:48:41.878: sctp protocol not supported
EtherApe-INFO: 04:48:41.878: sctp protocol not supported
EtherApe-INFO: 04:48:41.878: sctp protocol not supported
EtherApe-INFO: 04:48:41.879: sctp protocol not supported
EtherApe-INFO: 04:48:41.879: sctp protocol not supported
EtherApe-INFO: 04:48:41.879: sctp protocol not supported
EtherApe-INFO: 04:48:41.879: sctp protocol not supported
EtherApe-INFO: 04:48:41.879: sctp protocol not supported
EtherApe-INFO: 04:48:41.879: sctp protocol not supported
EtherApe-INFO: 04:48:41.879: sctp protocol not supported
EtherApe-INFO: 04:48:41.879: sctp protocol not supported
EtherApe-INFO: 04:48:41.879: sctp protocol not supported
EtherApe-INFO: 04:48:41.879: sctp protocol not supported
EtherApe-INFO: 04:48:41.879: sctp protocol not supported
EtherApe-INFO: 04:48:41.879: sctp protocol not supported
EtherApe-INFO: 04:48:41.879: sctp protocol not supported
EtherApe-INFO: 04:48:41.879: sctp protocol not supported
EtherApe-INFO: 04:48:41.879: dccp protocol not supported
EtherApe-INFO: 04:48:41.879: sctp protocol not supported
EtherApe-INFO: 04:48:41.879: sctp protocol not supported
EtherApe-INFO: 04:48:41.879: sctp protocol not supported
EtherApe-INFO: 04:48:41.879: sctp protocol not supported
EtherApe-INFO: 04:48:41.879: sctp protocol not supported
EtherApe-INFO: 04:48:41.879: sctp protocol not supported
EtherApe-INFO: 04:48:41.879: sctp protocol not supported
EtherApe-INFO: 04:48:41.879: sctp protocol not supported
EtherApe-INFO: 04:48:41.879: sctp protocol not supported
EtherApe-INFO: 04:48:41.879: sctp protocol not supported
EtherApe-INFO: 04:48:41.879: sctp protocol not supported
EtherApe-INFO: 04:48:41.879: sctp protocol not supported
EtherApe-INFO: 04:48:41.879: sctp protocol not supported
EtherApe-INFO: 04:48:41.879: sctp protocol not supported
EtherApe-INFO: 04:48:41.879: sctp protocol not supported
EtherApe-INFO: 04:48:41.879: sctp protocol not supported
EtherApe-INFO: 04:48:41.879: sctp protocol not supported
EtherApe-INFO: 04:48:41.880: sctp protocol not supported
EtherApe-INFO: 04:48:41.880: sctp protocol not supported
EtherApe-INFO: 04:48:41.880: sctp protocol not supported
EtherApe-INFO: 04:48:41.880: sctp protocol not supported
EtherApe-INFO: 04:48:41.880: sctp protocol not supported
EtherApe-INFO: 04:48:41.880: sctp protocol not supported
EtherApe-INFO: 04:48:41.880: sctp protocol not supported
EtherApe-INFO: 04:48:41.880: sctp protocol not supported
EtherApe-INFO: 04:48:41.880: sctp protocol not supported
EtherApe-INFO: 04:48:41.880: sctp protocol not supported
EtherApe-INFO: 04:48:41.880: sctp protocol not supported
EtherApe-INFO: 04:48:41.880: sctp protocol not supported
EtherApe-INFO: 04:48:41.880: sctp protocol not supported
EtherApe-INFO: 04:48:41.880: sctp protocol not supported
EtherApe-INFO: 04:48:41.880: sctp protocol not supported
EtherApe-INFO: 04:48:41.880: sctp protocol not supported
EtherApe-INFO: 04:48:41.880: sctp protocol not supported
EtherApe-INFO: 04:48:41.880: sctp protocol not supported
EtherApe-INFO: 04:48:41.880: sctp protocol not supported
EtherApe-INFO: 04:48:41.887: get_interface result: ''
EtherApe-INFO: 04:48:41.888: Available interfaces for capture: dbus-session dbus-system nfqueue nflog bluetooth-monitor bluetooth0 lo any wlp2s0
EtherApe-INFO: 04:48:41.888: Link type is LINUX_SLL
EtherApe-INFO: 04:48:41.888: Diagram started
EtherApe-INFO: 04:48:44.448: New node: IP: 35.161.231.36. Number of nodes 1
EtherApe-INFO: 04:48:44.448: New node: IP: 192.168.1.254. Number of nodes 2
EtherApe-INFO: 04:48:45.215: New node: IP: 3.225.25.3. Number of nodes 3
EtherApe-INFO: 04:48:45.727: New node: IP: 52.10.85.249. Number of nodes 4
EtherApe-INFO: 04:48:46.239: New node: IP: 192.168.1.1. Number of nodes 5
EtherApe-INFO: 04:48:47.007: New node: IP: 140.82.114.26. Number of nodes 6
EtherApe-INFO: 04:48:50.335: New node: IP: 192.168.0.1. Number of nodes 7
EtherApe-INFO: 04:48:53.407: New node: IP: 142.250.75.10. Number of nodes 8
EtherApe-INFO: 04:48:55.712: New node: IP: 104.16.249.249. Number of nodes 9
EtherApe-INFO: 04:48:56.735: New node: IP: 142.250.75.14. Number of nodes 10
EtherApe-INFO: 04:49:03.903: New node: IP: 159.148.172.228. Number of nodes 11
EtherApe-INFO: 04:49:04.415: New node: IP: 35.186.227.140. Number of nodes 12
EtherApe-INFO: 04:49:07.231: New node: IP: 149.154.167.51. Number of nodes 13
EtherApe-INFO: 04:49:10.047: New node: IP: 139.59.210.197. Number of nodes 14
EtherApe-INFO: 04:49:10.304: New node: IP: 142.250.186.197. Number of nodes 15
EtherApe-INFO: 04:49:12.095: New node: IP: 184.105.176.47. Number of nodes 16
EtherApe-INFO: 04:49:21.055: New node: IP: 142.250.203.195. Number of nodes 17
EtherApe-INFO: 04:49:23.360: New node: IP: 149.154.167.50. Number of nodes 18
EtherApe-INFO: 04:49:41.535: New node: IP: 255.255.255.255. Number of nodes 19
EtherApe-INFO: 04:50:45.329: delete node: IP: 35.161.231.36. Number of nodes 18
EtherApe-INFO: 04:50:48.608: New node: IP: 0.0.0.0. Number of nodes 19
EtherApe-INFO: 04:50:53.217: delete node: IP: 192.168.0.1. Number of nodes 18
EtherApe-INFO: 04:51:15.249: delete node: IP: 52.10.85.249. Number of nodes 17
EtherApe-INFO: 04:52:52.264: delete node: IP: 0.0.0.0. Number of nodes 16
EtherApe-INFO: 04:53:19.391: New node: IP: 95.216.195.133. Number of nodes 17
EtherApe-INFO: 04:53:44.735: New node: IP: 35.161.231.36. Number of nodes 18
EtherApe-INFO: 04:54:01.379: delete node: IP: 142.250.75.14. Number of nodes 17
EtherApe-INFO: 04:54:41.598: delete node: IP: 35.186.227.140. Number of nodes 16
EtherApe-INFO: 04:54:45.173: delete node: IP: 142.250.186.197. Number of nodes 15
EtherApe-INFO: 04:54:51.296: New node: IP: 142.250.186.197. Number of nodes 16
EtherApe-INFO: 04:55:21.507: delete node: IP: 95.216.195.133. Number of nodes 15
EtherApe-INFO: 04:55:28.671: New node: IP: 216.58.209.10. Number of nodes 16
EtherApe-INFO: 04:55:45.359: delete node: IP: 35.161.231.36. Number of nodes 15
EtherApe-INFO: 04:57:29.015: delete node: IP: 216.58.209.10. Number of nodes 14
EtherApe-INFO: 04:58:10.216: delete node: IP: 159.148.172.228. Number of nodes 13
EtherApe-INFO: 04:58:14.303: New node: IP: 52.10.85.249. Number of nodes 14
EtherApe-INFO: 04:58:14.303: New node: IP: 35.186.227.140. Number of nodes 15
EtherApe-INFO: 04:58:19.168: New node: IP: 95.216.195.133. Number of nodes 16
EtherApe-INFO: 04:58:45.024: New node: IP: 35.161.231.36. Number of nodes 17
EtherApe-INFO: 04:59:33.663: New node: IP: 0.0.0.0. Number of nodes 18
EtherApe-INFO: 04:59:45.236: delete node: IP: 142.250.186.197. Number of nodes 17
EtherApe-INFO: 04:59:51.839: New node: IP: 142.250.186.197. Number of nodes 18
EtherApe-INFO: 05:00:19.572: delete node: IP: 95.216.195.133. Number of nodes 17
EtherApe-INFO: 05:00:45.382: delete node: IP: 35.161.231.36. Number of nodes 16
EtherApe-INFO: 05:01:04.288: New node: IP: 159.148.172.228. Number of nodes 17
EtherApe-INFO: 05:01:17.344: delete node: IP: 52.10.85.249. Number of nodes 16
EtherApe-INFO: 05:01:35.271: delete node: IP: 0.0.0.0. Number of nodes 15
EtherApe-INFO: 05:02:36.191: New node: IP: 142.250.186.202. Number of nodes 16
EtherApe-INFO: 05:03:12.345: delete node: IP: 35.186.227.140. Number of nodes 15
EtherApe-INFO: 05:03:19.199: New node: IP: 95.216.195.133. Number of nodes 16
EtherApe-INFO: 05:03:44.287: New node: IP: 35.161.231.36. Number of nodes 17
EtherApe-INFO: 05:03:45.567: New node: IP: 142.250.203.138. Number of nodes 18
EtherApe-INFO: 05:04:12.197: delete node: IP: 159.148.172.228. Number of nodes 17
EtherApe-INFO: 05:04:43.245: delete node: IP: 142.250.186.197. Number of nodes 16
EtherApe-INFO: 05:04:50.079: New node: IP: 172.217.16.14. Number of nodes 17
EtherApe-INFO: 05:04:52.639: New node: IP: 142.250.186.197. Number of nodes 18
EtherApe-INFO: 05:05:21.361: delete node: IP: 95.216.195.133. Number of nodes 17
EtherApe-INFO: 05:05:45.434: delete node: IP: 35.161.231.36. Number of nodes 16
EtherApe-INFO: 05:05:47.174: delete node: IP: 142.250.203.138. Number of nodes 15
EtherApe-INFO: 05:06:01.503: New node: IP: 52.10.85.249. Number of nodes 16
EtherApe-INFO: 05:06:01.503: New node: IP: 35.186.227.140. Number of nodes 17
EtherApe-INFO: 05:06:03.551: New node: IP: 149.154.167.223. Number of nodes 18
EtherApe-INFO: 05:06:23.519: New node: IP: 176.122.113.14. Number of nodes 19
EtherApe-INFO: 05:06:24.033: New node: IP: 192.168.0.1. Number of nodes 20
EtherApe-INFO: 05:07:28.129: delete node: IP: 142.250.186.202. Number of nodes 19
EtherApe-INFO: 05:08:18.719: New node: IP: 0.0.0.0. Number of nodes 20
EtherApe-INFO: 05:08:19.231: New node: IP: 95.216.195.133. Number of nodes 21
EtherApe-INFO: 05:08:25.435: delete node: IP: 192.168.0.1. Number of nodes 20
EtherApe-INFO: 05:08:25.435: delete node: IP: 149.154.167.223. Number of nodes 19
EtherApe-INFO: 05:08:45.344: New node: IP: 35.161.231.36. Number of nodes 20
EtherApe-INFO: 05:09:03.298: delete node: IP: 52.10.85.249. Number of nodes 19
EtherApe-INFO: 05:09:26.047: New node: IP: 142.250.203.132. Number of nodes 20
EtherApe-INFO: 05:09:26.047: New node: IP: 216.58.208.195. Number of nodes 21
EtherApe-INFO: 05:09:29.631: New node: IP: 52.10.85.249. Number of nodes 22
EtherApe-INFO: 05:09:35.264: New node: IP: 34.120.208.123. Number of nodes 23
EtherApe-INFO: 05:09:36.032: New node: IP: 142.250.203.193. Number of nodes 24
EtherApe-INFO: 05:09:36.544: New node: IP: 142.250.186.195. Number of nodes 25
EtherApe-INFO: 05:09:36.803: New node: IP: 142.250.203.202. Number of nodes 26
EtherApe-INFO: 05:09:37.311: New node: IP: 54.192.231.19. Number of nodes 27
EtherApe-INFO: 05:09:37.311: New node: IP: 93.184.220.29. Number of nodes 28
EtherApe-INFO: 05:09:37.824: New node: IP: 216.58.208.206. Number of nodes 29
EtherApe-INFO: 05:09:38.335: New node: IP: 216.58.209.3. Number of nodes 30
EtherApe-INFO: 05:09:43.518: delete node: IP: 142.250.186.197. Number of nodes 29
EtherApe-INFO: 05:09:43.967: New node: IP: 216.58.215.106. Number of nodes 30
EtherApe-INFO: 05:09:43.968: New node: IP: 142.250.75.22. Number of nodes 31
EtherApe-INFO: 05:09:44.226: New node: IP: 142.250.203.129. Number of nodes 32
EtherApe-INFO: 05:09:44.992: New node: IP: 54.192.231.10. Number of nodes 33
EtherApe-INFO: 05:09:53.695: New node: IP: 142.250.186.197. Number of nodes 34
EtherApe-INFO: 05:10:20.157: delete node: IP: 95.216.195.133. Number of nodes 33
EtherApe-INFO: 05:10:20.157: delete node: IP: 0.0.0.0. Number of nodes 32
EtherApe-INFO: 05:10:46.199: delete node: IP: 35.161.231.36. Number of nodes 31
EtherApe-INFO: 05:11:34.559: New node: IP: 159.148.172.228. Number of nodes 32
EtherApe-INFO: 05:11:38.145: delete node: IP: 142.250.203.202. Number of nodes 31
EtherApe-INFO: 05:11:40.191: New node: IP: 192.168.0.1. Number of nodes 32
EtherApe-INFO: 05:12:31.406: delete node: IP: 52.10.85.249. Number of nodes 31
EtherApe-INFO: 05:13:19.263: New node: IP: 95.216.195.133. Number of nodes 32
EtherApe-INFO: 05:13:25.152: New node: IP: 216.58.209.10. Number of nodes 33
EtherApe-INFO: 05:13:33.120: delete node: IP: 93.184.220.29. Number of nodes 32
EtherApe-INFO: 05:13:40.337: delete node: IP: 216.58.208.195. Number of nodes 31
EtherApe-INFO: 05:13:40.337: delete node: IP: 192.168.0.1. Number of nodes 30
EtherApe-INFO: 05:13:41.880: delete node: IP: 54.192.231.10. Number of nodes 29
EtherApe-INFO: 05:13:45.632: New node: IP: 35.161.231.36. Number of nodes 30
EtherApe-INFO: 05:14:30.955: delete node: IP: 142.250.203.193. Number of nodes 29
EtherApe-INFO: 05:14:30.955: delete node: IP: 142.250.186.195. Number of nodes 28
EtherApe-INFO: 05:14:30.955: delete node: IP: 34.120.208.123. Number of nodes 27
EtherApe-INFO: 05:14:34.039: delete node: IP: 216.58.209.3. Number of nodes 26
EtherApe-INFO: 05:14:36.095: delete node: IP: 216.58.215.106. Number of nodes 25
EtherApe-INFO: 05:14:36.095: delete node: IP: 216.58.208.206. Number of nodes 24
EtherApe-INFO: 05:14:36.095: delete node: IP: 142.250.203.132. Number of nodes 23
EtherApe-INFO: 05:14:36.095: delete node: IP: 142.250.203.129. Number of nodes 22
EtherApe-INFO: 05:14:36.095: delete node: IP: 142.250.75.22. Number of nodes 21
EtherApe-INFO: 05:14:41.238: delete node: IP: 159.148.172.228. Number of nodes 20
EtherApe-INFO: 05:14:45.356: delete node: IP: 142.250.186.197. Number of nodes 19
EtherApe-INFO: 05:14:49.469: delete node: IP: 35.186.227.140. Number of nodes 18
EtherApe-INFO: 05:14:55.007: New node: IP: 216.58.215.69. Number of nodes 19
EtherApe-INFO: 05:15:01.663: New node: IP: 54.192.231.10. Number of nodes 20
EtherApe-INFO: 05:15:19.378: delete node: IP: 95.216.195.133. Number of nodes 19
EtherApe-INFO: 05:15:30.081: delete node: IP: 216.58.209.10. Number of nodes 18
EtherApe-INFO: 05:15:47.577: delete node: IP: 35.161.231.36. Number of nodes 17
EtherApe-INFO: 05:16:02.079: New node: IP: 52.10.85.249. Number of nodes 18
EtherApe-INFO: 05:16:02.079: New node: IP: 35.186.227.140. Number of nodes 19
EtherApe-INFO: 05:16:43.551: New node: IP: 192.168.0.1. Number of nodes 20
EtherApe-INFO: 05:17:03.776: New node: IP: 0.0.0.0. Number of nodes 21
EtherApe-INFO: 05:18:19.295: New node: IP: 95.216.195.133. Number of nodes 22
EtherApe-INFO: 05:18:45.203: delete node: IP: 192.168.0.1. Number of nodes 21
EtherApe-INFO: 05:18:45.919: New node: IP: 35.161.231.36. Number of nodes 22
EtherApe-INFO: 05:19:03.858: delete node: IP: 0.0.0.0. Number of nodes 21
EtherApe-INFO: 05:19:04.373: delete node: IP: 52.10.85.249. Number of nodes 20
EtherApe-INFO: 05:19:46.154: delete node: IP: 216.58.215.69. Number of nodes 19
EtherApe-INFO: 05:19:55.808: New node: IP: 142.250.186.197. Number of nodes 20
EtherApe-INFO: 05:20:19.969: delete node: IP: 95.216.195.133. Number of nodes 19
EtherApe-INFO: 05:20:47.621: delete node: IP: 35.161.231.36. Number of nodes 18
EtherApe-INFO: 05:20:55.220: delete node: IP: 35.186.227.140. Number of nodes 17
EtherApe-INFO: 05:22:01.504: New node: IP: 192.168.0.1. Number of nodes 18
EtherApe-INFO: 05:23:19.328: New node: IP: 95.216.195.133. Number of nodes 19
EtherApe-INFO: 05:23:25.216: New node: IP: 52.10.85.249. Number of nodes 20
EtherApe-INFO: 05:23:25.216: New node: IP: 54.191.154.194. Number of nodes 21
EtherApe-INFO: 05:23:25.983: New node: IP: 35.186.227.140. Number of nodes 22
EtherApe-INFO: 05:23:28.543: New node: IP: 216.58.208.193. Number of nodes 23
EtherApe-INFO: 05:23:28.543: New node: IP: 172.217.20.195. Number of nodes 24
EtherApe-INFO: 05:23:31.104: New node: IP: 216.58.209.10. Number of nodes 25
EtherApe-INFO: 05:23:31.873: New node: IP: 172.217.16.54. Number of nodes 26
EtherApe-INFO: 05:23:31.874: New node: IP: 142.250.203.142. Number of nodes 27
EtherApe-INFO: 05:23:31.874: New node: IP: 216.58.215.78. Number of nodes 28
EtherApe-INFO: 05:23:31.874: New node: IP: 172.217.20.174. Number of nodes 29
EtherApe-INFO: 05:23:46.208: New node: IP: 35.161.231.36. Number of nodes 30
EtherApe-INFO: 05:23:58.752: New node: IP: 176.122.113.76. Number of nodes 31
EtherApe-INFO: 05:23:58.753: New node: IP: 172.217.16.22. Number of nodes 32
EtherApe-INFO: 05:24:47.476: delete node: IP: 142.250.186.197. Number of nodes 31
EtherApe-INFO: 05:24:56.863: New node: IP: 216.58.215.69. Number of nodes 32
EtherApe-INFO: 05:25:19.993: delete node: IP: 95.216.195.133. Number of nodes 31
EtherApe-INFO: 05:25:23.811: delete node: IP: 54.192.231.10. Number of nodes 30
EtherApe-INFO: 05:25:31.447: delete node: IP: 216.58.209.10. Number of nodes 29
EtherApe-INFO: 05:25:32.273: delete node: IP: 216.58.215.78. Number of nodes 28
EtherApe-INFO: 05:25:32.273: delete node: IP: 172.217.20.174. Number of nodes 27
EtherApe-INFO: 05:25:32.273: delete node: IP: 142.250.203.142. Number of nodes 26
EtherApe-INFO: 05:25:37.325: delete node: IP: 54.191.154.194. Number of nodes 25
EtherApe-INFO: 05:25:47.642: delete node: IP: 176.122.113.14. Number of nodes 24
EtherApe-INFO: 05:25:47.642: delete node: IP: 35.161.231.36. Number of nodes 23
EtherApe-INFO: 05:25:48.575: New node: IP: 0.0.0.0. Number of nodes 24
EtherApe-INFO: 05:26:00.439: delete node: IP: 192.168.0.1. Number of nodes 23
EtherApe-INFO: 05:26:18.271: New node: IP: 192.168.0.1. Number of nodes 24
EtherApe-INFO: 05:26:18.271: New node: IP: 172.67.177.183. Number of nodes 25
EtherApe-INFO: 05:26:25.392: New node: IP: 95.216.144.15. Number of nodes 26
EtherApe-INFO: 05:26:30.060: delete node: IP: 52.10.85.249. Number of nodes 25
EtherApe-INFO: 05:26:56.368: New node: IP: 52.10.85.249. Number of nodes 26
EtherApe-INFO: 05:27:28.173: delete node: IP: 172.217.20.195. Number of nodes 25
EtherApe-INFO: 05:27:48.878: delete node: IP: 0.0.0.0. Number of nodes 24
EtherApe-INFO: 05:28:18.344: delete node: IP: 192.168.0.1. Number of nodes 23
EtherApe-INFO: 05:28:19.311: New node: IP: 95.216.195.133. Number of nodes 24
EtherApe-INFO: 05:28:20.404: delete node: IP: 172.67.177.183. Number of nodes 23
EtherApe-INFO: 05:28:24.214: delete node: IP: 216.58.208.193. Number of nodes 22
EtherApe-INFO: 05:28:46.192: New node: IP: 35.161.231.36. Number of nodes 23
EtherApe-INFO: 05:28:53.153: delete node: IP: 172.217.16.54. Number of nodes 22
EtherApe-INFO: 05:28:53.153: delete node: IP: 172.217.16.22. Number of nodes 21
EtherApe-INFO: 05:29:03.088: New node: IP: 192.168.0.1. Number of nodes 22
EtherApe-INFO: 05:29:34.831: New node: IP: 159.148.172.228. Number of nodes 23
EtherApe-INFO: 05:29:47.398: delete node: IP: 216.58.215.69. Number of nodes 22
EtherApe-INFO: 05:29:57.872: New node: IP: 142.250.186.197. Number of nodes 23
EtherApe-INFO: 05:29:58.201: delete node: IP: 52.10.85.249. Number of nodes 22
EtherApe-INFO: 05:30:05.551: New node: IP: 54.192.231.10. Number of nodes 23
EtherApe-INFO: 05:30:20.223: delete node: IP: 95.216.195.133. Number of nodes 22
EtherApe-INFO: 05:30:22.491: delete node: IP: 95.216.144.15. Number of nodes 21
EtherApe-INFO: 05:30:37.039: New node: IP: 142.250.186.202. Number of nodes 22
EtherApe-INFO: 05:30:46.794: delete node: IP: 35.161.231.36. Number of nodes 21
EtherApe-INFO: 05:31:03.157: delete node: IP: 192.168.0.1. Number of nodes 20
EtherApe-INFO: 05:31:47.514: delete node: IP: 35.186.227.140. Number of nodes 19
EtherApe-INFO: 05:32:12.783: New node: IP: 135.181.27.174. Number of nodes 20
EtherApe-INFO: 05:32:41.044: delete node: IP: 159.148.172.228. Number of nodes 19
EtherApe-INFO: 05:32:52.207: New node: IP: 104.21.17.171. Number of nodes 20
EtherApe-INFO: 05:33:19.327: New node: IP: 95.216.195.133. Number of nodes 21
EtherApe-INFO: 05:33:27.007: New node: IP: 52.10.85.249. Number of nodes 22
EtherApe-INFO: 05:33:27.007: New node: IP: 35.186.227.140. Number of nodes 23
EtherApe-INFO: 05:33:33.151: New node: IP: 142.250.203.138. Number of nodes 24
EtherApe-INFO: 05:33:44.416: New node: IP: 35.161.231.36. Number of nodes 25
EtherApe-INFO: 05:34:01.638: delete node: IP: 54.192.231.10. Number of nodes 24
EtherApe-INFO: 05:34:12.832: New node: IP: 142.250.203.202. Number of nodes 25
EtherApe-INFO: 05:34:21.280: New node: IP: 192.168.0.1. Number of nodes 26
EtherApe-INFO: 05:34:22.303: New node: IP: 13.32.121.6. Number of nodes 27
EtherApe-INFO: 05:34:22.560: New node: IP: 34.120.208.123. Number of nodes 28
EtherApe-INFO: 05:34:24.352: New node: IP: 142.250.203.132. Number of nodes 29
EtherApe-INFO: 05:34:33.567: New node: IP: 0.0.0.0. Number of nodes 30
EtherApe-INFO: 05:34:35.359: New node: IP: 216.58.215.78. Number of nodes 31
EtherApe-INFO: 05:34:46.367: New node: IP: 216.58.215.69. Number of nodes 32
EtherApe-INFO: 05:34:47.648: New node: IP: 140.82.112.26. Number of nodes 33
EtherApe-INFO: 05:34:50.539: delete node: IP: 142.250.186.197. Number of nodes 32
EtherApe-INFO: 05:34:53.333: delete node: IP: 104.21.17.171. Number of nodes 31
EtherApe-INFO: 05:35:15.295: New node: IP: 95.217.163.246. Number of nodes 32
EtherApe-INFO: 05:35:20.747: delete node: IP: 95.216.195.133. Number of nodes 31
EtherApe-INFO: 05:35:28.398: delete node: IP: 142.250.186.202. Number of nodes 30
EtherApe-INFO: 05:35:45.248: New node: IP: 172.217.20.163. Number of nodes 31
EtherApe-INFO: 05:35:47.368: delete node: IP: 35.161.231.36. Number of nodes 30
EtherApe-INFO: 05:36:11.871: New node: IP: 142.250.75.3. Number of nodes 31
EtherApe-INFO: 05:36:13.997: delete node: IP: 142.250.75.10. Number of nodes 30
EtherApe-INFO: 05:36:21.656: delete node: IP: 192.168.0.1. Number of nodes 29
EtherApe-INFO: 05:36:31.880: delete node: IP: 142.250.203.138. Number of nodes 28
EtherApe-INFO: 05:36:33.953: delete node: IP: 0.0.0.0. Number of nodes 27
EtherApe-INFO: 05:36:38.079: delete node: IP: 142.250.203.195. Number of nodes 26
EtherApe-INFO: 05:36:48.293: delete node: IP: 140.82.114.26. Number of nodes 25
EtherApe-INFO: 05:38:18.407: delete node: IP: 13.32.121.6. Number of nodes 24
EtherApe-INFO: 05:38:19.359: New node: IP: 95.216.195.133. Number of nodes 25
EtherApe-INFO: 05:38:22.011: delete node: IP: 95.217.163.246. Number of nodes 24
EtherApe-INFO: 05:38:46.752: New node: IP: 35.161.231.36. Number of nodes 25
EtherApe-INFO: 05:38:52.383: New node: IP: 149.154.167.223. Number of nodes 26
EtherApe-INFO: 05:39:18.805: delete node: IP: 52.10.85.249. Number of nodes 25
EtherApe-INFO: 05:39:21.068: delete node: IP: 135.181.27.174. Number of nodes 24
EtherApe-INFO: 05:39:24.639: New node: IP: 192.168.0.1. Number of nodes 25
EtherApe-INFO: 05:39:26.011: delete node: IP: 216.58.215.78. Number of nodes 24
EtherApe-INFO: 05:39:27.041: delete node: IP: 34.120.208.123. Number of nodes 23
EtherApe-INFO: 05:39:50.827: delete node: IP: 216.58.215.69. Number of nodes 22
EtherApe-INFO: 05:40:19.423: New node: IP: 147.75.198.156. Number of nodes 23
EtherApe-INFO: 05:40:19.518: delete node: IP: 95.216.195.133. Number of nodes 22
EtherApe-INFO: 05:40:19.936: New node: IP: 87.245.216.107. Number of nodes 23
EtherApe-INFO: 05:40:24.544: New node: IP: 52.10.85.249. Number of nodes 24
EtherApe-INFO: 05:40:47.416: delete node: IP: 35.161.231.36. Number of nodes 23
EtherApe-INFO: 05:41:03.459: delete node: IP: 142.250.75.3. Number of nodes 22
EtherApe-INFO: 05:41:05.518: delete node: IP: 142.250.203.132. Number of nodes 21
EtherApe-INFO: 05:41:08.608: delete node: IP: 149.154.167.223. Number of nodes 20
EtherApe-INFO: 05:41:25.799: delete node: IP: 192.168.0.1. Number of nodes 19
EtherApe-INFO: 05:41:50.559: New node: IP: 142.250.203.138. Number of nodes 20
EtherApe-INFO: 05:42:32.799: New node: IP: 159.148.172.228. Number of nodes 21
EtherApe-INFO: 05:43:18.623: New node: IP: 0.0.0.0. Number of nodes 22
EtherApe-INFO: 05:43:19.391: New node: IP: 95.216.195.133. Number of nodes 23
EtherApe-INFO: 05:43:37.886: delete node: IP: 147.75.198.156. Number of nodes 22
EtherApe-INFO: 05:43:47.039: New node: IP: 35.161.231.36. Number of nodes 23
EtherApe-INFO: 05:43:51.689: delete node: IP: 142.250.203.138. Number of nodes 22
EtherApe-INFO: 05:44:08.800: New node: IP: 172.217.20.182. Number of nodes 23
EtherApe-INFO: 05:44:10.338: New node: IP: 176.122.113.78. Number of nodes 24
EtherApe-INFO: 05:44:11.103: New node: IP: 192.168.0.1. Number of nodes 25
EtherApe-INFO: 05:44:13.919: New node: IP: 142.250.75.3. Number of nodes 26
EtherApe-INFO: 05:44:14.176: New node: IP: 142.250.203.195. Number of nodes 27
EtherApe-INFO: 05:44:14.433: New node: IP: 216.58.209.1. Number of nodes 28
EtherApe-INFO: 05:44:14.945: New node: IP: 142.250.203.129. Number of nodes 29
EtherApe-INFO: 05:44:15.800: delete node: IP: 87.245.216.107. Number of nodes 28
EtherApe-INFO: 05:45:00.511: New node: IP: 142.250.186.197. Number of nodes 29
EtherApe-INFO: 05:45:01.791: New node: IP: 13.32.121.59. Number of nodes 30
EtherApe-INFO: 05:45:19.030: delete node: IP: 0.0.0.0. Number of nodes 29
EtherApe-INFO: 05:45:19.752: delete node: IP: 95.216.195.133. Number of nodes 28
EtherApe-INFO: 05:45:26.623: New node: IP: 52.32.64.117. Number of nodes 29
EtherApe-INFO: 05:45:40.959: New node: IP: 35.155.169.38. Number of nodes 30
EtherApe-INFO: 05:45:41.728: New node: IP: 151.101.2.49. Number of nodes 31
EtherApe-INFO: 05:45:47.440: delete node: IP: 35.161.231.36. Number of nodes 30
EtherApe-INFO: 05:45:51.455: New node: IP: 142.250.203.138. Number of nodes 31
EtherApe-INFO: 05:45:55.295: New node: IP: 151.101.194.49. Number of nodes 32
