(etherape:2703): GLib-GIO-DEBUG: 00:10:34.202: _g_io_module_get_default: Found default implementation local (GLocalVfs) for ‘gio-vfs’
(etherape:2703): GLib-GIO-DEBUG: 00:10:34.282: Using cross-namespace EXTERNAL authentication (this will deadlock if server is GDBus < 2.73.3)
EtherApe-INFO: 00:10:34.343: sctp protocol not supported
EtherApe-INFO: 00:10:34.343: dccp protocol not supported
EtherApe-INFO: 00:10:34.343: sctp protocol not supported
EtherApe-INFO: 00:10:34.343: sctp protocol not supported
EtherApe-INFO: 00:10:34.343: sctp protocol not supported
EtherApe-INFO: 00:10:34.343: sctp protocol not supported
EtherApe-INFO: 00:10:34.343: sctp protocol not supported
EtherApe-INFO: 00:10:34.344: sctp protocol not supported
EtherApe-INFO: 00:10:34.344: sctp protocol not supported
EtherApe-INFO: 00:10:34.344: dccp protocol not supported
EtherApe-INFO: 00:10:34.344: sctp protocol not supported
EtherApe-INFO: 00:10:34.344: dccp protocol not supported
EtherApe-INFO: 00:10:34.344: dccp protocol not supported
EtherApe-INFO: 00:10:34.344: sctp protocol not supported
EtherApe-INFO: 00:10:34.345: sctp protocol not supported
EtherApe-INFO: 00:10:34.345: sctp protocol not supported
EtherApe-INFO: 00:10:34.345: sctp protocol not supported
EtherApe-INFO: 00:10:34.346: sctp protocol not supported
EtherApe-INFO: 00:10:34.346: sctp protocol not supported
EtherApe-INFO: 00:10:34.347: sctp protocol not supported
EtherApe-INFO: 00:10:34.347: sctp protocol not supported
EtherApe-INFO: 00:10:34.347: sctp protocol not supported
EtherApe-INFO: 00:10:34.347: sctp protocol not supported
EtherApe-INFO: 00:10:34.347: sctp protocol not supported
EtherApe-INFO: 00:10:34.348: sctp protocol not supported
EtherApe-INFO: 00:10:34.348: sctp protocol not supported
EtherApe-INFO: 00:10:34.348: sctp protocol not supported
EtherApe-INFO: 00:10:34.348: sctp protocol not supported
EtherApe-INFO: 00:10:34.348: dccp protocol not supported
EtherApe-INFO: 00:10:34.348: sctp protocol not supported
EtherApe-INFO: 00:10:34.348: sctp protocol not supported
EtherApe-INFO: 00:10:34.348: dccp protocol not supported
EtherApe-INFO: 00:10:34.349: sctp protocol not supported
EtherApe-INFO: 00:10:34.349: sctp protocol not supported
EtherApe-INFO: 00:10:34.349: sctp protocol not supported
EtherApe-INFO: 00:10:34.349: dccp protocol not supported
EtherApe-INFO: 00:10:34.349: dccp protocol not supported
EtherApe-INFO: 00:10:34.349: sctp protocol not supported
EtherApe-INFO: 00:10:34.349: sctp protocol not supported
EtherApe-INFO: 00:10:34.349: sctp protocol not supported
EtherApe-INFO: 00:10:34.349: sctp protocol not supported
EtherApe-INFO: 00:10:34.349: sctp protocol not supported
EtherApe-INFO: 00:10:34.349: sctp protocol not supported
EtherApe-INFO: 00:10:34.349: sctp protocol not supported
EtherApe-INFO: 00:10:34.349: sctp protocol not supported
EtherApe-INFO: 00:10:34.349: sctp protocol not supported
EtherApe-INFO: 00:10:34.349: sctp protocol not supported
EtherApe-INFO: 00:10:34.349: sctp protocol not supported
EtherApe-INFO: 00:10:34.349: sctp protocol not supported
EtherApe-INFO: 00:10:34.349: sctp protocol not supported
EtherApe-INFO: 00:10:34.350: sctp protocol not supported
EtherApe-INFO: 00:10:34.350: sctp protocol not supported
EtherApe-INFO: 00:10:34.350: sctp protocol not supported
EtherApe-INFO: 00:10:34.350: sctp protocol not supported
EtherApe-INFO: 00:10:34.350: sctp protocol not supported
EtherApe-INFO: 00:10:34.350: sctp protocol not supported
EtherApe-INFO: 00:10:34.350: sctp protocol not supported
EtherApe-INFO: 00:10:34.350: dccp protocol not supported
EtherApe-INFO: 00:10:34.350: sctp protocol not supported
EtherApe-INFO: 00:10:34.350: sctp protocol not supported
EtherApe-INFO: 00:10:34.350: sctp protocol not supported
EtherApe-INFO: 00:10:34.350: sctp protocol not supported
EtherApe-INFO: 00:10:34.350: sctp protocol not supported
EtherApe-INFO: 00:10:34.350: sctp protocol not supported
EtherApe-INFO: 00:10:34.350: sctp protocol not supported
EtherApe-INFO: 00:10:34.351: sctp protocol not supported
EtherApe-INFO: 00:10:34.351: sctp protocol not supported
EtherApe-INFO: 00:10:34.351: sctp protocol not supported
EtherApe-INFO: 00:10:34.351: sctp protocol not supported
EtherApe-INFO: 00:10:34.351: sctp protocol not supported
EtherApe-INFO: 00:10:34.351: sctp protocol not supported
EtherApe-INFO: 00:10:34.351: sctp protocol not supported
EtherApe-INFO: 00:10:34.351: sctp protocol not supported
EtherApe-INFO: 00:10:34.351: sctp protocol not supported
EtherApe-INFO: 00:10:34.351: sctp protocol not supported
EtherApe-INFO: 00:10:34.351: sctp protocol not supported
EtherApe-INFO: 00:10:34.351: sctp protocol not supported
EtherApe-INFO: 00:10:34.351: sctp protocol not supported
EtherApe-INFO: 00:10:34.352: sctp protocol not supported
EtherApe-INFO: 00:10:34.352: sctp protocol not supported
EtherApe-INFO: 00:10:34.352: sctp protocol not supported
EtherApe-INFO: 00:10:34.352: sctp protocol not supported
EtherApe-INFO: 00:10:34.352: sctp protocol not supported
EtherApe-INFO: 00:10:34.352: sctp protocol not supported
EtherApe-INFO: 00:10:34.352: sctp protocol not supported
EtherApe-INFO: 00:10:34.352: sctp protocol not supported
EtherApe-INFO: 00:10:34.352: sctp protocol not supported
EtherApe-INFO: 00:10:34.352: sctp protocol not supported
EtherApe-INFO: 00:10:34.352: sctp protocol not supported
EtherApe-INFO: 00:10:34.352: sctp protocol not supported
EtherApe-INFO: 00:10:34.352: sctp protocol not supported
EtherApe-INFO: 00:10:34.352: sctp protocol not supported
EtherApe-INFO: 00:10:34.352: sctp protocol not supported
EtherApe-INFO: 00:10:34.352: sctp protocol not supported
EtherApe-INFO: 00:10:34.361: get_interface result: ''
EtherApe-INFO: 00:10:34.362: Available interfaces for capture: dbus-session dbus-system nfqueue nflog bluetooth-monitor bluetooth0 lo any wlp2s0
EtherApe-INFO: 00:10:34.362: Link type is LINUX_SLL
EtherApe-INFO: 00:10:34.363: Diagram started
EtherApe-INFO: 00:10:34.616: New node: IP: 142.250.186.197. Number of nodes 1
EtherApe-INFO: 00:10:34.616: New node: IP: 192.168.1.250. Number of nodes 2
EtherApe-INFO: 00:10:34.873: New node: IP: 104.16.249.249. Number of nodes 3
EtherApe-INFO: 00:10:34.873: New node: IP: 34.107.221.82. Number of nodes 4
EtherApe-INFO: 00:10:34.873: New node: IP: 172.64.155.188. Number of nodes 5
EtherApe-INFO: 00:10:35.641: New node: IP: 149.154.167.41. Number of nodes 6
EtherApe-INFO: 00:10:35.897: New node: IP: 149.154.167.50. Number of nodes 7
EtherApe-INFO: 00:10:35.901: New node: IP: 8.8.8.8. Number of nodes 8
EtherApe-INFO: 00:10:36.408: New node: IP: 87.245.216.107. Number of nodes 9
EtherApe-INFO: 00:10:36.408: New node: IP: 142.250.186.195. Number of nodes 10
EtherApe-INFO: 00:10:36.409: New node: IP: 54.187.179.42. Number of nodes 11
EtherApe-INFO: 00:10:37.432: New node: IP: 104.18.32.68. Number of nodes 12
EtherApe-INFO: 00:10:38.200: New node: IP: 13.225.78.34. Number of nodes 13
EtherApe-INFO: 00:10:38.535: Nodes: 13 (shown 13)
EtherApe-INFO: 00:10:39.480: New node: IP: 93.184.220.29. Number of nodes 14
EtherApe-INFO: 00:10:39.992: New node: IP: 1.1.1.1. Number of nodes 15
EtherApe-INFO: 00:10:39.993: New node: IP: 18.66.121.68. Number of nodes 16
EtherApe-INFO: 00:10:41.243: Nodes: 16 (shown 16)
EtherApe-INFO: 00:10:41.283: New node: IP: 34.209.16.253. Number of nodes 17
EtherApe-INFO: 00:10:49.720: New node: IP: 142.250.203.202. Number of nodes 18
EtherApe-INFO: 00:10:50.744: New node: IP: 142.250.203.131. Number of nodes 19
EtherApe-INFO: 00:11:05.906: Preferences saved to /root/.config/etherape
EtherApe-INFO: 00:11:09.945: New node: IP: 91.236.251.129. Number of nodes 20
EtherApe-INFO: 00:11:10.456: New node: IP: 140.82.121.5. Number of nodes 21
EtherApe-INFO: 00:11:14.296: New node: IP: 34.107.141.31. Number of nodes 22
EtherApe-INFO: 00:11:14.297: New node: IP: 172.64.205.4. Number of nodes 23
EtherApe-INFO: 00:11:15.064: New node: IP: 192.168.0.239. Number of nodes 24
EtherApe-INFO: 00:11:15.321: New node: IP: 104.18.12.33. Number of nodes 25
EtherApe-INFO: 00:11:15.321: New node: IP: 34.120.208.123. Number of nodes 26
EtherApe-INFO: 00:11:15.321: New node: IP: 18.66.98.108. Number of nodes 27
EtherApe-INFO: 00:11:16.344: New node: IP: 104.16.99.56. Number of nodes 28
EtherApe-INFO: 00:11:16.345: New node: IP: 142.250.203.142. Number of nodes 29
EtherApe-INFO: 00:11:16.345: New node: IP: 172.217.16.4. Number of nodes 30
EtherApe-INFO: 00:11:16.345: New node: IP: 3.2.8.2. Number of nodes 31
EtherApe-INFO: 00:11:18.137: New node: IP: 192.168.0.218. Number of nodes 32
EtherApe-INFO: 00:11:18.392: New node: IP: 54.80.233.136. Number of nodes 33
EtherApe-INFO: 00:11:18.393: New node: IP: 140.82.121.4. Number of nodes 34
EtherApe-INFO: 00:11:18.393: New node: IP: 35.186.227.140. Number of nodes 35
EtherApe-INFO: 00:11:19.417: New node: IP: 142.250.203.138. Number of nodes 36
EtherApe-INFO: 00:11:19.417: New node: IP: 104.17.50.74. Number of nodes 37
EtherApe-INFO: 00:11:19.418: New node: IP: 140.82.112.26. Number of nodes 38
EtherApe-INFO: 00:11:20.184: New node: IP: 18.66.233.6. Number of nodes 39
EtherApe-INFO: 00:11:20.185: New node: IP: 216.58.209.10. Number of nodes 40
EtherApe-INFO: 00:11:20.185: New node: IP: 142.250.186.206. Number of nodes 41
EtherApe-INFO: 00:11:20.185: New node: IP: 13.32.103.36. Number of nodes 42
EtherApe-INFO: 00:11:20.185: New node: IP: 216.58.215.106. Number of nodes 43
EtherApe-INFO: 00:11:21.208: New node: IP: 91.198.174.192. Number of nodes 44
EtherApe-INFO: 00:11:21.209: New node: IP: 216.58.208.202. Number of nodes 45
EtherApe-INFO: 00:11:22.234: New node: IP: 172.217.16.14. Number of nodes 46
EtherApe-INFO: 00:11:23.256: New node: IP: 172.217.16.42. Number of nodes 47
EtherApe-INFO: 00:12:02.426: New node: IP: 13.32.121.12. Number of nodes 48
EtherApe-INFO: 00:12:42.677: delete node: IP: 1.1.1.1. Number of nodes 47
EtherApe-INFO: 00:12:53.880: New node: IP: 185.199.110.154. Number of nodes 48
EtherApe-INFO: 00:12:53.880: New node: IP: 185.199.108.133. Number of nodes 49
EtherApe-INFO: 00:12:57.209: New node: IP: 52.35.136.194. Number of nodes 50
EtherApe-INFO: 00:13:10.845: delete node: IP: 140.82.121.5. Number of nodes 49
EtherApe-INFO: 00:13:10.846: delete node: IP: 91.236.251.129. Number of nodes 48
EtherApe-INFO: 00:13:17.705: delete node: IP: 54.187.179.42. Number of nodes 47
EtherApe-INFO: 00:13:18.201: New node: IP: 91.236.251.129. Number of nodes 48
EtherApe-INFO: 00:13:18.232: delete node: IP: 192.168.0.239. Number of nodes 47
EtherApe-INFO: 00:13:18.232: delete node: IP: 192.168.0.218. Number of nodes 46
EtherApe-INFO: 00:13:24.432: delete node: IP: 34.209.16.253. Number of nodes 45
EtherApe-INFO: 00:14:07.865: New node: IP: 192.168.1.1. Number of nodes 46
EtherApe-INFO: 00:14:07.865: New node: IP: 95.216.195.133. Number of nodes 47
EtherApe-INFO: 00:14:12.046: delete node: IP: 87.245.216.107. Number of nodes 46
EtherApe-INFO: 00:14:13.086: delete node: IP: 104.18.32.68. Number of nodes 45
EtherApe-INFO: 00:14:16.409: delete node: IP: 18.66.121.68. Number of nodes 44
EtherApe-INFO: 00:14:18.170: delete node: IP: 93.184.220.29. Number of nodes 43
EtherApe-INFO: 00:14:19.414: delete node: IP: 142.250.186.195. Number of nodes 42
EtherApe-INFO: 00:14:21.690: delete node: IP: 172.64.155.188. Number of nodes 41
EtherApe-INFO: 00:14:21.690: delete node: IP: 34.107.221.82. Number of nodes 40
EtherApe-INFO: 00:14:23.758: delete node: IP: 91.198.174.192. Number of nodes 39
EtherApe-INFO: 00:15:00.345: New node: IP: 13.32.121.62. Number of nodes 40
EtherApe-INFO: 00:15:06.278: delete node: IP: 172.64.205.4. Number of nodes 39
EtherApe-INFO: 00:15:09.071: delete node: IP: 172.217.16.4. Number of nodes 38
EtherApe-INFO: 00:15:09.071: delete node: IP: 104.18.12.33. Number of nodes 37
EtherApe-INFO: 00:15:09.071: delete node: IP: 104.16.99.56. Number of nodes 36
EtherApe-INFO: 00:15:09.071: delete node: IP: 34.120.208.123. Number of nodes 35
EtherApe-INFO: 00:15:09.071: delete node: IP: 34.107.141.31. Number of nodes 34
EtherApe-INFO: 00:15:09.071: delete node: IP: 18.66.98.108. Number of nodes 33
EtherApe-INFO: 00:15:09.071: delete node: IP: 3.2.8.2. Number of nodes 32
EtherApe-INFO: 00:15:11.450: delete node: IP: 142.250.203.142. Number of nodes 31
EtherApe-INFO: 00:15:11.450: delete node: IP: 104.17.50.74. Number of nodes 30
EtherApe-INFO: 00:15:11.450: delete node: IP: 54.80.233.136. Number of nodes 29
EtherApe-INFO: 00:15:11.865: delete node: IP: 216.58.215.106. Number of nodes 28
EtherApe-INFO: 00:15:11.865: delete node: IP: 216.58.209.10. Number of nodes 27
EtherApe-INFO: 00:15:11.865: delete node: IP: 142.250.203.138. Number of nodes 26
EtherApe-INFO: 00:15:11.865: delete node: IP: 142.250.186.206. Number of nodes 25
EtherApe-INFO: 00:15:11.865: delete node: IP: 18.66.233.6. Number of nodes 24
EtherApe-INFO: 00:15:13.207: delete node: IP: 216.58.208.202. Number of nodes 23
EtherApe-INFO: 00:15:13.207: delete node: IP: 13.32.103.36. Number of nodes 22
EtherApe-INFO: 00:15:14.450: delete node: IP: 172.217.16.14. Number of nodes 21
EtherApe-INFO: 00:15:14.968: delete node: IP: 172.217.16.42. Number of nodes 20
EtherApe-INFO: 00:15:18.285: delete node: IP: 91.236.251.129. Number of nodes 19
EtherApe-INFO: 00:15:21.080: New node: IP: 54.203.75.56. Number of nodes 20
EtherApe-INFO: 00:15:23.385: New node: IP: 34.120.208.123. Number of nodes 21
EtherApe-INFO: 00:15:59.258: delete node: IP: 13.32.121.12. Number of nodes 20
EtherApe-INFO: 00:16:04.344: New node: IP: 140.82.121.3. Number of nodes 21
EtherApe-INFO: 00:16:07.961: delete node: IP: 192.168.1.1. Number of nodes 20
EtherApe-INFO: 00:16:08.272: delete node: IP: 95.216.195.133. Number of nodes 19
EtherApe-INFO: 00:17:18.840: New node: IP: 216.58.209.1. Number of nodes 20
EtherApe-INFO: 00:17:18.842: New node: IP: 142.250.75.10. Number of nodes 21
EtherApe-INFO: 00:17:18.844: New node: IP: 142.250.186.195. Number of nodes 22
EtherApe-INFO: 00:17:21.935: delete node: IP: 54.203.75.56. Number of nodes 21
EtherApe-INFO: 00:17:22.681: New node: IP: 3.127.160.74. Number of nodes 22
EtherApe-INFO: 00:17:22.937: New node: IP: 87.245.216.9. Number of nodes 23
EtherApe-INFO: 00:17:34.456: New node: IP: 91.236.251.129. Number of nodes 24
EtherApe-INFO: 00:18:34.462: delete node: IP: 140.82.121.3. Number of nodes 23
EtherApe-INFO: 00:18:39.744: delete node: IP: 52.35.136.194. Number of nodes 22
EtherApe-INFO: 00:18:46.394: New node: IP: 52.35.136.194. Number of nodes 23
EtherApe-INFO: 00:18:57.704: delete node: IP: 13.32.121.62. Number of nodes 22
EtherApe-INFO: 00:19:07.896: New node: IP: 192.168.1.1. Number of nodes 23
EtherApe-INFO: 00:19:07.897: New node: IP: 95.216.195.133. Number of nodes 24
EtherApe-INFO: 00:19:35.580: delete node: IP: 91.236.251.129. Number of nodes 23
EtherApe-INFO: 00:20:14.464: delete node: IP: 34.120.208.123. Number of nodes 22
EtherApe-INFO: 00:20:18.554: New node: IP: 104.18.20.44. Number of nodes 23
EtherApe-INFO: 00:20:18.555: New node: IP: 93.184.220.29. Number of nodes 24
EtherApe-INFO: 00:20:19.070: New node: IP: 193.0.11.17. Number of nodes 25
EtherApe-INFO: 00:20:21.368: New node: IP: 54.203.75.56. Number of nodes 26
EtherApe-INFO: 00:20:23.480: delete node: IP: 185.199.108.133. Number of nodes 25
EtherApe-INFO: 00:20:38.099: delete node: IP: 185.199.110.154. Number of nodes 24
EtherApe-INFO: 00:20:38.099: delete node: IP: 140.82.121.4. Number of nodes 23
EtherApe-INFO: 00:21:08.301: delete node: IP: 192.168.1.1. Number of nodes 22
EtherApe-INFO: 00:21:08.301: delete node: IP: 95.216.195.133. Number of nodes 21
EtherApe-INFO: 00:21:18.224: delete node: IP: 142.250.186.195. Number of nodes 20
EtherApe-INFO: 00:21:18.224: delete node: IP: 87.245.216.9. Number of nodes 19
EtherApe-INFO: 00:21:48.707: delete node: IP: 52.35.136.194. Number of nodes 18
EtherApe-INFO: 00:21:50.764: delete node: IP: 3.127.160.74. Number of nodes 17
EtherApe-INFO: 00:21:53.274: New node: IP: 52.35.136.194. Number of nodes 18
EtherApe-INFO: 00:22:09.744: delete node: IP: 216.58.209.1. Number of nodes 17
EtherApe-INFO: 00:22:09.744: delete node: IP: 142.250.75.10. Number of nodes 16
EtherApe-INFO: 00:22:19.433: delete node: IP: 8.8.8.8. Number of nodes 15
EtherApe-INFO: 00:22:23.758: delete node: IP: 54.203.75.56. Number of nodes 14
EtherApe-INFO: 00:22:30.144: delete node: IP: 193.0.11.17. Number of nodes 13
EtherApe-INFO: 00:22:41.912: New node: IP: 8.8.8.8. Number of nodes 14
EtherApe-INFO: 00:23:27.225: New node: IP: 3.127.160.74. Number of nodes 15
EtherApe-INFO: 00:23:58.201: New node: IP: 162.159.135.42. Number of nodes 16
EtherApe-INFO: 00:23:59.485: New node: IP: 104.16.85.20. Number of nodes 17
EtherApe-INFO: 00:23:59.495: New node: IP: 216.58.215.106. Number of nodes 18
EtherApe-INFO: 00:23:59.499: New node: IP: 216.58.208.195. Number of nodes 19
EtherApe-INFO: 00:23:59.760: New node: IP: 162.159.134.42. Number of nodes 20
EtherApe-INFO: 00:24:00.003: New node: IP: 216.58.215.67. Number of nodes 21
EtherApe-INFO: 00:24:00.239: New node: IP: 52.92.209.130. Number of nodes 22
EtherApe-INFO: 00:24:00.496: New node: IP: 18.66.121.68. Number of nodes 23
EtherApe-INFO: 00:24:00.747: New node: IP: 192.0.73.2. Number of nodes 24
EtherApe-INFO: 00:24:07.912: New node: IP: 192.168.1.1. Number of nodes 25
EtherApe-INFO: 00:24:07.913: New node: IP: 95.216.195.133. Number of nodes 26
EtherApe-INFO: 00:25:02.187: New node: IP: 91.198.174.192. Number of nodes 27
EtherApe-INFO: 00:25:21.641: New node: IP: 54.203.75.56. Number of nodes 28
EtherApe-INFO: 00:26:02.435: delete node: IP: 216.58.215.106. Number of nodes 27
EtherApe-INFO: 00:26:02.435: delete node: IP: 162.159.135.42. Number of nodes 26
EtherApe-INFO: 00:26:02.436: delete node: IP: 162.159.134.42. Number of nodes 25
EtherApe-INFO: 00:26:06.680: New node: IP: 91.236.251.129. Number of nodes 26
EtherApe-INFO: 00:26:07.810: delete node: IP: 52.92.209.130. Number of nodes 25
EtherApe-INFO: 00:26:08.017: delete node: IP: 192.168.1.1. Number of nodes 24
EtherApe-INFO: 00:26:08.017: delete node: IP: 8.8.8.8. Number of nodes 23
EtherApe-INFO: 00:26:08.225: delete node: IP: 95.216.195.133. Number of nodes 22
EtherApe-INFO: 00:26:33.308: delete node: IP: 192.0.73.2. Number of nodes 21
EtherApe-INFO: 00:26:56.885: delete node: IP: 104.18.20.44. Number of nodes 20
EtherApe-INFO: 00:27:21.984: delete node: IP: 54.203.75.56. Number of nodes 19
EtherApe-INFO: 00:27:41.913: New node: IP: 8.8.8.8. Number of nodes 20
EtherApe-INFO: 00:27:56.347: delete node: IP: 93.184.220.29. Number of nodes 19
EtherApe-INFO: 00:27:57.274: delete node: IP: 216.58.208.195. Number of nodes 18
EtherApe-INFO: 00:27:57.274: delete node: IP: 18.66.121.68. Number of nodes 17
EtherApe-INFO: 00:28:09.320: delete node: IP: 91.236.251.129. Number of nodes 16
EtherApe-INFO: 00:28:51.128: delete node: IP: 216.58.215.67. Number of nodes 15
EtherApe-INFO: 00:28:51.128: delete node: IP: 104.16.85.20. Number of nodes 14
EtherApe-INFO: 00:28:56.921: New node: IP: 142.250.203.138. Number of nodes 15
EtherApe-INFO: 00:29:07.476: delete node: IP: 91.198.174.192. Number of nodes 14
EtherApe-INFO: 00:29:07.929: New node: IP: 192.168.1.1. Number of nodes 15
EtherApe-INFO: 00:29:07.930: New node: IP: 95.216.195.133. Number of nodes 16
EtherApe-INFO: 00:29:50.695: delete node: IP: 3.127.160.74. Number of nodes 15
EtherApe-INFO: 00:30:03.225: New node: IP: 13.32.121.62. Number of nodes 16
EtherApe-INFO: 00:30:21.656: New node: IP: 54.203.75.56. Number of nodes 17
EtherApe-INFO: 00:31:01.635: delete node: IP: 142.250.203.138. Number of nodes 16
EtherApe-INFO: 00:31:08.321: delete node: IP: 192.168.1.1. Number of nodes 15
EtherApe-INFO: 00:31:08.321: delete node: IP: 95.216.195.133. Number of nodes 14
EtherApe-INFO: 00:31:08.321: delete node: IP: 8.8.8.8. Number of nodes 13
EtherApe-INFO: 00:31:19.326: delete node: IP: 52.35.136.194. Number of nodes 12
EtherApe-INFO: 00:31:31.801: New node: IP: 3.127.160.74. Number of nodes 13
EtherApe-INFO: 00:31:42.814: New node: IP: 52.35.136.194. Number of nodes 14
EtherApe-INFO: 00:32:23.822: delete node: IP: 54.203.75.56. Number of nodes 13
EtherApe-INFO: 00:32:41.944: New node: IP: 8.8.8.8. Number of nodes 14
EtherApe-INFO: 00:34:00.123: delete node: IP: 13.32.121.62. Number of nodes 13
EtherApe-INFO: 00:34:07.704: New node: IP: 192.168.1.1. Number of nodes 14
EtherApe-INFO: 00:34:07.962: New node: IP: 95.216.195.133. Number of nodes 15
EtherApe-INFO: 00:34:08.217: New node: IP: 34.120.208.123. Number of nodes 16
EtherApe-INFO: 00:34:19.226: New node: IP: 172.217.16.4. Number of nodes 17
EtherApe-INFO: 00:34:19.481: New node: IP: 142.250.186.195. Number of nodes 18
EtherApe-INFO: 00:34:21.114: delete node: IP: 142.250.186.197. Number of nodes 17
EtherApe-INFO: 00:34:30.490: New node: IP: 142.250.186.206. Number of nodes 18
EtherApe-INFO: 00:34:30.491: New node: IP: 142.250.186.197. Number of nodes 19
EtherApe-INFO: 00:34:37.912: New node: IP: 162.159.134.68. Number of nodes 20
EtherApe-INFO: 00:34:37.913: New node: IP: 87.245.216.9. Number of nodes 21
EtherApe-INFO: 00:34:38.425: New node: IP: 172.217.16.46. Number of nodes 22
EtherApe-INFO: 00:34:39.450: New node: IP: 216.58.209.10. Number of nodes 23
EtherApe-INFO: 00:34:51.746: New node: IP: 142.250.186.202. Number of nodes 24
EtherApe-INFO: 00:34:51.997: New node: IP: 108.138.17.26. Number of nodes 25
EtherApe-INFO: 00:35:05.561: New node: IP: 192.197.183.149. Number of nodes 26
EtherApe-INFO: 00:35:05.567: New node: IP: 95.216.144.15. Number of nodes 27
EtherApe-INFO: 00:35:05.571: New node: IP: 104.18.40.133. Number of nodes 28
EtherApe-INFO: 00:35:05.578: New node: IP: 151.101.64.152. Number of nodes 29
EtherApe-INFO: 00:35:05.581: New node: IP: 76.223.14.21. Number of nodes 30
EtherApe-INFO: 00:35:05.589: New node: IP: 91.198.174.192. Number of nodes 31
EtherApe-INFO: 00:35:05.589: New node: IP: 104.18.12.33. Number of nodes 32
EtherApe-INFO: 00:35:05.589: New node: IP: 104.21.48.117. Number of nodes 33
EtherApe-INFO: 00:35:05.823: New node: IP: 199.188.200.146. Number of nodes 34
EtherApe-INFO: 00:35:05.825: New node: IP: 192.0.66.96. Number of nodes 35
EtherApe-INFO: 00:35:05.830: New node: IP: 2.23.108.34. Number of nodes 36
EtherApe-INFO: 00:35:05.832: New node: IP: 135.181.27.174. Number of nodes 37
EtherApe-INFO: 00:35:05.837: New node: IP: 104.21.41.55. Number of nodes 38
EtherApe-INFO: 00:35:05.837: New node: IP: 172.64.98.24. Number of nodes 39
EtherApe-INFO: 00:35:05.855: New node: IP: 116.203.93.142. Number of nodes 40
EtherApe-INFO: 00:35:05.869: New node: IP: 88.99.219.88. Number of nodes 41
EtherApe-INFO: 00:35:05.870: New node: IP: 104.198.63.0. Number of nodes 42
EtherApe-INFO: 00:35:05.871: New node: IP: 192.168.0.218. Number of nodes 43
EtherApe-INFO: 00:35:06.073: New node: IP: 91.234.35.30. Number of nodes 44
EtherApe-INFO: 00:35:06.082: New node: IP: 192.168.0.239. Number of nodes 45
EtherApe-INFO: 00:35:06.112: New node: IP: 192.168.0.1. Number of nodes 46
EtherApe-INFO: 00:35:06.114: New node: IP: 185.129.100.112. Number of nodes 47
EtherApe-INFO: 00:35:06.116: New node: IP: 140.82.121.3. Number of nodes 48
EtherApe-INFO: 00:35:06.119: New node: IP: 145.40.68.75. Number of nodes 49
EtherApe-INFO: 00:35:06.124: New node: IP: 151.101.129.69. Number of nodes 50
EtherApe-INFO: 00:35:06.124: New node: IP: 76.76.21.164. Number of nodes 51
EtherApe-INFO: 00:35:06.128: New node: IP: 143.244.45.177. Number of nodes 52
EtherApe-INFO: 00:35:06.133: New node: IP: 45.60.13.212. Number of nodes 53
EtherApe-INFO: 00:35:06.134: New node: IP: 151.101.2.133. Number of nodes 54
EtherApe-INFO: 00:35:06.135: New node: IP: 151.101.1.69. Number of nodes 55
EtherApe-INFO: 00:35:06.139: New node: IP: 151.101.2.209. Number of nodes 56
EtherApe-INFO: 00:35:06.141: New node: IP: 198.136.48.164. Number of nodes 57
EtherApe-INFO: 00:35:06.143: New node: IP: 151.101.0.95. Number of nodes 58
EtherApe-INFO: 00:35:06.145: New node: IP: 104.17.32.105. Number of nodes 59
EtherApe-INFO: 00:35:06.146: New node: IP: 31.217.192.241. Number of nodes 60
EtherApe-INFO: 00:35:06.146: New node: IP: 104.81.101.226. Number of nodes 61
EtherApe-INFO: 00:35:06.147: New node: IP: 23.185.0.1. Number of nodes 62
EtherApe-INFO: 00:35:06.147: New node: IP: 149.56.223.200. Number of nodes 63
EtherApe-INFO: 00:35:06.147: New node: IP: 104.18.209.69. Number of nodes 64
EtherApe-INFO: 00:35:06.149: New node: IP: 104.81.110.62. Number of nodes 65
EtherApe-INFO: 00:35:06.160: New node: IP: 3.2.9.2. Number of nodes 66
EtherApe-INFO: 00:35:06.341: New node: IP: 216.58.215.78. Number of nodes 67
EtherApe-INFO: 00:35:06.359: New node: IP: 20.239.151.181. Number of nodes 68
EtherApe-INFO: 00:35:06.362: New node: IP: 162.159.135.42. Number of nodes 69
EtherApe-INFO: 00:35:06.363: New node: IP: 3.122.47.55. Number of nodes 70
EtherApe-INFO: 00:35:06.389: New node: IP: 192.124.249.24. Number of nodes 71
EtherApe-INFO: 00:35:06.391: New node: IP: 93.184.220.29. Number of nodes 72
EtherApe-INFO: 00:35:06.434: New node: IP: 104.81.223.160. Number of nodes 73
EtherApe-INFO: 00:35:06.450: New node: IP: 208.68.240.115. Number of nodes 74
EtherApe-INFO: 00:35:06.593: New node: IP: 23.185.0.4. Number of nodes 75
EtherApe-INFO: 00:35:06.598: New node: IP: 104.17.32.82. Number of nodes 76
EtherApe-INFO: 00:35:06.600: New node: IP: 104.18.32.68. Number of nodes 77
EtherApe-INFO: 00:35:07.101: New node: IP: 20.185.12.70. Number of nodes 78
EtherApe-INFO: 00:35:07.371: New node: IP: 104.18.11.128. Number of nodes 79
EtherApe-INFO: 00:35:07.616: New node: IP: 104.81.108.60. Number of nodes 80
EtherApe-INFO: 00:35:07.868: New node: IP: 23.227.38.32. Number of nodes 81
EtherApe-INFO: 00:35:08.911: New node: IP: 104.16.99.56. Number of nodes 82
EtherApe-INFO: 00:35:09.401: New node: IP: 34.107.221.82. Number of nodes 83
EtherApe-INFO: 00:35:09.913: New node: IP: 172.64.155.188. Number of nodes 84
EtherApe-INFO: 00:35:19.421: New node: IP: 142.250.75.3. Number of nodes 85
EtherApe-INFO: 00:35:19.422: New node: IP: 216.58.215.97. Number of nodes 86
EtherApe-INFO: 00:35:19.422: New node: IP: 91.198.174.208. Number of nodes 87
EtherApe-INFO: 00:35:21.986: New node: IP: 54.203.75.56. Number of nodes 88
EtherApe-INFO: 00:35:22.205: New node: IP: 18.66.233.34. Number of nodes 89
EtherApe-INFO: 00:35:22.218: New node: IP: 142.250.203.206. Number of nodes 90
EtherApe-INFO: 00:35:23.502: New node: IP: 185.199.110.154. Number of nodes 91
EtherApe-INFO: 00:35:24.765: New node: IP: 185.199.109.133. Number of nodes 92
EtherApe-INFO: 00:35:25.280: New node: IP: 142.250.203.138. Number of nodes 93
EtherApe-INFO: 00:35:26.055: New node: IP: 18.66.122.129. Number of nodes 94
EtherApe-INFO: 00:35:26.062: New node: IP: 104.96.147.241. Number of nodes 95
EtherApe-INFO: 00:35:27.940: New node: IP: 104.18.10.207. Number of nodes 96
EtherApe-INFO: 00:35:28.109: New node: IP: 104.18.11.207. Number of nodes 97
EtherApe-INFO: 00:35:31.172: New node: IP: 104.16.85.20. Number of nodes 98
EtherApe-INFO: 00:35:31.172: New node: IP: 104.16.88.20. Number of nodes 99
EtherApe-INFO: 00:35:31.418: New node: IP: 99.86.243.182. Number of nodes 100
EtherApe-INFO: 00:35:34.249: New node: IP: 104.17.33.82. Number of nodes 101
EtherApe-INFO: 00:35:36.317: New node: IP: 104.16.243.94. Number of nodes 102
EtherApe-INFO: 00:35:36.550: New node: IP: 104.16.27.5. Number of nodes 103
EtherApe-INFO: 00:35:36.557: New node: IP: 18.66.15.126. Number of nodes 104
EtherApe-INFO: 00:35:36.567: New node: IP: 216.58.208.208. Number of nodes 105
EtherApe-INFO: 00:35:37.567: New node: IP: 104.17.24.14. Number of nodes 106
EtherApe-INFO: 00:35:37.567: New node: IP: 104.17.25.14. Number of nodes 107
EtherApe-INFO: 00:35:38.087: New node: IP: 92.223.97.97. Number of nodes 108
EtherApe-INFO: 00:35:38.097: New node: IP: 78.47.130.189. Number of nodes 109
EtherApe-INFO: 00:35:38.099: New node: IP: 104.18.7.57. Number of nodes 110
EtherApe-INFO: 00:35:38.118: New node: IP: 162.159.134.42. Number of nodes 111
EtherApe-INFO: 00:35:38.870: New node: IP: 18.66.15.46. Number of nodes 112
EtherApe-INFO: 00:35:39.868: New node: IP: 37.19.218.109. Number of nodes 113
EtherApe-INFO: 00:35:39.872: New node: IP: 199.232.16.193. Number of nodes 114
EtherApe-INFO: 00:35:39.873: New node: IP: 192.0.73.2. Number of nodes 115
EtherApe-INFO: 00:35:40.195: New node: IP: 146.75.116.193. Number of nodes 116
EtherApe-INFO: 00:35:40.664: New node: IP: 45.60.19.212. Number of nodes 117
EtherApe-INFO: 00:35:42.254: New node: IP: 172.67.151.13. Number of nodes 118
EtherApe-INFO: 00:35:43.713: New node: IP: 52.239.153.36. Number of nodes 119
EtherApe-INFO: 00:35:47.050: New node: IP: 192.0.78.33. Number of nodes 120
EtherApe-INFO: 00:35:49.339: New node: IP: 18.66.121.29. Number of nodes 121
EtherApe-INFO: 00:35:50.989: New node: IP: 104.81.223.141. Number of nodes 122
EtherApe-INFO: 00:35:53.441: New node: IP: 13.32.103.36. Number of nodes 123
EtherApe-INFO: 00:35:53.697: New node: IP: 216.58.215.106. Number of nodes 124
EtherApe-INFO: 00:35:55.481: New node: IP: 104.96.142.34. Number of nodes 125
EtherApe-INFO: 00:35:55.777: New node: IP: 104.18.22.126. Number of nodes 126
EtherApe-INFO: 00:35:56.810: New node: IP: 142.250.203.142. Number of nodes 127
EtherApe-INFO: 00:35:56.810: New node: IP: 216.58.215.67. Number of nodes 128
EtherApe-INFO: 00:35:57.539: New node: IP: 151.101.194.209. Number of nodes 129
EtherApe-INFO: 00:35:57.547: New node: IP: 52.218.201.121. Number of nodes 130
EtherApe-INFO: 00:35:58.058: New node: IP: 52.21.199.90. Number of nodes 131
EtherApe-INFO: 00:35:58.332: New node: IP: 172.217.16.3. Number of nodes 132
EtherApe-INFO: 00:35:58.824: New node: IP: 54.231.134.89. Number of nodes 133
EtherApe-INFO: 00:35:59.071: New node: IP: 104.26.4.28. Number of nodes 134
EtherApe-INFO: 00:35:59.410: New node: IP: 104.26.5.28. Number of nodes 135
EtherApe-INFO: 00:35:59.979: New node: IP: 104.81.121.120. Number of nodes 136
EtherApe-INFO: 00:36:00.130: New node: IP: 54.212.190.119. Number of nodes 137
EtherApe-INFO: 00:36:00.942: New node: IP: 2.17.240.32. Number of nodes 138
EtherApe-INFO: 00:36:00.952: New node: IP: 87.245.216.82. Number of nodes 139
EtherApe-INFO: 00:36:01.128: New node: IP: 140.82.114.26. Number of nodes 140
EtherApe-INFO: 00:36:01.669: New node: IP: 151.101.66.209. Number of nodes 141
EtherApe-INFO: 00:36:02.393: New node: IP: 192.0.77.32. Number of nodes 142
EtherApe-INFO: 00:36:05.210: New node: IP: 162.159.135.68. Number of nodes 143
EtherApe-INFO: 00:36:06.523: New node: IP: 216.58.215.74. Number of nodes 144
EtherApe-INFO: 00:36:07.773: New node: IP: 216.58.215.118. Number of nodes 145
EtherApe-INFO: 00:36:07.774: New node: IP: 142.250.75.14. Number of nodes 146
EtherApe-INFO: 00:36:07.794: New node: IP: 99.86.240.58. Number of nodes 147
EtherApe-INFO: 00:36:07.806: New node: IP: 151.101.128.95. Number of nodes 148
EtherApe-INFO: 00:36:07.837: delete node: IP: 192.168.1.1. Number of nodes 147
EtherApe-INFO: 00:36:08.229: delete node: IP: 95.216.195.133. Number of nodes 146
EtherApe-INFO: 00:36:08.381: New node: IP: 216.58.208.214. Number of nodes 147
EtherApe-INFO: 00:36:08.420: New node: IP: 142.250.203.193. Number of nodes 148
EtherApe-INFO: 00:36:09.563: New node: IP: 216.239.32.21. Number of nodes 149
EtherApe-INFO: 00:36:10.333: New node: IP: 13.32.99.45. Number of nodes 150
EtherApe-INFO: 00:36:10.886: New node: IP: 13.32.121.62. Number of nodes 151
EtherApe-INFO: 00:36:11.873: New node: IP: 34.249.233.50. Number of nodes 152
EtherApe-INFO: 00:36:13.409: New node: IP: 34.149.66.134. Number of nodes 153
EtherApe-INFO: 00:36:14.948: New node: IP: 54.158.129.138. Number of nodes 154
EtherApe-INFO: 00:36:15.198: New node: IP: 18.66.121.184. Number of nodes 155
EtherApe-INFO: 00:36:15.972: New node: IP: 216.58.209.14. Number of nodes 156
EtherApe-INFO: 00:36:15.987: New node: IP: 142.250.75.10. Number of nodes 157
EtherApe-INFO: 00:36:51.859: delete node: IP: 52.35.136.194. Number of nodes 156
EtherApe-INFO: 00:36:53.081: New node: IP: 139.59.209.225. Number of nodes 157
EtherApe-INFO: 00:37:05.370: New node: IP: 168.119.138.211. Number of nodes 158
EtherApe-INFO: 00:37:07.446: delete node: IP: 91.234.35.30. Number of nodes 157
EtherApe-INFO: 00:37:08.995: delete node: IP: 192.168.0.239. Number of nodes 156
EtherApe-INFO: 00:37:08.995: delete node: IP: 192.168.0.218. Number of nodes 155
EtherApe-INFO: 00:37:16.485: delete node: IP: 140.82.112.26. Number of nodes 154
EtherApe-INFO: 00:37:16.636: New node: IP: 192.0.77.2. Number of nodes 155
EtherApe-INFO: 00:37:23.139: delete node: IP: 54.203.75.56. Number of nodes 154
EtherApe-INFO: 00:37:23.139: delete node: IP: 23.227.38.32. Number of nodes 153
EtherApe-INFO: 00:37:27.646: New node: IP: 104.18.6.240. Number of nodes 154
EtherApe-INFO: 00:37:27.647: New node: IP: 104.18.13.33. Number of nodes 155
EtherApe-INFO: 00:37:34.149: delete node: IP: 104.18.10.207. Number of nodes 154
EtherApe-INFO: 00:37:34.383: delete node: IP: 104.17.33.82. Number of nodes 153
EtherApe-INFO: 00:37:46.117: delete node: IP: 104.21.48.117. Number of nodes 152
EtherApe-INFO: 00:37:47.217: delete node: IP: 104.21.41.55. Number of nodes 151
EtherApe-INFO: 00:37:47.695: delete node: IP: 162.159.135.42. Number of nodes 150
EtherApe-INFO: 00:37:50.764: delete node: IP: 172.67.151.13. Number of nodes 149
EtherApe-INFO: 00:37:53.350: delete node: IP: 216.58.208.208. Number of nodes 148
EtherApe-INFO: 00:37:54.891: delete node: IP: 172.64.98.24. Number of nodes 147
EtherApe-INFO: 00:37:57.580: delete node: IP: 162.159.134.42. Number of nodes 146
EtherApe-INFO: 00:37:58.069: delete node: IP: 151.101.194.209. Number of nodes 145
EtherApe-INFO: 00:38:01.172: delete node: IP: 104.26.4.28. Number of nodes 144
EtherApe-INFO: 00:38:02.453: delete node: IP: 162.159.134.68. Number of nodes 143
EtherApe-INFO: 00:38:04.310: delete node: IP: 31.217.192.241. Number of nodes 142
EtherApe-INFO: 00:38:04.767: delete node: IP: 198.136.48.164. Number of nodes 141
EtherApe-INFO: 00:38:05.325: delete node: IP: 52.218.201.121. Number of nodes 140
EtherApe-INFO: 00:38:05.775: delete node: IP: 208.68.240.115. Number of nodes 139
EtherApe-INFO: 00:38:06.018: delete node: IP: 104.17.24.14. Number of nodes 138
EtherApe-INFO: 00:38:07.048: delete node: IP: 162.159.135.68. Number of nodes 137
EtherApe-INFO: 00:38:07.048: delete node: IP: 54.231.134.89. Number of nodes 136
EtherApe-INFO: 00:38:09.918: delete node: IP: 151.101.128.95. Number of nodes 135
EtherApe-INFO: 00:38:10.382: delete node: IP: 192.197.183.149. Number of nodes 134
EtherApe-INFO: 00:38:10.939: delete node: IP: 142.250.203.193. Number of nodes 133
EtherApe-INFO: 00:38:11.174: delete node: IP: 151.101.0.95. Number of nodes 132
EtherApe-INFO: 00:38:13.508: delete node: IP: 142.250.203.206. Number of nodes 131
EtherApe-INFO: 00:38:14.290: delete node: IP: 192.124.249.24. Number of nodes 130
EtherApe-INFO: 00:38:16.569: delete node: IP: 92.223.97.97. Number of nodes 129
EtherApe-INFO: 00:38:16.797: delete node: IP: 13.32.121.62. Number of nodes 128
EtherApe-INFO: 00:38:17.265: delete node: IP: 78.47.130.189. Number of nodes 127
EtherApe-INFO: 00:38:17.848: delete node: IP: 142.250.186.206. Number of nodes 126
EtherApe-INFO: 00:38:17.848: delete node: IP: 54.158.129.138. Number of nodes 125
EtherApe-INFO: 00:38:21.209: delete node: IP: 199.188.200.146. Number of nodes 124
EtherApe-INFO: 00:38:22.134: delete node: IP: 149.56.223.200. Number of nodes 123
EtherApe-INFO: 00:38:22.486: delete node: IP: 87.245.216.82. Number of nodes 122
EtherApe-INFO: 00:38:39.786: New node: IP: 149.154.175.100. Number of nodes 123
EtherApe-INFO: 00:38:41.348: delete node: IP: 95.216.144.15. Number of nodes 122
EtherApe-INFO: 00:38:41.851: New node: IP: 1.1.1.1. Number of nodes 123
EtherApe-INFO: 00:38:43.200: delete node: IP: 34.149.66.134. Number of nodes 122
EtherApe-INFO: 00:38:44.905: New node: IP: 9.9.9.9. Number of nodes 123
EtherApe-INFO: 00:38:46.543: delete node: IP: 192.0.73.2. Number of nodes 122
EtherApe-INFO: 00:38:46.797: delete node: IP: 145.40.68.75. Number of nodes 121
EtherApe-INFO: 00:38:47.537: delete node: IP: 3.122.47.55. Number of nodes 120
EtherApe-INFO: 00:38:47.723: New node: IP: 149.154.167.92. Number of nodes 121
EtherApe-INFO: 00:38:50.283: delete node: IP: 116.203.93.142. Number of nodes 120
EtherApe-INFO: 00:38:51.144: delete node: IP: 142.250.75.3. Number of nodes 119
EtherApe-INFO: 00:38:52.130: delete node: IP: 3.127.160.74. Number of nodes 118
EtherApe-INFO: 00:38:54.738: delete node: IP: 135.181.27.174. Number of nodes 117
EtherApe-INFO: 00:38:55.657: New node: IP: 91.108.56.145. Number of nodes 118
EtherApe-INFO: 00:39:01.410: delete node: IP: 54.212.190.119. Number of nodes 117
EtherApe-INFO: 00:39:03.668: delete node: IP: 104.81.108.60. Number of nodes 116
EtherApe-INFO: 00:39:03.848: New node: IP: 149.154.175.57. Number of nodes 117
EtherApe-INFO: 00:39:03.848: New node: IP: 149.154.175.54. Number of nodes 118
EtherApe-INFO: 00:39:05.695: delete node: IP: 192.0.78.33. Number of nodes 117
EtherApe-INFO: 00:39:06.664: New node: IP: 149.154.167.91. Number of nodes 118
EtherApe-INFO: 00:39:07.944: New node: IP: 192.168.1.1. Number of nodes 119
EtherApe-INFO: 00:39:08.252: delete node: IP: 104.198.63.0. Number of nodes 118
EtherApe-INFO: 00:39:08.997: delete node: IP: 185.129.100.112. Number of nodes 117
EtherApe-INFO: 00:39:10.337: delete node: IP: 140.82.114.26. Number of nodes 116
EtherApe-INFO: 00:39:10.596: delete node: IP: 20.239.151.181. Number of nodes 115
EtherApe-INFO: 00:39:14.858: New node: IP: 91.108.56.188. Number of nodes 116
EtherApe-INFO: 00:39:17.182: delete node: IP: 104.18.32.68. Number of nodes 115
EtherApe-INFO: 00:39:21.796: delete node: IP: 192.0.77.32. Number of nodes 114
EtherApe-INFO: 00:39:22.792: New node: IP: 149.154.175.50. Number of nodes 115
EtherApe-INFO: 00:39:28.937: New node: IP: 192.168.0.218. Number of nodes 116
EtherApe-INFO: 00:39:36.635: delete node: IP: 20.185.12.70. Number of nodes 115
EtherApe-INFO: 00:39:42.851: delete node: IP: 172.64.155.188. Number of nodes 114
EtherApe-INFO: 00:39:46.915: delete node: IP: 104.81.101.226. Number of nodes 113
EtherApe-INFO: 00:39:49.711: delete node: IP: 143.244.45.177. Number of nodes 112
EtherApe-INFO: 00:39:49.711: delete node: IP: 88.99.219.88. Number of nodes 111
EtherApe-INFO: 00:39:52.284: delete node: IP: 104.81.223.141. Number of nodes 110
EtherApe-INFO: 00:39:52.747: delete node: IP: 104.96.142.34. Number of nodes 109
EtherApe-INFO: 00:39:53.299: delete node: IP: 104.81.110.62. Number of nodes 108
EtherApe-INFO: 00:39:53.857: delete node: IP: 52.239.153.36. Number of nodes 107
EtherApe-INFO: 00:39:56.400: delete node: IP: 104.81.223.160. Number of nodes 106
EtherApe-INFO: 00:40:00.173: delete node: IP: 104.81.121.120. Number of nodes 105
EtherApe-INFO: 00:40:06.596: delete node: IP: 91.198.174.208. Number of nodes 104
EtherApe-INFO: 00:40:15.596: delete node: IP: 34.107.221.82. Number of nodes 103
EtherApe-INFO: 00:40:16.909: delete node: IP: 168.119.138.211. Number of nodes 102
EtherApe-INFO: 00:40:16.909: delete node: IP: 142.250.186.195. Number of nodes 101
EtherApe-INFO: 00:40:21.416: New node: IP: 54.203.75.56. Number of nodes 102
EtherApe-INFO: 00:40:21.481: delete node: IP: 87.245.216.9. Number of nodes 101
EtherApe-INFO: 00:41:05.224: delete node: IP: 216.239.32.21. Number of nodes 100
EtherApe-INFO: 00:41:06.267: delete node: IP: 216.58.215.97. Number of nodes 99
EtherApe-INFO: 00:41:06.267: delete node: IP: 216.58.215.74. Number of nodes 98
EtherApe-INFO: 00:41:08.039: delete node: IP: 192.168.1.1. Number of nodes 97
EtherApe-INFO: 00:41:08.353: delete node: IP: 142.250.203.142. Number of nodes 96
EtherApe-INFO: 00:41:08.353: delete node: IP: 104.18.13.33. Number of nodes 95
EtherApe-INFO: 00:41:09.291: delete node: IP: 93.184.220.29. Number of nodes 94
EtherApe-INFO: 00:41:10.856: delete node: IP: 104.18.40.133. Number of nodes 93
EtherApe-INFO: 00:41:11.377: delete node: IP: 18.66.233.34. Number of nodes 92
EtherApe-INFO: 00:41:11.898: delete node: IP: 142.250.75.10. Number of nodes 91
EtherApe-INFO: 00:41:11.898: delete node: IP: 18.66.121.29. Number of nodes 90
EtherApe-INFO: 00:41:11.898: delete node: IP: 2.17.240.32. Number of nodes 89
EtherApe-INFO: 00:41:12.938: delete node: IP: 216.58.209.10. Number of nodes 88
EtherApe-INFO: 00:41:12.938: delete node: IP: 13.32.99.45. Number of nodes 87
EtherApe-INFO: 00:41:13.669: delete node: IP: 216.58.209.14. Number of nodes 86
EtherApe-INFO: 00:41:14.501: delete node: IP: 104.96.147.241. Number of nodes 85
EtherApe-INFO: 00:41:14.501: delete node: IP: 76.223.14.21. Number of nodes 84
EtherApe-INFO: 00:41:15.749: delete node: IP: 18.66.121.184. Number of nodes 83
EtherApe-INFO: 00:41:18.256: delete node: IP: 192.0.77.2. Number of nodes 82
EtherApe-INFO: 00:41:18.256: delete node: IP: 192.0.66.96. Number of nodes 81
EtherApe-INFO: 00:41:18.776: delete node: IP: 34.249.233.50. Number of nodes 80
EtherApe-INFO: 00:41:21.067: delete node: IP: 104.18.6.240. Number of nodes 79
EtherApe-INFO: 00:41:22.108: delete node: IP: 104.18.11.207. Number of nodes 78
EtherApe-INFO: 00:41:22.421: delete node: IP: 104.16.85.20. Number of nodes 77
EtherApe-INFO: 00:41:23.980: delete node: IP: 99.86.243.182. Number of nodes 76
EtherApe-INFO: 00:41:24.397: delete node: IP: 185.199.109.133. Number of nodes 75
EtherApe-INFO: 00:41:24.397: delete node: IP: 2.23.108.34. Number of nodes 74
EtherApe-INFO: 00:41:27.213: delete node: IP: 18.66.122.129. Number of nodes 73
EtherApe-INFO: 00:41:27.734: delete node: IP: 108.138.17.26. Number of nodes 72
EtherApe-INFO: 00:41:28.774: delete node: IP: 104.16.249.249. Number of nodes 71
EtherApe-INFO: 00:41:31.066: delete node: IP: 37.19.218.109. Number of nodes 70
EtherApe-INFO: 00:41:36.480: delete node: IP: 199.232.16.193. Number of nodes 69
EtherApe-INFO: 00:41:36.999: delete node: IP: 104.18.11.128. Number of nodes 68
EtherApe-INFO: 00:41:36.999: delete node: IP: 104.18.7.57. Number of nodes 67
EtherApe-INFO: 00:41:37.728: delete node: IP: 104.17.32.82. Number of nodes 66
EtherApe-INFO: 00:41:37.728: delete node: IP: 104.16.27.5. Number of nodes 65
EtherApe-INFO: 00:41:37.728: delete node: IP: 76.76.21.164. Number of nodes 64
EtherApe-INFO: 00:41:38.560: delete node: IP: 151.101.64.152. Number of nodes 63
EtherApe-INFO: 00:41:38.560: delete node: IP: 104.17.32.105. Number of nodes 62
EtherApe-INFO: 00:41:38.560: delete node: IP: 45.60.13.212. Number of nodes 61
EtherApe-INFO: 00:41:39.081: delete node: IP: 35.186.227.140. Number of nodes 60
EtherApe-INFO: 00:41:39.498: delete node: IP: 146.75.116.193. Number of nodes 59
EtherApe-INFO: 00:41:39.498: delete node: IP: 104.16.88.20. Number of nodes 58
EtherApe-INFO: 00:41:40.329: delete node: IP: 142.250.186.202. Number of nodes 57
EtherApe-INFO: 00:41:40.329: delete node: IP: 140.82.121.3. Number of nodes 56
EtherApe-INFO: 00:41:41.889: delete node: IP: 104.18.209.69. Number of nodes 55
EtherApe-INFO: 00:41:41.889: delete node: IP: 91.198.174.192. Number of nodes 54
EtherApe-INFO: 00:41:41.890: delete node: IP: 3.2.9.2. Number of nodes 53
EtherApe-INFO: 00:41:43.344: delete node: IP: 104.17.25.14. Number of nodes 52
EtherApe-INFO: 00:41:43.656: delete node: IP: 104.16.243.94. Number of nodes 51
EtherApe-INFO: 00:41:44.694: delete node: IP: 104.18.22.126. Number of nodes 50
EtherApe-INFO: 00:41:45.215: delete node: IP: 142.250.203.202. Number of nodes 49
EtherApe-INFO: 00:41:45.215: delete node: IP: 34.120.208.123. Number of nodes 48
EtherApe-INFO: 00:41:45.734: delete node: IP: 185.199.110.154. Number of nodes 47
EtherApe-INFO: 00:41:46.464: delete node: IP: 104.18.12.33. Number of nodes 46
EtherApe-INFO: 00:41:46.672: delete node: IP: 23.185.0.1. Number of nodes 45
EtherApe-INFO: 00:41:46.672: delete node: IP: 18.66.15.46. Number of nodes 44
EtherApe-INFO: 00:41:47.504: delete node: IP: 172.217.16.3. Number of nodes 43
EtherApe-INFO: 00:41:47.504: delete node: IP: 104.16.99.56. Number of nodes 42
EtherApe-INFO: 00:41:48.233: delete node: IP: 142.250.186.197. Number of nodes 41
EtherApe-INFO: 00:41:48.233: delete node: IP: 23.185.0.4. Number of nodes 40
EtherApe-INFO: 00:41:48.233: delete node: IP: 13.32.103.36. Number of nodes 39
EtherApe-INFO: 00:41:49.481: delete node: IP: 151.101.2.133. Number of nodes 38
EtherApe-INFO: 00:41:49.481: delete node: IP: 104.26.5.28. Number of nodes 37
EtherApe-INFO: 00:41:50.313: delete node: IP: 142.250.203.138. Number of nodes 36
EtherApe-INFO: 00:41:50.313: delete node: IP: 18.66.15.126. Number of nodes 35
EtherApe-INFO: 00:41:50.833: delete node: IP: 151.101.2.209. Number of nodes 34
EtherApe-INFO: 00:41:52.599: delete node: IP: 45.60.19.212. Number of nodes 33
EtherApe-INFO: 00:41:53.326: delete node: IP: 216.58.215.106. Number of nodes 32
EtherApe-INFO: 00:41:54.884: delete node: IP: 151.101.66.209. Number of nodes 31
EtherApe-INFO: 00:41:55.406: delete node: IP: 216.58.215.78. Number of nodes 30
EtherApe-INFO: 00:41:55.406: delete node: IP: 216.58.215.67. Number of nodes 29
EtherApe-INFO: 00:41:56.445: delete node: IP: 172.217.16.46. Number of nodes 28
EtherApe-INFO: 00:41:56.445: delete node: IP: 172.217.16.4. Number of nodes 27
EtherApe-INFO: 00:41:56.445: delete node: IP: 151.101.129.69. Number of nodes 26
EtherApe-INFO: 00:41:57.483: delete node: IP: 151.101.1.69. Number of nodes 25
EtherApe-INFO: 00:41:58.002: delete node: IP: 142.250.203.131. Number of nodes 24
EtherApe-INFO: 00:41:58.520: delete node: IP: 99.86.240.58. Number of nodes 23
EtherApe-INFO: 00:41:59.560: delete node: IP: 216.58.208.214. Number of nodes 22
EtherApe-INFO: 00:41:59.560: delete node: IP: 142.250.75.14. Number of nodes 21
EtherApe-INFO: 00:42:00.494: delete node: IP: 216.58.215.118. Number of nodes 20
EtherApe-INFO: 00:42:03.820: delete node: IP: 139.59.209.225. Number of nodes 19
EtherApe-INFO: 00:42:24.594: delete node: IP: 52.21.199.90. Number of nodes 18
EtherApe-INFO: 00:42:37.871: delete node: IP: 192.168.0.218. Number of nodes 17
EtherApe-INFO: 00:43:08.914: delete node: IP: 192.168.0.1. Number of nodes 16
EtherApe-INFO: 00:43:11.145: New node: IP: 91.236.251.129. Number of nodes 17
EtherApe-INFO: 00:43:17.905: delete node: IP: 13.225.78.34. Number of nodes 16
EtherApe-INFO: 00:43:20.616: New node: IP: 13.225.78.34. Number of nodes 17
EtherApe-INFO: 00:43:32.181: delete node: IP: 54.203.75.56. Number of nodes 16
EtherApe-INFO: 00:43:56.714: New node: IP: 91.236.251.12. Number of nodes 17
EtherApe-INFO: 00:44:06.953: New node: IP: 162.159.200.1. Number of nodes 18
EtherApe-INFO: 00:44:07.721: New node: IP: 192.168.1.1. Number of nodes 19
EtherApe-INFO: 00:44:17.192: New node: IP: 217.12.206.12. Number of nodes 20
EtherApe-INFO: 00:44:34.088: New node: IP: 192.168.0.1. Number of nodes 21
EtherApe-INFO: 00:45:37.577: New node: IP: 0.0.0.0. Number of nodes 22
EtherApe-INFO: 00:45:37.577: New node: IP: 255.255.255.255. Number of nodes 23
EtherApe-INFO: 00:45:37.651: delete node: IP: 13.225.78.34. Number of nodes 22
EtherApe-INFO: 00:45:37.833: New node: IP: 127.0.0.1. Number of nodes 23
EtherApe-INFO: 00:45:46.560: delete node: IP: 91.236.251.129. Number of nodes 22
EtherApe-INFO: 00:45:56.841: delete node: IP: 91.236.251.12. Number of nodes 21
EtherApe-INFO: 00:46:02.921: New node: IP: 192.168.0.157. Number of nodes 22
EtherApe-INFO: 00:46:02.921: New node: IP: 140.82.114.26. Number of nodes 23
EtherApe-INFO: 00:46:07.325: delete node: IP: 162.159.200.1. Number of nodes 22
EtherApe-INFO: 00:46:17.313: delete node: IP: 217.12.206.12. Number of nodes 21
EtherApe-INFO: 00:47:42.563: delete node: IP: 255.255.255.255. Number of nodes 20
EtherApe-INFO: 00:47:42.563: delete node: IP: 192.168.1.1. Number of nodes 19
EtherApe-INFO: 00:47:42.563: delete node: IP: 0.0.0.0. Number of nodes 18
EtherApe-INFO: 00:47:42.771: delete node: IP: 127.0.0.1. Number of nodes 17
EtherApe-INFO: 00:47:51.464: New node: IP: 0.0.0.0. Number of nodes 18
EtherApe-INFO: 00:47:51.464: New node: IP: 255.255.255.255. Number of nodes 19
EtherApe-INFO: 00:48:03.822: delete node: IP: 192.168.0.157. Number of nodes 18
EtherApe-INFO: 00:49:34.696: delete node: IP: 140.82.114.26. Number of nodes 17
EtherApe-INFO: 00:49:51.862: delete node: IP: 255.255.255.255. Number of nodes 16
EtherApe-INFO: 00:49:51.862: delete node: IP: 0.0.0.0. Number of nodes 15
EtherApe-INFO: 00:50:41.960: New node: IP: 192.168.1.1. Number of nodes 16
EtherApe-INFO: 00:50:52.714: New node: IP: 172.217.16.3. Number of nodes 17
EtherApe-INFO: 00:50:52.714: New node: IP: 140.82.121.4. Number of nodes 18
EtherApe-INFO: 00:50:52.970: New node: IP: 8.8.4.4. Number of nodes 19
EtherApe-INFO: 00:50:52.971: New node: IP: 52.37.79.227. Number of nodes 20
EtherApe-INFO: 00:50:52.973: New node: IP: 35.186.227.140. Number of nodes 21
EtherApe-INFO: 00:50:52.974: New node: IP: 149.154.167.216. Number of nodes 22
EtherApe-INFO: 00:50:52.977: New node: IP: 149.154.167.255. Number of nodes 23
EtherApe-INFO: 00:50:52.982: New node: IP: 140.82.114.26. Number of nodes 24
EtherApe-INFO: 00:50:52.985: New node: IP: 99.86.240.87. Number of nodes 25
EtherApe-INFO: 00:50:52.986: New node: IP: 104.18.12.33. Number of nodes 26
EtherApe-INFO: 00:50:53.225: New node: IP: 35.80.188.76. Number of nodes 27
EtherApe-INFO: 00:50:53.227: New node: IP: 34.120.208.123. Number of nodes 28
EtherApe-INFO: 00:50:53.481: New node: IP: 140.82.113.26. Number of nodes 29
EtherApe-INFO: 00:50:53.485: New node: IP: 104.18.13.33. Number of nodes 30
EtherApe-INFO: 00:50:53.994: New node: IP: 99.86.240.54. Number of nodes 31
EtherApe-INFO: 00:50:54.254: New node: IP: 140.82.114.25. Number of nodes 32
EtherApe-INFO: 00:50:56.298: New node: IP: 142.250.203.133. Number of nodes 33
EtherApe-INFO: 00:50:56.298: New node: IP: 34.107.221.82. Number of nodes 34
EtherApe-INFO: 00:50:56.299: New node: IP: 34.149.66.134. Number of nodes 35
EtherApe-INFO: 00:50:56.555: New node: IP: 104.16.249.249. Number of nodes 36
EtherApe-INFO: 00:50:57.323: New node: IP: 142.250.203.142. Number of nodes 37
EtherApe-INFO: 00:50:57.328: New node: IP: 142.250.186.195. Number of nodes 38
EtherApe-INFO: 00:50:58.093: New node: IP: 172.217.16.4. Number of nodes 39
EtherApe-INFO: 00:51:00.140: New node: IP: 142.250.186.193. Number of nodes 40
EtherApe-INFO: 00:51:00.155: New node: IP: 216.58.208.193. Number of nodes 41
EtherApe-INFO: 00:51:00.156: New node: IP: 216.58.209.1. Number of nodes 42
EtherApe-INFO: 00:51:00.157: New node: IP: 172.217.16.33. Number of nodes 43
EtherApe-INFO: 00:51:00.396: New node: IP: 142.250.186.202. Number of nodes 44
EtherApe-INFO: 00:51:01.162: New node: IP: 216.58.209.14. Number of nodes 45
EtherApe-INFO: 00:51:01.170: New node: IP: 172.217.16.14. Number of nodes 46
EtherApe-INFO: 00:51:03.981: New node: IP: 172.217.16.46. Number of nodes 47
EtherApe-INFO: 00:51:04.745: New node: IP: 216.58.215.110. Number of nodes 48
EtherApe-INFO: 00:52:23.648: delete node: IP: 91.108.56.145. Number of nodes 47
EtherApe-INFO: 00:52:27.177: New node: IP: 35.162.217.251. Number of nodes 48
EtherApe-INFO: 00:52:31.358: delete node: IP: 149.154.175.54. Number of nodes 47
EtherApe-INFO: 00:52:34.178: delete node: IP: 149.154.167.91. Number of nodes 46
EtherApe-INFO: 00:52:41.797: delete node: IP: 91.108.56.188. Number of nodes 45
EtherApe-INFO: 00:52:42.110: delete node: IP: 192.168.1.1. Number of nodes 44
EtherApe-INFO: 00:52:44.073: New node: IP: 208.68.240.115. Number of nodes 45
EtherApe-INFO: 00:52:47.676: delete node: IP: 149.154.175.100. Number of nodes 44
EtherApe-INFO: 00:52:49.194: New node: IP: 104.16.99.56. Number of nodes 45
EtherApe-INFO: 00:52:49.963: New node: IP: 104.16.26.5. Number of nodes 46
EtherApe-INFO: 00:52:50.729: New node: IP: 104.18.22.126. Number of nodes 47
EtherApe-INFO: 00:52:51.097: delete node: IP: 149.154.175.57. Number of nodes 46
EtherApe-INFO: 00:52:51.097: delete node: IP: 149.154.175.50. Number of nodes 45
EtherApe-INFO: 00:52:52.811: delete node: IP: 172.217.16.3. Number of nodes 44
EtherApe-INFO: 00:52:53.132: delete node: IP: 149.154.167.92. Number of nodes 43
EtherApe-INFO: 00:52:53.132: delete node: IP: 9.9.9.9. Number of nodes 42
EtherApe-INFO: 00:52:53.132: delete node: IP: 8.8.4.4. Number of nodes 41
EtherApe-INFO: 00:52:53.618: delete node: IP: 104.18.13.33. Number of nodes 40
EtherApe-INFO: 00:52:53.802: New node: IP: 185.199.110.154. Number of nodes 41
EtherApe-INFO: 00:52:53.802: New node: IP: 95.216.144.15. Number of nodes 42
EtherApe-INFO: 00:52:54.080: New node: IP: 185.199.110.133. Number of nodes 43
EtherApe-INFO: 00:52:54.153: delete node: IP: 52.37.79.227. Number of nodes 42
EtherApe-INFO: 00:52:54.925: delete node: IP: 140.82.114.26. Number of nodes 41
EtherApe-INFO: 00:52:55.352: delete node: IP: 140.82.114.25. Number of nodes 40
EtherApe-INFO: 00:52:56.107: New node: IP: 13.32.27.58. Number of nodes 41
EtherApe-INFO: 00:52:56.422: delete node: IP: 1.1.1.1. Number of nodes 40
EtherApe-INFO: 00:52:56.875: New node: IP: 142.250.75.10. Number of nodes 41
EtherApe-INFO: 00:53:01.329: delete node: IP: 216.58.208.193. Number of nodes 40
EtherApe-INFO: 00:53:01.329: delete node: IP: 172.217.16.33. Number of nodes 39
EtherApe-INFO: 00:53:01.329: delete node: IP: 142.250.186.193. Number of nodes 38
EtherApe-INFO: 00:53:04.606: delete node: IP: 172.217.16.46. Number of nodes 37
EtherApe-INFO: 00:53:04.816: delete node: IP: 216.58.215.110. Number of nodes 36
EtherApe-INFO: 00:53:08.688: delete node: IP: 149.154.167.255. Number of nodes 35
EtherApe-INFO: 00:53:08.688: delete node: IP: 149.154.167.216. Number of nodes 34
EtherApe-INFO: 00:53:32.458: New node: IP: 104.17.33.105. Number of nodes 35
EtherApe-INFO: 00:53:35.530: New node: IP: 151.101.0.95. Number of nodes 36
EtherApe-INFO: 00:53:36.298: New node: IP: 216.239.34.21. Number of nodes 37
EtherApe-INFO: 00:53:43.210: delete node: IP: 8.8.8.8. Number of nodes 36
EtherApe-INFO: 00:53:45.512: New node: IP: 3.127.160.74. Number of nodes 37
EtherApe-INFO: 00:53:54.285: delete node: IP: 35.80.188.76. Number of nodes 36
EtherApe-INFO: 00:54:09.833: New node: IP: 0.0.0.0. Number of nodes 37
EtherApe-INFO: 00:54:09.833: New node: IP: 255.255.255.255. Number of nodes 38
EtherApe-INFO: 00:54:29.082: delete node: IP: 35.162.217.251. Number of nodes 37
EtherApe-INFO: 00:54:50.616: delete node: IP: 99.86.240.54. Number of nodes 36
EtherApe-INFO: 00:54:54.896: delete node: IP: 99.86.240.87. Number of nodes 35
EtherApe-INFO: 00:55:29.764: delete node: IP: 208.68.240.115. Number of nodes 34
EtherApe-INFO: 00:55:37.683: delete node: IP: 151.101.0.95. Number of nodes 33
EtherApe-INFO: 00:55:41.992: New node: IP: 192.168.1.1. Number of nodes 34
EtherApe-INFO: 00:55:42.038: delete node: IP: 34.107.221.82. Number of nodes 33
EtherApe-INFO: 00:55:43.810: delete node: IP: 35.186.227.140. Number of nodes 32
EtherApe-INFO: 00:55:45.166: delete node: IP: 104.18.12.33. Number of nodes 31
EtherApe-INFO: 00:55:46.345: New node: IP: 192.168.0.218. Number of nodes 32
EtherApe-INFO: 00:55:51.754: delete node: IP: 216.58.209.1. Number of nodes 31
EtherApe-INFO: 00:55:55.306: New node: IP: 104.18.6.240. Number of nodes 32
EtherApe-INFO: 00:55:55.308: New node: IP: 104.18.12.33. Number of nodes 33
EtherApe-INFO: 00:55:56.073: New node: IP: 104.18.13.33. Number of nodes 34
EtherApe-INFO: 00:55:59.708: delete node: IP: 95.216.144.15. Number of nodes 33
EtherApe-INFO: 00:56:04.842: delete node: IP: 34.149.66.134. Number of nodes 32
EtherApe-INFO: 00:56:10.479: delete node: IP: 255.255.255.255. Number of nodes 31
EtherApe-INFO: 00:56:10.479: delete node: IP: 0.0.0.0. Number of nodes 30
EtherApe-INFO: 00:56:12.252: delete node: IP: 192.168.0.1. Number of nodes 29
EtherApe-INFO: 00:56:38.825: New node: IP: 192.168.0.1. Number of nodes 30
EtherApe-INFO: 00:56:46.508: New node: IP: 91.234.35.30. Number of nodes 31
EtherApe-INFO: 00:56:46.512: New node: IP: 8.8.8.8. Number of nodes 32
EtherApe-INFO: 00:56:46.761: New node: IP: 34.107.221.82. Number of nodes 33
EtherApe-INFO: 00:56:49.065: New node: IP: 23.185.0.4. Number of nodes 34
EtherApe-INFO: 00:56:49.842: New node: IP: 13.248.142.127. Number of nodes 35
EtherApe-INFO: 00:56:50.601: New node: IP: 31.217.192.241. Number of nodes 36
EtherApe-INFO: 00:56:52.392: New node: IP: 149.56.223.200. Number of nodes 37
EtherApe-INFO: 00:56:53.932: New node: IP: 142.250.186.206. Number of nodes 38
EtherApe-INFO: 00:56:54.450: New node: IP: 192.0.73.2. Number of nodes 39
EtherApe-INFO: 00:56:55.979: New node: IP: 142.250.203.138. Number of nodes 40
EtherApe-INFO: 00:57:27.978: New node: IP: 35.162.217.251. Number of nodes 41
EtherApe-INFO: 00:57:36.269: delete node: IP: 3.127.160.74. Number of nodes 40
EtherApe-INFO: 00:57:42.125: delete node: IP: 192.168.1.1. Number of nodes 39
EtherApe-INFO: 00:57:45.150: delete node: IP: 185.199.110.133. Number of nodes 38
EtherApe-INFO: 00:57:45.899: New node: IP: 5.83.47.15. Number of nodes 39
EtherApe-INFO: 00:57:46.152: New node: IP: 176.124.104.176. Number of nodes 40
EtherApe-INFO: 00:57:48.222: delete node: IP: 142.250.75.10. Number of nodes 39
EtherApe-INFO: 00:57:57.417: New node: IP: 3.127.160.74. Number of nodes 40
EtherApe-INFO: 00:57:57.675: New node: IP: 89.187.191.12. Number of nodes 41
EtherApe-INFO: 00:58:02.289: New node: IP: 185.199.110.133. Number of nodes 42
EtherApe-INFO: 00:58:20.805: delete node: IP: 104.18.22.126. Number of nodes 41
EtherApe-INFO: 00:58:20.805: delete node: IP: 104.16.99.56. Number of nodes 40
EtherApe-INFO: 00:58:20.805: delete node: IP: 104.16.26.5. Number of nodes 39
EtherApe-INFO: 00:58:21.742: delete node: IP: 216.58.209.14. Number of nodes 38
EtherApe-INFO: 00:58:24.875: delete node: IP: 172.217.16.14. Number of nodes 37
EtherApe-INFO: 00:58:28.424: delete node: IP: 216.239.34.21. Number of nodes 36
EtherApe-INFO: 00:59:12.169: New node: IP: 0.0.0.0. Number of nodes 37
EtherApe-INFO: 00:59:12.169: New node: IP: 255.255.255.255. Number of nodes 38
EtherApe-INFO: 00:59:12.260: delete node: IP: 149.56.223.200. Number of nodes 37
EtherApe-INFO: 00:59:12.260: delete node: IP: 91.234.35.30. Number of nodes 36
EtherApe-INFO: 00:59:12.260: delete node: IP: 34.120.208.123. Number of nodes 35
EtherApe-INFO: 00:59:12.260: delete node: IP: 31.217.192.241. Number of nodes 34
EtherApe-INFO: 00:59:12.260: delete node: IP: 8.8.8.8. Number of nodes 33
EtherApe-INFO: 00:59:17.032: New node: IP: 192.168.1.1. Number of nodes 34
EtherApe-INFO: 00:59:17.033: New node: IP: 149.154.167.92. Number of nodes 35
EtherApe-INFO: 00:59:17.033: New node: IP: 149.154.167.91. Number of nodes 36
EtherApe-INFO: 00:59:17.035: New node: IP: 95.216.195.133. Number of nodes 37
EtherApe-INFO: 00:59:18.056: New node: IP: 8.8.8.8. Number of nodes 38
EtherApe-INFO: 00:59:18.316: New node: IP: 34.107.141.31. Number of nodes 39
EtherApe-INFO: 00:59:18.316: New node: IP: 35.80.188.76. Number of nodes 40
EtherApe-INFO: 00:59:18.317: New node: IP: 54.191.251.76. Number of nodes 41
EtherApe-INFO: 00:59:18.319: New node: IP: 140.82.112.25. Number of nodes 42
EtherApe-INFO: 00:59:18.570: New node: IP: 35.186.227.140. Number of nodes 43
EtherApe-INFO: 00:59:19.083: New node: IP: 142.250.203.131. Number of nodes 44
EtherApe-INFO: 00:59:21.898: New node: IP: 13.32.27.125. Number of nodes 45
EtherApe-INFO: 00:59:22.154: New node: IP: 142.250.203.202. Number of nodes 46
EtherApe-INFO: 00:59:25.481: New node: IP: 95.216.144.15. Number of nodes 47
EtherApe-INFO: 00:59:25.530: delete node: IP: 192.0.73.2. Number of nodes 46
EtherApe-INFO: 00:59:28.041: New node: IP: 142.250.186.197. Number of nodes 47
EtherApe-INFO: 00:59:56.283: delete node: IP: 176.124.104.176. Number of nodes 46
EtherApe-INFO: 00:59:56.283: delete node: IP: 5.83.47.15. Number of nodes 45
EtherApe-INFO: 01:00:04.650: New node: IP: 13.32.27.77. Number of nodes 46
EtherApe-INFO: 01:00:08.564: delete node: IP: 3.127.160.74. Number of nodes 45
EtherApe-INFO: 01:01:17.444: delete node: IP: 192.168.1.1. Number of nodes 44
EtherApe-INFO: 01:01:17.444: delete node: IP: 149.154.167.92. Number of nodes 43
EtherApe-INFO: 01:01:17.444: delete node: IP: 149.154.167.91. Number of nodes 42
EtherApe-INFO: 01:01:17.444: delete node: IP: 95.216.195.133. Number of nodes 41
EtherApe-INFO: 01:01:19.424: delete node: IP: 104.18.12.33. Number of nodes 40
EtherApe-INFO: 01:01:19.424: delete node: IP: 54.191.251.76. Number of nodes 39
EtherApe-INFO: 01:01:20.470: delete node: IP: 89.187.191.12. Number of nodes 38
EtherApe-INFO: 01:01:20.990: delete node: IP: 140.82.113.26. Number of nodes 37
EtherApe-INFO: 01:01:20.990: delete node: IP: 35.162.217.251. Number of nodes 36
EtherApe-INFO: 01:01:24.844: delete node: IP: 142.250.203.138. Number of nodes 35
EtherApe-INFO: 01:01:26.103: delete node: IP: 95.216.144.15. Number of nodes 34
EtherApe-INFO: 01:01:28.181: delete node: IP: 192.168.0.218. Number of nodes 33
EtherApe-INFO: 01:01:34.822: delete node: IP: 13.32.27.58. Number of nodes 32
EtherApe-INFO: 01:01:43.524: delete node: IP: 104.18.6.240. Number of nodes 31
EtherApe-INFO: 01:01:48.394: delete node: IP: 255.255.255.255. Number of nodes 30
EtherApe-INFO: 01:01:48.394: delete node: IP: 0.0.0.0. Number of nodes 29
EtherApe-INFO: 01:01:51.498: delete node: IP: 142.250.186.195. Number of nodes 28
EtherApe-INFO: 01:01:51.498: delete node: IP: 23.185.0.4. Number of nodes 27
EtherApe-INFO: 01:01:52.429: delete node: IP: 172.217.16.4. Number of nodes 26
EtherApe-INFO: 01:01:52.430: delete node: IP: 104.17.33.105. Number of nodes 25
EtherApe-INFO: 01:01:55.540: delete node: IP: 13.248.142.127. Number of nodes 24
EtherApe-INFO: 01:01:59.848: New node: IP: 91.236.251.14. Number of nodes 25
EtherApe-INFO: 01:02:00.207: delete node: IP: 142.250.186.206. Number of nodes 24
EtherApe-INFO: 01:02:27.006: delete node: IP: 142.250.186.202. Number of nodes 23
EtherApe-INFO: 01:02:28.873: delete node: IP: 142.250.203.133. Number of nodes 22
EtherApe-INFO: 01:02:32.410: delete node: IP: 185.199.110.154. Number of nodes 21
EtherApe-INFO: 01:02:35.228: delete node: IP: 140.82.121.4. Number of nodes 20
EtherApe-INFO: 01:02:36.266: delete node: IP: 185.199.110.133. Number of nodes 19
EtherApe-INFO: 01:02:49.257: New node: IP: 89.187.191.12. Number of nodes 20
EtherApe-INFO: 01:02:49.258: New node: IP: 3.127.160.74. Number of nodes 21
EtherApe-INFO: 01:02:52.843: New node: IP: 34.120.208.123. Number of nodes 22
EtherApe-INFO: 01:03:00.266: New node: IP: 95.216.144.15. Number of nodes 23
EtherApe-INFO: 01:03:15.881: New node: IP: 140.82.121.6. Number of nodes 24
EtherApe-INFO: 01:03:55.817: New node: IP: 192.168.0.218. Number of nodes 25
EtherApe-INFO: 01:04:00.216: delete node: IP: 91.236.251.14. Number of nodes 24
EtherApe-INFO: 01:04:00.744: delete node: IP: 13.32.27.77. Number of nodes 23
EtherApe-INFO: 01:04:08.650: delete node: IP: 142.250.203.142. Number of nodes 22
EtherApe-INFO: 01:04:09.691: delete node: IP: 34.107.141.31. Number of nodes 21
EtherApe-INFO: 01:04:11.181: New node: IP: 108.138.17.70. Number of nodes 22
EtherApe-INFO: 01:04:11.690: New node: IP: 172.217.16.42. Number of nodes 23
EtherApe-INFO: 01:04:17.064: New node: IP: 192.168.1.1. Number of nodes 24
EtherApe-INFO: 01:04:17.065: New node: IP: 95.216.195.133. Number of nodes 25
EtherApe-INFO: 01:04:19.113: New node: IP: 54.191.251.76. Number of nodes 26
EtherApe-INFO: 01:04:19.625: New node: IP: 34.102.187.140. Number of nodes 27
EtherApe-INFO: 01:04:19.882: New node: IP: 93.184.220.29. Number of nodes 28
EtherApe-INFO: 01:04:21.164: New node: IP: 34.160.144.191. Number of nodes 29
EtherApe-INFO: 01:04:21.673: New node: IP: 87.245.216.107. Number of nodes 30
EtherApe-INFO: 01:04:22.703: New node: IP: 104.21.48.117. Number of nodes 31
EtherApe-INFO: 01:04:22.953: New node: IP: 192.168.0.157. Number of nodes 32
EtherApe-INFO: 01:04:22.953: New node: IP: 172.67.151.13. Number of nodes 33
EtherApe-INFO: 01:04:22.959: New node: IP: 149.56.223.200. Number of nodes 34
EtherApe-INFO: 01:04:22.973: New node: IP: 140.82.121.3. Number of nodes 35
EtherApe-INFO: 01:04:22.974: New node: IP: 91.198.174.192. Number of nodes 36
EtherApe-INFO: 01:04:22.978: New node: IP: 91.234.35.30. Number of nodes 37
EtherApe-INFO: 01:04:22.980: New node: IP: 104.18.40.133. Number of nodes 38
EtherApe-INFO: 01:04:22.984: New node: IP: 104.198.63.0. Number of nodes 39
EtherApe-INFO: 01:04:22.986: New node: IP: 208.68.240.115. Number of nodes 40
EtherApe-INFO: 01:04:23.209: New node: IP: 216.58.215.78. Number of nodes 41
EtherApe-INFO: 01:04:23.209: New node: IP: 172.217.16.4. Number of nodes 42
EtherApe-INFO: 01:04:23.213: New node: IP: 3.2.8.2. Number of nodes 43
EtherApe-INFO: 01:04:23.214: New node: IP: 162.159.135.42. Number of nodes 44
EtherApe-INFO: 01:04:23.217: New node: IP: 76.223.14.21. Number of nodes 45
EtherApe-INFO: 01:04:23.236: New node: IP: 172.64.98.24. Number of nodes 46
EtherApe-INFO: 01:04:23.470: New node: IP: 185.129.100.112. Number of nodes 47
EtherApe-INFO: 01:04:23.478: New node: IP: 192.0.66.96. Number of nodes 48
EtherApe-INFO: 01:04:23.480: New node: IP: 135.181.27.174. Number of nodes 49
EtherApe-INFO: 01:04:23.483: New node: IP: 104.18.12.33. Number of nodes 50
EtherApe-INFO: 01:04:23.483: New node: IP: 104.21.41.55. Number of nodes 51
EtherApe-INFO: 01:04:23.484: New node: IP: 104.18.10.128. Number of nodes 52
EtherApe-INFO: 01:04:23.722: New node: IP: 116.203.93.142. Number of nodes 53
EtherApe-INFO: 01:04:23.740: New node: IP: 151.101.129.69. Number of nodes 54
EtherApe-INFO: 01:04:23.757: New node: IP: 199.188.200.146. Number of nodes 55
EtherApe-INFO: 01:04:23.759: New node: IP: 31.217.192.241. Number of nodes 56
EtherApe-INFO: 01:04:23.770: New node: IP: 88.99.219.88. Number of nodes 57
EtherApe-INFO: 01:04:23.772: New node: IP: 198.136.48.164. Number of nodes 58
EtherApe-INFO: 01:04:23.984: New node: IP: 143.244.45.177. Number of nodes 59
EtherApe-INFO: 01:04:24.008: New node: IP: 151.101.0.95. Number of nodes 60
EtherApe-INFO: 01:04:24.009: New node: IP: 151.101.65.69. Number of nodes 61
EtherApe-INFO: 01:04:24.014: New node: IP: 145.40.68.75. Number of nodes 62
EtherApe-INFO: 01:04:24.021: New node: IP: 3.122.47.55. Number of nodes 63
EtherApe-INFO: 01:04:24.030: New node: IP: 104.81.110.62. Number of nodes 64
EtherApe-INFO: 01:04:24.054: New node: IP: 104.81.223.160. Number of nodes 65
EtherApe-INFO: 01:04:24.058: New node: IP: 151.101.2.133. Number of nodes 66
EtherApe-INFO: 01:04:24.060: New node: IP: 104.17.32.82. Number of nodes 67
EtherApe-INFO: 01:04:24.064: New node: IP: 20.185.12.70. Number of nodes 68
EtherApe-INFO: 01:04:24.083: New node: IP: 104.17.32.105. Number of nodes 69
EtherApe-INFO: 01:04:24.083: New node: IP: 23.185.0.4. Number of nodes 70
EtherApe-INFO: 01:04:24.235: New node: IP: 23.185.0.1. Number of nodes 71
EtherApe-INFO: 01:04:24.236: New node: IP: 76.76.21.164. Number of nodes 72
EtherApe-INFO: 01:04:24.238: New node: IP: 23.227.38.32. Number of nodes 73
EtherApe-INFO: 01:04:24.238: New node: IP: 192.197.183.149. Number of nodes 74
EtherApe-INFO: 01:04:24.239: New node: IP: 151.101.0.152. Number of nodes 75
EtherApe-INFO: 01:04:24.244: New node: IP: 2.23.108.34. Number of nodes 76
EtherApe-INFO: 01:04:24.245: New node: IP: 45.60.13.212. Number of nodes 77
EtherApe-INFO: 01:04:24.250: New node: IP: 104.81.101.226. Number of nodes 78
EtherApe-INFO: 01:04:24.250: New node: IP: 20.239.151.181. Number of nodes 79
EtherApe-INFO: 01:04:24.251: New node: IP: 151.101.2.209. Number of nodes 80
EtherApe-INFO: 01:04:24.251: New node: IP: 104.18.209.69. Number of nodes 81
EtherApe-INFO: 01:04:24.253: New node: IP: 104.16.99.56. Number of nodes 82
EtherApe-INFO: 01:04:36.777: New node: IP: 99.86.240.83. Number of nodes 83
EtherApe-INFO: 01:04:40.648: New node: IP: 91.198.174.208. Number of nodes 84
EtherApe-INFO: 01:04:41.179: New node: IP: 185.199.110.154. Number of nodes 85
EtherApe-INFO: 01:04:41.184: New node: IP: 216.58.215.106. Number of nodes 86
EtherApe-INFO: 01:04:41.898: New node: IP: 104.18.10.207. Number of nodes 87
EtherApe-INFO: 01:04:41.899: New node: IP: 104.18.11.207. Number of nodes 88
EtherApe-INFO: 01:04:41.901: New node: IP: 142.250.186.202. Number of nodes 89
EtherApe-INFO: 01:04:41.906: New node: IP: 18.66.122.108. Number of nodes 90
EtherApe-INFO: 01:04:42.160: New node: IP: 104.96.147.241. Number of nodes 91
EtherApe-INFO: 01:04:43.435: New node: IP: 185.199.109.133. Number of nodes 92
EtherApe-INFO: 01:04:43.698: New node: IP: 216.58.209.3. Number of nodes 93
EtherApe-INFO: 01:04:44.760: New node: IP: 216.58.215.67. Number of nodes 94
EtherApe-INFO: 01:04:44.976: New node: IP: 216.58.215.110. Number of nodes 95
EtherApe-INFO: 01:04:45.002: New node: IP: 216.58.215.65. Number of nodes 96
EtherApe-INFO: 01:04:45.006: New node: IP: 99.86.243.182. Number of nodes 97
EtherApe-INFO: 01:04:45.016: New node: IP: 185.199.108.133. Number of nodes 98
EtherApe-INFO: 01:04:45.995: New node: IP: 216.58.208.208. Number of nodes 99
EtherApe-INFO: 01:04:49.066: New node: IP: 104.17.24.14. Number of nodes 100
EtherApe-INFO: 01:04:50.863: New node: IP: 78.47.130.189. Number of nodes 101
EtherApe-INFO: 01:04:50.868: New node: IP: 92.223.97.97. Number of nodes 102
EtherApe-INFO: 01:04:51.173: New node: IP: 104.16.86.20. Number of nodes 103
EtherApe-INFO: 01:04:51.237: New node: IP: 104.16.87.20. Number of nodes 104
EtherApe-INFO: 01:04:52.158: New node: IP: 104.18.7.57. Number of nodes 105
EtherApe-INFO: 01:04:52.405: New node: IP: 162.159.135.68. Number of nodes 106
EtherApe-INFO: 01:04:52.648: New node: IP: 0.0.0.0. Number of nodes 107
EtherApe-INFO: 01:04:52.648: New node: IP: 255.255.255.255. Number of nodes 108
EtherApe-INFO: 01:04:57.553: New node: IP: 162.159.134.42. Number of nodes 109
EtherApe-INFO: 01:04:59.371: New node: IP: 162.159.134.68. Number of nodes 110
EtherApe-INFO: 01:04:59.374: New node: IP: 216.58.208.195. Number of nodes 111
EtherApe-INFO: 01:05:00.187: delete node: IP: 89.187.191.12. Number of nodes 110
EtherApe-INFO: 01:05:00.588: New node: IP: 216.58.208.206. Number of nodes 111
EtherApe-INFO: 01:05:01.099: New node: IP: 216.239.32.21. Number of nodes 112
EtherApe-INFO: 01:05:01.126: New node: IP: 104.16.85.20. Number of nodes 113
EtherApe-INFO: 01:05:02.129: New node: IP: 192.0.78.33. Number of nodes 114
EtherApe-INFO: 01:05:02.134: New node: IP: 37.19.218.109. Number of nodes 115
EtherApe-INFO: 01:05:02.391: New node: IP: 192.0.73.2. Number of nodes 116
EtherApe-INFO: 01:05:02.669: New node: IP: 52.222.236.75. Number of nodes 117
EtherApe-INFO: 01:05:03.223: New node: IP: 142.250.186.206. Number of nodes 118
EtherApe-INFO: 01:05:03.229: New node: IP: 216.58.209.14. Number of nodes 119
EtherApe-INFO: 01:05:03.238: New node: IP: 52.239.153.36. Number of nodes 120
EtherApe-INFO: 01:05:06.234: New node: IP: 172.217.16.46. Number of nodes 121
EtherApe-INFO: 01:05:06.237: New node: IP: 104.18.6.57. Number of nodes 122
EtherApe-INFO: 01:05:06.986: New node: IP: 151.101.128.95. Number of nodes 123
EtherApe-INFO: 01:05:07.442: New node: IP: 52.89.136.7. Number of nodes 124
EtherApe-INFO: 01:05:09.819: New node: IP: 104.96.142.34. Number of nodes 125
EtherApe-INFO: 01:05:11.595: New node: IP: 104.16.243.94. Number of nodes 126
EtherApe-INFO: 01:05:14.162: New node: IP: 104.81.223.141. Number of nodes 127
EtherApe-INFO: 01:05:14.481: New node: IP: 104.17.25.14. Number of nodes 128
EtherApe-INFO: 01:05:14.670: New node: IP: 142.250.203.142. Number of nodes 129
EtherApe-INFO: 01:05:14.938: New node: IP: 13.32.103.36. Number of nodes 130
EtherApe-INFO: 01:05:15.474: New node: IP: 104.26.4.28. Number of nodes 131
EtherApe-INFO: 01:05:16.467: New node: IP: 151.101.130.209. Number of nodes 132
EtherApe-INFO: 01:05:17.483: New node: IP: 104.16.88.20. Number of nodes 133
EtherApe-INFO: 01:05:19.359: New node: IP: 52.92.208.90. Number of nodes 134
EtherApe-INFO: 01:05:19.612: New node: IP: 3.222.88.190. Number of nodes 135
EtherApe-INFO: 01:05:20.100: New node: IP: 104.81.121.120. Number of nodes 136
EtherApe-INFO: 01:05:20.336: New node: IP: 104.16.26.5. Number of nodes 137
EtherApe-INFO: 01:05:20.589: New node: IP: 52.217.206.129. Number of nodes 138
EtherApe-INFO: 01:05:21.610: New node: IP: 192.0.77.32. Number of nodes 139
EtherApe-INFO: 01:05:23.721: New node: IP: 140.82.113.26. Number of nodes 140
EtherApe-INFO: 01:05:24.702: New node: IP: 142.250.186.214. Number of nodes 141
EtherApe-INFO: 01:05:25.435: New node: IP: 142.250.203.193. Number of nodes 142
EtherApe-INFO: 01:05:26.447: New node: IP: 216.58.215.74. Number of nodes 143
EtherApe-INFO: 01:05:28.520: New node: IP: 13.32.99.45. Number of nodes 144
EtherApe-INFO: 01:05:29.515: New node: IP: 142.250.203.206. Number of nodes 145
EtherApe-INFO: 01:05:30.035: New node: IP: 2.17.240.32. Number of nodes 146
EtherApe-INFO: 01:05:31.572: New node: IP: 18.66.112.85. Number of nodes 147
EtherApe-INFO: 01:05:32.370: New node: IP: 13.32.27.58. Number of nodes 148
EtherApe-INFO: 01:05:32.612: New node: IP: 34.249.233.50. Number of nodes 149
EtherApe-INFO: 01:05:33.118: New node: IP: 104.18.22.126. Number of nodes 150
EtherApe-INFO: 01:05:33.869: New node: IP: 216.58.209.1. Number of nodes 151
EtherApe-INFO: 01:05:36.199: New node: IP: 34.149.66.134. Number of nodes 152
EtherApe-INFO: 01:05:36.687: New node: IP: 54.146.181.56. Number of nodes 153
EtherApe-INFO: 01:05:40.523: New node: IP: 172.217.16.10. Number of nodes 154
EtherApe-INFO: 01:05:44.642: New node: IP: 142.250.75.22. Number of nodes 155
EtherApe-INFO: 01:05:45.391: New node: IP: 13.32.99.41. Number of nodes 156
EtherApe-INFO: 01:06:02.794: New node: IP: 54.212.190.119. Number of nodes 157
EtherApe-INFO: 01:06:05.165: delete node: IP: 104.18.13.33. Number of nodes 156
EtherApe-INFO: 01:06:11.062: delete node: IP: 35.80.188.76. Number of nodes 155
EtherApe-INFO: 01:06:11.062: delete node: IP: 34.120.208.123. Number of nodes 154
EtherApe-INFO: 01:06:13.289: New node: IP: 140.82.121.4. Number of nodes 155
EtherApe-INFO: 01:06:23.335: delete node: IP: 91.234.35.30. Number of nodes 154
EtherApe-INFO: 01:06:23.853: delete node: IP: 192.168.0.218. Number of nodes 153
EtherApe-INFO: 01:06:30.790: delete node: IP: 23.227.38.32. Number of nodes 152
EtherApe-INFO: 01:06:33.907: delete node: IP: 140.82.112.25. Number of nodes 151
EtherApe-INFO: 01:06:38.889: New node: IP: 142.250.75.3. Number of nodes 152
EtherApe-INFO: 01:06:41.194: New node: IP: 142.250.203.133. Number of nodes 153
EtherApe-INFO: 01:06:42.335: delete node: IP: 104.18.11.207. Number of nodes 152
EtherApe-INFO: 01:06:45.371: delete node: IP: 185.199.108.133. Number of nodes 151
EtherApe-INFO: 01:06:52.541: delete node: IP: 87.245.216.107. Number of nodes 150
EtherApe-INFO: 01:06:57.187: delete node: IP: 255.255.255.255. Number of nodes 149
EtherApe-INFO: 01:06:57.187: delete node: IP: 192.168.1.1. Number of nodes 148
EtherApe-INFO: 01:06:57.187: delete node: IP: 0.0.0.0. Number of nodes 147
EtherApe-INFO: 01:06:57.689: delete node: IP: 192.168.0.1. Number of nodes 146
EtherApe-INFO: 01:06:57.689: delete node: IP: 95.216.195.133. Number of nodes 145
EtherApe-INFO: 01:06:58.434: delete node: IP: 192.168.0.157. Number of nodes 144
EtherApe-INFO: 01:06:59.411: delete node: IP: 54.191.251.76. Number of nodes 143
EtherApe-INFO: 01:07:02.736: delete node: IP: 104.21.41.55. Number of nodes 142
EtherApe-INFO: 01:07:03.985: delete node: IP: 104.21.48.117. Number of nodes 141
EtherApe-INFO: 01:07:06.562: delete node: IP: 104.18.7.57. Number of nodes 140
EtherApe-INFO: 01:07:06.562: delete node: IP: 104.18.6.57. Number of nodes 139
EtherApe-INFO: 01:07:07.052: delete node: IP: 162.159.134.68. Number of nodes 138
EtherApe-INFO: 01:07:07.656: delete node: IP: 151.101.128.95. Number of nodes 137
EtherApe-INFO: 01:07:08.156: delete node: IP: 162.159.135.42. Number of nodes 136
EtherApe-INFO: 01:07:13.973: delete node: IP: 151.101.0.95. Number of nodes 135
EtherApe-INFO: 01:07:13.973: delete node: IP: 52.89.136.7. Number of nodes 134
EtherApe-INFO: 01:07:17.116: delete node: IP: 151.101.130.209. Number of nodes 133
EtherApe-INFO: 01:07:17.116: delete node: IP: 140.82.121.6. Number of nodes 132
EtherApe-INFO: 01:07:20.126: delete node: IP: 162.159.134.42. Number of nodes 131
EtherApe-INFO: 01:07:20.875: delete node: IP: 216.58.215.65. Number of nodes 130
EtherApe-INFO: 01:07:22.966: delete node: IP: 216.58.208.208. Number of nodes 129
EtherApe-INFO: 01:07:22.966: delete node: IP: 34.160.144.191. Number of nodes 128
EtherApe-INFO: 01:07:22.966: delete node: IP: 34.102.187.140. Number of nodes 127
EtherApe-INFO: 01:07:23.783: delete node: IP: 208.68.240.115. Number of nodes 126
EtherApe-INFO: 01:07:23.783: delete node: IP: 31.217.192.241. Number of nodes 125
EtherApe-INFO: 01:07:27.066: delete node: IP: 216.58.215.110. Number of nodes 124
EtherApe-INFO: 01:07:27.066: delete node: IP: 52.92.208.90. Number of nodes 123
EtherApe-INFO: 01:07:28.130: delete node: IP: 52.217.206.129. Number of nodes 122
EtherApe-INFO: 01:07:29.182: delete node: IP: 198.136.48.164. Number of nodes 121
EtherApe-INFO: 01:07:30.930: delete node: IP: 192.197.183.149. Number of nodes 120
EtherApe-INFO: 01:07:30.930: delete node: IP: 149.56.223.200. Number of nodes 119
EtherApe-INFO: 01:07:32.207: delete node: IP: 142.250.203.193. Number of nodes 118
EtherApe-INFO: 01:07:32.907: delete node: IP: 78.47.130.189. Number of nodes 117
EtherApe-INFO: 01:07:40.123: delete node: IP: 54.146.181.56. Number of nodes 116
EtherApe-INFO: 01:07:42.215: delete node: IP: 216.58.215.67. Number of nodes 115
EtherApe-INFO: 01:07:43.146: delete node: IP: 142.250.186.202. Number of nodes 114
EtherApe-INFO: 01:07:46.031: delete node: IP: 199.188.200.146. Number of nodes 113
EtherApe-INFO: 01:07:51.142: delete node: IP: 192.0.73.2. Number of nodes 112
EtherApe-INFO: 01:07:58.029: delete node: IP: 162.159.135.68. Number of nodes 111
EtherApe-INFO: 01:08:07.052: delete node: IP: 18.66.122.108. Number of nodes 110
EtherApe-INFO: 01:08:08.095: delete node: IP: 145.40.68.75. Number of nodes 109
EtherApe-INFO: 01:08:08.095: delete node: IP: 3.122.47.55. Number of nodes 108
EtherApe-INFO: 01:08:09.024: delete node: IP: 116.203.93.142. Number of nodes 107
EtherApe-INFO: 01:08:09.024: delete node: IP: 3.127.160.74. Number of nodes 106
EtherApe-INFO: 01:08:11.583: delete node: IP: 135.181.27.174. Number of nodes 105
EtherApe-INFO: 01:08:17.450: delete node: IP: 192.0.66.96. Number of nodes 104
EtherApe-INFO: 01:08:17.997: delete node: IP: 192.0.78.33. Number of nodes 103
EtherApe-INFO: 01:08:20.340: delete node: IP: 140.82.121.4. Number of nodes 102
EtherApe-INFO: 01:08:24.198: delete node: IP: 185.129.100.112. Number of nodes 101
EtherApe-INFO: 01:08:29.005: delete node: IP: 104.198.63.0. Number of nodes 100
EtherApe-INFO: 01:08:31.294: delete node: IP: 142.250.186.197. Number of nodes 99
EtherApe-INFO: 01:08:38.036: delete node: IP: 216.58.209.3. Number of nodes 98
EtherApe-INFO: 01:08:38.037: delete node: IP: 20.239.151.181. Number of nodes 97
EtherApe-INFO: 01:08:41.048: delete node: IP: 192.0.77.32. Number of nodes 96
EtherApe-INFO: 01:08:45.173: delete node: IP: 95.216.144.15. Number of nodes 95
EtherApe-INFO: 01:08:51.764: delete node: IP: 20.185.12.70. Number of nodes 94
EtherApe-INFO: 01:08:57.135: delete node: IP: 34.107.221.82. Number of nodes 93
EtherApe-INFO: 01:09:03.796: delete node: IP: 108.138.17.70. Number of nodes 92
EtherApe-INFO: 01:09:03.796: delete node: IP: 8.8.8.8. Number of nodes 91
EtherApe-INFO: 01:09:04.564: delete node: IP: 54.212.190.119. Number of nodes 90
EtherApe-INFO: 01:09:05.862: delete node: IP: 143.244.45.177. Number of nodes 89
EtherApe-INFO: 01:09:08.673: delete node: IP: 88.99.219.88. Number of nodes 88
EtherApe-INFO: 01:09:10.458: delete node: IP: 104.96.142.34. Number of nodes 87
EtherApe-INFO: 01:09:11.209: New node: IP: 8.8.8.8. Number of nodes 88
EtherApe-INFO: 01:09:11.562: delete node: IP: 93.184.220.29. Number of nodes 87
EtherApe-INFO: 01:09:16.600: delete node: IP: 172.67.151.13. Number of nodes 86
EtherApe-INFO: 01:09:16.600: delete node: IP: 104.81.223.141. Number of nodes 85
EtherApe-INFO: 01:09:16.600: delete node: IP: 104.81.101.226. Number of nodes 84
EtherApe-INFO: 01:09:16.600: delete node: IP: 52.239.153.36. Number of nodes 83
EtherApe-INFO: 01:09:22.569: delete node: IP: 104.81.223.160. Number of nodes 82
EtherApe-INFO: 01:09:22.569: delete node: IP: 104.81.121.120. Number of nodes 81
EtherApe-INFO: 01:09:22.569: delete node: IP: 104.81.110.62. Number of nodes 80
EtherApe-INFO: 01:09:28.397: delete node: IP: 99.86.240.83. Number of nodes 79
EtherApe-INFO: 01:09:28.397: delete node: IP: 13.32.27.58. Number of nodes 78
EtherApe-INFO: 01:09:31.982: delete node: IP: 91.198.174.208. Number of nodes 77
EtherApe-INFO: 01:09:31.983: delete node: IP: 76.223.14.21. Number of nodes 76
EtherApe-INFO: 01:09:31.983: delete node: IP: 2.17.240.32. Number of nodes 75
EtherApe-INFO: 01:09:35.583: delete node: IP: 99.86.243.182. Number of nodes 74
EtherApe-INFO: 01:09:38.114: delete node: IP: 104.96.147.241. Number of nodes 73
EtherApe-INFO: 01:09:43.486: delete node: IP: 104.16.87.20. Number of nodes 72
EtherApe-INFO: 01:09:43.486: delete node: IP: 104.16.86.20. Number of nodes 71
EtherApe-INFO: 01:09:50.434: delete node: IP: 104.18.10.128. Number of nodes 70
EtherApe-INFO: 01:09:50.434: delete node: IP: 76.76.21.164. Number of nodes 69
EtherApe-INFO: 01:09:52.239: delete node: IP: 216.239.32.21. Number of nodes 68
EtherApe-INFO: 01:09:53.718: delete node: IP: 37.19.218.109. Number of nodes 67
EtherApe-INFO: 01:09:57.032: New node: IP: 192.168.1.1. Number of nodes 68
EtherApe-INFO: 01:09:57.111: delete node: IP: 104.17.32.105. Number of nodes 67
EtherApe-INFO: 01:09:57.290: New node: IP: 95.216.195.133. Number of nodes 68
EtherApe-INFO: 01:09:57.318: delete node: IP: 23.185.0.4. Number of nodes 67
EtherApe-INFO: 01:10:02.163: delete node: IP: 92.223.97.97. Number of nodes 66
EtherApe-INFO: 01:10:02.684: delete node: IP: 104.18.209.69. Number of nodes 65
EtherApe-INFO: 01:10:02.684: delete node: IP: 104.17.32.82. Number of nodes 64
EtherApe-INFO: 01:10:02.684: delete node: IP: 23.185.0.1. Number of nodes 63
EtherApe-INFO: 01:10:04.250: delete node: IP: 216.58.215.78. Number of nodes 62
EtherApe-INFO: 01:10:07.603: delete node: IP: 172.64.98.24. Number of nodes 61
EtherApe-INFO: 01:10:07.603: delete node: IP: 151.101.0.152. Number of nodes 60
EtherApe-INFO: 01:10:07.603: delete node: IP: 104.26.4.28. Number of nodes 59
EtherApe-INFO: 01:10:07.603: delete node: IP: 52.222.236.75. Number of nodes 58
EtherApe-INFO: 01:10:07.603: delete node: IP: 3.2.8.2. Number of nodes 57
EtherApe-INFO: 01:10:09.901: delete node: IP: 151.101.2.133. Number of nodes 56
EtherApe-INFO: 01:10:09.901: delete node: IP: 104.16.88.20. Number of nodes 55
EtherApe-INFO: 01:10:09.901: delete node: IP: 13.32.103.36. Number of nodes 54
EtherApe-INFO: 01:10:10.942: delete node: IP: 45.60.13.212. Number of nodes 53
EtherApe-INFO: 01:10:15.745: delete node: IP: 216.58.215.106. Number of nodes 52
EtherApe-INFO: 01:10:15.745: delete node: IP: 216.58.208.206. Number of nodes 51
EtherApe-INFO: 01:10:15.745: delete node: IP: 104.18.12.33. Number of nodes 50
EtherApe-INFO: 01:10:15.745: delete node: IP: 104.18.10.207. Number of nodes 49
EtherApe-INFO: 01:10:15.745: delete node: IP: 104.17.25.14. Number of nodes 48
EtherApe-INFO: 01:10:15.745: delete node: IP: 104.17.24.14. Number of nodes 47
EtherApe-INFO: 01:10:15.745: delete node: IP: 104.16.85.20. Number of nodes 46
EtherApe-INFO: 01:10:15.745: delete node: IP: 104.16.26.5. Number of nodes 45
EtherApe-INFO: 01:10:15.745: delete node: IP: 3.222.88.190. Number of nodes 44
EtherApe-INFO: 01:10:21.946: delete node: IP: 172.217.16.46. Number of nodes 43
EtherApe-INFO: 01:10:21.946: delete node: IP: 151.101.129.69. Number of nodes 42
EtherApe-INFO: 01:10:21.946: delete node: IP: 151.101.65.69. Number of nodes 41
EtherApe-INFO: 01:10:21.946: delete node: IP: 142.250.186.214. Number of nodes 40
EtherApe-INFO: 01:10:21.946: delete node: IP: 142.250.186.206. Number of nodes 39
EtherApe-INFO: 01:10:21.946: delete node: IP: 104.16.243.94. Number of nodes 38
EtherApe-INFO: 01:10:27.510: delete node: IP: 216.58.215.74. Number of nodes 37
EtherApe-INFO: 01:10:27.510: delete node: IP: 104.18.22.126. Number of nodes 36
EtherApe-INFO: 01:10:27.510: delete node: IP: 104.16.99.56. Number of nodes 35
EtherApe-INFO: 01:10:27.510: delete node: IP: 34.249.233.50. Number of nodes 34
EtherApe-INFO: 01:10:27.510: delete node: IP: 18.66.112.85. Number of nodes 33
EtherApe-INFO: 01:10:27.510: delete node: IP: 13.32.99.45. Number of nodes 32
EtherApe-INFO: 01:10:33.980: delete node: IP: 216.58.209.14. Number of nodes 31
EtherApe-INFO: 01:10:33.980: delete node: IP: 142.250.203.202. Number of nodes 30
EtherApe-INFO: 01:10:36.986: delete node: IP: 151.101.2.209. Number of nodes 29
EtherApe-INFO: 01:10:36.986: delete node: IP: 142.250.75.22. Number of nodes 28
EtherApe-INFO: 01:10:36.986: delete node: IP: 13.32.99.41. Number of nodes 27
EtherApe-INFO: 01:10:45.498: delete node: IP: 142.250.203.142. Number of nodes 26
EtherApe-INFO: 01:10:47.773: delete node: IP: 216.58.208.195. Number of nodes 25
EtherApe-INFO: 01:10:47.773: delete node: IP: 2.23.108.34. Number of nodes 24
EtherApe-INFO: 01:10:57.513: delete node: IP: 104.18.40.133. Number of nodes 23
EtherApe-INFO: 01:11:08.713: New node: IP: 34.120.208.123. Number of nodes 24
EtherApe-INFO: 01:11:33.573: delete node: IP: 216.58.209.1. Number of nodes 23
EtherApe-INFO: 01:11:33.573: delete node: IP: 172.217.16.10. Number of nodes 22
EtherApe-INFO: 01:11:33.573: delete node: IP: 142.250.203.131. Number of nodes 21
EtherApe-INFO: 01:11:39.445: delete node: IP: 185.199.109.133. Number of nodes 20
EtherApe-INFO: 01:11:48.927: delete node: IP: 35.186.227.140. Number of nodes 19
EtherApe-INFO: 01:11:51.501: delete node: IP: 185.199.110.154. Number of nodes 18
EtherApe-INFO: 01:11:51.502: delete node: IP: 140.82.121.3. Number of nodes 17
EtherApe-INFO: 01:11:57.168: delete node: IP: 192.168.1.1. Number of nodes 16
EtherApe-INFO: 01:11:57.890: delete node: IP: 95.216.195.133. Number of nodes 15
EtherApe-INFO: 01:11:57.890: delete node: IP: 8.8.8.8. Number of nodes 14
EtherApe-INFO: 01:12:00.681: New node: IP: 142.250.203.202. Number of nodes 15
EtherApe-INFO: 01:12:41.640: New node: IP: 87.245.216.107. Number of nodes 16
EtherApe-INFO: 01:13:03.146: New node: IP: 13.32.27.58. Number of nodes 17
EtherApe-INFO: 01:13:05.516: delete node: IP: 91.198.174.192. Number of nodes 16
EtherApe-INFO: 01:13:20.810: New node: IP: 91.198.174.192. Number of nodes 17
EtherApe-INFO: 01:13:27.208: New node: IP: 8.8.8.8. Number of nodes 18
EtherApe-INFO: 01:14:01.531: delete node: IP: 142.250.203.202. Number of nodes 17
EtherApe-INFO: 01:14:42.786: delete node: IP: 87.245.216.107. Number of nodes 16
EtherApe-INFO: 01:14:57.064: New node: IP: 192.168.1.1. Number of nodes 17
EtherApe-INFO: 01:14:57.065: New node: IP: 95.216.195.133. Number of nodes 18
EtherApe-INFO: 01:15:03.465: New node: IP: 142.250.186.197. Number of nodes 19
EtherApe-INFO: 01:15:08.921: delete node: IP: 172.217.16.4. Number of nodes 18
EtherApe-INFO: 01:15:08.921: delete node: IP: 142.250.203.206. Number of nodes 17
EtherApe-INFO: 01:15:30.359: delete node: IP: 34.149.66.134. Number of nodes 16
EtherApe-INFO: 01:15:37.001: New node: IP: 34.149.66.134. Number of nodes 17
EtherApe-INFO: 01:15:38.025: New node: IP: 54.212.190.119. Number of nodes 18
EtherApe-INFO: 01:15:38.025: New node: IP: 35.186.227.140. Number of nodes 19
EtherApe-INFO: 01:15:55.689: New node: IP: 3.127.160.74. Number of nodes 20
EtherApe-INFO: 01:15:56.201: New node: IP: 34.102.187.140. Number of nodes 21
EtherApe-INFO: 01:16:55.086: delete node: IP: 142.250.203.133. Number of nodes 20
EtherApe-INFO: 01:16:57.380: delete node: IP: 192.168.1.1. Number of nodes 19
EtherApe-INFO: 01:16:57.380: delete node: IP: 95.216.195.133. Number of nodes 18
EtherApe-INFO: 01:16:57.380: delete node: IP: 8.8.8.8. Number of nodes 17
EtherApe-INFO: 01:17:22.011: delete node: IP: 91.198.174.192. Number of nodes 16
EtherApe-INFO: 01:18:27.210: New node: IP: 8.8.8.8. Number of nodes 17
EtherApe-INFO: 01:18:39.592: delete node: IP: 54.212.190.119. Number of nodes 16
EtherApe-INFO: 01:19:05.434: delete node: IP: 3.127.160.74. Number of nodes 15
EtherApe-INFO: 01:19:57.064: New node: IP: 192.168.1.1. Number of nodes 16
EtherApe-INFO: 01:19:57.068: New node: IP: 95.216.195.133. Number of nodes 17
EtherApe-INFO: 01:20:02.698: New node: IP: 142.250.203.202. Number of nodes 18
EtherApe-INFO: 01:20:29.409: delete node: IP: 34.149.66.134. Number of nodes 17
EtherApe-INFO: 01:20:37.258: New node: IP: 34.149.66.134. Number of nodes 18
EtherApe-INFO: 01:20:48.607: delete node: IP: 34.120.208.123. Number of nodes 17
EtherApe-INFO: 01:20:48.607: delete node: IP: 34.102.187.140. Number of nodes 16
EtherApe-INFO: 01:20:48.607: delete node: IP: 13.32.27.58. Number of nodes 15
EtherApe-INFO: 01:20:59.785: New node: IP: 35.167.130.158. Number of nodes 16
EtherApe-INFO: 01:21:00.555: New node: IP: 151.101.2.49. Number of nodes 17
