(etherape:2788): GLib-GIO-DEBUG: 21:20:26.915: _g_io_module_get_default: Found default implementation local (GLocalVfs) for ‘gio-vfs’
(etherape:2788): GLib-GIO-DEBUG: 21:20:26.963: Using cross-namespace EXTERNAL authentication (this will deadlock if server is GDBus < 2.73.3)
EtherApe-INFO: 21:20:27.011: sctp protocol not supported
EtherApe-INFO: 21:20:27.012: dccp protocol not supported
EtherApe-INFO: 21:20:27.012: sctp protocol not supported
EtherApe-INFO: 21:20:27.012: sctp protocol not supported
EtherApe-INFO: 21:20:27.012: sctp protocol not supported
EtherApe-INFO: 21:20:27.012: sctp protocol not supported
EtherApe-INFO: 21:20:27.012: sctp protocol not supported
EtherApe-INFO: 21:20:27.012: sctp protocol not supported
EtherApe-INFO: 21:20:27.012: sctp protocol not supported
EtherApe-INFO: 21:20:27.012: dccp protocol not supported
EtherApe-INFO: 21:20:27.012: sctp protocol not supported
EtherApe-INFO: 21:20:27.012: dccp protocol not supported
EtherApe-INFO: 21:20:27.012: dccp protocol not supported
EtherApe-INFO: 21:20:27.012: sctp protocol not supported
EtherApe-INFO: 21:20:27.013: sctp protocol not supported
EtherApe-INFO: 21:20:27.013: sctp protocol not supported
EtherApe-INFO: 21:20:27.013: sctp protocol not supported
EtherApe-INFO: 21:20:27.013: sctp protocol not supported
EtherApe-INFO: 21:20:27.014: sctp protocol not supported
EtherApe-INFO: 21:20:27.014: sctp protocol not supported
EtherApe-INFO: 21:20:27.014: sctp protocol not supported
EtherApe-INFO: 21:20:27.014: sctp protocol not supported
EtherApe-INFO: 21:20:27.014: sctp protocol not supported
EtherApe-INFO: 21:20:27.015: sctp protocol not supported
EtherApe-INFO: 21:20:27.015: sctp protocol not supported
EtherApe-INFO: 21:20:27.015: sctp protocol not supported
EtherApe-INFO: 21:20:27.015: sctp protocol not supported
EtherApe-INFO: 21:20:27.015: sctp protocol not supported
EtherApe-INFO: 21:20:27.015: dccp protocol not supported
EtherApe-INFO: 21:20:27.015: sctp protocol not supported
EtherApe-INFO: 21:20:27.015: sctp protocol not supported
EtherApe-INFO: 21:20:27.015: dccp protocol not supported
EtherApe-INFO: 21:20:27.015: sctp protocol not supported
EtherApe-INFO: 21:20:27.015: sctp protocol not supported
EtherApe-INFO: 21:20:27.015: sctp protocol not supported
EtherApe-INFO: 21:20:27.015: dccp protocol not supported
EtherApe-INFO: 21:20:27.015: dccp protocol not supported
EtherApe-INFO: 21:20:27.015: sctp protocol not supported
EtherApe-INFO: 21:20:27.015: sctp protocol not supported
EtherApe-INFO: 21:20:27.015: sctp protocol not supported
EtherApe-INFO: 21:20:27.015: sctp protocol not supported
EtherApe-INFO: 21:20:27.016: sctp protocol not supported
EtherApe-INFO: 21:20:27.016: sctp protocol not supported
EtherApe-INFO: 21:20:27.016: sctp protocol not supported
EtherApe-INFO: 21:20:27.016: sctp protocol not supported
EtherApe-INFO: 21:20:27.016: sctp protocol not supported
EtherApe-INFO: 21:20:27.016: sctp protocol not supported
EtherApe-INFO: 21:20:27.016: sctp protocol not supported
EtherApe-INFO: 21:20:27.016: sctp protocol not supported
EtherApe-INFO: 21:20:27.016: sctp protocol not supported
EtherApe-INFO: 21:20:27.016: sctp protocol not supported
EtherApe-INFO: 21:20:27.016: sctp protocol not supported
EtherApe-INFO: 21:20:27.016: sctp protocol not supported
EtherApe-INFO: 21:20:27.016: sctp protocol not supported
EtherApe-INFO: 21:20:27.016: sctp protocol not supported
EtherApe-INFO: 21:20:27.016: sctp protocol not supported
EtherApe-INFO: 21:20:27.016: sctp protocol not supported
EtherApe-INFO: 21:20:27.016: dccp protocol not supported
EtherApe-INFO: 21:20:27.016: sctp protocol not supported
EtherApe-INFO: 21:20:27.016: sctp protocol not supported
EtherApe-INFO: 21:20:27.016: sctp protocol not supported
EtherApe-INFO: 21:20:27.016: sctp protocol not supported
EtherApe-INFO: 21:20:27.016: sctp protocol not supported
EtherApe-INFO: 21:20:27.016: sctp protocol not supported
EtherApe-INFO: 21:20:27.016: sctp protocol not supported
EtherApe-INFO: 21:20:27.016: sctp protocol not supported
EtherApe-INFO: 21:20:27.016: sctp protocol not supported
EtherApe-INFO: 21:20:27.016: sctp protocol not supported
EtherApe-INFO: 21:20:27.017: sctp protocol not supported
EtherApe-INFO: 21:20:27.017: sctp protocol not supported
EtherApe-INFO: 21:20:27.017: sctp protocol not supported
EtherApe-INFO: 21:20:27.017: sctp protocol not supported
EtherApe-INFO: 21:20:27.017: sctp protocol not supported
EtherApe-INFO: 21:20:27.017: sctp protocol not supported
EtherApe-INFO: 21:20:27.017: sctp protocol not supported
EtherApe-INFO: 21:20:27.017: sctp protocol not supported
EtherApe-INFO: 21:20:27.017: sctp protocol not supported
EtherApe-INFO: 21:20:27.017: sctp protocol not supported
EtherApe-INFO: 21:20:27.017: sctp protocol not supported
EtherApe-INFO: 21:20:27.017: sctp protocol not supported
EtherApe-INFO: 21:20:27.017: sctp protocol not supported
EtherApe-INFO: 21:20:27.017: sctp protocol not supported
EtherApe-INFO: 21:20:27.017: sctp protocol not supported
EtherApe-INFO: 21:20:27.017: sctp protocol not supported
EtherApe-INFO: 21:20:27.017: sctp protocol not supported
EtherApe-INFO: 21:20:27.017: sctp protocol not supported
EtherApe-INFO: 21:20:27.017: sctp protocol not supported
EtherApe-INFO: 21:20:27.017: sctp protocol not supported
EtherApe-INFO: 21:20:27.017: sctp protocol not supported
EtherApe-INFO: 21:20:27.017: sctp protocol not supported
EtherApe-INFO: 21:20:27.017: sctp protocol not supported
EtherApe-INFO: 21:20:27.017: sctp protocol not supported
EtherApe-INFO: 21:20:27.017: sctp protocol not supported
EtherApe-INFO: 21:20:27.017: sctp protocol not supported
EtherApe-INFO: 21:20:27.024: get_interface result: ''
EtherApe-INFO: 21:20:27.025: Available interfaces for capture: dbus-session dbus-system nfqueue nflog bluetooth-monitor bluetooth0 lo any wlp2s0
EtherApe-INFO: 21:20:27.025: Link type is LINUX_SLL
EtherApe-INFO: 21:20:27.025: Diagram started
EtherApe-INFO: 21:20:28.559: New node: IP: 192.168.1.254. Number of nodes 1
EtherApe-INFO: 21:20:28.559: New node: IP: 192.168.1.1. Number of nodes 2
EtherApe-INFO: 21:20:28.816: New node: IP: 93.184.220.29. Number of nodes 3
EtherApe-INFO: 21:20:29.327: New node: IP: 44.238.39.101. Number of nodes 4
EtherApe-INFO: 21:20:29.327: New node: IP: 52.40.171.113. Number of nodes 5
EtherApe-INFO: 21:20:31.887: New node: IP: 52.222.214.84. Number of nodes 6
EtherApe-INFO: 21:20:33.935: New node: IP: 87.245.216.107. Number of nodes 7
EtherApe-INFO: 21:20:34.448: New node: IP: 192.168.0.1. Number of nodes 8
EtherApe-INFO: 21:20:35.471: New node: IP: 104.16.248.249. Number of nodes 9
EtherApe-INFO: 21:20:35.983: New node: IP: 172.217.16.35. Number of nodes 10
EtherApe-INFO: 21:20:35.983: New node: IP: 108.138.24.78. Number of nodes 11
EtherApe-INFO: 21:20:36.495: New node: IP: 104.18.12.33. Number of nodes 12
EtherApe-INFO: 21:20:36.495: New node: IP: 104.17.49.74. Number of nodes 13
EtherApe-INFO: 21:20:36.495: New node: IP: 34.107.221.82. Number of nodes 14
EtherApe-INFO: 21:20:39.311: New node: IP: 108.138.17.70. Number of nodes 15
EtherApe-INFO: 21:20:40.591: New node: IP: 142.250.203.138. Number of nodes 16
EtherApe-INFO: 21:20:42.640: New node: IP: 255.255.255.255. Number of nodes 17
EtherApe-INFO: 21:20:47.247: New node: IP: 172.67.177.183. Number of nodes 18
EtherApe-INFO: 21:20:49.300: New node: IP: 34.120.208.123. Number of nodes 19
EtherApe-INFO: 21:20:50.320: New node: IP: 18.66.98.108. Number of nodes 20
EtherApe-INFO: 21:20:51.343: New node: IP: 185.199.108.154. Number of nodes 21
EtherApe-INFO: 21:20:51.343: New node: IP: 3.2.9.2. Number of nodes 22
EtherApe-INFO: 21:20:52.370: New node: IP: 216.58.208.206. Number of nodes 23
EtherApe-INFO: 21:20:52.370: New node: IP: 142.250.186.195. Number of nodes 24
EtherApe-INFO: 21:20:52.370: New node: IP: 142.250.75.4. Number of nodes 25
EtherApe-INFO: 21:20:52.370: New node: IP: 185.199.110.133. Number of nodes 26
EtherApe-INFO: 21:20:53.395: New node: IP: 140.82.121.3. Number of nodes 27
EtherApe-INFO: 21:20:53.395: New node: IP: 151.101.2.137. Number of nodes 28
EtherApe-INFO: 21:20:53.653: New node: IP: 140.82.113.26. Number of nodes 29
EtherApe-INFO: 21:20:54.416: New node: IP: 13.32.99.17. Number of nodes 30
EtherApe-INFO: 21:20:54.416: New node: IP: 142.250.203.202. Number of nodes 31
EtherApe-INFO: 21:20:54.416: New node: IP: 52.206.46.252. Number of nodes 32
EtherApe-INFO: 21:20:54.416: New node: IP: 13.32.103.36. Number of nodes 33
EtherApe-INFO: 21:20:55.439: New node: IP: 142.250.203.206. Number of nodes 34
EtherApe-INFO: 21:20:55.439: New node: IP: 142.250.203.195. Number of nodes 35
EtherApe-INFO: 21:20:56.463: New node: IP: 142.250.75.10. Number of nodes 36
EtherApe-INFO: 21:20:57.487: New node: IP: 216.58.209.14. Number of nodes 37
EtherApe-INFO: 21:20:57.487: New node: IP: 216.58.215.110. Number of nodes 38
EtherApe-INFO: 21:20:57.487: New node: IP: 142.250.203.129. Number of nodes 39
EtherApe-INFO: 21:20:59.279: New node: IP: 95.216.144.15. Number of nodes 40
EtherApe-INFO: 21:21:04.144: New node: IP: 104.20.191.42. Number of nodes 41
EtherApe-INFO: 21:21:05.168: New node: IP: 35.186.227.140. Number of nodes 42
EtherApe-INFO: 21:21:05.169: New node: IP: 145.40.68.75. Number of nodes 43
EtherApe-INFO: 21:21:05.936: New node: IP: 185.199.109.133. Number of nodes 44
EtherApe-INFO: 21:21:05.939: New node: IP: 52.218.98.147. Number of nodes 45
EtherApe-INFO: 21:21:06.194: New node: IP: 131.252.210.161. Number of nodes 46
EtherApe-INFO: 21:21:06.194: New node: IP: 92.243.18.11. Number of nodes 47
EtherApe-INFO: 21:21:06.196: New node: IP: 52.222.250.154. Number of nodes 48
EtherApe-INFO: 21:21:06.449: New node: IP: 139.59.209.225. Number of nodes 49
EtherApe-INFO: 21:21:07.215: New node: IP: 104.18.40.133. Number of nodes 50
EtherApe-INFO: 21:21:07.728: New node: IP: 104.17.33.82. Number of nodes 51
EtherApe-INFO: 21:21:07.988: New node: IP: 172.217.20.170. Number of nodes 52
EtherApe-INFO: 21:21:07.988: New node: IP: 104.17.32.82. Number of nodes 53
EtherApe-INFO: 21:21:07.991: New node: IP: 216.58.208.202. Number of nodes 54
EtherApe-INFO: 21:21:07.993: New node: IP: 104.17.25.14. Number of nodes 55
EtherApe-INFO: 21:21:07.993: New node: IP: 216.58.215.101. Number of nodes 56
EtherApe-INFO: 21:21:08.240: New node: IP: 172.217.20.174. Number of nodes 57
EtherApe-INFO: 21:21:08.243: New node: IP: 23.1.111.7. Number of nodes 58
EtherApe-INFO: 21:21:08.495: New node: IP: 18.66.15.90. Number of nodes 59
EtherApe-INFO: 21:21:08.751: New node: IP: 142.250.75.14. Number of nodes 60
EtherApe-INFO: 21:21:09.268: New node: IP: 142.250.75.3. Number of nodes 61
EtherApe-INFO: 21:21:10.050: New node: IP: 142.250.203.214. Number of nodes 62
EtherApe-INFO: 21:21:10.543: New node: IP: 34.205.216.121. Number of nodes 63
EtherApe-INFO: 21:21:12.080: New node: IP: 104.18.6.29. Number of nodes 64
EtherApe-INFO: 21:21:12.087: New node: IP: 87.245.216.9. Number of nodes 65
EtherApe-INFO: 21:21:12.088: New node: IP: 128.2.42.95. Number of nodes 66
EtherApe-INFO: 21:21:12.335: New node: IP: 3.75.5.249. Number of nodes 67
EtherApe-INFO: 21:21:12.338: New node: IP: 172.64.155.188. Number of nodes 68
EtherApe-INFO: 21:21:12.848: New node: IP: 18.66.122.97. Number of nodes 69
EtherApe-INFO: 21:21:12.852: New node: IP: 92.123.12.49. Number of nodes 70
EtherApe-INFO: 21:21:13.106: New node: IP: 151.101.65.208. Number of nodes 71
EtherApe-INFO: 21:21:13.364: New node: IP: 52.222.236.20. Number of nodes 72
EtherApe-INFO: 21:21:13.880: New node: IP: 54.192.231.10. Number of nodes 73
EtherApe-INFO: 21:21:14.897: New node: IP: 216.58.215.78. Number of nodes 74
EtherApe-INFO: 21:21:14.898: New node: IP: 178.79.227.133. Number of nodes 75
EtherApe-INFO: 21:21:16.433: New node: IP: 172.217.16.42. Number of nodes 76
EtherApe-INFO: 21:21:16.688: New node: IP: 13.32.121.12. Number of nodes 77
EtherApe-INFO: 21:21:18.228: New node: IP: 216.58.215.86. Number of nodes 78
EtherApe-INFO: 21:21:18.228: New node: IP: 172.217.16.1. Number of nodes 79
EtherApe-INFO: 21:21:28.199: New node: IP: 216.58.215.74. Number of nodes 80
EtherApe-INFO: 21:21:59.080: New node: IP: 52.33.112.155. Number of nodes 81
EtherApe-INFO: 21:22:01.384: New node: IP: 52.222.236.80. Number of nodes 82
EtherApe-INFO: 21:22:01.895: New node: IP: 54.192.231.98. Number of nodes 83
EtherApe-INFO: 21:22:02.151: New node: IP: 35.244.181.201. Number of nodes 84
EtherApe-INFO: 21:22:39.030: delete node: IP: 52.40.171.113. Number of nodes 83
EtherApe-INFO: 21:22:39.030: delete node: IP: 44.238.39.101. Number of nodes 82
EtherApe-INFO: 21:22:47.491: delete node: IP: 192.168.0.1. Number of nodes 81
EtherApe-INFO: 21:22:56.523: delete node: IP: 172.67.177.183. Number of nodes 80
EtherApe-INFO: 21:23:06.194: delete node: IP: 185.199.109.133. Number of nodes 79
EtherApe-INFO: 21:23:06.194: delete node: IP: 95.216.144.15. Number of nodes 78
EtherApe-INFO: 21:23:08.529: delete node: IP: 172.217.20.174. Number of nodes 77
EtherApe-INFO: 21:23:12.399: delete node: IP: 92.243.18.11. Number of nodes 76
EtherApe-INFO: 21:23:12.838: delete node: IP: 131.252.210.161. Number of nodes 75
EtherApe-INFO: 21:23:12.838: delete node: IP: 52.218.98.147. Number of nodes 74
EtherApe-INFO: 21:23:21.324: delete node: IP: 128.2.42.95. Number of nodes 73
EtherApe-INFO: 21:23:22.279: New node: IP: 176.122.113.12. Number of nodes 74
EtherApe-INFO: 21:23:22.280: New node: IP: 216.58.215.99. Number of nodes 75
EtherApe-INFO: 21:23:22.793: New node: IP: 192.168.0.1. Number of nodes 76
EtherApe-INFO: 21:23:50.696: delete node: IP: 3.2.9.2. Number of nodes 75
EtherApe-INFO: 21:23:51.545: delete node: IP: 34.107.221.82. Number of nodes 74
EtherApe-INFO: 21:23:54.791: New node: IP: 172.217.16.46. Number of nodes 75
EtherApe-INFO: 21:23:57.376: delete node: IP: 52.222.214.84. Number of nodes 74
EtherApe-INFO: 21:24:12.808: delete node: IP: 145.40.68.75. Number of nodes 73
EtherApe-INFO: 21:24:23.481: delete node: IP: 3.75.5.249. Number of nodes 72
EtherApe-INFO: 21:24:24.487: New node: IP: 95.216.195.133. Number of nodes 73
EtherApe-INFO: 21:24:31.439: delete node: IP: 104.18.12.33. Number of nodes 72
EtherApe-INFO: 21:24:31.439: delete node: IP: 104.17.49.74. Number of nodes 71
EtherApe-INFO: 21:24:38.311: New node: IP: 52.43.46.140. Number of nodes 72
EtherApe-INFO: 21:24:42.734: delete node: IP: 34.120.208.123. Number of nodes 71
EtherApe-INFO: 21:24:42.734: delete node: IP: 18.66.98.108. Number of nodes 70
EtherApe-INFO: 21:24:44.510: delete node: IP: 216.58.208.206. Number of nodes 69
EtherApe-INFO: 21:24:45.765: delete node: IP: 151.101.2.137. Number of nodes 68
EtherApe-INFO: 21:24:47.538: delete node: IP: 52.206.46.252. Number of nodes 67
EtherApe-INFO: 21:24:47.538: delete node: IP: 13.32.103.36. Number of nodes 66
EtherApe-INFO: 21:24:47.538: delete node: IP: 13.32.99.17. Number of nodes 65
EtherApe-INFO: 21:24:49.624: delete node: IP: 216.58.215.110. Number of nodes 64
EtherApe-INFO: 21:25:01.943: delete node: IP: 52.33.112.155. Number of nodes 63
EtherApe-INFO: 21:25:07.543: delete node: IP: 172.64.155.188. Number of nodes 62
EtherApe-INFO: 21:25:07.543: delete node: IP: 108.138.24.78. Number of nodes 61
EtherApe-INFO: 21:25:07.543: delete node: IP: 87.245.216.9. Number of nodes 60
EtherApe-INFO: 21:25:07.543: delete node: IP: 52.222.250.154. Number of nodes 59
EtherApe-INFO: 21:25:08.784: delete node: IP: 87.245.216.107. Number of nodes 58
EtherApe-INFO: 21:25:09.816: delete node: IP: 92.123.12.49. Number of nodes 57
EtherApe-INFO: 21:25:10.850: delete node: IP: 23.1.111.7. Number of nodes 56
EtherApe-INFO: 21:25:14.670: delete node: IP: 52.222.236.20. Number of nodes 55
EtherApe-INFO: 21:25:14.670: delete node: IP: 13.32.121.12. Number of nodes 54
EtherApe-INFO: 21:25:17.559: delete node: IP: 172.217.16.35. Number of nodes 53
EtherApe-INFO: 21:25:23.439: delete node: IP: 192.168.0.1. Number of nodes 52
EtherApe-INFO: 21:25:56.237: delete node: IP: 185.199.108.154. Number of nodes 51
EtherApe-INFO: 21:25:56.237: delete node: IP: 172.217.16.46. Number of nodes 50
EtherApe-INFO: 21:25:56.958: delete node: IP: 185.199.110.133. Number of nodes 49
EtherApe-INFO: 21:25:56.958: delete node: IP: 104.20.191.42. Number of nodes 48
EtherApe-INFO: 21:25:59.221: delete node: IP: 140.82.121.3. Number of nodes 47
EtherApe-INFO: 21:25:59.221: delete node: IP: 104.17.25.14. Number of nodes 46
EtherApe-INFO: 21:25:59.221: delete node: IP: 93.184.220.29. Number of nodes 45
EtherApe-INFO: 21:25:59.221: delete node: IP: 54.192.231.98. Number of nodes 44
EtherApe-INFO: 21:26:02.303: delete node: IP: 216.58.208.202. Number of nodes 43
EtherApe-INFO: 21:26:02.303: delete node: IP: 142.250.75.10. Number of nodes 42
EtherApe-INFO: 21:26:02.303: delete node: IP: 104.17.33.82. Number of nodes 41
EtherApe-INFO: 21:26:02.303: delete node: IP: 34.205.216.121. Number of nodes 40
EtherApe-INFO: 21:26:02.817: delete node: IP: 142.250.203.129. Number of nodes 39
EtherApe-INFO: 21:26:02.817: delete node: IP: 108.138.17.70. Number of nodes 38
EtherApe-INFO: 21:26:02.817: delete node: IP: 104.18.6.29. Number of nodes 37
EtherApe-INFO: 21:26:06.202: delete node: IP: 151.101.65.208. Number of nodes 36
EtherApe-INFO: 21:26:06.202: delete node: IP: 139.59.209.225. Number of nodes 35
EtherApe-INFO: 21:26:06.202: delete node: IP: 104.17.32.82. Number of nodes 34
EtherApe-INFO: 21:26:06.202: delete node: IP: 18.66.122.97. Number of nodes 33
EtherApe-INFO: 21:26:06.202: delete node: IP: 18.66.15.90. Number of nodes 32
EtherApe-INFO: 21:26:08.256: delete node: IP: 216.58.215.78. Number of nodes 31
EtherApe-INFO: 21:26:08.256: delete node: IP: 216.58.209.14. Number of nodes 30
EtherApe-INFO: 21:26:08.256: delete node: IP: 172.217.16.42. Number of nodes 29
EtherApe-INFO: 21:26:08.256: delete node: IP: 142.250.186.195. Number of nodes 28
EtherApe-INFO: 21:26:08.256: delete node: IP: 142.250.75.4. Number of nodes 27
EtherApe-INFO: 21:26:08.256: delete node: IP: 142.250.75.3. Number of nodes 26
EtherApe-INFO: 21:26:08.462: delete node: IP: 216.58.215.86. Number of nodes 25
EtherApe-INFO: 21:26:08.462: delete node: IP: 104.18.40.133. Number of nodes 24
EtherApe-INFO: 21:26:09.490: delete node: IP: 172.217.20.170. Number of nodes 23
EtherApe-INFO: 21:26:20.781: delete node: IP: 142.250.203.206. Number of nodes 22
EtherApe-INFO: 21:26:24.886: delete node: IP: 95.216.195.133. Number of nodes 21
EtherApe-INFO: 21:26:25.832: New node: IP: 74.125.15.162. Number of nodes 22
EtherApe-INFO: 21:26:38.672: delete node: IP: 52.43.46.140. Number of nodes 21
EtherApe-INFO: 21:26:44.533: delete node: IP: 178.79.227.133. Number of nodes 20
EtherApe-INFO: 21:26:49.669: delete node: IP: 35.186.227.140. Number of nodes 19
EtherApe-INFO: 21:26:50.663: New node: IP: 35.186.227.140. Number of nodes 20
EtherApe-INFO: 21:26:50.663: New node: IP: 52.33.112.155. Number of nodes 21
EtherApe-INFO: 21:26:53.581: delete node: IP: 52.222.236.80. Number of nodes 20
EtherApe-INFO: 21:26:53.581: delete node: IP: 35.244.181.201. Number of nodes 19
EtherApe-INFO: 21:26:53.735: New node: IP: 35.161.14.50. Number of nodes 20
EtherApe-INFO: 21:26:53.991: New node: IP: 93.184.220.29. Number of nodes 21
EtherApe-INFO: 21:26:54.513: delete node: IP: 142.250.203.202. Number of nodes 20
EtherApe-INFO: 21:26:54.759: New node: IP: 18.66.15.126. Number of nodes 21
EtherApe-INFO: 21:27:13.703: New node: IP: 104.18.40.133. Number of nodes 22
EtherApe-INFO: 21:27:19.148: delete node: IP: 216.58.215.99. Number of nodes 21
EtherApe-INFO: 21:27:42.119: New node: IP: 178.79.227.133. Number of nodes 22
EtherApe-INFO: 21:28:09.503: New node: IP: 0.0.0.0. Number of nodes 23
EtherApe-INFO: 21:28:13.612: delete node: IP: 216.58.215.74. Number of nodes 22
EtherApe-INFO: 21:28:29.695: New node: IP: 192.168.0.1. Number of nodes 23
EtherApe-INFO: 21:28:56.479: New node: IP: 142.250.186.197. Number of nodes 24
EtherApe-INFO: 21:29:24.559: New node: IP: 95.216.195.133. Number of nodes 25
EtherApe-INFO: 21:29:38.591: New node: IP: 52.43.46.140. Number of nodes 26
EtherApe-INFO: 21:29:53.217: delete node: IP: 52.33.112.155. Number of nodes 25
EtherApe-INFO: 21:29:54.975: New node: IP: 34.120.208.123. Number of nodes 26
EtherApe-INFO: 21:29:55.070: delete node: IP: 35.161.14.50. Number of nodes 25
EtherApe-INFO: 21:30:09.902: delete node: IP: 0.0.0.0. Number of nodes 24
EtherApe-INFO: 21:30:22.143: delete node: IP: 74.125.15.162. Number of nodes 23
EtherApe-INFO: 21:30:30.073: delete node: IP: 192.168.0.1. Number of nodes 22
EtherApe-INFO: 21:30:47.943: delete node: IP: 216.58.215.101. Number of nodes 21
EtherApe-INFO: 21:30:50.200: delete node: IP: 93.184.220.29. Number of nodes 20
EtherApe-INFO: 21:31:14.676: New node: IP: 52.33.112.155. Number of nodes 21
EtherApe-INFO: 21:31:21.154: delete node: IP: 172.217.16.1. Number of nodes 20
EtherApe-INFO: 21:31:25.256: delete node: IP: 95.216.195.133. Number of nodes 19
EtherApe-INFO: 21:31:34.173: delete node: IP: 142.250.203.214. Number of nodes 18
EtherApe-INFO: 21:31:38.798: delete node: IP: 52.43.46.140. Number of nodes 17
EtherApe-INFO: 21:31:41.050: delete node: IP: 142.250.75.14. Number of nodes 16
EtherApe-INFO: 21:31:46.488: delete node: IP: 18.66.15.126. Number of nodes 15
EtherApe-INFO: 21:31:56.904: New node: IP: 216.58.208.197. Number of nodes 16
EtherApe-INFO: 21:31:56.904: New node: IP: 142.250.75.4. Number of nodes 17
EtherApe-INFO: 21:31:57.928: New node: IP: 216.58.215.101. Number of nodes 18
EtherApe-INFO: 21:31:58.186: New node: IP: 142.250.203.141. Number of nodes 19
EtherApe-INFO: 21:31:58.442: New node: IP: 216.58.215.99. Number of nodes 20
EtherApe-INFO: 21:31:58.951: New node: IP: 216.58.215.106. Number of nodes 21
EtherApe-INFO: 21:31:59.208: New node: IP: 142.250.203.202. Number of nodes 22
EtherApe-INFO: 21:31:59.464: New node: IP: 142.250.203.129. Number of nodes 23
EtherApe-INFO: 21:31:59.724: New node: IP: 142.250.186.195. Number of nodes 24
EtherApe-INFO: 21:32:04.937: delete node: IP: 176.122.113.12. Number of nodes 23
EtherApe-INFO: 21:33:58.172: delete node: IP: 216.58.208.197. Number of nodes 22
EtherApe-INFO: 21:33:58.172: delete node: IP: 52.33.112.155. Number of nodes 21
EtherApe-INFO: 21:33:58.172: delete node: IP: 35.186.227.140. Number of nodes 20
EtherApe-INFO: 21:33:58.172: delete node: IP: 34.120.208.123. Number of nodes 19
EtherApe-INFO: 21:33:58.377: delete node: IP: 216.58.215.101. Number of nodes 18
EtherApe-INFO: 21:33:58.685: delete node: IP: 216.58.215.99. Number of nodes 17
EtherApe-INFO: 21:33:58.685: delete node: IP: 142.250.203.141. Number of nodes 16
EtherApe-INFO: 21:33:59.199: delete node: IP: 142.250.186.197. Number of nodes 15
EtherApe-INFO: 21:34:00.739: delete node: IP: 216.58.215.106. Number of nodes 14
EtherApe-INFO: 21:34:24.463: New node: IP: 95.216.195.133. Number of nodes 15
EtherApe-INFO: 21:34:38.749: New node: IP: 52.43.46.140. Number of nodes 16
EtherApe-INFO: 21:35:19.832: New node: IP: 52.33.112.155. Number of nodes 17
EtherApe-INFO: 21:35:19.832: New node: IP: 35.186.227.140. Number of nodes 18
EtherApe-INFO: 21:35:26.975: New node: IP: 18.66.15.126. Number of nodes 19
EtherApe-INFO: 21:35:26.976: New node: IP: 18.66.122.113. Number of nodes 20
EtherApe-INFO: 21:35:27.231: New node: IP: 52.222.236.20. Number of nodes 21
EtherApe-INFO: 21:35:27.743: New node: IP: 172.217.20.170. Number of nodes 22
EtherApe-INFO: 21:35:27.743: New node: IP: 34.104.32.36. Number of nodes 23
EtherApe-INFO: 21:35:28.000: New node: IP: 172.217.16.35. Number of nodes 24
EtherApe-INFO: 21:35:30.050: New node: IP: 35.161.14.50. Number of nodes 25
EtherApe-INFO: 21:36:25.646: delete node: IP: 95.216.195.133. Number of nodes 24
EtherApe-INFO: 21:36:39.733: delete node: IP: 52.43.46.140. Number of nodes 23
EtherApe-INFO: 21:36:50.217: delete node: IP: 142.250.203.202. Number of nodes 22
EtherApe-INFO: 21:36:50.217: delete node: IP: 142.250.203.195. Number of nodes 21
EtherApe-INFO: 21:36:50.217: delete node: IP: 142.250.203.138. Number of nodes 20
EtherApe-INFO: 21:36:50.217: delete node: IP: 142.250.186.195. Number of nodes 19
EtherApe-INFO: 21:36:51.760: delete node: IP: 142.250.203.129. Number of nodes 18
EtherApe-INFO: 21:36:51.760: delete node: IP: 142.250.75.4. Number of nodes 17
EtherApe-INFO: 21:36:54.479: New node: IP: 0.0.0.0. Number of nodes 18
EtherApe-INFO: 21:37:29.315: delete node: IP: 172.217.20.170. Number of nodes 17
EtherApe-INFO: 21:37:53.359: New node: IP: 172.217.20.170. Number of nodes 18
EtherApe-INFO: 21:38:21.629: delete node: IP: 52.33.112.155. Number of nodes 17
EtherApe-INFO: 21:38:32.601: delete node: IP: 35.161.14.50. Number of nodes 16
EtherApe-INFO: 21:38:56.090: delete node: IP: 0.0.0.0. Number of nodes 15
EtherApe-INFO: 21:39:24.463: New node: IP: 95.216.195.133. Number of nodes 16
EtherApe-INFO: 21:39:24.532: delete node: IP: 172.217.16.35. Number of nodes 15
EtherApe-INFO: 21:39:24.532: delete node: IP: 52.222.236.20. Number of nodes 14
EtherApe-INFO: 21:39:39.279: New node: IP: 52.43.46.140. Number of nodes 15
EtherApe-INFO: 21:39:53.632: delete node: IP: 172.217.20.170. Number of nodes 14
EtherApe-INFO: 21:40:13.084: delete node: IP: 35.186.227.140. Number of nodes 13
EtherApe-INFO: 21:40:15.111: New node: IP: 172.217.20.170. Number of nodes 14
EtherApe-INFO: 21:40:15.646: delete node: IP: 178.79.227.133. Number of nodes 13
EtherApe-INFO: 21:40:19.542: delete node: IP: 18.66.122.113. Number of nodes 12
EtherApe-INFO: 21:40:19.542: delete node: IP: 18.66.15.126. Number of nodes 11
EtherApe-INFO: 21:41:24.841: delete node: IP: 95.216.195.133. Number of nodes 10
EtherApe-INFO: 21:41:41.197: delete node: IP: 52.43.46.140. Number of nodes 9
EtherApe-INFO: 21:42:17.296: delete node: IP: 172.217.20.170. Number of nodes 8
EtherApe-INFO: 21:44:24.391: New node: IP: 95.216.195.133. Number of nodes 9
EtherApe-INFO: 21:44:39.471: New node: IP: 52.43.46.140. Number of nodes 10
EtherApe-INFO: 21:45:20.928: New node: IP: 35.186.227.140. Number of nodes 11
EtherApe-INFO: 21:45:20.928: New node: IP: 52.33.112.155. Number of nodes 12
EtherApe-INFO: 21:45:39.359: New node: IP: 0.0.0.0. Number of nodes 13
EtherApe-INFO: 21:46:32.942: delete node: IP: 95.216.195.133. Number of nodes 12
EtherApe-INFO: 21:46:40.108: delete node: IP: 52.43.46.140. Number of nodes 11
EtherApe-INFO: 21:47:39.676: delete node: IP: 0.0.0.0. Number of nodes 10
EtherApe-INFO: 21:48:24.992: delete node: IP: 52.33.112.155. Number of nodes 9
EtherApe-INFO: 21:48:43.863: New node: IP: 52.33.112.155. Number of nodes 10
EtherApe-INFO: 21:49:24.567: New node: IP: 95.216.195.133. Number of nodes 11
EtherApe-INFO: 21:49:31.992: New node: IP: 172.217.20.170. Number of nodes 12
EtherApe-INFO: 21:49:38.391: New node: IP: 52.43.46.140. Number of nodes 13
EtherApe-INFO: 21:51:24.897: delete node: IP: 95.216.195.133. Number of nodes 12
EtherApe-INFO: 21:51:26.151: New node: IP: 216.58.215.110. Number of nodes 13
EtherApe-INFO: 21:51:34.418: delete node: IP: 172.217.20.170. Number of nodes 12
EtherApe-INFO: 21:51:42.301: delete node: IP: 52.43.46.140. Number of nodes 11
EtherApe-INFO: 21:51:46.194: delete node: IP: 52.33.112.155. Number of nodes 10
EtherApe-INFO: 21:53:35.775: delete node: IP: 35.186.227.140. Number of nodes 9
EtherApe-INFO: 21:53:53.592: New node: IP: 140.82.112.26. Number of nodes 10
EtherApe-INFO: 21:54:24.287: New node: IP: 0.0.0.0. Number of nodes 11
EtherApe-INFO: 21:54:24.543: New node: IP: 95.216.195.133. Number of nodes 12
EtherApe-INFO: 21:54:40.159: New node: IP: 52.43.46.140. Number of nodes 13
EtherApe-INFO: 21:55:16.511: New node: IP: 172.217.20.170. Number of nodes 14
EtherApe-INFO: 21:55:53.960: delete node: IP: 140.82.113.26. Number of nodes 13
EtherApe-INFO: 21:56:22.110: delete node: IP: 216.58.215.110. Number of nodes 12
EtherApe-INFO: 21:56:28.020: delete node: IP: 0.0.0.0. Number of nodes 11
EtherApe-INFO: 21:56:34.645: delete node: IP: 34.104.32.36. Number of nodes 10
EtherApe-INFO: 21:56:40.559: delete node: IP: 95.216.195.133. Number of nodes 9
EtherApe-INFO: 21:56:40.559: delete node: IP: 52.43.46.140. Number of nodes 8
EtherApe-INFO: 21:57:21.440: delete node: IP: 172.217.20.170. Number of nodes 7
EtherApe-INFO: 21:58:44.639: New node: IP: 52.33.112.155. Number of nodes 8
EtherApe-INFO: 21:58:44.639: New node: IP: 35.186.227.140. Number of nodes 9
EtherApe-INFO: 21:58:55.932: delete node: IP: 104.18.40.133. Number of nodes 8
EtherApe-INFO: 21:59:24.576: New node: IP: 95.216.195.133. Number of nodes 9
EtherApe-INFO: 21:59:40.191: New node: IP: 52.43.46.140. Number of nodes 10
EtherApe-INFO: 22:01:25.508: delete node: IP: 95.216.195.133. Number of nodes 9
EtherApe-INFO: 22:01:42.325: delete node: IP: 52.43.46.140. Number of nodes 8
EtherApe-INFO: 22:01:48.544: delete node: IP: 52.33.112.155. Number of nodes 7
EtherApe-INFO: 22:03:09.344: New node: IP: 0.0.0.0. Number of nodes 8
EtherApe-INFO: 22:03:38.827: delete node: IP: 35.186.227.140. Number of nodes 7
EtherApe-INFO: 22:04:24.351: New node: IP: 95.216.195.133. Number of nodes 8
EtherApe-INFO: 22:04:40.480: New node: IP: 52.43.46.140. Number of nodes 9
EtherApe-INFO: 22:04:40.480: New node: IP: 52.222.214.116. Number of nodes 10
EtherApe-INFO: 22:04:40.735: New node: IP: 54.192.231.76. Number of nodes 11
EtherApe-INFO: 22:05:09.948: delete node: IP: 0.0.0.0. Number of nodes 10
EtherApe-INFO: 22:05:49.599: New node: IP: 52.33.112.155. Number of nodes 11
EtherApe-INFO: 22:05:49.599: New node: IP: 35.186.227.140. Number of nodes 12
EtherApe-INFO: 22:05:52.928: New node: IP: 34.104.32.36. Number of nodes 13
EtherApe-INFO: 22:06:13.921: New node: IP: 104.18.40.133. Number of nodes 14
EtherApe-INFO: 22:06:24.991: delete node: IP: 95.216.195.133. Number of nodes 13
EtherApe-INFO: 22:06:41.081: delete node: IP: 52.43.46.140. Number of nodes 12
EtherApe-INFO: 22:08:20.128: New node: IP: 172.217.20.170. Number of nodes 13
EtherApe-INFO: 22:08:37.035: delete node: IP: 52.222.214.116. Number of nodes 12
EtherApe-INFO: 22:08:51.677: delete node: IP: 52.33.112.155. Number of nodes 11
EtherApe-INFO: 22:09:24.359: New node: IP: 95.216.195.133. Number of nodes 12
EtherApe-INFO: 22:09:26.919: New node: IP: 18.66.15.126. Number of nodes 13
EtherApe-INFO: 22:09:26.919: New node: IP: 18.66.15.14. Number of nodes 14
EtherApe-INFO: 22:09:27.175: New node: IP: 99.86.240.41. Number of nodes 15
EtherApe-INFO: 22:09:27.944: New node: IP: 199.232.18.133. Number of nodes 16
EtherApe-INFO: 22:09:29.743: New node: IP: 35.161.14.50. Number of nodes 17
EtherApe-INFO: 22:09:31.130: delete node: IP: 54.192.231.76. Number of nodes 16
EtherApe-INFO: 22:09:33.063: New node: IP: 142.250.203.202. Number of nodes 17
EtherApe-INFO: 22:09:40.490: New node: IP: 52.43.46.140. Number of nodes 18
EtherApe-INFO: 22:10:20.492: delete node: IP: 172.217.20.170. Number of nodes 17
EtherApe-INFO: 22:10:42.796: delete node: IP: 35.186.227.140. Number of nodes 16
EtherApe-INFO: 22:11:24.718: delete node: IP: 95.216.195.133. Number of nodes 15
EtherApe-INFO: 22:11:41.104: delete node: IP: 52.43.46.140. Number of nodes 14
EtherApe-INFO: 22:11:54.375: New node: IP: 0.0.0.0. Number of nodes 15
EtherApe-INFO: 22:11:56.979: delete node: IP: 34.104.32.36. Number of nodes 14
EtherApe-INFO: 22:12:13.364: delete node: IP: 142.250.203.202. Number of nodes 13
EtherApe-INFO: 22:12:33.134: delete node: IP: 35.161.14.50. Number of nodes 12
EtherApe-INFO: 22:12:49.159: New node: IP: 142.250.203.202. Number of nodes 13
EtherApe-INFO: 22:13:24.296: delete node: IP: 99.86.240.41. Number of nodes 12
EtherApe-INFO: 22:13:56.794: delete node: IP: 0.0.0.0. Number of nodes 11
EtherApe-INFO: 22:14:18.352: delete node: IP: 18.66.15.126. Number of nodes 10
EtherApe-INFO: 22:14:18.352: delete node: IP: 18.66.15.14. Number of nodes 9
EtherApe-INFO: 22:14:24.391: New node: IP: 95.216.195.133. Number of nodes 10
EtherApe-INFO: 22:14:40.776: New node: IP: 52.43.46.140. Number of nodes 11
EtherApe-INFO: 22:14:49.231: delete node: IP: 142.250.203.202. Number of nodes 10
EtherApe-INFO: 22:15:50.407: New node: IP: 52.33.112.155. Number of nodes 11
EtherApe-INFO: 22:15:50.407: New node: IP: 35.164.184.131. Number of nodes 12
EtherApe-INFO: 22:15:51.175: New node: IP: 35.186.227.140. Number of nodes 13
EtherApe-INFO: 22:16:26.052: delete node: IP: 95.216.195.133. Number of nodes 12
EtherApe-INFO: 22:16:41.410: delete node: IP: 52.43.46.140. Number of nodes 11
EtherApe-INFO: 22:18:01.537: delete node: IP: 35.164.184.131. Number of nodes 10
EtherApe-INFO: 22:18:52.959: delete node: IP: 52.33.112.155. Number of nodes 9
EtherApe-INFO: 22:19:08.807: New node: IP: 172.217.20.170. Number of nodes 10
EtherApe-INFO: 22:19:24.423: New node: IP: 95.216.195.133. Number of nodes 11
EtherApe-INFO: 22:19:40.808: New node: IP: 52.43.46.140. Number of nodes 12
EtherApe-INFO: 22:20:31.239: New node: IP: 34.120.208.123. Number of nodes 13
EtherApe-INFO: 22:20:39.431: New node: IP: 0.0.0.0. Number of nodes 14
EtherApe-INFO: 22:20:43.849: delete node: IP: 35.186.227.140. Number of nodes 13
EtherApe-INFO: 22:21:09.195: delete node: IP: 172.217.20.170. Number of nodes 12
EtherApe-INFO: 22:21:25.768: delete node: IP: 95.216.195.133. Number of nodes 11
EtherApe-INFO: 22:21:27.559: New node: IP: 216.58.215.110. Number of nodes 12
EtherApe-INFO: 22:21:41.945: delete node: IP: 52.43.46.140. Number of nodes 11
EtherApe-INFO: 22:22:40.537: delete node: IP: 0.0.0.0. Number of nodes 10
EtherApe-INFO: 22:23:38.119: New node: IP: 172.217.20.170. Number of nodes 11
EtherApe-INFO: 22:24:06.023: New node: IP: 142.250.203.202. Number of nodes 12
EtherApe-INFO: 22:24:24.456: New node: IP: 95.216.195.133. Number of nodes 13
EtherApe-INFO: 22:24:41.095: New node: IP: 52.43.46.140. Number of nodes 14
EtherApe-INFO: 22:24:54.151: New node: IP: 140.82.114.25. Number of nodes 15
EtherApe-INFO: 22:25:22.887: delete node: IP: 34.120.208.123. Number of nodes 14
EtherApe-INFO: 22:25:38.239: delete node: IP: 172.217.20.170. Number of nodes 13
EtherApe-INFO: 22:26:06.150: delete node: IP: 142.250.203.202. Number of nodes 12
EtherApe-INFO: 22:26:18.185: delete node: IP: 216.58.215.110. Number of nodes 11
EtherApe-INFO: 22:26:28.390: delete node: IP: 95.216.195.133. Number of nodes 10
EtherApe-INFO: 22:26:41.960: delete node: IP: 52.43.46.140. Number of nodes 9
EtherApe-INFO: 22:26:54.217: delete node: IP: 140.82.112.26. Number of nodes 8
EtherApe-INFO: 22:29:24.487: New node: IP: 0.0.0.0. Number of nodes 9
EtherApe-INFO: 22:29:24.487: New node: IP: 95.216.195.133. Number of nodes 10
EtherApe-INFO: 22:29:39.079: New node: IP: 52.33.112.155. Number of nodes 11
EtherApe-INFO: 22:29:39.079: New node: IP: 35.186.227.140. Number of nodes 12
EtherApe-INFO: 22:29:41.383: New node: IP: 52.43.46.140. Number of nodes 13
EtherApe-INFO: 22:29:50.855: New node: IP: 142.250.203.202. Number of nodes 14
EtherApe-INFO: 22:29:51.367: New node: IP: 18.66.147.82. Number of nodes 15
EtherApe-INFO: 22:29:51.623: New node: IP: 18.66.15.14. Number of nodes 16
EtherApe-INFO: 22:29:51.624: New node: IP: 99.86.240.41. Number of nodes 17
EtherApe-INFO: 22:29:52.392: New node: IP: 178.79.227.133. Number of nodes 18
EtherApe-INFO: 22:29:54.168: New node: IP: 35.161.14.50. Number of nodes 19
EtherApe-INFO: 22:31:25.449: delete node: IP: 95.216.195.133. Number of nodes 18
EtherApe-INFO: 22:31:25.449: delete node: IP: 0.0.0.0. Number of nodes 17
EtherApe-INFO: 22:31:42.782: delete node: IP: 52.43.46.140. Number of nodes 16
EtherApe-INFO: 22:32:07.055: New node: IP: 13.32.121.59. Number of nodes 17
EtherApe-INFO: 22:32:40.664: delete node: IP: 52.33.112.155. Number of nodes 16
EtherApe-INFO: 22:32:42.710: delete node: IP: 142.250.203.202. Number of nodes 15
EtherApe-INFO: 22:32:56.032: delete node: IP: 35.161.14.50. Number of nodes 14
EtherApe-INFO: 22:33:51.271: delete node: IP: 99.86.240.41. Number of nodes 13
EtherApe-INFO: 22:34:03.519: delete node: IP: 54.192.231.10. Number of nodes 12
EtherApe-INFO: 22:34:24.490: New node: IP: 95.216.195.133. Number of nodes 13
EtherApe-INFO: 22:34:31.705: delete node: IP: 35.186.227.140. Number of nodes 12
EtherApe-INFO: 22:34:40.615: New node: IP: 52.43.46.140. Number of nodes 13
EtherApe-INFO: 22:34:40.895: delete node: IP: 199.232.18.133. Number of nodes 12
EtherApe-INFO: 22:34:42.940: delete node: IP: 18.66.147.82. Number of nodes 11
EtherApe-INFO: 22:34:42.940: delete node: IP: 18.66.15.14. Number of nodes 10
EtherApe-INFO: 22:36:27.282: delete node: IP: 95.216.195.133. Number of nodes 9
EtherApe-INFO: 22:36:41.889: delete node: IP: 52.43.46.140. Number of nodes 8
EtherApe-INFO: 22:38:09.455: New node: IP: 0.0.0.0. Number of nodes 9
EtherApe-INFO: 22:39:24.382: New node: IP: 95.216.195.133. Number of nodes 10
EtherApe-INFO: 22:39:39.959: New node: IP: 52.33.112.155. Number of nodes 11
EtherApe-INFO: 22:39:39.959: New node: IP: 35.186.227.140. Number of nodes 12
EtherApe-INFO: 22:39:41.751: New node: IP: 52.43.46.140. Number of nodes 13
EtherApe-INFO: 22:39:48.409: New node: IP: 172.217.20.170. Number of nodes 14
EtherApe-INFO: 22:40:09.473: delete node: IP: 0.0.0.0. Number of nodes 13
EtherApe-INFO: 22:41:26.004: delete node: IP: 95.216.195.133. Number of nodes 12
EtherApe-INFO: 22:41:42.875: delete node: IP: 52.43.46.140. Number of nodes 11
EtherApe-INFO: 22:41:48.799: delete node: IP: 172.217.20.170. Number of nodes 10
EtherApe-INFO: 22:42:42.462: delete node: IP: 52.33.112.155. Number of nodes 9
EtherApe-INFO: 22:44:24.424: New node: IP: 95.216.195.133. Number of nodes 10
EtherApe-INFO: 22:44:32.361: delete node: IP: 35.186.227.140. Number of nodes 9
EtherApe-INFO: 22:44:42.023: New node: IP: 52.43.46.140. Number of nodes 10
EtherApe-INFO: 22:46:24.843: delete node: IP: 95.216.195.133. Number of nodes 9
EtherApe-INFO: 22:46:42.809: delete node: IP: 52.43.46.140. Number of nodes 8
EtherApe-INFO: 22:46:54.495: New node: IP: 0.0.0.0. Number of nodes 9
EtherApe-INFO: 22:47:15.743: New node: IP: 142.250.203.202. Number of nodes 10
EtherApe-INFO: 22:48:54.492: delete node: IP: 0.0.0.0. Number of nodes 9
EtherApe-INFO: 22:49:17.194: delete node: IP: 142.250.203.202. Number of nodes 8
EtherApe-INFO: 22:49:23.256: New node: IP: 172.217.20.170. Number of nodes 9
EtherApe-INFO: 22:49:24.535: New node: IP: 95.216.195.133. Number of nodes 10
EtherApe-INFO: 22:49:42.367: New node: IP: 52.43.46.140. Number of nodes 11
EtherApe-INFO: 22:49:56.192: New node: IP: 35.186.227.140. Number of nodes 12
EtherApe-INFO: 22:49:56.192: New node: IP: 52.33.112.155. Number of nodes 13
EtherApe-INFO: 22:50:09.479: New node: IP: 18.66.15.90. Number of nodes 14
EtherApe-INFO: 22:50:09.735: New node: IP: 18.66.15.14. Number of nodes 15
EtherApe-INFO: 22:50:09.735: New node: IP: 52.222.236.105. Number of nodes 16
EtherApe-INFO: 22:50:10.503: New node: IP: 34.104.32.36. Number of nodes 17
EtherApe-INFO: 22:50:12.553: New node: IP: 35.161.14.50. Number of nodes 18
EtherApe-INFO: 22:51:24.647: delete node: IP: 95.216.195.133. Number of nodes 17
EtherApe-INFO: 22:51:28.903: New node: IP: 142.250.203.206. Number of nodes 18
EtherApe-INFO: 22:51:42.775: delete node: IP: 52.43.46.140. Number of nodes 17
EtherApe-INFO: 22:52:59.757: delete node: IP: 52.33.112.155. Number of nodes 16
EtherApe-INFO: 22:53:15.946: delete node: IP: 35.161.14.50. Number of nodes 15
EtherApe-INFO: 22:53:32.851: delete node: IP: 172.217.20.170. Number of nodes 14
EtherApe-INFO: 22:54:07.879: delete node: IP: 52.222.236.105. Number of nodes 13
EtherApe-INFO: 22:54:24.447: New node: IP: 95.216.195.133. Number of nodes 14
EtherApe-INFO: 22:54:42.623: New node: IP: 52.43.46.140. Number of nodes 15
EtherApe-INFO: 22:54:47.501: delete node: IP: 35.186.227.140. Number of nodes 14
EtherApe-INFO: 22:54:52.109: delete node: IP: 178.79.227.133. Number of nodes 13
EtherApe-INFO: 22:54:54.647: New node: IP: 140.82.112.25. Number of nodes 14
EtherApe-INFO: 22:55:00.826: delete node: IP: 18.66.15.90. Number of nodes 13
EtherApe-INFO: 22:55:00.826: delete node: IP: 18.66.15.14. Number of nodes 12
EtherApe-INFO: 22:55:39.448: New node: IP: 0.0.0.0. Number of nodes 13
EtherApe-INFO: 22:55:56.343: New node: IP: 172.217.20.170. Number of nodes 14
EtherApe-INFO: 22:56:20.157: delete node: IP: 142.250.203.206. Number of nodes 13
EtherApe-INFO: 22:56:25.072: delete node: IP: 95.216.195.133. Number of nodes 12
EtherApe-INFO: 22:56:43.705: delete node: IP: 52.43.46.140. Number of nodes 11
EtherApe-INFO: 22:56:54.956: delete node: IP: 140.82.114.25. Number of nodes 10
EtherApe-INFO: 22:57:40.081: delete node: IP: 0.0.0.0. Number of nodes 9
EtherApe-INFO: 22:58:05.092: New node: IP: 178.79.227.133. Number of nodes 10
EtherApe-INFO: 22:58:29.192: delete node: IP: 172.217.20.170. Number of nodes 9
EtherApe-INFO: 22:59:24.447: New node: IP: 95.216.195.133. Number of nodes 10
EtherApe-INFO: 22:59:42.880: New node: IP: 52.43.46.140. Number of nodes 11
EtherApe-INFO: 22:59:56.962: New node: IP: 52.33.112.155. Number of nodes 12
EtherApe-INFO: 22:59:56.962: New node: IP: 35.186.227.140. Number of nodes 13
EtherApe-INFO: 23:01:24.755: delete node: IP: 95.216.195.133. Number of nodes 12
EtherApe-INFO: 23:01:25.512: New node: IP: 172.217.20.170. Number of nodes 13
EtherApe-INFO: 23:01:43.487: delete node: IP: 52.43.46.140. Number of nodes 12
EtherApe-INFO: 23:02:55.687: delete node: IP: 178.79.227.133. Number of nodes 11
EtherApe-INFO: 23:02:59.780: delete node: IP: 52.33.112.155. Number of nodes 10
EtherApe-INFO: 23:04:24.440: New node: IP: 0.0.0.0. Number of nodes 11
EtherApe-INFO: 23:04:24.440: New node: IP: 95.216.195.133. Number of nodes 12
EtherApe-INFO: 23:04:40.823: New node: IP: 52.43.46.140. Number of nodes 13
EtherApe-INFO: 23:04:48.311: delete node: IP: 172.217.20.170. Number of nodes 12
EtherApe-INFO: 23:04:48.824: delete node: IP: 35.186.227.140. Number of nodes 11
EtherApe-INFO: 23:06:24.964: delete node: IP: 0.0.0.0. Number of nodes 10
EtherApe-INFO: 23:06:28.034: delete node: IP: 95.216.195.133. Number of nodes 9
EtherApe-INFO: 23:06:43.966: delete node: IP: 52.43.46.140. Number of nodes 8
EtherApe-INFO: 23:09:24.407: New node: IP: 95.216.195.133. Number of nodes 9
EtherApe-INFO: 23:09:43.351: New node: IP: 52.43.46.140. Number of nodes 10
EtherApe-INFO: 23:10:15.863: New node: IP: 142.250.203.202. Number of nodes 11
EtherApe-INFO: 23:11:25.527: delete node: IP: 95.216.195.133. Number of nodes 10
EtherApe-INFO: 23:11:43.928: delete node: IP: 52.43.46.140. Number of nodes 9
EtherApe-INFO: 23:11:50.783: New node: IP: 34.120.208.123. Number of nodes 10
EtherApe-INFO: 23:11:50.783: New node: IP: 52.33.112.155. Number of nodes 11
EtherApe-INFO: 23:11:50.783: New node: IP: 35.164.184.131. Number of nodes 12
EtherApe-INFO: 23:11:51.552: New node: IP: 35.186.227.140. Number of nodes 13
EtherApe-INFO: 23:11:55.903: New node: IP: 18.66.15.90. Number of nodes 14
EtherApe-INFO: 23:11:55.905: New node: IP: 18.66.15.14. Number of nodes 15
EtherApe-INFO: 23:11:56.159: New node: IP: 99.86.240.41. Number of nodes 16
EtherApe-INFO: 23:11:58.933: New node: IP: 35.161.14.50. Number of nodes 17
EtherApe-INFO: 23:12:18.660: delete node: IP: 142.250.203.202. Number of nodes 16
EtherApe-INFO: 23:13:09.295: New node: IP: 0.0.0.0. Number of nodes 17
EtherApe-INFO: 23:14:02.564: delete node: IP: 35.164.184.131. Number of nodes 16
EtherApe-INFO: 23:14:24.559: New node: IP: 95.216.195.133. Number of nodes 17
EtherApe-INFO: 23:14:43.504: New node: IP: 52.43.46.140. Number of nodes 18
EtherApe-INFO: 23:14:53.829: delete node: IP: 52.33.112.155. Number of nodes 17
EtherApe-INFO: 23:15:00.491: delete node: IP: 35.161.14.50. Number of nodes 16
EtherApe-INFO: 23:15:10.434: delete node: IP: 0.0.0.0. Number of nodes 15
EtherApe-INFO: 23:15:54.492: delete node: IP: 99.86.240.41. Number of nodes 14
EtherApe-INFO: 23:16:28.460: delete node: IP: 95.216.195.133. Number of nodes 13
EtherApe-INFO: 23:16:42.371: delete node: IP: 34.120.208.123. Number of nodes 12
EtherApe-INFO: 23:16:42.883: delete node: IP: 35.186.227.140. Number of nodes 11
EtherApe-INFO: 23:16:43.903: delete node: IP: 52.43.46.140. Number of nodes 10
EtherApe-INFO: 23:16:46.971: delete node: IP: 18.66.15.90. Number of nodes 9
EtherApe-INFO: 23:16:46.971: delete node: IP: 18.66.15.14. Number of nodes 8
EtherApe-INFO: 23:19:24.568: New node: IP: 95.216.195.133. Number of nodes 9
EtherApe-INFO: 23:19:43.767: New node: IP: 52.43.46.140. Number of nodes 10
EtherApe-INFO: 23:20:31.127: New node: IP: 34.120.208.123. Number of nodes 11
EtherApe-INFO: 23:21:17.976: New node: IP: 142.250.203.206. Number of nodes 12
EtherApe-INFO: 23:21:25.714: delete node: IP: 95.216.195.133. Number of nodes 11
EtherApe-INFO: 23:21:44.131: delete node: IP: 52.43.46.140. Number of nodes 10
EtherApe-INFO: 23:21:52.280: New node: IP: 52.33.112.155. Number of nodes 11
EtherApe-INFO: 23:21:52.280: New node: IP: 35.186.227.140. Number of nodes 12
EtherApe-INFO: 23:21:53.048: New node: IP: 34.209.16.253. Number of nodes 13
EtherApe-INFO: 23:21:54.327: New node: IP: 0.0.0.0. Number of nodes 14
EtherApe-INFO: 23:23:54.713: delete node: IP: 0.0.0.0. Number of nodes 13
EtherApe-INFO: 23:24:24.575: New node: IP: 95.216.195.133. Number of nodes 14
EtherApe-INFO: 23:24:44.034: New node: IP: 52.43.46.140. Number of nodes 15
EtherApe-INFO: 23:24:54.311: delete node: IP: 52.33.112.155. Number of nodes 14
EtherApe-INFO: 23:24:55.130: delete node: IP: 34.209.16.253. Number of nodes 13
EtherApe-INFO: 23:25:22.786: delete node: IP: 34.120.208.123. Number of nodes 12
EtherApe-INFO: 23:26:22.094: delete node: IP: 142.250.203.206. Number of nodes 11
EtherApe-INFO: 23:26:26.181: delete node: IP: 95.216.195.133. Number of nodes 10
EtherApe-INFO: 23:26:44.191: delete node: IP: 52.43.46.140. Number of nodes 9
EtherApe-INFO: 23:26:45.927: delete node: IP: 35.186.227.140. Number of nodes 8
EtherApe-INFO: 23:27:55.008: New node: IP: 140.82.112.26. Number of nodes 9
EtherApe-INFO: 23:27:56.543: New node: IP: 172.217.20.170. Number of nodes 10
EtherApe-INFO: 23:29:24.351: New node: IP: 95.216.195.133. Number of nodes 11
EtherApe-INFO: 23:29:44.063: New node: IP: 52.43.46.140. Number of nodes 12
EtherApe-INFO: 23:29:55.631: delete node: IP: 140.82.112.25. Number of nodes 11
EtherApe-INFO: 23:29:56.654: delete node: IP: 172.217.20.170. Number of nodes 10
EtherApe-INFO: 23:30:39.359: New node: IP: 0.0.0.0. Number of nodes 11
EtherApe-INFO: 23:31:25.244: delete node: IP: 95.216.195.133. Number of nodes 10
EtherApe-INFO: 23:31:46.433: delete node: IP: 52.43.46.140. Number of nodes 9
                                                                                                                                                                                                                                   