(etherape:2035): GLib-GIO-DEBUG: 23:38:49.350: _g_io_module_get_default: Found default implementation local (GLocalVfs) for ‘gio-vfs’
(etherape:2035): GLib-GIO-DEBUG: 23:38:49.384: Using cross-namespace EXTERNAL authentication (this will deadlock if server is GDBus < 2.73.3)
EtherApe-INFO: 23:38:49.418: sctp protocol not supported
EtherApe-INFO: 23:38:49.418: dccp protocol not supported
EtherApe-INFO: 23:38:49.418: sctp protocol not supported
EtherApe-INFO: 23:38:49.418: sctp protocol not supported
EtherApe-INFO: 23:38:49.418: sctp protocol not supported
EtherApe-INFO: 23:38:49.418: sctp protocol not supported
EtherApe-INFO: 23:38:49.418: sctp protocol not supported
EtherApe-INFO: 23:38:49.418: sctp protocol not supported
EtherApe-INFO: 23:38:49.418: sctp protocol not supported
EtherApe-INFO: 23:38:49.418: dccp protocol not supported
EtherApe-INFO: 23:38:49.418: sctp protocol not supported
EtherApe-INFO: 23:38:49.418: dccp protocol not supported
EtherApe-INFO: 23:38:49.418: dccp protocol not supported
EtherApe-INFO: 23:38:49.418: sctp protocol not supported
EtherApe-INFO: 23:38:49.419: sctp protocol not supported
EtherApe-INFO: 23:38:49.419: sctp protocol not supported
EtherApe-INFO: 23:38:49.419: sctp protocol not supported
EtherApe-INFO: 23:38:49.419: sctp protocol not supported
EtherApe-INFO: 23:38:49.419: sctp protocol not supported
EtherApe-INFO: 23:38:49.419: sctp protocol not supported
EtherApe-INFO: 23:38:49.420: sctp protocol not supported
EtherApe-INFO: 23:38:49.420: sctp protocol not supported
EtherApe-INFO: 23:38:49.420: sctp protocol not supported
EtherApe-INFO: 23:38:49.420: sctp protocol not supported
EtherApe-INFO: 23:38:49.420: sctp protocol not supported
EtherApe-INFO: 23:38:49.420: sctp protocol not supported
EtherApe-INFO: 23:38:49.420: sctp protocol not supported
EtherApe-INFO: 23:38:49.420: sctp protocol not supported
EtherApe-INFO: 23:38:49.420: dccp protocol not supported
EtherApe-INFO: 23:38:49.420: sctp protocol not supported
EtherApe-INFO: 23:38:49.420: sctp protocol not supported
EtherApe-INFO: 23:38:49.420: dccp protocol not supported
EtherApe-INFO: 23:38:49.420: sctp protocol not supported
EtherApe-INFO: 23:38:49.420: sctp protocol not supported
EtherApe-INFO: 23:38:49.420: sctp protocol not supported
EtherApe-INFO: 23:38:49.420: dccp protocol not supported
EtherApe-INFO: 23:38:49.420: dccp protocol not supported
EtherApe-INFO: 23:38:49.420: sctp protocol not supported
EtherApe-INFO: 23:38:49.420: sctp protocol not supported
EtherApe-INFO: 23:38:49.420: sctp protocol not supported
EtherApe-INFO: 23:38:49.420: sctp protocol not supported
EtherApe-INFO: 23:38:49.420: sctp protocol not supported
EtherApe-INFO: 23:38:49.421: sctp protocol not supported
EtherApe-INFO: 23:38:49.421: sctp protocol not supported
EtherApe-INFO: 23:38:49.421: sctp protocol not supported
EtherApe-INFO: 23:38:49.421: sctp protocol not supported
EtherApe-INFO: 23:38:49.421: sctp protocol not supported
EtherApe-INFO: 23:38:49.421: sctp protocol not supported
EtherApe-INFO: 23:38:49.421: sctp protocol not supported
EtherApe-INFO: 23:38:49.421: sctp protocol not supported
EtherApe-INFO: 23:38:49.421: sctp protocol not supported
EtherApe-INFO: 23:38:49.421: sctp protocol not supported
EtherApe-INFO: 23:38:49.421: sctp protocol not supported
EtherApe-INFO: 23:38:49.421: sctp protocol not supported
EtherApe-INFO: 23:38:49.421: sctp protocol not supported
EtherApe-INFO: 23:38:49.421: sctp protocol not supported
EtherApe-INFO: 23:38:49.421: sctp protocol not supported
EtherApe-INFO: 23:38:49.421: dccp protocol not supported
EtherApe-INFO: 23:38:49.421: sctp protocol not supported
EtherApe-INFO: 23:38:49.421: sctp protocol not supported
EtherApe-INFO: 23:38:49.421: sctp protocol not supported
EtherApe-INFO: 23:38:49.421: sctp protocol not supported
EtherApe-INFO: 23:38:49.421: sctp protocol not supported
EtherApe-INFO: 23:38:49.421: sctp protocol not supported
EtherApe-INFO: 23:38:49.421: sctp protocol not supported
EtherApe-INFO: 23:38:49.421: sctp protocol not supported
EtherApe-INFO: 23:38:49.421: sctp protocol not supported
EtherApe-INFO: 23:38:49.421: sctp protocol not supported
EtherApe-INFO: 23:38:49.421: sctp protocol not supported
EtherApe-INFO: 23:38:49.421: sctp protocol not supported
EtherApe-INFO: 23:38:49.421: sctp protocol not supported
EtherApe-INFO: 23:38:49.421: sctp protocol not supported
EtherApe-INFO: 23:38:49.421: sctp protocol not supported
EtherApe-INFO: 23:38:49.421: sctp protocol not supported
EtherApe-INFO: 23:38:49.421: sctp protocol not supported
EtherApe-INFO: 23:38:49.421: sctp protocol not supported
EtherApe-INFO: 23:38:49.421: sctp protocol not supported
EtherApe-INFO: 23:38:49.421: sctp protocol not supported
EtherApe-INFO: 23:38:49.421: sctp protocol not supported
EtherApe-INFO: 23:38:49.421: sctp protocol not supported
EtherApe-INFO: 23:38:49.421: sctp protocol not supported
EtherApe-INFO: 23:38:49.421: sctp protocol not supported
EtherApe-INFO: 23:38:49.421: sctp protocol not supported
EtherApe-INFO: 23:38:49.421: sctp protocol not supported
EtherApe-INFO: 23:38:49.422: sctp protocol not supported
EtherApe-INFO: 23:38:49.422: sctp protocol not supported
EtherApe-INFO: 23:38:49.422: sctp protocol not supported
EtherApe-INFO: 23:38:49.422: sctp protocol not supported
EtherApe-INFO: 23:38:49.422: sctp protocol not supported
EtherApe-INFO: 23:38:49.422: sctp protocol not supported
EtherApe-INFO: 23:38:49.422: sctp protocol not supported
EtherApe-INFO: 23:38:49.422: sctp protocol not supported
EtherApe-INFO: 23:38:49.422: sctp protocol not supported
EtherApe-INFO: 23:38:49.422: sctp protocol not supported
EtherApe-INFO: 23:38:49.422: sctp protocol not supported
EtherApe-INFO: 23:38:49.422: sctp protocol not supported
EtherApe-INFO: 23:38:49.434: get_interface result: ''
EtherApe-INFO: 23:38:49.435: Available interfaces for capture: dbus-session dbus-system nfqueue nflog bluetooth-monitor enp8s0 enp5s0 lo any
EtherApe-INFO: 23:38:49.435: Link type is LINUX_SLL
EtherApe-INFO: 23:38:49.435: Diagram started
EtherApe-INFO: 23:38:50.198: New node: IP: 127.0.0.1. Number of nodes 1
EtherApe-INFO: 23:39:45.494: New node: IP: 0.0.0.0. Number of nodes 2
EtherApe-INFO: 23:39:45.494: New node: IP: 255.255.255.255. Number of nodes 3
EtherApe-INFO: 23:40:05.207: New node: IP: 195.64.182.160. Number of nodes 4
EtherApe-INFO: 23:40:05.207: New node: IP: 149.154.167.50. Number of nodes 5
EtherApe-INFO: 23:40:05.207: New node: IP: 149.154.167.91. Number of nodes 6
EtherApe-INFO: 23:40:05.207: New node: IP: 149.154.175.100. Number of nodes 7
EtherApe-INFO: 23:40:05.207: New node: IP: 149.154.167.41. Number of nodes 8
EtherApe-INFO: 23:40:05.207: New node: IP: 149.154.167.92. Number of nodes 9
EtherApe-INFO: 23:40:05.207: New node: IP: 208.67.222.222. Number of nodes 10
EtherApe-INFO: 23:40:05.974: New node: IP: 224.0.0.251. Number of nodes 11
EtherApe-INFO: 23:40:05.974: New node: IP: 224.0.0.22. Number of nodes 12
EtherApe-INFO: 23:40:06.742: New node: IP: 239.255.255.250. Number of nodes 13
EtherApe-INFO: 23:40:10.070: New node: IP: 91.108.56.145. Number of nodes 14
EtherApe-INFO: 23:40:10.071: New node: IP: 91.108.56.188. Number of nodes 15
EtherApe-INFO: 23:40:10.326: New node: IP: 208.67.220.220. Number of nodes 16
EtherApe-INFO: 23:40:11.354: New node: IP: 95.216.195.133. Number of nodes 17
EtherApe-INFO: 23:40:11.358: New node: IP: 45.134.26.20. Number of nodes 18
EtherApe-INFO: 23:40:11.864: New node: IP: 216.58.215.67. Number of nodes 19
EtherApe-INFO: 23:40:11.864: New node: IP: 173.194.73.188. Number of nodes 20
EtherApe-INFO: 23:40:11.864: New node: IP: 172.217.16.42. Number of nodes 21
EtherApe-INFO: 23:40:11.864: New node: IP: 142.250.203.142. Number of nodes 22
EtherApe-INFO: 23:40:11.864: New node: IP: 142.250.203.205. Number of nodes 23
EtherApe-INFO: 23:40:11.866: New node: IP: 45.33.49.119. Number of nodes 24
EtherApe-INFO: 23:40:11.867: New node: IP: 142.250.186.206. Number of nodes 25
EtherApe-INFO: 23:40:11.867: New node: IP: 142.250.203.206. Number of nodes 26
EtherApe-INFO: 23:40:11.876: New node: IP: 78.46.105.101. Number of nodes 27
EtherApe-INFO: 23:40:12.009: New node: IP: 216.58.215.72. Number of nodes 28
EtherApe-INFO: 23:40:12.009: New node: IP: 142.250.186.214. Number of nodes 29
EtherApe-INFO: 23:40:12.025: New node: IP: 162.159.153.4. Number of nodes 30
EtherApe-INFO: 23:40:12.140: New node: IP: 192.178.25.170. Number of nodes 31
EtherApe-INFO: 23:40:12.306: New node: IP: 31.43.58.109. Number of nodes 32
EtherApe-INFO: 23:40:12.397: New node: IP: 31.43.47.206. Number of nodes 33
EtherApe-INFO: 23:40:12.606: New node: IP: 149.154.167.216. Number of nodes 34
EtherApe-INFO: 23:40:12.834: New node: IP: 142.250.203.195. Number of nodes 35
EtherApe-INFO: 23:40:12.871: New node: IP: 142.250.75.2. Number of nodes 36
EtherApe-INFO: 23:40:13.007: New node: IP: 172.217.16.10. Number of nodes 37
EtherApe-INFO: 23:40:13.420: New node: IP: 8.8.8.8. Number of nodes 38
EtherApe-INFO: 23:40:13.445: New node: IP: 1.1.1.1. Number of nodes 39
EtherApe-INFO: 23:40:13.448: New node: IP: 142.250.186.198. Number of nodes 40
EtherApe-INFO: 23:40:13.625: New node: IP: 176.122.113.13. Number of nodes 41
EtherApe-INFO: 23:40:13.633: New node: IP: 192.178.25.164. Number of nodes 42
EtherApe-INFO: 23:40:13.634: New node: IP: 142.250.203.202. Number of nodes 43
EtherApe-INFO: 23:40:13.800: New node: IP: 31.43.58.108. Number of nodes 44
EtherApe-INFO: 23:40:14.606: New node: IP: 172.217.16.33. Number of nodes 45
EtherApe-INFO: 23:40:14.951: New node: IP: 193.106.144.6. Number of nodes 46
EtherApe-INFO: 23:40:15.464: New node: IP: 142.250.203.131. Number of nodes 47
EtherApe-INFO: 23:40:15.717: New node: IP: 142.250.203.138. Number of nodes 48
EtherApe-INFO: 23:40:15.840: New node: IP: 216.58.215.65. Number of nodes 49
EtherApe-INFO: 23:40:16.902: New node: IP: 216.58.209.2. Number of nodes 50
EtherApe-INFO: 23:40:17.419: New node: IP: 192.178.25.163. Number of nodes 51
EtherApe-INFO: 23:40:17.841: New node: IP: 142.250.186.202. Number of nodes 52
EtherApe-INFO: 23:40:18.758: New node: IP: 140.82.121.3. Number of nodes 53
EtherApe-INFO: 23:40:19.270: New node: IP: 167.248.133.154. Number of nodes 54
EtherApe-INFO: 23:40:19.528: New node: IP: 185.199.108.154. Number of nodes 55
EtherApe-INFO: 23:40:19.796: New node: IP: 142.250.203.129. Number of nodes 56
EtherApe-INFO: 23:40:19.802: New node: IP: 142.250.75.10. Number of nodes 57
EtherApe-INFO: 23:40:20.039: New node: IP: 140.82.113.21. Number of nodes 58
EtherApe-INFO: 23:40:20.040: New node: IP: 140.82.121.6. Number of nodes 59
EtherApe-INFO: 23:40:20.556: New node: IP: 176.122.113.12. Number of nodes 60
EtherApe-INFO: 23:40:20.812: New node: IP: 173.194.50.224. Number of nodes 61
EtherApe-INFO: 23:40:21.583: New node: IP: 185.199.110.133. Number of nodes 62
EtherApe-INFO: 23:40:23.368: New node: IP: 135.181.27.174. Number of nodes 63
EtherApe-INFO: 23:40:24.156: New node: IP: 142.250.203.197. Number of nodes 64
EtherApe-INFO: 23:40:24.405: New node: IP: 172.217.16.4. Number of nodes 65
EtherApe-INFO: 23:40:24.789: New node: IP: 142.250.203.145. Number of nodes 66
EtherApe-INFO: 23:40:25.226: New node: IP: 151.101.65.91. Number of nodes 67
EtherApe-INFO: 23:40:25.573: New node: IP: 142.250.186.200. Number of nodes 68
EtherApe-INFO: 23:40:25.797: New node: IP: 167.94.146.22. Number of nodes 69
EtherApe-INFO: 23:40:25.801: New node: IP: 216.58.215.99. Number of nodes 70
EtherApe-INFO: 23:40:26.309: New node: IP: 31.43.47.205. Number of nodes 71
EtherApe-INFO: 23:40:26.310: New node: IP: 173.194.183.232. Number of nodes 72
EtherApe-INFO: 23:40:28.188: New node: IP: 74.125.99.168. Number of nodes 73
EtherApe-INFO: 23:40:31.193: New node: IP: 74.125.104.200. Number of nodes 74
EtherApe-INFO: 23:40:35.230: New node: IP: 192.178.25.174. Number of nodes 75
EtherApe-INFO: 23:40:40.607: New node: IP: 205.210.31.216. Number of nodes 76
EtherApe-INFO: 23:40:51.878: New node: IP: 167.248.133.175. Number of nodes 77
EtherApe-INFO: 23:40:57.254: New node: IP: 104.156.155.11. Number of nodes 78
EtherApe-INFO: 23:41:03.862: New node: IP: 15.237.96.166. Number of nodes 79
EtherApe-INFO: 23:41:04.118: New node: IP: 13.39.105.182. Number of nodes 80
EtherApe-INFO: 23:41:04.118: New node: IP: 13.38.49.30. Number of nodes 81
EtherApe-INFO: 23:41:14.871: New node: IP: 142.250.185.163. Number of nodes 82
EtherApe-INFO: 23:41:15.896: New node: IP: 142.250.186.195. Number of nodes 83
EtherApe-INFO: 23:41:16.922: New node: IP: 142.250.186.194. Number of nodes 84
EtherApe-INFO: 23:41:16.925: New node: IP: 216.58.215.74. Number of nodes 85
EtherApe-INFO: 23:41:18.463: New node: IP: 116.209.208.118. Number of nodes 86
EtherApe-INFO: 23:41:25.882: New node: IP: 34.93.91.7. Number of nodes 87
EtherApe-INFO: 23:41:48.615: New node: IP: 172.217.16.46. Number of nodes 88
EtherApe-INFO: 23:41:48.994: New node: IP: 108.138.51.56. Number of nodes 89
EtherApe-INFO: 23:41:49.934: New node: IP: 216.58.215.118. Number of nodes 90
EtherApe-INFO: 23:41:49.978: New node: IP: 82.207.52.214. Number of nodes 91
EtherApe-INFO: 23:41:50.123: New node: IP: 193.19.152.72. Number of nodes 92
EtherApe-INFO: 23:41:50.143: New node: IP: 104.18.17.3. Number of nodes 93
EtherApe-INFO: 23:41:50.444: New node: IP: 13.107.42.14. Number of nodes 94
EtherApe-INFO: 23:41:50.474: New node: IP: 5.134.6.150. Number of nodes 95
EtherApe-INFO: 23:41:50.559: New node: IP: 69.16.175.42. Number of nodes 96
EtherApe-INFO: 23:41:50.580: New node: IP: 188.114.96.13. Number of nodes 97
EtherApe-INFO: 23:41:50.712: New node: IP: 216.58.209.3. Number of nodes 98
EtherApe-INFO: 23:41:50.783: New node: IP: 192.178.25.162. Number of nodes 99
EtherApe-INFO: 23:41:50.790: New node: IP: 193.19.153.66. Number of nodes 100
EtherApe-INFO: 23:41:51.004: New node: IP: 192.0.66.96. Number of nodes 101
EtherApe-INFO: 23:41:51.404: New node: IP: 188.114.97.13. Number of nodes 102
EtherApe-INFO: 23:41:51.430: New node: IP: 178.162.131.118. Number of nodes 103
EtherApe-INFO: 23:41:51.528: New node: IP: 178.18.231.162. Number of nodes 104
EtherApe-INFO: 23:41:51.587: New node: IP: 172.217.16.131. Number of nodes 105
EtherApe-INFO: 23:41:51.587: New node: IP: 216.239.32.116. Number of nodes 106
EtherApe-INFO: 23:41:51.604: New node: IP: 172.217.16.3. Number of nodes 107
EtherApe-INFO: 23:41:51.970: New node: IP: 192.0.78.32. Number of nodes 108
EtherApe-INFO: 23:41:51.976: New node: IP: 104.18.23.52. Number of nodes 109
EtherApe-INFO: 23:41:51.996: New node: IP: 68.183.241.41. Number of nodes 110
EtherApe-INFO: 23:41:52.011: New node: IP: 212.111.40.74. Number of nodes 111
EtherApe-INFO: 23:41:52.033: New node: IP: 151.101.2.49. Number of nodes 112
EtherApe-INFO: 23:41:52.182: New node: IP: 147.28.184.45. Number of nodes 113
EtherApe-INFO: 23:41:52.185: New node: IP: 207.241.237.3. Number of nodes 114
EtherApe-INFO: 23:41:52.268: New node: IP: 89.46.106.40. Number of nodes 115
EtherApe-INFO: 23:41:52.319: New node: IP: 178.62.222.113. Number of nodes 116
EtherApe-INFO: 23:41:52.324: New node: IP: 216.58.208.202. Number of nodes 117
EtherApe-INFO: 23:41:52.424: New node: IP: 104.18.12.33. Number of nodes 118
EtherApe-INFO: 23:41:52.505: New node: IP: 104.17.32.105. Number of nodes 119
EtherApe-INFO: 23:41:52.520: New node: IP: 104.22.57.102. Number of nodes 120
EtherApe-INFO: 23:41:52.528: New node: IP: 172.67.130.60. Number of nodes 121
EtherApe-INFO: 23:41:53.177: New node: IP: 91.198.174.192. Number of nodes 122
EtherApe-INFO: 23:41:53.257: New node: IP: 62.182.19.39. Number of nodes 123
EtherApe-INFO: 23:41:53.358: New node: IP: 192.0.77.32. Number of nodes 124
EtherApe-INFO: 23:41:53.528: New node: IP: 104.18.13.33. Number of nodes 125
EtherApe-INFO: 23:41:53.530: New node: IP: 76.76.21.21. Number of nodes 126
EtherApe-INFO: 23:41:53.534: New node: IP: 3.251.50.149. Number of nodes 127
EtherApe-INFO: 23:41:53.551: New node: IP: 104.18.169.114. Number of nodes 128
EtherApe-INFO: 23:41:53.556: New node: IP: 108.138.51.88. Number of nodes 129
EtherApe-INFO: 23:41:53.576: New node: IP: 104.198.63.0. Number of nodes 130
EtherApe-INFO: 23:41:53.615: New node: IP: 172.217.16.8. Number of nodes 131
EtherApe-INFO: 23:41:53.639: New node: IP: 172.64.146.23. Number of nodes 132
EtherApe-INFO: 23:41:53.758: New node: IP: 185.199.110.153. Number of nodes 133
EtherApe-INFO: 23:41:53.959: New node: IP: 108.138.51.72. Number of nodes 134
EtherApe-INFO: 23:41:54.390: New node: IP: 192.0.73.2. Number of nodes 135
EtherApe-INFO: 23:41:54.393: New node: IP: 108.138.51.66. Number of nodes 136
EtherApe-INFO: 23:41:54.407: New node: IP: 52.29.123.56. Number of nodes 137
EtherApe-INFO: 23:41:54.539: New node: IP: 178.18.231.145. Number of nodes 138
EtherApe-INFO: 23:41:54.719: New node: IP: 104.18.29.38. Number of nodes 139
EtherApe-INFO: 23:41:54.733: New node: IP: 91.198.174.208. Number of nodes 140
EtherApe-INFO: 23:41:54.985: New node: IP: 207.241.224.2. Number of nodes 141
EtherApe-INFO: 23:41:55.309: New node: IP: 37.19.218.109. Number of nodes 142
EtherApe-INFO: 23:41:55.309: New node: IP: 216.58.215.78. Number of nodes 143
EtherApe-INFO: 23:41:55.310: New node: IP: 18.66.233.69. Number of nodes 144
EtherApe-INFO: 23:41:55.541: New node: IP: 52.211.126.31. Number of nodes 145
EtherApe-INFO: 23:41:55.561: New node: IP: 69.16.175.10. Number of nodes 146
EtherApe-INFO: 23:41:55.576: New node: IP: 18.66.233.54. Number of nodes 147
EtherApe-INFO: 23:41:55.581: New node: IP: 142.250.203.194. Number of nodes 148
EtherApe-INFO: 23:41:55.582: New node: IP: 142.251.1.157. Number of nodes 149
EtherApe-INFO: 23:41:55.594: New node: IP: 35.190.88.7. Number of nodes 150
EtherApe-INFO: 23:41:55.631: New node: IP: 104.16.87.20. Number of nodes 151
EtherApe-INFO: 23:41:55.711: New node: IP: 45.57.90.1. Number of nodes 152
EtherApe-INFO: 23:41:55.860: New node: IP: 157.240.224.35. Number of nodes 153
EtherApe-INFO: 23:41:55.930: New node: IP: 44.241.88.74. Number of nodes 154
EtherApe-INFO: 23:41:56.036: New node: IP: 52.51.52.84. Number of nodes 155
EtherApe-INFO: 23:41:56.405: New node: IP: 172.217.16.2. Number of nodes 156
EtherApe-INFO: 23:41:56.409: New node: IP: 104.17.24.14. Number of nodes 157
EtherApe-INFO: 23:41:56.417: New node: IP: 142.250.75.6. Number of nodes 158
EtherApe-INFO: 23:41:56.444: New node: IP: 18.66.233.18. Number of nodes 159
EtherApe-INFO: 23:41:56.453: New node: IP: 208.123.73.68. Number of nodes 160
EtherApe-INFO: 23:41:56.542: New node: IP: 142.251.1.155. Number of nodes 161
EtherApe-INFO: 23:41:56.543: New node: IP: 142.251.1.156. Number of nodes 162
EtherApe-INFO: 23:41:56.632: New node: IP: 104.17.182.177. Number of nodes 163
EtherApe-INFO: 23:41:56.674: New node: IP: 142.251.1.154. Number of nodes 164
EtherApe-INFO: 23:41:56.695: New node: IP: 216.58.208.194. Number of nodes 165
EtherApe-INFO: 23:41:56.808: New node: IP: 216.58.215.66. Number of nodes 166
EtherApe-INFO: 23:41:56.833: New node: IP: 18.244.102.9. Number of nodes 167
EtherApe-INFO: 23:41:56.845: New node: IP: 108.138.51.111. Number of nodes 168
EtherApe-INFO: 23:41:56.867: New node: IP: 108.138.49.60. Number of nodes 169
EtherApe-INFO: 23:41:56.867: New node: IP: 172.217.16.1. Number of nodes 170
EtherApe-INFO: 23:41:56.891: New node: IP: 34.194.211.37. Number of nodes 171
EtherApe-INFO: 23:41:56.907: New node: IP: 34.251.115.24. Number of nodes 172
EtherApe-INFO: 23:41:57.127: New node: IP: 216.58.215.98. Number of nodes 173
EtherApe-INFO: 23:41:57.144: New node: IP: 18.66.233.48. Number of nodes 174
EtherApe-INFO: 23:41:57.218: New node: IP: 104.18.28.38. Number of nodes 175
EtherApe-INFO: 23:41:57.415: New node: IP: 142.250.203.130. Number of nodes 176
EtherApe-INFO: 23:41:57.451: New node: IP: 18.244.102.51. Number of nodes 177
EtherApe-INFO: 23:41:57.533: New node: IP: 23.64.232.81. Number of nodes 178
EtherApe-INFO: 23:41:57.581: New node: IP: 216.52.2.48. Number of nodes 179
EtherApe-INFO: 23:41:57.901: New node: IP: 207.241.237.8. Number of nodes 180
EtherApe-INFO: 23:41:57.951: New node: IP: 216.58.208.198. Number of nodes 181
EtherApe-INFO: 23:41:58.121: New node: IP: 52.208.228.97. Number of nodes 182
EtherApe-INFO: 23:41:58.260: New node: IP: 104.17.79.34. Number of nodes 183
EtherApe-INFO: 23:41:58.313: New node: IP: 18.66.233.64. Number of nodes 184
EtherApe-INFO: 23:41:58.357: New node: IP: 104.16.240.21. Number of nodes 185
EtherApe-INFO: 23:41:58.373: New node: IP: 216.58.209.14. Number of nodes 186
EtherApe-INFO: 23:41:58.465: New node: IP: 172.64.147.123. Number of nodes 187
EtherApe-INFO: 23:41:58.855: New node: IP: 162.19.138.116. Number of nodes 188
EtherApe-INFO: 23:41:58.874: New node: IP: 3.75.62.37. Number of nodes 189
EtherApe-INFO: 23:41:58.891: New node: IP: 52.89.126.151. Number of nodes 190
EtherApe-INFO: 23:41:59.086: New node: IP: 108.138.51.110. Number of nodes 191
EtherApe-INFO: 23:41:59.092: New node: IP: 104.18.21.206. Number of nodes 192
EtherApe-INFO: 23:41:59.092: New node: IP: 216.239.36.181. Number of nodes 193
EtherApe-INFO: 23:41:59.105: New node: IP: 91.228.74.251. Number of nodes 194
EtherApe-INFO: 23:41:59.261: New node: IP: 18.66.233.77. Number of nodes 195
EtherApe-INFO: 23:41:59.386: New node: IP: 34.160.110.8. Number of nodes 196
EtherApe-INFO: 23:41:59.462: New node: IP: 91.228.74.244. Number of nodes 197
EtherApe-INFO: 23:41:59.469: New node: IP: 35.244.133.240. Number of nodes 198
EtherApe-INFO: 23:41:59.474: New node: IP: 96.16.54.171. Number of nodes 199
EtherApe-INFO: 23:41:59.653: New node: IP: 216.58.209.4. Number of nodes 200
EtherApe-INFO: 23:41:59.657: New node: IP: 18.244.102.17. Number of nodes 201
EtherApe-INFO: 23:41:59.664: New node: IP: 18.66.233.86. Number of nodes 202
EtherApe-INFO: 23:41:59.684: New node: IP: 18.244.102.18. Number of nodes 203
EtherApe-INFO: 23:41:59.847: New node: IP: 108.138.46.177. Number of nodes 204
EtherApe-INFO: 23:41:59.873: New node: IP: 104.18.28.91. Number of nodes 205
EtherApe-INFO: 23:41:59.887: New node: IP: 34.111.152.239. Number of nodes 206
EtherApe-INFO: 23:41:59.888: New node: IP: 172.64.153.246. Number of nodes 207
EtherApe-INFO: 23:41:59.896: New node: IP: 172.67.74.207. Number of nodes 208
EtherApe-INFO: 23:42:00.069: New node: IP: 172.67.36.110. Number of nodes 209
EtherApe-INFO: 23:42:00.081: New node: IP: 104.26.6.139. Number of nodes 210
EtherApe-INFO: 23:42:00.181: New node: IP: 104.22.4.69. Number of nodes 211
EtherApe-INFO: 23:42:00.258: New node: IP: 52.20.193.155. Number of nodes 212
EtherApe-INFO: 23:42:00.263: New node: IP: 104.26.3.70. Number of nodes 213
EtherApe-INFO: 23:42:00.281: New node: IP: 151.101.1.140. Number of nodes 214
EtherApe-INFO: 23:42:00.425: New node: IP: 108.138.51.55. Number of nodes 215
EtherApe-INFO: 23:42:00.428: New node: IP: 108.138.48.217. Number of nodes 216
EtherApe-INFO: 23:42:00.432: New node: IP: 178.250.7.13. Number of nodes 217
EtherApe-INFO: 23:42:00.433: New node: IP: 130.211.23.194. Number of nodes 218
EtherApe-INFO: 23:42:00.437: New node: IP: 18.66.233.66. Number of nodes 219
EtherApe-INFO: 23:42:00.538: New node: IP: 104.22.52.86. Number of nodes 220
EtherApe-INFO: 23:42:00.539: New node: IP: 18.211.186.248. Number of nodes 221
EtherApe-INFO: 23:42:00.547: New node: IP: 104.81.217.244. Number of nodes 222
EtherApe-INFO: 23:42:00.859: New node: IP: 52.88.245.147. Number of nodes 223
EtherApe-INFO: 23:42:00.872: New node: IP: 217.65.3.21. Number of nodes 224
EtherApe-INFO: 23:42:00.879: New node: IP: 23.64.12.139. Number of nodes 225
EtherApe-INFO: 23:42:00.940: New node: IP: 178.62.203.207. Number of nodes 226
EtherApe-INFO: 23:42:00.964: New node: IP: 54.73.43.225. Number of nodes 227
EtherApe-INFO: 23:42:01.397: New node: IP: 18.244.97.213. Number of nodes 228
EtherApe-INFO: 23:42:01.431: New node: IP: 23.200.160.201. Number of nodes 229
EtherApe-INFO: 23:42:01.470: New node: IP: 134.209.238.18. Number of nodes 230
EtherApe-INFO: 23:42:01.784: New node: IP: 54.239.33.159. Number of nodes 231
EtherApe-INFO: 23:42:01.784: New node: IP: 104.16.86.20. Number of nodes 232
EtherApe-INFO: 23:42:01.801: New node: IP: 34.107.140.113. Number of nodes 233
EtherApe-INFO: 23:42:01.810: New node: IP: 69.166.1.15. Number of nodes 234
EtherApe-INFO: 23:42:01.810: New node: IP: 34.120.63.153. Number of nodes 235
EtherApe-INFO: 23:42:01.810: New node: IP: 216.52.2.86. Number of nodes 236
EtherApe-INFO: 23:42:01.811: New node: IP: 54.93.155.230. Number of nodes 237
EtherApe-INFO: 23:42:01.812: New node: IP: 178.250.7.10. Number of nodes 238
EtherApe-INFO: 23:42:01.813: New node: IP: 37.252.171.22. Number of nodes 239
EtherApe-INFO: 23:42:01.813: New node: IP: 213.19.162.21. Number of nodes 240
EtherApe-INFO: 23:42:01.815: New node: IP: 52.59.136.82. Number of nodes 241
EtherApe-INFO: 23:42:01.819: New node: IP: 157.240.224.7. Number of nodes 242
EtherApe-INFO: 23:42:01.926: New node: IP: 91.228.74.206. Number of nodes 243
EtherApe-INFO: 23:42:01.955: New node: IP: 3.71.149.231. Number of nodes 244
EtherApe-INFO: 23:42:01.986: New node: IP: 18.66.233.99. Number of nodes 245
EtherApe-INFO: 23:42:02.258: New node: IP: 185.80.39.216. Number of nodes 246
EtherApe-INFO: 23:42:02.422: New node: IP: 34.160.152.31. Number of nodes 247
EtherApe-INFO: 23:42:02.466: New node: IP: 35.71.131.137. Number of nodes 248
EtherApe-INFO: 23:42:02.637: New node: IP: 208.68.240.115. Number of nodes 249
EtherApe-INFO: 23:42:02.641: New node: IP: 35.214.149.10. Number of nodes 250
EtherApe-INFO: 23:42:02.649: New node: IP: 3.77.67.35. Number of nodes 251
EtherApe-INFO: 23:42:02.699: New node: IP: 35.244.159.8. Number of nodes 252
EtherApe-INFO: 23:42:02.819: New node: IP: 18.244.102.31. Number of nodes 253
EtherApe-INFO: 23:42:02.853: New node: IP: 20.127.253.7. Number of nodes 254
EtherApe-INFO: 23:42:02.882: New node: IP: 63.215.202.140. Number of nodes 255
EtherApe-INFO: 23:42:02.889: New node: IP: 185.89.210.101. Number of nodes 256
EtherApe-INFO: 23:42:02.894: New node: IP: 34.236.121.17. Number of nodes 257
EtherApe-INFO: 23:42:02.895: New node: IP: 76.223.111.18. Number of nodes 258
EtherApe-INFO: 23:42:02.896: New node: IP: 3.122.160.111. Number of nodes 259
EtherApe-INFO: 23:42:02.906: New node: IP: 18.202.200.24. Number of nodes 260
EtherApe-INFO: 23:42:02.933: New node: IP: 104.87.175.132. Number of nodes 261
EtherApe-INFO: 23:42:02.966: New node: IP: 34.242.99.146. Number of nodes 262
EtherApe-INFO: 23:42:02.967: New node: IP: 185.89.211.84. Number of nodes 263
EtherApe-INFO: 23:42:03.021: New node: IP: 52.46.155.104. Number of nodes 264
EtherApe-INFO: 23:42:03.180: New node: IP: 185.64.189.115. Number of nodes 265
EtherApe-INFO: 23:42:03.213: New node: IP: 91.228.74.208. Number of nodes 266
EtherApe-INFO: 23:42:03.292: New node: IP: 54.228.73.172. Number of nodes 267
EtherApe-INFO: 23:42:03.478: New node: IP: 178.250.7.2. Number of nodes 268
EtherApe-INFO: 23:42:03.487: New node: IP: 141.95.98.65. Number of nodes 269
EtherApe-INFO: 23:42:03.514: New node: IP: 104.91.48.24. Number of nodes 270
EtherApe-INFO: 23:42:03.521: New node: IP: 185.29.134.244. Number of nodes 271
EtherApe-INFO: 23:42:03.534: New node: IP: 52.48.144.60. Number of nodes 272
EtherApe-INFO: 23:42:03.542: New node: IP: 69.173.144.138. Number of nodes 273
EtherApe-INFO: 23:42:03.542: New node: IP: 37.157.6.254. Number of nodes 274
EtherApe-INFO: 23:42:03.817: New node: IP: 185.64.189.110. Number of nodes 275
EtherApe-INFO: 23:42:03.818: New node: IP: 34.111.129.221. Number of nodes 276
EtherApe-INFO: 23:42:03.818: New node: IP: 34.242.178.246. Number of nodes 277
EtherApe-INFO: 23:42:03.843: New node: IP: 35.172.159.147. Number of nodes 278
EtherApe-INFO: 23:42:03.844: New node: IP: 3.221.8.21. Number of nodes 279
EtherApe-INFO: 23:42:03.875: New node: IP: 193.0.160.131. Number of nodes 280
EtherApe-INFO: 23:42:04.039: New node: IP: 63.215.202.137. Number of nodes 281
EtherApe-INFO: 23:42:04.041: New node: IP: 185.64.191.210. Number of nodes 282
EtherApe-INFO: 23:42:04.049: New node: IP: 34.252.176.107. Number of nodes 283
EtherApe-INFO: 23:42:04.274: New node: IP: 178.250.1.11. Number of nodes 284
EtherApe-INFO: 23:42:04.288: New node: IP: 108.138.51.44. Number of nodes 285
EtherApe-INFO: 23:42:04.319: New node: IP: 213.19.147.45. Number of nodes 286
EtherApe-INFO: 23:42:04.519: New node: IP: 34.111.113.62. Number of nodes 287
EtherApe-INFO: 23:42:04.519: New node: IP: 216.58.215.110. Number of nodes 288
EtherApe-INFO: 23:42:04.519: New node: IP: 13.107.21.200. Number of nodes 289
EtherApe-INFO: 23:42:04.533: New node: IP: 108.138.51.29. Number of nodes 290
EtherApe-INFO: 23:42:04.533: New node: IP: 34.120.133.55. Number of nodes 291
EtherApe-INFO: 23:42:04.550: New node: IP: 172.217.16.35. Number of nodes 292
EtherApe-INFO: 23:42:04.773: New node: IP: 34.91.62.186. Number of nodes 293
EtherApe-INFO: 23:42:04.784: New node: IP: 64.202.112.191. Number of nodes 294
EtherApe-INFO: 23:42:04.789: New node: IP: 104.26.10.209. Number of nodes 295
EtherApe-INFO: 23:42:04.797: New node: IP: 69.173.144.165. Number of nodes 296
EtherApe-INFO: 23:42:04.797: New node: IP: 3.126.192.167. Number of nodes 297
EtherApe-INFO: 23:42:04.814: New node: IP: 3.122.8.193. Number of nodes 298
EtherApe-INFO: 23:42:04.821: New node: IP: 34.96.71.22. Number of nodes 299
EtherApe-INFO: 23:42:05.186: New node: IP: 35.180.130.239. Number of nodes 300
EtherApe-INFO: 23:42:05.193: New node: IP: 104.91.49.63. Number of nodes 301
EtherApe-INFO: 23:42:05.285: New node: IP: 23.74.173.33. Number of nodes 302
EtherApe-INFO: 23:42:05.288: New node: IP: 204.79.197.200. Number of nodes 303
EtherApe-INFO: 23:42:05.289: New node: IP: 185.89.211.132. Number of nodes 304
EtherApe-INFO: 23:42:05.796: New node: IP: 208.93.169.131. Number of nodes 305
EtherApe-INFO: 23:42:06.020: New node: IP: 185.86.138.150. Number of nodes 306
EtherApe-INFO: 23:42:06.272: New node: IP: 185.64.190.81. Number of nodes 307
EtherApe-INFO: 23:42:06.280: New node: IP: 151.101.65.108. Number of nodes 308
EtherApe-INFO: 23:42:06.281: New node: IP: 104.18.10.47. Number of nodes 309
EtherApe-INFO: 23:42:06.283: New node: IP: 3.212.253.169. Number of nodes 310
EtherApe-INFO: 23:42:06.611: New node: IP: 18.184.33.63. Number of nodes 311
EtherApe-INFO: 23:42:06.611: New node: IP: 23.200.160.22. Number of nodes 312
EtherApe-INFO: 23:42:06.638: New node: IP: 98.98.134.241. Number of nodes 313
EtherApe-INFO: 23:42:06.641: New node: IP: 18.196.122.28. Number of nodes 314
EtherApe-INFO: 23:42:06.647: New node: IP: 8.43.72.98. Number of nodes 315
EtherApe-INFO: 23:42:06.922: New node: IP: 69.173.144.139. Number of nodes 316
EtherApe-INFO: 23:42:06.925: New node: IP: 2.21.173.131. Number of nodes 317
EtherApe-INFO: 23:42:06.928: New node: IP: 69.166.1.12. Number of nodes 318
EtherApe-INFO: 23:42:06.928: New node: IP: 104.81.226.48. Number of nodes 319
EtherApe-INFO: 23:42:06.936: New node: IP: 141.95.171.139. Number of nodes 320
EtherApe-INFO: 23:42:07.042: New node: IP: 51.75.86.98. Number of nodes 321
EtherApe-INFO: 23:42:07.375: New node: IP: 213.155.156.181. Number of nodes 322
EtherApe-INFO: 23:42:07.376: New node: IP: 104.22.25.87. Number of nodes 323
EtherApe-INFO: 23:42:07.377: New node: IP: 85.114.159.118. Number of nodes 324
EtherApe-INFO: 23:42:07.377: New node: IP: 52.202.56.4. Number of nodes 325
EtherApe-INFO: 23:42:07.378: New node: IP: 52.220.229.2. Number of nodes 326
EtherApe-INFO: 23:42:07.378: New node: IP: 162.19.138.120. Number of nodes 327
EtherApe-INFO: 23:42:07.379: New node: IP: 35.186.193.173. Number of nodes 328
EtherApe-INFO: 23:42:07.379: New node: IP: 195.5.165.20. Number of nodes 329
EtherApe-INFO: 23:42:07.379: New node: IP: 34.102.163.6. Number of nodes 330
EtherApe-INFO: 23:42:07.380: New node: IP: 178.250.7.11. Number of nodes 331
EtherApe-INFO: 23:42:07.380: New node: IP: 104.18.24.173. Number of nodes 332
EtherApe-INFO: 23:42:07.380: New node: IP: 157.90.40.26. Number of nodes 333
EtherApe-INFO: 23:42:07.384: New node: IP: 77.243.51.122. Number of nodes 334
EtherApe-INFO: 23:42:07.384: New node: IP: 72.251.241.204. Number of nodes 335
EtherApe-INFO: 23:42:07.397: New node: IP: 141.94.171.213. Number of nodes 336
EtherApe-INFO: 23:42:07.397: New node: IP: 18.244.102.57. Number of nodes 337
EtherApe-INFO: 23:42:07.440: New node: IP: 46.228.164.11. Number of nodes 338
EtherApe-INFO: 23:42:07.547: New node: IP: 141.94.170.64. Number of nodes 339
EtherApe-INFO: 23:42:07.944: New node: IP: 35.227.252.103. Number of nodes 340
EtherApe-INFO: 23:42:08.143: New node: IP: 188.42.34.64. Number of nodes 341
EtherApe-INFO: 23:42:08.144: New node: IP: 34.32.212.136. Number of nodes 342
EtherApe-INFO: 23:42:08.403: New node: IP: 207.241.225.195. Number of nodes 343
EtherApe-INFO: 23:42:08.404: New node: IP: 75.2.13.80. Number of nodes 344
EtherApe-INFO: 23:42:08.416: New node: IP: 104.81.116.49. Number of nodes 345
EtherApe-INFO: 23:42:08.566: New node: IP: 3.65.236.207. Number of nodes 346
EtherApe-INFO: 23:42:08.569: New node: IP: 35.244.174.68. Number of nodes 347
EtherApe-INFO: 23:42:08.569: New node: IP: 35.156.93.58. Number of nodes 348
EtherApe-INFO: 23:42:08.573: New node: IP: 64.158.223.137. Number of nodes 349
EtherApe-INFO: 23:42:08.843: New node: IP: 37.157.4.28. Number of nodes 350
EtherApe-INFO: 23:42:08.860: New node: IP: 67.202.105.23. Number of nodes 351
EtherApe-INFO: 23:42:08.882: New node: IP: 134.122.57.34. Number of nodes 352
EtherApe-INFO: 23:42:09.156: New node: IP: 54.166.10.135. Number of nodes 353
EtherApe-INFO: 23:42:09.156: New node: IP: 34.102.253.54. Number of nodes 354
EtherApe-INFO: 23:42:09.625: New node: IP: 146.0.227.110. Number of nodes 355
EtherApe-INFO: 23:42:09.625: New node: IP: 185.86.139.102. Number of nodes 356
EtherApe-INFO: 23:42:10.108: New node: IP: 168.119.146.39. Number of nodes 357
EtherApe-INFO: 23:42:10.707: delete node: IP: 224.0.0.22. Number of nodes 356
EtherApe-INFO: 23:42:11.127: New node: IP: 185.184.8.90. Number of nodes 357
EtherApe-INFO: 23:42:11.384: New node: IP: 172.105.221.29. Number of nodes 358
EtherApe-INFO: 23:42:12.064: delete node: IP: 127.0.0.1. Number of nodes 357
EtherApe-INFO: 23:42:12.243: delete node: IP: 216.58.215.72. Number of nodes 356
EtherApe-INFO: 23:42:12.436: New node: IP: 52.28.9.21. Number of nodes 357
EtherApe-INFO: 23:42:12.717: delete node: IP: 91.108.56.188. Number of nodes 356
EtherApe-INFO: 23:42:12.717: delete node: IP: 91.108.56.145. Number of nodes 355
EtherApe-INFO: 23:42:13.001: delete node: IP: 224.0.0.251. Number of nodes 354
EtherApe-INFO: 23:42:13.318: delete node: IP: 8.8.8.8. Number of nodes 353
EtherApe-INFO: 23:42:13.598: delete node: IP: 142.250.186.198. Number of nodes 352
EtherApe-INFO: 23:42:13.598: delete node: IP: 95.216.195.133. Number of nodes 351
EtherApe-INFO: 23:42:14.677: delete node: IP: 149.154.167.92. Number of nodes 350
EtherApe-INFO: 23:42:14.677: delete node: IP: 149.154.167.91. Number of nodes 349
EtherApe-INFO: 23:42:14.677: delete node: IP: 149.154.167.50. Number of nodes 348
EtherApe-INFO: 23:42:19.485: delete node: IP: 167.248.133.154. Number of nodes 347
EtherApe-INFO: 23:42:24.453: delete node: IP: 149.154.175.100. Number of nodes 346
EtherApe-INFO: 23:42:24.942: delete node: IP: 142.250.203.145. Number of nodes 345
EtherApe-INFO: 23:42:25.708: delete node: IP: 167.94.146.22. Number of nodes 344
EtherApe-INFO: 23:42:26.527: delete node: IP: 173.194.183.232. Number of nodes 343
EtherApe-INFO: 23:42:26.771: delete node: IP: 31.43.47.205. Number of nodes 342
EtherApe-INFO: 23:42:28.012: New node: IP: 172.67.97.54. Number of nodes 343
EtherApe-INFO: 23:42:28.527: delete node: IP: 74.125.99.168. Number of nodes 342
EtherApe-INFO: 23:42:29.124: New node: IP: 95.216.144.15. Number of nodes 343
EtherApe-INFO: 23:42:29.862: New node: IP: 18.244.102.3. Number of nodes 344
EtherApe-INFO: 23:42:30.176: New node: IP: 104.17.186.177. Number of nodes 345
EtherApe-INFO: 23:42:30.384: New node: IP: 63.34.81.234. Number of nodes 346
EtherApe-INFO: 23:42:30.641: New node: IP: 18.66.233.50. Number of nodes 347
EtherApe-INFO: 23:42:30.646: New node: IP: 31.13.81.13. Number of nodes 348
EtherApe-INFO: 23:42:31.168: New node: IP: 108.138.51.62. Number of nodes 349
EtherApe-INFO: 23:42:31.450: delete node: IP: 74.125.104.200. Number of nodes 348
EtherApe-INFO: 23:42:31.670: New node: IP: 52.205.39.197. Number of nodes 349
EtherApe-INFO: 23:42:34.046: New node: IP: 62.140.236.170. Number of nodes 350
EtherApe-INFO: 23:42:37.118: New node: IP: 38.91.45.7. Number of nodes 351
EtherApe-INFO: 23:42:37.651: New node: IP: 104.25.94.5. Number of nodes 352
EtherApe-INFO: 23:42:38.402: New node: IP: 167.235.124.59. Number of nodes 353
EtherApe-INFO: 23:42:38.404: New node: IP: 167.235.124.60. Number of nodes 354
EtherApe-INFO: 23:42:40.723: delete node: IP: 149.154.167.216. Number of nodes 353
EtherApe-INFO: 23:42:40.976: delete node: IP: 205.210.31.216. Number of nodes 352
EtherApe-INFO: 23:42:50.220: New node: IP: 108.138.48.238. Number of nodes 353
EtherApe-INFO: 23:42:50.264: New node: IP: 3.221.111.64. Number of nodes 354
EtherApe-INFO: 23:42:50.451: New node: IP: 34.149.66.134. Number of nodes 355
EtherApe-INFO: 23:42:50.460: New node: IP: 34.218.154.149. Number of nodes 356
EtherApe-INFO: 23:42:51.518: New node: IP: 35.190.80.1. Number of nodes 357
EtherApe-INFO: 23:42:51.895: delete node: IP: 167.248.133.175. Number of nodes 356
EtherApe-INFO: 23:42:55.888: New node: IP: 149.154.167.216. Number of nodes 357
EtherApe-INFO: 23:42:58.415: New node: IP: 151.101.129.208. Number of nodes 358
EtherApe-INFO: 23:43:01.492: New node: IP: 142.250.186.193. Number of nodes 359
EtherApe-INFO: 23:43:01.492: New node: IP: 216.58.208.214. Number of nodes 360
EtherApe-INFO: 23:43:04.311: delete node: IP: 13.38.49.30. Number of nodes 359
EtherApe-INFO: 23:43:04.816: New node: IP: 13.37.236.42. Number of nodes 360
EtherApe-INFO: 23:43:04.816: New node: IP: 15.237.110.196. Number of nodes 361
EtherApe-INFO: 23:43:04.816: New node: IP: 35.180.208.168. Number of nodes 362
EtherApe-INFO: 23:43:05.300: New node: IP: 35.213.190.66. Number of nodes 363
EtherApe-INFO: 23:43:06.492: New node: IP: 198.235.24.87. Number of nodes 364
EtherApe-INFO: 23:43:06.717: New node: IP: 216.58.209.10. Number of nodes 365
EtherApe-INFO: 23:43:08.232: New node: IP: 51.89.9.251. Number of nodes 366
EtherApe-INFO: 23:43:08.232: New node: IP: 35.214.138.23. Number of nodes 367
EtherApe-INFO: 23:43:15.246: delete node: IP: 162.159.153.4. Number of nodes 366
EtherApe-INFO: 23:43:15.246: delete node: IP: 142.250.186.214. Number of nodes 365
EtherApe-INFO: 23:43:15.246: delete node: IP: 142.250.75.2. Number of nodes 364
EtherApe-INFO: 23:43:15.246: delete node: IP: 45.33.49.119. Number of nodes 363
EtherApe-INFO: 23:43:16.494: New node: IP: 216.239.38.178. Number of nodes 364
EtherApe-INFO: 23:43:16.494: New node: IP: 142.250.203.145. Number of nodes 365
EtherApe-INFO: 23:43:17.015: delete node: IP: 216.58.215.74. Number of nodes 364
EtherApe-INFO: 23:43:17.266: New node: IP: 104.16.99.56. Number of nodes 365
EtherApe-INFO: 23:43:18.291: New node: IP: 104.16.242.94. Number of nodes 366
EtherApe-INFO: 23:43:18.559: New node: IP: 104.16.26.5. Number of nodes 367
EtherApe-INFO: 23:43:18.673: delete node: IP: 116.209.208.118. Number of nodes 366
EtherApe-INFO: 23:43:19.056: New node: IP: 18.66.231.219. Number of nodes 367
EtherApe-INFO: 23:43:19.577: New node: IP: 18.244.102.36. Number of nodes 368
EtherApe-INFO: 23:43:19.826: New node: IP: 104.18.23.126. Number of nodes 369
EtherApe-INFO: 23:43:19.873: New node: IP: 46.134.194.16. Number of nodes 370
EtherApe-INFO: 23:43:19.873: New node: IP: 104.19.147.8. Number of nodes 371
EtherApe-INFO: 23:43:19.875: New node: IP: 35.186.249.72. Number of nodes 372
EtherApe-INFO: 23:43:20.093: New node: IP: 151.101.130.137. Number of nodes 373
EtherApe-INFO: 23:43:20.095: New node: IP: 18.66.233.36. Number of nodes 374
EtherApe-INFO: 23:43:20.095: New node: IP: 52.84.195.46. Number of nodes 375
EtherApe-INFO: 23:43:20.343: New node: IP: 54.220.29.167. Number of nodes 376
EtherApe-INFO: 23:43:20.343: New node: IP: 162.247.241.14. Number of nodes 377
EtherApe-INFO: 23:43:20.594: New node: IP: 108.138.44.68. Number of nodes 378
EtherApe-INFO: 23:43:20.850: New node: IP: 108.138.46.56. Number of nodes 379
EtherApe-INFO: 23:43:21.151: New node: IP: 18.209.150.211. Number of nodes 380
EtherApe-INFO: 23:43:21.151: New node: IP: 18.244.102.28. Number of nodes 381
EtherApe-INFO: 23:43:21.152: New node: IP: 34.243.110.223. Number of nodes 382
EtherApe-INFO: 23:43:21.275: New node: IP: 108.138.45.115. Number of nodes 383
EtherApe-INFO: 23:43:21.298: New node: IP: 66.235.152.126. Number of nodes 384
EtherApe-INFO: 23:43:21.339: New node: IP: 108.138.53.154. Number of nodes 385
EtherApe-INFO: 23:43:21.532: New node: IP: 192.28.147.68. Number of nodes 386
EtherApe-INFO: 23:43:21.533: New node: IP: 63.140.62.164. Number of nodes 387
EtherApe-INFO: 23:43:21.533: New node: IP: 52.57.132.159. Number of nodes 388
EtherApe-INFO: 23:43:21.533: New node: IP: 34.251.152.95. Number of nodes 389
EtherApe-INFO: 23:43:21.535: New node: IP: 34.255.103.212. Number of nodes 390
EtherApe-INFO: 23:43:21.824: New node: IP: 18.244.102.4. Number of nodes 391
EtherApe-INFO: 23:43:21.825: New node: IP: 140.82.121.4. Number of nodes 392
EtherApe-INFO: 23:43:22.337: New node: IP: 140.82.121.5. Number of nodes 393
EtherApe-INFO: 23:43:22.550: New node: IP: 140.82.113.22. Number of nodes 394
EtherApe-INFO: 23:43:23.248: New node: IP: 146.75.120.157. Number of nodes 395
EtherApe-INFO: 23:43:23.398: New node: IP: 54.85.77.212. Number of nodes 396
EtherApe-INFO: 23:43:23.411: New node: IP: 104.18.170.114. Number of nodes 397
EtherApe-INFO: 23:43:23.898: New node: IP: 185.199.108.153. Number of nodes 398
EtherApe-INFO: 23:43:25.639: New node: IP: 54.198.188.18. Number of nodes 399
EtherApe-INFO: 23:43:28.740: delete node: IP: 135.181.27.174. Number of nodes 398
EtherApe-INFO: 23:43:29.478: New node: IP: 45.57.91.1. Number of nodes 399
EtherApe-INFO: 23:43:29.479: New node: IP: 216.58.215.106. Number of nodes 400
EtherApe-INFO: 23:43:30.480: New node: IP: 176.122.96.225. Number of nodes 401
EtherApe-INFO: 23:43:31.369: New node: IP: 54.170.39.204. Number of nodes 402
EtherApe-INFO: 23:43:31.636: New node: IP: 23.200.161.149. Number of nodes 403
EtherApe-INFO: 23:43:31.649: New node: IP: 52.17.69.132. Number of nodes 404
EtherApe-INFO: 23:43:32.749: New node: IP: 46.51.157.28. Number of nodes 405
EtherApe-INFO: 23:43:32.990: New node: IP: 151.101.192.176. Number of nodes 406
EtherApe-INFO: 23:43:33.491: New node: IP: 104.17.33.105. Number of nodes 407
EtherApe-INFO: 23:43:33.491: New node: IP: 104.26.8.169. Number of nodes 408
EtherApe-INFO: 23:43:33.492: New node: IP: 37.252.171.21. Number of nodes 409
EtherApe-INFO: 23:43:33.493: New node: IP: 104.18.25.185. Number of nodes 410
EtherApe-INFO: 23:43:33.494: New node: IP: 104.18.3.114. Number of nodes 411
EtherApe-INFO: 23:43:33.495: New node: IP: 185.64.189.112. Number of nodes 412
EtherApe-INFO: 23:43:33.496: New node: IP: 3.127.91.4. Number of nodes 413
EtherApe-INFO: 23:43:33.496: New node: IP: 34.98.64.218. Number of nodes 414
EtherApe-INFO: 23:43:33.509: New node: IP: 172.217.16.34. Number of nodes 415
EtherApe-INFO: 23:43:33.999: New node: IP: 34.149.40.38. Number of nodes 416
EtherApe-INFO: 23:43:33.999: New node: IP: 52.95.118.179. Number of nodes 417
EtherApe-INFO: 23:43:34.004: New node: IP: 104.18.11.47. Number of nodes 418
EtherApe-INFO: 23:43:34.007: New node: IP: 23.200.160.189. Number of nodes 419
EtherApe-INFO: 23:43:34.294: New node: IP: 3.211.219.149. Number of nodes 420
EtherApe-INFO: 23:43:34.298: New node: IP: 52.11.125.162. Number of nodes 421
EtherApe-INFO: 23:43:34.299: New node: IP: 18.194.252.240. Number of nodes 422
EtherApe-INFO: 23:43:34.510: New node: IP: 104.18.25.173. Number of nodes 423
EtherApe-INFO: 23:43:34.788: New node: IP: 3.126.36.96. Number of nodes 424
EtherApe-INFO: 23:43:34.789: New node: IP: 185.86.138.155. Number of nodes 425
EtherApe-INFO: 23:43:34.790: New node: IP: 64.158.223.140. Number of nodes 426
EtherApe-INFO: 23:43:35.099: New node: IP: 52.46.143.56. Number of nodes 427
EtherApe-INFO: 23:43:36.303: New node: IP: 54.154.27.153. Number of nodes 428
EtherApe-INFO: 23:43:36.304: New node: IP: 185.29.132.241. Number of nodes 429
EtherApe-INFO: 23:43:36.305: New node: IP: 185.64.189.226. Number of nodes 430
EtherApe-INFO: 23:43:36.566: New node: IP: 142.250.75.2. Number of nodes 431
EtherApe-INFO: 23:43:37.078: New node: IP: 37.157.5.132. Number of nodes 432
EtherApe-INFO: 23:43:37.078: New node: IP: 178.250.1.9. Number of nodes 433
EtherApe-INFO: 23:43:37.358: New node: IP: 192.132.33.46. Number of nodes 434
EtherApe-INFO: 23:43:39.125: New node: IP: 80.77.87.166. Number of nodes 435
EtherApe-INFO: 23:43:39.125: New node: IP: 8.2.108.175. Number of nodes 436
EtherApe-INFO: 23:43:45.262: New node: IP: 131.159.25.5. Number of nodes 437
EtherApe-INFO: 23:43:51.529: delete node: IP: 193.106.144.6. Number of nodes 436
EtherApe-INFO: 23:43:52.006: New node: IP: 198.144.159.126. Number of nodes 437
EtherApe-INFO: 23:43:53.295: New node: IP: 185.161.248.87. Number of nodes 438
EtherApe-INFO: 23:43:56.463: delete node: IP: 193.19.152.72. Number of nodes 437
EtherApe-INFO: 23:43:56.631: New node: IP: 46.134.193.140. Number of nodes 438
EtherApe-INFO: 23:43:57.128: New node: IP: 104.244.42.197. Number of nodes 439
EtherApe-INFO: 23:43:57.128: New node: IP: 104.244.42.67. Number of nodes 440
EtherApe-INFO: 23:43:57.399: delete node: IP: 18.66.233.18. Number of nodes 439
EtherApe-INFO: 23:43:59.655: New node: IP: 193.106.144.6. Number of nodes 440
EtherApe-INFO: 23:44:00.221: delete node: IP: 216.52.2.48. Number of nodes 439
EtherApe-INFO: 23:44:00.221: delete node: IP: 172.217.16.3. Number of nodes 438
EtherApe-INFO: 23:44:00.221: delete node: IP: 45.57.90.1. Number of nodes 437
EtherApe-INFO: 23:44:00.455: delete node: IP: 52.211.126.31. Number of nodes 436
EtherApe-INFO: 23:44:00.455: delete node: IP: 52.89.126.151. Number of nodes 435
EtherApe-INFO: 23:44:00.455: delete node: IP: 34.251.115.24. Number of nodes 434
EtherApe-INFO: 23:44:00.455: delete node: IP: 34.93.91.7. Number of nodes 433
EtherApe-INFO: 23:44:00.689: delete node: IP: 217.65.3.21. Number of nodes 432
EtherApe-INFO: 23:44:01.694: delete node: IP: 178.162.131.118. Number of nodes 431
EtherApe-INFO: 23:44:01.694: delete node: IP: 162.19.138.116. Number of nodes 430
EtherApe-INFO: 23:44:01.694: delete node: IP: 82.207.52.214. Number of nodes 429
EtherApe-INFO: 23:44:01.694: delete node: IP: 54.73.43.225. Number of nodes 428
EtherApe-INFO: 23:44:01.694: delete node: IP: 52.51.52.84. Number of nodes 427
EtherApe-INFO: 23:44:02.294: delete node: IP: 178.62.203.207. Number of nodes 426
EtherApe-INFO: 23:44:02.294: delete node: IP: 147.28.184.45. Number of nodes 425
EtherApe-INFO: 23:44:02.294: delete node: IP: 37.252.171.22. Number of nodes 424
EtherApe-INFO: 23:44:02.294: delete node: IP: 34.120.63.153. Number of nodes 423
EtherApe-INFO: 23:44:02.797: delete node: IP: 216.239.36.181. Number of nodes 422
EtherApe-INFO: 23:44:02.797: delete node: IP: 216.58.215.99. Number of nodes 421
EtherApe-INFO: 23:44:02.797: delete node: IP: 216.58.215.78. Number of nodes 420
EtherApe-INFO: 23:44:02.797: delete node: IP: 216.58.209.14. Number of nodes 419
EtherApe-INFO: 23:44:02.797: delete node: IP: 216.58.208.194. Number of nodes 418
EtherApe-INFO: 23:44:02.797: delete node: IP: 213.19.162.21. Number of nodes 417
EtherApe-INFO: 23:44:02.797: delete node: IP: 212.111.40.74. Number of nodes 416
EtherApe-INFO: 23:44:02.797: delete node: IP: 193.19.153.66. Number of nodes 415
EtherApe-INFO: 23:44:02.797: delete node: IP: 192.0.78.32. Number of nodes 414
EtherApe-INFO: 23:44:02.797: delete node: IP: 192.0.77.32. Number of nodes 413
EtherApe-INFO: 23:44:02.797: delete node: IP: 192.0.73.2. Number of nodes 412
EtherApe-INFO: 23:44:02.797: delete node: IP: 192.0.66.96. Number of nodes 411
EtherApe-INFO: 23:44:02.797: delete node: IP: 185.199.110.153. Number of nodes 410
EtherApe-INFO: 23:44:02.797: delete node: IP: 185.199.110.133. Number of nodes 409
EtherApe-INFO: 23:44:02.797: delete node: IP: 185.199.108.154. Number of nodes 408
EtherApe-INFO: 23:44:02.797: delete node: IP: 178.250.7.13. Number of nodes 407
EtherApe-INFO: 23:44:02.798: delete node: IP: 178.250.7.10. Number of nodes 406
EtherApe-INFO: 23:44:02.798: delete node: IP: 178.62.222.113. Number of nodes 405
EtherApe-INFO: 23:44:02.798: delete node: IP: 172.217.16.42. Number of nodes 404
EtherApe-INFO: 23:44:02.798: delete node: IP: 172.67.130.60. Number of nodes 403
EtherApe-INFO: 23:44:02.798: delete node: IP: 172.67.74.207. Number of nodes 402
EtherApe-INFO: 23:44:02.798: delete node: IP: 172.67.36.110. Number of nodes 401
EtherApe-INFO: 23:44:02.798: delete node: IP: 172.64.153.246. Number of nodes 400
EtherApe-INFO: 23:44:02.798: delete node: IP: 172.64.146.23. Number of nodes 399
EtherApe-INFO: 23:44:02.798: delete node: IP: 151.101.65.91. Number of nodes 398
EtherApe-INFO: 23:44:02.798: delete node: IP: 142.251.1.155. Number of nodes 397
EtherApe-INFO: 23:44:02.798: delete node: IP: 142.250.203.195. Number of nodes 396
EtherApe-INFO: 23:44:02.798: delete node: IP: 142.250.203.129. Number of nodes 395
EtherApe-INFO: 23:44:02.798: delete node: IP: 142.250.186.202. Number of nodes 394
EtherApe-INFO: 23:44:02.798: delete node: IP: 142.250.186.200. Number of nodes 393
EtherApe-INFO: 23:44:02.798: delete node: IP: 142.250.186.195. Number of nodes 392
EtherApe-INFO: 23:44:02.798: delete node: IP: 142.250.186.194. Number of nodes 391
EtherApe-INFO: 23:44:02.798: delete node: IP: 142.250.75.6. Number of nodes 390
EtherApe-INFO: 23:44:02.798: delete node: IP: 140.82.121.6. Number of nodes 389
EtherApe-INFO: 23:44:02.798: delete node: IP: 140.82.121.3. Number of nodes 388
EtherApe-INFO: 23:44:02.798: delete node: IP: 130.211.23.194. Number of nodes 387
EtherApe-INFO: 23:44:02.798: delete node: IP: 108.138.51.111. Number of nodes 386
EtherApe-INFO: 23:44:02.798: delete node: IP: 108.138.51.72. Number of nodes 385
EtherApe-INFO: 23:44:02.798: delete node: IP: 108.138.51.66. Number of nodes 384
EtherApe-INFO: 23:44:02.798: delete node: IP: 108.138.51.56. Number of nodes 383
EtherApe-INFO: 23:44:02.798: delete node: IP: 108.138.51.55. Number of nodes 382
EtherApe-INFO: 23:44:02.798: delete node: IP: 108.138.49.60. Number of nodes 381
EtherApe-INFO: 23:44:02.798: delete node: IP: 108.138.48.217. Number of nodes 380
EtherApe-INFO: 23:44:02.798: delete node: IP: 104.81.217.244. Number of nodes 379
EtherApe-INFO: 23:44:02.798: delete node: IP: 104.26.6.139. Number of nodes 378
EtherApe-INFO: 23:44:02.798: delete node: IP: 104.26.3.70. Number of nodes 377
EtherApe-INFO: 23:44:02.798: delete node: IP: 104.22.57.102. Number of nodes 376
EtherApe-INFO: 23:44:02.798: delete node: IP: 104.22.52.86. Number of nodes 375
EtherApe-INFO: 23:44:02.798: delete node: IP: 104.22.4.69. Number of nodes 374
EtherApe-INFO: 23:44:02.798: delete node: IP: 104.18.169.114. Number of nodes 373
EtherApe-INFO: 23:44:02.798: delete node: IP: 104.18.28.91. Number of nodes 372
EtherApe-INFO: 23:44:02.798: delete node: IP: 104.18.23.52. Number of nodes 371
EtherApe-INFO: 23:44:02.798: delete node: IP: 104.18.21.206. Number of nodes 370
EtherApe-INFO: 23:44:02.798: delete node: IP: 104.18.17.3. Number of nodes 369
EtherApe-INFO: 23:44:02.798: delete node: IP: 104.18.12.33. Number of nodes 368
EtherApe-INFO: 23:44:02.798: delete node: IP: 104.17.79.34. Number of nodes 367
EtherApe-INFO: 23:44:02.798: delete node: IP: 104.17.32.105. Number of nodes 366
EtherApe-INFO: 23:44:02.798: delete node: IP: 104.17.24.14. Number of nodes 365
EtherApe-INFO: 23:44:02.798: delete node: IP: 104.16.87.20. Number of nodes 364
EtherApe-INFO: 23:44:02.798: delete node: IP: 104.16.86.20. Number of nodes 363
EtherApe-INFO: 23:44:02.798: delete node: IP: 91.228.74.251. Number of nodes 362
EtherApe-INFO: 23:44:02.798: delete node: IP: 91.228.74.244. Number of nodes 361
EtherApe-INFO: 23:44:02.798: delete node: IP: 91.228.74.206. Number of nodes 360
EtherApe-INFO: 23:44:02.798: delete node: IP: 91.198.174.208. Number of nodes 359
EtherApe-INFO: 23:44:02.798: delete node: IP: 89.46.106.40. Number of nodes 358
EtherApe-INFO: 23:44:02.798: delete node: IP: 78.46.105.101. Number of nodes 357
EtherApe-INFO: 23:44:02.798: delete node: IP: 69.166.1.15. Number of nodes 356
EtherApe-INFO: 23:44:02.798: delete node: IP: 69.16.175.42. Number of nodes 355
EtherApe-INFO: 23:44:02.798: delete node: IP: 69.16.175.10. Number of nodes 354
EtherApe-INFO: 23:44:02.798: delete node: IP: 68.183.241.41. Number of nodes 353
EtherApe-INFO: 23:44:02.798: delete node: IP: 62.182.19.39. Number of nodes 352
EtherApe-INFO: 23:44:02.798: delete node: IP: 54.93.155.230. Number of nodes 351
EtherApe-INFO: 23:44:02.798: delete node: IP: 52.208.228.97. Number of nodes 350
EtherApe-INFO: 23:44:02.798: delete node: IP: 52.59.136.82. Number of nodes 349
EtherApe-INFO: 23:44:02.798: delete node: IP: 37.19.218.109. Number of nodes 348
EtherApe-INFO: 23:44:02.798: delete node: IP: 35.190.88.7. Number of nodes 347
EtherApe-INFO: 23:44:02.798: delete node: IP: 34.160.110.8. Number of nodes 346
EtherApe-INFO: 23:44:02.798: delete node: IP: 34.111.152.239. Number of nodes 345
EtherApe-INFO: 23:44:02.798: delete node: IP: 18.244.102.51. Number of nodes 344
EtherApe-INFO: 23:44:02.798: delete node: IP: 18.244.102.18. Number of nodes 343
EtherApe-INFO: 23:44:02.798: delete node: IP: 18.244.102.17. Number of nodes 342
EtherApe-INFO: 23:44:02.798: delete node: IP: 18.244.102.9. Number of nodes 341
EtherApe-INFO: 23:44:02.798: delete node: IP: 18.66.233.99. Number of nodes 340
EtherApe-INFO: 23:44:02.798: delete node: IP: 18.66.233.86. Number of nodes 339
EtherApe-INFO: 23:44:02.798: delete node: IP: 18.66.233.77. Number of nodes 338
EtherApe-INFO: 23:44:02.798: delete node: IP: 18.66.233.69. Number of nodes 337
EtherApe-INFO: 23:44:02.798: delete node: IP: 18.66.233.66. Number of nodes 336
EtherApe-INFO: 23:44:02.798: delete node: IP: 18.66.233.64. Number of nodes 335
EtherApe-INFO: 23:44:02.798: delete node: IP: 18.66.233.54. Number of nodes 334
EtherApe-INFO: 23:44:02.798: delete node: IP: 18.66.233.48. Number of nodes 333
EtherApe-INFO: 23:44:02.798: delete node: IP: 5.134.6.150. Number of nodes 332
EtherApe-INFO: 23:44:02.935: delete node: IP: 208.123.73.68. Number of nodes 331
EtherApe-INFO: 23:44:02.935: delete node: IP: 207.241.237.8. Number of nodes 330
EtherApe-INFO: 23:44:02.935: delete node: IP: 207.241.224.2. Number of nodes 329
EtherApe-INFO: 23:44:02.935: delete node: IP: 140.82.113.21. Number of nodes 328
EtherApe-INFO: 23:44:02.935: delete node: IP: 34.194.211.37. Number of nodes 327
EtherApe-INFO: 23:44:02.935: delete node: IP: 18.211.186.248. Number of nodes 326
EtherApe-INFO: 23:44:03.399: New node: IP: 192.241.193.43. Number of nodes 327
EtherApe-INFO: 23:44:04.167: New node: IP: 13.38.137.214. Number of nodes 328
EtherApe-INFO: 23:44:04.167: New node: IP: 13.38.64.193. Number of nodes 329
EtherApe-INFO: 23:44:04.184: delete node: IP: 188.114.97.13. Number of nodes 328
EtherApe-INFO: 23:44:04.422: New node: IP: 52.47.203.4. Number of nodes 329
EtherApe-INFO: 23:44:04.945: delete node: IP: 35.180.130.239. Number of nodes 328
EtherApe-INFO: 23:44:04.945: delete node: IP: 15.237.96.166. Number of nodes 327
EtherApe-INFO: 23:44:04.945: delete node: IP: 13.39.105.182. Number of nodes 326
EtherApe-INFO: 23:44:05.454: delete node: IP: 35.244.133.240. Number of nodes 325
EtherApe-INFO: 23:44:07.524: delete node: IP: 195.5.165.20. Number of nodes 324
EtherApe-INFO: 23:44:08.131: New node: IP: 142.251.1.155. Number of nodes 325
EtherApe-INFO: 23:44:08.377: New node: IP: 216.58.208.195. Number of nodes 326
EtherApe-INFO: 23:44:08.384: New node: IP: 142.250.203.129. Number of nodes 327
EtherApe-INFO: 23:44:08.422: delete node: IP: 69.166.1.12. Number of nodes 326
EtherApe-INFO: 23:44:08.905: New node: IP: 216.58.215.99. Number of nodes 327
EtherApe-INFO: 23:44:08.974: delete node: IP: 52.220.229.2. Number of nodes 326
EtherApe-INFO: 23:44:09.496: delete node: IP: 35.214.149.10. Number of nodes 325
EtherApe-INFO: 23:44:09.806: delete node: IP: 141.95.98.65. Number of nodes 324
EtherApe-INFO: 23:44:10.160: New node: IP: 15.237.39.40. Number of nodes 325
EtherApe-INFO: 23:44:10.253: delete node: IP: 141.94.171.213. Number of nodes 324
EtherApe-INFO: 23:44:10.301: New node: IP: 210.5.172.202. Number of nodes 325
EtherApe-INFO: 23:44:10.544: delete node: IP: 141.94.170.64. Number of nodes 324
EtherApe-INFO: 23:44:11.284: delete node: IP: 134.122.57.34. Number of nodes 323
EtherApe-INFO: 23:44:11.402: delete node: IP: 216.58.215.118. Number of nodes 322
EtherApe-INFO: 23:44:11.838: delete node: IP: 213.19.147.45. Number of nodes 321
EtherApe-INFO: 23:44:14.159: delete node: IP: 162.19.138.120. Number of nodes 320
EtherApe-INFO: 23:44:14.159: delete node: IP: 98.98.134.241. Number of nodes 319
EtherApe-INFO: 23:44:14.159: delete node: IP: 54.166.10.135. Number of nodes 318
EtherApe-INFO: 23:44:14.416: delete node: IP: 178.250.7.2. Number of nodes 317
EtherApe-INFO: 23:44:15.364: delete node: IP: 54.228.73.172. Number of nodes 316
EtherApe-INFO: 23:44:16.102: New node: IP: 198.98.54.3. Number of nodes 317
EtherApe-INFO: 23:44:16.492: delete node: IP: 208.93.169.131. Number of nodes 316
EtherApe-INFO: 23:44:16.999: delete node: IP: 178.250.1.11. Number of nodes 315
EtherApe-INFO: 23:44:16.999: delete node: IP: 46.228.164.11. Number of nodes 314
EtherApe-INFO: 23:44:17.502: delete node: IP: 72.251.241.204. Number of nodes 313
EtherApe-INFO: 23:44:18.251: delete node: IP: 178.250.7.11. Number of nodes 312
EtherApe-INFO: 23:44:19.371: delete node: IP: 67.202.105.23. Number of nodes 311
EtherApe-INFO: 23:44:19.963: delete node: IP: 185.86.139.102. Number of nodes 310
EtherApe-INFO: 23:44:20.210: delete node: IP: 185.89.211.84. Number of nodes 309
EtherApe-INFO: 23:44:20.210: delete node: IP: 185.89.210.101. Number of nodes 308
EtherApe-INFO: 23:44:20.210: delete node: IP: 185.86.138.150. Number of nodes 307
EtherApe-INFO: 23:44:20.210: delete node: IP: 141.95.171.139. Number of nodes 306
EtherApe-INFO: 23:44:20.210: delete node: IP: 77.243.51.122. Number of nodes 305
EtherApe-INFO: 23:44:20.210: delete node: IP: 64.202.112.191. Number of nodes 304
EtherApe-INFO: 23:44:20.742: delete node: IP: 52.202.56.4. Number of nodes 303
EtherApe-INFO: 23:44:21.290: delete node: IP: 18.184.33.63. Number of nodes 302
EtherApe-INFO: 23:44:22.638: delete node: IP: 3.77.67.35. Number of nodes 301
EtherApe-INFO: 23:44:26.183: delete node: IP: 216.52.2.86. Number of nodes 300
EtherApe-INFO: 23:44:26.183: delete node: IP: 157.90.40.26. Number of nodes 299
EtherApe-INFO: 23:44:26.183: delete node: IP: 85.114.159.118. Number of nodes 298
EtherApe-INFO: 23:44:26.183: delete node: IP: 35.156.93.58. Number of nodes 297
EtherApe-INFO: 23:44:32.392: delete node: IP: 34.160.152.31. Number of nodes 296
EtherApe-INFO: 23:44:38.238: delete node: IP: 104.17.182.177. Number of nodes 295
EtherApe-INFO: 23:44:38.238: delete node: IP: 51.75.86.98. Number of nodes 294
EtherApe-INFO: 23:44:38.941: delete node: IP: 104.25.94.5. Number of nodes 293
EtherApe-INFO: 23:44:39.150: New node: IP: 168.80.174.2. Number of nodes 294
EtherApe-INFO: 23:44:41.317: delete node: IP: 3.122.160.111. Number of nodes 293
EtherApe-INFO: 23:44:44.359: delete node: IP: 63.34.81.234. Number of nodes 292
EtherApe-INFO: 23:44:51.705: New node: IP: 142.251.220.163. Number of nodes 293
EtherApe-INFO: 23:44:51.706: New node: IP: 172.217.193.94. Number of nodes 294
EtherApe-INFO: 23:44:51.706: New node: IP: 172.217.16.3. Number of nodes 295
EtherApe-INFO: 23:44:51.954: New node: IP: 34.92.246.241. Number of nodes 296
EtherApe-INFO: 23:44:56.856: delete node: IP: 216.58.209.4. Number of nodes 295
EtherApe-INFO: 23:44:57.074: New node: IP: 34.154.74.59. Number of nodes 296
EtherApe-INFO: 23:44:57.943: delete node: IP: 213.155.156.181. Number of nodes 295
EtherApe-INFO: 23:44:57.944: delete node: IP: 108.138.51.110. Number of nodes 294
EtherApe-INFO: 23:44:58.649: New node: IP: 142.251.34.163. Number of nodes 295
EtherApe-INFO: 23:44:59.166: delete node: IP: 52.20.193.155. Number of nodes 294
EtherApe-INFO: 23:45:00.910: New node: IP: 98.110.23.77. Number of nodes 295
EtherApe-INFO: 23:45:02.958: New node: IP: 108.138.51.96. Number of nodes 296
EtherApe-INFO: 23:45:03.255: delete node: IP: 34.236.121.17. Number of nodes 295
EtherApe-INFO: 23:45:03.255: delete node: IP: 18.202.200.24. Number of nodes 294
EtherApe-INFO: 23:45:03.909: delete node: IP: 34.242.178.246. Number of nodes 293
EtherApe-INFO: 23:45:04.878: New node: IP: 13.38.114.73. Number of nodes 294
EtherApe-INFO: 23:45:04.878: New node: IP: 13.38.25.29. Number of nodes 295
EtherApe-INFO: 23:45:04.878: New node: IP: 13.38.9.41. Number of nodes 296
EtherApe-INFO: 23:45:04.997: delete node: IP: 15.237.110.196. Number of nodes 295
EtherApe-INFO: 23:45:04.997: delete node: IP: 13.37.236.42. Number of nodes 294
EtherApe-INFO: 23:45:05.148: New node: IP: 52.95.126.138. Number of nodes 295
EtherApe-INFO: 23:45:05.151: New node: IP: 46.228.164.11. Number of nodes 296
EtherApe-INFO: 23:45:05.283: delete node: IP: 172.217.16.35. Number of nodes 295
EtherApe-INFO: 23:45:05.283: delete node: IP: 172.217.16.33. Number of nodes 294
EtherApe-INFO: 23:45:05.283: delete node: IP: 35.180.208.168. Number of nodes 293
EtherApe-INFO: 23:45:06.500: delete node: IP: 34.252.176.107. Number of nodes 292
EtherApe-INFO: 23:45:06.797: delete node: IP: 198.235.24.87. Number of nodes 291
EtherApe-INFO: 23:45:07.057: delete node: IP: 31.43.58.109. Number of nodes 290
EtherApe-INFO: 23:45:07.057: delete node: IP: 18.196.122.28. Number of nodes 289
EtherApe-INFO: 23:45:07.057: delete node: IP: 3.212.253.169. Number of nodes 288
EtherApe-INFO: 23:45:07.212: delete node: IP: 91.228.74.208. Number of nodes 287
EtherApe-INFO: 23:45:08.234: New node: IP: 95.216.195.133. Number of nodes 288
EtherApe-INFO: 23:45:08.302: delete node: IP: 35.172.159.147. Number of nodes 287
EtherApe-INFO: 23:45:08.303: delete node: IP: 3.221.8.21. Number of nodes 286
EtherApe-INFO: 23:45:08.303: delete node: IP: 3.122.8.193. Number of nodes 285
EtherApe-INFO: 23:45:08.555: delete node: IP: 34.242.99.146. Number of nodes 284
EtherApe-INFO: 23:45:08.808: delete node: IP: 35.71.131.137. Number of nodes 283
EtherApe-INFO: 23:45:08.808: delete node: IP: 31.43.58.108. Number of nodes 282
EtherApe-INFO: 23:45:08.808: delete node: IP: 3.65.236.207. Number of nodes 281
EtherApe-INFO: 23:45:09.095: delete node: IP: 35.214.138.23. Number of nodes 280
EtherApe-INFO: 23:45:09.245: delete node: IP: 75.2.13.80. Number of nodes 279
EtherApe-INFO: 23:45:09.245: delete node: IP: 52.48.144.60. Number of nodes 278
EtherApe-INFO: 23:45:11.176: delete node: IP: 35.213.190.66. Number of nodes 277
EtherApe-INFO: 23:45:12.456: delete node: IP: 167.235.124.60. Number of nodes 276
EtherApe-INFO: 23:45:12.456: delete node: IP: 167.235.124.59. Number of nodes 275
EtherApe-INFO: 23:45:12.456: delete node: IP: 3.126.192.167. Number of nodes 274
EtherApe-INFO: 23:45:13.103: delete node: IP: 52.28.9.21. Number of nodes 273
EtherApe-INFO: 23:45:18.056: delete node: IP: 142.250.203.145. Number of nodes 272
EtherApe-INFO: 23:45:18.302: delete node: IP: 63.215.202.140. Number of nodes 271
EtherApe-INFO: 23:45:20.273: delete node: IP: 46.134.194.16. Number of nodes 270
EtherApe-INFO: 23:45:21.608: delete node: IP: 216.239.38.178. Number of nodes 269
EtherApe-INFO: 23:45:22.837: delete node: IP: 63.215.202.137. Number of nodes 268
EtherApe-INFO: 23:45:24.625: delete node: IP: 172.105.221.29. Number of nodes 267
(etherape:2035): Gdk-DEBUG: 23:45:27.609: etherape: Fatal IO error 11 (Resource temporarily unavailable) on X server :0.

