(etherape:2747): GLib-GIO-DEBUG: 01:42:45.640: _g_io_module_get_default: Found default implementation local (GLocalVfs) for ‘gio-vfs’
(etherape:2747): GLib-GIO-DEBUG: 01:42:45.720: Using cross-namespace EXTERNAL authentication (this will deadlock if server is GDBus < 2.73.3)
EtherApe-INFO: 01:42:45.779: sctp protocol not supported
EtherApe-INFO: 01:42:45.779: dccp protocol not supported
EtherApe-INFO: 01:42:45.779: sctp protocol not supported
EtherApe-INFO: 01:42:45.779: sctp protocol not supported
EtherApe-INFO: 01:42:45.779: sctp protocol not supported
EtherApe-INFO: 01:42:45.779: sctp protocol not supported
EtherApe-INFO: 01:42:45.779: sctp protocol not supported
EtherApe-INFO: 01:42:45.780: sctp protocol not supported
EtherApe-INFO: 01:42:45.780: sctp protocol not supported
EtherApe-INFO: 01:42:45.780: dccp protocol not supported
EtherApe-INFO: 01:42:45.780: sctp protocol not supported
EtherApe-INFO: 01:42:45.780: dccp protocol not supported
EtherApe-INFO: 01:42:45.780: dccp protocol not supported
EtherApe-INFO: 01:42:45.780: sctp protocol not supported
EtherApe-INFO: 01:42:45.781: sctp protocol not supported
EtherApe-INFO: 01:42:45.781: sctp protocol not supported
EtherApe-INFO: 01:42:45.781: sctp protocol not supported
EtherApe-INFO: 01:42:45.782: sctp protocol not supported
EtherApe-INFO: 01:42:45.782: sctp protocol not supported
EtherApe-INFO: 01:42:45.783: sctp protocol not supported
EtherApe-INFO: 01:42:45.783: sctp protocol not supported
EtherApe-INFO: 01:42:45.783: sctp protocol not supported
EtherApe-INFO: 01:42:45.783: sctp protocol not supported
EtherApe-INFO: 01:42:45.783: sctp protocol not supported
EtherApe-INFO: 01:42:45.784: sctp protocol not supported
EtherApe-INFO: 01:42:45.784: sctp protocol not supported
EtherApe-INFO: 01:42:45.784: sctp protocol not supported
EtherApe-INFO: 01:42:45.784: sctp protocol not supported
EtherApe-INFO: 01:42:45.784: dccp protocol not supported
EtherApe-INFO: 01:42:45.784: sctp protocol not supported
EtherApe-INFO: 01:42:45.784: sctp protocol not supported
EtherApe-INFO: 01:42:45.785: dccp protocol not supported
EtherApe-INFO: 01:42:45.785: sctp protocol not supported
EtherApe-INFO: 01:42:45.785: sctp protocol not supported
EtherApe-INFO: 01:42:45.785: sctp protocol not supported
EtherApe-INFO: 01:42:45.785: dccp protocol not supported
EtherApe-INFO: 01:42:45.785: dccp protocol not supported
EtherApe-INFO: 01:42:45.785: sctp protocol not supported
EtherApe-INFO: 01:42:45.785: sctp protocol not supported
EtherApe-INFO: 01:42:45.785: sctp protocol not supported
EtherApe-INFO: 01:42:45.785: sctp protocol not supported
EtherApe-INFO: 01:42:45.785: sctp protocol not supported
EtherApe-INFO: 01:42:45.785: sctp protocol not supported
EtherApe-INFO: 01:42:45.785: sctp protocol not supported
EtherApe-INFO: 01:42:45.785: sctp protocol not supported
EtherApe-INFO: 01:42:45.786: sctp protocol not supported
EtherApe-INFO: 01:42:45.786: sctp protocol not supported
EtherApe-INFO: 01:42:45.786: sctp protocol not supported
EtherApe-INFO: 01:42:45.786: sctp protocol not supported
EtherApe-INFO: 01:42:45.786: sctp protocol not supported
EtherApe-INFO: 01:42:45.786: sctp protocol not supported
EtherApe-INFO: 01:42:45.786: sctp protocol not supported
EtherApe-INFO: 01:42:45.786: sctp protocol not supported
EtherApe-INFO: 01:42:45.786: sctp protocol not supported
EtherApe-INFO: 01:42:45.786: sctp protocol not supported
EtherApe-INFO: 01:42:45.786: sctp protocol not supported
EtherApe-INFO: 01:42:45.786: sctp protocol not supported
EtherApe-INFO: 01:42:45.786: dccp protocol not supported
EtherApe-INFO: 01:42:45.786: sctp protocol not supported
EtherApe-INFO: 01:42:45.786: sctp protocol not supported
EtherApe-INFO: 01:42:45.786: sctp protocol not supported
EtherApe-INFO: 01:42:45.786: sctp protocol not supported
EtherApe-INFO: 01:42:45.787: sctp protocol not supported
EtherApe-INFO: 01:42:45.787: sctp protocol not supported
EtherApe-INFO: 01:42:45.787: sctp protocol not supported
EtherApe-INFO: 01:42:45.787: sctp protocol not supported
EtherApe-INFO: 01:42:45.787: sctp protocol not supported
EtherApe-INFO: 01:42:45.787: sctp protocol not supported
EtherApe-INFO: 01:42:45.787: sctp protocol not supported
EtherApe-INFO: 01:42:45.787: sctp protocol not supported
EtherApe-INFO: 01:42:45.787: sctp protocol not supported
EtherApe-INFO: 01:42:45.788: sctp protocol not supported
EtherApe-INFO: 01:42:45.788: sctp protocol not supported
EtherApe-INFO: 01:42:45.788: sctp protocol not supported
EtherApe-INFO: 01:42:45.788: sctp protocol not supported
EtherApe-INFO: 01:42:45.788: sctp protocol not supported
EtherApe-INFO: 01:42:45.788: sctp protocol not supported
EtherApe-INFO: 01:42:45.788: sctp protocol not supported
EtherApe-INFO: 01:42:45.788: sctp protocol not supported
EtherApe-INFO: 01:42:45.788: sctp protocol not supported
EtherApe-INFO: 01:42:45.788: sctp protocol not supported
EtherApe-INFO: 01:42:45.788: sctp protocol not supported
EtherApe-INFO: 01:42:45.788: sctp protocol not supported
EtherApe-INFO: 01:42:45.789: sctp protocol not supported
EtherApe-INFO: 01:42:45.789: sctp protocol not supported
EtherApe-INFO: 01:42:45.789: sctp protocol not supported
EtherApe-INFO: 01:42:45.789: sctp protocol not supported
EtherApe-INFO: 01:42:45.789: sctp protocol not supported
EtherApe-INFO: 01:42:45.789: sctp protocol not supported
EtherApe-INFO: 01:42:45.789: sctp protocol not supported
EtherApe-INFO: 01:42:45.789: sctp protocol not supported
EtherApe-INFO: 01:42:45.789: sctp protocol not supported
EtherApe-INFO: 01:42:45.789: sctp protocol not supported
EtherApe-INFO: 01:42:45.789: sctp protocol not supported
EtherApe-INFO: 01:42:45.799: get_interface result: ''
EtherApe-INFO: 01:42:45.800: Available interfaces for capture: dbus-session dbus-system nfqueue nflog bluetooth-monitor bluetooth0 lo any wlp2s0
EtherApe-INFO: 01:42:45.800: Link type is LINUX_SLL
EtherApe-INFO: 01:42:45.800: Diagram started
EtherApe-INFO: 01:42:46.065: New node: IP: 192.168.1.249. Number of nodes 1
EtherApe-INFO: 01:42:46.065: New node: IP: 93.184.220.29. Number of nodes 2
EtherApe-INFO: 01:42:46.332: New node: IP: 142.250.186.195. Number of nodes 3
EtherApe-INFO: 01:42:46.332: New node: IP: 87.245.216.107. Number of nodes 4
EtherApe-INFO: 01:42:46.598: New node: IP: 54.187.179.42. Number of nodes 5
EtherApe-INFO: 01:42:46.599: New node: IP: 44.235.67.119. Number of nodes 6
EtherApe-INFO: 01:42:46.599: New node: IP: 87.245.216.9. Number of nodes 7
EtherApe-INFO: 01:42:46.865: New node: IP: 104.18.32.68. Number of nodes 8
EtherApe-INFO: 01:42:47.668: New node: IP: 8.8.8.8. Number of nodes 9
EtherApe-INFO: 01:42:49.265: New node: IP: 65.9.42.15. Number of nodes 10
EtherApe-INFO: 01:42:49.798: New node: IP: 65.9.42.9. Number of nodes 11
EtherApe-INFO: 01:42:50.065: New node: IP: 104.18.21.226. Number of nodes 12
EtherApe-INFO: 01:42:50.332: New node: IP: 18.66.121.68. Number of nodes 13
EtherApe-INFO: 01:42:51.398: New node: IP: 1.1.1.1. Number of nodes 14
EtherApe-INFO: 01:42:51.665: New node: IP: 34.107.221.82. Number of nodes 15
EtherApe-INFO: 01:42:53.798: New node: IP: 149.154.167.41. Number of nodes 16
EtherApe-INFO: 01:42:57.002: New node: IP: 172.217.16.42. Number of nodes 17
EtherApe-INFO: 01:42:59.932: New node: IP: 172.217.16.3. Number of nodes 18
EtherApe-INFO: 01:43:00.199: New node: IP: 3.225.25.3. Number of nodes 19
EtherApe-INFO: 01:43:17.265: New node: IP: 34.120.208.123. Number of nodes 20
EtherApe-INFO: 01:43:24.202: New node: IP: 34.107.141.31. Number of nodes 21
EtherApe-INFO: 01:43:24.732: New node: IP: 140.82.121.4. Number of nodes 22
EtherApe-INFO: 01:43:25.265: New node: IP: 104.16.99.56. Number of nodes 23
EtherApe-INFO: 01:43:25.265: New node: IP: 104.18.12.33. Number of nodes 24
EtherApe-INFO: 01:43:25.532: New node: IP: 185.199.109.154. Number of nodes 25
EtherApe-INFO: 01:43:26.332: New node: IP: 3.2.9.2. Number of nodes 26
EtherApe-INFO: 01:43:27.132: New node: IP: 104.17.49.74. Number of nodes 27
EtherApe-INFO: 01:43:28.200: New node: IP: 216.58.208.206. Number of nodes 28
EtherApe-INFO: 01:43:28.200: New node: IP: 172.64.134.11. Number of nodes 29
EtherApe-INFO: 01:43:28.465: New node: IP: 140.82.114.25. Number of nodes 30
EtherApe-INFO: 01:43:29.265: New node: IP: 142.250.75.14. Number of nodes 31
EtherApe-INFO: 01:43:29.265: New node: IP: 13.32.103.36. Number of nodes 32
EtherApe-INFO: 01:43:29.265: New node: IP: 35.186.227.140. Number of nodes 33
EtherApe-INFO: 01:43:29.265: New node: IP: 216.58.215.68. Number of nodes 34
EtherApe-INFO: 01:43:29.266: New node: IP: 3.218.23.115. Number of nodes 35
EtherApe-INFO: 01:43:30.332: New node: IP: 216.58.215.74. Number of nodes 36
EtherApe-INFO: 01:43:31.133: New node: IP: 13.32.99.49. Number of nodes 37
EtherApe-INFO: 01:43:32.198: New node: IP: 142.250.186.202. Number of nodes 38
EtherApe-INFO: 01:43:32.199: New node: IP: 216.58.215.106. Number of nodes 39
EtherApe-INFO: 01:43:32.199: New node: IP: 142.250.203.206. Number of nodes 40
EtherApe-INFO: 01:43:32.999: New node: IP: 94.158.46.150. Number of nodes 41
EtherApe-INFO: 01:43:33.265: New node: IP: 216.58.215.78. Number of nodes 42
EtherApe-INFO: 01:43:36.202: New node: IP: 151.101.192.176. Number of nodes 43
EtherApe-INFO: 01:43:36.202: New node: IP: 172.217.16.10. Number of nodes 44
EtherApe-INFO: 01:43:36.202: New node: IP: 87.245.212.67. Number of nodes 45
EtherApe-INFO: 01:43:38.332: New node: IP: 104.26.0.94. Number of nodes 46
EtherApe-INFO: 01:43:43.132: New node: IP: 172.217.16.37. Number of nodes 47
EtherApe-INFO: 01:43:43.132: New node: IP: 104.16.249.249. Number of nodes 48
EtherApe-INFO: 01:43:45.803: New node: IP: 185.199.109.133. Number of nodes 49
EtherApe-INFO: 01:43:45.804: New node: IP: 185.199.111.133. Number of nodes 50
EtherApe-INFO: 01:43:47.932: New node: IP: 147.75.198.156. Number of nodes 51
EtherApe-INFO: 01:44:08.732: New node: IP: 65.9.42.97. Number of nodes 52
EtherApe-INFO: 01:44:09.799: New node: IP: 35.162.110.205. Number of nodes 53
EtherApe-INFO: 01:44:52.027: delete node: IP: 1.1.1.1. Number of nodes 52
EtherApe-INFO: 01:45:06.070: New node: IP: 35.80.188.76. Number of nodes 53
EtherApe-INFO: 01:45:07.399: New node: IP: 85.222.140.6. Number of nodes 54
EtherApe-INFO: 01:45:07.400: New node: IP: 172.64.155.188. Number of nodes 55
EtherApe-INFO: 01:45:09.533: New node: IP: 216.58.215.67. Number of nodes 56
EtherApe-INFO: 01:45:11.133: New node: IP: 35.186.249.46. Number of nodes 57
EtherApe-INFO: 01:45:11.401: New node: IP: 185.199.108.133. Number of nodes 58
EtherApe-INFO: 01:45:11.406: New node: IP: 192.124.249.22. Number of nodes 59
EtherApe-INFO: 01:45:11.675: New node: IP: 91.198.174.192. Number of nodes 60
EtherApe-INFO: 01:45:12.735: New node: IP: 45.60.13.212. Number of nodes 61
EtherApe-INFO: 01:45:13.813: New node: IP: 104.18.210.69. Number of nodes 62
EtherApe-INFO: 01:45:13.814: New node: IP: 104.18.209.69. Number of nodes 63
EtherApe-INFO: 01:45:15.133: New node: IP: 91.198.174.208. Number of nodes 64
EtherApe-INFO: 01:45:15.134: New node: IP: 143.244.45.177. Number of nodes 65
EtherApe-INFO: 01:45:17.801: New node: IP: 18.66.122.108. Number of nodes 66
EtherApe-INFO: 01:45:18.334: New node: IP: 45.84.72.15. Number of nodes 67
EtherApe-INFO: 01:45:19.398: New node: IP: 172.67.172.246. Number of nodes 68
EtherApe-INFO: 01:45:19.399: New node: IP: 104.21.30.137. Number of nodes 69
EtherApe-INFO: 01:45:19.935: New node: IP: 104.21.60.220. Number of nodes 70
EtherApe-INFO: 01:45:20.732: New node: IP: 78.46.164.196. Number of nodes 71
EtherApe-INFO: 01:45:20.999: New node: IP: 104.96.147.241. Number of nodes 72
EtherApe-INFO: 01:45:21.003: New node: IP: 199.232.194.154. Number of nodes 73
EtherApe-INFO: 01:45:21.004: New node: IP: 199.232.198.154. Number of nodes 74
EtherApe-INFO: 01:45:21.267: New node: IP: 142.250.203.193. Number of nodes 75
EtherApe-INFO: 01:45:21.544: New node: IP: 104.244.42.136. Number of nodes 76
EtherApe-INFO: 01:45:22.074: New node: IP: 192.150.253.93. Number of nodes 77
EtherApe-INFO: 01:45:22.074: New node: IP: 1.1.1.1. Number of nodes 78
EtherApe-INFO: 01:45:22.075: New node: IP: 104.16.149.64. Number of nodes 79
EtherApe-INFO: 01:45:22.084: New node: IP: 151.101.194.154. Number of nodes 80
EtherApe-INFO: 01:45:22.335: New node: IP: 142.250.203.138. Number of nodes 81
EtherApe-INFO: 01:45:22.339: New node: IP: 104.16.148.64. Number of nodes 82
EtherApe-INFO: 01:45:22.599: New node: IP: 9.9.9.9. Number of nodes 83
EtherApe-INFO: 01:45:22.873: New node: IP: 104.18.40.133. Number of nodes 84
EtherApe-INFO: 01:45:23.134: New node: IP: 34.149.66.134. Number of nodes 85
EtherApe-INFO: 01:45:23.145: New node: IP: 2.17.240.234. Number of nodes 86
EtherApe-INFO: 01:45:26.987: delete node: IP: 54.187.179.42. Number of nodes 85
EtherApe-INFO: 01:45:26.987: delete node: IP: 44.235.67.119. Number of nodes 84
EtherApe-INFO: 01:45:27.136: New node: IP: 18.66.122.32. Number of nodes 85
EtherApe-INFO: 01:45:27.683: New node: IP: 87.245.216.11. Number of nodes 86
EtherApe-INFO: 01:45:27.937: New node: IP: 54.75.157.74. Number of nodes 87
EtherApe-INFO: 01:45:33.066: delete node: IP: 94.158.46.150. Number of nodes 86
EtherApe-INFO: 01:45:41.001: New node: IP: 94.158.46.150. Number of nodes 87
EtherApe-INFO: 01:45:46.347: delete node: IP: 185.199.111.133. Number of nodes 86
EtherApe-INFO: 01:45:48.009: delete node: IP: 147.75.198.156. Number of nodes 85
EtherApe-INFO: 01:45:48.732: New node: IP: 147.75.198.156. Number of nodes 86
EtherApe-INFO: 01:46:12.795: delete node: IP: 65.9.42.97. Number of nodes 85
EtherApe-INFO: 01:46:15.132: New node: IP: 104.16.248.249. Number of nodes 86
EtherApe-INFO: 01:46:21.846: delete node: IP: 87.245.216.107. Number of nodes 85
EtherApe-INFO: 01:46:22.921: delete node: IP: 104.18.32.68. Number of nodes 84
EtherApe-INFO: 01:46:24.216: delete node: IP: 35.162.110.205. Number of nodes 83
EtherApe-INFO: 01:46:25.613: delete node: IP: 104.18.21.226. Number of nodes 82
EtherApe-INFO: 01:46:27.224: delete node: IP: 34.107.221.82. Number of nodes 81
EtherApe-INFO: 01:46:34.065: New node: IP: 192.168.1.1. Number of nodes 82
EtherApe-INFO: 01:46:34.332: New node: IP: 95.216.195.133. Number of nodes 83
EtherApe-INFO: 01:46:38.401: delete node: IP: 87.245.212.67. Number of nodes 82
EtherApe-INFO: 01:47:12.237: delete node: IP: 185.199.108.133. Number of nodes 81
EtherApe-INFO: 01:47:13.824: delete node: IP: 104.18.209.69. Number of nodes 80
EtherApe-INFO: 01:47:14.673: delete node: IP: 104.18.210.69. Number of nodes 79
EtherApe-INFO: 01:47:16.785: delete node: IP: 143.244.45.177. Number of nodes 78
EtherApe-INFO: 01:47:16.785: delete node: IP: 34.107.141.31. Number of nodes 77
EtherApe-INFO: 01:47:18.373: delete node: IP: 104.18.12.33. Number of nodes 76
EtherApe-INFO: 01:47:18.373: delete node: IP: 104.16.99.56. Number of nodes 75
EtherApe-INFO: 01:47:18.902: delete node: IP: 104.17.49.74. Number of nodes 74
EtherApe-INFO: 01:47:18.902: delete node: IP: 3.2.9.2. Number of nodes 73
EtherApe-INFO: 01:47:19.221: delete node: IP: 216.58.215.67. Number of nodes 72
EtherApe-INFO: 01:47:19.221: delete node: IP: 45.84.72.15. Number of nodes 71
EtherApe-INFO: 01:47:19.960: delete node: IP: 216.58.208.206. Number of nodes 70
EtherApe-INFO: 01:47:19.960: delete node: IP: 172.64.134.11. Number of nodes 69
EtherApe-INFO: 01:47:19.960: delete node: IP: 104.21.30.137. Number of nodes 68
EtherApe-INFO: 01:47:20.278: delete node: IP: 104.21.60.220. Number of nodes 67
EtherApe-INFO: 01:47:21.861: delete node: IP: 216.58.215.74. Number of nodes 66
EtherApe-INFO: 01:47:21.861: delete node: IP: 199.232.198.154. Number of nodes 65
EtherApe-INFO: 01:47:21.861: delete node: IP: 142.250.75.14. Number of nodes 64
EtherApe-INFO: 01:47:21.861: delete node: IP: 13.32.103.36. Number of nodes 63
EtherApe-INFO: 01:47:21.861: delete node: IP: 3.218.23.115. Number of nodes 62
EtherApe-INFO: 01:47:22.389: delete node: IP: 172.67.172.246. Number of nodes 61
EtherApe-INFO: 01:47:22.389: delete node: IP: 104.16.149.64. Number of nodes 60
EtherApe-INFO: 01:47:22.917: delete node: IP: 192.150.253.93. Number of nodes 59
EtherApe-INFO: 01:47:22.917: delete node: IP: 142.250.203.138. Number of nodes 58
EtherApe-INFO: 01:47:22.917: delete node: IP: 104.16.148.64. Number of nodes 57
EtherApe-INFO: 01:47:22.917: delete node: IP: 13.32.99.49. Number of nodes 56
EtherApe-INFO: 01:47:23.444: delete node: IP: 104.96.147.241. Number of nodes 55
EtherApe-INFO: 01:47:23.975: delete node: IP: 142.250.203.206. Number of nodes 54
EtherApe-INFO: 01:47:24.290: delete node: IP: 9.9.9.9. Number of nodes 53
EtherApe-INFO: 01:47:24.290: delete node: IP: 1.1.1.1. Number of nodes 52
EtherApe-INFO: 01:47:25.881: delete node: IP: 216.58.215.106. Number of nodes 51
EtherApe-INFO: 01:47:25.881: delete node: IP: 142.250.186.202. Number of nodes 50
EtherApe-INFO: 01:47:25.881: delete node: IP: 78.46.164.196. Number of nodes 49
EtherApe-INFO: 01:47:26.332: New node: IP: 54.70.68.230. Number of nodes 50
EtherApe-INFO: 01:47:28.308: delete node: IP: 151.101.192.176. Number of nodes 49
EtherApe-INFO: 01:47:28.308: delete node: IP: 18.66.122.108. Number of nodes 48
EtherApe-INFO: 01:47:30.104: delete node: IP: 172.217.16.10. Number of nodes 47
EtherApe-INFO: 01:47:31.157: delete node: IP: 104.26.0.94. Number of nodes 46
EtherApe-INFO: 01:47:43.767: delete node: IP: 94.158.46.150. Number of nodes 45
EtherApe-INFO: 01:48:04.793: delete node: IP: 87.245.216.11. Number of nodes 44
EtherApe-INFO: 01:48:07.426: delete node: IP: 35.80.188.76. Number of nodes 43
EtherApe-INFO: 01:48:15.939: delete node: IP: 104.16.248.249. Number of nodes 42
EtherApe-INFO: 01:48:28.511: delete node: IP: 192.124.249.22. Number of nodes 41
EtherApe-INFO: 01:48:28.511: delete node: IP: 54.75.157.74. Number of nodes 40
EtherApe-INFO: 01:48:37.064: delete node: IP: 192.168.1.1. Number of nodes 39
EtherApe-INFO: 01:48:37.064: delete node: IP: 95.216.195.133. Number of nodes 38
EtherApe-INFO: 01:49:00.240: delete node: IP: 65.9.42.9. Number of nodes 37
EtherApe-INFO: 01:49:05.842: delete node: IP: 172.64.155.188. Number of nodes 36
EtherApe-INFO: 01:49:08.999: New node: IP: 140.82.121.3. Number of nodes 37
EtherApe-INFO: 01:49:09.057: delete node: IP: 34.120.208.123. Number of nodes 36
EtherApe-INFO: 01:49:12.481: delete node: IP: 87.245.216.9. Number of nodes 35
EtherApe-INFO: 01:49:13.311: delete node: IP: 85.222.140.6. Number of nodes 34
