(etherape:3214): GLib-GIO-DEBUG: 01:25:29.495: _g_io_module_get_default: Found default implementation local (GLocalVfs) for ‘gio-vfs’
(etherape:3214): GLib-GIO-DEBUG: 01:25:29.578: Using cross-namespace EXTERNAL authentication (this will deadlock if server is GDBus < 2.73.3)
EtherApe-INFO: 01:25:29.627: sctp protocol not supported
EtherApe-INFO: 01:25:29.627: dccp protocol not supported
EtherApe-INFO: 01:25:29.627: sctp protocol not supported
EtherApe-INFO: 01:25:29.627: sctp protocol not supported
EtherApe-INFO: 01:25:29.627: sctp protocol not supported
EtherApe-INFO: 01:25:29.627: sctp protocol not supported
EtherApe-INFO: 01:25:29.627: sctp protocol not supported
EtherApe-INFO: 01:25:29.627: sctp protocol not supported
EtherApe-INFO: 01:25:29.628: sctp protocol not supported
EtherApe-INFO: 01:25:29.628: dccp protocol not supported
EtherApe-INFO: 01:25:29.628: sctp protocol not supported
EtherApe-INFO: 01:25:29.628: dccp protocol not supported
EtherApe-INFO: 01:25:29.628: dccp protocol not supported
EtherApe-INFO: 01:25:29.628: sctp protocol not supported
EtherApe-INFO: 01:25:29.628: sctp protocol not supported
EtherApe-INFO: 01:25:29.628: sctp protocol not supported
EtherApe-INFO: 01:25:29.629: sctp protocol not supported
EtherApe-INFO: 01:25:29.629: sctp protocol not supported
EtherApe-INFO: 01:25:29.630: sctp protocol not supported
EtherApe-INFO: 01:25:29.630: sctp protocol not supported
EtherApe-INFO: 01:25:29.630: sctp protocol not supported
EtherApe-INFO: 01:25:29.630: sctp protocol not supported
EtherApe-INFO: 01:25:29.630: sctp protocol not supported
EtherApe-INFO: 01:25:29.630: sctp protocol not supported
EtherApe-INFO: 01:25:29.631: sctp protocol not supported
EtherApe-INFO: 01:25:29.631: sctp protocol not supported
EtherApe-INFO: 01:25:29.631: sctp protocol not supported
EtherApe-INFO: 01:25:29.631: sctp protocol not supported
EtherApe-INFO: 01:25:29.631: dccp protocol not supported
EtherApe-INFO: 01:25:29.631: sctp protocol not supported
EtherApe-INFO: 01:25:29.631: sctp protocol not supported
EtherApe-INFO: 01:25:29.631: dccp protocol not supported
EtherApe-INFO: 01:25:29.631: sctp protocol not supported
EtherApe-INFO: 01:25:29.631: sctp protocol not supported
EtherApe-INFO: 01:25:29.631: sctp protocol not supported
EtherApe-INFO: 01:25:29.631: dccp protocol not supported
EtherApe-INFO: 01:25:29.631: dccp protocol not supported
EtherApe-INFO: 01:25:29.631: sctp protocol not supported
EtherApe-INFO: 01:25:29.631: sctp protocol not supported
EtherApe-INFO: 01:25:29.631: sctp protocol not supported
EtherApe-INFO: 01:25:29.631: sctp protocol not supported
EtherApe-INFO: 01:25:29.631: sctp protocol not supported
EtherApe-INFO: 01:25:29.632: sctp protocol not supported
EtherApe-INFO: 01:25:29.632: sctp protocol not supported
EtherApe-INFO: 01:25:29.632: sctp protocol not supported
EtherApe-INFO: 01:25:29.632: sctp protocol not supported
EtherApe-INFO: 01:25:29.632: sctp protocol not supported
EtherApe-INFO: 01:25:29.632: sctp protocol not supported
EtherApe-INFO: 01:25:29.632: sctp protocol not supported
EtherApe-INFO: 01:25:29.632: sctp protocol not supported
EtherApe-INFO: 01:25:29.632: sctp protocol not supported
EtherApe-INFO: 01:25:29.632: sctp protocol not supported
EtherApe-INFO: 01:25:29.632: sctp protocol not supported
EtherApe-INFO: 01:25:29.632: sctp protocol not supported
EtherApe-INFO: 01:25:29.632: sctp protocol not supported
EtherApe-INFO: 01:25:29.632: sctp protocol not supported
EtherApe-INFO: 01:25:29.632: sctp protocol not supported
EtherApe-INFO: 01:25:29.632: dccp protocol not supported
EtherApe-INFO: 01:25:29.632: sctp protocol not supported
EtherApe-INFO: 01:25:29.632: sctp protocol not supported
EtherApe-INFO: 01:25:29.632: sctp protocol not supported
EtherApe-INFO: 01:25:29.632: sctp protocol not supported
EtherApe-INFO: 01:25:29.632: sctp protocol not supported
EtherApe-INFO: 01:25:29.632: sctp protocol not supported
EtherApe-INFO: 01:25:29.632: sctp protocol not supported
EtherApe-INFO: 01:25:29.632: sctp protocol not supported
EtherApe-INFO: 01:25:29.633: sctp protocol not supported
EtherApe-INFO: 01:25:29.633: sctp protocol not supported
EtherApe-INFO: 01:25:29.633: sctp protocol not supported
EtherApe-INFO: 01:25:29.633: sctp protocol not supported
EtherApe-INFO: 01:25:29.633: sctp protocol not supported
EtherApe-INFO: 01:25:29.633: sctp protocol not supported
EtherApe-INFO: 01:25:29.633: sctp protocol not supported
EtherApe-INFO: 01:25:29.633: sctp protocol not supported
EtherApe-INFO: 01:25:29.633: sctp protocol not supported
EtherApe-INFO: 01:25:29.633: sctp protocol not supported
EtherApe-INFO: 01:25:29.633: sctp protocol not supported
EtherApe-INFO: 01:25:29.633: sctp protocol not supported
EtherApe-INFO: 01:25:29.633: sctp protocol not supported
EtherApe-INFO: 01:25:29.633: sctp protocol not supported
EtherApe-INFO: 01:25:29.633: sctp protocol not supported
EtherApe-INFO: 01:25:29.633: sctp protocol not supported
EtherApe-INFO: 01:25:29.633: sctp protocol not supported
EtherApe-INFO: 01:25:29.633: sctp protocol not supported
EtherApe-INFO: 01:25:29.633: sctp protocol not supported
EtherApe-INFO: 01:25:29.633: sctp protocol not supported
EtherApe-INFO: 01:25:29.633: sctp protocol not supported
EtherApe-INFO: 01:25:29.633: sctp protocol not supported
EtherApe-INFO: 01:25:29.633: sctp protocol not supported
EtherApe-INFO: 01:25:29.633: sctp protocol not supported
EtherApe-INFO: 01:25:29.633: sctp protocol not supported
EtherApe-INFO: 01:25:29.633: sctp protocol not supported
EtherApe-INFO: 01:25:29.633: sctp protocol not supported
EtherApe-INFO: 01:25:29.633: sctp protocol not supported
EtherApe-INFO: 01:25:29.642: get_interface result: ''
EtherApe-INFO: 01:25:29.642: Available interfaces for capture: dbus-session dbus-system nfqueue nflog bluetooth-monitor bluetooth0 lo any wlp2s0
EtherApe-INFO: 01:25:29.643: Link type is LINUX_SLL
EtherApe-INFO: 01:25:29.643: Diagram started
EtherApe-INFO: 01:25:29.899: New node: IP: 192.168.1.249. Number of nodes 1
EtherApe-INFO: 01:25:29.899: New node: IP: 149.154.167.41. Number of nodes 2
EtherApe-INFO: 01:25:29.900: New node: IP: 149.154.167.50. Number of nodes 3
EtherApe-INFO: 01:25:30.410: New node: IP: 54.187.236.68. Number of nodes 4
EtherApe-INFO: 01:25:30.410: New node: IP: 44.240.2.129. Number of nodes 5
EtherApe-INFO: 01:25:30.666: New node: IP: 127.0.0.1. Number of nodes 6
EtherApe-INFO: 01:25:30.667: New node: IP: 224.0.0.251. Number of nodes 7
EtherApe-INFO: 01:25:31.178: New node: IP: 192.168.0.130. Number of nodes 8
EtherApe-INFO: 01:25:31.435: New node: IP: 93.184.220.29. Number of nodes 9
EtherApe-INFO: 01:25:31.435: New node: IP: 87.245.216.107. Number of nodes 10
EtherApe-INFO: 01:25:32.971: New node: IP: 176.122.113.14. Number of nodes 11
EtherApe-INFO: 01:25:33.746: New node: IP: 104.16.248.249. Number of nodes 12
EtherApe-INFO: 01:25:34.251: New node: IP: 9.9.9.9. Number of nodes 13
EtherApe-INFO: 01:25:34.507: New node: IP: 8.8.8.8. Number of nodes 14
EtherApe-INFO: 01:25:35.531: New node: IP: 34.107.221.82. Number of nodes 15
EtherApe-INFO: 01:25:35.531: New node: IP: 104.18.21.226. Number of nodes 16
EtherApe-INFO: 01:25:37.066: New node: IP: 142.250.203.195. Number of nodes 17
EtherApe-INFO: 01:25:42.706: New node: IP: 192.168.0.157. Number of nodes 18
EtherApe-INFO: 01:25:45.258: New node: IP: 3.225.25.3. Number of nodes 19
EtherApe-INFO: 01:25:57.553: New node: IP: 104.18.14.117. Number of nodes 20
EtherApe-INFO: 01:25:58.317: New node: IP: 104.26.10.17. Number of nodes 21
EtherApe-INFO: 01:25:58.319: New node: IP: 104.16.148.64. Number of nodes 22
EtherApe-INFO: 01:25:58.574: New node: IP: 89.187.191.12. Number of nodes 23
EtherApe-INFO: 01:25:58.827: New node: IP: 52.29.123.56. Number of nodes 24
EtherApe-INFO: 01:26:00.128: New node: IP: 104.20.120.46. Number of nodes 25
EtherApe-INFO: 01:26:02.680: New node: IP: 172.64.155.188. Number of nodes 26
EtherApe-INFO: 01:26:03.188: New node: IP: 104.16.99.56. Number of nodes 27
EtherApe-INFO: 01:26:03.437: New node: IP: 162.159.129.81. Number of nodes 28
EtherApe-INFO: 01:26:03.691: New node: IP: 104.17.33.82. Number of nodes 29
EtherApe-INFO: 01:26:04.716: New node: IP: 104.18.40.133. Number of nodes 30
EtherApe-INFO: 01:26:04.974: New node: IP: 162.159.136.84. Number of nodes 31
EtherApe-INFO: 01:26:05.226: New node: IP: 104.17.24.14. Number of nodes 32
EtherApe-INFO: 01:26:05.234: New node: IP: 104.18.22.52. Number of nodes 33
EtherApe-INFO: 01:26:06.002: New node: IP: 172.67.158.166. Number of nodes 34
EtherApe-INFO: 01:26:07.276: New node: IP: 65.9.66.6. Number of nodes 35
EtherApe-INFO: 01:26:07.789: New node: IP: 104.16.243.94. Number of nodes 36
EtherApe-INFO: 01:26:08.299: New node: IP: 104.17.50.74. Number of nodes 37
EtherApe-INFO: 01:26:08.308: New node: IP: 104.16.27.5. Number of nodes 38
EtherApe-INFO: 01:26:09.323: New node: IP: 34.160.144.191. Number of nodes 39
EtherApe-INFO: 01:26:09.324: New node: IP: 35.241.9.150. Number of nodes 40
EtherApe-INFO: 01:26:09.324: New node: IP: 34.120.208.123. Number of nodes 41
EtherApe-INFO: 01:26:09.327: New node: IP: 34.107.141.31. Number of nodes 42
EtherApe-INFO: 01:26:10.090: New node: IP: 104.18.13.33. Number of nodes 43
EtherApe-INFO: 01:26:11.114: New node: IP: 162.159.152.4. Number of nodes 44
EtherApe-INFO: 01:26:11.114: New node: IP: 104.16.51.111. Number of nodes 45
EtherApe-INFO: 01:26:13.162: New node: IP: 35.186.227.140. Number of nodes 46
EtherApe-INFO: 01:26:14.186: New node: IP: 142.250.186.196. Number of nodes 47
EtherApe-INFO: 01:26:14.187: New node: IP: 13.32.99.14. Number of nodes 48
EtherApe-INFO: 01:26:14.187: New node: IP: 142.250.203.138. Number of nodes 49
EtherApe-INFO: 01:26:15.210: New node: IP: 142.250.203.150. Number of nodes 50
EtherApe-INFO: 01:26:15.211: New node: IP: 142.250.75.14. Number of nodes 51
EtherApe-INFO: 01:26:15.978: New node: IP: 95.216.144.15. Number of nodes 52
EtherApe-INFO: 01:26:17.002: New node: IP: 104.20.124.68. Number of nodes 53
EtherApe-INFO: 01:26:17.003: New node: IP: 104.18.72.113. Number of nodes 54
EtherApe-INFO: 01:26:23.403: New node: IPv6: fe80::503d:dba5:3259:5b9a. Number of nodes 55
EtherApe-INFO: 01:26:23.403: New node: IPv6: ff02::1:2. Number of nodes 56
EtherApe-INFO: 01:26:27.242: New node: IP: 172.217.16.46. Number of nodes 57
EtherApe-INFO: 01:26:28.266: New node: IP: 94.158.46.150. Number of nodes 58
EtherApe-INFO: 01:27:22.026: New node: IP: 140.82.121.5. Number of nodes 59
EtherApe-INFO: 01:27:29.710: New node: IP: 151.101.0.67. Number of nodes 60
EtherApe-INFO: 01:27:34.828: delete node: IP: 8.8.8.8. Number of nodes 59
EtherApe-INFO: 01:27:44.042: New node: IP: 139.45.207.73. Number of nodes 60
EtherApe-INFO: 01:27:59.240: delete node: IP: 104.26.10.17. Number of nodes 59
EtherApe-INFO: 01:27:59.240: delete node: IP: 104.18.14.117. Number of nodes 58
EtherApe-INFO: 01:27:59.240: delete node: IP: 104.16.148.64. Number of nodes 57
EtherApe-INFO: 01:28:01.008: delete node: IP: 104.20.120.46. Number of nodes 56
EtherApe-INFO: 01:28:01.483: delete node: IP: 9.9.9.9. Number of nodes 55
EtherApe-INFO: 01:28:05.073: delete node: IP: 172.64.155.188. Number of nodes 54
EtherApe-INFO: 01:28:05.073: delete node: IP: 162.159.129.81. Number of nodes 53
EtherApe-INFO: 01:28:05.073: delete node: IP: 104.17.33.82. Number of nodes 52
EtherApe-INFO: 01:28:05.073: delete node: IP: 104.16.99.56. Number of nodes 51
EtherApe-INFO: 01:28:06.094: delete node: IP: 162.159.136.84. Number of nodes 50
EtherApe-INFO: 01:28:06.094: delete node: IP: 104.18.40.133. Number of nodes 49
EtherApe-INFO: 01:28:06.094: delete node: IP: 104.18.22.52. Number of nodes 48
EtherApe-INFO: 01:28:07.098: delete node: IP: 172.67.158.166. Number of nodes 47
EtherApe-INFO: 01:28:09.982: delete node: IP: 104.16.243.94. Number of nodes 46
EtherApe-INFO: 01:28:09.982: delete node: IP: 104.16.27.5. Number of nodes 45
EtherApe-INFO: 01:28:09.982: delete node: IP: 52.29.123.56. Number of nodes 44
EtherApe-INFO: 01:28:13.746: delete node: IP: 162.159.152.4. Number of nodes 43
EtherApe-INFO: 01:28:13.746: delete node: IP: 104.16.51.111. Number of nodes 42
EtherApe-INFO: 01:28:13.746: delete node: IP: 89.187.191.12. Number of nodes 41
EtherApe-INFO: 01:28:13.747: delete node: IP: 54.187.236.68. Number of nodes 40
EtherApe-INFO: 01:28:13.747: delete node: IP: 44.240.2.129. Number of nodes 39
EtherApe-INFO: 01:28:15.276: New node: IP: 52.29.123.56. Number of nodes 40
EtherApe-INFO: 01:28:15.605: delete node: IP: 192.168.0.157. Number of nodes 39
EtherApe-INFO: 01:28:17.365: delete node: IP: 95.216.144.15. Number of nodes 38
EtherApe-INFO: 01:28:19.138: delete node: IP: 104.20.124.68. Number of nodes 37
EtherApe-INFO: 01:28:19.138: delete node: IP: 104.18.72.113. Number of nodes 36
EtherApe-INFO: 01:28:19.138: delete node: IP: 104.17.24.14. Number of nodes 35
EtherApe-INFO: 01:28:29.884: delete node: IP: 94.158.46.150. Number of nodes 34
EtherApe-INFO: 01:28:34.749: delete node: IP: 127.0.0.1. Number of nodes 33
EtherApe-INFO: 01:28:36.526: New node: IP: 94.158.46.150. Number of nodes 34
EtherApe-INFO: 01:28:36.635: delete node: IP: 224.0.0.251. Number of nodes 33
EtherApe-INFO: 01:28:42.666: New node: IP: 127.0.0.1. Number of nodes 34
EtherApe-INFO: 01:28:42.666: New node: IP: 224.0.0.251. Number of nodes 35
EtherApe-INFO: 01:29:06.304: delete node: IP: 93.184.220.29. Number of nodes 34
EtherApe-INFO: 01:29:11.084: delete node: IP: 176.122.113.14. Number of nodes 33
EtherApe-INFO: 01:29:11.084: delete node: IP: 104.18.21.226. Number of nodes 32
EtherApe-INFO: 01:29:11.084: delete node: IP: 87.245.216.107. Number of nodes 31
EtherApe-INFO: 01:29:15.192: delete node: IP: 142.250.203.195. Number of nodes 30
EtherApe-INFO: 01:29:15.192: delete node: IP: 34.107.221.82. Number of nodes 29
EtherApe-INFO: 01:29:17.738: New node: IP: 185.199.108.153. Number of nodes 30
EtherApe-INFO: 01:29:19.530: New node: IP: 34.107.221.82. Number of nodes 31
EtherApe-INFO: 01:29:27.978: New node: IP: 192.168.1.1. Number of nodes 32
EtherApe-INFO: 01:29:27.980: New node: IP: 78.46.178.133. Number of nodes 33
EtherApe-INFO: 01:29:34.891: New node: IP: 185.199.111.133. Number of nodes 34
EtherApe-INFO: 01:29:35.402: New node: IP: 185.199.109.133. Number of nodes 35
EtherApe-INFO: 01:29:37.963: New node: IP: 185.199.110.154. Number of nodes 36
EtherApe-INFO: 01:29:48.458: New node: IP: 185.199.111.153. Number of nodes 37
EtherApe-INFO: 01:30:01.016: delete node: IP: 104.17.50.74. Number of nodes 36
EtherApe-INFO: 01:30:01.016: delete node: IP: 65.9.66.6. Number of nodes 35
EtherApe-INFO: 01:30:01.345: delete node: IP: 35.241.9.150. Number of nodes 34
EtherApe-INFO: 01:30:01.345: delete node: IP: 34.160.144.191. Number of nodes 33
EtherApe-INFO: 01:30:01.345: delete node: IP: 34.120.208.123. Number of nodes 32
EtherApe-INFO: 01:30:01.345: delete node: IP: 34.107.141.31. Number of nodes 31
EtherApe-INFO: 01:30:02.117: delete node: IP: 104.18.13.33. Number of nodes 30
EtherApe-INFO: 01:30:02.549: delete node: IP: 139.45.207.73. Number of nodes 29
EtherApe-INFO: 01:30:05.192: delete node: IP: 35.186.227.140. Number of nodes 28
EtherApe-INFO: 01:30:06.172: delete node: IP: 142.250.203.138. Number of nodes 27
EtherApe-INFO: 01:30:06.172: delete node: IP: 142.250.186.196. Number of nodes 26
EtherApe-INFO: 01:30:06.172: delete node: IP: 13.32.99.14. Number of nodes 25
EtherApe-INFO: 01:30:07.161: delete node: IP: 142.250.75.14. Number of nodes 24
EtherApe-INFO: 01:30:11.499: New node: IP: 52.39.218.209. Number of nodes 25
EtherApe-INFO: 01:30:21.252: delete node: IP: 172.217.16.46. Number of nodes 24
EtherApe-INFO: 01:30:30.735: delete node: IP: 151.101.0.67. Number of nodes 23
EtherApe-INFO: 01:30:30.962: New node: IP: 52.85.242.60. Number of nodes 24
EtherApe-INFO: 01:30:31.212: New node: IP: 18.66.98.108. Number of nodes 25
EtherApe-INFO: 01:30:31.740: New node: IP: 52.6.209.131. Number of nodes 26
EtherApe-INFO: 01:30:31.978: New node: IP: 52.29.105.33. Number of nodes 27
EtherApe-INFO: 01:30:31.979: New node: IP: 13.32.103.36. Number of nodes 28
EtherApe-INFO: 01:30:31.995: New node: IP: 108.138.17.43. Number of nodes 29
EtherApe-INFO: 01:30:32.247: New node: IP: 52.222.226.205. Number of nodes 30
EtherApe-INFO: 01:30:32.507: New node: IP: 18.66.121.68. Number of nodes 31
EtherApe-INFO: 01:30:32.792: New node: IP: 18.66.147.167. Number of nodes 32
EtherApe-INFO: 01:30:33.516: New node: IP: 3.3.9.1. Number of nodes 33
EtherApe-INFO: 01:30:35.564: New node: IP: 3.3.8.1. Number of nodes 34
EtherApe-INFO: 01:30:36.588: New node: IP: 3.2.8.2. Number of nodes 35
EtherApe-INFO: 01:30:36.598: delete node: IP: 94.158.46.150. Number of nodes 34
EtherApe-INFO: 01:30:40.685: New node: IP: 34.232.116.245. Number of nodes 35
EtherApe-INFO: 01:30:42.838: delete node: IP: 127.0.0.1. Number of nodes 34
EtherApe-INFO: 01:30:43.275: delete node: IP: 224.0.0.251. Number of nodes 33
EtherApe-INFO: 01:31:13.197: New node: IP: 99.83.184.129. Number of nodes 34
EtherApe-INFO: 01:31:14.220: New node: IP: 54.239.55.66. Number of nodes 35
EtherApe-INFO: 01:31:15.247: New node: IP: 142.250.75.10. Number of nodes 36
EtherApe-INFO: 01:31:15.500: New node: IP: 143.204.89.25. Number of nodes 37
EtherApe-INFO: 01:31:15.515: New node: IP: 18.66.112.111. Number of nodes 38
EtherApe-INFO: 01:31:16.010: New node: IP: 52.57.44.251. Number of nodes 39
EtherApe-INFO: 01:31:16.016: New node: IP: 75.2.108.140. Number of nodes 40
EtherApe-INFO: 01:31:16.286: New node: IP: 52.94.216.116. Number of nodes 41
EtherApe-INFO: 01:31:16.780: New node: IP: 52.94.222.11. Number of nodes 42
EtherApe-INFO: 01:31:16.788: New node: IP: 52.58.230.115. Number of nodes 43
EtherApe-INFO: 01:31:17.292: New node: IP: 54.239.36.191. Number of nodes 44
EtherApe-INFO: 01:31:17.553: New node: IP: 54.239.55.167. Number of nodes 45
EtherApe-INFO: 01:31:17.814: New node: IP: 35.158.251.198. Number of nodes 46
EtherApe-INFO: 01:31:18.578: New node: IP: 3.65.106.23. Number of nodes 47
EtherApe-INFO: 01:31:18.857: New node: IP: 108.138.24.231. Number of nodes 48
EtherApe-INFO: 01:31:19.612: New node: IP: 52.94.233.29. Number of nodes 49
EtherApe-INFO: 01:31:19.615: New node: IP: 107.22.63.14. Number of nodes 50
EtherApe-INFO: 01:31:19.631: New node: IP: 52.204.15.226. Number of nodes 51
EtherApe-INFO: 01:31:19.633: New node: IP: 3.124.215.60. Number of nodes 52
EtherApe-INFO: 01:31:19.636: New node: IP: 35.156.183.121. Number of nodes 53
EtherApe-INFO: 01:31:19.637: New node: IP: 52.57.50.185. Number of nodes 54
EtherApe-INFO: 01:31:20.886: New node: IP: 18.66.147.92. Number of nodes 55
EtherApe-INFO: 01:31:21.391: New node: IP: 52.58.158.205. Number of nodes 56
EtherApe-INFO: 01:31:22.544: delete node: IP: 140.82.121.5. Number of nodes 55
EtherApe-INFO: 01:31:28.170: delete node: IP: 192.168.1.1. Number of nodes 54
EtherApe-INFO: 01:31:28.427: delete node: IP: 78.46.178.133. Number of nodes 53
EtherApe-INFO: 01:31:34.011: delete node: IP: 185.199.108.153. Number of nodes 52
EtherApe-INFO: 01:31:35.034: delete node: IP: 34.107.221.82. Number of nodes 51
EtherApe-INFO: 01:31:50.634: delete node: IP: 185.199.109.133. Number of nodes 50
EtherApe-INFO: 01:31:51.084: New node: IP: 104.16.249.249. Number of nodes 51
EtherApe-INFO: 01:31:51.442: delete node: IP: 185.199.111.133. Number of nodes 50
EtherApe-INFO: 01:31:57.740: New node: IP: 52.94.220.76. Number of nodes 51
EtherApe-INFO: 01:31:59.106: delete node: IP: 185.199.110.154. Number of nodes 50
EtherApe-INFO: 01:31:59.278: New node: IP: 54.205.156.17. Number of nodes 51
EtherApe-INFO: 01:32:00.301: New node: IP: 52.94.225.155. Number of nodes 52
EtherApe-INFO: 01:32:00.308: New node: IP: 3.83.169.75. Number of nodes 53
EtherApe-INFO: 01:32:00.308: New node: IP: 34.193.114.233. Number of nodes 54
EtherApe-INFO: 01:32:02.355: New node: IP: 54.144.20.194. Number of nodes 55
EtherApe-INFO: 01:32:03.699: delete node: IP: 185.199.111.153. Number of nodes 54
EtherApe-INFO: 01:32:09.283: delete node: IP: 142.250.203.150. Number of nodes 53
EtherApe-INFO: 01:32:12.181: delete node: IP: 52.39.218.209. Number of nodes 52
EtherApe-INFO: 01:32:37.277: delete node: IP: 52.29.123.56. Number of nodes 51
EtherApe-INFO: 01:32:52.778: New node: IP: 94.158.46.150. Number of nodes 52
EtherApe-INFO: 01:32:57.405: New node: IP: 52.84.106.111. Number of nodes 53
EtherApe-INFO: 01:32:58.667: New node: IP: 127.0.0.1. Number of nodes 54
EtherApe-INFO: 01:32:58.667: New node: IP: 224.0.0.251. Number of nodes 55
EtherApe-INFO: 01:33:02.766: New node: IP: 3.83.171.119. Number of nodes 56
EtherApe-INFO: 01:33:23.815: delete node: IP: 52.94.222.11. Number of nodes 55
EtherApe-INFO: 01:33:49.216: delete node: IP: 54.239.55.167. Number of nodes 54
EtherApe-INFO: 01:33:52.288: delete node: IP: 104.16.249.249. Number of nodes 53
EtherApe-INFO: 01:34:04.761: delete node: IP: 52.94.220.76. Number of nodes 52
EtherApe-INFO: 01:34:04.761: delete node: IP: 52.94.216.116. Number of nodes 51
EtherApe-INFO: 01:34:15.981: New node: IP: 34.120.208.123. Number of nodes 52
EtherApe-INFO: 01:34:19.917: delete node: IP: 54.239.55.66. Number of nodes 51
EtherApe-INFO: 01:34:19.917: delete node: IP: 54.239.36.191. Number of nodes 50
EtherApe-INFO: 01:34:19.917: delete node: IP: 52.29.105.33. Number of nodes 49
EtherApe-INFO: 01:34:28.010: New node: IP: 192.168.1.1. Number of nodes 50
EtherApe-INFO: 01:34:28.012: New node: IP: 78.46.178.133. Number of nodes 51
EtherApe-INFO: 01:34:44.653: New node: IP: 52.7.21.239. Number of nodes 52
EtherApe-INFO: 01:34:48.018: delete node: IP: 52.94.225.155. Number of nodes 51
EtherApe-INFO: 01:34:53.638: delete node: IP: 94.158.46.150. Number of nodes 50
EtherApe-INFO: 01:34:53.871: New node: IP: 142.250.186.197. Number of nodes 51
EtherApe-INFO: 01:34:54.123: New node: IP: 216.58.209.3. Number of nodes 52
EtherApe-INFO: 01:34:55.659: New node: IP: 142.250.203.131. Number of nodes 53
EtherApe-INFO: 01:34:55.917: New node: IP: 142.250.186.195. Number of nodes 54
EtherApe-INFO: 01:34:56.689: New node: IP: 185.199.111.154. Number of nodes 55
EtherApe-INFO: 01:34:56.701: New node: IP: 172.217.16.33. Number of nodes 56
EtherApe-INFO: 01:34:57.477: New node: IP: 140.82.121.4. Number of nodes 57
EtherApe-INFO: 01:34:57.710: New node: IP: 142.250.186.196. Number of nodes 58
EtherApe-INFO: 01:34:57.710: New node: IP: 142.250.186.206. Number of nodes 59
EtherApe-INFO: 01:34:57.711: New node: IP: 142.250.75.14. Number of nodes 60
EtherApe-INFO: 01:34:57.711: New node: IP: 216.58.215.110. Number of nodes 61
EtherApe-INFO: 01:34:57.717: New node: IP: 18.159.68.239. Number of nodes 62
EtherApe-INFO: 01:34:57.725: New node: IP: 93.184.220.29. Number of nodes 63
EtherApe-INFO: 01:34:57.768: delete node: IP: 3.2.8.2. Number of nodes 62
EtherApe-INFO: 01:34:57.969: New node: IP: 52.29.123.56. Number of nodes 63
EtherApe-INFO: 01:34:58.220: New node: IP: 87.245.216.107. Number of nodes 64
EtherApe-INFO: 01:34:59.026: delete node: IP: 224.0.0.251. Number of nodes 63
EtherApe-INFO: 01:34:59.026: delete node: IP: 127.0.0.1. Number of nodes 62
EtherApe-INFO: 01:34:59.254: delete node: IP: 142.250.75.10. Number of nodes 61
EtherApe-INFO: 01:34:59.504: New node: IP: 52.214.181.141. Number of nodes 62
EtherApe-INFO: 01:34:59.514: New node: IP: 18.66.147.31. Number of nodes 63
EtherApe-INFO: 01:34:59.516: New node: IP: 104.81.107.158. Number of nodes 64
EtherApe-INFO: 01:34:59.770: New node: IP: 62.182.19.39. Number of nodes 65
EtherApe-INFO: 01:35:00.022: New node: IP: 185.199.108.133. Number of nodes 66
EtherApe-INFO: 01:35:00.077: New node: IP: 142.250.75.10. Number of nodes 67
EtherApe-INFO: 01:35:00.537: New node: IP: 54.192.231.119. Number of nodes 68
EtherApe-INFO: 01:35:00.779: New node: IP: 140.82.112.25. Number of nodes 69
EtherApe-INFO: 01:35:01.038: New node: IP: 104.20.121.46. Number of nodes 70
EtherApe-INFO: 01:35:01.807: New node: IP: 139.59.209.225. Number of nodes 71
EtherApe-INFO: 01:35:02.317: New node: IP: 142.250.203.206. Number of nodes 72
EtherApe-INFO: 01:35:03.083: New node: IP: 46.246.44.4. Number of nodes 73
EtherApe-INFO: 01:35:04.110: New node: IP: 104.20.120.46. Number of nodes 74
EtherApe-INFO: 01:35:04.110: New node: IP: 104.16.149.64. Number of nodes 75
EtherApe-INFO: 01:35:04.113: New node: IP: 104.20.124.68. Number of nodes 76
EtherApe-INFO: 01:35:04.363: New node: IP: 45.57.90.1. Number of nodes 77
EtherApe-INFO: 01:35:04.875: New node: IP: 172.64.155.188. Number of nodes 78
EtherApe-INFO: 01:35:04.876: New node: IP: 172.67.74.184. Number of nodes 79
EtherApe-INFO: 01:35:06.721: New node: IP: 104.198.63.0. Number of nodes 80
EtherApe-INFO: 01:35:07.445: New node: IP: 45.57.91.1. Number of nodes 81
EtherApe-INFO: 01:35:07.463: New node: IP: 139.45.207.34. Number of nodes 82
EtherApe-INFO: 01:35:08.289: delete node: IP: 3.83.171.119. Number of nodes 81
EtherApe-INFO: 01:35:08.464: New node: IP: 172.64.147.123. Number of nodes 82
EtherApe-INFO: 01:35:08.484: New node: IP: 104.18.26.85. Number of nodes 83
EtherApe-INFO: 01:35:08.487: New node: IP: 128.2.42.95. Number of nodes 84
EtherApe-INFO: 01:35:08.731: New node: IP: 54.171.156.218. Number of nodes 85
EtherApe-INFO: 01:35:09.230: New node: IP: 104.18.32.68. Number of nodes 86
EtherApe-INFO: 01:35:09.482: New node: IP: 104.18.15.117. Number of nodes 87
EtherApe-INFO: 01:35:09.997: New node: IP: 87.245.216.9. Number of nodes 88
EtherApe-INFO: 01:35:11.535: New node: IP: 104.18.18.132. Number of nodes 89
EtherApe-INFO: 01:35:11.536: New node: IP: 104.16.148.64. Number of nodes 90
EtherApe-INFO: 01:35:11.540: New node: IP: 52.39.218.209. Number of nodes 91
EtherApe-INFO: 01:35:11.801: New node: IP: 142.250.186.214. Number of nodes 92
EtherApe-INFO: 01:35:12.063: New node: IP: 216.58.215.74. Number of nodes 93
EtherApe-INFO: 01:35:12.063: New node: IP: 52.222.214.110. Number of nodes 94
EtherApe-INFO: 01:35:12.307: New node: IP: 192.124.249.36. Number of nodes 95
EtherApe-INFO: 01:35:13.581: New node: IP: 104.17.24.14. Number of nodes 96
EtherApe-INFO: 01:35:13.581: New node: IP: 49.12.117.41. Number of nodes 97
EtherApe-INFO: 01:35:13.584: New node: IP: 142.250.203.129. Number of nodes 98
EtherApe-INFO: 01:35:13.853: New node: IP: 139.45.207.91. Number of nodes 99
EtherApe-INFO: 01:35:14.172: delete node: IP: 108.138.24.231. Number of nodes 98
EtherApe-INFO: 01:35:14.353: New node: IP: 13.32.121.77. Number of nodes 99
EtherApe-INFO: 01:35:14.363: New node: IP: 52.222.236.85. Number of nodes 100
EtherApe-INFO: 01:35:14.627: New node: IP: 195.234.214.235. Number of nodes 101
EtherApe-INFO: 01:35:14.628: New node: IP: 104.17.182.177. Number of nodes 102
EtherApe-INFO: 01:35:14.646: New node: IP: 104.18.14.117. Number of nodes 103
EtherApe-INFO: 01:35:15.428: New node: IP: 104.16.27.5. Number of nodes 104
EtherApe-INFO: 01:35:15.428: New node: IP: 104.16.242.94. Number of nodes 105
EtherApe-INFO: 01:35:15.889: New node: IP: 104.16.26.5. Number of nodes 106
EtherApe-INFO: 01:35:17.179: New node: IP: 104.17.25.14. Number of nodes 107
EtherApe-INFO: 01:35:17.437: New node: IP: 34.241.157.109. Number of nodes 108
EtherApe-INFO: 01:35:17.455: New node: IP: 108.138.7.15. Number of nodes 109
EtherApe-INFO: 01:35:17.963: New node: IP: 104.20.125.68. Number of nodes 110
EtherApe-INFO: 01:35:18.723: New node: IP: 13.32.121.59. Number of nodes 111
EtherApe-INFO: 01:35:19.246: New node: IP: 104.16.99.56. Number of nodes 112
EtherApe-INFO: 01:35:20.000: New node: IP: 104.21.75.3. Number of nodes 113
EtherApe-INFO: 01:35:20.005: New node: IP: 172.67.209.148. Number of nodes 114
EtherApe-INFO: 01:35:20.245: New node: IP: 104.18.22.126. Number of nodes 115
EtherApe-INFO: 01:35:21.276: New node: IP: 139.45.207.88. Number of nodes 116
EtherApe-INFO: 01:35:21.550: New node: IP: 104.81.211.161. Number of nodes 117
EtherApe-INFO: 01:35:22.351: New node: IP: 216.58.208.214. Number of nodes 118
EtherApe-INFO: 01:35:22.539: New node: IP: 104.16.42.65. Number of nodes 119
EtherApe-INFO: 01:35:23.437: delete node: IP: 52.6.209.131. Number of nodes 118
EtherApe-INFO: 01:35:23.437: delete node: IP: 18.66.147.167. Number of nodes 117
EtherApe-INFO: 01:35:23.587: delete node: IP: 108.138.17.43. Number of nodes 116
EtherApe-INFO: 01:35:24.363: New node: IP: 142.250.186.202. Number of nodes 117
EtherApe-INFO: 01:35:24.421: delete node: IP: 52.85.242.60. Number of nodes 116
EtherApe-INFO: 01:35:24.605: New node: IP: 99.86.4.41. Number of nodes 117
EtherApe-INFO: 01:35:25.384: New node: IP: 193.34.168.232. Number of nodes 118
EtherApe-INFO: 01:35:25.612: New node: IP: 142.250.203.202. Number of nodes 119
EtherApe-INFO: 01:35:26.157: New node: IP: 52.4.222.8. Number of nodes 120
EtherApe-INFO: 01:35:27.158: New node: IP: 104.18.6.185. Number of nodes 121
EtherApe-INFO: 01:35:27.160: New node: IP: 104.18.7.185. Number of nodes 122
EtherApe-INFO: 01:35:29.120: New node: IP: 172.217.16.46. Number of nodes 123
EtherApe-INFO: 01:35:29.194: delete node: IP: 18.66.98.108. Number of nodes 122
EtherApe-INFO: 01:35:30.388: New node: IP: 216.58.208.202. Number of nodes 123
EtherApe-INFO: 01:35:30.662: New node: IP: 87.245.217.77. Number of nodes 124
EtherApe-INFO: 01:35:30.662: New node: IP: 151.101.129.208. Number of nodes 125
EtherApe-INFO: 01:35:30.904: New node: IP: 216.58.208.206. Number of nodes 126
EtherApe-INFO: 01:35:33.717: New node: IP: 3.121.171.160. Number of nodes 127
EtherApe-INFO: 01:35:34.227: New node: IP: 52.94.218.60. Number of nodes 128
EtherApe-INFO: 01:35:34.492: New node: IP: 18.184.105.221. Number of nodes 129
EtherApe-INFO: 01:35:35.017: New node: IP: 54.220.123.144. Number of nodes 130
EtherApe-INFO: 01:35:35.508: New node: IP: 3.70.117.211. Number of nodes 131
EtherApe-INFO: 01:35:35.564: delete node: IP: 52.94.233.29. Number of nodes 130
EtherApe-INFO: 01:35:35.765: New node: IP: 52.94.136.219. Number of nodes 131
EtherApe-INFO: 01:35:35.769: New node: IP: 149.255.128.1. Number of nodes 132
EtherApe-INFO: 01:35:35.770: New node: IP: 35.157.217.34. Number of nodes 133
EtherApe-INFO: 01:35:37.299: New node: IP: 35.158.180.177. Number of nodes 134
EtherApe-INFO: 01:35:37.557: New node: IP: 18.66.147.61. Number of nodes 135
EtherApe-INFO: 01:35:37.569: New node: IP: 52.94.228.108. Number of nodes 136
EtherApe-INFO: 01:35:37.571: New node: IP: 3.122.212.234. Number of nodes 137
EtherApe-INFO: 01:35:37.572: New node: IP: 35.156.0.74. Number of nodes 138
EtherApe-INFO: 01:35:37.574: New node: IP: 184.72.149.99. Number of nodes 139
EtherApe-INFO: 01:35:38.073: New node: IP: 52.58.160.193. Number of nodes 140
EtherApe-INFO: 01:35:40.911: New node: IP: 176.122.96.225. Number of nodes 141
EtherApe-INFO: 01:35:42.532: New node: IP: 142.250.203.142. Number of nodes 142
EtherApe-INFO: 01:36:01.109: New node: IP: 54.239.55.63. Number of nodes 143
EtherApe-INFO: 01:36:03.674: New node: IP: 65.9.58.177. Number of nodes 144
EtherApe-INFO: 01:36:05.237: New node: IP: 52.217.104.164. Number of nodes 145
EtherApe-INFO: 01:36:05.716: New node: IP: 18.66.233.41. Number of nodes 146
EtherApe-INFO: 01:36:06.309: delete node: IP: 18.66.112.111. Number of nodes 145
EtherApe-INFO: 01:36:06.493: New node: IP: 18.66.137.67. Number of nodes 146
EtherApe-INFO: 01:36:06.758: New node: IP: 52.222.190.175. Number of nodes 147
EtherApe-INFO: 01:36:07.326: New node: IP: 52.222.206.108. Number of nodes 148
EtherApe-INFO: 01:36:09.579: delete node: IP: 3.65.106.23. Number of nodes 147
EtherApe-INFO: 01:36:11.736: delete node: IP: 107.22.63.14. Number of nodes 146
EtherApe-INFO: 01:36:11.736: delete node: IP: 52.57.50.185. Number of nodes 145
EtherApe-INFO: 01:36:11.736: delete node: IP: 35.156.183.121. Number of nodes 144
EtherApe-INFO: 01:36:11.736: delete node: IP: 3.124.215.60. Number of nodes 143
EtherApe-INFO: 01:36:13.673: delete node: IP: 52.58.158.205. Number of nodes 142
EtherApe-INFO: 01:36:13.673: delete node: IP: 18.66.147.92. Number of nodes 141
EtherApe-INFO: 01:36:20.565: New node: IP: 143.204.101.56. Number of nodes 142
EtherApe-INFO: 01:36:24.168: New node: IP: 18.157.237.178. Number of nodes 143
EtherApe-INFO: 01:36:25.727: New node: IP: 9.9.9.9. Number of nodes 144
EtherApe-INFO: 01:36:28.081: delete node: IP: 192.168.1.1. Number of nodes 143
EtherApe-INFO: 01:36:28.249: New node: IP: 52.94.205.138. Number of nodes 144
EtherApe-INFO: 01:36:28.410: delete node: IP: 78.46.178.133. Number of nodes 143
EtherApe-INFO: 01:36:28.518: New node: IP: 108.138.24.72. Number of nodes 144
EtherApe-INFO: 01:36:45.548: delete node: IP: 52.58.230.115. Number of nodes 143
EtherApe-INFO: 01:36:47.456: delete node: IP: 52.57.44.251. Number of nodes 142
EtherApe-INFO: 01:36:49.607: delete node: IP: 99.83.184.129. Number of nodes 141
EtherApe-INFO: 01:36:51.587: delete node: IP: 35.158.251.198. Number of nodes 140
EtherApe-INFO: 01:36:51.587: delete node: IP: 3.3.8.1. Number of nodes 139
EtherApe-INFO: 01:36:58.315: delete node: IP: 18.159.68.239. Number of nodes 138
EtherApe-INFO: 01:37:00.194: delete node: IP: 216.58.215.110. Number of nodes 137
EtherApe-INFO: 01:37:00.336: delete node: IP: 3.83.169.75. Number of nodes 136
EtherApe-INFO: 01:37:04.617: delete node: IP: 104.20.120.46. Number of nodes 135
EtherApe-INFO: 01:37:09.034: delete node: IP: 46.246.44.4. Number of nodes 134
EtherApe-INFO: 01:37:09.761: delete node: IP: 54.171.156.218. Number of nodes 133
EtherApe-INFO: 01:37:12.063: delete node: IP: 52.39.218.209. Number of nodes 132
EtherApe-INFO: 01:37:12.607: delete node: IP: 62.182.19.39. Number of nodes 131
EtherApe-INFO: 01:37:14.903: delete node: IP: 128.2.42.95. Number of nodes 130
EtherApe-INFO: 01:37:14.903: delete node: IP: 104.18.14.117. Number of nodes 129
EtherApe-INFO: 01:37:15.671: delete node: IP: 104.16.27.5. Number of nodes 128
EtherApe-INFO: 01:37:18.238: delete node: IP: 104.20.125.68. Number of nodes 127
EtherApe-INFO: 01:37:23.446: delete node: IP: 45.57.91.1. Number of nodes 126
EtherApe-INFO: 01:37:24.062: New node: IP: 13.32.121.12. Number of nodes 127
EtherApe-INFO: 01:37:24.342: delete node: IP: 142.250.203.129. Number of nodes 126
EtherApe-INFO: 01:37:28.306: delete node: IP: 104.18.6.185. Number of nodes 125
EtherApe-INFO: 01:37:28.757: delete node: IP: 172.217.16.33. Number of nodes 124
EtherApe-INFO: 01:37:30.735: delete node: IP: 52.4.222.8. Number of nodes 123
EtherApe-INFO: 01:37:33.858: delete node: IP: 172.217.16.46. Number of nodes 122
EtherApe-INFO: 01:37:40.457: delete node: IP: 142.250.75.14. Number of nodes 121
EtherApe-INFO: 01:37:42.113: delete node: IP: 142.250.203.202. Number of nodes 120
EtherApe-INFO: 01:37:45.562: New node: IP: 104.18.22.122. Number of nodes 121
EtherApe-INFO: 01:37:51.700: New node: IP: 142.250.75.3. Number of nodes 122
EtherApe-INFO: 01:37:54.016: delete node: IP: 54.205.156.17. Number of nodes 121
EtherApe-INFO: 01:37:54.016: delete node: IP: 34.193.114.233. Number of nodes 120
EtherApe-INFO: 01:37:56.902: delete node: IP: 52.94.136.219. Number of nodes 119
EtherApe-INFO: 01:37:58.867: New node: IP: 149.154.167.216. Number of nodes 120
EtherApe-INFO: 01:38:09.709: delete node: IP: 149.255.128.1. Number of nodes 119
EtherApe-INFO: 01:38:10.450: delete node: IP: 52.94.228.108. Number of nodes 118
EtherApe-INFO: 01:38:11.796: delete node: IP: 52.94.218.60. Number of nodes 117
EtherApe-INFO: 01:38:12.209: delete node: IP: 52.217.104.164. Number of nodes 116
EtherApe-INFO: 01:38:14.533: delete node: IP: 45.57.90.1. Number of nodes 115
EtherApe-INFO: 01:38:17.922: delete node: IP: 34.241.157.109. Number of nodes 114
EtherApe-INFO: 01:38:26.143: delete node: IP: 9.9.9.9. Number of nodes 113
EtherApe-INFO: 01:38:27.158: delete node: IP: 192.124.249.36. Number of nodes 112
EtherApe-INFO: 01:38:27.657: delete node: IP: 104.198.63.0. Number of nodes 111
EtherApe-INFO: 01:38:28.824: New node: IP: 149.154.167.92. Number of nodes 112
EtherApe-INFO: 01:38:31.427: delete node: IP: 193.34.168.232. Number of nodes 111
EtherApe-INFO: 01:38:33.709: delete node: IP: 18.157.237.178. Number of nodes 110
EtherApe-INFO: 01:38:35.263: delete node: IP: 52.94.205.138. Number of nodes 109
EtherApe-INFO: 01:38:36.074: delete node: IP: 54.220.123.144. Number of nodes 108
EtherApe-INFO: 01:38:40.676: delete node: IP: 195.234.214.235. Number of nodes 107
EtherApe-INFO: 01:38:55.762: delete node: IP: 52.222.226.205. Number of nodes 106
EtherApe-INFO: 01:39:00.050: New node: IP: 149.255.128.1. Number of nodes 107
EtherApe-INFO: 01:39:05.705: delete node: IP: 87.245.216.9. Number of nodes 106
EtherApe-INFO: 01:39:05.705: delete node: IP: 35.158.180.177. Number of nodes 105
EtherApe-INFO: 01:39:10.036: New node: IP: 104.18.6.240. Number of nodes 106
EtherApe-INFO: 01:39:10.039: New node: IP: 104.18.13.33. Number of nodes 107
EtherApe-INFO: 01:39:12.695: delete node: IP: 13.32.121.77. Number of nodes 106
EtherApe-INFO: 01:39:14.519: delete node: IP: 139.45.207.91. Number of nodes 105
EtherApe-INFO: 01:39:14.743: delete node: IP: 13.32.121.59. Number of nodes 104
EtherApe-INFO: 01:39:15.923: delete node: IP: 172.64.155.188. Number of nodes 103
EtherApe-INFO: 01:39:19.347: delete node: IP: 54.239.55.63. Number of nodes 102
EtherApe-INFO: 01:39:22.604: delete node: IP: 139.45.207.88. Number of nodes 101
EtherApe-INFO: 01:39:22.604: delete node: IP: 104.18.32.68. Number of nodes 100
EtherApe-INFO: 01:39:22.604: delete node: IP: 54.192.231.119. Number of nodes 99
EtherApe-INFO: 01:39:24.460: delete node: IP: 216.58.209.3. Number of nodes 98
EtherApe-INFO: 01:39:24.460: delete node: IP: 104.81.107.158. Number of nodes 97
EtherApe-INFO: 01:39:27.955: New node: IP: 192.168.1.1. Number of nodes 98
EtherApe-INFO: 01:39:28.018: delete node: IP: 104.81.211.161. Number of nodes 97
EtherApe-INFO: 01:39:28.267: delete node: IP: 176.122.96.225. Number of nodes 96
EtherApe-INFO: 01:39:28.466: New node: IP: 78.46.178.133. Number of nodes 97
EtherApe-INFO: 01:39:39.023: delete node: IP: 52.7.21.239. Number of nodes 96
EtherApe-INFO: 01:39:40.045: delete node: IP: 52.84.106.111. Number of nodes 95
EtherApe-INFO: 01:39:50.654: delete node: IP: 18.66.147.31. Number of nodes 94
EtherApe-INFO: 01:39:59.984: delete node: IP: 104.18.26.85. Number of nodes 93
EtherApe-INFO: 01:40:02.346: delete node: IP: 142.250.203.206. Number of nodes 92
EtherApe-INFO: 01:40:03.845: delete node: IP: 142.250.186.214. Number of nodes 91
EtherApe-INFO: 01:40:03.845: delete node: IP: 139.45.207.34. Number of nodes 90
EtherApe-INFO: 01:40:05.083: delete node: IP: 104.17.182.177. Number of nodes 89
EtherApe-INFO: 01:40:08.955: delete node: IP: 139.59.209.225. Number of nodes 88
EtherApe-INFO: 01:40:08.955: delete node: IP: 108.138.7.15. Number of nodes 87
EtherApe-INFO: 01:40:08.955: delete node: IP: 104.17.25.14. Number of nodes 86
EtherApe-INFO: 01:40:08.955: delete node: IP: 104.16.26.5. Number of nodes 85
EtherApe-INFO: 01:40:08.955: delete node: IP: 49.12.117.41. Number of nodes 84
EtherApe-INFO: 01:40:11.004: delete node: IP: 172.67.209.148. Number of nodes 83
EtherApe-INFO: 01:40:11.004: delete node: IP: 52.222.214.110. Number of nodes 82
EtherApe-INFO: 01:40:11.724: New node: IP: 52.39.218.209. Number of nodes 83
EtherApe-INFO: 01:40:11.779: delete node: IP: 142.250.186.206. Number of nodes 82
EtherApe-INFO: 01:40:11.779: delete node: IP: 104.16.149.64. Number of nodes 81
EtherApe-INFO: 01:40:11.779: delete node: IP: 104.16.148.64. Number of nodes 80
EtherApe-INFO: 01:40:11.780: delete node: IP: 104.16.99.56. Number of nodes 79
EtherApe-INFO: 01:40:14.032: delete node: IP: 216.58.208.214. Number of nodes 78
EtherApe-INFO: 01:40:14.032: delete node: IP: 104.20.124.68. Number of nodes 77
EtherApe-INFO: 01:40:14.032: delete node: IP: 104.18.22.126. Number of nodes 76
EtherApe-INFO: 01:40:14.032: delete node: IP: 104.17.24.14. Number of nodes 75
EtherApe-INFO: 01:40:14.033: delete node: IP: 104.16.242.94. Number of nodes 74
EtherApe-INFO: 01:40:14.033: delete node: IP: 104.16.42.65. Number of nodes 73
EtherApe-INFO: 01:40:15.828: delete node: IP: 99.86.4.41. Number of nodes 72
EtherApe-INFO: 01:40:16.844: delete node: IP: 216.58.215.74. Number of nodes 71
EtherApe-INFO: 01:40:16.844: delete node: IP: 142.250.203.131. Number of nodes 70
EtherApe-INFO: 01:40:16.844: delete node: IP: 142.250.186.196. Number of nodes 69
EtherApe-INFO: 01:40:16.844: delete node: IP: 104.21.75.3. Number of nodes 68
EtherApe-INFO: 01:40:18.958: delete node: IP: 142.250.186.195. Number of nodes 67
EtherApe-INFO: 01:40:18.958: delete node: IP: 104.18.15.117. Number of nodes 66
EtherApe-INFO: 01:40:21.991: delete node: IP: 216.58.208.206. Number of nodes 65
EtherApe-INFO: 01:40:21.991: delete node: IP: 216.58.208.202. Number of nodes 64
EtherApe-INFO: 01:40:21.991: delete node: IP: 143.204.101.56. Number of nodes 63
EtherApe-INFO: 01:40:23.098: delete node: IP: 172.64.147.123. Number of nodes 62
EtherApe-INFO: 01:40:24.091: delete node: IP: 151.101.129.208. Number of nodes 61
EtherApe-INFO: 01:40:24.091: delete node: IP: 108.138.24.72. Number of nodes 60
EtherApe-INFO: 01:40:24.092: delete node: IP: 54.144.20.194. Number of nodes 59
EtherApe-INFO: 01:40:24.092: delete node: IP: 34.232.116.245. Number of nodes 58
EtherApe-INFO: 01:40:24.092: delete node: IP: 18.66.121.68. Number of nodes 57
EtherApe-INFO: 01:40:25.137: delete node: IP: 104.18.7.185. Number of nodes 56
EtherApe-INFO: 01:40:25.137: delete node: IP: 52.222.236.85. Number of nodes 55
EtherApe-INFO: 01:40:28.221: delete node: IP: 3.70.117.211. Number of nodes 54
EtherApe-INFO: 01:40:29.478: delete node: IP: 184.72.149.99. Number of nodes 53
EtherApe-INFO: 01:40:29.478: delete node: IP: 52.204.15.226. Number of nodes 52
EtherApe-INFO: 01:40:29.478: delete node: IP: 35.156.0.74. Number of nodes 51
EtherApe-INFO: 01:40:29.478: delete node: IP: 18.66.147.61. Number of nodes 50
EtherApe-INFO: 01:40:29.478: delete node: IP: 3.122.212.234. Number of nodes 49
EtherApe-INFO: 01:40:29.913: delete node: IP: 52.58.160.193. Number of nodes 48
EtherApe-INFO: 01:40:32.266: delete node: IP: 52.214.181.141. Number of nodes 47
EtherApe-INFO: 01:40:34.829: delete node: IP: 172.67.74.184. Number of nodes 46
EtherApe-INFO: 01:40:45.104: delete node: IP: 149.154.167.92. Number of nodes 45
EtherApe-INFO: 01:40:47.564: New node: IP: 162.159.129.81. Number of nodes 46
EtherApe-INFO: 01:40:49.869: New node: IP: 5.161.66.254. Number of nodes 47
EtherApe-INFO: 01:40:49.871: New node: IP: 142.250.186.196. Number of nodes 48
EtherApe-INFO: 01:40:50.129: New node: IP: 142.250.186.206. Number of nodes 49
EtherApe-INFO: 01:40:50.635: New node: IP: 142.250.203.195. Number of nodes 50
EtherApe-INFO: 01:40:50.638: New node: IP: 162.159.136.84. Number of nodes 51
EtherApe-INFO: 01:40:50.647: New node: IP: 130.185.239.78. Number of nodes 52
EtherApe-INFO: 01:40:50.902: New node: IP: 142.250.203.131. Number of nodes 53
EtherApe-INFO: 01:40:50.903: New node: IP: 2.23.108.238. Number of nodes 54
EtherApe-INFO: 01:40:51.918: New node: IP: 185.45.114.140. Number of nodes 55
EtherApe-INFO: 01:40:52.816: delete node: IP: 3.121.171.160. Number of nodes 54
EtherApe-INFO: 01:40:54.790: delete node: IP: 65.9.58.177. Number of nodes 53
EtherApe-INFO: 01:40:54.790: delete node: IP: 3.3.9.1. Number of nodes 52
EtherApe-INFO: 01:40:56.835: delete node: IP: 143.204.89.25. Number of nodes 51
EtherApe-INFO: 01:40:56.835: delete node: IP: 35.157.217.34. Number of nodes 50
EtherApe-INFO: 01:40:58.663: delete node: IP: 52.222.190.175. Number of nodes 49
EtherApe-INFO: 01:40:58.663: delete node: IP: 18.66.233.41. Number of nodes 48
EtherApe-INFO: 01:40:58.663: delete node: IP: 13.32.103.36. Number of nodes 47
EtherApe-INFO: 01:40:59.108: delete node: IP: 52.222.206.108. Number of nodes 46
EtherApe-INFO: 01:40:59.108: delete node: IP: 18.66.137.67. Number of nodes 45
EtherApe-INFO: 01:41:06.507: New node: IP: 52.94.220.76. Number of nodes 46
EtherApe-INFO: 01:41:09.323: New node: IP: 18.195.56.84. Number of nodes 47
EtherApe-INFO: 01:41:21.867: delete node: IP: 34.120.208.123. Number of nodes 46
EtherApe-INFO: 01:41:24.939: New node: IP: 94.158.46.150. Number of nodes 47
EtherApe-INFO: 01:41:26.479: New node: IP: 18.157.237.165. Number of nodes 48
EtherApe-INFO: 01:41:28.557: delete node: IP: 192.168.1.1. Number of nodes 47
EtherApe-INFO: 01:41:28.557: delete node: IP: 78.46.178.133. Number of nodes 46
EtherApe-INFO: 01:41:30.826: New node: IP: 127.0.0.1. Number of nodes 47
EtherApe-INFO: 01:41:30.826: New node: IP: 224.0.0.251. Number of nodes 48
EtherApe-INFO: 01:41:40.047: delete node: IP: 87.245.217.77. Number of nodes 47
EtherApe-INFO: 01:41:45.463: delete node: IP: 149.255.128.1. Number of nodes 46
EtherApe-INFO: 01:42:01.619: delete node: IP: 185.199.111.154. Number of nodes 45
EtherApe-INFO: 01:42:02.873: delete node: IP: 185.199.108.133. Number of nodes 44
EtherApe-INFO: 01:42:02.873: delete node: IP: 18.184.105.221. Number of nodes 43
EtherApe-INFO: 01:42:04.448: delete node: IP: 140.82.121.4. Number of nodes 42
EtherApe-INFO: 01:42:09.742: delete node: IP: 149.154.167.216. Number of nodes 41
EtherApe-INFO: 01:42:13.103: delete node: IP: 52.39.218.209. Number of nodes 40
EtherApe-INFO: 01:42:31.282: delete node: IP: 52.29.123.56. Number of nodes 39
EtherApe-INFO: 01:42:35.636: delete node: IP: 104.20.121.46. Number of nodes 38
EtherApe-INFO: 01:42:37.416: delete node: IP: 104.18.22.122. Number of nodes 37
EtherApe-INFO: 01:42:37.417: delete node: IP: 104.18.18.132. Number of nodes 36
EtherApe-INFO: 01:42:51.213: delete node: IP: 142.250.75.10. Number of nodes 35
EtherApe-INFO: 01:42:55.588: delete node: IP: 142.250.203.131. Number of nodes 34
EtherApe-INFO: 01:42:57.356: delete node: IP: 142.250.186.206. Number of nodes 33
EtherApe-INFO: 01:43:15.099: delete node: IP: 52.94.220.76. Number of nodes 32
EtherApe-INFO: 01:43:25.810: delete node: IP: 94.158.46.150. Number of nodes 31
EtherApe-INFO: 01:43:31.217: delete node: IP: 224.0.0.251. Number of nodes 30
EtherApe-INFO: 01:43:31.217: delete node: IP: 127.0.0.1. Number of nodes 29
EtherApe-INFO: 01:43:37.082: delete node: IP: 18.157.237.165. Number of nodes 28
EtherApe-INFO: 01:44:15.272: delete node: IP: 104.18.6.240. Number of nodes 27
EtherApe-INFO: 01:44:27.979: New node: IP: 192.168.1.1. Number of nodes 28
EtherApe-INFO: 01:44:27.980: New node: IP: 78.46.178.133. Number of nodes 29
EtherApe-INFO: 01:44:45.131: New node: IP: 104.18.12.33. Number of nodes 30
EtherApe-INFO: 01:44:46.244: delete node: IP: 93.184.220.29. Number of nodes 29
EtherApe-INFO: 01:44:47.003: delete node: IP: 142.250.203.195. Number of nodes 28
EtherApe-INFO: 01:44:48.218: delete node: IP: 87.245.216.107. Number of nodes 27
EtherApe-INFO: 01:44:51.284: delete node: IP: 2.23.108.238. Number of nodes 26
EtherApe-INFO: 01:45:04.075: New node: IP: 216.58.215.74. Number of nodes 27
EtherApe-INFO: 01:45:04.082: New node: IP: 13.32.121.59. Number of nodes 28
EtherApe-INFO: 01:45:09.451: New node: IP: 52.58.230.115. Number of nodes 29
EtherApe-INFO: 01:45:12.010: New node: IP: 52.39.218.209. Number of nodes 30
EtherApe-INFO: 01:45:23.532: New node: IP: 104.18.14.117. Number of nodes 31
EtherApe-INFO: 01:45:31.210: New node: IP: 54.171.156.218. Number of nodes 32
EtherApe-INFO: 01:45:35.565: New node: IP: 63.33.228.172. Number of nodes 33
EtherApe-INFO: 01:45:43.104: delete node: IP: 162.159.136.84. Number of nodes 32
EtherApe-INFO: 01:45:43.104: delete node: IP: 5.161.66.254. Number of nodes 31
EtherApe-INFO: 01:45:43.319: delete node: IP: 185.45.114.140. Number of nodes 30
EtherApe-INFO: 01:45:43.319: delete node: IP: 162.159.129.81. Number of nodes 29
EtherApe-INFO: 01:45:43.319: delete node: IP: 130.185.239.78. Number of nodes 28
EtherApe-INFO: 01:45:45.396: delete node: IP: 142.250.186.196. Number of nodes 27
EtherApe-INFO: 01:46:01.476: delete node: IP: 18.195.56.84. Number of nodes 26
EtherApe-INFO: 01:46:07.564: New node: IP: 52.94.216.116. Number of nodes 27
EtherApe-INFO: 01:46:28.154: delete node: IP: 192.168.1.1. Number of nodes 26
EtherApe-INFO: 01:46:28.555: New node: IP: 18.157.237.169. Number of nodes 27
EtherApe-INFO: 01:46:28.593: delete node: IP: 78.46.178.133. Number of nodes 26
EtherApe-INFO: 01:46:35.232: delete node: IP: 104.18.13.33. Number of nodes 25
EtherApe-INFO: 01:47:04.181: delete node: IP: 216.58.215.74. Number of nodes 24
EtherApe-INFO: 01:47:15.254: delete node: IP: 52.39.218.209. Number of nodes 23
EtherApe-INFO: 01:47:31.277: delete node: IP: 54.171.156.218. Number of nodes 22
EtherApe-INFO: 01:47:36.165: delete node: IP: 63.33.228.172. Number of nodes 21
EtherApe-INFO: 01:48:15.386: delete node: IP: 52.94.216.116. Number of nodes 20
EtherApe-INFO: 01:48:38.968: delete node: IP: 18.157.237.169. Number of nodes 19
EtherApe-INFO: 01:49:00.210: delete node: IP: 13.32.121.59. Number of nodes 18
EtherApe-INFO: 01:49:01.388: New node: IP: 52.29.123.56. Number of nodes 19
EtherApe-INFO: 01:49:28.011: New node: IP: 192.168.1.1. Number of nodes 20
EtherApe-INFO: 01:49:28.014: New node: IP: 78.46.178.133. Number of nodes 21
EtherApe-INFO: 01:49:36.247: delete node: IP: 104.18.12.33. Number of nodes 20
EtherApe-INFO: 01:50:12.299: New node: IP: 52.39.218.209. Number of nodes 21
EtherApe-INFO: 01:50:14.940: delete node: IP: 104.18.14.117. Number of nodes 20
EtherApe-INFO: 01:50:45.837: New node: IP: 104.18.1.206. Number of nodes 21
EtherApe-INFO: 01:50:47.884: New node: IP: 104.18.0.206. Number of nodes 22
EtherApe-INFO: 01:50:47.885: New node: IP: 76.76.21.21. Number of nodes 23
EtherApe-INFO: 01:50:47.885: New node: IP: 143.204.215.11. Number of nodes 24
EtherApe-INFO: 01:50:47.886: New node: IP: 104.87.170.36. Number of nodes 25
EtherApe-INFO: 01:50:47.886: New node: IP: 104.18.29.86. Number of nodes 26
EtherApe-INFO: 01:50:47.897: New node: IP: 142.250.180.238. Number of nodes 27
EtherApe-INFO: 01:50:48.395: New node: IP: 68.66.228.90. Number of nodes 28
EtherApe-INFO: 01:50:48.395: New node: IP: 8.43.85.3. Number of nodes 29
EtherApe-INFO: 01:50:48.396: New node: IP: 151.101.0.67. Number of nodes 30
EtherApe-INFO: 01:50:48.658: New node: IP: 8.43.85.4. Number of nodes 31
EtherApe-INFO: 01:51:01.487: delete node: IP: 52.58.230.115. Number of nodes 30
EtherApe-INFO: 01:51:09.644: New node: IP: 52.94.220.76. Number of nodes 31
EtherApe-INFO: 01:51:12.716: New node: IP: 35.156.217.183. Number of nodes 32
EtherApe-INFO: 01:51:28.643: delete node: IP: 192.168.1.1. Number of nodes 31
EtherApe-INFO: 01:51:28.643: delete node: IP: 78.46.178.133. Number of nodes 30
EtherApe-INFO: 01:51:30.893: New node: IP: 18.157.237.190. Number of nodes 31
EtherApe-INFO: 01:51:56.491: New node: IP: 18.159.68.239. Number of nodes 32
EtherApe-INFO: 01:51:56.590: delete node: IP: 142.250.186.197. Number of nodes 31
EtherApe-INFO: 01:52:04.684: New node: IP: 142.250.186.197. Number of nodes 32
EtherApe-INFO: 01:52:12.985: delete node: IP: 52.39.218.209. Number of nodes 31
EtherApe-INFO: 01:52:48.783: delete node: IP: 151.101.0.67. Number of nodes 30
EtherApe-INFO: 01:52:48.783: delete node: IP: 143.204.215.11. Number of nodes 29
EtherApe-INFO: 01:52:48.783: delete node: IP: 142.250.180.238. Number of nodes 28
EtherApe-INFO: 01:52:48.783: delete node: IP: 104.87.170.36. Number of nodes 27
EtherApe-INFO: 01:52:48.783: delete node: IP: 104.18.29.86. Number of nodes 26
EtherApe-INFO: 01:52:48.783: delete node: IP: 104.18.1.206. Number of nodes 25
EtherApe-INFO: 01:52:48.784: delete node: IP: 104.18.0.206. Number of nodes 24
EtherApe-INFO: 01:52:49.001: delete node: IP: 8.43.85.3. Number of nodes 23
EtherApe-INFO: 01:53:10.219: New node: IP: 89.187.191.12. Number of nodes 24
EtherApe-INFO: 01:53:16.451: delete node: IP: 52.94.220.76. Number of nodes 23
EtherApe-INFO: 01:53:18.740: delete node: IP: 76.76.21.21. Number of nodes 22
EtherApe-INFO: 01:53:22.852: delete node: IP: 8.43.85.4. Number of nodes 21
EtherApe-INFO: 01:53:23.018: New node: IP: 95.216.144.15. Number of nodes 22
EtherApe-INFO: 01:53:38.440: delete node: IP: 18.157.237.190. Number of nodes 21
EtherApe-INFO: 01:54:11.659: New node: IP: 18.158.211.150. Number of nodes 22
EtherApe-INFO: 01:54:28.043: New node: IP: 192.168.1.1. Number of nodes 23
EtherApe-INFO: 01:54:28.044: New node: IP: 78.46.178.133. Number of nodes 24
EtherApe-INFO: 01:54:32.230: delete node: IP: 68.66.228.90. Number of nodes 23
EtherApe-INFO: 01:55:11.563: New node: IP: 52.39.218.209. Number of nodes 24
EtherApe-INFO: 01:55:23.595: New node: IP: 104.18.14.117. Number of nodes 25
EtherApe-INFO: 01:55:23.603: delete node: IP: 89.187.191.12. Number of nodes 24
EtherApe-INFO: 01:55:43.407: delete node: IP: 95.216.144.15. Number of nodes 23
EtherApe-INFO: 01:55:48.773: delete node: IP: 52.29.123.56. Number of nodes 22
EtherApe-INFO: 01:55:53.802: New node: IP: 63.33.228.172. Number of nodes 23
EtherApe-INFO: 01:55:58.154: New node: IP: 54.73.239.34. Number of nodes 24
EtherApe-INFO: 01:56:04.841: delete node: IP: 35.156.217.183. Number of nodes 23
EtherApe-INFO: 01:56:10.699: New node: IP: 52.94.220.76. Number of nodes 24
EtherApe-INFO: 01:56:28.906: delete node: IP: 192.168.1.1. Number of nodes 23
EtherApe-INFO: 01:56:28.907: delete node: IP: 78.46.178.133. Number of nodes 22
EtherApe-INFO: 01:56:32.971: New node: IP: 18.157.237.167. Number of nodes 23
EtherApe-INFO: 01:57:12.965: delete node: IP: 52.39.218.209. Number of nodes 22
EtherApe-INFO: 01:57:23.916: New node: IP: 104.198.63.0. Number of nodes 23
EtherApe-INFO: 01:57:26.730: New node: IP: 140.82.121.6. Number of nodes 24
EtherApe-INFO: 01:57:56.483: delete node: IP: 63.33.228.172. Number of nodes 23
EtherApe-INFO: 01:58:01.585: delete node: IP: 54.73.239.34. Number of nodes 22
EtherApe-INFO: 01:58:18.795: delete node: IP: 52.94.220.76. Number of nodes 21
EtherApe-INFO: 01:58:29.194: New node: IP: 94.158.46.150. Number of nodes 22
EtherApe-INFO: 01:58:34.827: New node: IP: 127.0.0.1. Number of nodes 23
EtherApe-INFO: 01:58:34.827: New node: IP: 224.0.0.251. Number of nodes 24
EtherApe-INFO: 01:58:44.349: delete node: IP: 18.157.237.167. Number of nodes 23
EtherApe-INFO: 01:59:02.987: New node: IP: 13.32.121.59. Number of nodes 24
EtherApe-INFO: 01:59:16.555: New node: IP: 149.154.167.216. Number of nodes 25
EtherApe-INFO: 01:59:22.709: delete node: IP: 18.159.68.239. Number of nodes 24
EtherApe-INFO: 01:59:27.599: delete node: IP: 149.154.167.50. Number of nodes 23
EtherApe-INFO: 01:59:27.818: New node: IP: 192.168.1.1. Number of nodes 24
EtherApe-INFO: 01:59:28.075: New node: IP: 78.46.178.133. Number of nodes 25
EtherApe-INFO: 02:00:11.852: New node: IP: 142.250.75.10. Number of nodes 26
EtherApe-INFO: 02:00:12.618: New node: IP: 52.39.218.209. Number of nodes 27
EtherApe-INFO: 02:00:14.485: delete node: IP: 104.18.14.117. Number of nodes 26
EtherApe-INFO: 02:00:31.371: delete node: IP: 94.158.46.150. Number of nodes 25
EtherApe-INFO: 02:00:36.751: delete node: IP: 224.0.0.251. Number of nodes 24
EtherApe-INFO: 02:00:36.751: delete node: IP: 127.0.0.1. Number of nodes 23
EtherApe-INFO: 02:00:36.751: delete node: IP: 104.198.63.0. Number of nodes 22
EtherApe-INFO: 02:01:03.125: delete node: IP: 18.158.211.150. Number of nodes 21
EtherApe-INFO: 02:01:12.012: New node: IP: 52.94.220.76. Number of nodes 22
EtherApe-INFO: 02:01:14.831: New node: IP: 52.58.230.115. Number of nodes 23
EtherApe-INFO: 02:01:27.649: delete node: IP: 140.82.121.6. Number of nodes 22
EtherApe-INFO: 02:01:32.829: delete node: IP: 192.168.1.1. Number of nodes 21
EtherApe-INFO: 02:01:32.830: delete node: IP: 192.168.0.130. Number of nodes 20
EtherApe-INFO: 02:01:32.830: delete node: IP: 78.46.178.133. Number of nodes 19
EtherApe-INFO: 02:01:33.045: delete node: IP: 149.154.167.216. Number of nodes 18
EtherApe-INFO: 02:01:35.306: New node: IP: 18.157.237.190. Number of nodes 19
EtherApe-INFO: 02:02:13.715: delete node: IP: 142.250.75.10. Number of nodes 18
EtherApe-INFO: 02:02:13.715: delete node: IP: 52.39.218.209. Number of nodes 17
EtherApe-INFO: 02:02:23.434: New node: IP: 142.250.75.10. Number of nodes 18
EtherApe-INFO: 02:03:01.579: New node: IP: 140.82.113.25. Number of nodes 19
EtherApe-INFO: 02:03:01.834: New node: IP: 192.168.0.130. Number of nodes 20
EtherApe-INFO: 02:03:20.527: delete node: IP: 52.94.220.76. Number of nodes 19
EtherApe-INFO: 02:03:30.506: New node: IP: 172.217.16.10. Number of nodes 20
EtherApe-INFO: 02:03:41.860: delete node: IP: 18.157.237.190. Number of nodes 19
EtherApe-INFO: 02:04:01.760: delete node: IP: 13.32.121.59. Number of nodes 18
EtherApe-INFO: 02:04:24.281: delete node: IP: 142.250.75.10. Number of nodes 17
EtherApe-INFO: 02:04:27.850: New node: IP: 192.168.1.1. Number of nodes 18
EtherApe-INFO: 02:04:28.106: New node: IP: 78.46.178.133. Number of nodes 19
EtherApe-INFO: 02:05:01.665: delete node: IP: 140.82.112.25. Number of nodes 18
EtherApe-INFO: 02:05:12.650: New node: IP: 52.39.218.209. Number of nodes 19
EtherApe-INFO: 02:05:23.915: New node: IP: 104.18.14.117. Number of nodes 20
EtherApe-INFO: 02:06:02.572: New node: IP: 54.74.73.31. Number of nodes 21
EtherApe-INFO: 02:06:14.094: New node: IP: 52.94.220.76. Number of nodes 22
EtherApe-INFO: 02:06:16.394: New node: IP: 54.73.239.34. Number of nodes 23
EtherApe-INFO: 02:06:20.746: New node: IP: 63.33.228.172. Number of nodes 24
EtherApe-INFO: 02:06:30.275: delete node: IP: 192.168.1.1. Number of nodes 23
EtherApe-INFO: 02:06:30.275: delete node: IP: 78.46.178.133. Number of nodes 22
EtherApe-INFO: 02:06:36.618: New node: IP: 18.159.68.239. Number of nodes 23
EtherApe-INFO: 02:06:37.387: New node: IP: 18.157.237.165. Number of nodes 24
EtherApe-INFO: 02:07:13.764: delete node: IP: 52.39.218.209. Number of nodes 23
EtherApe-INFO: 02:08:18.014: delete node: IP: 54.73.239.34. Number of nodes 22
EtherApe-INFO: 02:08:21.923: delete node: IP: 63.33.228.172. Number of nodes 21
EtherApe-INFO: 02:08:21.923: delete node: IP: 52.94.220.76. Number of nodes 20
EtherApe-INFO: 02:08:22.139: delete node: IP: 172.217.16.10. Number of nodes 19
EtherApe-INFO: 02:08:45.417: delete node: IP: 18.157.237.165. Number of nodes 18
EtherApe-INFO: 02:08:48.770: delete node: IP: 18.159.68.239. Number of nodes 17
EtherApe-INFO: 02:09:27.882: New node: IP: 192.168.1.1. Number of nodes 18
EtherApe-INFO: 02:09:28.140: New node: IP: 78.46.178.133. Number of nodes 19
EtherApe-INFO: 02:10:12.938: New node: IP: 52.39.218.209. Number of nodes 20
EtherApe-INFO: 02:10:15.278: delete node: IP: 104.18.14.117. Number of nodes 19
EtherApe-INFO: 02:10:54.716: delete node: IP: 54.74.73.31. Number of nodes 18
EtherApe-INFO: 02:10:55.435: New node: IP: 52.29.123.56. Number of nodes 19
EtherApe-INFO: 02:11:09.073: delete node: IP: 52.58.230.115. Number of nodes 18
EtherApe-INFO: 02:11:15.404: New node: IP: 52.94.216.116. Number of nodes 19
EtherApe-INFO: 02:11:18.220: New node: IP: 18.184.105.221. Number of nodes 20
EtherApe-INFO: 02:11:28.206: delete node: IP: 192.168.1.1. Number of nodes 19
EtherApe-INFO: 02:11:28.206: delete node: IP: 192.168.0.130. Number of nodes 18
EtherApe-INFO: 02:11:28.532: delete node: IP: 78.46.178.133. Number of nodes 17
EtherApe-INFO: 02:11:39.724: New node: IP: 18.157.237.164. Number of nodes 18
EtherApe-INFO: 02:11:39.978: New node: IP: 192.168.0.130. Number of nodes 19
EtherApe-INFO: 02:11:48.942: New node: IP: 18.159.68.239. Number of nodes 20
EtherApe-INFO: 02:12:08.651: New node: IP: 142.250.203.197. Number of nodes 21
EtherApe-INFO: 02:12:12.280: delete node: IP: 142.250.186.197. Number of nodes 20
EtherApe-INFO: 02:12:13.044: delete node: IP: 52.39.218.209. Number of nodes 19
EtherApe-INFO: 02:12:56.522: New node: IP: 149.154.167.216. Number of nodes 20
EtherApe-INFO: 02:13:00.620: New node: IP: 142.250.75.10. Number of nodes 21
EtherApe-INFO: 02:13:00.620: New node: IP: 143.204.89.25. Number of nodes 22
EtherApe-INFO: 02:13:00.875: New node: IP: 3.121.171.160. Number of nodes 23
EtherApe-INFO: 02:13:01.387: New node: IP: 52.94.220.76. Number of nodes 24
EtherApe-INFO: 02:13:01.653: New node: IP: 18.66.137.205. Number of nodes 25
EtherApe-INFO: 02:13:02.155: New node: IP: 3.3.9.1. Number of nodes 26
EtherApe-INFO: 02:13:03.183: New node: IP: 35.157.217.34. Number of nodes 27
EtherApe-INFO: 02:13:04.203: New node: IP: 65.9.58.42. Number of nodes 28
EtherApe-INFO: 02:13:05.740: New node: IP: 13.32.11.60. Number of nodes 29
EtherApe-INFO: 02:13:10.604: New node: IP: 143.204.214.113. Number of nodes 30
EtherApe-INFO: 02:13:12.395: New node: IP: 18.157.237.131. Number of nodes 31
EtherApe-INFO: 02:13:15.215: New node: IP: 52.94.140.208. Number of nodes 32
EtherApe-INFO: 02:13:24.249: delete node: IP: 52.94.216.116. Number of nodes 31
EtherApe-INFO: 02:13:28.781: New node: IP: 52.94.136.211. Number of nodes 32
EtherApe-INFO: 02:13:45.933: New node: IP: 54.239.55.55. Number of nodes 33
EtherApe-INFO: 02:13:45.983: delete node: IP: 18.157.237.164. Number of nodes 32
EtherApe-INFO: 02:13:46.443: New node: IP: 13.32.103.36. Number of nodes 33
EtherApe-INFO: 02:13:47.732: New node: IP: 52.85.242.60. Number of nodes 34
EtherApe-INFO: 02:14:16.657: New node: IP: 142.250.203.193. Number of nodes 35
EtherApe-INFO: 02:14:16.657: New node: IP: 172.217.16.1. Number of nodes 36
EtherApe-INFO: 02:14:16.658: New node: IP: 142.250.203.129. Number of nodes 37
EtherApe-INFO: 02:14:16.909: New node: IP: 172.217.16.33. Number of nodes 38
EtherApe-INFO: 02:14:17.189: New node: IP: 142.250.186.195. Number of nodes 39
EtherApe-INFO: 02:14:27.914: New node: IP: 192.168.1.1. Number of nodes 40
EtherApe-INFO: 02:14:28.171: New node: IP: 78.46.178.133. Number of nodes 41
EtherApe-INFO: 02:14:39.262: delete node: IP: 52.29.123.56. Number of nodes 40
EtherApe-INFO: 02:14:39.262: delete node: IP: 18.159.68.239. Number of nodes 39
EtherApe-INFO: 02:14:43.531: New node: IP: 172.217.16.46. Number of nodes 40
EtherApe-INFO: 02:14:58.385: New node: IP: 142.250.75.1. Number of nodes 41
EtherApe-INFO: 02:14:58.395: New node: IP: 216.58.215.110. Number of nodes 42
EtherApe-INFO: 02:14:58.395: New node: IP: 216.58.209.14. Number of nodes 43
EtherApe-INFO: 02:14:58.634: New node: IP: 216.58.215.118. Number of nodes 44
EtherApe-INFO: 02:14:58.634: New node: IP: 142.250.186.206. Number of nodes 45
EtherApe-INFO: 02:15:01.004: delete node: IP: 142.250.75.10. Number of nodes 44
EtherApe-INFO: 02:15:01.196: New node: IP: 185.199.110.133. Number of nodes 45
EtherApe-INFO: 02:15:02.478: New node: IP: 176.122.113.12. Number of nodes 46
EtherApe-INFO: 02:15:02.987: New node: IP: 216.58.209.3. Number of nodes 47
EtherApe-INFO: 02:15:03.244: New node: IP: 140.82.121.4. Number of nodes 48
EtherApe-INFO: 02:15:03.524: New node: IP: 216.58.215.106. Number of nodes 49
EtherApe-INFO: 02:15:04.025: New node: IP: 9.9.9.9. Number of nodes 50
EtherApe-INFO: 02:15:04.029: New node: IP: 139.59.209.225. Number of nodes 51
EtherApe-INFO: 02:15:04.533: New node: IP: 104.18.70.113. Number of nodes 52
EtherApe-INFO: 02:15:04.556: New node: IP: 93.184.220.29. Number of nodes 53
EtherApe-INFO: 02:15:04.782: New node: IP: 104.16.53.111. Number of nodes 54
EtherApe-INFO: 02:15:04.796: New node: IP: 104.18.72.113. Number of nodes 55
EtherApe-INFO: 02:15:04.809: New node: IP: 87.245.216.9. Number of nodes 56
EtherApe-INFO: 02:15:05.035: New node: IP: 8.8.8.8. Number of nodes 57
EtherApe-INFO: 02:15:05.295: New node: IP: 35.196.109.67. Number of nodes 58
EtherApe-INFO: 02:15:05.322: New node: IP: 192.0.77.32. Number of nodes 59
EtherApe-INFO: 02:15:05.343: New node: IP: 142.250.75.10. Number of nodes 60
EtherApe-INFO: 02:15:06.060: New node: IP: 142.250.203.131. Number of nodes 61
EtherApe-INFO: 02:15:06.066: New node: IP: 13.32.121.59. Number of nodes 62
EtherApe-INFO: 02:15:07.610: New node: IP: 192.0.77.48. Number of nodes 63
EtherApe-INFO: 02:15:08.115: New node: IP: 192.0.78.23. Number of nodes 64
EtherApe-INFO: 02:15:09.842: delete node: IP: 52.94.220.76. Number of nodes 63
EtherApe-INFO: 02:15:13.138: New node: IP: 52.39.218.209. Number of nodes 64
EtherApe-INFO: 02:15:13.144: delete node: IP: 149.154.167.216. Number of nodes 63
EtherApe-INFO: 02:15:24.324: New node: IP: 104.18.14.117. Number of nodes 64
EtherApe-INFO: 02:15:26.370: New node: IP: 185.199.109.154. Number of nodes 65
EtherApe-INFO: 02:15:26.681: delete node: IP: 52.94.140.208. Number of nodes 64
EtherApe-INFO: 02:15:34.330: delete node: IP: 18.157.237.131. Number of nodes 63
EtherApe-INFO: 02:15:40.029: delete node: IP: 52.94.136.211. Number of nodes 62
EtherApe-INFO: 02:15:47.835: New node: IP: 142.250.186.214. Number of nodes 63
EtherApe-INFO: 02:15:52.955: New node: IP: 104.17.32.82. Number of nodes 64
EtherApe-INFO: 02:15:53.213: New node: IP: 104.17.33.82. Number of nodes 65
EtherApe-INFO: 02:16:09.597: New node: IP: 104.18.22.122. Number of nodes 66
EtherApe-INFO: 02:16:16.832: delete node: IP: 142.250.75.3. Number of nodes 65
EtherApe-INFO: 02:16:17.859: delete node: IP: 142.250.203.193. Number of nodes 64
EtherApe-INFO: 02:16:21.118: New node: IP: 34.120.208.123. Number of nodes 65
EtherApe-INFO: 02:16:28.064: delete node: IP: 192.168.1.1. Number of nodes 64
EtherApe-INFO: 02:16:28.890: delete node: IP: 78.46.178.133. Number of nodes 63
EtherApe-INFO: 02:16:39.034: New node: IP: 63.33.228.172. Number of nodes 64
EtherApe-INFO: 02:16:42.875: New node: IP: 54.170.39.204. Number of nodes 65
EtherApe-INFO: 02:16:44.184: delete node: IP: 172.217.16.46. Number of nodes 64
EtherApe-INFO: 02:16:47.307: delete node: IP: 54.239.55.55. Number of nodes 63
EtherApe-INFO: 02:16:57.725: New node: IP: 13.32.121.101. Number of nodes 64
EtherApe-INFO: 02:16:59.529: delete node: IP: 216.58.215.110. Number of nodes 63
EtherApe-INFO: 02:16:59.530: delete node: IP: 216.58.209.14. Number of nodes 62
EtherApe-INFO: 02:16:59.530: delete node: IP: 142.250.186.206. Number of nodes 61
EtherApe-INFO: 02:16:59.776: New node: IP: 108.138.51.6. Number of nodes 62
EtherApe-INFO: 02:17:05.163: delete node: IP: 104.18.72.113. Number of nodes 61
EtherApe-INFO: 02:17:05.163: delete node: IP: 9.9.9.9. Number of nodes 60
EtherApe-INFO: 02:17:05.163: delete node: IP: 8.8.8.8. Number of nodes 59
EtherApe-INFO: 02:17:07.451: New node: IP: 216.58.209.10. Number of nodes 60
EtherApe-INFO: 02:17:09.268: delete node: IP: 142.250.75.1. Number of nodes 59
EtherApe-INFO: 02:17:10.527: New node: IP: 142.250.186.196. Number of nodes 60
EtherApe-INFO: 02:17:13.433: delete node: IP: 52.39.218.209. Number of nodes 59
EtherApe-INFO: 02:17:13.597: New node: IP: 52.205.65.151. Number of nodes 60
EtherApe-INFO: 02:17:14.132: New node: IP: 108.138.24.169. Number of nodes 61
EtherApe-INFO: 02:17:14.365: New node: IP: 104.18.40.108. Number of nodes 62
EtherApe-INFO: 02:17:14.365: New node: IP: 172.64.147.148. Number of nodes 63
EtherApe-INFO: 02:17:16.923: New node: IP: 142.250.186.206. Number of nodes 64
EtherApe-INFO: 02:17:20.768: New node: IP: 176.122.113.14. Number of nodes 65
EtherApe-INFO: 02:17:20.777: delete node: IP: 143.204.214.113. Number of nodes 64
EtherApe-INFO: 02:17:21.787: New node: IP: 9.9.9.9. Number of nodes 65
EtherApe-INFO: 02:17:22.582: New node: IP: 8.8.8.8. Number of nodes 66
EtherApe-INFO: 02:17:51.569: delete node: IP: 143.204.89.25. Number of nodes 65
EtherApe-INFO: 02:17:51.569: delete node: IP: 3.121.171.160. Number of nodes 64
EtherApe-INFO: 02:17:53.367: delete node: IP: 18.66.137.205. Number of nodes 63
EtherApe-INFO: 02:17:53.578: delete node: IP: 104.17.33.82. Number of nodes 62
EtherApe-INFO: 02:17:53.578: delete node: IP: 3.3.9.1. Number of nodes 61
EtherApe-INFO: 02:17:54.649: delete node: IP: 65.9.58.42. Number of nodes 60
EtherApe-INFO: 02:17:55.674: delete node: IP: 35.157.217.34. Number of nodes 59
EtherApe-INFO: 02:17:56.609: delete node: IP: 13.32.11.60. Number of nodes 58
EtherApe-INFO: 02:18:11.963: New node: IP: 149.154.167.216. Number of nodes 59
EtherApe-INFO: 02:18:16.854: delete node: IP: 35.196.109.67. Number of nodes 58
EtherApe-INFO: 02:18:25.110: delete node: IP: 192.0.78.23. Number of nodes 57
EtherApe-INFO: 02:18:25.110: delete node: IP: 192.0.77.48. Number of nodes 56
EtherApe-INFO: 02:18:25.110: delete node: IP: 192.0.77.32. Number of nodes 55
EtherApe-INFO: 02:18:38.095: delete node: IP: 75.2.108.140. Number of nodes 54
EtherApe-INFO: 02:18:38.095: delete node: IP: 13.32.103.36. Number of nodes 53
EtherApe-INFO: 02:18:38.649: delete node: IP: 52.85.242.60. Number of nodes 52
EtherApe-INFO: 02:18:38.649: delete node: IP: 18.184.105.221. Number of nodes 51
EtherApe-INFO: 02:18:40.901: delete node: IP: 63.33.228.172. Number of nodes 50
EtherApe-INFO: 02:18:43.057: delete node: IP: 54.170.39.204. Number of nodes 49
