(etherape:3218): GLib-GIO-DEBUG: 14:11:05.717: _g_io_module_get_default: Found default implementation local (GLocalVfs) for ‘gio-vfs’
(etherape:3218): GLib-GIO-DEBUG: 14:11:05.753: Using cross-namespace EXTERNAL authentication (this will deadlock if server is GDBus < 2.73.3)
EtherApe-INFO: 14:11:05.786: sctp protocol not supported
EtherApe-INFO: 14:11:05.786: dccp protocol not supported
EtherApe-INFO: 14:11:05.786: sctp protocol not supported
EtherApe-INFO: 14:11:05.786: sctp protocol not supported
EtherApe-INFO: 14:11:05.786: sctp protocol not supported
EtherApe-INFO: 14:11:05.786: sctp protocol not supported
EtherApe-INFO: 14:11:05.786: sctp protocol not supported
EtherApe-INFO: 14:11:05.786: sctp protocol not supported
EtherApe-INFO: 14:11:05.786: sctp protocol not supported
EtherApe-INFO: 14:11:05.786: dccp protocol not supported
EtherApe-INFO: 14:11:05.786: sctp protocol not supported
EtherApe-INFO: 14:11:05.786: dccp protocol not supported
EtherApe-INFO: 14:11:05.786: dccp protocol not supported
EtherApe-INFO: 14:11:05.786: sctp protocol not supported
EtherApe-INFO: 14:11:05.786: sctp protocol not supported
EtherApe-INFO: 14:11:05.786: sctp protocol not supported
EtherApe-INFO: 14:11:05.787: sctp protocol not supported
EtherApe-INFO: 14:11:05.787: sctp protocol not supported
EtherApe-INFO: 14:11:05.787: sctp protocol not supported
EtherApe-INFO: 14:11:05.787: sctp protocol not supported
EtherApe-INFO: 14:11:05.787: sctp protocol not supported
EtherApe-INFO: 14:11:05.787: sctp protocol not supported
EtherApe-INFO: 14:11:05.787: sctp protocol not supported
EtherApe-INFO: 14:11:05.787: sctp protocol not supported
EtherApe-INFO: 14:11:05.788: sctp protocol not supported
EtherApe-INFO: 14:11:05.788: sctp protocol not supported
EtherApe-INFO: 14:11:05.788: sctp protocol not supported
EtherApe-INFO: 14:11:05.788: sctp protocol not supported
EtherApe-INFO: 14:11:05.788: dccp protocol not supported
EtherApe-INFO: 14:11:05.788: sctp protocol not supported
EtherApe-INFO: 14:11:05.788: sctp protocol not supported
EtherApe-INFO: 14:11:05.788: dccp protocol not supported
EtherApe-INFO: 14:11:05.788: sctp protocol not supported
EtherApe-INFO: 14:11:05.788: sctp protocol not supported
EtherApe-INFO: 14:11:05.788: sctp protocol not supported
EtherApe-INFO: 14:11:05.788: dccp protocol not supported
EtherApe-INFO: 14:11:05.788: dccp protocol not supported
EtherApe-INFO: 14:11:05.788: sctp protocol not supported
EtherApe-INFO: 14:11:05.788: sctp protocol not supported
EtherApe-INFO: 14:11:05.788: sctp protocol not supported
EtherApe-INFO: 14:11:05.788: sctp protocol not supported
EtherApe-INFO: 14:11:05.788: sctp protocol not supported
EtherApe-INFO: 14:11:05.788: sctp protocol not supported
EtherApe-INFO: 14:11:05.788: sctp protocol not supported
EtherApe-INFO: 14:11:05.788: sctp protocol not supported
EtherApe-INFO: 14:11:05.788: sctp protocol not supported
EtherApe-INFO: 14:11:05.788: sctp protocol not supported
EtherApe-INFO: 14:11:05.788: sctp protocol not supported
EtherApe-INFO: 14:11:05.788: sctp protocol not supported
EtherApe-INFO: 14:11:05.788: sctp protocol not supported
EtherApe-INFO: 14:11:05.788: sctp protocol not supported
EtherApe-INFO: 14:11:05.788: sctp protocol not supported
EtherApe-INFO: 14:11:05.788: sctp protocol not supported
EtherApe-INFO: 14:11:05.788: sctp protocol not supported
EtherApe-INFO: 14:11:05.788: sctp protocol not supported
EtherApe-INFO: 14:11:05.788: sctp protocol not supported
EtherApe-INFO: 14:11:05.788: sctp protocol not supported
EtherApe-INFO: 14:11:05.788: dccp protocol not supported
EtherApe-INFO: 14:11:05.788: sctp protocol not supported
EtherApe-INFO: 14:11:05.788: sctp protocol not supported
EtherApe-INFO: 14:11:05.788: sctp protocol not supported
EtherApe-INFO: 14:11:05.788: sctp protocol not supported
EtherApe-INFO: 14:11:05.789: sctp protocol not supported
EtherApe-INFO: 14:11:05.789: sctp protocol not supported
EtherApe-INFO: 14:11:05.789: sctp protocol not supported
EtherApe-INFO: 14:11:05.789: sctp protocol not supported
EtherApe-INFO: 14:11:05.789: sctp protocol not supported
EtherApe-INFO: 14:11:05.789: sctp protocol not supported
EtherApe-INFO: 14:11:05.789: sctp protocol not supported
EtherApe-INFO: 14:11:05.789: sctp protocol not supported
EtherApe-INFO: 14:11:05.789: sctp protocol not supported
EtherApe-INFO: 14:11:05.789: sctp protocol not supported
EtherApe-INFO: 14:11:05.789: sctp protocol not supported
EtherApe-INFO: 14:11:05.789: sctp protocol not supported
EtherApe-INFO: 14:11:05.789: sctp protocol not supported
EtherApe-INFO: 14:11:05.789: sctp protocol not supported
EtherApe-INFO: 14:11:05.789: sctp protocol not supported
EtherApe-INFO: 14:11:05.789: sctp protocol not supported
EtherApe-INFO: 14:11:05.789: sctp protocol not supported
EtherApe-INFO: 14:11:05.789: sctp protocol not supported
EtherApe-INFO: 14:11:05.789: sctp protocol not supported
EtherApe-INFO: 14:11:05.789: sctp protocol not supported
EtherApe-INFO: 14:11:05.789: sctp protocol not supported
EtherApe-INFO: 14:11:05.789: sctp protocol not supported
EtherApe-INFO: 14:11:05.789: sctp protocol not supported
EtherApe-INFO: 14:11:05.789: sctp protocol not supported
EtherApe-INFO: 14:11:05.789: sctp protocol not supported
EtherApe-INFO: 14:11:05.789: sctp protocol not supported
EtherApe-INFO: 14:11:05.789: sctp protocol not supported
EtherApe-INFO: 14:11:05.789: sctp protocol not supported
EtherApe-INFO: 14:11:05.789: sctp protocol not supported
EtherApe-INFO: 14:11:05.789: sctp protocol not supported
EtherApe-INFO: 14:11:05.789: sctp protocol not supported
EtherApe-INFO: 14:11:05.789: sctp protocol not supported
EtherApe-INFO: 14:11:05.789: sctp protocol not supported
EtherApe-INFO: 14:11:05.789: sctp protocol not supported
EtherApe-INFO: 14:11:05.799: get_interface result: ''
EtherApe-INFO: 14:11:05.799: Available interfaces for capture: dbus-session dbus-system nfqueue nflog bluetooth-monitor lo any enp5s0
EtherApe-INFO: 14:11:05.800: Link type is LINUX_SLL
EtherApe-INFO: 14:11:05.800: Diagram started
EtherApe-INFO: 14:11:06.310: New node: IP: 192.168.0.240. Number of nodes 1
EtherApe-INFO: 14:11:06.310: New node: IP: 52.222.226.205. Number of nodes 2
EtherApe-INFO: 14:11:07.846: New node: IP: 149.154.167.50. Number of nodes 3
EtherApe-INFO: 14:11:08.614: New node: IP: 192.168.0.1. Number of nodes 4
EtherApe-INFO: 14:11:09.127: New node: IP: 149.154.167.41. Number of nodes 5
EtherApe-INFO: 14:11:10.407: New node: IP: 192.229.221.95. Number of nodes 6
EtherApe-INFO: 14:11:10.918: New node: IP: 13.50.59.253. Number of nodes 7
EtherApe-INFO: 14:11:11.430: New node: IP: 172.64.155.188. Number of nodes 8
EtherApe-INFO: 14:11:11.431: New node: IP: 99.86.4.78. Number of nodes 9
EtherApe-INFO: 14:11:11.942: New node: IP: 142.250.203.202. Number of nodes 10
EtherApe-INFO: 14:11:12.454: New node: IP: 34.107.221.82. Number of nodes 11
EtherApe-INFO: 14:11:12.966: New node: IP: 142.250.203.195. Number of nodes 12
EtherApe-INFO: 14:11:13.479: New node: IP: 62.140.236.154. Number of nodes 13
EtherApe-INFO: 14:11:15.527: New node: IP: 3.123.87.71. Number of nodes 14
EtherApe-INFO: 14:11:18.342: New node: IP: 149.154.167.216. Number of nodes 15
EtherApe-INFO: 14:11:18.854: New node: IP: 142.250.186.197. Number of nodes 16
EtherApe-INFO: 14:11:18.854: New node: IP: 142.250.186.195. Number of nodes 17
EtherApe-INFO: 14:11:18.855: New node: IP: 104.16.249.249. Number of nodes 18
EtherApe-INFO: 14:11:18.856: New node: IP: 192.178.25.161. Number of nodes 19
EtherApe-INFO: 14:11:18.857: New node: IP: 142.250.203.138. Number of nodes 20
EtherApe-INFO: 14:11:19.879: New node: IP: 104.16.248.249. Number of nodes 21
EtherApe-INFO: 14:11:19.880: New node: IP: 34.160.144.191. Number of nodes 22
EtherApe-INFO: 14:11:20.904: New node: IP: 34.120.208.123. Number of nodes 23
EtherApe-INFO: 14:11:20.904: New node: IP: 34.117.65.55. Number of nodes 24
EtherApe-INFO: 14:11:21.928: New node: IP: 108.138.17.43. Number of nodes 25
EtherApe-INFO: 14:11:21.929: New node: IP: 104.18.13.33. Number of nodes 26
EtherApe-INFO: 14:11:21.929: New node: IP: 35.241.9.150. Number of nodes 27
EtherApe-INFO: 14:11:21.929: New node: IP: 104.16.99.56. Number of nodes 28
EtherApe-INFO: 14:11:21.929: New node: IP: 62.182.19.39. Number of nodes 29
EtherApe-INFO: 14:11:23.718: New node: IP: 3.218.231.251. Number of nodes 30
EtherApe-INFO: 14:11:24.998: New node: IP: 108.138.53.154. Number of nodes 31
EtherApe-INFO: 14:11:24.998: New node: IP: 104.18.14.117. Number of nodes 32
EtherApe-INFO: 14:11:24.998: New node: IP: 142.250.186.206. Number of nodes 33
EtherApe-INFO: 14:11:26.022: New node: IP: 18.66.98.108. Number of nodes 34
EtherApe-INFO: 14:11:26.022: New node: IP: 151.101.193.208. Number of nodes 35
EtherApe-INFO: 14:11:27.046: New node: IP: 193.34.168.232. Number of nodes 36
EtherApe-INFO: 14:11:27.046: New node: IP: 52.44.83.158. Number of nodes 37
EtherApe-INFO: 14:11:27.046: New node: IP: 172.67.209.148. Number of nodes 38
EtherApe-INFO: 14:11:27.047: New node: IP: 104.21.75.3. Number of nodes 39
EtherApe-INFO: 14:11:27.047: New node: IP: 18.244.102.123. Number of nodes 40
EtherApe-INFO: 14:11:28.070: New node: IP: 172.217.16.14. Number of nodes 41
EtherApe-INFO: 14:11:28.070: New node: IP: 142.250.203.132. Number of nodes 42
EtherApe-INFO: 14:11:28.838: New node: IP: 172.64.147.123. Number of nodes 43
EtherApe-INFO: 14:11:29.862: New node: IP: 104.26.10.123. Number of nodes 44
EtherApe-INFO: 14:11:30.886: New node: IP: 193.34.169.17. Number of nodes 45
EtherApe-INFO: 14:11:30.886: New node: IP: 142.250.75.10. Number of nodes 46
EtherApe-INFO: 14:11:30.887: New node: IP: 18.66.130.57. Number of nodes 47
EtherApe-INFO: 14:11:30.887: New node: IP: 193.34.169.16. Number of nodes 48
EtherApe-INFO: 14:11:31.911: New node: IP: 2.21.173.58. Number of nodes 49
EtherApe-INFO: 14:11:32.935: New node: IP: 216.58.215.106. Number of nodes 50
EtherApe-INFO: 14:11:32.935: New node: IP: 104.17.32.105. Number of nodes 51
EtherApe-INFO: 14:11:32.935: New node: IP: 142.250.75.14. Number of nodes 52
EtherApe-INFO: 14:11:32.935: New node: IP: 216.58.208.206. Number of nodes 53
EtherApe-INFO: 14:11:33.447: New node: IP: 2.21.89.89. Number of nodes 54
EtherApe-INFO: 14:11:33.959: New node: IP: 23.218.169.68. Number of nodes 55
EtherApe-INFO: 14:11:34.215: New node: IP: 155.133.226.75. Number of nodes 56
EtherApe-INFO: 14:11:34.215: New node: IP: 162.254.197.54. Number of nodes 57
EtherApe-INFO: 14:11:34.218: New node: IP: 155.133.226.78. Number of nodes 58
EtherApe-INFO: 14:11:34.471: New node: IP: 155.133.252.39. Number of nodes 59
EtherApe-INFO: 14:11:36.006: New node: IP: 13.32.103.37. Number of nodes 60
EtherApe-INFO: 14:11:36.779: New node: IP: 2.21.89.43. Number of nodes 61
EtherApe-INFO: 14:11:38.566: New node: IP: 23.45.137.50. Number of nodes 62
EtherApe-INFO: 14:11:39.338: New node: IP: 104.18.37.23. Number of nodes 63
EtherApe-INFO: 14:11:42.638: New node: IP: 104.81.107.249. Number of nodes 64
EtherApe-INFO: 14:11:43.434: New node: IP: 2.21.173.65. Number of nodes 65
EtherApe-INFO: 14:11:43.662: New node: IP: 127.0.0.1. Number of nodes 66
EtherApe-INFO: 14:11:51.854: New node: IP: 91.236.251.31. Number of nodes 67
EtherApe-INFO: 14:11:52.878: New node: IP: 199.232.18.133. Number of nodes 68
EtherApe-INFO: 14:11:53.392: New node: IP: 104.81.130.161. Number of nodes 69
EtherApe-INFO: 14:11:55.184: New node: IP: 2.21.89.48. Number of nodes 70
EtherApe-INFO: 14:12:28.719: New node: IPv6: fe80::13fb:a58d:93ba:8515. Number of nodes 71
EtherApe-INFO: 14:12:28.719: New node: IPv6: ff02::2. Number of nodes 72
EtherApe-INFO: 14:12:45.616: New node: IP: 35.201.103.21. Number of nodes 73
EtherApe-INFO: 14:12:45.871: New node: IP: 2.21.173.112. Number of nodes 74
EtherApe-INFO: 14:12:45.873: New node: IP: 34.98.75.36. Number of nodes 75
EtherApe-INFO: 14:12:54.319: New node: IP: 35.244.181.201. Number of nodes 76
EtherApe-INFO: 14:13:25.310: delete node: IP: 62.182.19.39. Number of nodes 75
EtherApe-INFO: 14:13:25.631: delete node: IP: 3.123.87.71. Number of nodes 74
EtherApe-INFO: 14:13:31.011: delete node: IP: 13.50.59.253. Number of nodes 73
EtherApe-INFO: 14:13:35.383: delete node: IP: 193.34.168.232. Number of nodes 72
EtherApe-INFO: 14:13:36.046: New node: IP: 2.21.89.82. Number of nodes 73
EtherApe-INFO: 14:13:37.595: delete node: IP: 155.133.226.78. Number of nodes 72
EtherApe-INFO: 14:13:38.117: delete node: IP: 193.34.169.17. Number of nodes 71
EtherApe-INFO: 14:13:38.117: delete node: IP: 193.34.169.16. Number of nodes 70
EtherApe-INFO: 14:13:39.378: delete node: IP: 155.133.226.75. Number of nodes 69
EtherApe-INFO: 14:13:39.900: delete node: IP: 155.133.252.39. Number of nodes 68
EtherApe-INFO: 14:13:44.766: New node: IP: 18.66.89.64. Number of nodes 69
EtherApe-INFO: 14:13:46.030: New node: IP: 108.138.14.34. Number of nodes 70
EtherApe-INFO: 14:13:46.031: New node: IP: 108.138.44.49. Number of nodes 71
EtherApe-INFO: 14:13:46.798: New node: IP: 34.120.195.249. Number of nodes 72
EtherApe-INFO: 14:13:47.054: New node: IP: 2.21.173.154. Number of nodes 73
EtherApe-INFO: 14:13:47.312: New node: IP: 18.66.89.34. Number of nodes 74
EtherApe-INFO: 14:13:47.312: New node: IP: 142.250.75.8. Number of nodes 75
EtherApe-INFO: 14:13:47.312: New node: IP: 104.18.36.10. Number of nodes 76
EtherApe-INFO: 14:13:47.314: New node: IP: 213.227.142.34. Number of nodes 77
EtherApe-INFO: 14:13:47.579: New node: IP: 54.217.81.186. Number of nodes 78
EtherApe-INFO: 14:13:48.079: New node: IP: 18.66.97.15. Number of nodes 79
EtherApe-INFO: 14:13:51.930: delete node: IP: 91.236.251.31. Number of nodes 78
EtherApe-INFO: 14:13:56.527: New node: IP: 209.85.233.156. Number of nodes 79
EtherApe-INFO: 14:13:56.787: New node: IP: 142.250.203.131. Number of nodes 80
EtherApe-INFO: 14:13:56.788: New node: IP: 152.199.19.161. Number of nodes 81
EtherApe-INFO: 14:13:57.043: New node: IP: 18.66.147.36. Number of nodes 82
EtherApe-INFO: 14:14:00.110: New node: IP: 91.236.251.31. Number of nodes 83
EtherApe-INFO: 14:14:03.954: New node: IP: 104.237.62.211. Number of nodes 84
EtherApe-INFO: 14:14:04.055: delete node: IP: 2.21.89.89. Number of nodes 83
EtherApe-INFO: 14:14:04.975: New node: IP: 76.223.31.44. Number of nodes 84
EtherApe-INFO: 14:14:05.744: New node: IP: 99.83.228.14. Number of nodes 85
EtherApe-INFO: 14:14:05.999: New node: IP: 172.64.151.246. Number of nodes 86
EtherApe-INFO: 14:14:07.022: New node: IP: 172.65.201.188. Number of nodes 87
EtherApe-INFO: 14:14:07.032: delete node: IP: 2.21.89.43. Number of nodes 86
EtherApe-INFO: 14:14:08.333: delete node: IP: 23.218.169.68. Number of nodes 85
EtherApe-INFO: 14:14:13.680: New node: IP: 18.66.112.43. Number of nodes 86
EtherApe-INFO: 14:14:18.333: delete node: IP: 149.154.167.216. Number of nodes 85
EtherApe-INFO: 14:14:18.333: delete node: IP: 62.140.236.154. Number of nodes 84
EtherApe-INFO: 14:14:20.847: New node: IP: 13.248.151.210. Number of nodes 85
EtherApe-INFO: 14:14:21.104: New node: IP: 35.188.42.15. Number of nodes 86
EtherApe-INFO: 14:14:21.189: delete node: IP: 52.222.226.205. Number of nodes 85
EtherApe-INFO: 14:14:22.640: New node: IP: 18.66.112.39. Number of nodes 86
EtherApe-INFO: 14:14:23.153: New node: IP: 76.223.92.61. Number of nodes 87
EtherApe-INFO: 14:14:25.199: New node: IP: 18.66.112.109. Number of nodes 88
EtherApe-INFO: 14:14:26.271: delete node: IP: 99.86.4.78. Number of nodes 87
EtherApe-INFO: 14:14:27.070: delete node: IP: 172.64.155.188. Number of nodes 86
EtherApe-INFO: 14:14:30.118: delete node: IPv6: ff02::2. Number of nodes 85
EtherApe-INFO: 14:14:30.118: delete node: IPv6: fe80::13fb:a58d:93ba:8515. Number of nodes 84
EtherApe-INFO: 14:14:34.928: New node: IP: 52.206.22.57. Number of nodes 85
EtherApe-INFO: 14:14:56.306: New node: IP: 149.154.167.216. Number of nodes 86
EtherApe-INFO: 14:15:11.455: delete node: IP: 34.107.221.82. Number of nodes 85
EtherApe-INFO: 14:15:13.471: delete node: IP: 104.18.13.33. Number of nodes 84
EtherApe-INFO: 14:15:13.472: delete node: IP: 35.241.9.150. Number of nodes 83
EtherApe-INFO: 14:15:13.472: delete node: IP: 34.120.208.123. Number of nodes 82
EtherApe-INFO: 14:15:13.472: delete node: IP: 34.117.65.55. Number of nodes 81
EtherApe-INFO: 14:15:14.526: delete node: IP: 108.138.17.43. Number of nodes 80
EtherApe-INFO: 14:15:14.526: delete node: IP: 104.16.99.56. Number of nodes 79
EtherApe-INFO: 14:15:16.530: delete node: IP: 104.18.14.117. Number of nodes 78
EtherApe-INFO: 14:15:17.377: delete node: IP: 142.250.186.206. Number of nodes 77
EtherApe-INFO: 14:15:17.377: delete node: IP: 108.138.53.154. Number of nodes 76
EtherApe-INFO: 14:15:17.377: delete node: IP: 18.66.98.108. Number of nodes 75
EtherApe-INFO: 14:15:18.332: delete node: IP: 151.101.193.208. Number of nodes 74
EtherApe-INFO: 14:15:19.394: delete node: IP: 172.67.209.148. Number of nodes 73
EtherApe-INFO: 14:15:19.394: delete node: IP: 142.250.203.195. Number of nodes 72
EtherApe-INFO: 14:15:19.394: delete node: IP: 104.21.75.3. Number of nodes 71
EtherApe-INFO: 14:15:19.394: delete node: IP: 18.244.102.123. Number of nodes 70
EtherApe-INFO: 14:15:19.604: delete node: IP: 52.44.83.158. Number of nodes 69
EtherApe-INFO: 14:15:21.487: delete node: IP: 172.64.147.123. Number of nodes 68
EtherApe-INFO: 14:15:22.431: delete node: IP: 104.26.10.123. Number of nodes 67
EtherApe-INFO: 14:15:22.431: delete node: IP: 18.66.130.57. Number of nodes 66
EtherApe-INFO: 14:15:22.672: New node: IP: 34.117.65.55. Number of nodes 67
EtherApe-INFO: 14:15:23.484: delete node: IP: 142.250.75.10. Number of nodes 66
EtherApe-INFO: 14:15:24.541: delete node: IP: 216.58.215.106. Number of nodes 65
EtherApe-INFO: 14:15:24.541: delete node: IP: 216.58.208.206. Number of nodes 64
EtherApe-INFO: 14:15:24.541: delete node: IP: 172.217.16.14. Number of nodes 63
EtherApe-INFO: 14:15:25.488: delete node: IP: 104.17.32.105. Number of nodes 62
EtherApe-INFO: 14:15:28.336: delete node: IP: 13.32.103.37. Number of nodes 61
EtherApe-INFO: 14:15:39.825: New node: IP: 95.216.195.133. Number of nodes 62
EtherApe-INFO: 14:15:45.493: delete node: IP: 199.232.18.133. Number of nodes 61
EtherApe-INFO: 14:15:47.065: delete node: IP: 2.21.173.154. Number of nodes 60
EtherApe-INFO: 14:15:47.275: delete node: IP: 34.120.195.249. Number of nodes 59
EtherApe-INFO: 14:15:55.259: delete node: IP: 2.21.89.48. Number of nodes 58
EtherApe-INFO: 14:15:56.306: delete node: IP: 2.21.89.82. Number of nodes 57
EtherApe-INFO: 14:15:57.253: delete node: IP: 108.138.44.49. Number of nodes 56
EtherApe-INFO: 14:15:57.253: delete node: IP: 108.138.14.34. Number of nodes 55
EtherApe-INFO: 14:15:57.253: delete node: IP: 18.66.89.64. Number of nodes 54
EtherApe-INFO: 14:15:58.257: New node: IP: 142.250.203.195. Number of nodes 55
EtherApe-INFO: 14:16:00.052: New node: IP: 18.66.89.64. Number of nodes 56
EtherApe-INFO: 14:16:00.052: New node: IP: 108.138.14.34. Number of nodes 57
EtherApe-INFO: 14:16:00.097: delete node: IP: 91.236.251.31. Number of nodes 56
EtherApe-INFO: 14:16:06.213: delete node: IP: 172.64.151.246. Number of nodes 55
EtherApe-INFO: 14:16:06.526: delete node: IP: 104.237.62.211. Number of nodes 54
EtherApe-INFO: 14:16:09.271: delete node: IP: 192.178.25.161. Number of nodes 53
EtherApe-INFO: 14:16:12.428: delete node: IP: 142.250.203.138. Number of nodes 52
EtherApe-INFO: 14:16:17.796: delete node: IP: 213.227.142.34. Number of nodes 51
EtherApe-INFO: 14:16:20.848: delete node: IP: 76.223.31.44. Number of nodes 50
EtherApe-INFO: 14:16:21.059: delete node: IP: 13.248.151.210. Number of nodes 49
EtherApe-INFO: 14:16:23.382: delete node: IP: 18.66.112.39. Number of nodes 48
EtherApe-INFO: 14:16:25.686: delete node: IP: 18.66.112.43. Number of nodes 47
EtherApe-INFO: 14:16:33.857: delete node: IP: 2.21.173.58. Number of nodes 46
EtherApe-INFO: 14:16:35.646: delete node: IP: 52.206.22.57. Number of nodes 45
EtherApe-INFO: 14:16:36.912: New node: IPv6: fe80::13fb:a58d:93ba:8515. Number of nodes 46
EtherApe-INFO: 14:16:36.912: New node: IPv6: ff02::2. Number of nodes 47
EtherApe-INFO: 14:16:41.526: delete node: IP: 2.21.173.112. Number of nodes 46
EtherApe-INFO: 14:16:43.640: delete node: IP: 142.250.186.195. Number of nodes 45
EtherApe-INFO: 14:16:49.506: delete node: IP: 192.229.221.95. Number of nodes 44
EtherApe-INFO: 14:17:12.567: delete node: IP: 149.154.167.216. Number of nodes 43
EtherApe-INFO: 14:17:20.946: New node: IP: 13.248.151.210. Number of nodes 44
EtherApe-INFO: 14:17:22.822: delete node: IP: 34.117.65.55. Number of nodes 43
EtherApe-INFO: 14:17:36.347: delete node: IP: 35.201.103.21. Number of nodes 42
EtherApe-INFO: 14:17:36.347: delete node: IP: 34.98.75.36. Number of nodes 41
EtherApe-INFO: 14:17:37.083: delete node: IP: 35.188.42.15. Number of nodes 40
EtherApe-INFO: 14:17:40.216: delete node: IP: 95.216.195.133. Number of nodes 39
EtherApe-INFO: 14:17:43.045: delete node: IP: 152.199.19.161. Number of nodes 38
EtherApe-INFO: 14:17:45.558: delete node: IP: 35.244.181.201. Number of nodes 37
EtherApe-INFO: 14:17:45.558: delete node: IP: 34.160.144.191. Number of nodes 36
EtherApe-INFO: 14:18:00.478: delete node: IP: 108.138.14.34. Number of nodes 35
EtherApe-INFO: 14:18:00.478: delete node: IP: 18.66.89.64. Number of nodes 34
EtherApe-INFO: 14:18:16.242: New node: IP: 91.236.251.31. Number of nodes 35
EtherApe-INFO: 14:18:23.152: New node: IP: 18.66.112.39. Number of nodes 36
EtherApe-INFO: 14:18:25.462: New node: IP: 18.66.112.43. Number of nodes 37
EtherApe-INFO: 14:18:36.991: delete node: IPv6: ff02::2. Number of nodes 36
EtherApe-INFO: 14:18:36.991: delete node: IPv6: fe80::13fb:a58d:93ba:8515. Number of nodes 35
EtherApe-INFO: 14:18:46.449: New node: IP: 108.138.44.58. Number of nodes 36
EtherApe-INFO: 14:18:46.449: New node: IP: 18.66.224.46. Number of nodes 37
EtherApe-INFO: 14:18:46.450: New node: IP: 18.66.89.47. Number of nodes 38
EtherApe-INFO: 14:19:21.015: delete node: IP: 13.248.151.210. Number of nodes 37
EtherApe-INFO: 14:19:31.248: New node: IP: 149.154.167.216. Number of nodes 38
EtherApe-INFO: 14:19:48.413: delete node: IP: 18.66.97.15. Number of nodes 37
EtherApe-INFO: 14:19:56.860: delete node: IP: 209.85.233.156. Number of nodes 36
EtherApe-INFO: 14:19:56.860: delete node: IP: 142.250.203.132. Number of nodes 35
EtherApe-INFO: 14:19:56.860: delete node: IP: 142.250.203.131. Number of nodes 34
EtherApe-INFO: 14:19:56.860: delete node: IP: 142.250.75.8. Number of nodes 33
EtherApe-INFO: 14:19:57.172: delete node: IP: 142.250.75.14. Number of nodes 32
EtherApe-INFO: 14:19:57.380: delete node: IP: 18.66.147.36. Number of nodes 31
EtherApe-INFO: 14:20:01.200: New node: IP: 18.66.89.64. Number of nodes 32
EtherApe-INFO: 14:20:16.378: delete node: IP: 91.236.251.31. Number of nodes 31
EtherApe-INFO: 14:20:20.915: New node: IP: 13.248.151.210. Number of nodes 32
EtherApe-INFO: 14:20:22.959: New node: IP: 34.117.65.55. Number of nodes 33
EtherApe-INFO: 14:20:23.265: delete node: IP: 18.66.112.39. Number of nodes 32
EtherApe-INFO: 14:20:23.473: delete node: IP: 104.18.37.23. Number of nodes 31
EtherApe-INFO: 14:20:25.882: delete node: IP: 18.66.112.43. Number of nodes 30
EtherApe-INFO: 14:20:29.360: New node: IP: 104.18.15.117. Number of nodes 31
EtherApe-INFO: 14:20:30.129: New node: IP: 142.250.203.141. Number of nodes 32
EtherApe-INFO: 14:20:39.858: New node: IP: 95.216.195.133. Number of nodes 33
EtherApe-INFO: 14:20:57.534: delete node: IP: 108.138.44.58. Number of nodes 32
EtherApe-INFO: 14:20:57.534: delete node: IP: 18.66.224.46. Number of nodes 31
EtherApe-INFO: 14:20:57.534: delete node: IP: 18.66.89.47. Number of nodes 30
EtherApe-INFO: 14:21:01.184: delete node: IP: 18.66.89.34. Number of nodes 29
EtherApe-INFO: 14:21:12.371: New node: IP: 18.66.224.46. Number of nodes 30
EtherApe-INFO: 14:21:47.036: delete node: IP: 149.154.167.216. Number of nodes 29
EtherApe-INFO: 14:22:06.899: New node: IP: 2.21.173.154. Number of nodes 30
EtherApe-INFO: 14:22:21.001: delete node: IP: 13.248.151.210. Number of nodes 29
EtherApe-INFO: 14:22:23.085: delete node: IP: 34.117.65.55. Number of nodes 28
EtherApe-INFO: 14:22:30.279: delete node: IP: 142.250.203.141. Number of nodes 27
EtherApe-INFO: 14:22:36.847: New node: IP: 172.64.151.246. Number of nodes 28
EtherApe-INFO: 14:22:37.460: delete node: IP: 104.18.36.10. Number of nodes 27
EtherApe-INFO: 14:22:40.787: delete node: IP: 95.216.195.133. Number of nodes 26
EtherApe-INFO: 14:22:45.039: New node: IP: 149.154.171.255. Number of nodes 27
EtherApe-INFO: 14:23:13.000: delete node: IP: 18.66.224.46. Number of nodes 26
EtherApe-INFO: 14:23:20.878: New node: IP: 13.248.151.210. Number of nodes 27
EtherApe-INFO: 14:23:28.047: New node: IP: 142.250.203.197. Number of nodes 28
EtherApe-INFO: 14:23:35.493: delete node: IP: 104.81.107.249. Number of nodes 27
EtherApe-INFO: 14:23:38.094: delete node: IP: 2.21.173.65. Number of nodes 26
EtherApe-INFO: 14:23:46.736: New node: IP: 18.66.224.46. Number of nodes 27
EtherApe-INFO: 14:23:46.736: New node: IP: 108.138.44.63. Number of nodes 28
EtherApe-INFO: 14:24:07.237: delete node: IP: 2.21.173.154. Number of nodes 27
EtherApe-INFO: 14:24:37.455: delete node: IP: 172.64.151.246. Number of nodes 26
EtherApe-INFO: 14:25:01.230: New node: IP: 18.66.89.47. Number of nodes 27
EtherApe-INFO: 14:25:01.231: New node: IPv6: fe80::13fb:a58d:93ba:8515. Number of nodes 28
EtherApe-INFO: 14:25:01.231: New node: IPv6: ff02::2. Number of nodes 29
EtherApe-INFO: 14:25:02.000: delete node: IP: 149.154.171.255. Number of nodes 28
EtherApe-INFO: 14:25:19.218: delete node: IP: 142.250.186.197. Number of nodes 27
EtherApe-INFO: 14:25:20.465: delete node: IP: 104.18.15.117. Number of nodes 26
EtherApe-INFO: 14:25:21.296: delete node: IP: 13.248.151.210. Number of nodes 25
EtherApe-INFO: 14:25:22.990: New node: IP: 34.117.65.55. Number of nodes 26
EtherApe-INFO: 14:25:28.661: delete node: IP: 104.81.130.161. Number of nodes 25
EtherApe-INFO: 14:25:28.661: delete node: IP: 23.45.137.50. Number of nodes 24
EtherApe-INFO: 14:25:32.719: New node: IP: 208.64.203.173. Number of nodes 25
EtherApe-INFO: 14:25:39.886: New node: IP: 95.216.195.133. Number of nodes 26
EtherApe-INFO: 14:25:42.958: New node: IP: 208.64.203.140. Number of nodes 27
EtherApe-INFO: 14:25:58.135: delete node: IP: 108.138.44.63. Number of nodes 26
EtherApe-INFO: 14:25:58.136: delete node: IP: 18.66.224.46. Number of nodes 25
EtherApe-INFO: 14:25:59.086: New node: IP: 149.154.167.216. Number of nodes 26
EtherApe-INFO: 14:26:02.177: delete node: IP: 18.66.89.64. Number of nodes 25
EtherApe-INFO: 14:26:12.910: New node: IP: 18.66.224.46. Number of nodes 26
EtherApe-INFO: 14:26:21.103: New node: IP: 13.248.151.210. Number of nodes 27
EtherApe-INFO: 14:26:48.494: New node: IP: 91.236.251.31. Number of nodes 28
EtherApe-INFO: 14:27:02.064: delete node: IPv6: ff02::2. Number of nodes 27
EtherApe-INFO: 14:27:02.064: delete node: IPv6: fe80::13fb:a58d:93ba:8515. Number of nodes 26
EtherApe-INFO: 14:27:23.122: delete node: IP: 34.117.65.55. Number of nodes 25
EtherApe-INFO: 14:27:34.332: delete node: IP: 208.64.203.173. Number of nodes 24
EtherApe-INFO: 14:27:42.524: delete node: IP: 95.216.195.133. Number of nodes 23
EtherApe-INFO: 14:27:45.115: delete node: IP: 208.64.203.140. Number of nodes 22
EtherApe-INFO: 14:28:13.551: delete node: IP: 18.66.224.46. Number of nodes 21
EtherApe-INFO: 14:28:15.310: delete node: IP: 149.154.167.216. Number of nodes 20
EtherApe-INFO: 14:28:23.286: delete node: IP: 13.248.151.210. Number of nodes 19
EtherApe-INFO: 14:28:47.279: New node: IP: 108.138.14.53. Number of nodes 20
EtherApe-INFO: 14:28:47.279: New node: IP: 13.32.16.64. Number of nodes 21
EtherApe-INFO: 14:28:49.397: delete node: IP: 91.236.251.31. Number of nodes 20
EtherApe-INFO: 14:29:15.951: New node: IP: 142.250.186.195. Number of nodes 21
EtherApe-INFO: 14:29:16.049: delete node: IP: 142.250.203.195. Number of nodes 20
EtherApe-INFO: 14:29:21.070: New node: IP: 13.248.151.210. Number of nodes 21
EtherApe-INFO: 14:30:09.966: New node: IP: 149.154.167.216. Number of nodes 22
EtherApe-INFO: 14:30:23.278: New node: IP: 34.117.65.55. Number of nodes 23
EtherApe-INFO: 14:30:29.423: New node: IP: 104.18.14.117. Number of nodes 24
EtherApe-INFO: 14:30:31.216: New node: IP: 142.250.203.141. Number of nodes 25
EtherApe-INFO: 14:30:39.918: New node: IP: 95.216.195.133. Number of nodes 26
EtherApe-INFO: 14:30:58.146: delete node: IP: 108.138.14.53. Number of nodes 25
EtherApe-INFO: 14:30:58.146: delete node: IP: 13.32.16.64. Number of nodes 24
EtherApe-INFO: 14:31:01.773: delete node: IP: 18.66.89.47. Number of nodes 23
EtherApe-INFO: 14:31:07.311: New node: IP: 104.18.36.10. Number of nodes 24
EtherApe-INFO: 14:31:12.942: New node: IP: 108.138.14.53. Number of nodes 25
EtherApe-INFO: 14:31:21.692: delete node: IP: 13.248.151.210. Number of nodes 24
EtherApe-INFO: 14:32:21.039: New node: IP: 13.248.151.210. Number of nodes 25
EtherApe-INFO: 14:32:23.650: delete node: IP: 34.117.65.55. Number of nodes 24
EtherApe-INFO: 14:32:29.744: New node: IP: 142.250.186.197. Number of nodes 25
EtherApe-INFO: 14:32:31.309: delete node: IP: 142.250.203.141. Number of nodes 24
EtherApe-INFO: 14:32:40.011: delete node: IP: 95.216.195.133. Number of nodes 23
EtherApe-INFO: 14:32:59.281: delete node: IP: 149.154.167.216. Number of nodes 22
EtherApe-INFO: 14:33:08.189: delete node: IP: 104.18.36.10. Number of nodes 21
EtherApe-INFO: 14:33:13.779: delete node: IP: 108.138.14.53. Number of nodes 20
EtherApe-INFO: 14:33:30.414: New node: IP: 149.154.167.216. Number of nodes 21
EtherApe-INFO: 14:33:47.823: New node: IP: 18.66.224.46. Number of nodes 22
EtherApe-INFO: 14:33:47.823: New node: IP: 13.32.16.46. Number of nodes 23
EtherApe-INFO: 14:33:47.823: New node: IP: 18.244.108.64. Number of nodes 24
EtherApe-INFO: 14:33:51.920: New node: IP: 18.66.112.43. Number of nodes 25
EtherApe-INFO: 14:33:52.174: New node: IP: 18.66.112.101. Number of nodes 26
EtherApe-INFO: 14:34:19.858: delete node: IP: 142.250.203.197. Number of nodes 25
EtherApe-INFO: 14:34:23.178: delete node: IP: 13.248.151.210. Number of nodes 24
EtherApe-INFO: 14:34:26.479: New node: IP: 54.173.3.133. Number of nodes 25
EtherApe-INFO: 14:35:20.845: delete node: IP: 104.18.14.117. Number of nodes 24
EtherApe-INFO: 14:35:21.007: New node: IP: 13.248.151.210. Number of nodes 25
EtherApe-INFO: 14:35:23.310: New node: IP: 34.117.65.55. Number of nodes 26
EtherApe-INFO: 14:35:39.951: New node: IP: 95.216.195.133. Number of nodes 27
EtherApe-INFO: 14:35:58.398: delete node: IP: 18.244.108.64. Number of nodes 26
EtherApe-INFO: 14:35:58.398: delete node: IP: 18.66.224.46. Number of nodes 25
EtherApe-INFO: 14:35:58.398: delete node: IP: 13.32.16.46. Number of nodes 24
EtherApe-INFO: 14:36:13.486: New node: IP: 18.66.224.46. Number of nodes 25
EtherApe-INFO: 14:36:41.393: delete node: IP: 149.154.167.216. Number of nodes 24
EtherApe-INFO: 14:36:54.011: delete node: IP: 18.66.112.109. Number of nodes 23
EtherApe-INFO: 14:36:55.565: delete node: IP: 18.66.112.43. Number of nodes 22
EtherApe-INFO: 14:37:21.429: delete node: IP: 13.248.151.210. Number of nodes 21
EtherApe-INFO: 14:37:23.707: delete node: IP: 34.117.65.55. Number of nodes 20
EtherApe-INFO: 14:37:40.348: delete node: IP: 95.216.195.133. Number of nodes 19
EtherApe-INFO: 14:37:50.254: New node: IP: 149.154.167.216. Number of nodes 20
EtherApe-INFO: 14:37:52.302: New node: IP: 18.66.112.109. Number of nodes 21
EtherApe-INFO: 14:38:13.579: delete node: IP: 18.66.224.46. Number of nodes 20
EtherApe-INFO: 14:38:20.975: New node: IP: 13.248.151.210. Number of nodes 21
EtherApe-INFO: 14:38:25.685: delete node: IP: 54.173.3.133. Number of nodes 20
EtherApe-INFO: 14:38:33.776: New node: IP: 172.217.16.42. Number of nodes 21
EtherApe-INFO: 14:38:34.798: New node: IP: 18.66.112.39. Number of nodes 22
EtherApe-INFO: 14:38:48.624: New node: IP: 18.66.89.38. Number of nodes 23
EtherApe-INFO: 14:38:48.624: New node: IP: 18.66.224.56. Number of nodes 24
EtherApe-INFO: 14:38:48.624: New node: IP: 108.138.44.58. Number of nodes 25
EtherApe-INFO: 14:39:37.775: New node: IP: 104.18.36.10. Number of nodes 26
EtherApe-INFO: 14:39:53.159: delete node: IP: 142.250.186.197. Number of nodes 25
EtherApe-INFO: 14:40:01.071: New node: IP: 18.244.108.46. Number of nodes 26
EtherApe-INFO: 14:40:01.583: New node: IP: 142.250.203.197. Number of nodes 27
EtherApe-INFO: 14:40:21.615: delete node: IP: 13.248.151.210. Number of nodes 26
EtherApe-INFO: 14:40:23.086: New node: IP: 34.117.65.55. Number of nodes 27
EtherApe-INFO: 14:40:29.743: New node: IP: 104.18.14.117. Number of nodes 28
EtherApe-INFO: 14:40:32.302: New node: IP: 142.250.203.141. Number of nodes 29
EtherApe-INFO: 14:40:36.232: delete node: IP: 18.66.112.109. Number of nodes 28
EtherApe-INFO: 14:40:39.982: New node: IP: 95.216.195.133. Number of nodes 29
EtherApe-INFO: 14:40:42.857: delete node: IP: 104.16.248.249. Number of nodes 28
EtherApe-INFO: 14:40:58.712: delete node: IP: 108.138.44.58. Number of nodes 27
EtherApe-INFO: 14:40:58.713: delete node: IP: 18.66.224.56. Number of nodes 26
EtherApe-INFO: 14:40:58.713: delete node: IP: 18.66.89.38. Number of nodes 25
EtherApe-INFO: 14:41:13.519: New node: IP: 18.66.224.56. Number of nodes 26
EtherApe-INFO: 14:41:20.942: New node: IP: 13.248.151.210. Number of nodes 27
EtherApe-INFO: 14:41:41.523: delete node: IP: 104.18.36.10. Number of nodes 26
EtherApe-INFO: 14:41:42.975: delete node: IP: 18.66.112.39. Number of nodes 25
EtherApe-INFO: 14:42:05.998: New node: IPv6: fe80::13fb:a58d:93ba:8515. Number of nodes 26
EtherApe-INFO: 14:42:05.998: New node: IPv6: ff02::2. Number of nodes 27
EtherApe-INFO: 14:42:23.701: delete node: IP: 149.154.167.216. Number of nodes 26
EtherApe-INFO: 14:42:23.701: delete node: IP: 34.117.65.55. Number of nodes 25
EtherApe-INFO: 14:42:32.391: delete node: IP: 142.250.203.141. Number of nodes 24
EtherApe-INFO: 14:42:35.950: New node: IP: 18.66.112.109. Number of nodes 25
EtherApe-INFO: 14:42:41.108: delete node: IP: 95.216.195.133. Number of nodes 24
EtherApe-INFO: 14:43:16.209: delete node: IP: 18.66.224.56. Number of nodes 23
EtherApe-INFO: 14:43:21.581: delete node: IP: 13.248.151.210. Number of nodes 22
EtherApe-INFO: 14:43:25.412: delete node: IP: 172.217.16.42. Number of nodes 21
EtherApe-INFO: 14:43:48.912: New node: IP: 13.32.16.47. Number of nodes 22
EtherApe-INFO: 14:43:48.912: New node: IP: 108.138.14.64. Number of nodes 23
EtherApe-INFO: 14:43:48.912: New node: IP: 18.66.89.34. Number of nodes 24
EtherApe-INFO: 14:43:52.751: New node: IP: 91.236.251.31. Number of nodes 25
EtherApe-INFO: 14:44:07.365: delete node: IPv6: ff02::2. Number of nodes 24
EtherApe-INFO: 14:44:07.365: delete node: IPv6: fe80::13fb:a58d:93ba:8515. Number of nodes 23
EtherApe-INFO: 14:44:20.910: New node: IP: 13.248.151.210. Number of nodes 24
EtherApe-INFO: 14:44:37.338: delete node: IP: 18.66.112.109. Number of nodes 23
EtherApe-INFO: 14:44:53.713: delete node: IP: 142.250.203.197. Number of nodes 22
EtherApe-INFO: 14:45:02.128: New node: IP: 142.250.186.197. Number of nodes 23
EtherApe-INFO: 14:45:20.586: delete node: IP: 104.18.14.117. Number of nodes 22
EtherApe-INFO: 14:45:23.886: New node: IP: 34.117.65.55. Number of nodes 23
EtherApe-INFO: 14:45:39.759: New node: IP: 95.216.195.133. Number of nodes 24
EtherApe-INFO: 14:45:52.899: delete node: IP: 91.236.251.31. Number of nodes 23
EtherApe-INFO: 14:45:59.524: delete node: IP: 108.138.14.64. Number of nodes 22
EtherApe-INFO: 14:45:59.524: delete node: IP: 18.66.89.34. Number of nodes 21
EtherApe-INFO: 14:45:59.524: delete node: IP: 13.32.16.47. Number of nodes 20
EtherApe-INFO: 14:46:02.633: delete node: IP: 18.244.108.46. Number of nodes 19
EtherApe-INFO: 14:46:09.967: New node: IP: 18.66.112.109. Number of nodes 20
EtherApe-INFO: 14:46:13.806: New node: IP: 108.138.14.64. Number of nodes 21
EtherApe-INFO: 14:46:21.588: delete node: IP: 13.248.151.210. Number of nodes 20
EtherApe-INFO: 14:47:05.263: New node: IP: 149.154.167.216. Number of nodes 21
EtherApe-INFO: 14:47:20.878: New node: IP: 13.248.151.210. Number of nodes 22
EtherApe-INFO: 14:47:25.561: delete node: IP: 34.117.65.55. Number of nodes 21
EtherApe-INFO: 14:47:42.955: delete node: IP: 95.216.195.133. Number of nodes 20
EtherApe-INFO: 14:48:07.983: New node: IP: 172.64.151.246. Number of nodes 21
EtherApe-INFO: 14:48:14.138: delete node: IP: 108.138.14.64. Number of nodes 20
EtherApe-INFO: 14:48:49.454: New node: IP: 13.32.16.46. Number of nodes 21
EtherApe-INFO: 14:48:49.455: New node: IP: 108.138.14.64. Number of nodes 22
EtherApe-INFO: 14:48:49.455: New node: IP: 18.244.108.46. Number of nodes 23
EtherApe-INFO: 14:49:20.963: delete node: IP: 149.154.167.216. Number of nodes 22
EtherApe-INFO: 14:49:20.963: delete node: IP: 13.248.151.210. Number of nodes 21
EtherApe-INFO: 14:49:53.298: delete node: IP: 142.250.186.197. Number of nodes 20
EtherApe-INFO: 14:50:02.671: New node: IP: 142.250.203.197. Number of nodes 21
EtherApe-INFO: 14:50:09.883: delete node: IP: 172.64.151.246. Number of nodes 20
EtherApe-INFO: 14:50:20.846: New node: IP: 13.248.151.210. Number of nodes 21
EtherApe-INFO: 14:50:23.918: New node: IP: 34.117.65.55. Number of nodes 22
EtherApe-INFO: 14:50:29.807: New node: IP: 104.18.14.117. Number of nodes 23
EtherApe-INFO: 14:50:33.135: New node: IP: 142.250.203.141. Number of nodes 24
EtherApe-INFO: 14:50:39.790: New node: IP: 95.216.195.133. Number of nodes 25
EtherApe-INFO: 14:50:59.092: delete node: IP: 18.244.108.46. Number of nodes 24
EtherApe-INFO: 14:50:59.092: delete node: IP: 13.32.16.46. Number of nodes 23
EtherApe-INFO: 14:50:59.300: delete node: IP: 108.138.14.64. Number of nodes 22
EtherApe-INFO: 14:51:12.352: delete node: IP: 18.66.112.109. Number of nodes 21
EtherApe-INFO: 14:51:14.094: New node: IP: 108.138.14.64. Number of nodes 22
EtherApe-INFO: 14:51:48.911: New node: IP: 54.146.206.47. Number of nodes 23
EtherApe-INFO: 14:52:21.242: delete node: IP: 13.248.151.210. Number of nodes 22
EtherApe-INFO: 14:52:25.585: delete node: IP: 34.117.65.55. Number of nodes 21
EtherApe-INFO: 14:52:34.803: delete node: IP: 142.250.203.141. Number of nodes 20
EtherApe-INFO: 14:52:40.910: delete node: IP: 95.216.195.133. Number of nodes 19
EtherApe-INFO: 14:53:05.454: New node: IP: 149.154.167.216. Number of nodes 20
EtherApe-INFO: 14:53:14.421: delete node: IP: 108.138.14.64. Number of nodes 19
EtherApe-INFO: 14:53:21.070: New node: IP: 13.248.151.210. Number of nodes 20
EtherApe-INFO: 14:53:49.744: New node: IP: 18.66.224.58. Number of nodes 21
EtherApe-INFO: 14:53:49.744: New node: IP: 108.138.44.58. Number of nodes 22
EtherApe-INFO: 14:53:49.744: New node: IP: 18.66.89.38. Number of nodes 23
EtherApe-INFO: 14:54:49.977: delete node: IP: 54.146.206.47. Number of nodes 22
EtherApe-INFO: 14:54:53.491: delete node: IP: 142.250.203.197. Number of nodes 21
EtherApe-INFO: 14:55:01.167: New node: IP: 18.244.108.46. Number of nodes 22
EtherApe-INFO: 14:55:01.249: delete node: IP: 18.66.112.101. Number of nodes 21
EtherApe-INFO: 14:55:02.960: New node: IP: 142.250.203.197. Number of nodes 22
EtherApe-INFO: 14:55:07.822: New node: IP: 18.66.112.101. Number of nodes 23
EtherApe-INFO: 14:55:20.891: delete node: IP: 149.154.167.216. Number of nodes 22
EtherApe-INFO: 14:55:21.201: delete node: IP: 104.18.14.117. Number of nodes 21
EtherApe-INFO: 14:55:21.201: delete node: IP: 13.248.151.210. Number of nodes 20
EtherApe-INFO: 14:55:24.206: New node: IP: 34.117.65.55. Number of nodes 21
EtherApe-INFO: 14:55:25.743: New node: IP: 54.146.206.47. Number of nodes 22
EtherApe-INFO: 14:55:39.822: New node: IP: 95.216.195.133. Number of nodes 23
EtherApe-INFO: 14:56:01.667: delete node: IP: 108.138.44.58. Number of nodes 22
EtherApe-INFO: 14:56:01.667: delete node: IP: 18.66.224.58. Number of nodes 21
EtherApe-INFO: 14:56:01.667: delete node: IP: 18.66.89.38. Number of nodes 20
EtherApe-INFO: 14:56:14.382: New node: IP: 18.66.224.58. Number of nodes 21
EtherApe-INFO: 14:56:21.039: New node: IP: 13.248.151.210. Number of nodes 22
EtherApe-INFO: 14:56:38.192: New node: IP: 104.18.36.10. Number of nodes 23
EtherApe-INFO: 14:56:38.193: New node: IP: 149.154.167.216. Number of nodes 24
EtherApe-INFO: 14:57:17.615: New node: IP: 142.250.203.195. Number of nodes 25
EtherApe-INFO: 14:57:17.705: delete node: IP: 142.250.186.195. Number of nodes 24
EtherApe-INFO: 14:57:24.334: delete node: IP: 34.117.65.55. Number of nodes 23
EtherApe-INFO: 14:57:41.515: delete node: IP: 95.216.195.133. Number of nodes 22
EtherApe-INFO: 14:58:14.805: delete node: IP: 18.66.224.58. Number of nodes 21
EtherApe-INFO: 14:58:20.590: New node: IP: 44.206.187.39. Number of nodes 22
EtherApe-INFO: 14:58:21.114: delete node: IP: 13.248.151.210. Number of nodes 21
EtherApe-INFO: 14:58:39.307: delete node: IP: 104.18.36.10. Number of nodes 20
EtherApe-INFO: 14:58:50.032: New node: IP: 108.138.14.64. Number of nodes 21
EtherApe-INFO: 14:58:50.032: New node: IP: 13.32.16.47. Number of nodes 22
EtherApe-INFO: 14:58:50.032: New node: IP: 18.244.108.64. Number of nodes 23
EtherApe-INFO: 14:58:52.133: delete node: IP: 18.66.112.101. Number of nodes 22
EtherApe-INFO: 14:59:03.120: delete node: IP: 54.146.206.47. Number of nodes 21
EtherApe-INFO: 14:59:09.998: New node: IP: 18.66.112.101. Number of nodes 22
EtherApe-INFO: 14:59:21.007: New node: IP: 13.248.151.210. Number of nodes 23
EtherApe-INFO: 14:59:53.798: delete node: IP: 142.250.203.197. Number of nodes 22
EtherApe-INFO: 15:00:03.247: New node: IP: 142.250.186.197. Number of nodes 23
EtherApe-INFO: 15:00:24.238: New node: IP: 34.117.65.55. Number of nodes 24
EtherApe-INFO: 15:00:29.872: New node: IP: 104.18.14.117. Number of nodes 25
EtherApe-INFO: 15:00:33.968: New node: IP: 142.250.203.141. Number of nodes 26
EtherApe-INFO: 15:00:39.855: New node: IP: 95.216.195.133. Number of nodes 27
EtherApe-INFO: 15:00:53.245: delete node: IP: 149.154.167.216. Number of nodes 26
EtherApe-INFO: 15:01:00.908: delete node: IP: 108.138.14.64. Number of nodes 25
EtherApe-INFO: 15:01:00.908: delete node: IP: 18.244.108.64. Number of nodes 24
EtherApe-INFO: 15:01:00.908: delete node: IP: 13.32.16.47. Number of nodes 23
EtherApe-INFO: 15:01:02.148: delete node: IP: 18.244.108.46. Number of nodes 22
EtherApe-INFO: 15:01:10.106: delete node: IP: 18.66.112.101. Number of nodes 21
EtherApe-INFO: 15:01:14.415: New node: IP: 108.138.14.64. Number of nodes 22
EtherApe-INFO: 15:01:21.073: delete node: IP: 13.248.151.210. Number of nodes 21
EtherApe-INFO: 15:01:21.899: delete node: IP: 44.206.187.39. Number of nodes 20
EtherApe-INFO: 15:02:20.974: New node: IP: 13.248.151.210. Number of nodes 21
EtherApe-INFO: 15:02:24.660: delete node: IP: 34.117.65.55. Number of nodes 20
EtherApe-INFO: 15:02:35.624: delete node: IP: 142.250.203.141. Number of nodes 19
EtherApe-INFO: 15:02:40.994: delete node: IP: 95.216.195.133. Number of nodes 18
EtherApe-INFO: 15:03:05.006: New node: IP: 149.154.167.216. Number of nodes 19
EtherApe-INFO: 15:03:10.126: New node: IP: 18.66.112.101. Number of nodes 20
EtherApe-INFO: 15:03:15.017: delete node: IP: 108.138.14.64. Number of nodes 19
EtherApe-INFO: 15:03:50.320: New node: IP: 13.32.16.47. Number of nodes 20
EtherApe-INFO: 15:03:50.575: New node: IP: 18.244.108.61. Number of nodes 21
EtherApe-INFO: 15:03:50.575: New node: IP: 18.66.224.56. Number of nodes 22
EtherApe-INFO: 15:03:56.463: New node: IP: 44.206.187.39. Number of nodes 23
EtherApe-INFO: 15:04:21.365: delete node: IP: 13.248.151.210. Number of nodes 22
EtherApe-INFO: 15:04:33.582: New node: IP: 18.66.112.43. Number of nodes 23
EtherApe-INFO: 15:04:47.918: New node: IP: 3.232.160.70. Number of nodes 24
EtherApe-INFO: 15:04:54.615: delete node: IP: 142.250.186.197. Number of nodes 23
EtherApe-INFO: 15:05:03.791: New node: IP: 142.250.203.197. Number of nodes 24
EtherApe-INFO: 15:05:08.654: New node: IP: 172.64.151.246. Number of nodes 25
EtherApe-INFO: 15:05:20.942: New node: IP: 13.248.151.210. Number of nodes 26
EtherApe-INFO: 15:05:21.027: delete node: IP: 149.154.167.216. Number of nodes 25
EtherApe-INFO: 15:05:21.027: delete node: IP: 104.18.14.117. Number of nodes 24
EtherApe-INFO: 15:05:24.526: New node: IP: 34.117.65.55. Number of nodes 25
EtherApe-INFO: 15:05:39.886: New node: IP: 95.216.195.133. Number of nodes 26
EtherApe-INFO: 15:06:00.641: delete node: IP: 18.244.108.61. Number of nodes 25
EtherApe-INFO: 15:06:00.641: delete node: IP: 18.66.224.56. Number of nodes 24
EtherApe-INFO: 15:06:00.641: delete node: IP: 13.32.16.47. Number of nodes 23
EtherApe-INFO: 15:06:14.703: New node: IP: 18.66.224.56. Number of nodes 24
EtherApe-INFO: 15:06:33.903: New node: IP: 192.178.25.170. Number of nodes 25
EtherApe-INFO: 15:06:59.503: New node: IP: 35.188.42.15. Number of nodes 26
EtherApe-INFO: 15:07:09.814: delete node: IP: 172.64.151.246. Number of nodes 25
EtherApe-INFO: 15:07:12.302: New node: IP: 2.21.173.154. Number of nodes 26
EtherApe-INFO: 15:07:12.302: New node: IP: 18.66.112.39. Number of nodes 27
EtherApe-INFO: 15:07:12.303: New node: IP: 18.66.112.109. Number of nodes 28
EtherApe-INFO: 15:07:12.814: New node: IP: 18.66.89.34. Number of nodes 29
EtherApe-INFO: 15:07:15.119: New node: IP: 192.178.25.174. Number of nodes 30
EtherApe-INFO: 15:07:16.399: New node: IP: 34.120.195.249. Number of nodes 31
EtherApe-INFO: 15:07:17.422: New node: IP: 104.81.130.161. Number of nodes 32
EtherApe-INFO: 15:07:21.520: New node: IP: 34.120.208.123. Number of nodes 33
EtherApe-INFO: 15:07:23.057: New node: IP: 192.178.25.161. Number of nodes 34
EtherApe-INFO: 15:07:23.057: New node: IP: 172.217.16.1. Number of nodes 35
EtherApe-INFO: 15:07:23.059: New node: IP: 172.217.16.42. Number of nodes 36
EtherApe-INFO: 15:07:24.337: New node: IP: 142.250.203.193. Number of nodes 37
EtherApe-INFO: 15:07:24.337: New node: IP: 142.250.203.129. Number of nodes 38
EtherApe-INFO: 15:07:24.593: delete node: IP: 34.117.65.55. Number of nodes 37
EtherApe-INFO: 15:07:28.179: New node: IP: 216.58.208.193. Number of nodes 38
EtherApe-INFO: 15:07:28.437: New node: IP: 142.250.186.195. Number of nodes 39
EtherApe-INFO: 15:07:30.765: delete node: IP: 44.206.187.39. Number of nodes 38
EtherApe-INFO: 15:07:34.296: New node: IP: 216.58.208.206. Number of nodes 39
EtherApe-INFO: 15:07:40.219: delete node: IP: 95.216.195.133. Number of nodes 38
EtherApe-INFO: 15:07:48.368: New node: IP: 149.154.167.216. Number of nodes 39
EtherApe-INFO: 15:08:05.625: New node: IP: 149.154.167.92. Number of nodes 40
EtherApe-INFO: 15:08:14.734: delete node: IP: 18.66.224.56. Number of nodes 39
EtherApe-INFO: 15:09:13.002: delete node: IP: 172.65.201.188. Number of nodes 38
EtherApe-INFO: 15:09:13.002: delete node: IP: 99.83.228.14. Number of nodes 37
EtherApe-INFO: 15:09:13.002: delete node: IP: 76.223.92.61. Number of nodes 36
EtherApe-INFO: 15:09:13.002: delete node: IP: 13.248.151.210. Number of nodes 35
EtherApe-INFO: 15:09:13.002: delete node: IP: 3.232.160.70. Number of nodes 34
EtherApe-INFO: 15:09:16.494: delete node: IP: 192.178.25.174. Number of nodes 33
EtherApe-INFO: 15:09:16.494: delete node: IP: 34.120.195.249. Number of nodes 32
EtherApe-INFO: 15:09:16.494: delete node: IP: 18.66.89.34. Number of nodes 31
EtherApe-INFO: 15:09:17.339: delete node: IP: 54.217.81.186. Number of nodes 30
EtherApe-INFO: 15:09:35.201: delete node: IP: 192.178.25.161. Number of nodes 29
EtherApe-INFO: 15:09:35.201: delete node: IP: 172.217.16.1. Number of nodes 28
EtherApe-INFO: 15:09:35.201: delete node: IP: 142.250.203.193. Number of nodes 27
EtherApe-INFO: 15:09:35.201: delete node: IP: 142.250.203.129. Number of nodes 26
EtherApe-INFO: 15:09:53.613: delete node: IP: 104.81.130.161. Number of nodes 25
EtherApe-INFO: 15:10:02.655: delete node: IP: 149.154.167.50. Number of nodes 24
EtherApe-INFO: 15:10:06.233: delete node: IP: 192.168.0.1. Number of nodes 23
EtherApe-INFO: 15:10:06.233: delete node: IP: 2.21.173.154. Number of nodes 22
EtherApe-INFO: 15:10:16.666: delete node: IP: 18.66.112.109. Number of nodes 21
EtherApe-INFO: 15:10:16.666: delete node: IP: 18.66.112.101. Number of nodes 20
EtherApe-INFO: 15:10:16.666: delete node: IP: 18.66.112.43. Number of nodes 19
EtherApe-INFO: 15:10:16.666: delete node: IP: 18.66.112.39. Number of nodes 18
EtherApe-INFO: 15:10:21.830: delete node: IP: 149.154.167.92. Number of nodes 17
EtherApe-INFO: 15:10:22.791: New node: IP: 34.117.65.55. Number of nodes 18
EtherApe-INFO: 15:10:28.167: New node: IP: 35.241.9.150. Number of nodes 19
EtherApe-INFO: 15:10:28.426: New node: IP: 34.160.144.191. Number of nodes 20
EtherApe-INFO: 15:10:30.216: New node: IP: 104.18.14.117. Number of nodes 21
EtherApe-INFO: 15:10:34.311: New node: IP: 142.250.203.141. Number of nodes 22
EtherApe-INFO: 15:10:39.942: New node: IP: 192.168.0.1. Number of nodes 23
EtherApe-INFO: 15:10:39.942: New node: IP: 95.216.195.133. Number of nodes 24
EtherApe-INFO: 15:10:40.008: delete node: IP: 35.188.42.15. Number of nodes 23
EtherApe-INFO: 15:11:26.126: delete node: IP: 142.250.203.195. Number of nodes 22
EtherApe-INFO: 15:12:11.938: delete node: IP: 149.154.167.216. Number of nodes 21
EtherApe-INFO: 15:12:23.719: delete node: IP: 216.58.208.193. Number of nodes 20
EtherApe-INFO: 15:12:25.506: delete node: IP: 216.58.208.206. Number of nodes 19
EtherApe-INFO: 15:12:25.506: delete node: IP: 172.217.16.42. Number of nodes 18
EtherApe-INFO: 15:12:37.003: delete node: IP: 142.250.203.141. Number of nodes 17
EtherApe-INFO: 15:12:43.408: delete node: IP: 95.216.195.133. Number of nodes 16
EtherApe-INFO: 15:13:10.536: delete node: IP: 142.250.203.202. Number of nodes 15
EtherApe-INFO: 15:13:59.368: New node: IP: 142.250.203.132. Number of nodes 16
EtherApe-INFO: 15:13:59.624: New node: IP: 142.250.203.195. Number of nodes 17
EtherApe-INFO: 15:14:02.952: New node: IP: 142.250.203.131. Number of nodes 18
EtherApe-INFO: 15:14:02.953: New node: IP: 216.58.209.22. Number of nodes 19
EtherApe-INFO: 15:14:03.217: New node: IP: 142.250.203.141. Number of nodes 20
EtherApe-INFO: 15:14:03.463: New node: IP: 142.250.186.202. Number of nodes 21
EtherApe-INFO: 15:14:03.723: New node: IP: 142.250.203.206. Number of nodes 22
EtherApe-INFO: 15:14:04.490: New node: IP: 216.58.209.10. Number of nodes 23
EtherApe-INFO: 15:14:04.495: New node: IP: 192.178.25.174. Number of nodes 24
EtherApe-INFO: 15:14:04.746: New node: IP: 172.217.16.54. Number of nodes 25
EtherApe-INFO: 15:14:06.024: New node: IP: 216.58.215.65. Number of nodes 26
EtherApe-INFO: 15:14:07.047: New node: IP: 176.122.110.204. Number of nodes 27
EtherApe-INFO: 15:14:10.344: New node: IP: 142.250.75.10. Number of nodes 28
EtherApe-INFO: 15:14:11.173: New node: IP: 142.250.203.150. Number of nodes 29
EtherApe-INFO: 15:14:21.663: New node: IP: 172.217.16.46. Number of nodes 30
EtherApe-INFO: 15:15:19.067: delete node: IP: 34.160.144.191. Number of nodes 29
EtherApe-INFO: 15:15:19.067: delete node: IP: 34.117.65.55. Number of nodes 28
EtherApe-INFO: 15:15:20.834: delete node: IP: 104.18.14.117. Number of nodes 27
EtherApe-INFO: 15:15:27.958: New node: IP: 34.117.65.55. Number of nodes 28
EtherApe-INFO: 15:15:39.991: New node: IP: 95.216.195.133. Number of nodes 29
EtherApe-INFO: 15:15:41.750: New node: IP: 176.122.110.206. Number of nodes 30
EtherApe-INFO: 15:15:42.002: New node: IP: 173.194.50.163. Number of nodes 31
EtherApe-INFO: 15:15:42.511: New node: IP: 176.122.113.13. Number of nodes 32
EtherApe-INFO: 15:15:45.554: New node: IP: 176.122.113.78. Number of nodes 33
EtherApe-INFO: 15:16:03.795: delete node: IP: 142.250.203.141. Number of nodes 32
EtherApe-INFO: 15:16:11.704: delete node: IP: 142.250.75.10. Number of nodes 31
EtherApe-INFO: 15:16:22.254: delete node: IP: 172.217.16.46. Number of nodes 30
EtherApe-INFO: 15:16:53.956: New node: IP: 192.178.25.161. Number of nodes 31
EtherApe-INFO: 15:17:28.249: delete node: IP: 34.117.65.55. Number of nodes 30
EtherApe-INFO: 15:17:31.794: New node: IP: 176.122.110.205. Number of nodes 31
EtherApe-INFO: 15:17:39.986: delete node: IP: 95.216.195.133. Number of nodes 30
EtherApe-INFO: 15:17:41.557: delete node: IP: 142.250.186.202. Number of nodes 29
EtherApe-INFO: 15:17:42.030: New node: IPv6: fe80::13fb:a58d:93ba:8515. Number of nodes 30
EtherApe-INFO: 15:17:42.030: New node: IPv6: ff02::2. Number of nodes 31
EtherApe-INFO: 15:17:45.360: New node: IP: 142.250.186.202. Number of nodes 32
EtherApe-INFO: 15:17:45.364: New node: IP: 142.250.203.141. Number of nodes 33
EtherApe-INFO: 15:17:46.639: New node: IP: 104.18.11.176. Number of nodes 34
EtherApe-INFO: 15:17:47.663: New node: IP: 18.156.16.255. Number of nodes 35
EtherApe-INFO: 15:18:01.087: New node: IP: 91.236.251.31. Number of nodes 36
EtherApe-INFO: 15:18:02.965: delete node: IP: 176.122.110.204. Number of nodes 35
EtherApe-INFO: 15:18:48.773: delete node: IP: 35.241.9.150. Number of nodes 34
EtherApe-INFO: 15:18:49.214: New node: IP: 149.154.167.216. Number of nodes 35
EtherApe-INFO: 15:18:54.689: delete node: IP: 216.58.209.22. Number of nodes 34
EtherApe-INFO: 15:18:54.690: delete node: IP: 142.250.203.195. Number of nodes 33
EtherApe-INFO: 15:18:56.170: delete node: IP: 142.250.203.206. Number of nodes 32
EtherApe-INFO: 15:19:35.552: New node: IP: 216.58.215.110. Number of nodes 33
EtherApe-INFO: 15:19:39.412: delete node: IP: 176.122.113.13. Number of nodes 32
EtherApe-INFO: 15:19:39.412: delete node: IP: 176.122.110.206. Number of nodes 31
EtherApe-INFO: 15:19:39.412: delete node: IP: 173.194.50.163. Number of nodes 30
EtherApe-INFO: 15:19:41.525: delete node: IP: 176.122.113.78. Number of nodes 29
EtherApe-INFO: 15:19:43.537: delete node: IPv6: ff02::2. Number of nodes 28
EtherApe-INFO: 15:19:43.537: delete node: IPv6: fe80::13fb:a58d:93ba:8515. Number of nodes 27
EtherApe-INFO: 15:19:45.638: delete node: IP: 142.250.203.141. Number of nodes 26
EtherApe-INFO: 15:19:49.439: delete node: IP: 142.250.186.202. Number of nodes 25
EtherApe-INFO: 15:20:03.989: delete node: IP: 91.236.251.31. Number of nodes 24
EtherApe-INFO: 15:20:28.286: New node: IP: 34.117.65.55. Number of nodes 25
EtherApe-INFO: 15:20:28.310: delete node: IP: 142.250.203.131. Number of nodes 24
EtherApe-INFO: 15:20:30.591: New node: IP: 104.18.14.117. Number of nodes 25
EtherApe-INFO: 15:20:36.224: New node: IP: 142.250.203.141. Number of nodes 26
EtherApe-INFO: 15:20:39.807: New node: IP: 95.216.195.133. Number of nodes 27
EtherApe-INFO: 15:20:53.651: delete node: IP: 18.156.16.255. Number of nodes 26
EtherApe-INFO: 15:21:01.312: New node: IP: 176.122.110.206. Number of nodes 27
EtherApe-INFO: 15:21:04.937: delete node: IP: 149.154.167.216. Number of nodes 26
EtherApe-INFO: 15:21:37.421: delete node: IP: 216.58.215.110. Number of nodes 25
EtherApe-INFO: 15:21:46.442: delete node: IP: 216.58.209.10. Number of nodes 24
EtherApe-INFO: 15:21:50.718: New node: IP: 149.154.167.216. Number of nodes 25
EtherApe-INFO: 15:22:23.778: delete node: IP: 216.58.215.65. Number of nodes 24
EtherApe-INFO: 15:22:23.778: delete node: IP: 172.217.16.54. Number of nodes 23
EtherApe-INFO: 15:22:23.778: delete node: IP: 142.250.203.150. Number of nodes 22
EtherApe-INFO: 15:22:29.128: delete node: IP: 34.117.65.55. Number of nodes 21
EtherApe-INFO: 15:22:36.364: delete node: IP: 142.250.203.141. Number of nodes 20
EtherApe-INFO: 15:22:39.185: delete node: IP: 142.250.203.132. Number of nodes 19
EtherApe-INFO: 15:22:40.134: delete node: IP: 95.216.195.133. Number of nodes 18
EtherApe-INFO: 15:22:47.558: delete node: IP: 104.18.11.176. Number of nodes 17
EtherApe-INFO: 15:23:00.101: delete node: IP: 34.120.208.123. Number of nodes 16
EtherApe-INFO: 15:23:14.451: delete node: IP: 176.122.110.205. Number of nodes 15
EtherApe-INFO: 15:24:08.510: delete node: IP: 192.168.0.1. Number of nodes 14
EtherApe-INFO: 15:24:08.510: delete node: IP: 149.154.167.216. Number of nodes 13
EtherApe-INFO: 15:24:10.239: New node: IP: 149.154.167.91. Number of nodes 14
EtherApe-INFO: 15:24:10.495: New node: IP: 192.168.0.1. Number of nodes 15
EtherApe-INFO: 15:25:04.044: delete node: IP: 176.122.110.206. Number of nodes 14
EtherApe-INFO: 15:25:18.591: New node: IP: 176.122.110.205. Number of nodes 15
EtherApe-INFO: 15:25:21.175: delete node: IP: 104.18.14.117. Number of nodes 14
EtherApe-INFO: 15:25:28.334: New node: IP: 34.117.65.55. Number of nodes 15
EtherApe-INFO: 15:25:28.833: New node: IP: 176.122.113.12. Number of nodes 16
EtherApe-INFO: 15:25:39.838: New node: IP: 95.216.195.133. Number of nodes 17
EtherApe-INFO: 15:26:20.798: New node: IP: 149.154.167.216. Number of nodes 18
EtherApe-INFO: 15:26:26.697: delete node: IP: 149.154.167.91. Number of nodes 17
EtherApe-INFO: 15:27:30.703: delete node: IP: 34.117.65.55. Number of nodes 16
EtherApe-INFO: 15:27:42.209: delete node: IP: 95.216.195.133. Number of nodes 15
EtherApe-INFO: 15:28:36.558: delete node: IP: 149.154.167.216. Number of nodes 14
EtherApe-INFO: 15:29:06.530: delete node: IP: 192.168.0.1. Number of nodes 13
EtherApe-INFO: 15:29:21.630: delete node: IP: 176.122.110.205. Number of nodes 12
EtherApe-INFO: 15:29:32.544: New node: IP: 176.122.110.206. Number of nodes 13
EtherApe-INFO: 15:30:19.990: delete node: IP: 142.250.203.197. Number of nodes 12
EtherApe-INFO: 15:30:27.839: New node: IP: 142.250.186.197. Number of nodes 13
EtherApe-INFO: 15:30:28.606: New node: IP: 34.117.65.55. Number of nodes 14
EtherApe-INFO: 15:30:30.656: New node: IP: 104.18.14.117. Number of nodes 15
EtherApe-INFO: 15:30:37.568: New node: IP: 142.250.203.141. Number of nodes 16
EtherApe-INFO: 15:30:39.870: New node: IP: 192.168.0.1. Number of nodes 17
EtherApe-INFO: 15:30:39.871: New node: IP: 95.216.195.133. Number of nodes 18
EtherApe-INFO: 15:31:35.224: delete node: IP: 176.122.110.206. Number of nodes 17
EtherApe-INFO: 15:32:32.059: delete node: IP: 34.117.65.55. Number of nodes 16
EtherApe-INFO: 15:32:40.718: delete node: IP: 142.250.203.141. Number of nodes 15
EtherApe-INFO: 15:32:40.718: delete node: IP: 95.216.195.133. Number of nodes 14
EtherApe-INFO: 15:32:51.710: New node: IP: 149.154.167.216. Number of nodes 15
EtherApe-INFO: 15:33:02.227: delete node: IP: 176.122.113.12. Number of nodes 14
EtherApe-INFO: 15:33:11.167: New node: IP: 176.122.110.206. Number of nodes 15
EtherApe-INFO: 15:33:20.895: New node: IP: 216.58.215.86. Number of nodes 16
EtherApe-INFO: 15:33:21.407: New node: IP: 176.122.113.12. Number of nodes 17
EtherApe-INFO: 15:34:34.110: New node: IP: 142.250.203.202. Number of nodes 18
EtherApe-INFO: 15:35:08.491: delete node: IP: 149.154.167.216. Number of nodes 17
EtherApe-INFO: 15:35:10.974: New node: IP: 149.154.167.216. Number of nodes 18
EtherApe-INFO: 15:35:18.936: delete node: IP: 142.250.186.197. Number of nodes 17
EtherApe-INFO: 15:35:21.228: delete node: IP: 192.168.0.1. Number of nodes 16
EtherApe-INFO: 15:35:21.229: delete node: IP: 104.18.14.117. Number of nodes 15
EtherApe-INFO: 15:35:23.524: delete node: IP: 176.122.113.12. Number of nodes 14
EtherApe-INFO: 15:35:28.383: New node: IP: 142.250.186.197. Number of nodes 15
EtherApe-INFO: 15:35:28.640: New node: IP: 34.117.65.55. Number of nodes 16
EtherApe-INFO: 15:35:39.902: New node: IP: 192.168.0.1. Number of nodes 17
EtherApe-INFO: 15:35:39.903: New node: IP: 95.216.195.133. Number of nodes 18
EtherApe-INFO: 15:37:30.064: delete node: IP: 149.154.167.216. Number of nodes 17
EtherApe-INFO: 15:37:30.064: delete node: IP: 34.117.65.55. Number of nodes 16
EtherApe-INFO: 15:37:43.297: delete node: IP: 95.216.195.133. Number of nodes 15
EtherApe-INFO: 15:38:13.525: delete node: IP: 216.58.215.86. Number of nodes 14
EtherApe-INFO: 15:38:13.525: delete node: IP: 192.178.25.161. Number of nodes 13
EtherApe-INFO: 15:38:13.525: delete node: IP: 176.122.110.206. Number of nodes 12
EtherApe-INFO: 15:38:17.856: New node: IP: 176.122.113.12. Number of nodes 13
EtherApe-INFO: 15:38:17.858: New node: IP: 46.134.192.146. Number of nodes 14
EtherApe-INFO: 15:38:27.584: New node: IP: 192.178.25.161. Number of nodes 15
EtherApe-INFO: 15:38:28.352: New node: IP: 176.122.113.77. Number of nodes 16
EtherApe-INFO: 15:38:34.238: New node: IP: 149.154.167.216. Number of nodes 17
EtherApe-INFO: 15:39:24.709: delete node: IP: 142.250.203.202. Number of nodes 16
EtherApe-INFO: 15:39:57.950: New node: IP: 142.250.186.202. Number of nodes 17
EtherApe-INFO: 15:40:19.236: delete node: IP: 46.134.192.146. Number of nodes 16
EtherApe-INFO: 15:40:19.969: delete node: IP: 142.250.186.197. Number of nodes 15
EtherApe-INFO: 15:40:28.158: New node: IP: 34.117.65.55. Number of nodes 16
EtherApe-INFO: 15:40:29.695: New node: IP: 142.250.186.197. Number of nodes 17
EtherApe-INFO: 15:40:29.784: delete node: IP: 192.168.0.1. Number of nodes 16
EtherApe-INFO: 15:40:30.976: New node: IP: 104.18.14.117. Number of nodes 17
EtherApe-INFO: 15:40:38.911: New node: IP: 142.250.203.141. Number of nodes 18
EtherApe-INFO: 15:40:39.934: New node: IP: 192.168.0.1. Number of nodes 19
EtherApe-INFO: 15:40:39.934: New node: IP: 95.216.195.133. Number of nodes 20
EtherApe-INFO: 15:41:40.097: delete node: IP: 149.154.167.216. Number of nodes 19
EtherApe-INFO: 15:41:41.656: delete node: IP: 176.122.113.12. Number of nodes 18
EtherApe-INFO: 15:41:58.333: delete node: IP: 142.250.186.202. Number of nodes 17
EtherApe-INFO: 15:42:29.286: delete node: IP: 34.117.65.55. Number of nodes 16
EtherApe-INFO: 15:42:39.020: delete node: IP: 142.250.203.141. Number of nodes 15
EtherApe-INFO: 15:42:40.064: delete node: IP: 95.216.195.133. Number of nodes 14
EtherApe-INFO: 15:42:56.384: New node: IP: 34.120.208.123. Number of nodes 15
EtherApe-INFO: 15:43:00.480: New node: IP: 142.250.203.193. Number of nodes 16
EtherApe-INFO: 15:43:00.481: New node: IP: 172.217.16.1. Number of nodes 17
EtherApe-INFO: 15:43:00.481: New node: IP: 142.250.203.129. Number of nodes 18
EtherApe-INFO: 15:43:00.485: New node: IP: 142.250.203.138. Number of nodes 19
EtherApe-INFO: 15:43:19.072: New node: IP: 176.122.110.204. Number of nodes 20
EtherApe-INFO: 15:43:19.350: New node: IP: 142.250.203.202. Number of nodes 21
EtherApe-INFO: 15:43:19.583: New node: IP: 142.250.203.214. Number of nodes 22
EtherApe-INFO: 15:43:29.522: New node: IP: 176.122.113.13. Number of nodes 23
EtherApe-INFO: 15:43:41.550: New node: IP: 176.122.110.206. Number of nodes 24
EtherApe-INFO: 15:43:41.553: New node: IP: 74.125.15.97. Number of nodes 25
EtherApe-INFO: 15:43:41.555: New node: IP: 216.58.209.3. Number of nodes 26
EtherApe-INFO: 15:43:43.600: New node: IP: 216.58.209.14. Number of nodes 27
EtherApe-INFO: 15:43:48.088: New node: IP: 176.122.113.14. Number of nodes 28
EtherApe-INFO: 15:44:17.767: New node: IP: 104.17.32.105. Number of nodes 29
EtherApe-INFO: 15:44:23.399: New node: IP: 34.107.221.82. Number of nodes 30
EtherApe-INFO: 15:44:23.911: New node: IP: 142.250.203.132. Number of nodes 31
EtherApe-INFO: 15:44:23.912: New node: IP: 192.178.25.163. Number of nodes 32
EtherApe-INFO: 15:44:24.169: New node: IP: 142.250.203.141. Number of nodes 33
EtherApe-INFO: 15:44:24.426: New node: IP: 172.217.16.42. Number of nodes 34
EtherApe-INFO: 15:44:24.679: New node: IP: 195.189.240.92. Number of nodes 35
EtherApe-INFO: 15:44:24.934: New node: IP: 192.229.221.95. Number of nodes 36
EtherApe-INFO: 15:44:25.201: New node: IP: 193.200.32.30. Number of nodes 37
EtherApe-INFO: 15:44:25.210: New node: IP: 2.16.172.51. Number of nodes 38
EtherApe-INFO: 15:44:25.210: New node: IP: 195.189.240.93. Number of nodes 39
EtherApe-INFO: 15:45:01.068: delete node: IP: 172.217.16.1. Number of nodes 38
EtherApe-INFO: 15:45:01.068: delete node: IP: 142.250.203.129. Number of nodes 37
EtherApe-INFO: 15:45:01.387: delete node: IP: 142.250.203.193. Number of nodes 36
EtherApe-INFO: 15:45:21.555: delete node: IP: 104.18.14.117. Number of nodes 35
EtherApe-INFO: 15:45:26.631: New node: IP: 185.68.16.59. Number of nodes 36
EtherApe-INFO: 15:45:29.192: New node: IP: 34.117.65.55. Number of nodes 37
EtherApe-INFO: 15:45:39.943: New node: IP: 95.216.195.133. Number of nodes 38
EtherApe-INFO: 15:45:43.874: delete node: IP: 192.178.25.174. Number of nodes 37
EtherApe-INFO: 15:45:45.323: delete node: IP: 176.122.113.13. Number of nodes 36
EtherApe-INFO: 15:45:45.840: delete node: IP: 176.122.110.206. Number of nodes 35
EtherApe-INFO: 15:45:49.158: New node: IP: 149.154.167.216. Number of nodes 36
EtherApe-INFO: 15:45:49.415: New node: IP: 149.154.167.255. Number of nodes 37
EtherApe-INFO: 15:46:17.444: delete node: IP: 176.122.110.204. Number of nodes 36
EtherApe-INFO: 15:46:24.215: delete node: IP: 192.178.25.163. Number of nodes 35
EtherApe-INFO: 15:46:24.664: delete node: IP: 172.217.16.42. Number of nodes 34
EtherApe-INFO: 15:46:25.199: delete node: IP: 195.189.240.93. Number of nodes 33
EtherApe-INFO: 15:46:26.699: delete node: IP: 193.200.32.30. Number of nodes 32
EtherApe-INFO: 15:46:27.226: delete node: IP: 176.122.113.77. Number of nodes 31
EtherApe-INFO: 15:46:35.401: delete node: IP: 142.250.203.141. Number of nodes 30
EtherApe-INFO: 15:46:41.215: delete node: IP: 216.58.209.14. Number of nodes 29
EtherApe-INFO: 15:47:03.947: New node: IP: 149.154.175.57. Number of nodes 30
EtherApe-INFO: 15:47:03.947: New node: IP: 149.154.175.54. Number of nodes 31
EtherApe-INFO: 15:47:15.207: delete node: IP: 195.189.240.92. Number of nodes 30
EtherApe-INFO: 15:47:29.372: delete node: IP: 34.117.65.55. Number of nodes 29
EtherApe-INFO: 15:47:36.199: New node: IP: 34.117.65.55. Number of nodes 30
EtherApe-INFO: 15:47:38.512: delete node: IP: 216.58.209.3. Number of nodes 29
EtherApe-INFO: 15:47:38.512: delete node: IP: 74.125.15.97. Number of nodes 28
EtherApe-INFO: 15:47:42.124: delete node: IP: 95.216.195.133. Number of nodes 27
EtherApe-INFO: 15:47:44.201: delete node: IP: 176.122.113.14. Number of nodes 26
EtherApe-INFO: 15:47:47.496: delete node: IP: 34.120.208.123. Number of nodes 25
EtherApe-INFO: 15:48:10.306: delete node: IP: 142.250.203.202. Number of nodes 24
EtherApe-INFO: 15:48:20.258: delete node: IP: 192.229.221.95. Number of nodes 23
EtherApe-INFO: 15:48:21.591: delete node: IP: 2.16.172.51. Number of nodes 22
EtherApe-INFO: 15:48:41.259: delete node: IP: 142.250.203.214. Number of nodes 21
EtherApe-INFO: 15:48:44.551: delete node: IP: 192.178.25.161. Number of nodes 20
EtherApe-INFO: 15:49:07.176: delete node: IP: 149.154.175.54. Number of nodes 19
EtherApe-INFO: 15:49:24.558: delete node: IP: 149.154.175.57. Number of nodes 18
EtherApe-INFO: 15:49:30.137: delete node: IP: 149.154.167.255. Number of nodes 17
EtherApe-INFO: 15:49:37.821: delete node: IP: 142.250.203.138. Number of nodes 16
EtherApe-INFO: 15:49:37.821: delete node: IP: 142.250.203.132. Number of nodes 15
EtherApe-INFO: 15:49:37.821: delete node: IP: 142.250.186.197. Number of nodes 14
EtherApe-INFO: 15:49:37.821: delete node: IP: 142.250.186.195. Number of nodes 13
EtherApe-INFO: 15:49:37.821: delete node: IP: 104.17.32.105. Number of nodes 12
EtherApe-INFO: 15:49:37.821: delete node: IP: 104.16.249.249. Number of nodes 11
EtherApe-INFO: 15:49:37.821: delete node: IP: 34.117.65.55. Number of nodes 10
EtherApe-INFO: 15:49:37.821: delete node: IP: 3.218.231.251. Number of nodes 9
EtherApe-INFO: 15:50:00.914: delete node: IP: 192.178.25.170. Number of nodes 8
EtherApe-INFO: 15:50:17.993: New node: IP: 149.154.166.120. Number of nodes 9
EtherApe-INFO: 15:50:34.161: delete node: IP: 185.68.16.59. Number of nodes 8
EtherApe-INFO: 15:50:39.766: New node: IP: 95.216.195.133. Number of nodes 9
EtherApe-INFO: 15:50:49.750: New node: IP: 104.16.248.249. Number of nodes 10
EtherApe-INFO: 15:50:50.007: New node: IP: 104.16.249.249. Number of nodes 11
EtherApe-INFO: 15:50:50.008: New node: IP: 140.82.121.5. Number of nodes 12
EtherApe-INFO: 15:50:50.008: New node: IP: 142.250.203.141. Number of nodes 13
EtherApe-INFO: 15:50:50.264: New node: IP: 142.250.203.195. Number of nodes 14
EtherApe-INFO: 15:50:50.266: New node: IP: 192.229.221.95. Number of nodes 15
EtherApe-INFO: 15:50:50.523: New node: IP: 142.250.203.206. Number of nodes 16
EtherApe-INFO: 15:50:51.035: New node: IP: 193.34.168.232. Number of nodes 17
EtherApe-INFO: 15:50:51.038: New node: IP: 104.18.32.68. Number of nodes 18
EtherApe-INFO: 15:50:51.286: New node: IP: 172.64.155.188. Number of nodes 19
EtherApe-INFO: 15:50:52.566: New node: IP: 34.117.65.55. Number of nodes 20
EtherApe-INFO: 15:50:52.823: New node: IP: 2.16.172.43. Number of nodes 21
EtherApe-INFO: 15:50:53.079: New node: IP: 142.250.203.132. Number of nodes 22
EtherApe-INFO: 15:50:53.843: New node: IP: 104.17.32.105. Number of nodes 23
EtherApe-INFO: 15:50:54.095: New node: IP: 142.250.203.131. Number of nodes 24
EtherApe-INFO: 15:50:54.095: New node: IP: 216.58.215.78. Number of nodes 25
EtherApe-INFO: 15:50:54.114: New node: IP: 216.58.215.110. Number of nodes 26
EtherApe-INFO: 15:50:55.118: New node: IP: 75.2.7.159. Number of nodes 27
EtherApe-INFO: 15:50:55.380: New node: IP: 13.224.192.222. Number of nodes 28
EtherApe-INFO: 15:50:55.634: New node: IP: 142.250.203.202. Number of nodes 29
EtherApe-INFO: 15:50:57.167: New node: IP: 172.64.147.123. Number of nodes 30
EtherApe-INFO: 15:50:57.167: New node: IP: 104.81.234.92. Number of nodes 31
EtherApe-INFO: 15:50:57.679: New node: IP: 18.66.147.33. Number of nodes 32
EtherApe-INFO: 15:50:59.216: New node: IP: 18.244.102.120. Number of nodes 33
EtherApe-INFO: 15:50:59.728: New node: IP: 99.86.4.30. Number of nodes 34
EtherApe-INFO: 15:50:59.989: New node: IP: 199.232.18.133. Number of nodes 35
EtherApe-INFO: 15:50:59.994: New node: IP: 52.49.183.204. Number of nodes 36
EtherApe-INFO: 15:51:07.635: New node: IP: 142.250.186.197. Number of nodes 37
EtherApe-INFO: 15:51:18.966: New node: IP: 23.64.12.136. Number of nodes 38
EtherApe-INFO: 15:51:19.703: New node: IP: 52.21.195.5. Number of nodes 39
EtherApe-INFO: 15:51:21.499: New node: IP: 151.101.1.208. Number of nodes 40
EtherApe-INFO: 15:51:23.035: New node: IP: 18.244.108.67. Number of nodes 41
EtherApe-INFO: 15:51:23.799: New node: IP: 18.66.130.57. Number of nodes 42
EtherApe-INFO: 15:51:23.805: New node: IP: 104.16.99.56. Number of nodes 43
EtherApe-INFO: 15:51:24.314: New node: IP: 18.66.98.108. Number of nodes 44
EtherApe-INFO: 15:51:24.315: New node: IP: 62.182.19.39. Number of nodes 45
EtherApe-INFO: 15:51:24.325: New node: IP: 108.138.17.106. Number of nodes 46
EtherApe-INFO: 15:51:24.428: New node: IP: 104.16.242.94. Number of nodes 47
EtherApe-INFO: 15:51:24.504: New node: IP: 104.16.26.5. Number of nodes 48
EtherApe-INFO: 15:51:24.586: New node: IP: 52.58.197.32. Number of nodes 49
EtherApe-INFO: 15:51:24.844: New node: IP: 52.222.226.205. Number of nodes 50
EtherApe-INFO: 15:51:24.854: New node: IP: 140.82.121.3. Number of nodes 51
EtherApe-INFO: 15:51:24.857: New node: IP: 18.66.112.12. Number of nodes 52
EtherApe-INFO: 15:51:25.377: New node: IP: 185.199.108.154. Number of nodes 53
EtherApe-INFO: 15:51:25.965: New node: IP: 104.18.22.126. Number of nodes 54
EtherApe-INFO: 15:51:25.966: New node: IP: 104.18.23.126. Number of nodes 55
EtherApe-INFO: 15:51:26.200: New node: IP: 34.197.28.156. Number of nodes 56
EtherApe-INFO: 15:51:26.206: New node: IP: 208.68.240.115. Number of nodes 57
EtherApe-INFO: 15:51:26.802: New node: IP: 52.29.123.56. Number of nodes 58
EtherApe-INFO: 15:51:27.935: New node: IP: 104.18.14.117. Number of nodes 59
EtherApe-INFO: 15:51:28.570: New node: IP: 142.250.186.195. Number of nodes 60
EtherApe-INFO: 15:51:29.042: New node: IP: 216.58.208.206. Number of nodes 61
EtherApe-INFO: 15:51:29.045: New node: IP: 142.250.186.206. Number of nodes 62
EtherApe-INFO: 15:51:29.300: New node: IP: 104.26.10.123. Number of nodes 63
EtherApe-INFO: 15:51:30.488: New node: IP: 104.21.75.3. Number of nodes 64
EtherApe-INFO: 15:51:30.488: New node: IP: 172.67.209.148. Number of nodes 65
EtherApe-INFO: 15:51:32.161: New node: IP: 104.18.7.57. Number of nodes 66
EtherApe-INFO: 15:51:32.166: New node: IP: 104.26.11.123. Number of nodes 67
EtherApe-INFO: 15:51:32.621: New node: IP: 18.244.146.39. Number of nodes 68
EtherApe-INFO: 15:51:34.338: New node: IP: 142.250.203.138. Number of nodes 69
EtherApe-INFO: 15:51:34.828: New node: IP: 192.178.25.170. Number of nodes 70
EtherApe-INFO: 15:51:35.086: New node: IP: 172.217.16.14. Number of nodes 71
EtherApe-INFO: 15:51:35.103: New node: IP: 172.217.16.10. Number of nodes 72
EtherApe-INFO: 15:52:09.237: New node: IP: 91.236.251.31. Number of nodes 73
EtherApe-INFO: 15:52:11.328: New node: IP: 198.252.206.25. Number of nodes 74
EtherApe-INFO: 15:52:34.981: delete node: IP: 34.107.221.82. Number of nodes 73
EtherApe-INFO: 15:52:36.470: delete node: IP: 149.154.166.120. Number of nodes 72
EtherApe-INFO: 15:52:41.380: delete node: IP: 95.216.195.133. Number of nodes 71
EtherApe-INFO: 15:52:48.751: New node: IP: 193.34.169.16. Number of nodes 72
EtherApe-INFO: 15:52:51.826: New node: IP: 193.34.169.2. Number of nodes 73
EtherApe-INFO: 15:52:55.002: delete node: IP: 216.58.215.110. Number of nodes 72
EtherApe-INFO: 15:52:58.544: delete node: IP: 149.154.167.216. Number of nodes 71
EtherApe-INFO: 15:53:01.341: delete node: IP: 216.58.215.78. Number of nodes 70
EtherApe-INFO: 15:53:01.554: New node: IP: 192.178.25.163. Number of nodes 71
EtherApe-INFO: 15:53:05.647: New node: IP: 91.198.174.192. Number of nodes 72
EtherApe-INFO: 15:53:07.950: New node: IP: 91.198.174.208. Number of nodes 73
EtherApe-INFO: 15:53:15.119: New node: IP: 34.107.221.82. Number of nodes 74
EtherApe-INFO: 15:53:16.145: New node: IP: 176.122.113.77. Number of nodes 75
EtherApe-INFO: 15:53:16.912: New node: IP: 192.178.25.161. Number of nodes 76
EtherApe-INFO: 15:53:17.680: New node: IP: 176.122.113.76. Number of nodes 77
EtherApe-INFO: 15:53:18.703: New node: IP: 216.58.215.86. Number of nodes 78
EtherApe-INFO: 15:53:20.496: New node: IP: 104.18.11.176. Number of nodes 79
EtherApe-INFO: 15:53:22.623: delete node: IP: 52.21.195.5. Number of nodes 78
EtherApe-INFO: 15:53:25.872: New node: IP: 176.122.113.14. Number of nodes 79
EtherApe-INFO: 15:53:26.129: New node: IP: 176.122.113.78. Number of nodes 80
EtherApe-INFO: 15:53:26.197: delete node: IP: 104.18.22.126. Number of nodes 79
EtherApe-INFO: 15:53:27.937: delete node: IP: 208.68.240.115. Number of nodes 78
EtherApe-INFO: 15:53:28.617: New node: IP: 216.58.215.65. Number of nodes 79
EtherApe-INFO: 15:53:32.319: delete node: IP: 104.26.11.123. Number of nodes 78
EtherApe-INFO: 15:53:32.543: delete node: IP: 172.67.209.148. Number of nodes 77
EtherApe-INFO: 15:53:32.777: delete node: IP: 104.18.14.117. Number of nodes 76
EtherApe-INFO: 15:53:34.017: delete node: IP: 142.250.203.206. Number of nodes 75
EtherApe-INFO: 15:53:36.109: delete node: IP: 216.58.208.206. Number of nodes 74
EtherApe-INFO: 15:53:50.389: New node: IP: 176.122.110.204. Number of nodes 75
EtherApe-INFO: 15:54:10.162: delete node: IP: 91.236.251.31. Number of nodes 74
EtherApe-INFO: 15:54:11.895: delete node: IP: 198.252.206.25. Number of nodes 73
EtherApe-INFO: 15:54:23.214: delete node: IP: 52.49.183.204. Number of nodes 72
EtherApe-INFO: 15:54:26.737: delete node: IP: 52.58.197.32. Number of nodes 71
EtherApe-INFO: 15:54:31.360: delete node: IP: 62.182.19.39. Number of nodes 70
EtherApe-INFO: 15:54:37.724: delete node: IP: 193.34.168.232. Number of nodes 69
EtherApe-INFO: 15:54:52.350: delete node: IP: 193.34.169.2. Number of nodes 68
EtherApe-INFO: 15:54:57.545: delete node: IP: 104.81.234.92. Number of nodes 67
EtherApe-INFO: 15:55:06.232: delete node: IP: 140.82.121.5. Number of nodes 66
EtherApe-INFO: 15:55:07.966: delete node: IP: 91.198.174.208. Number of nodes 65
EtherApe-INFO: 15:55:18.263: delete node: IP: 192.168.0.1. Number of nodes 64
EtherApe-INFO: 15:55:20.518: delete node: IP: 23.64.12.136. Number of nodes 63
EtherApe-INFO: 15:55:21.062: delete node: IP: 192.229.221.95. Number of nodes 62
EtherApe-INFO: 15:55:21.062: delete node: IP: 99.86.4.30. Number of nodes 61
EtherApe-INFO: 15:55:21.062: delete node: IP: 52.222.226.205. Number of nodes 60
EtherApe-INFO: 15:55:21.062: delete node: IP: 52.29.123.56. Number of nodes 59
EtherApe-INFO: 15:55:22.353: delete node: IP: 13.224.192.222. Number of nodes 58
EtherApe-INFO: 15:55:23.098: delete node: IP: 2.16.172.43. Number of nodes 57
EtherApe-INFO: 15:55:26.185: delete node: IP: 140.82.121.3. Number of nodes 56
EtherApe-INFO: 15:55:39.950: New node: IP: 192.168.0.1. Number of nodes 57
EtherApe-INFO: 15:55:39.951: New node: IP: 95.216.195.133. Number of nodes 58
EtherApe-INFO: 15:55:41.057: delete node: IP: 216.58.215.65. Number of nodes 57
EtherApe-INFO: 15:55:43.071: delete node: IP: 34.117.65.55. Number of nodes 56
EtherApe-INFO: 15:56:14.582: delete node: IP: 172.64.147.123. Number of nodes 55
EtherApe-INFO: 15:56:14.582: delete node: IP: 151.101.1.208. Number of nodes 54
EtherApe-INFO: 15:56:14.582: delete node: IP: 18.244.102.120. Number of nodes 53
EtherApe-INFO: 15:56:14.582: delete node: IP: 18.66.147.33. Number of nodes 52
EtherApe-INFO: 15:56:16.912: delete node: IP: 185.199.108.154. Number of nodes 51
EtherApe-INFO: 15:56:16.912: delete node: IP: 108.138.17.106. Number of nodes 50
EtherApe-INFO: 15:56:16.912: delete node: IP: 104.16.242.94. Number of nodes 49
EtherApe-INFO: 15:56:16.912: delete node: IP: 104.16.99.56. Number of nodes 48
EtherApe-INFO: 15:56:16.912: delete node: IP: 104.16.26.5. Number of nodes 47
EtherApe-INFO: 15:56:16.912: delete node: IP: 18.66.130.57. Number of nodes 46
EtherApe-INFO: 15:56:16.912: delete node: IP: 18.66.98.108. Number of nodes 45
EtherApe-INFO: 15:56:18.183: delete node: IP: 104.18.23.126. Number of nodes 44
EtherApe-INFO: 15:56:18.184: delete node: IP: 18.66.112.12. Number of nodes 43
EtherApe-INFO: 15:56:19.660: delete node: IP: 142.250.203.141. Number of nodes 42
EtherApe-INFO: 15:56:21.247: delete node: IP: 104.26.10.123. Number of nodes 41
EtherApe-INFO: 15:56:21.247: delete node: IP: 34.197.28.156. Number of nodes 40
EtherApe-INFO: 15:56:22.519: delete node: IP: 142.250.203.132. Number of nodes 39
EtherApe-INFO: 15:56:24.315: delete node: IP: 104.21.75.3. Number of nodes 38
EtherApe-INFO: 15:56:24.315: delete node: IP: 104.18.7.57. Number of nodes 37
EtherApe-INFO: 15:56:24.315: delete node: IP: 18.244.146.39. Number of nodes 36
EtherApe-INFO: 15:56:27.063: delete node: IP: 172.217.16.14. Number of nodes 35
EtherApe-INFO: 15:56:27.063: delete node: IP: 172.217.16.10. Number of nodes 34
EtherApe-INFO: 15:56:27.063: delete node: IP: 142.250.203.138. Number of nodes 33
EtherApe-INFO: 15:56:27.063: delete node: IP: 104.17.32.105. Number of nodes 32
EtherApe-INFO: 15:56:28.337: delete node: IP: 18.244.108.67. Number of nodes 31
EtherApe-INFO: 15:56:48.055: delete node: IP: 172.64.155.188. Number of nodes 30
EtherApe-INFO: 15:56:48.055: delete node: IP: 142.250.186.195. Number of nodes 29
EtherApe-INFO: 15:56:48.055: delete node: IP: 104.18.32.68. Number of nodes 28
EtherApe-INFO: 15:57:01.102: New node: IP: 34.117.65.55. Number of nodes 29
EtherApe-INFO: 15:57:06.288: delete node: IP: 199.232.18.133. Number of nodes 28
EtherApe-INFO: 15:57:09.351: delete node: IP: 91.198.174.192. Number of nodes 27
EtherApe-INFO: 15:57:11.661: delete node: IP: 34.107.221.82. Number of nodes 26
EtherApe-INFO: 15:57:12.368: New node: IP: 198.252.206.25. Number of nodes 27
EtherApe-INFO: 15:57:15.245: delete node: IP: 176.122.113.76. Number of nodes 26
EtherApe-INFO: 15:57:22.416: delete node: IP: 176.122.113.78. Number of nodes 25
EtherApe-INFO: 15:57:22.416: delete node: IP: 176.122.113.14. Number of nodes 24
EtherApe-INFO: 15:57:40.313: delete node: IP: 95.216.195.133. Number of nodes 23
EtherApe-INFO: 15:57:42.097: delete node: IP: 176.122.113.77. Number of nodes 22
EtherApe-INFO: 15:57:48.298: delete node: IP: 176.122.110.204. Number of nodes 21
EtherApe-INFO: 15:57:52.915: delete node: IP: 192.178.25.163. Number of nodes 20
EtherApe-INFO: 15:57:56.144: New node: IP: 176.122.110.204. Number of nodes 21
EtherApe-INFO: 15:58:05.615: New node: IP: 172.217.16.1. Number of nodes 22
EtherApe-INFO: 15:58:06.387: New node: IP: 176.122.110.206. Number of nodes 23
EtherApe-INFO: 15:58:12.378: delete node: IP: 104.18.11.176. Number of nodes 22
EtherApe-INFO: 15:58:19.775: delete node: IP: 142.250.203.131. Number of nodes 21
EtherApe-INFO: 15:58:31.530: delete node: IP: 216.58.215.86. Number of nodes 20
EtherApe-INFO: 15:58:40.221: delete node: IP: 142.250.203.202. Number of nodes 19
EtherApe-INFO: 15:58:45.357: delete node: IP: 192.178.25.161. Number of nodes 18
EtherApe-INFO: 15:59:02.220: delete node: IP: 34.117.65.55. Number of nodes 17
EtherApe-INFO: 15:59:04.309: delete node: IP: 192.168.0.1. Number of nodes 16
EtherApe-INFO: 15:59:12.474: delete node: IP: 198.252.206.25. Number of nodes 15
EtherApe-INFO: 16:00:06.493: delete node: IP: 172.217.16.1. Number of nodes 14
EtherApe-INFO: 16:00:08.494: New node: IP: 149.154.167.216. Number of nodes 15
EtherApe-INFO: 16:00:31.023: New node: IP: 142.250.203.197. Number of nodes 16
EtherApe-INFO: 16:00:39.982: New node: IP: 192.168.0.1. Number of nodes 17
EtherApe-INFO: 16:00:39.983: New node: IP: 95.216.195.133. Number of nodes 18
EtherApe-INFO: 16:00:53.551: New node: IP: 142.250.203.141. Number of nodes 19
EtherApe-INFO: 16:01:31.952: New node: IP: 104.18.14.117. Number of nodes 20
EtherApe-INFO: 16:02:01.390: New node: IP: 34.117.65.55. Number of nodes 21
EtherApe-INFO: 16:02:02.451: delete node: IP: 176.122.110.206. Number of nodes 20
EtherApe-INFO: 16:02:12.910: New node: IP: 198.252.206.25. Number of nodes 21
EtherApe-INFO: 16:02:21.954: delete node: IP: 142.250.186.197. Number of nodes 20
EtherApe-INFO: 16:02:24.776: delete node: IP: 149.154.167.216. Number of nodes 19
EtherApe-INFO: 16:02:27.806: delete node: IP: 176.122.110.204. Number of nodes 18
EtherApe-INFO: 16:02:41.851: delete node: IP: 95.216.195.133. Number of nodes 17
EtherApe-INFO: 16:02:45.936: New node: IP: 176.122.110.206. Number of nodes 18
EtherApe-INFO: 16:02:55.663: New node: IP: 142.250.203.150. Number of nodes 19
EtherApe-INFO: 16:02:55.666: New node: IP: 172.217.16.1. Number of nodes 20
EtherApe-INFO: 16:02:56.175: New node: IP: 176.122.110.204. Number of nodes 21
EtherApe-INFO: 16:02:58.736: New node: IP: 216.58.209.14. Number of nodes 22
EtherApe-INFO: 16:03:32.374: delete node: IP: 104.18.14.117. Number of nodes 21
EtherApe-INFO: 16:04:02.282: delete node: IP: 34.117.65.55. Number of nodes 20
EtherApe-INFO: 16:04:04.371: delete node: IP: 192.168.0.1. Number of nodes 19
EtherApe-INFO: 16:04:13.789: delete node: IP: 198.252.206.25. Number of nodes 18
EtherApe-INFO: 16:04:57.851: delete node: IP: 176.122.110.204. Number of nodes 17
EtherApe-INFO: 16:04:57.851: delete node: IP: 172.217.16.1. Number of nodes 16
EtherApe-INFO: 16:04:58.892: delete node: IP: 216.58.209.14. Number of nodes 15
EtherApe-INFO: 16:05:39.758: New node: IP: 192.168.0.1. Number of nodes 16
EtherApe-INFO: 16:05:39.758: New node: IP: 95.216.195.133. Number of nodes 17
EtherApe-INFO: 16:05:44.682: delete node: IP: 142.250.203.141. Number of nodes 16
EtherApe-INFO: 16:06:16.113: New node: IP: 176.122.110.204. Number of nodes 17
EtherApe-INFO: 16:06:25.083: delete node: IP: 176.122.110.206. Number of nodes 16
EtherApe-INFO: 16:06:25.839: New node: IP: 192.178.25.161. Number of nodes 17
EtherApe-INFO: 16:06:26.351: New node: IP: 176.122.113.76. Number of nodes 18
EtherApe-INFO: 16:07:01.422: New node: IP: 34.117.65.55. Number of nodes 19
EtherApe-INFO: 16:07:13.454: New node: IP: 198.252.206.25. Number of nodes 20
EtherApe-INFO: 16:07:40.130: delete node: IP: 95.216.195.133. Number of nodes 19
EtherApe-INFO: 16:07:49.136: delete node: IP: 142.250.203.150. Number of nodes 18
EtherApe-INFO: 16:08:22.897: delete node: IP: 142.250.203.197. Number of nodes 17
EtherApe-INFO: 16:08:28.231: delete node: IP: 176.122.113.76. Number of nodes 16
EtherApe-INFO: 16:08:32.048: New node: IP: 142.250.203.197. Number of nodes 17
EtherApe-INFO: 16:09:02.095: delete node: IP: 34.117.65.55. Number of nodes 16
EtherApe-INFO: 16:09:04.389: delete node: IP: 192.168.0.1. Number of nodes 15
EtherApe-INFO: 16:09:10.704: New node: IP: 176.122.113.76. Number of nodes 16
EtherApe-INFO: 16:09:10.726: New node: IP: 74.125.8.135. Number of nodes 17
EtherApe-INFO: 16:09:10.959: New node: IP: 192.168.0.1. Number of nodes 18
EtherApe-INFO: 16:09:15.378: delete node: IP: 198.252.206.25. Number of nodes 17
EtherApe-INFO: 16:09:20.944: New node: IP: 176.122.113.13. Number of nodes 18
EtherApe-INFO: 16:09:37.839: New node: IP: 172.217.16.42. Number of nodes 19
EtherApe-INFO: 16:09:40.428: delete node: IP: 176.122.110.204. Number of nodes 18
EtherApe-INFO: 16:10:39.791: New node: IP: 95.216.195.133. Number of nodes 19
EtherApe-INFO: 16:10:55.151: New node: IP: 142.250.203.141. Number of nodes 20
EtherApe-INFO: 16:11:11.376: delete node: IP: 74.125.8.135. Number of nodes 19
EtherApe-INFO: 16:11:32.271: New node: IP: 104.18.14.117. Number of nodes 20
EtherApe-INFO: 16:11:38.459: delete node: IP: 172.217.16.42. Number of nodes 19
EtherApe-INFO: 16:12:01.710: New node: IP: 34.117.65.55. Number of nodes 20
EtherApe-INFO: 16:12:13.742: New node: IP: 198.252.206.25. Number of nodes 21
EtherApe-INFO: 16:12:17.583: New node: IP: 176.122.113.77. Number of nodes 22
EtherApe-INFO: 16:12:34.495: delete node: IP: 176.122.113.76. Number of nodes 21
EtherApe-INFO: 16:12:40.372: delete node: IP: 95.216.195.133. Number of nodes 20
EtherApe-INFO: 16:13:16.974: New node: IPv6: fe80::13fb:a58d:93ba:8515. Number of nodes 21
EtherApe-INFO: 16:13:16.974: New node: IPv6: ff02::2. Number of nodes 22
EtherApe-INFO: 16:13:24.927: delete node: IP: 142.250.203.197. Number of nodes 21
EtherApe-INFO: 16:13:32.684: delete node: IP: 104.18.14.117. Number of nodes 20
EtherApe-INFO: 16:13:33.360: New node: IP: 142.250.186.197. Number of nodes 21
EtherApe-INFO: 16:14:02.554: delete node: IP: 34.117.65.55. Number of nodes 20
EtherApe-INFO: 16:14:04.647: delete node: IP: 192.168.0.1. Number of nodes 19
EtherApe-INFO: 16:14:14.403: delete node: IP: 198.252.206.25. Number of nodes 18
EtherApe-INFO: 16:14:19.749: delete node: IP: 176.122.113.77. Number of nodes 17
EtherApe-INFO: 16:15:09.615: New node: IP: 149.154.167.216. Number of nodes 18
EtherApe-INFO: 16:15:17.855: delete node: IPv6: ff02::2. Number of nodes 17
EtherApe-INFO: 16:15:17.855: delete node: IPv6: fe80::13fb:a58d:93ba:8515. Number of nodes 16
EtherApe-INFO: 16:15:33.423: New node: IP: 176.122.113.77. Number of nodes 17
EtherApe-INFO: 16:15:39.822: New node: IP: 192.168.0.1. Number of nodes 18
EtherApe-INFO: 16:15:39.823: New node: IP: 95.216.195.133. Number of nodes 19
EtherApe-INFO: 16:15:43.150: New node: IP: 216.58.215.86. Number of nodes 20
EtherApe-INFO: 16:15:46.262: delete node: IP: 142.250.203.141. Number of nodes 19
EtherApe-INFO: 16:17:01.998: New node: IP: 34.117.65.55. Number of nodes 20
EtherApe-INFO: 16:17:14.286: New node: IP: 198.252.206.25. Number of nodes 21
EtherApe-INFO: 16:17:33.760: delete node: IP: 149.154.167.216. Number of nodes 20
EtherApe-INFO: 16:17:40.201: delete node: IP: 95.216.195.133. Number of nodes 19
EtherApe-INFO: 16:17:44.072: delete node: IP: 176.122.113.13. Number of nodes 18
EtherApe-INFO: 16:18:25.039: delete node: IP: 142.250.186.197. Number of nodes 17
EtherApe-INFO: 16:18:33.903: New node: IP: 142.250.186.197. Number of nodes 18
EtherApe-INFO: 16:19:02.110: delete node: IP: 34.117.65.55. Number of nodes 17
EtherApe-INFO: 16:19:05.147: delete node: IP: 192.168.0.1. Number of nodes 16
EtherApe-INFO: 16:19:09.230: New node: IP: 149.154.167.216. Number of nodes 17
EtherApe-INFO: 16:19:17.186: delete node: IP: 198.252.206.25. Number of nodes 16
EtherApe-INFO: 16:19:35.087: delete node: IP: 176.122.113.77. Number of nodes 15
EtherApe-INFO: 16:19:35.090: New node: IP: 142.250.75.10. Number of nodes 16
EtherApe-INFO: 16:19:48.911: New node: IP: 176.122.113.13. Number of nodes 17
EtherApe-INFO: 16:19:59.151: New node: IP: 176.122.113.78. Number of nodes 18
EtherApe-INFO: 16:20:33.500: delete node: IP: 216.58.215.86. Number of nodes 17
EtherApe-INFO: 16:20:39.854: New node: IP: 192.168.0.1. Number of nodes 18
EtherApe-INFO: 16:20:39.854: New node: IP: 95.216.195.133. Number of nodes 19
EtherApe-INFO: 16:20:56.495: New node: IP: 142.250.203.141. Number of nodes 20
EtherApe-INFO: 16:21:11.445: delete node: IP: 104.16.248.249. Number of nodes 19
EtherApe-INFO: 16:21:18.256: New node: IP: 34.120.208.123. Number of nodes 20
EtherApe-INFO: 16:21:18.257: New node: IP: 192.229.221.95. Number of nodes 21
EtherApe-INFO: 16:21:24.399: New node: IP: 176.122.110.204. Number of nodes 22
EtherApe-INFO: 16:21:32.356: New node: IP: 104.18.14.117. Number of nodes 23
EtherApe-INFO: 16:22:01.262: New node: IP: 34.117.65.55. Number of nodes 24
EtherApe-INFO: 16:22:14.830: New node: IP: 198.252.206.25. Number of nodes 25
