(etherape:4958): GLib-GIO-DEBUG: 17:41:19.335: _g_io_module_get_default: Found default implementation local (GLocalVfs) for ‘gio-vfs’
(etherape:4958): GLib-GIO-DEBUG: 17:41:19.405: Using cross-namespace EXTERNAL authentication (this will deadlock if server is GDBus < 2.73.3)
EtherApe-INFO: 17:41:19.452: sctp protocol not supported
EtherApe-INFO: 17:41:19.452: dccp protocol not supported
EtherApe-INFO: 17:41:19.452: sctp protocol not supported
EtherApe-INFO: 17:41:19.452: sctp protocol not supported
EtherApe-INFO: 17:41:19.452: sctp protocol not supported
EtherApe-INFO: 17:41:19.452: sctp protocol not supported
EtherApe-INFO: 17:41:19.452: sctp protocol not supported
EtherApe-INFO: 17:41:19.452: sctp protocol not supported
EtherApe-INFO: 17:41:19.453: sctp protocol not supported
EtherApe-INFO: 17:41:19.453: dccp protocol not supported
EtherApe-INFO: 17:41:19.453: sctp protocol not supported
EtherApe-INFO: 17:41:19.453: dccp protocol not supported
EtherApe-INFO: 17:41:19.453: dccp protocol not supported
EtherApe-INFO: 17:41:19.453: sctp protocol not supported
EtherApe-INFO: 17:41:19.453: sctp protocol not supported
EtherApe-INFO: 17:41:19.454: sctp protocol not supported
EtherApe-INFO: 17:41:19.454: sctp protocol not supported
EtherApe-INFO: 17:41:19.454: sctp protocol not supported
EtherApe-INFO: 17:41:19.455: sctp protocol not supported
EtherApe-INFO: 17:41:19.455: sctp protocol not supported
EtherApe-INFO: 17:41:19.455: sctp protocol not supported
EtherApe-INFO: 17:41:19.455: sctp protocol not supported
EtherApe-INFO: 17:41:19.455: sctp protocol not supported
EtherApe-INFO: 17:41:19.455: sctp protocol not supported
EtherApe-INFO: 17:41:19.456: sctp protocol not supported
EtherApe-INFO: 17:41:19.456: sctp protocol not supported
EtherApe-INFO: 17:41:19.456: sctp protocol not supported
EtherApe-INFO: 17:41:19.456: sctp protocol not supported
EtherApe-INFO: 17:41:19.456: dccp protocol not supported
EtherApe-INFO: 17:41:19.456: sctp protocol not supported
EtherApe-INFO: 17:41:19.456: sctp protocol not supported
EtherApe-INFO: 17:41:19.456: dccp protocol not supported
EtherApe-INFO: 17:41:19.456: sctp protocol not supported
EtherApe-INFO: 17:41:19.456: sctp protocol not supported
EtherApe-INFO: 17:41:19.456: sctp protocol not supported
EtherApe-INFO: 17:41:19.456: dccp protocol not supported
EtherApe-INFO: 17:41:19.456: dccp protocol not supported
EtherApe-INFO: 17:41:19.456: sctp protocol not supported
EtherApe-INFO: 17:41:19.456: sctp protocol not supported
EtherApe-INFO: 17:41:19.456: sctp protocol not supported
EtherApe-INFO: 17:41:19.456: sctp protocol not supported
EtherApe-INFO: 17:41:19.456: sctp protocol not supported
EtherApe-INFO: 17:41:19.457: sctp protocol not supported
EtherApe-INFO: 17:41:19.457: sctp protocol not supported
EtherApe-INFO: 17:41:19.457: sctp protocol not supported
EtherApe-INFO: 17:41:19.457: sctp protocol not supported
EtherApe-INFO: 17:41:19.457: sctp protocol not supported
EtherApe-INFO: 17:41:19.457: sctp protocol not supported
EtherApe-INFO: 17:41:19.457: sctp protocol not supported
EtherApe-INFO: 17:41:19.457: sctp protocol not supported
EtherApe-INFO: 17:41:19.457: sctp protocol not supported
EtherApe-INFO: 17:41:19.457: sctp protocol not supported
EtherApe-INFO: 17:41:19.457: sctp protocol not supported
EtherApe-INFO: 17:41:19.457: sctp protocol not supported
EtherApe-INFO: 17:41:19.457: sctp protocol not supported
EtherApe-INFO: 17:41:19.457: sctp protocol not supported
EtherApe-INFO: 17:41:19.457: sctp protocol not supported
EtherApe-INFO: 17:41:19.457: dccp protocol not supported
EtherApe-INFO: 17:41:19.457: sctp protocol not supported
EtherApe-INFO: 17:41:19.457: sctp protocol not supported
EtherApe-INFO: 17:41:19.457: sctp protocol not supported
EtherApe-INFO: 17:41:19.457: sctp protocol not supported
EtherApe-INFO: 17:41:19.457: sctp protocol not supported
EtherApe-INFO: 17:41:19.457: sctp protocol not supported
EtherApe-INFO: 17:41:19.457: sctp protocol not supported
EtherApe-INFO: 17:41:19.458: sctp protocol not supported
EtherApe-INFO: 17:41:19.458: sctp protocol not supported
EtherApe-INFO: 17:41:19.458: sctp protocol not supported
EtherApe-INFO: 17:41:19.458: sctp protocol not supported
EtherApe-INFO: 17:41:19.458: sctp protocol not supported
EtherApe-INFO: 17:41:19.458: sctp protocol not supported
EtherApe-INFO: 17:41:19.458: sctp protocol not supported
EtherApe-INFO: 17:41:19.458: sctp protocol not supported
EtherApe-INFO: 17:41:19.458: sctp protocol not supported
EtherApe-INFO: 17:41:19.458: sctp protocol not supported
EtherApe-INFO: 17:41:19.458: sctp protocol not supported
EtherApe-INFO: 17:41:19.458: sctp protocol not supported
EtherApe-INFO: 17:41:19.458: sctp protocol not supported
EtherApe-INFO: 17:41:19.458: sctp protocol not supported
EtherApe-INFO: 17:41:19.458: sctp protocol not supported
EtherApe-INFO: 17:41:19.458: sctp protocol not supported
EtherApe-INFO: 17:41:19.458: sctp protocol not supported
EtherApe-INFO: 17:41:19.458: sctp protocol not supported
EtherApe-INFO: 17:41:19.458: sctp protocol not supported
EtherApe-INFO: 17:41:19.458: sctp protocol not supported
EtherApe-INFO: 17:41:19.458: sctp protocol not supported
EtherApe-INFO: 17:41:19.458: sctp protocol not supported
EtherApe-INFO: 17:41:19.458: sctp protocol not supported
EtherApe-INFO: 17:41:19.458: sctp protocol not supported
EtherApe-INFO: 17:41:19.458: sctp protocol not supported
EtherApe-INFO: 17:41:19.458: sctp protocol not supported
EtherApe-INFO: 17:41:19.458: sctp protocol not supported
EtherApe-INFO: 17:41:19.459: sctp protocol not supported
EtherApe-INFO: 17:41:19.459: sctp protocol not supported
EtherApe-INFO: 17:41:19.467: get_interface result: ''
EtherApe-INFO: 17:41:19.467: Available interfaces for capture: dbus-session dbus-system nfqueue nflog bluetooth-monitor bluetooth0 lo any wlp2s0
EtherApe-INFO: 17:41:19.468: Link type is LINUX_SLL
EtherApe-INFO: 17:41:19.468: Diagram started
EtherApe-INFO: 17:41:20.236: New node: IP: 108.138.51.110. Number of nodes 1
EtherApe-INFO: 17:41:20.236: New node: IP: 192.168.1.249. Number of nodes 2
EtherApe-INFO: 17:41:20.492: New node: IP: 104.18.13.33. Number of nodes 3
EtherApe-INFO: 17:41:21.516: New node: IP: 9.9.9.9. Number of nodes 4
EtherApe-INFO: 17:41:25.612: New node: IP: 8.8.8.8. Number of nodes 5
EtherApe-INFO: 17:41:26.124: New node: IP: 142.250.203.206. Number of nodes 6
EtherApe-INFO: 17:41:26.124: New node: IP: 104.16.249.249. Number of nodes 7
EtherApe-INFO: 17:41:27.660: New node: IP: 149.154.167.41. Number of nodes 8
EtherApe-INFO: 17:41:29.963: New node: IP: 142.250.203.202. Number of nodes 9
EtherApe-INFO: 17:41:32.781: New node: IP: 149.154.167.92. Number of nodes 10
EtherApe-INFO: 17:41:33.036: New node: IP: 149.154.167.216. Number of nodes 11
EtherApe-INFO: 17:41:36.876: New node: IP: 79.142.192.4. Number of nodes 12
EtherApe-INFO: 17:41:40.716: New node: IP: 192.168.0.130. Number of nodes 13
EtherApe-INFO: 17:41:47.116: New node: IP: 142.250.203.195. Number of nodes 14
EtherApe-INFO: 17:41:48.396: New node: IP: 142.250.203.197. Number of nodes 15
EtherApe-INFO: 17:41:49.164: New node: IPv6: fe80::503d:dba5:3259:5b9a. Number of nodes 16
EtherApe-INFO: 17:41:49.164: New node: IPv6: ff02::1:2. Number of nodes 17
EtherApe-INFO: 17:41:49.420: New node: IP: 224.0.0.251. Number of nodes 18
EtherApe-INFO: 17:41:49.420: New node: IP: 127.0.0.1. Number of nodes 19
EtherApe-INFO: 17:41:50.188: New node: IP: 192.168.1.1. Number of nodes 20
EtherApe-INFO: 17:41:55.052: New node: IP: 130.185.239.78. Number of nodes 21
EtherApe-INFO: 17:41:56.076: New node: IP: 5.161.66.254. Number of nodes 22
EtherApe-INFO: 17:41:57.100: New node: IP: 142.250.203.132. Number of nodes 23
EtherApe-INFO: 17:41:57.100: New node: IP: 185.45.114.140. Number of nodes 24
EtherApe-INFO: 17:42:04.268: New node: IP: 78.46.178.133. Number of nodes 25
EtherApe-INFO: 17:42:07.852: New node: IP: 140.82.113.25. Number of nodes 26
EtherApe-INFO: 17:42:20.908: New node: IP: 192.168.0.1. Number of nodes 27
EtherApe-INFO: 17:42:26.028: New node: IP: 108.138.51.96. Number of nodes 28
EtherApe-INFO: 17:43:26.219: delete node: IP: 8.8.8.8. Number of nodes 27
EtherApe-INFO: 17:43:50.094: delete node: IP: 149.154.167.216. Number of nodes 26
EtherApe-INFO: 17:43:50.301: delete node: IP: 192.168.1.1. Number of nodes 25
EtherApe-INFO: 17:43:50.301: delete node: IP: 149.154.167.92. Number of nodes 24
EtherApe-INFO: 17:43:52.569: delete node: IP: 224.0.0.251. Number of nodes 23
EtherApe-INFO: 17:43:52.569: delete node: IP: 127.0.0.1. Number of nodes 22
EtherApe-INFO: 17:43:55.453: delete node: IP: 130.185.239.78. Number of nodes 21
EtherApe-INFO: 17:43:56.173: delete node: IP: 5.161.66.254. Number of nodes 20
EtherApe-INFO: 17:43:57.512: delete node: IP: 185.45.114.140. Number of nodes 19
EtherApe-INFO: 17:43:57.512: delete node: IP: 142.250.203.132. Number of nodes 18
EtherApe-INFO: 17:44:05.644: delete node: IP: 78.46.178.133. Number of nodes 17
EtherApe-INFO: 17:44:26.950: delete node: IP: 9.9.9.9. Number of nodes 16
EtherApe-INFO: 17:44:41.242: delete node: IP: 192.168.0.1. Number of nodes 15
EtherApe-INFO: 17:45:06.028: New node: IP: 127.0.0.1. Number of nodes 16
EtherApe-INFO: 17:45:06.028: New node: IP: 224.0.0.251. Number of nodes 17
EtherApe-INFO: 17:45:06.796: New node: IP: 35.82.246.186. Number of nodes 18
EtherApe-INFO: 17:45:07.052: New node: IP: 9.9.9.9. Number of nodes 19
EtherApe-INFO: 17:45:11.916: New node: IP: 8.8.8.8. Number of nodes 20
EtherApe-INFO: 17:45:13.749: delete node: IP: 79.142.192.4. Number of nodes 19
EtherApe-INFO: 17:45:21.644: New node: IP: 79.142.192.4. Number of nodes 20
EtherApe-INFO: 17:45:23.180: New node: IP: 192.168.0.1. Number of nodes 21
EtherApe-INFO: 17:46:25.900: New node: IP: 130.185.239.78. Number of nodes 22
EtherApe-INFO: 17:46:26.413: New node: IP: 185.45.114.140. Number of nodes 23
EtherApe-INFO: 17:46:43.564: New node: IP: 5.161.66.254. Number of nodes 24
EtherApe-INFO: 17:46:44.437: delete node: IP: 104.18.13.33. Number of nodes 23
EtherApe-INFO: 17:46:44.589: New node: IP: 142.250.203.132. Number of nodes 24
EtherApe-INFO: 17:46:44.849: New node: IP: 142.250.186.206. Number of nodes 25
EtherApe-INFO: 17:46:48.940: New node: IP: 142.250.186.197. Number of nodes 26
EtherApe-INFO: 17:46:49.964: New node: IP: 192.168.1.1. Number of nodes 27
EtherApe-INFO: 17:46:51.500: New node: IP: 87.245.216.9. Number of nodes 28
EtherApe-INFO: 17:46:51.757: New node: IP: 188.227.12.37. Number of nodes 29
EtherApe-INFO: 17:47:01.227: New node: IP: 1.1.1.1. Number of nodes 30
EtherApe-INFO: 17:47:01.228: New node: IP: 192.168.1.255. Number of nodes 31
EtherApe-INFO: 17:47:04.301: New node: IP: 78.46.178.133. Number of nodes 32
EtherApe-INFO: 17:47:05.324: New node: IP: 213.180.204.183. Number of nodes 33
EtherApe-INFO: 17:47:05.333: delete node: IP: 142.250.203.197. Number of nodes 32
EtherApe-INFO: 17:47:06.900: delete node: IP: 35.82.246.186. Number of nodes 31
EtherApe-INFO: 17:47:12.317: delete node: IP: 8.8.8.8. Number of nodes 30
EtherApe-INFO: 17:47:22.819: delete node: IP: 79.142.192.4. Number of nodes 29
EtherApe-INFO: 17:47:24.524: New node: IP: 142.250.147.82. Number of nodes 30
EtherApe-INFO: 17:47:24.780: New node: IP: 216.58.209.3. Number of nodes 31
EtherApe-INFO: 17:47:41.421: New node: IP: 172.217.16.1. Number of nodes 32
EtherApe-INFO: 17:47:41.421: New node: IP: 142.250.203.129. Number of nodes 33
EtherApe-INFO: 17:47:41.421: New node: IP: 172.217.16.33. Number of nodes 34
EtherApe-INFO: 17:47:41.681: New node: IP: 142.250.203.131. Number of nodes 35
EtherApe-INFO: 17:47:41.684: New node: IP: 142.250.186.202. Number of nodes 36
EtherApe-INFO: 17:47:42.457: New node: IP: 216.58.208.206. Number of nodes 37
EtherApe-INFO: 17:47:42.457: New node: IP: 142.250.203.193. Number of nodes 38
EtherApe-INFO: 17:47:47.564: New node: IP: 8.8.8.8. Number of nodes 39
EtherApe-INFO: 17:47:52.172: New node: IP: 87.121.121.2. Number of nodes 40
EtherApe-INFO: 17:47:52.428: New node: IP: 104.18.32.68. Number of nodes 41
EtherApe-INFO: 17:48:26.988: New node: IP: 34.120.208.123. Number of nodes 42
EtherApe-INFO: 17:48:26.990: New node: IP: 93.184.220.29. Number of nodes 43
EtherApe-INFO: 17:48:31.086: New node: IP: 95.216.144.15. Number of nodes 44
EtherApe-INFO: 17:48:50.293: New node: IP: 172.217.16.54. Number of nodes 45
EtherApe-INFO: 17:48:50.375: delete node: IP: 192.168.1.1. Number of nodes 44
EtherApe-INFO: 17:48:50.801: New node: IP: 216.58.215.110. Number of nodes 45
EtherApe-INFO: 17:49:00.637: delete node: IP: 188.227.12.37. Number of nodes 44
EtherApe-INFO: 17:49:01.053: delete node: IP: 1.1.1.1. Number of nodes 43
EtherApe-INFO: 17:49:01.574: delete node: IP: 192.168.1.255. Number of nodes 42
EtherApe-INFO: 17:49:02.093: delete node: IP: 108.138.51.96. Number of nodes 41
EtherApe-INFO: 17:49:04.403: delete node: IP: 78.46.178.133. Number of nodes 40
EtherApe-INFO: 17:49:04.893: New node: IP: 216.58.209.14. Number of nodes 41
EtherApe-INFO: 17:49:30.736: New node: IP: 135.181.27.174. Number of nodes 42
EtherApe-INFO: 17:49:37.179: delete node: IP: 213.180.204.183. Number of nodes 41
EtherApe-INFO: 17:49:37.900: New node: IP: 79.142.192.4. Number of nodes 42
EtherApe-INFO: 17:49:45.644: delete node: IP: 172.217.16.1. Number of nodes 41
EtherApe-INFO: 17:49:45.853: delete node: IP: 172.217.16.33. Number of nodes 40
EtherApe-INFO: 17:49:45.853: delete node: IP: 142.250.203.129. Number of nodes 39
EtherApe-INFO: 17:49:47.634: delete node: IP: 8.8.8.8. Number of nodes 38
EtherApe-INFO: 17:50:06.836: New node: IP: 35.82.246.186. Number of nodes 39
EtherApe-INFO: 17:50:09.901: New node: IP: 140.82.121.4. Number of nodes 40
EtherApe-INFO: 17:50:10.669: New node: IP: 185.199.109.133. Number of nodes 41
EtherApe-INFO: 17:50:28.078: New node: IP: 142.250.203.142. Number of nodes 42
EtherApe-INFO: 17:50:31.475: delete node: IP: 95.216.144.15. Number of nodes 41
EtherApe-INFO: 17:50:48.386: delete node: IP: 87.245.216.9. Number of nodes 40
EtherApe-INFO: 17:50:50.365: delete node: IP: 142.250.203.131. Number of nodes 39
EtherApe-INFO: 17:51:07.762: New node: IP: 140.82.113.26. Number of nodes 40
EtherApe-INFO: 17:51:09.111: delete node: IP: 224.0.0.251. Number of nodes 39
EtherApe-INFO: 17:51:09.111: delete node: IP: 127.0.0.1. Number of nodes 38
EtherApe-INFO: 17:51:14.218: delete node: IP: 216.58.209.14. Number of nodes 37
EtherApe-INFO: 17:51:16.206: New node: IP: 52.16.16.21. Number of nodes 38
EtherApe-INFO: 17:51:16.974: New node: IP: 224.0.0.251. Number of nodes 39
EtherApe-INFO: 17:51:16.974: New node: IP: 127.0.0.1. Number of nodes 40
EtherApe-INFO: 17:51:21.580: New node: IP: 52.212.99.156. Number of nodes 41
EtherApe-INFO: 17:51:27.785: delete node: IP: 216.58.215.110. Number of nodes 40
EtherApe-INFO: 17:51:35.215: delete node: IP: 142.250.186.206. Number of nodes 39
EtherApe-INFO: 17:51:37.812: delete node: IP: 79.142.192.4. Number of nodes 38
EtherApe-INFO: 17:51:39.265: delete node: IP: 216.58.209.3. Number of nodes 37
EtherApe-INFO: 17:51:48.254: delete node: IP: 104.18.32.68. Number of nodes 36
EtherApe-INFO: 17:51:49.996: New node: IP: 192.168.1.1. Number of nodes 37
EtherApe-INFO: 17:52:04.332: New node: IP: 78.46.178.133. Number of nodes 38
EtherApe-INFO: 17:52:07.226: delete node: IP: 35.82.246.186. Number of nodes 37
EtherApe-INFO: 17:52:07.748: delete node: IP: 192.168.0.1. Number of nodes 36
EtherApe-INFO: 17:52:16.393: delete node: IP: 142.250.147.82. Number of nodes 35
EtherApe-INFO: 17:52:22.327: delete node: IP: 93.184.220.29. Number of nodes 34
EtherApe-INFO: 17:52:33.333: delete node: IP: 142.250.203.193. Number of nodes 33
EtherApe-INFO: 17:52:36.660: delete node: IP: 135.181.27.174. Number of nodes 32
EtherApe-INFO: 17:53:16.331: delete node: IP: 52.16.16.21. Number of nodes 31
EtherApe-INFO: 17:53:17.055: delete node: IP: 224.0.0.251. Number of nodes 30
EtherApe-INFO: 17:53:17.055: delete node: IP: 127.0.0.1. Number of nodes 29
EtherApe-INFO: 17:53:21.716: delete node: IP: 52.212.99.156. Number of nodes 28
EtherApe-INFO: 17:53:40.129: delete node: IP: 34.120.208.123. Number of nodes 27
EtherApe-INFO: 17:53:50.164: delete node: IP: 192.168.1.1. Number of nodes 26
EtherApe-INFO: 17:54:03.374: New node: IP: 192.168.0.1. Number of nodes 27
EtherApe-INFO: 17:54:04.229: delete node: IP: 9.9.9.9. Number of nodes 26
EtherApe-INFO: 17:54:04.434: delete node: IP: 78.46.178.133. Number of nodes 25
EtherApe-INFO: 17:54:17.477: delete node: IP: 172.217.16.54. Number of nodes 24
EtherApe-INFO: 17:54:19.540: delete node: IP: 216.58.208.206. Number of nodes 23
EtherApe-INFO: 17:54:19.540: delete node: IP: 142.250.186.202. Number of nodes 22
EtherApe-INFO: 17:54:34.094: delete node: IP: 140.82.113.25. Number of nodes 21
EtherApe-INFO: 17:55:01.261: delete node: IP: 140.82.121.4. Number of nodes 20
EtherApe-INFO: 17:55:07.117: New node: IP: 35.82.246.186. Number of nodes 21
EtherApe-INFO: 17:55:08.181: delete node: IP: 185.199.109.133. Number of nodes 20
EtherApe-INFO: 17:55:32.979: New node: IP: 224.0.0.251. Number of nodes 21
EtherApe-INFO: 17:55:32.979: New node: IP: 127.0.0.1. Number of nodes 22
EtherApe-INFO: 17:56:23.977: delete node: IP: 192.168.0.1. Number of nodes 21
EtherApe-INFO: 17:56:33.981: delete node: IP: 142.250.203.142. Number of nodes 20
EtherApe-INFO: 17:56:33.981: delete node: IP: 5.161.66.254. Number of nodes 19
EtherApe-INFO: 17:56:35.011: delete node: IP: 185.45.114.140. Number of nodes 18
EtherApe-INFO: 17:56:37.228: New node: IP: 9.9.9.9. Number of nodes 19
EtherApe-INFO: 17:56:50.029: New node: IP: 192.168.1.1. Number of nodes 20
EtherApe-INFO: 17:56:52.925: delete node: IP: 130.185.239.78. Number of nodes 19
EtherApe-INFO: 17:56:53.102: New node: IP: 142.250.203.197. Number of nodes 20
EtherApe-INFO: 17:57:04.117: New node: IP: 78.46.178.133. Number of nodes 21
EtherApe-INFO: 17:57:07.264: delete node: IP: 35.82.246.186. Number of nodes 20
EtherApe-INFO: 17:57:31.801: delete node: IP: 142.250.203.132. Number of nodes 19
EtherApe-INFO: 17:57:33.056: delete node: IP: 224.0.0.251. Number of nodes 18
EtherApe-INFO: 17:57:33.056: delete node: IP: 127.0.0.1. Number of nodes 17
EtherApe-INFO: 17:58:10.156: New node: IP: 79.142.192.4. Number of nodes 18
EtherApe-INFO: 17:58:14.254: New node: IP: 216.58.208.202. Number of nodes 19
EtherApe-INFO: 17:58:42.998: delete node: IP: 142.250.186.197. Number of nodes 18
EtherApe-INFO: 17:58:50.103: delete node: IP: 192.168.1.1. Number of nodes 17
EtherApe-INFO: 17:59:04.524: delete node: IP: 78.46.178.133. Number of nodes 16
EtherApe-INFO: 18:00:00.493: New node: IP: 108.138.51.96. Number of nodes 17
EtherApe-INFO: 18:00:07.149: New node: IP: 35.82.246.186. Number of nodes 18
EtherApe-INFO: 18:00:09.967: New node: IP: 216.58.215.74. Number of nodes 19
EtherApe-INFO: 18:00:10.041: delete node: IP: 79.142.192.4. Number of nodes 18
EtherApe-INFO: 18:00:10.222: New node: IP: 216.58.209.3. Number of nodes 19
EtherApe-INFO: 18:00:21.740: New node: IP: 54.73.148.110. Number of nodes 20
EtherApe-INFO: 18:01:20.371: New node: IP: 149.154.167.216. Number of nodes 21
EtherApe-INFO: 18:01:38.797: New node: IP: 52.212.99.156. Number of nodes 22
EtherApe-INFO: 18:01:43.666: New node: IP: 52.19.109.21. Number of nodes 23
EtherApe-INFO: 18:01:50.060: New node: IP: 192.168.1.1. Number of nodes 24
EtherApe-INFO: 18:02:04.146: New node: IP: 78.46.178.133. Number of nodes 25
EtherApe-INFO: 18:02:07.525: delete node: IP: 35.82.246.186. Number of nodes 24
EtherApe-INFO: 18:02:10.028: New node: IP: 127.0.0.1. Number of nodes 25
EtherApe-INFO: 18:02:10.029: New node: IP: 224.0.0.251. Number of nodes 26
EtherApe-INFO: 18:02:10.313: delete node: IP: 216.58.215.74. Number of nodes 25
EtherApe-INFO: 18:02:35.374: New node: IP: 192.168.0.1. Number of nodes 26
EtherApe-INFO: 18:02:39.471: New node: IP: 140.82.121.3. Number of nodes 27
EtherApe-INFO: 18:02:39.983: New node: IP: 140.82.113.25. Number of nodes 28
EtherApe-INFO: 18:03:05.876: delete node: IP: 216.58.208.202. Number of nodes 27
EtherApe-INFO: 18:03:36.340: delete node: IP: 149.154.167.216. Number of nodes 26
EtherApe-INFO: 18:03:38.923: delete node: IP: 52.212.99.156. Number of nodes 25
EtherApe-INFO: 18:03:44.074: delete node: IP: 52.19.109.21. Number of nodes 24
EtherApe-INFO: 18:03:50.157: delete node: IP: 192.168.1.1. Number of nodes 23
EtherApe-INFO: 18:03:57.574: delete node: IP: 192.168.0.130. Number of nodes 22
EtherApe-INFO: 18:04:00.879: New node: IP: 149.154.167.216. Number of nodes 23
EtherApe-INFO: 18:04:04.486: delete node: IP: 78.46.178.133. Number of nodes 22
EtherApe-INFO: 18:04:05.827: delete node: IP: 216.58.209.3. Number of nodes 21
EtherApe-INFO: 18:04:39.881: delete node: IP: 140.82.113.26. Number of nodes 20
EtherApe-INFO: 18:04:39.881: delete node: IP: 9.9.9.9. Number of nodes 19
EtherApe-INFO: 18:04:55.675: delete node: IP: 192.168.0.1. Number of nodes 18
EtherApe-INFO: 18:05:07.439: New node: IP: 35.82.246.186. Number of nodes 19
EtherApe-INFO: 18:05:07.439: New node: IP: 35.241.9.150. Number of nodes 20
EtherApe-INFO: 18:05:07.692: New node: IP: 9.9.9.9. Number of nodes 21
EtherApe-INFO: 18:05:07.694: New node: IP: 87.245.216.9. Number of nodes 22
EtherApe-INFO: 18:05:07.955: New node: IP: 34.160.144.191. Number of nodes 23
EtherApe-INFO: 18:05:12.910: delete node: IP: 54.73.148.110. Number of nodes 22
EtherApe-INFO: 18:06:05.140: delete node: IP: 224.0.0.251. Number of nodes 21
EtherApe-INFO: 18:06:05.140: delete node: IP: 127.0.0.1. Number of nodes 20
EtherApe-INFO: 18:06:16.377: delete node: IP: 149.154.167.216. Number of nodes 19
EtherApe-INFO: 18:06:35.760: New node: IP: 192.168.0.130. Number of nodes 20
EtherApe-INFO: 18:06:50.093: New node: IP: 192.168.1.1. Number of nodes 21
EtherApe-INFO: 18:07:00.929: delete node: IP: 108.138.51.96. Number of nodes 20
EtherApe-INFO: 18:07:04.173: New node: IP: 78.46.178.133. Number of nodes 21
EtherApe-INFO: 18:07:07.537: delete node: IP: 35.82.246.186. Number of nodes 20
EtherApe-INFO: 18:07:30.868: delete node: IP: 140.82.121.3. Number of nodes 19
EtherApe-INFO: 18:08:21.997: New node: IP: 216.58.215.74. Number of nodes 20
EtherApe-INFO: 18:08:50.234: delete node: IP: 192.168.1.1. Number of nodes 19
EtherApe-INFO: 18:09:03.730: delete node: IP: 87.245.216.9. Number of nodes 18
EtherApe-INFO: 18:09:04.245: delete node: IP: 9.9.9.9. Number of nodes 17
EtherApe-INFO: 18:09:04.555: delete node: IP: 78.46.178.133. Number of nodes 16
EtherApe-INFO: 18:09:58.834: delete node: IP: 35.241.9.150. Number of nodes 15
EtherApe-INFO: 18:09:58.834: delete node: IP: 34.160.144.191. Number of nodes 14
EtherApe-INFO: 18:10:07.469: New node: IP: 35.82.246.186. Number of nodes 15
EtherApe-INFO: 18:10:22.070: delete node: IP: 216.58.215.74. Number of nodes 14
EtherApe-INFO: 18:11:37.079: New node: IP: 9.9.9.9. Number of nodes 15
EtherApe-INFO: 18:11:50.124: New node: IP: 192.168.1.1. Number of nodes 16
EtherApe-INFO: 18:12:01.391: New node: IP: 52.19.109.21. Number of nodes 17
EtherApe-INFO: 18:12:04.209: New node: IP: 78.46.178.133. Number of nodes 18
EtherApe-INFO: 18:12:06.252: New node: IP: 54.229.152.140. Number of nodes 19
EtherApe-INFO: 18:12:07.882: delete node: IP: 35.82.246.186. Number of nodes 18
EtherApe-INFO: 18:13:50.231: delete node: IP: 192.168.1.1. Number of nodes 17
EtherApe-INFO: 18:14:01.459: delete node: IP: 52.19.109.21. Number of nodes 16
EtherApe-INFO: 18:14:04.542: delete node: IP: 78.46.178.133. Number of nodes 15
EtherApe-INFO: 18:14:06.390: delete node: IP: 54.229.152.140. Number of nodes 14
EtherApe-INFO: 18:14:06.905: delete node: IP: 9.9.9.9. Number of nodes 13
EtherApe-INFO: 18:15:02.382: New node: IP: 108.138.51.96. Number of nodes 14
EtherApe-INFO: 18:15:07.757: New node: IP: 35.82.246.186. Number of nodes 15
EtherApe-INFO: 18:15:14.159: New node: IP: 79.142.192.4. Number of nodes 16
EtherApe-INFO: 18:16:37.103: New node: IP: 9.9.9.9. Number of nodes 17
EtherApe-INFO: 18:16:50.156: New node: IP: 192.168.1.1. Number of nodes 18
EtherApe-INFO: 18:16:57.068: New node: IP: 216.58.215.74. Number of nodes 19
EtherApe-INFO: 18:17:04.237: New node: IP: 78.46.178.133. Number of nodes 20
EtherApe-INFO: 18:17:07.856: delete node: IP: 35.82.246.186. Number of nodes 19
EtherApe-INFO: 18:17:14.237: delete node: IP: 79.142.192.4. Number of nodes 18
EtherApe-INFO: 18:18:50.316: delete node: IP: 192.168.1.1. Number of nodes 17
EtherApe-INFO: 18:18:57.411: delete node: IP: 216.58.215.74. Number of nodes 16
EtherApe-INFO: 18:18:58.234: delete node: IP: 108.138.51.96. Number of nodes 15
EtherApe-INFO: 18:19:04.397: delete node: IP: 78.46.178.133. Number of nodes 14
EtherApe-INFO: 18:19:04.397: delete node: IP: 9.9.9.9. Number of nodes 13
EtherApe-INFO: 18:19:06.607: New node: IP: 149.154.167.216. Number of nodes 14
EtherApe-INFO: 18:20:07.794: New node: IP: 35.82.246.186. Number of nodes 15
EtherApe-INFO: 18:20:07.796: New node: IP: 35.241.9.150. Number of nodes 16
EtherApe-INFO: 18:21:02.116: delete node: IP: 192.168.0.130. Number of nodes 15
EtherApe-INFO: 18:21:09.228: New node: IP: 224.0.0.251. Number of nodes 16
EtherApe-INFO: 18:21:09.228: New node: IP: 127.0.0.1. Number of nodes 17
EtherApe-INFO: 18:21:22.028: New node: IP: 13.32.121.62. Number of nodes 18
EtherApe-INFO: 18:21:22.071: delete node: IP: 149.154.167.216. Number of nodes 17
EtherApe-INFO: 18:21:22.284: New node: IP: 9.9.9.9. Number of nodes 18
EtherApe-INFO: 18:21:25.614: New node: IP: 192.168.0.130. Number of nodes 19
EtherApe-INFO: 18:21:50.188: New node: IP: 192.168.1.1. Number of nodes 20
EtherApe-INFO: 18:22:04.270: New node: IP: 78.46.178.133. Number of nodes 21
EtherApe-INFO: 18:22:07.890: delete node: IP: 35.82.246.186. Number of nodes 20
EtherApe-INFO: 18:22:11.182: New node: IP: 216.58.208.206. Number of nodes 21
EtherApe-INFO: 18:22:23.980: New node: IP: 54.229.152.140. Number of nodes 22
EtherApe-INFO: 18:22:29.356: New node: IP: 54.171.156.218. Number of nodes 23
EtherApe-INFO: 18:23:12.125: delete node: IP: 224.0.0.251. Number of nodes 22
EtherApe-INFO: 18:23:12.125: delete node: IP: 127.0.0.1. Number of nodes 21
EtherApe-INFO: 18:23:53.608: delete node: IP: 192.168.1.1. Number of nodes 20
EtherApe-INFO: 18:24:06.459: delete node: IP: 78.46.178.133. Number of nodes 19
EtherApe-INFO: 18:24:12.110: delete node: IP: 216.58.208.206. Number of nodes 18
EtherApe-INFO: 18:24:12.110: delete node: IP: 87.121.121.2. Number of nodes 17
EtherApe-INFO: 18:24:24.858: delete node: IP: 54.229.152.140. Number of nodes 16
EtherApe-INFO: 18:24:31.226: delete node: IP: 54.171.156.218. Number of nodes 15
EtherApe-INFO: 18:24:31.226: delete node: IP: 9.9.9.9. Number of nodes 14
EtherApe-INFO: 18:24:58.416: delete node: IP: 35.241.9.150. Number of nodes 13
EtherApe-INFO: 18:25:07.820: New node: IP: 35.82.246.186. Number of nodes 14
EtherApe-INFO: 18:25:07.820: New node: IP: 35.241.9.150. Number of nodes 15
EtherApe-INFO: 18:25:08.076: New node: IP: 87.245.216.9. Number of nodes 16
EtherApe-INFO: 18:25:18.150: delete node: IP: 13.32.121.62. Number of nodes 15
EtherApe-INFO: 18:26:05.676: New node: IP: 149.154.167.216. Number of nodes 16
EtherApe-INFO: 18:26:37.164: New node: IP: 9.9.9.9. Number of nodes 17
EtherApe-INFO: 18:26:49.965: New node: IP: 192.168.1.1. Number of nodes 18
EtherApe-INFO: 18:27:04.300: New node: IP: 78.46.178.133. Number of nodes 19
EtherApe-INFO: 18:27:08.476: delete node: IP: 35.82.246.186. Number of nodes 18
EtherApe-INFO: 18:28:21.419: delete node: IP: 149.154.167.216. Number of nodes 17
EtherApe-INFO: 18:28:51.896: delete node: IP: 192.168.1.1. Number of nodes 16
EtherApe-INFO: 18:29:03.895: delete node: IP: 87.245.216.9. Number of nodes 15
EtherApe-INFO: 18:29:04.714: delete node: IP: 9.9.9.9. Number of nodes 14
EtherApe-INFO: 18:29:05.738: delete node: IP: 78.46.178.133. Number of nodes 13
EtherApe-INFO: 18:29:50.188: New node: IP: 149.154.167.216. Number of nodes 14
EtherApe-INFO: 18:29:58.684: delete node: IP: 35.241.9.150. Number of nodes 13
EtherApe-INFO: 18:30:03.757: New node: IP: 13.32.121.101. Number of nodes 14
EtherApe-INFO: 18:30:04.012: New node: IP: 9.9.9.9. Number of nodes 15
EtherApe-INFO: 18:30:07.852: New node: IP: 35.82.246.186. Number of nodes 16
EtherApe-INFO: 18:30:11.948: New node: IP: 44.227.32.151. Number of nodes 17
EtherApe-INFO: 18:30:11.948: New node: IP: 34.107.141.31. Number of nodes 18
EtherApe-INFO: 18:30:12.460: New node: IP: 35.186.227.140. Number of nodes 19
EtherApe-INFO: 18:30:20.908: New node: IP: 13.32.121.12. Number of nodes 20
EtherApe-INFO: 18:30:22.700: New node: IP: 3.251.50.149. Number of nodes 21
EtherApe-INFO: 18:30:38.828: New node: IP: 216.58.215.74. Number of nodes 22
EtherApe-INFO: 18:30:49.324: New node: IP: 34.120.208.123. Number of nodes 23
EtherApe-INFO: 18:30:49.580: New node: IP: 93.184.220.29. Number of nodes 24
EtherApe-INFO: 18:30:50.860: New node: IP: 172.217.16.42. Number of nodes 25
EtherApe-INFO: 18:31:49.997: New node: IP: 192.168.1.1. Number of nodes 26
EtherApe-INFO: 18:32:04.332: New node: IP: 78.46.178.133. Number of nodes 27
EtherApe-INFO: 18:32:08.480: delete node: IP: 35.82.246.186. Number of nodes 26
EtherApe-INFO: 18:32:16.121: delete node: IP: 108.138.51.110. Number of nodes 25
EtherApe-INFO: 18:32:24.877: delete node: IP: 149.154.167.216. Number of nodes 24
EtherApe-INFO: 18:32:46.572: New node: IP: 54.171.156.218. Number of nodes 25
EtherApe-INFO: 18:32:54.041: delete node: IP: 216.58.215.74. Number of nodes 24
EtherApe-INFO: 18:33:12.261: delete node: IP: 142.250.203.202. Number of nodes 23
EtherApe-INFO: 18:33:14.010: delete node: IP: 44.227.32.151. Number of nodes 22
EtherApe-INFO: 18:33:44.941: New node: IP: 142.250.203.132. Number of nodes 23
EtherApe-INFO: 18:33:47.246: New node: IP: 35.241.9.150. Number of nodes 24
EtherApe-INFO: 18:33:47.502: New node: IP: 87.245.216.9. Number of nodes 25
EtherApe-INFO: 18:33:48.012: New node: IP: 142.250.75.10. Number of nodes 26
EtherApe-INFO: 18:33:50.650: delete node: IP: 192.168.1.1. Number of nodes 25
EtherApe-INFO: 18:33:53.644: New node: IP: 192.0.78.191. Number of nodes 26
EtherApe-INFO: 18:33:54.157: New node: IP: 172.217.16.10. Number of nodes 27
EtherApe-INFO: 18:33:54.668: New node: IP: 192.0.77.2. Number of nodes 28
EtherApe-INFO: 18:33:54.675: New node: IP: 192.0.77.32. Number of nodes 29
EtherApe-INFO: 18:33:54.925: New node: IP: 192.0.78.32. Number of nodes 30
EtherApe-INFO: 18:33:54.929: New node: IP: 192.0.73.2. Number of nodes 31
EtherApe-INFO: 18:33:55.441: New node: IP: 192.0.78.22. Number of nodes 32
EtherApe-INFO: 18:34:01.897: delete node: IP: 13.32.121.101. Number of nodes 31
EtherApe-INFO: 18:34:02.348: New node: IP: 140.82.121.4. Number of nodes 32
EtherApe-INFO: 18:34:03.629: New node: IP: 185.199.108.154. Number of nodes 33
EtherApe-INFO: 18:34:03.887: New node: IP: 185.199.109.133. Number of nodes 34
EtherApe-INFO: 18:34:04.403: delete node: IP: 78.46.178.133. Number of nodes 33
EtherApe-INFO: 18:34:44.606: delete node: IP: 93.184.220.29. Number of nodes 32
EtherApe-INFO: 18:34:52.783: delete node: IP: 54.171.156.218. Number of nodes 31
EtherApe-INFO: 18:35:02.830: delete node: IP: 34.107.141.31. Number of nodes 30
EtherApe-INFO: 18:35:07.698: delete node: IP: 35.186.227.140. Number of nodes 29
EtherApe-INFO: 18:35:08.140: New node: IP: 35.82.246.186. Number of nodes 30
EtherApe-INFO: 18:35:13.818: delete node: IP: 3.251.50.149. Number of nodes 29
EtherApe-INFO: 18:35:48.938: delete node: IP: 142.250.75.10. Number of nodes 28
EtherApe-INFO: 18:36:07.369: delete node: IP: 9.9.9.9. Number of nodes 27
EtherApe-INFO: 18:36:09.069: New node: IP: 151.101.65.69. Number of nodes 28
EtherApe-INFO: 18:36:09.323: New node: IP: 9.9.9.9. Number of nodes 29
EtherApe-INFO: 18:36:09.839: New node: IP: 151.101.193.69. Number of nodes 30
EtherApe-INFO: 18:36:10.100: New node: IP: 146.75.120.193. Number of nodes 31
EtherApe-INFO: 18:36:18.027: New node: IP: 127.0.0.1. Number of nodes 32
EtherApe-INFO: 18:36:18.028: New node: IP: 224.0.0.251. Number of nodes 33
EtherApe-INFO: 18:36:39.276: New node: IP: 192.168.0.1. Number of nodes 34
EtherApe-INFO: 18:36:43.372: New node: IP: 172.217.16.1. Number of nodes 35
EtherApe-INFO: 18:36:50.028: New node: IP: 192.168.1.1. Number of nodes 36
EtherApe-INFO: 18:37:04.364: New node: IP: 78.46.178.133. Number of nodes 37
EtherApe-INFO: 18:37:08.273: delete node: IP: 35.82.246.186. Number of nodes 36
EtherApe-INFO: 18:37:10.351: delete node: IP: 192.0.78.191. Number of nodes 35
EtherApe-INFO: 18:37:10.351: delete node: IP: 192.0.78.32. Number of nodes 34
EtherApe-INFO: 18:37:10.351: delete node: IP: 192.0.77.2. Number of nodes 33
EtherApe-INFO: 18:37:11.286: delete node: IP: 192.0.78.22. Number of nodes 32
EtherApe-INFO: 18:37:11.286: delete node: IP: 192.0.77.32. Number of nodes 31
EtherApe-INFO: 18:37:14.093: New node: IP: 104.26.1.71. Number of nodes 32
EtherApe-INFO: 18:37:14.348: New node: IP: 87.245.216.107. Number of nodes 33
EtherApe-INFO: 18:37:14.607: New node: IP: 172.67.70.57. Number of nodes 34
EtherApe-INFO: 18:37:15.117: New node: IP: 104.26.0.71. Number of nodes 35
EtherApe-INFO: 18:37:30.733: New node: IP: 172.217.16.54. Number of nodes 36
EtherApe-INFO: 18:37:31.244: New node: IP: 142.250.186.206. Number of nodes 37
EtherApe-INFO: 18:37:31.503: New node: IP: 142.250.203.131. Number of nodes 38
EtherApe-INFO: 18:37:42.854: delete node: IP: 87.245.216.9. Number of nodes 37
EtherApe-INFO: 18:37:53.005: New node: IP: 185.199.110.133. Number of nodes 38
EtherApe-INFO: 18:38:10.429: delete node: IP: 151.101.193.69. Number of nodes 37
EtherApe-INFO: 18:38:18.616: delete node: IP: 127.0.0.1. Number of nodes 36
EtherApe-INFO: 18:38:20.998: delete node: IP: 224.0.0.251. Number of nodes 35
EtherApe-INFO: 18:38:37.858: delete node: IP: 35.241.9.150. Number of nodes 34
EtherApe-INFO: 18:38:41.166: delete node: IP: 192.0.73.2. Number of nodes 33
EtherApe-INFO: 18:38:43.441: delete node: IP: 172.217.16.1. Number of nodes 32
EtherApe-INFO: 18:38:46.541: delete node: IP: 172.217.16.10. Number of nodes 31
EtherApe-INFO: 18:38:50.152: delete node: IP: 192.168.1.1. Number of nodes 30
EtherApe-INFO: 18:38:53.677: New node: IP: 185.199.108.133. Number of nodes 31
EtherApe-INFO: 18:38:55.767: delete node: IP: 185.199.109.133. Number of nodes 30
EtherApe-INFO: 18:39:00.124: delete node: IP: 192.168.0.130. Number of nodes 29
EtherApe-INFO: 18:39:05.726: delete node: IP: 78.46.178.133. Number of nodes 28
EtherApe-INFO: 18:39:15.764: delete node: IP: 172.67.70.57. Number of nodes 27
EtherApe-INFO: 18:39:15.764: delete node: IP: 104.26.0.71. Number of nodes 26
EtherApe-INFO: 18:39:31.584: delete node: IP: 142.250.186.206. Number of nodes 25
EtherApe-INFO: 18:39:32.619: delete node: IP: 142.250.203.131. Number of nodes 24
EtherApe-INFO: 18:39:35.149: New node: IP: 93.184.220.29. Number of nodes 25
EtherApe-INFO: 18:39:52.066: delete node: IP: 142.250.203.197. Number of nodes 24
EtherApe-INFO: 18:40:00.236: New node: IP: 142.250.186.197. Number of nodes 25
EtherApe-INFO: 18:40:08.171: New node: IP: 35.82.246.186. Number of nodes 26
EtherApe-INFO: 18:40:12.268: New node: IP: 192.168.0.130. Number of nodes 27
EtherApe-INFO: 18:40:39.661: New node: IP: 172.67.196.45. Number of nodes 28
EtherApe-INFO: 18:40:40.428: New node: IP: 104.21.68.146. Number of nodes 29
EtherApe-INFO: 18:40:55.115: delete node: IP: 185.199.108.133. Number of nodes 28
EtherApe-INFO: 18:41:01.735: delete node: IP: 151.101.65.69. Number of nodes 27
EtherApe-INFO: 18:41:01.735: delete node: IP: 146.75.120.193. Number of nodes 26
EtherApe-INFO: 18:41:05.261: New node: IP: 216.58.215.74. Number of nodes 27
EtherApe-INFO: 18:41:10.408: delete node: IP: 87.245.216.107. Number of nodes 26
EtherApe-INFO: 18:41:16.524: New node: IP: 151.101.1.140. Number of nodes 27
EtherApe-INFO: 18:41:17.809: New node: IP: 151.101.193.140. Number of nodes 28
EtherApe-INFO: 18:41:17.811: New node: IP: 151.101.65.140. Number of nodes 29
EtherApe-INFO: 18:41:19.086: New node: IP: 151.101.129.140. Number of nodes 30
EtherApe-INFO: 18:41:19.342: New node: IP: 18.211.67.178. Number of nodes 31
EtherApe-INFO: 18:41:20.882: New node: IP: 142.250.186.205. Number of nodes 32
EtherApe-INFO: 18:41:50.061: New node: IP: 192.168.1.1. Number of nodes 33
EtherApe-INFO: 18:41:50.061: New node: IP: 172.217.16.33. Number of nodes 34
EtherApe-INFO: 18:41:55.181: New node: IP: 216.58.209.14. Number of nodes 35
EtherApe-INFO: 18:42:04.396: New node: IP: 78.46.178.133. Number of nodes 36
EtherApe-INFO: 18:42:08.850: delete node: IP: 35.82.246.186. Number of nodes 35
EtherApe-INFO: 18:42:25.980: delete node: IP: 172.217.16.54. Number of nodes 34
EtherApe-INFO: 18:42:40.843: delete node: IP: 104.21.68.146. Number of nodes 33
EtherApe-INFO: 18:43:05.668: delete node: IP: 216.58.215.74. Number of nodes 32
EtherApe-INFO: 18:43:07.884: New node: IP: 142.250.203.142. Number of nodes 33
EtherApe-INFO: 18:43:09.164: New node: IP: 54.171.156.218. Number of nodes 34
EtherApe-INFO: 18:43:14.028: New node: IP: 52.51.253.173. Number of nodes 35
EtherApe-INFO: 18:43:15.052: New node: IP: 116.203.93.142. Number of nodes 36
EtherApe-INFO: 18:43:20.014: delete node: IP: 151.101.65.140. Number of nodes 35
EtherApe-INFO: 18:43:21.984: delete node: IP: 142.250.186.205. Number of nodes 34
EtherApe-INFO: 18:43:43.735: delete node: IP: 185.199.108.154. Number of nodes 33
EtherApe-INFO: 18:43:45.079: delete node: IP: 185.199.110.133. Number of nodes 32
EtherApe-INFO: 18:43:45.079: delete node: IP: 140.82.121.4. Number of nodes 31
EtherApe-INFO: 18:43:46.111: delete node: IP: 18.211.67.178. Number of nodes 30
EtherApe-INFO: 18:43:50.456: delete node: IP: 192.168.1.1. Number of nodes 29
EtherApe-INFO: 18:43:51.489: delete node: IP: 172.217.16.33. Number of nodes 28
EtherApe-INFO: 18:43:54.793: delete node: IP: 104.26.1.71. Number of nodes 27
EtherApe-INFO: 18:44:05.329: delete node: IP: 78.46.178.133. Number of nodes 26
EtherApe-INFO: 18:44:27.506: delete node: IP: 34.120.208.123. Number of nodes 25
EtherApe-INFO: 18:44:35.754: delete node: IP: 216.58.209.14. Number of nodes 24
EtherApe-INFO: 18:44:35.754: delete node: IP: 93.184.220.29. Number of nodes 23
EtherApe-INFO: 18:45:04.877: New node: IP: 13.32.121.101. Number of nodes 24
EtherApe-INFO: 18:45:07.693: New node: IP: 216.58.215.110. Number of nodes 25
EtherApe-INFO: 18:45:08.263: delete node: IP: 142.250.203.142. Number of nodes 24
EtherApe-INFO: 18:45:08.460: New node: IP: 35.82.246.186. Number of nodes 25
EtherApe-INFO: 18:45:08.973: New node: IP: 142.250.75.10. Number of nodes 26
EtherApe-INFO: 18:45:09.299: delete node: IP: 54.171.156.218. Number of nodes 25
EtherApe-INFO: 18:45:15.211: delete node: IP: 52.51.253.173. Number of nodes 24
EtherApe-INFO: 18:45:15.936: delete node: IP: 9.9.9.9. Number of nodes 23
EtherApe-INFO: 18:45:23.311: New node: IP: 151.101.193.69. Number of nodes 24
EtherApe-INFO: 18:45:23.569: New node: IP: 151.101.65.69. Number of nodes 25
EtherApe-INFO: 18:45:23.820: New node: IP: 172.217.16.10. Number of nodes 26
EtherApe-INFO: 18:45:24.077: New node: IP: 146.75.120.193. Number of nodes 27
EtherApe-INFO: 18:45:24.333: New node: IP: 192.0.73.2. Number of nodes 28
EtherApe-INFO: 18:45:24.335: New node: IP: 151.101.1.69. Number of nodes 29
EtherApe-INFO: 18:45:24.338: New node: IP: 198.252.206.25. Number of nodes 30
EtherApe-INFO: 18:45:24.587: New node: IP: 9.9.9.9. Number of nodes 31
EtherApe-INFO: 18:45:32.610: delete node: IP: 172.67.196.45. Number of nodes 30
EtherApe-INFO: 18:45:40.972: New node: IP: 149.154.167.216. Number of nodes 31
EtherApe-INFO: 18:46:21.247: delete node: IP: 116.203.93.142. Number of nodes 30
EtherApe-INFO: 18:46:27.851: delete node: IP: 151.101.129.140. Number of nodes 29
EtherApe-INFO: 18:46:34.039: delete node: IP: 151.101.193.140. Number of nodes 28
EtherApe-INFO: 18:46:36.820: delete node: IP: 151.101.1.140. Number of nodes 27
EtherApe-INFO: 18:46:50.092: New node: IP: 192.168.1.1. Number of nodes 28
EtherApe-INFO: 18:47:04.172: New node: IP: 78.46.178.133. Number of nodes 29
EtherApe-INFO: 18:47:08.793: delete node: IP: 216.58.215.110. Number of nodes 28
EtherApe-INFO: 18:47:08.793: delete node: IP: 35.82.246.186. Number of nodes 27
EtherApe-INFO: 18:47:19.614: delete node: IP: 142.250.75.10. Number of nodes 26
EtherApe-INFO: 18:47:24.464: delete node: IP: 172.217.16.10. Number of nodes 25
EtherApe-INFO: 18:47:24.464: delete node: IP: 151.101.65.69. Number of nodes 24
EtherApe-INFO: 18:47:24.670: delete node: IP: 151.101.1.69. Number of nodes 23
EtherApe-INFO: 18:47:25.497: delete node: IP: 198.252.206.25. Number of nodes 22
EtherApe-INFO: 18:47:54.684: delete node: IP: 192.0.73.2. Number of nodes 21
EtherApe-INFO: 18:47:56.434: delete node: IP: 149.154.167.216. Number of nodes 20
EtherApe-INFO: 18:48:50.725: delete node: IP: 192.168.1.1. Number of nodes 19
EtherApe-INFO: 18:49:05.306: delete node: IP: 78.46.178.133. Number of nodes 18
EtherApe-INFO: 18:49:05.306: delete node: IP: 9.9.9.9. Number of nodes 17
EtherApe-INFO: 18:49:22.411: New node: IP: 79.142.192.4. Number of nodes 18
EtherApe-INFO: 18:49:31.977: delete node: IP: 13.32.121.101. Number of nodes 17
EtherApe-INFO: 18:49:47.064: delete node: IP: 192.168.0.1. Number of nodes 16
EtherApe-INFO: 18:49:53.220: delete node: IP: 142.250.186.197. Number of nodes 15
EtherApe-INFO: 18:50:02.348: New node: IP: 142.250.203.197. Number of nodes 16
EtherApe-INFO: 18:50:08.492: New node: IP: 35.82.246.186. Number of nodes 17
EtherApe-INFO: 18:50:14.905: delete node: IP: 146.75.120.193. Number of nodes 16
EtherApe-INFO: 18:50:15.420: delete node: IP: 151.101.193.69. Number of nodes 15
EtherApe-INFO: 18:50:25.389: New node: IP: 198.252.206.25. Number of nodes 16
EtherApe-INFO: 18:51:24.289: delete node: IP: 79.142.192.4. Number of nodes 15
EtherApe-INFO: 18:51:37.068: New node: IP: 9.9.9.9. Number of nodes 16
EtherApe-INFO: 18:51:42.701: New node: IP: 192.168.0.1. Number of nodes 17
EtherApe-INFO: 18:51:50.124: New node: IP: 192.168.1.1. Number of nodes 18
EtherApe-INFO: 18:52:04.204: New node: IP: 78.46.178.133. Number of nodes 19
EtherApe-INFO: 18:52:09.116: delete node: IP: 35.82.246.186. Number of nodes 18
EtherApe-INFO: 18:52:20.588: New node: IP: 149.154.167.216. Number of nodes 19
EtherApe-INFO: 18:52:26.818: delete node: IP: 198.252.206.25. Number of nodes 18
EtherApe-INFO: 18:53:31.756: New node: IP: 52.51.253.173. Number of nodes 19
EtherApe-INFO: 18:53:36.365: New node: IP: 54.216.227.219. Number of nodes 20
EtherApe-INFO: 18:53:50.255: delete node: IP: 192.168.1.1. Number of nodes 19
EtherApe-INFO: 18:54:03.602: delete node: IP: 192.168.0.1. Number of nodes 18
EtherApe-INFO: 18:54:04.528: delete node: IP: 78.46.178.133. Number of nodes 17
EtherApe-INFO: 18:54:15.276: New node: IP: 216.58.208.202. Number of nodes 18
EtherApe-INFO: 18:54:36.013: New node: IP: 34.120.208.123. Number of nodes 19
EtherApe-INFO: 18:54:36.016: New node: IP: 93.184.220.29. Number of nodes 20
EtherApe-INFO: 18:54:36.788: New node: IP: 216.58.215.74. Number of nodes 21
EtherApe-INFO: 18:54:37.804: New node: IP: 142.250.75.3. Number of nodes 22
EtherApe-INFO: 18:54:40.108: New node: IP: 151.101.193.69. Number of nodes 23
EtherApe-INFO: 18:54:40.877: New node: IP: 192.0.73.2. Number of nodes 24
EtherApe-INFO: 18:54:40.877: New node: IP: 172.217.16.1. Number of nodes 25
EtherApe-INFO: 18:54:40.878: New node: IP: 198.252.206.25. Number of nodes 26
EtherApe-INFO: 18:54:42.985: delete node: IP: 149.154.167.216. Number of nodes 25
EtherApe-INFO: 18:55:07.755: New node: IP: 35.82.246.186. Number of nodes 26
EtherApe-INFO: 18:55:08.780: New node: IP: 35.241.9.150. Number of nodes 27
EtherApe-INFO: 18:55:08.781: New node: IP: 87.245.216.9. Number of nodes 28
EtherApe-INFO: 18:55:17.228: New node: IP: 224.0.0.251. Number of nodes 29
EtherApe-INFO: 18:55:17.228: New node: IP: 127.0.0.1. Number of nodes 30
EtherApe-INFO: 18:55:32.166: delete node: IP: 52.51.253.173. Number of nodes 29
EtherApe-INFO: 18:55:36.515: delete node: IP: 54.216.227.219. Number of nodes 28
EtherApe-INFO: 18:56:37.186: delete node: IP: 216.58.215.74. Number of nodes 27
EtherApe-INFO: 18:56:37.909: delete node: IP: 142.250.75.3. Number of nodes 26
EtherApe-INFO: 18:56:41.724: delete node: IP: 172.217.16.1. Number of nodes 25
EtherApe-INFO: 18:56:50.156: New node: IP: 192.168.1.1. Number of nodes 26
EtherApe-INFO: 18:57:04.236: New node: IP: 78.46.178.133. Number of nodes 27
EtherApe-INFO: 18:57:09.913: delete node: IP: 35.82.246.186. Number of nodes 26
EtherApe-INFO: 18:57:11.979: delete node: IP: 192.0.73.2. Number of nodes 25
EtherApe-INFO: 18:57:16.624: delete node: IP: 142.250.203.197. Number of nodes 24
EtherApe-INFO: 18:57:18.377: delete node: IP: 224.0.0.251. Number of nodes 23
EtherApe-INFO: 18:57:18.377: delete node: IP: 127.0.0.1. Number of nodes 22
EtherApe-INFO: 18:57:27.041: delete node: IP: 198.252.206.25. Number of nodes 21
EtherApe-INFO: 18:58:12.588: New node: IP: 149.154.167.216. Number of nodes 22
EtherApe-INFO: 18:58:34.889: delete node: IP: 93.184.220.29. Number of nodes 21
EtherApe-INFO: 18:58:36.653: New node: IP: 149.154.167.255. Number of nodes 22
EtherApe-INFO: 18:58:42.796: New node: IP: 142.250.75.10. Number of nodes 23
EtherApe-INFO: 18:58:50.280: delete node: IP: 192.168.1.1. Number of nodes 22
EtherApe-INFO: 18:59:05.412: delete node: IP: 87.245.216.9. Number of nodes 21
EtherApe-INFO: 18:59:05.412: delete node: IP: 78.46.178.133. Number of nodes 20
EtherApe-INFO: 18:59:08.720: delete node: IP: 216.58.208.202. Number of nodes 19
EtherApe-INFO: 18:59:27.948: delete node: IP: 34.120.208.123. Number of nodes 18
EtherApe-INFO: 18:59:30.928: delete node: IP: 142.250.203.132. Number of nodes 17
EtherApe-INFO: 18:59:32.994: delete node: IP: 151.101.193.69. Number of nodes 16
EtherApe-INFO: 18:59:41.676: New node: IP: 198.252.206.25. Number of nodes 17
EtherApe-INFO: 19:00:01.147: delete node: IP: 35.241.9.150. Number of nodes 16
EtherApe-INFO: 19:00:03.692: New node: IP: 142.250.186.197. Number of nodes 17
EtherApe-INFO: 19:00:05.740: New node: IP: 13.32.121.101. Number of nodes 18
EtherApe-INFO: 19:00:08.811: New node: IP: 35.82.246.186. Number of nodes 19
EtherApe-INFO: 19:00:14.708: New node: IP: 192.168.0.1. Number of nodes 20
EtherApe-INFO: 19:00:23.540: New node: IP: 3.251.50.149. Number of nodes 21
EtherApe-INFO: 19:00:36.921: delete node: IP: 9.9.9.9. Number of nodes 20
EtherApe-INFO: 19:00:43.040: delete node: IP: 142.250.75.10. Number of nodes 19
EtherApe-INFO: 19:00:48.250: New node: IP: 142.250.75.10. Number of nodes 20
EtherApe-INFO: 19:01:33.683: New node: IP: 149.154.167.91. Number of nodes 21
EtherApe-INFO: 19:01:33.940: New node: IP: 9.9.9.9. Number of nodes 22
EtherApe-INFO: 19:01:50.076: New node: IP: 192.168.1.1. Number of nodes 23
EtherApe-INFO: 19:02:04.149: New node: IP: 78.46.178.133. Number of nodes 24
EtherApe-INFO: 19:02:09.041: delete node: IP: 35.82.246.186. Number of nodes 23
EtherApe-INFO: 19:02:09.783: New node: IP: 142.250.203.131. Number of nodes 24
EtherApe-INFO: 19:02:11.315: New node: IP: 142.250.203.132. Number of nodes 25
EtherApe-INFO: 19:02:12.088: New node: IP: 172.217.16.33. Number of nodes 26
EtherApe-INFO: 19:02:12.088: New node: IP: 142.250.203.193. Number of nodes 27
EtherApe-INFO: 19:02:12.090: New node: IP: 142.250.203.129. Number of nodes 28
EtherApe-INFO: 19:02:12.341: New node: IP: 216.58.208.202. Number of nodes 29
EtherApe-INFO: 19:02:20.534: New node: IP: 104.18.26.220. Number of nodes 30
EtherApe-INFO: 19:02:32.826: New node: IP: 104.18.27.220. Number of nodes 31
EtherApe-INFO: 19:02:36.662: New node: IP: 172.217.16.10. Number of nodes 32
EtherApe-INFO: 19:02:37.430: New node: IP: 104.18.6.185. Number of nodes 33
EtherApe-INFO: 19:02:47.982: delete node: IP: 149.154.167.255. Number of nodes 32
EtherApe-INFO: 19:02:48.692: New node: IP: 104.18.12.33. Number of nodes 33
EtherApe-INFO: 19:03:00.469: New node: IP: 104.17.50.74. Number of nodes 34
EtherApe-INFO: 19:03:00.728: New node: IP: 224.0.0.251. Number of nodes 35
EtherApe-INFO: 19:03:03.028: New node: IP: 8.8.8.8. Number of nodes 36
EtherApe-INFO: 19:03:03.028: New node: IP: 89.187.178.27. Number of nodes 37
EtherApe-INFO: 19:03:03.540: New node: IP: 142.251.208.132. Number of nodes 38
EtherApe-INFO: 19:03:05.334: New node: IP: 216.58.215.74. Number of nodes 39
EtherApe-INFO: 19:03:07.892: New node: IP: 149.154.167.255. Number of nodes 40
EtherApe-INFO: 19:03:29.652: New node: IP: 173.194.222.188. Number of nodes 41
EtherApe-INFO: 19:03:29.653: New node: IP: 216.58.209.10. Number of nodes 42
EtherApe-INFO: 19:03:50.419: delete node: IP: 192.168.1.1. Number of nodes 41
EtherApe-INFO: 19:03:50.419: delete node: IP: 149.154.167.216. Number of nodes 40
EtherApe-INFO: 19:03:52.240: delete node: IP: 149.154.167.91. Number of nodes 39
EtherApe-INFO: 19:03:52.949: New node: IP: 142.250.147.92. Number of nodes 40
EtherApe-INFO: 19:03:54.485: New node: IP: 54.216.227.219. Number of nodes 41
EtherApe-INFO: 19:03:58.067: New node: IP: 216.58.215.78. Number of nodes 42
EtherApe-INFO: 19:03:58.068: New node: IP: 216.58.209.3. Number of nodes 43
EtherApe-INFO: 19:03:58.580: New node: IP: 34.104.35.123. Number of nodes 44
EtherApe-INFO: 19:03:59.629: New node: IP: 52.16.16.21. Number of nodes 45
EtherApe-INFO: 19:04:05.297: delete node: IP: 78.46.178.133. Number of nodes 44
EtherApe-INFO: 19:04:09.410: delete node: IP: 198.252.206.25. Number of nodes 43
EtherApe-INFO: 19:04:13.721: delete node: IP: 13.32.121.101. Number of nodes 42
EtherApe-INFO: 19:04:36.825: delete node: IP: 104.18.27.220. Number of nodes 41
EtherApe-INFO: 19:04:37.566: delete node: IP: 172.217.16.10. Number of nodes 40
EtherApe-INFO: 19:04:45.428: New node: IP: 185.199.108.153. Number of nodes 41
EtherApe-INFO: 19:04:51.828: New node: IP: 149.154.167.216. Number of nodes 42
EtherApe-INFO: 19:05:03.690: delete node: IP: 8.8.8.8. Number of nodes 41
EtherApe-INFO: 19:05:04.423: delete node: IP: 224.0.0.251. Number of nodes 40
EtherApe-INFO: 19:05:08.980: New node: IP: 35.82.246.186. Number of nodes 41
EtherApe-INFO: 19:05:13.935: delete node: IP: 3.251.50.149. Number of nodes 40
EtherApe-INFO: 19:05:24.104: delete node: IP: 149.154.167.255. Number of nodes 39
EtherApe-INFO: 19:05:26.132: New node: IP: 104.16.62.21. Number of nodes 40
EtherApe-INFO: 19:05:26.388: New node: IP: 172.64.155.188. Number of nodes 41
EtherApe-INFO: 19:05:27.677: New node: IP: 198.252.206.25. Number of nodes 42
EtherApe-INFO: 19:05:37.909: New node: IP: 49.12.117.41. Number of nodes 43
EtherApe-INFO: 19:05:46.100: New node: IP: 104.21.234.85. Number of nodes 44
EtherApe-INFO: 19:05:54.628: delete node: IP: 54.216.227.219. Number of nodes 43
EtherApe-INFO: 19:06:00.204: delete node: IP: 52.16.16.21. Number of nodes 42
EtherApe-INFO: 19:06:02.227: New node: IP: 52.29.123.56. Number of nodes 43
EtherApe-INFO: 19:06:41.141: New node: IP: 140.82.113.26. Number of nodes 44
EtherApe-INFO: 19:06:45.506: delete node: IP: 216.58.209.10. Number of nodes 43
EtherApe-INFO: 19:06:45.506: delete node: IP: 142.250.75.10. Number of nodes 42
EtherApe-INFO: 19:06:46.517: New node: IP: 213.230.210.231. Number of nodes 43
EtherApe-INFO: 19:06:50.099: New node: IP: 192.168.1.1. Number of nodes 44
EtherApe-INFO: 19:07:02.910: delete node: IP: 172.217.16.33. Number of nodes 43
EtherApe-INFO: 19:07:02.910: delete node: IP: 142.250.203.193. Number of nodes 42
EtherApe-INFO: 19:07:02.910: delete node: IP: 142.250.203.129. Number of nodes 41
EtherApe-INFO: 19:07:04.180: New node: IP: 78.46.178.133. Number of nodes 42
EtherApe-INFO: 19:07:07.864: delete node: IP: 149.154.167.216. Number of nodes 41
EtherApe-INFO: 19:07:09.315: delete node: IP: 35.82.246.186. Number of nodes 40
EtherApe-INFO: 19:07:11.192: delete node: IP: 142.250.203.132. Number of nodes 39
EtherApe-INFO: 19:07:28.791: delete node: IP: 198.252.206.25. Number of nodes 38
EtherApe-INFO: 19:07:29.868: delete node: IP: 142.250.203.131. Number of nodes 37
EtherApe-INFO: 19:07:29.868: delete node: IP: 142.250.147.92. Number of nodes 36
EtherApe-INFO: 19:07:29.868: delete node: IP: 104.18.6.185. Number of nodes 35
EtherApe-INFO: 19:07:47.447: New node: IP: 34.160.122.198. Number of nodes 36
EtherApe-INFO: 19:08:41.767: delete node: IP: 140.82.113.25. Number of nodes 35
EtherApe-INFO: 19:08:47.621: delete node: IP: 192.168.0.1. Number of nodes 34
EtherApe-INFO: 19:08:48.372: New node: IP: 146.75.121.91. Number of nodes 35
EtherApe-INFO: 19:08:50.728: delete node: IP: 192.168.1.1. Number of nodes 34
EtherApe-INFO: 19:09:04.261: delete node: IP: 142.251.208.132. Number of nodes 33
EtherApe-INFO: 19:09:05.524: New node: IP: 149.154.167.216. Number of nodes 34
EtherApe-INFO: 19:09:05.613: delete node: IP: 216.58.215.74. Number of nodes 33
EtherApe-INFO: 19:09:05.614: delete node: IP: 78.46.178.133. Number of nodes 32
EtherApe-INFO: 19:09:21.730: delete node: IP: 172.64.155.188. Number of nodes 31
EtherApe-INFO: 19:09:29.076: New node: IP: 149.154.167.255. Number of nodes 32
EtherApe-INFO: 19:09:47.801: delete node: IP: 213.230.210.231. Number of nodes 31
EtherApe-INFO: 19:09:48.788: New node: IP: 104.26.13.96. Number of nodes 32
EtherApe-INFO: 19:09:59.825: delete node: IP: 216.58.209.3. Number of nodes 31
EtherApe-INFO: 19:10:01.390: delete node: IP: 216.58.215.78. Number of nodes 30
EtherApe-INFO: 19:10:09.012: New node: IP: 35.82.246.186. Number of nodes 31
EtherApe-INFO: 19:10:17.029: delete node: IP: 104.16.62.21. Number of nodes 30
EtherApe-INFO: 19:10:19.012: delete node: IP: 104.18.26.220. Number of nodes 29
EtherApe-INFO: 19:10:29.494: New node: IP: 198.252.206.25. Number of nodes 30
EtherApe-INFO: 19:10:30.015: delete node: IP: 49.12.117.41. Number of nodes 29
EtherApe-INFO: 19:10:42.548: New node: IP: 192.168.0.1. Number of nodes 30
EtherApe-INFO: 19:10:42.548: New node: IP: 104.16.89.20. Number of nodes 31
EtherApe-INFO: 19:10:44.598: New node: IP: 35.190.80.1. Number of nodes 32
EtherApe-INFO: 19:10:47.413: New node: IP: 172.66.44.224. Number of nodes 33
EtherApe-INFO: 19:10:51.268: delete node: IP: 52.29.123.56. Number of nodes 32
EtherApe-INFO: 19:11:28.628: New node: IP: 172.217.16.10. Number of nodes 33
EtherApe-INFO: 19:11:35.078: delete node: IP: 216.58.208.202. Number of nodes 32
EtherApe-INFO: 19:11:44.053: delete node: IP: 149.154.167.216. Number of nodes 31
EtherApe-INFO: 19:11:45.090: delete node: IP: 149.154.167.255. Number of nodes 30
EtherApe-INFO: 19:11:50.132: New node: IP: 192.168.1.1. Number of nodes 31
EtherApe-INFO: 19:12:03.713: delete node: IP: 104.17.50.74. Number of nodes 30
EtherApe-INFO: 19:12:04.212: New node: IP: 78.46.178.133. Number of nodes 31
EtherApe-INFO: 19:12:09.655: delete node: IP: 35.82.246.186. Number of nodes 30
EtherApe-INFO: 19:12:29.895: delete node: IP: 198.252.206.25. Number of nodes 29
EtherApe-INFO: 19:12:57.744: delete node: IP: 104.18.12.33. Number of nodes 28
EtherApe-INFO: 19:13:03.139: delete node: IP: 192.168.0.1. Number of nodes 27
EtherApe-INFO: 19:13:48.201: delete node: IP: 35.190.80.1. Number of nodes 26
EtherApe-INFO: 19:13:50.276: delete node: IP: 192.168.1.1. Number of nodes 25
EtherApe-INFO: 19:14:03.764: New node: IP: 142.250.203.132. Number of nodes 26
EtherApe-INFO: 19:14:04.275: New node: IP: 34.120.208.123. Number of nodes 27
EtherApe-INFO: 19:14:04.565: delete node: IP: 78.46.178.133. Number of nodes 26
EtherApe-INFO: 19:14:05.304: New node: IP: 216.58.215.74. Number of nodes 27
EtherApe-INFO: 19:14:08.630: New node: IP: 116.203.93.142. Number of nodes 28
EtherApe-INFO: 19:14:17.076: New node: IP: 52.16.16.21. Number of nodes 29
EtherApe-INFO: 19:14:22.196: New node: IP: 54.171.156.218. Number of nodes 30
EtherApe-INFO: 19:15:04.180: New node: IP: 108.138.51.110. Number of nodes 31
EtherApe-INFO: 19:15:09.300: New node: IP: 35.82.246.186. Number of nodes 32
EtherApe-INFO: 19:15:21.175: delete node: IP: 89.187.178.27. Number of nodes 31
EtherApe-INFO: 19:15:30.036: New node: IP: 198.252.206.25. Number of nodes 32
EtherApe-INFO: 19:15:38.804: delete node: IP: 9.9.9.9. Number of nodes 31
EtherApe-INFO: 19:15:40.567: delete node: IP: 185.199.108.153. Number of nodes 30
EtherApe-INFO: 19:15:40.567: delete node: IP: 173.194.222.188. Number of nodes 29
EtherApe-INFO: 19:15:40.567: delete node: IP: 172.217.16.10. Number of nodes 28
EtherApe-INFO: 19:15:40.567: delete node: IP: 172.66.44.224. Number of nodes 27
EtherApe-INFO: 19:15:40.567: delete node: IP: 146.75.121.91. Number of nodes 26
EtherApe-INFO: 19:15:40.567: delete node: IP: 104.26.13.96. Number of nodes 25
EtherApe-INFO: 19:15:40.567: delete node: IP: 104.21.234.85. Number of nodes 24
EtherApe-INFO: 19:15:40.567: delete node: IP: 104.16.89.20. Number of nodes 23
EtherApe-INFO: 19:15:40.567: delete node: IP: 34.160.122.198. Number of nodes 22
EtherApe-INFO: 19:15:40.567: delete node: IP: 34.104.35.123. Number of nodes 21
EtherApe-INFO: 19:16:05.892: delete node: IP: 216.58.215.74. Number of nodes 20
EtherApe-INFO: 19:16:21.038: delete node: IP: 52.16.16.21. Number of nodes 19
EtherApe-INFO: 19:16:22.587: delete node: IP: 54.171.156.218. Number of nodes 18
EtherApe-INFO: 19:16:34.293: New node: IP: 216.58.215.74. Number of nodes 19
EtherApe-INFO: 19:16:37.107: New node: IP: 9.9.9.9. Number of nodes 20
EtherApe-INFO: 19:16:50.163: New node: IP: 192.168.1.1. Number of nodes 21
EtherApe-INFO: 19:17:04.244: New node: IP: 78.46.178.133. Number of nodes 22
EtherApe-INFO: 19:17:09.952: delete node: IP: 35.82.246.186. Number of nodes 21
EtherApe-INFO: 19:17:14.800: delete node: IP: 116.203.93.142. Number of nodes 20
EtherApe-INFO: 19:17:31.933: delete node: IP: 198.252.206.25. Number of nodes 19
EtherApe-INFO: 19:18:52.822: delete node: IP: 192.168.1.1. Number of nodes 18
EtherApe-INFO: 19:18:56.209: delete node: IP: 34.120.208.123. Number of nodes 17
EtherApe-INFO: 19:18:59.489: delete node: IP: 142.250.203.132. Number of nodes 16
EtherApe-INFO: 19:18:59.490: delete node: IP: 108.138.51.110. Number of nodes 15
EtherApe-INFO: 19:19:05.137: delete node: IP: 192.168.0.130. Number of nodes 14
EtherApe-INFO: 19:19:05.137: delete node: IP: 78.46.178.133. Number of nodes 13
EtherApe-INFO: 19:19:05.137: delete node: IP: 9.9.9.9. Number of nodes 12
EtherApe-INFO: 19:19:14.548: New node: IP: 192.168.0.1. Number of nodes 13
EtherApe-INFO: 19:19:22.997: delete node: IP: 216.58.215.74. Number of nodes 12
EtherApe-INFO: 19:19:31.700: New node: IP: 192.168.0.130. Number of nodes 13
EtherApe-INFO: 19:20:09.588: New node: IP: 35.82.246.186. Number of nodes 14
EtherApe-INFO: 19:20:30.580: New node: IP: 198.252.206.25. Number of nodes 15
EtherApe-INFO: 19:21:34.839: delete node: IP: 192.168.0.1. Number of nodes 14
EtherApe-INFO: 19:21:37.140: New node: IP: 9.9.9.9. Number of nodes 15
EtherApe-INFO: 19:21:49.939: New node: IP: 192.168.1.1. Number of nodes 16
EtherApe-INFO: 19:22:04.276: New node: IP: 78.46.178.133. Number of nodes 17
EtherApe-INFO: 19:22:10.168: delete node: IP: 35.82.246.186. Number of nodes 16
EtherApe-INFO: 19:22:15.540: New node: IP: 142.250.203.138. Number of nodes 17
EtherApe-INFO: 19:22:33.302: delete node: IP: 198.252.206.25. Number of nodes 16
EtherApe-INFO: 19:23:20.052: New node: IP: 142.250.203.132. Number of nodes 17
EtherApe-INFO: 19:23:25.942: New node: IP: 34.120.208.123. Number of nodes 18
EtherApe-INFO: 19:23:26.197: New node: IP: 93.184.220.29. Number of nodes 19
EtherApe-INFO: 19:23:27.220: New node: IP: 142.250.75.10. Number of nodes 20
EtherApe-INFO: 19:23:30.803: New node: IP: 79.142.192.4. Number of nodes 21
EtherApe-INFO: 19:23:50.336: delete node: IP: 192.168.1.1. Number of nodes 20
EtherApe-INFO: 19:24:05.680: delete node: IP: 78.46.178.133. Number of nodes 19
EtherApe-INFO: 19:24:15.871: delete node: IP: 9.9.9.9. Number of nodes 18
EtherApe-INFO: 19:24:39.668: New node: IP: 54.171.156.218. Number of nodes 19
EtherApe-INFO: 19:25:08.852: New node: IP: 35.82.246.186. Number of nodes 20
EtherApe-INFO: 19:25:30.155: delete node: IP: 142.250.75.10. Number of nodes 19
EtherApe-INFO: 19:25:31.379: New node: IP: 198.252.206.25. Number of nodes 20
EtherApe-INFO: 19:25:31.392: delete node: IP: 79.142.192.4. Number of nodes 19
EtherApe-INFO: 19:25:50.324: New node: IP: 142.250.75.10. Number of nodes 20
EtherApe-INFO: 19:25:51.348: New node: IP: 142.250.203.197. Number of nodes 21
EtherApe-INFO: 19:26:37.172: New node: IP: 9.9.9.9. Number of nodes 22
EtherApe-INFO: 19:26:44.601: delete node: IP: 54.171.156.218. Number of nodes 21
EtherApe-INFO: 19:26:49.972: New node: IP: 192.168.1.1. Number of nodes 22
EtherApe-INFO: 19:27:04.308: New node: IP: 78.46.178.133. Number of nodes 23
EtherApe-INFO: 19:27:08.701: delete node: IP: 142.250.203.138. Number of nodes 22
EtherApe-INFO: 19:27:10.244: delete node: IP: 35.82.246.186. Number of nodes 21
EtherApe-INFO: 19:27:25.567: delete node: IP: 93.184.220.29. Number of nodes 20
EtherApe-INFO: 19:27:33.586: delete node: IP: 198.252.206.25. Number of nodes 19
EtherApe-INFO: 19:27:43.032: delete node: IP: 142.250.186.197. Number of nodes 18
EtherApe-INFO: 19:27:50.953: delete node: IP: 142.250.75.10. Number of nodes 17
EtherApe-INFO: 19:28:06.003: New node: IP: 149.154.167.216. Number of nodes 18
EtherApe-INFO: 19:28:16.846: delete node: IP: 34.120.208.123. Number of nodes 17
EtherApe-INFO: 19:28:20.857: delete node: IP: 142.250.203.132. Number of nodes 16
EtherApe-INFO: 19:28:50.869: delete node: IP: 192.168.1.1. Number of nodes 15
EtherApe-INFO: 19:29:06.687: delete node: IP: 78.46.178.133. Number of nodes 14
EtherApe-INFO: 19:29:06.688: delete node: IP: 9.9.9.9. Number of nodes 13
EtherApe-INFO: 19:30:02.740: New node: IP: 13.32.121.62. Number of nodes 14
EtherApe-INFO: 19:30:09.908: New node: IP: 35.82.246.186. Number of nodes 15
EtherApe-INFO: 19:30:15.028: New node: IP: 44.227.32.151. Number of nodes 16
EtherApe-INFO: 19:30:15.028: New node: IP: 34.107.141.31. Number of nodes 17
EtherApe-INFO: 19:30:15.540: New node: IP: 35.186.227.140. Number of nodes 18
EtherApe-INFO: 19:30:16.308: New node: IP: 35.81.185.20. Number of nodes 19
EtherApe-INFO: 19:30:16.563: New node: IP: 9.9.9.9. Number of nodes 20
EtherApe-INFO: 19:30:23.732: New node: IP: 52.214.181.141. Number of nodes 21
EtherApe-INFO: 19:30:30.388: New node: IP: 142.250.203.142. Number of nodes 22
EtherApe-INFO: 19:30:31.668: New node: IP: 108.138.51.96. Number of nodes 23
EtherApe-INFO: 19:30:31.924: New node: IP: 198.252.206.25. Number of nodes 24
EtherApe-INFO: 19:30:49.589: New node: IP: 216.58.215.74. Number of nodes 25
EtherApe-INFO: 19:30:49.590: New node: IP: 34.120.208.123. Number of nodes 26
EtherApe-INFO: 19:31:25.941: New node: IP: 142.250.203.202. Number of nodes 27
EtherApe-INFO: 19:31:50.005: New node: IP: 192.168.1.1. Number of nodes 28
EtherApe-INFO: 19:32:04.084: New node: IP: 78.46.178.133. Number of nodes 29
EtherApe-INFO: 19:32:11.552: delete node: IP: 35.82.246.186. Number of nodes 28
EtherApe-INFO: 19:32:26.960: delete node: IP: 13.32.121.12. Number of nodes 27
EtherApe-INFO: 19:32:33.367: delete node: IP: 198.252.206.25. Number of nodes 26
EtherApe-INFO: 19:32:58.356: delete node: IP: 142.250.203.206. Number of nodes 25
EtherApe-INFO: 19:33:06.087: delete node: IP: 149.154.167.216. Number of nodes 24
EtherApe-INFO: 19:33:18.114: delete node: IP: 44.227.32.151. Number of nodes 23
EtherApe-INFO: 19:33:18.114: delete node: IP: 35.81.185.20. Number of nodes 22
EtherApe-INFO: 19:33:18.423: delete node: IP: 216.58.215.74. Number of nodes 21
EtherApe-INFO: 19:33:32.405: New node: IP: 149.154.167.216. Number of nodes 22
EtherApe-INFO: 19:33:50.616: delete node: IP: 192.168.1.1. Number of nodes 21
EtherApe-INFO: 19:33:52.158: delete node: IP: 172.217.16.42. Number of nodes 20
EtherApe-INFO: 19:33:59.364: delete node: IP: 13.32.121.62. Number of nodes 19
EtherApe-INFO: 19:34:04.416: delete node: IP: 9.9.9.9. Number of nodes 18
EtherApe-INFO: 19:34:05.959: delete node: IP: 78.46.178.133. Number of nodes 17
EtherApe-INFO: 19:35:02.260: New node: IP: 54.171.156.218. Number of nodes 18
EtherApe-INFO: 19:35:06.414: delete node: IP: 34.107.141.31. Number of nodes 17
EtherApe-INFO: 19:35:06.868: New node: IP: 52.212.99.156. Number of nodes 18
EtherApe-INFO: 19:35:09.940: New node: IP: 35.82.246.186. Number of nodes 19
EtherApe-INFO: 19:35:10.004: delete node: IP: 35.186.227.140. Number of nodes 18
EtherApe-INFO: 19:35:15.345: delete node: IP: 52.214.181.141. Number of nodes 17
EtherApe-INFO: 19:35:32.467: New node: IP: 198.252.206.25. Number of nodes 18
EtherApe-INFO: 19:35:40.248: delete node: IP: 34.120.208.123. Number of nodes 17
EtherApe-INFO: 19:35:43.743: delete node: IP: 142.250.203.197. Number of nodes 16
EtherApe-INFO: 19:35:48.084: New node: IP: 142.250.75.3. Number of nodes 17
EtherApe-INFO: 19:35:51.924: New node: IP: 142.250.186.197. Number of nodes 18
EtherApe-INFO: 19:36:18.036: New node: IP: 127.0.0.1. Number of nodes 19
EtherApe-INFO: 19:36:18.036: New node: IP: 224.0.0.251. Number of nodes 20
EtherApe-INFO: 19:36:33.396: New node: IP: 149.154.165.111. Number of nodes 21
EtherApe-INFO: 19:36:33.652: New node: IP: 9.9.9.9. Number of nodes 22
EtherApe-INFO: 19:36:41.588: New node: IP: 192.168.0.1. Number of nodes 23
EtherApe-INFO: 19:36:50.037: New node: IP: 192.168.1.1. Number of nodes 24
EtherApe-INFO: 19:36:51.316: New node: IP: 172.217.16.46. Number of nodes 25
EtherApe-INFO: 19:36:56.437: New node: IP: 172.217.16.1. Number of nodes 26
EtherApe-INFO: 19:36:56.438: New node: IP: 216.58.215.74. Number of nodes 27
EtherApe-INFO: 19:36:56.440: New node: IP: 172.217.16.10. Number of nodes 28
EtherApe-INFO: 19:37:02.407: delete node: IP: 54.171.156.218. Number of nodes 27
EtherApe-INFO: 19:37:04.372: New node: IP: 78.46.178.133. Number of nodes 28
EtherApe-INFO: 19:37:07.795: delete node: IP: 52.212.99.156. Number of nodes 27
EtherApe-INFO: 19:37:10.584: delete node: IP: 35.82.246.186. Number of nodes 26
EtherApe-INFO: 19:37:32.835: delete node: IP: 198.252.206.25. Number of nodes 25
EtherApe-INFO: 19:37:34.901: delete node: IP: 149.154.167.216. Number of nodes 24
EtherApe-INFO: 19:37:37.689: delete node: IP: 142.250.203.195. Number of nodes 23
EtherApe-INFO: 19:37:39.460: New node: IP: 149.154.167.216. Number of nodes 24
EtherApe-INFO: 19:38:18.133: delete node: IP: 127.0.0.1. Number of nodes 23
EtherApe-INFO: 19:38:20.513: delete node: IP: 224.0.0.251. Number of nodes 22
EtherApe-INFO: 19:38:49.876: delete node: IP: 149.154.165.111. Number of nodes 21
EtherApe-INFO: 19:38:51.216: delete node: IP: 192.168.1.1. Number of nodes 20
EtherApe-INFO: 19:38:51.661: New node: IP: 142.250.203.132. Number of nodes 21
EtherApe-INFO: 19:39:04.293: delete node: IP: 9.9.9.9. Number of nodes 20
EtherApe-INFO: 19:39:04.806: delete node: IP: 78.46.178.133. Number of nodes 19
EtherApe-INFO: 19:39:14.998: delete node: IP: 172.217.16.1. Number of nodes 18
EtherApe-INFO: 19:39:17.260: New node: IP: 140.82.121.3. Number of nodes 19
EtherApe-INFO: 19:39:18.029: New node: IP: 185.199.108.154. Number of nodes 20
EtherApe-INFO: 19:39:20.334: New node: IP: 35.241.9.150. Number of nodes 21
EtherApe-INFO: 19:39:20.594: New node: IP: 185.199.109.133. Number of nodes 22
EtherApe-INFO: 19:39:20.595: New node: IP: 87.245.216.9. Number of nodes 23
EtherApe-INFO: 19:39:20.599: New node: IP: 34.120.208.123. Number of nodes 24
