(etherape:2424): GLib-GIO-DEBUG: 22:42:14.476: _g_io_module_get_default: Found default implementation local (GLocalVfs) for ‘gio-vfs’
(etherape:2424): GLib-GIO-DEBUG: 22:42:14.565: Using cross-namespace EXTERNAL authentication (this will deadlock if server is GDBus < 2.73.3)
EtherApe-INFO: 22:42:14.626: sctp protocol not supported
EtherApe-INFO: 22:42:14.626: dccp protocol not supported
EtherApe-INFO: 22:42:14.626: sctp protocol not supported
EtherApe-INFO: 22:42:14.626: sctp protocol not supported
EtherApe-INFO: 22:42:14.626: sctp protocol not supported
EtherApe-INFO: 22:42:14.626: sctp protocol not supported
EtherApe-INFO: 22:42:14.626: sctp protocol not supported
EtherApe-INFO: 22:42:14.626: sctp protocol not supported
EtherApe-INFO: 22:42:14.626: sctp protocol not supported
EtherApe-INFO: 22:42:14.626: dccp protocol not supported
EtherApe-INFO: 22:42:14.626: sctp protocol not supported
EtherApe-INFO: 22:42:14.626: dccp protocol not supported
EtherApe-INFO: 22:42:14.627: dccp protocol not supported
EtherApe-INFO: 22:42:14.627: sctp protocol not supported
EtherApe-INFO: 22:42:14.627: sctp protocol not supported
EtherApe-INFO: 22:42:14.627: sctp protocol not supported
EtherApe-INFO: 22:42:14.627: sctp protocol not supported
EtherApe-INFO: 22:42:14.628: sctp protocol not supported
EtherApe-INFO: 22:42:14.628: sctp protocol not supported
EtherApe-INFO: 22:42:14.628: sctp protocol not supported
EtherApe-INFO: 22:42:14.628: sctp protocol not supported
EtherApe-INFO: 22:42:14.628: sctp protocol not supported
EtherApe-INFO: 22:42:14.628: sctp protocol not supported
EtherApe-INFO: 22:42:14.629: sctp protocol not supported
EtherApe-INFO: 22:42:14.629: sctp protocol not supported
EtherApe-INFO: 22:42:14.629: sctp protocol not supported
EtherApe-INFO: 22:42:14.629: sctp protocol not supported
EtherApe-INFO: 22:42:14.629: sctp protocol not supported
EtherApe-INFO: 22:42:14.629: dccp protocol not supported
EtherApe-INFO: 22:42:14.629: sctp protocol not supported
EtherApe-INFO: 22:42:14.629: sctp protocol not supported
EtherApe-INFO: 22:42:14.629: dccp protocol not supported
EtherApe-INFO: 22:42:14.629: sctp protocol not supported
EtherApe-INFO: 22:42:14.629: sctp protocol not supported
EtherApe-INFO: 22:42:14.629: sctp protocol not supported
EtherApe-INFO: 22:42:14.630: dccp protocol not supported
EtherApe-INFO: 22:42:14.630: dccp protocol not supported
EtherApe-INFO: 22:42:14.630: sctp protocol not supported
EtherApe-INFO: 22:42:14.630: sctp protocol not supported
EtherApe-INFO: 22:42:14.630: sctp protocol not supported
EtherApe-INFO: 22:42:14.630: sctp protocol not supported
EtherApe-INFO: 22:42:14.630: sctp protocol not supported
EtherApe-INFO: 22:42:14.630: sctp protocol not supported
EtherApe-INFO: 22:42:14.630: sctp protocol not supported
EtherApe-INFO: 22:42:14.630: sctp protocol not supported
EtherApe-INFO: 22:42:14.630: sctp protocol not supported
EtherApe-INFO: 22:42:14.630: sctp protocol not supported
EtherApe-INFO: 22:42:14.630: sctp protocol not supported
EtherApe-INFO: 22:42:14.630: sctp protocol not supported
EtherApe-INFO: 22:42:14.630: sctp protocol not supported
EtherApe-INFO: 22:42:14.630: sctp protocol not supported
EtherApe-INFO: 22:42:14.630: sctp protocol not supported
EtherApe-INFO: 22:42:14.630: sctp protocol not supported
EtherApe-INFO: 22:42:14.630: sctp protocol not supported
EtherApe-INFO: 22:42:14.630: sctp protocol not supported
EtherApe-INFO: 22:42:14.630: sctp protocol not supported
EtherApe-INFO: 22:42:14.630: sctp protocol not supported
EtherApe-INFO: 22:42:14.630: dccp protocol not supported
EtherApe-INFO: 22:42:14.630: sctp protocol not supported
EtherApe-INFO: 22:42:14.630: sctp protocol not supported
EtherApe-INFO: 22:42:14.630: sctp protocol not supported
EtherApe-INFO: 22:42:14.630: sctp protocol not supported
EtherApe-INFO: 22:42:14.630: sctp protocol not supported
EtherApe-INFO: 22:42:14.630: sctp protocol not supported
EtherApe-INFO: 22:42:14.630: sctp protocol not supported
EtherApe-INFO: 22:42:14.631: sctp protocol not supported
EtherApe-INFO: 22:42:14.631: sctp protocol not supported
EtherApe-INFO: 22:42:14.631: sctp protocol not supported
EtherApe-INFO: 22:42:14.631: sctp protocol not supported
EtherApe-INFO: 22:42:14.631: sctp protocol not supported
EtherApe-INFO: 22:42:14.631: sctp protocol not supported
EtherApe-INFO: 22:42:14.631: sctp protocol not supported
EtherApe-INFO: 22:42:14.631: sctp protocol not supported
EtherApe-INFO: 22:42:14.631: sctp protocol not supported
EtherApe-INFO: 22:42:14.631: sctp protocol not supported
EtherApe-INFO: 22:42:14.631: sctp protocol not supported
EtherApe-INFO: 22:42:14.631: sctp protocol not supported
EtherApe-INFO: 22:42:14.631: sctp protocol not supported
EtherApe-INFO: 22:42:14.631: sctp protocol not supported
EtherApe-INFO: 22:42:14.631: sctp protocol not supported
EtherApe-INFO: 22:42:14.631: sctp protocol not supported
EtherApe-INFO: 22:42:14.631: sctp protocol not supported
EtherApe-INFO: 22:42:14.631: sctp protocol not supported
EtherApe-INFO: 22:42:14.631: sctp protocol not supported
EtherApe-INFO: 22:42:14.631: sctp protocol not supported
EtherApe-INFO: 22:42:14.631: sctp protocol not supported
EtherApe-INFO: 22:42:14.631: sctp protocol not supported
EtherApe-INFO: 22:42:14.631: sctp protocol not supported
EtherApe-INFO: 22:42:14.631: sctp protocol not supported
EtherApe-INFO: 22:42:14.631: sctp protocol not supported
EtherApe-INFO: 22:42:14.631: sctp protocol not supported
EtherApe-INFO: 22:42:14.631: sctp protocol not supported
EtherApe-INFO: 22:42:14.631: sctp protocol not supported
EtherApe-INFO: 22:42:14.631: sctp protocol not supported
EtherApe-INFO: 22:42:14.631: sctp protocol not supported
EtherApe-INFO: 22:42:14.631: sctp protocol not supported
EtherApe-INFO: 22:42:14.639: get_interface result: ''
EtherApe-INFO: 22:42:14.639: Available interfaces for capture: dbus-session dbus-system nfqueue nflog bluetooth-monitor lo any enp7s0
EtherApe-INFO: 22:42:14.639: Link type is LINUX_SLL
EtherApe-INFO: 22:42:14.640: Diagram started
EtherApe-INFO: 22:42:16.502: New node: IP: 192.168.1.199. Number of nodes 1
EtherApe-INFO: 22:42:16.502: New node: IP: 184.73.242.38. Number of nodes 2
EtherApe-INFO: 22:42:16.769: New node: IP: 192.168.1.1. Number of nodes 3
EtherApe-INFO: 22:42:25.035: New node: IP: 172.64.151.218. Number of nodes 4
EtherApe-INFO: 22:42:30.102: New node: IP: 64.233.164.188. Number of nodes 5
EtherApe-INFO: 22:42:35.169: New node: IP: 104.16.156.111. Number of nodes 6
EtherApe-INFO: 22:42:38.369: New node: IP: 239.255.255.250. Number of nodes 7
EtherApe-INFO: 22:42:38.636: New node: IP: 142.250.186.206. Number of nodes 8
EtherApe-INFO: 22:42:38.636: New node: IP: 216.58.208.202. Number of nodes 9
EtherApe-INFO: 22:42:40.236: New node: IP: 172.217.16.46. Number of nodes 10
EtherApe-INFO: 22:42:42.102: New node: IP: 142.250.203.206. Number of nodes 11
EtherApe-INFO: 22:42:42.103: New node: IP: 142.250.186.195. Number of nodes 12
EtherApe-INFO: 22:42:43.702: New node: IP: 35.190.80.1. Number of nodes 13
EtherApe-INFO: 22:42:47.172: New node: IP: 172.217.16.35. Number of nodes 14
EtherApe-INFO: 22:42:51.703: New node: IP: 216.58.215.106. Number of nodes 15
EtherApe-INFO: 22:42:51.706: New node: IP: 142.250.147.84. Number of nodes 16
EtherApe-INFO: 22:42:51.973: New node: IP: 142.251.167.94. Number of nodes 17
EtherApe-INFO: 22:42:52.784: New node: IP: 216.58.209.14. Number of nodes 18
EtherApe-INFO: 22:42:55.171: New node: IP: 142.250.203.129. Number of nodes 19
EtherApe-INFO: 22:42:56.236: New node: IP: 104.19.159.190. Number of nodes 20
EtherApe-INFO: 22:42:58.636: New node: IP: 142.250.203.202. Number of nodes 21
EtherApe-INFO: 22:43:07.969: New node: IP: 151.101.65.91. Number of nodes 22
EtherApe-INFO: 22:43:21.036: New node: IP: 151.101.193.91. Number of nodes 23
EtherApe-INFO: 22:43:33.036: New node: IP: 95.216.195.133. Number of nodes 24
EtherApe-INFO: 22:43:58.904: New node: IP: 151.101.129.91. Number of nodes 25
EtherApe-INFO: 22:44:27.758: delete node: IP: 184.73.242.38. Number of nodes 24
EtherApe-INFO: 22:44:30.375: New node: IP: 142.250.75.14. Number of nodes 25
EtherApe-INFO: 22:44:30.386: New node: IP: 172.217.16.10. Number of nodes 26
EtherApe-INFO: 22:44:36.503: New node: IP: 142.250.75.10. Number of nodes 27
EtherApe-INFO: 22:44:41.312: New node: IP: 172.217.16.3. Number of nodes 28
EtherApe-INFO: 22:44:52.834: delete node: IP: 216.58.215.106. Number of nodes 27
EtherApe-INFO: 22:44:52.834: delete node: IP: 172.217.16.46. Number of nodes 26
EtherApe-INFO: 22:44:59.539: delete node: IP: 104.19.159.190. Number of nodes 25
EtherApe-INFO: 22:45:11.441: New node: IP: 142.250.203.138. Number of nodes 26
EtherApe-INFO: 22:45:11.714: New node: IP: 216.58.215.110. Number of nodes 27
EtherApe-INFO: 22:45:18.106: New node: IP: 142.251.9.94. Number of nodes 28
EtherApe-INFO: 22:45:24.769: New node: IP: 216.58.208.196. Number of nodes 29
EtherApe-INFO: 22:45:25.583: New node: IP: 142.250.203.130. Number of nodes 30
EtherApe-INFO: 22:45:29.302: New node: IP: 172.217.16.46. Number of nodes 31
EtherApe-INFO: 22:45:29.841: New node: IP: 104.19.159.190. Number of nodes 32
EtherApe-INFO: 22:45:33.395: delete node: IP: 95.216.195.133. Number of nodes 31
EtherApe-INFO: 22:45:33.839: New node: IP: 104.18.33.186. Number of nodes 32
EtherApe-INFO: 22:45:39.514: delete node: IP: 216.58.209.14. Number of nodes 31
EtherApe-INFO: 22:45:42.379: New node: IP: 104.16.155.111. Number of nodes 32
EtherApe-INFO: 22:45:42.642: New node: IP: 216.58.215.106. Number of nodes 33
EtherApe-INFO: 22:45:44.505: delete node: IP: 172.217.16.35. Number of nodes 32
EtherApe-INFO: 22:45:47.702: New node: IP: 104.16.80.73. Number of nodes 33
EtherApe-INFO: 22:45:48.503: New node: IP: 172.64.153.55. Number of nodes 34
EtherApe-INFO: 22:46:38.905: New node: IP: 216.239.32.116. Number of nodes 35
EtherApe-INFO: 22:46:38.905: New node: IP: 172.217.16.35. Number of nodes 36
EtherApe-INFO: 22:46:41.090: delete node: IP: 172.217.16.10. Number of nodes 35
EtherApe-INFO: 22:47:01.303: New node: IP: 104.16.208.203. Number of nodes 36
EtherApe-INFO: 22:47:07.702: New node: IP: 54.80.2.54. Number of nodes 37
EtherApe-INFO: 22:47:20.296: delete node: IP: 142.251.9.94. Number of nodes 36
EtherApe-INFO: 22:47:25.578: delete node: IP: 142.250.186.195. Number of nodes 35
EtherApe-INFO: 22:47:25.894: delete node: IP: 104.16.156.111. Number of nodes 34
EtherApe-INFO: 22:47:44.002: delete node: IP: 172.217.16.3. Number of nodes 33
EtherApe-INFO: 22:47:55.970: New node: IP: 95.216.144.15. Number of nodes 34
EtherApe-INFO: 22:48:21.654: delete node: IP: 142.250.203.138. Number of nodes 33
EtherApe-INFO: 22:48:24.504: New node: IP: 172.67.97.54. Number of nodes 34
EtherApe-INFO: 22:48:33.062: New node: IP: 95.216.195.133. Number of nodes 35
EtherApe-INFO: 22:48:35.729: New node: IP: 149.154.167.50. Number of nodes 36
EtherApe-INFO: 22:48:35.729: New node: IP: 149.154.167.41. Number of nodes 37
EtherApe-INFO: 22:48:37.067: New node: IP: 149.154.175.57. Number of nodes 38
EtherApe-INFO: 22:48:37.067: New node: IP: 149.154.175.54. Number of nodes 39
EtherApe-INFO: 22:48:37.067: New node: IP: 149.154.175.100. Number of nodes 40
EtherApe-INFO: 22:48:37.068: New node: IP: 149.154.167.92. Number of nodes 41
EtherApe-INFO: 22:48:37.068: New node: IP: 91.108.56.145. Number of nodes 42
EtherApe-INFO: 22:48:38.399: New node: IP: 149.154.175.59. Number of nodes 43
EtherApe-INFO: 22:48:38.399: New node: IP: 149.154.175.53. Number of nodes 44
EtherApe-INFO: 22:48:38.400: New node: IP: 149.154.167.91. Number of nodes 45
EtherApe-INFO: 22:48:38.400: New node: IP: 91.108.56.114. Number of nodes 46
EtherApe-INFO: 22:48:38.938: New node: IP: 172.217.16.14. Number of nodes 47
EtherApe-INFO: 22:48:55.808: delete node: IP: 142.250.203.129. Number of nodes 46
EtherApe-INFO: 22:49:07.817: delete node: IP: 104.16.208.203. Number of nodes 45
EtherApe-INFO: 22:49:12.533: New node: IP: 149.154.167.216. Number of nodes 46
EtherApe-INFO: 22:49:16.317: delete node: IP: 216.58.215.110. Number of nodes 45
EtherApe-INFO: 22:49:17.166: delete node: IP: 216.58.208.196. Number of nodes 44
EtherApe-INFO: 22:49:43.782: New node: IP: 172.217.161.35. Number of nodes 45
EtherApe-INFO: 22:49:43.782: New node: IP: 216.58.209.14. Number of nodes 46
EtherApe-INFO: 22:49:49.916: New node: IP: 142.251.9.84. Number of nodes 47
EtherApe-INFO: 22:49:57.213: delete node: IP: 95.216.144.15. Number of nodes 46
EtherApe-INFO: 22:50:30.749: delete node: IP: 142.250.203.202. Number of nodes 45
EtherApe-INFO: 22:50:31.069: delete node: IP: 172.67.97.54. Number of nodes 44
EtherApe-INFO: 22:50:33.934: delete node: IP: 95.216.195.133. Number of nodes 43
EtherApe-INFO: 22:50:38.272: delete node: IP: 149.154.175.57. Number of nodes 42
EtherApe-INFO: 22:50:38.483: delete node: IP: 149.154.167.92. Number of nodes 41
EtherApe-INFO: 22:50:38.800: delete node: IP: 149.154.175.54. Number of nodes 40
EtherApe-INFO: 22:50:39.012: delete node: IP: 172.217.16.14. Number of nodes 39
EtherApe-INFO: 22:50:39.328: delete node: IP: 142.250.203.206. Number of nodes 38
EtherApe-INFO: 22:50:39.328: delete node: IP: 142.250.147.84. Number of nodes 37
EtherApe-INFO: 22:50:41.120: delete node: IP: 149.154.175.100. Number of nodes 36
EtherApe-INFO: 22:50:42.811: delete node: IP: 91.108.56.145. Number of nodes 35
EtherApe-INFO: 22:50:43.786: New node: IP: 142.250.203.142. Number of nodes 36
EtherApe-INFO: 22:50:48.417: delete node: IP: 91.108.56.114. Number of nodes 35
EtherApe-INFO: 22:51:02.468: New node: IP: 91.108.56.114. Number of nodes 36
EtherApe-INFO: 22:51:25.671: delete node: IP: 142.250.203.130. Number of nodes 35
EtherApe-INFO: 22:51:25.672: delete node: IP: 142.250.186.206. Number of nodes 34
EtherApe-INFO: 22:51:29.998: delete node: IP: 172.217.16.46. Number of nodes 33
EtherApe-INFO: 22:51:44.328: delete node: IP: 216.58.209.14. Number of nodes 32
EtherApe-INFO: 22:51:50.729: delete node: IP: 142.251.167.94. Number of nodes 31
EtherApe-INFO: 22:51:50.729: delete node: IP: 142.251.9.84. Number of nodes 30
EtherApe-INFO: 22:51:50.729: delete node: IP: 35.190.80.1. Number of nodes 29
EtherApe-INFO: 22:52:07.013: delete node: IP: 142.250.75.10. Number of nodes 28
EtherApe-INFO: 22:52:08.590: delete node: IP: 216.58.215.106. Number of nodes 27
EtherApe-INFO: 22:52:10.157: New node: IP: 142.251.167.94. Number of nodes 28
EtherApe-INFO: 22:52:22.261: delete node: IP: 216.58.208.202. Number of nodes 27
EtherApe-INFO: 19:52:35.001: New node: IP: 213.222.217.11. Number of nodes 28
EtherApe-INFO: 19:52:37.934: New node: IP: 142.251.9.84. Number of nodes 29
EtherApe-INFO: 19:53:08.067: New node: IP: 37.19.218.167. Number of nodes 30
EtherApe-INFO: 19:53:19.000: New node: IP: 54.92.224.85. Number of nodes 31
EtherApe-INFO: 19:53:32.069: New node: IP: 95.216.195.133. Number of nodes 32
EtherApe-INFO: 19:54:10.204: New node: IP: 127.0.0.1. Number of nodes 33
EtherApe-INFO: 19:54:12.604: New node: IP: 152.89.206.15. Number of nodes 34
EtherApe-INFO: 19:54:40.334: New node: IP: 216.58.208.202. Number of nodes 35
EtherApe-INFO: 19:55:12.091: New node: IP: 149.154.165.111. Number of nodes 36
EtherApe-INFO: 19:55:14.332: delete node: IP: 54.80.2.54. Number of nodes 35
EtherApe-INFO: 19:55:32.568: delete node: IP: 95.216.195.133. Number of nodes 34
EtherApe-INFO: 19:55:40.076: delete node: IP: 104.18.33.186. Number of nodes 33
EtherApe-INFO: 19:55:40.076: delete node: IP: 104.16.155.111. Number of nodes 32
EtherApe-INFO: 19:55:41.130: delete node: IP: 172.64.153.55. Number of nodes 31
EtherApe-INFO: 19:55:45.149: delete node: IP: 172.217.161.35. Number of nodes 30
EtherApe-INFO: 19:55:48.314: delete node: IP: 142.250.75.14. Number of nodes 29
EtherApe-INFO: 19:56:10.838: delete node: IP: 127.0.0.1. Number of nodes 28
EtherApe-INFO: 19:56:18.222: delete node: IP: 172.64.151.218. Number of nodes 27
EtherApe-INFO: 19:57:46.301: delete node: IP: 149.154.175.53. Number of nodes 26
EtherApe-INFO: 19:58:01.716: delete node: IP: 149.154.175.59. Number of nodes 25
EtherApe-INFO: 19:58:06.747: delete node: IP: 91.108.56.114. Number of nodes 24
EtherApe-INFO: 19:58:09.461: delete node: IP: 149.154.165.111. Number of nodes 23
EtherApe-INFO: 19:58:24.940: delete node: IP: 149.154.167.216. Number of nodes 22
EtherApe-INFO: 19:58:37.134: New node: IP: 95.216.195.133. Number of nodes 23
EtherApe-INFO: 19:58:59.537: New node: IP: 149.154.167.216. Number of nodes 24
EtherApe-INFO: 19:59:00.603: New node: IP: 149.154.165.111. Number of nodes 25
EtherApe-INFO: 19:59:16.105: delete node: IP: 151.101.129.91. Number of nodes 24
EtherApe-INFO: 19:59:30.259: delete node: IP: 142.250.203.142. Number of nodes 23
EtherApe-INFO: 20:00:10.467: New node: IP: 104.25.95.5. Number of nodes 24
EtherApe-INFO: 20:00:16.405: delete node: IP: 142.251.9.84. Number of nodes 23
EtherApe-INFO: 20:00:37.443: delete node: IP: 95.216.195.133. Number of nodes 22
EtherApe-INFO: 20:00:40.908: delete node: IP: 216.58.208.202. Number of nodes 21
EtherApe-INFO: 20:01:17.202: delete node: IP: 149.154.165.111. Number of nodes 20
EtherApe-INFO: 20:01:22.242: delete node: IP: 149.154.167.50. Number of nodes 19
EtherApe-INFO: 20:02:11.608: delete node: IP: 104.25.95.5. Number of nodes 18
EtherApe-INFO: 20:02:21.449: delete node: IP: 149.154.167.216. Number of nodes 17
EtherApe-INFO: 20:02:24.384: delete node: IP: 104.19.159.190. Number of nodes 16
EtherApe-INFO: 20:03:32.067: New node: IP: 95.216.195.133. Number of nodes 17
EtherApe-INFO: 20:04:19.865: delete node: IP: 151.101.193.91. Number of nodes 16
EtherApe-INFO: 20:04:19.865: delete node: IP: 151.101.65.91. Number of nodes 15
EtherApe-INFO: 20:04:49.437: delete node: IP: 37.19.218.167. Number of nodes 14
EtherApe-INFO: 20:05:33.466: delete node: IP: 95.216.195.133. Number of nodes 13
EtherApe-INFO: 20:05:43.268: New node: IP: 149.154.167.50. Number of nodes 14
EtherApe-INFO: 20:07:44.092: delete node: IP: 149.154.167.50. Number of nodes 13
EtherApe-INFO: 20:08:15.272: New node: IP: 192.168.1.255. Number of nodes 14
EtherApe-INFO: 20:08:18.468: New node: IP: 149.154.167.216. Number of nodes 15
EtherApe-INFO: 20:08:27.533: New node: IP: 184.73.242.38. Number of nodes 16
EtherApe-INFO: 20:08:28.866: New node: IP: 44.218.8.119. Number of nodes 17
EtherApe-INFO: 20:08:32.068: New node: IP: 95.216.195.133. Number of nodes 18
EtherApe-INFO: 20:09:40.337: New node: IP: 142.250.186.206. Number of nodes 19
EtherApe-INFO: 20:10:01.138: New node: IP: 216.58.209.10. Number of nodes 20
EtherApe-INFO: 20:10:15.838: delete node: IP: 192.168.1.255. Number of nodes 19
EtherApe-INFO: 20:10:32.687: delete node: IP: 95.216.195.133. Number of nodes 18
EtherApe-INFO: 20:11:58.200: New node: IP: 149.154.167.50. Number of nodes 19
EtherApe-INFO: 20:12:01.429: delete node: IP: 216.58.209.10. Number of nodes 18
EtherApe-INFO: 20:13:21.197: delete node: IP: 149.154.167.216. Number of nodes 17
EtherApe-INFO: 20:13:28.339: New node: IP: 149.154.167.216. Number of nodes 18
EtherApe-INFO: 20:13:32.138: New node: IP: 95.216.195.133. Number of nodes 19
EtherApe-INFO: 20:15:32.556: delete node: IP: 95.216.195.133. Number of nodes 18
EtherApe-INFO: 20:15:40.553: delete node: IP: 172.217.16.35. Number of nodes 17
EtherApe-INFO: 20:15:54.099: delete node: IP: 149.154.167.50. Number of nodes 16
EtherApe-INFO: 20:16:25.047: delete node: IP: 149.154.167.91. Number of nodes 15
EtherApe-INFO: 20:16:29.000: New node: IP: 149.154.167.50. Number of nodes 16
EtherApe-INFO: 20:16:32.833: delete node: IP: 142.250.186.206. Number of nodes 15
EtherApe-INFO: 20:16:51.667: New node: IP: 95.216.144.15. Number of nodes 16
EtherApe-INFO: 20:18:32.201: New node: IP: 95.216.195.133. Number of nodes 17
EtherApe-INFO: 20:18:58.114: delete node: IP: 95.216.144.15. Number of nodes 16
EtherApe-INFO: 20:20:13.694: New node: IP: 142.250.186.202. Number of nodes 17
EtherApe-INFO: 20:20:34.280: delete node: IP: 95.216.195.133. Number of nodes 16
EtherApe-INFO: 20:21:53.772: delete node: IP: 149.154.167.216. Number of nodes 15
EtherApe-INFO: 20:22:44.647: delete node: IP: 184.73.242.38. Number of nodes 14
EtherApe-INFO: 20:23:11.034: New node: IP: 142.250.203.138. Number of nodes 15
EtherApe-INFO: 20:23:32.094: New node: IP: 95.216.195.133. Number of nodes 16
EtherApe-INFO: 20:25:11.598: delete node: IP: 142.250.203.138. Number of nodes 15
EtherApe-INFO: 20:25:23.827: New node: IP: 149.154.167.216. Number of nodes 16
EtherApe-INFO: 20:25:32.454: delete node: IP: 95.216.195.133. Number of nodes 15
EtherApe-INFO: 20:25:35.844: New node: IP: 140.82.121.4. Number of nodes 16
EtherApe-INFO: 20:26:00.894: New node: IP: 140.82.121.3. Number of nodes 17
EtherApe-INFO: 20:26:13.973: delete node: IP: 142.250.186.202. Number of nodes 16
EtherApe-INFO: 20:26:31.293: New node: IP: 184.73.242.38. Number of nodes 17
EtherApe-INFO: 20:27:51.633: delete node: IP: 149.154.167.216. Number of nodes 16
EtherApe-INFO: 20:27:55.629: delete node: IP: 140.82.121.4. Number of nodes 15
EtherApe-INFO: 20:28:32.100: New node: IP: 95.216.195.133. Number of nodes 16
EtherApe-INFO: 20:29:01.431: New node: IP: 149.154.167.216. Number of nodes 17
EtherApe-INFO: 20:29:14.569: delete node: IP: 140.82.121.3. Number of nodes 16
EtherApe-INFO: 20:30:32.370: delete node: IP: 95.216.195.133. Number of nodes 15
EtherApe-INFO: 20:31:00.417: delete node: IP: 149.154.167.50. Number of nodes 14
EtherApe-INFO: 20:31:05.960: New node: IP: 149.154.167.92. Number of nodes 15
EtherApe-INFO: 20:31:11.297: New node: IP: 149.154.175.57. Number of nodes 16
EtherApe-INFO: 20:31:11.297: New node: IP: 149.154.175.54. Number of nodes 17
EtherApe-INFO: 20:33:12.638: delete node: IP: 149.154.175.57. Number of nodes 16
EtherApe-INFO: 20:33:27.036: delete node: IP: 149.154.167.216. Number of nodes 15
EtherApe-INFO: 20:33:29.451: delete node: IP: 149.154.175.54. Number of nodes 14
EtherApe-INFO: 20:33:29.451: delete node: IP: 149.154.167.92. Number of nodes 13
EtherApe-INFO: 20:33:32.098: New node: IP: 95.216.195.133. Number of nodes 14
EtherApe-INFO: 20:35:16.413: delete node: IP: 184.73.242.38. Number of nodes 13
EtherApe-INFO: 20:35:32.993: delete node: IP: 95.216.195.133. Number of nodes 12
EtherApe-INFO: 20:38:25.427: New node: IP: 184.73.242.38. Number of nodes 13
EtherApe-INFO: 20:38:32.103: New node: IP: 95.216.195.133. Number of nodes 14
EtherApe-INFO: 20:38:37.427: New node: IP: 142.250.203.131. Number of nodes 15
EtherApe-INFO: 20:39:13.961: New node: IP: 149.154.167.216. Number of nodes 16
EtherApe-INFO: 20:39:40.360: New node: IP: 216.58.209.14. Number of nodes 17
EtherApe-INFO: 20:40:15.296: New node: IP: 216.58.209.10. Number of nodes 18
EtherApe-INFO: 20:40:32.388: delete node: IP: 95.216.195.133. Number of nodes 17
EtherApe-INFO: 20:40:46.588: delete node: IP: 184.73.242.38. Number of nodes 16
EtherApe-INFO: 20:41:41.221: delete node: IP: 216.58.209.14. Number of nodes 15
EtherApe-INFO: 20:41:46.265: delete node: IP: 142.250.203.131. Number of nodes 14
EtherApe-INFO: 20:42:15.562: delete node: IP: 216.58.209.10. Number of nodes 13
EtherApe-INFO: 20:42:19.030: New node: IP: 184.73.242.38. Number of nodes 14
EtherApe-INFO: 20:42:28.159: delete node: IP: 149.154.167.216. Number of nodes 13
EtherApe-INFO: 20:43:24.444: delete node: IP: 44.218.8.119. Number of nodes 12
EtherApe-INFO: 20:43:32.099: New node: IP: 95.216.195.133. Number of nodes 13
EtherApe-INFO: 20:45:32.460: delete node: IP: 95.216.195.133. Number of nodes 12
EtherApe-INFO: 20:45:58.227: New node: IP: 44.218.8.119. Number of nodes 13
EtherApe-INFO: 20:46:12.165: delete node: IP: 184.73.242.38. Number of nodes 12
EtherApe-INFO: 20:47:56.360: New node: IP: 184.73.242.38. Number of nodes 13
EtherApe-INFO: 20:48:18.502: delete node: IP: 44.218.8.119. Number of nodes 12
EtherApe-INFO: 20:48:32.094: New node: IP: 95.216.195.133. Number of nodes 13
EtherApe-INFO: 20:50:35.096: delete node: IP: 95.216.195.133. Number of nodes 12
EtherApe-INFO: 20:53:32.094: New node: IP: 95.216.195.133. Number of nodes 13
EtherApe-INFO: 20:55:33.701: delete node: IP: 95.216.195.133. Number of nodes 12
EtherApe-INFO: 20:58:32.094: New node: IP: 95.216.195.133. Number of nodes 13
EtherApe-INFO: 21:00:17.428: New node: IP: 149.154.167.216. Number of nodes 14
EtherApe-INFO: 21:00:33.217: delete node: IP: 95.216.195.133. Number of nodes 13
EtherApe-INFO: 21:02:33.512: delete node: IP: 149.154.167.216. Number of nodes 12
EtherApe-INFO: 21:03:32.094: New node: IP: 95.216.195.133. Number of nodes 13
EtherApe-INFO: 21:05:32.724: delete node: IP: 95.216.195.133. Number of nodes 12
EtherApe-INFO: 21:08:37.217: New node: IP: 95.216.195.133. Number of nodes 13
EtherApe-INFO: 21:08:37.218: New node: IP: 142.250.180.67. Number of nodes 14
EtherApe-INFO: 21:09:06.813: New node: IP: 149.154.167.216. Number of nodes 15
EtherApe-INFO: 21:09:40.280: New node: IP: 142.250.203.206. Number of nodes 16
EtherApe-INFO: 21:10:20.508: New node: IP: 142.250.203.202. Number of nodes 17
EtherApe-INFO: 21:10:37.614: delete node: IP: 95.216.195.133. Number of nodes 16
EtherApe-INFO: 21:11:23.733: delete node: IP: 149.154.167.216. Number of nodes 15
EtherApe-INFO: 21:11:41.257: delete node: IP: 142.250.203.206. Number of nodes 14
EtherApe-INFO: 21:11:41.257: delete node: IP: 142.250.180.67. Number of nodes 13
EtherApe-INFO: 21:12:23.719: delete node: IP: 142.250.203.202. Number of nodes 12
EtherApe-INFO: 21:12:31.907: New node: IP: 149.154.167.216. Number of nodes 13
EtherApe-INFO: 21:13:32.173: New node: IP: 95.216.195.133. Number of nodes 14
EtherApe-INFO: 21:15:32.753: delete node: IP: 149.154.167.216. Number of nodes 13
EtherApe-INFO: 21:15:32.753: delete node: IP: 95.216.195.133. Number of nodes 12
EtherApe-INFO: 21:18:27.907: New node: IP: 149.154.167.216. Number of nodes 13
EtherApe-INFO: 21:18:32.174: New node: IP: 95.216.195.133. Number of nodes 14
EtherApe-INFO: 21:20:33.549: delete node: IP: 95.216.195.133. Number of nodes 13
EtherApe-INFO: 21:22:54.930: delete node: IP: 149.154.167.216. Number of nodes 12
EtherApe-INFO: 21:23:37.240: New node: IP: 95.216.195.133. Number of nodes 13
EtherApe-INFO: 21:25:37.609: delete node: IP: 95.216.195.133. Number of nodes 12
EtherApe-INFO: 21:27:17.507: New node: IP: 149.154.167.216. Number of nodes 13
EtherApe-INFO: 21:28:37.240: New node: IP: 95.216.195.133. Number of nodes 14
EtherApe-INFO: 21:29:37.279: delete node: IP: 149.154.167.216. Number of nodes 13
EtherApe-INFO: 21:30:37.804: delete node: IP: 95.216.195.133. Number of nodes 12
EtherApe-INFO: 21:31:07.374: New node: IP: 104.25.94.5. Number of nodes 13
EtherApe-INFO: 21:31:14.814: New node: IP: 95.216.144.15. Number of nodes 14
EtherApe-INFO: 21:32:44.843: New node: IP: 172.67.71.225. Number of nodes 15
EtherApe-INFO: 21:33:32.040: New node: IP: 95.216.195.133. Number of nodes 16
EtherApe-INFO: 21:33:52.040: New node: IP: 149.154.167.216. Number of nodes 17
EtherApe-INFO: 21:34:07.280: delete node: IP: 104.25.94.5. Number of nodes 16
EtherApe-INFO: 21:34:07.280: delete node: IP: 95.216.144.15. Number of nodes 15
EtherApe-INFO: 21:34:46.505: delete node: IP: 172.67.71.225. Number of nodes 14
EtherApe-INFO: 21:35:33.469: delete node: IP: 95.216.195.133. Number of nodes 13
EtherApe-INFO: 21:37:48.346: delete node: IP: 149.154.167.216. Number of nodes 12
EtherApe-INFO: 21:38:32.040: New node: IP: 95.216.195.133. Number of nodes 13
EtherApe-INFO: 21:38:42.440: New node: IP: 142.250.203.131. Number of nodes 14
EtherApe-INFO: 21:39:08.040: New node: IP: 149.154.167.216. Number of nodes 15
EtherApe-INFO: 21:39:40.310: New node: IP: 142.250.186.206. Number of nodes 16
EtherApe-INFO: 21:40:32.649: delete node: IP: 95.216.195.133. Number of nodes 15
EtherApe-INFO: 21:40:41.639: New node: IP: 142.250.180.106. Number of nodes 16
EtherApe-INFO: 21:41:25.688: delete node: IP: 149.154.167.216. Number of nodes 15
EtherApe-INFO: 21:41:41.717: delete node: IP: 142.250.203.131. Number of nodes 14
EtherApe-INFO: 21:41:41.717: delete node: IP: 142.250.186.206. Number of nodes 13
EtherApe-INFO: 21:42:41.860: delete node: IP: 142.250.180.106. Number of nodes 12
EtherApe-INFO: 21:43:32.173: New node: IP: 95.216.195.133. Number of nodes 13
EtherApe-INFO: 21:43:39.640: New node: IP: 104.25.94.5. Number of nodes 14
EtherApe-INFO: 21:43:47.613: New node: IP: 149.154.167.216. Number of nodes 15
EtherApe-INFO: 21:43:49.990: New node: IP: 108.61.5.83. Number of nodes 16
EtherApe-INFO: 21:44:43.479: New node: IP: 149.154.167.50. Number of nodes 17
EtherApe-INFO: 21:45:32.316: delete node: IP: 95.216.195.133. Number of nodes 16
EtherApe-INFO: 21:46:26.416: New node: IP: 172.67.71.225. Number of nodes 17
EtherApe-INFO: 21:46:40.892: delete node: IP: 108.61.5.83. Number of nodes 16
EtherApe-INFO: 21:46:40.892: delete node: IP: 104.25.94.5. Number of nodes 15
EtherApe-INFO: 21:46:44.048: delete node: IP: 149.154.167.50. Number of nodes 14
EtherApe-INFO: 21:47:03.529: delete node: IP: 149.154.167.216. Number of nodes 13
EtherApe-INFO: 21:48:27.789: delete node: IP: 172.67.71.225. Number of nodes 12
EtherApe-INFO: 21:48:32.013: New node: IP: 95.216.195.133. Number of nodes 13
EtherApe-INFO: 21:50:32.308: delete node: IP: 95.216.195.133. Number of nodes 12
EtherApe-INFO: 21:52:56.013: New node: IP: 149.154.167.50. Number of nodes 13
EtherApe-INFO: 21:53:32.280: New node: IP: 95.216.195.133. Number of nodes 14
EtherApe-INFO: 21:54:17.880: New node: IP: 149.154.167.216. Number of nodes 15
EtherApe-INFO: 21:54:56.860: delete node: IP: 149.154.167.50. Number of nodes 14
EtherApe-INFO: 21:55:32.345: delete node: IP: 95.216.195.133. Number of nodes 13
EtherApe-INFO: 21:56:04.093: New node: IP: 44.218.8.119. Number of nodes 14
EtherApe-INFO: 21:56:44.892: New node: IP: 224.0.0.251. Number of nodes 15
EtherApe-INFO: 21:56:44.893: New node: IP: 127.0.0.1. Number of nodes 16
EtherApe-INFO: 21:58:08.626: New node: IP: 140.82.121.3. Number of nodes 17
EtherApe-INFO: 21:58:09.757: delete node: IP: 149.154.167.216. Number of nodes 16
EtherApe-INFO: 21:58:19.115: delete node: IP: 44.218.8.119. Number of nodes 15
EtherApe-INFO: 21:58:32.094: New node: IP: 95.216.195.133. Number of nodes 16
EtherApe-INFO: 21:59:16.160: delete node: IP: 224.0.0.251. Number of nodes 15
EtherApe-INFO: 21:59:16.160: delete node: IP: 127.0.0.1. Number of nodes 14
EtherApe-INFO: 21:59:47.560: New node: IP: 140.82.121.4. Number of nodes 15
EtherApe-INFO: 22:00:30.226: New node: IP: 149.154.167.50. Number of nodes 16
EtherApe-INFO: 22:00:34.792: delete node: IP: 95.216.195.133. Number of nodes 15
EtherApe-INFO: 22:00:35.027: New node: IP: 149.154.167.216. Number of nodes 16
EtherApe-INFO: 22:01:12.093: New node: IP: 149.154.167.255. Number of nodes 17
EtherApe-INFO: 22:01:20.916: delete node: IP: 140.82.121.3. Number of nodes 16
EtherApe-INFO: 22:01:56.650: delete node: IP: 140.82.121.4. Number of nodes 15
EtherApe-INFO: 22:02:53.251: delete node: IP: 149.154.167.216. Number of nodes 14
EtherApe-INFO: 22:03:29.170: delete node: IP: 149.154.167.255. Number of nodes 13
EtherApe-INFO: 22:03:32.093: New node: IP: 95.216.195.133. Number of nodes 14
EtherApe-INFO: 22:04:19.357: delete node: IP: 184.73.242.38. Number of nodes 13
EtherApe-INFO: 22:04:32.626: New node: IP: 184.73.242.38. Number of nodes 14
EtherApe-INFO: 22:04:39.026: New node: IP: 149.154.167.255. Number of nodes 15
EtherApe-INFO: 22:04:39.831: New node: IP: 149.154.167.216. Number of nodes 16
EtherApe-INFO: 22:05:07.826: New node: IP: 224.0.0.251. Number of nodes 17
EtherApe-INFO: 22:05:07.827: New node: IP: 127.0.0.1. Number of nodes 18
EtherApe-INFO: 22:05:21.693: New node: IP: 140.82.121.4. Number of nodes 19
EtherApe-INFO: 22:05:32.415: delete node: IP: 95.216.195.133. Number of nodes 18
EtherApe-INFO: 22:06:03.826: New node: IP: 140.82.121.3. Number of nodes 19
EtherApe-INFO: 22:06:55.081: delete node: IP: 149.154.167.255. Number of nodes 18
EtherApe-INFO: 22:07:11.085: delete node: IP: 224.0.0.251. Number of nodes 17
EtherApe-INFO: 22:07:11.085: delete node: IP: 127.0.0.1. Number of nodes 16
EtherApe-INFO: 22:07:52.463: delete node: IP: 140.82.121.4. Number of nodes 15
EtherApe-INFO: 22:07:52.988: delete node: IP: 149.154.167.216. Number of nodes 14
EtherApe-INFO: 22:08:15.657: delete node: IP: 140.82.121.3. Number of nodes 13
EtherApe-INFO: 22:08:32.093: New node: IP: 95.216.195.133. Number of nodes 14
EtherApe-INFO: 22:08:37.426: New node: IP: 142.250.180.99. Number of nodes 15
EtherApe-INFO: 22:09:40.360: New node: IP: 142.250.75.14. Number of nodes 16
EtherApe-INFO: 22:10:35.039: delete node: IP: 95.216.195.133. Number of nodes 15
EtherApe-INFO: 22:10:55.826: New node: IP: 142.250.180.106. Number of nodes 16
EtherApe-INFO: 22:11:42.279: delete node: IP: 142.250.75.14. Number of nodes 15
EtherApe-INFO: 22:11:47.109: delete node: IP: 142.250.180.99. Number of nodes 14
EtherApe-INFO: 22:12:57.260: delete node: IP: 142.250.180.106. Number of nodes 13
EtherApe-INFO: 22:13:32.093: New node: IP: 95.216.195.133. Number of nodes 14
EtherApe-INFO: 22:13:40.139: delete node: IP: 149.154.167.50. Number of nodes 13
EtherApe-INFO: 22:15:28.896: New node: IP: 149.154.167.216. Number of nodes 14
EtherApe-INFO: 22:15:32.654: delete node: IP: 95.216.195.133. Number of nodes 13
EtherApe-INFO: 22:15:46.759: New node: IP: 149.154.167.50. Number of nodes 14
EtherApe-INFO: 22:17:45.510: delete node: IP: 149.154.167.216. Number of nodes 13
EtherApe-INFO: 22:17:48.445: delete node: IP: 149.154.167.50. Number of nodes 12
EtherApe-INFO: 22:18:32.094: New node: IP: 95.216.195.133. Number of nodes 13
EtherApe-INFO: 22:20:24.094: New node: IP: 149.154.167.216. Number of nodes 14
EtherApe-INFO: 22:20:34.769: delete node: IP: 95.216.195.133. Number of nodes 13
EtherApe-INFO: 22:21:03.829: New node: IP: 149.154.167.255. Number of nodes 14
EtherApe-INFO: 22:22:13.693: New node: IP: 149.154.167.50. Number of nodes 15
EtherApe-INFO: 22:23:20.371: delete node: IP: 149.154.167.255. Number of nodes 14
EtherApe-INFO: 22:23:37.160: New node: IP: 95.216.195.133. Number of nodes 15
EtherApe-INFO: 22:23:37.181: delete node: IP: 149.154.167.216. Number of nodes 14
EtherApe-INFO: 22:24:24.098: delete node: IP: 149.154.167.50. Number of nodes 13
EtherApe-INFO: 22:25:37.977: delete node: IP: 95.216.195.133. Number of nodes 12
EtherApe-INFO: 22:27:59.102: delete node: IP: 184.73.242.38. Number of nodes 11
EtherApe-INFO: 22:28:32.093: New node: IP: 95.216.195.133. Number of nodes 12
EtherApe-INFO: 22:28:33.164: New node: IP: 149.154.167.50. Number of nodes 13
EtherApe-INFO: 22:30:33.712: delete node: IP: 95.216.195.133. Number of nodes 12
EtherApe-INFO: 22:33:37.159: New node: IP: 95.216.195.133. Number of nodes 13
EtherApe-INFO: 22:33:57.962: New node: IP: 149.154.167.216. Number of nodes 14
EtherApe-INFO: 22:34:56.446: delete node: IP: 149.154.167.50. Number of nodes 13
EtherApe-INFO: 22:35:08.149: New node: IP: 149.154.167.50. Number of nodes 14
EtherApe-INFO: 22:35:33.215: New node: IP: 224.0.0.251. Number of nodes 15
EtherApe-INFO: 22:35:33.216: New node: IP: 127.0.0.1. Number of nodes 16
EtherApe-INFO: 22:35:38.599: delete node: IP: 95.216.195.133. Number of nodes 15
EtherApe-INFO: 22:36:17.838: delete node: IP: 149.154.167.216. Number of nodes 14
EtherApe-INFO: 22:36:37.483: New node: IP: 149.154.167.216. Number of nodes 15
EtherApe-INFO: 22:36:41.746: New node: IP: 140.82.121.4. Number of nodes 16
EtherApe-INFO: 22:37:24.423: delete node: IP: 149.154.167.50. Number of nodes 15
EtherApe-INFO: 22:37:47.408: delete node: IP: 224.0.0.251. Number of nodes 14
EtherApe-INFO: 22:37:47.408: delete node: IP: 127.0.0.1. Number of nodes 13
EtherApe-INFO: 22:38:32.147: New node: IP: 95.216.195.133. Number of nodes 14
EtherApe-INFO: 22:38:37.213: New node: IP: 142.250.203.195. Number of nodes 15
EtherApe-INFO: 22:38:50.619: delete node: IP: 140.82.121.4. Number of nodes 14
EtherApe-INFO: 22:38:58.079: delete node: IP: 149.154.167.216. Number of nodes 13
EtherApe-INFO: 22:39:02.279: New node: IP: 184.73.242.38. Number of nodes 14
EtherApe-INFO: 22:39:40.413: New node: IP: 142.250.203.206. Number of nodes 15
EtherApe-INFO: 22:39:59.346: New node: IP: 149.154.167.216. Number of nodes 16
EtherApe-INFO: 22:40:32.507: delete node: IP: 95.216.195.133. Number of nodes 15
EtherApe-INFO: 22:41:08.146: New node: IP: 142.250.186.202. Number of nodes 16
EtherApe-INFO: 22:41:44.509: delete node: IP: 142.250.203.206. Number of nodes 15
EtherApe-INFO: 22:41:44.509: delete node: IP: 142.250.203.195. Number of nodes 14
EtherApe-INFO: 22:42:23.879: New node: IP: 149.154.167.50. Number of nodes 15
EtherApe-INFO: 22:42:27.908: delete node: IP: 184.73.242.38. Number of nodes 14
EtherApe-INFO: 22:43:08.960: delete node: IP: 142.250.186.202. Number of nodes 13
EtherApe-INFO: 22:43:32.149: New node: IP: 95.216.195.133. Number of nodes 14
EtherApe-INFO: 22:44:26.819: delete node: IP: 149.154.167.50. Number of nodes 13
EtherApe-INFO: 22:44:29.746: New node: IP: 184.73.242.38. Number of nodes 14
EtherApe-INFO: 22:44:47.346: New node: IP: 149.154.167.255. Number of nodes 15
EtherApe-INFO: 22:45:32.767: delete node: IP: 95.216.195.133. Number of nodes 14
EtherApe-INFO: 22:46:01.014: delete node: IP: 149.154.167.216. Number of nodes 13
EtherApe-INFO: 22:47:02.643: delete node: IP: 149.154.167.255. Number of nodes 12
EtherApe-INFO: 22:47:58.013: New node: IP: 149.154.167.216. Number of nodes 13
EtherApe-INFO: 22:48:37.213: New node: IP: 95.216.195.133. Number of nodes 14
EtherApe-INFO: 22:49:01.613: New node: IP: 149.154.167.91. Number of nodes 15
EtherApe-INFO: 22:49:08.280: New node: IP: 149.154.167.50. Number of nodes 16
EtherApe-INFO: 22:50:37.346: New node: IP: 104.25.94.5. Number of nodes 17
EtherApe-INFO: 22:50:37.429: delete node: IP: 95.216.195.133. Number of nodes 16
EtherApe-INFO: 22:50:45.080: New node: IP: 95.216.144.15. Number of nodes 17
EtherApe-INFO: 22:50:52.280: New node: IP: 172.67.97.54. Number of nodes 18
EtherApe-INFO: 22:51:18.686: delete node: IP: 149.154.167.91. Number of nodes 17
EtherApe-INFO: 22:51:20.277: delete node: IP: 149.154.167.216. Number of nodes 16
EtherApe-INFO: 22:52:38.839: delete node: IP: 213.222.217.11. Number of nodes 15
EtherApe-INFO: 22:52:38.839: delete node: IP: 104.16.80.73. Number of nodes 14
EtherApe-INFO: 22:52:46.630: delete node: IP: 216.239.32.116. Number of nodes 13
EtherApe-INFO: 22:52:46.630: delete node: IP: 104.25.94.5. Number of nodes 12
EtherApe-INFO: 22:53:06.600: New node: IP: 104.25.95.5. Number of nodes 13
EtherApe-INFO: 22:53:32.226: New node: IP: 95.216.195.133. Number of nodes 14
EtherApe-INFO: 22:53:50.963: delete node: IP: 95.216.144.15. Number of nodes 13
EtherApe-INFO: 22:54:10.675: delete node: IP: 142.251.167.94. Number of nodes 12
EtherApe-INFO: 22:54:29.641: delete node: IP: 172.67.97.54. Number of nodes 11
EtherApe-INFO: 22:55:11.239: delete node: IP: 104.25.95.5. Number of nodes 10
EtherApe-INFO: 22:55:22.893: New node: IP: 149.154.167.216. Number of nodes 11
EtherApe-INFO: 22:55:32.512: delete node: IP: 192.168.1.1. Number of nodes 10
EtherApe-INFO: 22:55:33.658: delete node: IP: 95.216.195.133. Number of nodes 9
EtherApe-INFO: 22:55:43.959: New node: IP: 192.168.1.1. Number of nodes 10
EtherApe-INFO: 22:56:33.564: New node: IP: 149.154.167.255. Number of nodes 11
EtherApe-INFO: 22:56:39.981: delete node: IP: 149.154.167.50. Number of nodes 10
EtherApe-INFO: 22:56:54.626: New node: IP: 44.218.8.119. Number of nodes 11
EtherApe-INFO: 22:58:29.036: delete node: IP: 149.154.167.216. Number of nodes 10
EtherApe-INFO: 22:58:32.226: New node: IP: 95.216.195.133. Number of nodes 11
EtherApe-INFO: 22:58:49.066: delete node: IP: 149.154.167.255. Number of nodes 10
EtherApe-INFO: 22:59:22.897: New node: IP: 149.154.167.216. Number of nodes 11
EtherApe-INFO: 23:00:32.317: delete node: IP: 192.168.1.1. Number of nodes 10
EtherApe-INFO: 23:00:32.317: delete node: IP: 95.216.195.133. Number of nodes 9
EtherApe-INFO: 23:00:35.163: New node: IP: 192.168.1.1. Number of nodes 10
EtherApe-INFO: 23:01:08.759: New node: IP: 149.154.167.50. Number of nodes 11
EtherApe-INFO: 23:01:58.363: New node: IP: 140.82.121.4. Number of nodes 12
EtherApe-INFO: 23:01:59.456: delete node: IP: 149.154.167.216. Number of nodes 11
EtherApe-INFO: 23:02:27.426: New node: IP: 149.154.167.216. Number of nodes 12
EtherApe-INFO: 23:02:57.829: New node: IP: 142.251.143.42. Number of nodes 13
EtherApe-INFO: 23:03:09.399: delete node: IP: 149.154.167.50. Number of nodes 12
EtherApe-INFO: 23:03:32.226: New node: IP: 95.216.195.133. Number of nodes 13
EtherApe-INFO: 23:04:01.293: New node: IP: 140.82.121.3. Number of nodes 14
EtherApe-INFO: 23:04:43.524: delete node: IP: 149.154.167.216. Number of nodes 13
EtherApe-INFO: 23:04:53.637: delete node: IP: 140.82.121.4. Number of nodes 12
EtherApe-INFO: 23:04:58.944: delete node: IP: 142.251.143.42. Number of nodes 11
EtherApe-INFO: 23:05:32.531: delete node: IP: 95.216.195.133. Number of nodes 10
EtherApe-INFO: 23:06:21.652: delete node: IP: 140.82.121.3. Number of nodes 9
EtherApe-INFO: 23:06:55.426: New node: IP: 149.154.167.50. Number of nodes 10
EtherApe-INFO: 23:08:01.029: New node: IP: 149.154.167.216. Number of nodes 11
EtherApe-INFO: 23:08:32.226: New node: IP: 95.216.195.133. Number of nodes 12
EtherApe-INFO: 23:08:42.360: New node: IP: 142.250.203.195. Number of nodes 13
EtherApe-INFO: 23:08:55.961: delete node: IP: 149.154.167.50. Number of nodes 12
EtherApe-INFO: 23:09:40.230: New node: IP: 216.58.208.206. Number of nodes 13
EtherApe-INFO: 23:10:17.332: delete node: IP: 149.154.167.216. Number of nodes 12
EtherApe-INFO: 23:10:32.492: New node: IP: 149.154.167.216. Number of nodes 13
EtherApe-INFO: 23:10:33.449: delete node: IP: 95.216.195.133. Number of nodes 12
EtherApe-INFO: 23:10:59.160: New node: IP: 216.58.209.10. Number of nodes 13
EtherApe-INFO: 23:11:41.300: delete node: IP: 142.250.203.195. Number of nodes 12
EtherApe-INFO: 23:12:47.993: delete node: IP: 149.154.167.216. Number of nodes 11
EtherApe-INFO: 23:12:59.732: delete node: IP: 216.58.209.10. Number of nodes 10
EtherApe-INFO: 23:13:00.255: delete node: IP: 44.218.8.119. Number of nodes 9
EtherApe-INFO: 23:13:21.293: New node: IP: 149.154.167.50. Number of nodes 10
EtherApe-INFO: 23:13:32.226: New node: IP: 95.216.195.133. Number of nodes 11
EtherApe-INFO: 23:15:22.395: delete node: IP: 149.154.167.50. Number of nodes 10
EtherApe-INFO: 23:15:32.295: delete node: IP: 192.168.1.1. Number of nodes 9
EtherApe-INFO: 23:15:32.503: delete node: IP: 95.216.195.133. Number of nodes 8
EtherApe-INFO: 23:15:51.959: New node: IP: 192.168.1.1. Number of nodes 9
EtherApe-INFO: 23:16:01.827: New node: IP: 149.154.167.216. Number of nodes 10
EtherApe-INFO: 23:17:24.226: New node: IP: 213.222.217.11. Number of nodes 11
EtherApe-INFO: 23:18:08.031: delete node: IP: 216.58.208.206. Number of nodes 10
EtherApe-INFO: 23:18:17.621: delete node: IP: 149.154.167.216. Number of nodes 9
EtherApe-INFO: 23:18:29.293: New node: IP: 149.154.167.50. Number of nodes 10
EtherApe-INFO: 23:18:37.027: New node: IP: 95.216.195.133. Number of nodes 11
EtherApe-INFO: 23:19:24.527: delete node: IP: 213.222.217.11. Number of nodes 10
EtherApe-INFO: 23:20:29.910: delete node: IP: 149.154.167.50. Number of nodes 9
EtherApe-INFO: 23:20:37.299: delete node: IP: 192.168.1.1. Number of nodes 8
EtherApe-INFO: 23:20:37.611: delete node: IP: 95.216.195.133. Number of nodes 7
EtherApe-INFO: 23:22:02.092: New node: IP: 192.168.1.1. Number of nodes 8
EtherApe-INFO: 23:22:34.629: New node: IP: 149.154.167.216. Number of nodes 9
EtherApe-INFO: 23:23:29.315: New node: IP: 149.154.175.211. Number of nodes 10
EtherApe-INFO: 23:23:29.318: New node: IP: 149.154.167.255. Number of nodes 11
EtherApe-INFO: 23:23:32.149: New node: IP: 95.216.195.133. Number of nodes 12
EtherApe-INFO: 23:23:53.747: New node: IP: 224.0.0.251. Number of nodes 13
EtherApe-INFO: 23:23:53.747: New node: IP: 127.0.0.1. Number of nodes 14
EtherApe-INFO: 23:24:44.412: New node: IP: 140.82.121.4. Number of nodes 15
EtherApe-INFO: 23:25:32.431: delete node: IP: 95.216.195.133. Number of nodes 14
EtherApe-INFO: 23:25:44.962: delete node: IP: 149.154.167.255. Number of nodes 13
EtherApe-INFO: 23:25:47.152: delete node: IP: 149.154.175.211. Number of nodes 12
EtherApe-INFO: 23:25:47.883: delete node: IP: 149.154.167.216. Number of nodes 11
EtherApe-INFO: 23:25:57.050: delete node: IP: 224.0.0.251. Number of nodes 10
EtherApe-INFO: 23:25:57.050: delete node: IP: 127.0.0.1. Number of nodes 9
EtherApe-INFO: 23:27:13.027: delete node: IP: 140.82.121.4. Number of nodes 8
EtherApe-INFO: 23:28:32.147: New node: IP: 95.216.195.133. Number of nodes 9
EtherApe-INFO: 23:28:46.814: New node: IP: 149.154.167.216. Number of nodes 10
EtherApe-INFO: 23:30:32.146: New node: IP: 149.154.167.50. Number of nodes 11
EtherApe-INFO: 23:30:32.474: delete node: IP: 95.216.195.133. Number of nodes 10
EtherApe-INFO: 23:31:58.903: delete node: IP: 192.168.1.1. Number of nodes 9
EtherApe-INFO: 23:32:02.013: New node: IP: 192.168.1.1. Number of nodes 10
EtherApe-INFO: 23:32:46.287: delete node: IP: 149.154.167.216. Number of nodes 9
EtherApe-INFO: 23:33:00.950: New node: IP: 149.154.167.216. Number of nodes 10
EtherApe-INFO: 23:33:32.146: New node: IP: 95.216.195.133. Number of nodes 11
EtherApe-INFO: 23:35:33.000: delete node: IP: 192.168.1.1. Number of nodes 10
EtherApe-INFO: 23:35:33.000: delete node: IP: 95.216.195.133. Number of nodes 9
EtherApe-INFO: 23:36:00.945: New node: IP: 192.168.1.1. Number of nodes 10
EtherApe-INFO: 23:37:11.117: delete node: IP: 149.154.167.216. Number of nodes 9
EtherApe-INFO: 23:37:44.413: New node: IP: 140.82.121.4. Number of nodes 10
EtherApe-INFO: 23:38:37.212: New node: IP: 95.216.195.133. Number of nodes 11
EtherApe-INFO: 23:38:37.214: New node: IP: 142.250.203.131. Number of nodes 12
EtherApe-INFO: 23:39:16.591: delete node: IP: 149.154.167.50. Number of nodes 11
EtherApe-INFO: 23:39:40.252: New node: IP: 142.250.203.206. Number of nodes 12
EtherApe-INFO: 23:39:57.152: delete node: IP: 140.82.121.4. Number of nodes 11
EtherApe-INFO: 23:40:37.598: delete node: IP: 95.216.195.133. Number of nodes 10
EtherApe-INFO: 23:41:19.720: New node: IP: 216.58.209.10. Number of nodes 11
EtherApe-INFO: 23:41:40.606: delete node: IP: 142.250.203.206. Number of nodes 10
EtherApe-INFO: 23:41:42.483: delete node: IP: 142.250.203.131. Number of nodes 9
EtherApe-INFO: 23:41:43.719: New node: IP: 104.16.208.203. Number of nodes 10
EtherApe-INFO: 23:41:49.589: New node: IP: 185.216.201.68. Number of nodes 11
EtherApe-INFO: 23:41:51.188: New node: IP: 127.0.0.1. Number of nodes 12
EtherApe-INFO: 23:43:19.808: delete node: IP: 216.58.209.10. Number of nodes 11
EtherApe-INFO: 23:43:32.253: New node: IP: 95.216.195.133. Number of nodes 12
EtherApe-INFO: 23:43:44.583: delete node: IP: 104.16.208.203. Number of nodes 11
EtherApe-INFO: 23:43:51.769: delete node: IP: 127.0.0.1. Number of nodes 10
EtherApe-INFO: 23:44:07.989: New node: IP: 140.82.121.3. Number of nodes 11
EtherApe-INFO: 23:44:27.985: New node: IP: 149.154.167.216. Number of nodes 12
EtherApe-INFO: 23:44:55.452: New node: IP: 149.154.167.50. Number of nodes 13
EtherApe-INFO: 23:45:32.347: delete node: IP: 95.216.195.133. Number of nodes 12
EtherApe-INFO: 23:46:06.918: New node: IP: 127.0.0.1. Number of nodes 13
EtherApe-INFO: 23:46:33.455: delete node: IP: 140.82.121.3. Number of nodes 12
EtherApe-INFO: 23:46:44.322: delete node: IP: 149.154.167.216. Number of nodes 11
EtherApe-INFO: 23:48:11.322: delete node: IP: 127.0.0.1. Number of nodes 10
EtherApe-INFO: 23:48:32.041: New node: IP: 95.216.195.133. Number of nodes 11
EtherApe-INFO: 23:50:33.464: delete node: IP: 95.216.195.133. Number of nodes 10
EtherApe-INFO: 23:51:32.572: New node: IP: 213.222.217.11. Number of nodes 11
EtherApe-INFO: 23:52:48.039: New node: IP: 44.218.8.119. Number of nodes 12
EtherApe-INFO: 23:53:21.643: New node: IP: 142.250.203.138. Number of nodes 13
EtherApe-INFO: 23:53:32.040: New node: IP: 95.216.195.133. Number of nodes 14
EtherApe-INFO: 23:53:32.667: delete node: IP: 213.222.217.11. Number of nodes 13
EtherApe-INFO: 23:54:27.761: New node: IP: 127.0.0.1. Number of nodes 14
EtherApe-INFO: 23:55:05.229: delete node: IP: 152.89.206.15. Number of nodes 13
EtherApe-INFO: 23:55:22.334: delete node: IP: 142.250.203.138. Number of nodes 12
EtherApe-INFO: 23:55:32.224: delete node: IP: 95.216.195.133. Number of nodes 11
EtherApe-INFO: 23:56:14.828: delete node: IP: 44.218.8.119. Number of nodes 10
EtherApe-INFO: 23:56:51.106: delete node: IP: 127.0.0.1. Number of nodes 9
EtherApe-INFO: 23:57:22.280: New node: IP: 149.154.167.216. Number of nodes 10
EtherApe-INFO: 23:58:32.146: New node: IP: 95.216.195.133. Number of nodes 11
EtherApe-INFO: 23:59:24.413: New node: IP: 44.218.8.119. Number of nodes 12
EtherApe-INFO: 23:59:38.039: delete node: IP: 149.154.167.216. Number of nodes 11
EtherApe-INFO: 23:59:44.946: New node: IP: 149.154.167.216. Number of nodes 12
EtherApe-INFO: 00:00:03.922: delete node: IP: 149.154.167.50. Number of nodes 11
EtherApe-INFO: 00:00:32.225: delete node: IP: 95.216.195.133. Number of nodes 10
EtherApe-INFO: 00:02:35.082: New node: IP: 149.154.167.50. Number of nodes 11
EtherApe-INFO: 00:03:17.745: New node: IP: 127.0.0.1. Number of nodes 12
EtherApe-INFO: 00:03:27.662: delete node: IP: 44.218.8.119. Number of nodes 11
EtherApe-INFO: 00:03:32.148: New node: IP: 95.216.195.133. Number of nodes 12
EtherApe-INFO: 00:04:27.383: delete node: IP: 149.154.167.216. Number of nodes 11
EtherApe-INFO: 00:04:35.412: delete node: IP: 149.154.167.50. Number of nodes 10
EtherApe-INFO: 00:05:18.305: delete node: IP: 127.0.0.1. Number of nodes 9
EtherApe-INFO: 00:05:32.448: delete node: IP: 95.216.195.133. Number of nodes 8
EtherApe-INFO: 00:06:17.479: New node: IP: 149.154.167.216. Number of nodes 9
EtherApe-INFO: 00:06:40.682: New node: IP: 149.154.167.50. Number of nodes 10
EtherApe-INFO: 00:08:32.146: New node: IP: 95.216.195.133. Number of nodes 11
EtherApe-INFO: 00:08:41.505: delete node: IP: 149.154.167.50. Number of nodes 10
EtherApe-INFO: 00:08:42.279: New node: IP: 216.58.215.99. Number of nodes 11
EtherApe-INFO: 00:09:31.383: delete node: IP: 149.154.167.216. Number of nodes 10
EtherApe-INFO: 00:09:40.416: New node: IP: 142.250.186.206. Number of nodes 11
EtherApe-INFO: 00:10:35.399: delete node: IP: 95.216.195.133. Number of nodes 10
EtherApe-INFO: 00:10:57.212: New node: IP: 149.154.167.50. Number of nodes 11
EtherApe-INFO: 00:11:42.818: delete node: IP: 216.58.215.99. Number of nodes 10
EtherApe-INFO: 00:11:42.819: delete node: IP: 142.250.186.206. Number of nodes 9
EtherApe-INFO: 00:11:47.879: New node: IP: 216.58.209.10. Number of nodes 10
EtherApe-INFO: 00:12:27.612: New node: IP: 140.82.121.3. Number of nodes 11
EtherApe-INFO: 00:12:46.812: New node: IP: 149.154.167.216. Number of nodes 12
EtherApe-INFO: 00:13:32.145: New node: IP: 95.216.195.133. Number of nodes 13
EtherApe-INFO: 00:13:48.230: delete node: IP: 216.58.209.10. Number of nodes 12
EtherApe-INFO: 00:14:42.570: delete node: IP: 140.82.121.3. Number of nodes 11
EtherApe-INFO: 00:15:02.917: delete node: IP: 149.154.167.216. Number of nodes 10
EtherApe-INFO: 00:15:27.080: New node: IP: 44.218.8.119. Number of nodes 11
EtherApe-INFO: 00:15:32.509: delete node: IP: 95.216.195.133. Number of nodes 10
EtherApe-INFO: 00:17:05.826: delete node: IP: 184.73.242.38. Number of nodes 9
EtherApe-INFO: 00:17:19.177: delete node: IP: 149.154.167.50. Number of nodes 8
EtherApe-INFO: 00:17:31.657: delete node: IP: 44.218.8.119. Number of nodes 7
EtherApe-INFO: 00:18:32.150: New node: IP: 95.216.195.133. Number of nodes 8
EtherApe-INFO: 00:19:56.145: New node: IP: 149.154.167.50. Number of nodes 9
EtherApe-INFO: 00:20:32.512: delete node: IP: 95.216.195.133. Number of nodes 8
EtherApe-INFO: 00:21:37.989: New node: IP: 149.154.167.216. Number of nodes 9
EtherApe-INFO: 00:21:56.387: delete node: IP: 149.154.167.50. Number of nodes 8
EtherApe-INFO: 00:22:52.866: New node: IP: 149.154.167.50. Number of nodes 9
EtherApe-INFO: 00:23:15.799: New node: IP: 149.154.175.100. Number of nodes 10
EtherApe-INFO: 00:23:23.799: New node: IP: 149.154.167.92. Number of nodes 11
EtherApe-INFO: 00:23:31.801: New node: IP: 91.108.56.145. Number of nodes 12
EtherApe-INFO: 00:23:32.069: New node: IP: 95.216.195.133. Number of nodes 13
EtherApe-INFO: 00:23:33.932: New node: IP: 149.154.167.91. Number of nodes 14
EtherApe-INFO: 00:23:39.799: New node: IP: 149.154.175.57. Number of nodes 15
EtherApe-INFO: 00:23:39.799: New node: IP: 149.154.175.54. Number of nodes 16
EtherApe-INFO: 00:23:41.932: New node: IP: 91.108.56.188. Number of nodes 17
EtherApe-INFO: 00:23:49.932: New node: IP: 149.154.175.50. Number of nodes 18
EtherApe-INFO: 00:24:00.888: delete node: IP: 149.154.167.216. Number of nodes 17
EtherApe-INFO: 00:25:18.732: New node: IP: 127.0.0.1. Number of nodes 18
EtherApe-INFO: 00:26:23.831: delete node: IP: 54.92.224.85. Number of nodes 17
EtherApe-INFO: 00:26:47.079: delete node: IP: 239.255.255.250. Number of nodes 16
EtherApe-INFO: 00:26:52.943: delete node: IP: 149.154.175.100. Number of nodes 15
EtherApe-INFO: 00:26:52.943: delete node: IP: 149.154.167.92. Number of nodes 14
EtherApe-INFO: 00:27:01.179: delete node: IP: 149.154.167.91. Number of nodes 13
EtherApe-INFO: 00:27:01.179: delete node: IP: 91.108.56.145. Number of nodes 12
EtherApe-INFO: 00:27:08.068: delete node: IP: 149.154.175.54. Number of nodes 11
EtherApe-INFO: 00:27:08.068: delete node: IP: 95.216.195.133. Number of nodes 10
EtherApe-INFO: 00:27:08.068: delete node: IP: 64.233.164.188. Number of nodes 9
EtherApe-INFO: 00:27:09.405: delete node: IP: 91.108.56.188. Number of nodes 8
EtherApe-INFO: 00:27:13.211: delete node: IP: 192.168.1.1. Number of nodes 7
EtherApe-INFO: 00:27:13.211: delete node: IP: 185.216.201.68. Number of nodes 6
EtherApe-INFO: 00:27:13.211: delete node: IP: 149.154.175.57. Number of nodes 5
EtherApe-INFO: 00:27:13.211: delete node: IP: 149.154.175.50. Number of nodes 4
EtherApe-INFO: 00:27:13.211: delete node: IP: 149.154.167.50. Number of nodes 3
EtherApe-INFO: 00:27:13.211: delete node: IP: 149.154.167.41. Number of nodes 2
EtherApe-INFO: 00:27:14.754: delete node: IP: 192.168.1.199. Number of nodes 1
