(etherape:3307): GLib-GIO-DEBUG: 20:05:26.509: _g_io_module_get_default: Found default implementation local (GLocalVfs) for ‘gio-vfs’
(etherape:3307): GLib-GIO-DEBUG: 20:05:26.592: Using cross-namespace EXTERNAL authentication (this will deadlock if server is GDBus < 2.73.3)
EtherApe-INFO: 20:05:26.656: sctp protocol not supported
EtherApe-INFO: 20:05:26.656: dccp protocol not supported
EtherApe-INFO: 20:05:26.656: sctp protocol not supported
EtherApe-INFO: 20:05:26.656: sctp protocol not supported
EtherApe-INFO: 20:05:26.656: sctp protocol not supported
EtherApe-INFO: 20:05:26.656: sctp protocol not supported
EtherApe-INFO: 20:05:26.656: sctp protocol not supported
EtherApe-INFO: 20:05:26.657: sctp protocol not supported
EtherApe-INFO: 20:05:26.657: sctp protocol not supported
EtherApe-INFO: 20:05:26.657: dccp protocol not supported
EtherApe-INFO: 20:05:26.657: sctp protocol not supported
EtherApe-INFO: 20:05:26.657: dccp protocol not supported
EtherApe-INFO: 20:05:26.657: dccp protocol not supported
EtherApe-INFO: 20:05:26.657: sctp protocol not supported
EtherApe-INFO: 20:05:26.658: sctp protocol not supported
EtherApe-INFO: 20:05:26.658: sctp protocol not supported
EtherApe-INFO: 20:05:26.659: sctp protocol not supported
EtherApe-INFO: 20:05:26.659: sctp protocol not supported
EtherApe-INFO: 20:05:26.660: sctp protocol not supported
EtherApe-INFO: 20:05:26.660: sctp protocol not supported
EtherApe-INFO: 20:05:26.660: sctp protocol not supported
EtherApe-INFO: 20:05:26.660: sctp protocol not supported
EtherApe-INFO: 20:05:26.660: sctp protocol not supported
EtherApe-INFO: 20:05:26.661: sctp protocol not supported
EtherApe-INFO: 20:05:26.661: sctp protocol not supported
EtherApe-INFO: 20:05:26.661: sctp protocol not supported
EtherApe-INFO: 20:05:26.661: sctp protocol not supported
EtherApe-INFO: 20:05:26.661: sctp protocol not supported
EtherApe-INFO: 20:05:26.661: dccp protocol not supported
EtherApe-INFO: 20:05:26.661: sctp protocol not supported
EtherApe-INFO: 20:05:26.662: sctp protocol not supported
EtherApe-INFO: 20:05:26.662: dccp protocol not supported
EtherApe-INFO: 20:05:26.662: sctp protocol not supported
EtherApe-INFO: 20:05:26.662: sctp protocol not supported
EtherApe-INFO: 20:05:26.662: sctp protocol not supported
EtherApe-INFO: 20:05:26.662: dccp protocol not supported
EtherApe-INFO: 20:05:26.662: dccp protocol not supported
EtherApe-INFO: 20:05:26.662: sctp protocol not supported
EtherApe-INFO: 20:05:26.662: sctp protocol not supported
EtherApe-INFO: 20:05:26.662: sctp protocol not supported
EtherApe-INFO: 20:05:26.662: sctp protocol not supported
EtherApe-INFO: 20:05:26.662: sctp protocol not supported
EtherApe-INFO: 20:05:26.662: sctp protocol not supported
EtherApe-INFO: 20:05:26.663: sctp protocol not supported
EtherApe-INFO: 20:05:26.663: sctp protocol not supported
EtherApe-INFO: 20:05:26.663: sctp protocol not supported
EtherApe-INFO: 20:05:26.663: sctp protocol not supported
EtherApe-INFO: 20:05:26.663: sctp protocol not supported
EtherApe-INFO: 20:05:26.663: sctp protocol not supported
EtherApe-INFO: 20:05:26.663: sctp protocol not supported
EtherApe-INFO: 20:05:26.663: sctp protocol not supported
EtherApe-INFO: 20:05:26.663: sctp protocol not supported
EtherApe-INFO: 20:05:26.663: sctp protocol not supported
EtherApe-INFO: 20:05:26.663: sctp protocol not supported
EtherApe-INFO: 20:05:26.663: sctp protocol not supported
EtherApe-INFO: 20:05:26.663: sctp protocol not supported
EtherApe-INFO: 20:05:26.663: sctp protocol not supported
EtherApe-INFO: 20:05:26.663: dccp protocol not supported
EtherApe-INFO: 20:05:26.663: sctp protocol not supported
EtherApe-INFO: 20:05:26.663: sctp protocol not supported
EtherApe-INFO: 20:05:26.663: sctp protocol not supported
EtherApe-INFO: 20:05:26.663: sctp protocol not supported
EtherApe-INFO: 20:05:26.664: sctp protocol not supported
EtherApe-INFO: 20:05:26.664: sctp protocol not supported
EtherApe-INFO: 20:05:26.664: sctp protocol not supported
EtherApe-INFO: 20:05:26.664: sctp protocol not supported
EtherApe-INFO: 20:05:26.664: sctp protocol not supported
EtherApe-INFO: 20:05:26.664: sctp protocol not supported
EtherApe-INFO: 20:05:26.664: sctp protocol not supported
EtherApe-INFO: 20:05:26.664: sctp protocol not supported
EtherApe-INFO: 20:05:26.664: sctp protocol not supported
EtherApe-INFO: 20:05:26.664: sctp protocol not supported
EtherApe-INFO: 20:05:26.665: sctp protocol not supported
EtherApe-INFO: 20:05:26.665: sctp protocol not supported
EtherApe-INFO: 20:05:26.665: sctp protocol not supported
EtherApe-INFO: 20:05:26.665: sctp protocol not supported
EtherApe-INFO: 20:05:26.665: sctp protocol not supported
EtherApe-INFO: 20:05:26.665: sctp protocol not supported
EtherApe-INFO: 20:05:26.665: sctp protocol not supported
EtherApe-INFO: 20:05:26.665: sctp protocol not supported
EtherApe-INFO: 20:05:26.665: sctp protocol not supported
EtherApe-INFO: 20:05:26.665: sctp protocol not supported
EtherApe-INFO: 20:05:26.665: sctp protocol not supported
EtherApe-INFO: 20:05:26.665: sctp protocol not supported
EtherApe-INFO: 20:05:26.665: sctp protocol not supported
EtherApe-INFO: 20:05:26.665: sctp protocol not supported
EtherApe-INFO: 20:05:26.665: sctp protocol not supported
EtherApe-INFO: 20:05:26.665: sctp protocol not supported
EtherApe-INFO: 20:05:26.665: sctp protocol not supported
EtherApe-INFO: 20:05:26.665: sctp protocol not supported
EtherApe-INFO: 20:05:26.665: sctp protocol not supported
EtherApe-INFO: 20:05:26.665: sctp protocol not supported
EtherApe-INFO: 20:05:26.665: sctp protocol not supported
EtherApe-INFO: 20:05:26.666: sctp protocol not supported
EtherApe-INFO: 20:05:26.675: get_interface result: ''
EtherApe-INFO: 20:05:26.676: Available interfaces for capture: dbus-session dbus-system nfqueue nflog bluetooth-monitor bluetooth0 lo any wlp2s0
EtherApe-INFO: 20:05:26.676: Link type is LINUX_SLL
EtherApe-INFO: 20:05:26.676: Diagram started
EtherApe-INFO: 20:05:26.927: New node: IP: 54.171.227.38. Number of nodes 1
EtherApe-INFO: 20:05:26.927: New node: IP: 192.168.1.249. Number of nodes 2
EtherApe-INFO: 20:05:26.928: New node: IP: 52.214.151.249. Number of nodes 3
EtherApe-INFO: 20:05:26.928: New node: IP: 104.16.248.249. Number of nodes 4
EtherApe-INFO: 20:05:26.929: New node: IP: 62.182.19.39. Number of nodes 5
EtherApe-INFO: 20:05:26.930: New node: IP: 149.154.167.216. Number of nodes 6
EtherApe-INFO: 20:05:26.930: New node: IP: 149.154.167.50. Number of nodes 7
EtherApe-INFO: 20:05:26.930: New node: IP: 216.58.209.5. Number of nodes 8
EtherApe-INFO: 20:05:26.933: New node: IP: 149.154.167.41. Number of nodes 9
EtherApe-INFO: 20:05:27.188: New node: IP: 18.66.122.110. Number of nodes 10
EtherApe-INFO: 20:05:27.188: New node: IP: 104.18.40.133. Number of nodes 11
EtherApe-INFO: 20:05:27.439: New node: IP: 216.58.215.67. Number of nodes 12
EtherApe-INFO: 20:05:27.439: New node: IP: 104.18.20.226. Number of nodes 13
EtherApe-INFO: 20:05:27.439: New node: IP: 87.245.216.107. Number of nodes 14
EtherApe-INFO: 20:05:27.440: New node: IP: 151.101.1.208. Number of nodes 15
EtherApe-INFO: 20:05:28.207: New node: IP: 216.58.215.110. Number of nodes 16
EtherApe-INFO: 20:05:28.463: New node: IP: 34.223.171.232. Number of nodes 17
EtherApe-INFO: 20:05:28.463: New node: IP: 87.245.216.9. Number of nodes 18
EtherApe-INFO: 20:05:28.719: New node: IP: 8.8.8.8. Number of nodes 19
EtherApe-INFO: 20:05:28.975: New node: IP: 108.138.24.186. Number of nodes 20
EtherApe-INFO: 20:05:28.975: New node: IP: 44.239.182.108. Number of nodes 21
EtherApe-INFO: 20:05:28.975: New node: IP: 176.122.113.13. Number of nodes 22
EtherApe-INFO: 20:05:29.232: New node: IP: 1.1.1.1. Number of nodes 23
EtherApe-INFO: 20:05:29.232: New node: IP: 9.9.9.9. Number of nodes 24
EtherApe-INFO: 20:05:29.487: New node: IP: 45.57.80.144. Number of nodes 25
EtherApe-INFO: 20:05:29.489: New node: IP: 176.122.110.206. Number of nodes 26
EtherApe-INFO: 20:05:29.489: New node: IP: 34.107.221.82. Number of nodes 27
EtherApe-INFO: 20:05:30.027: New node: IP: 52.29.45.5. Number of nodes 28
EtherApe-INFO: 20:05:30.255: New node: IP: 54.73.148.110. Number of nodes 29
EtherApe-INFO: 20:05:30.511: New node: IP: 176.122.96.225. Number of nodes 30
EtherApe-INFO: 20:05:30.514: New node: IP: 13.32.121.59. Number of nodes 31
EtherApe-INFO: 20:05:31.023: New node: IP: 93.184.220.29. Number of nodes 32
EtherApe-INFO: 20:05:32.559: New node: IP: 192.124.249.22. Number of nodes 33
EtherApe-INFO: 20:05:32.815: New node: IP: 216.58.215.74. Number of nodes 34
EtherApe-INFO: 20:05:32.848: New node: IP: 142.250.203.193. Number of nodes 35
EtherApe-INFO: 20:05:33.087: New node: IP: 142.250.203.206. Number of nodes 36
EtherApe-INFO: 20:05:34.673: New node: IP: 52.222.226.205. Number of nodes 37
EtherApe-INFO: 20:05:35.122: New node: IP: 142.250.186.206. Number of nodes 38
EtherApe-INFO: 20:05:35.124: New node: IP: 142.250.203.195. Number of nodes 39
EtherApe-INFO: 20:05:35.632: New node: IP: 216.58.208.195. Number of nodes 40
EtherApe-INFO: 20:05:41.264: New node: IP: 172.217.16.42. Number of nodes 41
EtherApe-INFO: 20:05:47.663: New node: IP: 3.225.25.3. Number of nodes 42
EtherApe-INFO: 20:05:48.943: New node: IP: 3.127.160.74. Number of nodes 43
EtherApe-INFO: 20:05:49.201: New node: IP: 89.187.191.12. Number of nodes 44
EtherApe-INFO: 20:06:05.007: New node: IP: 104.16.249.249. Number of nodes 45
EtherApe-INFO: 20:06:05.775: New node: IP: 34.160.144.191. Number of nodes 46
EtherApe-INFO: 20:06:05.775: New node: IP: 34.107.141.31. Number of nodes 47
EtherApe-INFO: 20:06:06.799: New node: IP: 104.18.13.33. Number of nodes 48
EtherApe-INFO: 20:06:07.823: New node: IP: 35.241.9.150. Number of nodes 49
EtherApe-INFO: 20:06:07.824: New node: IP: 34.120.208.123. Number of nodes 50
EtherApe-INFO: 20:06:08.847: New node: IP: 18.66.98.108. Number of nodes 51
EtherApe-INFO: 20:06:08.847: New node: IP: 52.7.120.29. Number of nodes 52
EtherApe-INFO: 20:06:09.775: New node: IP: 142.250.186.196. Number of nodes 53
EtherApe-INFO: 20:06:09.775: New node: IP: 216.58.215.106. Number of nodes 54
EtherApe-INFO: 20:06:10.799: New node: IP: 104.17.49.74. Number of nodes 55
EtherApe-INFO: 20:06:11.823: New node: IP: 35.186.227.140. Number of nodes 56
EtherApe-INFO: 20:06:12.849: New node: IP: 142.250.203.150. Number of nodes 57
EtherApe-INFO: 20:06:13.871: New node: IP: 172.217.16.46. Number of nodes 58
EtherApe-INFO: 20:06:14.895: New node: IP: 142.250.75.14. Number of nodes 59
EtherApe-INFO: 20:06:14.895: New node: IP: 172.64.107.28. Number of nodes 60
EtherApe-INFO: 20:06:14.895: New node: IP: 185.199.110.154. Number of nodes 61
EtherApe-INFO: 20:06:15.919: New node: IP: 140.82.121.4. Number of nodes 62
EtherApe-INFO: 20:06:16.431: New node: IP: 140.82.113.25. Number of nodes 63
EtherApe-INFO: 20:06:17.711: New node: IP: 142.250.203.138. Number of nodes 64
EtherApe-INFO: 20:06:18.735: New node: IP: 13.32.99.17. Number of nodes 65
EtherApe-INFO: 20:06:19.759: New node: IP: 142.250.203.129. Number of nodes 66
EtherApe-INFO: 20:06:20.527: New node: IP: 193.106.144.6. Number of nodes 67
EtherApe-INFO: 20:06:20.783: New node: IP: 142.250.203.202. Number of nodes 68
EtherApe-INFO: 20:06:21.807: New node: IP: 142.250.203.142. Number of nodes 69
EtherApe-INFO: 20:06:22.832: New node: IP: 13.32.103.36. Number of nodes 70
EtherApe-INFO: 20:06:26.927: New node: IP: 3.122.47.55. Number of nodes 71
EtherApe-INFO: 20:06:39.729: New node: IP: 34.240.82.124. Number of nodes 72
EtherApe-INFO: 20:06:48.177: New node: IP: 172.66.47.32. Number of nodes 73
EtherApe-INFO: 20:07:13.265: New node: IP: 35.244.181.201. Number of nodes 74
EtherApe-INFO: 20:07:14.035: New node: IP: 192.168.1.1. Number of nodes 75
EtherApe-INFO: 20:07:17.619: New node: IP: 95.216.195.133. Number of nodes 76
EtherApe-INFO: 20:07:26.908: delete node: IP: 149.154.167.216. Number of nodes 75
EtherApe-INFO: 20:07:27.672: delete node: IP: 18.66.122.110. Number of nodes 74
EtherApe-INFO: 20:07:31.762: delete node: IP: 9.9.9.9. Number of nodes 73
EtherApe-INFO: 20:07:35.296: delete node: IP: 142.250.203.195. Number of nodes 72
EtherApe-INFO: 20:07:48.339: New node: IP: 35.185.44.232. Number of nodes 73
EtherApe-INFO: 20:07:48.848: New node: IP: 104.18.21.226. Number of nodes 74
EtherApe-INFO: 20:07:48.919: delete node: IP: 176.122.96.225. Number of nodes 73
EtherApe-INFO: 20:07:49.134: delete node: IP: 1.1.1.1. Number of nodes 72
EtherApe-INFO: 20:08:08.833: delete node: IP: 44.239.182.108. Number of nodes 71
EtherApe-INFO: 20:08:09.368: delete node: IP: 34.223.171.232. Number of nodes 70
EtherApe-INFO: 20:08:10.443: delete node: IP: 52.29.45.5. Number of nodes 69
EtherApe-INFO: 20:08:20.599: delete node: IP: 193.106.144.6. Number of nodes 68
EtherApe-INFO: 20:08:27.328: delete node: IP: 192.124.249.22. Number of nodes 67
EtherApe-INFO: 20:08:28.621: delete node: IP: 62.182.19.39. Number of nodes 66
EtherApe-INFO: 20:08:29.582: delete node: IP: 52.214.151.249. Number of nodes 65
EtherApe-INFO: 20:08:45.680: delete node: IP: 45.57.80.144. Number of nodes 64
EtherApe-INFO: 20:08:58.745: New node: IP: 104.18.32.165. Number of nodes 65
EtherApe-INFO: 20:08:59.251: New node: IP: 193.164.229.51. Number of nodes 66
EtherApe-INFO: 20:08:59.256: New node: IP: 172.64.155.188. Number of nodes 67
EtherApe-INFO: 20:09:04.434: delete node: IP: 108.138.24.186. Number of nodes 66
EtherApe-INFO: 20:09:04.434: delete node: IP: 87.245.216.9. Number of nodes 65
EtherApe-INFO: 20:09:05.187: delete node: IP: 176.122.110.206. Number of nodes 64
EtherApe-INFO: 20:09:06.401: New node: IP: 176.122.113.78. Number of nodes 65
EtherApe-INFO: 20:09:06.656: New node: IP: 1.1.1.1. Number of nodes 66
EtherApe-INFO: 20:09:06.657: New node: IP: 9.9.9.9. Number of nodes 67
EtherApe-INFO: 20:09:08.561: New node: IP: 172.217.16.10. Number of nodes 68
EtherApe-INFO: 20:09:08.821: New node: IP: 142.250.203.195. Number of nodes 69
EtherApe-INFO: 20:09:12.173: delete node: IP: 104.18.20.226. Number of nodes 68
EtherApe-INFO: 20:09:14.220: delete node: IP: 192.168.1.1. Number of nodes 67
EtherApe-INFO: 20:09:15.288: delete node: IP: 34.107.221.82. Number of nodes 66
EtherApe-INFO: 20:09:17.631: New node: IP: 173.194.188.231. Number of nodes 67
EtherApe-INFO: 20:09:17.902: delete node: IP: 95.216.195.133. Number of nodes 66
EtherApe-INFO: 20:09:20.519: delete node: IP: 52.222.226.205. Number of nodes 65
EtherApe-INFO: 20:09:22.973: New node: IP: 216.58.215.99. Number of nodes 66
EtherApe-INFO: 20:09:40.003: delete node: IP: 54.171.227.38. Number of nodes 65
EtherApe-INFO: 20:09:40.003: delete node: IP: 34.240.82.124. Number of nodes 64
EtherApe-INFO: 20:09:54.139: delete node: IP: 35.185.44.232. Number of nodes 63
EtherApe-INFO: 20:09:57.757: delete node: IP: 34.107.141.31. Number of nodes 62
EtherApe-INFO: 20:09:59.027: delete node: IP: 104.18.13.33. Number of nodes 61
EtherApe-INFO: 20:09:59.768: delete node: IP: 35.241.9.150. Number of nodes 60
EtherApe-INFO: 20:10:00.085: delete node: IP: 34.120.208.123. Number of nodes 59
EtherApe-INFO: 20:10:00.827: delete node: IP: 52.7.120.29. Number of nodes 58
EtherApe-INFO: 20:10:00.827: delete node: IP: 18.66.98.108. Number of nodes 57
EtherApe-INFO: 20:10:01.893: delete node: IP: 216.58.215.106. Number of nodes 56
EtherApe-INFO: 20:10:02.853: delete node: IP: 104.17.49.74. Number of nodes 55
EtherApe-INFO: 20:10:03.932: delete node: IP: 35.186.227.140. Number of nodes 54
EtherApe-INFO: 20:10:07.016: delete node: IP: 185.199.110.154. Number of nodes 53
EtherApe-INFO: 20:10:07.016: delete node: IP: 172.64.107.28. Number of nodes 52
EtherApe-INFO: 20:10:07.695: New node: IP: 44.238.3.246. Number of nodes 53
EtherApe-INFO: 20:10:07.974: delete node: IP: 140.82.121.4. Number of nodes 52
EtherApe-INFO: 20:10:09.820: delete node: IP: 172.217.16.46. Number of nodes 51
EtherApe-INFO: 20:10:09.821: delete node: IP: 142.250.203.138. Number of nodes 50
EtherApe-INFO: 20:10:09.821: delete node: IP: 142.250.186.196. Number of nodes 49
EtherApe-INFO: 20:10:10.786: delete node: IP: 13.32.99.17. Number of nodes 48
EtherApe-INFO: 20:10:12.794: delete node: IP: 142.250.203.206. Number of nodes 47
EtherApe-INFO: 20:10:13.851: delete node: IP: 142.250.203.142. Number of nodes 46
EtherApe-INFO: 20:10:14.910: delete node: IP: 13.32.103.36. Number of nodes 45
EtherApe-INFO: 20:10:18.002: delete node: IP: 104.18.40.133. Number of nodes 44
EtherApe-INFO: 20:10:18.953: delete node: IP: 151.101.1.208. Number of nodes 43
EtherApe-INFO: 20:10:24.866: delete node: IP: 216.58.215.74. Number of nodes 42
EtherApe-INFO: 20:10:27.920: delete node: IP: 54.73.148.110. Number of nodes 41
EtherApe-INFO: 20:10:36.848: New node: IP: 193.106.144.6. Number of nodes 42
EtherApe-INFO: 20:10:43.832: delete node: IP: 87.245.216.107. Number of nodes 41
EtherApe-INFO: 20:10:57.190: delete node: IP: 3.127.160.74. Number of nodes 40
EtherApe-INFO: 20:11:04.244: delete node: IP: 142.250.75.14. Number of nodes 39
EtherApe-INFO: 20:11:08.135: delete node: IP: 9.9.9.9. Number of nodes 38
EtherApe-INFO: 20:11:08.135: delete node: IP: 1.1.1.1. Number of nodes 37
EtherApe-INFO: 20:11:10.237: delete node: IP: 142.250.203.202. Number of nodes 36
EtherApe-INFO: 20:11:18.130: delete node: IP: 173.194.188.231. Number of nodes 35
EtherApe-INFO: 20:11:18.583: New node: IP: 1.1.1.1. Number of nodes 36
EtherApe-INFO: 20:11:18.584: New node: IP: 9.9.9.9. Number of nodes 37
EtherApe-INFO: 20:11:21.923: delete node: IP: 142.250.203.195. Number of nodes 36
EtherApe-INFO: 20:11:22.164: New node: IP: 74.125.15.155. Number of nodes 37
EtherApe-INFO: 20:11:23.742: delete node: IP: 216.58.215.99. Number of nodes 36
EtherApe-INFO: 20:11:28.610: delete node: IP: 142.250.203.193. Number of nodes 35
EtherApe-INFO: 20:11:30.613: New node: IP: 35.201.103.21. Number of nodes 36
EtherApe-INFO: 20:11:30.863: New node: IP: 87.245.216.107. Number of nodes 37
EtherApe-INFO: 20:11:30.866: New node: IP: 34.98.75.36. Number of nodes 38
EtherApe-INFO: 20:11:34.709: New node: IP: 74.125.15.87. Number of nodes 39
EtherApe-INFO: 20:11:37.014: New node: IP: 142.250.203.214. Number of nodes 40
EtherApe-INFO: 20:11:37.249: New node: IP: 216.58.209.3. Number of nodes 41
EtherApe-INFO: 20:11:38.658: delete node: IP: 172.66.47.32. Number of nodes 40
EtherApe-INFO: 20:11:44.407: delete node: IP: 104.18.21.226. Number of nodes 39
EtherApe-INFO: 20:11:51.017: New node: IP: 34.120.208.123. Number of nodes 40
EtherApe-INFO: 20:12:03.895: delete node: IP: 35.244.181.201. Number of nodes 39
EtherApe-INFO: 20:12:08.011: delete node: IP: 44.238.3.246. Number of nodes 38
EtherApe-INFO: 20:12:14.055: New node: IP: 192.168.1.1. Number of nodes 39
EtherApe-INFO: 20:12:17.639: New node: IP: 95.216.195.133. Number of nodes 40
EtherApe-INFO: 20:12:37.088: delete node: IP: 193.106.144.6. Number of nodes 39
EtherApe-INFO: 20:12:54.181: delete node: IP: 93.184.220.29. Number of nodes 38
EtherApe-INFO: 20:12:55.235: delete node: IP: 193.164.229.51. Number of nodes 37
EtherApe-INFO: 20:12:55.235: delete node: IP: 172.64.155.188. Number of nodes 36
EtherApe-INFO: 20:13:02.619: delete node: IP: 176.122.113.78. Number of nodes 35
EtherApe-INFO: 20:13:12.551: New node: IP: 95.216.144.15. Number of nodes 36
EtherApe-INFO: 20:13:15.879: New node: IP: 3.127.160.74. Number of nodes 37
EtherApe-INFO: 20:13:16.956: delete node: IP: 3.122.47.55. Number of nodes 36
EtherApe-INFO: 20:13:19.476: delete node: IP: 216.58.215.67. Number of nodes 35
EtherApe-INFO: 20:13:19.476: delete node: IP: 9.9.9.9. Number of nodes 34
EtherApe-INFO: 20:13:19.476: delete node: IP: 1.1.1.1. Number of nodes 33
EtherApe-INFO: 20:13:30.728: New node: IP: 35.241.9.150. Number of nodes 34
EtherApe-INFO: 20:13:31.756: New node: IP: 34.111.73.144. Number of nodes 35
EtherApe-INFO: 20:13:50.881: delete node: IP: 104.18.32.165. Number of nodes 34
EtherApe-INFO: 20:14:16.500: delete node: IP: 192.168.1.1. Number of nodes 33
EtherApe-INFO: 20:14:16.500: delete node: IP: 142.250.203.129. Number of nodes 32
EtherApe-INFO: 20:14:16.655: New node: IP: 142.250.75.5. Number of nodes 33
EtherApe-INFO: 20:14:18.807: delete node: IP: 95.216.195.133. Number of nodes 32
EtherApe-INFO: 20:15:01.361: New node: IP: 13.32.121.62. Number of nodes 33
EtherApe-INFO: 20:15:07.344: delete node: IP: 89.187.191.12. Number of nodes 32
EtherApe-INFO: 20:15:07.759: New node: IP: 44.238.3.246. Number of nodes 33
EtherApe-INFO: 20:15:13.201: delete node: IP: 95.216.144.15. Number of nodes 32
EtherApe-INFO: 20:15:18.338: delete node: IP: 74.125.15.155. Number of nodes 31
EtherApe-INFO: 20:15:18.861: delete node: IP: 3.127.160.74. Number of nodes 30
EtherApe-INFO: 20:15:27.471: New node: IP: 54.75.137.188. Number of nodes 31
EtherApe-INFO: 20:15:30.350: delete node: IP: 74.125.15.87. Number of nodes 30
EtherApe-INFO: 20:15:30.543: New node: IP: 52.222.236.48. Number of nodes 31
EtherApe-INFO: 20:15:31.058: New node: IP: 34.160.90.233. Number of nodes 32
EtherApe-INFO: 20:15:31.313: New node: IP: 18.66.122.61. Number of nodes 33
EtherApe-INFO: 20:15:31.321: New node: IP: 35.244.181.201. Number of nodes 34
EtherApe-INFO: 20:15:33.228: delete node: IP: 216.58.209.3. Number of nodes 33
EtherApe-INFO: 20:15:33.352: New node: IP: 34.252.28.38. Number of nodes 34
EtherApe-INFO: 20:15:34.367: New node: IP: 104.18.12.33. Number of nodes 35
EtherApe-INFO: 20:15:38.719: New node: IP: 142.250.203.202. Number of nodes 36
EtherApe-INFO: 20:16:08.767: delete node: IP: 216.58.209.5. Number of nodes 35
EtherApe-INFO: 20:16:10.339: delete node: IP: 172.217.16.10. Number of nodes 34
EtherApe-INFO: 20:16:21.642: delete node: IP: 35.201.103.21. Number of nodes 33
EtherApe-INFO: 20:16:21.642: delete node: IP: 34.98.75.36. Number of nodes 32
EtherApe-INFO: 20:16:28.255: delete node: IP: 142.250.203.214. Number of nodes 31
EtherApe-INFO: 20:16:28.255: delete node: IP: 142.250.203.150. Number of nodes 30
EtherApe-INFO: 20:17:07.931: delete node: IP: 44.238.3.246. Number of nodes 29
EtherApe-INFO: 20:17:14.039: New node: IP: 192.168.1.1. Number of nodes 30
EtherApe-INFO: 20:17:17.623: New node: IP: 95.216.195.133. Number of nodes 31
EtherApe-INFO: 20:17:27.868: delete node: IP: 87.245.216.107. Number of nodes 30
EtherApe-INFO: 20:17:27.868: delete node: IP: 54.75.137.188. Number of nodes 29
EtherApe-INFO: 20:17:36.330: delete node: IP: 34.252.28.38. Number of nodes 28
EtherApe-INFO: 20:17:38.931: delete node: IP: 142.250.203.202. Number of nodes 27
EtherApe-INFO: 20:17:59.133: delete node: IP: 176.122.113.13. Number of nodes 26
EtherApe-INFO: 20:18:00.632: New node: IP: 104.18.32.165. Number of nodes 27
EtherApe-INFO: 20:18:22.654: delete node: IP: 35.241.9.150. Number of nodes 26
EtherApe-INFO: 20:18:22.654: delete node: IP: 34.160.144.191. Number of nodes 25
EtherApe-INFO: 20:18:22.967: delete node: IP: 34.111.73.144. Number of nodes 24
EtherApe-INFO: 20:18:27.255: New node: IP: 216.58.215.86. Number of nodes 25
EtherApe-INFO: 20:18:56.782: delete node: IP: 13.32.121.62. Number of nodes 24
EtherApe-INFO: 20:19:08.984: New node: IP: 193.106.144.6. Number of nodes 25
EtherApe-INFO: 20:19:14.706: delete node: IP: 192.168.1.1. Number of nodes 24
EtherApe-INFO: 20:19:20.851: delete node: IP: 95.216.195.133. Number of nodes 23
EtherApe-INFO: 20:20:07.863: New node: IP: 44.238.3.246. Number of nodes 24
EtherApe-INFO: 20:20:13.751: New node: IP: 172.217.16.10. Number of nodes 25
EtherApe-INFO: 20:20:22.292: delete node: IP: 52.222.236.48. Number of nodes 24
EtherApe-INFO: 20:20:22.292: delete node: IP: 35.244.181.201. Number of nodes 23
EtherApe-INFO: 20:20:22.292: delete node: IP: 34.160.90.233. Number of nodes 22
EtherApe-INFO: 20:20:22.811: delete node: IP: 18.66.122.61. Number of nodes 21
EtherApe-INFO: 20:20:24.250: New node: IP: 142.250.203.138. Number of nodes 22
EtherApe-INFO: 20:20:24.796: delete node: IP: 34.120.208.123. Number of nodes 21
EtherApe-INFO: 20:20:25.018: New node: IP: 216.58.209.14. Number of nodes 22
EtherApe-INFO: 20:20:25.846: delete node: IP: 104.18.12.33. Number of nodes 21
EtherApe-INFO: 20:20:26.040: New node: IP: 142.250.203.195. Number of nodes 22
EtherApe-INFO: 20:20:30.135: New node: IP: 34.252.28.38. Number of nodes 23
EtherApe-INFO: 20:20:32.952: New node: IP: 192.168.0.157. Number of nodes 24
EtherApe-INFO: 20:20:32.952: New node: IP: 192.168.0.1. Number of nodes 25
EtherApe-INFO: 20:20:32.952: New node: IP: 192.254.234.107. Number of nodes 26
EtherApe-INFO: 20:20:32.952: New node: IP: 192.168.0.218. Number of nodes 27
EtherApe-INFO: 20:20:32.953: New node: IP: 3.127.160.74. Number of nodes 28
EtherApe-INFO: 20:20:32.953: New node: IP: 3.122.47.55. Number of nodes 29
EtherApe-INFO: 20:20:32.955: New node: IP: 216.58.208.206. Number of nodes 30
EtherApe-INFO: 20:20:32.959: New node: IP: 142.250.186.196. Number of nodes 31
EtherApe-INFO: 20:20:32.965: New node: IP: 140.82.121.3. Number of nodes 32
EtherApe-INFO: 20:20:32.968: New node: IP: 208.68.240.115. Number of nodes 33
EtherApe-INFO: 20:20:32.969: New node: IP: 104.16.99.56. Number of nodes 34
EtherApe-INFO: 20:20:32.969: New node: IP: 104.18.40.133. Number of nodes 35
EtherApe-INFO: 20:20:32.970: New node: IP: 62.182.19.39. Number of nodes 36
EtherApe-INFO: 20:20:32.972: New node: IP: 54.155.246.232. Number of nodes 37
EtherApe-INFO: 20:20:32.973: New node: IP: 13.32.103.36. Number of nodes 38
EtherApe-INFO: 20:20:32.973: New node: IP: 216.58.209.5. Number of nodes 39
EtherApe-INFO: 20:20:32.974: New node: IP: 172.64.155.91. Number of nodes 40
EtherApe-INFO: 20:20:33.226: New node: IP: 104.18.14.117. Number of nodes 41
EtherApe-INFO: 20:20:33.238: New node: IP: 151.101.2.209. Number of nodes 42
EtherApe-INFO: 20:20:33.241: New node: IP: 207.241.224.2. Number of nodes 43
EtherApe-INFO: 20:20:33.244: New node: IP: 54.160.57.75. Number of nodes 44
EtherApe-INFO: 20:20:33.246: New node: IP: 193.34.169.35. Number of nodes 45
EtherApe-INFO: 20:20:33.246: New node: IP: 34.107.134.59. Number of nodes 46
EtherApe-INFO: 20:20:33.247: New node: IP: 104.198.63.0. Number of nodes 47
EtherApe-INFO: 20:20:33.247: New node: IP: 104.21.30.137. Number of nodes 48
EtherApe-INFO: 20:20:33.247: New node: IP: 104.21.60.220. Number of nodes 49
EtherApe-INFO: 20:20:33.251: New node: IP: 87.245.216.9. Number of nodes 50
EtherApe-INFO: 20:20:33.254: New node: IP: 34.88.227.219. Number of nodes 51
EtherApe-INFO: 20:20:33.464: New node: IP: 139.59.209.225. Number of nodes 52
EtherApe-INFO: 20:20:33.466: New node: IP: 134.213.70.247. Number of nodes 53
EtherApe-INFO: 20:20:33.476: New node: IP: 172.64.155.188. Number of nodes 54
EtherApe-INFO: 20:20:33.998: New node: IP: 216.58.209.3. Number of nodes 55
EtherApe-INFO: 20:20:34.020: New node: IP: 149.154.167.216. Number of nodes 56
EtherApe-INFO: 20:20:34.754: New node: IP: 192.124.249.22. Number of nodes 57
EtherApe-INFO: 20:20:35.258: New node: IP: 192.124.249.23. Number of nodes 58
EtherApe-INFO: 20:20:35.259: New node: IP: 47.244.132.89. Number of nodes 59
EtherApe-INFO: 20:20:35.528: New node: IP: 93.184.220.29. Number of nodes 60
EtherApe-INFO: 20:20:36.035: New node: IP: 34.107.221.82. Number of nodes 61
EtherApe-INFO: 20:20:36.795: New node: IP: 13.32.118.23. Number of nodes 62
EtherApe-INFO: 20:20:38.073: New node: IP: 142.250.203.150. Number of nodes 63
EtherApe-INFO: 20:20:39.352: New node: IP: 142.250.203.202. Number of nodes 64
EtherApe-INFO: 20:20:40.119: New node: IP: 176.122.110.204. Number of nodes 65
EtherApe-INFO: 20:20:41.912: New node: IP: 193.164.229.51. Number of nodes 66
EtherApe-INFO: 20:20:43.937: New node: IP: 18.66.130.57. Number of nodes 67
EtherApe-INFO: 20:20:43.939: New node: IP: 185.199.110.154. Number of nodes 68
EtherApe-INFO: 20:20:44.458: New node: IP: 104.81.107.158. Number of nodes 69
EtherApe-INFO: 20:20:44.480: New node: IP: 104.16.148.64. Number of nodes 70
EtherApe-INFO: 20:20:44.529: New node: IP: 45.57.91.1. Number of nodes 71
EtherApe-INFO: 20:20:44.732: New node: IP: 193.34.169.9. Number of nodes 72
EtherApe-INFO: 20:20:44.835: New node: IP: 142.250.203.206. Number of nodes 73
EtherApe-INFO: 20:20:44.850: New node: IP: 108.138.51.16. Number of nodes 74
EtherApe-INFO: 20:20:44.996: New node: IP: 185.199.108.133. Number of nodes 75
EtherApe-INFO: 20:20:44.996: New node: IP: 52.84.106.50. Number of nodes 76
EtherApe-INFO: 20:20:44.998: New node: IP: 104.17.182.52. Number of nodes 77
EtherApe-INFO: 20:20:45.218: New node: IP: 18.66.112.85. Number of nodes 78
EtherApe-INFO: 20:20:45.486: New node: IP: 18.66.234.116. Number of nodes 79
EtherApe-INFO: 20:20:48.034: New node: IP: 185.199.110.133. Number of nodes 80
EtherApe-INFO: 20:20:48.514: New node: IP: 104.22.33.83. Number of nodes 81
EtherApe-INFO: 20:20:50.041: New node: IP: 142.250.186.195. Number of nodes 82
EtherApe-INFO: 20:20:52.333: New node: IP: 176.122.113.13. Number of nodes 83
EtherApe-INFO: 20:20:52.588: New node: IP: 1.1.1.1. Number of nodes 84
EtherApe-INFO: 20:20:52.602: New node: IP: 9.9.9.9. Number of nodes 85
EtherApe-INFO: 20:20:53.354: New node: IP: 104.26.6.173. Number of nodes 86
EtherApe-INFO: 20:20:53.608: New node: IP: 172.67.69.29. Number of nodes 87
EtherApe-INFO: 20:20:53.609: New node: IP: 142.250.203.129. Number of nodes 88
EtherApe-INFO: 20:20:57.194: New node: IP: 74.125.15.212. Number of nodes 89
EtherApe-INFO: 20:21:00.010: New node: IP: 34.237.229.84. Number of nodes 90
EtherApe-INFO: 20:21:00.783: New node: IP: 142.250.75.14. Number of nodes 91
EtherApe-INFO: 20:21:01.038: New node: IP: 104.18.23.126. Number of nodes 92
EtherApe-INFO: 20:21:01.291: New node: IP: 104.21.75.3. Number of nodes 93
EtherApe-INFO: 20:21:01.817: New node: IP: 142.250.186.214. Number of nodes 94
EtherApe-INFO: 20:21:02.825: New node: IP: 54.216.227.219. Number of nodes 95
EtherApe-INFO: 20:21:03.593: New node: IP: 176.122.96.225. Number of nodes 96
EtherApe-INFO: 20:21:04.127: New node: IP: 18.66.147.167. Number of nodes 97
EtherApe-INFO: 20:21:04.396: New node: IP: 104.18.26.85. Number of nodes 98
EtherApe-INFO: 20:21:04.915: New node: IP: 52.40.134.57. Number of nodes 99
EtherApe-INFO: 20:21:05.162: New node: IP: 54.156.68.242. Number of nodes 100
EtherApe-INFO: 20:21:05.163: New node: IP: 45.57.40.1. Number of nodes 101
EtherApe-INFO: 20:21:05.164: New node: IP: 18.220.254.31. Number of nodes 102
EtherApe-INFO: 20:21:05.164: New node: IP: 52.214.151.249. Number of nodes 103
EtherApe-INFO: 20:21:05.168: New node: IP: 45.57.41.1. Number of nodes 104
EtherApe-INFO: 20:21:05.399: New node: IP: 108.138.17.104. Number of nodes 105
EtherApe-INFO: 20:21:05.642: New node: IP: 216.58.215.67. Number of nodes 106
EtherApe-INFO: 20:21:06.677: New node: IP: 140.82.114.26. Number of nodes 107
EtherApe-INFO: 20:21:09.348: delete node: IP: 193.106.144.6. Number of nodes 106
EtherApe-INFO: 20:21:09.740: New node: IP: 193.34.168.232. Number of nodes 107
EtherApe-INFO: 20:21:11.838: New node: IP: 142.250.186.208. Number of nodes 108
EtherApe-INFO: 20:21:13.968: New node: IP: 3.223.230.161. Number of nodes 109
EtherApe-INFO: 20:21:17.076: New node: IP: 151.101.1.208. Number of nodes 110
EtherApe-INFO: 20:21:18.357: New node: IP: 142.250.203.142. Number of nodes 111
EtherApe-INFO: 20:21:29.106: New node: IP: 142.250.186.202. Number of nodes 112
EtherApe-INFO: 20:21:29.363: New node: IP: 142.250.203.193. Number of nodes 113
EtherApe-INFO: 20:22:08.077: delete node: IP: 44.238.3.246. Number of nodes 112
EtherApe-INFO: 20:22:11.157: delete node: IP: 142.250.75.5. Number of nodes 111
EtherApe-INFO: 20:22:11.941: delete node: IP: 216.58.208.195. Number of nodes 110
EtherApe-INFO: 20:22:14.159: New node: IP: 192.168.1.1. Number of nodes 111
EtherApe-INFO: 20:22:17.759: New node: IP: 95.216.195.133. Number of nodes 112
EtherApe-INFO: 20:22:20.049: New node: IP: 54.171.227.38. Number of nodes 113
EtherApe-INFO: 20:22:21.073: New node: IP: 18.214.21.235. Number of nodes 114
EtherApe-INFO: 20:22:21.073: New node: IP: 35.165.68.166. Number of nodes 115
EtherApe-INFO: 20:22:24.199: delete node: IP: 216.58.215.110. Number of nodes 114
EtherApe-INFO: 20:22:24.199: delete node: IP: 216.58.215.86. Number of nodes 113
EtherApe-INFO: 20:22:24.199: delete node: IP: 104.18.32.165. Number of nodes 112
EtherApe-INFO: 20:22:30.389: delete node: IP: 34.252.28.38. Number of nodes 111
EtherApe-INFO: 20:22:34.425: delete node: IP: 192.168.0.1. Number of nodes 110
EtherApe-INFO: 20:22:36.494: delete node: IP: 192.168.0.218. Number of nodes 109
EtherApe-INFO: 20:22:37.728: delete node: IP: 140.82.113.25. Number of nodes 108
EtherApe-INFO: 20:22:40.061: delete node: IP: 34.107.134.59. Number of nodes 107
EtherApe-INFO: 20:22:43.913: delete node: IP: 134.213.70.247. Number of nodes 106
EtherApe-INFO: 20:22:45.680: delete node: IP: 172.217.16.42. Number of nodes 105
EtherApe-INFO: 20:22:48.052: delete node: IP: 192.168.0.157. Number of nodes 104
EtherApe-INFO: 20:22:49.838: delete node: IP: 149.154.167.216. Number of nodes 103
EtherApe-INFO: 20:22:55.944: delete node: IP: 104.26.6.173. Number of nodes 102
EtherApe-INFO: 20:22:55.944: delete node: IP: 9.9.9.9. Number of nodes 101
EtherApe-INFO: 20:22:55.944: delete node: IP: 1.1.1.1. Number of nodes 100
EtherApe-INFO: 20:22:59.471: delete node: IP: 185.199.110.133. Number of nodes 99
EtherApe-INFO: 20:23:03.685: delete node: IP: 54.216.227.219. Number of nodes 98
EtherApe-INFO: 20:23:06.713: delete node: IP: 34.88.227.219. Number of nodes 97
EtherApe-INFO: 20:23:10.834: delete node: IP: 216.58.208.206. Number of nodes 96
EtherApe-INFO: 20:23:10.834: delete node: IP: 208.68.240.115. Number of nodes 95
EtherApe-INFO: 20:23:10.834: delete node: IP: 192.254.234.107. Number of nodes 94
EtherApe-INFO: 20:23:12.825: delete node: IP: 142.250.186.208. Number of nodes 93
EtherApe-INFO: 20:23:14.585: delete node: IP: 45.57.91.1. Number of nodes 92
EtherApe-INFO: 20:23:15.683: delete node: IP: 142.250.75.14. Number of nodes 91
EtherApe-INFO: 20:23:17.226: delete node: IP: 3.223.230.161. Number of nodes 90
EtherApe-INFO: 20:23:19.752: delete node: IP: 142.250.203.138. Number of nodes 89
EtherApe-INFO: 20:23:24.668: delete node: IP: 176.122.96.225. Number of nodes 88
EtherApe-INFO: 20:23:26.100: delete node: IP: 62.182.19.39. Number of nodes 87
EtherApe-INFO: 20:23:36.592: New node: IP: 149.154.167.216. Number of nodes 88
EtherApe-INFO: 20:23:43.000: delete node: IP: 192.124.249.23. Number of nodes 87
EtherApe-INFO: 20:23:45.622: delete node: IP: 192.124.249.22. Number of nodes 86
EtherApe-INFO: 20:23:47.703: delete node: IP: 104.198.63.0. Number of nodes 85
EtherApe-INFO: 20:23:50.758: delete node: IP: 193.34.169.35. Number of nodes 84
EtherApe-INFO: 20:23:59.487: delete node: IP: 3.122.47.55. Number of nodes 83
EtherApe-INFO: 20:23:59.889: New node: IP: 74.125.15.153. Number of nodes 84
EtherApe-INFO: 20:23:59.898: New node: IP: 173.194.188.138. Number of nodes 85
EtherApe-INFO: 20:24:00.420: delete node: IP: 3.127.160.74. Number of nodes 84
EtherApe-INFO: 20:24:08.770: New node: IP: 176.122.113.77. Number of nodes 85
EtherApe-INFO: 20:24:09.033: New node: IP: 1.1.1.1. Number of nodes 86
EtherApe-INFO: 20:24:09.042: New node: IP: 9.9.9.9. Number of nodes 87
EtherApe-INFO: 20:24:09.183: delete node: IP: 52.214.151.249. Number of nodes 86
EtherApe-INFO: 20:24:10.072: delete node: IP: 54.156.68.242. Number of nodes 85
EtherApe-INFO: 20:24:10.435: delete node: IP: 52.40.134.57. Number of nodes 84
EtherApe-INFO: 20:24:14.186: delete node: IP: 192.168.1.1. Number of nodes 83
EtherApe-INFO: 20:24:15.625: delete node: IP: 193.34.168.232. Number of nodes 82
EtherApe-INFO: 20:24:18.047: delete node: IP: 95.216.195.133. Number of nodes 81
EtherApe-INFO: 20:24:25.788: delete node: IP: 45.57.41.1. Number of nodes 80
EtherApe-INFO: 20:24:26.561: delete node: IP: 45.57.40.1. Number of nodes 79
EtherApe-INFO: 20:24:31.661: delete node: IP: 87.245.216.9. Number of nodes 78
EtherApe-INFO: 20:24:36.541: delete node: IP: 34.107.221.82. Number of nodes 77
EtherApe-INFO: 20:24:36.874: delete node: IP: 47.244.132.89. Number of nodes 76
EtherApe-INFO: 20:24:38.552: New node: IP: 3.127.160.74. Number of nodes 77
EtherApe-INFO: 20:24:48.770: delete node: IP: 176.122.113.13. Number of nodes 76
EtherApe-INFO: 20:24:48.770: delete node: IP: 13.32.121.59. Number of nodes 75
EtherApe-INFO: 20:24:52.861: delete node: IP: 193.164.229.51. Number of nodes 74
EtherApe-INFO: 20:24:52.861: delete node: IP: 74.125.15.212. Number of nodes 73
EtherApe-INFO: 20:25:01.852: delete node: IP: 93.184.220.29. Number of nodes 72
EtherApe-INFO: 20:25:07.057: delete node: IP: 172.64.155.188. Number of nodes 71
EtherApe-INFO: 20:25:08.071: New node: IP: 44.238.3.246. Number of nodes 72
EtherApe-INFO: 20:25:08.114: delete node: IP: 216.58.215.67. Number of nodes 71
EtherApe-INFO: 20:25:09.906: delete node: IP: 216.58.209.3. Number of nodes 70
EtherApe-INFO: 20:25:10.642: delete node: IP: 13.32.118.23. Number of nodes 69
EtherApe-INFO: 20:25:13.490: delete node: IP: 104.81.107.158. Number of nodes 68
EtherApe-INFO: 20:25:20.433: delete node: IP: 54.171.227.38. Number of nodes 67
EtherApe-INFO: 20:25:21.900: delete node: IP: 35.165.68.166. Number of nodes 66
EtherApe-INFO: 20:25:21.900: delete node: IP: 18.214.21.235. Number of nodes 65
EtherApe-INFO: 20:25:24.915: delete node: IP: 104.18.14.117. Number of nodes 64
EtherApe-INFO: 20:25:28.169: delete node: IP: 207.241.224.2. Number of nodes 63
EtherApe-INFO: 20:25:28.169: delete node: IP: 139.59.209.225. Number of nodes 62
EtherApe-INFO: 20:25:28.169: delete node: IP: 104.21.60.220. Number of nodes 61
EtherApe-INFO: 20:25:28.169: delete node: IP: 104.21.30.137. Number of nodes 60
EtherApe-INFO: 20:25:30.820: delete node: IP: 54.160.57.75. Number of nodes 59
EtherApe-INFO: 20:25:41.024: delete node: IP: 193.34.169.9. Number of nodes 58
EtherApe-INFO: 20:25:41.024: delete node: IP: 108.138.51.16. Number of nodes 57
EtherApe-INFO: 20:25:41.024: delete node: IP: 52.84.106.50. Number of nodes 56
EtherApe-INFO: 20:25:51.954: delete node: IP: 104.22.33.83. Number of nodes 55
EtherApe-INFO: 20:25:51.954: delete node: IP: 104.21.75.3. Number of nodes 54
EtherApe-INFO: 20:25:51.954: delete node: IP: 104.18.23.126. Number of nodes 53
EtherApe-INFO: 20:25:51.954: delete node: IP: 104.17.182.52. Number of nodes 52
EtherApe-INFO: 20:25:51.954: delete node: IP: 34.237.229.84. Number of nodes 51
EtherApe-INFO: 20:25:55.747: delete node: IP: 185.199.110.154. Number of nodes 50
EtherApe-INFO: 20:25:55.747: delete node: IP: 185.199.108.133. Number of nodes 49
EtherApe-INFO: 20:25:55.747: delete node: IP: 172.67.69.29. Number of nodes 48
EtherApe-INFO: 20:25:55.747: delete node: IP: 151.101.2.209. Number of nodes 47
EtherApe-INFO: 20:25:55.747: delete node: IP: 142.250.203.206. Number of nodes 46
EtherApe-INFO: 20:25:55.747: delete node: IP: 140.82.121.3. Number of nodes 45
EtherApe-INFO: 20:25:55.747: delete node: IP: 104.18.26.85. Number of nodes 44
EtherApe-INFO: 20:25:55.747: delete node: IP: 104.16.99.56. Number of nodes 43
EtherApe-INFO: 20:25:55.747: delete node: IP: 18.66.147.167. Number of nodes 42
EtherApe-INFO: 20:25:55.747: delete node: IP: 18.66.112.85. Number of nodes 41
EtherApe-INFO: 20:25:57.630: delete node: IP: 108.138.17.104. Number of nodes 40
EtherApe-INFO: 20:25:57.630: delete node: IP: 18.66.234.116. Number of nodes 39
EtherApe-INFO: 20:26:01.303: delete node: IP: 176.122.110.204. Number of nodes 38
EtherApe-INFO: 20:26:01.303: delete node: IP: 172.64.155.91. Number of nodes 37
EtherApe-INFO: 20:26:01.303: delete node: IP: 104.16.148.64. Number of nodes 36
EtherApe-INFO: 20:26:02.041: New node: IP: 142.250.75.14. Number of nodes 37
EtherApe-INFO: 20:26:04.910: delete node: IP: 142.250.186.196. Number of nodes 36
EtherApe-INFO: 20:26:05.962: delete node: IP: 142.250.186.206. Number of nodes 35
EtherApe-INFO: 20:26:05.962: delete node: IP: 13.32.103.36. Number of nodes 34
EtherApe-INFO: 20:26:09.977: delete node: IP: 151.101.1.208. Number of nodes 33
EtherApe-INFO: 20:26:09.977: delete node: IP: 104.18.40.133. Number of nodes 32
EtherApe-INFO: 20:26:09.977: delete node: IP: 9.9.9.9. Number of nodes 31
EtherApe-INFO: 20:26:09.977: delete node: IP: 1.1.1.1. Number of nodes 30
EtherApe-INFO: 20:26:13.354: delete node: IP: 172.217.16.10. Number of nodes 29
EtherApe-INFO: 20:26:15.887: delete node: IP: 142.250.203.129. Number of nodes 28
EtherApe-INFO: 20:26:20.005: delete node: IP: 142.250.203.193. Number of nodes 27
EtherApe-INFO: 20:26:22.106: delete node: IP: 142.250.186.202. Number of nodes 26
EtherApe-INFO: 20:26:36.923: delete node: IP: 18.66.130.57. Number of nodes 25
EtherApe-INFO: 20:26:53.413: delete node: IP: 54.155.246.232. Number of nodes 24
EtherApe-INFO: 20:27:07.286: delete node: IP: 149.154.167.216. Number of nodes 23
EtherApe-INFO: 20:27:09.926: delete node: IP: 44.238.3.246. Number of nodes 22
EtherApe-INFO: 20:27:13.935: New node: IP: 192.168.1.1. Number of nodes 23
EtherApe-INFO: 20:27:14.013: delete node: IP: 18.220.254.31. Number of nodes 22
EtherApe-INFO: 20:27:14.013: delete node: IP: 3.127.160.74. Number of nodes 21
EtherApe-INFO: 20:27:17.775: New node: IP: 95.216.195.133. Number of nodes 22
EtherApe-INFO: 20:27:45.936: New node: IP: 108.138.17.61. Number of nodes 23
EtherApe-INFO: 20:27:57.181: delete node: IP: 173.194.188.138. Number of nodes 22
EtherApe-INFO: 20:27:57.181: delete node: IP: 74.125.15.153. Number of nodes 21
EtherApe-INFO: 20:28:14.415: New node: IP: 149.154.167.216. Number of nodes 22
EtherApe-INFO: 20:28:18.072: delete node: IP: 142.250.186.195. Number of nodes 21
EtherApe-INFO: 20:29:10.853: delete node: IP: 142.250.186.214. Number of nodes 20
EtherApe-INFO: 20:29:14.704: delete node: IP: 192.168.1.1. Number of nodes 19
EtherApe-INFO: 20:29:15.961: delete node: IP: 142.250.203.150. Number of nodes 18
EtherApe-INFO: 20:29:18.264: delete node: IP: 95.216.195.133. Number of nodes 17
EtherApe-INFO: 20:29:21.933: New node: IP: 1.1.1.1. Number of nodes 18
EtherApe-INFO: 20:29:21.946: New node: IP: 9.9.9.9. Number of nodes 19
EtherApe-INFO: 20:30:08.393: New node: IP: 44.238.3.246. Number of nodes 20
EtherApe-INFO: 20:30:10.703: New node: IP: 104.18.32.165. Number of nodes 21
EtherApe-INFO: 20:30:53.348: delete node: IP: 142.250.75.14. Number of nodes 20
EtherApe-INFO: 20:31:08.643: New node: IP: 104.18.14.117. Number of nodes 21
EtherApe-INFO: 20:31:08.644: New node: IP: 104.18.15.117. Number of nodes 22
EtherApe-INFO: 20:31:17.856: New node: IP: 54.216.227.219. Number of nodes 23
EtherApe-INFO: 20:31:21.440: New node: IP: 34.252.28.38. Number of nodes 24
EtherApe-INFO: 20:31:23.547: delete node: IP: 9.9.9.9. Number of nodes 23
EtherApe-INFO: 20:31:23.547: delete node: IP: 1.1.1.1. Number of nodes 22
EtherApe-INFO: 20:32:08.828: delete node: IP: 44.238.3.246. Number of nodes 21
EtherApe-INFO: 20:32:13.920: New node: IP: 192.168.1.1. Number of nodes 22
EtherApe-INFO: 20:32:17.761: New node: IP: 95.216.195.133. Number of nodes 23
EtherApe-INFO: 20:32:36.785: delete node: IP: 108.138.17.61. Number of nodes 22
EtherApe-INFO: 20:33:02.928: New node: IP: 142.250.203.214. Number of nodes 23
EtherApe-INFO: 20:33:10.182: delete node: IP: 104.18.14.117. Number of nodes 22
EtherApe-INFO: 20:33:17.824: delete node: IP: 54.216.227.219. Number of nodes 21
EtherApe-INFO: 20:33:23.996: delete node: IP: 34.252.28.38. Number of nodes 20
EtherApe-INFO: 20:33:27.014: delete node: IP: 149.154.167.216. Number of nodes 19
EtherApe-INFO: 20:34:17.472: delete node: IP: 192.168.1.1. Number of nodes 18
EtherApe-INFO: 20:34:17.792: delete node: IP: 8.8.8.8. Number of nodes 17
EtherApe-INFO: 20:34:18.007: delete node: IP: 95.216.195.133. Number of nodes 16
EtherApe-INFO: 20:34:40.735: New node: IP: 8.8.8.8. Number of nodes 17
EtherApe-INFO: 20:34:40.735: New node: IP: 1.1.1.1. Number of nodes 18
EtherApe-INFO: 20:34:40.735: New node: IP: 9.9.9.9. Number of nodes 19
EtherApe-INFO: 20:35:01.216: New node: IP: 172.217.16.10. Number of nodes 20
EtherApe-INFO: 20:35:02.035: delete node: IP: 104.18.32.165. Number of nodes 19
EtherApe-INFO: 20:35:03.014: delete node: IP: 142.250.203.214. Number of nodes 18
EtherApe-INFO: 20:35:07.871: New node: IP: 44.238.3.246. Number of nodes 19
EtherApe-INFO: 20:35:29.493: delete node: IP: 104.16.249.249. Number of nodes 18
EtherApe-INFO: 20:35:59.757: delete node: IP: 104.18.15.117. Number of nodes 17
EtherApe-INFO: 20:36:13.239: New node: IP: 193.106.144.6. Number of nodes 18
EtherApe-INFO: 20:36:41.686: delete node: IP: 9.9.9.9. Number of nodes 17
EtherApe-INFO: 20:36:41.686: delete node: IP: 1.1.1.1. Number of nodes 16
EtherApe-INFO: 20:37:01.696: delete node: IP: 172.217.16.10. Number of nodes 15
EtherApe-INFO: 20:37:08.733: delete node: IP: 44.238.3.246. Number of nodes 14
EtherApe-INFO: 20:37:14.071: New node: IP: 192.168.1.1. Number of nodes 15
EtherApe-INFO: 20:37:17.659: New node: IP: 95.216.195.133. Number of nodes 16
EtherApe-INFO: 20:37:45.175: New node: IP: 172.217.16.10. Number of nodes 17
EtherApe-INFO: 20:38:13.779: delete node: IP: 193.106.144.6. Number of nodes 16
EtherApe-INFO: 20:39:10.776: New node: IP: 104.18.32.165. Number of nodes 17
EtherApe-INFO: 20:39:14.872: New node: IP: 149.154.167.216. Number of nodes 18
EtherApe-INFO: 20:39:14.872: New node: IP: 149.154.175.211. Number of nodes 19
EtherApe-INFO: 20:39:14.884: delete node: IP: 192.168.1.1. Number of nodes 18
EtherApe-INFO: 20:39:19.792: delete node: IP: 95.216.195.133. Number of nodes 17
EtherApe-INFO: 20:39:45.523: delete node: IP: 172.217.16.10. Number of nodes 16
EtherApe-INFO: 20:39:49.558: New node: IP: 1.1.1.1. Number of nodes 17
EtherApe-INFO: 20:39:49.569: New node: IP: 9.9.9.9. Number of nodes 18
EtherApe-INFO: 20:40:08.736: New node: IP: 44.238.3.246. Number of nodes 19
