(etherape:3130): GLib-GIO-DEBUG: 20:37:15.221: _g_io_module_get_default: Found default implementation local (GLocalVfs) for ‘gio-vfs’
(etherape:3130): GLib-GIO-DEBUG: 20:37:15.257: Using cross-namespace EXTERNAL authentication (this will deadlock if server is GDBus < 2.73.3)
EtherApe-INFO: 20:37:15.290: sctp protocol not supported
EtherApe-INFO: 20:37:15.290: dccp protocol not supported
EtherApe-INFO: 20:37:15.290: sctp protocol not supported
EtherApe-INFO: 20:37:15.290: sctp protocol not supported
EtherApe-INFO: 20:37:15.290: sctp protocol not supported
EtherApe-INFO: 20:37:15.290: sctp protocol not supported
EtherApe-INFO: 20:37:15.290: sctp protocol not supported
EtherApe-INFO: 20:37:15.290: sctp protocol not supported
EtherApe-INFO: 20:37:15.290: sctp protocol not supported
EtherApe-INFO: 20:37:15.290: dccp protocol not supported
EtherApe-INFO: 20:37:15.290: sctp protocol not supported
EtherApe-INFO: 20:37:15.290: dccp protocol not supported
EtherApe-INFO: 20:37:15.290: dccp protocol not supported
EtherApe-INFO: 20:37:15.290: sctp protocol not supported
EtherApe-INFO: 20:37:15.290: sctp protocol not supported
EtherApe-INFO: 20:37:15.290: sctp protocol not supported
EtherApe-INFO: 20:37:15.291: sctp protocol not supported
EtherApe-INFO: 20:37:15.291: sctp protocol not supported
EtherApe-INFO: 20:37:15.291: sctp protocol not supported
EtherApe-INFO: 20:37:15.291: sctp protocol not supported
EtherApe-INFO: 20:37:15.291: sctp protocol not supported
EtherApe-INFO: 20:37:15.291: sctp protocol not supported
EtherApe-INFO: 20:37:15.291: sctp protocol not supported
EtherApe-INFO: 20:37:15.291: sctp protocol not supported
EtherApe-INFO: 20:37:15.292: sctp protocol not supported
EtherApe-INFO: 20:37:15.292: sctp protocol not supported
EtherApe-INFO: 20:37:15.292: sctp protocol not supported
EtherApe-INFO: 20:37:15.292: sctp protocol not supported
EtherApe-INFO: 20:37:15.292: dccp protocol not supported
EtherApe-INFO: 20:37:15.292: sctp protocol not supported
EtherApe-INFO: 20:37:15.292: sctp protocol not supported
EtherApe-INFO: 20:37:15.292: dccp protocol not supported
EtherApe-INFO: 20:37:15.292: sctp protocol not supported
EtherApe-INFO: 20:37:15.292: sctp protocol not supported
EtherApe-INFO: 20:37:15.292: sctp protocol not supported
EtherApe-INFO: 20:37:15.292: dccp protocol not supported
EtherApe-INFO: 20:37:15.292: dccp protocol not supported
EtherApe-INFO: 20:37:15.292: sctp protocol not supported
EtherApe-INFO: 20:37:15.292: sctp protocol not supported
EtherApe-INFO: 20:37:15.292: sctp protocol not supported
EtherApe-INFO: 20:37:15.292: sctp protocol not supported
EtherApe-INFO: 20:37:15.292: sctp protocol not supported
EtherApe-INFO: 20:37:15.292: sctp protocol not supported
EtherApe-INFO: 20:37:15.292: sctp protocol not supported
EtherApe-INFO: 20:37:15.292: sctp protocol not supported
EtherApe-INFO: 20:37:15.292: sctp protocol not supported
EtherApe-INFO: 20:37:15.292: sctp protocol not supported
EtherApe-INFO: 20:37:15.292: sctp protocol not supported
EtherApe-INFO: 20:37:15.292: sctp protocol not supported
EtherApe-INFO: 20:37:15.292: sctp protocol not supported
EtherApe-INFO: 20:37:15.292: sctp protocol not supported
EtherApe-INFO: 20:37:15.292: sctp protocol not supported
EtherApe-INFO: 20:37:15.292: sctp protocol not supported
EtherApe-INFO: 20:37:15.292: sctp protocol not supported
EtherApe-INFO: 20:37:15.292: sctp protocol not supported
EtherApe-INFO: 20:37:15.292: sctp protocol not supported
EtherApe-INFO: 20:37:15.292: sctp protocol not supported
EtherApe-INFO: 20:37:15.292: dccp protocol not supported
EtherApe-INFO: 20:37:15.292: sctp protocol not supported
EtherApe-INFO: 20:37:15.292: sctp protocol not supported
EtherApe-INFO: 20:37:15.292: sctp protocol not supported
EtherApe-INFO: 20:37:15.292: sctp protocol not supported
EtherApe-INFO: 20:37:15.293: sctp protocol not supported
EtherApe-INFO: 20:37:15.293: sctp protocol not supported
EtherApe-INFO: 20:37:15.293: sctp protocol not supported
EtherApe-INFO: 20:37:15.293: sctp protocol not supported
EtherApe-INFO: 20:37:15.293: sctp protocol not supported
EtherApe-INFO: 20:37:15.293: sctp protocol not supported
EtherApe-INFO: 20:37:15.293: sctp protocol not supported
EtherApe-INFO: 20:37:15.293: sctp protocol not supported
EtherApe-INFO: 20:37:15.293: sctp protocol not supported
EtherApe-INFO: 20:37:15.293: sctp protocol not supported
EtherApe-INFO: 20:37:15.293: sctp protocol not supported
EtherApe-INFO: 20:37:15.293: sctp protocol not supported
EtherApe-INFO: 20:37:15.293: sctp protocol not supported
EtherApe-INFO: 20:37:15.293: sctp protocol not supported
EtherApe-INFO: 20:37:15.293: sctp protocol not supported
EtherApe-INFO: 20:37:15.293: sctp protocol not supported
EtherApe-INFO: 20:37:15.293: sctp protocol not supported
EtherApe-INFO: 20:37:15.293: sctp protocol not supported
EtherApe-INFO: 20:37:15.293: sctp protocol not supported
EtherApe-INFO: 20:37:15.293: sctp protocol not supported
EtherApe-INFO: 20:37:15.293: sctp protocol not supported
EtherApe-INFO: 20:37:15.293: sctp protocol not supported
EtherApe-INFO: 20:37:15.293: sctp protocol not supported
EtherApe-INFO: 20:37:15.293: sctp protocol not supported
EtherApe-INFO: 20:37:15.293: sctp protocol not supported
EtherApe-INFO: 20:37:15.293: sctp protocol not supported
EtherApe-INFO: 20:37:15.293: sctp protocol not supported
EtherApe-INFO: 20:37:15.293: sctp protocol not supported
EtherApe-INFO: 20:37:15.293: sctp protocol not supported
EtherApe-INFO: 20:37:15.293: sctp protocol not supported
EtherApe-INFO: 20:37:15.293: sctp protocol not supported
EtherApe-INFO: 20:37:15.293: sctp protocol not supported
EtherApe-INFO: 20:37:15.293: sctp protocol not supported
EtherApe-INFO: 20:37:15.293: sctp protocol not supported
EtherApe-INFO: 20:37:15.304: get_interface result: ''
EtherApe-INFO: 20:37:15.304: Available interfaces for capture: dbus-session dbus-system nfqueue nflog bluetooth-monitor lo any enp5s0
EtherApe-INFO: 20:37:15.304: Link type is LINUX_SLL
EtherApe-INFO: 20:37:15.304: Diagram started
EtherApe-INFO: 20:37:15.557: New node: IP: 192.168.0.240. Number of nodes 1
EtherApe-INFO: 20:37:15.557: New node: IP: 142.250.186.195. Number of nodes 2
EtherApe-INFO: 20:37:16.325: New node: IP: 172.217.16.14. Number of nodes 3
EtherApe-INFO: 20:37:16.325: New node: IP: 104.16.248.249. Number of nodes 4
EtherApe-INFO: 20:37:16.581: New node: IP: 13.224.192.222. Number of nodes 5
EtherApe-INFO: 20:37:17.093: New node: IP: 192.178.25.163. Number of nodes 6
EtherApe-INFO: 20:37:17.349: New node: IP: 142.250.186.206. Number of nodes 7
EtherApe-INFO: 20:37:17.606: New node: IP: 192.229.221.95. Number of nodes 8
EtherApe-INFO: 20:37:18.373: New node: IP: 8.8.8.8. Number of nodes 9
EtherApe-INFO: 20:37:21.189: New node: IP: 34.107.221.82. Number of nodes 10
EtherApe-INFO: 20:37:21.446: New node: IP: 8.8.4.4. Number of nodes 11
EtherApe-INFO: 20:37:21.701: New node: IP: 2.21.173.91. Number of nodes 12
EtherApe-INFO: 20:37:25.285: New node: IP: 52.29.123.56. Number of nodes 13
EtherApe-INFO: 20:37:25.797: New node: IP: 87.245.217.79. Number of nodes 14
EtherApe-INFO: 20:37:27.333: New node: IP: 34.252.28.38. Number of nodes 15
EtherApe-INFO: 20:37:27.590: New node: IP: 34.210.228.29. Number of nodes 16
EtherApe-INFO: 20:37:28.103: New node: IP: 52.222.226.205. Number of nodes 17
EtherApe-INFO: 20:37:28.869: New node: IP: 18.244.108.67. Number of nodes 18
EtherApe-INFO: 20:37:29.126: New node: IP: 142.250.203.202. Number of nodes 19
EtherApe-INFO: 20:37:29.381: New node: IP: 193.109.100.133. Number of nodes 20
EtherApe-INFO: 20:37:29.381: New node: IP: 139.45.192.3. Number of nodes 21
EtherApe-INFO: 20:37:29.639: New node: IP: 18.66.98.108. Number of nodes 22
EtherApe-INFO: 20:37:33.989: New node: IP: 142.250.203.142. Number of nodes 23
EtherApe-INFO: 20:37:34.502: New node: IP: 34.120.208.123. Number of nodes 24
EtherApe-INFO: 20:37:36.037: New node: IP: 104.16.249.249. Number of nodes 25
EtherApe-INFO: 20:37:36.808: New node: IP: 45.57.80.131. Number of nodes 26
EtherApe-INFO: 20:37:38.853: New node: IP: 34.160.144.191. Number of nodes 27
EtherApe-INFO: 20:37:38.853: New node: IP: 104.17.50.74. Number of nodes 28
EtherApe-INFO: 20:37:38.853: New node: IP: 34.117.65.55. Number of nodes 29
EtherApe-INFO: 20:37:38.853: New node: IP: 35.241.9.150. Number of nodes 30
EtherApe-INFO: 20:37:39.877: New node: IP: 108.138.17.106. Number of nodes 31
EtherApe-INFO: 20:37:39.877: New node: IP: 172.64.161.6. Number of nodes 32
EtherApe-INFO: 20:37:40.901: New node: IP: 104.18.12.33. Number of nodes 33
EtherApe-INFO: 20:37:41.669: New node: IP: 140.82.113.22. Number of nodes 34
EtherApe-INFO: 20:37:41.926: New node: IP: 54.92.224.85. Number of nodes 35
EtherApe-INFO: 20:37:42.693: New node: IP: 140.82.121.3. Number of nodes 36
EtherApe-INFO: 20:37:42.693: New node: IP: 142.250.203.196. Number of nodes 37
EtherApe-INFO: 20:37:42.693: New node: IP: 192.178.25.170. Number of nodes 38
EtherApe-INFO: 20:37:43.462: New node: IP: 172.217.16.37. Number of nodes 39
EtherApe-INFO: 20:37:43.718: New node: IP: 185.199.108.133. Number of nodes 40
EtherApe-INFO: 20:37:43.718: New node: IP: 140.82.114.26. Number of nodes 41
EtherApe-INFO: 20:37:44.741: New node: IP: 142.250.75.10. Number of nodes 42
EtherApe-INFO: 20:37:44.741: New node: IP: 142.250.203.133. Number of nodes 43
EtherApe-INFO: 20:37:46.534: New node: IP: 104.25.95.5. Number of nodes 44
EtherApe-INFO: 20:37:48.677: New node: IP: 18.66.130.57. Number of nodes 45
EtherApe-INFO: 20:37:49.701: New node: IP: 172.64.147.123. Number of nodes 46
EtherApe-INFO: 20:37:50.726: New node: IP: 108.138.51.88. Number of nodes 47
EtherApe-INFO: 20:37:50.726: New node: IP: 34.149.66.134. Number of nodes 48
EtherApe-INFO: 20:37:50.726: New node: IP: 91.198.174.192. Number of nodes 49
EtherApe-INFO: 20:37:51.241: New node: IP: 140.82.121.6. Number of nodes 50
EtherApe-INFO: 20:37:51.749: New node: IP: 91.198.174.208. Number of nodes 51
EtherApe-INFO: 20:37:51.759: New node: IP: 216.58.215.110. Number of nodes 52
EtherApe-INFO: 20:37:51.760: New node: IP: 142.250.203.195. Number of nodes 53
EtherApe-INFO: 20:37:51.760: New node: IP: 172.217.16.1. Number of nodes 54
EtherApe-INFO: 20:37:52.009: New node: IP: 142.250.203.131. Number of nodes 55
EtherApe-INFO: 20:37:52.284: New node: IP: 172.217.16.46. Number of nodes 56
EtherApe-INFO: 20:37:52.286: New node: IP: 142.250.203.200. Number of nodes 57
EtherApe-INFO: 20:37:52.286: New node: IP: 142.250.203.206. Number of nodes 58
EtherApe-INFO: 20:37:52.509: New node: IP: 104.22.56.102. Number of nodes 59
EtherApe-INFO: 20:37:52.509: New node: IP: 104.22.57.102. Number of nodes 60
EtherApe-INFO: 20:37:53.159: New node: IP: 104.17.32.105. Number of nodes 61
EtherApe-INFO: 20:37:53.162: New node: IP: 95.216.144.15. Number of nodes 62
EtherApe-INFO: 20:37:53.163: New node: IP: 104.18.21.226. Number of nodes 63
EtherApe-INFO: 20:37:53.419: New node: IP: 89.46.106.40. Number of nodes 64
EtherApe-INFO: 20:37:54.439: New node: IP: 151.101.193.208. Number of nodes 65
EtherApe-INFO: 20:37:54.952: New node: IP: 207.241.237.3. Number of nodes 66
EtherApe-INFO: 20:37:55.725: New node: IP: 104.18.7.57. Number of nodes 67
EtherApe-INFO: 20:37:55.728: New node: IP: 52.207.197.38. Number of nodes 68
EtherApe-INFO: 20:37:55.729: New node: IP: 151.101.194.49. Number of nodes 69
EtherApe-INFO: 20:37:55.976: New node: IP: 207.241.224.2. Number of nodes 70
EtherApe-INFO: 20:37:55.979: New node: IP: 18.66.233.86. Number of nodes 71
EtherApe-INFO: 20:37:56.233: New node: IP: 104.19.188.97. Number of nodes 72
EtherApe-INFO: 20:37:56.238: New node: IP: 104.19.187.97. Number of nodes 73
EtherApe-INFO: 20:37:56.749: New node: IP: 216.58.215.104. Number of nodes 74
EtherApe-INFO: 20:37:57.001: New node: IP: 104.17.185.177. Number of nodes 75
EtherApe-INFO: 20:37:57.001: New node: IP: 104.17.182.177. Number of nodes 76
EtherApe-INFO: 20:37:57.005: New node: IP: 99.86.8.175. Number of nodes 77
EtherApe-INFO: 20:37:57.259: New node: IP: 13.32.27.58. Number of nodes 78
EtherApe-INFO: 20:37:57.260: New node: IP: 104.16.240.21. Number of nodes 79
EtherApe-INFO: 20:37:57.511: New node: IP: 104.16.42.65. Number of nodes 80
EtherApe-INFO: 20:37:57.771: New node: IP: 172.67.130.60. Number of nodes 81
EtherApe-INFO: 20:37:57.771: New node: IP: 104.21.3.46. Number of nodes 82
EtherApe-INFO: 20:37:58.299: New node: IP: 172.67.158.124. Number of nodes 83
EtherApe-INFO: 20:37:58.299: New node: IP: 104.21.42.68. Number of nodes 84
EtherApe-INFO: 20:37:58.818: New node: IP: 104.26.2.70. Number of nodes 85
EtherApe-INFO: 20:37:59.046: New node: IP: 130.211.23.194. Number of nodes 86
EtherApe-INFO: 20:38:00.326: New node: IP: 35.162.1.41. Number of nodes 87
EtherApe-INFO: 20:38:00.587: New node: IP: 13.32.24.239. Number of nodes 88
EtherApe-INFO: 20:38:01.106: New node: IP: 54.155.246.232. Number of nodes 89
EtherApe-INFO: 20:38:08.262: New node: IP: 162.159.200.123. Number of nodes 90
EtherApe-INFO: 20:38:16.967: New node: IP: 216.58.215.69. Number of nodes 91
EtherApe-INFO: 20:38:17.733: New node: IP: 54.218.201.140. Number of nodes 92
EtherApe-INFO: 20:38:17.733: New node: IP: 192.178.25.174. Number of nodes 93
EtherApe-INFO: 20:38:18.247: New node: IP: 216.58.209.14. Number of nodes 94
EtherApe-INFO: 20:38:18.505: New node: IP: 35.244.133.240. Number of nodes 95
EtherApe-INFO: 20:38:18.510: New node: IP: 54.155.178.5. Number of nodes 96
EtherApe-INFO: 20:38:18.510: New node: IP: 208.68.240.115. Number of nodes 97
EtherApe-INFO: 20:38:18.510: New node: IP: 104.16.100.56. Number of nodes 98
EtherApe-INFO: 20:38:18.796: New node: IP: 2.21.173.112. Number of nodes 99
EtherApe-INFO: 20:38:18.800: New node: IP: 104.18.32.68. Number of nodes 100
EtherApe-INFO: 20:38:19.530: New node: IP: 172.64.155.188. Number of nodes 101
EtherApe-INFO: 20:38:19.781: New node: IP: 54.73.239.34. Number of nodes 102
EtherApe-INFO: 20:38:20.038: New node: IP: 52.212.99.156. Number of nodes 103
EtherApe-INFO: 20:38:20.331: New node: IP: 172.217.16.10. Number of nodes 104
EtherApe-INFO: 20:38:20.549: New node: IP: 18.244.102.17. Number of nodes 105
EtherApe-INFO: 20:38:21.062: New node: IP: 216.58.209.8. Number of nodes 106
EtherApe-INFO: 20:38:21.491: New node: IP: 18.244.146.85. Number of nodes 107
EtherApe-INFO: 20:38:21.900: New node: IP: 185.199.108.154. Number of nodes 108
EtherApe-INFO: 20:38:21.903: New node: IP: 45.57.90.1. Number of nodes 109
EtherApe-INFO: 20:38:22.895: New node: IP: 185.199.111.133. Number of nodes 110
EtherApe-INFO: 20:38:23.585: New node: IP: 128.2.42.95. Number of nodes 111
EtherApe-INFO: 20:38:23.585: New node: IP: 104.18.40.133. Number of nodes 112
EtherApe-INFO: 20:38:23.585: New node: IP: 185.199.110.153. Number of nodes 113
EtherApe-INFO: 20:38:23.586: New node: IP: 104.17.33.105. Number of nodes 114
EtherApe-INFO: 20:38:23.586: New node: IP: 192.168.0.1. Number of nodes 115
EtherApe-INFO: 20:38:24.364: New node: IP: 109.70.240.114. Number of nodes 116
EtherApe-INFO: 20:38:25.392: New node: IP: 18.66.112.46. Number of nodes 117
EtherApe-INFO: 20:38:25.606: New node: IP: 216.58.215.65. Number of nodes 118
EtherApe-INFO: 20:38:25.863: New node: IP: 104.17.182.52. Number of nodes 119
EtherApe-INFO: 20:38:29.191: New node: IP: 54.211.143.212. Number of nodes 120
EtherApe-INFO: 20:38:29.465: New node: IP: 216.58.215.77. Number of nodes 121
EtherApe-INFO: 20:38:29.637: New node: IP: 104.18.6.57. Number of nodes 122
EtherApe-INFO: 20:38:29.642: New node: IP: 151.101.2.49. Number of nodes 123
EtherApe-INFO: 20:38:29.652: New node: IP: 104.21.68.198. Number of nodes 124
EtherApe-INFO: 20:38:29.663: New node: IP: 99.83.181.31. Number of nodes 125
EtherApe-INFO: 20:38:30.060: New node: IP: 104.17.24.14. Number of nodes 126
EtherApe-INFO: 20:38:30.062: New node: IP: 104.17.25.14. Number of nodes 127
EtherApe-INFO: 20:38:30.063: New node: IP: 69.16.175.10. Number of nodes 128
EtherApe-INFO: 20:38:30.314: New node: IP: 18.66.122.110. Number of nodes 129
EtherApe-INFO: 20:38:30.323: New node: IP: 2.16.172.152. Number of nodes 130
EtherApe-INFO: 20:38:30.355: New node: IP: 172.67.198.40. Number of nodes 131
EtherApe-INFO: 20:38:30.560: New node: IP: 54.171.156.218. Number of nodes 132
EtherApe-INFO: 20:38:31.170: New node: IP: 104.18.22.126. Number of nodes 133
EtherApe-INFO: 20:38:32.136: New node: IP: 104.18.43.158. Number of nodes 134
EtherApe-INFO: 20:38:32.380: New node: IP: 18.66.147.167. Number of nodes 135
EtherApe-INFO: 20:38:32.898: New node: IP: 185.199.109.133. Number of nodes 136
EtherApe-INFO: 20:38:32.899: New node: IP: 104.18.21.206. Number of nodes 137
EtherApe-INFO: 20:38:34.435: New node: IP: 142.250.75.14. Number of nodes 138
EtherApe-INFO: 20:38:35.008: New node: IP: 172.217.16.3. Number of nodes 139
EtherApe-INFO: 20:38:35.028: New node: IP: 142.250.203.145. Number of nodes 140
EtherApe-INFO: 20:38:35.207: New node: IP: 140.82.121.5. Number of nodes 141
EtherApe-INFO: 20:38:35.984: New node: IP: 140.82.112.26. Number of nodes 142
EtherApe-INFO: 20:38:36.215: New node: IP: 192.178.25.182. Number of nodes 143
EtherApe-INFO: 20:38:36.494: New node: IP: 34.160.110.8. Number of nodes 144
EtherApe-INFO: 20:38:36.984: New node: IP: 192.178.25.164. Number of nodes 145
EtherApe-INFO: 20:38:37.500: New node: IP: 142.250.75.22. Number of nodes 146
EtherApe-INFO: 20:38:38.518: New node: IP: 142.250.203.138. Number of nodes 147
EtherApe-INFO: 20:38:39.549: New node: IP: 142.251.34.3. Number of nodes 148
EtherApe-INFO: 20:38:39.858: New node: IP: 216.58.215.78. Number of nodes 149
EtherApe-INFO: 20:38:41.910: New node: IP: 104.18.0.175. Number of nodes 150
EtherApe-INFO: 20:38:42.175: New node: IP: 65.9.66.74. Number of nodes 151
EtherApe-INFO: 20:38:42.941: New node: IP: 104.22.52.173. Number of nodes 152
EtherApe-INFO: 20:38:43.195: New node: IP: 172.64.153.246. Number of nodes 153
EtherApe-INFO: 20:38:43.196: New node: IP: 104.26.8.50. Number of nodes 154
EtherApe-INFO: 20:38:43.452: New node: IP: 104.18.34.10. Number of nodes 155
EtherApe-INFO: 20:38:43.749: New node: IP: 207.241.237.8. Number of nodes 156
EtherApe-INFO: 20:38:45.159: New node: IP: 34.111.152.239. Number of nodes 157
EtherApe-INFO: 20:38:45.920: New node: IP: 104.26.6.139. Number of nodes 158
EtherApe-INFO: 20:38:45.925: New node: IP: 143.204.89.106. Number of nodes 159
EtherApe-INFO: 20:38:46.160: New node: IP: 18.66.112.32. Number of nodes 160
EtherApe-INFO: 20:38:46.164: New node: IP: 13.32.121.10. Number of nodes 161
EtherApe-INFO: 20:38:46.658: New node: IP: 104.22.4.69. Number of nodes 162
EtherApe-INFO: 20:38:47.691: New node: IP: 13.32.27.77. Number of nodes 163
EtherApe-INFO: 20:38:47.947: New node: IP: 104.26.3.70. Number of nodes 164
EtherApe-INFO: 20:38:48.194: New node: IP: 34.107.140.113. Number of nodes 165
EtherApe-INFO: 20:38:48.196: New node: IP: 185.89.211.84. Number of nodes 166
EtherApe-INFO: 20:38:48.202: New node: IP: 142.250.186.214. Number of nodes 167
EtherApe-INFO: 20:38:48.469: New node: IP: 45.57.91.1. Number of nodes 168
EtherApe-INFO: 20:38:48.704: New node: IP: 34.160.152.31. Number of nodes 169
EtherApe-INFO: 20:38:48.963: New node: IP: 216.58.215.106. Number of nodes 170
EtherApe-INFO: 20:38:50.267: New node: IP: 142.250.186.194. Number of nodes 171
EtherApe-INFO: 20:38:50.502: New node: IP: 13.224.189.48. Number of nodes 172
EtherApe-INFO: 20:38:52.556: New node: IP: 104.22.5.69. Number of nodes 173
EtherApe-INFO: 20:38:53.570: New node: IP: 142.250.186.200. Number of nodes 174
EtherApe-INFO: 20:38:54.081: New node: IP: 104.18.10.47. Number of nodes 175
EtherApe-INFO: 20:38:54.848: New node: IP: 147.75.84.158. Number of nodes 176
EtherApe-INFO: 20:38:55.369: New node: IP: 185.89.211.116. Number of nodes 177
EtherApe-INFO: 20:38:55.876: New node: IP: 75.2.13.80. Number of nodes 178
EtherApe-INFO: 20:38:56.383: New node: IP: 3.230.124.52. Number of nodes 179
EtherApe-INFO: 20:38:58.561: New node: IP: 176.122.110.206. Number of nodes 180
EtherApe-INFO: 20:38:58.820: New node: IP: 51.89.9.254. Number of nodes 181
EtherApe-INFO: 20:38:58.826: New node: IP: 176.122.96.225. Number of nodes 182
EtherApe-INFO: 20:38:59.841: New node: IP: 104.26.1.101. Number of nodes 183
EtherApe-INFO: 20:38:59.843: New node: IP: 151.101.1.208. Number of nodes 184
EtherApe-INFO: 20:38:59.852: New node: IP: 31.43.58.109. Number of nodes 185
EtherApe-INFO: 20:39:02.399: New node: IP: 216.58.208.206. Number of nodes 186
EtherApe-INFO: 20:39:46.644: delete node: IP: 8.8.4.4. Number of nodes 185
EtherApe-INFO: 20:39:48.177: delete node: IP: 104.25.95.5. Number of nodes 184
EtherApe-INFO: 20:39:52.692: delete node: IP: 108.138.51.88. Number of nodes 183
EtherApe-INFO: 20:39:52.692: delete node: IP: 104.22.56.102. Number of nodes 182
EtherApe-INFO: 20:39:53.724: delete node: IP: 95.216.144.15. Number of nodes 181
EtherApe-INFO: 20:39:57.346: delete node: IP: 104.17.185.177. Number of nodes 180
EtherApe-INFO: 20:39:57.599: delete node: IP: 104.16.240.21. Number of nodes 179
EtherApe-INFO: 20:39:57.828: delete node: IP: 104.21.3.46. Number of nodes 178
EtherApe-INFO: 20:39:58.585: delete node: IP: 104.21.42.68. Number of nodes 177
EtherApe-INFO: 20:40:04.241: delete node: IP: 193.109.100.133. Number of nodes 176
EtherApe-INFO: 20:40:04.241: delete node: IP: 172.64.147.123. Number of nodes 175
EtherApe-INFO: 20:40:04.242: delete node: IP: 142.250.186.195. Number of nodes 174
EtherApe-INFO: 20:40:04.242: delete node: IP: 104.26.2.70. Number of nodes 173
EtherApe-INFO: 20:40:04.242: delete node: IP: 104.18.21.226. Number of nodes 172
EtherApe-INFO: 20:40:04.242: delete node: IP: 104.18.12.33. Number of nodes 171
EtherApe-INFO: 20:40:04.242: delete node: IP: 104.17.182.177. Number of nodes 170
EtherApe-INFO: 20:40:04.242: delete node: IP: 104.17.50.74. Number of nodes 169
EtherApe-INFO: 20:40:04.242: delete node: IP: 104.16.42.65. Number of nodes 168
EtherApe-INFO: 20:40:04.242: delete node: IP: 2.21.173.91. Number of nodes 167
EtherApe-INFO: 20:40:04.989: delete node: IP: 185.199.108.133. Number of nodes 166
EtherApe-INFO: 20:40:04.989: delete node: IP: 172.217.16.37. Number of nodes 165
EtherApe-INFO: 20:40:04.989: delete node: IP: 172.64.161.6. Number of nodes 164
EtherApe-INFO: 20:40:04.989: delete node: IP: 151.101.193.208. Number of nodes 163
EtherApe-INFO: 20:40:04.989: delete node: IP: 142.250.203.200. Number of nodes 162
EtherApe-INFO: 20:40:04.989: delete node: IP: 142.250.75.10. Number of nodes 161
EtherApe-INFO: 20:40:04.989: delete node: IP: 140.82.121.6. Number of nodes 160
EtherApe-INFO: 20:40:04.989: delete node: IP: 139.45.192.3. Number of nodes 159
EtherApe-INFO: 20:40:04.989: delete node: IP: 108.138.17.106. Number of nodes 158
EtherApe-INFO: 20:40:04.989: delete node: IP: 54.155.246.232. Number of nodes 157
EtherApe-INFO: 20:40:04.989: delete node: IP: 52.207.197.38. Number of nodes 156
EtherApe-INFO: 20:40:04.989: delete node: IP: 35.241.9.150. Number of nodes 155
EtherApe-INFO: 20:40:04.989: delete node: IP: 34.210.228.29. Number of nodes 154
EtherApe-INFO: 20:40:04.989: delete node: IP: 34.160.144.191. Number of nodes 153
EtherApe-INFO: 20:40:04.989: delete node: IP: 34.117.65.55. Number of nodes 152
EtherApe-INFO: 20:40:04.989: delete node: IP: 13.32.24.239. Number of nodes 151
EtherApe-INFO: 20:40:07.623: delete node: IP: 34.252.28.38. Number of nodes 150
EtherApe-INFO: 20:40:09.153: delete node: IP: 162.159.200.123. Number of nodes 149
EtherApe-INFO: 20:40:16.502: New node: IP: 162.159.200.123. Number of nodes 150
EtherApe-INFO: 20:40:20.420: delete node: IP: 52.212.99.156. Number of nodes 149
EtherApe-INFO: 20:40:20.900: delete node: IP: 140.82.114.26. Number of nodes 148
EtherApe-INFO: 20:40:21.127: delete node: IP: 54.73.239.34. Number of nodes 147
EtherApe-INFO: 20:40:24.262: delete node: IP: 104.17.33.105. Number of nodes 146
EtherApe-INFO: 20:40:24.998: delete node: IP: 192.168.0.1. Number of nodes 145
EtherApe-INFO: 20:40:30.122: delete node: IP: 151.101.2.49. Number of nodes 144
EtherApe-INFO: 20:40:30.360: delete node: IP: 172.217.16.10. Number of nodes 143
EtherApe-INFO: 20:40:30.613: delete node: IP: 172.67.198.40. Number of nodes 142
EtherApe-INFO: 20:40:30.871: delete node: IP: 104.17.25.14. Number of nodes 141
EtherApe-INFO: 20:40:31.110: delete node: IP: 54.171.156.218. Number of nodes 140
EtherApe-INFO: 20:40:33.136: delete node: IP: 185.199.109.133. Number of nodes 139
EtherApe-INFO: 20:40:35.115: New node: IP: 142.250.75.3. Number of nodes 140
EtherApe-INFO: 20:40:36.253: delete node: IP: 142.250.75.14. Number of nodes 139
EtherApe-INFO: 20:40:38.700: delete node: IP: 172.217.16.3. Number of nodes 138
EtherApe-INFO: 20:40:38.700: delete node: IP: 34.160.110.8. Number of nodes 137
EtherApe-INFO: 20:40:38.955: delete node: IP: 208.68.240.115. Number of nodes 136
EtherApe-INFO: 20:40:41.291: delete node: IP: 128.2.42.95. Number of nodes 135
EtherApe-INFO: 20:40:41.544: delete node: IP: 142.251.34.3. Number of nodes 134
EtherApe-INFO: 20:40:43.379: delete node: IP: 216.58.215.77. Number of nodes 133
EtherApe-INFO: 20:40:43.658: delete node: IP: 104.18.34.10. Number of nodes 132
EtherApe-INFO: 20:40:47.913: delete node: IP: 13.32.121.10. Number of nodes 131
EtherApe-INFO: 20:40:48.281: delete node: IP: 172.217.16.14. Number of nodes 130
EtherApe-INFO: 20:40:53.789: New node: IP: 216.58.215.77. Number of nodes 131
EtherApe-INFO: 20:40:55.660: delete node: IP: 34.107.140.113. Number of nodes 130
EtherApe-INFO: 20:40:56.149: delete node: IP: 75.2.13.80. Number of nodes 129
EtherApe-INFO: 20:41:00.277: delete node: IP: 3.230.124.52. Number of nodes 128
EtherApe-INFO: 20:41:02.291: delete node: IP: 185.89.211.116. Number of nodes 127
EtherApe-INFO: 20:41:02.759: delete node: IP: 142.250.186.206. Number of nodes 126
EtherApe-INFO: 20:41:03.119: delete node: IP: 45.57.91.1. Number of nodes 125
EtherApe-INFO: 20:41:05.910: delete node: IP: 185.89.211.84. Number of nodes 124
EtherApe-INFO: 20:41:13.337: delete node: IP: 34.160.152.31. Number of nodes 123
EtherApe-INFO: 20:41:16.830: New node: IP: 95.216.195.133. Number of nodes 124
EtherApe-INFO: 20:41:21.445: New node: IP: 104.21.11.122. Number of nodes 125
EtherApe-INFO: 20:41:29.497: delete node: IP: 51.89.9.254. Number of nodes 124
EtherApe-INFO: 20:41:31.013: delete node: IP: 109.70.240.114. Number of nodes 123
EtherApe-INFO: 20:41:38.679: delete node: IP: 216.58.209.14. Number of nodes 122
EtherApe-INFO: 20:41:38.679: delete node: IP: 142.250.203.131. Number of nodes 121
EtherApe-INFO: 20:41:39.405: delete node: IP: 216.58.208.206. Number of nodes 120
EtherApe-INFO: 20:41:40.653: New node: IP: 34.117.65.55. Number of nodes 121
EtherApe-INFO: 20:41:43.521: delete node: IP: 45.57.90.1. Number of nodes 120
EtherApe-INFO: 20:41:48.327: delete node: IP: 52.29.123.56. Number of nodes 119
EtherApe-INFO: 20:41:49.931: delete node: IP: 207.241.237.8. Number of nodes 118
EtherApe-INFO: 20:41:55.588: delete node: IP: 147.75.84.158. Number of nodes 117
EtherApe-INFO: 20:42:04.190: New node: IP: 213.239.227.55. Number of nodes 118
EtherApe-INFO: 20:42:17.516: delete node: IP: 172.64.155.188. Number of nodes 117
EtherApe-INFO: 20:42:17.516: delete node: IP: 162.159.200.123. Number of nodes 116
EtherApe-INFO: 20:42:20.932: delete node: IP: 104.18.32.68. Number of nodes 115
EtherApe-INFO: 20:42:23.480: delete node: IP: 91.198.174.208. Number of nodes 114
EtherApe-INFO: 20:42:23.481: delete node: IP: 34.107.221.82. Number of nodes 113
EtherApe-INFO: 20:42:25.693: New node: IP: 192.168.0.1. Number of nodes 114
EtherApe-INFO: 20:42:26.766: delete node: IP: 52.222.226.205. Number of nodes 113
EtherApe-INFO: 20:42:28.836: delete node: IP: 91.198.174.192. Number of nodes 112
EtherApe-INFO: 20:42:31.877: delete node: IP: 140.82.113.22. Number of nodes 111
EtherApe-INFO: 20:42:34.973: delete node: IP: 140.82.121.3. Number of nodes 110
EtherApe-INFO: 20:42:42.340: delete node: IP: 140.82.121.5. Number of nodes 109
EtherApe-INFO: 20:42:43.918: delete node: IP: 13.32.27.77. Number of nodes 108
EtherApe-INFO: 20:42:44.897: New node: IP: 216.58.208.195. Number of nodes 109
EtherApe-INFO: 20:42:47.711: New node: IP: 142.250.203.194. Number of nodes 110
EtherApe-INFO: 20:42:47.804: delete node: IP: 176.122.96.225. Number of nodes 109
EtherApe-INFO: 20:42:50.599: delete node: IP: 2.21.173.112. Number of nodes 108
EtherApe-INFO: 20:42:52.630: delete node: IP: 13.224.192.222. Number of nodes 107
EtherApe-INFO: 20:42:55.733: delete node: IP: 192.229.221.95. Number of nodes 106
EtherApe-INFO: 20:42:55.733: delete node: IP: 31.43.58.109. Number of nodes 105
EtherApe-INFO: 20:42:55.733: delete node: IP: 2.16.172.152. Number of nodes 104
EtherApe-INFO: 20:42:56.928: New node: IP: 142.250.186.202. Number of nodes 105
EtherApe-INFO: 20:42:57.439: New node: IP: 172.217.16.10. Number of nodes 106
EtherApe-INFO: 20:42:58.977: New node: IP: 216.58.209.1. Number of nodes 107
EtherApe-INFO: 20:43:12.059: delete node: IP: 35.244.133.240. Number of nodes 106
EtherApe-INFO: 20:43:14.404: delete node: IP: 18.244.146.85. Number of nodes 105
EtherApe-INFO: 20:43:16.951: delete node: IP: 95.216.195.133. Number of nodes 104
EtherApe-INFO: 20:43:20.242: delete node: IP: 176.122.110.206. Number of nodes 103
EtherApe-INFO: 20:43:21.092: delete node: IP: 104.18.7.57. Number of nodes 102
EtherApe-INFO: 20:43:21.092: delete node: IP: 104.18.6.57. Number of nodes 101
EtherApe-INFO: 20:43:21.839: delete node: IP: 216.58.209.8. Number of nodes 100
EtherApe-INFO: 20:43:21.839: delete node: IP: 142.250.203.206. Number of nodes 99
EtherApe-INFO: 20:43:21.839: delete node: IP: 104.21.68.198. Number of nodes 98
EtherApe-INFO: 20:43:21.839: delete node: IP: 104.18.22.126. Number of nodes 97
EtherApe-INFO: 20:43:21.839: delete node: IP: 104.17.24.14. Number of nodes 96
EtherApe-INFO: 20:43:21.839: delete node: IP: 69.16.175.10. Number of nodes 95
EtherApe-INFO: 20:43:21.839: delete node: IP: 18.66.122.110. Number of nodes 94
EtherApe-INFO: 20:43:25.342: delete node: IP: 185.199.111.133. Number of nodes 93
EtherApe-INFO: 20:43:25.342: delete node: IP: 172.67.130.60. Number of nodes 92
EtherApe-INFO: 20:43:25.342: delete node: IP: 104.21.11.122. Number of nodes 91
EtherApe-INFO: 20:43:25.342: delete node: IP: 104.18.43.158. Number of nodes 90
EtherApe-INFO: 20:43:25.342: delete node: IP: 89.46.106.40. Number of nodes 89
EtherApe-INFO: 20:43:25.342: delete node: IP: 18.66.147.167. Number of nodes 88
EtherApe-INFO: 20:43:26.189: delete node: IP: 185.199.110.153. Number of nodes 87
EtherApe-INFO: 20:43:26.189: delete node: IP: 185.199.108.154. Number of nodes 86
EtherApe-INFO: 20:43:26.189: delete node: IP: 104.17.182.52. Number of nodes 85
EtherApe-INFO: 20:43:26.189: delete node: IP: 104.16.100.56. Number of nodes 84
EtherApe-INFO: 20:43:26.189: delete node: IP: 18.66.112.46. Number of nodes 83
EtherApe-INFO: 20:43:26.934: delete node: IP: 142.250.203.145. Number of nodes 82
EtherApe-INFO: 20:43:28.157: New node: IP: 142.250.203.206. Number of nodes 83
EtherApe-INFO: 20:43:28.217: delete node: IP: 192.178.25.182. Number of nodes 82
EtherApe-INFO: 20:43:29.495: delete node: IP: 151.101.194.49. Number of nodes 81
EtherApe-INFO: 20:43:29.495: delete node: IP: 18.66.233.86. Number of nodes 80
EtherApe-INFO: 20:43:30.240: delete node: IP: 142.250.75.22. Number of nodes 79
EtherApe-INFO: 20:43:32.260: delete node: IP: 172.67.158.124. Number of nodes 78
EtherApe-INFO: 20:43:32.260: delete node: IP: 104.17.32.105. Number of nodes 77
EtherApe-INFO: 20:43:32.260: delete node: IP: 54.211.143.212. Number of nodes 76
EtherApe-INFO: 20:43:32.260: delete node: IP: 45.57.80.131. Number of nodes 75
EtherApe-INFO: 20:43:32.579: delete node: IP: 216.58.215.104. Number of nodes 74
EtherApe-INFO: 20:43:32.579: delete node: IP: 104.18.0.175. Number of nodes 73
EtherApe-INFO: 20:43:32.767: New node: IP: 31.43.58.109. Number of nodes 74
EtherApe-INFO: 20:43:33.536: delete node: IP: 104.22.52.173. Number of nodes 73
EtherApe-INFO: 20:43:36.951: delete node: IP: 207.241.224.2. Number of nodes 72
EtherApe-INFO: 20:43:36.951: delete node: IP: 143.204.89.106. Number of nodes 71
EtherApe-INFO: 20:43:36.951: delete node: IP: 104.26.8.50. Number of nodes 70
EtherApe-INFO: 20:43:36.951: delete node: IP: 104.26.6.139. Number of nodes 69
EtherApe-INFO: 20:43:36.951: delete node: IP: 104.22.57.102. Number of nodes 68
EtherApe-INFO: 20:43:36.951: delete node: IP: 104.19.187.97. Number of nodes 67
EtherApe-INFO: 20:43:36.951: delete node: IP: 65.9.66.74. Number of nodes 66
EtherApe-INFO: 20:43:36.951: delete node: IP: 34.111.152.239. Number of nodes 65
EtherApe-INFO: 20:43:36.951: delete node: IP: 18.66.98.108. Number of nodes 64
EtherApe-INFO: 20:43:37.694: delete node: IP: 172.64.153.246. Number of nodes 63
EtherApe-INFO: 20:43:37.694: delete node: IP: 104.18.21.206. Number of nodes 62
EtherApe-INFO: 20:43:37.694: delete node: IP: 18.66.130.57. Number of nodes 61
EtherApe-INFO: 20:43:37.694: delete node: IP: 18.66.112.32. Number of nodes 60
EtherApe-INFO: 20:43:38.977: delete node: IP: 104.26.3.70. Number of nodes 59
EtherApe-INFO: 20:43:38.977: delete node: IP: 104.19.188.97. Number of nodes 58
EtherApe-INFO: 20:43:39.726: delete node: IP: 142.250.186.214. Number of nodes 57
EtherApe-INFO: 20:43:42.067: delete node: IP: 130.211.23.194. Number of nodes 56
EtherApe-INFO: 20:43:42.067: delete node: IP: 104.22.4.69. Number of nodes 55
EtherApe-INFO: 20:43:42.067: delete node: IP: 34.117.65.55. Number of nodes 54
EtherApe-INFO: 20:43:42.067: delete node: IP: 13.224.189.48. Number of nodes 53
EtherApe-INFO: 20:43:42.238: New node: IP: 142.250.203.193. Number of nodes 54
EtherApe-INFO: 20:43:42.505: New node: IP: 176.122.110.204. Number of nodes 55
EtherApe-INFO: 20:43:44.306: delete node: IP: 142.250.203.142. Number of nodes 54
EtherApe-INFO: 20:43:44.306: delete node: IP: 104.22.5.69. Number of nodes 53
EtherApe-INFO: 20:43:44.306: delete node: IP: 18.244.102.17. Number of nodes 52
EtherApe-INFO: 20:43:45.056: delete node: IP: 104.18.10.47. Number of nodes 51
EtherApe-INFO: 20:43:47.406: delete node: IP: 142.250.186.200. Number of nodes 50
EtherApe-INFO: 20:43:47.406: delete node: IP: 140.82.112.26. Number of nodes 49
EtherApe-INFO: 20:43:47.406: delete node: IP: 35.162.1.41. Number of nodes 48
EtherApe-INFO: 20:43:48.678: delete node: IP: 99.86.8.175. Number of nodes 47
EtherApe-INFO: 20:43:50.175: delete node: IP: 87.245.217.79. Number of nodes 46
EtherApe-INFO: 20:43:50.716: delete node: IP: 216.58.215.65. Number of nodes 45
EtherApe-INFO: 20:43:50.717: delete node: IP: 104.26.1.101. Number of nodes 44
EtherApe-INFO: 20:43:50.717: delete node: IP: 104.18.40.133. Number of nodes 43
EtherApe-INFO: 20:43:50.717: delete node: IP: 99.83.181.31. Number of nodes 42
EtherApe-INFO: 20:43:53.067: delete node: IP: 207.241.237.3. Number of nodes 41
EtherApe-INFO: 20:43:53.067: delete node: IP: 151.101.1.208. Number of nodes 40
EtherApe-INFO: 20:43:56.155: delete node: IP: 142.250.203.202. Number of nodes 39
EtherApe-INFO: 20:43:56.156: delete node: IP: 18.244.108.67. Number of nodes 38
EtherApe-INFO: 20:44:03.521: delete node: IP: 172.217.16.1. Number of nodes 37
EtherApe-INFO: 20:44:03.521: delete node: IP: 142.250.203.133. Number of nodes 36
EtherApe-INFO: 20:44:15.006: New node: IP: 108.138.51.96. Number of nodes 37
EtherApe-INFO: 20:44:26.104: delete node: IP: 192.168.0.1. Number of nodes 36
EtherApe-INFO: 20:44:30.974: delete node: IP: 142.250.75.3. Number of nodes 35
EtherApe-INFO: 20:44:32.669: New node: IP: 162.159.200.123. Number of nodes 36
EtherApe-INFO: 20:44:38.318: delete node: IP: 192.178.25.163. Number of nodes 35
EtherApe-INFO: 20:44:51.109: delete node: IP: 142.250.203.138. Number of nodes 34
EtherApe-INFO: 20:45:01.089: delete node: IP: 142.250.186.202. Number of nodes 33
EtherApe-INFO: 20:45:08.332: delete node: IP: 216.58.215.77. Number of nodes 32
EtherApe-INFO: 20:45:34.109: New node: IP: 142.250.186.196. Number of nodes 33
EtherApe-INFO: 20:45:38.463: New node: IP: 192.229.221.95. Number of nodes 34
EtherApe-INFO: 20:45:38.719: New node: IP: 142.250.75.3. Number of nodes 35
EtherApe-INFO: 20:45:40.510: New node: IP: 142.250.186.205. Number of nodes 36
EtherApe-INFO: 20:45:42.345: delete node: IP: 192.178.25.164. Number of nodes 35
EtherApe-INFO: 20:45:44.863: New node: IP: 104.18.18.199. Number of nodes 36
EtherApe-INFO: 20:45:45.375: New node: IP: 45.128.216.159. Number of nodes 37
EtherApe-INFO: 20:45:45.635: New node: IP: 172.64.155.188. Number of nodes 38
EtherApe-INFO: 20:45:45.913: New node: IP: 45.128.216.134. Number of nodes 39
EtherApe-INFO: 20:45:46.147: New node: IP: 45.128.216.147. Number of nodes 40
EtherApe-INFO: 20:45:46.406: New node: IP: 45.128.216.152. Number of nodes 41
EtherApe-INFO: 20:45:46.658: New node: IP: 45.128.216.168. Number of nodes 42
EtherApe-INFO: 20:45:56.126: New node: IP: 151.101.2.49. Number of nodes 43
EtherApe-INFO: 20:46:05.857: delete node: IP: 213.239.227.55. Number of nodes 42
EtherApe-INFO: 20:46:08.485: delete node: IP: 54.218.201.140. Number of nodes 41
EtherApe-INFO: 20:46:14.355: delete node: IP: 192.178.25.170. Number of nodes 40
EtherApe-INFO: 20:46:16.605: New node: IP: 95.216.195.133. Number of nodes 41
EtherApe-INFO: 20:46:26.155: delete node: IP: 216.58.209.1. Number of nodes 40
EtherApe-INFO: 20:46:32.757: delete node: IP: 162.159.200.123. Number of nodes 39
EtherApe-INFO: 20:46:41.470: delete node: IP: 54.155.178.5. Number of nodes 38
EtherApe-INFO: 20:47:04.222: New node: IP: 54.218.201.140. Number of nodes 39
EtherApe-INFO: 20:47:09.342: New node: IP: 216.58.215.74. Number of nodes 40
EtherApe-INFO: 20:47:09.343: New node: IP: 142.250.186.202. Number of nodes 41
EtherApe-INFO: 20:47:09.608: New node: IP: 192.178.25.170. Number of nodes 42
EtherApe-INFO: 20:47:22.912: New node: IP: 142.250.203.138. Number of nodes 43
EtherApe-INFO: 20:47:29.567: New node: IP: 35.201.103.21. Number of nodes 44
EtherApe-INFO: 20:47:29.822: New node: IP: 2.21.173.112. Number of nodes 45
EtherApe-INFO: 20:47:29.824: New node: IP: 34.98.75.36. Number of nodes 46
EtherApe-INFO: 20:47:30.078: New node: IP: 34.160.144.191. Number of nodes 47
EtherApe-INFO: 20:47:38.279: delete node: IP: 176.122.110.204. Number of nodes 46
EtherApe-INFO: 20:47:48.038: delete node: IP: 172.217.16.10. Number of nodes 45
EtherApe-INFO: 20:47:57.470: New node: IP: 176.122.110.204. Number of nodes 46
EtherApe-INFO: 20:48:03.192: delete node: IP: 31.43.58.109. Number of nodes 45
EtherApe-INFO: 20:48:07.457: New node: IP: 176.122.113.13. Number of nodes 46
EtherApe-INFO: 20:48:08.477: New node: IP: 8.8.4.4. Number of nodes 47
EtherApe-INFO: 20:48:17.237: delete node: IP: 95.216.195.133. Number of nodes 46
EtherApe-INFO: 20:48:57.888: New node: IP: 54.171.156.218. Number of nodes 47
EtherApe-INFO: 20:48:58.420: delete node: IP: 108.138.51.96. Number of nodes 46
EtherApe-INFO: 20:49:02.496: New node: IP: 52.212.99.156. Number of nodes 47
EtherApe-INFO: 20:49:14.356: delete node: IP: 45.128.216.147. Number of nodes 46
EtherApe-INFO: 20:49:14.567: delete node: IP: 45.128.216.168. Number of nodes 45
EtherApe-INFO: 20:49:15.099: delete node: IP: 216.58.215.74. Number of nodes 44
EtherApe-INFO: 20:49:27.328: delete node: IP: 45.128.216.159. Number of nodes 43
EtherApe-INFO: 20:49:28.188: delete node: IP: 45.128.216.152. Number of nodes 42
EtherApe-INFO: 20:49:28.188: delete node: IP: 45.128.216.134. Number of nodes 41
EtherApe-INFO: 20:49:34.238: delete node: IP: 192.229.221.95. Number of nodes 40
EtherApe-INFO: 20:49:41.983: delete node: IP: 172.64.155.188. Number of nodes 39
EtherApe-INFO: 20:49:56.777: delete node: IP: 142.250.203.138. Number of nodes 38
EtherApe-INFO: 20:49:57.278: New node: IP: 172.217.16.1. Number of nodes 39
EtherApe-INFO: 20:50:04.484: delete node: IP: 192.178.25.170. Number of nodes 38
EtherApe-INFO: 20:50:08.588: delete node: IP: 8.8.8.8. Number of nodes 37
EtherApe-INFO: 20:50:08.588: delete node: IP: 8.8.4.4. Number of nodes 36
EtherApe-INFO: 20:50:26.474: delete node: IP: 142.250.186.196. Number of nodes 35
EtherApe-INFO: 20:50:28.766: New node: IP: 172.217.16.42. Number of nodes 36
EtherApe-INFO: 20:50:29.021: New node: IP: 8.8.8.8. Number of nodes 37
EtherApe-INFO: 20:50:32.390: delete node: IP: 142.250.203.194. Number of nodes 36
EtherApe-INFO: 20:50:32.390: delete node: IP: 142.250.186.194. Number of nodes 35
EtherApe-INFO: 20:50:38.537: delete node: IP: 172.217.16.46. Number of nodes 34
EtherApe-INFO: 20:50:47.544: delete node: IP: 151.101.2.49. Number of nodes 33
EtherApe-INFO: 20:50:59.067: delete node: IP: 54.171.156.218. Number of nodes 32
EtherApe-INFO: 20:51:03.095: delete node: IP: 52.212.99.156. Number of nodes 31
EtherApe-INFO: 20:51:03.411: delete node: IP: 104.18.18.199. Number of nodes 30
EtherApe-INFO: 20:51:05.414: delete node: IP: 176.122.110.204. Number of nodes 29
EtherApe-INFO: 20:51:16.127: New node: IP: 34.210.228.29. Number of nodes 30
EtherApe-INFO: 20:51:16.638: New node: IP: 95.216.195.133. Number of nodes 31
EtherApe-INFO: 20:51:25.621: delete node: IP: 2.21.173.112. Number of nodes 30
EtherApe-INFO: 20:51:29.694: New node: IP: 35.241.9.150. Number of nodes 31
EtherApe-INFO: 20:51:41.725: New node: IP: 34.117.65.55. Number of nodes 32
EtherApe-INFO: 20:51:49.917: New node: IP: 140.82.112.26. Number of nodes 33
EtherApe-INFO: 20:51:57.668: delete node: IP: 172.217.16.1. Number of nodes 32
EtherApe-INFO: 20:51:57.668: delete node: IP: 142.250.203.193. Number of nodes 31
EtherApe-INFO: 20:52:03.230: New node: IP: 140.82.112.25. Number of nodes 32
EtherApe-INFO: 20:52:20.476: delete node: IP: 35.201.103.21. Number of nodes 31
EtherApe-INFO: 20:52:20.476: delete node: IP: 34.98.75.36. Number of nodes 30
EtherApe-INFO: 20:52:32.474: delete node: IP: 172.217.16.42. Number of nodes 29
EtherApe-INFO: 20:53:04.925: New node: IP: 162.159.200.123. Number of nodes 30
EtherApe-INFO: 20:53:06.208: New node: IP: 31.43.58.109. Number of nodes 31
EtherApe-INFO: 20:53:13.479: delete node: IP: 54.218.201.140. Number of nodes 30
EtherApe-INFO: 20:53:18.026: delete node: IP: 95.216.195.133. Number of nodes 29
EtherApe-INFO: 20:53:24.127: New node: IP: 54.218.201.140. Number of nodes 30
EtherApe-INFO: 20:53:32.062: New node: IP: 172.217.16.3. Number of nodes 31
EtherApe-INFO: 20:53:32.070: delete node: IP: 142.250.186.205. Number of nodes 30
EtherApe-INFO: 20:53:54.414: delete node: IP: 140.82.112.26. Number of nodes 29
EtherApe-INFO: 20:54:03.592: delete node: IP: 8.8.8.8. Number of nodes 28
EtherApe-INFO: 20:54:12.048: delete node: IP: 142.250.203.195. Number of nodes 27
EtherApe-INFO: 20:54:17.208: delete node: IP: 34.210.228.29. Number of nodes 26
EtherApe-INFO: 20:54:41.956: delete node: IP: 142.250.75.3. Number of nodes 25
EtherApe-INFO: 20:54:50.148: delete node: IP: 142.250.186.202. Number of nodes 24
EtherApe-INFO: 20:55:08.591: delete node: IP: 162.159.200.123. Number of nodes 23
EtherApe-INFO: 20:55:08.591: delete node: IP: 31.43.58.109. Number of nodes 22
EtherApe-INFO: 20:55:29.566: New node: IP: 52.222.236.48. Number of nodes 23
EtherApe-INFO: 20:55:29.821: New node: IP: 8.8.8.8. Number of nodes 24
EtherApe-INFO: 20:55:30.079: New node: IP: 34.160.90.233. Number of nodes 25
EtherApe-INFO: 20:55:30.081: New node: IP: 35.244.181.201. Number of nodes 26
EtherApe-INFO: 20:55:30.092: New node: IP: 192.229.221.95. Number of nodes 27
EtherApe-INFO: 20:55:44.731: delete node: IP: 142.250.203.196. Number of nodes 26
EtherApe-INFO: 20:56:00.566: delete node: IP: 34.120.208.123. Number of nodes 25
EtherApe-INFO: 20:56:16.672: New node: IP: 95.216.195.133. Number of nodes 26
EtherApe-INFO: 20:56:20.603: delete node: IP: 35.241.9.150. Number of nodes 25
EtherApe-INFO: 20:56:26.709: delete node: IP: 54.218.201.140. Number of nodes 24
EtherApe-INFO: 20:56:42.087: delete node: IP: 34.117.65.55. Number of nodes 23
EtherApe-INFO: 20:56:51.231: New node: IP: 34.117.65.55. Number of nodes 24
EtherApe-INFO: 20:56:56.661: delete node: IP: 176.122.113.13. Number of nodes 23
EtherApe-INFO: 20:57:11.453: New node: IP: 31.43.58.109. Number of nodes 24
EtherApe-INFO: 20:57:21.186: New node: IP: 176.122.110.204. Number of nodes 25
EtherApe-INFO: 20:57:39.870: New node: IP: 54.218.201.140. Number of nodes 26
EtherApe-INFO: 20:57:52.414: New node: IP: 142.250.203.196. Number of nodes 27
EtherApe-INFO: 20:58:19.041: delete node: IP: 95.216.195.133. Number of nodes 26
EtherApe-INFO: 20:58:19.041: delete node: IP: 8.8.8.8. Number of nodes 25
EtherApe-INFO: 20:58:22.885: delete node: IP: 172.217.16.3. Number of nodes 24
EtherApe-INFO: 20:58:41.822: New node: IP: 172.217.16.13. Number of nodes 25
EtherApe-INFO: 20:58:42.077: New node: IP: 8.8.8.8. Number of nodes 26
EtherApe-INFO: 20:58:51.373: delete node: IP: 34.117.65.55. Number of nodes 25
EtherApe-INFO: 20:59:20.477: New node: IP: 52.212.99.156. Number of nodes 26
EtherApe-INFO: 20:59:21.355: delete node: IP: 176.122.110.204. Number of nodes 25
EtherApe-INFO: 20:59:24.831: New node: IP: 34.252.28.38. Number of nodes 26
EtherApe-INFO: 20:59:25.898: delete node: IP: 192.229.221.95. Number of nodes 25
EtherApe-INFO: 21:00:20.723: delete node: IP: 52.222.236.48. Number of nodes 24
EtherApe-INFO: 21:00:20.723: delete node: IP: 34.160.144.191. Number of nodes 23
EtherApe-INFO: 21:00:23.978: delete node: IP: 35.244.181.201. Number of nodes 22
EtherApe-INFO: 21:00:23.978: delete node: IP: 34.160.90.233. Number of nodes 21
EtherApe-INFO: 21:00:42.210: delete node: IP: 54.218.201.140. Number of nodes 20
EtherApe-INFO: 21:00:42.210: delete node: IP: 8.8.8.8. Number of nodes 19
EtherApe-INFO: 21:00:58.782: New node: IP: 35.160.145.179. Number of nodes 20
EtherApe-INFO: 21:00:59.037: New node: IP: 8.8.8.8. Number of nodes 21
EtherApe-INFO: 21:00:59.295: New node: IP: 192.229.221.95. Number of nodes 22
EtherApe-INFO: 21:01:11.908: delete node: IP: 31.43.58.109. Number of nodes 21
EtherApe-INFO: 21:01:16.190: New node: IP: 176.122.110.204. Number of nodes 22
EtherApe-INFO: 21:01:16.702: New node: IP: 95.216.195.133. Number of nodes 23
EtherApe-INFO: 21:01:20.893: delete node: IP: 52.212.99.156. Number of nodes 22
EtherApe-INFO: 21:01:25.469: delete node: IP: 34.252.28.38. Number of nodes 21
EtherApe-INFO: 21:01:26.432: New node: IP: 176.122.110.206. Number of nodes 22
EtherApe-INFO: 21:01:51.517: New node: IP: 34.117.65.55. Number of nodes 23
EtherApe-INFO: 21:02:32.990: New node: IP: 142.250.203.133. Number of nodes 24
EtherApe-INFO: 21:02:51.422: New node: IP: 108.138.51.88. Number of nodes 25
EtherApe-INFO: 21:03:00.976: delete node: IP: 35.160.145.179. Number of nodes 24
EtherApe-INFO: 21:03:16.806: delete node: IP: 8.8.8.8. Number of nodes 23
EtherApe-INFO: 21:03:20.892: delete node: IP: 95.216.195.133. Number of nodes 22
EtherApe-INFO: 21:03:26.770: delete node: IP: 176.122.110.206. Number of nodes 21
EtherApe-INFO: 21:03:33.473: delete node: IP: 172.217.16.13. Number of nodes 20
EtherApe-INFO: 21:03:43.725: delete node: IP: 142.250.203.196. Number of nodes 19
EtherApe-INFO: 21:03:43.932: delete node: IP: 34.149.66.134. Number of nodes 18
EtherApe-INFO: 21:03:52.408: delete node: IP: 34.117.65.55. Number of nodes 17
EtherApe-INFO: 21:03:52.605: New node: IP: 142.250.203.132. Number of nodes 18
EtherApe-INFO: 21:03:52.861: New node: IP: 8.8.8.8. Number of nodes 19
EtherApe-INFO: 21:03:53.118: New node: IP: 34.149.66.134. Number of nodes 20
EtherApe-INFO: 21:04:17.438: New node: IP: 176.122.110.206. Number of nodes 21
EtherApe-INFO: 21:04:23.117: delete node: IP: 216.58.215.69. Number of nodes 20
EtherApe-INFO: 21:04:27.172: New node: IP: 31.43.58.109. Number of nodes 21
EtherApe-INFO: 21:04:38.773: delete node: IP: 216.58.215.78. Number of nodes 20
EtherApe-INFO: 21:04:39.303: delete node: IP: 176.122.110.204. Number of nodes 19
EtherApe-INFO: 21:04:55.598: delete node: IP: 192.229.221.95. Number of nodes 18
EtherApe-INFO: 21:05:55.894: delete node: IP: 8.8.8.8. Number of nodes 17
EtherApe-INFO: 21:06:12.125: New node: IP: 54.218.201.140. Number of nodes 18
EtherApe-INFO: 21:06:16.733: New node: IP: 8.8.8.8. Number of nodes 19
EtherApe-INFO: 21:06:16.733: New node: IP: 95.216.195.133. Number of nodes 20
EtherApe-INFO: 21:06:27.548: delete node: IP: 31.43.58.109. Number of nodes 19
EtherApe-INFO: 21:06:33.632: New node: IP: 216.58.208.193. Number of nodes 20
EtherApe-INFO: 21:06:33.633: New node: IP: 142.250.203.129. Number of nodes 21
EtherApe-INFO: 21:06:33.633: New node: IP: 142.250.203.193. Number of nodes 22
EtherApe-INFO: 21:06:33.634: New node: IP: 142.250.186.193. Number of nodes 23
EtherApe-INFO: 21:06:33.893: New node: IP: 142.250.186.202. Number of nodes 24
EtherApe-INFO: 21:06:51.549: New node: IP: 34.117.65.55. Number of nodes 25
EtherApe-INFO: 21:07:02.904: delete node: IP: 108.138.51.88. Number of nodes 24
EtherApe-INFO: 21:07:02.904: delete node: IP: 104.16.249.249. Number of nodes 23
EtherApe-INFO: 21:07:38.990: delete node: IP: 142.250.203.206. Number of nodes 22
EtherApe-INFO: 21:07:56.905: delete node: IP: 176.122.110.206. Number of nodes 21
EtherApe-INFO: 21:07:58.111: New node: IP: 31.43.58.109. Number of nodes 22
EtherApe-INFO: 21:08:08.099: New node: IP: 176.122.110.204. Number of nodes 23
EtherApe-INFO: 21:08:17.112: delete node: IP: 95.216.195.133. Number of nodes 22
EtherApe-INFO: 21:08:36.601: delete node: IP: 216.58.208.193. Number of nodes 21
EtherApe-INFO: 21:08:36.601: delete node: IP: 142.250.203.193. Number of nodes 20
EtherApe-INFO: 21:08:36.601: delete node: IP: 142.250.203.129. Number of nodes 19
EtherApe-INFO: 21:08:36.601: delete node: IP: 8.8.8.8. Number of nodes 18
EtherApe-INFO: 21:08:42.909: New node: IP: 216.58.215.109. Number of nodes 19
EtherApe-INFO: 21:08:43.165: New node: IP: 8.8.8.8. Number of nodes 20
EtherApe-INFO: 21:08:51.619: delete node: IP: 34.117.65.55. Number of nodes 19
EtherApe-INFO: 21:09:00.062: New node: IP: 104.26.0.101. Number of nodes 20
EtherApe-INFO: 21:09:04.158: New node: IP: 142.250.186.206. Number of nodes 21
EtherApe-INFO: 21:09:14.737: delete node: IP: 54.218.201.140. Number of nodes 20
EtherApe-INFO: 21:09:39.230: New node: IP: 54.155.246.232. Number of nodes 21
EtherApe-INFO: 21:09:43.069: New node: IP: 34.252.28.38. Number of nodes 22
EtherApe-INFO: 21:10:08.985: delete node: IP: 176.122.110.204. Number of nodes 21
EtherApe-INFO: 21:10:09.181: New node: IP: 162.159.200.123. Number of nodes 22
EtherApe-INFO: 21:10:27.103: New node: IP: 54.218.201.140. Number of nodes 23
EtherApe-INFO: 21:11:00.421: delete node: IP: 8.8.8.8. Number of nodes 22
EtherApe-INFO: 21:11:16.765: New node: IP: 8.8.8.8. Number of nodes 23
EtherApe-INFO: 21:11:16.766: New node: IP: 95.216.195.133. Number of nodes 24
EtherApe-INFO: 21:11:25.538: delete node: IP: 142.250.186.193. Number of nodes 23
EtherApe-INFO: 21:11:49.040: delete node: IP: 34.252.28.38. Number of nodes 22
EtherApe-INFO: 21:11:51.837: New node: IP: 34.117.65.55. Number of nodes 23
EtherApe-INFO: 21:11:53.376: delete node: IP: 142.250.186.202. Number of nodes 22
EtherApe-INFO: 21:11:58.560: delete node: IP: 31.43.58.109. Number of nodes 21
EtherApe-INFO: 21:12:09.313: delete node: IP: 162.159.200.123. Number of nodes 20
