(etherape:9676): GLib-GIO-DEBUG: 03:48:54.130: _g_io_module_get_default: Found default implementation local (GLocalVfs) for ‘gio-vfs’
(etherape:9676): GLib-GIO-DEBUG: 03:48:54.168: Using cross-namespace EXTERNAL authentication (this will deadlock if server is GDBus < 2.73.3)
EtherApe-INFO: 03:48:54.202: sctp protocol not supported
EtherApe-INFO: 03:48:54.202: dccp protocol not supported
EtherApe-INFO: 03:48:54.202: sctp protocol not supported
EtherApe-INFO: 03:48:54.202: sctp protocol not supported
EtherApe-INFO: 03:48:54.202: sctp protocol not supported
EtherApe-INFO: 03:48:54.202: sctp protocol not supported
EtherApe-INFO: 03:48:54.202: sctp protocol not supported
EtherApe-INFO: 03:48:54.202: sctp protocol not supported
EtherApe-INFO: 03:48:54.202: sctp protocol not supported
EtherApe-INFO: 03:48:54.202: dccp protocol not supported
EtherApe-INFO: 03:48:54.202: sctp protocol not supported
EtherApe-INFO: 03:48:54.202: dccp protocol not supported
EtherApe-INFO: 03:48:54.202: dccp protocol not supported
EtherApe-INFO: 03:48:54.202: sctp protocol not supported
EtherApe-INFO: 03:48:54.202: sctp protocol not supported
EtherApe-INFO: 03:48:54.202: sctp protocol not supported
EtherApe-INFO: 03:48:54.203: sctp protocol not supported
EtherApe-INFO: 03:48:54.203: sctp protocol not supported
EtherApe-INFO: 03:48:54.203: sctp protocol not supported
EtherApe-INFO: 03:48:54.203: sctp protocol not supported
EtherApe-INFO: 03:48:54.203: sctp protocol not supported
EtherApe-INFO: 03:48:54.203: sctp protocol not supported
EtherApe-INFO: 03:48:54.203: sctp protocol not supported
EtherApe-INFO: 03:48:54.203: sctp protocol not supported
EtherApe-INFO: 03:48:54.204: sctp protocol not supported
EtherApe-INFO: 03:48:54.204: sctp protocol not supported
EtherApe-INFO: 03:48:54.204: sctp protocol not supported
EtherApe-INFO: 03:48:54.204: sctp protocol not supported
EtherApe-INFO: 03:48:54.204: dccp protocol not supported
EtherApe-INFO: 03:48:54.204: sctp protocol not supported
EtherApe-INFO: 03:48:54.204: sctp protocol not supported
EtherApe-INFO: 03:48:54.204: dccp protocol not supported
EtherApe-INFO: 03:48:54.204: sctp protocol not supported
EtherApe-INFO: 03:48:54.204: sctp protocol not supported
EtherApe-INFO: 03:48:54.204: sctp protocol not supported
EtherApe-INFO: 03:48:54.204: dccp protocol not supported
EtherApe-INFO: 03:48:54.204: dccp protocol not supported
EtherApe-INFO: 03:48:54.204: sctp protocol not supported
EtherApe-INFO: 03:48:54.204: sctp protocol not supported
EtherApe-INFO: 03:48:54.204: sctp protocol not supported
EtherApe-INFO: 03:48:54.204: sctp protocol not supported
EtherApe-INFO: 03:48:54.204: sctp protocol not supported
EtherApe-INFO: 03:48:54.204: sctp protocol not supported
EtherApe-INFO: 03:48:54.204: sctp protocol not supported
EtherApe-INFO: 03:48:54.204: sctp protocol not supported
EtherApe-INFO: 03:48:54.204: sctp protocol not supported
EtherApe-INFO: 03:48:54.204: sctp protocol not supported
EtherApe-INFO: 03:48:54.204: sctp protocol not supported
EtherApe-INFO: 03:48:54.204: sctp protocol not supported
EtherApe-INFO: 03:48:54.204: sctp protocol not supported
EtherApe-INFO: 03:48:54.204: sctp protocol not supported
EtherApe-INFO: 03:48:54.204: sctp protocol not supported
EtherApe-INFO: 03:48:54.204: sctp protocol not supported
EtherApe-INFO: 03:48:54.204: sctp protocol not supported
EtherApe-INFO: 03:48:54.204: sctp protocol not supported
EtherApe-INFO: 03:48:54.204: sctp protocol not supported
EtherApe-INFO: 03:48:54.204: sctp protocol not supported
EtherApe-INFO: 03:48:54.204: dccp protocol not supported
EtherApe-INFO: 03:48:54.204: sctp protocol not supported
EtherApe-INFO: 03:48:54.204: sctp protocol not supported
EtherApe-INFO: 03:48:54.204: sctp protocol not supported
EtherApe-INFO: 03:48:54.205: sctp protocol not supported
EtherApe-INFO: 03:48:54.205: sctp protocol not supported
EtherApe-INFO: 03:48:54.205: sctp protocol not supported
EtherApe-INFO: 03:48:54.205: sctp protocol not supported
EtherApe-INFO: 03:48:54.205: sctp protocol not supported
EtherApe-INFO: 03:48:54.205: sctp protocol not supported
EtherApe-INFO: 03:48:54.205: sctp protocol not supported
EtherApe-INFO: 03:48:54.205: sctp protocol not supported
EtherApe-INFO: 03:48:54.205: sctp protocol not supported
EtherApe-INFO: 03:48:54.205: sctp protocol not supported
EtherApe-INFO: 03:48:54.205: sctp protocol not supported
EtherApe-INFO: 03:48:54.205: sctp protocol not supported
EtherApe-INFO: 03:48:54.205: sctp protocol not supported
EtherApe-INFO: 03:48:54.205: sctp protocol not supported
EtherApe-INFO: 03:48:54.205: sctp protocol not supported
EtherApe-INFO: 03:48:54.205: sctp protocol not supported
EtherApe-INFO: 03:48:54.205: sctp protocol not supported
EtherApe-INFO: 03:48:54.205: sctp protocol not supported
EtherApe-INFO: 03:48:54.205: sctp protocol not supported
EtherApe-INFO: 03:48:54.205: sctp protocol not supported
EtherApe-INFO: 03:48:54.205: sctp protocol not supported
EtherApe-INFO: 03:48:54.205: sctp protocol not supported
EtherApe-INFO: 03:48:54.205: sctp protocol not supported
EtherApe-INFO: 03:48:54.205: sctp protocol not supported
EtherApe-INFO: 03:48:54.205: sctp protocol not supported
EtherApe-INFO: 03:48:54.205: sctp protocol not supported
EtherApe-INFO: 03:48:54.205: sctp protocol not supported
EtherApe-INFO: 03:48:54.205: sctp protocol not supported
EtherApe-INFO: 03:48:54.205: sctp protocol not supported
EtherApe-INFO: 03:48:54.205: sctp protocol not supported
EtherApe-INFO: 03:48:54.205: sctp protocol not supported
EtherApe-INFO: 03:48:54.205: sctp protocol not supported
EtherApe-INFO: 03:48:54.205: sctp protocol not supported
EtherApe-INFO: 03:48:54.205: sctp protocol not supported
EtherApe-INFO: 03:48:54.205: sctp protocol not supported
EtherApe-INFO: 03:48:54.214: get_interface result: ''
EtherApe-INFO: 03:48:54.214: Available interfaces for capture: dbus-session dbus-system nfqueue nflog bluetooth-monitor lo any enp5s0
EtherApe-INFO: 03:48:54.214: Link type is LINUX_SLL
EtherApe-INFO: 03:48:54.215: Diagram started
EtherApe-INFO: 03:48:56.072: New node: IP: 142.250.203.138. Number of nodes 1
EtherApe-INFO: 03:48:56.072: New node: IP: 192.168.0.240. Number of nodes 2
EtherApe-INFO: 03:48:56.339: New node: IP: 8.8.8.8. Number of nodes 3
EtherApe-INFO: 03:48:56.339: New node: IP: 76.223.63.39. Number of nodes 4
EtherApe-INFO: 03:48:56.340: New node: IP: 34.120.208.123. Number of nodes 5
EtherApe-INFO: 03:48:56.730: delete node: IP: 8.8.8.8. Number of nodes 4
EtherApe-INFO: 03:48:56.730: delete node: IP: 34.120.208.123. Number of nodes 3
EtherApe-INFO: 03:48:56.730: delete node: IP: 76.223.63.39. Number of nodes 2
EtherApe-INFO: 03:48:56.730: delete node: IP: 142.250.203.138. Number of nodes 1
EtherApe-INFO: 03:48:56.730: delete node: IP: 192.168.0.240. Number of nodes 0
