(etherape:3427): GLib-GIO-DEBUG: 20:27:35.722: _g_io_module_get_default: Found default implementation local (GLocalVfs) for ‘gio-vfs’
(etherape:3427): GLib-GIO-DEBUG: 20:27:35.792: Using cross-namespace EXTERNAL authentication (this will deadlock if server is GDBus < 2.73.3)
EtherApe-INFO: 20:27:35.837: sctp protocol not supported
EtherApe-INFO: 20:27:35.837: dccp protocol not supported
EtherApe-INFO: 20:27:35.837: sctp protocol not supported
EtherApe-INFO: 20:27:35.837: sctp protocol not supported
EtherApe-INFO: 20:27:35.837: sctp protocol not supported
EtherApe-INFO: 20:27:35.837: sctp protocol not supported
EtherApe-INFO: 20:27:35.837: sctp protocol not supported
EtherApe-INFO: 20:27:35.837: sctp protocol not supported
EtherApe-INFO: 20:27:35.838: sctp protocol not supported
EtherApe-INFO: 20:27:35.838: dccp protocol not supported
EtherApe-INFO: 20:27:35.838: sctp protocol not supported
EtherApe-INFO: 20:27:35.838: dccp protocol not supported
EtherApe-INFO: 20:27:35.838: dccp protocol not supported
EtherApe-INFO: 20:27:35.838: sctp protocol not supported
EtherApe-INFO: 20:27:35.838: sctp protocol not supported
EtherApe-INFO: 20:27:35.839: sctp protocol not supported
EtherApe-INFO: 20:27:35.839: sctp protocol not supported
EtherApe-INFO: 20:27:35.839: sctp protocol not supported
EtherApe-INFO: 20:27:35.840: sctp protocol not supported
EtherApe-INFO: 20:27:35.840: sctp protocol not supported
EtherApe-INFO: 20:27:35.840: sctp protocol not supported
EtherApe-INFO: 20:27:35.840: sctp protocol not supported
EtherApe-INFO: 20:27:35.840: sctp protocol not supported
EtherApe-INFO: 20:27:35.841: sctp protocol not supported
EtherApe-INFO: 20:27:35.841: sctp protocol not supported
EtherApe-INFO: 20:27:35.841: sctp protocol not supported
EtherApe-INFO: 20:27:35.841: sctp protocol not supported
EtherApe-INFO: 20:27:35.841: sctp protocol not supported
EtherApe-INFO: 20:27:35.841: dccp protocol not supported
EtherApe-INFO: 20:27:35.841: sctp protocol not supported
EtherApe-INFO: 20:27:35.841: sctp protocol not supported
EtherApe-INFO: 20:27:35.841: dccp protocol not supported
EtherApe-INFO: 20:27:35.841: sctp protocol not supported
EtherApe-INFO: 20:27:35.841: sctp protocol not supported
EtherApe-INFO: 20:27:35.841: sctp protocol not supported
EtherApe-INFO: 20:27:35.841: dccp protocol not supported
EtherApe-INFO: 20:27:35.841: dccp protocol not supported
EtherApe-INFO: 20:27:35.842: sctp protocol not supported
EtherApe-INFO: 20:27:35.842: sctp protocol not supported
EtherApe-INFO: 20:27:35.842: sctp protocol not supported
EtherApe-INFO: 20:27:35.842: sctp protocol not supported
EtherApe-INFO: 20:27:35.842: sctp protocol not supported
EtherApe-INFO: 20:27:35.842: sctp protocol not supported
EtherApe-INFO: 20:27:35.842: sctp protocol not supported
EtherApe-INFO: 20:27:35.842: sctp protocol not supported
EtherApe-INFO: 20:27:35.842: sctp protocol not supported
EtherApe-INFO: 20:27:35.842: sctp protocol not supported
EtherApe-INFO: 20:27:35.842: sctp protocol not supported
EtherApe-INFO: 20:27:35.842: sctp protocol not supported
EtherApe-INFO: 20:27:35.842: sctp protocol not supported
EtherApe-INFO: 20:27:35.842: sctp protocol not supported
EtherApe-INFO: 20:27:35.842: sctp protocol not supported
EtherApe-INFO: 20:27:35.842: sctp protocol not supported
EtherApe-INFO: 20:27:35.842: sctp protocol not supported
EtherApe-INFO: 20:27:35.842: sctp protocol not supported
EtherApe-INFO: 20:27:35.842: sctp protocol not supported
EtherApe-INFO: 20:27:35.842: sctp protocol not supported
EtherApe-INFO: 20:27:35.842: dccp protocol not supported
EtherApe-INFO: 20:27:35.842: sctp protocol not supported
EtherApe-INFO: 20:27:35.842: sctp protocol not supported
EtherApe-INFO: 20:27:35.842: sctp protocol not supported
EtherApe-INFO: 20:27:35.842: sctp protocol not supported
EtherApe-INFO: 20:27:35.843: sctp protocol not supported
EtherApe-INFO: 20:27:35.843: sctp protocol not supported
EtherApe-INFO: 20:27:35.843: sctp protocol not supported
EtherApe-INFO: 20:27:35.843: sctp protocol not supported
EtherApe-INFO: 20:27:35.843: sctp protocol not supported
EtherApe-INFO: 20:27:35.843: sctp protocol not supported
EtherApe-INFO: 20:27:35.843: sctp protocol not supported
EtherApe-INFO: 20:27:35.843: sctp protocol not supported
EtherApe-INFO: 20:27:35.843: sctp protocol not supported
EtherApe-INFO: 20:27:35.843: sctp protocol not supported
EtherApe-INFO: 20:27:35.843: sctp protocol not supported
EtherApe-INFO: 20:27:35.843: sctp protocol not supported
EtherApe-INFO: 20:27:35.843: sctp protocol not supported
EtherApe-INFO: 20:27:35.843: sctp protocol not supported
EtherApe-INFO: 20:27:35.843: sctp protocol not supported
EtherApe-INFO: 20:27:35.844: sctp protocol not supported
EtherApe-INFO: 20:27:35.844: sctp protocol not supported
EtherApe-INFO: 20:27:35.844: sctp protocol not supported
EtherApe-INFO: 20:27:35.844: sctp protocol not supported
EtherApe-INFO: 20:27:35.844: sctp protocol not supported
EtherApe-INFO: 20:27:35.844: sctp protocol not supported
EtherApe-INFO: 20:27:35.844: sctp protocol not supported
EtherApe-INFO: 20:27:35.844: sctp protocol not supported
EtherApe-INFO: 20:27:35.844: sctp protocol not supported
EtherApe-INFO: 20:27:35.844: sctp protocol not supported
EtherApe-INFO: 20:27:35.844: sctp protocol not supported
EtherApe-INFO: 20:27:35.844: sctp protocol not supported
EtherApe-INFO: 20:27:35.844: sctp protocol not supported
EtherApe-INFO: 20:27:35.844: sctp protocol not supported
EtherApe-INFO: 20:27:35.844: sctp protocol not supported
EtherApe-INFO: 20:27:35.844: sctp protocol not supported
EtherApe-INFO: 20:27:35.844: sctp protocol not supported
EtherApe-INFO: 20:27:35.852: get_interface result: ''
EtherApe-INFO: 20:27:35.853: Available interfaces for capture: dbus-session dbus-system nfqueue nflog bluetooth-monitor bluetooth0 lo any wlp2s0
EtherApe-INFO: 20:27:35.853: Link type is LINUX_SLL
EtherApe-INFO: 20:27:35.854: Diagram started
EtherApe-INFO: 20:27:36.106: New node: IP: 192.168.1.249. Number of nodes 1
EtherApe-INFO: 20:27:36.106: New node: IP: 93.184.220.29. Number of nodes 2
EtherApe-INFO: 20:27:36.618: New node: IP: 35.158.180.177. Number of nodes 3
EtherApe-INFO: 20:27:36.618: New node: IP: 108.138.24.186. Number of nodes 4
EtherApe-INFO: 20:27:37.131: New node: IP: 142.250.203.195. Number of nodes 5
EtherApe-INFO: 20:27:37.643: New node: IP: 9.9.9.9. Number of nodes 6
EtherApe-INFO: 20:27:38.410: New node: IP: 216.58.208.206. Number of nodes 7
EtherApe-INFO: 20:27:38.923: New node: IP: 108.138.51.59. Number of nodes 8
EtherApe-INFO: 20:27:38.923: New node: IP: 94.158.46.150. Number of nodes 9
EtherApe-INFO: 20:27:39.690: New node: IP: 149.154.167.50. Number of nodes 10
EtherApe-INFO: 20:27:41.738: New node: IP: 8.8.8.8. Number of nodes 11
EtherApe-INFO: 20:27:41.738: New node: IP: 149.154.167.41. Number of nodes 12
EtherApe-INFO: 20:27:41.738: New node: IP: 149.154.167.216. Number of nodes 13
EtherApe-INFO: 20:27:44.299: New node: IP: 142.250.203.202. Number of nodes 14
EtherApe-INFO: 20:27:44.810: New node: IP: 87.245.216.107. Number of nodes 15
EtherApe-INFO: 20:27:44.810: New node: IP: 44.240.2.129. Number of nodes 16
EtherApe-INFO: 20:27:45.322: New node: IP: 108.138.51.110. Number of nodes 17
EtherApe-INFO: 20:27:45.322: New node: IP: 52.41.154.247. Number of nodes 18
EtherApe-INFO: 20:27:45.834: New node: IP: 34.107.221.82. Number of nodes 19
EtherApe-INFO: 20:27:49.162: New node: IP: 142.250.186.195. Number of nodes 20
EtherApe-INFO: 20:27:49.162: New node: IP: 142.250.203.142. Number of nodes 21
EtherApe-INFO: 20:27:49.162: New node: IP: 104.16.248.249. Number of nodes 22
EtherApe-INFO: 20:27:49.930: New node: IP: 104.17.50.74. Number of nodes 23
EtherApe-INFO: 20:27:51.978: New node: IP: 34.160.144.191. Number of nodes 24
EtherApe-INFO: 20:27:51.978: New node: IP: 35.241.9.150. Number of nodes 25
EtherApe-INFO: 20:27:52.746: New node: IP: 18.66.233.50. Number of nodes 26
EtherApe-INFO: 20:27:52.746: New node: IP: 104.18.12.33. Number of nodes 27
EtherApe-INFO: 20:27:52.746: New node: IP: 18.66.130.57. Number of nodes 28
EtherApe-INFO: 20:27:52.746: New node: IP: 34.107.141.31. Number of nodes 29
EtherApe-INFO: 20:27:53.770: New node: IP: 34.120.208.123. Number of nodes 30
EtherApe-INFO: 20:27:53.771: New node: IP: 142.250.203.214. Number of nodes 31
EtherApe-INFO: 20:27:53.771: New node: IP: 140.82.121.4. Number of nodes 32
EtherApe-INFO: 20:27:54.794: New node: IP: 18.66.98.108. Number of nodes 33
EtherApe-INFO: 20:27:55.818: New node: IP: 35.186.227.140. Number of nodes 34
EtherApe-INFO: 20:27:55.818: New node: IP: 18.66.147.167. Number of nodes 35
EtherApe-INFO: 20:27:56.842: New node: IP: 104.16.99.56. Number of nodes 36
EtherApe-INFO: 20:27:58.635: New node: IP: 140.82.114.25. Number of nodes 37
EtherApe-INFO: 20:27:59.916: New node: IP: 34.198.219.161. Number of nodes 38
EtherApe-INFO: 20:28:00.938: New node: IP: 172.217.16.46. Number of nodes 39
EtherApe-INFO: 20:28:00.938: New node: IP: 142.250.203.132. Number of nodes 40
EtherApe-INFO: 20:28:03.768: New node: IP: 216.58.215.106. Number of nodes 41
EtherApe-INFO: 20:28:04.805: New node: IP: 142.250.203.138. Number of nodes 42
EtherApe-INFO: 20:28:04.806: New node: IP: 13.32.99.17. Number of nodes 43
EtherApe-INFO: 20:28:09.898: New node: IP: 13.32.103.36. Number of nodes 44
EtherApe-INFO: 20:28:15.531: New node: IP: 142.250.75.14. Number of nodes 45
EtherApe-INFO: 20:28:15.786: New node: IPv6: fe80::503d:dba5:3259:5b9a. Number of nodes 46
EtherApe-INFO: 20:28:15.786: New node: IPv6: ff02::1:2. Number of nodes 47
EtherApe-INFO: 20:28:16.042: New node: IP: 224.0.0.251. Number of nodes 48
EtherApe-INFO: 20:28:16.042: New node: IP: 127.0.0.1. Number of nodes 49
EtherApe-INFO: 20:28:19.626: New node: IP: 142.250.186.197. Number of nodes 50
EtherApe-INFO: 20:28:31.147: New node: IP: 172.66.44.224. Number of nodes 51
EtherApe-INFO: 20:28:31.148: New node: IP: 172.66.47.32. Number of nodes 52
EtherApe-INFO: 20:28:37.034: New node: IP: 149.154.167.91. Number of nodes 53
EtherApe-INFO: 20:29:13.130: New node: IP: 89.187.191.12. Number of nodes 54
EtherApe-INFO: 20:29:13.646: New node: IP: 52.29.123.56. Number of nodes 55
EtherApe-INFO: 20:29:27.214: New node: IP: 149.154.167.92. Number of nodes 56
EtherApe-INFO: 20:29:31.819: New node: IP: 35.185.44.232. Number of nodes 57
EtherApe-INFO: 20:29:32.075: New node: IP: 104.18.21.226. Number of nodes 58
EtherApe-INFO: 20:29:53.067: New node: IP: 149.154.167.255. Number of nodes 59
EtherApe-INFO: 20:29:53.922: delete node: IP: 52.41.154.247. Number of nodes 58
EtherApe-INFO: 20:29:54.134: delete node: IP: 44.240.2.129. Number of nodes 57
EtherApe-INFO: 20:29:56.675: delete node: IP: 35.158.180.177. Number of nodes 56
EtherApe-INFO: 20:30:21.484: New node: IP: 142.250.186.206. Number of nodes 57
EtherApe-INFO: 20:30:24.813: New node: IP: 176.122.110.206. Number of nodes 58
EtherApe-INFO: 20:30:24.815: New node: IP: 216.58.215.97. Number of nodes 59
EtherApe-INFO: 20:30:24.816: New node: IP: 172.217.16.22. Number of nodes 60
EtherApe-INFO: 20:30:25.328: New node: IP: 142.250.203.131. Number of nodes 61
EtherApe-INFO: 20:30:26.607: New node: IP: 142.250.75.22. Number of nodes 62
EtherApe-INFO: 20:30:31.284: delete node: IP: 172.66.44.224. Number of nodes 61
EtherApe-INFO: 20:30:31.468: New node: IP: 176.122.113.76. Number of nodes 62
EtherApe-INFO: 20:30:31.510: delete node: IP: 127.0.0.1. Number of nodes 61
EtherApe-INFO: 20:30:31.989: New node: IP: 1.1.1.1. Number of nodes 62
EtherApe-INFO: 20:30:34.288: delete node: IP: 224.0.0.251. Number of nodes 61
EtherApe-INFO: 20:30:36.587: New node: IP: 95.216.144.15. Number of nodes 62
EtherApe-INFO: 20:30:39.658: New node: IP: 127.0.0.1. Number of nodes 63
EtherApe-INFO: 20:30:39.658: New node: IP: 224.0.0.251. Number of nodes 64
EtherApe-INFO: 20:30:43.586: delete node: IP: 94.158.46.150. Number of nodes 63
EtherApe-INFO: 20:30:51.434: New node: IP: 94.158.46.150. Number of nodes 64
EtherApe-INFO: 20:30:52.247: delete node: IP: 108.138.24.186. Number of nodes 63
EtherApe-INFO: 20:30:52.247: delete node: IP: 93.184.220.29. Number of nodes 62
EtherApe-INFO: 20:30:55.105: delete node: IP: 149.154.167.91. Number of nodes 61
EtherApe-INFO: 20:30:55.787: New node: IP: 35.244.181.201. Number of nodes 62
EtherApe-INFO: 20:30:55.788: New node: IP: 93.184.220.29. Number of nodes 63
EtherApe-INFO: 20:31:00.926: delete node: IP: 34.107.221.82. Number of nodes 62
EtherApe-INFO: 20:31:26.506: New node: IP: 192.168.1.1. Number of nodes 63
EtherApe-INFO: 20:31:30.091: New node: IP: 78.46.178.133. Number of nodes 64
EtherApe-INFO: 20:31:30.101: delete node: IP: 52.29.123.56. Number of nodes 63
EtherApe-INFO: 20:31:38.291: delete node: IP: 35.185.44.232. Number of nodes 62
EtherApe-INFO: 20:31:42.455: delete node: IP: 104.17.50.74. Number of nodes 61
EtherApe-INFO: 20:31:44.436: delete node: IP: 35.241.9.150. Number of nodes 60
EtherApe-INFO: 20:31:44.436: delete node: IP: 34.107.141.31. Number of nodes 59
EtherApe-INFO: 20:31:44.436: delete node: IP: 18.66.130.57. Number of nodes 58
EtherApe-INFO: 20:31:44.957: delete node: IP: 149.154.167.92. Number of nodes 57
EtherApe-INFO: 20:31:45.271: delete node: IP: 142.250.203.214. Number of nodes 56
EtherApe-INFO: 20:31:45.271: delete node: IP: 104.18.12.33. Number of nodes 55
EtherApe-INFO: 20:31:47.044: delete node: IP: 140.82.121.4. Number of nodes 54
EtherApe-INFO: 20:31:47.044: delete node: IP: 18.66.98.108. Number of nodes 53
EtherApe-INFO: 20:31:48.301: delete node: IP: 35.186.227.140. Number of nodes 52
EtherApe-INFO: 20:31:48.301: delete node: IP: 18.66.147.167. Number of nodes 51
EtherApe-INFO: 20:31:49.347: delete node: IP: 104.16.99.56. Number of nodes 50
EtherApe-INFO: 20:31:49.347: delete node: IP: 18.66.233.50. Number of nodes 49
EtherApe-INFO: 20:31:52.886: delete node: IP: 34.198.219.161. Number of nodes 48
EtherApe-INFO: 20:31:53.387: New node: IP: 35.160.69.117. Number of nodes 49
EtherApe-INFO: 20:31:53.409: delete node: IP: 172.217.16.46. Number of nodes 48
EtherApe-INFO: 20:31:53.409: delete node: IP: 142.250.203.132. Number of nodes 47
EtherApe-INFO: 20:31:56.235: delete node: IP: 216.58.215.106. Number of nodes 46
EtherApe-INFO: 20:31:56.235: delete node: IP: 13.32.99.17. Number of nodes 45
EtherApe-INFO: 20:31:57.282: delete node: IP: 216.58.208.206. Number of nodes 44
EtherApe-INFO: 20:31:57.282: delete node: IP: 142.250.203.138. Number of nodes 43
EtherApe-INFO: 20:32:01.897: delete node: IP: 13.32.103.36. Number of nodes 42
EtherApe-INFO: 20:32:07.212: New node: IP: 176.122.113.13. Number of nodes 43
EtherApe-INFO: 20:32:07.223: delete node: IP: 142.250.75.14. Number of nodes 42
EtherApe-INFO: 20:32:08.246: New node: IP: 172.217.16.1. Number of nodes 43
EtherApe-INFO: 20:32:11.108: delete node: IP: 149.154.167.255. Number of nodes 42
EtherApe-INFO: 20:32:24.415: delete node: IP: 142.250.186.195. Number of nodes 41
EtherApe-INFO: 20:32:25.983: delete node: IP: 142.250.203.131. Number of nodes 40
EtherApe-INFO: 20:32:27.448: delete node: IP: 87.245.216.107. Number of nodes 39
EtherApe-INFO: 20:32:31.306: delete node: IP: 89.187.191.12. Number of nodes 38
EtherApe-INFO: 20:32:32.350: delete node: IP: 216.58.215.97. Number of nodes 37
EtherApe-INFO: 20:32:37.976: delete node: IP: 95.216.144.15. Number of nodes 36
EtherApe-INFO: 20:32:42.049: delete node: IP: 127.0.0.1. Number of nodes 35
EtherApe-INFO: 20:32:44.132: delete node: IP: 224.0.0.251. Number of nodes 34
EtherApe-INFO: 20:32:51.831: delete node: IP: 94.158.46.150. Number of nodes 33
EtherApe-INFO: 20:33:13.771: New node: IP: 35.201.103.21. Number of nodes 34
EtherApe-INFO: 20:33:13.772: New node: IP: 87.245.216.9. Number of nodes 35
EtherApe-INFO: 20:33:14.027: New node: IP: 34.98.75.36. Number of nodes 36
EtherApe-INFO: 20:33:22.006: delete node: IP: 172.66.47.32. Number of nodes 35
EtherApe-INFO: 20:33:27.916: delete node: IP: 192.168.1.1. Number of nodes 34
EtherApe-INFO: 20:33:29.467: delete node: IP: 104.18.21.226. Number of nodes 33
EtherApe-INFO: 20:33:30.154: New node: IP: 142.250.186.195. Number of nodes 34
EtherApe-INFO: 20:33:31.024: delete node: IP: 78.46.178.133. Number of nodes 33
EtherApe-INFO: 20:33:33.483: New node: IP: 104.16.249.249. Number of nodes 34
EtherApe-INFO: 20:33:54.991: delete node: IP: 35.160.69.117. Number of nodes 33
EtherApe-INFO: 20:34:00.178: delete node: IP: 108.138.51.110. Number of nodes 32
EtherApe-INFO: 20:34:05.278: delete node: IP: 34.120.208.123. Number of nodes 31
EtherApe-INFO: 20:34:11.114: delete node: IP: 8.8.8.8. Number of nodes 30
EtherApe-INFO: 20:34:11.114: delete node: IP: 1.1.1.1. Number of nodes 29
EtherApe-INFO: 20:34:25.787: delete node: IP: 176.122.110.206. Number of nodes 28
EtherApe-INFO: 20:34:51.854: delete node: IP: 93.184.220.29. Number of nodes 27
EtherApe-INFO: 20:34:55.658: New node: IP: 127.0.0.1. Number of nodes 28
EtherApe-INFO: 20:34:55.658: New node: IP: 224.0.0.251. Number of nodes 29
EtherApe-INFO: 20:35:03.338: New node: IP: 8.8.8.8. Number of nodes 30
EtherApe-INFO: 20:35:07.691: New node: IP: 94.158.46.150. Number of nodes 31
EtherApe-INFO: 20:35:19.466: New node: IP: 176.122.110.206. Number of nodes 32
EtherApe-INFO: 20:35:21.516: New node: IP: 142.250.75.3. Number of nodes 33
EtherApe-INFO: 20:35:33.879: delete node: IP: 104.16.249.249. Number of nodes 32
EtherApe-INFO: 20:35:38.163: New node: IP: 176.122.110.204. Number of nodes 33
EtherApe-INFO: 20:35:38.167: New node: IP: 216.58.208.214. Number of nodes 34
EtherApe-INFO: 20:35:38.667: New node: IP: 142.250.203.131. Number of nodes 35
EtherApe-INFO: 20:35:39.946: New node: IP: 1.1.1.1. Number of nodes 36
EtherApe-INFO: 20:35:44.557: New node: IP: 173.194.189.96. Number of nodes 37
EtherApe-INFO: 20:35:47.142: delete node: IP: 35.244.181.201. Number of nodes 36
EtherApe-INFO: 20:36:03.431: delete node: IP: 176.122.113.13. Number of nodes 35
EtherApe-INFO: 20:36:03.431: delete node: IP: 142.250.203.195. Number of nodes 34
EtherApe-INFO: 20:36:04.194: New node: IP: 142.250.203.197. Number of nodes 35
EtherApe-INFO: 20:36:26.466: New node: IP: 192.168.1.1. Number of nodes 36
EtherApe-INFO: 20:36:30.306: New node: IP: 78.46.178.133. Number of nodes 37
EtherApe-INFO: 20:36:53.602: New node: IP: 35.160.69.117. Number of nodes 38
EtherApe-INFO: 20:36:55.660: delete node: IP: 127.0.0.1. Number of nodes 37
EtherApe-INFO: 20:36:58.809: delete node: IP: 224.0.0.251. Number of nodes 36
EtherApe-INFO: 20:36:58.809: delete node: IP: 142.250.75.22. Number of nodes 35
EtherApe-INFO: 20:37:08.024: delete node: IP: 94.158.46.150. Number of nodes 34
EtherApe-INFO: 20:37:10.338: delete node: IP: 87.245.216.9. Number of nodes 33
EtherApe-INFO: 20:37:13.828: New node: IP: 35.241.9.150. Number of nodes 34
EtherApe-INFO: 20:37:13.829: New node: IP: 87.245.216.107. Number of nodes 35
EtherApe-INFO: 20:37:40.001: delete node: IP: 142.250.203.131. Number of nodes 34
EtherApe-INFO: 20:37:40.539: delete node: IP: 8.8.8.8. Number of nodes 33
EtherApe-INFO: 20:37:40.539: delete node: IP: 1.1.1.1. Number of nodes 32
EtherApe-INFO: 20:37:45.060: New node: IP: 142.250.203.131. Number of nodes 33
EtherApe-INFO: 20:37:55.892: delete node: IP: 142.250.186.197. Number of nodes 32
EtherApe-INFO: 20:38:05.286: delete node: IP: 35.201.103.21. Number of nodes 31
EtherApe-INFO: 20:38:05.286: delete node: IP: 34.160.144.191. Number of nodes 30
EtherApe-INFO: 20:38:05.286: delete node: IP: 34.98.75.36. Number of nodes 29
EtherApe-INFO: 20:38:12.028: delete node: IP: 149.154.167.216. Number of nodes 28
EtherApe-INFO: 20:38:24.485: New node: IP: 142.250.75.1. Number of nodes 29
EtherApe-INFO: 20:38:24.748: New node: IP: 216.58.215.110. Number of nodes 30
EtherApe-INFO: 20:38:25.006: New node: IP: 216.58.209.3. Number of nodes 31
EtherApe-INFO: 20:38:25.008: New node: IP: 216.58.209.14. Number of nodes 32
EtherApe-INFO: 20:38:25.252: New node: IP: 13.32.121.12. Number of nodes 33
EtherApe-INFO: 20:38:25.257: New node: IP: 176.122.113.78. Number of nodes 34
EtherApe-INFO: 20:38:26.018: New node: IP: 8.8.8.8. Number of nodes 35
EtherApe-INFO: 20:38:26.018: New node: IP: 1.1.1.1. Number of nodes 36
EtherApe-INFO: 20:38:26.282: New node: IP: 216.58.215.78. Number of nodes 37
EtherApe-INFO: 20:38:26.611: delete node: IP: 192.168.1.1. Number of nodes 36
EtherApe-INFO: 20:38:30.119: New node: IP: 216.58.215.106. Number of nodes 37
EtherApe-INFO: 20:38:31.217: delete node: IP: 78.46.178.133. Number of nodes 36
EtherApe-INFO: 20:38:54.260: delete node: IP: 35.160.69.117. Number of nodes 35
EtherApe-INFO: 20:38:57.252: New node: IP: 142.250.75.14. Number of nodes 36
EtherApe-INFO: 20:39:06.210: New node: IP: 142.250.203.206. Number of nodes 37
EtherApe-INFO: 20:39:13.890: New node: IP: 54.192.231.17. Number of nodes 38
EtherApe-INFO: 20:39:14.147: New node: IP: 34.160.90.233. Number of nodes 39
EtherApe-INFO: 20:39:14.403: New node: IP: 35.244.181.201. Number of nodes 40
EtherApe-INFO: 20:39:23.875: New node: IP: 94.158.46.150. Number of nodes 41
EtherApe-INFO: 20:39:28.535: delete node: IP: 176.122.110.206. Number of nodes 40
EtherApe-INFO: 20:39:40.300: delete node: IP: 173.194.189.96. Number of nodes 39
EtherApe-INFO: 20:39:41.288: New node: IP: 176.122.113.77. Number of nodes 40
EtherApe-INFO: 20:39:45.669: delete node: IP: 142.250.203.131. Number of nodes 39
EtherApe-INFO: 20:40:16.355: New node: IP: 149.154.167.216. Number of nodes 40
EtherApe-INFO: 20:40:20.299: delete node: IP: 108.138.51.59. Number of nodes 39
EtherApe-INFO: 20:40:25.335: delete node: IP: 216.58.215.110. Number of nodes 38
EtherApe-INFO: 20:40:25.335: delete node: IP: 142.250.186.206. Number of nodes 37
EtherApe-INFO: 20:40:29.957: delete node: IP: 142.250.75.3. Number of nodes 36
EtherApe-INFO: 20:40:40.756: delete node: IP: 142.250.75.1. Number of nodes 35
EtherApe-INFO: 20:40:47.123: delete node: IP: 176.122.110.204. Number of nodes 34
EtherApe-INFO: 20:40:58.680: delete node: IP: 142.250.75.14. Number of nodes 33
EtherApe-INFO: 20:41:06.611: delete node: IP: 216.58.215.78. Number of nodes 32
EtherApe-INFO: 20:41:11.722: delete node: IP: 87.245.216.107. Number of nodes 31
EtherApe-INFO: 20:41:24.470: delete node: IP: 94.158.46.150. Number of nodes 30
EtherApe-INFO: 20:41:26.243: New node: IP: 108.138.51.110. Number of nodes 31
EtherApe-INFO: 20:41:26.498: New node: IP: 192.168.1.1. Number of nodes 32
EtherApe-INFO: 20:41:30.342: New node: IP: 78.46.178.133. Number of nodes 33
EtherApe-INFO: 20:41:37.253: New node: IP: 176.122.110.204. Number of nodes 34
EtherApe-INFO: 20:41:44.516: delete node: IP: 8.8.8.8. Number of nodes 33
EtherApe-INFO: 20:41:44.516: delete node: IP: 1.1.1.1. Number of nodes 32
EtherApe-INFO: 20:41:53.891: New node: IP: 35.160.69.117. Number of nodes 33
EtherApe-INFO: 20:42:04.680: delete node: IP: 35.241.9.150. Number of nodes 32
EtherApe-INFO: 20:42:20.582: delete node: IP: 216.58.209.3. Number of nodes 31
EtherApe-INFO: 20:42:24.637: delete node: IP: 176.122.113.76. Number of nodes 30
EtherApe-INFO: 20:42:32.110: delete node: IP: 149.154.167.216. Number of nodes 29
EtherApe-INFO: 20:42:43.555: New node: IP: 173.194.189.96. Number of nodes 30
EtherApe-INFO: 20:42:53.796: New node: IP: 18.66.147.33. Number of nodes 31
EtherApe-INFO: 20:42:54.050: New node: IP: 3.251.50.149. Number of nodes 32
EtherApe-INFO: 20:42:54.052: New node: IP: 52.222.226.205. Number of nodes 33
EtherApe-INFO: 20:42:54.309: New node: IP: 93.184.220.29. Number of nodes 34
EtherApe-INFO: 20:42:54.322: New node: IP: 104.81.234.155. Number of nodes 35
EtherApe-INFO: 20:42:54.820: New node: IP: 172.64.147.123. Number of nodes 36
EtherApe-INFO: 20:42:55.075: New node: IP: 192.124.249.41. Number of nodes 37
EtherApe-INFO: 20:42:57.649: New node: IP: 52.212.99.156. Number of nodes 38
EtherApe-INFO: 20:42:58.146: New node: IP: 104.18.26.85. Number of nodes 39
EtherApe-INFO: 20:42:59.170: New node: IP: 87.245.217.79. Number of nodes 40
EtherApe-INFO: 20:43:00.211: New node: IP: 149.154.167.216. Number of nodes 41
EtherApe-INFO: 20:43:00.464: New node: IP: 176.122.96.225. Number of nodes 42
EtherApe-INFO: 20:43:01.195: New node: IP: 46.137.170.241. Number of nodes 43
EtherApe-INFO: 20:43:05.035: New node: IP: 151.101.193.208. Number of nodes 44
EtherApe-INFO: 20:43:14.506: New node: IP: 142.250.203.131. Number of nodes 45
EtherApe-INFO: 20:43:14.763: New node: IP: 216.58.215.97. Number of nodes 46
EtherApe-INFO: 20:43:15.585: delete node: IP: 216.58.209.14. Number of nodes 45
EtherApe-INFO: 20:43:20.780: delete node: IP: 216.58.215.106. Number of nodes 44
EtherApe-INFO: 20:43:26.915: delete node: IP: 192.168.1.1. Number of nodes 43
EtherApe-INFO: 20:43:27.562: New node: IP: 127.0.0.1. Number of nodes 44
EtherApe-INFO: 20:43:27.562: New node: IP: 224.0.0.251. Number of nodes 45
EtherApe-INFO: 20:43:30.415: delete node: IP: 78.46.178.133. Number of nodes 44
EtherApe-INFO: 20:43:30.971: delete node: IP: 176.122.113.78. Number of nodes 43
EtherApe-INFO: 20:43:43.692: New node: IP: 142.250.75.3. Number of nodes 44
EtherApe-INFO: 20:43:53.933: New node: IP: 176.122.110.206. Number of nodes 45
EtherApe-INFO: 20:43:53.981: delete node: IP: 35.160.69.117. Number of nodes 44
EtherApe-INFO: 20:43:54.706: New node: IP: 142.250.203.138. Number of nodes 45
EtherApe-INFO: 20:43:57.858: delete node: IP: 142.250.203.197. Number of nodes 44
EtherApe-INFO: 20:44:04.769: delete node: IP: 54.192.231.17. Number of nodes 43
EtherApe-INFO: 20:44:04.769: delete node: IP: 34.160.90.233. Number of nodes 42
EtherApe-INFO: 20:44:05.723: delete node: IP: 35.244.181.201. Number of nodes 41
EtherApe-INFO: 20:44:06.475: New node: IP: 142.250.203.197. Number of nodes 42
EtherApe-INFO: 20:44:12.875: New node: IP: 108.138.51.96. Number of nodes 43
EtherApe-INFO: 20:44:13.647: delete node: IP: 176.122.113.77. Number of nodes 42
EtherApe-INFO: 20:44:17.996: New node: IP: 176.122.113.14. Number of nodes 43
EtherApe-INFO: 20:44:21.066: New node: IP: 8.8.8.8. Number of nodes 44
EtherApe-INFO: 20:44:21.326: New node: IP: 1.1.1.1. Number of nodes 45
EtherApe-INFO: 20:44:33.880: delete node: IP: 172.217.16.1. Number of nodes 44
EtherApe-INFO: 20:44:49.520: delete node: IP: 173.194.189.96. Number of nodes 43
EtherApe-INFO: 20:44:54.966: delete node: IP: 104.81.234.155. Number of nodes 42
EtherApe-INFO: 20:44:58.225: delete node: IP: 52.212.99.156. Number of nodes 41
EtherApe-INFO: 20:45:05.422: delete node: IP: 18.66.147.33. Number of nodes 40
EtherApe-INFO: 20:45:14.826: New node: IP: 216.58.215.78. Number of nodes 41
EtherApe-INFO: 20:45:14.860: delete node: IP: 142.250.203.131. Number of nodes 40
EtherApe-INFO: 20:45:22.860: delete node: IP: 149.154.167.216. Number of nodes 39
EtherApe-INFO: 20:45:23.279: delete node: IP: 108.138.51.110. Number of nodes 38
EtherApe-INFO: 20:45:27.692: delete node: IP: 127.0.0.1. Number of nodes 37
EtherApe-INFO: 20:45:31.043: delete node: IP: 224.0.0.251. Number of nodes 36
EtherApe-INFO: 20:45:41.450: New node: IP: 149.154.167.216. Number of nodes 37
EtherApe-INFO: 20:45:54.285: delete node: IP: 176.122.96.225. Number of nodes 36
EtherApe-INFO: 20:45:54.285: delete node: IP: 87.245.217.79. Number of nodes 35
EtherApe-INFO: 20:46:04.818: delete node: IP: 192.124.249.41. Number of nodes 34
EtherApe-INFO: 20:46:21.960: delete node: IP: 8.8.8.8. Number of nodes 33
EtherApe-INFO: 20:46:21.960: delete node: IP: 1.1.1.1. Number of nodes 32
EtherApe-INFO: 20:46:26.507: New node: IP: 192.168.1.1. Number of nodes 33
EtherApe-INFO: 20:46:30.346: New node: IP: 78.46.178.133. Number of nodes 34
EtherApe-INFO: 20:46:42.998: delete node: IP: 142.250.203.206. Number of nodes 33
EtherApe-INFO: 20:46:50.155: delete node: IP: 52.222.226.205. Number of nodes 32
EtherApe-INFO: 20:46:54.155: New node: IP: 35.160.69.117. Number of nodes 33
EtherApe-INFO: 20:46:57.047: delete node: IP: 93.184.220.29. Number of nodes 32
EtherApe-INFO: 20:47:31.047: delete node: IP: 176.122.110.204. Number of nodes 31
EtherApe-INFO: 20:47:50.826: delete node: IP: 104.18.26.85. Number of nodes 30
EtherApe-INFO: 20:47:52.281: delete node: IP: 46.137.170.241. Number of nodes 29
EtherApe-INFO: 20:47:56.106: New node: IP: 94.158.46.150. Number of nodes 30
EtherApe-INFO: 20:47:56.115: delete node: IP: 172.64.147.123. Number of nodes 29
EtherApe-INFO: 20:47:56.115: delete node: IP: 151.101.193.208. Number of nodes 28
EtherApe-INFO: 20:47:57.468: delete node: IP: 176.122.110.206. Number of nodes 27
EtherApe-INFO: 20:47:57.468: delete node: IP: 149.154.167.216. Number of nodes 26
EtherApe-INFO: 20:48:27.101: delete node: IP: 192.168.1.1. Number of nodes 25
EtherApe-INFO: 20:48:31.450: delete node: IP: 78.46.178.133. Number of nodes 24
EtherApe-INFO: 20:48:31.450: delete node: IP: 9.9.9.9. Number of nodes 23
EtherApe-INFO: 20:48:34.065: delete node: IP: 142.250.75.3. Number of nodes 22
EtherApe-INFO: 20:48:46.591: delete node: IP: 142.250.203.138. Number of nodes 21
EtherApe-INFO: 20:48:54.765: delete node: IP: 35.160.69.117. Number of nodes 20
EtherApe-INFO: 20:48:57.857: delete node: IP: 142.250.203.197. Number of nodes 19
EtherApe-INFO: 20:48:57.857: delete node: IP: 108.138.51.96. Number of nodes 18
EtherApe-INFO: 20:49:00.874: New node: IP: 142.250.186.206. Number of nodes 19
EtherApe-INFO: 20:49:00.876: New node: IP: 216.58.209.3. Number of nodes 20
EtherApe-INFO: 20:49:02.414: New node: IP: 172.217.16.1. Number of nodes 21
EtherApe-INFO: 20:49:02.927: New node: IP: 142.250.203.206. Number of nodes 22
EtherApe-INFO: 20:49:03.434: New node: IP: 216.58.215.74. Number of nodes 23
EtherApe-INFO: 20:49:03.690: New node: IP: 9.9.9.9. Number of nodes 24
EtherApe-INFO: 20:49:07.274: New node: IP: 142.250.203.197. Number of nodes 25
EtherApe-INFO: 20:49:10.195: delete node: IP: 216.58.208.214. Number of nodes 24
EtherApe-INFO: 20:49:21.867: New node: IP: 142.250.203.131. Number of nodes 25
EtherApe-INFO: 20:49:31.339: New node: IP: 176.122.113.77. Number of nodes 26
EtherApe-INFO: 20:49:31.343: New node: IP: 212.188.35.14. Number of nodes 27
EtherApe-INFO: 20:49:32.109: New node: IP: 216.58.208.214. Number of nodes 28
EtherApe-INFO: 20:49:32.369: New node: IP: 8.8.8.8. Number of nodes 29
EtherApe-INFO: 20:49:32.369: New node: IP: 1.1.1.1. Number of nodes 30
EtherApe-INFO: 20:49:33.644: New node: IP: 176.122.113.12. Number of nodes 31
EtherApe-INFO: 20:49:56.974: delete node: IP: 94.158.46.150. Number of nodes 30
EtherApe-INFO: 20:50:00.267: New node: IP: 142.250.75.10. Number of nodes 31
EtherApe-INFO: 20:50:15.417: delete node: IP: 176.122.113.14. Number of nodes 30
EtherApe-INFO: 20:51:01.196: delete node: IP: 142.250.186.206. Number of nodes 29
EtherApe-INFO: 20:51:03.580: delete node: IP: 142.250.203.206. Number of nodes 28
EtherApe-INFO: 20:51:26.539: New node: IP: 192.168.1.1. Number of nodes 29
EtherApe-INFO: 20:51:30.123: New node: IP: 78.46.178.133. Number of nodes 30
EtherApe-INFO: 20:51:34.824: delete node: IP: 8.8.8.8. Number of nodes 29
EtherApe-INFO: 20:51:34.824: delete node: IP: 1.1.1.1. Number of nodes 28
EtherApe-INFO: 20:51:39.391: delete node: IP: 212.188.35.14. Number of nodes 27
EtherApe-INFO: 20:51:54.186: New node: IP: 35.160.69.117. Number of nodes 28
EtherApe-INFO: 20:52:01.358: delete node: IP: 142.250.75.10. Number of nodes 27
EtherApe-INFO: 20:52:02.394: delete node: IP: 172.217.16.1. Number of nodes 26
EtherApe-INFO: 20:52:10.314: New node: IP: 149.154.167.216. Number of nodes 27
EtherApe-INFO: 20:52:16.204: New node: IP: 74.125.15.155. Number of nodes 28
EtherApe-INFO: 20:52:58.954: New node: IP: 140.82.114.26. Number of nodes 29
EtherApe-INFO: 20:53:25.068: delete node: IP: 216.58.215.97. Number of nodes 28
EtherApe-INFO: 20:53:27.370: New node: IP: 52.212.99.156. Number of nodes 29
EtherApe-INFO: 20:53:27.444: delete node: IP: 192.168.1.1. Number of nodes 28
EtherApe-INFO: 20:53:30.025: delete node: IP: 176.122.113.12. Number of nodes 27
EtherApe-INFO: 20:53:31.780: delete node: IP: 78.46.178.133. Number of nodes 26
EtherApe-INFO: 20:53:55.281: delete node: IP: 216.58.215.74. Number of nodes 25
EtherApe-INFO: 20:53:55.281: delete node: IP: 35.160.69.117. Number of nodes 24
EtherApe-INFO: 20:53:55.795: delete node: IP: 216.58.209.3. Number of nodes 23
EtherApe-INFO: 20:53:58.677: delete node: IP: 142.250.203.197. Number of nodes 22
EtherApe-INFO: 20:54:07.819: New node: IP: 142.250.186.197. Number of nodes 23
EtherApe-INFO: 20:54:12.975: delete node: IP: 142.250.203.131. Number of nodes 22
EtherApe-INFO: 20:54:22.747: delete node: IP: 216.58.208.214. Number of nodes 21
EtherApe-INFO: 20:54:24.495: delete node: IP: 172.217.16.22. Number of nodes 20
EtherApe-INFO: 20:54:26.038: delete node: IP: 149.154.167.216. Number of nodes 19
EtherApe-INFO: 20:54:48.522: New node: IP: 8.8.8.8. Number of nodes 20
EtherApe-INFO: 20:54:48.778: New node: IP: 1.1.1.1. Number of nodes 21
EtherApe-INFO: 20:54:59.340: delete node: IP: 140.82.114.25. Number of nodes 20
EtherApe-INFO: 20:55:06.699: New node: IP: 142.250.75.10. Number of nodes 21
EtherApe-INFO: 20:55:20.267: New node: IP: 34.215.61.37. Number of nodes 22
EtherApe-INFO: 20:55:21.547: New node: IP: 146.75.122.49. Number of nodes 23
EtherApe-INFO: 20:55:33.945: delete node: IP: 52.212.99.156. Number of nodes 22
