(etherape:3019): GLib-GIO-DEBUG: 18:46:51.827: _g_io_module_get_default: Found default implementation local (GLocalVfs) for ‘gio-vfs’
(etherape:3019): GLib-GIO-DEBUG: 18:46:51.901: Using cross-namespace EXTERNAL authentication (this will deadlock if server is GDBus < 2.73.3)
EtherApe-INFO: 18:46:51.951: sctp protocol not supported
EtherApe-INFO: 18:46:51.951: dccp protocol not supported
EtherApe-INFO: 18:46:51.951: sctp protocol not supported
EtherApe-INFO: 18:46:51.951: sctp protocol not supported
EtherApe-INFO: 18:46:51.951: sctp protocol not supported
EtherApe-INFO: 18:46:51.951: sctp protocol not supported
EtherApe-INFO: 18:46:51.951: sctp protocol not supported
EtherApe-INFO: 18:46:51.951: sctp protocol not supported
EtherApe-INFO: 18:46:51.951: sctp protocol not supported
EtherApe-INFO: 18:46:51.951: dccp protocol not supported
EtherApe-INFO: 18:46:51.951: sctp protocol not supported
EtherApe-INFO: 18:46:51.951: dccp protocol not supported
EtherApe-INFO: 18:46:51.951: dccp protocol not supported
EtherApe-INFO: 18:46:51.952: sctp protocol not supported
EtherApe-INFO: 18:46:51.952: sctp protocol not supported
EtherApe-INFO: 18:46:51.952: sctp protocol not supported
EtherApe-INFO: 18:46:51.953: sctp protocol not supported
EtherApe-INFO: 18:46:51.953: sctp protocol not supported
EtherApe-INFO: 18:46:51.954: sctp protocol not supported
EtherApe-INFO: 18:46:51.954: sctp protocol not supported
EtherApe-INFO: 18:46:51.954: sctp protocol not supported
EtherApe-INFO: 18:46:51.954: sctp protocol not supported
EtherApe-INFO: 18:46:51.954: sctp protocol not supported
EtherApe-INFO: 18:46:51.955: sctp protocol not supported
EtherApe-INFO: 18:46:51.955: sctp protocol not supported
EtherApe-INFO: 18:46:51.955: sctp protocol not supported
EtherApe-INFO: 18:46:51.955: sctp protocol not supported
EtherApe-INFO: 18:46:51.955: sctp protocol not supported
EtherApe-INFO: 18:46:51.955: dccp protocol not supported
EtherApe-INFO: 18:46:51.956: sctp protocol not supported
EtherApe-INFO: 18:46:51.956: sctp protocol not supported
EtherApe-INFO: 18:46:51.956: dccp protocol not supported
EtherApe-INFO: 18:46:51.956: sctp protocol not supported
EtherApe-INFO: 18:46:51.956: sctp protocol not supported
EtherApe-INFO: 18:46:51.956: sctp protocol not supported
EtherApe-INFO: 18:46:51.956: dccp protocol not supported
EtherApe-INFO: 18:46:51.956: dccp protocol not supported
EtherApe-INFO: 18:46:51.956: sctp protocol not supported
EtherApe-INFO: 18:46:51.956: sctp protocol not supported
EtherApe-INFO: 18:46:51.956: sctp protocol not supported
EtherApe-INFO: 18:46:51.956: sctp protocol not supported
EtherApe-INFO: 18:46:51.956: sctp protocol not supported
EtherApe-INFO: 18:46:51.956: sctp protocol not supported
EtherApe-INFO: 18:46:51.956: sctp protocol not supported
EtherApe-INFO: 18:46:51.956: sctp protocol not supported
EtherApe-INFO: 18:46:51.956: sctp protocol not supported
EtherApe-INFO: 18:46:51.956: sctp protocol not supported
EtherApe-INFO: 18:46:51.956: sctp protocol not supported
EtherApe-INFO: 18:46:51.956: sctp protocol not supported
EtherApe-INFO: 18:46:51.956: sctp protocol not supported
EtherApe-INFO: 18:46:51.956: sctp protocol not supported
EtherApe-INFO: 18:46:51.956: sctp protocol not supported
EtherApe-INFO: 18:46:51.956: sctp protocol not supported
EtherApe-INFO: 18:46:51.957: sctp protocol not supported
EtherApe-INFO: 18:46:51.957: sctp protocol not supported
EtherApe-INFO: 18:46:51.957: sctp protocol not supported
EtherApe-INFO: 18:46:51.957: sctp protocol not supported
EtherApe-INFO: 18:46:51.957: dccp protocol not supported
EtherApe-INFO: 18:46:51.957: sctp protocol not supported
EtherApe-INFO: 18:46:51.957: sctp protocol not supported
EtherApe-INFO: 18:46:51.957: sctp protocol not supported
EtherApe-INFO: 18:46:51.957: sctp protocol not supported
EtherApe-INFO: 18:46:51.957: sctp protocol not supported
EtherApe-INFO: 18:46:51.957: sctp protocol not supported
EtherApe-INFO: 18:46:51.957: sctp protocol not supported
EtherApe-INFO: 18:46:51.957: sctp protocol not supported
EtherApe-INFO: 18:46:51.957: sctp protocol not supported
EtherApe-INFO: 18:46:51.957: sctp protocol not supported
EtherApe-INFO: 18:46:51.957: sctp protocol not supported
EtherApe-INFO: 18:46:51.957: sctp protocol not supported
EtherApe-INFO: 18:46:51.957: sctp protocol not supported
EtherApe-INFO: 18:46:51.958: sctp protocol not supported
EtherApe-INFO: 18:46:51.958: sctp protocol not supported
EtherApe-INFO: 18:46:51.958: sctp protocol not supported
EtherApe-INFO: 18:46:51.958: sctp protocol not supported
EtherApe-INFO: 18:46:51.958: sctp protocol not supported
EtherApe-INFO: 18:46:51.958: sctp protocol not supported
EtherApe-INFO: 18:46:51.958: sctp protocol not supported
EtherApe-INFO: 18:46:51.958: sctp protocol not supported
EtherApe-INFO: 18:46:51.958: sctp protocol not supported
EtherApe-INFO: 18:46:51.958: sctp protocol not supported
EtherApe-INFO: 18:46:51.958: sctp protocol not supported
EtherApe-INFO: 18:46:51.958: sctp protocol not supported
EtherApe-INFO: 18:46:51.958: sctp protocol not supported
EtherApe-INFO: 18:46:51.958: sctp protocol not supported
EtherApe-INFO: 18:46:51.958: sctp protocol not supported
EtherApe-INFO: 18:46:51.958: sctp protocol not supported
EtherApe-INFO: 18:46:51.958: sctp protocol not supported
EtherApe-INFO: 18:46:51.958: sctp protocol not supported
EtherApe-INFO: 18:46:51.958: sctp protocol not supported
EtherApe-INFO: 18:46:51.958: sctp protocol not supported
EtherApe-INFO: 18:46:51.958: sctp protocol not supported
EtherApe-INFO: 18:46:51.958: sctp protocol not supported
EtherApe-INFO: 18:46:51.958: sctp protocol not supported
EtherApe-INFO: 18:46:51.967: get_interface result: ''
EtherApe-INFO: 18:46:51.967: Available interfaces for capture: dbus-session dbus-system nfqueue nflog bluetooth-monitor bluetooth0 lo any wlp2s0
EtherApe-INFO: 18:46:51.968: Link type is LINUX_SLL
EtherApe-INFO: 18:46:51.968: Diagram started
EtherApe-INFO: 18:46:52.221: New node: IP: 104.18.40.133. Number of nodes 1
EtherApe-INFO: 18:46:52.222: New node: IP: 192.168.1.249. Number of nodes 2
EtherApe-INFO: 18:46:52.222: New node: IP: 3.230.223.229. Number of nodes 3
EtherApe-INFO: 18:46:53.244: New node: IP: 18.66.15.91. Number of nodes 4
EtherApe-INFO: 18:46:53.244: New node: IP: 104.16.248.249. Number of nodes 5
EtherApe-INFO: 18:46:53.502: New node: IP: 13.33.243.62. Number of nodes 6
EtherApe-INFO: 18:46:53.759: New node: IP: 192.168.0.130. Number of nodes 7
EtherApe-INFO: 18:46:53.760: New node: IP: 149.154.167.50. Number of nodes 8
EtherApe-INFO: 18:46:54.013: New node: IPv6: fe80::503d:dba5:3259:5b9a. Number of nodes 9
EtherApe-INFO: 18:46:54.013: New node: IPv6: ff02::1:2. Number of nodes 10
EtherApe-INFO: 18:46:54.268: New node: IP: 224.0.0.251. Number of nodes 11
EtherApe-INFO: 18:46:54.269: New node: IP: 127.0.0.1. Number of nodes 12
EtherApe-INFO: 18:46:54.526: New node: IP: 146.75.122.133. Number of nodes 13
EtherApe-INFO: 18:46:54.781: New node: IP: 52.17.218.96. Number of nodes 14
EtherApe-INFO: 18:46:55.037: New node: IP: 104.18.20.226. Number of nodes 15
EtherApe-INFO: 18:46:55.294: New node: IP: 93.184.220.29. Number of nodes 16
EtherApe-INFO: 18:46:56.063: New node: IP: 149.154.167.41. Number of nodes 17
EtherApe-INFO: 18:46:56.370: New node: IP: 18.66.15.71. Number of nodes 18
EtherApe-INFO: 18:46:56.585: New node: IP: 18.66.15.75. Number of nodes 19
EtherApe-INFO: 18:46:57.340: New node: IP: 9.9.9.9. Number of nodes 20
EtherApe-INFO: 18:46:57.859: New node: IP: 192.124.249.24. Number of nodes 21
EtherApe-INFO: 18:46:57.859: New node: IP: 62.140.236.154. Number of nodes 22
EtherApe-INFO: 18:46:57.859: New node: IP: 142.250.203.195. Number of nodes 23
EtherApe-INFO: 18:46:57.860: New node: IP: 54.187.236.68. Number of nodes 24
EtherApe-INFO: 18:46:58.368: New node: IP: 44.240.2.129. Number of nodes 25
EtherApe-INFO: 18:46:58.877: New node: IP: 149.154.167.216. Number of nodes 26
EtherApe-INFO: 18:46:59.914: New node: IP: 108.156.61.212. Number of nodes 27
EtherApe-INFO: 18:47:00.940: New node: IP: 65.9.78.70. Number of nodes 28
EtherApe-INFO: 18:47:01.704: New node: IP: 34.107.221.82. Number of nodes 29
EtherApe-INFO: 18:47:09.887: New node: IP: 142.250.75.10. Number of nodes 30
EtherApe-INFO: 18:47:15.516: New node: IP: 54.80.2.54. Number of nodes 31
EtherApe-INFO: 18:47:17.566: New node: IP: 34.104.32.36. Number of nodes 32
EtherApe-INFO: 18:47:17.824: New node: IP: 216.58.209.3. Number of nodes 33
EtherApe-INFO: 18:47:19.617: New node: IP: 172.64.147.123. Number of nodes 34
EtherApe-INFO: 18:47:34.725: New node: IP: 34.160.144.191. Number of nodes 35
EtherApe-INFO: 18:47:34.979: New node: IP: 89.187.191.12. Number of nodes 36
EtherApe-INFO: 18:47:34.983: New node: IP: 52.29.123.56. Number of nodes 37
EtherApe-INFO: 18:47:35.747: New node: IP: 34.107.141.31. Number of nodes 38
EtherApe-INFO: 18:47:35.747: New node: IP: 34.120.208.123. Number of nodes 39
EtherApe-INFO: 18:47:36.771: New node: IP: 104.18.12.33. Number of nodes 40
EtherApe-INFO: 18:47:36.771: New node: IP: 172.64.134.11. Number of nodes 41
EtherApe-INFO: 18:47:38.056: New node: IP: 149.154.167.255. Number of nodes 42
EtherApe-INFO: 18:47:38.817: New node: IP: 104.17.50.74. Number of nodes 43
EtherApe-INFO: 18:47:38.817: New node: IP: 35.241.9.150. Number of nodes 44
EtherApe-INFO: 18:47:38.817: New node: IP: 172.64.106.28. Number of nodes 45
EtherApe-INFO: 18:47:40.613: New node: IP: 35.186.227.140. Number of nodes 46
EtherApe-INFO: 18:47:49.823: New node: IP: 151.101.193.208. Number of nodes 47
EtherApe-INFO: 18:47:54.172: New node: IP: 62.149.2.7. Number of nodes 48
EtherApe-INFO: 18:48:53.841: delete node: IP: 3.230.223.229. Number of nodes 47
EtherApe-INFO: 18:49:18.778: delete node: IP: 18.66.15.91. Number of nodes 46
EtherApe-INFO: 18:49:19.727: delete node: IP: 172.64.147.123. Number of nodes 45
EtherApe-INFO: 18:49:36.631: delete node: IP: 9.9.9.9. Number of nodes 44
EtherApe-INFO: 18:49:38.712: delete node: IP: 54.187.236.68. Number of nodes 43
EtherApe-INFO: 18:49:38.920: delete node: IP: 44.240.2.129. Number of nodes 42
EtherApe-INFO: 18:49:42.567: delete node: IP: 192.124.249.24. Number of nodes 41
EtherApe-INFO: 18:49:54.026: delete node: IP: 142.250.75.10. Number of nodes 40
EtherApe-INFO: 18:49:54.344: delete node: IP: 62.149.2.7. Number of nodes 39
EtherApe-INFO: 18:50:02.430: New node: IP: 62.149.2.7. Number of nodes 40
EtherApe-INFO: 18:50:02.759: delete node: IP: 127.0.0.1. Number of nodes 39
EtherApe-INFO: 18:50:03.799: delete node: IP: 224.0.0.251. Number of nodes 38
EtherApe-INFO: 18:50:10.623: New node: IP: 127.0.0.1. Number of nodes 39
EtherApe-INFO: 18:50:10.624: New node: IP: 224.0.0.251. Number of nodes 40
EtherApe-INFO: 18:50:18.059: delete node: IP: 52.17.218.96. Number of nodes 39
EtherApe-INFO: 18:50:36.763: delete node: IP: 65.9.78.70. Number of nodes 38
EtherApe-INFO: 18:50:36.763: delete node: IP: 62.140.236.154. Number of nodes 37
EtherApe-INFO: 18:50:42.953: delete node: IP: 104.18.20.226. Number of nodes 36
EtherApe-INFO: 18:50:45.437: delete node: IP: 108.156.61.212. Number of nodes 35
EtherApe-INFO: 18:50:49.871: delete node: IP: 34.107.221.82. Number of nodes 34
EtherApe-INFO: 18:50:55.933: New node: IP: 192.168.1.1. Number of nodes 35
EtherApe-INFO: 18:50:55.957: delete node: IP: 93.184.220.29. Number of nodes 34
EtherApe-INFO: 18:50:56.701: New node: IP: 78.46.178.133. Number of nodes 35
EtherApe-INFO: 18:51:15.473: delete node: IP: 216.58.209.3. Number of nodes 34
EtherApe-INFO: 18:51:15.473: delete node: IP: 142.250.203.195. Number of nodes 33
EtherApe-INFO: 18:51:24.171: delete node: IP: 18.66.15.71. Number of nodes 32
EtherApe-INFO: 18:51:26.233: delete node: IP: 34.160.144.191. Number of nodes 31
EtherApe-INFO: 18:51:27.982: delete node: IP: 172.64.134.11. Number of nodes 30
EtherApe-INFO: 18:51:27.982: delete node: IP: 34.120.208.123. Number of nodes 29
EtherApe-INFO: 18:51:28.704: New node: IP: 95.216.144.15. Number of nodes 30
EtherApe-INFO: 18:51:29.027: delete node: IP: 104.18.12.33. Number of nodes 29
EtherApe-INFO: 18:51:29.027: delete node: IP: 52.29.123.56. Number of nodes 28
EtherApe-INFO: 18:51:29.235: delete node: IP: 34.107.141.31. Number of nodes 27
EtherApe-INFO: 18:51:30.060: delete node: IP: 172.64.106.28. Number of nodes 26
EtherApe-INFO: 18:51:31.088: delete node: IP: 104.17.50.74. Number of nodes 25
EtherApe-INFO: 18:51:31.088: delete node: IP: 35.241.9.150. Number of nodes 24
EtherApe-INFO: 18:51:33.148: delete node: IP: 35.186.227.140. Number of nodes 23
EtherApe-INFO: 18:51:38.947: delete node: IP: 149.154.167.255. Number of nodes 22
EtherApe-INFO: 18:51:39.969: New node: IP: 52.40.68.141. Number of nodes 23
EtherApe-INFO: 18:51:43.073: delete node: IP: 151.101.193.208. Number of nodes 22
EtherApe-INFO: 18:51:48.441: delete node: IP: 18.66.15.75. Number of nodes 21
EtherApe-INFO: 18:52:00.767: delete node: IP: 146.75.122.133. Number of nodes 20
EtherApe-INFO: 18:52:03.339: delete node: IP: 62.149.2.7. Number of nodes 19
EtherApe-INFO: 18:52:10.738: delete node: IP: 127.0.0.1. Number of nodes 18
EtherApe-INFO: 18:52:10.739: delete node: IP: 13.33.243.62. Number of nodes 17
EtherApe-INFO: 18:52:11.767: delete node: IP: 224.0.0.251. Number of nodes 16
EtherApe-INFO: 18:52:11.767: delete node: IP: 104.18.40.133. Number of nodes 15
EtherApe-INFO: 18:52:57.061: delete node: IP: 192.168.1.1. Number of nodes 14
EtherApe-INFO: 18:52:57.061: delete node: IP: 78.46.178.133. Number of nodes 13
EtherApe-INFO: 18:52:59.838: New node: IP: 34.98.75.36. Number of nodes 14
EtherApe-INFO: 18:52:59.839: New node: IP: 87.245.216.107. Number of nodes 15
EtherApe-INFO: 18:53:00.093: New node: IP: 34.160.144.191. Number of nodes 16
EtherApe-INFO: 18:53:18.526: New node: IP: 149.154.167.255. Number of nodes 17
EtherApe-INFO: 18:53:28.068: delete node: IP: 89.187.191.12. Number of nodes 16
EtherApe-INFO: 18:53:28.068: delete node: IP: 34.104.32.36. Number of nodes 15
EtherApe-INFO: 18:53:30.638: delete node: IP: 95.216.144.15. Number of nodes 14
EtherApe-INFO: 18:53:40.821: delete node: IP: 52.40.68.141. Number of nodes 13
EtherApe-INFO: 18:54:18.684: New node: IP: 62.149.2.7. Number of nodes 14
EtherApe-INFO: 18:54:26.620: New node: IP: 127.0.0.1. Number of nodes 15
EtherApe-INFO: 18:54:26.620: New node: IP: 224.0.0.251. Number of nodes 16
EtherApe-INFO: 18:55:55.965: New node: IP: 192.168.1.1. Number of nodes 17
EtherApe-INFO: 18:55:56.733: New node: IP: 78.46.178.133. Number of nodes 18
EtherApe-INFO: 18:56:18.763: delete node: IP: 62.149.2.7. Number of nodes 17
EtherApe-INFO: 18:56:20.825: delete node: IP: 149.154.167.216. Number of nodes 16
EtherApe-INFO: 18:56:21.646: delete node: IP: 149.154.167.255. Number of nodes 15
EtherApe-INFO: 18:56:29.545: delete node: IP: 224.0.0.251. Number of nodes 14
EtherApe-INFO: 18:56:29.545: delete node: IP: 127.0.0.1. Number of nodes 13
EtherApe-INFO: 18:56:40.252: New node: IP: 52.40.68.141. Number of nodes 14
EtherApe-INFO: 18:57:04.632: delete node: IP: 87.245.216.107. Number of nodes 13
EtherApe-INFO: 18:57:54.851: delete node: IP: 34.160.144.191. Number of nodes 12
EtherApe-INFO: 18:57:54.851: delete node: IP: 34.98.75.36. Number of nodes 11
EtherApe-INFO: 18:58:00.172: delete node: IP: 192.168.1.1. Number of nodes 10
EtherApe-INFO: 18:58:00.173: delete node: IP: 192.168.0.130. Number of nodes 9
EtherApe-INFO: 18:58:00.173: delete node: IP: 78.46.178.133. Number of nodes 8
EtherApe-INFO: 18:58:37.757: New node: IP: 149.154.167.216. Number of nodes 9
EtherApe-INFO: 18:58:43.171: delete node: IP: 52.40.68.141. Number of nodes 8
EtherApe-INFO: 18:59:30.492: New node: IP: 192.168.0.130. Number of nodes 9
EtherApe-INFO: 19:00:55.996: New node: IP: 192.168.1.1. Number of nodes 10
EtherApe-INFO: 19:00:56.508: New node: IP: 78.46.178.133. Number of nodes 11
EtherApe-INFO: 19:01:40.284: New node: IP: 52.40.68.141. Number of nodes 12
EtherApe-INFO: 19:02:09.993: delete node: IP: 149.154.167.216. Number of nodes 11
EtherApe-INFO: 19:02:10.236: New node: IP: 149.154.167.216. Number of nodes 12
EtherApe-INFO: 19:02:50.940: New node: IP: 62.149.2.7. Number of nodes 13
EtherApe-INFO: 19:02:58.620: New node: IP: 127.0.0.1. Number of nodes 14
EtherApe-INFO: 19:02:58.620: New node: IP: 224.0.0.251. Number of nodes 15
EtherApe-INFO: 19:02:58.693: delete node: IP: 192.168.1.1. Number of nodes 14
EtherApe-INFO: 19:02:58.694: delete node: IP: 192.168.0.130. Number of nodes 13
EtherApe-INFO: 19:02:58.694: delete node: IP: 78.46.178.133. Number of nodes 12
EtherApe-INFO: 19:03:40.944: delete node: IP: 52.40.68.141. Number of nodes 11
EtherApe-INFO: 19:04:30.524: New node: IP: 192.168.0.130. Number of nodes 12
EtherApe-INFO: 19:05:04.900: delete node: IP: 224.0.0.251. Number of nodes 11
EtherApe-INFO: 19:05:04.900: delete node: IP: 127.0.0.1. Number of nodes 10
EtherApe-INFO: 19:05:04.901: delete node: IP: 62.149.2.7. Number of nodes 9
EtherApe-INFO: 19:05:40.988: delete node: IP: 149.154.167.216. Number of nodes 8
EtherApe-INFO: 19:05:56.028: New node: IP: 192.168.1.1. Number of nodes 9
EtherApe-INFO: 19:05:56.541: New node: IP: 78.46.178.133. Number of nodes 10
EtherApe-INFO: 19:06:40.572: New node: IP: 52.40.68.141. Number of nodes 11
EtherApe-INFO: 19:06:40.573: New node: IP: 35.241.9.150. Number of nodes 12
EtherApe-INFO: 19:06:41.085: New node: IP: 34.160.144.191. Number of nodes 13
EtherApe-INFO: 19:07:56.670: delete node: IP: 192.168.1.1. Number of nodes 12
EtherApe-INFO: 19:07:56.670: delete node: IP: 192.168.0.130. Number of nodes 11
EtherApe-INFO: 19:08:06.909: delete node: IP: 78.46.178.133. Number of nodes 10
EtherApe-INFO: 19:08:41.506: delete node: IP: 52.40.68.141. Number of nodes 9
EtherApe-INFO: 19:09:30.556: New node: IP: 192.168.0.130. Number of nodes 10
EtherApe-INFO: 19:09:59.228: New node: IP: 34.215.61.37. Number of nodes 11
EtherApe-INFO: 19:09:59.998: New node: IP: 151.101.194.49. Number of nodes 12
EtherApe-INFO: 19:10:12.289: New node: IP: 149.154.167.216. Number of nodes 13
