(etherape:54940): GLib-GIO-DEBUG: 23:48:03.943: _g_io_module_get_default: Found default implementation local (GLocalVfs) for ‘gio-vfs’
(etherape:54940): GLib-GIO-DEBUG: 23:48:04.511: Using cross-namespace EXTERNAL authentication (this will deadlock if server is GDBus < 2.73.3)
EtherApe-INFO: 23:48:04.556: sctp protocol not supported
EtherApe-INFO: 23:48:04.556: dccp protocol not supported
EtherApe-INFO: 23:48:04.556: sctp protocol not supported
EtherApe-INFO: 23:48:04.556: sctp protocol not supported
EtherApe-INFO: 23:48:04.556: sctp protocol not supported
EtherApe-INFO: 23:48:04.556: sctp protocol not supported
EtherApe-INFO: 23:48:04.556: sctp protocol not supported
EtherApe-INFO: 23:48:04.556: sctp protocol not supported
EtherApe-INFO: 23:48:04.556: sctp protocol not supported
EtherApe-INFO: 23:48:04.557: dccp protocol not supported
EtherApe-INFO: 23:48:04.557: sctp protocol not supported
EtherApe-INFO: 23:48:04.557: dccp protocol not supported
EtherApe-INFO: 23:48:04.557: dccp protocol not supported
EtherApe-INFO: 23:48:04.557: sctp protocol not supported
EtherApe-INFO: 23:48:04.557: sctp protocol not supported
EtherApe-INFO: 23:48:04.557: sctp protocol not supported
EtherApe-INFO: 23:48:04.557: sctp protocol not supported
EtherApe-INFO: 23:48:04.557: sctp protocol not supported
EtherApe-INFO: 23:48:04.559: sctp protocol not supported
EtherApe-INFO: 23:48:04.559: sctp protocol not supported
EtherApe-INFO: 23:48:04.559: sctp protocol not supported
EtherApe-INFO: 23:48:04.559: sctp protocol not supported
EtherApe-INFO: 23:48:04.560: sctp protocol not supported
EtherApe-INFO: 23:48:04.560: sctp protocol not supported
EtherApe-INFO: 23:48:04.560: sctp protocol not supported
EtherApe-INFO: 23:48:04.560: sctp protocol not supported
EtherApe-INFO: 23:48:04.560: sctp protocol not supported
EtherApe-INFO: 23:48:04.560: sctp protocol not supported
EtherApe-INFO: 23:48:04.560: dccp protocol not supported
EtherApe-INFO: 23:48:04.560: sctp protocol not supported
EtherApe-INFO: 23:48:04.560: sctp protocol not supported
EtherApe-INFO: 23:48:04.560: dccp protocol not supported
EtherApe-INFO: 23:48:04.560: sctp protocol not supported
EtherApe-INFO: 23:48:04.560: sctp protocol not supported
EtherApe-INFO: 23:48:04.560: sctp protocol not supported
EtherApe-INFO: 23:48:04.560: dccp protocol not supported
EtherApe-INFO: 23:48:04.560: dccp protocol not supported
EtherApe-INFO: 23:48:04.560: sctp protocol not supported
EtherApe-INFO: 23:48:04.560: sctp protocol not supported
EtherApe-INFO: 23:48:04.560: sctp protocol not supported
EtherApe-INFO: 23:48:04.560: sctp protocol not supported
EtherApe-INFO: 23:48:04.561: sctp protocol not supported
EtherApe-INFO: 23:48:04.561: sctp protocol not supported
EtherApe-INFO: 23:48:04.561: sctp protocol not supported
EtherApe-INFO: 23:48:04.561: sctp protocol not supported
EtherApe-INFO: 23:48:04.561: sctp protocol not supported
EtherApe-INFO: 23:48:04.561: sctp protocol not supported
EtherApe-INFO: 23:48:04.561: sctp protocol not supported
EtherApe-INFO: 23:48:04.561: sctp protocol not supported
EtherApe-INFO: 23:48:04.561: sctp protocol not supported
EtherApe-INFO: 23:48:04.561: sctp protocol not supported
EtherApe-INFO: 23:48:04.561: sctp protocol not supported
EtherApe-INFO: 23:48:04.561: sctp protocol not supported
EtherApe-INFO: 23:48:04.561: sctp protocol not supported
EtherApe-INFO: 23:48:04.561: sctp protocol not supported
EtherApe-INFO: 23:48:04.561: sctp protocol not supported
EtherApe-INFO: 23:48:04.561: sctp protocol not supported
EtherApe-INFO: 23:48:04.561: dccp protocol not supported
EtherApe-INFO: 23:48:04.561: sctp protocol not supported
EtherApe-INFO: 23:48:04.561: sctp protocol not supported
EtherApe-INFO: 23:48:04.561: sctp protocol not supported
EtherApe-INFO: 23:48:04.561: sctp protocol not supported
EtherApe-INFO: 23:48:04.561: sctp protocol not supported
EtherApe-INFO: 23:48:04.561: sctp protocol not supported
EtherApe-INFO: 23:48:04.561: sctp protocol not supported
EtherApe-INFO: 23:48:04.561: sctp protocol not supported
EtherApe-INFO: 23:48:04.561: sctp protocol not supported
EtherApe-INFO: 23:48:04.561: sctp protocol not supported
EtherApe-INFO: 23:48:04.561: sctp protocol not supported
EtherApe-INFO: 23:48:04.561: sctp protocol not supported
EtherApe-INFO: 23:48:04.561: sctp protocol not supported
EtherApe-INFO: 23:48:04.561: sctp protocol not supported
EtherApe-INFO: 23:48:04.561: sctp protocol not supported
EtherApe-INFO: 23:48:04.561: sctp protocol not supported
EtherApe-INFO: 23:48:04.561: sctp protocol not supported
EtherApe-INFO: 23:48:04.561: sctp protocol not supported
EtherApe-INFO: 23:48:04.562: sctp protocol not supported
EtherApe-INFO: 23:48:04.562: sctp protocol not supported
EtherApe-INFO: 23:48:04.562: sctp protocol not supported
EtherApe-INFO: 23:48:04.562: sctp protocol not supported
EtherApe-INFO: 23:48:04.562: sctp protocol not supported
EtherApe-INFO: 23:48:04.562: sctp protocol not supported
EtherApe-INFO: 23:48:04.562: sctp protocol not supported
EtherApe-INFO: 23:48:04.562: sctp protocol not supported
EtherApe-INFO: 23:48:04.562: sctp protocol not supported
EtherApe-INFO: 23:48:04.562: sctp protocol not supported
EtherApe-INFO: 23:48:04.562: sctp protocol not supported
EtherApe-INFO: 23:48:04.562: sctp protocol not supported
EtherApe-INFO: 23:48:04.562: sctp protocol not supported
EtherApe-INFO: 23:48:04.562: sctp protocol not supported
EtherApe-INFO: 23:48:04.562: sctp protocol not supported
EtherApe-INFO: 23:48:04.562: sctp protocol not supported
EtherApe-INFO: 23:48:04.562: sctp protocol not supported
EtherApe-INFO: 23:48:04.562: sctp protocol not supported
EtherApe-INFO: 23:48:04.562: sctp protocol not supported
EtherApe-INFO: 23:48:04.562: sctp protocol not supported
EtherApe-INFO: 23:48:04.573: get_interface result: ''
EtherApe-INFO: 23:48:04.573: Available interfaces for capture: dbus-session dbus-system nfqueue nflog bluetooth-monitor lo any ppp0 enp5s0
EtherApe-INFO: 23:48:04.574: Link type is LINUX_SLL
EtherApe-INFO: 23:48:04.574: Diagram started
EtherApe-INFO: 23:48:04.642: New node: IP: 176.122.113.14. Number of nodes 1
EtherApe-INFO: 23:48:04.642: New node: IP: 195.64.182.160. Number of nodes 2
EtherApe-INFO: 23:48:04.643: New node: IP: 91.223.19.23. Number of nodes 3
EtherApe-INFO: 23:48:04.643: New node: IP: 91.223.19.27. Number of nodes 4
EtherApe-INFO: 23:48:04.713: New node: IP: 1.1.1.1. Number of nodes 5
EtherApe-INFO: 23:48:04.815: New node: IP: 0.0.0.0. Number of nodes 6
EtherApe-INFO: 23:48:04.815: New node: IP: 255.255.255.255. Number of nodes 7
EtherApe-INFO: 23:48:05.304: New node: IP: 104.18.12.33. Number of nodes 8
EtherApe-INFO: 23:48:06.300: New node: IP: 92.123.189.177. Number of nodes 9
EtherApe-INFO: 23:48:06.300: New node: IP: 23.185.0.4. Number of nodes 10
EtherApe-INFO: 23:48:06.300: New node: IP: 151.101.2.217. Number of nodes 11
EtherApe-INFO: 23:48:06.320: New node: IP: 104.81.60.32. Number of nodes 12
EtherApe-INFO: 23:48:07.264: New node: IP: 18.244.102.70. Number of nodes 13
EtherApe-INFO: 23:48:09.812: New node: IP: 142.250.203.197. Number of nodes 14
EtherApe-INFO: 23:48:09.812: New node: IP: 192.178.25.170. Number of nodes 15
EtherApe-INFO: 23:48:09.812: New node: IP: 142.250.203.138. Number of nodes 16
EtherApe-INFO: 23:48:11.259: New node: IP: 104.81.60.64. Number of nodes 17
EtherApe-INFO: 23:48:13.161: New node: IP: 64.233.164.188. Number of nodes 18
EtherApe-INFO: 23:48:13.187: New node: IP: 18.159.68.239. Number of nodes 19
EtherApe-INFO: 23:48:13.207: New node: IP: 142.250.203.206. Number of nodes 20
EtherApe-INFO: 23:48:13.421: New node: IP: 13.107.42.14. Number of nodes 21
EtherApe-INFO: 23:48:13.977: New node: IP: 146.75.120.193. Number of nodes 22
EtherApe-INFO: 23:48:14.336: New node: IP: 151.101.129.69. Number of nodes 23
EtherApe-INFO: 23:48:15.492: New node: IP: 146.112.41.2. Number of nodes 24
EtherApe-INFO: 23:48:16.902: New node: IP: 151.101.129.91. Number of nodes 25
EtherApe-INFO: 23:48:18.614: New node: IP: 23.45.137.50. Number of nodes 26
EtherApe-INFO: 23:48:19.141: New node: IP: 162.216.149.9. Number of nodes 27
EtherApe-INFO: 23:48:19.439: New node: IP: 216.58.215.78. Number of nodes 28
EtherApe-INFO: 23:48:19.668: New node: IP: 140.82.113.26. Number of nodes 29
EtherApe-INFO: 23:48:20.701: New node: IP: 104.81.60.67. Number of nodes 30
EtherApe-INFO: 23:48:20.744: New node: IP: 104.81.130.161. Number of nodes 31
EtherApe-INFO: 23:48:22.324: New node: IP: 109.205.213.70. Number of nodes 32
EtherApe-INFO: 23:48:22.399: New node: IP: 104.81.60.66. Number of nodes 33
EtherApe-INFO: 23:48:25.008: New node: IP: 216.58.215.99. Number of nodes 34
EtherApe-INFO: 23:48:25.241: New node: IP: 142.250.150.188. Number of nodes 35
EtherApe-INFO: 23:48:25.241: New node: IP: 64.233.165.188. Number of nodes 36
EtherApe-INFO: 23:48:25.241: New node: IP: 142.250.186.195. Number of nodes 37
EtherApe-INFO: 23:48:26.440: New node: IP: 149.154.167.41. Number of nodes 38
EtherApe-INFO: 23:48:26.499: New node: IP: 149.154.167.216. Number of nodes 39
EtherApe-INFO: 23:48:27.327: New node: IP: 104.81.60.26. Number of nodes 40
EtherApe-INFO: 23:48:27.450: New node: IP: 74.125.15.153. Number of nodes 41
EtherApe-INFO: 23:48:27.887: New node: IP: 216.239.32.116. Number of nodes 42
EtherApe-INFO: 23:48:28.923: New node: IP: 155.133.226.75. Number of nodes 43
EtherApe-INFO: 23:48:30.366: New node: IP: 185.233.19.242. Number of nodes 44
EtherApe-INFO: 23:48:30.466: New node: IP: 199.85.209.173. Number of nodes 45
EtherApe-INFO: 23:48:36.279: New node: IP: 140.82.114.25. Number of nodes 46
EtherApe-INFO: 23:48:37.388: New node: IP: 92.123.189.195. Number of nodes 47
EtherApe-INFO: 23:48:39.096: New node: IP: 104.81.60.19. Number of nodes 48
EtherApe-INFO: 23:48:39.334: New node: IP: 162.216.150.87. Number of nodes 49
EtherApe-INFO: 23:48:44.214: New node: IP: 18.157.205.245. Number of nodes 50
EtherApe-INFO: 23:48:44.214: New node: IP: 172.64.147.123. Number of nodes 51
EtherApe-INFO: 23:48:44.568: New node: IP: 35.174.127.31. Number of nodes 52
EtherApe-INFO: 23:48:45.917: New node: IP: 140.82.121.4. Number of nodes 53
EtherApe-INFO: 23:48:46.005: New node: IP: 140.82.121.6. Number of nodes 54
EtherApe-INFO: 23:48:46.855: New node: IP: 185.199.110.154. Number of nodes 55
EtherApe-INFO: 23:48:47.913: New node: IP: 185.199.110.133. Number of nodes 56
EtherApe-INFO: 23:48:49.314: New node: IP: 104.18.28.2. Number of nodes 57
EtherApe-INFO: 23:48:49.467: New node: IP: 195.64.252.213. Number of nodes 58
EtherApe-INFO: 23:48:54.554: New node: IP: 172.217.16.4. Number of nodes 59
EtherApe-INFO: 23:48:54.804: New node: IP: 142.250.203.131. Number of nodes 60
EtherApe-INFO: 23:48:59.782: New node: IP: 192.178.25.174. Number of nodes 61
EtherApe-INFO: 23:49:00.963: New node: IP: 239.255.255.250. Number of nodes 62
EtherApe-INFO: 23:49:03.480: New node: IP: 140.82.114.21. Number of nodes 63
EtherApe-INFO: 23:49:11.767: New node: IP: 172.217.16.131. Number of nodes 64
EtherApe-INFO: 23:49:11.991: New node: IP: 172.217.16.42. Number of nodes 65
EtherApe-INFO: 23:49:12.256: New node: IP: 162.254.197.4. Number of nodes 66
EtherApe-INFO: 23:49:12.256: New node: IP: 162.254.197.2. Number of nodes 67
EtherApe-INFO: 23:49:12.256: New node: IP: 162.254.197.22. Number of nodes 68
EtherApe-INFO: 23:49:12.456: New node: IP: 162.254.197.19. Number of nodes 69
EtherApe-INFO: 23:49:12.456: New node: IP: 155.133.226.22. Number of nodes 70
EtherApe-INFO: 23:49:12.457: New node: IP: 162.254.197.8. Number of nodes 71
EtherApe-INFO: 23:49:13.300: New node: IP: 149.154.175.57. Number of nodes 72
EtherApe-INFO: 23:49:13.301: New node: IP: 149.154.175.50. Number of nodes 73
EtherApe-INFO: 23:49:13.301: New node: IP: 149.154.166.120. Number of nodes 74
EtherApe-INFO: 23:49:14.272: New node: IP: 142.250.186.206. Number of nodes 75
EtherApe-INFO: 23:49:16.384: New node: IP: 216.58.209.13. Number of nodes 76
EtherApe-INFO: 23:49:18.815: New node: IP: 142.250.203.202. Number of nodes 77
EtherApe-INFO: 23:49:35.295: New node: IP: 43.130.57.239. Number of nodes 78
EtherApe-INFO: 23:50:02.383: New node: IP: 94.102.61.46. Number of nodes 79
EtherApe-INFO: 23:50:02.512: New node: IP: 142.250.203.142. Number of nodes 80
EtherApe-INFO: 23:50:02.567: New node: IP: 216.58.209.4. Number of nodes 81
EtherApe-INFO: 23:50:20.995: New node: IP: 142.250.75.14. Number of nodes 82
EtherApe-INFO: 23:50:21.695: delete node: IP: 162.216.149.9. Number of nodes 81
EtherApe-INFO: 23:50:21.695: delete node: IP: 151.101.129.69. Number of nodes 80
EtherApe-INFO: 23:50:21.695: delete node: IP: 151.101.2.217. Number of nodes 79
EtherApe-INFO: 23:50:21.695: delete node: IP: 146.75.120.193. Number of nodes 78
EtherApe-INFO: 23:50:21.695: delete node: IP: 23.185.0.4. Number of nodes 77
EtherApe-INFO: 23:50:26.526: New node: IP: 152.199.21.118. Number of nodes 78
EtherApe-INFO: 23:50:28.558: New node: IP: 34.198.118.42. Number of nodes 79
EtherApe-INFO: 23:50:30.085: New node: IP: 95.216.195.133. Number of nodes 80
EtherApe-INFO: 23:50:40.535: New node: IP: 104.17.33.105. Number of nodes 81
EtherApe-INFO: 23:50:40.538: New node: IP: 172.64.146.23. Number of nodes 82
EtherApe-INFO: 23:50:41.636: New node: IP: 104.87.176.12. Number of nodes 83
EtherApe-INFO: 23:50:50.976: New node: IP: 193.32.162.189. Number of nodes 84
EtherApe-INFO: 23:50:52.743: New node: IP: 35.203.211.210. Number of nodes 85
EtherApe-INFO: 23:50:54.400: New node: IP: 216.58.208.202. Number of nodes 86
EtherApe-INFO: 23:50:56.339: New node: IP: 91.198.174.192. Number of nodes 87
EtherApe-INFO: 23:50:56.859: New node: IP: 193.17.93.93. Number of nodes 88
EtherApe-INFO: 23:50:56.875: New node: IP: 91.198.174.208. Number of nodes 89
EtherApe-INFO: 23:51:00.051: New node: IP: 92.63.68.66. Number of nodes 90
EtherApe-INFO: 23:51:00.739: New node: IP: 84.54.51.252. Number of nodes 91
EtherApe-INFO: 23:51:01.135: New node: IP: 192.0.77.37. Number of nodes 92
EtherApe-INFO: 23:51:01.955: New node: IP: 172.217.16.8. Number of nodes 93
EtherApe-INFO: 23:51:04.058: New node: IP: 172.64.141.5. Number of nodes 94
EtherApe-INFO: 23:51:04.694: New node: IP: 162.216.150.134. Number of nodes 95
EtherApe-INFO: 23:51:07.581: New node: IP: 142.250.203.129. Number of nodes 96
EtherApe-INFO: 23:51:12.368: New node: IP: 74.125.154.135. Number of nodes 97
EtherApe-INFO: 23:51:12.387: New node: IP: 74.125.173.38. Number of nodes 98
EtherApe-INFO: 23:51:12.387: New node: IP: 173.194.10.106. Number of nodes 99
EtherApe-INFO: 23:51:12.397: New node: IP: 173.194.188.201. Number of nodes 100
EtherApe-INFO: 23:51:12.398: New node: IP: 74.125.173.234. Number of nodes 101
EtherApe-INFO: 23:51:12.422: New node: IP: 172.217.133.168. Number of nodes 102
EtherApe-INFO: 23:51:12.431: New node: IP: 173.194.1.9. Number of nodes 103
EtherApe-INFO: 23:51:13.739: delete node: IP: 216.239.32.116. Number of nodes 102
EtherApe-INFO: 23:51:13.739: delete node: IP: 195.64.252.213. Number of nodes 101
EtherApe-INFO: 23:51:13.739: delete node: IP: 185.233.19.242. Number of nodes 100
EtherApe-INFO: 23:51:13.739: delete node: IP: 172.217.16.4. Number of nodes 99
EtherApe-INFO: 23:51:13.739: delete node: IP: 162.216.150.87. Number of nodes 98
EtherApe-INFO: 23:51:13.739: delete node: IP: 104.81.60.66. Number of nodes 97
EtherApe-INFO: 23:51:13.739: delete node: IP: 104.81.60.64. Number of nodes 96
EtherApe-INFO: 23:51:13.739: delete node: IP: 104.81.60.26. Number of nodes 95
EtherApe-INFO: 23:51:13.739: delete node: IP: 92.123.189.177. Number of nodes 94
EtherApe-INFO: 23:51:13.739: delete node: IP: 74.125.15.153. Number of nodes 93
EtherApe-INFO: 23:51:14.817: delete node: IP: 149.154.175.50. Number of nodes 92
EtherApe-INFO: 23:51:14.817: delete node: IP: 142.250.186.206. Number of nodes 91
EtherApe-INFO: 23:51:21.996: delete node: IP: 216.58.209.13. Number of nodes 90
EtherApe-INFO: 23:51:21.996: delete node: IP: 142.250.203.202. Number of nodes 89
EtherApe-INFO: 23:51:32.540: New node: IP: 193.35.18.249. Number of nodes 90
EtherApe-INFO: 23:51:49.037: New node: IP: 74.125.160.231. Number of nodes 91
EtherApe-INFO: 23:51:49.271: New node: IP: 74.125.153.199. Number of nodes 92
EtherApe-INFO: 23:52:04.350: New node: IP: 142.250.186.206. Number of nodes 93
EtherApe-INFO: 23:52:26.546: New node: IP: 74.125.162.38. Number of nodes 94
EtherApe-INFO: 23:52:26.547: New node: IP: 173.194.188.199. Number of nodes 95
EtherApe-INFO: 23:52:26.547: New node: IP: 172.217.133.231. Number of nodes 96
EtherApe-INFO: 23:52:26.548: New node: IP: 173.194.188.136. Number of nodes 97
EtherApe-INFO: 23:52:26.568: New node: IP: 175.107.15.160. Number of nodes 98
EtherApe-INFO: 23:52:28.054: New node: IP: 172.217.18.99. Number of nodes 99
EtherApe-INFO: 23:52:29.798: New node: IP: 190.14.46.37. Number of nodes 100
EtherApe-INFO: 23:52:37.419: New node: IP: 85.208.139.107. Number of nodes 101
EtherApe-INFO: 23:52:58.651: New node: IP: 216.58.208.195. Number of nodes 102
EtherApe-INFO: 23:52:58.988: New node: IP: 198.235.24.246. Number of nodes 103
EtherApe-INFO: 23:53:05.343: New node: IP: 74.125.173.40. Number of nodes 104
EtherApe-INFO: 23:53:10.762: delete node: IP: 193.32.162.189. Number of nodes 103
EtherApe-INFO: 23:53:10.762: delete node: IP: 172.64.141.5. Number of nodes 102
EtherApe-INFO: 23:53:10.762: delete node: IP: 162.216.150.134. Number of nodes 101
EtherApe-INFO: 23:53:10.762: delete node: IP: 149.154.175.57. Number of nodes 100
EtherApe-INFO: 23:53:10.762: delete node: IP: 149.154.166.120. Number of nodes 99
EtherApe-INFO: 23:53:10.762: delete node: IP: 142.250.203.142. Number of nodes 98
EtherApe-INFO: 23:53:10.762: delete node: IP: 142.250.186.195. Number of nodes 97
EtherApe-INFO: 23:53:10.762: delete node: IP: 142.250.75.14. Number of nodes 96
EtherApe-INFO: 23:53:10.762: delete node: IP: 95.216.195.133. Number of nodes 95
EtherApe-INFO: 23:53:10.762: delete node: IP: 94.102.61.46. Number of nodes 94
EtherApe-INFO: 23:53:10.762: delete node: IP: 91.223.19.23. Number of nodes 93
EtherApe-INFO: 23:53:10.763: delete node: IP: 84.54.51.252. Number of nodes 92
EtherApe-INFO: 23:53:10.763: delete node: IP: 43.130.57.239. Number of nodes 91
EtherApe-INFO: 23:53:10.763: delete node: IP: 35.203.211.210. Number of nodes 90
EtherApe-INFO: 23:53:25.072: delete node: IP: 216.58.215.99. Number of nodes 89
EtherApe-INFO: 23:53:25.073: delete node: IP: 173.194.188.201. Number of nodes 88
EtherApe-INFO: 23:53:25.073: delete node: IP: 173.194.10.106. Number of nodes 87
EtherApe-INFO: 23:53:25.073: delete node: IP: 173.194.1.9. Number of nodes 86
EtherApe-INFO: 23:53:25.073: delete node: IP: 172.217.133.168. Number of nodes 85
EtherApe-INFO: 23:53:25.073: delete node: IP: 149.154.167.216. Number of nodes 84
EtherApe-INFO: 23:53:25.073: delete node: IP: 74.125.173.234. Number of nodes 83
EtherApe-INFO: 23:53:25.073: delete node: IP: 74.125.173.38. Number of nodes 82
EtherApe-INFO: 23:53:25.073: delete node: IP: 74.125.154.135. Number of nodes 81
EtherApe-INFO: 23:54:02.523: New node: IP: 60.217.75.69. Number of nodes 82
EtherApe-INFO: 23:54:03.314: delete node: IP: 193.35.18.249. Number of nodes 81
EtherApe-INFO: 23:54:03.314: delete node: IP: 193.17.93.93. Number of nodes 80
EtherApe-INFO: 23:54:03.314: delete node: IP: 172.64.146.23. Number of nodes 79
EtherApe-INFO: 23:54:03.314: delete node: IP: 104.81.130.161. Number of nodes 78
EtherApe-INFO: 23:54:03.314: delete node: IP: 104.81.60.67. Number of nodes 77
EtherApe-INFO: 23:54:03.314: delete node: IP: 104.81.60.19. Number of nodes 76
EtherApe-INFO: 23:54:03.314: delete node: IP: 104.17.33.105. Number of nodes 75
EtherApe-INFO: 23:54:03.314: delete node: IP: 92.123.189.195. Number of nodes 74
EtherApe-INFO: 23:54:03.314: delete node: IP: 74.125.160.231. Number of nodes 73
EtherApe-INFO: 23:54:03.314: delete node: IP: 74.125.153.199. Number of nodes 72
EtherApe-INFO: 23:54:03.314: delete node: IP: 23.45.137.50. Number of nodes 71
EtherApe-INFO: 23:54:04.206: delete node: IP: 92.63.68.66. Number of nodes 70
EtherApe-INFO: 23:54:04.544: delete node: IP: 216.58.209.4. Number of nodes 69
EtherApe-INFO: 23:54:04.544: delete node: IP: 142.250.186.206. Number of nodes 68
EtherApe-INFO: 23:54:13.155: delete node: IP: 192.178.25.174. Number of nodes 67
EtherApe-INFO: 23:54:13.163: delete node: IP: 140.82.121.4. Number of nodes 66
EtherApe-INFO: 23:54:13.163: delete node: IP: 140.82.114.21. Number of nodes 65
EtherApe-INFO: 23:54:13.240: New node: IP: 142.250.186.206. Number of nodes 66
EtherApe-INFO: 23:54:18.515: delete node: IP: 192.0.77.37. Number of nodes 65
EtherApe-INFO: 23:54:20.035: New node: IP: 172.217.16.10. Number of nodes 66
EtherApe-INFO: 23:54:32.690: New node: IP: 162.216.150.11. Number of nodes 67
EtherApe-INFO: 23:54:33.228: New node: IP: 173.194.1.7. Number of nodes 68
EtherApe-INFO: 23:54:33.674: New node: IP: 162.243.137.4. Number of nodes 69
EtherApe-INFO: 23:54:34.218: New node: IP: 142.250.203.142. Number of nodes 70
EtherApe-INFO: 23:54:35.055: New node: IP: 140.82.112.26. Number of nodes 71
EtherApe-INFO: 23:54:36.116: New node: IP: 140.82.121.3. Number of nodes 72
EtherApe-INFO: 23:54:36.954: New node: IP: 142.250.203.196. Number of nodes 73
EtherApe-INFO: 23:54:43.158: delete node: IP: 216.58.208.202. Number of nodes 72
EtherApe-INFO: 23:54:43.158: delete node: IP: 190.14.46.37. Number of nodes 71
EtherApe-INFO: 23:54:43.158: delete node: IP: 175.107.15.160. Number of nodes 70
EtherApe-INFO: 23:54:43.158: delete node: IP: 173.194.188.199. Number of nodes 69
EtherApe-INFO: 23:54:43.158: delete node: IP: 173.194.188.136. Number of nodes 68
EtherApe-INFO: 23:54:43.158: delete node: IP: 172.217.133.231. Number of nodes 67
EtherApe-INFO: 23:54:43.158: delete node: IP: 172.217.18.99. Number of nodes 66
EtherApe-INFO: 23:54:43.237: delete node: IP: 140.82.121.6. Number of nodes 65
EtherApe-INFO: 23:54:43.237: delete node: IP: 104.87.176.12. Number of nodes 64
EtherApe-INFO: 23:54:43.237: delete node: IP: 85.208.139.107. Number of nodes 63
EtherApe-INFO: 23:54:43.237: delete node: IP: 74.125.162.38. Number of nodes 62
EtherApe-INFO: 23:54:47.031: New node: IP: 192.178.25.174. Number of nodes 63
EtherApe-INFO: 23:54:59.366: delete node: IP: 198.235.24.246. Number of nodes 62
EtherApe-INFO: 23:54:59.405: delete node: IP: 91.198.174.208. Number of nodes 61
EtherApe-INFO: 23:55:00.628: New node: IP: 216.58.208.202. Number of nodes 62
EtherApe-INFO: 23:55:00.812: New node: IP: 91.223.19.23. Number of nodes 63
EtherApe-INFO: 23:55:02.630: New node: IP: 54.73.148.110. Number of nodes 64
EtherApe-INFO: 23:55:02.639: New node: IP: 18.244.102.35. Number of nodes 65
EtherApe-INFO: 23:55:03.498: New node: IP: 142.250.75.10. Number of nodes 66
EtherApe-INFO: 23:55:03.522: New node: IP: 192.178.25.164. Number of nodes 67
EtherApe-INFO: 23:55:03.620: New node: IP: 142.250.75.22. Number of nodes 68
EtherApe-INFO: 23:55:03.626: New node: IP: 216.58.209.3. Number of nodes 69
EtherApe-INFO: 23:55:03.664: New node: IP: 104.18.40.133. Number of nodes 70
EtherApe-INFO: 23:55:03.711: New node: IP: 35.164.34.241. Number of nodes 71
EtherApe-INFO: 23:55:03.853: New node: IP: 185.180.143.24. Number of nodes 72
EtherApe-INFO: 23:55:04.112: New node: IP: 18.184.15.199. Number of nodes 73
EtherApe-INFO: 23:55:04.316: New node: IP: 142.250.186.214. Number of nodes 74
EtherApe-INFO: 23:55:04.823: New node: IP: 108.138.51.31. Number of nodes 75
EtherApe-INFO: 23:55:04.920: New node: IP: 45.57.90.1. Number of nodes 76
EtherApe-INFO: 23:55:04.970: New node: IP: 104.18.169.114. Number of nodes 77
EtherApe-INFO: 23:55:05.474: New node: IP: 176.122.96.225. Number of nodes 78
EtherApe-INFO: 23:55:05.788: New node: IP: 104.18.28.38. Number of nodes 79
EtherApe-INFO: 23:55:05.789: New node: IP: 96.16.54.155. Number of nodes 80
EtherApe-INFO: 23:55:06.477: New node: IP: 52.29.123.56. Number of nodes 81
EtherApe-INFO: 23:55:06.971: New node: IP: 185.199.108.153. Number of nodes 82
EtherApe-INFO: 23:55:07.491: New node: IP: 18.66.233.56. Number of nodes 83
EtherApe-INFO: 23:55:08.293: New node: IP: 208.68.240.115. Number of nodes 84
EtherApe-INFO: 23:55:08.748: New node: IP: 18.244.102.99. Number of nodes 85
EtherApe-INFO: 23:55:08.776: New node: IP: 140.82.121.6. Number of nodes 86
EtherApe-INFO: 23:55:08.868: New node: IP: 52.204.170.96. Number of nodes 87
EtherApe-INFO: 23:55:10.479: New node: IP: 142.250.186.202. Number of nodes 88
EtherApe-INFO: 23:55:11.589: New node: IP: 140.82.114.22. Number of nodes 89
EtherApe-INFO: 23:55:11.663: New node: IP: 151.101.1.208. Number of nodes 90
EtherApe-INFO: 23:55:13.084: New node: IP: 18.244.102.108. Number of nodes 91
EtherApe-INFO: 23:55:14.263: New node: IP: 18.66.233.121. Number of nodes 92
EtherApe-INFO: 23:55:14.503: New node: IP: 34.104.32.36. Number of nodes 93
EtherApe-INFO: 23:55:14.570: New node: IP: 18.196.133.121. Number of nodes 94
EtherApe-INFO: 23:55:15.351: New node: IP: 142.250.203.205. Number of nodes 95
EtherApe-INFO: 23:55:30.240: New node: IP: 95.216.195.133. Number of nodes 96
EtherApe-INFO: 23:55:31.122: delete node: IP: 152.199.21.118. Number of nodes 95
EtherApe-INFO: 23:55:31.122: delete node: IP: 104.18.28.2. Number of nodes 94
EtherApe-INFO: 23:55:31.122: delete node: IP: 74.125.173.40. Number of nodes 93
EtherApe-INFO: 23:55:31.122: delete node: IP: 18.157.205.245. Number of nodes 92
EtherApe-INFO: 23:55:31.657: New node: IP: 167.94.146.64. Number of nodes 93
EtherApe-INFO: 23:55:49.564: delete node: IP: 172.217.16.42. Number of nodes 92
EtherApe-INFO: 23:55:58.433: New node: IP: 78.11.84.52. Number of nodes 93
EtherApe-INFO: 23:56:10.238: delete node: IP: 151.101.129.91. Number of nodes 92
EtherApe-INFO: 23:56:10.238: delete node: IP: 60.217.75.69. Number of nodes 91
EtherApe-INFO: 23:56:13.737: New node: IP: 34.95.44.106. Number of nodes 92
EtherApe-INFO: 23:56:15.503: New node: IP: 172.217.18.99. Number of nodes 93
EtherApe-INFO: 23:56:28.327: New node: IP: 172.217.16.3. Number of nodes 94
EtherApe-INFO: 23:56:28.328: New node: IP: 216.239.32.116. Number of nodes 95
EtherApe-INFO: 23:56:33.859: New node: IP: 104.81.60.19. Number of nodes 96
EtherApe-INFO: 23:57:00.195: New node: IP: 35.203.210.136. Number of nodes 97
EtherApe-INFO: 23:57:09.327: New node: IP: 162.216.149.184. Number of nodes 98
EtherApe-INFO: 23:57:30.369: New node: IP: 205.210.31.40. Number of nodes 99
EtherApe-INFO: 23:57:30.616: New node: IP: 216.58.215.67. Number of nodes 100
EtherApe-INFO: 23:57:35.071: delete node: IP: 216.58.209.3. Number of nodes 99
EtherApe-INFO: 23:57:35.071: delete node: IP: 216.58.208.202. Number of nodes 98
EtherApe-INFO: 23:57:35.071: delete node: IP: 208.68.240.115. Number of nodes 97
EtherApe-INFO: 23:57:35.071: delete node: IP: 192.178.25.174. Number of nodes 96
EtherApe-INFO: 23:57:35.071: delete node: IP: 192.178.25.164. Number of nodes 95
EtherApe-INFO: 23:57:35.071: delete node: IP: 185.180.143.24. Number of nodes 94
EtherApe-INFO: 23:57:35.071: delete node: IP: 173.194.1.7. Number of nodes 93
EtherApe-INFO: 23:57:35.071: delete node: IP: 172.217.16.8. Number of nodes 92
EtherApe-INFO: 23:57:35.071: delete node: IP: 167.94.146.64. Number of nodes 91
EtherApe-INFO: 23:57:35.071: delete node: IP: 162.243.137.4. Number of nodes 90
EtherApe-INFO: 23:57:35.071: delete node: IP: 162.216.150.11. Number of nodes 89
EtherApe-INFO: 23:57:35.071: delete node: IP: 142.250.203.205. Number of nodes 88
EtherApe-INFO: 23:57:35.071: delete node: IP: 142.250.203.138. Number of nodes 87
EtherApe-INFO: 23:57:35.071: delete node: IP: 142.250.203.131. Number of nodes 86
EtherApe-INFO: 23:57:35.071: delete node: IP: 142.250.203.129. Number of nodes 85
EtherApe-INFO: 23:57:35.071: delete node: IP: 142.250.186.214. Number of nodes 84
EtherApe-INFO: 23:57:35.071: delete node: IP: 142.250.186.202. Number of nodes 83
EtherApe-INFO: 23:57:35.071: delete node: IP: 142.250.75.22. Number of nodes 82
EtherApe-INFO: 23:57:35.071: delete node: IP: 142.250.75.10. Number of nodes 81
EtherApe-INFO: 23:57:35.071: delete node: IP: 140.82.113.26. Number of nodes 80
EtherApe-INFO: 23:57:35.071: delete node: IP: 104.18.12.33. Number of nodes 79
EtherApe-INFO: 23:57:35.071: delete node: IP: 95.216.195.133. Number of nodes 78
EtherApe-INFO: 23:57:35.071: delete node: IP: 52.204.170.96. Number of nodes 77
EtherApe-INFO: 23:57:36.585: New node: IP: 104.81.130.161. Number of nodes 78
EtherApe-INFO: 23:57:36.720: New node: IP: 92.123.189.193. Number of nodes 79
EtherApe-INFO: 23:57:36.721: New node: IP: 104.81.60.66. Number of nodes 80
EtherApe-INFO: 23:57:37.021: delete node: IP: 142.250.186.206. Number of nodes 79
EtherApe-INFO: 23:57:37.021: delete node: IP: 108.138.51.31. Number of nodes 78
EtherApe-INFO: 23:57:58.504: delete node: IP: 78.11.84.52. Number of nodes 77
EtherApe-INFO: 23:58:00.250: New node: IP: 155.133.226.37. Number of nodes 78
EtherApe-INFO: 23:58:00.555: delete node: IP: 155.133.226.22. Number of nodes 77
EtherApe-INFO: 23:58:08.881: delete node: IP: 142.250.203.196. Number of nodes 76
EtherApe-INFO: 23:58:10.172: New node: IP: 35.203.210.119. Number of nodes 77
EtherApe-INFO: 23:58:14.530: delete node: IP: 176.122.96.225. Number of nodes 76
EtherApe-INFO: 23:58:14.530: delete node: IP: 52.29.123.56. Number of nodes 75
EtherApe-INFO: 23:58:14.530: delete node: IP: 45.57.90.1. Number of nodes 74
EtherApe-INFO: 23:58:14.540: delete node: IP: 35.164.34.241. Number of nodes 73
EtherApe-INFO: 23:58:17.644: New node: IP: 92.123.189.186. Number of nodes 74
EtherApe-INFO: 23:58:22.325: New node: IP: 23.45.137.50. Number of nodes 75
EtherApe-INFO: 23:58:22.789: delete node: IP: 34.95.44.106. Number of nodes 74
EtherApe-INFO: 23:58:23.371: New node: IP: 104.18.29.2. Number of nodes 75
EtherApe-INFO: 23:58:23.373: New node: IP: 104.81.60.51. Number of nodes 76
EtherApe-INFO: 23:58:24.115: New node: IP: 223.112.5.139. Number of nodes 77
EtherApe-INFO: 23:58:38.966: New node: IP: 104.81.60.33. Number of nodes 78
EtherApe-INFO: 23:58:41.880: New node: IP: 104.81.60.73. Number of nodes 79
EtherApe-INFO: 23:58:52.368: delete node: IP: 216.239.32.116. Number of nodes 78
EtherApe-INFO: 23:58:52.368: delete node: IP: 216.58.208.195. Number of nodes 77
EtherApe-INFO: 23:58:52.368: delete node: IP: 91.198.174.192. Number of nodes 76
EtherApe-INFO: 23:58:59.292: New node: IP: 222.186.13.133. Number of nodes 77
EtherApe-INFO: 23:59:05.436: delete node: IP: 35.203.210.136. Number of nodes 76
EtherApe-INFO: 23:59:08.865: delete node: IP: 96.16.54.155. Number of nodes 75
EtherApe-INFO: 23:59:09.188: New node: IP: 192.178.25.164. Number of nodes 76
EtherApe-INFO: 23:59:13.296: New node: IP: 142.250.186.206. Number of nodes 77
EtherApe-INFO: 23:59:13.898: delete node: IP: 162.216.149.184. Number of nodes 76
EtherApe-INFO: 23:59:13.898: delete node: IP: 140.82.121.6. Number of nodes 75
EtherApe-INFO: 23:59:13.898: delete node: IP: 140.82.121.3. Number of nodes 74
EtherApe-INFO: 23:59:13.898: delete node: IP: 140.82.114.22. Number of nodes 73
EtherApe-INFO: 23:59:17.207: New node: IP: 216.58.209.13. Number of nodes 74
EtherApe-INFO: 23:59:28.128: New node: IP: 111.0.127.29. Number of nodes 75
EtherApe-INFO: 23:59:30.341: New node: IP: 198.235.24.102. Number of nodes 76
EtherApe-INFO: 23:59:30.350: New node: IP: 205.210.31.103. Number of nodes 77
EtherApe-INFO: 23:59:35.468: New node: IP: 167.248.133.160. Number of nodes 78
EtherApe-INFO: 23:59:39.197: New node: IP: 138.68.208.14. Number of nodes 79
EtherApe-INFO: 23:59:43.998: delete node: IP: 205.210.31.40. Number of nodes 78
EtherApe-INFO: 23:59:43.998: delete node: IP: 172.217.16.3. Number of nodes 77
EtherApe-INFO: 23:59:47.496: New node: IP: 155.133.226.38. Number of nodes 78
EtherApe-INFO: 23:59:48.985: New node: IP: 2.21.89.67. Number of nodes 79
EtherApe-INFO: 00:00:02.670: New node: IP: 142.250.186.202. Number of nodes 80
EtherApe-INFO: 00:00:04.216: New node: IP: 149.154.167.216. Number of nodes 81
EtherApe-INFO: 00:00:05.348: New node: IP: 104.81.60.67. Number of nodes 82
EtherApe-INFO: 00:00:10.360: New node: IP: 104.81.60.64. Number of nodes 83
EtherApe-INFO: 00:00:13.619: New node: IP: 192.178.25.174. Number of nodes 84
EtherApe-INFO: 00:00:18.403: delete node: IP: 35.203.210.119. Number of nodes 83
EtherApe-INFO: 00:00:20.320: New node: IP: 142.250.203.138. Number of nodes 84
EtherApe-INFO: 00:00:28.300: New node: IP: 173.194.199.94. Number of nodes 85
EtherApe-INFO: 00:00:30.305: New node: IP: 95.216.195.133. Number of nodes 86
EtherApe-INFO: 00:00:41.554: delete node: IP: 223.112.5.139. Number of nodes 85
EtherApe-INFO: 00:00:49.006: New node: IP: 183.136.225.43. Number of nodes 86
EtherApe-INFO: 00:00:58.796: delete node: IP: 222.186.13.133. Number of nodes 85
EtherApe-INFO: 00:01:01.161: New node: IP: 35.203.211.209. Number of nodes 86
EtherApe-INFO: 00:01:03.353: delete node: IP: 18.244.102.35. Number of nodes 85
EtherApe-INFO: 00:01:08.173: delete node: IP: 18.66.233.56. Number of nodes 84
EtherApe-INFO: 00:01:09.401: New node: IP: 198.235.24.178. Number of nodes 85
EtherApe-INFO: 00:01:09.940: New node: IP: 142.250.203.131. Number of nodes 86
EtherApe-INFO: 00:01:10.736: New node: IP: 216.58.208.206. Number of nodes 87
EtherApe-INFO: 00:01:11.002: New node: IP: 198.235.24.221. Number of nodes 88
EtherApe-INFO: 00:01:11.268: New node: IP: 198.199.110.168. Number of nodes 89
EtherApe-INFO: 00:01:12.119: delete node: IP: 18.244.102.99. Number of nodes 88
EtherApe-INFO: 00:01:13.221: delete node: IP: 18.244.102.108. Number of nodes 87
EtherApe-INFO: 00:01:13.442: delete node: IP: 142.250.186.206. Number of nodes 86
EtherApe-INFO: 00:01:17.649: delete node: IP: 216.58.209.13. Number of nodes 85
EtherApe-INFO: 00:01:21.624: New node: IP: 142.250.186.195. Number of nodes 86
EtherApe-INFO: 00:01:22.162: New node: IP: 216.58.215.86. Number of nodes 87
EtherApe-INFO: 00:01:22.165: New node: IP: 142.250.203.129. Number of nodes 88
EtherApe-INFO: 00:01:22.417: New node: IP: 216.58.215.106. Number of nodes 89
EtherApe-INFO: 00:01:22.951: New node: IP: 135.181.27.174. Number of nodes 90
EtherApe-INFO: 00:01:25.855: New node: IP: 162.216.149.240. Number of nodes 91
EtherApe-INFO: 00:01:28.277: delete node: IP: 111.0.127.29. Number of nodes 90
EtherApe-INFO: 00:01:30.096: New node: IP: 202.39.244.193. Number of nodes 91
EtherApe-INFO: 00:01:30.167: delete node: IP: 205.210.31.103. Number of nodes 90
EtherApe-INFO: 00:01:30.167: delete node: IP: 198.235.24.102. Number of nodes 89
EtherApe-INFO: 00:01:35.443: delete node: IP: 167.248.133.160. Number of nodes 88
EtherApe-INFO: 00:01:36.006: delete node: IP: 18.66.233.121. Number of nodes 87
EtherApe-INFO: 00:01:38.919: delete node: IP: 138.68.208.14. Number of nodes 86
EtherApe-INFO: 00:01:42.605: New node: IP: 142.250.186.206. Number of nodes 87
EtherApe-INFO: 00:01:50.877: delete node: IP: 172.217.16.10. Number of nodes 86
EtherApe-INFO: 00:01:54.521: New node: IP: 207.90.244.12. Number of nodes 87
EtherApe-INFO: 00:01:55.396: delete node: IP: 34.198.118.42. Number of nodes 86
EtherApe-INFO: 00:02:20.333: delete node: IP: 185.199.110.154. Number of nodes 85
EtherApe-INFO: 00:02:23.303: delete node: IP: 18.184.15.199. Number of nodes 84
EtherApe-INFO: 00:02:23.511: New node: IP: 34.95.145.254. Number of nodes 85
EtherApe-INFO: 00:02:28.814: New node: IP: 143.110.253.154. Number of nodes 86
EtherApe-INFO: 00:02:28.829: delete node: IP: 173.194.199.94. Number of nodes 85
EtherApe-INFO: 00:02:31.527: delete node: IP: 95.216.195.133. Number of nodes 84
EtherApe-INFO: 00:02:39.288: delete node: IP: 104.81.60.66. Number of nodes 83
EtherApe-INFO: 00:02:39.288: delete node: IP: 104.81.60.33. Number of nodes 82
EtherApe-INFO: 00:02:40.533: delete node: IP: 104.81.60.64. Number of nodes 81
EtherApe-INFO: 00:02:40.533: delete node: IP: 18.196.133.121. Number of nodes 80
EtherApe-INFO: 00:02:46.375: delete node: IP: 162.254.197.8. Number of nodes 79
EtherApe-INFO: 00:02:48.017: delete node: IP: 155.133.226.37. Number of nodes 78
EtherApe-INFO: 00:02:49.325: delete node: IP: 183.136.225.43. Number of nodes 77
EtherApe-INFO: 00:02:50.071: New node: IP: 195.64.183.255. Number of nodes 78
EtherApe-INFO: 00:02:54.574: New node: IP: 162.142.125.252. Number of nodes 79
EtherApe-INFO: 00:03:00.149: New node: IP: 111.67.196.206. Number of nodes 80
EtherApe-INFO: 00:03:01.591: delete node: IP: 35.203.211.209. Number of nodes 79
EtherApe-INFO: 00:03:08.895: New node: IP: 198.235.24.44. Number of nodes 80
EtherApe-INFO: 00:03:10.254: delete node: IP: 198.235.24.178. Number of nodes 79
EtherApe-INFO: 00:03:12.098: delete node: IP: 216.58.208.206. Number of nodes 78
EtherApe-INFO: 00:03:12.098: delete node: IP: 198.235.24.221. Number of nodes 77
EtherApe-INFO: 00:03:12.098: delete node: IP: 198.199.110.168. Number of nodes 76
EtherApe-INFO: 00:03:22.477: delete node: IP: 216.58.215.86. Number of nodes 75
EtherApe-INFO: 00:03:22.477: delete node: IP: 142.250.203.131. Number of nodes 74
EtherApe-INFO: 00:03:22.477: delete node: IP: 142.250.203.129. Number of nodes 73
EtherApe-INFO: 00:03:23.349: delete node: IP: 142.250.186.195. Number of nodes 72
EtherApe-INFO: 00:03:27.010: delete node: IP: 162.216.149.240. Number of nodes 71
EtherApe-INFO: 00:03:27.342: delete node: IP: 142.250.186.202. Number of nodes 70
EtherApe-INFO: 00:03:27.511: New node: IP: 115.200.180.61. Number of nodes 71
EtherApe-INFO: 00:03:27.774: New node: IP: 167.248.133.136. Number of nodes 72
EtherApe-INFO: 00:03:30.175: New node: IP: 92.123.189.201. Number of nodes 73
EtherApe-INFO: 00:03:30.190: delete node: IP: 202.39.244.193. Number of nodes 72
EtherApe-INFO: 00:03:31.188: New node: IP: 155.133.226.78. Number of nodes 73
EtherApe-INFO: 00:03:31.188: New node: IP: 162.254.197.39. Number of nodes 74
EtherApe-INFO: 00:03:31.192: New node: IP: 162.254.197.54. Number of nodes 75
EtherApe-INFO: 00:03:31.456: New node: IP: 162.254.198.104. Number of nodes 76
EtherApe-INFO: 00:03:31.457: New node: IP: 155.133.252.39. Number of nodes 77
EtherApe-INFO: 00:03:31.460: New node: IP: 155.133.252.54. Number of nodes 78
EtherApe-INFO: 00:03:39.603: New node: IP: 104.81.60.66. Number of nodes 79
EtherApe-INFO: 00:03:40.329: delete node: IP: 155.133.226.38. Number of nodes 78
EtherApe-INFO: 00:03:42.193: delete node: IP: 91.223.19.27. Number of nodes 77
EtherApe-INFO: 00:03:42.193: delete node: IP: 91.223.19.23. Number of nodes 76
EtherApe-INFO: 00:03:42.416: delete node: IP: 162.254.197.19. Number of nodes 75
EtherApe-INFO: 00:03:42.961: delete node: IP: 162.254.197.2. Number of nodes 74
EtherApe-INFO: 00:03:42.961: delete node: IP: 142.250.186.206. Number of nodes 73
EtherApe-INFO: 00:03:44.598: delete node: IP: 162.254.197.4. Number of nodes 72
EtherApe-INFO: 00:03:44.919: delete node: IP: 162.254.197.22. Number of nodes 71
EtherApe-INFO: 00:03:45.361: delete node: IP: 104.81.60.73. Number of nodes 70
EtherApe-INFO: 00:03:45.361: delete node: IP: 104.18.28.38. Number of nodes 69
EtherApe-INFO: 00:03:46.898: New node: IP: 142.250.186.202. Number of nodes 70
EtherApe-INFO: 00:03:48.243: New node: IP: 142.250.186.194. Number of nodes 71
EtherApe-INFO: 00:03:49.029: New node: IP: 162.216.150.55. Number of nodes 72
EtherApe-INFO: 00:03:49.337: delete node: IP: 54.73.148.110. Number of nodes 71
EtherApe-INFO: 00:03:49.562: delete node: IP: 2.21.89.67. Number of nodes 70
EtherApe-INFO: 00:03:50.934: delete node: IP: 104.18.169.114. Number of nodes 69
EtherApe-INFO: 00:03:51.695: New node: IP: 216.58.209.13. Number of nodes 70
EtherApe-INFO: 00:03:53.132: delete node: IP: 172.64.147.123. Number of nodes 69
EtherApe-INFO: 00:03:54.670: delete node: IP: 207.90.244.12. Number of nodes 68
EtherApe-INFO: 00:03:56.464: New node: IP: 95.216.144.15. Number of nodes 69
EtherApe-INFO: 00:04:08.415: New node: IP: 172.67.97.54. Number of nodes 70
EtherApe-INFO: 00:04:10.290: New node: IP: 45.143.200.2. Number of nodes 71
EtherApe-INFO: 00:04:19.588: New node: IP: 172.217.16.46. Number of nodes 72
EtherApe-INFO: 00:04:22.764: New node: IP: 35.203.211.190. Number of nodes 73
EtherApe-INFO: 00:04:25.217: delete node: IP: 216.58.215.106. Number of nodes 72
EtherApe-INFO: 00:04:25.428: New node: IP: 94.102.61.27. Number of nodes 73
EtherApe-INFO: 00:04:27.546: delete node: IP: 172.217.16.131. Number of nodes 72
EtherApe-INFO: 00:04:27.546: delete node: IP: 104.18.40.133. Number of nodes 71
EtherApe-INFO: 00:04:29.178: delete node: IP: 143.110.253.154. Number of nodes 70
EtherApe-INFO: 00:04:32.658: delete node: IP: 135.181.27.174. Number of nodes 69
EtherApe-INFO: 00:04:34.804: delete node: IP: 149.154.167.216. Number of nodes 68
EtherApe-INFO: 00:04:43.804: delete node: IP: 92.123.189.193. Number of nodes 67
EtherApe-INFO: 00:04:45.353: New node: IP: 142.250.186.206. Number of nodes 68
EtherApe-INFO: 00:04:51.488: delete node: IP: 195.64.183.255. Number of nodes 67
EtherApe-INFO: 00:04:54.762: delete node: IP: 162.142.125.252. Number of nodes 66
EtherApe-INFO: 00:04:55.988: New node: IP: 143.110.253.154. Number of nodes 67
EtherApe-INFO: 00:05:00.504: delete node: IP: 111.67.196.206. Number of nodes 66
EtherApe-INFO: 00:05:09.182: delete node: IP: 198.235.24.44. Number of nodes 65
EtherApe-INFO: 00:05:20.703: delete node: IP: 155.133.226.75. Number of nodes 64
EtherApe-INFO: 00:05:20.950: New node: IP: 172.217.16.131. Number of nodes 65
EtherApe-INFO: 00:05:22.340: delete node: IP: 104.18.29.2. Number of nodes 64
EtherApe-INFO: 00:05:22.555: delete node: IP: 142.250.203.142. Number of nodes 63
EtherApe-INFO: 00:05:22.555: delete node: IP: 104.81.60.51. Number of nodes 62
EtherApe-INFO: 00:05:22.555: delete node: IP: 104.81.60.32. Number of nodes 61
EtherApe-INFO: 00:05:27.562: New node: IP: 173.194.199.94. Number of nodes 62
EtherApe-INFO: 00:05:27.563: delete node: IP: 115.200.180.61. Number of nodes 61
EtherApe-INFO: 00:05:27.569: New node: IP: 172.217.16.3. Number of nodes 62
EtherApe-INFO: 00:05:27.905: delete node: IP: 167.248.133.136. Number of nodes 61
EtherApe-INFO: 00:05:29.961: New node: IP: 95.216.195.133. Number of nodes 62
EtherApe-INFO: 00:05:29.990: delete node: IP: 34.95.145.254. Number of nodes 61
EtherApe-INFO: 00:05:30.228: New node: IP: 104.81.60.64. Number of nodes 62
EtherApe-INFO: 00:05:30.764: New node: IP: 89.248.165.85. Number of nodes 63
EtherApe-INFO: 00:05:36.043: New node: IP: 104.18.40.133. Number of nodes 64
EtherApe-INFO: 00:05:36.579: New node: IP: 18.184.15.199. Number of nodes 65
EtherApe-INFO: 00:05:36.599: delete node: IP: 162.254.197.54. Number of nodes 64
EtherApe-INFO: 00:05:36.599: delete node: IP: 155.133.252.39. Number of nodes 63
EtherApe-INFO: 00:05:36.599: delete node: IP: 155.133.226.78. Number of nodes 62
EtherApe-INFO: 00:05:36.935: delete node: IP: 162.254.198.104. Number of nodes 61
EtherApe-INFO: 00:05:36.935: delete node: IP: 155.133.252.54. Number of nodes 60
EtherApe-INFO: 00:05:47.288: delete node: IP: 142.250.186.202. Number of nodes 59
EtherApe-INFO: 00:05:48.889: delete node: IP: 142.250.186.194. Number of nodes 58
EtherApe-INFO: 00:05:49.636: delete node: IP: 162.216.150.55. Number of nodes 57
EtherApe-INFO: 00:05:52.045: delete node: IP: 216.58.209.13. Number of nodes 56
EtherApe-INFO: 00:05:57.589: New node: IP: 114.235.30.71. Number of nodes 57
EtherApe-INFO: 00:05:59.201: delete node: IP: 216.58.215.67. Number of nodes 56
EtherApe-INFO: 00:05:59.201: delete node: IP: 95.216.144.15. Number of nodes 55
EtherApe-INFO: 00:05:59.991: New node: IP: 216.58.215.67. Number of nodes 56
EtherApe-INFO: 00:06:00.830: delete node: IP: 92.123.189.201. Number of nodes 55
EtherApe-INFO: 00:06:09.848: delete node: IP: 172.67.97.54. Number of nodes 54
EtherApe-INFO: 00:06:11.759: delete node: IP: 45.143.200.2. Number of nodes 53
EtherApe-INFO: 00:06:13.004: New node: IP: 35.203.211.155. Number of nodes 54
EtherApe-INFO: 00:06:13.534: New node: IP: 208.64.203.173. Number of nodes 55
EtherApe-INFO: 00:06:22.873: delete node: IP: 35.203.211.190. Number of nodes 54
EtherApe-INFO: 00:06:25.481: New node: IP: 106.80.220.65. Number of nodes 55
EtherApe-INFO: 00:06:25.565: delete node: IP: 94.102.61.27. Number of nodes 54
EtherApe-INFO: 00:06:27.618: New node: IP: 216.239.38.117. Number of nodes 55
EtherApe-INFO: 00:06:29.748: New node: IP: 162.216.150.39. Number of nodes 56
EtherApe-INFO: 00:06:38.761: New node: IP: 2.21.173.72. Number of nodes 57
EtherApe-INFO: 00:06:40.094: New node: IP: 92.123.189.201. Number of nodes 58
EtherApe-INFO: 00:06:40.894: New node: IP: 162.254.197.54. Number of nodes 59
EtherApe-INFO: 00:06:40.895: New node: IP: 155.133.226.75. Number of nodes 60
EtherApe-INFO: 00:06:40.899: New node: IP: 155.133.252.39. Number of nodes 61
EtherApe-INFO: 00:06:41.165: New node: IP: 142.250.203.142. Number of nodes 62
EtherApe-INFO: 00:06:41.170: New node: IP: 162.254.198.44. Number of nodes 63
EtherApe-INFO: 00:06:42.765: New node: IP: 162.142.125.138. Number of nodes 64
EtherApe-INFO: 00:06:45.740: delete node: IP: 142.250.186.206. Number of nodes 63
EtherApe-INFO: 00:06:47.001: New node: IP: 92.123.189.195. Number of nodes 64
EtherApe-INFO: 00:06:48.868: New node: IP: 104.81.60.24. Number of nodes 65
EtherApe-INFO: 00:06:55.508: New node: IP: 167.94.146.20. Number of nodes 66
EtherApe-INFO: 00:06:56.101: delete node: IP: 143.110.253.154. Number of nodes 65
EtherApe-INFO: 00:07:01.348: New node: IP: 142.250.186.202. Number of nodes 66
EtherApe-INFO: 00:07:03.482: New node: IP: 142.250.186.206. Number of nodes 67
EtherApe-INFO: 00:07:09.854: New node: IP: 35.203.210.67. Number of nodes 68
EtherApe-INFO: 00:07:13.872: New node: IP: 91.224.92.16. Number of nodes 69
EtherApe-INFO: 00:07:18.695: delete node: IP: 185.199.108.153. Number of nodes 68
EtherApe-INFO: 00:07:22.334: New node: IP: 208.64.203.140. Number of nodes 69
EtherApe-INFO: 00:07:22.374: delete node: IP: 185.199.110.133. Number of nodes 68
EtherApe-INFO: 00:07:22.374: delete node: IP: 151.101.1.208. Number of nodes 67
EtherApe-INFO: 00:07:23.908: New node: IP: 107.170.245.14. Number of nodes 68
EtherApe-INFO: 00:07:28.449: delete node: IP: 173.194.199.94. Number of nodes 67
EtherApe-INFO: 00:07:28.449: delete node: IP: 172.217.16.3. Number of nodes 66
EtherApe-INFO: 00:07:31.476: delete node: IP: 95.216.195.133. Number of nodes 65
EtherApe-INFO: 00:07:31.476: delete node: IP: 89.248.165.85. Number of nodes 64
EtherApe-INFO: 00:07:41.163: New node: IP: 104.81.60.32. Number of nodes 65
EtherApe-INFO: 00:07:41.501: delete node: IP: 192.178.25.164. Number of nodes 64
EtherApe-INFO: 00:07:46.494: New node: IP: 45.147.250.129. Number of nodes 65
EtherApe-INFO: 00:07:57.135: New node: IP: 139.162.190.203. Number of nodes 66
EtherApe-INFO: 00:07:57.743: delete node: IP: 114.235.30.71. Number of nodes 65
EtherApe-INFO: 00:07:59.777: New node: IP: 91.223.19.27. Number of nodes 66
EtherApe-INFO: 00:08:00.045: New node: IP: 91.223.19.23. Number of nodes 67
EtherApe-INFO: 00:08:00.114: delete node: IP: 216.58.215.67. Number of nodes 66
EtherApe-INFO: 00:08:01.025: New node: IP: 216.58.215.67. Number of nodes 67
EtherApe-INFO: 00:08:01.293: New node: IP: 192.178.25.164. Number of nodes 68
EtherApe-INFO: 00:08:04.343: New node: IP: 94.102.61.28. Number of nodes 69
EtherApe-INFO: 00:08:12.814: New node: IP: 125.228.80.213. Number of nodes 70
EtherApe-INFO: 00:08:22.954: New node: IP: 94.102.61.40. Number of nodes 71
EtherApe-INFO: 00:08:38.628: New node: IP: 104.167.221.126. Number of nodes 72
EtherApe-INFO: 00:08:39.236: New node: IP: 142.250.203.132. Number of nodes 73
EtherApe-INFO: 00:08:39.342: New node: IP: 142.250.186.195. Number of nodes 74
EtherApe-INFO: 00:09:04.833: delete node: IP: 216.239.38.117. Number of nodes 73
EtherApe-INFO: 00:09:04.837: delete node: IP: 172.217.16.46. Number of nodes 72
EtherApe-INFO: 00:09:04.837: delete node: IP: 167.94.146.20. Number of nodes 71
EtherApe-INFO: 00:09:04.837: delete node: IP: 162.254.198.44. Number of nodes 70
EtherApe-INFO: 00:09:04.837: delete node: IP: 162.254.197.54. Number of nodes 69
EtherApe-INFO: 00:09:04.837: delete node: IP: 162.254.197.39. Number of nodes 68
EtherApe-INFO: 00:09:04.837: delete node: IP: 162.216.150.39. Number of nodes 67
EtherApe-INFO: 00:09:04.837: delete node: IP: 162.142.125.138. Number of nodes 66
EtherApe-INFO: 00:09:04.837: delete node: IP: 155.133.252.39. Number of nodes 65
EtherApe-INFO: 00:09:04.837: delete node: IP: 142.250.203.138. Number of nodes 64
EtherApe-INFO: 00:09:04.837: delete node: IP: 142.250.186.206. Number of nodes 63
EtherApe-INFO: 00:09:04.837: delete node: IP: 106.80.220.65. Number of nodes 62
EtherApe-INFO: 00:09:04.837: delete node: IP: 104.81.60.67. Number of nodes 61
EtherApe-INFO: 00:09:04.837: delete node: IP: 104.81.60.66. Number of nodes 60
EtherApe-INFO: 00:09:04.837: delete node: IP: 104.81.60.64. Number of nodes 59
EtherApe-INFO: 00:09:04.837: delete node: IP: 92.123.189.186. Number of nodes 58
EtherApe-INFO: 00:09:04.837: delete node: IP: 35.203.211.155. Number of nodes 57
EtherApe-INFO: 00:09:08.475: New node: IP: 148.153.34.102. Number of nodes 58
EtherApe-INFO: 00:09:12.529: New node: IP: 149.154.167.216. Number of nodes 59
EtherApe-INFO: 00:09:16.366: delete node: IP: 92.123.189.201. Number of nodes 58
EtherApe-INFO: 00:09:16.366: delete node: IP: 91.224.92.16. Number of nodes 57
EtherApe-INFO: 00:09:16.371: delete node: IP: 35.203.210.67. Number of nodes 56
EtherApe-INFO: 00:09:20.208: New node: IP: 142.250.203.205. Number of nodes 57
EtherApe-INFO: 00:09:25.140: New node: IP: 104.152.52.201. Number of nodes 58
EtherApe-INFO: 00:09:29.848: New node: IP: 92.123.189.201. Number of nodes 59
EtherApe-INFO: 00:09:32.456: delete node: IP: 208.64.203.173. Number of nodes 58
EtherApe-INFO: 00:09:32.457: delete node: IP: 208.64.203.140. Number of nodes 57
EtherApe-INFO: 00:09:32.483: delete node: IP: 192.178.25.174. Number of nodes 56
EtherApe-INFO: 00:09:32.483: delete node: IP: 107.170.245.14. Number of nodes 55
EtherApe-INFO: 00:09:34.896: New node: IP: 162.254.197.54. Number of nodes 56
EtherApe-INFO: 00:09:35.164: New node: IP: 162.254.198.44. Number of nodes 57
EtherApe-INFO: 00:09:35.164: New node: IP: 155.133.252.54. Number of nodes 58
EtherApe-INFO: 00:09:35.179: New node: IP: 162.254.198.104. Number of nodes 59
EtherApe-INFO: 00:09:39.253: New node: IP: 20.209.73.97. Number of nodes 60
EtherApe-INFO: 00:09:39.253: New node: IP: 20.150.125.193. Number of nodes 61
EtherApe-INFO: 00:09:45.721: New node: IP: 92.123.189.186. Number of nodes 62
EtherApe-INFO: 00:10:01.490: New node: IP: 205.210.31.106. Number of nodes 63
EtherApe-INFO: 00:10:02.675: New node: IP: 142.250.186.206. Number of nodes 64
EtherApe-INFO: 00:10:02.676: New node: IP: 172.217.16.3. Number of nodes 65
EtherApe-INFO: 00:10:02.676: New node: IP: 142.250.203.196. Number of nodes 66
EtherApe-INFO: 00:10:09.879: delete node: IP: 216.58.215.67. Number of nodes 65
EtherApe-INFO: 00:10:09.879: delete node: IP: 142.250.203.142. Number of nodes 64
EtherApe-INFO: 00:10:09.879: delete node: IP: 139.162.190.203. Number of nodes 63
EtherApe-INFO: 00:10:09.879: delete node: IP: 94.102.61.28. Number of nodes 62
EtherApe-INFO: 00:10:09.879: delete node: IP: 45.147.250.129. Number of nodes 61
EtherApe-INFO: 00:10:13.045: New node: IP: 216.58.208.206. Number of nodes 62
EtherApe-INFO: 00:10:16.112: New node: IP: 142.250.203.138. Number of nodes 63
EtherApe-INFO: 00:10:17.738: New node: IP: 142.250.203.131. Number of nodes 64
EtherApe-INFO: 00:10:17.972: New node: IP: 188.114.97.13. Number of nodes 65
EtherApe-INFO: 00:10:18.345: New node: IP: 142.250.203.142. Number of nodes 66
EtherApe-INFO: 00:10:18.752: New node: IP: 192.178.25.168. Number of nodes 67
EtherApe-INFO: 00:10:19.546: New node: IP: 192.229.233.25. Number of nodes 68
EtherApe-INFO: 00:10:21.212: New node: IP: 104.244.42.136. Number of nodes 69
EtherApe-INFO: 00:10:27.323: New node: IP: 192.178.25.174. Number of nodes 70
EtherApe-INFO: 00:10:28.353: New node: IP: 216.239.32.116. Number of nodes 71
EtherApe-INFO: 00:10:30.333: New node: IP: 95.216.195.133. Number of nodes 72
EtherApe-INFO: 00:10:31.518: New node: IP: 195.64.252.213. Number of nodes 73
EtherApe-INFO: 00:10:31.676: New node: IP: 192.178.25.162. Number of nodes 74
EtherApe-INFO: 00:10:36.438: New node: IP: 192.241.213.81. Number of nodes 75
EtherApe-INFO: 00:10:40.232: New node: IP: 154.26.134.250. Number of nodes 76
EtherApe-INFO: 00:10:40.941: New node: IP: 216.58.208.193. Number of nodes 77
EtherApe-INFO: 00:10:41.504: New node: IP: 142.250.203.214. Number of nodes 78
EtherApe-INFO: 00:10:44.202: New node: IP: 172.217.16.46. Number of nodes 79
EtherApe-INFO: 00:10:44.598: delete node: IP: 172.217.18.99. Number of nodes 78
EtherApe-INFO: 00:10:44.598: delete node: IP: 142.250.203.132. Number of nodes 77
EtherApe-INFO: 00:10:44.598: delete node: IP: 142.250.186.195. Number of nodes 76
EtherApe-INFO: 00:10:44.598: delete node: IP: 125.228.80.213. Number of nodes 75
EtherApe-INFO: 00:10:44.598: delete node: IP: 104.167.221.126. Number of nodes 74
EtherApe-INFO: 00:10:44.598: delete node: IP: 104.81.60.19. Number of nodes 73
EtherApe-INFO: 00:10:44.598: delete node: IP: 94.102.61.40. Number of nodes 72
EtherApe-INFO: 00:11:01.903: New node: IP: 35.203.210.11. Number of nodes 73
EtherApe-INFO: 00:11:03.506: New node: IP: 195.64.239.1. Number of nodes 74
EtherApe-INFO: 00:11:10.315: New node: IP: 143.110.253.154. Number of nodes 75
EtherApe-INFO: 00:11:12.682: New node: IP: 193.32.162.189. Number of nodes 76
EtherApe-INFO: 00:11:30.713: delete node: IP: 192.178.25.164. Number of nodes 75
EtherApe-INFO: 00:11:30.713: delete node: IP: 149.154.167.216. Number of nodes 74
EtherApe-INFO: 00:11:30.713: delete node: IP: 148.153.34.102. Number of nodes 73
EtherApe-INFO: 00:11:30.713: delete node: IP: 104.152.52.201. Number of nodes 72
EtherApe-INFO: 00:11:31.840: New node: IP: 198.235.24.241. Number of nodes 73
EtherApe-INFO: 00:11:40.749: delete node: IP: 162.254.198.44. Number of nodes 72
EtherApe-INFO: 00:11:41.021: delete node: IP: 162.254.198.104. Number of nodes 71
EtherApe-INFO: 00:11:41.021: delete node: IP: 155.133.252.54. Number of nodes 70
EtherApe-INFO: 00:11:41.652: delete node: IP: 162.254.197.54. Number of nodes 69
EtherApe-INFO: 00:11:43.648: New node: IP: 216.58.215.86. Number of nodes 70
EtherApe-INFO: 00:11:59.737: delete node: IP: 92.123.189.201. Number of nodes 69
EtherApe-INFO: 00:12:01.066: delete node: IP: 205.210.31.106. Number of nodes 68
EtherApe-INFO: 00:12:03.614: New node: IP: 107.170.224.10. Number of nodes 69
EtherApe-INFO: 00:12:10.075: delete node: IP: 155.133.226.75. Number of nodes 68
EtherApe-INFO: 00:12:10.076: delete node: IP: 92.123.189.186. Number of nodes 67
EtherApe-INFO: 00:12:10.076: delete node: IP: 20.209.73.97. Number of nodes 66
EtherApe-INFO: 00:12:10.076: delete node: IP: 20.150.125.193. Number of nodes 65
EtherApe-INFO: 00:12:10.076: delete node: IP: 2.21.173.72. Number of nodes 64
EtherApe-INFO: 00:12:16.123: New node: IP: 172.217.16.37. Number of nodes 65
EtherApe-INFO: 00:12:19.310: delete node: IP: 192.178.25.168. Number of nodes 64
EtherApe-INFO: 00:12:22.495: New node: IP: 135.181.27.174. Number of nodes 65
EtherApe-INFO: 00:12:22.538: delete node: IP: 192.178.25.170. Number of nodes 64
EtherApe-INFO: 00:12:24.602: New node: IP: 216.58.209.10. Number of nodes 65
EtherApe-INFO: 00:12:28.911: delete node: IP: 216.239.32.116. Number of nodes 64
EtherApe-INFO: 00:12:31.062: delete node: IP: 195.64.252.213. Number of nodes 63
EtherApe-INFO: 00:12:31.317: delete node: IP: 95.216.195.133. Number of nodes 62
EtherApe-INFO: 00:12:36.046: delete node: IP: 192.241.213.81. Number of nodes 61
EtherApe-INFO: 00:12:36.308: New node: IP: 140.82.114.26. Number of nodes 62
EtherApe-INFO: 00:12:37.108: New node: IP: 140.82.121.4. Number of nodes 63
EtherApe-INFO: 00:12:42.003: delete node: IP: 154.26.134.250. Number of nodes 62
EtherApe-INFO: 00:12:42.003: delete node: IP: 142.250.203.214. Number of nodes 61
EtherApe-INFO: 00:12:44.021: delete node: IP: 216.58.208.206. Number of nodes 60
EtherApe-INFO: 00:12:44.021: delete node: IP: 192.178.25.162. Number of nodes 59
EtherApe-INFO: 00:12:44.021: delete node: IP: 142.250.203.131. Number of nodes 58
EtherApe-INFO: 00:12:45.189: delete node: IP: 142.250.203.205. Number of nodes 57
EtherApe-INFO: 00:12:47.480: delete node: IP: 18.184.15.199. Number of nodes 56
EtherApe-INFO: 00:12:47.723: New node: IP: 35.203.211.58. Number of nodes 57
EtherApe-INFO: 00:12:50.388: New node: IP: 35.203.210.64. Number of nodes 58
EtherApe-INFO: 00:12:50.389: New node: IP: 162.216.150.113. Number of nodes 59
EtherApe-INFO: 00:12:51.003: delete node: IP: 34.104.32.36. Number of nodes 58
EtherApe-INFO: 00:12:52.763: New node: IP: 205.210.31.201. Number of nodes 59
EtherApe-INFO: 00:12:58.113: New node: IP: 198.235.24.211. Number of nodes 60
EtherApe-INFO: 00:13:01.572: delete node: IP: 35.203.210.11. Number of nodes 59
EtherApe-INFO: 00:13:02.079: New node: IP: 192.178.25.164. Number of nodes 60
EtherApe-INFO: 00:13:02.448: delete node: IP: 142.250.203.196. Number of nodes 59
EtherApe-INFO: 00:13:03.190: delete node: IP: 195.64.239.1. Number of nodes 58
EtherApe-INFO: 00:13:08.174: New node: IP: 180.103.51.103. Number of nodes 59
EtherApe-INFO: 00:13:10.383: delete node: IP: 143.110.253.154. Number of nodes 58
EtherApe-INFO: 00:13:12.208: delete node: IP: 193.32.162.189. Number of nodes 57
EtherApe-INFO: 00:13:12.444: New node: IP: 71.6.199.23. Number of nodes 58
EtherApe-INFO: 00:13:15.333: delete node: IP: 142.250.203.197. Number of nodes 57
EtherApe-INFO: 00:13:25.168: delete node: IP: 188.114.97.13. Number of nodes 56
EtherApe-INFO: 00:13:25.430: New node: IP: 185.224.128.17. Number of nodes 57
EtherApe-INFO: 00:13:31.037: delete node: IP: 198.235.24.241. Number of nodes 56
EtherApe-INFO: 00:13:43.481: New node: IP: 162.216.149.70. Number of nodes 57
EtherApe-INFO: 00:13:44.282: delete node: IP: 216.58.215.86. Number of nodes 56
EtherApe-INFO: 00:13:45.108: New node: IP: 23.240.201.101. Number of nodes 57
EtherApe-INFO: 00:14:03.973: delete node: IP: 107.170.224.10. Number of nodes 56
EtherApe-INFO: 00:14:07.667: New node: IP: 94.102.61.28. Number of nodes 57
EtherApe-INFO: 00:14:17.029: delete node: IP: 104.18.40.133. Number of nodes 56
EtherApe-INFO: 00:14:23.211: delete node: IP: 142.250.203.142. Number of nodes 55
EtherApe-INFO: 00:14:30.091: delete node: IP: 91.223.19.23. Number of nodes 54
EtherApe-INFO: 00:14:30.822: delete node: IP: 91.223.19.27. Number of nodes 53
EtherApe-INFO: 00:14:36.679: delete node: IP: 140.82.114.25. Number of nodes 52
EtherApe-INFO: 00:14:48.975: delete node: IP: 35.203.211.58. Number of nodes 51
EtherApe-INFO: 00:14:51.040: delete node: IP: 162.216.150.113. Number of nodes 50
EtherApe-INFO: 00:14:51.040: delete node: IP: 35.203.210.64. Number of nodes 49
EtherApe-INFO: 00:14:52.045: New node: IP: 149.154.167.216. Number of nodes 50
EtherApe-INFO: 00:14:53.431: delete node: IP: 205.210.31.201. Number of nodes 49
EtherApe-INFO: 00:14:58.996: delete node: IP: 198.235.24.211. Number of nodes 48
EtherApe-INFO: 00:15:00.792: New node: IP: 114.29.236.158. Number of nodes 49
EtherApe-INFO: 00:15:04.790: New node: IP: 216.58.215.67. Number of nodes 50
EtherApe-INFO: 00:15:08.350: delete node: IP: 180.103.51.103. Number of nodes 49
EtherApe-INFO: 00:15:12.806: delete node: IP: 71.6.199.23. Number of nodes 48
EtherApe-INFO: 00:15:22.281: New node: IP: 172.217.16.10. Number of nodes 49
EtherApe-INFO: 00:15:25.103: delete node: IP: 192.229.233.25. Number of nodes 48
EtherApe-INFO: 00:15:25.815: delete node: IP: 185.224.128.17. Number of nodes 47
EtherApe-INFO: 00:15:27.986: delete node: IP: 135.181.27.174. Number of nodes 46
EtherApe-INFO: 00:15:29.749: New node: IP: 95.216.195.133. Number of nodes 47
EtherApe-INFO: 00:15:37.193: New node: IP: 104.18.40.133. Number of nodes 48
EtherApe-INFO: 00:15:37.455: New node: IP: 18.196.133.121. Number of nodes 49
EtherApe-INFO: 00:15:41.462: New node: IP: 106.107.249.67. Number of nodes 50
EtherApe-INFO: 00:15:43.657: delete node: IP: 162.216.149.70. Number of nodes 49
EtherApe-INFO: 00:15:46.039: delete node: IP: 23.240.201.101. Number of nodes 48
EtherApe-INFO: 00:15:51.318: delete node: IP: 142.250.203.138. Number of nodes 47
EtherApe-INFO: 00:15:52.867: New node: IP: 193.32.162.189. Number of nodes 48
EtherApe-INFO: 00:16:01.893: New node: IP: 180.250.196.141. Number of nodes 49
EtherApe-INFO: 00:16:04.551: New node: IP: 143.110.253.154. Number of nodes 50
EtherApe-INFO: 00:16:27.934: New node: IP: 90.188.41.224. Number of nodes 51
