(etherape:2190): GLib-GIO-DEBUG: 16:29:03.084: _g_io_module_get_default: Found default implementation local (GLocalVfs) for ‘gio-vfs’
(etherape:2190): GLib-GIO-DEBUG: 16:29:03.157: Using cross-namespace EXTERNAL authentication (this will deadlock if server is GDBus < 2.73.3)
EtherApe-INFO: 16:29:03.205: sctp protocol not supported
EtherApe-INFO: 16:29:03.205: dccp protocol not supported
EtherApe-INFO: 16:29:03.205: sctp protocol not supported
EtherApe-INFO: 16:29:03.205: sctp protocol not supported
EtherApe-INFO: 16:29:03.205: sctp protocol not supported
EtherApe-INFO: 16:29:03.206: sctp protocol not supported
EtherApe-INFO: 16:29:03.206: sctp protocol not supported
EtherApe-INFO: 16:29:03.206: sctp protocol not supported
EtherApe-INFO: 16:29:03.206: sctp protocol not supported
EtherApe-INFO: 16:29:03.206: dccp protocol not supported
EtherApe-INFO: 16:29:03.206: sctp protocol not supported
EtherApe-INFO: 16:29:03.206: dccp protocol not supported
EtherApe-INFO: 16:29:03.206: dccp protocol not supported
EtherApe-INFO: 16:29:03.206: sctp protocol not supported
EtherApe-INFO: 16:29:03.207: sctp protocol not supported
EtherApe-INFO: 16:29:03.207: sctp protocol not supported
EtherApe-INFO: 16:29:03.207: sctp protocol not supported
EtherApe-INFO: 16:29:03.207: sctp protocol not supported
EtherApe-INFO: 16:29:03.208: sctp protocol not supported
EtherApe-INFO: 16:29:03.208: sctp protocol not supported
EtherApe-INFO: 16:29:03.208: sctp protocol not supported
EtherApe-INFO: 16:29:03.208: sctp protocol not supported
EtherApe-INFO: 16:29:03.208: sctp protocol not supported
EtherApe-INFO: 16:29:03.209: sctp protocol not supported
EtherApe-INFO: 16:29:03.209: sctp protocol not supported
EtherApe-INFO: 16:29:03.209: sctp protocol not supported
EtherApe-INFO: 16:29:03.209: sctp protocol not supported
EtherApe-INFO: 16:29:03.209: sctp protocol not supported
EtherApe-INFO: 16:29:03.209: dccp protocol not supported
EtherApe-INFO: 16:29:03.209: sctp protocol not supported
EtherApe-INFO: 16:29:03.209: sctp protocol not supported
EtherApe-INFO: 16:29:03.209: dccp protocol not supported
EtherApe-INFO: 16:29:03.210: sctp protocol not supported
EtherApe-INFO: 16:29:03.210: sctp protocol not supported
EtherApe-INFO: 16:29:03.210: sctp protocol not supported
EtherApe-INFO: 16:29:03.210: dccp protocol not supported
EtherApe-INFO: 16:29:03.210: dccp protocol not supported
EtherApe-INFO: 16:29:03.210: sctp protocol not supported
EtherApe-INFO: 16:29:03.210: sctp protocol not supported
EtherApe-INFO: 16:29:03.210: sctp protocol not supported
EtherApe-INFO: 16:29:03.210: sctp protocol not supported
EtherApe-INFO: 16:29:03.210: sctp protocol not supported
EtherApe-INFO: 16:29:03.210: sctp protocol not supported
EtherApe-INFO: 16:29:03.210: sctp protocol not supported
EtherApe-INFO: 16:29:03.210: sctp protocol not supported
EtherApe-INFO: 16:29:03.210: sctp protocol not supported
EtherApe-INFO: 16:29:03.210: sctp protocol not supported
EtherApe-INFO: 16:29:03.210: sctp protocol not supported
EtherApe-INFO: 16:29:03.210: sctp protocol not supported
EtherApe-INFO: 16:29:03.210: sctp protocol not supported
EtherApe-INFO: 16:29:03.210: sctp protocol not supported
EtherApe-INFO: 16:29:03.210: sctp protocol not supported
EtherApe-INFO: 16:29:03.210: sctp protocol not supported
EtherApe-INFO: 16:29:03.210: sctp protocol not supported
EtherApe-INFO: 16:29:03.210: sctp protocol not supported
EtherApe-INFO: 16:29:03.210: sctp protocol not supported
EtherApe-INFO: 16:29:03.210: sctp protocol not supported
EtherApe-INFO: 16:29:03.210: dccp protocol not supported
EtherApe-INFO: 16:29:03.210: sctp protocol not supported
EtherApe-INFO: 16:29:03.211: sctp protocol not supported
EtherApe-INFO: 16:29:03.211: sctp protocol not supported
EtherApe-INFO: 16:29:03.211: sctp protocol not supported
EtherApe-INFO: 16:29:03.211: sctp protocol not supported
EtherApe-INFO: 16:29:03.211: sctp protocol not supported
EtherApe-INFO: 16:29:03.211: sctp protocol not supported
EtherApe-INFO: 16:29:03.211: sctp protocol not supported
EtherApe-INFO: 16:29:03.211: sctp protocol not supported
EtherApe-INFO: 16:29:03.211: sctp protocol not supported
EtherApe-INFO: 16:29:03.211: sctp protocol not supported
EtherApe-INFO: 16:29:03.211: sctp protocol not supported
EtherApe-INFO: 16:29:03.211: sctp protocol not supported
EtherApe-INFO: 16:29:03.211: sctp protocol not supported
EtherApe-INFO: 16:29:03.211: sctp protocol not supported
EtherApe-INFO: 16:29:03.211: sctp protocol not supported
EtherApe-INFO: 16:29:03.211: sctp protocol not supported
EtherApe-INFO: 16:29:03.211: sctp protocol not supported
EtherApe-INFO: 16:29:03.211: sctp protocol not supported
EtherApe-INFO: 16:29:03.211: sctp protocol not supported
EtherApe-INFO: 16:29:03.212: sctp protocol not supported
EtherApe-INFO: 16:29:03.212: sctp protocol not supported
EtherApe-INFO: 16:29:03.212: sctp protocol not supported
EtherApe-INFO: 16:29:03.212: sctp protocol not supported
EtherApe-INFO: 16:29:03.212: sctp protocol not supported
EtherApe-INFO: 16:29:03.212: sctp protocol not supported
EtherApe-INFO: 16:29:03.212: sctp protocol not supported
EtherApe-INFO: 16:29:03.212: sctp protocol not supported
EtherApe-INFO: 16:29:03.212: sctp protocol not supported
EtherApe-INFO: 16:29:03.212: sctp protocol not supported
EtherApe-INFO: 16:29:03.212: sctp protocol not supported
EtherApe-INFO: 16:29:03.212: sctp protocol not supported
EtherApe-INFO: 16:29:03.212: sctp protocol not supported
EtherApe-INFO: 16:29:03.212: sctp protocol not supported
EtherApe-INFO: 16:29:03.212: sctp protocol not supported
EtherApe-INFO: 16:29:03.212: sctp protocol not supported
EtherApe-INFO: 16:29:03.212: sctp protocol not supported
EtherApe-INFO: 16:29:03.212: sctp protocol not supported
EtherApe-INFO: 16:29:03.221: get_interface result: ''
EtherApe-INFO: 16:29:03.221: Available interfaces for capture: dbus-session dbus-system nfqueue nflog bluetooth-monitor bluetooth0 lo any wlp2s0
EtherApe-INFO: 16:29:03.222: Link type is LINUX_SLL
EtherApe-INFO: 16:29:03.222: Diagram started
EtherApe-INFO: 16:29:05.781: New node: IP: 149.154.167.50. Number of nodes 1
EtherApe-INFO: 16:29:05.781: New node: IP: 192.168.1.249. Number of nodes 2
EtherApe-INFO: 16:29:06.294: New node: IP: 149.154.167.41. Number of nodes 3
EtherApe-INFO: 16:29:07.573: New node: IP: 9.9.9.9. Number of nodes 4
EtherApe-INFO: 16:29:11.413: New node: IP: 8.8.8.8. Number of nodes 5
EtherApe-INFO: 16:29:14.997: New node: IP: 149.154.167.216. Number of nodes 6
EtherApe-INFO: 16:29:14.997: New node: IP: 149.154.167.92. Number of nodes 7
EtherApe-INFO: 16:29:52.629: New node: IPv6: fe80::503d:dba5:3259:5b9a. Number of nodes 8
EtherApe-INFO: 16:29:52.629: New node: IPv6: ff02::1:2. Number of nodes 9
EtherApe-INFO: 16:29:52.885: New node: IP: 224.0.0.251. Number of nodes 10
EtherApe-INFO: 16:29:52.885: New node: IP: 127.0.0.1. Number of nodes 11
EtherApe-INFO: 16:30:07.477: New node: IP: 91.236.251.234. Number of nodes 12
EtherApe-INFO: 16:30:49.205: New node: IP: 149.154.167.255. Number of nodes 13
EtherApe-INFO: 16:31:13.299: delete node: IP: 8.8.8.8. Number of nodes 12
EtherApe-INFO: 16:31:25.813: New node: IP: 149.154.175.57. Number of nodes 13
EtherApe-INFO: 16:31:25.814: New node: IP: 149.154.175.50. Number of nodes 14
EtherApe-INFO: 16:31:31.762: delete node: IP: 149.154.167.92. Number of nodes 13
EtherApe-INFO: 16:31:42.709: New node: IP: 34.120.208.123. Number of nodes 14
EtherApe-INFO: 16:31:42.966: New node: IP: 142.250.203.202. Number of nodes 15
EtherApe-INFO: 16:31:42.967: New node: IP: 34.160.144.191. Number of nodes 16
EtherApe-INFO: 16:31:43.221: New node: IP: 35.241.9.150. Number of nodes 17
EtherApe-INFO: 16:31:43.222: New node: IP: 44.240.2.129. Number of nodes 18
EtherApe-INFO: 16:31:43.222: New node: IP: 52.26.228.251. Number of nodes 19
EtherApe-INFO: 16:31:43.478: New node: IP: 34.107.141.31. Number of nodes 20
EtherApe-INFO: 16:31:43.479: New node: IP: 104.17.50.74. Number of nodes 21
EtherApe-INFO: 16:31:43.733: New node: IP: 172.64.135.11. Number of nodes 22
EtherApe-INFO: 16:31:43.737: New node: IP: 142.250.186.202. Number of nodes 23
EtherApe-INFO: 16:31:43.992: New node: IP: 104.16.248.249. Number of nodes 24
EtherApe-INFO: 16:31:44.246: New node: IP: 54.188.242.45. Number of nodes 25
EtherApe-INFO: 16:31:44.246: New node: IP: 104.18.13.33. Number of nodes 26
EtherApe-INFO: 16:31:44.246: New node: IP: 8.8.8.8. Number of nodes 27
EtherApe-INFO: 16:31:44.501: New node: IP: 34.107.221.82. Number of nodes 28
EtherApe-INFO: 16:31:44.502: New node: IP: 104.16.249.249. Number of nodes 29
EtherApe-INFO: 16:31:45.526: New node: IP: 192.229.221.95. Number of nodes 30
EtherApe-INFO: 16:31:45.784: New node: IP: 172.64.106.28. Number of nodes 31
EtherApe-INFO: 16:31:46.304: New node: IP: 54.155.178.5. Number of nodes 32
EtherApe-INFO: 16:31:46.304: New node: IP: 142.251.39.3. Number of nodes 33
EtherApe-INFO: 16:31:46.813: New node: IP: 104.83.4.154. Number of nodes 34
EtherApe-INFO: 16:31:46.817: New node: IP: 104.16.243.94. Number of nodes 35
EtherApe-INFO: 16:31:47.067: New node: IP: 54.80.2.54. Number of nodes 36
EtherApe-INFO: 16:31:47.067: New node: IP: 104.18.12.33. Number of nodes 37
EtherApe-INFO: 16:31:47.070: New node: IP: 18.65.41.56. Number of nodes 38
EtherApe-INFO: 16:31:47.320: New node: IP: 104.16.99.56. Number of nodes 39
EtherApe-INFO: 16:31:47.322: New node: IP: 35.81.185.20. Number of nodes 40
EtherApe-INFO: 16:31:47.323: New node: IP: 104.18.21.226. Number of nodes 41
EtherApe-INFO: 16:31:47.326: New node: IP: 13.225.78.84. Number of nodes 42
EtherApe-INFO: 16:31:47.584: New node: IP: 52.57.192.23. Number of nodes 43
EtherApe-INFO: 16:31:47.840: New node: IP: 18.65.32.234. Number of nodes 44
EtherApe-INFO: 16:31:47.843: New node: IP: 185.199.110.154. Number of nodes 45
EtherApe-INFO: 16:31:48.085: New node: IP: 35.186.227.140. Number of nodes 46
EtherApe-INFO: 16:31:48.086: New node: IP: 142.251.208.100. Number of nodes 47
EtherApe-INFO: 16:31:48.345: New node: IP: 62.182.19.39. Number of nodes 48
EtherApe-INFO: 16:31:48.346: New node: IP: 45.57.90.1. Number of nodes 49
EtherApe-INFO: 16:31:48.348: New node: IP: 54.148.183.145. Number of nodes 50
EtherApe-INFO: 16:31:48.599: New node: IP: 140.82.121.3. Number of nodes 51
EtherApe-INFO: 16:31:48.859: New node: IP: 13.225.75.76. Number of nodes 52
EtherApe-INFO: 16:31:48.860: New node: IP: 104.19.188.97. Number of nodes 53
EtherApe-INFO: 16:31:49.121: New node: IP: 13.32.12.113. Number of nodes 54
EtherApe-INFO: 16:31:49.124: New node: IP: 142.251.208.101. Number of nodes 55
EtherApe-INFO: 16:31:49.124: New node: IP: 104.19.187.97. Number of nodes 56
EtherApe-INFO: 16:31:49.368: New node: IP: 140.82.114.25. Number of nodes 57
EtherApe-INFO: 16:31:50.397: New node: IP: 185.199.111.133. Number of nodes 58
EtherApe-INFO: 16:31:50.400: New node: IP: 35.169.175.30. Number of nodes 59
EtherApe-INFO: 16:31:50.650: New node: IP: 54.170.39.204. Number of nodes 60
EtherApe-INFO: 16:31:50.908: New node: IP: 52.84.178.236. Number of nodes 61
EtherApe-INFO: 16:31:51.419: New node: IP: 142.250.180.195. Number of nodes 62
EtherApe-INFO: 16:31:52.439: New node: IP: 142.250.180.238. Number of nodes 63
EtherApe-INFO: 16:31:52.439: New node: IP: 142.251.39.36. Number of nodes 64
EtherApe-INFO: 16:31:52.442: New node: IP: 142.250.201.206. Number of nodes 65
EtherApe-INFO: 16:31:52.948: New node: IP: 52.29.123.56. Number of nodes 66
EtherApe-INFO: 16:31:52.951: New node: IP: 13.224.193.202. Number of nodes 67
EtherApe-INFO: 16:31:52.953: New node: IP: 18.65.40.40. Number of nodes 68
EtherApe-INFO: 16:31:53.211: New node: IP: 142.251.208.131. Number of nodes 69
EtherApe-INFO: 16:31:53.973: New node: IP: 18.159.68.239. Number of nodes 70
EtherApe-INFO: 16:31:55.000: New node: IP: 13.32.50.49. Number of nodes 71
EtherApe-INFO: 16:31:55.770: New node: IP: 172.217.20.10. Number of nodes 72
EtherApe-INFO: 16:31:55.775: New node: IP: 142.251.208.138. Number of nodes 73
EtherApe-INFO: 16:31:55.783: New node: IP: 104.18.40.133. Number of nodes 74
EtherApe-INFO: 16:31:55.793: New node: IP: 192.124.249.22. Number of nodes 75
EtherApe-INFO: 16:31:57.045: New node: IP: 13.225.78.34. Number of nodes 76
EtherApe-INFO: 16:31:57.055: New node: IP: 142.251.39.46. Number of nodes 77
EtherApe-INFO: 16:31:57.562: New node: IP: 142.251.208.142. Number of nodes 78
EtherApe-INFO: 16:31:57.564: New node: IP: 142.251.208.106. Number of nodes 79
EtherApe-INFO: 16:31:58.076: New node: IP: 172.217.20.14. Number of nodes 80
EtherApe-INFO: 16:31:59.355: New node: IP: 46.246.44.4. Number of nodes 81
EtherApe-INFO: 16:31:59.359: New node: IP: 151.101.193.208. Number of nodes 82
EtherApe-INFO: 16:31:59.623: New node: IP: 142.251.208.170. Number of nodes 83
EtherApe-INFO: 16:32:00.124: New node: IP: 172.217.20.1. Number of nodes 84
EtherApe-INFO: 16:32:00.895: New node: IP: 142.251.208.110. Number of nodes 85
EtherApe-INFO: 16:32:01.398: New node: IP: 185.199.109.133. Number of nodes 86
EtherApe-INFO: 16:32:01.398: New node: IP: 185.199.108.133. Number of nodes 87
EtherApe-INFO: 16:32:02.165: New node: IP: 13.224.189.31. Number of nodes 88
EtherApe-INFO: 16:32:02.166: New node: IP: 104.198.63.0. Number of nodes 89
EtherApe-INFO: 16:32:02.683: New node: IP: 142.250.180.234. Number of nodes 90
EtherApe-INFO: 16:32:03.702: New node: IP: 198.185.159.145. Number of nodes 91
EtherApe-INFO: 16:32:03.713: New node: IP: 104.103.72.138. Number of nodes 92
EtherApe-INFO: 16:32:03.715: New node: IP: 104.103.72.179. Number of nodes 93
EtherApe-INFO: 16:32:03.961: New node: IP: 151.101.128.238. Number of nodes 94
EtherApe-INFO: 16:32:03.962: New node: IP: 151.101.0.237. Number of nodes 95
EtherApe-INFO: 16:32:04.222: delete node: IP: 127.0.0.1. Number of nodes 94
EtherApe-INFO: 16:32:04.489: New node: IP: 151.101.128.84. Number of nodes 95
EtherApe-INFO: 16:32:04.732: New node: IP: 104.17.182.177. Number of nodes 96
EtherApe-INFO: 16:32:05.008: New node: IP: 87.245.217.77. Number of nodes 97
EtherApe-INFO: 16:32:05.503: New node: IP: 104.16.240.21. Number of nodes 98
EtherApe-INFO: 16:32:05.752: New node: IP: 104.16.42.65. Number of nodes 99
EtherApe-INFO: 16:32:05.799: delete node: IP: 224.0.0.251. Number of nodes 98
EtherApe-INFO: 16:32:06.005: New node: IP: 104.70.110.199. Number of nodes 99
EtherApe-INFO: 16:32:06.275: New node: IP: 192.168.0.1. Number of nodes 100
EtherApe-INFO: 16:32:06.280: New node: IP: 142.251.39.22. Number of nodes 101
EtherApe-INFO: 16:32:06.280: New node: IP: 13.225.78.26. Number of nodes 102
EtherApe-INFO: 16:32:06.773: New node: IP: 104.83.4.17. Number of nodes 103
EtherApe-INFO: 16:32:06.774: New node: IP: 192.168.0.218. Number of nodes 104
EtherApe-INFO: 16:32:07.713: delete node: IP: 91.236.251.234. Number of nodes 103
EtherApe-INFO: 16:32:07.800: New node: IP: 172.217.19.110. Number of nodes 104
EtherApe-INFO: 16:32:08.311: New node: IP: 77.120.113.88. Number of nodes 105
EtherApe-INFO: 16:32:08.577: New node: IP: 172.64.155.188. Number of nodes 106
EtherApe-INFO: 16:32:08.581: New node: IP: 104.83.4.56. Number of nodes 107
EtherApe-INFO: 16:32:09.335: New node: IP: 104.18.14.117. Number of nodes 108
EtherApe-INFO: 16:32:09.607: New node: IP: 104.83.4.208. Number of nodes 109
EtherApe-INFO: 16:32:09.607: New node: IP: 142.251.39.42. Number of nodes 110
EtherApe-INFO: 16:32:10.110: New node: IP: 52.215.192.132. Number of nodes 111
EtherApe-INFO: 16:32:10.880: New node: IP: 142.251.39.74. Number of nodes 112
EtherApe-INFO: 16:32:12.155: New node: IP: 127.0.0.1. Number of nodes 113
EtherApe-INFO: 16:32:12.155: New node: IP: 224.0.0.251. Number of nodes 114
EtherApe-INFO: 16:32:12.925: New node: IP: 193.34.168.232. Number of nodes 115
EtherApe-INFO: 16:32:12.929: New node: IP: 188.114.97.12. Number of nodes 116
EtherApe-INFO: 16:32:12.930: New node: IP: 188.114.96.12. Number of nodes 117
EtherApe-INFO: 16:32:15.491: New node: IP: 91.236.251.234. Number of nodes 118
EtherApe-INFO: 16:32:57.974: New node: IP: 192.168.1.1. Number of nodes 119
EtherApe-INFO: 16:32:58.741: New node: IP: 78.46.178.133. Number of nodes 120
EtherApe-INFO: 16:33:11.036: New node: IP: 199.232.16.84. Number of nodes 121
EtherApe-INFO: 16:33:11.797: New node: IP: 45.130.41.186. Number of nodes 122
EtherApe-INFO: 16:33:14.104: New node: IP: 5.8.31.90. Number of nodes 123
EtherApe-INFO: 16:33:15.638: New node: IP: 194.84.83.149. Number of nodes 124
EtherApe-INFO: 16:33:15.639: New node: IP: 194.84.120.181. Number of nodes 125
EtherApe-INFO: 16:33:24.856: delete node: IP: 149.154.167.255. Number of nodes 124
EtherApe-INFO: 16:33:25.878: New node: IP: 185.199.111.153. Number of nodes 125
EtherApe-INFO: 16:33:26.489: delete node: IP: 149.154.175.50. Number of nodes 124
EtherApe-INFO: 16:33:34.655: delete node: IP: 149.154.167.50. Number of nodes 123
EtherApe-INFO: 16:33:41.500: New node: IP: 139.45.205.11. Number of nodes 124
EtherApe-INFO: 16:33:43.059: delete node: IP: 149.154.175.57. Number of nodes 123
EtherApe-INFO: 16:33:44.670: delete node: IP: 8.8.8.8. Number of nodes 122
EtherApe-INFO: 16:33:46.943: delete node: IP: 172.64.106.28. Number of nodes 121
EtherApe-INFO: 16:33:46.943: delete node: IP: 142.250.203.202. Number of nodes 120
EtherApe-INFO: 16:33:46.943: delete node: IP: 104.16.248.249. Number of nodes 119
EtherApe-INFO: 16:33:47.721: delete node: IP: 172.64.135.11. Number of nodes 118
EtherApe-INFO: 16:33:47.721: delete node: IP: 142.250.186.202. Number of nodes 117
EtherApe-INFO: 16:33:47.721: delete node: IP: 104.18.12.33. Number of nodes 116
EtherApe-INFO: 16:33:47.721: delete node: IP: 104.16.243.94. Number of nodes 115
EtherApe-INFO: 16:33:47.721: delete node: IP: 54.188.242.45. Number of nodes 114
EtherApe-INFO: 16:33:48.958: delete node: IP: 104.19.188.97. Number of nodes 113
EtherApe-INFO: 16:33:49.188: delete node: IP: 104.19.187.97. Number of nodes 112
EtherApe-INFO: 16:33:50.525: delete node: IP: 54.148.183.145. Number of nodes 111
EtherApe-INFO: 16:33:51.302: delete node: IP: 54.170.39.204. Number of nodes 110
EtherApe-INFO: 16:33:52.873: delete node: IP: 35.81.185.20. Number of nodes 109
EtherApe-INFO: 16:33:53.093: delete node: IP: 52.29.123.56. Number of nodes 108
EtherApe-INFO: 16:33:54.040: New node: IP: 77.87.196.233. Number of nodes 109
EtherApe-INFO: 16:33:54.357: delete node: IP: 18.159.68.239. Number of nodes 108
EtherApe-INFO: 16:33:57.622: New node: IP: 52.41.128.201. Number of nodes 109
EtherApe-INFO: 16:33:58.646: delete node: IP: 172.217.20.10. Number of nodes 108
EtherApe-INFO: 16:34:00.979: delete node: IP: 172.217.20.1. Number of nodes 107
EtherApe-INFO: 16:34:02.011: delete node: IP: 185.199.109.133. Number of nodes 106
EtherApe-INFO: 16:34:02.011: delete node: IP: 185.199.108.133. Number of nodes 105
EtherApe-INFO: 16:34:03.823: delete node: IP: 142.251.208.100. Number of nodes 104
EtherApe-INFO: 16:34:04.061: delete node: IP: 151.101.0.237. Number of nodes 103
EtherApe-INFO: 16:34:04.061: delete node: IP: 104.103.72.179. Number of nodes 102
EtherApe-INFO: 16:34:04.061: delete node: IP: 104.103.72.138. Number of nodes 101
EtherApe-INFO: 16:34:04.061: delete node: IP: 45.57.90.1. Number of nodes 100
EtherApe-INFO: 16:34:05.840: delete node: IP: 46.246.44.4. Number of nodes 99
EtherApe-INFO: 16:34:08.176: delete node: IP: 172.217.19.110. Number of nodes 98
EtherApe-INFO: 16:34:10.264: delete node: IP: 142.251.208.106. Number of nodes 97
EtherApe-INFO: 16:34:10.264: delete node: IP: 142.251.39.42. Number of nodes 96
EtherApe-INFO: 16:34:12.219: delete node: IP: 127.0.0.1. Number of nodes 95
EtherApe-INFO: 16:34:14.605: delete node: IP: 224.0.0.251. Number of nodes 94
EtherApe-INFO: 16:34:14.605: delete node: IP: 77.120.113.88. Number of nodes 93
EtherApe-INFO: 16:34:15.371: delete node: IP: 151.101.128.238. Number of nodes 92
EtherApe-INFO: 16:34:15.800: delete node: IP: 91.236.251.234. Number of nodes 91
EtherApe-INFO: 16:34:29.907: delete node: IP: 192.168.0.1. Number of nodes 90
EtherApe-INFO: 16:34:31.950: delete node: IP: 192.168.0.218. Number of nodes 89
EtherApe-INFO: 16:34:38.874: delete node: IP: 198.185.159.145. Number of nodes 88
EtherApe-INFO: 16:34:41.911: New node: IP: 185.197.162.22. Number of nodes 89
EtherApe-INFO: 16:34:47.541: delete node: IP: 52.26.228.251. Number of nodes 88
EtherApe-INFO: 16:34:48.310: delete node: IP: 44.240.2.129. Number of nodes 87
EtherApe-INFO: 16:34:50.376: delete node: IP: 52.57.192.23. Number of nodes 86
EtherApe-INFO: 16:34:50.704: delete node: IP: 62.182.19.39. Number of nodes 85
EtherApe-INFO: 16:34:58.130: delete node: IP: 192.168.1.1. Number of nodes 84
EtherApe-INFO: 16:34:58.833: delete node: IP: 78.46.178.133. Number of nodes 83
EtherApe-INFO: 16:35:08.067: delete node: IP: 192.124.249.22. Number of nodes 82
EtherApe-INFO: 16:35:12.206: delete node: IP: 199.232.16.84. Number of nodes 81
EtherApe-INFO: 16:35:12.420: delete node: IP: 45.130.41.186. Number of nodes 80
EtherApe-INFO: 16:35:14.250: delete node: IP: 104.198.63.0. Number of nodes 79
EtherApe-INFO: 16:35:14.464: delete node: IP: 5.8.31.90. Number of nodes 78
EtherApe-INFO: 16:35:17.041: delete node: IP: 194.84.120.181. Number of nodes 77
EtherApe-INFO: 16:35:17.041: delete node: IP: 194.84.83.149. Number of nodes 76
EtherApe-INFO: 16:35:18.331: delete node: IP: 193.34.168.232. Number of nodes 75
EtherApe-INFO: 16:35:19.030: New node: IP: 176.122.96.225. Number of nodes 76
EtherApe-INFO: 16:35:28.246: New node: IP: 151.101.129.229. Number of nodes 77
EtherApe-INFO: 16:35:43.186: delete node: IP: 104.18.21.226. Number of nodes 76
EtherApe-INFO: 16:35:43.186: delete node: IP: 18.65.32.234. Number of nodes 75
EtherApe-INFO: 16:35:49.038: delete node: IP: 18.65.40.40. Number of nodes 74
EtherApe-INFO: 16:35:51.300: delete node: IP: 52.84.178.236. Number of nodes 73
EtherApe-INFO: 16:35:55.217: delete node: IP: 104.83.4.154. Number of nodes 72
EtherApe-INFO: 16:36:06.156: delete node: IP: 142.251.39.3. Number of nodes 71
EtherApe-INFO: 16:36:06.156: delete node: IP: 104.70.110.199. Number of nodes 70
EtherApe-INFO: 16:36:07.200: delete node: IP: 104.83.4.17. Number of nodes 69
EtherApe-INFO: 16:36:08.693: New node: IP: 34.98.75.36. Number of nodes 70
EtherApe-INFO: 16:36:08.694: New node: IP: 95.101.54.131. Number of nodes 71
EtherApe-INFO: 16:36:08.982: delete node: IP: 172.64.155.188. Number of nodes 70
EtherApe-INFO: 16:36:17.687: delete node: IP: 104.83.4.56. Number of nodes 69
EtherApe-INFO: 16:36:28.152: New node: IP: 127.0.0.1. Number of nodes 70
EtherApe-INFO: 16:36:28.152: New node: IP: 224.0.0.251. Number of nodes 71
EtherApe-INFO: 16:36:31.732: New node: IP: 91.236.251.234. Number of nodes 72
EtherApe-INFO: 16:36:35.836: delete node: IP: 34.107.221.82. Number of nodes 71
EtherApe-INFO: 16:36:37.422: delete node: IP: 104.17.50.74. Number of nodes 70
EtherApe-INFO: 16:36:39.506: delete node: IP: 104.18.13.33. Number of nodes 69
EtherApe-INFO: 16:36:39.506: delete node: IP: 104.16.99.56. Number of nodes 68
EtherApe-INFO: 16:36:39.506: delete node: IP: 35.241.9.150. Number of nodes 67
EtherApe-INFO: 16:36:39.506: delete node: IP: 34.107.141.31. Number of nodes 66
EtherApe-INFO: 16:36:39.506: delete node: IP: 13.225.78.84. Number of nodes 65
EtherApe-INFO: 16:36:44.830: delete node: IP: 13.224.193.202. Number of nodes 64
EtherApe-INFO: 16:36:44.830: delete node: IP: 13.32.12.113. Number of nodes 63
EtherApe-INFO: 16:36:45.354: delete node: IP: 35.169.175.30. Number of nodes 62
EtherApe-INFO: 16:36:47.093: New node: IP: 54.188.242.45. Number of nodes 63
EtherApe-INFO: 16:36:48.191: delete node: IP: 18.65.41.56. Number of nodes 62
EtherApe-INFO: 16:36:49.658: delete node: IP: 172.217.20.14. Number of nodes 61
EtherApe-INFO: 16:36:50.709: delete node: IP: 142.251.208.142. Number of nodes 60
EtherApe-INFO: 16:36:50.709: delete node: IP: 13.32.50.49. Number of nodes 59
EtherApe-INFO: 16:36:53.541: delete node: IP: 185.199.111.133. Number of nodes 58
EtherApe-INFO: 16:36:53.541: delete node: IP: 151.101.193.208. Number of nodes 57
EtherApe-INFO: 16:36:53.541: delete node: IP: 142.251.208.170. Number of nodes 56
EtherApe-INFO: 16:36:53.541: delete node: IP: 13.225.75.76. Number of nodes 55
EtherApe-INFO: 16:36:53.541: delete node: IP: 13.224.189.31. Number of nodes 54
EtherApe-INFO: 16:36:54.587: delete node: IP: 142.250.180.234. Number of nodes 53
EtherApe-INFO: 16:36:54.587: delete node: IP: 104.18.40.133. Number of nodes 52
EtherApe-INFO: 16:36:55.840: delete node: IP: 151.101.128.84. Number of nodes 51
EtherApe-INFO: 16:36:55.840: delete node: IP: 104.17.182.177. Number of nodes 50
EtherApe-INFO: 16:36:57.093: delete node: IP: 104.16.240.21. Number of nodes 49
EtherApe-INFO: 16:36:57.093: delete node: IP: 104.16.42.65. Number of nodes 48
EtherApe-INFO: 16:36:57.093: delete node: IP: 13.225.78.26. Number of nodes 47
EtherApe-INFO: 16:36:58.661: delete node: IP: 142.250.180.238. Number of nodes 46
EtherApe-INFO: 16:36:59.197: delete node: IP: 185.199.110.154. Number of nodes 45
EtherApe-INFO: 16:36:59.407: delete node: IP: 52.41.128.201. Number of nodes 44
EtherApe-INFO: 16:37:00.668: delete node: IP: 104.18.14.117. Number of nodes 43
EtherApe-INFO: 16:37:01.518: delete node: IP: 142.251.39.46. Number of nodes 42
EtherApe-INFO: 16:37:01.518: delete node: IP: 52.215.192.132. Number of nodes 41
EtherApe-INFO: 16:37:03.304: delete node: IP: 142.251.39.74. Number of nodes 40
EtherApe-INFO: 16:37:04.037: delete node: IP: 188.114.97.12. Number of nodes 39
EtherApe-INFO: 16:37:04.560: delete node: IP: 54.155.178.5. Number of nodes 38
EtherApe-INFO: 16:37:07.379: delete node: IP: 192.229.221.95. Number of nodes 37
EtherApe-INFO: 16:37:10.198: delete node: IP: 77.87.196.233. Number of nodes 36
EtherApe-INFO: 16:37:23.524: delete node: IP: 104.83.4.208. Number of nodes 35
EtherApe-INFO: 16:37:29.333: New node: IP: 142.250.185.195. Number of nodes 36
EtherApe-INFO: 16:37:29.379: delete node: IP: 140.82.121.3. Number of nodes 35
EtherApe-INFO: 16:37:33.464: delete node: IP: 176.122.96.225. Number of nodes 34
EtherApe-INFO: 16:37:33.942: New node: IP: 149.154.167.255. Number of nodes 35
EtherApe-INFO: 16:37:37.564: delete node: IP: 139.45.205.11. Number of nodes 34
EtherApe-INFO: 16:37:40.905: delete node: IP: 87.245.217.77. Number of nodes 33
EtherApe-INFO: 16:37:43.202: delete node: IP: 185.197.162.22. Number of nodes 32
EtherApe-INFO: 16:37:58.006: New node: IP: 192.168.1.1. Number of nodes 33
EtherApe-INFO: 16:37:58.774: New node: IP: 78.46.178.133. Number of nodes 34
EtherApe-INFO: 16:38:07.477: New node: IP: 192.168.1.255. Number of nodes 35
EtherApe-INFO: 16:38:07.477: New node: IP: 149.154.175.57. Number of nodes 36
EtherApe-INFO: 16:38:07.477: New node: IP: 149.154.175.54. Number of nodes 37
EtherApe-INFO: 16:38:10.037: New node: IP: 149.154.175.211. Number of nodes 38
EtherApe-INFO: 16:38:16.950: delete node: IP: 188.114.96.12. Number of nodes 37
EtherApe-INFO: 16:38:26.933: New node: IP: 104.16.248.249. Number of nodes 38
EtherApe-INFO: 16:38:32.641: delete node: IP: 91.236.251.234. Number of nodes 37
EtherApe-INFO: 16:38:39.762: delete node: IP: 142.251.208.110. Number of nodes 36
EtherApe-INFO: 16:38:44.156: delete node: IP: 142.251.208.131. Number of nodes 35
EtherApe-INFO: 16:38:45.412: delete node: IP: 142.251.39.22. Number of nodes 34
EtherApe-INFO: 16:38:47.497: delete node: IP: 54.188.242.45. Number of nodes 33
EtherApe-INFO: 16:39:04.064: delete node: IP: 34.120.208.123. Number of nodes 32
EtherApe-INFO: 16:39:18.928: delete node: IP: 185.199.111.153. Number of nodes 31
EtherApe-INFO: 16:39:48.679: delete node: IP: 142.251.39.36. Number of nodes 30
EtherApe-INFO: 16:39:52.533: delete node: IP: 35.186.227.140. Number of nodes 29
EtherApe-INFO: 16:39:58.892: delete node: IP: 192.168.1.1. Number of nodes 28
EtherApe-INFO: 16:39:58.892: delete node: IP: 78.46.178.133. Number of nodes 27
EtherApe-INFO: 16:39:59.619: delete node: IP: 142.250.201.206. Number of nodes 26
EtherApe-INFO: 16:40:02.515: delete node: IP: 142.250.180.195. Number of nodes 25
EtherApe-INFO: 16:40:04.481: delete node: IP: 95.101.54.131. Number of nodes 24
EtherApe-INFO: 16:40:08.623: delete node: IP: 192.168.1.255. Number of nodes 23
EtherApe-INFO: 16:40:08.623: delete node: IP: 149.154.175.54. Number of nodes 22
EtherApe-INFO: 16:40:10.897: delete node: IP: 9.9.9.9. Number of nodes 21
EtherApe-INFO: 16:40:18.862: delete node: IP: 151.101.129.229. Number of nodes 20
EtherApe-INFO: 16:40:27.059: delete node: IP: 104.16.248.249. Number of nodes 19
EtherApe-INFO: 16:40:34.493: delete node: IP: 149.154.175.57. Number of nodes 18
EtherApe-INFO: 16:40:54.688: delete node: IP: 149.154.167.255. Number of nodes 17
EtherApe-INFO: 16:40:54.913: New node: IP: 172.217.23.101. Number of nodes 18
EtherApe-INFO: 16:40:55.159: New node: IP: 9.9.9.9. Number of nodes 19
EtherApe-INFO: 16:40:55.926: New node: IP: 149.154.167.255. Number of nodes 20
EtherApe-INFO: 16:41:00.096: delete node: IP: 34.160.144.191. Number of nodes 19
EtherApe-INFO: 16:41:00.096: delete node: IP: 34.98.75.36. Number of nodes 18
EtherApe-INFO: 16:41:18.796: delete node: IP: 149.154.175.211. Number of nodes 17
EtherApe-INFO: 16:41:47.381: New node: IP: 54.188.242.45. Number of nodes 18
EtherApe-INFO: 16:41:48.406: New node: IP: 142.251.208.164. Number of nodes 19
EtherApe-INFO: 16:41:49.173: New node: IP: 142.250.180.206. Number of nodes 20
EtherApe-INFO: 16:41:50.199: New node: IP: 142.250.201.193. Number of nodes 21
EtherApe-INFO: 16:41:50.199: New node: IP: 172.217.19.99. Number of nodes 22
EtherApe-INFO: 16:41:53.015: New node: IP: 52.41.128.201. Number of nodes 23
EtherApe-INFO: 16:41:53.015: New node: IP: 35.186.227.140. Number of nodes 24
EtherApe-INFO: 16:41:53.269: New node: IP: 54.170.39.204. Number of nodes 25
EtherApe-INFO: 16:42:14.773: New node: IP: 104.18.14.117. Number of nodes 26
EtherApe-INFO: 16:42:15.382: delete node: IP: 224.0.0.251. Number of nodes 25
EtherApe-INFO: 16:42:15.382: delete node: IP: 127.0.0.1. Number of nodes 24
EtherApe-INFO: 16:42:23.477: New node: IP: 224.0.0.251. Number of nodes 25
EtherApe-INFO: 16:42:23.477: New node: IP: 127.0.0.1. Number of nodes 26
EtherApe-INFO: 16:42:23.736: New node: IP: 142.250.185.202. Number of nodes 27
EtherApe-INFO: 16:42:23.991: New node: IP: 142.250.180.227. Number of nodes 28
EtherApe-INFO: 16:42:27.576: New node: IP: 142.250.180.238. Number of nodes 29
EtherApe-INFO: 16:42:46.597: delete node: IP: 142.251.208.101. Number of nodes 28
EtherApe-INFO: 16:42:50.618: New node: IP: 142.251.39.74. Number of nodes 29
EtherApe-INFO: 16:42:58.037: New node: IP: 192.168.1.1. Number of nodes 30
EtherApe-INFO: 16:42:58.806: New node: IP: 78.46.178.133. Number of nodes 31
EtherApe-INFO: 16:43:12.171: delete node: IP: 149.154.167.255. Number of nodes 30
EtherApe-INFO: 16:43:20.311: New node: IP: 142.251.208.118. Number of nodes 31
EtherApe-INFO: 16:43:24.149: New node: IP: 142.251.208.170. Number of nodes 32
EtherApe-INFO: 16:43:25.429: New node: IP: 8.8.8.8. Number of nodes 33
EtherApe-INFO: 16:43:47.704: delete node: IP: 54.188.242.45. Number of nodes 32
EtherApe-INFO: 16:43:55.638: New node: IP: 142.250.180.197. Number of nodes 33
EtherApe-INFO: 16:43:59.738: delete node: IP: 54.170.39.204. Number of nodes 32
EtherApe-INFO: 16:44:14.841: delete node: IP: 104.18.14.117. Number of nodes 31
EtherApe-INFO: 16:44:23.580: delete node: IP: 224.0.0.251. Number of nodes 30
EtherApe-INFO: 16:44:23.580: delete node: IP: 127.0.0.1. Number of nodes 29
EtherApe-INFO: 16:44:24.617: delete node: IP: 142.250.185.202. Number of nodes 28
EtherApe-INFO: 16:44:58.391: delete node: IP: 192.168.1.1. Number of nodes 27
EtherApe-INFO: 16:44:59.140: delete node: IP: 78.46.178.133. Number of nodes 26
EtherApe-INFO: 16:45:00.150: New node: IP: 127.0.0.1. Number of nodes 27
EtherApe-INFO: 16:45:00.150: New node: IP: 224.0.0.251. Number of nodes 28
EtherApe-INFO: 16:45:03.989: New node: IP: 91.236.251.234. Number of nodes 29
EtherApe-INFO: 16:45:25.499: delete node: IP: 8.8.8.8. Number of nodes 28
EtherApe-INFO: 16:45:36.326: delete node: IP: 149.154.167.216. Number of nodes 27
EtherApe-INFO: 16:45:42.645: New node: IP: 172.67.170.15. Number of nodes 28
EtherApe-INFO: 16:45:42.902: New node: IP: 192.229.221.95. Number of nodes 29
EtherApe-INFO: 16:45:43.670: New node: IP: 104.21.47.23. Number of nodes 30
EtherApe-INFO: 16:45:47.597: delete node: IP: 172.217.19.99. Number of nodes 29
EtherApe-INFO: 16:45:48.547: delete node: IP: 172.217.23.101. Number of nodes 28
EtherApe-INFO: 16:45:55.190: New node: IP: 34.120.208.123. Number of nodes 29
EtherApe-INFO: 16:45:58.517: New node: IP: 142.250.180.228. Number of nodes 30
EtherApe-INFO: 16:46:01.590: New node: IP: 65.109.86.69. Number of nodes 31
EtherApe-INFO: 16:46:02.102: New node: IP: 91.198.174.208. Number of nodes 32
EtherApe-INFO: 16:46:41.290: delete node: IP: 142.250.201.193. Number of nodes 31
EtherApe-INFO: 16:46:46.737: delete node: IP: 142.250.180.227. Number of nodes 30
EtherApe-INFO: 16:46:47.412: New node: IP: 54.188.242.45. Number of nodes 31
EtherApe-INFO: 16:47:04.072: delete node: IP: 91.236.251.234. Number of nodes 30
EtherApe-INFO: 16:47:11.734: New node: IP: 172.217.20.14. Number of nodes 31
EtherApe-INFO: 16:47:11.735: New node: IP: 172.217.19.99. Number of nodes 32
EtherApe-INFO: 16:47:36.373: delete node: IP: 142.251.39.74. Number of nodes 31
EtherApe-INFO: 16:47:44.349: delete node: IP: 104.21.47.23. Number of nodes 30
EtherApe-INFO: 16:47:58.069: New node: IP: 192.168.1.1. Number of nodes 31
EtherApe-INFO: 16:47:58.837: New node: IP: 78.46.178.133. Number of nodes 32
EtherApe-INFO: 16:48:10.716: delete node: IP: 142.251.208.118. Number of nodes 31
EtherApe-INFO: 16:48:11.963: delete node: IP: 142.250.180.206. Number of nodes 30
EtherApe-INFO: 16:48:14.787: delete node: IP: 142.251.208.170. Number of nodes 29
EtherApe-INFO: 16:48:33.654: New node: IP: 46.243.181.16. Number of nodes 30
EtherApe-INFO: 16:48:33.909: New node: IP: 104.83.4.208. Number of nodes 31
EtherApe-INFO: 16:48:36.470: New node: IP: 142.251.39.3. Number of nodes 32
EtherApe-INFO: 16:48:36.726: New node: IP: 8.8.8.8. Number of nodes 33
EtherApe-INFO: 16:48:36.981: New node: IP: 1.1.1.1. Number of nodes 34
EtherApe-INFO: 16:48:39.384: delete node: IP: 224.0.0.251. Number of nodes 33
EtherApe-INFO: 16:48:39.384: delete node: IP: 127.0.0.1. Number of nodes 32
EtherApe-INFO: 16:48:47.737: delete node: IP: 54.188.242.45. Number of nodes 31
EtherApe-INFO: 16:48:49.111: delete node: IP: 142.250.180.197. Number of nodes 30
EtherApe-INFO: 16:48:55.157: New node: IP: 104.17.50.74. Number of nodes 31
EtherApe-INFO: 16:48:55.413: New node: IP: 172.64.135.11. Number of nodes 32
EtherApe-INFO: 16:48:56.949: New node: IP: 142.251.39.69. Number of nodes 33
EtherApe-INFO: 16:48:57.462: New node: IP: 172.64.193.7. Number of nodes 34
EtherApe-INFO: 16:48:57.717: New node: IP: 104.83.4.154. Number of nodes 35
EtherApe-INFO: 16:48:57.718: New node: IP: 62.182.99.76. Number of nodes 36
EtherApe-INFO: 16:49:39.285: delete node: IP: 192.229.221.95. Number of nodes 35
EtherApe-INFO: 16:49:58.446: delete node: IP: 192.168.1.1. Number of nodes 34
EtherApe-INFO: 16:49:58.973: delete node: IP: 78.46.178.133. Number of nodes 33
EtherApe-INFO: 16:50:02.843: delete node: IP: 91.198.174.208. Number of nodes 32
EtherApe-INFO: 16:50:29.902: delete node: IP: 142.250.180.238. Number of nodes 31
EtherApe-INFO: 16:50:35.009: delete node: IP: 172.67.170.15. Number of nodes 30
EtherApe-INFO: 16:50:50.378: delete node: IP: 142.250.180.228. Number of nodes 29
EtherApe-INFO: 16:50:50.378: delete node: IP: 34.120.208.123. Number of nodes 28
EtherApe-INFO: 16:50:52.766: delete node: IP: 142.251.208.164. Number of nodes 27
EtherApe-INFO: 16:51:01.209: delete node: IP: 54.80.2.54. Number of nodes 26
EtherApe-INFO: 16:51:04.951: delete node: IP: 8.8.8.8. Number of nodes 25
EtherApe-INFO: 16:51:04.951: delete node: IP: 1.1.1.1. Number of nodes 24
EtherApe-INFO: 16:51:16.562: delete node: IP: 52.41.128.201. Number of nodes 23
EtherApe-INFO: 16:51:27.047: delete node: IP: 142.251.208.138. Number of nodes 22
EtherApe-INFO: 16:51:40.334: delete node: IP: 65.109.86.69. Number of nodes 21
EtherApe-INFO: 16:51:40.334: delete node: IP: 46.243.181.16. Number of nodes 20
EtherApe-INFO: 16:51:47.702: New node: IP: 54.188.242.45. Number of nodes 21
EtherApe-INFO: 16:52:05.128: delete node: IP: 172.217.20.14. Number of nodes 20
EtherApe-INFO: 16:52:15.861: New node: IP: 54.170.39.204. Number of nodes 21
EtherApe-INFO: 16:52:26.614: New node: IP: 149.154.167.216. Number of nodes 22
EtherApe-INFO: 16:52:31.040: delete node: IP: 104.83.4.208. Number of nodes 21
EtherApe-INFO: 16:52:35.573: New node: IP: 54.188.197.164. Number of nodes 22
EtherApe-INFO: 16:52:36.597: New node: IP: 199.232.18.49. Number of nodes 23
EtherApe-INFO: 16:52:50.972: delete node: IP: 13.225.78.34. Number of nodes 22
EtherApe-INFO: 16:52:53.553: delete node: IP: 104.83.4.154. Number of nodes 21
EtherApe-INFO: 16:52:55.099: delete node: IP: 172.217.19.99. Number of nodes 20
EtherApe-INFO: 16:52:58.101: New node: IP: 192.168.1.1. Number of nodes 21
EtherApe-INFO: 16:52:59.382: New node: IP: 78.46.178.133. Number of nodes 22
EtherApe-INFO: 16:53:28.058: delete node: IP: 142.251.39.3. Number of nodes 21
