(etherape:3670): GLib-GIO-DEBUG: 23:47:46.427: _g_io_module_get_default: Found default implementation local (GLocalVfs) for ‘gio-vfs’
(etherape:3670): GLib-GIO-DEBUG: 23:47:46.462: Using cross-namespace EXTERNAL authentication (this will deadlock if server is GDBus < 2.73.3)
EtherApe-INFO: 23:47:46.495: sctp protocol not supported
EtherApe-INFO: 23:47:46.495: dccp protocol not supported
EtherApe-INFO: 23:47:46.495: sctp protocol not supported
EtherApe-INFO: 23:47:46.495: sctp protocol not supported
EtherApe-INFO: 23:47:46.495: sctp protocol not supported
EtherApe-INFO: 23:47:46.495: sctp protocol not supported
EtherApe-INFO: 23:47:46.495: sctp protocol not supported
EtherApe-INFO: 23:47:46.495: sctp protocol not supported
EtherApe-INFO: 23:47:46.495: sctp protocol not supported
EtherApe-INFO: 23:47:46.495: dccp protocol not supported
EtherApe-INFO: 23:47:46.495: sctp protocol not supported
EtherApe-INFO: 23:47:46.495: dccp protocol not supported
EtherApe-INFO: 23:47:46.495: dccp protocol not supported
EtherApe-INFO: 23:47:46.495: sctp protocol not supported
EtherApe-INFO: 23:47:46.496: sctp protocol not supported
EtherApe-INFO: 23:47:46.496: sctp protocol not supported
EtherApe-INFO: 23:47:46.496: sctp protocol not supported
EtherApe-INFO: 23:47:46.496: sctp protocol not supported
EtherApe-INFO: 23:47:46.496: sctp protocol not supported
EtherApe-INFO: 23:47:46.496: sctp protocol not supported
EtherApe-INFO: 23:47:46.496: sctp protocol not supported
EtherApe-INFO: 23:47:46.496: sctp protocol not supported
EtherApe-INFO: 23:47:46.496: sctp protocol not supported
EtherApe-INFO: 23:47:46.497: sctp protocol not supported
EtherApe-INFO: 23:47:46.497: sctp protocol not supported
EtherApe-INFO: 23:47:46.497: sctp protocol not supported
EtherApe-INFO: 23:47:46.497: sctp protocol not supported
EtherApe-INFO: 23:47:46.497: sctp protocol not supported
EtherApe-INFO: 23:47:46.497: dccp protocol not supported
EtherApe-INFO: 23:47:46.497: sctp protocol not supported
EtherApe-INFO: 23:47:46.497: sctp protocol not supported
EtherApe-INFO: 23:47:46.497: dccp protocol not supported
EtherApe-INFO: 23:47:46.497: sctp protocol not supported
EtherApe-INFO: 23:47:46.497: sctp protocol not supported
EtherApe-INFO: 23:47:46.497: sctp protocol not supported
EtherApe-INFO: 23:47:46.497: dccp protocol not supported
EtherApe-INFO: 23:47:46.497: dccp protocol not supported
EtherApe-INFO: 23:47:46.497: sctp protocol not supported
EtherApe-INFO: 23:47:46.497: sctp protocol not supported
EtherApe-INFO: 23:47:46.497: sctp protocol not supported
EtherApe-INFO: 23:47:46.497: sctp protocol not supported
EtherApe-INFO: 23:47:46.497: sctp protocol not supported
EtherApe-INFO: 23:47:46.497: sctp protocol not supported
EtherApe-INFO: 23:47:46.497: sctp protocol not supported
EtherApe-INFO: 23:47:46.497: sctp protocol not supported
EtherApe-INFO: 23:47:46.497: sctp protocol not supported
EtherApe-INFO: 23:47:46.497: sctp protocol not supported
EtherApe-INFO: 23:47:46.497: sctp protocol not supported
EtherApe-INFO: 23:47:46.497: sctp protocol not supported
EtherApe-INFO: 23:47:46.497: sctp protocol not supported
EtherApe-INFO: 23:47:46.497: sctp protocol not supported
EtherApe-INFO: 23:47:46.497: sctp protocol not supported
EtherApe-INFO: 23:47:46.497: sctp protocol not supported
EtherApe-INFO: 23:47:46.497: sctp protocol not supported
EtherApe-INFO: 23:47:46.498: sctp protocol not supported
EtherApe-INFO: 23:47:46.498: sctp protocol not supported
EtherApe-INFO: 23:47:46.498: sctp protocol not supported
EtherApe-INFO: 23:47:46.498: dccp protocol not supported
EtherApe-INFO: 23:47:46.498: sctp protocol not supported
EtherApe-INFO: 23:47:46.498: sctp protocol not supported
EtherApe-INFO: 23:47:46.498: sctp protocol not supported
EtherApe-INFO: 23:47:46.498: sctp protocol not supported
EtherApe-INFO: 23:47:46.498: sctp protocol not supported
EtherApe-INFO: 23:47:46.498: sctp protocol not supported
EtherApe-INFO: 23:47:46.498: sctp protocol not supported
EtherApe-INFO: 23:47:46.498: sctp protocol not supported
EtherApe-INFO: 23:47:46.498: sctp protocol not supported
EtherApe-INFO: 23:47:46.498: sctp protocol not supported
EtherApe-INFO: 23:47:46.498: sctp protocol not supported
EtherApe-INFO: 23:47:46.498: sctp protocol not supported
EtherApe-INFO: 23:47:46.498: sctp protocol not supported
EtherApe-INFO: 23:47:46.498: sctp protocol not supported
EtherApe-INFO: 23:47:46.498: sctp protocol not supported
EtherApe-INFO: 23:47:46.498: sctp protocol not supported
EtherApe-INFO: 23:47:46.498: sctp protocol not supported
EtherApe-INFO: 23:47:46.498: sctp protocol not supported
EtherApe-INFO: 23:47:46.498: sctp protocol not supported
EtherApe-INFO: 23:47:46.498: sctp protocol not supported
EtherApe-INFO: 23:47:46.498: sctp protocol not supported
EtherApe-INFO: 23:47:46.498: sctp protocol not supported
EtherApe-INFO: 23:47:46.498: sctp protocol not supported
EtherApe-INFO: 23:47:46.498: sctp protocol not supported
EtherApe-INFO: 23:47:46.498: sctp protocol not supported
EtherApe-INFO: 23:47:46.498: sctp protocol not supported
EtherApe-INFO: 23:47:46.498: sctp protocol not supported
EtherApe-INFO: 23:47:46.498: sctp protocol not supported
EtherApe-INFO: 23:47:46.498: sctp protocol not supported
EtherApe-INFO: 23:47:46.498: sctp protocol not supported
EtherApe-INFO: 23:47:46.498: sctp protocol not supported
EtherApe-INFO: 23:47:46.498: sctp protocol not supported
EtherApe-INFO: 23:47:46.498: sctp protocol not supported
EtherApe-INFO: 23:47:46.498: sctp protocol not supported
EtherApe-INFO: 23:47:46.498: sctp protocol not supported
EtherApe-INFO: 23:47:46.498: sctp protocol not supported
EtherApe-INFO: 23:47:46.498: sctp protocol not supported
EtherApe-INFO: 23:47:46.498: sctp protocol not supported
EtherApe-INFO: 23:47:46.509: get_interface result: ''
EtherApe-INFO: 23:47:46.509: Available interfaces for capture: dbus-session dbus-system nfqueue nflog bluetooth-monitor lo any enp8s0
EtherApe-INFO: 23:47:46.509: Link type is LINUX_SLL
EtherApe-INFO: 23:47:46.509: Diagram started
EtherApe-INFO: 23:47:46.764: New node: IP: 104.198.63.0. Number of nodes 1
EtherApe-INFO: 23:47:46.764: New node: IP: 192.168.0.141. Number of nodes 2
EtherApe-INFO: 23:47:46.764: New node: IP: 139.59.209.225. Number of nodes 3
EtherApe-INFO: 23:47:46.765: New node: IP: 62.140.236.154. Number of nodes 4
EtherApe-INFO: 23:47:47.020: New node: IP: 142.250.186.195. Number of nodes 5
EtherApe-INFO: 23:47:47.276: New node: IP: 52.29.123.56. Number of nodes 6
EtherApe-INFO: 23:47:48.556: New node: IP: 8.8.8.8. Number of nodes 7
EtherApe-INFO: 23:47:48.558: New node: IP: 13.32.27.77. Number of nodes 8
EtherApe-INFO: 23:47:48.812: New node: IP: 172.64.155.188. Number of nodes 9
EtherApe-INFO: 23:47:49.324: New node: IP: 52.222.226.205. Number of nodes 10
EtherApe-INFO: 23:47:49.836: New node: IP: 192.229.221.95. Number of nodes 11
EtherApe-INFO: 23:47:50.350: New node: IP: 162.159.200.123. Number of nodes 12
EtherApe-INFO: 23:47:50.862: New node: IP: 192.124.249.24. Number of nodes 13
EtherApe-INFO: 23:47:51.884: New node: IP: 104.18.32.68. Number of nodes 14
EtherApe-INFO: 23:47:51.886: New node: IP: 8.8.4.4. Number of nodes 15
EtherApe-INFO: 23:47:52.653: New node: IP: 104.16.249.249. Number of nodes 16
EtherApe-INFO: 23:47:52.908: New node: IP: 198.185.159.144. Number of nodes 17
EtherApe-INFO: 23:47:52.909: New node: IP: 54.93.149.205. Number of nodes 18
EtherApe-INFO: 23:47:52.909: New node: IP: 18.66.121.98. Number of nodes 19
EtherApe-INFO: 23:47:53.424: New node: IP: 142.250.203.138. Number of nodes 20
EtherApe-INFO: 23:47:53.426: New node: IP: 2.21.89.17. Number of nodes 21
EtherApe-INFO: 23:47:53.678: New node: IP: 151.101.128.237. Number of nodes 22
EtherApe-INFO: 23:47:53.683: New node: IP: 151.101.0.238. Number of nodes 23
EtherApe-INFO: 23:47:54.448: New node: IP: 142.250.203.131. Number of nodes 24
EtherApe-INFO: 23:47:54.449: New node: IP: 104.17.182.177. Number of nodes 25
EtherApe-INFO: 23:47:54.449: New node: IP: 104.17.185.177. Number of nodes 26
EtherApe-INFO: 23:47:55.981: New node: IP: 34.107.221.82. Number of nodes 27
EtherApe-INFO: 23:47:55.984: New node: IP: 104.16.240.21. Number of nodes 28
EtherApe-INFO: 23:47:56.492: New node: IP: 35.82.244.171. Number of nodes 29
EtherApe-INFO: 23:47:56.492: New node: IP: 52.41.136.203. Number of nodes 30
EtherApe-INFO: 23:48:00.333: New node: IP: 192.178.25.170. Number of nodes 31
EtherApe-INFO: 23:48:01.612: New node: IP: 2.21.89.25. Number of nodes 32
EtherApe-INFO: 23:48:02.135: New node: IP: 149.154.167.50. Number of nodes 33
EtherApe-INFO: 23:48:02.136: New node: IP: 149.154.167.41. Number of nodes 34
EtherApe-INFO: 23:48:02.146: New node: IP: 157.240.224.12. Number of nodes 35
EtherApe-INFO: 23:48:02.388: New node: IP: 151.101.64.84. Number of nodes 36
EtherApe-INFO: 23:48:02.896: New node: IP: 104.17.50.74. Number of nodes 37
EtherApe-INFO: 23:48:03.919: New node: IP: 34.160.144.191. Number of nodes 38
EtherApe-INFO: 23:48:04.941: New node: IP: 34.117.65.55. Number of nodes 39
EtherApe-INFO: 23:48:04.942: New node: IP: 104.18.13.33. Number of nodes 40
EtherApe-INFO: 23:48:04.942: New node: IP: 35.241.9.150. Number of nodes 41
EtherApe-INFO: 23:48:04.942: New node: IP: 34.107.141.31. Number of nodes 42
EtherApe-INFO: 23:48:04.942: New node: IP: 34.111.73.144. Number of nodes 43
EtherApe-INFO: 23:48:04.942: New node: IP: 52.84.195.114. Number of nodes 44
EtherApe-INFO: 23:48:05.966: New node: IP: 34.120.208.123. Number of nodes 45
EtherApe-INFO: 23:48:06.989: New node: IP: 62.182.19.39. Number of nodes 46
EtherApe-INFO: 23:48:06.989: New node: IP: 135.181.27.174. Number of nodes 47
EtherApe-INFO: 23:48:08.014: New node: IP: 35.186.227.140. Number of nodes 48
EtherApe-INFO: 23:48:10.061: New node: IP: 3.222.232.10. Number of nodes 49
EtherApe-INFO: 23:48:10.061: New node: IP: 108.138.46.56. Number of nodes 50
EtherApe-INFO: 23:48:10.061: New node: IP: 104.16.27.5. Number of nodes 51
EtherApe-INFO: 23:48:10.831: New node: IP: 3.218.231.251. Number of nodes 52
EtherApe-INFO: 23:48:11.086: New node: IP: 104.18.22.126. Number of nodes 53
EtherApe-INFO: 23:48:11.086: New node: IP: 18.66.98.108. Number of nodes 54
EtherApe-INFO: 23:48:11.086: New node: IP: 13.32.11.107. Number of nodes 55
EtherApe-INFO: 23:48:12.108: New node: IP: 104.16.99.56. Number of nodes 56
EtherApe-INFO: 23:48:12.108: New node: IP: 18.66.112.24. Number of nodes 57
EtherApe-INFO: 23:48:12.109: New node: IP: 104.16.242.94. Number of nodes 58
EtherApe-INFO: 23:48:13.655: New node: IP: 140.82.112.25. Number of nodes 59
EtherApe-INFO: 23:48:14.925: New node: IP: 142.250.203.206. Number of nodes 60
EtherApe-INFO: 23:48:15.950: New node: IP: 172.64.147.123. Number of nodes 61
EtherApe-INFO: 23:48:16.974: New node: IP: 13.32.103.37. Number of nodes 62
EtherApe-INFO: 23:48:16.974: New node: IP: 108.138.51.16. Number of nodes 63
EtherApe-INFO: 23:48:17.997: New node: IP: 172.217.16.42. Number of nodes 64
EtherApe-INFO: 23:48:17.997: New node: IP: 104.102.1.103. Number of nodes 65
EtherApe-INFO: 23:48:17.997: New node: IP: 104.18.43.158. Number of nodes 66
EtherApe-INFO: 23:48:19.021: New node: IP: 216.58.215.97. Number of nodes 67
EtherApe-INFO: 23:48:19.021: New node: IP: 104.19.187.97. Number of nodes 68
EtherApe-INFO: 23:48:19.021: New node: IP: 172.217.16.35. Number of nodes 69
EtherApe-INFO: 23:48:19.022: New node: IP: 192.178.25.174. Number of nodes 70
EtherApe-INFO: 23:48:19.022: New node: IP: 142.250.203.142. Number of nodes 71
EtherApe-INFO: 23:48:19.022: New node: IP: 142.250.186.206. Number of nodes 72
EtherApe-INFO: 23:48:20.047: New node: IP: 216.58.209.14. Number of nodes 73
EtherApe-INFO: 23:48:21.071: New node: IP: 23.64.12.104. Number of nodes 74
EtherApe-INFO: 23:48:22.096: New node: IP: 192.178.25.173. Number of nodes 75
EtherApe-INFO: 23:48:22.103: New node: IP: 23.67.161.9. Number of nodes 76
EtherApe-INFO: 23:48:22.104: New node: IP: 23.219.85.47. Number of nodes 77
EtherApe-INFO: 23:48:22.114: New node: IP: 104.81.107.51. Number of nodes 78
EtherApe-INFO: 23:48:22.119: New node: IP: 13.225.78.26. Number of nodes 79
EtherApe-INFO: 23:48:22.618: New node: IP: 23.64.12.75. Number of nodes 80
EtherApe-INFO: 23:48:22.618: New node: IP: 54.194.98.240. Number of nodes 81
EtherApe-INFO: 23:48:23.125: New node: IP: 52.215.192.132. Number of nodes 82
EtherApe-INFO: 23:48:23.638: New node: IP: 192.168.0.1. Number of nodes 83
EtherApe-INFO: 23:48:23.886: New node: IP: 142.250.75.22. Number of nodes 84
EtherApe-INFO: 23:48:23.886: New node: IP: 216.58.208.202. Number of nodes 85
EtherApe-INFO: 23:48:23.886: New node: IP: 216.58.208.206. Number of nodes 86
EtherApe-INFO: 23:48:23.886: New node: IP: 192.178.25.164. Number of nodes 87
EtherApe-INFO: 23:48:24.910: New node: IP: 216.58.215.65. Number of nodes 88
EtherApe-INFO: 23:48:27.983: New node: IP: 54.200.25.17. Number of nodes 89
EtherApe-INFO: 23:48:28.752: New node: IP: 34.210.101.48. Number of nodes 90
EtherApe-INFO: 23:48:30.033: New node: IP: 142.250.186.197. Number of nodes 91
EtherApe-INFO: 23:48:33.102: New node: IP: 54.246.79.9. Number of nodes 92
EtherApe-INFO: 23:48:33.875: New node: IP: 140.82.121.5. Number of nodes 93
EtherApe-INFO: 23:48:35.931: New node: IP: 185.199.108.133. Number of nodes 94
EtherApe-INFO: 23:48:35.932: New node: IP: 185.199.110.154. Number of nodes 95
EtherApe-INFO: 23:48:36.942: New node: IP: 216.58.215.106. Number of nodes 96
EtherApe-INFO: 23:48:36.942: New node: IP: 142.250.203.150. Number of nodes 97
EtherApe-INFO: 23:48:37.965: New node: IP: 140.82.121.4. Number of nodes 98
EtherApe-INFO: 23:48:55.116: New node: IP: 149.154.167.216. Number of nodes 99
EtherApe-INFO: 23:49:50.475: delete node: IP: 162.159.200.123. Number of nodes 98
EtherApe-INFO: 23:49:54.864: delete node: IP: 104.17.182.177. Number of nodes 97
EtherApe-INFO: 23:49:58.604: New node: IP: 162.159.200.123. Number of nodes 98
EtherApe-INFO: 23:50:03.266: delete node: IP: 157.240.224.12. Number of nodes 97
EtherApe-INFO: 23:50:06.336: delete node: IP: 52.41.136.203. Number of nodes 96
EtherApe-INFO: 23:50:06.336: delete node: IP: 35.82.244.171. Number of nodes 95
EtherApe-INFO: 23:50:10.165: delete node: IP: 8.8.4.4. Number of nodes 94
EtherApe-INFO: 23:50:10.942: delete node: IP: 62.182.19.39. Number of nodes 93
EtherApe-INFO: 23:50:13.274: delete node: IP: 135.181.27.174. Number of nodes 92
EtherApe-INFO: 23:50:13.274: delete node: IP: 54.93.149.205. Number of nodes 91
EtherApe-INFO: 23:50:22.760: delete node: IP: 23.219.85.47. Number of nodes 90
EtherApe-INFO: 23:50:24.319: delete node: IP: 192.168.0.1. Number of nodes 89
EtherApe-INFO: 23:50:24.319: delete node: IP: 52.29.123.56. Number of nodes 88
EtherApe-INFO: 23:50:24.748: delete node: IP: 2.21.89.25. Number of nodes 87
EtherApe-INFO: 23:50:38.338: delete node: IP: 198.185.159.144. Number of nodes 86
EtherApe-INFO: 23:50:46.276: delete node: IP: 192.124.249.24. Number of nodes 85
EtherApe-INFO: 23:50:55.487: delete node: IP: 8.8.8.8. Number of nodes 84
EtherApe-INFO: 23:50:58.510: New node: IP: 95.217.163.246. Number of nodes 85
EtherApe-INFO: 23:50:58.764: New node: IP: 8.8.8.8. Number of nodes 86
EtherApe-INFO: 23:51:02.604: New node: IP: 135.181.27.174. Number of nodes 87
EtherApe-INFO: 23:51:03.886: New node: IP: 44.229.86.196. Number of nodes 88
EtherApe-INFO: 23:51:05.510: delete node: IP: 34.210.101.48. Number of nodes 87
EtherApe-INFO: 23:51:07.996: delete node: IP: 104.18.32.68. Number of nodes 86
EtherApe-INFO: 23:51:07.997: delete node: IP: 18.66.121.98. Number of nodes 85
EtherApe-INFO: 23:51:09.298: delete node: IP: 54.200.25.17. Number of nodes 84
EtherApe-INFO: 23:51:10.804: delete node: IP: 149.154.167.216. Number of nodes 83
EtherApe-INFO: 23:51:13.100: New node: IP: 95.216.195.133. Number of nodes 84
EtherApe-INFO: 23:51:14.432: delete node: IP: 52.222.226.205. Number of nodes 83
EtherApe-INFO: 23:51:20.269: New node: IP: 104.25.94.5. Number of nodes 84
EtherApe-INFO: 23:51:20.309: delete node: IP: 104.102.1.103. Number of nodes 83
EtherApe-INFO: 23:51:32.625: delete node: IP: 62.140.236.154. Number of nodes 82
EtherApe-INFO: 23:51:35.133: delete node: IP: 172.64.155.188. Number of nodes 81
EtherApe-INFO: 23:51:37.193: delete node: IP: 140.82.121.5. Number of nodes 80
EtherApe-INFO: 23:51:53.877: delete node: IP: 104.198.63.0. Number of nodes 79
EtherApe-INFO: 23:51:53.877: delete node: IP: 2.21.89.17. Number of nodes 78
EtherApe-INFO: 23:51:54.576: New node: IP: 192.178.25.163. Number of nodes 79
EtherApe-INFO: 23:51:55.424: delete node: IP: 104.17.50.74. Number of nodes 78
EtherApe-INFO: 23:51:55.424: delete node: IP: 34.160.144.191. Number of nodes 77
EtherApe-INFO: 23:51:57.487: delete node: IP: 104.18.13.33. Number of nodes 76
EtherApe-INFO: 23:51:57.487: delete node: IP: 52.84.195.114. Number of nodes 75
EtherApe-INFO: 23:51:57.487: delete node: IP: 35.241.9.150. Number of nodes 74
EtherApe-INFO: 23:51:57.487: delete node: IP: 34.117.65.55. Number of nodes 73
EtherApe-INFO: 23:51:57.487: delete node: IP: 34.111.73.144. Number of nodes 72
EtherApe-INFO: 23:51:57.487: delete node: IP: 34.107.141.31. Number of nodes 71
EtherApe-INFO: 23:51:58.727: delete node: IP: 162.159.200.123. Number of nodes 70
EtherApe-INFO: 23:52:01.525: delete node: IP: 3.222.232.10. Number of nodes 69
EtherApe-INFO: 23:52:03.073: delete node: IP: 104.16.27.5. Number of nodes 68
EtherApe-INFO: 23:52:03.073: delete node: IP: 18.66.98.108. Number of nodes 67
EtherApe-INFO: 23:52:03.279: delete node: IP: 104.18.22.126. Number of nodes 66
EtherApe-INFO: 23:52:03.279: delete node: IP: 104.16.242.94. Number of nodes 65
EtherApe-INFO: 23:52:03.588: delete node: IP: 104.16.99.56. Number of nodes 64
EtherApe-INFO: 23:52:03.588: delete node: IP: 18.66.112.24. Number of nodes 63
EtherApe-INFO: 23:52:03.588: delete node: IP: 13.32.11.107. Number of nodes 62
EtherApe-INFO: 23:52:04.311: delete node: IP: 108.138.46.56. Number of nodes 61
EtherApe-INFO: 23:52:06.604: New node: IP: 34.117.65.55. Number of nodes 62
EtherApe-INFO: 23:52:06.684: delete node: IP: 142.250.203.206. Number of nodes 61
EtherApe-INFO: 23:52:08.747: delete node: IP: 172.64.147.123. Number of nodes 60
EtherApe-INFO: 23:52:08.747: delete node: IP: 13.32.103.37. Number of nodes 59
EtherApe-INFO: 23:52:10.508: delete node: IP: 192.178.25.174. Number of nodes 58
EtherApe-INFO: 23:52:10.508: delete node: IP: 172.217.16.42. Number of nodes 57
EtherApe-INFO: 23:52:10.508: delete node: IP: 108.138.51.16. Number of nodes 56
EtherApe-INFO: 23:52:10.508: delete node: IP: 104.19.187.97. Number of nodes 55
EtherApe-INFO: 23:52:10.508: delete node: IP: 104.18.43.158. Number of nodes 54
EtherApe-INFO: 23:52:13.815: delete node: IP: 216.58.209.14. Number of nodes 53
EtherApe-INFO: 23:52:14.030: New node: IP: 104.26.0.94. Number of nodes 54
EtherApe-INFO: 23:52:14.796: New node: IP: 172.67.69.187. Number of nodes 55
EtherApe-INFO: 23:52:17.116: delete node: IP: 216.58.208.206. Number of nodes 54
EtherApe-INFO: 23:52:17.116: delete node: IP: 216.58.208.202. Number of nodes 53
EtherApe-INFO: 23:52:17.116: delete node: IP: 142.250.75.22. Number of nodes 52
EtherApe-INFO: 23:52:19.961: delete node: IP: 34.107.221.82. Number of nodes 51
EtherApe-INFO: 23:52:22.822: delete node: IP: 23.64.12.75. Number of nodes 50
EtherApe-INFO: 23:52:24.828: delete node: IP: 192.229.221.95. Number of nodes 49
EtherApe-INFO: 23:52:26.851: delete node: IP: 54.246.79.9. Number of nodes 48
EtherApe-INFO: 23:52:27.378: delete node: IP: 185.199.108.133. Number of nodes 47
EtherApe-INFO: 23:52:27.699: delete node: IP: 23.67.161.9. Number of nodes 46
EtherApe-INFO: 23:52:28.123: delete node: IP: 104.81.107.51. Number of nodes 45
EtherApe-INFO: 23:52:33.232: delete node: IP: 216.58.215.106. Number of nodes 44
EtherApe-INFO: 23:52:33.232: delete node: IP: 216.58.215.65. Number of nodes 43
EtherApe-INFO: 23:52:33.232: delete node: IP: 142.250.203.150. Number of nodes 42
EtherApe-INFO: 23:52:33.232: delete node: IP: 23.64.12.104. Number of nodes 41
EtherApe-INFO: 23:52:35.042: delete node: IP: 185.199.110.154. Number of nodes 40
EtherApe-INFO: 23:52:40.977: delete node: IP: 140.82.121.4. Number of nodes 39
EtherApe-INFO: 23:52:43.725: New node: IP: 52.222.214.49. Number of nodes 40
EtherApe-INFO: 23:52:43.727: New node: IP: 52.222.226.205. Number of nodes 41
EtherApe-INFO: 23:52:44.533: delete node: IP: 142.250.203.138. Number of nodes 40
EtherApe-INFO: 23:52:44.533: delete node: IP: 139.59.209.225. Number of nodes 39
EtherApe-INFO: 23:52:46.322: delete node: IP: 104.17.185.177. Number of nodes 38
EtherApe-INFO: 23:52:46.322: delete node: IP: 104.16.240.21. Number of nodes 37
EtherApe-INFO: 23:52:53.474: delete node: IP: 151.101.64.84. Number of nodes 36
EtherApe-INFO: 23:52:55.263: delete node: IP: 151.101.128.237. Number of nodes 35
EtherApe-INFO: 23:53:02.159: New node: IP: 52.222.139.54. Number of nodes 36
EtherApe-INFO: 23:53:02.160: New node: IP: 13.224.192.222. Number of nodes 37
EtherApe-INFO: 23:53:05.229: New node: IP: 216.58.209.19. Number of nodes 38
EtherApe-INFO: 23:53:13.728: delete node: IP: 95.216.195.133. Number of nodes 37
EtherApe-INFO: 23:53:14.254: delete node: IP: 54.194.98.240. Number of nodes 36
EtherApe-INFO: 23:53:14.254: delete node: IP: 52.215.192.132. Number of nodes 35
EtherApe-INFO: 23:53:14.254: delete node: IP: 13.225.78.26. Number of nodes 34
EtherApe-INFO: 23:53:21.146: delete node: IP: 104.25.94.5. Number of nodes 33
EtherApe-INFO: 23:53:22.206: delete node: IP: 151.101.0.238. Number of nodes 32
EtherApe-INFO: 23:53:33.946: delete node: IP: 142.250.203.131. Number of nodes 31
EtherApe-INFO: 23:54:05.224: delete node: IP: 95.217.163.246. Number of nodes 30
EtherApe-INFO: 23:54:05.224: delete node: IP: 44.229.86.196. Number of nodes 29
EtherApe-INFO: 23:54:09.043: delete node: IP: 135.181.27.174. Number of nodes 28
EtherApe-INFO: 23:54:09.043: delete node: IP: 34.117.65.55. Number of nodes 27
EtherApe-INFO: 23:54:14.860: New node: IP: 162.159.200.123. Number of nodes 28
EtherApe-INFO: 23:54:14.879: delete node: IP: 172.67.69.187. Number of nodes 27
EtherApe-INFO: 23:55:06.853: delete node: IP: 8.8.8.8. Number of nodes 26
EtherApe-INFO: 23:56:13.132: New node: IP: 8.8.8.8. Number of nodes 27
EtherApe-INFO: 23:56:13.133: New node: IP: 95.216.195.133. Number of nodes 28
EtherApe-INFO: 23:56:15.504: delete node: IP: 162.159.200.123. Number of nodes 27
EtherApe-INFO: 23:56:40.831: delete node: IP: 52.222.226.205. Number of nodes 26
EtherApe-INFO: 23:56:45.900: New node: IP: 135.181.27.174. Number of nodes 27
EtherApe-INFO: 23:56:51.021: New node: IP: 52.37.196.109. Number of nodes 28
EtherApe-INFO: 23:56:56.415: delete node: IP: 192.178.25.173. Number of nodes 27
EtherApe-INFO: 23:56:56.415: delete node: IP: 172.217.16.35. Number of nodes 26
EtherApe-INFO: 23:56:56.415: delete node: IP: 142.250.203.142. Number of nodes 25
EtherApe-INFO: 23:57:01.786: delete node: IP: 216.58.215.97. Number of nodes 24
EtherApe-INFO: 23:57:01.786: delete node: IP: 192.178.25.163. Number of nodes 23
EtherApe-INFO: 23:57:01.786: delete node: IP: 142.250.186.206. Number of nodes 22
EtherApe-INFO: 23:57:01.786: delete node: IP: 13.224.192.222. Number of nodes 21
EtherApe-INFO: 23:57:06.892: New node: IP: 34.117.65.55. Number of nodes 22
EtherApe-INFO: 23:57:06.913: delete node: IP: 192.178.25.164. Number of nodes 21
EtherApe-INFO: 23:57:06.913: delete node: IP: 104.26.0.94. Number of nodes 20
EtherApe-INFO: 23:57:13.907: delete node: IP: 34.120.208.123. Number of nodes 19
EtherApe-INFO: 23:57:32.492: New node: IP: 63.33.228.172. Number of nodes 20
EtherApe-INFO: 23:57:36.079: New node: IP: 52.212.99.156. Number of nodes 21
EtherApe-INFO: 23:57:56.876: delete node: IP: 216.58.209.19. Number of nodes 20
EtherApe-INFO: 23:58:00.909: New node: IP: 192.178.25.164. Number of nodes 21
EtherApe-INFO: 23:58:01.988: delete node: IP: 52.222.214.49. Number of nodes 20
EtherApe-INFO: 23:58:06.542: New node: IP: 34.120.208.123. Number of nodes 21
EtherApe-INFO: 23:58:06.545: New node: IP: 172.217.16.35. Number of nodes 22
EtherApe-INFO: 23:58:06.796: New node: IP: 192.178.25.163. Number of nodes 23
EtherApe-INFO: 23:58:07.567: New node: IP: 192.178.25.182. Number of nodes 24
EtherApe-INFO: 23:58:07.573: New node: IP: 216.58.209.1. Number of nodes 25
EtherApe-INFO: 23:58:07.574: New node: IP: 142.250.203.142. Number of nodes 26
EtherApe-INFO: 23:58:07.575: New node: IP: 192.178.25.173. Number of nodes 27
EtherApe-INFO: 23:58:08.337: New node: IP: 142.250.186.206. Number of nodes 28
EtherApe-INFO: 23:58:13.807: delete node: IP: 95.216.195.133. Number of nodes 27
EtherApe-INFO: 23:58:15.076: delete node: IP: 52.222.139.54. Number of nodes 26
EtherApe-INFO: 23:59:08.773: delete node: IP: 34.117.65.55. Number of nodes 25
EtherApe-INFO: 23:59:32.568: delete node: IP: 63.33.228.172. Number of nodes 24
EtherApe-INFO: 23:59:36.756: delete node: IP: 52.212.99.156. Number of nodes 23
EtherApe-INFO: 00:00:03.020: New node: IP: 142.250.203.138. Number of nodes 24
EtherApe-INFO: 00:00:08.499: delete node: IP: 8.8.8.8. Number of nodes 23
EtherApe-INFO: 00:00:08.814: delete node: IP: 142.250.186.206. Number of nodes 22
EtherApe-INFO: 00:01:13.004: New node: IP: 8.8.8.8. Number of nodes 23
EtherApe-INFO: 00:01:13.260: New node: IP: 95.216.195.133. Number of nodes 24
EtherApe-INFO: 00:01:14.845: delete node: IP: 135.181.27.174. Number of nodes 23
EtherApe-INFO: 00:01:26.061: New node: IP: 151.101.193.69. Number of nodes 24
EtherApe-INFO: 00:01:26.575: New node: IP: 216.58.208.202. Number of nodes 25
EtherApe-INFO: 00:01:26.578: New node: IP: 151.101.65.69. Number of nodes 26
EtherApe-INFO: 00:01:27.085: New node: IP: 135.181.27.174. Number of nodes 27
EtherApe-INFO: 00:02:04.487: delete node: IP: 142.250.203.138. Number of nodes 26
EtherApe-INFO: 00:02:07.021: New node: IP: 34.117.65.55. Number of nodes 27
EtherApe-INFO: 00:02:07.021: New node: IP: 35.241.9.150. Number of nodes 28
EtherApe-INFO: 00:02:07.278: New node: IP: 34.160.144.191. Number of nodes 29
EtherApe-INFO: 00:02:07.532: New node: IP: 2.21.173.112. Number of nodes 30
EtherApe-INFO: 00:02:47.212: New node: IP: 162.159.200.123. Number of nodes 31
EtherApe-INFO: 00:02:58.511: delete node: IP: 216.58.209.1. Number of nodes 30
EtherApe-INFO: 00:02:58.511: delete node: IP: 192.178.25.182. Number of nodes 29
EtherApe-INFO: 00:02:58.511: delete node: IP: 192.178.25.163. Number of nodes 28
EtherApe-INFO: 00:02:58.511: delete node: IP: 172.217.16.35. Number of nodes 27
EtherApe-INFO: 00:02:58.511: delete node: IP: 142.250.203.142. Number of nodes 26
EtherApe-INFO: 00:03:00.298: delete node: IP: 192.178.25.164. Number of nodes 25
EtherApe-INFO: 00:03:15.885: New node: IP: 192.178.25.165. Number of nodes 26
EtherApe-INFO: 00:03:15.907: delete node: IP: 95.216.195.133. Number of nodes 25
EtherApe-INFO: 00:03:29.251: delete node: IP: 216.58.208.202. Number of nodes 24
EtherApe-INFO: 00:03:29.251: delete node: IP: 151.101.65.69. Number of nodes 23
EtherApe-INFO: 00:03:50.962: New node: IP: 149.154.167.216. Number of nodes 24
EtherApe-INFO: 00:03:51.992: New node: IP: 52.41.136.203. Number of nodes 25
EtherApe-INFO: 00:04:07.085: delete node: IP: 34.117.65.55. Number of nodes 24
EtherApe-INFO: 00:04:08.254: delete node: IP: 142.250.186.197. Number of nodes 23
EtherApe-INFO: 00:04:47.644: delete node: IP: 162.159.200.123. Number of nodes 22
EtherApe-INFO: 00:05:17.604: delete node: IP: 8.8.8.8. Number of nodes 21
