(etherape:15248): GLib-GIO-DEBUG: 01:13:40.668: _g_io_module_get_default: Found default implementation local (GLocalVfs) for ‘gio-vfs’
(etherape:15248): GLib-GIO-DEBUG: 01:13:40.710: Using cross-namespace EXTERNAL authentication (this will deadlock if server is GDBus < 2.73.3)
EtherApe-INFO: 01:13:40.752: sctp protocol not supported
EtherApe-INFO: 01:13:40.752: dccp protocol not supported
EtherApe-INFO: 01:13:40.752: sctp protocol not supported
EtherApe-INFO: 01:13:40.752: sctp protocol not supported
EtherApe-INFO: 01:13:40.752: sctp protocol not supported
EtherApe-INFO: 01:13:40.752: sctp protocol not supported
EtherApe-INFO: 01:13:40.752: sctp protocol not supported
EtherApe-INFO: 01:13:40.752: sctp protocol not supported
EtherApe-INFO: 01:13:40.752: sctp protocol not supported
EtherApe-INFO: 01:13:40.752: dccp protocol not supported
EtherApe-INFO: 01:13:40.752: sctp protocol not supported
EtherApe-INFO: 01:13:40.752: dccp protocol not supported
EtherApe-INFO: 01:13:40.752: dccp protocol not supported
EtherApe-INFO: 01:13:40.753: sctp protocol not supported
EtherApe-INFO: 01:13:40.753: sctp protocol not supported
EtherApe-INFO: 01:13:40.753: sctp protocol not supported
EtherApe-INFO: 01:13:40.753: sctp protocol not supported
EtherApe-INFO: 01:13:40.753: sctp protocol not supported
EtherApe-INFO: 01:13:40.754: sctp protocol not supported
EtherApe-INFO: 01:13:40.754: sctp protocol not supported
EtherApe-INFO: 01:13:40.754: sctp protocol not supported
EtherApe-INFO: 01:13:40.754: sctp protocol not supported
EtherApe-INFO: 01:13:40.754: sctp protocol not supported
EtherApe-INFO: 01:13:40.754: sctp protocol not supported
EtherApe-INFO: 01:13:40.754: sctp protocol not supported
EtherApe-INFO: 01:13:40.754: sctp protocol not supported
EtherApe-INFO: 01:13:40.754: sctp protocol not supported
EtherApe-INFO: 01:13:40.754: sctp protocol not supported
EtherApe-INFO: 01:13:40.754: dccp protocol not supported
EtherApe-INFO: 01:13:40.754: sctp protocol not supported
EtherApe-INFO: 01:13:40.755: sctp protocol not supported
EtherApe-INFO: 01:13:40.755: dccp protocol not supported
EtherApe-INFO: 01:13:40.755: sctp protocol not supported
EtherApe-INFO: 01:13:40.755: sctp protocol not supported
EtherApe-INFO: 01:13:40.755: sctp protocol not supported
EtherApe-INFO: 01:13:40.755: dccp protocol not supported
EtherApe-INFO: 01:13:40.755: dccp protocol not supported
EtherApe-INFO: 01:13:40.755: sctp protocol not supported
EtherApe-INFO: 01:13:40.755: sctp protocol not supported
EtherApe-INFO: 01:13:40.755: sctp protocol not supported
EtherApe-INFO: 01:13:40.755: sctp protocol not supported
EtherApe-INFO: 01:13:40.755: sctp protocol not supported
EtherApe-INFO: 01:13:40.755: sctp protocol not supported
EtherApe-INFO: 01:13:40.755: sctp protocol not supported
EtherApe-INFO: 01:13:40.755: sctp protocol not supported
EtherApe-INFO: 01:13:40.755: sctp protocol not supported
EtherApe-INFO: 01:13:40.755: sctp protocol not supported
EtherApe-INFO: 01:13:40.755: sctp protocol not supported
EtherApe-INFO: 01:13:40.755: sctp protocol not supported
EtherApe-INFO: 01:13:40.755: sctp protocol not supported
EtherApe-INFO: 01:13:40.755: sctp protocol not supported
EtherApe-INFO: 01:13:40.755: sctp protocol not supported
EtherApe-INFO: 01:13:40.755: sctp protocol not supported
EtherApe-INFO: 01:13:40.755: sctp protocol not supported
EtherApe-INFO: 01:13:40.755: sctp protocol not supported
EtherApe-INFO: 01:13:40.755: sctp protocol not supported
EtherApe-INFO: 01:13:40.755: sctp protocol not supported
EtherApe-INFO: 01:13:40.755: dccp protocol not supported
EtherApe-INFO: 01:13:40.755: sctp protocol not supported
EtherApe-INFO: 01:13:40.755: sctp protocol not supported
EtherApe-INFO: 01:13:40.755: sctp protocol not supported
EtherApe-INFO: 01:13:40.755: sctp protocol not supported
EtherApe-INFO: 01:13:40.755: sctp protocol not supported
EtherApe-INFO: 01:13:40.755: sctp protocol not supported
EtherApe-INFO: 01:13:40.755: sctp protocol not supported
EtherApe-INFO: 01:13:40.755: sctp protocol not supported
EtherApe-INFO: 01:13:40.755: sctp protocol not supported
EtherApe-INFO: 01:13:40.755: sctp protocol not supported
EtherApe-INFO: 01:13:40.756: sctp protocol not supported
EtherApe-INFO: 01:13:40.756: sctp protocol not supported
EtherApe-INFO: 01:13:40.756: sctp protocol not supported
EtherApe-INFO: 01:13:40.756: sctp protocol not supported
EtherApe-INFO: 01:13:40.756: sctp protocol not supported
EtherApe-INFO: 01:13:40.756: sctp protocol not supported
EtherApe-INFO: 01:13:40.756: sctp protocol not supported
EtherApe-INFO: 01:13:40.756: sctp protocol not supported
EtherApe-INFO: 01:13:40.756: sctp protocol not supported
EtherApe-INFO: 01:13:40.756: sctp protocol not supported
EtherApe-INFO: 01:13:40.756: sctp protocol not supported
EtherApe-INFO: 01:13:40.756: sctp protocol not supported
EtherApe-INFO: 01:13:40.756: sctp protocol not supported
EtherApe-INFO: 01:13:40.756: sctp protocol not supported
EtherApe-INFO: 01:13:40.756: sctp protocol not supported
EtherApe-INFO: 01:13:40.756: sctp protocol not supported
EtherApe-INFO: 01:13:40.756: sctp protocol not supported
EtherApe-INFO: 01:13:40.756: sctp protocol not supported
EtherApe-INFO: 01:13:40.756: sctp protocol not supported
EtherApe-INFO: 01:13:40.756: sctp protocol not supported
EtherApe-INFO: 01:13:40.756: sctp protocol not supported
EtherApe-INFO: 01:13:40.756: sctp protocol not supported
EtherApe-INFO: 01:13:40.756: sctp protocol not supported
EtherApe-INFO: 01:13:40.756: sctp protocol not supported
EtherApe-INFO: 01:13:40.756: sctp protocol not supported
EtherApe-INFO: 01:13:40.756: sctp protocol not supported
EtherApe-INFO: 01:13:40.756: sctp protocol not supported
EtherApe-INFO: 01:13:40.756: sctp protocol not supported
EtherApe-INFO: 01:13:40.766: get_interface result: ''
EtherApe-INFO: 01:13:40.766: Available interfaces for capture: dbus-session dbus-system nfqueue nflog bluetooth-monitor enp8s0 lo any ppp1 enp5s0
EtherApe-INFO: 01:13:40.767: Link type is LINUX_SLL
EtherApe-INFO: 01:13:40.767: Diagram started
EtherApe-INFO: 01:13:41.274: New node: IP: 0.0.0.0. Number of nodes 1
EtherApe-INFO: 01:13:41.274: New node: IP: 255.255.255.255. Number of nodes 2
EtherApe-INFO: 01:13:41.274: New node: IP: 45.143.200.102. Number of nodes 3
EtherApe-INFO: 01:13:41.274: New node: IP: 195.64.182.160. Number of nodes 4
EtherApe-INFO: 01:13:41.530: New node: IP: 1.1.1.1. Number of nodes 5
EtherApe-INFO: 01:13:41.531: New node: IP: 192.155.93.194. Number of nodes 6
EtherApe-INFO: 01:13:42.042: New node: IP: 99.86.159.49. Number of nodes 7
EtherApe-INFO: 01:13:43.578: New node: IP: 94.102.49.28. Number of nodes 8
EtherApe-INFO: 01:13:44.090: New node: IP: 104.18.13.33. Number of nodes 9
EtherApe-INFO: 01:13:44.347: New node: IP: 216.58.215.78. Number of nodes 10
EtherApe-INFO: 01:13:44.347: New node: IP: 104.21.3.46. Number of nodes 11
EtherApe-INFO: 01:13:44.347: New node: IP: 172.67.23.234. Number of nodes 12
EtherApe-INFO: 01:13:44.347: New node: IP: 18.244.97.213. Number of nodes 13
EtherApe-INFO: 01:13:44.348: New node: IP: 3.73.245.239. Number of nodes 14
EtherApe-INFO: 01:13:44.603: New node: IP: 140.82.121.6. Number of nodes 15
EtherApe-INFO: 01:13:44.859: New node: IP: 172.104.12.120. Number of nodes 16
EtherApe-INFO: 01:13:45.627: New node: IP: 140.82.121.4. Number of nodes 17
EtherApe-INFO: 01:13:45.628: New node: IP: 149.154.167.41. Number of nodes 18
EtherApe-INFO: 01:13:45.628: New node: IP: 140.82.113.22. Number of nodes 19
EtherApe-INFO: 01:13:45.885: New node: IP: 140.82.113.25. Number of nodes 20
EtherApe-INFO: 01:13:46.140: New node: IP: 192.178.25.170. Number of nodes 21
EtherApe-INFO: 01:13:46.651: New node: IP: 142.250.203.138. Number of nodes 22
EtherApe-INFO: 01:13:46.651: New node: IP: 142.250.203.202. Number of nodes 23
EtherApe-INFO: 01:13:46.653: New node: IP: 94.102.49.14. Number of nodes 24
EtherApe-INFO: 01:13:46.908: New node: IP: 203.161.32.118. Number of nodes 25
EtherApe-INFO: 01:13:47.675: New node: IP: 185.199.108.133. Number of nodes 26
EtherApe-INFO: 01:13:47.675: New node: IP: 208.123.73.199. Number of nodes 27
EtherApe-INFO: 01:13:47.677: New node: IP: 216.58.208.202. Number of nodes 28
EtherApe-INFO: 01:13:47.933: New node: IP: 140.82.114.25. Number of nodes 29
EtherApe-INFO: 01:13:48.442: New node: IP: 35.236.238.213. Number of nodes 30
EtherApe-INFO: 01:13:48.443: New node: IP: 50.116.20.186. Number of nodes 31
EtherApe-INFO: 01:13:48.443: New node: IP: 192.178.25.162. Number of nodes 32
EtherApe-INFO: 01:13:48.443: New node: IP: 216.58.215.106. Number of nodes 33
EtherApe-INFO: 01:13:48.443: New node: IP: 64.233.161.154. Number of nodes 34
EtherApe-INFO: 01:13:48.443: New node: IP: 216.58.215.110. Number of nodes 35
EtherApe-INFO: 01:13:48.443: New node: IP: 34.98.84.165. Number of nodes 36
EtherApe-INFO: 01:13:48.700: New node: IP: 146.20.128.170. Number of nodes 37
EtherApe-INFO: 01:13:50.235: New node: IP: 149.154.167.216. Number of nodes 38
EtherApe-INFO: 01:13:51.259: New node: IP: 142.250.203.131. Number of nodes 39
EtherApe-INFO: 01:13:52.282: New node: IP: 89.248.168.75. Number of nodes 40
EtherApe-INFO: 01:13:52.541: New node: IP: 35.244.159.8. Number of nodes 41
EtherApe-INFO: 01:13:53.050: New node: IP: 239.255.255.250. Number of nodes 42
EtherApe-INFO: 01:13:56.123: New node: IP: 192.178.25.174. Number of nodes 43
EtherApe-INFO: 01:13:56.379: New node: IP: 3.218.231.251. Number of nodes 44
EtherApe-INFO: 01:13:56.635: New node: IP: 52.16.16.21. Number of nodes 45
EtherApe-INFO: 01:13:58.171: New node: IP: 142.250.203.206. Number of nodes 46
EtherApe-INFO: 01:13:58.171: New node: IP: 91.218.114.197. Number of nodes 47
EtherApe-INFO: 01:13:59.707: New node: IP: 31.43.58.108. Number of nodes 48
EtherApe-INFO: 01:14:00.986: New node: IP: 185.233.19.68. Number of nodes 49
EtherApe-INFO: 01:14:04.827: New node: IP: 108.177.14.188. Number of nodes 50
EtherApe-INFO: 01:14:04.827: New node: IP: 172.217.167.131. Number of nodes 51
EtherApe-INFO: 01:14:05.594: New node: IP: 172.217.16.3. Number of nodes 52
EtherApe-INFO: 01:14:07.386: New node: IP: 152.32.142.103. Number of nodes 53
EtherApe-INFO: 01:14:07.387: New node: IP: 142.250.203.133. Number of nodes 54
