(etherape:3397): GLib-GIO-DEBUG: 04:38:37.746: _g_io_module_get_default: Found default implementation local (GLocalVfs) for ‘gio-vfs’
(etherape:3397): GLib-GIO-DEBUG: 04:38:37.781: Using cross-namespace EXTERNAL authentication (this will deadlock if server is GDBus < 2.73.3)
EtherApe-INFO: 04:38:37.813: sctp protocol not supported
EtherApe-INFO: 04:38:37.813: dccp protocol not supported
EtherApe-INFO: 04:38:37.813: sctp protocol not supported
EtherApe-INFO: 04:38:37.813: sctp protocol not supported
EtherApe-INFO: 04:38:37.813: sctp protocol not supported
EtherApe-INFO: 04:38:37.813: sctp protocol not supported
EtherApe-INFO: 04:38:37.814: sctp protocol not supported
EtherApe-INFO: 04:38:37.814: sctp protocol not supported
EtherApe-INFO: 04:38:37.814: sctp protocol not supported
EtherApe-INFO: 04:38:37.814: dccp protocol not supported
EtherApe-INFO: 04:38:37.814: sctp protocol not supported
EtherApe-INFO: 04:38:37.814: dccp protocol not supported
EtherApe-INFO: 04:38:37.814: dccp protocol not supported
EtherApe-INFO: 04:38:37.814: sctp protocol not supported
EtherApe-INFO: 04:38:37.814: sctp protocol not supported
EtherApe-INFO: 04:38:37.814: sctp protocol not supported
EtherApe-INFO: 04:38:37.814: sctp protocol not supported
EtherApe-INFO: 04:38:37.815: sctp protocol not supported
EtherApe-INFO: 04:38:37.815: sctp protocol not supported
EtherApe-INFO: 04:38:37.815: sctp protocol not supported
EtherApe-INFO: 04:38:37.815: sctp protocol not supported
EtherApe-INFO: 04:38:37.815: sctp protocol not supported
EtherApe-INFO: 04:38:37.815: sctp protocol not supported
EtherApe-INFO: 04:38:37.815: sctp protocol not supported
EtherApe-INFO: 04:38:37.815: sctp protocol not supported
EtherApe-INFO: 04:38:37.815: sctp protocol not supported
EtherApe-INFO: 04:38:37.815: sctp protocol not supported
EtherApe-INFO: 04:38:37.816: sctp protocol not supported
EtherApe-INFO: 04:38:37.816: dccp protocol not supported
EtherApe-INFO: 04:38:37.816: sctp protocol not supported
EtherApe-INFO: 04:38:37.816: sctp protocol not supported
EtherApe-INFO: 04:38:37.816: dccp protocol not supported
EtherApe-INFO: 04:38:37.816: sctp protocol not supported
EtherApe-INFO: 04:38:37.816: sctp protocol not supported
EtherApe-INFO: 04:38:37.816: sctp protocol not supported
EtherApe-INFO: 04:38:37.816: dccp protocol not supported
EtherApe-INFO: 04:38:37.816: dccp protocol not supported
EtherApe-INFO: 04:38:37.816: sctp protocol not supported
EtherApe-INFO: 04:38:37.816: sctp protocol not supported
EtherApe-INFO: 04:38:37.816: sctp protocol not supported
EtherApe-INFO: 04:38:37.816: sctp protocol not supported
EtherApe-INFO: 04:38:37.816: sctp protocol not supported
EtherApe-INFO: 04:38:37.816: sctp protocol not supported
EtherApe-INFO: 04:38:37.816: sctp protocol not supported
EtherApe-INFO: 04:38:37.816: sctp protocol not supported
EtherApe-INFO: 04:38:37.816: sctp protocol not supported
EtherApe-INFO: 04:38:37.816: sctp protocol not supported
EtherApe-INFO: 04:38:37.816: sctp protocol not supported
EtherApe-INFO: 04:38:37.816: sctp protocol not supported
EtherApe-INFO: 04:38:37.816: sctp protocol not supported
EtherApe-INFO: 04:38:37.816: sctp protocol not supported
EtherApe-INFO: 04:38:37.816: sctp protocol not supported
EtherApe-INFO: 04:38:37.816: sctp protocol not supported
EtherApe-INFO: 04:38:37.816: sctp protocol not supported
EtherApe-INFO: 04:38:37.816: sctp protocol not supported
EtherApe-INFO: 04:38:37.816: sctp protocol not supported
EtherApe-INFO: 04:38:37.816: sctp protocol not supported
EtherApe-INFO: 04:38:37.816: dccp protocol not supported
EtherApe-INFO: 04:38:37.816: sctp protocol not supported
EtherApe-INFO: 04:38:37.816: sctp protocol not supported
EtherApe-INFO: 04:38:37.816: sctp protocol not supported
EtherApe-INFO: 04:38:37.816: sctp protocol not supported
EtherApe-INFO: 04:38:37.816: sctp protocol not supported
EtherApe-INFO: 04:38:37.816: sctp protocol not supported
EtherApe-INFO: 04:38:37.816: sctp protocol not supported
EtherApe-INFO: 04:38:37.817: sctp protocol not supported
EtherApe-INFO: 04:38:37.817: sctp protocol not supported
EtherApe-INFO: 04:38:37.817: sctp protocol not supported
EtherApe-INFO: 04:38:37.817: sctp protocol not supported
EtherApe-INFO: 04:38:37.817: sctp protocol not supported
EtherApe-INFO: 04:38:37.817: sctp protocol not supported
EtherApe-INFO: 04:38:37.817: sctp protocol not supported
EtherApe-INFO: 04:38:37.817: sctp protocol not supported
EtherApe-INFO: 04:38:37.817: sctp protocol not supported
EtherApe-INFO: 04:38:37.817: sctp protocol not supported
EtherApe-INFO: 04:38:37.817: sctp protocol not supported
EtherApe-INFO: 04:38:37.817: sctp protocol not supported
EtherApe-INFO: 04:38:37.817: sctp protocol not supported
EtherApe-INFO: 04:38:37.817: sctp protocol not supported
EtherApe-INFO: 04:38:37.817: sctp protocol not supported
EtherApe-INFO: 04:38:37.817: sctp protocol not supported
EtherApe-INFO: 04:38:37.817: sctp protocol not supported
EtherApe-INFO: 04:38:37.817: sctp protocol not supported
EtherApe-INFO: 04:38:37.817: sctp protocol not supported
EtherApe-INFO: 04:38:37.817: sctp protocol not supported
EtherApe-INFO: 04:38:37.817: sctp protocol not supported
EtherApe-INFO: 04:38:37.817: sctp protocol not supported
EtherApe-INFO: 04:38:37.817: sctp protocol not supported
EtherApe-INFO: 04:38:37.817: sctp protocol not supported
EtherApe-INFO: 04:38:37.817: sctp protocol not supported
EtherApe-INFO: 04:38:37.817: sctp protocol not supported
EtherApe-INFO: 04:38:37.817: sctp protocol not supported
EtherApe-INFO: 04:38:37.817: sctp protocol not supported
EtherApe-INFO: 04:38:37.817: sctp protocol not supported
EtherApe-INFO: 04:38:37.817: sctp protocol not supported
EtherApe-INFO: 04:38:37.817: sctp protocol not supported
EtherApe-INFO: 04:38:37.827: get_interface result: ''
EtherApe-INFO: 04:38:37.827: Available interfaces for capture: dbus-session dbus-system nfqueue nflog bluetooth-monitor lo any enp5s0
EtherApe-INFO: 04:38:37.828: Link type is LINUX_SLL
EtherApe-INFO: 04:38:37.828: Diagram started
EtherApe-INFO: 04:38:39.360: New node: IP: 172.217.16.42. Number of nodes 1
EtherApe-INFO: 04:38:39.360: New node: IP: 192.168.0.240. Number of nodes 2
EtherApe-INFO: 04:38:39.872: New node: IP: 34.107.221.82. Number of nodes 3
EtherApe-INFO: 04:38:40.385: New node: IP: 104.16.248.249. Number of nodes 4
EtherApe-INFO: 04:38:40.386: New node: IP: 140.82.113.26. Number of nodes 5
EtherApe-INFO: 04:38:40.897: New node: IPv6: fe80::13fb:a58d:93ba:8515. Number of nodes 6
EtherApe-INFO: 04:38:40.897: New node: IPv6: ff02::2. Number of nodes 7
EtherApe-INFO: 04:38:41.664: New node: IP: 142.250.186.195. Number of nodes 8
EtherApe-INFO: 04:38:42.433: New node: IP: 192.168.0.1. Number of nodes 9
EtherApe-INFO: 04:38:42.945: New node: IP: 192.229.221.95. Number of nodes 10
EtherApe-INFO: 04:38:43.456: New node: IP: 2.21.173.91. Number of nodes 11
EtherApe-INFO: 04:38:44.480: New node: IP: 142.250.203.195. Number of nodes 12
EtherApe-INFO: 04:38:45.249: New node: IP: 149.154.167.50. Number of nodes 13
EtherApe-INFO: 04:38:46.528: New node: IP: 155.248.196.28. Number of nodes 14
EtherApe-INFO: 04:38:48.065: New node: IP: 149.154.167.41. Number of nodes 15
EtherApe-INFO: 04:38:49.857: New node: IP: 149.154.167.216. Number of nodes 16
EtherApe-INFO: 04:38:50.624: New node: IP: 149.154.167.92. Number of nodes 17
EtherApe-INFO: 04:39:11.105: New node: IP: 34.117.65.55. Number of nodes 18
EtherApe-INFO: 04:39:12.128: New node: IP: 142.250.203.138. Number of nodes 19
EtherApe-INFO: 04:39:12.128: New node: IP: 35.241.9.150. Number of nodes 20
EtherApe-INFO: 04:39:13.152: New node: IP: 142.250.203.202. Number of nodes 21
EtherApe-INFO: 04:39:13.152: New node: IP: 142.250.203.142. Number of nodes 22
EtherApe-INFO: 04:39:13.921: New node: IP: 216.58.215.106. Number of nodes 23
EtherApe-INFO: 04:39:24.928: New node: IP: 216.58.215.100. Number of nodes 24
EtherApe-INFO: 04:39:28.769: New node: IP: 104.16.249.249. Number of nodes 25
EtherApe-INFO: 04:39:30.050: New node: IP: 142.250.203.197. Number of nodes 26
EtherApe-INFO: 04:41:01.186: New node: IP: 172.67.97.54. Number of nodes 27
EtherApe-INFO: 04:41:07.329: delete node: IP: 149.154.167.92. Number of nodes 26
EtherApe-INFO: 04:41:11.857: New node: IP: 52.29.123.56. Number of nodes 27
EtherApe-INFO: 04:41:11.864: delete node: IP: 149.154.167.216. Number of nodes 26
EtherApe-INFO: 04:41:19.980: New node: IP: 104.25.94.5. Number of nodes 27
EtherApe-INFO: 04:41:39.435: New node: IP: 192.178.25.161. Number of nodes 28
EtherApe-INFO: 04:41:39.440: New node: IP: 172.217.16.35. Number of nodes 29
EtherApe-INFO: 04:41:39.953: New node: IP: 192.178.25.163. Number of nodes 30
EtherApe-INFO: 04:41:48.993: delete node: IPv6: ff02::2. Number of nodes 29
EtherApe-INFO: 04:41:48.993: delete node: IPv6: fe80::13fb:a58d:93ba:8515. Number of nodes 28
EtherApe-INFO: 04:41:50.980: delete node: IP: 155.248.196.28. Number of nodes 27
EtherApe-INFO: 04:41:51.718: New node: IP: 140.82.121.4. Number of nodes 28
EtherApe-INFO: 04:41:55.562: New node: IP: 185.199.108.154. Number of nodes 29
EtherApe-INFO: 04:41:55.815: New node: IP: 185.199.109.133. Number of nodes 30
EtherApe-INFO: 04:41:59.140: New node: IP: 155.248.196.28. Number of nodes 31
EtherApe-INFO: 04:42:01.194: New node: IPv6: fe80::13fb:a58d:93ba:8515. Number of nodes 32
EtherApe-INFO: 04:42:01.194: New node: IPv6: ff02::2. Number of nodes 33
EtherApe-INFO: 04:42:09.681: delete node: IP: 142.250.203.195. Number of nodes 32
EtherApe-INFO: 04:42:13.748: New node: IP: 62.182.19.39. Number of nodes 33
EtherApe-INFO: 04:42:17.570: New node: IP: 142.250.203.131. Number of nodes 34
EtherApe-INFO: 04:42:17.826: New node: IP: 104.26.10.123. Number of nodes 35
EtherApe-INFO: 04:42:17.836: New node: IP: 104.16.99.56. Number of nodes 36
EtherApe-INFO: 04:42:18.084: New node: IP: 104.18.32.68. Number of nodes 37
EtherApe-INFO: 04:42:18.599: New node: IP: 104.26.11.123. Number of nodes 38
EtherApe-INFO: 04:42:18.601: New node: IP: 104.16.242.94. Number of nodes 39
EtherApe-INFO: 04:42:18.608: New node: IP: 104.16.26.5. Number of nodes 40
EtherApe-INFO: 04:42:19.112: New node: IP: 13.32.103.37. Number of nodes 41
EtherApe-INFO: 04:42:19.625: New node: IP: 104.18.22.126. Number of nodes 42
EtherApe-INFO: 04:42:19.875: New node: IP: 108.138.46.56. Number of nodes 43
EtherApe-INFO: 04:42:20.136: New node: IP: 193.34.169.16. Number of nodes 44
EtherApe-INFO: 04:42:20.643: New node: IP: 3.123.87.71. Number of nodes 45
EtherApe-INFO: 04:42:20.646: New node: IP: 13.224.192.222. Number of nodes 46
EtherApe-INFO: 04:42:20.647: New node: IP: 18.244.102.57. Number of nodes 47
EtherApe-INFO: 04:42:20.899: New node: IP: 104.17.33.105. Number of nodes 48
EtherApe-INFO: 04:42:21.424: New node: IP: 52.85.122.132. Number of nodes 49
EtherApe-INFO: 04:42:22.183: New node: IP: 35.173.4.121. Number of nodes 50
EtherApe-INFO: 04:42:28.322: New node: IP: 142.250.203.195. Number of nodes 51
EtherApe-INFO: 04:42:31.150: New node: IP: 104.18.6.57. Number of nodes 52
EtherApe-INFO: 04:42:31.397: New node: IP: 18.66.233.86. Number of nodes 53
EtherApe-INFO: 04:42:53.927: New node: IP: 193.34.169.17. Number of nodes 54
EtherApe-INFO: 04:42:54.951: New node: IP: 142.250.203.132. Number of nodes 55
EtherApe-INFO: 04:42:55.466: New node: IP: 193.34.168.232. Number of nodes 56
EtherApe-INFO: 04:42:55.717: New node: IP: 172.64.155.188. Number of nodes 57
EtherApe-INFO: 04:42:55.724: New node: IP: 151.101.1.69. Number of nodes 58
EtherApe-INFO: 04:42:56.488: New node: IP: 198.252.206.25. Number of nodes 59
EtherApe-INFO: 04:42:56.751: New node: IP: 151.101.129.69. Number of nodes 60
EtherApe-INFO: 04:42:57.512: New node: IP: 172.217.16.46. Number of nodes 61
EtherApe-INFO: 04:42:58.018: New node: IP: 76.76.21.21. Number of nodes 62
EtherApe-INFO: 04:42:58.531: New node: IP: 142.250.203.205. Number of nodes 63
EtherApe-INFO: 04:42:59.563: delete node: IP: 34.107.221.82. Number of nodes 62
EtherApe-INFO: 04:42:59.819: New node: IP: 104.17.49.74. Number of nodes 63
EtherApe-INFO: 04:43:00.071: New node: IP: 172.64.107.28. Number of nodes 64
EtherApe-INFO: 04:43:00.076: New node: IP: 172.64.106.28. Number of nodes 65
EtherApe-INFO: 04:43:01.092: New node: IP: 95.216.195.133. Number of nodes 66
EtherApe-INFO: 04:43:02.660: delete node: IP: 34.117.65.55. Number of nodes 65
EtherApe-INFO: 04:43:02.882: New node: IP: 37.120.204.155. Number of nodes 66
EtherApe-INFO: 04:43:03.741: delete node: IP: 35.241.9.150. Number of nodes 65
EtherApe-INFO: 04:43:04.707: delete node: IP: 142.250.203.202. Number of nodes 64
EtherApe-INFO: 04:43:06.261: delete node: IP: 172.67.97.54. Number of nodes 63
EtherApe-INFO: 04:43:06.481: delete node: IP: 216.58.215.106. Number of nodes 62
EtherApe-INFO: 04:43:12.618: New node: IP: 34.117.65.55. Number of nodes 63
EtherApe-INFO: 04:43:16.680: delete node: IP: 216.58.215.100. Number of nodes 62
EtherApe-INFO: 04:43:26.164: delete node: IP: 142.250.186.195. Number of nodes 61
EtherApe-INFO: 04:43:40.224: delete node: IP: 192.178.25.163. Number of nodes 60
EtherApe-INFO: 04:43:40.438: delete node: IP: 142.250.203.138. Number of nodes 59
EtherApe-INFO: 04:43:59.488: delete node: IP: 155.248.196.28. Number of nodes 58
EtherApe-INFO: 04:44:01.431: delete node: IPv6: ff02::2. Number of nodes 57
EtherApe-INFO: 04:44:01.431: delete node: IPv6: fe80::13fb:a58d:93ba:8515. Number of nodes 56
EtherApe-INFO: 04:44:14.497: delete node: IP: 185.199.108.154. Number of nodes 55
EtherApe-INFO: 04:44:18.574: delete node: IP: 104.26.11.123. Number of nodes 54
EtherApe-INFO: 04:44:36.977: New node: IP: 95.216.144.15. Number of nodes 55
EtherApe-INFO: 04:44:59.092: delete node: IP: 198.252.206.25. Number of nodes 54
EtherApe-INFO: 04:44:59.092: delete node: IP: 151.101.129.69. Number of nodes 53
EtherApe-INFO: 04:45:00.575: delete node: IP: 172.64.106.28. Number of nodes 52
EtherApe-INFO: 04:45:01.864: delete node: IP: 95.216.195.133. Number of nodes 51
EtherApe-INFO: 04:45:04.955: delete node: IP: 192.178.25.161. Number of nodes 50
EtherApe-INFO: 04:45:04.955: delete node: IP: 172.217.16.46. Number of nodes 49
EtherApe-INFO: 04:45:04.955: delete node: IP: 142.250.203.195. Number of nodes 48
EtherApe-INFO: 04:45:04.955: delete node: IP: 142.250.203.142. Number of nodes 47
EtherApe-INFO: 04:45:09.579: delete node: IP: 2.21.173.91. Number of nodes 46
EtherApe-INFO: 04:45:12.872: delete node: IP: 34.117.65.55. Number of nodes 45
EtherApe-INFO: 04:45:19.238: delete node: IP: 62.182.19.39. Number of nodes 44
EtherApe-INFO: 04:45:22.849: delete node: IP: 3.123.87.71. Number of nodes 43
EtherApe-INFO: 04:45:25.679: delete node: IP: 172.217.16.42. Number of nodes 42
EtherApe-INFO: 04:45:47.972: delete node: IP: 192.229.221.95. Number of nodes 41
EtherApe-INFO: 04:46:05.887: delete node: IP: 193.34.169.17. Number of nodes 40
EtherApe-INFO: 04:46:05.887: delete node: IP: 193.34.168.232. Number of nodes 39
EtherApe-INFO: 04:46:15.280: New node: IP: 155.248.196.28. Number of nodes 40
EtherApe-INFO: 04:46:15.318: delete node: IP: 140.82.121.4. Number of nodes 39
EtherApe-INFO: 04:46:19.122: delete node: IP: 13.224.192.222. Number of nodes 38
EtherApe-INFO: 04:46:22.961: New node: IPv6: fe80::13fb:a58d:93ba:8515. Number of nodes 39
EtherApe-INFO: 04:46:22.961: New node: IPv6: ff02::2. Number of nodes 40
EtherApe-INFO: 04:46:33.026: delete node: IP: 104.25.94.5. Number of nodes 39
EtherApe-INFO: 04:46:33.027: delete node: IP: 52.29.123.56. Number of nodes 38
EtherApe-INFO: 04:46:39.657: delete node: IP: 95.216.144.15. Number of nodes 37
EtherApe-INFO: 04:46:56.262: delete node: IP: 172.64.155.188. Number of nodes 36
EtherApe-INFO: 04:46:56.262: delete node: IP: 104.18.32.68. Number of nodes 35
EtherApe-INFO: 04:46:59.410: delete node: IP: 172.217.16.35. Number of nodes 34
EtherApe-INFO: 04:47:05.289: delete node: IP: 185.199.109.133. Number of nodes 33
EtherApe-INFO: 04:47:10.422: delete node: IP: 104.16.99.56. Number of nodes 32
EtherApe-INFO: 04:47:10.422: delete node: IP: 104.16.26.5. Number of nodes 31
EtherApe-INFO: 04:47:19.638: delete node: IP: 108.138.46.56. Number of nodes 30
EtherApe-INFO: 04:47:19.638: delete node: IP: 104.26.10.123. Number of nodes 29
EtherApe-INFO: 04:47:19.638: delete node: IP: 104.18.22.126. Number of nodes 28
EtherApe-INFO: 04:47:19.638: delete node: IP: 104.16.242.94. Number of nodes 27
EtherApe-INFO: 04:47:19.638: delete node: IP: 52.85.122.132. Number of nodes 26
EtherApe-INFO: 04:47:19.638: delete node: IP: 35.173.4.121. Number of nodes 25
EtherApe-INFO: 04:47:19.638: delete node: IP: 18.244.102.57. Number of nodes 24
EtherApe-INFO: 04:47:22.657: delete node: IP: 142.250.203.197. Number of nodes 23
EtherApe-INFO: 04:47:22.657: delete node: IP: 104.18.6.57. Number of nodes 22
EtherApe-INFO: 04:47:22.657: delete node: IP: 18.66.233.86. Number of nodes 21
EtherApe-INFO: 04:47:28.280: delete node: IP: 13.32.103.37. Number of nodes 20
EtherApe-INFO: 04:47:49.532: delete node: IP: 151.101.1.69. Number of nodes 19
EtherApe-INFO: 04:47:49.532: delete node: IP: 142.250.203.205. Number of nodes 18
EtherApe-INFO: 04:47:49.532: delete node: IP: 142.250.203.132. Number of nodes 17
EtherApe-INFO: 04:47:49.532: delete node: IP: 142.250.203.131. Number of nodes 16
EtherApe-INFO: 04:47:49.532: delete node: IP: 104.17.33.105. Number of nodes 15
EtherApe-INFO: 04:47:50.584: delete node: IP: 76.76.21.21. Number of nodes 14
EtherApe-INFO: 04:47:51.317: delete node: IP: 104.17.49.74. Number of nodes 13
EtherApe-INFO: 04:47:54.144: delete node: IP: 172.64.107.28. Number of nodes 12
EtherApe-INFO: 04:47:57.936: New node: IP: 198.252.206.25. Number of nodes 13
EtherApe-INFO: 04:48:01.009: New node: IP: 95.216.195.133. Number of nodes 14
EtherApe-INFO: 04:48:12.784: New node: IP: 34.117.65.55. Number of nodes 15
EtherApe-INFO: 04:48:15.958: delete node: IP: 155.248.196.28. Number of nodes 14
EtherApe-INFO: 04:48:25.174: delete node: IPv6: ff02::2. Number of nodes 13
EtherApe-INFO: 04:48:25.174: delete node: IPv6: fe80::13fb:a58d:93ba:8515. Number of nodes 12
EtherApe-INFO: 04:49:58.312: delete node: IP: 198.252.206.25. Number of nodes 11
EtherApe-INFO: 04:50:00.304: New node: IP: 146.75.116.193. Number of nodes 12
EtherApe-INFO: 04:50:01.355: delete node: IP: 95.216.195.133. Number of nodes 11
EtherApe-INFO: 04:50:14.134: delete node: IP: 34.117.65.55. Number of nodes 10
EtherApe-INFO: 04:52:02.352: delete node: IP: 146.75.116.193. Number of nodes 9
EtherApe-INFO: 04:52:58.120: New node: IP: 198.252.206.25. Number of nodes 10
EtherApe-INFO: 04:53:00.936: New node: IP: 95.216.195.133. Number of nodes 11
EtherApe-INFO: 04:53:03.241: New node: IP: 146.75.116.193. Number of nodes 12
EtherApe-INFO: 04:53:12.968: New node: IP: 34.117.65.55. Number of nodes 13
EtherApe-INFO: 04:54:47.688: New node: IP: 155.248.196.28. Number of nodes 14
EtherApe-INFO: 04:54:59.813: delete node: IP: 198.252.206.25. Number of nodes 13
EtherApe-INFO: 04:55:01.277: delete node: IP: 95.216.195.133. Number of nodes 12
EtherApe-INFO: 04:55:06.179: delete node: IP: 146.75.116.193. Number of nodes 11
EtherApe-INFO: 04:55:13.814: delete node: IP: 34.117.65.55. Number of nodes 10
EtherApe-INFO: 04:55:14.568: New node: IPv6: fe80::13fb:a58d:93ba:8515. Number of nodes 11
EtherApe-INFO: 04:55:14.568: New node: IPv6: ff02::2. Number of nodes 12
EtherApe-INFO: 04:56:49.559: delete node: IP: 155.248.196.28. Number of nodes 11
EtherApe-INFO: 04:57:17.992: delete node: IPv6: ff02::2. Number of nodes 10
EtherApe-INFO: 04:57:17.992: delete node: IPv6: fe80::13fb:a58d:93ba:8515. Number of nodes 9
EtherApe-INFO: 04:57:58.408: New node: IP: 198.252.206.25. Number of nodes 10
EtherApe-INFO: 04:58:00.969: New node: IP: 95.216.195.133. Number of nodes 11
EtherApe-INFO: 04:58:13.000: New node: IP: 34.117.65.55. Number of nodes 12
EtherApe-INFO: 04:59:59.845: delete node: IP: 198.252.206.25. Number of nodes 11
EtherApe-INFO: 05:00:03.661: delete node: IP: 95.216.195.133. Number of nodes 10
EtherApe-INFO: 05:00:13.396: delete node: IP: 34.117.65.55. Number of nodes 9
EtherApe-INFO: 05:02:58.440: New node: IP: 198.252.206.25. Number of nodes 10
EtherApe-INFO: 05:03:01.001: New node: IP: 95.216.195.133. Number of nodes 11
EtherApe-INFO: 05:03:13.288: New node: IP: 34.117.65.55. Number of nodes 12
EtherApe-INFO: 05:04:58.587: delete node: IP: 198.252.206.25. Number of nodes 11
EtherApe-INFO: 05:05:02.953: delete node: IP: 95.216.195.133. Number of nodes 10
EtherApe-INFO: 05:05:19.810: delete node: IP: 34.117.65.55. Number of nodes 9
EtherApe-INFO: 05:07:58.729: New node: IP: 198.252.206.25. Number of nodes 10
EtherApe-INFO: 05:08:01.033: New node: IP: 95.216.195.133. Number of nodes 11
EtherApe-INFO: 05:08:12.809: New node: IP: 34.117.65.55. Number of nodes 12
EtherApe-INFO: 05:08:52.802: delete node: IP: 104.16.249.249. Number of nodes 11
EtherApe-INFO: 05:09:59.903: delete node: IP: 198.252.206.25. Number of nodes 10
EtherApe-INFO: 05:10:07.081: delete node: IP: 95.216.195.133. Number of nodes 9
EtherApe-INFO: 05:10:16.040: delete node: IP: 34.117.65.55. Number of nodes 8
EtherApe-INFO: 05:11:51.688: New node: IP: 155.248.196.28. Number of nodes 9
EtherApe-INFO: 05:12:59.016: New node: IP: 198.252.206.25. Number of nodes 10
EtherApe-INFO: 05:13:01.066: New node: IP: 95.216.195.133. Number of nodes 11
EtherApe-INFO: 05:13:13.608: New node: IP: 34.117.65.55. Number of nodes 12
EtherApe-INFO: 05:13:29.808: delete node: IP: 104.16.248.249. Number of nodes 11
EtherApe-INFO: 05:13:41.257: New node: IPv6: fe80::13fb:a58d:93ba:8515. Number of nodes 12
EtherApe-INFO: 05:13:41.257: New node: IPv6: ff02::2. Number of nodes 13
EtherApe-INFO: 05:13:41.265: delete node: IP: 140.82.113.26. Number of nodes 12
EtherApe-INFO: 05:13:55.374: delete node: IP: 155.248.196.28. Number of nodes 11
EtherApe-INFO: 05:14:59.886: delete node: IP: 198.252.206.25. Number of nodes 10
EtherApe-INFO: 05:15:04.260: delete node: IP: 95.216.195.133. Number of nodes 9
EtherApe-INFO: 05:15:13.936: delete node: IP: 34.117.65.55. Number of nodes 8
EtherApe-INFO: 05:15:41.607: delete node: IPv6: ff02::2. Number of nodes 7
EtherApe-INFO: 05:15:41.607: delete node: IPv6: fe80::13fb:a58d:93ba:8515. Number of nodes 6
EtherApe-INFO: 05:18:00.008: New node: IP: 198.252.206.25. Number of nodes 7
EtherApe-INFO: 05:18:01.033: New node: IP: 95.216.195.133. Number of nodes 8
EtherApe-INFO: 05:18:13.832: New node: IP: 34.117.65.55. Number of nodes 9
EtherApe-INFO: 05:20:00.851: delete node: IP: 198.252.206.25. Number of nodes 8
EtherApe-INFO: 05:20:02.394: delete node: IP: 95.216.195.133. Number of nodes 7
EtherApe-INFO: 05:20:14.225: delete node: IP: 34.117.65.55. Number of nodes 6
EtherApe-INFO: 05:23:01.048: New node: IP: 95.216.195.133. Number of nodes 7
EtherApe-INFO: 05:23:01.049: New node: IP: 198.252.206.25. Number of nodes 8
EtherApe-INFO: 05:23:14.056: New node: IP: 34.117.65.55. Number of nodes 9
EtherApe-INFO: 05:25:01.642: delete node: IP: 198.252.206.25. Number of nodes 8
EtherApe-INFO: 05:25:01.642: delete node: IP: 95.216.195.133. Number of nodes 7
EtherApe-INFO: 05:25:14.401: delete node: IP: 34.117.65.55. Number of nodes 6
EtherApe-INFO: 05:28:01.120: New node: IP: 95.216.195.133. Number of nodes 7
EtherApe-INFO: 05:28:02.144: New node: IP: 198.252.206.25. Number of nodes 8
EtherApe-INFO: 05:28:14.192: New node: IP: 34.117.65.55. Number of nodes 9
EtherApe-INFO: 05:30:01.913: delete node: IP: 95.216.195.133. Number of nodes 8
EtherApe-INFO: 05:30:02.943: delete node: IP: 198.252.206.25. Number of nodes 7
EtherApe-INFO: 05:30:14.615: delete node: IP: 34.117.65.55. Number of nodes 6
EtherApe-INFO: 05:33:01.096: New node: IP: 95.216.195.133. Number of nodes 7
EtherApe-INFO: 05:33:02.632: New node: IP: 198.252.206.25. Number of nodes 8
EtherApe-INFO: 05:33:14.201: New node: IP: 34.117.65.55. Number of nodes 9
EtherApe-INFO: 05:35:01.844: delete node: IP: 95.216.195.133. Number of nodes 8
EtherApe-INFO: 05:35:02.875: delete node: IP: 198.252.206.25. Number of nodes 7
EtherApe-INFO: 05:35:14.511: delete node: IP: 34.117.65.55. Number of nodes 6
EtherApe-INFO: 05:38:01.104: New node: IP: 95.216.195.133. Number of nodes 7
EtherApe-INFO: 05:38:02.896: New node: IP: 198.252.206.25. Number of nodes 8
EtherApe-INFO: 05:38:12.464: New node: IP: 34.117.65.55. Number of nodes 9
EtherApe-INFO: 05:40:02.347: delete node: IP: 95.216.195.133. Number of nodes 8
EtherApe-INFO: 05:40:05.431: delete node: IP: 198.252.206.25. Number of nodes 7
EtherApe-INFO: 05:40:15.599: delete node: IP: 34.117.65.55. Number of nodes 6
EtherApe-INFO: 05:43:01.088: New node: IP: 95.216.195.133. Number of nodes 7
EtherApe-INFO: 05:43:03.008: New node: IP: 198.252.206.25. Number of nodes 8
EtherApe-INFO: 05:45:04.747: delete node: IP: 198.252.206.25. Number of nodes 7
EtherApe-INFO: 05:45:04.747: delete node: IP: 95.216.195.133. Number of nodes 6
EtherApe-INFO: 05:46:00.072: New node: IP: 155.248.196.28. Number of nodes 7
EtherApe-INFO: 05:48:00.821: delete node: IP: 155.248.196.28. Number of nodes 6
EtherApe-INFO: 05:48:01.024: New node: IP: 95.216.195.133. Number of nodes 7
EtherApe-INFO: 05:48:03.248: New node: IP: 198.252.206.25. Number of nodes 8
EtherApe-INFO: 05:50:01.333: delete node: IP: 95.216.195.133. Number of nodes 7
EtherApe-INFO: 05:50:03.521: delete node: IP: 198.252.206.25. Number of nodes 6
EtherApe-INFO: 05:52:05.365: New node: IPv6: fe80::13fb:a58d:93ba:8515. Number of nodes 7
EtherApe-INFO: 05:52:05.365: New node: IPv6: ff02::2. Number of nodes 8
EtherApe-INFO: 05:53:01.145: New node: IP: 95.216.195.133. Number of nodes 9
EtherApe-INFO: 05:53:03.536: New node: IP: 198.252.206.25. Number of nodes 10
EtherApe-INFO: 05:54:05.739: delete node: IPv6: ff02::2. Number of nodes 9
EtherApe-INFO: 05:54:05.739: delete node: IPv6: fe80::13fb:a58d:93ba:8515. Number of nodes 8
EtherApe-INFO: 05:55:01.773: delete node: IP: 95.216.195.133. Number of nodes 7
EtherApe-INFO: 05:55:04.448: delete node: IP: 198.252.206.25. Number of nodes 6
EtherApe-INFO: 05:58:01.168: New node: IP: 95.216.195.133. Number of nodes 7
EtherApe-INFO: 05:58:03.944: New node: IP: 198.252.206.25. Number of nodes 8
EtherApe-INFO: 06:00:01.844: delete node: IP: 95.216.195.133. Number of nodes 7
EtherApe-INFO: 06:00:04.621: delete node: IP: 198.252.206.25. Number of nodes 6
EtherApe-INFO: 06:00:24.240: New node: IP: 149.154.167.216. Number of nodes 7
EtherApe-INFO: 06:02:40.040: delete node: IP: 149.154.167.216. Number of nodes 6
EtherApe-INFO: 06:03:01.001: New node: IP: 95.216.195.133. Number of nodes 7
EtherApe-INFO: 06:03:04.072: New node: IP: 198.252.206.25. Number of nodes 8
