(etherape:30111): GLib-GIO-DEBUG: 22:45:43.340: _g_io_module_get_default: Found default implementation local (GLocalVfs) for ‘gio-vfs’
(etherape:30111): GLib-GIO-DEBUG: 22:45:43.470: Using cross-namespace EXTERNAL authentication (this will deadlock if server is GDBus < 2.73.3)
EtherApe-INFO: 22:45:43.574: sctp protocol not supported
EtherApe-INFO: 22:45:43.574: dccp protocol not supported
EtherApe-INFO: 22:45:43.574: sctp protocol not supported
EtherApe-INFO: 22:45:43.574: sctp protocol not supported
EtherApe-INFO: 22:45:43.574: sctp protocol not supported
EtherApe-INFO: 22:45:43.574: sctp protocol not supported
EtherApe-INFO: 22:45:43.575: sctp protocol not supported
EtherApe-INFO: 22:45:43.575: sctp protocol not supported
EtherApe-INFO: 22:45:43.576: sctp protocol not supported
EtherApe-INFO: 22:45:43.576: dccp protocol not supported
EtherApe-INFO: 22:45:43.576: sctp protocol not supported
EtherApe-INFO: 22:45:43.576: dccp protocol not supported
EtherApe-INFO: 22:45:43.576: dccp protocol not supported
EtherApe-INFO: 22:45:43.576: sctp protocol not supported
EtherApe-INFO: 22:45:43.577: sctp protocol not supported
EtherApe-INFO: 22:45:43.577: sctp protocol not supported
EtherApe-INFO: 22:45:43.578: sctp protocol not supported
EtherApe-INFO: 22:45:43.578: sctp protocol not supported
EtherApe-INFO: 22:45:43.580: sctp protocol not supported
EtherApe-INFO: 22:45:43.580: sctp protocol not supported
EtherApe-INFO: 22:45:43.580: sctp protocol not supported
EtherApe-INFO: 22:45:43.580: sctp protocol not supported
EtherApe-INFO: 22:45:43.581: sctp protocol not supported
EtherApe-INFO: 22:45:43.582: sctp protocol not supported
EtherApe-INFO: 22:45:43.582: sctp protocol not supported
EtherApe-INFO: 22:45:43.582: sctp protocol not supported
EtherApe-INFO: 22:45:43.582: sctp protocol not supported
EtherApe-INFO: 22:45:43.583: sctp protocol not supported
EtherApe-INFO: 22:45:43.583: dccp protocol not supported
EtherApe-INFO: 22:45:43.583: sctp protocol not supported
EtherApe-INFO: 22:45:43.583: sctp protocol not supported
EtherApe-INFO: 22:45:43.583: dccp protocol not supported
EtherApe-INFO: 22:45:43.584: sctp protocol not supported
EtherApe-INFO: 22:45:43.584: sctp protocol not supported
EtherApe-INFO: 22:45:43.584: sctp protocol not supported
EtherApe-INFO: 22:45:43.584: dccp protocol not supported
EtherApe-INFO: 22:45:43.584: dccp protocol not supported
EtherApe-INFO: 22:45:43.584: sctp protocol not supported
EtherApe-INFO: 22:45:43.584: sctp protocol not supported
EtherApe-INFO: 22:45:43.584: sctp protocol not supported
EtherApe-INFO: 22:45:43.584: sctp protocol not supported
EtherApe-INFO: 22:45:43.584: sctp protocol not supported
EtherApe-INFO: 22:45:43.584: sctp protocol not supported
EtherApe-INFO: 22:45:43.585: sctp protocol not supported
EtherApe-INFO: 22:45:43.585: sctp protocol not supported
EtherApe-INFO: 22:45:43.585: sctp protocol not supported
EtherApe-INFO: 22:45:43.585: sctp protocol not supported
EtherApe-INFO: 22:45:43.585: sctp protocol not supported
EtherApe-INFO: 22:45:43.585: sctp protocol not supported
EtherApe-INFO: 22:45:43.585: sctp protocol not supported
EtherApe-INFO: 22:45:43.585: sctp protocol not supported
EtherApe-INFO: 22:45:43.585: sctp protocol not supported
EtherApe-INFO: 22:45:43.585: sctp protocol not supported
EtherApe-INFO: 22:45:43.585: sctp protocol not supported
EtherApe-INFO: 22:45:43.585: sctp protocol not supported
EtherApe-INFO: 22:45:43.585: sctp protocol not supported
EtherApe-INFO: 22:45:43.585: sctp protocol not supported
EtherApe-INFO: 22:45:43.585: dccp protocol not supported
EtherApe-INFO: 22:45:43.586: sctp protocol not supported
EtherApe-INFO: 22:45:43.586: sctp protocol not supported
EtherApe-INFO: 22:45:43.586: sctp protocol not supported
EtherApe-INFO: 22:45:43.586: sctp protocol not supported
EtherApe-INFO: 22:45:43.586: sctp protocol not supported
EtherApe-INFO: 22:45:43.586: sctp protocol not supported
EtherApe-INFO: 22:45:43.586: sctp protocol not supported
EtherApe-INFO: 22:45:43.587: sctp protocol not supported
EtherApe-INFO: 22:45:43.587: sctp protocol not supported
EtherApe-INFO: 22:45:43.587: sctp protocol not supported
EtherApe-INFO: 22:45:43.587: sctp protocol not supported
EtherApe-INFO: 22:45:43.587: sctp protocol not supported
EtherApe-INFO: 22:45:43.587: sctp protocol not supported
EtherApe-INFO: 22:45:43.588: sctp protocol not supported
EtherApe-INFO: 22:45:43.588: sctp protocol not supported
EtherApe-INFO: 22:45:43.588: sctp protocol not supported
EtherApe-INFO: 22:45:43.588: sctp protocol not supported
EtherApe-INFO: 22:45:43.588: sctp protocol not supported
EtherApe-INFO: 22:45:43.588: sctp protocol not supported
EtherApe-INFO: 22:45:43.588: sctp protocol not supported
EtherApe-INFO: 22:45:43.589: sctp protocol not supported
EtherApe-INFO: 22:45:43.589: sctp protocol not supported
EtherApe-INFO: 22:45:43.589: sctp protocol not supported
EtherApe-INFO: 22:45:43.589: sctp protocol not supported
EtherApe-INFO: 22:45:43.589: sctp protocol not supported
EtherApe-INFO: 22:45:43.589: sctp protocol not supported
EtherApe-INFO: 22:45:43.589: sctp protocol not supported
EtherApe-INFO: 22:45:43.589: sctp protocol not supported
EtherApe-INFO: 22:45:43.589: sctp protocol not supported
EtherApe-INFO: 22:45:43.589: sctp protocol not supported
EtherApe-INFO: 22:45:43.589: sctp protocol not supported
EtherApe-INFO: 22:45:43.589: sctp protocol not supported
EtherApe-INFO: 22:45:43.589: sctp protocol not supported
EtherApe-INFO: 22:45:43.589: sctp protocol not supported
EtherApe-INFO: 22:45:43.589: sctp protocol not supported
EtherApe-INFO: 22:45:43.589: sctp protocol not supported
EtherApe-INFO: 22:45:43.605: get_interface result: ''
EtherApe-INFO: 22:45:43.605: Available interfaces for capture: dbus-session dbus-system nfqueue nflog bluetooth-monitor bluetooth0 lo any wlp2s0
EtherApe-INFO: 22:45:43.606: Link type is LINUX_SLL
EtherApe-INFO: 22:45:43.606: Diagram started
EtherApe-INFO: 22:45:43.863: New node: IP: 89.187.191.12. Number of nodes 1
EtherApe-INFO: 22:45:43.863: New node: IP: 192.168.1.250. Number of nodes 2
EtherApe-INFO: 22:45:44.119: New node: IP: 8.8.8.8. Number of nodes 3
EtherApe-INFO: 22:45:44.379: New node: IP: 13.32.121.101. Number of nodes 4
EtherApe-INFO: 22:45:44.632: New node: IP: 142.250.203.131. Number of nodes 5
EtherApe-INFO: 22:45:45.401: New node: IP: 35.186.227.140. Number of nodes 6
EtherApe-INFO: 22:45:45.658: New node: IP: 149.154.167.50. Number of nodes 7
EtherApe-INFO: 22:45:49.501: New node: IP: 142.250.203.202. Number of nodes 8
EtherApe-INFO: 22:45:59.482: New node: IP: 34.98.75.36. Number of nodes 9
EtherApe-INFO: 22:46:00.254: New node: IP: 3.127.160.74. Number of nodes 10
EtherApe-INFO: 22:46:00.506: New node: IP: 34.160.144.191. Number of nodes 11
EtherApe-INFO: 22:46:00.506: New node: IP: 104.17.49.74. Number of nodes 12
EtherApe-INFO: 22:46:02.550: New node: IP: 34.120.208.123. Number of nodes 13
EtherApe-INFO: 22:46:04.351: New node: IP: 104.16.243.94. Number of nodes 14
EtherApe-INFO: 22:46:04.352: New node: IP: 104.18.12.33. Number of nodes 15
EtherApe-INFO: 22:46:06.143: New node: IP: 104.16.248.249. Number of nodes 16
EtherApe-INFO: 22:46:06.397: New node: IP: 3.2.8.2. Number of nodes 17
EtherApe-INFO: 22:46:09.467: New node: IP: 34.224.129.32. Number of nodes 18
EtherApe-INFO: 22:46:09.467: New node: IP: 18.66.224.67. Number of nodes 19
EtherApe-INFO: 22:46:10.489: New node: IP: 172.217.16.4. Number of nodes 20
EtherApe-INFO: 22:46:11.512: New node: IP: 142.250.186.206. Number of nodes 21
EtherApe-INFO: 22:46:13.558: New node: IP: 216.58.208.202. Number of nodes 22
EtherApe-INFO: 22:46:14.336: New node: IP: 216.58.209.14. Number of nodes 23
EtherApe-INFO: 22:46:18.681: New node: IP: 140.82.112.25. Number of nodes 24
EtherApe-INFO: 22:46:19.968: New node: IP: 142.250.186.197. Number of nodes 25
EtherApe-INFO: 22:46:22.520: New node: IP: 185.199.108.133. Number of nodes 26
EtherApe-INFO: 22:46:22.520: New node: IP: 185.199.111.133. Number of nodes 27
EtherApe-INFO: 22:46:22.521: New node: IP: 140.82.121.6. Number of nodes 28
EtherApe-INFO: 22:46:22.521: New node: IP: 140.82.121.3. Number of nodes 29
EtherApe-INFO: 22:46:26.367: New node: IP: 34.102.187.140. Number of nodes 30
EtherApe-INFO: 22:47:10.098: New node: IP: 192.168.1.1. Number of nodes 31
EtherApe-INFO: 22:47:10.102: New node: IP: 95.216.195.133. Number of nodes 32
EtherApe-INFO: 22:47:59.529: delete node: IP: 34.98.75.36. Number of nodes 31
EtherApe-INFO: 22:48:00.563: delete node: IP: 104.17.49.74. Number of nodes 30
EtherApe-INFO: 22:48:00.563: delete node: IP: 34.160.144.191. Number of nodes 29
EtherApe-INFO: 22:48:02.651: delete node: IP: 34.120.208.123. Number of nodes 28
EtherApe-INFO: 22:48:04.412: delete node: IP: 104.18.12.33. Number of nodes 27
EtherApe-INFO: 22:48:04.412: delete node: IP: 104.16.243.94. Number of nodes 26
EtherApe-INFO: 22:48:06.501: delete node: IP: 3.2.8.2. Number of nodes 25
EtherApe-INFO: 22:48:09.515: delete node: IP: 34.224.129.32. Number of nodes 24
EtherApe-INFO: 22:48:10.553: delete node: IP: 172.217.16.4. Number of nodes 23
EtherApe-INFO: 22:48:10.553: delete node: IP: 18.66.224.67. Number of nodes 22
EtherApe-INFO: 22:48:10.771: New node: IP: 52.13.173.34. Number of nodes 23
EtherApe-INFO: 22:48:14.416: delete node: IP: 216.58.209.14. Number of nodes 22
EtherApe-INFO: 22:48:16.487: delete node: IP: 216.58.208.202. Number of nodes 21
EtherApe-INFO: 22:48:16.487: delete node: IP: 142.250.186.206. Number of nodes 20
EtherApe-INFO: 22:48:22.635: delete node: IP: 185.199.111.133. Number of nodes 19
EtherApe-INFO: 22:48:22.635: delete node: IP: 185.199.108.133. Number of nodes 18
EtherApe-INFO: 22:48:22.635: delete node: IP: 140.82.121.6. Number of nodes 17
EtherApe-INFO: 22:48:22.635: delete node: IP: 140.82.121.3. Number of nodes 16
EtherApe-INFO: 22:48:26.502: delete node: IP: 34.102.187.140. Number of nodes 15
EtherApe-INFO: 22:48:33.563: New node: IP: 35.244.181.201. Number of nodes 16
EtherApe-INFO: 22:48:33.808: New node: IP: 93.184.220.29. Number of nodes 17
EtherApe-INFO: 22:48:33.814: New node: IP: 34.160.144.191. Number of nodes 18
EtherApe-INFO: 22:48:56.966: delete node: IP: 3.127.160.74. Number of nodes 17
EtherApe-INFO: 22:49:10.200: delete node: IP: 192.168.1.1. Number of nodes 16
EtherApe-INFO: 22:49:10.512: delete node: IP: 95.216.195.133. Number of nodes 15
EtherApe-INFO: 22:49:37.621: delete node: IP: 35.186.227.140. Number of nodes 14
EtherApe-INFO: 22:50:04.947: New node: IP: 3.127.160.74. Number of nodes 15
EtherApe-INFO: 22:50:11.102: delete node: IP: 52.13.173.34. Number of nodes 14
EtherApe-INFO: 22:52:05.025: New node: IP: 140.82.121.5. Number of nodes 15
EtherApe-INFO: 22:52:10.126: New node: IP: 192.168.1.1. Number of nodes 16
EtherApe-INFO: 22:52:10.128: New node: IP: 95.216.195.133. Number of nodes 17
EtherApe-INFO: 22:52:29.424: delete node: IP: 93.184.220.29. Number of nodes 16
EtherApe-INFO: 22:53:11.055: New node: IP: 52.13.173.34. Number of nodes 17
EtherApe-INFO: 22:53:22.087: delete node: IP: 3.127.160.74. Number of nodes 16
EtherApe-INFO: 22:53:24.463: delete node: IP: 35.244.181.201. Number of nodes 15
EtherApe-INFO: 22:53:24.463: delete node: IP: 34.160.144.191. Number of nodes 14
EtherApe-INFO: 22:54:10.206: delete node: IP: 192.168.1.1. Number of nodes 13
EtherApe-INFO: 22:54:10.206: delete node: IP: 8.8.8.8. Number of nodes 12
EtherApe-INFO: 22:54:10.516: delete node: IP: 95.216.195.133. Number of nodes 11
EtherApe-INFO: 22:54:13.097: delete node: IP: 142.250.203.131. Number of nodes 10
EtherApe-INFO: 22:54:13.262: New node: IP: 142.250.203.131. Number of nodes 11
EtherApe-INFO: 22:54:47.312: New node: IP: 54.212.190.119. Number of nodes 12
EtherApe-INFO: 22:54:47.312: New node: IP: 35.186.227.140. Number of nodes 13
EtherApe-INFO: 22:54:47.565: New node: IP: 8.8.8.8. Number of nodes 14
EtherApe-INFO: 22:55:11.201: delete node: IP: 52.13.173.34. Number of nodes 13
EtherApe-INFO: 22:56:05.418: delete node: IP: 140.82.121.5. Number of nodes 12
EtherApe-INFO: 22:56:13.371: delete node: IP: 142.250.203.131. Number of nodes 11
EtherApe-INFO: 22:56:13.584: New node: IP: 142.250.203.131. Number of nodes 12
EtherApe-INFO: 22:57:10.158: New node: IP: 192.168.1.1. Number of nodes 13
EtherApe-INFO: 22:57:10.160: New node: IP: 95.216.195.133. Number of nodes 14
EtherApe-INFO: 22:57:48.362: delete node: IP: 54.212.190.119. Number of nodes 13
EtherApe-INFO: 22:58:11.089: New node: IP: 52.13.173.34. Number of nodes 14
EtherApe-INFO: 22:58:13.690: delete node: IP: 142.250.203.131. Number of nodes 13
EtherApe-INFO: 22:58:14.672: New node: IP: 142.250.203.131. Number of nodes 14
EtherApe-INFO: 22:59:10.232: delete node: IP: 192.168.1.1. Number of nodes 13
EtherApe-INFO: 22:59:10.232: delete node: IP: 95.216.195.133. Number of nodes 12
EtherApe-INFO: 22:59:10.232: delete node: IP: 8.8.8.8. Number of nodes 11
EtherApe-INFO: 22:59:38.462: delete node: IP: 35.186.227.140. Number of nodes 10
EtherApe-INFO: 23:00:04.497: New node: IP: 13.32.121.12. Number of nodes 11
EtherApe-INFO: 23:00:04.751: New node: IP: 8.8.8.8. Number of nodes 12
EtherApe-INFO: 23:00:11.442: delete node: IP: 52.13.173.34. Number of nodes 11
EtherApe-INFO: 23:00:14.537: delete node: IP: 142.250.186.197. Number of nodes 10
EtherApe-INFO: 23:00:14.744: delete node: IP: 142.250.203.131. Number of nodes 9
EtherApe-INFO: 23:00:15.758: New node: IP: 142.250.203.131. Number of nodes 10
EtherApe-INFO: 23:00:23.699: New node: IP: 142.250.186.197. Number of nodes 11
EtherApe-INFO: 23:02:09.937: New node: IP: 192.168.1.1. Number of nodes 12
EtherApe-INFO: 23:02:10.191: New node: IP: 95.216.195.133. Number of nodes 13
EtherApe-INFO: 23:02:15.891: delete node: IP: 142.250.203.131. Number of nodes 12
EtherApe-INFO: 23:02:16.081: New node: IP: 142.250.203.131. Number of nodes 13
EtherApe-INFO: 23:02:26.063: New node: IP: 91.236.251.5. Number of nodes 14
EtherApe-INFO: 23:03:11.375: New node: IP: 52.13.173.34. Number of nodes 15
EtherApe-INFO: 23:03:59.840: delete node: IP: 13.32.121.12. Number of nodes 14
EtherApe-INFO: 23:04:10.276: delete node: IP: 192.168.1.1. Number of nodes 13
EtherApe-INFO: 23:04:10.276: delete node: IP: 95.216.195.133. Number of nodes 12
EtherApe-INFO: 23:04:26.215: delete node: IP: 91.236.251.5. Number of nodes 11
EtherApe-INFO: 23:04:26.215: delete node: IP: 8.8.8.8. Number of nodes 10
EtherApe-INFO: 23:04:48.144: New node: IP: 54.212.190.119. Number of nodes 11
EtherApe-INFO: 23:04:48.144: New node: IP: 35.186.227.140. Number of nodes 12
EtherApe-INFO: 23:05:11.477: delete node: IP: 52.13.173.34. Number of nodes 11
EtherApe-INFO: 23:05:14.273: delete node: IP: 142.250.186.197. Number of nodes 10
EtherApe-INFO: 23:05:25.263: New node: IP: 142.250.186.197. Number of nodes 11
EtherApe-INFO: 23:05:40.112: New node: IP: 8.8.8.8. Number of nodes 12
EtherApe-INFO: 23:06:32.335: New node: IP: 140.82.121.4. Number of nodes 13
EtherApe-INFO: 23:07:04.848: New node: IP: 185.199.109.154. Number of nodes 14
EtherApe-INFO: 23:07:09.970: New node: IP: 192.168.1.1. Number of nodes 15
EtherApe-INFO: 23:07:10.223: New node: IP: 95.216.195.133. Number of nodes 16
EtherApe-INFO: 23:07:22.766: New node: IP: 3.127.160.74. Number of nodes 17
EtherApe-INFO: 23:07:49.458: delete node: IP: 54.212.190.119. Number of nodes 16
EtherApe-INFO: 23:08:11.661: New node: IP: 52.13.173.34. Number of nodes 17
EtherApe-INFO: 23:09:11.356: delete node: IP: 192.168.1.1. Number of nodes 16
EtherApe-INFO: 23:09:11.356: delete node: IP: 95.216.195.133. Number of nodes 15
EtherApe-INFO: 23:09:23.435: delete node: IP: 8.8.8.8. Number of nodes 14
EtherApe-INFO: 23:09:34.349: New node: IP: 8.8.8.8. Number of nodes 15
EtherApe-INFO: 23:10:11.886: delete node: IP: 52.13.173.34. Number of nodes 14
EtherApe-INFO: 23:10:20.300: delete node: IP: 3.127.160.74. Number of nodes 13
EtherApe-INFO: 23:11:15.568: New node: IP: 45.60.13.212. Number of nodes 14
EtherApe-INFO: 23:11:16.847: New node: IP: 18.66.122.60. Number of nodes 15
EtherApe-INFO: 23:11:17.106: New node: IP: 18.66.121.68. Number of nodes 16
EtherApe-INFO: 23:11:17.362: New node: IP: 52.222.236.128. Number of nodes 17
EtherApe-INFO: 23:11:17.366: New node: IP: 142.250.203.138. Number of nodes 18
EtherApe-INFO: 23:11:17.623: New node: IP: 104.17.24.14. Number of nodes 19
EtherApe-INFO: 23:11:17.636: New node: IP: 216.58.215.67. Number of nodes 20
EtherApe-INFO: 23:11:17.880: New node: IP: 142.250.186.195. Number of nodes 21
EtherApe-INFO: 23:11:18.136: New node: IP: 3.5.3.185. Number of nodes 22
EtherApe-INFO: 23:11:18.138: New node: IP: 104.81.234.155. Number of nodes 23
EtherApe-INFO: 23:11:18.639: New node: IP: 172.64.147.123. Number of nodes 24
EtherApe-INFO: 23:11:18.643: New node: IP: 192.124.249.22. Number of nodes 25
EtherApe-INFO: 23:11:19.153: New node: IP: 34.149.66.134. Number of nodes 26
EtherApe-INFO: 23:11:19.159: New node: IP: 93.184.220.29. Number of nodes 27
EtherApe-INFO: 23:11:19.923: New node: IP: 54.212.190.119. Number of nodes 28
EtherApe-INFO: 23:11:24.274: New node: IP: 216.58.215.74. Number of nodes 29
EtherApe-INFO: 23:11:25.805: New node: IP: 3.127.160.74. Number of nodes 30
EtherApe-INFO: 23:11:25.809: New node: IP: 87.245.216.9. Number of nodes 31
EtherApe-INFO: 23:11:27.103: delete node: IP: 142.250.186.197. Number of nodes 30
EtherApe-INFO: 23:11:36.560: New node: IP: 142.250.186.197. Number of nodes 31
EtherApe-INFO: 23:11:56.081: delete node: IP: 185.199.109.154. Number of nodes 30
EtherApe-INFO: 23:12:10.096: New node: IP: 192.168.1.1. Number of nodes 31
EtherApe-INFO: 23:12:10.099: New node: IP: 95.216.195.133. Number of nodes 32
EtherApe-INFO: 23:13:11.024: New node: IP: 52.13.173.34. Number of nodes 33
EtherApe-INFO: 23:13:17.499: delete node: IP: 142.250.203.138. Number of nodes 32
EtherApe-INFO: 23:13:18.232: delete node: IP: 104.81.234.155. Number of nodes 31
EtherApe-INFO: 23:13:23.933: delete node: IP: 18.66.122.60. Number of nodes 30
EtherApe-INFO: 23:13:24.668: delete node: IP: 3.5.3.185. Number of nodes 29
EtherApe-INFO: 23:13:25.103: New node: IP: 142.250.203.138. Number of nodes 30
EtherApe-INFO: 23:13:41.743: New node: IP: 172.217.16.4. Number of nodes 31
EtherApe-INFO: 23:13:43.792: New node: IP: 142.250.203.206. Number of nodes 32
EtherApe-INFO: 23:13:47.375: New node: IP: 142.250.186.206. Number of nodes 33
EtherApe-INFO: 23:13:52.751: New node: IP: 5.196.254.133. Number of nodes 34
EtherApe-INFO: 23:13:53.264: New node: IP: 152.199.21.175. Number of nodes 35
EtherApe-INFO: 23:14:10.161: delete node: IP: 192.168.1.1. Number of nodes 34
EtherApe-INFO: 23:14:10.477: delete node: IP: 95.216.195.133. Number of nodes 33
EtherApe-INFO: 23:14:23.547: delete node: IP: 192.124.249.22. Number of nodes 32
EtherApe-INFO: 23:15:01.108: New node: IP: 13.32.121.12. Number of nodes 33
EtherApe-INFO: 23:15:12.142: delete node: IP: 52.13.173.34. Number of nodes 32
EtherApe-INFO: 23:15:13.709: delete node: IP: 142.250.186.195. Number of nodes 31
EtherApe-INFO: 23:15:13.709: delete node: IP: 18.66.121.68. Number of nodes 30
EtherApe-INFO: 23:15:14.766: delete node: IP: 93.184.220.29. Number of nodes 29
EtherApe-INFO: 23:15:21.663: delete node: IP: 87.245.216.9. Number of nodes 28
EtherApe-INFO: 23:15:37.800: delete node: IP: 140.82.121.4. Number of nodes 27
EtherApe-INFO: 23:15:44.152: delete node: IP: 142.250.203.138. Number of nodes 26
EtherApe-INFO: 23:15:51.546: delete node: IP: 142.250.203.206. Number of nodes 25
EtherApe-INFO: 23:16:08.468: delete node: IP: 216.58.215.67. Number of nodes 24
EtherApe-INFO: 23:16:08.469: delete node: IP: 104.17.24.14. Number of nodes 23
EtherApe-INFO: 23:16:08.469: delete node: IP: 52.222.236.128. Number of nodes 22
EtherApe-INFO: 23:16:08.469: delete node: IP: 45.60.13.212. Number of nodes 21
EtherApe-INFO: 23:16:14.379: delete node: IP: 172.64.147.123. Number of nodes 20
EtherApe-INFO: 23:16:15.416: delete node: IP: 216.58.215.74. Number of nodes 19
EtherApe-INFO: 23:16:21.244: delete node: IP: 142.250.203.131. Number of nodes 18
EtherApe-INFO: 23:16:22.002: New node: IP: 142.250.75.3. Number of nodes 19
EtherApe-INFO: 23:16:27.394: delete node: IP: 142.250.186.197. Number of nodes 18
EtherApe-INFO: 23:16:37.103: New node: IP: 142.250.186.197. Number of nodes 19
EtherApe-INFO: 23:16:43.094: delete node: IP: 5.196.254.133. Number of nodes 18
EtherApe-INFO: 23:17:10.126: New node: IP: 192.168.1.1. Number of nodes 19
EtherApe-INFO: 23:17:10.128: New node: IP: 95.216.195.133. Number of nodes 20
EtherApe-INFO: 23:17:18.831: New node: IP: 140.82.114.26. Number of nodes 21
EtherApe-INFO: 23:18:11.827: New node: IP: 52.13.173.34. Number of nodes 22
EtherApe-INFO: 23:18:37.970: delete node: IP: 142.250.186.206. Number of nodes 21
EtherApe-INFO: 23:18:42.871: delete node: IP: 172.217.16.4. Number of nodes 20
EtherApe-INFO: 23:18:44.952: delete node: IP: 152.199.21.175. Number of nodes 19
EtherApe-INFO: 23:18:57.946: delete node: IP: 13.32.121.12. Number of nodes 18
EtherApe-INFO: 23:19:10.234: delete node: IP: 192.168.1.1. Number of nodes 17
EtherApe-INFO: 23:19:10.544: delete node: IP: 95.216.195.133. Number of nodes 16
EtherApe-INFO: 23:19:18.964: delete node: IP: 140.82.112.25. Number of nodes 15
EtherApe-INFO: 23:19:18.964: delete node: IP: 8.8.8.8. Number of nodes 14
EtherApe-INFO: 23:19:59.346: New node: IP: 13.248.142.127. Number of nodes 15
EtherApe-INFO: 23:19:59.598: New node: IP: 8.8.8.8. Number of nodes 16
EtherApe-INFO: 23:19:59.602: New node: IP: 104.18.32.68. Number of nodes 17
EtherApe-INFO: 23:20:00.366: New node: IP: 91.198.174.192. Number of nodes 18
EtherApe-INFO: 23:20:00.889: New node: IP: 91.198.174.208. Number of nodes 19
EtherApe-INFO: 23:20:12.151: delete node: IP: 52.13.173.34. Number of nodes 18
EtherApe-INFO: 23:20:15.470: New node: IP: 13.32.121.12. Number of nodes 19
EtherApe-INFO: 23:20:17.007: New node: IP: 34.120.208.123. Number of nodes 20
EtherApe-INFO: 23:21:10.785: delete node: IP: 34.149.66.134. Number of nodes 19
EtherApe-INFO: 23:21:19.730: New node: IP: 34.149.66.134. Number of nodes 20
EtherApe-INFO: 23:21:27.979: delete node: IP: 142.250.186.197. Number of nodes 19
EtherApe-INFO: 23:21:28.499: delete node: IP: 54.212.190.119. Number of nodes 18
EtherApe-INFO: 23:21:38.418: New node: IP: 142.250.186.197. Number of nodes 19
EtherApe-INFO: 23:22:10.158: New node: IP: 192.168.1.1. Number of nodes 20
EtherApe-INFO: 23:22:10.161: New node: IP: 95.216.195.133. Number of nodes 21
EtherApe-INFO: 23:23:12.111: New node: IP: 52.13.173.34. Number of nodes 22
EtherApe-INFO: 23:23:55.688: delete node: IP: 104.18.32.68. Number of nodes 21
EtherApe-INFO: 23:24:02.624: delete node: IP: 91.198.174.208. Number of nodes 20
EtherApe-INFO: 23:24:02.624: delete node: IP: 91.198.174.192. Number of nodes 19
EtherApe-INFO: 23:24:10.285: delete node: IP: 192.168.1.1. Number of nodes 18
EtherApe-INFO: 23:24:10.285: delete node: IP: 95.216.195.133. Number of nodes 17
EtherApe-INFO: 23:24:10.285: delete node: IP: 8.8.8.8. Number of nodes 16
EtherApe-INFO: 23:24:11.527: delete node: IP: 13.32.121.12. Number of nodes 15
EtherApe-INFO: 23:24:52.469: delete node: IP: 13.248.142.127. Number of nodes 14
EtherApe-INFO: 23:25:00.724: delete node: IP: 35.186.227.140. Number of nodes 13
EtherApe-INFO: 23:25:08.675: delete node: IP: 34.120.208.123. Number of nodes 12
EtherApe-INFO: 23:25:12.497: delete node: IP: 52.13.173.34. Number of nodes 11
EtherApe-INFO: 23:25:28.396: delete node: IP: 3.127.160.74. Number of nodes 10
EtherApe-INFO: 23:25:40.081: New node: IP: 8.8.8.8. Number of nodes 11
EtherApe-INFO: 23:26:08.749: New node: IP: 3.127.160.74. Number of nodes 12
EtherApe-INFO: 23:26:10.598: delete node: IP: 34.149.66.134. Number of nodes 11
EtherApe-INFO: 23:26:18.993: New node: IP: 54.212.190.119. Number of nodes 12
EtherApe-INFO: 23:26:18.994: New node: IP: 35.186.227.140. Number of nodes 13
EtherApe-INFO: 23:26:20.016: New node: IP: 34.149.66.134. Number of nodes 14
EtherApe-INFO: 23:26:29.553: delete node: IP: 142.250.186.197. Number of nodes 13
EtherApe-INFO: 23:26:39.473: New node: IP: 142.250.186.197. Number of nodes 14
EtherApe-INFO: 23:27:10.190: New node: IP: 192.168.1.1. Number of nodes 15
EtherApe-INFO: 23:27:10.191: New node: IP: 95.216.195.133. Number of nodes 16
EtherApe-INFO: 23:28:12.398: New node: IP: 52.13.173.34. Number of nodes 17
EtherApe-INFO: 23:29:10.268: delete node: IP: 192.168.1.1. Number of nodes 16
EtherApe-INFO: 23:29:10.268: delete node: IP: 95.216.195.133. Number of nodes 15
EtherApe-INFO: 23:29:10.268: delete node: IP: 8.8.8.8. Number of nodes 14
EtherApe-INFO: 23:29:20.512: delete node: IP: 54.212.190.119. Number of nodes 13
EtherApe-INFO: 23:29:35.857: New node: IP: 54.212.190.119. Number of nodes 14
EtherApe-INFO: 23:29:59.410: New node: IP: 8.8.8.8. Number of nodes 15
EtherApe-INFO: 23:30:01.966: New node: IP: 35.167.130.158. Number of nodes 16
EtherApe-INFO: 23:30:02.481: New node: IP: 13.225.78.40. Number of nodes 17
EtherApe-INFO: 23:30:12.570: delete node: IP: 52.13.173.34. Number of nodes 16
EtherApe-INFO: 23:30:54.451: New node: IP: 151.101.2.49. Number of nodes 17
EtherApe-INFO: 23:31:10.909: delete node: IP: 34.149.66.134. Number of nodes 16
EtherApe-INFO: 23:31:30.649: delete node: IP: 142.250.186.197. Number of nodes 15
EtherApe-INFO: 23:31:40.017: New node: IP: 142.250.186.197. Number of nodes 16
EtherApe-INFO: 23:32:03.092: delete node: IP: 35.167.130.158. Number of nodes 15
EtherApe-INFO: 23:32:09.969: New node: IP: 192.168.1.1. Number of nodes 16
EtherApe-INFO: 23:32:10.224: New node: IP: 95.216.195.133. Number of nodes 17
EtherApe-INFO: 23:32:22.769: New node: IP: 192.168.0.1. Number of nodes 18
EtherApe-INFO: 23:32:24.567: New node: IP: 34.107.141.31. Number of nodes 19
EtherApe-INFO: 23:32:30.705: New node: IP: 104.18.13.33. Number of nodes 20
EtherApe-INFO: 23:32:47.088: New node: IP: 34.107.221.82. Number of nodes 21
EtherApe-INFO: 23:32:55.120: delete node: IP: 151.101.2.49. Number of nodes 20
EtherApe-INFO: 23:33:11.410: New node: IP: 108.138.17.26. Number of nodes 21
EtherApe-INFO: 23:33:11.919: New node: IP: 142.250.75.10. Number of nodes 22
EtherApe-INFO: 23:33:12.439: New node: IP: 52.13.173.34. Number of nodes 23
EtherApe-INFO: 23:33:15.760: New node: IP: 91.198.174.192. Number of nodes 24
EtherApe-INFO: 23:33:16.016: New node: IP: 142.250.186.195. Number of nodes 25
EtherApe-INFO: 23:33:16.270: New node: IP: 91.198.174.208. Number of nodes 26
EtherApe-INFO: 23:33:27.533: New node: IP: 13.248.142.127. Number of nodes 27
EtherApe-INFO: 23:33:27.540: New node: IP: 172.217.16.4. Number of nodes 28
EtherApe-INFO: 23:33:27.546: New node: IP: 172.64.147.123. Number of nodes 29
EtherApe-INFO: 23:33:27.547: New node: IP: 192.0.66.96. Number of nodes 30
EtherApe-INFO: 23:33:27.553: New node: IP: 116.203.93.142. Number of nodes 31
EtherApe-INFO: 23:33:27.555: New node: IP: 104.18.12.33. Number of nodes 32
EtherApe-INFO: 23:33:27.556: New node: IP: 2.23.108.34. Number of nodes 33
EtherApe-INFO: 23:33:27.561: New node: IP: 192.168.0.218. Number of nodes 34
EtherApe-INFO: 23:33:27.563: New node: IP: 192.168.0.239. Number of nodes 35
EtherApe-INFO: 23:33:27.789: New node: IP: 151.101.129.69. Number of nodes 36
EtherApe-INFO: 23:33:27.798: New node: IP: 145.40.68.75. Number of nodes 37
EtherApe-INFO: 23:33:27.811: New node: IP: 104.21.41.55. Number of nodes 38
EtherApe-INFO: 23:33:27.815: New node: IP: 104.21.48.117. Number of nodes 39
EtherApe-INFO: 23:33:27.815: New node: IP: 151.101.2.133. Number of nodes 40
EtherApe-INFO: 23:33:28.053: New node: IP: 88.99.219.88. Number of nodes 41
EtherApe-INFO: 23:33:28.058: New node: IP: 143.244.45.177. Number of nodes 42
EtherApe-INFO: 23:33:28.061: New node: IP: 199.188.200.146. Number of nodes 43
EtherApe-INFO: 23:33:28.072: New node: IP: 185.129.100.112. Number of nodes 44
EtherApe-INFO: 23:33:28.073: New node: IP: 76.76.21.61. Number of nodes 45
EtherApe-INFO: 23:33:28.075: New node: IP: 104.18.210.69. Number of nodes 46
EtherApe-INFO: 23:33:28.077: New node: IP: 151.101.0.152. Number of nodes 47
EtherApe-INFO: 23:33:28.079: New node: IP: 95.216.144.15. Number of nodes 48
EtherApe-INFO: 23:33:28.098: New node: IP: 104.81.223.160. Number of nodes 49
EtherApe-INFO: 23:33:28.099: New node: IP: 198.136.48.164. Number of nodes 50
EtherApe-INFO: 23:33:28.099: New node: IP: 192.197.183.149. Number of nodes 51
EtherApe-INFO: 23:33:28.100: New node: IP: 91.234.35.30. Number of nodes 52
EtherApe-INFO: 23:33:28.102: New node: IP: 216.58.215.78. Number of nodes 53
EtherApe-INFO: 23:33:28.105: New node: IP: 140.82.121.3. Number of nodes 54
EtherApe-INFO: 23:33:28.302: New node: IP: 45.60.13.212. Number of nodes 55
EtherApe-INFO: 23:33:28.303: New node: IP: 151.101.2.209. Number of nodes 56
EtherApe-INFO: 23:33:28.306: New node: IP: 104.81.110.62. Number of nodes 57
EtherApe-INFO: 23:33:28.330: New node: IP: 104.81.101.226. Number of nodes 58
EtherApe-INFO: 23:33:28.331: New node: IP: 149.56.223.200. Number of nodes 59
EtherApe-INFO: 23:33:28.331: New node: IP: 3.122.47.55. Number of nodes 60
EtherApe-INFO: 23:33:28.333: New node: IP: 3.2.9.2. Number of nodes 61
EtherApe-INFO: 23:33:28.334: New node: IP: 104.198.63.0. Number of nodes 62
EtherApe-INFO: 23:33:28.340: New node: IP: 208.68.240.115. Number of nodes 63
EtherApe-INFO: 23:33:28.354: New node: IP: 23.185.0.4. Number of nodes 64
EtherApe-INFO: 23:33:28.356: New node: IP: 151.101.0.95. Number of nodes 65
EtherApe-INFO: 23:33:28.358: New node: IP: 135.181.27.174. Number of nodes 66
EtherApe-INFO: 23:33:28.365: New node: IP: 104.17.33.105. Number of nodes 67
EtherApe-INFO: 23:33:28.365: New node: IP: 172.64.98.24. Number of nodes 68
EtherApe-INFO: 23:33:28.368: New node: IP: 20.239.151.181. Number of nodes 69
EtherApe-INFO: 23:33:28.371: New node: IP: 31.217.192.241. Number of nodes 70
EtherApe-INFO: 23:33:28.563: New node: IP: 23.227.38.32. Number of nodes 71
EtherApe-INFO: 23:33:28.564: New node: IP: 93.184.220.29. Number of nodes 72
EtherApe-INFO: 23:33:28.630: New node: IP: 104.18.10.128. Number of nodes 73
EtherApe-INFO: 23:33:28.650: New node: IP: 23.185.0.1. Number of nodes 74
EtherApe-INFO: 23:33:28.847: New node: IP: 87.245.216.107. Number of nodes 75
EtherApe-INFO: 23:33:28.850: New node: IP: 20.185.12.70. Number of nodes 76
EtherApe-INFO: 23:33:28.851: New node: IP: 104.17.32.82. Number of nodes 77
EtherApe-INFO: 23:33:28.903: New node: IP: 104.16.99.56. Number of nodes 78
EtherApe-INFO: 23:33:31.366: New node: IP: 172.64.155.188. Number of nodes 79
EtherApe-INFO: 23:33:31.367: New node: IP: 104.81.108.60. Number of nodes 80
EtherApe-INFO: 23:33:31.880: New node: IP: 192.124.249.22. Number of nodes 81
EtherApe-INFO: 23:33:34.441: New node: IP: 76.223.14.21. Number of nodes 82
EtherApe-INFO: 23:33:38.534: New node: IP: 142.250.203.131. Number of nodes 83
EtherApe-INFO: 23:33:38.535: New node: IP: 216.58.215.67. Number of nodes 84
EtherApe-INFO: 23:33:38.536: New node: IP: 216.58.209.1. Number of nodes 85
EtherApe-INFO: 23:33:40.069: New node: IP: 13.32.99.17. Number of nodes 86
EtherApe-INFO: 23:33:40.589: New node: IP: 142.250.203.206. Number of nodes 87
EtherApe-INFO: 23:33:40.590: New node: IP: 18.66.122.60. Number of nodes 88
EtherApe-INFO: 23:33:40.846: New node: IP: 104.81.107.158. Number of nodes 89
EtherApe-INFO: 23:33:41.200: New node: IP: 185.199.109.154. Number of nodes 90
EtherApe-INFO: 23:33:42.631: New node: IP: 216.58.215.106. Number of nodes 91
EtherApe-INFO: 23:33:42.886: New node: IP: 185.199.110.133. Number of nodes 92
EtherApe-INFO: 23:33:46.493: New node: IP: 104.17.25.14. Number of nodes 93
EtherApe-INFO: 23:33:46.529: New node: IP: 142.250.186.202. Number of nodes 94
EtherApe-INFO: 23:33:46.706: New node: IP: 99.86.243.182. Number of nodes 95
EtherApe-INFO: 23:33:48.735: New node: IP: 216.58.215.99. Number of nodes 96
EtherApe-INFO: 23:33:48.738: New node: IP: 172.217.16.36. Number of nodes 97
EtherApe-INFO: 23:33:48.991: New node: IP: 151.101.65.69. Number of nodes 98
EtherApe-INFO: 23:33:48.995: New node: IP: 151.101.193.69. Number of nodes 99
EtherApe-INFO: 23:33:49.116: New node: IP: 185.199.111.133. Number of nodes 100
EtherApe-INFO: 23:33:49.760: New node: IP: 216.58.208.208. Number of nodes 101
EtherApe-INFO: 23:33:50.821: New node: IP: 18.66.15.37. Number of nodes 102
EtherApe-INFO: 23:33:51.298: New node: IP: 216.58.208.195. Number of nodes 103
EtherApe-INFO: 23:33:51.559: New node: IP: 104.16.88.20. Number of nodes 104
EtherApe-INFO: 23:33:51.562: New node: IP: 104.18.10.207. Number of nodes 105
EtherApe-INFO: 23:33:51.577: New node: IP: 216.58.208.202. Number of nodes 106
EtherApe-INFO: 23:33:52.083: New node: IP: 192.0.73.2. Number of nodes 107
EtherApe-INFO: 23:33:52.083: New node: IP: 199.232.16.193. Number of nodes 108
EtherApe-INFO: 23:33:54.667: New node: IP: 92.223.97.97. Number of nodes 109
EtherApe-INFO: 23:33:54.670: New node: IP: 78.47.130.189. Number of nodes 110
EtherApe-INFO: 23:33:55.946: New node: IP: 104.18.11.207. Number of nodes 111
EtherApe-INFO: 23:33:57.260: New node: IP: 104.18.7.57. Number of nodes 112
EtherApe-INFO: 23:33:57.715: New node: IP: 18.66.112.85. Number of nodes 113
EtherApe-INFO: 23:33:57.767: New node: IP: 37.19.218.109. Number of nodes 114
EtherApe-INFO: 23:33:58.979: New node: IP: 104.16.86.20. Number of nodes 115
EtherApe-INFO: 23:33:58.982: New node: IP: 104.16.89.20. Number of nodes 116
EtherApe-INFO: 23:33:59.012: New node: IP: 104.16.26.5. Number of nodes 117
EtherApe-INFO: 23:33:59.014: New node: IP: 104.16.242.94. Number of nodes 118
EtherApe-INFO: 23:34:01.855: New node: IP: 192.0.78.32. Number of nodes 119
EtherApe-INFO: 23:34:02.815: New node: IP: 104.17.33.82. Number of nodes 120
EtherApe-INFO: 23:34:03.599: New node: IP: 52.239.153.36. Number of nodes 121
EtherApe-INFO: 23:34:03.627: New node: IP: 162.159.135.68. Number of nodes 122
EtherApe-INFO: 23:34:04.160: New node: IP: 104.17.24.14. Number of nodes 123
EtherApe-INFO: 23:34:05.415: New node: IP: 142.250.186.206. Number of nodes 124
EtherApe-INFO: 23:34:06.725: New node: IP: 216.58.215.110. Number of nodes 125
EtherApe-INFO: 23:34:07.467: New node: IP: 104.81.223.141. Number of nodes 126
EtherApe-INFO: 23:34:10.317: delete node: IP: 192.168.1.1. Number of nodes 125
EtherApe-INFO: 23:34:10.556: New node: IP: 104.81.118.232. Number of nodes 126
EtherApe-INFO: 23:34:10.679: delete node: IP: 95.216.195.133. Number of nodes 125
EtherApe-INFO: 23:34:13.319: New node: IP: 18.66.224.67. Number of nodes 126
EtherApe-INFO: 23:34:16.383: New node: IP: 104.16.85.20. Number of nodes 127
EtherApe-INFO: 23:34:16.901: New node: IP: 52.217.69.132. Number of nodes 128
EtherApe-INFO: 23:34:17.441: New node: IP: 104.18.23.126. Number of nodes 129
EtherApe-INFO: 23:34:17.442: New node: IP: 13.32.103.36. Number of nodes 130
EtherApe-INFO: 23:34:18.743: New node: IP: 104.26.4.28. Number of nodes 131
EtherApe-INFO: 23:34:18.975: New node: IP: 23.21.105.53. Number of nodes 132
EtherApe-INFO: 23:34:20.055: New node: IP: 2.17.240.32. Number of nodes 133
EtherApe-INFO: 23:34:20.056: New node: IP: 87.245.216.115. Number of nodes 134
EtherApe-INFO: 23:34:22.056: New node: IP: 192.0.77.32. Number of nodes 135
EtherApe-INFO: 23:34:24.322: New node: IP: 140.82.113.26. Number of nodes 136
EtherApe-INFO: 23:34:25.095: New node: IP: 104.81.121.120. Number of nodes 137
EtherApe-INFO: 23:34:25.184: delete node: IP: 34.107.141.31. Number of nodes 136
EtherApe-INFO: 23:34:26.624: New node: IP: 172.217.16.22. Number of nodes 137
EtherApe-INFO: 23:34:26.910: New node: IP: 216.58.215.97. Number of nodes 138
EtherApe-INFO: 23:34:33.077: New node: IP: 216.239.34.21. Number of nodes 139
EtherApe-INFO: 23:34:33.085: New node: IP: 13.32.99.82. Number of nodes 140
EtherApe-INFO: 23:34:33.800: New node: IP: 151.101.64.95. Number of nodes 141
EtherApe-INFO: 23:34:33.809: New node: IP: 142.250.186.214. Number of nodes 142
EtherApe-INFO: 23:34:34.822: New node: IP: 13.32.99.107. Number of nodes 143
EtherApe-INFO: 23:34:35.329: New node: IP: 104.18.6.240. Number of nodes 144
EtherApe-INFO: 23:34:36.864: New node: IP: 54.74.136.87. Number of nodes 145
EtherApe-INFO: 23:34:36.896: New node: IP: 13.32.121.62. Number of nodes 146
EtherApe-INFO: 23:34:37.376: New node: IP: 18.66.107.199. Number of nodes 147
EtherApe-INFO: 23:34:39.464: New node: IP: 34.149.66.134. Number of nodes 148
EtherApe-INFO: 23:34:39.748: New node: IP: 52.45.159.237. Number of nodes 149
EtherApe-INFO: 23:34:43.006: New node: IP: 216.58.209.10. Number of nodes 150
EtherApe-INFO: 23:34:43.556: New node: IP: 54.187.179.42. Number of nodes 151
EtherApe-INFO: 23:34:44.805: New node: IP: 1.1.1.1. Number of nodes 152
EtherApe-INFO: 23:34:45.580: New node: IP: 172.217.16.10. Number of nodes 153
EtherApe-INFO: 23:34:45.589: New node: IP: 216.58.209.14. Number of nodes 154
EtherApe-INFO: 23:35:11.258: delete node: IP: 142.250.75.3. Number of nodes 153
EtherApe-INFO: 23:35:11.258: delete node: IP: 54.212.190.119. Number of nodes 152
EtherApe-INFO: 23:35:11.258: delete node: IP: 13.225.78.40. Number of nodes 151
EtherApe-INFO: 23:35:13.025: delete node: IP: 52.13.173.34. Number of nodes 150
EtherApe-INFO: 23:35:29.459: delete node: IP: 91.234.35.30. Number of nodes 149
EtherApe-INFO: 23:35:30.938: delete node: IP: 192.168.0.239. Number of nodes 148
EtherApe-INFO: 23:35:30.938: delete node: IP: 192.168.0.218. Number of nodes 147
EtherApe-INFO: 23:35:35.743: New node: IP: 18.66.233.27. Number of nodes 148
EtherApe-INFO: 23:35:35.744: New node: IP: 18.66.122.61. Number of nodes 149
EtherApe-INFO: 23:35:36.332: delete node: IP: 140.82.114.26. Number of nodes 148
EtherApe-INFO: 23:35:41.471: delete node: IP: 23.227.38.32. Number of nodes 147
EtherApe-INFO: 23:35:51.358: New node: IP: 34.120.208.123. Number of nodes 148
EtherApe-INFO: 23:35:51.652: delete node: IP: 151.101.65.69. Number of nodes 147
EtherApe-INFO: 23:35:51.886: delete node: IP: 185.199.111.133. Number of nodes 146
EtherApe-INFO: 23:35:51.886: delete node: IP: 151.101.193.69. Number of nodes 145
EtherApe-INFO: 23:35:59.837: delete node: IP: 104.21.41.55. Number of nodes 144
EtherApe-INFO: 23:35:59.838: delete node: IP: 104.18.11.207. Number of nodes 143
EtherApe-INFO: 23:36:00.325: delete node: IP: 104.21.48.117. Number of nodes 142
EtherApe-INFO: 23:36:02.967: delete node: IP: 104.17.33.82. Number of nodes 141
EtherApe-INFO: 23:36:03.442: delete node: IP: 216.58.208.202. Number of nodes 140
EtherApe-INFO: 23:36:04.445: delete node: IP: 104.17.24.14. Number of nodes 139
EtherApe-INFO: 23:36:04.445: delete node: IP: 104.16.89.20. Number of nodes 138
EtherApe-INFO: 23:36:22.433: delete node: IP: 31.217.192.241. Number of nodes 137
EtherApe-INFO: 23:36:24.432: delete node: IP: 52.217.69.132. Number of nodes 136
EtherApe-INFO: 23:36:27.462: delete node: IP: 198.136.48.164. Number of nodes 135
EtherApe-INFO: 23:36:32.917: delete node: IP: 216.58.209.1. Number of nodes 134
EtherApe-INFO: 23:36:34.365: New node: IP: 91.236.251.5. Number of nodes 135
EtherApe-INFO: 23:36:34.446: delete node: IP: 78.47.130.189. Number of nodes 134
EtherApe-INFO: 23:36:35.392: delete node: IP: 216.58.215.97. Number of nodes 133
EtherApe-INFO: 23:36:35.392: delete node: IP: 192.197.183.149. Number of nodes 132
EtherApe-INFO: 23:36:35.392: delete node: IP: 151.101.64.95. Number of nodes 131
EtherApe-INFO: 23:36:35.392: delete node: IP: 151.101.0.95. Number of nodes 130
EtherApe-INFO: 23:36:36.472: delete node: IP: 142.250.203.202. Number of nodes 129
EtherApe-INFO: 23:36:36.942: delete node: IP: 192.124.249.22. Number of nodes 128
EtherApe-INFO: 23:36:39.243: delete node: IP: 199.188.200.146. Number of nodes 127
EtherApe-INFO: 23:36:40.361: delete node: IP: 87.245.216.115. Number of nodes 126
EtherApe-INFO: 23:36:42.305: delete node: IP: 92.223.97.97. Number of nodes 125
EtherApe-INFO: 23:36:42.895: delete node: IP: 52.45.159.237. Number of nodes 124
EtherApe-INFO: 23:36:46.458: delete node: IP: 172.217.16.10. Number of nodes 123
EtherApe-INFO: 23:36:46.458: delete node: IP: 1.1.1.1. Number of nodes 122
EtherApe-INFO: 23:37:03.867: delete node: IP: 95.216.144.15. Number of nodes 121
EtherApe-INFO: 23:37:03.868: delete node: IP: 3.122.47.55. Number of nodes 120
EtherApe-INFO: 23:37:05.952: delete node: IP: 145.40.68.75. Number of nodes 119
EtherApe-INFO: 23:37:05.952: delete node: IP: 116.203.93.142. Number of nodes 118
EtherApe-INFO: 23:37:09.021: delete node: IP: 149.56.223.200. Number of nodes 117
EtherApe-INFO: 23:37:10.205: New node: IP: 192.168.1.1. Number of nodes 118
EtherApe-INFO: 23:37:10.206: New node: IP: 95.216.195.133. Number of nodes 119
EtherApe-INFO: 23:37:11.800: delete node: IP: 135.181.27.174. Number of nodes 118
EtherApe-INFO: 23:37:17.891: delete node: IP: 192.0.78.32. Number of nodes 117
EtherApe-INFO: 23:37:17.891: delete node: IP: 192.0.66.96. Number of nodes 116
EtherApe-INFO: 23:37:27.663: delete node: IP: 208.68.240.115. Number of nodes 115
EtherApe-INFO: 23:37:27.663: delete node: IP: 104.81.108.60. Number of nodes 114
EtherApe-INFO: 23:37:30.473: delete node: IP: 185.129.100.112. Number of nodes 113
EtherApe-INFO: 23:37:30.473: delete node: IP: 104.198.63.0. Number of nodes 112
EtherApe-INFO: 23:37:32.297: delete node: IP: 192.168.0.1. Number of nodes 111
EtherApe-INFO: 23:37:33.091: delete node: IP: 20.239.151.181. Number of nodes 110
EtherApe-INFO: 23:37:35.319: delete node: IP: 192.0.73.2. Number of nodes 109
EtherApe-INFO: 23:37:43.311: delete node: IP: 192.0.77.32. Number of nodes 108
EtherApe-INFO: 23:38:00.658: delete node: IP: 172.64.155.188. Number of nodes 107
EtherApe-INFO: 23:38:01.981: delete node: IP: 108.138.17.26. Number of nodes 106
EtherApe-INFO: 23:38:02.992: delete node: IP: 104.81.101.226. Number of nodes 105
EtherApe-INFO: 23:38:04.826: delete node: IP: 20.185.12.70. Number of nodes 104
EtherApe-INFO: 23:38:11.210: delete node: IP: 143.244.45.177. Number of nodes 103
EtherApe-INFO: 23:38:11.211: delete node: IP: 104.81.223.141. Number of nodes 102
EtherApe-INFO: 23:38:11.211: delete node: IP: 104.81.118.232. Number of nodes 101
EtherApe-INFO: 23:38:11.651: delete node: IP: 3.2.9.2. Number of nodes 100
EtherApe-INFO: 23:38:12.670: New node: IP: 52.13.173.34. Number of nodes 101
EtherApe-INFO: 23:38:13.979: delete node: IP: 88.99.219.88. Number of nodes 100
EtherApe-INFO: 23:38:14.515: delete node: IP: 104.81.223.160. Number of nodes 99
EtherApe-INFO: 23:38:19.866: delete node: IP: 104.81.110.62. Number of nodes 98
EtherApe-INFO: 23:38:19.866: delete node: IP: 52.239.153.36. Number of nodes 97
EtherApe-INFO: 23:38:22.972: delete node: IP: 172.64.98.24. Number of nodes 96
EtherApe-INFO: 23:38:26.088: delete node: IP: 104.81.121.120. Number of nodes 95
EtherApe-INFO: 23:38:26.088: delete node: IP: 91.198.174.192. Number of nodes 94
EtherApe-INFO: 23:38:26.088: delete node: IP: 13.248.142.127. Number of nodes 93
EtherApe-INFO: 23:38:28.816: delete node: IP: 91.198.174.208. Number of nodes 92
EtherApe-INFO: 23:38:28.816: delete node: IP: 87.245.216.107. Number of nodes 91
EtherApe-INFO: 23:38:28.816: delete node: IP: 76.223.14.21. Number of nodes 90
EtherApe-INFO: 23:38:31.662: delete node: IP: 13.32.99.17. Number of nodes 89
EtherApe-INFO: 23:38:37.777: delete node: IP: 91.236.251.5. Number of nodes 88
EtherApe-INFO: 23:38:37.777: delete node: IP: 18.66.107.199. Number of nodes 87
EtherApe-INFO: 23:38:37.777: delete node: IP: 13.32.121.62. Number of nodes 86
EtherApe-INFO: 23:38:38.304: delete node: IP: 99.86.243.182. Number of nodes 85
EtherApe-INFO: 23:38:40.410: delete node: IP: 104.81.107.158. Number of nodes 84
EtherApe-INFO: 23:38:49.572: delete node: IP: 216.58.208.208. Number of nodes 83
EtherApe-INFO: 23:38:49.572: delete node: IP: 199.232.16.193. Number of nodes 82
EtherApe-INFO: 23:38:49.572: delete node: IP: 172.217.16.36. Number of nodes 81
EtherApe-INFO: 23:38:49.572: delete node: IP: 76.76.21.61. Number of nodes 80
EtherApe-INFO: 23:38:49.572: delete node: IP: 3.127.160.74. Number of nodes 79
EtherApe-INFO: 23:38:49.572: delete node: IP: 2.17.240.32. Number of nodes 78
EtherApe-INFO: 23:38:52.099: delete node: IP: 151.101.0.152. Number of nodes 77
EtherApe-INFO: 23:38:52.099: delete node: IP: 104.18.7.57. Number of nodes 76
EtherApe-INFO: 23:38:52.099: delete node: IP: 89.187.191.12. Number of nodes 75
EtherApe-INFO: 23:38:52.099: delete node: IP: 37.19.218.109. Number of nodes 74
EtherApe-INFO: 23:38:55.737: delete node: IP: 104.17.25.14. Number of nodes 73
EtherApe-INFO: 23:38:55.737: delete node: IP: 104.16.88.20. Number of nodes 72
EtherApe-INFO: 23:38:55.738: delete node: IP: 104.16.86.20. Number of nodes 71
EtherApe-INFO: 23:38:55.738: delete node: IP: 104.16.26.5. Number of nodes 70
EtherApe-INFO: 23:38:56.276: delete node: IP: 104.17.32.82. Number of nodes 69
EtherApe-INFO: 23:38:59.799: delete node: IP: 104.17.33.105. Number of nodes 68
EtherApe-INFO: 23:38:59.799: delete node: IP: 23.185.0.4. Number of nodes 67
EtherApe-INFO: 23:38:59.799: delete node: IP: 18.66.15.37. Number of nodes 66
EtherApe-INFO: 23:39:01.566: delete node: IP: 104.18.210.69. Number of nodes 65
EtherApe-INFO: 23:39:01.566: delete node: IP: 23.185.0.1. Number of nodes 64
EtherApe-INFO: 23:39:02.441: delete node: IP: 104.18.10.128. Number of nodes 63
EtherApe-INFO: 23:39:05.706: delete node: IP: 142.250.203.206. Number of nodes 62
EtherApe-INFO: 23:39:05.706: delete node: IP: 45.60.13.212. Number of nodes 61
EtherApe-INFO: 23:39:05.706: delete node: IP: 18.66.224.67. Number of nodes 60
EtherApe-INFO: 23:39:07.211: delete node: IP: 185.199.110.133. Number of nodes 59
EtherApe-INFO: 23:39:07.211: delete node: IP: 151.101.2.133. Number of nodes 58
EtherApe-INFO: 23:39:07.211: delete node: IP: 140.82.121.3. Number of nodes 57
EtherApe-INFO: 23:39:07.211: delete node: IP: 34.107.221.82. Number of nodes 56
EtherApe-INFO: 23:39:08.060: delete node: IP: 104.16.85.20. Number of nodes 55
EtherApe-INFO: 23:39:08.060: delete node: IP: 13.32.103.36. Number of nodes 54
EtherApe-INFO: 23:39:10.295: delete node: IP: 192.168.1.1. Number of nodes 53
EtherApe-INFO: 23:39:10.295: delete node: IP: 162.159.135.68. Number of nodes 52
EtherApe-INFO: 23:39:10.295: delete node: IP: 104.18.23.126. Number of nodes 51
EtherApe-INFO: 23:39:10.295: delete node: IP: 104.16.242.94. Number of nodes 50
EtherApe-INFO: 23:39:10.295: delete node: IP: 104.16.99.56. Number of nodes 49
EtherApe-INFO: 23:39:10.295: delete node: IP: 95.216.195.133. Number of nodes 48
EtherApe-INFO: 23:39:10.295: delete node: IP: 93.184.220.29. Number of nodes 47
EtherApe-INFO: 23:39:10.295: delete node: IP: 8.8.8.8. Number of nodes 46
EtherApe-INFO: 23:39:12.658: delete node: IP: 216.58.215.106. Number of nodes 45
EtherApe-INFO: 23:39:12.658: delete node: IP: 104.26.4.28. Number of nodes 44
EtherApe-INFO: 23:39:12.658: delete node: IP: 23.21.105.53. Number of nodes 43
EtherApe-INFO: 23:39:14.368: New node: IP: 142.250.203.142. Number of nodes 44
EtherApe-INFO: 23:39:14.389: delete node: IP: 18.66.112.85. Number of nodes 43
EtherApe-INFO: 23:39:14.622: New node: IP: 8.8.8.8. Number of nodes 44
EtherApe-INFO: 23:39:16.945: delete node: IP: 216.58.215.78. Number of nodes 43
EtherApe-INFO: 23:39:19.006: delete node: IP: 151.101.129.69. Number of nodes 42
EtherApe-INFO: 23:39:19.006: delete node: IP: 151.101.2.209. Number of nodes 41
EtherApe-INFO: 23:39:24.883: delete node: IP: 216.239.34.21. Number of nodes 40
EtherApe-INFO: 23:39:24.883: delete node: IP: 216.58.215.110. Number of nodes 39
EtherApe-INFO: 23:39:24.883: delete node: IP: 172.217.16.22. Number of nodes 38
EtherApe-INFO: 23:39:24.883: delete node: IP: 142.250.186.214. Number of nodes 37
EtherApe-INFO: 23:39:24.883: delete node: IP: 142.250.186.206. Number of nodes 36
EtherApe-INFO: 23:39:31.016: delete node: IP: 216.58.215.99. Number of nodes 35
EtherApe-INFO: 23:39:31.016: delete node: IP: 54.74.136.87. Number of nodes 34
EtherApe-INFO: 23:39:31.016: delete node: IP: 13.32.99.107. Number of nodes 33
EtherApe-INFO: 23:39:31.016: delete node: IP: 13.32.99.82. Number of nodes 32
EtherApe-INFO: 23:39:33.344: delete node: IP: 18.66.122.60. Number of nodes 31
EtherApe-INFO: 23:39:37.211: delete node: IP: 216.58.209.10. Number of nodes 30
EtherApe-INFO: 23:39:37.211: delete node: IP: 172.64.147.123. Number of nodes 29
EtherApe-INFO: 23:39:39.980: delete node: IP: 142.250.186.202. Number of nodes 28
EtherApe-INFO: 23:39:42.611: delete node: IP: 216.58.209.14. Number of nodes 27
EtherApe-INFO: 23:39:49.269: delete node: IP: 104.18.10.207. Number of nodes 26
EtherApe-INFO: 23:39:59.443: delete node: IP: 2.23.108.34. Number of nodes 25
EtherApe-INFO: 23:40:06.377: delete node: IP: 216.58.208.195. Number of nodes 24
EtherApe-INFO: 23:40:06.377: delete node: IP: 142.250.186.195. Number of nodes 23
EtherApe-INFO: 23:40:06.377: delete node: IP: 104.18.12.33. Number of nodes 22
EtherApe-INFO: 23:40:06.377: delete node: IP: 104.18.6.240. Number of nodes 21
EtherApe-INFO: 23:40:06.377: delete node: IP: 54.187.179.42. Number of nodes 20
EtherApe-INFO: 23:40:13.347: delete node: IP: 52.13.173.34. Number of nodes 19
EtherApe-INFO: 23:40:29.956: delete node: IP: 18.66.233.27. Number of nodes 18
EtherApe-INFO: 23:40:29.956: delete node: IP: 18.66.122.61. Number of nodes 17
EtherApe-INFO: 23:41:00.188: delete node: IP: 216.58.215.67. Number of nodes 16
EtherApe-INFO: 23:41:00.188: delete node: IP: 185.199.109.154. Number of nodes 15
EtherApe-INFO: 23:41:15.250: delete node: IP: 142.250.203.142. Number of nodes 14
EtherApe-INFO: 23:41:17.329: delete node: IP: 34.120.208.123. Number of nodes 13
EtherApe-INFO: 23:42:04.669: delete node: IP: 35.186.227.140. Number of nodes 12
EtherApe-INFO: 23:42:09.981: New node: IP: 192.168.1.1. Number of nodes 13
EtherApe-INFO: 23:42:10.239: New node: IP: 95.216.195.133. Number of nodes 14
EtherApe-INFO: 23:42:46.846: New node: IP: 3.127.160.74. Number of nodes 15
EtherApe-INFO: 23:42:46.846: New node: IP: 89.187.191.12. Number of nodes 16
EtherApe-INFO: 23:42:54.093: delete node: IP: 104.18.13.33. Number of nodes 15
