(etherape:2647): GLib-GIO-DEBUG: 16:52:31.750: _g_io_module_get_default: Found default implementation local (GLocalVfs) for ‘gio-vfs’
(etherape:2647): GLib-GIO-DEBUG: 16:52:31.862: Using cross-namespace EXTERNAL authentication (this will deadlock if server is GDBus < 2.73.3)
EtherApe-INFO: 16:52:31.947: sctp protocol not supported
EtherApe-INFO: 16:52:31.947: dccp protocol not supported
EtherApe-INFO: 16:52:31.947: sctp protocol not supported
EtherApe-INFO: 16:52:31.947: sctp protocol not supported
EtherApe-INFO: 16:52:31.947: sctp protocol not supported
EtherApe-INFO: 16:52:31.947: sctp protocol not supported
EtherApe-INFO: 16:52:31.947: sctp protocol not supported
EtherApe-INFO: 16:52:31.948: sctp protocol not supported
EtherApe-INFO: 16:52:31.948: sctp protocol not supported
EtherApe-INFO: 16:52:31.948: dccp protocol not supported
EtherApe-INFO: 16:52:31.948: sctp protocol not supported
EtherApe-INFO: 16:52:31.948: dccp protocol not supported
EtherApe-INFO: 16:52:31.948: dccp protocol not supported
EtherApe-INFO: 16:52:31.949: sctp protocol not supported
EtherApe-INFO: 16:52:31.949: sctp protocol not supported
EtherApe-INFO: 16:52:31.950: sctp protocol not supported
EtherApe-INFO: 16:52:31.950: sctp protocol not supported
EtherApe-INFO: 16:52:31.950: sctp protocol not supported
EtherApe-INFO: 16:52:31.951: sctp protocol not supported
EtherApe-INFO: 16:52:31.952: sctp protocol not supported
EtherApe-INFO: 16:52:31.952: sctp protocol not supported
EtherApe-INFO: 16:52:31.952: sctp protocol not supported
EtherApe-INFO: 16:52:31.952: sctp protocol not supported
EtherApe-INFO: 16:52:31.953: sctp protocol not supported
EtherApe-INFO: 16:52:31.953: sctp protocol not supported
EtherApe-INFO: 16:52:31.953: sctp protocol not supported
EtherApe-INFO: 16:52:31.953: sctp protocol not supported
EtherApe-INFO: 16:52:31.954: sctp protocol not supported
EtherApe-INFO: 16:52:31.954: dccp protocol not supported
EtherApe-INFO: 16:52:31.954: sctp protocol not supported
EtherApe-INFO: 16:52:31.954: sctp protocol not supported
EtherApe-INFO: 16:52:31.954: dccp protocol not supported
EtherApe-INFO: 16:52:31.954: sctp protocol not supported
EtherApe-INFO: 16:52:31.954: sctp protocol not supported
EtherApe-INFO: 16:52:31.954: sctp protocol not supported
EtherApe-INFO: 16:52:31.955: dccp protocol not supported
EtherApe-INFO: 16:52:31.955: dccp protocol not supported
EtherApe-INFO: 16:52:31.955: sctp protocol not supported
EtherApe-INFO: 16:52:31.955: sctp protocol not supported
EtherApe-INFO: 16:52:31.955: sctp protocol not supported
EtherApe-INFO: 16:52:31.955: sctp protocol not supported
EtherApe-INFO: 16:52:31.955: sctp protocol not supported
EtherApe-INFO: 16:52:31.955: sctp protocol not supported
EtherApe-INFO: 16:52:31.955: sctp protocol not supported
EtherApe-INFO: 16:52:31.955: sctp protocol not supported
EtherApe-INFO: 16:52:31.956: sctp protocol not supported
EtherApe-INFO: 16:52:31.956: sctp protocol not supported
EtherApe-INFO: 16:52:31.956: sctp protocol not supported
EtherApe-INFO: 16:52:31.956: sctp protocol not supported
EtherApe-INFO: 16:52:31.956: sctp protocol not supported
EtherApe-INFO: 16:52:31.956: sctp protocol not supported
EtherApe-INFO: 16:52:31.956: sctp protocol not supported
EtherApe-INFO: 16:52:31.956: sctp protocol not supported
EtherApe-INFO: 16:52:31.956: sctp protocol not supported
EtherApe-INFO: 16:52:31.956: sctp protocol not supported
EtherApe-INFO: 16:52:31.956: sctp protocol not supported
EtherApe-INFO: 16:52:31.956: sctp protocol not supported
EtherApe-INFO: 16:52:31.956: dccp protocol not supported
EtherApe-INFO: 16:52:31.956: sctp protocol not supported
EtherApe-INFO: 16:52:31.956: sctp protocol not supported
EtherApe-INFO: 16:52:31.956: sctp protocol not supported
EtherApe-INFO: 16:52:31.957: sctp protocol not supported
EtherApe-INFO: 16:52:31.957: sctp protocol not supported
EtherApe-INFO: 16:52:31.957: sctp protocol not supported
EtherApe-INFO: 16:52:31.957: sctp protocol not supported
EtherApe-INFO: 16:52:31.957: sctp protocol not supported
EtherApe-INFO: 16:52:31.957: sctp protocol not supported
EtherApe-INFO: 16:52:31.957: sctp protocol not supported
EtherApe-INFO: 16:52:31.958: sctp protocol not supported
EtherApe-INFO: 16:52:31.958: sctp protocol not supported
EtherApe-INFO: 16:52:31.958: sctp protocol not supported
EtherApe-INFO: 16:52:31.958: sctp protocol not supported
EtherApe-INFO: 16:52:31.958: sctp protocol not supported
EtherApe-INFO: 16:52:31.958: sctp protocol not supported
EtherApe-INFO: 16:52:31.958: sctp protocol not supported
EtherApe-INFO: 16:52:31.958: sctp protocol not supported
EtherApe-INFO: 16:52:31.958: sctp protocol not supported
EtherApe-INFO: 16:52:31.959: sctp protocol not supported
EtherApe-INFO: 16:52:31.959: sctp protocol not supported
EtherApe-INFO: 16:52:31.959: sctp protocol not supported
EtherApe-INFO: 16:52:31.959: sctp protocol not supported
EtherApe-INFO: 16:52:31.959: sctp protocol not supported
EtherApe-INFO: 16:52:31.959: sctp protocol not supported
EtherApe-INFO: 16:52:31.959: sctp protocol not supported
EtherApe-INFO: 16:52:31.959: sctp protocol not supported
EtherApe-INFO: 16:52:31.959: sctp protocol not supported
EtherApe-INFO: 16:52:31.959: sctp protocol not supported
EtherApe-INFO: 16:52:31.959: sctp protocol not supported
EtherApe-INFO: 16:52:31.959: sctp protocol not supported
EtherApe-INFO: 16:52:31.959: sctp protocol not supported
EtherApe-INFO: 16:52:31.959: sctp protocol not supported
EtherApe-INFO: 16:52:31.959: sctp protocol not supported
EtherApe-INFO: 16:52:31.959: sctp protocol not supported
EtherApe-INFO: 16:52:31.959: sctp protocol not supported
EtherApe-INFO: 16:52:31.971: get_interface result: ''
EtherApe-INFO: 16:52:31.971: Available interfaces for capture: dbus-session dbus-system nfqueue nflog bluetooth-monitor bluetooth0 lo any wlp2s0
EtherApe-INFO: 16:52:31.972: Link type is LINUX_SLL
EtherApe-INFO: 16:52:31.972: Diagram started
EtherApe-INFO: 16:52:32.229: New node: IP: 62.182.99.250. Number of nodes 1
EtherApe-INFO: 16:52:32.229: New node: IP: 192.168.1.249. Number of nodes 2
EtherApe-INFO: 16:52:33.252: New node: IP: 149.154.167.50. Number of nodes 3
EtherApe-INFO: 16:52:33.764: New node: IP: 9.9.9.9. Number of nodes 4
EtherApe-INFO: 16:52:35.813: New node: IP: 34.107.221.82. Number of nodes 5
EtherApe-INFO: 16:52:36.325: New node: IP: 93.184.220.29. Number of nodes 6
EtherApe-INFO: 16:52:36.325: New node: IP: 87.245.216.9. Number of nodes 7
EtherApe-INFO: 16:52:36.837: New node: IP: 104.18.20.226. Number of nodes 8
EtherApe-INFO: 16:52:37.349: New node: IP: 35.81.185.20. Number of nodes 9
EtherApe-INFO: 16:52:37.350: New node: IP: 52.41.154.247. Number of nodes 10
EtherApe-INFO: 16:52:37.861: New node: IP: 216.58.215.99. Number of nodes 11
EtherApe-INFO: 16:52:38.372: New node: IP: 8.8.8.8. Number of nodes 12
EtherApe-INFO: 16:52:39.144: New node: IP: 149.154.167.216. Number of nodes 13
EtherApe-INFO: 16:52:39.145: New node: IP: 149.154.167.41. Number of nodes 14
EtherApe-INFO: 16:52:39.407: New node: IP: 91.236.251.14. Number of nodes 15
EtherApe-INFO: 16:52:41.957: New node: IP: 140.82.113.5. Number of nodes 16
EtherApe-INFO: 16:52:48.872: New node: IP: 149.154.167.255. Number of nodes 17
EtherApe-INFO: 16:52:51.941: New node: IP: 104.17.49.74. Number of nodes 18
EtherApe-INFO: 16:52:53.988: New node: IP: 34.107.141.31. Number of nodes 19
EtherApe-INFO: 16:52:55.012: New node: IP: 172.64.106.28. Number of nodes 20
EtherApe-INFO: 16:52:55.012: New node: IP: 104.18.13.33. Number of nodes 21
EtherApe-INFO: 16:52:56.037: New node: IP: 104.22.33.83. Number of nodes 22
EtherApe-INFO: 16:52:56.037: New node: IP: 35.186.227.140. Number of nodes 23
EtherApe-INFO: 16:52:56.038: New node: IP: 34.120.208.123. Number of nodes 24
EtherApe-INFO: 16:52:56.038: New node: IP: 18.66.231.225. Number of nodes 25
EtherApe-INFO: 16:52:56.040: New node: IP: 104.16.249.249. Number of nodes 26
EtherApe-INFO: 16:52:56.044: New node: IP: 216.58.215.101. Number of nodes 27
EtherApe-INFO: 16:52:56.046: New node: IP: 104.17.182.52. Number of nodes 28
EtherApe-INFO: 16:54:26.148: New node: IP: 104.18.12.33. Number of nodes 29
EtherApe-INFO: 16:54:27.172: New node: IP: 104.16.99.56. Number of nodes 30
EtherApe-INFO: 16:54:39.509: delete node: IP: 91.236.251.14. Number of nodes 29
EtherApe-INFO: 16:54:39.509: delete node: IP: 8.8.8.8. Number of nodes 28
EtherApe-INFO: 16:54:42.806: delete node: IP: 140.82.113.5. Number of nodes 27
EtherApe-INFO: 16:54:47.656: New node: IP: 91.236.251.14. Number of nodes 28
EtherApe-INFO: 16:54:57.355: delete node: IP: 52.41.154.247. Number of nodes 27
EtherApe-INFO: 16:54:57.355: delete node: IP: 35.81.185.20. Number of nodes 26
EtherApe-INFO: 16:55:05.252: delete node: IP: 149.154.167.255. Number of nodes 25
EtherApe-INFO: 16:55:42.338: New node: IP: 192.168.1.1. Number of nodes 26
EtherApe-INFO: 16:55:46.014: New node: IP: 8.8.8.8. Number of nodes 27
EtherApe-INFO: 16:55:46.524: New node: IP: 95.216.195.133. Number of nodes 28
EtherApe-INFO: 16:55:50.898: delete node: IP: 104.18.20.226. Number of nodes 27
EtherApe-INFO: 16:55:50.898: delete node: IP: 34.107.221.82. Number of nodes 26
EtherApe-INFO: 16:55:51.992: delete node: IP: 87.245.216.9. Number of nodes 25
EtherApe-INFO: 16:55:52.959: delete node: IP: 216.58.215.99. Number of nodes 24
EtherApe-INFO: 16:55:52.959: delete node: IP: 93.184.220.29. Number of nodes 23
EtherApe-INFO: 16:55:55.230: New node: IP: 34.160.144.191. Number of nodes 24
EtherApe-INFO: 16:55:58.300: New node: IP: 35.241.9.150. Number of nodes 25
EtherApe-INFO: 16:55:58.816: New node: IP: 34.111.73.144. Number of nodes 26
EtherApe-INFO: 16:56:27.247: delete node: IP: 104.18.12.33. Number of nodes 25
EtherApe-INFO: 16:56:27.776: delete node: IP: 104.16.99.56. Number of nodes 24
EtherApe-INFO: 16:56:47.022: delete node: IP: 172.64.106.28. Number of nodes 23
EtherApe-INFO: 16:56:47.022: delete node: IP: 104.18.13.33. Number of nodes 22
EtherApe-INFO: 16:56:47.750: delete node: IP: 104.22.33.83. Number of nodes 21
EtherApe-INFO: 16:56:47.750: delete node: IP: 104.17.182.52. Number of nodes 20
EtherApe-INFO: 16:56:47.750: delete node: IP: 91.236.251.14. Number of nodes 19
EtherApe-INFO: 16:56:47.750: delete node: IP: 18.66.231.225. Number of nodes 18
EtherApe-INFO: 16:56:48.789: delete node: IP: 216.58.215.101. Number of nodes 17
EtherApe-INFO: 16:56:56.156: New node: IP: 54.69.181.45. Number of nodes 18
EtherApe-INFO: 16:57:40.701: New node: IP: 140.82.121.4. Number of nodes 19
EtherApe-INFO: 16:57:42.502: delete node: IP: 192.168.1.1. Number of nodes 18
EtherApe-INFO: 16:57:43.019: delete node: IP: 104.17.49.74. Number of nodes 17
EtherApe-INFO: 16:57:46.951: delete node: IP: 95.216.195.133. Number of nodes 16
EtherApe-INFO: 16:57:46.951: delete node: IP: 8.8.8.8. Number of nodes 15
EtherApe-INFO: 16:58:10.687: delete node: IP: 34.160.144.191. Number of nodes 14
EtherApe-INFO: 16:58:11.005: delete node: IP: 34.107.141.31. Number of nodes 13
EtherApe-INFO: 16:58:13.534: delete node: IP: 35.241.9.150. Number of nodes 12
EtherApe-INFO: 16:58:15.282: delete node: IP: 34.111.73.144. Number of nodes 11
EtherApe-INFO: 16:58:16.069: delete node: IP: 34.120.208.123. Number of nodes 10
EtherApe-INFO: 16:58:17.825: delete node: IP: 149.154.167.216. Number of nodes 9
EtherApe-INFO: 16:58:18.153: delete node: IP: 35.186.227.140. Number of nodes 8
EtherApe-INFO: 16:58:32.925: New node: IP: 104.16.248.249. Number of nodes 9
EtherApe-INFO: 16:58:45.724: New node: IP: 140.82.121.3. Number of nodes 10
EtherApe-INFO: 16:58:56.409: delete node: IP: 54.69.181.45. Number of nodes 9
EtherApe-INFO: 16:59:03.900: New node: IP: 91.236.251.14. Number of nodes 10
EtherApe-INFO: 16:59:42.897: delete node: IP: 140.82.121.4. Number of nodes 9
EtherApe-INFO: 16:59:54.090: New node: IP: 149.154.167.216. Number of nodes 10
