(etherape:5119): GLib-GIO-DEBUG: 13:01:11.244: _g_io_module_get_default: Found default implementation local (GLocalVfs) for ‘gio-vfs’
(etherape:5119): GLib-GIO-DEBUG: 13:01:11.313: Using cross-namespace EXTERNAL authentication (this will deadlock if server is GDBus < 2.73.3)
EtherApe-INFO: 13:01:11.369: sctp protocol not supported
EtherApe-INFO: 13:01:11.369: dccp protocol not supported
EtherApe-INFO: 13:01:11.369: sctp protocol not supported
EtherApe-INFO: 13:01:11.369: sctp protocol not supported
EtherApe-INFO: 13:01:11.369: sctp protocol not supported
EtherApe-INFO: 13:01:11.369: sctp protocol not supported
EtherApe-INFO: 13:01:11.369: sctp protocol not supported
EtherApe-INFO: 13:01:11.370: sctp protocol not supported
EtherApe-INFO: 13:01:11.370: sctp protocol not supported
EtherApe-INFO: 13:01:11.370: dccp protocol not supported
EtherApe-INFO: 13:01:11.370: sctp protocol not supported
EtherApe-INFO: 13:01:11.370: dccp protocol not supported
EtherApe-INFO: 13:01:11.370: dccp protocol not supported
EtherApe-INFO: 13:01:11.370: sctp protocol not supported
EtherApe-INFO: 13:01:11.371: sctp protocol not supported
EtherApe-INFO: 13:01:11.371: sctp protocol not supported
EtherApe-INFO: 13:01:11.371: sctp protocol not supported
EtherApe-INFO: 13:01:11.371: sctp protocol not supported
EtherApe-INFO: 13:01:11.372: sctp protocol not supported
EtherApe-INFO: 13:01:11.372: sctp protocol not supported
EtherApe-INFO: 13:01:11.372: sctp protocol not supported
EtherApe-INFO: 13:01:11.372: sctp protocol not supported
EtherApe-INFO: 13:01:11.372: sctp protocol not supported
EtherApe-INFO: 13:01:11.373: sctp protocol not supported
EtherApe-INFO: 13:01:11.373: sctp protocol not supported
EtherApe-INFO: 13:01:11.373: sctp protocol not supported
EtherApe-INFO: 13:01:11.373: sctp protocol not supported
EtherApe-INFO: 13:01:11.373: sctp protocol not supported
EtherApe-INFO: 13:01:11.373: dccp protocol not supported
EtherApe-INFO: 13:01:11.373: sctp protocol not supported
EtherApe-INFO: 13:01:11.373: sctp protocol not supported
EtherApe-INFO: 13:01:11.373: dccp protocol not supported
EtherApe-INFO: 13:01:11.373: sctp protocol not supported
EtherApe-INFO: 13:01:11.373: sctp protocol not supported
EtherApe-INFO: 13:01:11.373: sctp protocol not supported
EtherApe-INFO: 13:01:11.374: dccp protocol not supported
EtherApe-INFO: 13:01:11.374: dccp protocol not supported
EtherApe-INFO: 13:01:11.374: sctp protocol not supported
EtherApe-INFO: 13:01:11.374: sctp protocol not supported
EtherApe-INFO: 13:01:11.374: sctp protocol not supported
EtherApe-INFO: 13:01:11.374: sctp protocol not supported
EtherApe-INFO: 13:01:11.374: sctp protocol not supported
EtherApe-INFO: 13:01:11.374: sctp protocol not supported
EtherApe-INFO: 13:01:11.374: sctp protocol not supported
EtherApe-INFO: 13:01:11.374: sctp protocol not supported
EtherApe-INFO: 13:01:11.374: sctp protocol not supported
EtherApe-INFO: 13:01:11.374: sctp protocol not supported
EtherApe-INFO: 13:01:11.374: sctp protocol not supported
EtherApe-INFO: 13:01:11.374: sctp protocol not supported
EtherApe-INFO: 13:01:11.374: sctp protocol not supported
EtherApe-INFO: 13:01:11.374: sctp protocol not supported
EtherApe-INFO: 13:01:11.374: sctp protocol not supported
EtherApe-INFO: 13:01:11.374: sctp protocol not supported
EtherApe-INFO: 13:01:11.374: sctp protocol not supported
EtherApe-INFO: 13:01:11.374: sctp protocol not supported
EtherApe-INFO: 13:01:11.374: sctp protocol not supported
EtherApe-INFO: 13:01:11.374: sctp protocol not supported
EtherApe-INFO: 13:01:11.374: dccp protocol not supported
EtherApe-INFO: 13:01:11.374: sctp protocol not supported
EtherApe-INFO: 13:01:11.374: sctp protocol not supported
EtherApe-INFO: 13:01:11.374: sctp protocol not supported
EtherApe-INFO: 13:01:11.374: sctp protocol not supported
EtherApe-INFO: 13:01:11.375: sctp protocol not supported
EtherApe-INFO: 13:01:11.375: sctp protocol not supported
EtherApe-INFO: 13:01:11.375: sctp protocol not supported
EtherApe-INFO: 13:01:11.375: sctp protocol not supported
EtherApe-INFO: 13:01:11.375: sctp protocol not supported
EtherApe-INFO: 13:01:11.375: sctp protocol not supported
EtherApe-INFO: 13:01:11.375: sctp protocol not supported
EtherApe-INFO: 13:01:11.375: sctp protocol not supported
EtherApe-INFO: 13:01:11.375: sctp protocol not supported
EtherApe-INFO: 13:01:11.375: sctp protocol not supported
EtherApe-INFO: 13:01:11.375: sctp protocol not supported
EtherApe-INFO: 13:01:11.375: sctp protocol not supported
EtherApe-INFO: 13:01:11.375: sctp protocol not supported
EtherApe-INFO: 13:01:11.375: sctp protocol not supported
EtherApe-INFO: 13:01:11.375: sctp protocol not supported
EtherApe-INFO: 13:01:11.375: sctp protocol not supported
EtherApe-INFO: 13:01:11.376: sctp protocol not supported
EtherApe-INFO: 13:01:11.376: sctp protocol not supported
EtherApe-INFO: 13:01:11.376: sctp protocol not supported
EtherApe-INFO: 13:01:11.376: sctp protocol not supported
EtherApe-INFO: 13:01:11.376: sctp protocol not supported
EtherApe-INFO: 13:01:11.376: sctp protocol not supported
EtherApe-INFO: 13:01:11.376: sctp protocol not supported
EtherApe-INFO: 13:01:11.376: sctp protocol not supported
EtherApe-INFO: 13:01:11.376: sctp protocol not supported
EtherApe-INFO: 13:01:11.376: sctp protocol not supported
EtherApe-INFO: 13:01:11.376: sctp protocol not supported
EtherApe-INFO: 13:01:11.376: sctp protocol not supported
EtherApe-INFO: 13:01:11.376: sctp protocol not supported
EtherApe-INFO: 13:01:11.376: sctp protocol not supported
EtherApe-INFO: 13:01:11.376: sctp protocol not supported
EtherApe-INFO: 13:01:11.376: sctp protocol not supported
EtherApe-INFO: 13:01:11.384: get_interface result: ''
EtherApe-INFO: 13:01:11.385: Available interfaces for capture: dbus-session dbus-system nfqueue nflog bluetooth-monitor bluetooth0 lo any wlp2s0
EtherApe-INFO: 13:01:11.385: Link type is LINUX_SLL
EtherApe-INFO: 13:01:11.386: Diagram started
EtherApe-INFO: 13:01:11.638: New node: IP: 89.187.191.12. Number of nodes 1
EtherApe-INFO: 13:01:11.638: New node: IP: 192.168.1.249. Number of nodes 2
EtherApe-INFO: 13:01:11.897: New node: IP: 217.138.198.227. Number of nodes 3
EtherApe-INFO: 13:01:13.432: New node: IP: 9.9.9.9. Number of nodes 4
EtherApe-INFO: 13:01:15.736: New node: IP: 149.154.167.41. Number of nodes 5
EtherApe-INFO: 13:01:17.016: New node: IP: 8.8.8.8. Number of nodes 6
EtherApe-INFO: 13:01:41.079: New node: IP: 3.127.160.74. Number of nodes 7
EtherApe-INFO: 13:01:42.103: New node: IP: 104.16.248.249. Number of nodes 8
EtherApe-INFO: 13:01:58.233: New node: IP: 192.168.1.1. Number of nodes 9
EtherApe-INFO: 13:01:59.001: New node: IP: 95.216.195.133. Number of nodes 10
EtherApe-INFO: 13:02:29.465: New node: IP: 149.154.167.255. Number of nodes 11
EtherApe-INFO: 13:02:29.465: New node: IP: 149.154.167.216. Number of nodes 12
EtherApe-INFO: 13:03:17.182: delete node: IP: 8.8.8.8. Number of nodes 11
EtherApe-INFO: 13:03:58.310: delete node: IP: 192.168.1.1. Number of nodes 10
EtherApe-INFO: 13:03:59.335: delete node: IP: 95.216.195.133. Number of nodes 9
EtherApe-INFO: 13:04:24.408: New node: IP: 54.149.154.194. Number of nodes 10
EtherApe-INFO: 13:04:44.913: delete node: IP: 149.154.167.255. Number of nodes 9
EtherApe-INFO: 13:04:46.760: delete node: IP: 104.16.248.249. Number of nodes 8
EtherApe-INFO: 13:05:14.356: delete node: IP: 149.154.167.216. Number of nodes 7
EtherApe-INFO: 13:06:03.773: delete node: IP: 3.127.160.74. Number of nodes 6
EtherApe-INFO: 13:06:03.991: New node: IP: 149.154.167.216. Number of nodes 7
EtherApe-INFO: 13:06:25.326: delete node: IP: 54.149.154.194. Number of nodes 6
EtherApe-INFO: 13:06:58.265: New node: IP: 192.168.1.1. Number of nodes 7
EtherApe-INFO: 13:06:59.033: New node: IP: 95.216.195.133. Number of nodes 8
EtherApe-INFO: 13:08:03.543: New node: IP: 38.229.52.9. Number of nodes 9
EtherApe-INFO: 13:08:58.336: delete node: IP: 192.168.1.1. Number of nodes 8
EtherApe-INFO: 13:08:59.157: delete node: IP: 95.216.195.133. Number of nodes 7
EtherApe-INFO: 13:09:25.201: New node: IP: 54.149.154.194. Number of nodes 8
EtherApe-INFO: 13:10:03.624: delete node: IP: 38.229.52.9. Number of nodes 7
EtherApe-INFO: 13:10:50.705: New node: IP: 149.154.167.255. Number of nodes 8
EtherApe-INFO: 13:11:25.552: delete node: IP: 54.149.154.194. Number of nodes 7
EtherApe-INFO: 13:11:58.289: New node: IP: 192.168.1.1. Number of nodes 8
EtherApe-INFO: 13:11:59.311: New node: IP: 95.216.195.133. Number of nodes 9
EtherApe-INFO: 13:13:06.159: delete node: IP: 149.154.167.255. Number of nodes 8
EtherApe-INFO: 13:13:26.163: delete node: IP: 149.154.167.216. Number of nodes 7
EtherApe-INFO: 13:13:58.432: delete node: IP: 192.168.1.1. Number of nodes 6
EtherApe-INFO: 13:13:59.455: delete node: IP: 95.216.195.133. Number of nodes 5
EtherApe-INFO: 13:14:25.487: New node: IP: 54.149.154.194. Number of nodes 6
EtherApe-INFO: 13:16:25.571: delete node: IP: 54.149.154.194. Number of nodes 5
EtherApe-INFO: 13:16:58.321: New node: IP: 192.168.1.1. Number of nodes 6
EtherApe-INFO: 13:16:59.087: New node: IP: 95.216.195.133. Number of nodes 7
EtherApe-INFO: 13:18:12.816: New node: IP: 149.154.167.216. Number of nodes 8
EtherApe-INFO: 13:18:58.409: delete node: IP: 192.168.1.1. Number of nodes 7
EtherApe-INFO: 13:18:59.232: delete node: IP: 95.216.195.133. Number of nodes 6
EtherApe-INFO: 13:19:25.519: New node: IP: 54.149.154.194. Number of nodes 7
EtherApe-INFO: 13:20:41.806: New node: IP: 149.154.167.255. Number of nodes 8
EtherApe-INFO: 13:21:25.841: delete node: IP: 54.149.154.194. Number of nodes 7
EtherApe-INFO: 13:21:58.351: New node: IP: 192.168.1.1. Number of nodes 8
EtherApe-INFO: 13:21:59.118: New node: IP: 95.216.195.133. Number of nodes 9
EtherApe-INFO: 13:22:19.620: delete node: IP: 89.187.191.12. Number of nodes 8
EtherApe-INFO: 13:23:43.880: delete node: IP: 149.154.167.255. Number of nodes 7
EtherApe-INFO: 13:23:51.324: delete node: IP: 149.154.167.216. Number of nodes 6
EtherApe-INFO: 13:24:00.502: delete node: IP: 192.168.1.1. Number of nodes 5
EtherApe-INFO: 13:24:00.502: delete node: IP: 95.216.195.133. Number of nodes 4
EtherApe-INFO: 13:24:25.806: New node: IP: 54.149.154.194. Number of nodes 5
EtherApe-INFO: 13:26:01.038: New node: IP: 89.187.191.12. Number of nodes 6
EtherApe-INFO: 13:26:06.928: New node: IP: 95.216.144.15. Number of nodes 7
EtherApe-INFO: 13:26:25.913: delete node: IP: 54.149.154.194. Number of nodes 6
EtherApe-INFO: 13:26:58.382: New node: IP: 192.168.1.1. Number of nodes 7
EtherApe-INFO: 13:26:58.895: New node: IP: 95.216.195.133. Number of nodes 8
EtherApe-INFO: 13:28:01.154: delete node: IP: 89.187.191.12. Number of nodes 7
EtherApe-INFO: 13:28:07.293: delete node: IP: 95.216.144.15. Number of nodes 6
EtherApe-INFO: 13:28:58.448: delete node: IP: 192.168.1.1. Number of nodes 5
EtherApe-INFO: 13:28:59.272: delete node: IP: 95.216.195.133. Number of nodes 4
EtherApe-INFO: 13:29:25.839: New node: IP: 54.149.154.194. Number of nodes 5
EtherApe-INFO: 13:29:40.943: New node: IP: 3.127.160.74. Number of nodes 6
EtherApe-INFO: 13:30:39.054: New node: IP: 149.154.167.216. Number of nodes 7
EtherApe-INFO: 13:31:26.190: delete node: IP: 54.149.154.194. Number of nodes 6
EtherApe-INFO: 13:31:41.296: delete node: IP: 3.127.160.74. Number of nodes 5
EtherApe-INFO: 13:31:58.414: New node: IP: 192.168.1.1. Number of nodes 6
EtherApe-INFO: 13:31:59.182: New node: IP: 95.216.195.133. Number of nodes 7
EtherApe-INFO: 13:32:59.600: New node: IP: 140.82.121.4. Number of nodes 8
EtherApe-INFO: 13:33:58.484: delete node: IP: 192.168.1.1. Number of nodes 7
EtherApe-INFO: 13:33:59.506: delete node: IP: 95.216.195.133. Number of nodes 6
EtherApe-INFO: 13:34:24.590: New node: IP: 54.149.154.194. Number of nodes 7
EtherApe-INFO: 13:34:30.478: New node: IP: 149.154.167.255. Number of nodes 8
EtherApe-INFO: 13:35:35.560: delete node: IP: 140.82.121.4. Number of nodes 7
EtherApe-INFO: 13:36:28.759: delete node: IP: 54.149.154.194. Number of nodes 6
EtherApe-INFO: 13:36:48.229: delete node: IP: 149.154.167.255. Number of nodes 5
EtherApe-INFO: 13:36:58.446: New node: IP: 192.168.1.1. Number of nodes 6
EtherApe-INFO: 13:36:58.958: New node: IP: 95.216.195.133. Number of nodes 7
EtherApe-INFO: 13:37:03.591: delete node: IP: 149.154.167.216. Number of nodes 6
EtherApe-INFO: 13:38:27.791: New node: IP: 149.154.167.255. Number of nodes 7
EtherApe-INFO: 13:38:58.613: delete node: IP: 192.168.1.1. Number of nodes 6
EtherApe-INFO: 13:38:59.330: delete node: IP: 95.216.195.133. Number of nodes 5
EtherApe-INFO: 13:39:26.414: New node: IP: 54.149.154.194. Number of nodes 6
EtherApe-INFO: 13:40:18.894: New node: IP: 149.154.167.216. Number of nodes 7
EtherApe-INFO: 13:41:27.578: delete node: IP: 54.149.154.194. Number of nodes 6
EtherApe-INFO: 13:41:43.919: delete node: IP: 149.154.167.255. Number of nodes 5
EtherApe-INFO: 13:41:58.207: New node: IP: 192.168.1.1. Number of nodes 6
EtherApe-INFO: 13:41:59.486: New node: IP: 95.216.195.133. Number of nodes 7
EtherApe-INFO: 13:42:01.793: New node: IP: 149.154.175.211. Number of nodes 8
EtherApe-INFO: 13:42:11.775: New node: IP: 38.229.52.9. Number of nodes 9
EtherApe-INFO: 13:42:18.175: New node: IP: 149.154.171.255. Number of nodes 10
EtherApe-INFO: 13:42:20.479: New node: IP: 149.154.167.255. Number of nodes 11
