(etherape:3298): GLib-GIO-DEBUG: 16:25:33.098: _g_io_module_get_default: Found default implementation local (GLocalVfs) for ‘gio-vfs’
(etherape:3298): GLib-GIO-DEBUG: 16:25:33.186: Using cross-namespace EXTERNAL authentication (this will deadlock if server is GDBus < 2.73.3)
EtherApe-INFO: 16:25:33.250: sctp protocol not supported
EtherApe-INFO: 16:25:33.250: dccp protocol not supported
EtherApe-INFO: 16:25:33.250: sctp protocol not supported
EtherApe-INFO: 16:25:33.250: sctp protocol not supported
EtherApe-INFO: 16:25:33.250: sctp protocol not supported
EtherApe-INFO: 16:25:33.250: sctp protocol not supported
EtherApe-INFO: 16:25:33.250: sctp protocol not supported
EtherApe-INFO: 16:25:33.251: sctp protocol not supported
EtherApe-INFO: 16:25:33.251: sctp protocol not supported
EtherApe-INFO: 16:25:33.251: dccp protocol not supported
EtherApe-INFO: 16:25:33.251: sctp protocol not supported
EtherApe-INFO: 16:25:33.251: dccp protocol not supported
EtherApe-INFO: 16:25:33.251: dccp protocol not supported
EtherApe-INFO: 16:25:33.251: sctp protocol not supported
EtherApe-INFO: 16:25:33.252: sctp protocol not supported
EtherApe-INFO: 16:25:33.252: sctp protocol not supported
EtherApe-INFO: 16:25:33.252: sctp protocol not supported
EtherApe-INFO: 16:25:33.253: sctp protocol not supported
EtherApe-INFO: 16:25:33.254: sctp protocol not supported
EtherApe-INFO: 16:25:33.254: sctp protocol not supported
EtherApe-INFO: 16:25:33.254: sctp protocol not supported
EtherApe-INFO: 16:25:33.254: sctp protocol not supported
EtherApe-INFO: 16:25:33.254: sctp protocol not supported
EtherApe-INFO: 16:25:33.255: sctp protocol not supported
EtherApe-INFO: 16:25:33.255: sctp protocol not supported
EtherApe-INFO: 16:25:33.255: sctp protocol not supported
EtherApe-INFO: 16:25:33.255: sctp protocol not supported
EtherApe-INFO: 16:25:33.255: sctp protocol not supported
EtherApe-INFO: 16:25:33.255: dccp protocol not supported
EtherApe-INFO: 16:25:33.255: sctp protocol not supported
EtherApe-INFO: 16:25:33.256: sctp protocol not supported
EtherApe-INFO: 16:25:33.256: dccp protocol not supported
EtherApe-INFO: 16:25:33.256: sctp protocol not supported
EtherApe-INFO: 16:25:33.256: sctp protocol not supported
EtherApe-INFO: 16:25:33.256: sctp protocol not supported
EtherApe-INFO: 16:25:33.256: dccp protocol not supported
EtherApe-INFO: 16:25:33.256: dccp protocol not supported
EtherApe-INFO: 16:25:33.256: sctp protocol not supported
EtherApe-INFO: 16:25:33.256: sctp protocol not supported
EtherApe-INFO: 16:25:33.256: sctp protocol not supported
EtherApe-INFO: 16:25:33.256: sctp protocol not supported
EtherApe-INFO: 16:25:33.256: sctp protocol not supported
EtherApe-INFO: 16:25:33.256: sctp protocol not supported
EtherApe-INFO: 16:25:33.257: sctp protocol not supported
EtherApe-INFO: 16:25:33.257: sctp protocol not supported
EtherApe-INFO: 16:25:33.257: sctp protocol not supported
EtherApe-INFO: 16:25:33.257: sctp protocol not supported
EtherApe-INFO: 16:25:33.257: sctp protocol not supported
EtherApe-INFO: 16:25:33.257: sctp protocol not supported
EtherApe-INFO: 16:25:33.257: sctp protocol not supported
EtherApe-INFO: 16:25:33.257: sctp protocol not supported
EtherApe-INFO: 16:25:33.257: sctp protocol not supported
EtherApe-INFO: 16:25:33.257: sctp protocol not supported
EtherApe-INFO: 16:25:33.257: sctp protocol not supported
EtherApe-INFO: 16:25:33.257: sctp protocol not supported
EtherApe-INFO: 16:25:33.257: sctp protocol not supported
EtherApe-INFO: 16:25:33.257: sctp protocol not supported
EtherApe-INFO: 16:25:33.257: dccp protocol not supported
EtherApe-INFO: 16:25:33.257: sctp protocol not supported
EtherApe-INFO: 16:25:33.257: sctp protocol not supported
EtherApe-INFO: 16:25:33.257: sctp protocol not supported
EtherApe-INFO: 16:25:33.257: sctp protocol not supported
EtherApe-INFO: 16:25:33.258: sctp protocol not supported
EtherApe-INFO: 16:25:33.258: sctp protocol not supported
EtherApe-INFO: 16:25:33.258: sctp protocol not supported
EtherApe-INFO: 16:25:33.258: sctp protocol not supported
EtherApe-INFO: 16:25:33.258: sctp protocol not supported
EtherApe-INFO: 16:25:33.258: sctp protocol not supported
EtherApe-INFO: 16:25:33.258: sctp protocol not supported
EtherApe-INFO: 16:25:33.258: sctp protocol not supported
EtherApe-INFO: 16:25:33.258: sctp protocol not supported
EtherApe-INFO: 16:25:33.259: sctp protocol not supported
EtherApe-INFO: 16:25:33.259: sctp protocol not supported
EtherApe-INFO: 16:25:33.259: sctp protocol not supported
EtherApe-INFO: 16:25:33.259: sctp protocol not supported
EtherApe-INFO: 16:25:33.259: sctp protocol not supported
EtherApe-INFO: 16:25:33.259: sctp protocol not supported
EtherApe-INFO: 16:25:33.259: sctp protocol not supported
EtherApe-INFO: 16:25:33.259: sctp protocol not supported
EtherApe-INFO: 16:25:33.259: sctp protocol not supported
EtherApe-INFO: 16:25:33.259: sctp protocol not supported
EtherApe-INFO: 16:25:33.259: sctp protocol not supported
EtherApe-INFO: 16:25:33.259: sctp protocol not supported
EtherApe-INFO: 16:25:33.259: sctp protocol not supported
EtherApe-INFO: 16:25:33.259: sctp protocol not supported
EtherApe-INFO: 16:25:33.259: sctp protocol not supported
EtherApe-INFO: 16:25:33.259: sctp protocol not supported
EtherApe-INFO: 16:25:33.259: sctp protocol not supported
EtherApe-INFO: 16:25:33.260: sctp protocol not supported
EtherApe-INFO: 16:25:33.260: sctp protocol not supported
EtherApe-INFO: 16:25:33.260: sctp protocol not supported
EtherApe-INFO: 16:25:33.260: sctp protocol not supported
EtherApe-INFO: 16:25:33.260: sctp protocol not supported
EtherApe-INFO: 16:25:33.260: sctp protocol not supported
EtherApe-INFO: 16:25:33.270: get_interface result: ''
EtherApe-INFO: 16:25:33.270: Available interfaces for capture: dbus-session dbus-system nfqueue nflog bluetooth-monitor bluetooth0 lo any wlp2s0
EtherApe-INFO: 16:25:33.271: Link type is LINUX_SLL
EtherApe-INFO: 16:25:33.271: Diagram started
EtherApe-INFO: 16:25:33.523: New node: IP: 185.240.244.3. Number of nodes 1
EtherApe-INFO: 16:25:33.523: New node: IP: 192.168.1.249. Number of nodes 2
EtherApe-INFO: 16:25:34.036: New node: IP: 9.9.9.9. Number of nodes 3
EtherApe-INFO: 16:25:34.292: New node: IP: 35.84.65.122. Number of nodes 4
EtherApe-INFO: 16:25:37.123: New node: IP: 34.107.221.82. Number of nodes 5
EtherApe-INFO: 16:25:38.131: New node: IP: 54.187.174.239. Number of nodes 6
EtherApe-INFO: 16:25:38.131: New node: IP: 216.58.215.99. Number of nodes 7
EtherApe-INFO: 16:25:38.132: New node: IP: 93.184.220.29. Number of nodes 8
EtherApe-INFO: 16:25:38.133: New node: IP: 104.18.32.68. Number of nodes 9
EtherApe-INFO: 16:25:38.388: New node: IP: 149.154.167.41. Number of nodes 10
EtherApe-INFO: 16:25:39.158: New node: IP: 8.8.8.8. Number of nodes 11
EtherApe-INFO: 16:25:57.075: New node: IP: 108.138.51.24. Number of nodes 12
EtherApe-INFO: 16:25:57.075: New node: IP: 104.18.12.33. Number of nodes 13
EtherApe-INFO: 16:25:57.075: New node: IP: 13.32.103.36. Number of nodes 14
EtherApe-INFO: 16:25:57.076: New node: IP: 104.17.50.74. Number of nodes 15
EtherApe-INFO: 16:25:57.076: New node: IP: 34.120.208.123. Number of nodes 16
EtherApe-INFO: 16:25:57.076: New node: IP: 104.16.249.249. Number of nodes 17
EtherApe-INFO: 16:25:58.099: New node: IP: 104.16.100.56. Number of nodes 18
EtherApe-INFO: 16:25:59.124: New node: IP: 108.138.46.56. Number of nodes 19
EtherApe-INFO: 16:25:59.124: New node: IP: 140.82.121.4. Number of nodes 20
EtherApe-INFO: 16:25:59.124: New node: IP: 18.66.234.116. Number of nodes 21
EtherApe-INFO: 16:26:00.915: New node: IP: 35.241.9.150. Number of nodes 22
EtherApe-INFO: 16:26:01.940: New node: IP: 34.160.144.191. Number of nodes 23
EtherApe-INFO: 16:26:02.965: New node: IP: 34.107.141.31. Number of nodes 24
EtherApe-INFO: 16:26:21.155: New node: IP: 192.168.1.1. Number of nodes 25
EtherApe-INFO: 16:26:21.396: New node: IP: 149.154.167.216. Number of nodes 26
EtherApe-INFO: 16:26:21.398: New node: IP: 95.216.195.133. Number of nodes 27
EtherApe-INFO: 16:26:50.326: New node: IP: 3.127.160.74. Number of nodes 28
EtherApe-INFO: 16:27:39.566: delete node: IP: 8.8.8.8. Number of nodes 27
EtherApe-INFO: 16:27:58.437: delete node: IP: 54.187.174.239. Number of nodes 26
EtherApe-INFO: 16:28:05.180: delete node: IP: 35.84.65.122. Number of nodes 25
EtherApe-INFO: 16:28:21.507: delete node: IP: 192.168.1.1. Number of nodes 24
EtherApe-INFO: 16:28:21.715: delete node: IP: 95.216.195.133. Number of nodes 23
EtherApe-INFO: 16:28:55.027: delete node: IP: 216.58.215.99. Number of nodes 22
EtherApe-INFO: 16:28:55.028: delete node: IP: 104.18.32.68. Number of nodes 21
EtherApe-INFO: 16:28:55.028: delete node: IP: 93.184.220.29. Number of nodes 20
EtherApe-INFO: 16:28:55.028: delete node: IP: 34.107.221.82. Number of nodes 19
EtherApe-INFO: 16:29:47.731: New node: IP: 3.122.47.55. Number of nodes 20
EtherApe-INFO: 16:29:48.056: delete node: IP: 108.138.51.24. Number of nodes 19
EtherApe-INFO: 16:29:48.056: delete node: IP: 104.18.12.33. Number of nodes 18
EtherApe-INFO: 16:29:48.056: delete node: IP: 104.17.50.74. Number of nodes 17
EtherApe-INFO: 16:29:48.056: delete node: IP: 34.120.208.123. Number of nodes 16
EtherApe-INFO: 16:29:48.056: delete node: IP: 13.32.103.36. Number of nodes 15
EtherApe-INFO: 16:29:50.114: delete node: IP: 104.16.100.56. Number of nodes 14
EtherApe-INFO: 16:29:51.141: delete node: IP: 140.82.121.4. Number of nodes 13
EtherApe-INFO: 16:29:51.141: delete node: IP: 108.138.46.56. Number of nodes 12
EtherApe-INFO: 16:29:51.141: delete node: IP: 18.66.234.116. Number of nodes 11
EtherApe-INFO: 16:29:54.741: delete node: IP: 35.241.9.150. Number of nodes 10
EtherApe-INFO: 16:29:54.947: delete node: IP: 34.160.144.191. Number of nodes 9
EtherApe-INFO: 16:29:54.947: delete node: IP: 34.107.141.31. Number of nodes 8
EtherApe-INFO: 16:30:08.526: delete node: IP: 149.154.167.216. Number of nodes 7
EtherApe-INFO: 16:31:07.093: New node: IP: 149.154.167.216. Number of nodes 8
EtherApe-INFO: 16:31:21.172: New node: IP: 192.168.1.1. Number of nodes 9
EtherApe-INFO: 16:31:21.683: New node: IP: 95.216.195.133. Number of nodes 10
EtherApe-INFO: 16:31:34.996: New node: IP: 104.16.248.249. Number of nodes 11
EtherApe-INFO: 16:31:42.231: delete node: IP: 3.127.160.74. Number of nodes 10
EtherApe-INFO: 16:32:37.971: New node: IP: 8.8.8.8. Number of nodes 11
EtherApe-INFO: 16:33:15.091: New node: IP: 185.102.185.67. Number of nodes 12
EtherApe-INFO: 16:33:21.274: delete node: IP: 192.168.1.1. Number of nodes 11
EtherApe-INFO: 16:33:22.106: delete node: IP: 95.216.195.133. Number of nodes 10
EtherApe-INFO: 16:33:28.727: delete node: IP: 149.154.167.216. Number of nodes 9
EtherApe-INFO: 16:33:35.853: delete node: IP: 104.16.248.249. Number of nodes 8
EtherApe-INFO: 16:34:38.839: delete node: IP: 8.8.8.8. Number of nodes 7
EtherApe-INFO: 16:35:15.229: delete node: IP: 185.102.185.67. Number of nodes 6
EtherApe-INFO: 16:35:25.160: delete node: IP: 3.122.47.55. Number of nodes 5
EtherApe-INFO: 16:35:33.588: New node: IP: 149.154.167.216. Number of nodes 6
EtherApe-INFO: 16:36:21.203: New node: IP: 192.168.1.1. Number of nodes 7
EtherApe-INFO: 16:36:21.459: New node: IP: 95.216.195.133. Number of nodes 8
EtherApe-INFO: 16:37:49.033: delete node: IP: 149.154.167.216. Number of nodes 7
EtherApe-INFO: 16:38:21.837: delete node: IP: 192.168.1.1. Number of nodes 6
EtherApe-INFO: 16:38:21.837: delete node: IP: 95.216.195.133. Number of nodes 5
EtherApe-INFO: 16:41:21.235: New node: IP: 192.168.1.1. Number of nodes 6
EtherApe-INFO: 16:41:21.491: New node: IP: 95.216.195.133. Number of nodes 7
EtherApe-INFO: 16:41:47.348: New node: IP: 185.102.185.67. Number of nodes 8
EtherApe-INFO: 16:43:21.349: delete node: IP: 192.168.1.1. Number of nodes 7
EtherApe-INFO: 16:43:21.862: delete node: IP: 95.216.195.133. Number of nodes 6
EtherApe-INFO: 16:43:36.403: New node: IP: 149.154.167.216. Number of nodes 7
EtherApe-INFO: 16:43:48.281: delete node: IP: 185.102.185.67. Number of nodes 6
EtherApe-INFO: 16:45:52.909: delete node: IP: 149.154.167.216. Number of nodes 5
EtherApe-INFO: 16:46:21.267: New node: IP: 192.168.1.1. Number of nodes 6
EtherApe-INFO: 16:46:21.268: New node: IP: 95.216.195.133. Number of nodes 7
EtherApe-INFO: 16:47:10.931: New node: IP: 3.122.47.55. Number of nodes 8
EtherApe-INFO: 16:48:22.367: delete node: IP: 192.168.1.1. Number of nodes 7
EtherApe-INFO: 16:48:22.367: delete node: IP: 95.216.195.133. Number of nodes 6
EtherApe-INFO: 16:49:21.767: delete node: IP: 3.122.47.55. Number of nodes 5
EtherApe-INFO: 16:49:27.379: New node: IP: 3.122.47.55. Number of nodes 6
EtherApe-INFO: 16:49:52.980: New node: IP: 149.154.167.216. Number of nodes 7
EtherApe-INFO: 16:51:21.300: New node: IP: 192.168.1.1. Number of nodes 8
EtherApe-INFO: 16:51:21.300: New node: IP: 95.216.195.133. Number of nodes 9
EtherApe-INFO: 16:51:28.537: delete node: IP: 3.122.47.55. Number of nodes 8
EtherApe-INFO: 16:53:00.898: delete node: IP: 149.154.167.216. Number of nodes 7
EtherApe-INFO: 16:53:06.771: New node: IP: 149.154.167.216. Number of nodes 8
EtherApe-INFO: 16:53:21.407: delete node: IP: 192.168.1.1. Number of nodes 7
EtherApe-INFO: 16:53:21.920: delete node: IP: 95.216.195.133. Number of nodes 6
EtherApe-INFO: 16:53:41.075: New node: IP: 140.82.121.5. Number of nodes 7
EtherApe-INFO: 16:55:19.218: delete node: IP: 104.16.249.249. Number of nodes 6
EtherApe-INFO: 16:55:22.521: delete node: IP: 149.154.167.216. Number of nodes 5
EtherApe-INFO: 16:56:21.333: New node: IP: 192.168.1.1. Number of nodes 6
EtherApe-INFO: 16:56:21.334: New node: IP: 95.216.195.133. Number of nodes 7
EtherApe-INFO: 16:57:01.779: New node: IP: 149.154.167.216. Number of nodes 8
EtherApe-INFO: 16:58:21.670: delete node: IP: 192.168.1.1. Number of nodes 7
EtherApe-INFO: 16:58:21.670: delete node: IP: 95.216.195.133. Number of nodes 6
EtherApe-INFO: 16:58:51.604: New node: IP: 185.102.185.67. Number of nodes 7
EtherApe-INFO: 17:00:00.033: delete node: IP: 140.82.121.5. Number of nodes 6
EtherApe-INFO: 17:00:51.961: delete node: IP: 185.102.185.67. Number of nodes 5
EtherApe-INFO: 17:01:21.363: New node: IP: 192.168.1.1. Number of nodes 6
EtherApe-INFO: 17:01:21.619: New node: IP: 95.216.195.133. Number of nodes 7
EtherApe-INFO: 17:03:21.431: delete node: IP: 192.168.1.1. Number of nodes 6
EtherApe-INFO: 17:03:21.738: delete node: IP: 95.216.195.133. Number of nodes 5
EtherApe-INFO: 17:04:26.210: delete node: IP: 149.154.167.216. Number of nodes 4
EtherApe-INFO: 17:04:58.964: New node: IP: 149.154.167.216. Number of nodes 5
EtherApe-INFO: 17:05:21.749: New node: IP: 149.154.167.92. Number of nodes 6
EtherApe-INFO: 17:06:21.139: New node: IP: 192.168.1.1. Number of nodes 7
EtherApe-INFO: 17:06:21.395: New node: IP: 95.216.195.133. Number of nodes 8
EtherApe-INFO: 17:07:37.443: delete node: IP: 149.154.167.92. Number of nodes 7
EtherApe-INFO: 17:07:38.979: delete node: IP: 149.154.167.216. Number of nodes 6
EtherApe-INFO: 17:08:21.491: delete node: IP: 192.168.1.1. Number of nodes 5
EtherApe-INFO: 17:08:21.491: delete node: IP: 95.216.195.133. Number of nodes 4
EtherApe-INFO: 17:11:21.172: New node: IP: 192.168.1.1. Number of nodes 5
EtherApe-INFO: 17:11:21.428: New node: IP: 95.216.195.133. Number of nodes 6
EtherApe-INFO: 17:12:08.787: New node: IP: 149.154.167.216. Number of nodes 7
EtherApe-INFO: 17:13:21.588: delete node: IP: 192.168.1.1. Number of nodes 6
EtherApe-INFO: 17:13:21.588: delete node: IP: 95.216.195.133. Number of nodes 5
EtherApe-INFO: 17:14:54.486: delete node: IP: 149.154.167.216. Number of nodes 4
EtherApe-INFO: 17:15:15.155: New node: IP: 149.154.167.216. Number of nodes 5
EtherApe-INFO: 17:16:21.203: New node: IP: 192.168.1.1. Number of nodes 6
EtherApe-INFO: 17:16:21.459: New node: IP: 95.216.195.133. Number of nodes 7
EtherApe-INFO: 17:17:30.884: delete node: IP: 149.154.167.216. Number of nodes 6
EtherApe-INFO: 17:18:21.612: delete node: IP: 192.168.1.1. Number of nodes 5
EtherApe-INFO: 17:18:21.612: delete node: IP: 95.216.195.133. Number of nodes 4
EtherApe-INFO: 17:21:21.236: New node: IP: 192.168.1.1. Number of nodes 5
EtherApe-INFO: 17:21:21.492: New node: IP: 95.216.195.133. Number of nodes 6
EtherApe-INFO: 17:22:22.931: New node: IP: 149.154.167.216. Number of nodes 7
EtherApe-INFO: 17:23:22.378: delete node: IP: 192.168.1.1. Number of nodes 6
EtherApe-INFO: 17:23:22.378: delete node: IP: 95.216.195.133. Number of nodes 5
EtherApe-INFO: 17:24:38.185: delete node: IP: 149.154.167.216. Number of nodes 4
EtherApe-INFO: 17:26:21.267: New node: IP: 192.168.1.1. Number of nodes 5
EtherApe-INFO: 17:26:21.267: New node: IP: 95.216.195.133. Number of nodes 6
EtherApe-INFO: 17:28:21.671: delete node: IP: 192.168.1.1. Number of nodes 5
EtherApe-INFO: 17:28:22.897: delete node: IP: 95.216.195.133. Number of nodes 4
EtherApe-INFO: 17:28:41.811: New node: IP: 149.154.167.216. Number of nodes 5
EtherApe-INFO: 17:30:39.316: New node: IP: 149.154.175.57. Number of nodes 6
EtherApe-INFO: 17:30:39.317: New node: IP: 149.154.175.50. Number of nodes 7
EtherApe-INFO: 17:30:48.327: New node: IP: 149.154.167.50. Number of nodes 8
EtherApe-INFO: 17:30:50.580: New node: IP: 91.108.56.145. Number of nodes 9
EtherApe-INFO: 17:30:56.211: New node: IP: 149.154.167.255. Number of nodes 10
EtherApe-INFO: 17:30:58.771: New node: IP: 149.154.175.54. Number of nodes 11
EtherApe-INFO: 17:31:21.299: New node: IP: 192.168.1.1. Number of nodes 12
EtherApe-INFO: 17:31:21.299: New node: IP: 95.216.195.133. Number of nodes 13
EtherApe-INFO: 17:32:40.668: delete node: IP: 149.154.175.50. Number of nodes 12
EtherApe-INFO: 17:32:59.378: delete node: IP: 149.154.175.57. Number of nodes 11
EtherApe-INFO: 17:32:59.860: New node: IP: 185.102.185.67. Number of nodes 12
EtherApe-INFO: 17:33:05.319: delete node: IP: 149.154.167.50. Number of nodes 11
EtherApe-INFO: 17:33:08.082: delete node: IP: 91.108.56.145. Number of nodes 10
EtherApe-INFO: 17:33:12.485: delete node: IP: 149.154.167.255. Number of nodes 9
EtherApe-INFO: 17:33:17.299: delete node: IP: 149.154.175.54. Number of nodes 8
EtherApe-INFO: 17:33:21.398: delete node: IP: 192.168.1.1. Number of nodes 7
EtherApe-INFO: 17:33:22.423: delete node: IP: 95.216.195.133. Number of nodes 6
EtherApe-INFO: 17:34:39.968: delete node: IP: 149.154.167.216. Number of nodes 5
EtherApe-INFO: 17:35:00.525: delete node: IP: 185.102.185.67. Number of nodes 4
EtherApe-INFO: 17:36:21.331: New node: IP: 192.168.1.1. Number of nodes 5
EtherApe-INFO: 17:36:21.332: New node: IP: 95.216.195.133. Number of nodes 6
EtherApe-INFO: 17:37:12.531: New node: IP: 149.154.167.216. Number of nodes 7
EtherApe-INFO: 17:38:21.408: delete node: IP: 192.168.1.1. Number of nodes 6
EtherApe-INFO: 17:38:21.715: delete node: IP: 95.216.195.133. Number of nodes 5
EtherApe-INFO: 17:41:21.363: New node: IP: 192.168.1.1. Number of nodes 6
EtherApe-INFO: 17:41:21.363: New node: IP: 95.216.195.133. Number of nodes 7
EtherApe-INFO: 17:41:38.024: delete node: IP: 149.154.167.216. Number of nodes 6
EtherApe-INFO: 17:43:21.442: delete node: IP: 192.168.1.1. Number of nodes 5
EtherApe-INFO: 17:43:21.442: delete node: IP: 95.216.195.133. Number of nodes 4
EtherApe-INFO: 17:45:52.723: New node: IP: 149.154.167.216. Number of nodes 5
EtherApe-INFO: 17:46:21.140: New node: IP: 192.168.1.1. Number of nodes 6
EtherApe-INFO: 17:46:21.395: New node: IP: 95.216.195.133. Number of nodes 7
EtherApe-INFO: 17:48:08.992: delete node: IP: 149.154.167.216. Number of nodes 6
EtherApe-INFO: 17:48:21.560: delete node: IP: 192.168.1.1. Number of nodes 5
EtherApe-INFO: 17:48:21.560: delete node: IP: 95.216.195.133. Number of nodes 4
EtherApe-INFO: 17:51:21.171: New node: IP: 192.168.1.1. Number of nodes 5
EtherApe-INFO: 17:51:21.428: New node: IP: 95.216.195.133. Number of nodes 6
EtherApe-INFO: 17:52:10.067: New node: IP: 149.154.167.216. Number of nodes 7
EtherApe-INFO: 17:53:23.106: delete node: IP: 192.168.1.1. Number of nodes 6
EtherApe-INFO: 17:53:23.106: delete node: IP: 95.216.195.133. Number of nodes 5
EtherApe-INFO: 17:54:47.292: delete node: IP: 149.154.167.216. Number of nodes 4
EtherApe-INFO: 17:55:19.763: New node: IP: 149.154.167.216. Number of nodes 5
EtherApe-INFO: 17:56:21.203: New node: IP: 192.168.1.1. Number of nodes 6
EtherApe-INFO: 17:56:21.459: New node: IP: 95.216.195.133. Number of nodes 7
EtherApe-INFO: 17:57:35.729: delete node: IP: 149.154.167.216. Number of nodes 6
EtherApe-INFO: 17:58:21.612: delete node: IP: 192.168.1.1. Number of nodes 5
EtherApe-INFO: 17:58:21.612: delete node: IP: 95.216.195.133. Number of nodes 4
EtherApe-INFO: 18:00:05.971: New node: IP: 8.8.8.8. Number of nodes 5
EtherApe-INFO: 18:01:16.627: New node: IP: 149.154.167.216. Number of nodes 6
EtherApe-INFO: 18:01:21.236: New node: IP: 192.168.1.1. Number of nodes 7
EtherApe-INFO: 18:01:21.237: New node: IP: 95.216.195.133. Number of nodes 8
EtherApe-INFO: 18:02:06.118: delete node: IP: 8.8.8.8. Number of nodes 7
