(etherape:2356): GLib-GIO-DEBUG: 01:57:09.329: _g_io_module_get_default: Found default implementation local (GLocalVfs) for ‘gio-vfs’
(etherape:2356): GLib-GIO-DEBUG: 01:57:09.409: Using cross-namespace EXTERNAL authentication (this will deadlock if server is GDBus < 2.73.3)
EtherApe-INFO: 01:57:09.474: sctp protocol not supported
EtherApe-INFO: 01:57:09.474: dccp protocol not supported
EtherApe-INFO: 01:57:09.474: sctp protocol not supported
EtherApe-INFO: 01:57:09.474: sctp protocol not supported
EtherApe-INFO: 01:57:09.474: sctp protocol not supported
EtherApe-INFO: 01:57:09.474: sctp protocol not supported
EtherApe-INFO: 01:57:09.474: sctp protocol not supported
EtherApe-INFO: 01:57:09.474: sctp protocol not supported
EtherApe-INFO: 01:57:09.475: sctp protocol not supported
EtherApe-INFO: 01:57:09.475: dccp protocol not supported
EtherApe-INFO: 01:57:09.475: sctp protocol not supported
EtherApe-INFO: 01:57:09.475: dccp protocol not supported
EtherApe-INFO: 01:57:09.475: dccp protocol not supported
EtherApe-INFO: 01:57:09.475: sctp protocol not supported
EtherApe-INFO: 01:57:09.475: sctp protocol not supported
EtherApe-INFO: 01:57:09.476: sctp protocol not supported
EtherApe-INFO: 01:57:09.476: sctp protocol not supported
EtherApe-INFO: 01:57:09.476: sctp protocol not supported
EtherApe-INFO: 01:57:09.477: sctp protocol not supported
EtherApe-INFO: 01:57:09.477: sctp protocol not supported
EtherApe-INFO: 01:57:09.477: sctp protocol not supported
EtherApe-INFO: 01:57:09.477: sctp protocol not supported
EtherApe-INFO: 01:57:09.478: sctp protocol not supported
EtherApe-INFO: 01:57:09.478: sctp protocol not supported
EtherApe-INFO: 01:57:09.478: sctp protocol not supported
EtherApe-INFO: 01:57:09.478: sctp protocol not supported
EtherApe-INFO: 01:57:09.479: sctp protocol not supported
EtherApe-INFO: 01:57:09.479: sctp protocol not supported
EtherApe-INFO: 01:57:09.479: dccp protocol not supported
EtherApe-INFO: 01:57:09.479: sctp protocol not supported
EtherApe-INFO: 01:57:09.479: sctp protocol not supported
EtherApe-INFO: 01:57:09.479: dccp protocol not supported
EtherApe-INFO: 01:57:09.479: sctp protocol not supported
EtherApe-INFO: 01:57:09.479: sctp protocol not supported
EtherApe-INFO: 01:57:09.479: sctp protocol not supported
EtherApe-INFO: 01:57:09.479: dccp protocol not supported
EtherApe-INFO: 01:57:09.479: dccp protocol not supported
EtherApe-INFO: 01:57:09.479: sctp protocol not supported
EtherApe-INFO: 01:57:09.480: sctp protocol not supported
EtherApe-INFO: 01:57:09.480: sctp protocol not supported
EtherApe-INFO: 01:57:09.480: sctp protocol not supported
EtherApe-INFO: 01:57:09.480: sctp protocol not supported
EtherApe-INFO: 01:57:09.480: sctp protocol not supported
EtherApe-INFO: 01:57:09.480: sctp protocol not supported
EtherApe-INFO: 01:57:09.480: sctp protocol not supported
EtherApe-INFO: 01:57:09.480: sctp protocol not supported
EtherApe-INFO: 01:57:09.480: sctp protocol not supported
EtherApe-INFO: 01:57:09.480: sctp protocol not supported
EtherApe-INFO: 01:57:09.480: sctp protocol not supported
EtherApe-INFO: 01:57:09.480: sctp protocol not supported
EtherApe-INFO: 01:57:09.480: sctp protocol not supported
EtherApe-INFO: 01:57:09.480: sctp protocol not supported
EtherApe-INFO: 01:57:09.480: sctp protocol not supported
EtherApe-INFO: 01:57:09.480: sctp protocol not supported
EtherApe-INFO: 01:57:09.480: sctp protocol not supported
EtherApe-INFO: 01:57:09.480: sctp protocol not supported
EtherApe-INFO: 01:57:09.480: sctp protocol not supported
EtherApe-INFO: 01:57:09.481: dccp protocol not supported
EtherApe-INFO: 01:57:09.481: sctp protocol not supported
EtherApe-INFO: 01:57:09.481: sctp protocol not supported
EtherApe-INFO: 01:57:09.481: sctp protocol not supported
EtherApe-INFO: 01:57:09.481: sctp protocol not supported
EtherApe-INFO: 01:57:09.481: sctp protocol not supported
EtherApe-INFO: 01:57:09.481: sctp protocol not supported
EtherApe-INFO: 01:57:09.481: sctp protocol not supported
EtherApe-INFO: 01:57:09.481: sctp protocol not supported
EtherApe-INFO: 01:57:09.481: sctp protocol not supported
EtherApe-INFO: 01:57:09.481: sctp protocol not supported
EtherApe-INFO: 01:57:09.482: sctp protocol not supported
EtherApe-INFO: 01:57:09.482: sctp protocol not supported
EtherApe-INFO: 01:57:09.482: sctp protocol not supported
EtherApe-INFO: 01:57:09.482: sctp protocol not supported
EtherApe-INFO: 01:57:09.482: sctp protocol not supported
EtherApe-INFO: 01:57:09.482: sctp protocol not supported
EtherApe-INFO: 01:57:09.482: sctp protocol not supported
EtherApe-INFO: 01:57:09.482: sctp protocol not supported
EtherApe-INFO: 01:57:09.482: sctp protocol not supported
EtherApe-INFO: 01:57:09.483: sctp protocol not supported
EtherApe-INFO: 01:57:09.483: sctp protocol not supported
EtherApe-INFO: 01:57:09.483: sctp protocol not supported
EtherApe-INFO: 01:57:09.483: sctp protocol not supported
EtherApe-INFO: 01:57:09.483: sctp protocol not supported
EtherApe-INFO: 01:57:09.483: sctp protocol not supported
EtherApe-INFO: 01:57:09.483: sctp protocol not supported
EtherApe-INFO: 01:57:09.483: sctp protocol not supported
EtherApe-INFO: 01:57:09.483: sctp protocol not supported
EtherApe-INFO: 01:57:09.483: sctp protocol not supported
EtherApe-INFO: 01:57:09.483: sctp protocol not supported
EtherApe-INFO: 01:57:09.483: sctp protocol not supported
EtherApe-INFO: 01:57:09.483: sctp protocol not supported
EtherApe-INFO: 01:57:09.483: sctp protocol not supported
EtherApe-INFO: 01:57:09.483: sctp protocol not supported
EtherApe-INFO: 01:57:09.483: sctp protocol not supported
EtherApe-INFO: 01:57:09.483: sctp protocol not supported
EtherApe-INFO: 01:57:09.508: get_interface result: ''
EtherApe-INFO: 01:57:09.508: Available interfaces for capture: dbus-session dbus-system nfqueue nflog bluetooth-monitor lo any wlp2s0
EtherApe-INFO: 01:57:09.509: Link type is LINUX_SLL
EtherApe-INFO: 01:57:09.510: Diagram started
EtherApe-INFO: 01:57:09.777: New node: IP: 192.168.1.246. Number of nodes 1
EtherApe-INFO: 01:57:09.777: New node: IP: 142.250.203.131. Number of nodes 2
EtherApe-INFO: 01:57:09.778: New node: IP: 34.209.16.253. Number of nodes 3
EtherApe-INFO: 01:57:10.044: New node: IP: 8.8.8.8. Number of nodes 4
EtherApe-INFO: 01:57:10.045: New node: IP: 149.154.167.41. Number of nodes 5
EtherApe-INFO: 01:57:10.312: New node: IP: 52.33.112.155. Number of nodes 6
EtherApe-INFO: 01:57:10.844: New node: IP: 18.66.121.68. Number of nodes 7
EtherApe-INFO: 01:57:11.644: New node: IP: 140.82.121.3. Number of nodes 8
EtherApe-INFO: 01:57:13.512: New node: IP: 13.32.121.59. Number of nodes 9
EtherApe-INFO: 01:57:13.778: New node: IP: 93.184.220.29. Number of nodes 10
EtherApe-INFO: 01:57:16.447: New node: IP: 192.168.0.218. Number of nodes 11
EtherApe-INFO: 01:57:18.578: New node: IP: 142.250.203.202. Number of nodes 12
EtherApe-INFO: 01:57:19.111: New node: IP: 104.16.249.249. Number of nodes 13
EtherApe-INFO: 01:57:19.113: New node: IP: 34.107.141.31. Number of nodes 14
EtherApe-INFO: 01:57:19.382: New node: IP: 34.107.221.82. Number of nodes 15
EtherApe-INFO: 01:57:19.382: New node: IP: 172.64.155.188. Number of nodes 16
EtherApe-INFO: 01:57:19.650: New node: IP: 35.186.227.140. Number of nodes 17
EtherApe-INFO: 01:57:19.657: New node: IP: 87.245.216.9. Number of nodes 18
EtherApe-INFO: 01:57:24.444: New node: IP: 172.217.16.3. Number of nodes 19
EtherApe-INFO: 01:57:36.444: New node: IP: 142.250.203.138. Number of nodes 20
EtherApe-INFO: 01:57:45.781: New node: IP: 34.120.208.123. Number of nodes 21
EtherApe-INFO: 01:57:47.911: New node: IP: 104.17.49.74. Number of nodes 22
EtherApe-INFO: 01:57:48.977: New node: IP: 104.18.13.33. Number of nodes 23
EtherApe-INFO: 01:57:48.977: New node: IP: 3.2.9.2. Number of nodes 24
EtherApe-INFO: 01:57:50.844: New node: IP: 140.82.121.4. Number of nodes 25
EtherApe-INFO: 01:57:51.645: New node: IP: 185.199.108.133. Number of nodes 26
EtherApe-INFO: 01:57:51.645: New node: IP: 185.199.109.154. Number of nodes 27
EtherApe-INFO: 01:57:52.732: New node: IP: 216.58.215.78. Number of nodes 28
EtherApe-INFO: 01:57:52.732: New node: IP: 142.250.203.206. Number of nodes 29
EtherApe-INFO: 01:57:53.523: New node: IP: 140.82.113.26. Number of nodes 30
EtherApe-INFO: 01:57:53.777: New node: IP: 216.58.215.100. Number of nodes 31
EtherApe-INFO: 01:57:55.644: New node: IP: 172.217.16.10. Number of nodes 32
EtherApe-INFO: 01:57:55.645: New node: IP: 216.58.209.10. Number of nodes 33
EtherApe-INFO: 01:57:55.647: New node: IP: 154.51.12.220. Number of nodes 34
EtherApe-INFO: 01:57:56.714: New node: IP: 91.198.174.208. Number of nodes 35
EtherApe-INFO: 01:57:57.777: New node: IP: 91.198.174.192. Number of nodes 36
EtherApe-INFO: 01:57:57.777: New node: IP: 142.250.203.142. Number of nodes 37
EtherApe-INFO: 01:58:05.525: New node: IP: 13.226.153.46. Number of nodes 38
EtherApe-INFO: 01:58:08.181: New node: IP: 216.58.215.101. Number of nodes 39
EtherApe-INFO: 01:58:13.245: New node: IP: 142.250.203.195. Number of nodes 40
EtherApe-INFO: 01:58:13.777: New node: IP: 216.58.215.110. Number of nodes 41
EtherApe-INFO: 01:58:15.911: New node: IP: 13.32.121.62. Number of nodes 42
EtherApe-INFO: 01:58:16.178: New node: IP: 216.58.209.14. Number of nodes 43
EtherApe-INFO: 01:58:16.448: New node: IP: 172.217.16.4. Number of nodes 44
EtherApe-INFO: 01:58:16.711: New node: IP: 142.250.186.202. Number of nodes 45
EtherApe-INFO: 01:58:16.711: New node: IP: 172.217.16.42. Number of nodes 46
EtherApe-INFO: 01:58:17.511: New node: IP: 142.250.203.193. Number of nodes 47
EtherApe-INFO: 01:58:17.511: New node: IP: 142.250.203.214. Number of nodes 48
EtherApe-INFO: 01:58:32.713: New node: IP: 216.58.209.5. Number of nodes 49
EtherApe-INFO: 01:58:53.512: New node: IP: 54.186.7.43. Number of nodes 50
EtherApe-INFO: 01:59:04.711: New node: IP: 108.138.17.68. Number of nodes 51
EtherApe-INFO: 01:59:06.044: New node: IP: 54.70.239.215. Number of nodes 52
EtherApe-INFO: 01:59:08.711: New node: IP: 18.66.98.108. Number of nodes 53
EtherApe-INFO: 01:59:09.778: New node: IP: 185.199.109.133. Number of nodes 54
EtherApe-INFO: 01:59:10.048: New node: IP: 216.58.208.202. Number of nodes 55
EtherApe-INFO: 01:59:16.518: delete node: IP: 192.168.0.218. Number of nodes 54
EtherApe-INFO: 01:59:29.004: delete node: IP: 140.82.121.3. Number of nodes 53
EtherApe-INFO: 01:59:51.396: delete node: IP: 52.33.112.155. Number of nodes 52
EtherApe-INFO: 01:59:51.396: delete node: IP: 34.209.16.253. Number of nodes 51
EtherApe-INFO: 01:59:57.354: delete node: IP: 154.51.12.220. Number of nodes 50
EtherApe-INFO: 02:00:01.781: New node: IP: 13.32.121.12. Number of nodes 51
EtherApe-INFO: 02:00:03.911: New node: IP: 154.51.12.220. Number of nodes 52
EtherApe-INFO: 02:00:10.086: delete node: IP: 13.226.153.46. Number of nodes 51
EtherApe-INFO: 02:00:30.136: delete node: IP: 216.58.215.110. Number of nodes 50
EtherApe-INFO: 02:00:31.122: delete node: IP: 216.58.209.14. Number of nodes 49
EtherApe-INFO: 02:00:31.122: delete node: IP: 142.250.203.195. Number of nodes 48
EtherApe-INFO: 02:00:32.811: delete node: IP: 142.250.203.214. Number of nodes 47
EtherApe-INFO: 02:00:32.811: delete node: IP: 142.250.203.193. Number of nodes 46
EtherApe-INFO: 02:00:32.811: delete node: IP: 142.250.186.202. Number of nodes 45
EtherApe-INFO: 02:00:36.249: delete node: IP: 172.217.16.42. Number of nodes 44
EtherApe-INFO: 02:00:40.281: delete node: IP: 172.217.16.4. Number of nodes 43
EtherApe-INFO: 02:00:46.085: delete node: IP: 18.66.121.68. Number of nodes 42
EtherApe-INFO: 02:00:46.861: delete node: IP: 216.58.209.5. Number of nodes 41
EtherApe-INFO: 02:00:53.069: delete node: IP: 142.250.203.131. Number of nodes 40
EtherApe-INFO: 02:00:54.946: delete node: IP: 93.184.220.29. Number of nodes 39
EtherApe-INFO: 02:00:54.946: delete node: IP: 34.107.221.82. Number of nodes 38
EtherApe-INFO: 02:01:00.201: delete node: IP: 91.198.174.208. Number of nodes 37
EtherApe-INFO: 02:01:00.201: delete node: IP: 91.198.174.192. Number of nodes 36
EtherApe-INFO: 02:01:02.846: New node: IP: 104.18.32.68. Number of nodes 37
EtherApe-INFO: 02:01:09.777: New node: IP: 192.168.1.1. Number of nodes 38
EtherApe-INFO: 02:01:09.778: New node: IP: 116.203.91.91. Number of nodes 39
EtherApe-INFO: 02:01:09.816: delete node: IP: 185.199.109.133. Number of nodes 38
EtherApe-INFO: 02:01:09.817: delete node: IP: 108.138.17.68. Number of nodes 37
EtherApe-INFO: 02:01:10.924: delete node: IP: 216.58.208.202. Number of nodes 36
EtherApe-INFO: 02:01:13.040: delete node: IP: 18.66.98.108. Number of nodes 35
EtherApe-INFO: 02:01:15.694: delete node: IP: 87.245.216.9. Number of nodes 34
EtherApe-INFO: 02:01:21.527: delete node: IP: 54.70.239.215. Number of nodes 33
EtherApe-INFO: 02:01:30.127: delete node: IP: 13.32.121.62. Number of nodes 32
EtherApe-INFO: 02:01:41.787: delete node: IP: 104.18.13.33. Number of nodes 31
EtherApe-INFO: 02:01:41.787: delete node: IP: 104.17.49.74. Number of nodes 30
EtherApe-INFO: 02:01:41.787: delete node: IP: 3.2.9.2. Number of nodes 29
EtherApe-INFO: 02:01:44.711: New node: IP: 104.17.49.74. Number of nodes 30
EtherApe-INFO: 02:01:45.079: delete node: IP: 216.58.215.78. Number of nodes 29
EtherApe-INFO: 02:01:45.778: New node: IP: 104.18.12.33. Number of nodes 30
EtherApe-INFO: 02:01:46.391: delete node: IP: 216.58.215.100. Number of nodes 29
EtherApe-INFO: 02:01:46.391: delete node: IP: 142.250.203.138. Number of nodes 28
EtherApe-INFO: 02:01:48.272: delete node: IP: 216.58.209.10. Number of nodes 27
EtherApe-INFO: 02:01:48.272: delete node: IP: 172.217.16.10. Number of nodes 26
EtherApe-INFO: 02:01:48.272: delete node: IP: 142.250.203.206. Number of nodes 25
EtherApe-INFO: 02:01:48.714: New node: IP: 104.16.242.94. Number of nodes 26
EtherApe-INFO: 02:01:48.715: New node: IP: 104.16.99.56. Number of nodes 27
EtherApe-INFO: 02:01:49.287: delete node: IP: 142.250.203.142. Number of nodes 26
EtherApe-INFO: 02:01:49.777: New node: IP: 35.155.157.101. Number of nodes 27
EtherApe-INFO: 02:01:54.635: delete node: IP: 54.186.7.43. Number of nodes 26
EtherApe-INFO: 02:01:59.644: New node: IP: 141.193.213.10. Number of nodes 27
EtherApe-INFO: 02:02:05.623: delete node: IP: 154.51.12.220. Number of nodes 26
EtherApe-INFO: 02:02:10.909: delete node: IP: 34.107.141.31. Number of nodes 25
EtherApe-INFO: 02:02:47.724: delete node: IP: 172.64.155.188. Number of nodes 24
EtherApe-INFO: 02:02:55.911: New node: IP: 87.245.216.9. Number of nodes 25
EtherApe-INFO: 02:03:05.260: delete node: IP: 104.18.32.68. Number of nodes 24
EtherApe-INFO: 02:03:11.406: delete node: IP: 192.168.1.1. Number of nodes 23
EtherApe-INFO: 02:03:11.406: delete node: IP: 116.203.91.91. Number of nodes 22
EtherApe-INFO: 02:03:13.246: New node: IP: 149.154.167.216. Number of nodes 23
EtherApe-INFO: 02:03:13.247: New node: IP: 149.154.167.92. Number of nodes 24
EtherApe-INFO: 02:03:22.578: New node: IP: 172.217.16.4. Number of nodes 25
EtherApe-INFO: 02:03:22.580: New node: IP: 142.250.203.131. Number of nodes 26
EtherApe-INFO: 02:03:26.044: New node: IP: 54.186.7.43. Number of nodes 27
EtherApe-INFO: 02:03:27.384: New node: IP: 172.217.16.10. Number of nodes 28
EtherApe-INFO: 02:03:27.644: New node: IP: 142.250.75.14. Number of nodes 29
EtherApe-INFO: 02:03:28.181: New node: IP: 104.21.41.55. Number of nodes 30
EtherApe-INFO: 02:03:46.609: delete node: IP: 104.18.12.33. Number of nodes 29
EtherApe-INFO: 02:03:46.609: delete node: IP: 104.17.49.74. Number of nodes 28
EtherApe-INFO: 02:03:49.594: delete node: IP: 104.16.242.94. Number of nodes 27
EtherApe-INFO: 02:03:52.773: delete node: IP: 104.16.99.56. Number of nodes 26
EtherApe-INFO: 02:03:52.773: delete node: IP: 35.155.157.101. Number of nodes 25
EtherApe-INFO: 02:03:58.598: delete node: IP: 13.32.121.12. Number of nodes 24
EtherApe-INFO: 02:04:00.806: delete node: IP: 141.193.213.10. Number of nodes 23
EtherApe-INFO: 02:04:02.885: delete node: IP: 185.199.108.133. Number of nodes 22
EtherApe-INFO: 02:04:13.043: delete node: IP: 185.199.109.154. Number of nodes 21
EtherApe-INFO: 02:04:15.644: New node: IP: 34.160.144.191. Number of nodes 22
EtherApe-INFO: 02:04:15.683: delete node: IP: 140.82.121.4. Number of nodes 21
EtherApe-INFO: 02:04:20.181: New node: IP: 154.51.12.220. Number of nodes 22
EtherApe-INFO: 02:04:28.445: New node: IP: 216.58.209.16. Number of nodes 23
EtherApe-INFO: 02:04:32.711: New node: IP: 34.107.221.82. Number of nodes 24
EtherApe-INFO: 02:04:36.713: New node: IP: 43.226.6.79. Number of nodes 25
EtherApe-INFO: 02:04:57.886: delete node: IP: 87.245.216.9. Number of nodes 24
EtherApe-INFO: 02:05:15.647: New node: IP: 199.232.16.193. Number of nodes 25
EtherApe-INFO: 02:05:18.580: New node: IP: 151.101.1.69. Number of nodes 26
EtherApe-INFO: 02:05:20.711: New node: IP: 185.199.108.133. Number of nodes 27
EtherApe-INFO: 02:05:21.777: New node: IP: 185.199.111.154. Number of nodes 28
EtherApe-INFO: 02:05:27.940: delete node: IP: 172.217.16.10. Number of nodes 27
EtherApe-INFO: 02:05:27.940: delete node: IP: 142.250.75.14. Number of nodes 26
EtherApe-INFO: 02:05:29.279: delete node: IP: 149.154.167.216. Number of nodes 25
EtherApe-INFO: 02:05:30.391: delete node: IP: 149.154.167.92. Number of nodes 24
EtherApe-INFO: 02:05:58.312: New node: IP: 142.250.203.133. Number of nodes 25
EtherApe-INFO: 02:06:09.781: New node: IP: 192.168.1.1. Number of nodes 26
EtherApe-INFO: 02:06:09.782: New node: IP: 116.203.91.91. Number of nodes 27
EtherApe-INFO: 02:06:20.786: delete node: IP: 154.51.12.220. Number of nodes 26
EtherApe-INFO: 02:06:31.992: delete node: IP: 54.186.7.43. Number of nodes 25
EtherApe-INFO: 02:06:31.992: delete node: IP: 34.160.144.191. Number of nodes 24
EtherApe-INFO: 02:06:42.925: delete node: IP: 216.58.209.16. Number of nodes 23
EtherApe-INFO: 02:06:49.289: delete node: IP: 43.226.6.79. Number of nodes 22
EtherApe-INFO: 02:06:49.289: delete node: IP: 34.107.221.82. Number of nodes 21
EtherApe-INFO: 02:06:50.047: New node: IP: 35.155.157.101. Number of nodes 22
EtherApe-INFO: 02:07:25.847: delete node: IP: 142.250.203.131. Number of nodes 21
EtherApe-INFO: 02:07:37.552: delete node: IP: 185.199.111.154. Number of nodes 20
EtherApe-INFO: 02:07:37.552: delete node: IP: 185.199.108.133. Number of nodes 19
EtherApe-INFO: 02:07:49.260: delete node: IP: 216.58.215.101. Number of nodes 18
EtherApe-INFO: 02:07:49.260: delete node: IP: 199.232.16.193. Number of nodes 17
EtherApe-INFO: 02:07:49.260: delete node: IP: 151.101.1.69. Number of nodes 16
EtherApe-INFO: 02:08:13.589: delete node: IP: 192.168.1.1. Number of nodes 15
EtherApe-INFO: 02:08:13.589: delete node: IP: 116.203.91.91. Number of nodes 14
EtherApe-INFO: 02:08:13.589: delete node: IP: 8.8.8.8. Number of nodes 13
EtherApe-INFO: 02:08:17.295: delete node: IP: 34.120.208.123. Number of nodes 12
EtherApe-INFO: 02:08:19.405: delete node: IP: 172.217.16.4. Number of nodes 11
EtherApe-INFO: 02:08:19.405: delete node: IP: 104.21.41.55. Number of nodes 10
EtherApe-INFO: 02:08:25.278: delete node: IP: 35.186.227.140. Number of nodes 9
EtherApe-INFO: 02:08:53.577: delete node: IP: 35.155.157.101. Number of nodes 8
EtherApe-INFO: 02:08:54.579: New node: IP: 54.186.7.43. Number of nodes 9
EtherApe-INFO: 02:08:54.579: New node: IP: 35.186.227.140. Number of nodes 10
EtherApe-INFO: 02:08:58.846: New node: IP: 172.217.16.37. Number of nodes 11
EtherApe-INFO: 02:08:59.111: New node: IP: 8.8.8.8. Number of nodes 12
EtherApe-INFO: 02:10:53.267: delete node: IP: 142.250.203.133. Number of nodes 11
EtherApe-INFO: 02:11:09.777: New node: IP: 192.168.1.1. Number of nodes 12
EtherApe-INFO: 02:11:09.779: New node: IP: 116.203.91.91. Number of nodes 13
EtherApe-INFO: 02:11:50.311: New node: IP: 35.155.157.101. Number of nodes 14
EtherApe-INFO: 02:11:57.883: delete node: IP: 54.186.7.43. Number of nodes 13
EtherApe-INFO: 02:12:34.312: New node: IP: 216.58.208.202. Number of nodes 14
EtherApe-INFO: 02:12:52.444: New node: IP: 154.51.12.220. Number of nodes 15
EtherApe-INFO: 02:13:10.113: delete node: IP: 192.168.1.1. Number of nodes 14
EtherApe-INFO: 02:13:10.113: delete node: IP: 116.203.91.91. Number of nodes 13
EtherApe-INFO: 02:13:10.113: delete node: IP: 8.8.8.8. Number of nodes 12
EtherApe-INFO: 02:13:47.381: delete node: IP: 35.186.227.140. Number of nodes 11
EtherApe-INFO: 02:13:51.690: delete node: IP: 172.217.16.37. Number of nodes 10
EtherApe-INFO: 02:13:51.690: delete node: IP: 35.155.157.101. Number of nodes 9
EtherApe-INFO: 02:13:59.379: New node: IP: 216.58.209.5. Number of nodes 10
EtherApe-INFO: 02:14:38.914: delete node: IP: 216.58.208.202. Number of nodes 9
EtherApe-INFO: 02:14:39.914: New node: IP: 8.8.8.8. Number of nodes 10
EtherApe-INFO: 02:14:53.601: delete node: IP: 154.51.12.220. Number of nodes 9
EtherApe-INFO: 02:16:09.777: New node: IP: 192.168.1.1. Number of nodes 10
EtherApe-INFO: 02:16:09.778: New node: IP: 116.203.91.91. Number of nodes 11
EtherApe-INFO: 02:16:50.311: New node: IP: 35.155.157.101. Number of nodes 12
EtherApe-INFO: 02:18:12.495: delete node: IP: 192.168.1.1. Number of nodes 11
EtherApe-INFO: 02:18:12.495: delete node: IP: 116.203.91.91. Number of nodes 10
EtherApe-INFO: 02:18:12.495: delete node: IP: 8.8.8.8. Number of nodes 9
EtherApe-INFO: 02:18:53.539: delete node: IP: 216.58.209.5. Number of nodes 8
EtherApe-INFO: 02:18:53.539: delete node: IP: 35.155.157.101. Number of nodes 7
EtherApe-INFO: 02:18:56.178: New node: IP: 54.186.7.43. Number of nodes 8
EtherApe-INFO: 02:18:56.178: New node: IP: 35.186.227.140. Number of nodes 9
EtherApe-INFO: 02:19:00.179: New node: IP: 216.58.215.101. Number of nodes 10
EtherApe-INFO: 02:19:39.911: New node: IP: 8.8.8.8. Number of nodes 11
EtherApe-INFO: 02:20:55.379: New node: IP: 43.226.6.79. Number of nodes 12
EtherApe-INFO: 02:21:09.777: New node: IP: 192.168.1.1. Number of nodes 13
EtherApe-INFO: 02:21:09.777: New node: IP: 116.203.91.91. Number of nodes 14
EtherApe-INFO: 02:21:11.381: New node: IP: 1.1.1.1. Number of nodes 15
EtherApe-INFO: 02:21:11.644: New node: IP: 9.9.9.9. Number of nodes 16
EtherApe-INFO: 02:21:50.577: New node: IP: 35.155.157.101. Number of nodes 17
EtherApe-INFO: 02:21:57.796: delete node: IP: 54.186.7.43. Number of nodes 16
EtherApe-INFO: 02:23:08.998: delete node: IP: 43.226.6.79. Number of nodes 15
EtherApe-INFO: 02:23:14.887: delete node: IP: 192.168.1.1. Number of nodes 14
EtherApe-INFO: 02:23:14.887: delete node: IP: 116.203.91.91. Number of nodes 13
EtherApe-INFO: 02:23:14.887: delete node: IP: 9.9.9.9. Number of nodes 12
EtherApe-INFO: 02:23:14.887: delete node: IP: 8.8.8.8. Number of nodes 11
EtherApe-INFO: 02:23:14.887: delete node: IP: 1.1.1.1. Number of nodes 10
EtherApe-INFO: 02:23:20.448: New node: IP: 216.58.215.100. Number of nodes 11
EtherApe-INFO: 02:23:24.446: New node: IP: 54.186.7.43. Number of nodes 12
EtherApe-INFO: 02:23:27.379: New node: IP: 34.120.208.123. Number of nodes 13
EtherApe-INFO: 02:23:28.469: New node: IP: 172.217.16.10. Number of nodes 14
EtherApe-INFO: 02:23:29.511: New node: IP: 116.203.93.142. Number of nodes 15
EtherApe-INFO: 02:23:29.780: New node: IP: 8.8.8.8. Number of nodes 16
EtherApe-INFO: 02:23:49.779: New node: IP: 43.226.6.79. Number of nodes 17
EtherApe-INFO: 02:23:50.922: delete node: IP: 35.155.157.101. Number of nodes 16
EtherApe-INFO: 02:23:51.138: delete node: IP: 216.58.215.101. Number of nodes 15
EtherApe-INFO: 02:24:01.246: New node: IP: 216.58.209.5. Number of nodes 16
EtherApe-INFO: 02:25:53.572: delete node: IP: 43.226.6.79. Number of nodes 15
EtherApe-INFO: 02:26:09.777: New node: IP: 192.168.1.1. Number of nodes 16
EtherApe-INFO: 02:26:09.779: New node: IP: 116.203.91.91. Number of nodes 17
EtherApe-INFO: 02:26:09.851: delete node: IP: 172.217.16.10. Number of nodes 16
EtherApe-INFO: 02:26:24.711: New node: IP: 172.217.16.10. Number of nodes 17
EtherApe-INFO: 02:26:30.389: delete node: IP: 54.186.7.43. Number of nodes 16
EtherApe-INFO: 02:26:36.528: delete node: IP: 116.203.93.142. Number of nodes 15
EtherApe-INFO: 02:26:50.049: New node: IP: 35.155.157.101. Number of nodes 16
EtherApe-INFO: 02:27:30.845: New node: IP: 140.82.121.4. Number of nodes 17
EtherApe-INFO: 02:27:31.377: New node: IP: 185.199.108.133. Number of nodes 18
EtherApe-INFO: 02:27:31.378: New node: IP: 185.199.109.154. Number of nodes 19
EtherApe-INFO: 02:27:32.711: New node: IP: 54.186.7.43. Number of nodes 20
EtherApe-INFO: 02:27:53.778: New node: IP: 140.82.113.25. Number of nodes 21
EtherApe-INFO: 02:28:10.857: delete node: IP: 192.168.1.1. Number of nodes 20
EtherApe-INFO: 02:28:10.857: delete node: IP: 116.203.91.91. Number of nodes 19
EtherApe-INFO: 02:28:18.597: delete node: IP: 34.120.208.123. Number of nodes 18
EtherApe-INFO: 02:28:21.297: delete node: IP: 216.58.215.100. Number of nodes 17
EtherApe-INFO: 02:28:25.805: delete node: IP: 172.217.16.10. Number of nodes 16
EtherApe-INFO: 02:28:26.311: New node: IP: 216.58.215.100. Number of nodes 17
EtherApe-INFO: 02:28:35.379: New node: IP: 34.120.208.123. Number of nodes 18
EtherApe-INFO: 02:28:36.711: New node: IP: 172.217.16.10. Number of nodes 19
EtherApe-INFO: 02:28:39.912: New node: IP: 104.21.41.55. Number of nodes 20
EtherApe-INFO: 02:28:51.114: delete node: IP: 35.155.157.101. Number of nodes 19
EtherApe-INFO: 02:28:53.836: delete node: IP: 216.58.209.5. Number of nodes 18
EtherApe-INFO: 02:29:01.779: New node: IP: 216.58.215.101. Number of nodes 19
EtherApe-INFO: 02:29:54.078: delete node: IP: 140.82.113.26. Number of nodes 18
EtherApe-INFO: 02:29:56.712: New node: IP: 154.51.12.220. Number of nodes 19
EtherApe-INFO: 02:30:34.634: delete node: IP: 54.186.7.43. Number of nodes 18
EtherApe-INFO: 02:30:40.784: delete node: IP: 172.217.16.10. Number of nodes 17
EtherApe-INFO: 02:30:44.257: delete node: IP: 104.21.41.55. Number of nodes 16
EtherApe-INFO: 02:31:09.777: New node: IP: 192.168.1.1. Number of nodes 17
EtherApe-INFO: 02:31:09.780: New node: IP: 116.203.91.91. Number of nodes 18
EtherApe-INFO: 02:31:32.978: New node: IP: 34.215.6.110. Number of nodes 19
EtherApe-INFO: 02:31:33.249: New node: IP: 93.184.220.29. Number of nodes 20
EtherApe-INFO: 02:31:33.782: New node: IP: 34.120.158.37. Number of nodes 21
EtherApe-INFO: 02:31:33.785: New node: IP: 87.245.216.9. Number of nodes 22
EtherApe-INFO: 02:31:33.792: New node: IP: 87.245.216.107. Number of nodes 23
EtherApe-INFO: 02:31:51.111: New node: IP: 35.155.157.101. Number of nodes 24
EtherApe-INFO: 02:31:56.734: delete node: IP: 154.51.12.220. Number of nodes 23
EtherApe-INFO: 02:32:23.657: delete node: IP: 185.199.109.154. Number of nodes 22
EtherApe-INFO: 02:32:23.657: delete node: IP: 185.199.108.133. Number of nodes 21
EtherApe-INFO: 02:32:43.733: delete node: IP: 140.82.121.4. Number of nodes 20
EtherApe-INFO: 02:33:13.838: delete node: IP: 192.168.1.1. Number of nodes 19
EtherApe-INFO: 02:33:13.838: delete node: IP: 116.203.91.91. Number of nodes 18
EtherApe-INFO: 02:33:26.617: delete node: IP: 34.120.208.123. Number of nodes 17
EtherApe-INFO: 02:33:31.978: delete node: IP: 216.58.215.100. Number of nodes 16
EtherApe-INFO: 02:33:38.669: delete node: IP: 34.215.6.110. Number of nodes 15
EtherApe-INFO: 02:33:38.846: New node: IP: 43.226.6.79. Number of nodes 16
EtherApe-INFO: 02:33:44.710: New node: IP: 1.1.1.1. Number of nodes 17
EtherApe-INFO: 02:33:44.711: New node: IP: 9.9.9.9. Number of nodes 18
EtherApe-INFO: 02:33:49.002: delete node: IP: 35.186.227.140. Number of nodes 17
EtherApe-INFO: 02:33:52.195: delete node: IP: 35.155.157.101. Number of nodes 16
EtherApe-INFO: 02:33:53.019: delete node: IP: 216.58.215.101. Number of nodes 15
EtherApe-INFO: 02:34:02.844: New node: IP: 216.58.209.5. Number of nodes 16
EtherApe-INFO: 02:34:03.936: delete node: IP: 34.120.158.37. Number of nodes 15
EtherApe-INFO: 02:35:31.195: delete node: IP: 93.184.220.29. Number of nodes 14
EtherApe-INFO: 02:35:31.195: delete node: IP: 87.245.216.107. Number of nodes 13
EtherApe-INFO: 02:35:31.195: delete node: IP: 87.245.216.9. Number of nodes 12
EtherApe-INFO: 02:35:43.208: delete node: IP: 43.226.6.79. Number of nodes 11
EtherApe-INFO: 02:35:46.417: delete node: IP: 9.9.9.9. Number of nodes 10
EtherApe-INFO: 02:35:46.417: delete node: IP: 1.1.1.1. Number of nodes 9
EtherApe-INFO: 02:36:09.777: New node: IP: 192.168.1.1. Number of nodes 10
EtherApe-INFO: 02:36:09.778: New node: IP: 116.203.91.91. Number of nodes 11
EtherApe-INFO: 02:36:15.378: New node: IP: 54.186.7.43. Number of nodes 12
EtherApe-INFO: 02:36:15.378: New node: IP: 35.186.227.140. Number of nodes 13
EtherApe-INFO: 02:36:51.114: New node: IP: 35.155.157.101. Number of nodes 14
EtherApe-INFO: 02:36:51.915: New node: IP: 104.81.223.160. Number of nodes 15
EtherApe-INFO: 02:36:53.511: New node: IP: 216.58.208.202. Number of nodes 16
EtherApe-INFO: 02:36:53.780: New node: IP: 142.250.203.131. Number of nodes 17
EtherApe-INFO: 02:37:06.848: New node: IP: 34.120.208.123. Number of nodes 18
EtherApe-INFO: 02:37:08.715: New node: IP: 216.58.215.100. Number of nodes 19
EtherApe-INFO: 02:37:17.524: New node: IP: 216.58.215.78. Number of nodes 20
EtherApe-INFO: 02:37:18.847: New node: IP: 142.250.186.206. Number of nodes 21
EtherApe-INFO: 02:37:21.248: New node: IP: 216.58.215.110. Number of nodes 22
EtherApe-INFO: 02:37:23.114: New node: IP: 216.58.215.86. Number of nodes 23
EtherApe-INFO: 02:37:23.116: New node: IP: 176.122.113.77. Number of nodes 24
EtherApe-INFO: 02:37:23.400: New node: IP: 1.1.1.1. Number of nodes 25
EtherApe-INFO: 02:37:23.422: New node: IP: 9.9.9.9. Number of nodes 26
EtherApe-INFO: 02:37:23.913: New node: IP: 142.250.186.195. Number of nodes 27
EtherApe-INFO: 02:37:23.915: New node: IP: 176.122.110.204. Number of nodes 28
EtherApe-INFO: 02:37:24.185: New node: IP: 216.58.215.77. Number of nodes 29
EtherApe-INFO: 02:37:29.520: New node: IP: 142.250.75.1. Number of nodes 30
EtherApe-INFO: 02:37:30.049: New node: IP: 142.250.203.142. Number of nodes 31
EtherApe-INFO: 02:37:34.314: New node: IP: 142.250.75.22. Number of nodes 32
EtherApe-INFO: 02:38:10.084: delete node: IP: 192.168.1.1. Number of nodes 31
EtherApe-INFO: 02:38:10.084: delete node: IP: 116.203.91.91. Number of nodes 30
EtherApe-INFO: 02:38:42.581: New node: IP: 95.216.144.15. Number of nodes 31
EtherApe-INFO: 02:38:52.202: delete node: IP: 35.155.157.101. Number of nodes 30
EtherApe-INFO: 02:38:53.542: delete node: IP: 216.58.209.5. Number of nodes 29
EtherApe-INFO: 02:39:03.644: New node: IP: 142.250.203.133. Number of nodes 30
EtherApe-INFO: 02:39:15.378: New node: IP: 140.82.121.4. Number of nodes 31
EtherApe-INFO: 02:39:15.645: New node: IP: 140.82.121.9. Number of nodes 32
EtherApe-INFO: 02:39:24.739: delete node: IP: 9.9.9.9. Number of nodes 31
EtherApe-INFO: 02:39:24.739: delete node: IP: 1.1.1.1. Number of nodes 30
EtherApe-INFO: 02:39:27.644: New node: IP: 142.250.75.17. Number of nodes 31
EtherApe-INFO: 02:39:28.178: New node: IP: 142.250.203.209. Number of nodes 32
EtherApe-INFO: 02:39:30.646: delete node: IP: 142.250.186.206. Number of nodes 31
EtherApe-INFO: 02:40:08.078: delete node: IP: 142.250.75.1. Number of nodes 30
EtherApe-INFO: 02:40:54.739: delete node: IP: 104.81.223.160. Number of nodes 29
EtherApe-INFO: 02:41:05.591: New node: IP: 87.245.216.11. Number of nodes 30
EtherApe-INFO: 02:41:06.130: New node: IP: 143.204.89.126. Number of nodes 31
EtherApe-INFO: 02:41:06.131: New node: IP: 87.245.216.72. Number of nodes 32
EtherApe-INFO: 02:41:06.413: New node: IP: 87.245.216.112. Number of nodes 33
EtherApe-INFO: 02:41:09.590: New node: IP: 192.168.1.1. Number of nodes 34
EtherApe-INFO: 02:41:09.857: New node: IP: 116.203.91.91. Number of nodes 35
EtherApe-INFO: 02:41:16.566: delete node: IP: 140.82.121.9. Number of nodes 34
EtherApe-INFO: 02:41:16.566: delete node: IP: 140.82.121.4. Number of nodes 33
EtherApe-INFO: 02:41:18.960: delete node: IP: 176.122.113.77. Number of nodes 32
EtherApe-INFO: 02:41:20.576: delete node: IP: 176.122.110.204. Number of nodes 31
EtherApe-INFO: 02:41:27.200: New node: IP: 151.101.129.69. Number of nodes 32
EtherApe-INFO: 02:41:27.727: New node: IP: 199.232.16.193. Number of nodes 33
EtherApe-INFO: 02:41:27.727: New node: IP: 192.0.73.2. Number of nodes 34
EtherApe-INFO: 02:41:51.457: New node: IP: 35.155.157.101. Number of nodes 35
EtherApe-INFO: 02:41:51.560: delete node: IP: 142.250.203.131. Number of nodes 34
EtherApe-INFO: 02:41:55.012: delete node: IP: 142.250.203.209. Number of nodes 33
EtherApe-INFO: 02:42:09.368: delete node: IP: 216.58.215.78. Number of nodes 32
EtherApe-INFO: 02:42:09.368: delete node: IP: 142.250.75.17. Number of nodes 31
EtherApe-INFO: 02:42:09.368: delete node: IP: 95.216.144.15. Number of nodes 30
EtherApe-INFO: 02:42:15.215: delete node: IP: 216.58.215.110. Number of nodes 29
EtherApe-INFO: 02:42:15.215: delete node: IP: 216.58.215.77. Number of nodes 28
EtherApe-INFO: 02:42:21.339: delete node: IP: 142.250.203.142. Number of nodes 27
EtherApe-INFO: 02:42:25.408: delete node: IP: 142.250.75.22. Number of nodes 26
EtherApe-INFO: 02:42:58.692: delete node: IP: 216.58.215.86. Number of nodes 25
EtherApe-INFO: 02:42:58.692: delete node: IP: 142.250.186.195. Number of nodes 24
EtherApe-INFO: 02:43:08.609: delete node: IP: 216.58.208.202. Number of nodes 23
EtherApe-INFO: 02:43:08.609: delete node: IP: 87.245.216.112. Number of nodes 22
EtherApe-INFO: 02:43:13.692: delete node: IP: 192.168.1.1. Number of nodes 21
EtherApe-INFO: 02:43:13.692: delete node: IP: 116.203.91.91. Number of nodes 20
EtherApe-INFO: 02:43:26.969: delete node: IP: 87.245.216.72. Number of nodes 19
EtherApe-INFO: 02:43:26.969: delete node: IP: 87.245.216.11. Number of nodes 18
EtherApe-INFO: 02:43:32.280: delete node: IP: 8.8.8.8. Number of nodes 17
EtherApe-INFO: 02:43:53.118: delete node: IP: 35.155.157.101. Number of nodes 16
EtherApe-INFO: 02:43:54.192: delete node: IP: 142.250.203.133. Number of nodes 15
EtherApe-INFO: 02:44:01.681: delete node: IP: 192.0.73.2. Number of nodes 14
EtherApe-INFO: 02:44:04.528: New node: IP: 216.58.209.5. Number of nodes 15
EtherApe-INFO: 02:44:13.636: delete node: IP: 54.186.7.43. Number of nodes 14
EtherApe-INFO: 02:44:29.861: New node: IP: 54.186.7.43. Number of nodes 15
EtherApe-INFO: 02:44:39.724: New node: IP: 8.8.8.8. Number of nodes 16
EtherApe-INFO: 02:45:41.057: New node: IP: 95.216.144.15. Number of nodes 17
EtherApe-INFO: 02:45:54.159: delete node: IP: 34.120.208.123. Number of nodes 16
EtherApe-INFO: 02:46:00.536: delete node: IP: 143.204.89.126. Number of nodes 15
EtherApe-INFO: 02:46:09.590: New node: IP: 192.168.1.1. Number of nodes 16
EtherApe-INFO: 02:46:09.857: New node: IP: 116.203.91.91. Number of nodes 17
EtherApe-INFO: 02:46:18.980: delete node: IP: 216.58.215.100. Number of nodes 16
EtherApe-INFO: 02:46:18.980: delete node: IP: 199.232.16.193. Number of nodes 15
EtherApe-INFO: 02:46:18.980: delete node: IP: 151.101.129.69. Number of nodes 14
EtherApe-INFO: 02:46:51.724: New node: IP: 35.155.157.101. Number of nodes 15
EtherApe-INFO: 02:47:01.057: New node: IP: 154.51.12.220. Number of nodes 16
EtherApe-INFO: 02:47:34.979: delete node: IP: 54.186.7.43. Number of nodes 15
EtherApe-INFO: 02:47:42.151: delete node: IP: 95.216.144.15. Number of nodes 14
EtherApe-INFO: 02:48:06.395: New node: IP: 140.82.121.4. Number of nodes 15
EtherApe-INFO: 02:48:07.458: New node: IP: 185.199.109.154. Number of nodes 16
EtherApe-INFO: 02:48:07.726: New node: IP: 185.199.108.133. Number of nodes 17
EtherApe-INFO: 02:48:11.530: delete node: IP: 192.168.1.1. Number of nodes 16
EtherApe-INFO: 02:48:11.530: delete node: IP: 116.203.91.91. Number of nodes 15
EtherApe-INFO: 02:48:11.530: delete node: IP: 8.8.8.8. Number of nodes 14
EtherApe-INFO: 02:48:12.263: New node: IP: 34.107.141.31. Number of nodes 15
EtherApe-INFO: 02:48:12.263: New node: IP: 54.186.7.43. Number of nodes 16
EtherApe-INFO: 02:48:12.526: New node: IP: 34.209.16.253. Number of nodes 17
EtherApe-INFO: 02:48:12.794: New node: IP: 116.203.93.142. Number of nodes 18
EtherApe-INFO: 02:48:21.595: New node: IP: 216.58.215.100. Number of nodes 19
EtherApe-INFO: 02:48:23.191: New node: IP: 34.120.208.123. Number of nodes 20
EtherApe-INFO: 02:48:24.266: New node: IP: 216.58.208.202. Number of nodes 21
EtherApe-INFO: 02:48:24.792: New node: IP: 216.58.215.99. Number of nodes 22
EtherApe-INFO: 02:48:25.060: New node: IP: 8.8.8.8. Number of nodes 23
EtherApe-INFO: 02:48:25.861: New node: IP: 216.58.215.110. Number of nodes 24
EtherApe-INFO: 02:48:27.998: New node: IP: 142.250.203.142. Number of nodes 25
EtherApe-INFO: 02:48:40.262: New node: IP: 192.0.78.13. Number of nodes 26
EtherApe-INFO: 02:48:41.062: New node: IP: 192.0.77.32. Number of nodes 27
EtherApe-INFO: 02:48:41.070: New node: IP: 192.0.73.2. Number of nodes 28
EtherApe-INFO: 02:48:52.614: delete node: IP: 35.155.157.101. Number of nodes 27
EtherApe-INFO: 02:48:55.815: delete node: IP: 216.58.209.5. Number of nodes 26
EtherApe-INFO: 02:49:01.340: delete node: IP: 154.51.12.220. Number of nodes 25
EtherApe-INFO: 02:49:04.792: New node: IP: 172.217.16.37. Number of nodes 26
EtherApe-INFO: 02:49:35.460: New node: IP: 104.18.10.128. Number of nodes 27
EtherApe-INFO: 02:50:14.660: New node: IP: 95.216.144.15. Number of nodes 28
EtherApe-INFO: 02:50:25.442: delete node: IP: 216.58.208.202. Number of nodes 27
EtherApe-INFO: 02:50:25.593: New node: IP: 208.68.240.115. Number of nodes 28
EtherApe-INFO: 02:50:25.858: New node: IP: 87.245.216.107. Number of nodes 29
EtherApe-INFO: 02:50:26.207: delete node: IP: 216.58.215.99. Number of nodes 28
EtherApe-INFO: 02:50:28.526: New node: IP: 216.58.215.78. Number of nodes 29
EtherApe-INFO: 02:50:31.193: New node: IP: 216.58.209.10. Number of nodes 30
EtherApe-INFO: 02:50:31.194: New node: IP: 216.58.208.202. Number of nodes 31
EtherApe-INFO: 02:50:31.463: New node: IP: 142.250.203.206. Number of nodes 32
EtherApe-INFO: 02:50:31.466: New node: IP: 216.58.215.99. Number of nodes 33
EtherApe-INFO: 02:50:31.728: New node: IP: 172.217.16.42. Number of nodes 34
EtherApe-INFO: 02:50:31.997: New node: IP: 142.250.186.195. Number of nodes 35
EtherApe-INFO: 02:50:49.059: New node: IP: 143.244.45.177. Number of nodes 36
EtherApe-INFO: 02:50:57.592: New node: IP: 185.129.100.112. Number of nodes 37
EtherApe-INFO: 02:50:58.131: New node: IP: 92.223.97.97. Number of nodes 38
EtherApe-INFO: 02:50:58.133: New node: IP: 78.47.130.189. Number of nodes 39
EtherApe-INFO: 02:50:58.137: New node: IP: 104.18.32.68. Number of nodes 40
EtherApe-INFO: 02:50:58.137: New node: IP: 135.181.27.174. Number of nodes 41
EtherApe-INFO: 02:50:58.925: New node: IP: 192.0.66.96. Number of nodes 42
EtherApe-INFO: 02:50:58.927: New node: IP: 104.26.4.28. Number of nodes 43
EtherApe-INFO: 02:50:58.933: New node: IP: 93.184.220.29. Number of nodes 44
EtherApe-INFO: 02:50:59.461: New node: IP: 142.250.203.195. Number of nodes 45
EtherApe-INFO: 02:50:59.465: New node: IP: 91.198.174.192. Number of nodes 46
EtherApe-INFO: 02:51:00.037: New node: IP: 198.136.48.164. Number of nodes 47
EtherApe-INFO: 02:51:00.263: New node: IP: 91.198.174.208. Number of nodes 48
EtherApe-INFO: 02:51:00.526: New node: IP: 192.0.78.33. Number of nodes 49
EtherApe-INFO: 02:51:00.530: New node: IP: 104.96.142.34. Number of nodes 50
EtherApe-INFO: 02:51:00.803: New node: IP: 172.67.151.13. Number of nodes 51
EtherApe-INFO: 02:51:01.592: New node: IP: 199.188.200.146. Number of nodes 52
EtherApe-INFO: 02:51:01.860: New node: IP: 104.18.10.207. Number of nodes 53
EtherApe-INFO: 02:51:02.137: New node: IP: 2.23.108.34. Number of nodes 54
EtherApe-INFO: 02:51:02.397: New node: IP: 104.21.48.117. Number of nodes 55
EtherApe-INFO: 02:51:02.665: New node: IP: 104.18.11.207. Number of nodes 56
EtherApe-INFO: 02:51:02.688: New node: IP: 145.40.68.75. Number of nodes 57
EtherApe-INFO: 02:51:02.946: New node: IP: 216.58.209.14. Number of nodes 58
EtherApe-INFO: 02:51:03.995: New node: IP: 2.17.240.32. Number of nodes 59
EtherApe-INFO: 02:51:05.599: New node: IP: 151.101.0.152. Number of nodes 60
EtherApe-INFO: 02:51:06.393: New node: IP: 142.250.203.138. Number of nodes 61
EtherApe-INFO: 02:51:06.667: New node: IP: 104.18.209.69. Number of nodes 62
EtherApe-INFO: 02:51:07.485: New node: IP: 142.250.75.1. Number of nodes 63
EtherApe-INFO: 02:51:07.485: New node: IP: 142.250.75.22. Number of nodes 64
EtherApe-INFO: 02:51:08.008: New node: IP: 151.101.2.209. Number of nodes 65
EtherApe-INFO: 02:51:08.549: New node: IP: 88.99.219.88. Number of nodes 66
EtherApe-INFO: 02:51:09.599: New node: IP: 192.168.1.1. Number of nodes 67
EtherApe-INFO: 02:51:09.867: New node: IP: 116.203.91.91. Number of nodes 68
EtherApe-INFO: 02:51:09.868: New node: IP: 76.223.14.21. Number of nodes 69
EtherApe-INFO: 02:51:10.127: New node: IP: 172.64.155.188. Number of nodes 70
EtherApe-INFO: 02:51:10.398: New node: IP: 23.185.0.1. Number of nodes 71
EtherApe-INFO: 02:51:11.243: New node: IP: 45.60.13.212. Number of nodes 72
EtherApe-INFO: 02:51:11.735: New node: IP: 142.250.186.206. Number of nodes 73
EtherApe-INFO: 02:51:11.735: New node: IP: 151.101.66.209. Number of nodes 74
EtherApe-INFO: 02:51:12.549: New node: IP: 104.18.40.133. Number of nodes 75
EtherApe-INFO: 02:51:12.791: New node: IP: 192.124.249.41. Number of nodes 76
EtherApe-INFO: 02:51:13.078: New node: IP: 199.232.18.208. Number of nodes 77
EtherApe-INFO: 02:51:13.331: New node: IP: 52.222.236.83. Number of nodes 78
EtherApe-INFO: 02:51:13.595: New node: IP: 18.66.121.68. Number of nodes 79
EtherApe-INFO: 02:51:14.481: delete node: IP: 34.209.16.253. Number of nodes 78
EtherApe-INFO: 02:51:14.657: New node: IP: 104.17.25.14. Number of nodes 79
EtherApe-INFO: 02:51:14.659: New node: IP: 52.217.1.84. Number of nodes 80
EtherApe-INFO: 02:51:15.747: New node: IP: 104.96.147.241. Number of nodes 81
EtherApe-INFO: 02:51:15.749: New node: IP: 18.66.122.108. Number of nodes 82
EtherApe-INFO: 02:51:17.646: New node: IP: 54.164.220.105. Number of nodes 83
EtherApe-INFO: 02:51:19.205: New node: IP: 151.101.65.208. Number of nodes 84
EtherApe-INFO: 02:51:27.453: New node: IP: 108.138.51.41. Number of nodes 85
EtherApe-INFO: 02:51:36.497: delete node: IP: 104.18.10.128. Number of nodes 84
EtherApe-INFO: 02:51:38.946: delete node: IP: 116.203.93.142. Number of nodes 83
EtherApe-INFO: 02:51:58.356: delete node: IP: 192.0.78.13. Number of nodes 82
EtherApe-INFO: 02:52:39.937: New node: IP: 0.0.0.0. Number of nodes 83
EtherApe-INFO: 02:52:39.937: New node: IP: 255.255.255.255. Number of nodes 84
EtherApe-INFO: 02:52:39.955: delete node: IP: 208.68.240.115. Number of nodes 83
EtherApe-INFO: 02:52:45.004: New node: IP: 149.154.167.50. Number of nodes 84
EtherApe-INFO: 02:52:45.005: New node: IP: 149.154.175.57. Number of nodes 85
EtherApe-INFO: 02:52:45.005: New node: IP: 149.154.175.54. Number of nodes 86
EtherApe-INFO: 02:52:45.005: New node: IP: 224.0.0.22. Number of nodes 87
EtherApe-INFO: 02:52:45.007: New node: IP: 224.0.0.251. Number of nodes 88
EtherApe-INFO: 02:52:46.870: New node: IP: 149.154.175.100. Number of nodes 89
EtherApe-INFO: 02:52:47.938: New node: IP: 1.1.1.1. Number of nodes 90
EtherApe-INFO: 02:52:49.544: New node: IP: 35.155.157.101. Number of nodes 91
EtherApe-INFO: 02:52:50.071: New node: IP: 9.9.9.9. Number of nodes 92
EtherApe-INFO: 02:52:54.378: delete node: IP: 140.82.113.25. Number of nodes 91
EtherApe-INFO: 02:52:54.871: New node: IP: 149.154.167.91. Number of nodes 92
EtherApe-INFO: 02:52:59.691: delete node: IP: 185.199.109.154. Number of nodes 91
EtherApe-INFO: 02:52:59.691: delete node: IP: 185.199.108.133. Number of nodes 90
EtherApe-INFO: 02:53:02.870: New node: IP: 91.108.56.188. Number of nodes 91
EtherApe-INFO: 02:53:02.883: delete node: IP: 172.67.151.13. Number of nodes 90
EtherApe-INFO: 02:53:03.727: delete node: IP: 104.21.48.117. Number of nodes 89
EtherApe-INFO: 02:53:03.971: delete node: IP: 34.107.141.31. Number of nodes 88
EtherApe-INFO: 02:53:06.072: New node: IP: 140.82.113.25. Number of nodes 89
EtherApe-INFO: 02:53:06.884: New node: IP: 149.154.167.92. Number of nodes 90
EtherApe-INFO: 02:53:07.943: New node: IP: 192.168.0.1. Number of nodes 91
EtherApe-INFO: 02:53:08.264: delete node: IP: 142.250.75.1. Number of nodes 90
EtherApe-INFO: 02:53:09.004: New node: IP: 104.16.248.249. Number of nodes 91
EtherApe-INFO: 02:53:09.274: New node: IP: 52.40.171.113. Number of nodes 92
EtherApe-INFO: 02:53:09.543: New node: IP: 54.192.231.119. Number of nodes 93
EtherApe-INFO: 02:53:09.544: New node: IP: 142.250.203.131. Number of nodes 94
EtherApe-INFO: 02:53:09.806: New node: IP: 52.36.92.75. Number of nodes 95
EtherApe-INFO: 02:53:09.807: New node: IP: 142.250.186.202. Number of nodes 96
EtherApe-INFO: 02:53:09.808: New node: IP: 35.163.147.190. Number of nodes 97
EtherApe-INFO: 02:53:10.170: delete node: IP: 198.136.48.164. Number of nodes 96
EtherApe-INFO: 02:53:10.612: New node: IP: 34.120.158.37. Number of nodes 97
EtherApe-INFO: 02:53:12.625: delete node: IP: 142.250.186.206. Number of nodes 96
EtherApe-INFO: 02:53:13.007: New node: IP: 34.107.221.82. Number of nodes 97
EtherApe-INFO: 02:53:14.620: delete node: IP: 92.223.97.97. Number of nodes 96
EtherApe-INFO: 02:53:14.882: delete node: IP: 216.58.215.99. Number of nodes 95
EtherApe-INFO: 02:53:16.308: delete node: IP: 216.58.215.110. Number of nodes 94
EtherApe-INFO: 02:53:19.775: delete node: IP: 78.47.130.189. Number of nodes 93
EtherApe-INFO: 02:53:19.776: delete node: IP: 54.186.7.43. Number of nodes 92
EtherApe-INFO: 02:53:20.507: delete node: IP: 54.164.220.105. Number of nodes 91
EtherApe-INFO: 02:53:21.377: delete node: IP: 52.217.1.84. Number of nodes 90
EtherApe-INFO: 02:53:24.294: delete node: IP: 95.216.144.15. Number of nodes 89
EtherApe-INFO: 02:53:28.205: delete node: IP: 108.138.51.41. Number of nodes 88
EtherApe-INFO: 02:53:35.246: delete node: IP: 192.0.73.2. Number of nodes 87
EtherApe-INFO: 02:53:36.474: New node: IP: 142.250.75.14. Number of nodes 88
EtherApe-INFO: 02:53:37.571: delete node: IP: 199.188.200.146. Number of nodes 87
EtherApe-INFO: 02:53:43.764: delete node: IP: 192.124.249.41. Number of nodes 86
EtherApe-INFO: 02:53:45.012: delete node: IP: 93.184.220.29. Number of nodes 85
EtherApe-INFO: 02:53:45.390: delete node: IP: 145.40.68.75. Number of nodes 84
EtherApe-INFO: 02:53:48.782: delete node: IP: 104.18.32.68. Number of nodes 83
EtherApe-INFO: 02:53:48.782: delete node: IP: 18.66.121.68. Number of nodes 82
EtherApe-INFO: 02:53:49.910: delete node: IP: 142.250.186.195. Number of nodes 81
EtherApe-INFO: 02:53:49.910: delete node: IP: 87.245.216.107. Number of nodes 80
EtherApe-INFO: 02:53:51.167: delete node: IP: 172.64.155.188. Number of nodes 79
EtherApe-INFO: 02:53:52.310: delete node: IP: 104.96.142.34. Number of nodes 78
EtherApe-INFO: 02:54:45.009: delete node: IP: 255.255.255.255. Number of nodes 77
EtherApe-INFO: 02:54:45.009: delete node: IP: 224.0.0.22. Number of nodes 76
EtherApe-INFO: 02:54:45.009: delete node: IP: 0.0.0.0. Number of nodes 75
EtherApe-INFO: 02:54:48.811: delete node: IP: 224.0.0.251. Number of nodes 74
EtherApe-INFO: 02:54:48.811: delete node: IP: 149.154.175.57. Number of nodes 73
EtherApe-INFO: 02:54:48.811: delete node: IP: 149.154.175.54. Number of nodes 72
EtherApe-INFO: 02:55:02.112: delete node: IP: 149.154.167.91. Number of nodes 71
EtherApe-INFO: 02:55:06.406: delete node: IP: 149.154.175.100. Number of nodes 70
EtherApe-INFO: 02:55:08.284: delete node: IP: 192.168.1.1. Number of nodes 69
EtherApe-INFO: 02:55:08.285: delete node: IP: 192.168.0.1. Number of nodes 68
EtherApe-INFO: 02:55:09.371: delete node: IP: 149.154.167.92. Number of nodes 67
EtherApe-INFO: 02:55:09.371: delete node: IP: 91.108.56.188. Number of nodes 66
EtherApe-INFO: 02:55:13.106: delete node: IP: 149.154.167.50. Number of nodes 65
EtherApe-INFO: 02:55:13.106: delete node: IP: 52.36.92.75. Number of nodes 64
EtherApe-INFO: 02:55:13.106: delete node: IP: 35.163.147.190. Number of nodes 63
EtherApe-INFO: 02:55:13.107: delete node: IP: 34.120.158.37. Number of nodes 62
EtherApe-INFO: 02:55:13.107: delete node: IP: 9.9.9.9. Number of nodes 61
EtherApe-INFO: 02:55:13.107: delete node: IP: 1.1.1.1. Number of nodes 60
EtherApe-INFO: 02:55:14.117: delete node: IP: 116.203.91.91. Number of nodes 59
EtherApe-INFO: 02:55:14.878: delete node: IP: 104.26.4.28. Number of nodes 58
EtherApe-INFO: 02:55:14.878: delete node: IP: 104.18.209.69. Number of nodes 57
EtherApe-INFO: 02:55:14.878: delete node: IP: 104.18.11.207. Number of nodes 56
EtherApe-INFO: 02:55:14.878: delete node: IP: 104.17.25.14. Number of nodes 55
EtherApe-INFO: 02:55:16.528: delete node: IP: 104.18.10.207. Number of nodes 54
EtherApe-INFO: 02:55:18.174: delete node: IP: 216.58.215.100. Number of nodes 53
EtherApe-INFO: 02:55:18.174: delete node: IP: 216.58.215.78. Number of nodes 52
EtherApe-INFO: 02:55:18.174: delete node: IP: 216.58.209.14. Number of nodes 51
EtherApe-INFO: 02:55:18.175: delete node: IP: 199.232.18.208. Number of nodes 50
EtherApe-INFO: 02:55:18.175: delete node: IP: 172.217.16.3. Number of nodes 49
EtherApe-INFO: 02:55:18.175: delete node: IP: 142.250.203.142. Number of nodes 48
EtherApe-INFO: 02:55:18.175: delete node: IP: 142.250.203.138. Number of nodes 47
EtherApe-INFO: 02:55:18.175: delete node: IP: 142.250.75.22. Number of nodes 46
EtherApe-INFO: 02:55:18.175: delete node: IP: 76.223.14.21. Number of nodes 45
EtherApe-INFO: 02:55:18.175: delete node: IP: 45.60.13.212. Number of nodes 44
EtherApe-INFO: 02:55:18.175: delete node: IP: 2.17.240.32. Number of nodes 43
EtherApe-INFO: 02:55:19.711: delete node: IP: 142.250.203.202. Number of nodes 42
EtherApe-INFO: 02:55:19.711: delete node: IP: 142.250.203.195. Number of nodes 41
EtherApe-INFO: 02:55:19.711: delete node: IP: 2.23.108.34. Number of nodes 40
EtherApe-INFO: 02:55:25.896: delete node: IP: 192.0.78.33. Number of nodes 39
EtherApe-INFO: 02:55:25.896: delete node: IP: 192.0.77.32. Number of nodes 38
EtherApe-INFO: 02:55:25.896: delete node: IP: 192.0.66.96. Number of nodes 37
EtherApe-INFO: 02:55:25.896: delete node: IP: 151.101.66.209. Number of nodes 36
EtherApe-INFO: 02:55:25.897: delete node: IP: 151.101.2.209. Number of nodes 35
EtherApe-INFO: 02:55:25.897: delete node: IP: 151.101.0.152. Number of nodes 34
EtherApe-INFO: 02:55:25.897: delete node: IP: 140.82.121.4. Number of nodes 33
EtherApe-INFO: 02:55:25.897: delete node: IP: 104.96.147.241. Number of nodes 32
EtherApe-INFO: 02:55:25.897: delete node: IP: 91.198.174.208. Number of nodes 31
EtherApe-INFO: 02:55:25.897: delete node: IP: 91.198.174.192. Number of nodes 30
EtherApe-INFO: 02:55:25.897: delete node: IP: 88.99.219.88. Number of nodes 29
EtherApe-INFO: 02:55:25.897: delete node: IP: 52.222.236.83. Number of nodes 28
EtherApe-INFO: 02:55:25.897: delete node: IP: 23.185.0.1. Number of nodes 27
EtherApe-INFO: 02:55:25.898: delete node: IP: 18.66.122.108. Number of nodes 26
EtherApe-INFO: 02:55:25.898: delete node: IP: 13.32.121.59. Number of nodes 25
EtherApe-INFO: 02:55:27.428: delete node: IP: 185.129.100.112. Number of nodes 24
EtherApe-INFO: 02:55:27.428: delete node: IP: 135.181.27.174. Number of nodes 23
EtherApe-INFO: 02:55:35.770: delete node: IP: 151.101.65.208. Number of nodes 22
EtherApe-INFO: 02:55:43.440: delete node: IP: 35.155.157.101. Number of nodes 21
EtherApe-INFO: 02:55:49.578: delete node: IP: 143.244.45.177. Number of nodes 20
EtherApe-INFO: 02:55:49.578: delete node: IP: 104.18.40.133. Number of nodes 19
EtherApe-INFO: 02:55:49.578: delete node: IP: 104.16.249.249. Number of nodes 18
EtherApe-INFO: 02:55:55.413: delete node: IP: 216.58.209.10. Number of nodes 17
EtherApe-INFO: 02:55:55.413: delete node: IP: 172.217.16.42. Number of nodes 16
EtherApe-INFO: 02:55:55.413: delete node: IP: 142.250.203.206. Number of nodes 15
EtherApe-INFO: 02:55:55.413: delete node: IP: 34.120.208.123. Number of nodes 14
EtherApe-INFO: 02:56:10.919: delete node: IP: 52.40.171.113. Number of nodes 13
EtherApe-INFO: 02:56:36.830: delete node: IP: 216.58.208.202. Number of nodes 12
EtherApe-INFO: 02:56:52.826: delete node: IP: 8.8.8.8. Number of nodes 11
EtherApe-INFO: 02:56:59.937: New node: IP: 8.8.8.8. Number of nodes 12
EtherApe-INFO: 02:57:11.138: New node: IP: 149.154.167.216. Number of nodes 13
EtherApe-INFO: 02:57:43.971: delete node: IP: 34.107.221.82. Number of nodes 12
EtherApe-INFO: 02:57:45.004: New node: IP: 192.168.1.1. Number of nodes 13
EtherApe-INFO: 02:57:46.072: New node: IP: 34.120.208.123. Number of nodes 14
EtherApe-INFO: 02:57:59.938: New node: IP: 116.203.91.91. Number of nodes 15
EtherApe-INFO: 02:58:01.816: delete node: IP: 35.186.227.140. Number of nodes 14
EtherApe-INFO: 02:58:10.871: New node: IP: 35.163.147.190. Number of nodes 15
EtherApe-INFO: 02:58:31.197: delete node: IP: 142.250.75.14. Number of nodes 14
EtherApe-INFO: 02:59:30.977: delete node: IP: 149.154.167.216. Number of nodes 13
EtherApe-INFO: 02:59:45.033: delete node: IP: 192.168.1.1. Number of nodes 12
EtherApe-INFO: 03:00:00.506: delete node: IP: 116.203.91.91. Number of nodes 11
EtherApe-INFO: 03:00:00.506: delete node: IP: 8.8.8.8. Number of nodes 10
EtherApe-INFO: 03:00:01.274: New node: IP: 54.192.231.19. Number of nodes 11
EtherApe-INFO: 03:00:01.537: New node: IP: 8.8.8.8. Number of nodes 12
EtherApe-INFO: 03:00:11.218: delete node: IP: 35.163.147.190. Number of nodes 11
EtherApe-INFO: 03:00:14.606: New node: IP: 216.58.215.101. Number of nodes 12
EtherApe-INFO: 03:02:05.007: delete node: IP: 172.217.16.37. Number of nodes 11
EtherApe-INFO: 03:02:40.485: delete node: IP: 34.120.208.123. Number of nodes 10
EtherApe-INFO: 03:02:45.004: New node: IP: 192.168.1.1. Number of nodes 11
EtherApe-INFO: 03:02:59.938: New node: IP: 116.203.91.91. Number of nodes 12
EtherApe-INFO: 03:03:10.874: New node: IP: 35.163.147.190. Number of nodes 13
EtherApe-INFO: 03:03:11.142: New node: IP: 13.226.153.25. Number of nodes 14
EtherApe-INFO: 03:03:11.408: New node: IP: 34.160.144.191. Number of nodes 15
EtherApe-INFO: 03:03:11.409: New node: IP: 52.33.112.155. Number of nodes 16
EtherApe-INFO: 03:03:11.409: New node: IP: 87.245.216.9. Number of nodes 17
EtherApe-INFO: 03:03:11.410: New node: IP: 35.186.227.140. Number of nodes 18
EtherApe-INFO: 03:03:35.943: New node: IP: 18.66.122.127. Number of nodes 19
EtherApe-INFO: 03:03:35.949: New node: IP: 34.98.75.36. Number of nodes 20
EtherApe-INFO: 03:03:58.160: delete node: IP: 54.192.231.19. Number of nodes 19
EtherApe-INFO: 03:04:01.004: New node: IP: 18.66.122.108. Number of nodes 20
EtherApe-INFO: 03:04:01.273: New node: IP: 104.18.40.133. Number of nodes 21
EtherApe-INFO: 03:04:01.274: New node: IP: 172.64.147.123. Number of nodes 22
EtherApe-INFO: 03:04:45.063: delete node: IP: 192.168.1.1. Number of nodes 21
EtherApe-INFO: 03:05:02.637: delete node: IP: 116.203.91.91. Number of nodes 20
EtherApe-INFO: 03:05:11.523: delete node: IP: 35.163.147.190. Number of nodes 19
EtherApe-INFO: 03:05:13.552: New node: IP: 108.138.51.45. Number of nodes 20
EtherApe-INFO: 03:05:13.859: New node: IP: 52.222.236.76. Number of nodes 21
EtherApe-INFO: 03:05:14.338: New node: IP: 178.79.227.133. Number of nodes 22
EtherApe-INFO: 03:05:14.612: New node: IP: 13.36.128.112. Number of nodes 23
EtherApe-INFO: 03:05:14.620: New node: IP: 93.184.220.29. Number of nodes 24
EtherApe-INFO: 03:05:19.844: New node: IP: 1.1.1.1. Number of nodes 25
EtherApe-INFO: 03:06:01.413: delete node: IP: 104.18.40.133. Number of nodes 24
EtherApe-INFO: 03:06:13.704: delete node: IP: 52.33.112.155. Number of nodes 23
EtherApe-INFO: 03:07:07.518: delete node: IP: 13.226.153.25. Number of nodes 22
EtherApe-INFO: 03:07:07.778: New node: IP: 104.17.49.74. Number of nodes 23
EtherApe-INFO: 03:07:11.781: New node: IP: 54.192.231.72. Number of nodes 24
EtherApe-INFO: 03:07:11.785: New node: IP: 34.120.208.123. Number of nodes 25
EtherApe-INFO: 03:07:15.511: New node: IP: 52.33.112.155. Number of nodes 26
EtherApe-INFO: 03:07:17.912: New node: IP: 172.64.146.105. Number of nodes 27
EtherApe-INFO: 03:07:18.180: New node: IP: 104.18.20.226. Number of nodes 28
EtherApe-INFO: 03:07:18.714: New node: IP: 104.18.41.151. Number of nodes 29
EtherApe-INFO: 03:07:20.053: delete node: IP: 1.1.1.1. Number of nodes 28
EtherApe-INFO: 03:07:31.605: delete node: IP: 87.245.216.9. Number of nodes 27
EtherApe-INFO: 03:07:31.605: delete node: IP: 18.66.122.127. Number of nodes 26
EtherApe-INFO: 03:07:31.605: delete node: IP: 18.66.122.108. Number of nodes 25
EtherApe-INFO: 03:07:38.446: New node: IP: 142.250.203.205. Number of nodes 26
EtherApe-INFO: 03:07:38.980: New node: IP: 142.250.203.193. Number of nodes 27
EtherApe-INFO: 03:07:39.244: New node: IP: 142.250.203.195. Number of nodes 28
EtherApe-INFO: 03:07:39.778: New node: IP: 216.58.215.110. Number of nodes 29
EtherApe-INFO: 03:07:44.844: New node: IP: 192.168.1.1. Number of nodes 30
EtherApe-INFO: 03:08:00.048: New node: IP: 116.203.91.91. Number of nodes 31
EtherApe-INFO: 03:08:07.586: delete node: IP: 216.58.215.101. Number of nodes 30
EtherApe-INFO: 03:08:10.977: New node: IP: 35.163.147.190. Number of nodes 31
EtherApe-INFO: 03:08:15.802: delete node: IP: 13.36.128.112. Number of nodes 30
EtherApe-INFO: 03:08:17.380: New node: IP: 216.58.209.5. Number of nodes 31
EtherApe-INFO: 03:08:28.884: delete node: IP: 34.160.144.191. Number of nodes 30
EtherApe-INFO: 03:08:28.884: delete node: IP: 34.98.75.36. Number of nodes 29
EtherApe-INFO: 03:08:35.248: New node: IP: 3.218.231.251. Number of nodes 30
EtherApe-INFO: 03:08:48.851: New node: IP: 81.92.203.106. Number of nodes 31
EtherApe-INFO: 03:09:12.123: delete node: IP: 93.184.220.29. Number of nodes 30
EtherApe-INFO: 03:09:12.124: delete node: IP: 52.222.236.76. Number of nodes 29
EtherApe-INFO: 03:09:40.060: delete node: IP: 142.250.203.193. Number of nodes 28
EtherApe-INFO: 03:09:40.391: delete node: IP: 216.58.215.110. Number of nodes 27
EtherApe-INFO: 03:09:45.122: delete node: IP: 192.168.1.1. Number of nodes 26
EtherApe-INFO: 03:09:58.182: New node: IP: 217.138.208.219. Number of nodes 27
EtherApe-INFO: 03:10:00.127: delete node: IP: 116.203.91.91. Number of nodes 26
EtherApe-INFO: 03:10:05.464: delete node: IP: 108.138.51.45. Number of nodes 25
EtherApe-INFO: 03:10:11.838: delete node: IP: 35.163.147.190. Number of nodes 24
EtherApe-INFO: 03:10:16.927: delete node: IP: 52.33.112.155. Number of nodes 23
EtherApe-INFO: 03:10:20.675: delete node: IP: 178.79.227.133. Number of nodes 22
EtherApe-INFO: 03:10:41.378: New node: IP: 104.18.40.133. Number of nodes 23
EtherApe-INFO: 03:10:41.910: New node: IP: 54.192.231.115. Number of nodes 24
EtherApe-INFO: 03:11:00.446: New node: IP: 54.192.231.66. Number of nodes 25
EtherApe-INFO: 03:11:00.977: New node: IP: 54.192.231.84. Number of nodes 26
EtherApe-INFO: 03:11:01.249: New node: IP: 13.49.15.220. Number of nodes 27
EtherApe-INFO: 03:11:01.249: New node: IP: 78.154.186.170. Number of nodes 28
EtherApe-INFO: 03:11:07.659: delete node: IP: 54.192.231.72. Number of nodes 27
EtherApe-INFO: 03:11:28.977: New node: IP: 216.58.208.202. Number of nodes 28
EtherApe-INFO: 03:11:47.714: delete node: IP: 172.64.147.123. Number of nodes 27
EtherApe-INFO: 03:12:02.897: delete node: IP: 34.120.208.123. Number of nodes 26
EtherApe-INFO: 03:12:30.611: delete node: IP: 142.250.203.195. Number of nodes 25
EtherApe-INFO: 03:12:31.476: delete node: IP: 104.18.20.226. Number of nodes 24
EtherApe-INFO: 03:12:33.009: delete node: IP: 142.250.203.205. Number of nodes 23
EtherApe-INFO: 03:12:44.977: New node: IP: 192.168.1.1. Number of nodes 24
EtherApe-INFO: 03:12:59.911: New node: IP: 116.203.91.91. Number of nodes 25
EtherApe-INFO: 03:13:04.260: delete node: IP: 54.192.231.115. Number of nodes 24
EtherApe-INFO: 03:13:09.006: delete node: IP: 216.58.209.5. Number of nodes 23
EtherApe-INFO: 03:13:11.114: New node: IP: 35.163.147.190. Number of nodes 24
EtherApe-INFO: 03:13:18.049: New node: IP: 216.58.215.101. Number of nodes 25
EtherApe-INFO: 03:13:21.606: delete node: IP: 104.18.41.151. Number of nodes 24
EtherApe-INFO: 03:13:24.814: delete node: IP: 172.64.146.105. Number of nodes 23
EtherApe-INFO: 03:13:28.988: delete node: IP: 35.186.227.140. Number of nodes 22
EtherApe-INFO: 03:13:30.409: delete node: IP: 216.58.208.202. Number of nodes 21
EtherApe-INFO: 03:13:41.251: New node: IP: 52.33.112.155. Number of nodes 22
EtherApe-INFO: 03:13:41.251: New node: IP: 35.186.227.140. Number of nodes 23
EtherApe-INFO: 03:13:51.440: delete node: IP: 78.154.186.170. Number of nodes 22
EtherApe-INFO: 03:14:02.323: delete node: IP: 13.49.15.220. Number of nodes 21
EtherApe-INFO: 03:14:47.928: delete node: IP: 192.168.1.1. Number of nodes 20
EtherApe-INFO: 03:14:59.983: delete node: IP: 54.192.231.84. Number of nodes 19
EtherApe-INFO: 03:15:00.182: New node: IP: 172.64.147.123. Number of nodes 20
EtherApe-INFO: 03:15:00.189: delete node: IP: 116.203.91.91. Number of nodes 19
EtherApe-INFO: 03:15:00.189: delete node: IP: 8.8.8.8. Number of nodes 18
EtherApe-INFO: 03:15:00.715: New node: IP: 54.192.231.19. Number of nodes 19
EtherApe-INFO: 03:15:01.779: New node: IP: 87.245.216.115. Number of nodes 20
EtherApe-INFO: 03:15:02.044: New node: IP: 8.8.8.8. Number of nodes 21
EtherApe-INFO: 03:15:05.580: delete node: IP: 81.92.203.106. Number of nodes 20
EtherApe-INFO: 03:15:12.003: delete node: IP: 35.163.147.190. Number of nodes 19
EtherApe-INFO: 03:15:36.210: delete node: IP: 104.17.49.74. Number of nodes 18
EtherApe-INFO: 03:15:51.706: delete node: IP: 54.192.231.66. Number of nodes 17
EtherApe-INFO: 03:16:09.327: delete node: IP: 217.138.208.219. Number of nodes 16
EtherApe-INFO: 03:16:19.387: delete node: IP: 104.18.40.133. Number of nodes 15
EtherApe-INFO: 03:16:43.715: delete node: IP: 52.33.112.155. Number of nodes 14
EtherApe-INFO: 03:16:51.648: New node: IP: 216.58.208.202. Number of nodes 15
EtherApe-INFO: 03:17:44.977: New node: IP: 192.168.1.1. Number of nodes 16
EtherApe-INFO: 03:17:59.924: New node: IP: 116.203.91.91. Number of nodes 17
EtherApe-INFO: 03:18:10.068: delete node: IP: 216.58.215.101. Number of nodes 16
EtherApe-INFO: 03:18:11.380: New node: IP: 35.163.147.190. Number of nodes 17
EtherApe-INFO: 03:18:19.379: New node: IP: 216.58.209.5. Number of nodes 18
EtherApe-INFO: 03:18:32.178: New node: IP: 172.217.16.42. Number of nodes 19
EtherApe-INFO: 03:18:34.609: delete node: IP: 35.186.227.140. Number of nodes 18
EtherApe-INFO: 03:18:58.398: delete node: IP: 54.192.231.19. Number of nodes 17
EtherApe-INFO: 03:19:43.716: delete node: IP: 216.58.208.202. Number of nodes 16
EtherApe-INFO: 03:19:45.560: delete node: IP: 192.168.1.1. Number of nodes 15
EtherApe-INFO: 03:20:00.082: delete node: IP: 8.8.8.8. Number of nodes 14
EtherApe-INFO: 03:20:00.319: delete node: IP: 116.203.91.91. Number of nodes 13
EtherApe-INFO: 03:20:11.658: delete node: IP: 35.163.147.190. Number of nodes 12
EtherApe-INFO: 03:21:09.251: New node: IP: 154.51.12.220. Number of nodes 13
EtherApe-INFO: 03:21:15.916: New node: IP: 8.8.8.8. Number of nodes 14
EtherApe-INFO: 03:21:28.444: New node: IP: 172.217.16.10. Number of nodes 15
EtherApe-INFO: 03:22:44.980: New node: IP: 192.168.1.1. Number of nodes 16
EtherApe-INFO: 03:22:59.911: New node: IP: 116.203.91.91. Number of nodes 17
EtherApe-INFO: 03:23:11.644: New node: IP: 35.163.147.190. Number of nodes 18
EtherApe-INFO: 03:23:11.722: delete node: IP: 216.58.209.5. Number of nodes 17
EtherApe-INFO: 03:23:11.722: delete node: IP: 154.51.12.220. Number of nodes 16
EtherApe-INFO: 03:23:20.735: New node: IP: 172.217.16.37. Number of nodes 17
EtherApe-INFO: 03:23:24.250: delete node: IP: 172.217.16.42. Number of nodes 16
EtherApe-INFO: 03:23:30.346: delete node: IP: 172.217.16.10. Number of nodes 15
EtherApe-INFO: 03:23:43.117: New node: IP: 52.33.112.155. Number of nodes 16
EtherApe-INFO: 03:23:43.118: New node: IP: 35.186.227.140. Number of nodes 17
EtherApe-INFO: 03:23:58.581: New node: IP: 172.217.16.10. Number of nodes 18
EtherApe-INFO: 03:24:18.048: New node: IP: 140.82.114.26. Number of nodes 19
EtherApe-INFO: 03:24:44.999: delete node: IP: 192.168.1.1. Number of nodes 18
EtherApe-INFO: 03:25:00.199: delete node: IP: 116.203.91.91. Number of nodes 17
EtherApe-INFO: 03:25:11.911: New node: IP: 216.58.208.202. Number of nodes 18
EtherApe-INFO: 03:25:11.970: delete node: IP: 35.163.147.190. Number of nodes 17
EtherApe-INFO: 03:26:18.647: delete node: IP: 140.82.113.25. Number of nodes 16
EtherApe-INFO: 03:26:45.819: delete node: IP: 52.33.112.155. Number of nodes 15
EtherApe-INFO: 03:27:12.220: delete node: IP: 216.58.208.202. Number of nodes 14
EtherApe-INFO: 03:27:44.981: New node: IP: 192.168.1.1. Number of nodes 15
EtherApe-INFO: 03:27:47.992: delete node: IP: 172.217.16.10. Number of nodes 14
EtherApe-INFO: 03:27:59.911: New node: IP: 116.203.91.91. Number of nodes 15
EtherApe-INFO: 03:28:11.678: delete node: IP: 172.217.16.37. Number of nodes 14
EtherApe-INFO: 03:28:11.910: New node: IP: 35.163.147.190. Number of nodes 15
EtherApe-INFO: 03:28:21.779: New node: IP: 216.58.215.101. Number of nodes 16
EtherApe-INFO: 03:28:34.597: delete node: IP: 35.186.227.140. Number of nodes 15
EtherApe-INFO: 03:29:45.086: delete node: IP: 192.168.1.1. Number of nodes 14
EtherApe-INFO: 03:30:00.259: delete node: IP: 116.203.91.91. Number of nodes 13
EtherApe-INFO: 03:30:00.260: delete node: IP: 8.8.8.8. Number of nodes 12
EtherApe-INFO: 03:30:04.713: New node: IP: 108.157.4.17. Number of nodes 13
EtherApe-INFO: 03:30:04.980: New node: IP: 8.8.8.8. Number of nodes 14
EtherApe-INFO: 03:30:12.712: delete node: IP: 35.163.147.190. Number of nodes 13
EtherApe-INFO: 03:30:20.978: New node: IP: 172.217.16.10. Number of nodes 14
EtherApe-INFO: 03:32:21.797: delete node: IP: 172.217.16.10. Number of nodes 13
EtherApe-INFO: 03:32:44.998: New node: IP: 192.168.1.1. Number of nodes 14
EtherApe-INFO: 03:32:59.911: New node: IP: 116.203.91.91. Number of nodes 15
EtherApe-INFO: 03:33:11.110: New node: IP: 35.163.147.190. Number of nodes 16
EtherApe-INFO: 03:33:12.273: delete node: IP: 216.58.215.101. Number of nodes 15
EtherApe-INFO: 03:33:22.583: New node: IP: 142.250.203.133. Number of nodes 16
EtherApe-INFO: 03:33:49.779: New node: IP: 54.192.231.19. Number of nodes 17
EtherApe-INFO: 03:34:00.273: delete node: IP: 108.157.4.17. Number of nodes 16
EtherApe-INFO: 03:34:44.977: New node: IP: 52.33.112.155. Number of nodes 17
EtherApe-INFO: 03:34:44.977: New node: IP: 35.186.227.140. Number of nodes 18
EtherApe-INFO: 03:34:45.071: delete node: IP: 192.168.1.1. Number of nodes 17
EtherApe-INFO: 03:34:48.181: New node: IP: 18.66.122.108. Number of nodes 18
EtherApe-INFO: 03:34:48.715: New node: IP: 18.66.122.97. Number of nodes 19
EtherApe-INFO: 03:34:48.977: New node: IP: 18.66.15.71. Number of nodes 20
EtherApe-INFO: 03:34:49.247: New node: IP: 15.236.93.131. Number of nodes 21
EtherApe-INFO: 03:34:49.249: New node: IP: 34.104.32.36. Number of nodes 22
EtherApe-INFO: 03:35:00.258: delete node: IP: 116.203.91.91. Number of nodes 21
EtherApe-INFO: 03:35:12.197: delete node: IP: 35.163.147.190. Number of nodes 20
EtherApe-INFO: 03:36:17.020: delete node: IP: 87.245.216.115. Number of nodes 19
EtherApe-INFO: 03:36:36.448: New node: IP: 216.58.208.202. Number of nodes 20
EtherApe-INFO: 03:36:52.541: delete node: IP: 18.66.122.108. Number of nodes 19
EtherApe-INFO: 03:37:44.980: New node: IP: 192.168.1.1. Number of nodes 20
EtherApe-INFO: 03:37:46.907: delete node: IP: 54.192.231.19. Number of nodes 19
EtherApe-INFO: 03:37:46.907: delete node: IP: 52.33.112.155. Number of nodes 18
EtherApe-INFO: 03:37:52.007: delete node: IP: 15.236.93.131. Number of nodes 17
EtherApe-INFO: 03:37:59.910: New node: IP: 116.203.91.91. Number of nodes 18
EtherApe-INFO: 03:38:12.180: New node: IP: 35.163.147.190. Number of nodes 19
EtherApe-INFO: 03:38:15.463: delete node: IP: 142.250.203.133. Number of nodes 18
EtherApe-INFO: 03:38:23.645: New node: IP: 216.58.215.101. Number of nodes 19
EtherApe-INFO: 03:38:36.512: delete node: IP: 216.58.208.202. Number of nodes 18
EtherApe-INFO: 03:38:48.205: delete node: IP: 18.66.15.71. Number of nodes 17
EtherApe-INFO: 03:39:36.529: delete node: IP: 35.186.227.140. Number of nodes 16
EtherApe-INFO: 03:39:39.684: delete node: IP: 18.66.122.97. Number of nodes 15
EtherApe-INFO: 03:39:44.979: delete node: IP: 192.168.1.1. Number of nodes 14
EtherApe-INFO: 03:40:00.179: delete node: IP: 116.203.91.91. Number of nodes 13
EtherApe-INFO: 03:40:00.179: delete node: IP: 8.8.8.8. Number of nodes 12
EtherApe-INFO: 03:40:12.718: delete node: IP: 35.163.147.190. Number of nodes 11
EtherApe-INFO: 03:40:26.316: New node: IP: 172.217.16.10. Number of nodes 12
EtherApe-INFO: 03:41:15.910: New node: IP: 8.8.8.8. Number of nodes 13
EtherApe-INFO: 03:42:44.977: New node: IP: 192.168.1.1. Number of nodes 14
EtherApe-INFO: 03:42:59.911: New node: IP: 116.203.91.91. Number of nodes 15
EtherApe-INFO: 03:43:12.447: New node: IP: 35.163.147.190. Number of nodes 16
EtherApe-INFO: 03:43:16.560: delete node: IP: 216.58.215.101. Number of nodes 15
EtherApe-INFO: 03:43:24.715: New node: IP: 216.58.209.5. Number of nodes 16
EtherApe-INFO: 03:44:45.411: delete node: IP: 192.168.1.1. Number of nodes 15
EtherApe-INFO: 03:44:45.785: New node: IP: 52.33.112.155. Number of nodes 16
EtherApe-INFO: 03:44:45.785: New node: IP: 54.191.154.194. Number of nodes 17
EtherApe-INFO: 03:44:46.849: New node: IP: 35.186.227.140. Number of nodes 18
EtherApe-INFO: 03:44:47.915: New node: IP: 34.120.208.123. Number of nodes 19
EtherApe-INFO: 03:45:00.196: delete node: IP: 116.203.91.91. Number of nodes 18
EtherApe-INFO: 03:45:06.049: New node: IP: 13.32.121.62. Number of nodes 19
EtherApe-INFO: 03:45:13.264: delete node: IP: 35.163.147.190. Number of nodes 18
EtherApe-INFO: 03:45:21.312: delete node: IP: 172.217.16.10. Number of nodes 17
EtherApe-INFO: 03:46:10.581: New node: IP: 216.58.208.202. Number of nodes 18
EtherApe-INFO: 03:46:48.517: delete node: IP: 34.120.208.123. Number of nodes 17
EtherApe-INFO: 03:46:57.557: delete node: IP: 54.191.154.194. Number of nodes 16
EtherApe-INFO: 03:47:44.977: New node: IP: 192.168.1.1. Number of nodes 17
EtherApe-INFO: 03:47:48.280: delete node: IP: 52.33.112.155. Number of nodes 16
EtherApe-INFO: 03:47:59.911: New node: IP: 116.203.91.91. Number of nodes 17
EtherApe-INFO: 03:48:12.232: delete node: IP: 216.58.208.202. Number of nodes 16
EtherApe-INFO: 03:48:12.710: New node: IP: 35.163.147.190. Number of nodes 17
EtherApe-INFO: 03:48:16.474: delete node: IP: 216.58.209.5. Number of nodes 16
EtherApe-INFO: 03:48:25.807: New node: IP: 216.58.209.5. Number of nodes 17
EtherApe-INFO: 03:49:01.875: delete node: IP: 13.32.121.62. Number of nodes 16
EtherApe-INFO: 03:49:38.358: delete node: IP: 35.186.227.140. Number of nodes 15
EtherApe-INFO: 03:49:45.555: delete node: IP: 192.168.1.1. Number of nodes 14
EtherApe-INFO: 03:50:00.186: delete node: IP: 116.203.91.91. Number of nodes 13
EtherApe-INFO: 03:50:00.186: delete node: IP: 8.8.8.8. Number of nodes 12
EtherApe-INFO: 03:50:13.297: delete node: IP: 35.163.147.190. Number of nodes 11
EtherApe-INFO: 03:50:18.582: New node: IP: 140.82.114.25. Number of nodes 12
EtherApe-INFO: 03:50:18.843: New node: IP: 8.8.8.8. Number of nodes 13
EtherApe-INFO: 03:51:24.447: New node: IP: 216.58.208.202. Number of nodes 14
EtherApe-INFO: 03:52:18.886: delete node: IP: 140.82.114.26. Number of nodes 13
EtherApe-INFO: 03:52:44.980: New node: IP: 192.168.1.1. Number of nodes 14
EtherApe-INFO: 03:52:59.911: New node: IP: 116.203.91.91. Number of nodes 15
EtherApe-INFO: 03:53:12.713: New node: IP: 35.163.147.190. Number of nodes 16
EtherApe-INFO: 03:53:24.992: delete node: IP: 216.58.208.202. Number of nodes 15
EtherApe-INFO: 03:53:25.244: New node: IP: 142.250.203.138. Number of nodes 16
EtherApe-INFO: 03:54:18.044: New node: IP: 216.58.208.202. Number of nodes 17
EtherApe-INFO: 03:54:46.390: delete node: IP: 192.168.1.1. Number of nodes 16
EtherApe-INFO: 03:55:00.269: delete node: IP: 116.203.91.91. Number of nodes 15
EtherApe-INFO: 03:55:00.269: delete node: IP: 8.8.8.8. Number of nodes 14
EtherApe-INFO: 03:55:15.674: delete node: IP: 35.163.147.190. Number of nodes 13
EtherApe-INFO: 03:55:17.512: New node: IP: 154.51.12.220. Number of nodes 14
EtherApe-INFO: 03:55:26.666: delete node: IP: 142.250.186.202. Number of nodes 13
EtherApe-INFO: 03:56:15.913: New node: IP: 8.8.8.8. Number of nodes 14
EtherApe-INFO: 03:56:20.779: delete node: IP: 142.250.203.131. Number of nodes 13
EtherApe-INFO: 03:56:21.247: New node: IP: 142.250.186.195. Number of nodes 14
EtherApe-INFO: 03:56:30.403: delete node: IP: 216.58.208.202. Number of nodes 13
EtherApe-INFO: 03:57:19.192: delete node: IP: 154.51.12.220. Number of nodes 12
EtherApe-INFO: 03:57:35.381: New node: IP: 18.66.122.108. Number of nodes 13
EtherApe-INFO: 03:57:35.649: New node: IP: 18.66.122.97. Number of nodes 14
EtherApe-INFO: 03:57:36.179: New node: IP: 18.66.15.71. Number of nodes 15
EtherApe-INFO: 03:57:36.184: New node: IP: 15.236.93.131. Number of nodes 16
EtherApe-INFO: 03:57:37.007: New node: IP: 52.33.112.155. Number of nodes 17
EtherApe-INFO: 03:57:37.007: New node: IP: 35.186.227.140. Number of nodes 18
EtherApe-INFO: 03:57:38.060: New node: IP: 44.238.39.101. Number of nodes 19
EtherApe-INFO: 03:57:44.989: New node: IP: 192.168.1.1. Number of nodes 20
EtherApe-INFO: 03:57:46.046: New node: IP: 34.120.208.123. Number of nodes 21
EtherApe-INFO: 03:57:59.937: New node: IP: 116.203.91.91. Number of nodes 22
EtherApe-INFO: 03:58:12.977: New node: IP: 35.163.147.190. Number of nodes 23
EtherApe-INFO: 03:58:18.091: delete node: IP: 216.58.209.5. Number of nodes 22
EtherApe-INFO: 03:58:58.046: New node: IP: 172.217.16.10. Number of nodes 23
EtherApe-INFO: 03:59:38.115: delete node: IP: 18.66.122.108. Number of nodes 22
EtherApe-INFO: 03:59:45.801: delete node: IP: 192.168.1.1. Number of nodes 21
EtherApe-INFO: 04:00:00.203: delete node: IP: 116.203.91.91. Number of nodes 20
EtherApe-INFO: 04:00:00.203: delete node: IP: 8.8.8.8. Number of nodes 19
EtherApe-INFO: 04:00:00.447: New node: IP: 13.32.121.62. Number of nodes 20
EtherApe-INFO: 04:00:13.869: delete node: IP: 35.163.147.190. Number of nodes 19
EtherApe-INFO: 04:00:38.114: delete node: IP: 15.236.93.131. Number of nodes 18
EtherApe-INFO: 04:00:41.255: delete node: IP: 52.33.112.155. Number of nodes 17
EtherApe-INFO: 04:00:41.256: delete node: IP: 44.238.39.101. Number of nodes 16
EtherApe-INFO: 04:00:58.385: delete node: IP: 172.217.16.10. Number of nodes 15
EtherApe-INFO: 04:01:15.910: New node: IP: 8.8.8.8. Number of nodes 16
EtherApe-INFO: 04:01:34.351: delete node: IP: 18.66.15.71. Number of nodes 15
EtherApe-INFO: 04:02:26.616: delete node: IP: 18.66.122.97. Number of nodes 14
EtherApe-INFO: 04:02:30.396: delete node: IP: 35.186.227.140. Number of nodes 13
EtherApe-INFO: 04:02:38.098: delete node: IP: 34.120.208.123. Number of nodes 12
EtherApe-INFO: 04:02:44.977: New node: IP: 192.168.1.1. Number of nodes 13
EtherApe-INFO: 04:02:59.911: New node: IP: 116.203.91.91. Number of nodes 14
EtherApe-INFO: 04:03:11.110: New node: IP: 35.163.147.190. Number of nodes 15
EtherApe-INFO: 04:03:13.246: New node: IP: 52.222.214.116. Number of nodes 16
EtherApe-INFO: 04:03:13.515: New node: IP: 34.160.144.191. Number of nodes 17
EtherApe-INFO: 04:03:14.311: New node: IP: 34.160.26.51. Number of nodes 18
EtherApe-INFO: 04:03:14.313: New node: IP: 87.245.216.107. Number of nodes 19
EtherApe-INFO: 04:03:28.712: New node: IP: 142.250.203.133. Number of nodes 20
EtherApe-INFO: 04:03:58.099: delete node: IP: 13.32.121.62. Number of nodes 19
EtherApe-INFO: 04:04:45.075: delete node: IP: 192.168.1.1. Number of nodes 18
EtherApe-INFO: 04:05:00.213: delete node: IP: 116.203.91.91. Number of nodes 17
EtherApe-INFO: 04:05:14.127: delete node: IP: 35.163.147.190. Number of nodes 16
EtherApe-INFO: 04:05:14.668: delete node: IP: 34.160.26.51. Number of nodes 15
EtherApe-INFO: 04:05:14.668: delete node: IP: 8.8.8.8. Number of nodes 14
EtherApe-INFO: 04:05:17.780: New node: IP: 216.58.208.202. Number of nodes 15
EtherApe-INFO: 04:06:15.912: New node: IP: 8.8.8.8. Number of nodes 16
EtherApe-INFO: 04:07:10.086: delete node: IP: 87.245.216.107. Number of nodes 15
EtherApe-INFO: 04:07:10.086: delete node: IP: 52.222.214.116. Number of nodes 14
EtherApe-INFO: 04:07:39.379: New node: IP: 35.186.227.140. Number of nodes 15
EtherApe-INFO: 04:07:39.379: New node: IP: 52.33.112.155. Number of nodes 16
EtherApe-INFO: 04:07:42.928: delete node: IP: 216.58.208.202. Number of nodes 15
EtherApe-INFO: 04:07:44.981: New node: IP: 192.168.1.1. Number of nodes 16
EtherApe-INFO: 04:07:59.914: New node: IP: 116.203.91.91. Number of nodes 17
EtherApe-INFO: 04:08:04.713: delete node: IP: 34.160.144.191. Number of nodes 16
EtherApe-INFO: 04:08:13.246: New node: IP: 35.163.147.190. Number of nodes 17
EtherApe-INFO: 04:08:21.019: delete node: IP: 142.250.203.133. Number of nodes 16
EtherApe-INFO: 04:08:34.581: New node: IP: 172.217.16.10. Number of nodes 17
EtherApe-INFO: 04:09:45.811: delete node: IP: 192.168.1.1. Number of nodes 16
EtherApe-INFO: 04:10:00.210: delete node: IP: 116.203.91.91. Number of nodes 15
EtherApe-INFO: 04:10:00.210: delete node: IP: 8.8.8.8. Number of nodes 14
EtherApe-INFO: 04:10:14.107: delete node: IP: 35.163.147.190. Number of nodes 13
EtherApe-INFO: 04:10:34.940: delete node: IP: 172.217.16.10. Number of nodes 12
EtherApe-INFO: 04:10:41.869: delete node: IP: 52.33.112.155. Number of nodes 11
EtherApe-INFO: 04:11:15.911: New node: IP: 8.8.8.8. Number of nodes 12
EtherApe-INFO: 04:11:19.111: New node: IP: 54.192.231.104. Number of nodes 13
EtherApe-INFO: 04:11:19.112: New node: IP: 34.98.75.36. Number of nodes 14
EtherApe-INFO: 04:11:19.380: New node: IP: 34.160.144.191. Number of nodes 15
EtherApe-INFO: 04:11:50.844: New node: IP: 172.217.16.10. Number of nodes 16
EtherApe-INFO: 04:12:30.929: delete node: IP: 35.186.227.140. Number of nodes 15
EtherApe-INFO: 04:12:44.977: New node: IP: 192.168.1.1. Number of nodes 16
EtherApe-INFO: 04:12:59.910: New node: IP: 116.203.91.91. Number of nodes 17
EtherApe-INFO: 04:13:13.513: New node: IP: 35.163.147.190. Number of nodes 18
EtherApe-INFO: 04:13:28.981: New node: IP: 142.250.203.133. Number of nodes 19
EtherApe-INFO: 04:13:38.311: New node: IP: 13.32.121.62. Number of nodes 20
EtherApe-INFO: 04:13:59.192: delete node: IP: 172.217.16.10. Number of nodes 19
EtherApe-INFO: 04:14:45.890: delete node: IP: 192.168.1.1. Number of nodes 18
EtherApe-INFO: 04:15:00.491: delete node: IP: 116.203.91.91. Number of nodes 17
EtherApe-INFO: 04:15:00.491: delete node: IP: 8.8.8.8. Number of nodes 16
EtherApe-INFO: 04:15:13.806: delete node: IP: 35.163.147.190. Number of nodes 15
EtherApe-INFO: 04:15:15.431: delete node: IP: 54.192.231.104. Number of nodes 14
EtherApe-INFO: 04:16:10.891: delete node: IP: 34.160.144.191. Number of nodes 13
EtherApe-INFO: 04:16:10.891: delete node: IP: 34.98.75.36. Number of nodes 12
EtherApe-INFO: 04:16:15.911: New node: IP: 8.8.8.8. Number of nodes 13
EtherApe-INFO: 04:17:44.977: New node: IP: 192.168.1.1. Number of nodes 14
EtherApe-INFO: 04:17:59.947: New node: IP: 116.203.91.91. Number of nodes 15
EtherApe-INFO: 04:18:13.513: New node: IP: 35.163.147.190. Number of nodes 16
EtherApe-INFO: 04:18:19.378: New node: IP: 140.82.113.25. Number of nodes 17
EtherApe-INFO: 04:18:22.109: delete node: IP: 142.250.203.133. Number of nodes 16
EtherApe-INFO: 04:18:58.669: delete node: IP: 13.32.121.62. Number of nodes 15
EtherApe-INFO: 04:19:45.293: delete node: IP: 192.168.1.1. Number of nodes 14
EtherApe-INFO: 04:20:00.479: delete node: IP: 116.203.91.91. Number of nodes 13
EtherApe-INFO: 04:20:00.479: delete node: IP: 8.8.8.8. Number of nodes 12
EtherApe-INFO: 04:20:14.852: delete node: IP: 35.163.147.190. Number of nodes 11
EtherApe-INFO: 04:20:19.697: delete node: IP: 140.82.114.25. Number of nodes 10
EtherApe-INFO: 04:20:25.780: New node: IP: 34.120.208.123. Number of nodes 11
EtherApe-INFO: 04:20:26.046: New node: IP: 52.33.112.155. Number of nodes 12
EtherApe-INFO: 04:20:26.047: New node: IP: 35.186.227.140. Number of nodes 13
EtherApe-INFO: 04:20:27.649: New node: IP: 18.66.15.126. Number of nodes 14
EtherApe-INFO: 04:20:27.915: New node: IP: 8.8.8.8. Number of nodes 15
EtherApe-INFO: 04:20:27.917: New node: IP: 172.217.16.10. Number of nodes 16
EtherApe-INFO: 04:20:36.982: New node: IP: 18.66.122.97. Number of nodes 17
EtherApe-INFO: 04:20:37.251: New node: IP: 18.66.15.71. Number of nodes 18
EtherApe-INFO: 04:20:37.516: New node: IP: 13.51.136.87. Number of nodes 19
EtherApe-INFO: 04:20:37.517: New node: IP: 178.79.227.133. Number of nodes 20
EtherApe-INFO: 04:22:39.138: delete node: IP: 18.66.15.126. Number of nodes 19
EtherApe-INFO: 04:22:44.977: New node: IP: 192.168.1.1. Number of nodes 20
EtherApe-INFO: 04:22:58.853: delete node: IP: 172.217.16.10. Number of nodes 19
EtherApe-INFO: 04:22:59.948: New node: IP: 116.203.91.91. Number of nodes 20
EtherApe-INFO: 04:23:13.780: New node: IP: 35.163.147.190. Number of nodes 21
EtherApe-INFO: 04:23:18.641: delete node: IP: 34.104.32.36. Number of nodes 20
EtherApe-INFO: 04:23:27.806: delete node: IP: 52.33.112.155. Number of nodes 19
EtherApe-INFO: 04:23:29.779: New node: IP: 142.250.203.133. Number of nodes 20
EtherApe-INFO: 04:23:38.957: delete node: IP: 13.51.136.87. Number of nodes 19
EtherApe-INFO: 04:24:01.777: New node: IP: 216.58.208.202. Number of nodes 20
EtherApe-INFO: 04:24:35.980: delete node: IP: 18.66.15.71. Number of nodes 19
EtherApe-INFO: 04:24:46.957: delete node: IP: 192.168.1.1. Number of nodes 18
EtherApe-INFO: 04:25:00.501: delete node: IP: 116.203.91.91. Number of nodes 17
EtherApe-INFO: 04:25:00.501: delete node: IP: 8.8.8.8. Number of nodes 16
EtherApe-INFO: 04:25:15.116: delete node: IP: 35.163.147.190. Number of nodes 15
EtherApe-INFO: 04:25:17.011: delete node: IP: 35.186.227.140. Number of nodes 14
EtherApe-INFO: 04:25:17.011: delete node: IP: 34.120.208.123. Number of nodes 13
EtherApe-INFO: 04:25:28.257: delete node: IP: 18.66.122.97. Number of nodes 12
EtherApe-INFO: 04:26:15.995: New node: IP: 8.8.8.8. Number of nodes 13
EtherApe-INFO: 04:26:23.120: New node: IP: 13.32.121.62. Number of nodes 14
EtherApe-INFO: 04:27:44.976: New node: IP: 192.168.1.1. Number of nodes 15
EtherApe-INFO: 04:27:56.009: delete node: IP: 216.58.208.202. Number of nodes 14
EtherApe-INFO: 04:27:59.968: New node: IP: 116.203.91.91. Number of nodes 15
EtherApe-INFO: 04:28:14.043: New node: IP: 35.163.147.190. Number of nodes 16
EtherApe-INFO: 04:28:20.788: delete node: IP: 142.250.203.133. Number of nodes 15
EtherApe-INFO: 04:29:25.776: New node: IP: 154.51.12.220. Number of nodes 16
EtherApe-INFO: 04:29:45.782: delete node: IP: 192.168.1.1. Number of nodes 15
EtherApe-INFO: 04:29:59.964: delete node: IP: 8.8.8.8. Number of nodes 14
EtherApe-INFO: 04:30:00.340: delete node: IP: 116.203.91.91. Number of nodes 13
EtherApe-INFO: 04:30:15.180: delete node: IP: 35.163.147.190. Number of nodes 12
EtherApe-INFO: 04:30:26.850: New node: IP: 52.33.112.155. Number of nodes 13
EtherApe-INFO: 04:30:26.850: New node: IP: 35.186.227.140. Number of nodes 14
EtherApe-INFO: 04:31:15.917: New node: IP: 8.8.8.8. Number of nodes 15
EtherApe-INFO: 04:31:26.953: delete node: IP: 154.51.12.220. Number of nodes 14
EtherApe-INFO: 04:32:44.980: New node: IP: 192.168.1.1. Number of nodes 15
EtherApe-INFO: 04:32:59.988: New node: IP: 116.203.91.91. Number of nodes 16
EtherApe-INFO: 04:33:13.243: New node: IP: 35.163.147.190. Number of nodes 17
EtherApe-INFO: 04:33:29.336: delete node: IP: 52.33.112.155. Number of nodes 16
EtherApe-INFO: 04:33:30.582: New node: IP: 142.250.203.133. Number of nodes 17
EtherApe-INFO: 04:33:59.120: delete node: IP: 13.32.121.62. Number of nodes 16
EtherApe-INFO: 04:34:46.083: delete node: IP: 192.168.1.1. Number of nodes 15
EtherApe-INFO: 04:34:51.918: New node: IP: 216.58.208.202. Number of nodes 16
EtherApe-INFO: 04:34:59.967: delete node: IP: 8.8.8.8. Number of nodes 15
EtherApe-INFO: 04:35:00.180: delete node: IP: 116.203.91.91. Number of nodes 14
EtherApe-INFO: 04:35:14.873: delete node: IP: 35.163.147.190. Number of nodes 13
EtherApe-INFO: 04:35:18.946: delete node: IP: 35.186.227.140. Number of nodes 12
EtherApe-INFO: 04:36:15.915: New node: IP: 8.8.8.8. Number of nodes 13
EtherApe-INFO: 04:37:44.976: New node: IP: 192.168.1.1. Number of nodes 14
EtherApe-INFO: 04:37:59.911: New node: IP: 116.203.91.91. Number of nodes 15
EtherApe-INFO: 04:38:14.314: New node: IP: 35.163.147.190. Number of nodes 16
EtherApe-INFO: 04:38:22.941: delete node: IP: 142.250.203.133. Number of nodes 15
EtherApe-INFO: 04:38:35.184: delete node: IP: 216.58.208.202. Number of nodes 14
EtherApe-INFO: 04:39:47.130: delete node: IP: 192.168.1.1. Number of nodes 13
EtherApe-INFO: 04:40:00.207: delete node: IP: 116.203.91.91. Number of nodes 12
EtherApe-INFO: 04:40:00.207: delete node: IP: 8.8.8.8. Number of nodes 11
EtherApe-INFO: 04:40:14.903: delete node: IP: 35.163.147.190. Number of nodes 10
EtherApe-INFO: 04:41:15.910: New node: IP: 8.8.8.8. Number of nodes 11
EtherApe-INFO: 04:42:34.048: New node: IP: 142.250.186.202. Number of nodes 12
EtherApe-INFO: 04:42:44.976: New node: IP: 192.168.1.1. Number of nodes 13
EtherApe-INFO: 04:42:59.910: New node: IP: 116.203.91.91. Number of nodes 14
EtherApe-INFO: 04:43:14.580: New node: IP: 35.163.147.190. Number of nodes 15
EtherApe-INFO: 04:43:31.912: New node: IP: 216.58.209.5. Number of nodes 16
EtherApe-INFO: 04:44:30.044: New node: IP: 18.66.122.129. Number of nodes 17
EtherApe-INFO: 04:44:30.310: New node: IP: 18.66.122.97. Number of nodes 18
EtherApe-INFO: 04:44:30.581: New node: IP: 18.66.15.71. Number of nodes 19
EtherApe-INFO: 04:44:30.587: New node: IP: 13.36.128.112. Number of nodes 20
EtherApe-INFO: 04:44:30.588: New node: IP: 34.104.32.36. Number of nodes 21
EtherApe-INFO: 04:44:32.184: New node: IP: 52.33.112.155. Number of nodes 22
EtherApe-INFO: 04:44:32.184: New node: IP: 34.107.141.31. Number of nodes 23
EtherApe-INFO: 04:44:32.715: New node: IP: 35.186.227.140. Number of nodes 24
EtherApe-INFO: 04:44:33.778: New node: IP: 34.120.208.123. Number of nodes 25
EtherApe-INFO: 04:44:45.565: delete node: IP: 192.168.1.1. Number of nodes 24
EtherApe-INFO: 04:44:53.514: New node: IP: 216.58.208.202. Number of nodes 25
EtherApe-INFO: 04:45:00.512: delete node: IP: 116.203.91.91. Number of nodes 24
EtherApe-INFO: 04:45:03.646: New node: IP: 54.192.231.19. Number of nodes 25
EtherApe-INFO: 04:45:15.232: delete node: IP: 35.163.147.190. Number of nodes 24
EtherApe-INFO: 04:46:19.152: delete node: IP: 178.79.227.133. Number of nodes 23
EtherApe-INFO: 04:46:31.718: delete node: IP: 18.66.122.129. Number of nodes 22
EtherApe-INFO: 04:46:35.113: delete node: IP: 34.120.208.123. Number of nodes 21
EtherApe-INFO: 04:47:02.147: delete node: IP: 216.58.208.202. Number of nodes 20
EtherApe-INFO: 04:47:24.799: delete node: IP: 142.250.186.202. Number of nodes 19
EtherApe-INFO: 04:47:31.664: delete node: IP: 13.36.128.112. Number of nodes 18
EtherApe-INFO: 04:47:32.177: New node: IP: 172.217.16.10. Number of nodes 19
EtherApe-INFO: 04:47:35.913: delete node: IP: 52.33.112.155. Number of nodes 18
EtherApe-INFO: 04:47:44.976: New node: IP: 192.168.1.1. Number of nodes 19
EtherApe-INFO: 04:47:59.910: New node: IP: 116.203.91.91. Number of nodes 20
EtherApe-INFO: 04:48:14.843: New node: IP: 35.163.147.190. Number of nodes 21
EtherApe-INFO: 04:48:22.603: delete node: IP: 216.58.209.5. Number of nodes 20
EtherApe-INFO: 04:48:28.025: delete node: IP: 18.66.15.71. Number of nodes 19
EtherApe-INFO: 04:49:01.076: delete node: IP: 54.192.231.19. Number of nodes 18
EtherApe-INFO: 04:49:19.913: New node: IP: 140.82.113.26. Number of nodes 19
EtherApe-INFO: 04:49:20.851: delete node: IP: 18.66.122.97. Number of nodes 18
EtherApe-INFO: 04:49:22.916: delete node: IP: 34.107.141.31. Number of nodes 17
EtherApe-INFO: 04:49:28.203: delete node: IP: 35.186.227.140. Number of nodes 16
EtherApe-INFO: 04:49:32.529: delete node: IP: 172.217.16.10. Number of nodes 15
EtherApe-INFO: 04:49:45.107: delete node: IP: 192.168.1.1. Number of nodes 14
EtherApe-INFO: 04:50:00.197: delete node: IP: 116.203.91.91. Number of nodes 13
EtherApe-INFO: 04:50:00.198: delete node: IP: 8.8.8.8. Number of nodes 12
EtherApe-INFO: 04:50:15.926: delete node: IP: 35.163.147.190. Number of nodes 11
EtherApe-INFO: 04:50:42.314: New node: IP: 216.58.209.5. Number of nodes 12
EtherApe-INFO: 04:51:00.447: New node: IP: 172.217.16.10. Number of nodes 13
EtherApe-INFO: 04:51:15.913: New node: IP: 8.8.8.8. Number of nodes 14
EtherApe-INFO: 04:51:20.234: delete node: IP: 140.82.113.25. Number of nodes 13
EtherApe-INFO: 04:52:44.976: New node: IP: 192.168.1.1. Number of nodes 14
EtherApe-INFO: 04:52:52.746: New node: IP: 116.203.91.91. Number of nodes 15
