(etherape:1496): GLib-GIO-DEBUG: 19:33:51.517: _g_io_module_get_default: Found default implementation local (GLocalVfs) for ‘gio-vfs’
(etherape:1496): GLib-GIO-DEBUG: 19:33:52.016: Using cross-namespace EXTERNAL authentication (this will deadlock if server is GDBus < 2.73.3)
EtherApe-INFO: 19:33:52.048: sctp protocol not supported
EtherApe-INFO: 19:33:52.048: dccp protocol not supported
EtherApe-INFO: 19:33:52.048: sctp protocol not supported
EtherApe-INFO: 19:33:52.048: sctp protocol not supported
EtherApe-INFO: 19:33:52.048: sctp protocol not supported
EtherApe-INFO: 19:33:52.049: sctp protocol not supported
EtherApe-INFO: 19:33:52.049: sctp protocol not supported
EtherApe-INFO: 19:33:52.049: sctp protocol not supported
EtherApe-INFO: 19:33:52.049: sctp protocol not supported
EtherApe-INFO: 19:33:52.049: dccp protocol not supported
EtherApe-INFO: 19:33:52.049: sctp protocol not supported
EtherApe-INFO: 19:33:52.049: dccp protocol not supported
EtherApe-INFO: 19:33:52.049: dccp protocol not supported
EtherApe-INFO: 19:33:52.049: sctp protocol not supported
EtherApe-INFO: 19:33:52.049: sctp protocol not supported
EtherApe-INFO: 19:33:52.049: sctp protocol not supported
EtherApe-INFO: 19:33:52.050: sctp protocol not supported
EtherApe-INFO: 19:33:52.050: sctp protocol not supported
EtherApe-INFO: 19:33:52.050: sctp protocol not supported
EtherApe-INFO: 19:33:52.050: sctp protocol not supported
EtherApe-INFO: 19:33:52.050: sctp protocol not supported
EtherApe-INFO: 19:33:52.050: sctp protocol not supported
EtherApe-INFO: 19:33:52.050: sctp protocol not supported
EtherApe-INFO: 19:33:52.050: sctp protocol not supported
EtherApe-INFO: 19:33:52.051: sctp protocol not supported
EtherApe-INFO: 19:33:52.051: sctp protocol not supported
EtherApe-INFO: 19:33:52.051: sctp protocol not supported
EtherApe-INFO: 19:33:52.051: sctp protocol not supported
EtherApe-INFO: 19:33:52.051: dccp protocol not supported
EtherApe-INFO: 19:33:52.051: sctp protocol not supported
EtherApe-INFO: 19:33:52.051: sctp protocol not supported
EtherApe-INFO: 19:33:52.051: dccp protocol not supported
EtherApe-INFO: 19:33:52.051: sctp protocol not supported
EtherApe-INFO: 19:33:52.051: sctp protocol not supported
EtherApe-INFO: 19:33:52.051: sctp protocol not supported
EtherApe-INFO: 19:33:52.051: dccp protocol not supported
EtherApe-INFO: 19:33:52.051: dccp protocol not supported
EtherApe-INFO: 19:33:52.051: sctp protocol not supported
EtherApe-INFO: 19:33:52.051: sctp protocol not supported
EtherApe-INFO: 19:33:52.051: sctp protocol not supported
EtherApe-INFO: 19:33:52.051: sctp protocol not supported
EtherApe-INFO: 19:33:52.051: sctp protocol not supported
EtherApe-INFO: 19:33:52.051: sctp protocol not supported
EtherApe-INFO: 19:33:52.051: sctp protocol not supported
EtherApe-INFO: 19:33:52.051: sctp protocol not supported
EtherApe-INFO: 19:33:52.051: sctp protocol not supported
EtherApe-INFO: 19:33:52.051: sctp protocol not supported
EtherApe-INFO: 19:33:52.051: sctp protocol not supported
EtherApe-INFO: 19:33:52.051: sctp protocol not supported
EtherApe-INFO: 19:33:52.051: sctp protocol not supported
EtherApe-INFO: 19:33:52.051: sctp protocol not supported
EtherApe-INFO: 19:33:52.051: sctp protocol not supported
EtherApe-INFO: 19:33:52.051: sctp protocol not supported
EtherApe-INFO: 19:33:52.051: sctp protocol not supported
EtherApe-INFO: 19:33:52.051: sctp protocol not supported
EtherApe-INFO: 19:33:52.051: sctp protocol not supported
EtherApe-INFO: 19:33:52.051: sctp protocol not supported
EtherApe-INFO: 19:33:52.051: dccp protocol not supported
EtherApe-INFO: 19:33:52.051: sctp protocol not supported
EtherApe-INFO: 19:33:52.051: sctp protocol not supported
EtherApe-INFO: 19:33:52.051: sctp protocol not supported
EtherApe-INFO: 19:33:52.051: sctp protocol not supported
EtherApe-INFO: 19:33:52.052: sctp protocol not supported
EtherApe-INFO: 19:33:52.052: sctp protocol not supported
EtherApe-INFO: 19:33:52.052: sctp protocol not supported
EtherApe-INFO: 19:33:52.052: sctp protocol not supported
EtherApe-INFO: 19:33:52.052: sctp protocol not supported
EtherApe-INFO: 19:33:52.052: sctp protocol not supported
EtherApe-INFO: 19:33:52.052: sctp protocol not supported
EtherApe-INFO: 19:33:52.052: sctp protocol not supported
EtherApe-INFO: 19:33:52.052: sctp protocol not supported
EtherApe-INFO: 19:33:52.052: sctp protocol not supported
EtherApe-INFO: 19:33:52.052: sctp protocol not supported
EtherApe-INFO: 19:33:52.052: sctp protocol not supported
EtherApe-INFO: 19:33:52.052: sctp protocol not supported
EtherApe-INFO: 19:33:52.052: sctp protocol not supported
EtherApe-INFO: 19:33:52.052: sctp protocol not supported
EtherApe-INFO: 19:33:52.052: sctp protocol not supported
EtherApe-INFO: 19:33:52.052: sctp protocol not supported
EtherApe-INFO: 19:33:52.052: sctp protocol not supported
EtherApe-INFO: 19:33:52.052: sctp protocol not supported
EtherApe-INFO: 19:33:52.052: sctp protocol not supported
EtherApe-INFO: 19:33:52.052: sctp protocol not supported
EtherApe-INFO: 19:33:52.052: sctp protocol not supported
EtherApe-INFO: 19:33:52.052: sctp protocol not supported
EtherApe-INFO: 19:33:52.052: sctp protocol not supported
EtherApe-INFO: 19:33:52.052: sctp protocol not supported
EtherApe-INFO: 19:33:52.052: sctp protocol not supported
EtherApe-INFO: 19:33:52.052: sctp protocol not supported
EtherApe-INFO: 19:33:52.052: sctp protocol not supported
EtherApe-INFO: 19:33:52.052: sctp protocol not supported
EtherApe-INFO: 19:33:52.052: sctp protocol not supported
EtherApe-INFO: 19:33:52.052: sctp protocol not supported
EtherApe-INFO: 19:33:52.052: sctp protocol not supported
EtherApe-INFO: 19:33:52.052: sctp protocol not supported
EtherApe-INFO: 19:33:52.052: sctp protocol not supported
EtherApe-INFO: 19:33:52.062: get_interface result: ''
EtherApe-INFO: 19:33:52.062: Available interfaces for capture: dbus-session dbus-system nfqueue nflog bluetooth-monitor enp9s0 lo any enp5s0
EtherApe-INFO: 19:33:52.063: Link type is LINUX_SLL
EtherApe-INFO: 19:33:52.063: Diagram started
EtherApe-INFO: 19:33:52.603: New node: IP: 0.0.0.0. Number of nodes 1
EtherApe-INFO: 19:33:52.603: New node: IP: 255.255.255.255. Number of nodes 2
EtherApe-INFO: 19:34:51.537: New node: IP: 195.64.182.160. Number of nodes 3
EtherApe-INFO: 19:34:51.537: New node: IP: 1.1.1.1. Number of nodes 4
EtherApe-INFO: 19:34:53.669: New node: IP: 239.255.255.250. Number of nodes 5
EtherApe-INFO: 19:34:56.603: New node: IP: 224.0.0.251. Number of nodes 6
EtherApe-INFO: 19:34:56.603: New node: IP: 224.0.0.22. Number of nodes 7
EtherApe-INFO: 19:34:57.403: New node: IP: 79.124.49.234. Number of nodes 8
EtherApe-INFO: 19:34:57.670: New node: IP: 95.216.195.133. Number of nodes 9
EtherApe-INFO: 19:34:58.469: New node: IP: 146.112.41.2. Number of nodes 10
EtherApe-INFO: 19:34:58.470: New node: IP: 142.250.203.203. Number of nodes 11
EtherApe-INFO: 19:34:58.740: New node: IP: 3.2.9.2. Number of nodes 12
EtherApe-INFO: 19:34:58.740: New node: IP: 192.178.25.170. Number of nodes 13
EtherApe-INFO: 19:34:58.740: New node: IP: 64.233.161.188. Number of nodes 14
EtherApe-INFO: 19:34:58.741: New node: IP: 64.233.164.188. Number of nodes 15
EtherApe-INFO: 19:34:58.741: New node: IP: 142.250.203.197. Number of nodes 16
EtherApe-INFO: 19:34:58.741: New node: IP: 142.250.203.142. Number of nodes 17
EtherApe-INFO: 19:34:58.741: New node: IP: 216.58.209.13. Number of nodes 18
EtherApe-INFO: 19:34:58.741: New node: IP: 18.159.68.239. Number of nodes 19
EtherApe-INFO: 19:34:58.742: New node: IP: 216.58.215.67. Number of nodes 20
EtherApe-INFO: 19:34:59.269: New node: IP: 18.66.234.116. Number of nodes 21
EtherApe-INFO: 19:34:59.803: New node: IP: 142.250.203.206. Number of nodes 22
EtherApe-INFO: 19:35:00.340: New node: IP: 142.250.203.202. Number of nodes 23
EtherApe-INFO: 19:35:00.340: New node: IP: 140.82.121.4. Number of nodes 24
EtherApe-INFO: 19:35:00.340: New node: IP: 185.199.109.133. Number of nodes 25
EtherApe-INFO: 19:35:00.606: New node: IP: 140.82.113.25. Number of nodes 26
EtherApe-INFO: 19:35:00.607: New node: IP: 140.82.121.6. Number of nodes 27
EtherApe-INFO: 19:35:00.608: New node: IP: 140.82.114.21. Number of nodes 28
EtherApe-INFO: 19:35:01.136: New node: IP: 192.178.25.168. Number of nodes 29
EtherApe-INFO: 19:35:01.408: New node: IP: 142.250.203.131. Number of nodes 30
EtherApe-INFO: 19:35:01.670: New node: IP: 135.181.27.174. Number of nodes 31
EtherApe-INFO: 19:35:01.936: New node: IP: 3.223.181.74. Number of nodes 32
EtherApe-INFO: 19:35:01.937: New node: IP: 216.58.208.202. Number of nodes 33
EtherApe-INFO: 19:35:03.803: New node: IP: 142.250.75.22. Number of nodes 34
EtherApe-INFO: 19:35:04.070: New node: IP: 176.122.113.12. Number of nodes 35
EtherApe-INFO: 19:35:04.070: New node: IP: 31.43.58.108. Number of nodes 36
EtherApe-INFO: 19:35:04.337: New node: IP: 31.43.58.110. Number of nodes 37
EtherApe-INFO: 19:35:04.337: New node: IP: 31.43.47.205. Number of nodes 38
EtherApe-INFO: 19:35:04.338: New node: IP: 176.122.113.14. Number of nodes 39
EtherApe-INFO: 19:35:05.724: New node: IP: 142.250.186.196. Number of nodes 40
EtherApe-INFO: 19:35:06.523: New node: IP: 71.6.232.22. Number of nodes 41
EtherApe-INFO: 19:35:07.071: New node: IP: 142.250.186.206. Number of nodes 42
EtherApe-INFO: 19:35:07.072: New node: IP: 172.217.16.10. Number of nodes 43
EtherApe-INFO: 19:35:07.324: New node: IP: 192.178.25.163. Number of nodes 44
EtherApe-INFO: 19:35:07.328: New node: IP: 142.250.203.145. Number of nodes 45
EtherApe-INFO: 19:35:07.488: New node: IP: 142.250.203.129. Number of nodes 46
EtherApe-INFO: 19:35:07.666: New node: IP: 172.217.16.42. Number of nodes 47
EtherApe-INFO: 19:35:07.668: New node: IP: 142.250.203.138. Number of nodes 48
EtherApe-INFO: 19:35:07.668: New node: IP: 104.18.12.33. Number of nodes 49
EtherApe-INFO: 19:35:08.058: New node: IP: 172.217.16.34. Number of nodes 50
EtherApe-INFO: 19:35:08.273: New node: IP: 104.18.13.33. Number of nodes 51
EtherApe-INFO: 19:35:08.602: New node: IP: 192.178.25.174. Number of nodes 52
EtherApe-INFO: 19:35:09.137: New node: IP: 109.205.213.70. Number of nodes 53
EtherApe-INFO: 19:35:10.470: New node: IP: 151.101.193.91. Number of nodes 54
EtherApe-INFO: 19:35:13.140: New node: IP: 142.250.75.14. Number of nodes 55
EtherApe-INFO: 19:35:13.938: New node: IP: 142.250.186.195. Number of nodes 56
EtherApe-INFO: 19:35:17.844: New node: IP: 31.43.47.204. Number of nodes 57
EtherApe-INFO: 19:35:17.844: New node: IP: 173.194.0.42. Number of nodes 58
EtherApe-INFO: 19:35:19.830: New node: IP: 142.250.186.202. Number of nodes 59
EtherApe-INFO: 19:35:22.766: New node: IP: 94.102.61.49. Number of nodes 60
EtherApe-INFO: 19:35:39.510: New node: IP: 142.250.75.10. Number of nodes 61
EtherApe-INFO: 19:35:50.709: New node: IP: 195.64.136.254. Number of nodes 62
EtherApe-INFO: 19:35:52.317: New node: IP: 109.205.213.22. Number of nodes 63
EtherApe-INFO: 19:35:58.713: New node: IP: 45.156.129.16. Number of nodes 64
EtherApe-INFO: 19:36:05.114: New node: IP: 151.101.129.69. Number of nodes 65
EtherApe-INFO: 19:36:05.114: New node: IP: 172.217.16.131. Number of nodes 66
EtherApe-INFO: 19:36:05.115: New node: IP: 108.138.51.79. Number of nodes 67
EtherApe-INFO: 19:36:05.378: New node: IP: 192.0.73.2. Number of nodes 68
EtherApe-INFO: 19:36:05.378: New node: IP: 142.250.203.144. Number of nodes 69
EtherApe-INFO: 19:36:05.379: New node: IP: 91.198.174.192. Number of nodes 70
EtherApe-INFO: 19:36:07.190: New node: IP: 172.64.140.5. Number of nodes 71
EtherApe-INFO: 19:36:07.192: New node: IP: 104.17.32.105. Number of nodes 72
EtherApe-INFO: 19:36:07.456: New node: IP: 104.18.41.233. Number of nodes 73
EtherApe-INFO: 19:36:07.457: New node: IP: 104.87.176.12. Number of nodes 74
EtherApe-INFO: 19:36:07.723: New node: IP: 5.45.74.77. Number of nodes 75
EtherApe-INFO: 19:36:07.724: New node: IP: 99.80.22.109. Number of nodes 76
EtherApe-INFO: 19:36:07.724: New node: IP: 216.58.209.4. Number of nodes 77
EtherApe-INFO: 19:36:07.724: New node: IP: 172.67.71.73. Number of nodes 78
EtherApe-INFO: 19:36:08.523: New node: IP: 151.101.66.217. Number of nodes 79
EtherApe-INFO: 19:36:08.802: New node: IP: 37.19.218.109. Number of nodes 80
EtherApe-INFO: 19:36:09.059: New node: IP: 96.16.54.138. Number of nodes 81
EtherApe-INFO: 19:36:09.061: New node: IP: 193.19.153.66. Number of nodes 82
EtherApe-INFO: 19:36:09.326: New node: IP: 104.81.115.103. Number of nodes 83
EtherApe-INFO: 19:36:09.335: New node: IP: 66.175.215.251. Number of nodes 84
EtherApe-INFO: 19:36:09.593: New node: IP: 173.194.76.82. Number of nodes 85
EtherApe-INFO: 19:36:09.593: New node: IP: 173.255.206.39. Number of nodes 86
EtherApe-INFO: 19:36:09.594: New node: IP: 130.14.29.110. Number of nodes 87
EtherApe-INFO: 19:36:09.595: New node: IP: 108.138.51.122. Number of nodes 88
EtherApe-INFO: 19:36:09.596: New node: IP: 3.233.159.178. Number of nodes 89
EtherApe-INFO: 19:36:09.861: New node: IP: 172.217.16.9. Number of nodes 90
EtherApe-INFO: 19:36:10.604: New node: IP: 93.184.220.66. Number of nodes 91
EtherApe-INFO: 19:36:10.604: New node: IP: 172.67.130.60. Number of nodes 92
EtherApe-INFO: 19:36:10.605: New node: IP: 104.18.29.38. Number of nodes 93
EtherApe-INFO: 19:36:10.605: New node: IP: 185.199.111.154. Number of nodes 94
EtherApe-INFO: 19:36:10.878: New node: IP: 68.183.241.41. Number of nodes 95
EtherApe-INFO: 19:36:11.137: New node: IP: 13.107.42.14. Number of nodes 96
EtherApe-INFO: 19:36:11.403: New node: IP: 192.0.66.96. Number of nodes 97
EtherApe-INFO: 19:36:11.406: New node: IP: 76.76.21.21. Number of nodes 98
EtherApe-INFO: 19:36:11.406: New node: IP: 3.251.50.149. Number of nodes 99
EtherApe-INFO: 19:36:11.407: New node: IP: 74.125.133.92. Number of nodes 100
EtherApe-INFO: 19:36:11.674: New node: IP: 104.244.42.72. Number of nodes 101
EtherApe-INFO: 19:36:11.675: New node: IP: 104.18.40.133. Number of nodes 102
EtherApe-INFO: 19:36:11.939: New node: IP: 18.66.233.62. Number of nodes 103
EtherApe-INFO: 19:36:11.941: New node: IP: 18.244.102.25. Number of nodes 104
EtherApe-INFO: 19:36:11.946: New node: IP: 213.160.157.254. Number of nodes 105
EtherApe-INFO: 19:36:12.203: New node: IP: 185.199.109.153. Number of nodes 106
EtherApe-INFO: 19:36:12.203: New node: IP: 52.29.123.56. Number of nodes 107
EtherApe-INFO: 19:36:12.203: New node: IP: 104.18.15.117. Number of nodes 108
EtherApe-INFO: 19:36:12.204: New node: IP: 18.244.102.28. Number of nodes 109
EtherApe-INFO: 19:36:12.204: New node: IP: 108.138.46.56. Number of nodes 110
EtherApe-INFO: 19:36:12.204: New node: IP: 108.138.51.76. Number of nodes 111
EtherApe-INFO: 19:36:12.204: New node: IP: 104.22.3.43. Number of nodes 112
EtherApe-INFO: 19:36:12.209: New node: IP: 94.102.61.50. Number of nodes 113
EtherApe-INFO: 19:36:12.470: New node: IP: 35.190.88.7. Number of nodes 114
EtherApe-INFO: 19:36:12.478: New node: IP: 104.16.243.94. Number of nodes 115
EtherApe-INFO: 19:36:12.479: New node: IP: 104.16.100.56. Number of nodes 116
EtherApe-INFO: 19:36:12.755: New node: IP: 217.65.3.21. Number of nodes 117
EtherApe-INFO: 19:36:12.990: New node: IP: 142.250.186.194. Number of nodes 118
EtherApe-INFO: 19:36:12.993: New node: IP: 176.122.96.225. Number of nodes 119
EtherApe-INFO: 19:36:13.247: New node: IP: 104.16.26.5. Number of nodes 120
EtherApe-INFO: 19:36:13.247: New node: IP: 143.244.45.177. Number of nodes 121
EtherApe-INFO: 19:36:13.248: New node: IP: 18.244.102.43. Number of nodes 122
EtherApe-INFO: 19:36:13.782: New node: IP: 104.18.28.38. Number of nodes 123
EtherApe-INFO: 19:36:13.792: New node: IP: 140.82.114.25. Number of nodes 124
EtherApe-INFO: 19:36:13.793: New node: IP: 54.200.29.238. Number of nodes 125
EtherApe-INFO: 19:36:14.044: New node: IP: 178.18.231.162. Number of nodes 126
EtherApe-INFO: 19:36:14.318: New node: IP: 157.240.224.7. Number of nodes 127
EtherApe-INFO: 19:36:14.324: New node: IP: 188.114.97.13. Number of nodes 128
EtherApe-INFO: 19:36:14.473: New node: IP: 140.82.121.3. Number of nodes 129
EtherApe-INFO: 19:36:14.474: New node: IP: 18.244.102.116. Number of nodes 130
EtherApe-INFO: 19:36:14.575: New node: IP: 104.18.23.126. Number of nodes 131
EtherApe-INFO: 19:36:14.792: New node: IP: 107.23.65.63. Number of nodes 132
EtherApe-INFO: 19:36:14.792: New node: IP: 35.186.249.72. Number of nodes 133
EtherApe-INFO: 19:36:15.063: New node: IP: 104.17.183.177. Number of nodes 134
EtherApe-INFO: 19:36:15.064: New node: IP: 96.16.54.171. Number of nodes 135
EtherApe-INFO: 19:36:15.065: New node: IP: 18.66.233.56. Number of nodes 136
EtherApe-INFO: 19:36:15.323: New node: IP: 104.16.42.65. Number of nodes 137
EtherApe-INFO: 19:36:15.323: New node: IP: 104.17.184.177. Number of nodes 138
EtherApe-INFO: 19:36:15.591: New node: IP: 34.237.73.95. Number of nodes 139
EtherApe-INFO: 19:36:15.859: New node: IP: 18.244.102.10. Number of nodes 140
EtherApe-INFO: 19:36:15.859: New node: IP: 108.138.46.177. Number of nodes 141
EtherApe-INFO: 19:36:16.157: New node: IP: 54.175.26.105. Number of nodes 142
EtherApe-INFO: 19:36:16.158: New node: IP: 62.140.236.170. Number of nodes 143
EtherApe-INFO: 19:36:16.397: New node: IP: 31.43.58.109. Number of nodes 144
EtherApe-INFO: 19:36:16.691: New node: IP: 183.136.225.43. Number of nodes 145
EtherApe-INFO: 19:36:16.692: New node: IP: 104.198.63.0. Number of nodes 146
EtherApe-INFO: 19:36:16.694: New node: IP: 54.191.123.116. Number of nodes 147
EtherApe-INFO: 19:36:16.924: New node: IP: 146.75.120.157. Number of nodes 148
EtherApe-INFO: 19:36:16.924: New node: IP: 151.101.65.140. Number of nodes 149
EtherApe-INFO: 19:36:17.911: New node: IP: 104.26.0.101. Number of nodes 150
EtherApe-INFO: 19:36:28.229: New node: IP: 143.110.253.154. Number of nodes 151
EtherApe-INFO: 19:36:33.651: New node: IP: 216.58.209.10. Number of nodes 152
EtherApe-INFO: 19:36:33.651: New node: IP: 104.16.181.15. Number of nodes 153
EtherApe-INFO: 19:36:33.652: New node: IP: 104.81.124.57. Number of nodes 154
EtherApe-INFO: 19:36:33.910: New node: IP: 104.192.141.1. Number of nodes 155
EtherApe-INFO: 19:36:33.914: New node: IP: 172.217.16.33. Number of nodes 156
EtherApe-INFO: 19:36:33.915: New node: IP: 216.58.215.74. Number of nodes 157
EtherApe-INFO: 19:36:34.450: New node: IP: 104.81.209.157. Number of nodes 158
EtherApe-INFO: 19:36:34.450: New node: IP: 104.81.124.174. Number of nodes 159
EtherApe-INFO: 19:36:34.455: New node: IP: 52.223.33.116. Number of nodes 160
EtherApe-INFO: 19:36:34.456: New node: IP: 151.101.193.21. Number of nodes 161
EtherApe-INFO: 19:36:34.710: New node: IP: 151.101.192.176. Number of nodes 162
EtherApe-INFO: 19:36:34.712: New node: IP: 104.16.182.15. Number of nodes 163
EtherApe-INFO: 19:36:34.976: New node: IP: 96.16.54.106. Number of nodes 164
EtherApe-INFO: 19:36:34.978: New node: IP: 104.81.216.158. Number of nodes 165
EtherApe-INFO: 19:36:34.979: New node: IP: 44.240.173.23. Number of nodes 166
EtherApe-INFO: 19:36:35.772: New node: IP: 108.138.51.55. Number of nodes 167
EtherApe-INFO: 19:36:36.046: New node: IP: 34.102.232.42. Number of nodes 168
EtherApe-INFO: 19:36:36.047: New node: IP: 34.149.155.70. Number of nodes 169
EtherApe-INFO: 19:36:36.047: New node: IP: 185.166.143.30. Number of nodes 170
EtherApe-INFO: 19:36:36.047: New node: IP: 172.217.16.46. Number of nodes 171
EtherApe-INFO: 19:36:36.737: New node: IP: 216.58.215.106. Number of nodes 172
EtherApe-INFO: 19:36:37.003: New node: IP: 34.199.118.51. Number of nodes 173
EtherApe-INFO: 19:36:41.784: New node: IP: 142.250.203.208. Number of nodes 174
EtherApe-INFO: 19:36:42.311: New node: IP: 185.166.143.36. Number of nodes 175
EtherApe-INFO: 19:36:42.311: New node: IP: 64.225.111.153. Number of nodes 176
EtherApe-INFO: 19:36:42.311: New node: IP: 159.65.170.203. Number of nodes 177
EtherApe-INFO: 19:36:42.312: New node: IP: 18.244.102.19. Number of nodes 178
EtherApe-INFO: 19:36:43.128: New node: IP: 216.58.208.214. Number of nodes 179
EtherApe-INFO: 19:36:43.389: New node: IP: 146.75.122.49. Number of nodes 180
EtherApe-INFO: 19:36:44.885: New node: IP: 3.68.175.98. Number of nodes 181
EtherApe-INFO: 19:36:45.102: New node: IP: 185.166.143.32. Number of nodes 182
EtherApe-INFO: 19:36:45.892: New node: IP: 18.66.233.89. Number of nodes 183
EtherApe-INFO: 19:36:47.390: New node: IP: 3.67.131.16. Number of nodes 184
EtherApe-INFO: 19:36:48.178: New node: IP: 3.67.245.95. Number of nodes 185
EtherApe-INFO: 19:36:48.956: New node: IP: 18.205.93.6. Number of nodes 186
EtherApe-INFO: 19:36:49.304: New node: IP: 18.244.102.115. Number of nodes 187
EtherApe-INFO: 19:36:49.946: New node: IP: 178.249.97.23. Number of nodes 188
EtherApe-INFO: 19:36:50.088: New node: IP: 142.250.203.195. Number of nodes 189
EtherApe-INFO: 19:36:50.643: New node: IP: 178.249.97.99. Number of nodes 190
EtherApe-INFO: 19:36:54.057: New node: IP: 208.89.12.87. Number of nodes 191
EtherApe-INFO: 19:36:54.626: New node: IP: 185.166.143.33. Number of nodes 192
EtherApe-INFO: 19:36:55.792: New node: IP: 18.244.92.67. Number of nodes 193
EtherApe-INFO: 19:36:56.203: New node: IP: 104.244.42.69. Number of nodes 194
EtherApe-INFO: 19:36:56.203: New node: IP: 104.244.42.67. Number of nodes 195
EtherApe-INFO: 19:36:57.027: delete node: IP: 224.0.0.22. Number of nodes 194
EtherApe-INFO: 19:36:58.527: New node: IP: 142.250.186.193. Number of nodes 195
EtherApe-INFO: 19:36:59.512: delete node: IP: 224.0.0.251. Number of nodes 194
EtherApe-INFO: 19:36:59.594: New node: IP: 142.250.79.35. Number of nodes 195
EtherApe-INFO: 19:36:59.595: New node: IP: 216.239.32.116. Number of nodes 196
EtherApe-INFO: 19:36:59.798: delete node: IP: 95.216.195.133. Number of nodes 195
EtherApe-INFO: 19:37:00.316: New node: IP: 108.138.50.116. Number of nodes 196
EtherApe-INFO: 19:37:02.799: New node: IP: 18.66.233.6. Number of nodes 197
EtherApe-INFO: 19:37:05.292: New node: IP: 35.157.63.229. Number of nodes 198
EtherApe-INFO: 19:37:06.385: delete node: IP: 71.6.232.22. Number of nodes 197
EtherApe-INFO: 19:37:06.650: New node: IP: 35.157.63.228. Number of nodes 198
EtherApe-INFO: 19:37:06.650: New node: IP: 18.244.102.6. Number of nodes 199
EtherApe-INFO: 19:37:06.651: New node: IP: 35.172.90.18. Number of nodes 200
EtherApe-INFO: 19:37:07.397: New node: IP: 52.84.195.11. Number of nodes 201
EtherApe-INFO: 19:37:07.611: New node: IP: 151.101.0.176. Number of nodes 202
EtherApe-INFO: 19:37:07.857: New node: IP: 18.244.102.91. Number of nodes 203
EtherApe-INFO: 19:37:08.097: New node: IP: 18.235.45.208. Number of nodes 204
EtherApe-INFO: 19:37:08.550: New node: IP: 52.84.195.80. Number of nodes 205
EtherApe-INFO: 19:37:10.519: delete node: IP: 140.82.113.25. Number of nodes 204
EtherApe-INFO: 19:37:13.424: New node: IP: 104.18.2.19. Number of nodes 205
EtherApe-INFO: 19:37:14.227: New node: IP: 151.101.2.217. Number of nodes 206
EtherApe-INFO: 19:37:14.736: New node: IP: 3.33.235.18. Number of nodes 207
EtherApe-INFO: 19:37:17.563: New node: IP: 178.18.231.145. Number of nodes 208
EtherApe-INFO: 19:37:17.862: New node: IP: 3.68.124.168. Number of nodes 209
EtherApe-INFO: 19:37:18.110: New node: IP: 13.107.21.200. Number of nodes 210
EtherApe-INFO: 19:37:18.216: delete node: IP: 173.194.0.42. Number of nodes 209
EtherApe-INFO: 19:37:19.776: New node: IP: 35.174.236.115. Number of nodes 210
EtherApe-INFO: 19:37:20.577: New node: IP: 172.67.22.52. Number of nodes 211
EtherApe-INFO: 19:37:22.686: New node: IP: 104.22.57.156. Number of nodes 212
EtherApe-INFO: 19:37:23.483: New node: IP: 77.51.208.213. Number of nodes 213
EtherApe-INFO: 19:37:27.936: New node: IP: 45.54.49.5. Number of nodes 214
EtherApe-INFO: 19:37:29.806: New node: IP: 34.237.39.240. Number of nodes 215
EtherApe-INFO: 19:37:38.101: New node: IP: 118.123.105.90. Number of nodes 216
EtherApe-INFO: 19:37:40.819: delete node: IP: 172.217.16.34. Number of nodes 215
EtherApe-INFO: 19:37:50.668: delete node: IP: 195.64.136.254. Number of nodes 214
EtherApe-INFO: 19:37:54.052: New node: IP: 35.217.17.196. Number of nodes 215
EtherApe-INFO: 19:37:58.886: delete node: IP: 45.156.129.16. Number of nodes 214
EtherApe-INFO: 19:37:59.723: New node: IP: 172.217.16.3. Number of nodes 215
EtherApe-INFO: 19:38:02.656: New node: IP: 159.203.240.10. Number of nodes 216
EtherApe-INFO: 19:38:05.274: delete node: IP: 176.122.113.14. Number of nodes 215
EtherApe-INFO: 19:38:07.058: New node: IP: 216.58.215.99. Number of nodes 216
EtherApe-INFO: 19:38:07.061: delete node: IP: 135.181.27.174. Number of nodes 215
EtherApe-INFO: 19:38:07.064: New node: IP: 8.208.10.94. Number of nodes 216
EtherApe-INFO: 19:38:07.944: delete node: IP: 172.217.16.42. Number of nodes 215
EtherApe-INFO: 19:38:07.944: delete node: IP: 172.67.71.73. Number of nodes 214
EtherApe-INFO: 19:38:08.450: delete node: IP: 172.64.140.5. Number of nodes 213
EtherApe-INFO: 19:38:10.782: delete node: IP: 173.255.206.39. Number of nodes 212
EtherApe-INFO: 19:38:12.973: delete node: IP: 130.14.29.110. Number of nodes 211
EtherApe-INFO: 19:38:14.309: delete node: IP: 213.160.157.254. Number of nodes 210
EtherApe-INFO: 19:38:14.836: delete node: IP: 188.114.97.13. Number of nodes 209
EtherApe-INFO: 19:38:14.836: delete node: IP: 140.82.114.25. Number of nodes 208
EtherApe-INFO: 19:38:15.081: delete node: IP: 35.186.249.72. Number of nodes 207
EtherApe-INFO: 19:38:16.448: delete node: IP: 217.65.3.21. Number of nodes 206
EtherApe-INFO: 19:38:16.448: delete node: IP: 31.43.47.204. Number of nodes 205
EtherApe-INFO: 19:38:16.942: delete node: IP: 183.136.225.43. Number of nodes 204
EtherApe-INFO: 19:38:18.819: delete node: IP: 54.175.26.105. Number of nodes 203
EtherApe-INFO: 19:38:19.068: delete node: IP: 104.17.183.177. Number of nodes 202
EtherApe-INFO: 19:38:22.470: New node: IP: 167.248.133.140. Number of nodes 203
EtherApe-INFO: 19:38:24.924: delete node: IP: 31.43.58.108. Number of nodes 202
EtherApe-INFO: 19:38:27.791: delete node: IP: 176.122.113.12. Number of nodes 201
EtherApe-INFO: 19:38:28.395: delete node: IP: 143.110.253.154. Number of nodes 200
EtherApe-INFO: 19:38:30.821: delete node: IP: 142.250.75.22. Number of nodes 199
EtherApe-INFO: 19:38:33.134: delete node: IP: 66.175.215.251. Number of nodes 198
EtherApe-INFO: 19:38:33.619: New node: IP: 172.217.16.14. Number of nodes 199
EtherApe-INFO: 19:38:33.620: New node: IP: 142.250.75.3. Number of nodes 200
EtherApe-INFO: 19:38:35.004: delete node: IP: 151.101.192.176. Number of nodes 199
EtherApe-INFO: 19:38:35.527: delete node: IP: 216.58.209.10. Number of nodes 198
EtherApe-INFO: 19:38:36.292: delete node: IP: 34.102.232.42. Number of nodes 197
EtherApe-INFO: 19:38:37.897: delete node: IP: 5.45.74.77. Number of nodes 196
EtherApe-INFO: 19:38:40.581: New node: IP: 173.194.188.42. Number of nodes 197
EtherApe-INFO: 19:38:40.583: New node: IP: 141.98.11.207. Number of nodes 198
EtherApe-INFO: 19:38:41.405: New node: IP: 74.125.104.72. Number of nodes 199
EtherApe-INFO: 19:38:41.406: New node: IP: 173.194.188.106. Number of nodes 200
EtherApe-INFO: 19:38:42.226: delete node: IP: 142.250.203.203. Number of nodes 199
EtherApe-INFO: 19:38:42.473: New node: IP: 216.239.38.117. Number of nodes 200
EtherApe-INFO: 19:38:42.473: New node: IP: 172.217.18.99. Number of nodes 201
EtherApe-INFO: 19:38:48.139: delete node: IP: 31.43.58.110. Number of nodes 200
EtherApe-INFO: 19:39:01.547: delete node: IP: 142.250.79.35. Number of nodes 199
EtherApe-INFO: 19:39:04.015: delete node: IP: 192.178.25.163. Number of nodes 198
EtherApe-INFO: 19:39:07.942: delete node: IP: 151.101.0.176. Number of nodes 197
EtherApe-INFO: 19:39:07.942: delete node: IP: 104.17.32.105. Number of nodes 196
EtherApe-INFO: 19:39:08.137: New node: IP: 35.206.197.180. Number of nodes 197
EtherApe-INFO: 19:39:10.797: delete node: IP: 3.233.159.178. Number of nodes 196
EtherApe-INFO: 19:39:12.704: delete node: IP: 172.217.16.9. Number of nodes 195
EtherApe-INFO: 19:39:12.704: delete node: IP: 172.67.130.60. Number of nodes 194
EtherApe-INFO: 19:39:12.704: delete node: IP: 104.18.15.117. Number of nodes 193
EtherApe-INFO: 19:39:12.704: delete node: IP: 74.125.133.92. Number of nodes 192
EtherApe-INFO: 19:39:12.924: New node: IP: 205.210.31.145. Number of nodes 193
EtherApe-INFO: 19:39:12.965: delete node: IP: 173.194.76.82. Number of nodes 192
EtherApe-INFO: 19:39:13.470: delete node: IP: 35.190.88.7. Number of nodes 191
EtherApe-INFO: 19:39:14.911: delete node: IP: 18.244.102.116. Number of nodes 190
EtherApe-INFO: 19:39:15.183: delete node: IP: 54.200.29.238. Number of nodes 189
EtherApe-INFO: 19:39:16.200: delete node: IP: 176.122.96.225. Number of nodes 188
EtherApe-INFO: 19:39:16.200: delete node: IP: 104.17.184.177. Number of nodes 187
EtherApe-INFO: 19:39:16.200: delete node: IP: 104.16.42.65. Number of nodes 186
EtherApe-INFO: 19:39:17.594: delete node: IP: 193.19.153.66. Number of nodes 185
EtherApe-INFO: 19:39:18.024: delete node: IP: 52.29.123.56. Number of nodes 184
EtherApe-INFO: 19:39:18.933: delete node: IP: 142.250.186.194. Number of nodes 183
EtherApe-INFO: 19:39:20.753: delete node: IP: 99.80.22.109. Number of nodes 182
EtherApe-INFO: 19:39:22.069: New node: IP: 162.216.150.215. Number of nodes 183
EtherApe-INFO: 19:39:22.118: delete node: IP: 192.0.66.96. Number of nodes 182
EtherApe-INFO: 19:39:23.137: New node: IP: 185.167.97.244. Number of nodes 183
EtherApe-INFO: 19:39:26.759: delete node: IP: 77.51.208.213. Number of nodes 182
EtherApe-INFO: 19:39:27.273: delete node: IP: 104.198.63.0. Number of nodes 181
EtherApe-INFO: 19:39:33.159: delete node: IP: 45.54.49.5. Number of nodes 180
EtherApe-INFO: 19:39:33.764: delete node: IP: 3.2.9.2. Number of nodes 179
EtherApe-INFO: 19:39:35.894: delete node: IP: 44.240.173.23. Number of nodes 178
EtherApe-INFO: 19:39:38.758: delete node: IP: 118.123.105.90. Number of nodes 177
EtherApe-INFO: 19:39:38.758: delete node: IP: 34.149.155.70. Number of nodes 176
EtherApe-INFO: 19:39:41.083: New node: IP: 198.235.24.68. Number of nodes 177
EtherApe-INFO: 19:39:43.750: New node: IP: 95.214.55.244. Number of nodes 178
EtherApe-INFO: 19:39:44.829: delete node: IP: 192.0.73.2. Number of nodes 177
EtherApe-INFO: 19:39:52.686: delete node: IP: 216.58.209.4. Number of nodes 176
EtherApe-INFO: 19:39:52.686: delete node: IP: 142.250.203.208. Number of nodes 175
EtherApe-INFO: 19:39:54.012: delete node: IP: 216.58.208.214. Number of nodes 174
EtherApe-INFO: 19:39:54.012: delete node: IP: 172.217.16.10. Number of nodes 173
EtherApe-INFO: 19:39:54.470: New node: IP: 95.216.195.133. Number of nodes 174
EtherApe-INFO: 19:39:54.508: delete node: IP: 142.250.186.195. Number of nodes 173
EtherApe-INFO: 19:39:55.891: delete node: IP: 142.250.203.195. Number of nodes 172
EtherApe-INFO: 19:39:57.126: delete node: IP: 31.43.47.205. Number of nodes 171
EtherApe-INFO: 19:39:59.447: delete node: IP: 35.217.17.196. Number of nodes 170
EtherApe-INFO: 19:39:59.710: New node: IP: 142.250.79.35. Number of nodes 171
EtherApe-INFO: 19:40:01.678: delete node: IP: 172.217.16.33. Number of nodes 170
EtherApe-INFO: 19:40:01.678: delete node: IP: 142.250.186.193. Number of nodes 169
EtherApe-INFO: 19:40:02.818: delete node: IP: 159.203.240.10. Number of nodes 168
EtherApe-INFO: 19:40:07.311: delete node: IP: 8.208.10.94. Number of nodes 167
EtherApe-INFO: 19:40:08.338: delete node: IP: 142.250.203.131. Number of nodes 166
EtherApe-INFO: 19:40:08.883: delete node: IP: 54.191.123.116. Number of nodes 165
EtherApe-INFO: 19:40:09.395: delete node: IP: 104.81.115.103. Number of nodes 164
EtherApe-INFO: 19:40:09.910: New node: IP: 216.58.209.4. Number of nodes 165
EtherApe-INFO: 19:40:13.749: New node: IP: 146.56.189.249. Number of nodes 166
EtherApe-INFO: 19:40:15.112: delete node: IP: 140.82.114.21. Number of nodes 165
EtherApe-INFO: 19:40:15.113: delete node: IP: 96.16.54.171. Number of nodes 164
EtherApe-INFO: 19:40:16.155: delete node: IP: 107.23.65.63. Number of nodes 163
EtherApe-INFO: 19:40:20.999: delete node: IP: 35.174.236.115. Number of nodes 162
EtherApe-INFO: 19:40:22.523: New node: IP: 198.235.24.212. Number of nodes 163
EtherApe-INFO: 19:40:22.618: delete node: IP: 167.248.133.140. Number of nodes 162
EtherApe-INFO: 19:40:23.582: New node: IP: 169.254.195.1. Number of nodes 163
EtherApe-INFO: 19:40:23.582: New node: IP: 169.254.255.255. Number of nodes 164
EtherApe-INFO: 19:40:28.950: delete node: IP: 68.183.241.41. Number of nodes 163
EtherApe-INFO: 19:40:32.981: delete node: IP: 104.18.41.233. Number of nodes 162
EtherApe-INFO: 19:40:33.747: delete node: IP: 52.223.33.116. Number of nodes 161
EtherApe-INFO: 19:40:34.562: delete node: IP: 62.140.236.170. Number of nodes 160
EtherApe-INFO: 19:40:35.003: New node: IP: 151.80.169.28. Number of nodes 161
EtherApe-INFO: 19:40:35.310: delete node: IP: 96.16.54.106. Number of nodes 160
EtherApe-INFO: 19:40:36.668: delete node: IP: 104.81.124.57. Number of nodes 159
EtherApe-INFO: 19:40:38.778: delete node: IP: 216.58.215.99. Number of nodes 158
EtherApe-INFO: 19:40:40.524: delete node: IP: 142.250.186.202. Number of nodes 157
EtherApe-INFO: 19:40:42.409: delete node: IP: 192.178.25.168. Number of nodes 156
EtherApe-INFO: 19:40:42.409: delete node: IP: 157.240.224.7. Number of nodes 155
EtherApe-INFO: 19:40:42.409: delete node: IP: 35.172.90.18. Number of nodes 154
EtherApe-INFO: 19:40:42.644: delete node: IP: 216.239.38.117. Number of nodes 153
EtherApe-INFO: 19:40:44.825: delete node: IP: 34.237.39.240. Number of nodes 152
EtherApe-INFO: 19:40:45.688: delete node: IP: 74.125.104.72. Number of nodes 151
EtherApe-INFO: 19:40:46.802: delete node: IP: 173.194.188.106. Number of nodes 150
EtherApe-INFO: 19:40:46.802: delete node: IP: 173.194.188.42. Number of nodes 149
EtherApe-INFO: 19:40:51.581: delete node: IP: 104.192.141.1. Number of nodes 148
EtherApe-INFO: 19:40:51.821: delete node: IP: 18.205.93.6. Number of nodes 147
EtherApe-INFO: 19:40:57.333: delete node: IP: 104.81.209.157. Number of nodes 146
EtherApe-INFO: 19:40:58.926: delete node: IP: 104.81.216.158. Number of nodes 145
EtherApe-INFO: 19:40:59.783: delete node: IP: 142.250.203.145. Number of nodes 144
EtherApe-INFO: 19:41:07.166: New node: IP: 74.125.154.136. Number of nodes 145
EtherApe-INFO: 19:41:07.166: New node: IP: 74.125.153.199. Number of nodes 146
EtherApe-INFO: 19:41:07.167: New node: IP: 173.194.1.7. Number of nodes 147
EtherApe-INFO: 19:41:07.963: New node: IP: 183.136.225.43. Number of nodes 148
EtherApe-INFO: 19:41:07.995: delete node: IP: 216.58.209.13. Number of nodes 147
EtherApe-INFO: 19:41:07.995: delete node: IP: 142.250.203.202. Number of nodes 146
EtherApe-INFO: 19:41:07.995: delete node: IP: 142.250.203.138. Number of nodes 145
EtherApe-INFO: 19:41:09.473: delete node: IP: 37.19.218.109. Number of nodes 144
EtherApe-INFO: 19:41:09.841: delete node: IP: 142.250.186.196. Number of nodes 143
EtherApe-INFO: 19:41:13.045: delete node: IP: 205.210.31.145. Number of nodes 142
EtherApe-INFO: 19:41:13.528: delete node: IP: 143.244.45.177. Number of nodes 141
EtherApe-INFO: 19:41:14.696: delete node: IP: 93.184.220.66. Number of nodes 140
EtherApe-INFO: 19:41:16.012: New node: IP: 193.163.125.198. Number of nodes 141
EtherApe-INFO: 19:41:20.941: delete node: IP: 178.18.231.162. Number of nodes 140
EtherApe-INFO: 19:41:20.941: delete node: IP: 178.18.231.145. Number of nodes 139
EtherApe-INFO: 19:41:21.590: New node: IP: 192.241.203.59. Number of nodes 140
EtherApe-INFO: 19:41:22.123: delete node: IP: 162.216.150.215. Number of nodes 139
EtherApe-INFO: 19:41:22.250: delete node: IP: 13.107.21.200. Number of nodes 138
EtherApe-INFO: 19:41:23.083: delete node: IP: 185.167.97.244. Number of nodes 137
EtherApe-INFO: 19:41:25.740: delete node: IP: 94.102.61.49. Number of nodes 136
EtherApe-INFO: 19:41:26.788: delete node: IP: 109.205.213.22. Number of nodes 135
EtherApe-INFO: 19:41:27.297: New node: IP: 35.203.211.113. Number of nodes 136
EtherApe-INFO: 19:41:27.936: New node: IP: 216.58.209.13. Number of nodes 137
EtherApe-INFO: 19:41:27.936: New node: IP: 142.250.186.202. Number of nodes 138
EtherApe-INFO: 19:41:27.964: delete node: IP: 140.82.121.3. Number of nodes 137
EtherApe-INFO: 19:41:28.473: New node: IP: 142.250.203.195. Number of nodes 138
EtherApe-INFO: 19:41:28.721: New node: IP: 142.250.203.131. Number of nodes 139
EtherApe-INFO: 19:41:29.777: New node: IP: 172.217.16.34. Number of nodes 140
EtherApe-INFO: 19:41:31.376: New node: IP: 71.6.233.212. Number of nodes 141
EtherApe-INFO: 19:41:33.729: New node: IP: 31.43.58.110. Number of nodes 142
EtherApe-INFO: 19:41:37.059: New node: IP: 185.166.143.31. Number of nodes 143
EtherApe-INFO: 19:41:38.842: delete node: IP: 142.250.75.3. Number of nodes 142
EtherApe-INFO: 19:41:41.223: delete node: IP: 198.235.24.68. Number of nodes 141
EtherApe-INFO: 19:41:43.596: delete node: IP: 95.214.55.244. Number of nodes 140
EtherApe-INFO: 19:41:44.081: delete node: IP: 64.225.111.153. Number of nodes 139
EtherApe-INFO: 19:41:45.550: New node: IP: 109.205.213.22. Number of nodes 140
EtherApe-INFO: 19:41:50.520: delete node: IP: 178.249.97.23. Number of nodes 139
EtherApe-INFO: 19:41:51.611: delete node: IP: 3.67.131.16. Number of nodes 138
EtherApe-INFO: 19:41:54.989: delete node: IP: 95.216.195.133. Number of nodes 137
EtherApe-INFO: 19:41:57.354: delete node: IP: 178.249.97.99. Number of nodes 136
EtherApe-INFO: 19:41:57.886: New node: IP: 192.178.25.163. Number of nodes 137
EtherApe-INFO: 19:42:06.039: delete node: IP: 108.138.51.79. Number of nodes 136
EtherApe-INFO: 19:42:11.232: delete node: IP: 91.198.174.192. Number of nodes 135
EtherApe-INFO: 19:42:12.885: delete node: IP: 108.138.51.76. Number of nodes 134
EtherApe-INFO: 19:42:12.885: delete node: IP: 108.138.46.56. Number of nodes 133
EtherApe-INFO: 19:42:12.885: delete node: IP: 18.66.233.62. Number of nodes 132
EtherApe-INFO: 19:42:13.353: delete node: IP: 18.244.102.28. Number of nodes 131
EtherApe-INFO: 19:42:14.363: New node: IP: 104.25.94.5. Number of nodes 132
EtherApe-INFO: 19:42:14.426: delete node: IP: 146.56.189.249. Number of nodes 131
EtherApe-INFO: 19:42:14.426: delete node: IP: 140.82.121.6. Number of nodes 130
EtherApe-INFO: 19:42:14.426: delete node: IP: 140.82.121.4. Number of nodes 129
EtherApe-INFO: 19:42:14.426: delete node: IP: 18.244.102.43. Number of nodes 128
EtherApe-INFO: 19:42:14.784: delete node: IP: 108.138.51.122. Number of nodes 127
EtherApe-INFO: 19:42:14.784: delete node: IP: 104.18.13.33. Number of nodes 126
EtherApe-INFO: 19:42:14.784: delete node: IP: 35.206.197.180. Number of nodes 125
EtherApe-INFO: 19:42:15.563: delete node: IP: 18.66.233.56. Number of nodes 124
EtherApe-INFO: 19:42:15.723: New node: IP: 198.235.24.116. Number of nodes 125
EtherApe-INFO: 19:42:16.500: delete node: IP: 18.244.102.10. Number of nodes 124
EtherApe-INFO: 19:42:16.759: delete node: IP: 108.138.46.177. Number of nodes 123
EtherApe-INFO: 19:42:19.617: delete node: IP: 104.87.176.12. Number of nodes 122
EtherApe-INFO: 19:42:22.738: delete node: IP: 198.235.24.212. Number of nodes 121
EtherApe-INFO: 19:42:28.008: delete node: IP: 169.254.255.255. Number of nodes 120
EtherApe-INFO: 19:42:28.008: delete node: IP: 169.254.195.1. Number of nodes 119
EtherApe-INFO: 19:42:34.824: delete node: IP: 18.66.234.116. Number of nodes 118
EtherApe-INFO: 19:42:35.186: delete node: IP: 151.80.169.28. Number of nodes 117
EtherApe-INFO: 19:42:36.159: delete node: IP: 108.138.51.55. Number of nodes 116
EtherApe-INFO: 19:42:42.603: New node: IP: 89.248.165.159. Number of nodes 117
EtherApe-INFO: 19:42:43.722: delete node: IP: 18.244.102.19. Number of nodes 116
EtherApe-INFO: 19:42:44.470: New node: IP: 143.110.253.154. Number of nodes 117
EtherApe-INFO: 19:42:50.070: delete node: IP: 18.66.233.89. Number of nodes 116
EtherApe-INFO: 19:42:52.696: delete node: IP: 141.98.11.207. Number of nodes 115
EtherApe-INFO: 19:42:56.723: delete node: IP: 18.244.92.67. Number of nodes 114
EtherApe-INFO: 19:42:57.654: New node: IP: 103.133.108.61. Number of nodes 115
EtherApe-INFO: 19:42:59.828: delete node: IP: 172.217.16.3. Number of nodes 114
EtherApe-INFO: 19:43:01.392: delete node: IP: 108.138.50.116. Number of nodes 113
EtherApe-INFO: 19:43:06.991: delete node: IP: 18.244.102.6. Number of nodes 112
EtherApe-INFO: 19:43:07.776: New node: IP: 192.178.25.164. Number of nodes 113
EtherApe-INFO: 19:43:08.144: delete node: IP: 183.136.225.43. Number of nodes 112
EtherApe-INFO: 19:43:08.836: delete node: IP: 52.84.195.80. Number of nodes 111
EtherApe-INFO: 19:43:10.439: delete node: IP: 18.244.102.115. Number of nodes 110
EtherApe-INFO: 19:43:10.439: delete node: IP: 18.244.102.91. Number of nodes 109
EtherApe-INFO: 19:43:12.312: delete node: IP: 104.244.42.72. Number of nodes 108
EtherApe-INFO: 19:43:13.379: delete node: IP: 74.125.154.136. Number of nodes 107
EtherApe-INFO: 19:43:13.379: delete node: IP: 74.125.153.199. Number of nodes 106
EtherApe-INFO: 19:43:13.610: delete node: IP: 173.194.1.7. Number of nodes 105
EtherApe-INFO: 19:43:14.985: delete node: IP: 96.16.54.138. Number of nodes 104
EtherApe-INFO: 19:43:15.202: delete node: IP: 3.68.175.98. Number of nodes 103
EtherApe-INFO: 19:43:15.456: New node: IP: 104.81.209.157. Number of nodes 104
EtherApe-INFO: 19:43:15.457: New node: IP: 104.81.216.158. Number of nodes 105
EtherApe-INFO: 19:43:16.337: delete node: IP: 193.163.125.198. Number of nodes 104
EtherApe-INFO: 19:43:16.585: delete node: IP: 18.66.233.6. Number of nodes 103
EtherApe-INFO: 19:43:17.326: New node: IP: 142.250.203.205. Number of nodes 104
EtherApe-INFO: 19:43:18.123: New node: IP: 172.217.16.42. Number of nodes 105
EtherApe-INFO: 19:43:18.390: New node: IP: 216.58.215.107. Number of nodes 106
EtherApe-INFO: 19:43:18.669: New node: IP: 142.250.186.195. Number of nodes 107
EtherApe-INFO: 19:43:20.120: delete node: IP: 52.84.195.11. Number of nodes 106
EtherApe-INFO: 19:43:20.340: New node: IP: 18.244.92.67. Number of nodes 107
EtherApe-INFO: 19:43:20.342: New node: IP: 43.157.62.27. Number of nodes 108
EtherApe-INFO: 19:43:20.626: New node: IP: 142.250.75.3. Number of nodes 109
EtherApe-INFO: 19:43:20.875: New node: IP: 52.223.33.116. Number of nodes 110
EtherApe-INFO: 19:43:21.136: New node: IP: 45.6.103.27. Number of nodes 111
EtherApe-INFO: 19:43:21.722: delete node: IP: 192.241.203.59. Number of nodes 110
EtherApe-INFO: 19:43:22.482: New node: IP: 104.18.13.33. Number of nodes 111
EtherApe-INFO: 19:43:23.282: New node: IP: 142.250.203.138. Number of nodes 112
EtherApe-INFO: 19:43:25.536: New node: IP: 151.101.1.91. Number of nodes 113
EtherApe-INFO: 19:43:27.504: delete node: IP: 35.203.211.113. Number of nodes 112
EtherApe-INFO: 19:43:29.273: New node: IP: 34.149.155.70. Number of nodes 113
EtherApe-INFO: 19:43:29.516: New node: IP: 18.244.102.35. Number of nodes 114
EtherApe-INFO: 19:43:29.516: New node: IP: 192.229.221.25. Number of nodes 115
EtherApe-INFO: 19:43:29.516: New node: IP: 151.101.1.35. Number of nodes 116
EtherApe-INFO: 19:43:29.516: New node: IP: 108.138.51.55. Number of nodes 117
EtherApe-INFO: 19:43:29.545: delete node: IP: 142.250.203.131. Number of nodes 116
EtherApe-INFO: 19:43:29.783: New node: IP: 216.58.215.110. Number of nodes 117
EtherApe-INFO: 19:43:29.793: delete node: IP: 172.217.16.34. Number of nodes 116
EtherApe-INFO: 19:43:30.053: New node: IP: 151.101.65.21. Number of nodes 117
EtherApe-INFO: 19:43:30.054: New node: IP: 52.84.195.80. Number of nodes 118
EtherApe-INFO: 19:43:30.313: New node: IP: 104.91.48.158. Number of nodes 119
EtherApe-INFO: 19:43:30.314: New node: IP: 192.0.73.2. Number of nodes 120
EtherApe-INFO: 19:43:31.403: delete node: IP: 71.6.233.212. Number of nodes 119
EtherApe-INFO: 19:43:32.805: delete node: IP: 216.58.209.4. Number of nodes 118
EtherApe-INFO: 19:43:33.510: New node: IP: 52.215.192.132. Number of nodes 119
EtherApe-INFO: 19:43:34.058: delete node: IP: 216.58.209.13. Number of nodes 118
EtherApe-INFO: 19:43:34.058: delete node: IP: 31.43.58.110. Number of nodes 117
EtherApe-INFO: 19:43:36.283: delete node: IP: 185.166.143.30. Number of nodes 116
EtherApe-INFO: 19:43:37.362: delete node: IP: 216.239.32.116. Number of nodes 115
EtherApe-INFO: 19:43:38.576: New node: IP: 108.138.51.112. Number of nodes 116
EtherApe-INFO: 19:43:39.910: New node: IP: 3.67.35.217. Number of nodes 117
EtherApe-INFO: 19:43:40.690: New node: IP: 18.66.233.88. Number of nodes 118
EtherApe-INFO: 19:43:40.968: New node: IP: 199.195.254.200. Number of nodes 119
EtherApe-INFO: 19:43:44.683: New node: IP: 185.166.143.30. Number of nodes 120
EtherApe-INFO: 19:43:47.647: delete node: IP: 34.199.118.51. Number of nodes 119
EtherApe-INFO: 19:43:47.860: New node: IP: 35.157.63.227. Number of nodes 120
EtherApe-INFO: 19:43:50.752: New node: IP: 18.159.197.225. Number of nodes 121
EtherApe-INFO: 19:43:52.336: New node: IP: 108.138.51.64. Number of nodes 122
EtherApe-INFO: 19:43:55.270: New node: IP: 140.82.121.3. Number of nodes 123
EtherApe-INFO: 19:43:56.656: delete node: IP: 104.244.42.69. Number of nodes 122
EtherApe-INFO: 19:43:56.656: delete node: IP: 104.244.42.67. Number of nodes 121
EtherApe-INFO: 19:43:57.669: New node: IP: 216.58.209.4. Number of nodes 122
EtherApe-INFO: 19:44:00.074: New node: IP: 108.138.51.21. Number of nodes 123
EtherApe-INFO: 19:44:00.939: delete node: IP: 142.250.79.35. Number of nodes 122
EtherApe-INFO: 19:44:15.805: delete node: IP: 198.235.24.116. Number of nodes 121
EtherApe-INFO: 19:44:16.289: New node: IP: 140.82.114.22. Number of nodes 122
EtherApe-INFO: 19:44:16.289: New node: IP: 140.82.121.6. Number of nodes 123
EtherApe-INFO: 19:44:17.595: New node: IP: 172.217.16.10. Number of nodes 124
EtherApe-INFO: 19:44:25.878: delete node: IP: 104.25.94.5. Number of nodes 123
EtherApe-INFO: 19:44:33.803: New node: IP: 216.239.32.116. Number of nodes 124
EtherApe-INFO: 19:44:33.803: New node: IP: 172.217.161.195. Number of nodes 125
EtherApe-INFO: 19:44:33.837: delete node: IP: 172.217.16.14. Number of nodes 124
EtherApe-INFO: 19:44:36.738: New node: IP: 140.82.114.26. Number of nodes 125
EtherApe-INFO: 19:44:37.576: delete node: IP: 94.102.61.50. Number of nodes 124
EtherApe-INFO: 19:44:44.419: New node: IP: 107.170.239.34. Number of nodes 125
EtherApe-INFO: 19:44:44.519: delete node: IP: 143.110.253.154. Number of nodes 124
EtherApe-INFO: 19:44:47.467: delete node: IP: 76.76.21.21. Number of nodes 123
EtherApe-INFO: 19:44:50.937: delete node: IP: 104.18.29.38. Number of nodes 122
EtherApe-INFO: 19:44:52.721: delete node: IP: 104.22.3.43. Number of nodes 121
EtherApe-INFO: 19:44:53.585: delete node: IP: 104.16.100.56. Number of nodes 120
EtherApe-INFO: 19:44:53.585: delete node: IP: 104.16.26.5. Number of nodes 119
EtherApe-INFO: 19:44:54.342: delete node: IP: 104.16.243.94. Number of nodes 118
EtherApe-INFO: 19:44:54.553: New node: IP: 95.216.195.133. Number of nodes 119
EtherApe-INFO: 19:44:55.678: delete node: IP: 104.18.23.126. Number of nodes 118
EtherApe-INFO: 19:44:56.165: delete node: IP: 3.251.50.149. Number of nodes 117
EtherApe-INFO: 19:44:57.199: New node: IP: 134.122.23.231. Number of nodes 118
EtherApe-INFO: 19:44:57.723: New node: IP: 162.142.125.239. Number of nodes 119
EtherApe-INFO: 19:44:58.028: delete node: IP: 104.26.0.101. Number of nodes 118
EtherApe-INFO: 19:44:58.028: delete node: IP: 104.18.40.133. Number of nodes 117
EtherApe-INFO: 19:44:58.028: delete node: IP: 104.18.28.38. Number of nodes 116
EtherApe-INFO: 19:44:58.283: delete node: IP: 103.133.108.61. Number of nodes 115
EtherApe-INFO: 19:45:03.567: New node: IP: 18.244.102.70. Number of nodes 116
EtherApe-INFO: 19:45:10.470: New node: IP: 94.102.61.49. Number of nodes 117
EtherApe-INFO: 19:45:13.109: New node: IP: 62.122.184.191. Number of nodes 118
EtherApe-INFO: 19:45:15.509: New node: IP: 140.82.121.4. Number of nodes 119
EtherApe-INFO: 19:45:17.817: delete node: IP: 89.248.165.159. Number of nodes 118
EtherApe-INFO: 19:45:19.666: delete node: IP: 216.58.215.107. Number of nodes 117
EtherApe-INFO: 19:45:20.551: delete node: IP: 43.157.62.27. Number of nodes 116
EtherApe-INFO: 19:45:20.792: delete node: IP: 142.250.75.3. Number of nodes 115
EtherApe-INFO: 19:45:21.835: delete node: IP: 216.58.215.106. Number of nodes 114
EtherApe-INFO: 19:45:21.835: delete node: IP: 45.6.103.27. Number of nodes 113
EtherApe-INFO: 19:45:23.323: New node: IP: 119.185.20.168. Number of nodes 114
EtherApe-INFO: 19:45:25.482: delete node: IP: 142.250.203.129. Number of nodes 113
EtherApe-INFO: 19:45:26.901: New node: IP: 205.210.31.173. Number of nodes 114
EtherApe-INFO: 19:45:28.774: delete node: IP: 142.250.203.205. Number of nodes 113
EtherApe-INFO: 19:45:29.845: delete node: IP: 18.244.102.35. Number of nodes 112
EtherApe-INFO: 19:45:30.487: delete node: IP: 216.58.215.110. Number of nodes 111
EtherApe-INFO: 19:45:30.487: delete node: IP: 34.149.155.70. Number of nodes 110
EtherApe-INFO: 19:45:37.563: New node: IP: 167.248.133.151. Number of nodes 111
EtherApe-INFO: 19:45:41.302: delete node: IP: 199.195.254.200. Number of nodes 110
EtherApe-INFO: 19:45:43.419: New node: IP: 80.82.77.144. Number of nodes 111
EtherApe-INFO: 19:45:47.674: New node: IP: 216.58.209.13. Number of nodes 112
EtherApe-INFO: 19:45:53.890: delete node: IP: 104.18.2.19. Number of nodes 111
EtherApe-INFO: 19:45:55.376: New node: IP: 198.235.24.249. Number of nodes 112
EtherApe-INFO: 19:45:56.709: New node: IP: 104.25.95.5. Number of nodes 113
EtherApe-INFO: 19:45:57.243: New node: IP: 71.6.232.26. Number of nodes 114
EtherApe-INFO: 19:45:58.110: delete node: IP: 216.58.209.4. Number of nodes 113
EtherApe-INFO: 19:45:59.385: New node: IP: 89.248.165.159. Number of nodes 114
EtherApe-INFO: 19:45:59.755: New node: IP: 216.239.36.117. Number of nodes 115
EtherApe-INFO: 19:45:59.786: delete node: IP: 172.217.18.99. Number of nodes 114
EtherApe-INFO: 19:46:01.457: delete node: IP: 192.0.73.2. Number of nodes 113
EtherApe-INFO: 19:46:01.457: delete node: IP: 104.16.181.15. Number of nodes 112
EtherApe-INFO: 19:46:02.203: delete node: IP: 172.67.22.52. Number of nodes 111
EtherApe-INFO: 19:46:02.707: delete node: IP: 104.22.57.156. Number of nodes 110
EtherApe-INFO: 19:46:07.056: New node: IP: 167.94.138.128. Number of nodes 111
EtherApe-INFO: 19:46:09.189: New node: IP: 142.250.203.202. Number of nodes 112
EtherApe-INFO: 19:46:11.568: New node: IP: 142.250.203.131. Number of nodes 113
EtherApe-INFO: 19:46:12.097: New node: IP: 172.217.16.34. Number of nodes 114
EtherApe-INFO: 19:46:21.110: New node: IP: 216.58.208.206. Number of nodes 115
EtherApe-INFO: 19:46:23.776: New node: IP: 142.250.75.22. Number of nodes 116
EtherApe-INFO: 19:46:24.045: New node: IP: 207.241.224.2. Number of nodes 117
EtherApe-INFO: 19:46:24.843: New node: IP: 207.241.239.241. Number of nodes 118
EtherApe-INFO: 19:46:25.895: New node: IP: 207.241.225.195. Number of nodes 119
EtherApe-INFO: 19:46:26.160: New node: IP: 167.248.133.145. Number of nodes 120
EtherApe-INFO: 19:46:26.416: New node: IP: 207.241.232.151. Number of nodes 121
EtherApe-INFO: 19:46:28.312: delete node: IP: 192.178.25.163. Number of nodes 120
EtherApe-INFO: 19:46:28.313: delete node: IP: 142.250.203.195. Number of nodes 119
EtherApe-INFO: 19:46:28.313: delete node: IP: 142.250.186.195. Number of nodes 118
EtherApe-INFO: 19:46:28.313: delete node: IP: 52.223.33.116. Number of nodes 117
EtherApe-INFO: 19:46:32.830: delete node: IP: 172.217.16.46. Number of nodes 116
EtherApe-INFO: 19:46:33.883: New node: IP: 172.217.16.46. Number of nodes 117
EtherApe-INFO: 19:46:34.166: delete node: IP: 216.239.32.116. Number of nodes 116
EtherApe-INFO: 19:46:35.560: delete node: IP: 172.217.161.195. Number of nodes 115
EtherApe-INFO: 19:46:38.127: New node: IP: 193.163.125.212. Number of nodes 116
EtherApe-INFO: 19:46:39.456: New node: IP: 195.64.183.255. Number of nodes 117
EtherApe-INFO: 19:46:40.793: New node: IP: 142.250.186.205. Number of nodes 118
EtherApe-INFO: 19:46:42.470: New node: IP: 172.217.18.99. Number of nodes 119
EtherApe-INFO: 19:46:44.726: delete node: IP: 107.170.239.34. Number of nodes 118
EtherApe-INFO: 19:46:49.895: New node: IP: 84.54.51.183. Number of nodes 119
EtherApe-INFO: 19:46:54.043: New node: IP: 95.216.144.15. Number of nodes 120
EtherApe-INFO: 19:46:54.891: delete node: IP: 95.216.195.133. Number of nodes 119
EtherApe-INFO: 19:46:55.650: New node: IP: 94.102.61.50. Number of nodes 120
EtherApe-INFO: 19:46:57.567: delete node: IP: 134.122.23.231. Number of nodes 119
EtherApe-INFO: 19:46:57.815: delete node: IP: 162.142.125.239. Number of nodes 118
EtherApe-INFO: 19:46:59.913: New node: IP: 142.250.206.227. Number of nodes 119
EtherApe-INFO: 19:47:02.456: delete node: IP: 172.217.16.10. Number of nodes 118
EtherApe-INFO: 19:47:04.950: New node: IP: 162.142.125.91. Number of nodes 119
EtherApe-INFO: 19:47:09.460: New node: IP: 172.217.16.2. Number of nodes 120
EtherApe-INFO: 19:47:10.879: delete node: IP: 94.102.61.49. Number of nodes 119
EtherApe-INFO: 19:47:13.034: delete node: IP: 62.122.184.191. Number of nodes 118
EtherApe-INFO: 19:47:15.869: New node: IP: 172.67.188.152. Number of nodes 119
EtherApe-INFO: 19:47:15.971: delete node: IP: 104.81.209.157. Number of nodes 118
EtherApe-INFO: 19:47:16.220: delete node: IP: 104.81.216.158. Number of nodes 117
EtherApe-INFO: 19:47:16.390: New node: IP: 172.64.132.15. Number of nodes 118
EtherApe-INFO: 19:47:16.390: New node: IP: 104.17.24.14. Number of nodes 119
EtherApe-INFO: 19:47:16.658: New node: IP: 142.250.186.195. Number of nodes 120
EtherApe-INFO: 19:47:23.142: New node: IP: 142.250.186.196. Number of nodes 121
EtherApe-INFO: 19:47:23.243: delete node: IP: 151.101.193.91. Number of nodes 120
EtherApe-INFO: 19:47:23.518: delete node: IP: 119.185.20.168. Number of nodes 119
EtherApe-INFO: 19:47:23.754: delete node: IP: 140.82.121.4. Number of nodes 118
EtherApe-INFO: 19:47:26.790: New node: IP: 162.243.138.18. Number of nodes 119
EtherApe-INFO: 19:47:27.635: delete node: IP: 205.210.31.173. Number of nodes 118
EtherApe-INFO: 19:47:30.177: New node: IP: 192.241.231.7. Number of nodes 119
EtherApe-INFO: 19:47:30.445: delete node: IP: 104.91.48.158. Number of nodes 118
EtherApe-INFO: 19:47:33.909: New node: IP: 216.239.32.116. Number of nodes 119
EtherApe-INFO: 19:47:34.716: New node: IP: 104.25.94.5. Number of nodes 120
EtherApe-INFO: 19:47:35.390: delete node: IP: 52.215.192.132. Number of nodes 119
EtherApe-INFO: 19:47:37.790: delete node: IP: 167.248.133.151. Number of nodes 118
EtherApe-INFO: 19:47:43.747: delete node: IP: 80.82.77.144. Number of nodes 117
