(etherape:1482): GLib-GIO-DEBUG: 04:33:45.110: _g_io_module_get_default: Found default implementation local (GLocalVfs) for ‘gio-vfs’
(etherape:1482): GLib-GIO-DEBUG: 04:33:45.182: Using cross-namespace EXTERNAL authentication (this will deadlock if server is GDBus < 2.73.3)
EtherApe-INFO: 04:33:45.238: sctp protocol not supported
EtherApe-INFO: 04:33:45.238: dccp protocol not supported
EtherApe-INFO: 04:33:45.238: sctp protocol not supported
EtherApe-INFO: 04:33:45.238: sctp protocol not supported
EtherApe-INFO: 04:33:45.238: sctp protocol not supported
EtherApe-INFO: 04:33:45.238: sctp protocol not supported
EtherApe-INFO: 04:33:45.238: sctp protocol not supported
EtherApe-INFO: 04:33:45.238: sctp protocol not supported
EtherApe-INFO: 04:33:45.239: sctp protocol not supported
EtherApe-INFO: 04:33:45.239: dccp protocol not supported
EtherApe-INFO: 04:33:45.239: sctp protocol not supported
EtherApe-INFO: 04:33:45.239: dccp protocol not supported
EtherApe-INFO: 04:33:45.239: dccp protocol not supported
EtherApe-INFO: 04:33:45.239: sctp protocol not supported
EtherApe-INFO: 04:33:45.240: sctp protocol not supported
EtherApe-INFO: 04:33:45.240: sctp protocol not supported
EtherApe-INFO: 04:33:45.240: sctp protocol not supported
EtherApe-INFO: 04:33:45.241: sctp protocol not supported
EtherApe-INFO: 04:33:45.241: sctp protocol not supported
EtherApe-INFO: 04:33:45.241: sctp protocol not supported
EtherApe-INFO: 04:33:45.241: sctp protocol not supported
EtherApe-INFO: 04:33:45.241: sctp protocol not supported
EtherApe-INFO: 04:33:45.242: sctp protocol not supported
EtherApe-INFO: 04:33:45.242: sctp protocol not supported
EtherApe-INFO: 04:33:45.243: sctp protocol not supported
EtherApe-INFO: 04:33:45.243: sctp protocol not supported
EtherApe-INFO: 04:33:45.243: sctp protocol not supported
EtherApe-INFO: 04:33:45.243: sctp protocol not supported
EtherApe-INFO: 04:33:45.243: dccp protocol not supported
EtherApe-INFO: 04:33:45.243: sctp protocol not supported
EtherApe-INFO: 04:33:45.243: sctp protocol not supported
EtherApe-INFO: 04:33:45.243: dccp protocol not supported
EtherApe-INFO: 04:33:45.243: sctp protocol not supported
EtherApe-INFO: 04:33:45.243: sctp protocol not supported
EtherApe-INFO: 04:33:45.243: sctp protocol not supported
EtherApe-INFO: 04:33:45.243: dccp protocol not supported
EtherApe-INFO: 04:33:45.243: dccp protocol not supported
EtherApe-INFO: 04:33:45.244: sctp protocol not supported
EtherApe-INFO: 04:33:45.244: sctp protocol not supported
EtherApe-INFO: 04:33:45.244: sctp protocol not supported
EtherApe-INFO: 04:33:45.244: sctp protocol not supported
EtherApe-INFO: 04:33:45.244: sctp protocol not supported
EtherApe-INFO: 04:33:45.244: sctp protocol not supported
EtherApe-INFO: 04:33:45.244: sctp protocol not supported
EtherApe-INFO: 04:33:45.244: sctp protocol not supported
EtherApe-INFO: 04:33:45.244: sctp protocol not supported
EtherApe-INFO: 04:33:45.244: sctp protocol not supported
EtherApe-INFO: 04:33:45.244: sctp protocol not supported
EtherApe-INFO: 04:33:45.244: sctp protocol not supported
EtherApe-INFO: 04:33:45.244: sctp protocol not supported
EtherApe-INFO: 04:33:45.244: sctp protocol not supported
EtherApe-INFO: 04:33:45.244: sctp protocol not supported
EtherApe-INFO: 04:33:45.244: sctp protocol not supported
EtherApe-INFO: 04:33:45.244: sctp protocol not supported
EtherApe-INFO: 04:33:45.244: sctp protocol not supported
EtherApe-INFO: 04:33:45.245: sctp protocol not supported
EtherApe-INFO: 04:33:45.245: sctp protocol not supported
EtherApe-INFO: 04:33:45.245: dccp protocol not supported
EtherApe-INFO: 04:33:45.245: sctp protocol not supported
EtherApe-INFO: 04:33:45.245: sctp protocol not supported
EtherApe-INFO: 04:33:45.245: sctp protocol not supported
EtherApe-INFO: 04:33:45.245: sctp protocol not supported
EtherApe-INFO: 04:33:45.245: sctp protocol not supported
EtherApe-INFO: 04:33:45.245: sctp protocol not supported
EtherApe-INFO: 04:33:45.245: sctp protocol not supported
EtherApe-INFO: 04:33:45.245: sctp protocol not supported
EtherApe-INFO: 04:33:45.245: sctp protocol not supported
EtherApe-INFO: 04:33:45.246: sctp protocol not supported
EtherApe-INFO: 04:33:45.246: sctp protocol not supported
EtherApe-INFO: 04:33:45.246: sctp protocol not supported
EtherApe-INFO: 04:33:45.246: sctp protocol not supported
EtherApe-INFO: 04:33:45.246: sctp protocol not supported
EtherApe-INFO: 04:33:45.246: sctp protocol not supported
EtherApe-INFO: 04:33:45.246: sctp protocol not supported
EtherApe-INFO: 04:33:45.246: sctp protocol not supported
EtherApe-INFO: 04:33:45.246: sctp protocol not supported
EtherApe-INFO: 04:33:45.246: sctp protocol not supported
EtherApe-INFO: 04:33:45.246: sctp protocol not supported
EtherApe-INFO: 04:33:45.246: sctp protocol not supported
EtherApe-INFO: 04:33:45.246: sctp protocol not supported
EtherApe-INFO: 04:33:45.246: sctp protocol not supported
EtherApe-INFO: 04:33:45.247: sctp protocol not supported
EtherApe-INFO: 04:33:45.247: sctp protocol not supported
EtherApe-INFO: 04:33:45.247: sctp protocol not supported
EtherApe-INFO: 04:33:45.247: sctp protocol not supported
EtherApe-INFO: 04:33:45.247: sctp protocol not supported
EtherApe-INFO: 04:33:45.247: sctp protocol not supported
EtherApe-INFO: 04:33:45.247: sctp protocol not supported
EtherApe-INFO: 04:33:45.247: sctp protocol not supported
EtherApe-INFO: 04:33:45.247: sctp protocol not supported
EtherApe-INFO: 04:33:45.247: sctp protocol not supported
EtherApe-INFO: 04:33:45.247: sctp protocol not supported
EtherApe-INFO: 04:33:45.247: sctp protocol not supported
EtherApe-INFO: 04:33:45.247: sctp protocol not supported
EtherApe-INFO: 04:33:45.255: get_interface result: ''
EtherApe-INFO: 04:33:45.256: Available interfaces for capture: dbus-session dbus-system nfqueue nflog bluetooth-monitor bluetooth0 lo any wlp2s0
EtherApe-INFO: 04:33:45.256: Link type is LINUX_SLL
EtherApe-INFO: 04:33:45.257: Diagram started
EtherApe-INFO: 04:33:50.860: New node: IP: 192.168.1.249. Number of nodes 1
EtherApe-INFO: 04:33:50.861: New node: IP: 149.154.167.50. Number of nodes 2
EtherApe-INFO: 04:33:52.462: New node: IP: 8.8.8.8. Number of nodes 3
EtherApe-INFO: 04:34:05.794: New node: IP: 149.154.167.41. Number of nodes 4
EtherApe-INFO: 04:34:32.460: New node: IP: 81.0.124.200. Number of nodes 5
EtherApe-INFO: 04:34:52.461: New node: IP: 104.16.249.249. Number of nodes 6
EtherApe-INFO: 04:35:05.794: New node: IP: 147.75.198.156. Number of nodes 7
EtherApe-INFO: 04:35:18.060: New node: IP: 1.1.1.1. Number of nodes 8
EtherApe-INFO: 04:35:18.061: New node: IP: 34.107.221.82. Number of nodes 9
EtherApe-INFO: 04:35:18.062: New node: IP: 104.16.248.249. Number of nodes 10
EtherApe-INFO: 04:35:18.332: New node: IP: 34.160.144.191. Number of nodes 11
EtherApe-INFO: 04:35:18.332: New node: IP: 35.162.78.62. Number of nodes 12
EtherApe-INFO: 04:35:18.333: New node: IP: 34.107.141.31. Number of nodes 13
EtherApe-INFO: 04:35:18.334: New node: IP: 104.17.50.74. Number of nodes 14
EtherApe-INFO: 04:35:18.336: New node: IP: 34.120.208.123. Number of nodes 15
EtherApe-INFO: 04:35:18.340: New node: IP: 104.17.49.74. Number of nodes 16
EtherApe-INFO: 04:35:18.341: New node: IP: 44.235.67.119. Number of nodes 17
EtherApe-INFO: 04:35:18.348: New node: IP: 104.18.12.33. Number of nodes 18
EtherApe-INFO: 04:35:18.348: New node: IP: 142.250.203.142. Number of nodes 19
EtherApe-INFO: 04:35:18.351: New node: IP: 54.186.209.73. Number of nodes 20
EtherApe-INFO: 04:35:19.130: New node: IP: 216.58.215.110. Number of nodes 21
EtherApe-INFO: 04:35:19.130: New node: IP: 3.2.8.2. Number of nodes 22
EtherApe-INFO: 04:35:19.130: New node: IP: 216.58.209.10. Number of nodes 23
EtherApe-INFO: 04:35:20.195: New node: IP: 216.58.208.206. Number of nodes 24
EtherApe-INFO: 04:35:20.464: New node: IP: 93.184.220.29. Number of nodes 25
EtherApe-INFO: 04:35:21.001: New node: IP: 142.250.75.3. Number of nodes 26
EtherApe-INFO: 04:35:21.265: New node: IP: 172.64.161.9. Number of nodes 27
EtherApe-INFO: 04:35:21.274: New node: IP: 172.64.160.9. Number of nodes 28
EtherApe-INFO: 04:35:21.278: New node: IP: 108.138.2.23. Number of nodes 29
EtherApe-INFO: 04:35:21.280: New node: IP: 87.245.216.9. Number of nodes 30
EtherApe-INFO: 04:35:21.540: New node: IP: 172.217.16.54. Number of nodes 31
EtherApe-INFO: 04:35:21.541: New node: IP: 176.122.113.14. Number of nodes 32
EtherApe-INFO: 04:35:21.798: New node: IP: 35.186.227.140. Number of nodes 33
EtherApe-INFO: 04:35:21.806: New node: IP: 9.9.9.9. Number of nodes 34
EtherApe-INFO: 04:35:21.809: New node: IP: 104.16.99.56. Number of nodes 35
EtherApe-INFO: 04:35:22.070: New node: IP: 172.64.155.188. Number of nodes 36
EtherApe-INFO: 04:35:22.330: New node: IP: 176.122.113.78. Number of nodes 37
EtherApe-INFO: 04:35:22.601: New node: IP: 140.82.121.3. Number of nodes 38
EtherApe-INFO: 04:35:23.128: New node: IP: 142.250.75.5. Number of nodes 39
EtherApe-INFO: 04:35:23.932: New node: IP: 185.199.109.154. Number of nodes 40
EtherApe-INFO: 04:35:23.941: New node: IP: 208.68.240.115. Number of nodes 41
EtherApe-INFO: 04:35:25.029: New node: IP: 142.250.203.138. Number of nodes 42
EtherApe-INFO: 04:35:25.036: New node: IP: 140.82.112.25. Number of nodes 43
EtherApe-INFO: 04:35:25.038: New node: IP: 52.21.199.90. Number of nodes 44
EtherApe-INFO: 04:35:25.265: New node: IP: 192.168.0.1. Number of nodes 45
EtherApe-INFO: 04:35:25.278: New node: IP: 142.250.203.131. Number of nodes 46
EtherApe-INFO: 04:35:25.284: New node: IP: 142.250.203.206. Number of nodes 47
EtherApe-INFO: 04:35:25.987: New node: IP: 13.32.121.101. Number of nodes 48
EtherApe-INFO: 04:35:26.794: New node: IP: 172.217.16.36. Number of nodes 49
EtherApe-INFO: 04:35:27.053: New node: IP: 13.32.103.36. Number of nodes 50
EtherApe-INFO: 04:35:27.318: New node: IP: 142.250.203.195. Number of nodes 51
EtherApe-INFO: 04:35:27.850: New node: IP: 192.168.0.218. Number of nodes 52
EtherApe-INFO: 04:35:28.391: New node: IP: 3.218.231.251. Number of nodes 53
EtherApe-INFO: 04:35:28.658: New node: IP: 104.18.20.226. Number of nodes 54
EtherApe-INFO: 04:35:28.659: New node: IP: 216.58.215.74. Number of nodes 55
EtherApe-INFO: 04:35:28.661: New node: IP: 13.32.99.14. Number of nodes 56
EtherApe-INFO: 04:35:28.916: New node: IP: 52.84.106.19. Number of nodes 57
EtherApe-INFO: 04:35:29.449: New node: IP: 216.58.209.14. Number of nodes 58
EtherApe-INFO: 04:35:30.518: New node: IP: 142.250.75.14. Number of nodes 59
EtherApe-INFO: 04:35:32.120: New node: IP: 78.154.184.109. Number of nodes 60
EtherApe-INFO: 04:35:32.652: New node: IP: 23.185.0.4. Number of nodes 61
EtherApe-INFO: 04:35:33.718: New node: IP: 13.224.189.45. Number of nodes 62
EtherApe-INFO: 04:35:35.051: New node: IP: 104.81.211.161. Number of nodes 63
EtherApe-INFO: 04:35:35.053: New node: IP: 185.199.110.133. Number of nodes 64
EtherApe-INFO: 04:35:35.055: New node: IP: 139.45.207.91. Number of nodes 65
EtherApe-INFO: 04:35:39.581: New node: IP: 151.101.2.49. Number of nodes 66
EtherApe-INFO: 04:35:58.438: New node: IP: 52.26.29.219. Number of nodes 67
EtherApe-INFO: 04:36:33.118: delete node: IP: 81.0.124.200. Number of nodes 66
EtherApe-INFO: 04:36:40.834: New node: IP: 81.0.124.200. Number of nodes 67
