(etherape:2657): GLib-GIO-DEBUG: 21:02:17.690: _g_io_module_get_default: Found default implementation local (GLocalVfs) for ‘gio-vfs’
(etherape:2657): GLib-GIO-DEBUG: 21:02:17.924: Using cross-namespace EXTERNAL authentication (this will deadlock if server is GDBus < 2.73.3)
EtherApe-INFO: 21:02:18.060: sctp protocol not supported
EtherApe-INFO: 21:02:18.060: dccp protocol not supported
EtherApe-INFO: 21:02:18.060: sctp protocol not supported
EtherApe-INFO: 21:02:18.060: sctp protocol not supported
EtherApe-INFO: 21:02:18.060: sctp protocol not supported
EtherApe-INFO: 21:02:18.060: sctp protocol not supported
EtherApe-INFO: 21:02:18.060: sctp protocol not supported
EtherApe-INFO: 21:02:18.061: sctp protocol not supported
EtherApe-INFO: 21:02:18.061: sctp protocol not supported
EtherApe-INFO: 21:02:18.061: dccp protocol not supported
EtherApe-INFO: 21:02:18.061: sctp protocol not supported
EtherApe-INFO: 21:02:18.061: dccp protocol not supported
EtherApe-INFO: 21:02:18.061: dccp protocol not supported
EtherApe-INFO: 21:02:18.061: sctp protocol not supported
EtherApe-INFO: 21:02:18.062: sctp protocol not supported
EtherApe-INFO: 21:02:18.062: sctp protocol not supported
EtherApe-INFO: 21:02:18.063: sctp protocol not supported
EtherApe-INFO: 21:02:18.063: sctp protocol not supported
EtherApe-INFO: 21:02:18.064: sctp protocol not supported
EtherApe-INFO: 21:02:18.065: sctp protocol not supported
EtherApe-INFO: 21:02:18.065: sctp protocol not supported
EtherApe-INFO: 21:02:18.065: sctp protocol not supported
EtherApe-INFO: 21:02:18.065: sctp protocol not supported
EtherApe-INFO: 21:02:18.066: sctp protocol not supported
EtherApe-INFO: 21:02:18.066: sctp protocol not supported
EtherApe-INFO: 21:02:18.066: sctp protocol not supported
EtherApe-INFO: 21:02:18.066: sctp protocol not supported
EtherApe-INFO: 21:02:18.067: sctp protocol not supported
EtherApe-INFO: 21:02:18.067: dccp protocol not supported
EtherApe-INFO: 21:02:18.067: sctp protocol not supported
EtherApe-INFO: 21:02:18.067: sctp protocol not supported
EtherApe-INFO: 21:02:18.067: dccp protocol not supported
EtherApe-INFO: 21:02:18.067: sctp protocol not supported
EtherApe-INFO: 21:02:18.067: sctp protocol not supported
EtherApe-INFO: 21:02:18.067: sctp protocol not supported
EtherApe-INFO: 21:02:18.067: dccp protocol not supported
EtherApe-INFO: 21:02:18.067: dccp protocol not supported
EtherApe-INFO: 21:02:18.067: sctp protocol not supported
EtherApe-INFO: 21:02:18.067: sctp protocol not supported
EtherApe-INFO: 21:02:18.067: sctp protocol not supported
EtherApe-INFO: 21:02:18.067: sctp protocol not supported
EtherApe-INFO: 21:02:18.068: sctp protocol not supported
EtherApe-INFO: 21:02:18.068: sctp protocol not supported
EtherApe-INFO: 21:02:18.068: sctp protocol not supported
EtherApe-INFO: 21:02:18.068: sctp protocol not supported
EtherApe-INFO: 21:02:18.068: sctp protocol not supported
EtherApe-INFO: 21:02:18.068: sctp protocol not supported
EtherApe-INFO: 21:02:18.068: sctp protocol not supported
EtherApe-INFO: 21:02:18.068: sctp protocol not supported
EtherApe-INFO: 21:02:18.068: sctp protocol not supported
EtherApe-INFO: 21:02:18.068: sctp protocol not supported
EtherApe-INFO: 21:02:18.068: sctp protocol not supported
EtherApe-INFO: 21:02:18.068: sctp protocol not supported
EtherApe-INFO: 21:02:18.068: sctp protocol not supported
EtherApe-INFO: 21:02:18.068: sctp protocol not supported
EtherApe-INFO: 21:02:18.068: sctp protocol not supported
EtherApe-INFO: 21:02:18.068: sctp protocol not supported
EtherApe-INFO: 21:02:18.068: dccp protocol not supported
EtherApe-INFO: 21:02:18.069: sctp protocol not supported
EtherApe-INFO: 21:02:18.069: sctp protocol not supported
EtherApe-INFO: 21:02:18.069: sctp protocol not supported
EtherApe-INFO: 21:02:18.069: sctp protocol not supported
EtherApe-INFO: 21:02:18.069: sctp protocol not supported
EtherApe-INFO: 21:02:18.069: sctp protocol not supported
EtherApe-INFO: 21:02:18.069: sctp protocol not supported
EtherApe-INFO: 21:02:18.069: sctp protocol not supported
EtherApe-INFO: 21:02:18.070: sctp protocol not supported
EtherApe-INFO: 21:02:18.070: sctp protocol not supported
EtherApe-INFO: 21:02:18.070: sctp protocol not supported
EtherApe-INFO: 21:02:18.070: sctp protocol not supported
EtherApe-INFO: 21:02:18.070: sctp protocol not supported
EtherApe-INFO: 21:02:18.070: sctp protocol not supported
EtherApe-INFO: 21:02:18.070: sctp protocol not supported
EtherApe-INFO: 21:02:18.070: sctp protocol not supported
EtherApe-INFO: 21:02:18.070: sctp protocol not supported
EtherApe-INFO: 21:02:18.070: sctp protocol not supported
EtherApe-INFO: 21:02:18.071: sctp protocol not supported
EtherApe-INFO: 21:02:18.071: sctp protocol not supported
EtherApe-INFO: 21:02:18.071: sctp protocol not supported
EtherApe-INFO: 21:02:18.071: sctp protocol not supported
EtherApe-INFO: 21:02:18.071: sctp protocol not supported
EtherApe-INFO: 21:02:18.071: sctp protocol not supported
EtherApe-INFO: 21:02:18.071: sctp protocol not supported
EtherApe-INFO: 21:02:18.071: sctp protocol not supported
EtherApe-INFO: 21:02:18.071: sctp protocol not supported
EtherApe-INFO: 21:02:18.071: sctp protocol not supported
EtherApe-INFO: 21:02:18.071: sctp protocol not supported
EtherApe-INFO: 21:02:18.071: sctp protocol not supported
EtherApe-INFO: 21:02:18.071: sctp protocol not supported
EtherApe-INFO: 21:02:18.071: sctp protocol not supported
EtherApe-INFO: 21:02:18.071: sctp protocol not supported
EtherApe-INFO: 21:02:18.071: sctp protocol not supported
EtherApe-INFO: 21:02:18.071: sctp protocol not supported
EtherApe-INFO: 21:02:18.071: sctp protocol not supported
EtherApe-INFO: 21:02:18.087: get_interface result: ''
EtherApe-INFO: 21:02:18.088: Available interfaces for capture: dbus-session dbus-system nfqueue nflog bluetooth-monitor bluetooth0 lo any wlp2s0
EtherApe-INFO: 21:02:18.088: Link type is LINUX_SLL
EtherApe-INFO: 21:02:18.089: Diagram started
EtherApe-INFO: 21:02:18.343: New node: IP: 185.240.244.3. Number of nodes 1
EtherApe-INFO: 21:02:18.343: New node: IP: 192.168.1.249. Number of nodes 2
EtherApe-INFO: 21:02:18.347: New node: IP: 192.168.0.1. Number of nodes 3
EtherApe-INFO: 21:02:18.348: New node: IP: 9.9.9.9. Number of nodes 4
EtherApe-INFO: 21:02:18.871: New node: IP: 149.154.167.50. Number of nodes 5
EtherApe-INFO: 21:02:18.876: New node: IP: 149.154.167.41. Number of nodes 6
EtherApe-INFO: 21:02:19.879: New node: IP: 192.168.0.218. Number of nodes 7
EtherApe-INFO: 21:02:20.904: New node: IP: 34.107.221.82. Number of nodes 8
EtherApe-INFO: 21:02:22.441: New node: IP: 104.18.20.226. Number of nodes 9
EtherApe-INFO: 21:02:22.441: New node: IP: 93.184.220.29. Number of nodes 10
EtherApe-INFO: 21:02:22.441: New node: IP: 52.88.75.10. Number of nodes 11
EtherApe-INFO: 21:02:22.441: New node: IP: 87.245.216.107. Number of nodes 12
EtherApe-INFO: 21:02:22.441: New node: IP: 54.187.174.239. Number of nodes 13
EtherApe-INFO: 21:02:22.442: New node: IP: 216.58.215.99. Number of nodes 14
EtherApe-INFO: 21:02:23.463: New node: IP: 176.122.113.77. Number of nodes 15
EtherApe-INFO: 21:02:23.466: New node: IP: 8.8.8.8. Number of nodes 16
EtherApe-INFO: 21:02:25.000: New node: IP: 176.122.110.205. Number of nodes 17
EtherApe-INFO: 21:02:27.048: New node: IP: 35.158.180.177. Number of nodes 18
EtherApe-INFO: 21:02:28.621: New node: IP: 1.1.1.1. Number of nodes 19
EtherApe-INFO: 21:02:54.700: New node: IP: 89.187.191.12. Number of nodes 20
EtherApe-INFO: 21:02:54.703: New node: IP: 3.127.160.74. Number of nodes 21
EtherApe-INFO: 21:02:57.014: New node: IP: 149.154.167.216. Number of nodes 22
EtherApe-INFO: 21:02:59.569: New node: IP: 34.160.144.191. Number of nodes 23
EtherApe-INFO: 21:03:00.585: New node: IP: 104.17.50.74. Number of nodes 24
EtherApe-INFO: 21:03:00.586: New node: IP: 35.241.9.150. Number of nodes 25
EtherApe-INFO: 21:03:00.586: New node: IP: 216.239.36.178. Number of nodes 26
EtherApe-INFO: 21:03:00.586: New node: IP: 34.107.141.31. Number of nodes 27
EtherApe-INFO: 21:03:01.624: New node: IP: 104.18.12.33. Number of nodes 28
EtherApe-INFO: 21:03:01.625: New node: IP: 104.17.182.52. Number of nodes 29
EtherApe-INFO: 21:03:01.626: New node: IP: 34.120.208.123. Number of nodes 30
EtherApe-INFO: 21:03:01.627: New node: IP: 142.250.203.142. Number of nodes 31
EtherApe-INFO: 21:03:01.630: New node: IP: 104.22.32.83. Number of nodes 32
EtherApe-INFO: 21:03:02.676: New node: IP: 108.138.17.18. Number of nodes 33
EtherApe-INFO: 21:03:02.677: New node: IP: 35.186.227.140. Number of nodes 34
EtherApe-INFO: 21:03:02.678: New node: IP: 108.138.24.49. Number of nodes 35
EtherApe-INFO: 21:03:02.679: New node: IP: 104.16.248.249. Number of nodes 36
EtherApe-INFO: 21:03:05.725: New node: IP: 52.203.87.212. Number of nodes 37
EtherApe-INFO: 21:03:07.772: New node: IP: 216.58.208.202. Number of nodes 38
EtherApe-INFO: 21:03:19.527: New node: IP: 95.216.144.15. Number of nodes 39
EtherApe-INFO: 21:04:01.256: New node: IP: 192.168.0.157. Number of nodes 40
EtherApe-INFO: 21:04:18.413: New node: IP: 91.198.10.4. Number of nodes 41
EtherApe-INFO: 21:04:34.047: delete node: IP: 1.1.1.1. Number of nodes 40
EtherApe-INFO: 21:05:02.625: delete node: IP: 54.187.174.239. Number of nodes 39
EtherApe-INFO: 21:05:03.116: delete node: IP: 52.88.75.10. Number of nodes 38
EtherApe-INFO: 21:05:07.579: delete node: IP: 35.158.180.177. Number of nodes 37
EtherApe-INFO: 21:05:09.163: New node: IP: 142.250.75.14. Number of nodes 38
EtherApe-INFO: 21:05:09.166: New node: IP: 172.64.106.28. Number of nodes 39
EtherApe-INFO: 21:05:13.072: New node: IP: 104.17.49.74. Number of nodes 40
EtherApe-INFO: 21:05:13.079: New node: IP: 192.124.249.22. Number of nodes 41
EtherApe-INFO: 21:05:13.081: New node: IP: 18.66.107.199. Number of nodes 42
EtherApe-INFO: 21:05:14.179: delete node: IP: 89.187.191.12. Number of nodes 41
EtherApe-INFO: 21:05:14.179: delete node: IP: 3.127.160.74. Number of nodes 40
EtherApe-INFO: 21:05:15.633: New node: IP: 62.182.19.39. Number of nodes 41
EtherApe-INFO: 21:05:15.636: New node: IP: 216.58.215.97. Number of nodes 42
EtherApe-INFO: 21:05:15.636: New node: IP: 108.138.44.67. Number of nodes 43
EtherApe-INFO: 21:05:15.636: New node: IP: 142.250.75.22. Number of nodes 44
EtherApe-INFO: 21:05:15.638: New node: IP: 45.57.91.1. Number of nodes 45
EtherApe-INFO: 21:05:16.659: New node: IP: 216.58.209.5. Number of nodes 46
EtherApe-INFO: 21:05:17.166: New node: IP: 74.125.155.103. Number of nodes 47
EtherApe-INFO: 21:05:17.168: New node: IP: 185.199.110.133. Number of nodes 48
EtherApe-INFO: 21:05:17.178: New node: IP: 128.149.125.102. Number of nodes 49
EtherApe-INFO: 21:05:17.179: New node: IP: 216.58.208.196. Number of nodes 50
EtherApe-INFO: 21:05:17.421: New node: IP: 146.75.122.49. Number of nodes 51
EtherApe-INFO: 21:05:17.441: New node: IP: 104.17.25.14. Number of nodes 52
EtherApe-INFO: 21:05:17.686: New node: IP: 35.244.234.223. Number of nodes 53
EtherApe-INFO: 21:05:17.686: New node: IP: 104.18.15.117. Number of nodes 54
EtherApe-INFO: 21:05:18.207: New node: IP: 95.217.163.246. Number of nodes 55
EtherApe-INFO: 21:05:18.207: New node: IP: 135.181.27.174. Number of nodes 56
EtherApe-INFO: 21:05:18.207: New node: IP: 104.17.183.52. Number of nodes 57
EtherApe-INFO: 21:05:18.460: New node: IP: 142.250.203.138. Number of nodes 58
EtherApe-INFO: 21:05:18.468: New node: IP: 23.60.170.146. Number of nodes 59
EtherApe-INFO: 21:05:18.699: New node: IP: 185.199.110.154. Number of nodes 60
EtherApe-INFO: 21:05:18.704: New node: IP: 140.82.121.4. Number of nodes 61
EtherApe-INFO: 21:05:18.708: New node: IP: 3.127.160.74. Number of nodes 62
EtherApe-INFO: 21:05:18.718: New node: IP: 142.250.203.206. Number of nodes 63
EtherApe-INFO: 21:05:18.718: New node: IP: 52.205.65.151. Number of nodes 64
EtherApe-INFO: 21:05:20.264: delete node: IP: 95.216.144.15. Number of nodes 63
EtherApe-INFO: 21:05:21.002: New node: IP: 74.208.236.134. Number of nodes 64
EtherApe-INFO: 21:05:21.256: New node: IP: 142.250.203.195. Number of nodes 65
EtherApe-INFO: 21:05:21.256: New node: IP: 172.217.16.3. Number of nodes 66
EtherApe-INFO: 21:05:21.257: New node: IP: 142.250.203.131. Number of nodes 67
EtherApe-INFO: 21:05:21.269: New node: IP: 18.66.233.89. Number of nodes 68
EtherApe-INFO: 21:05:21.770: New node: IP: 104.16.125.175. Number of nodes 69
EtherApe-INFO: 21:05:22.033: New node: IP: 207.241.224.2. Number of nodes 70
EtherApe-INFO: 21:05:22.034: New node: IP: 216.58.209.14. Number of nodes 71
EtherApe-INFO: 21:05:22.048: New node: IP: 65.206.58.208. Number of nodes 72
EtherApe-INFO: 21:05:22.544: New node: IP: 65.206.58.15. Number of nodes 73
EtherApe-INFO: 21:05:22.791: New node: IP: 216.58.208.206. Number of nodes 74
EtherApe-INFO: 21:05:22.813: delete node: IP: 149.154.167.216. Number of nodes 73
EtherApe-INFO: 21:05:23.306: New node: IP: 13.107.238.44. Number of nodes 74
EtherApe-INFO: 21:05:23.572: New node: IP: 13.32.99.4. Number of nodes 75
EtherApe-INFO: 21:05:23.572: New node: IP: 20.191.47.17. Number of nodes 76
EtherApe-INFO: 21:05:23.850: New node: IP: 104.20.120.46. Number of nodes 77
EtherApe-INFO: 21:05:24.080: New node: IP: 54.155.246.232. Number of nodes 78
EtherApe-INFO: 21:05:24.101: New node: IP: 208.254.38.81. Number of nodes 79
EtherApe-INFO: 21:05:24.113: New node: IP: 142.250.203.193. Number of nodes 80
EtherApe-INFO: 21:05:24.113: New node: IP: 23.32.252.164. Number of nodes 81
EtherApe-INFO: 21:05:24.114: New node: IP: 23.32.252.165. Number of nodes 82
EtherApe-INFO: 21:05:24.331: New node: IP: 172.217.16.14. Number of nodes 83
EtherApe-INFO: 21:05:24.349: New node: IP: 151.101.129.69. Number of nodes 84
EtherApe-INFO: 21:05:25.352: New node: IP: 104.26.15.42. Number of nodes 85
EtherApe-INFO: 21:05:26.155: New node: IP: 104.16.100.56. Number of nodes 86
EtherApe-INFO: 21:05:26.663: New node: IP: 3.213.84.182. Number of nodes 87
EtherApe-INFO: 21:05:26.667: New node: IP: 95.216.144.15. Number of nodes 88
EtherApe-INFO: 21:05:26.906: New node: IP: 130.14.29.110. Number of nodes 89
EtherApe-INFO: 21:05:27.143: New node: IP: 104.21.30.137. Number of nodes 90
EtherApe-INFO: 21:05:27.150: New node: IP: 104.18.11.173. Number of nodes 91
EtherApe-INFO: 21:05:27.412: New node: IP: 104.21.60.220. Number of nodes 92
EtherApe-INFO: 21:05:27.656: New node: IP: 104.18.32.68. Number of nodes 93
EtherApe-INFO: 21:05:27.661: New node: IP: 104.21.75.3. Number of nodes 94
EtherApe-INFO: 21:05:28.180: New node: IP: 18.66.233.30. Number of nodes 95
EtherApe-INFO: 21:05:28.424: New node: IP: 93.190.126.75. Number of nodes 96
EtherApe-INFO: 21:05:28.953: New node: IP: 146.75.122.209. Number of nodes 97
EtherApe-INFO: 21:05:29.222: New node: IP: 108.138.51.84. Number of nodes 98
EtherApe-INFO: 21:05:29.245: New node: IP: 91.198.174.192. Number of nodes 99
EtherApe-INFO: 21:05:29.245: New node: IP: 104.20.190.42. Number of nodes 100
EtherApe-INFO: 21:05:29.246: New node: IP: 146.75.122.133. Number of nodes 101
EtherApe-INFO: 21:05:29.476: New node: IP: 52.19.109.21. Number of nodes 102
EtherApe-INFO: 21:05:29.477: New node: IP: 91.198.174.208. Number of nodes 103
EtherApe-INFO: 21:05:29.497: New node: IP: 207.241.228.27. Number of nodes 104
EtherApe-INFO: 21:05:29.959: New node: IP: 139.59.209.225. Number of nodes 105
EtherApe-INFO: 21:05:29.959: New node: IP: 208.68.240.115. Number of nodes 106
EtherApe-INFO: 21:05:30.221: New node: IP: 108.138.53.154. Number of nodes 107
EtherApe-INFO: 21:05:30.488: New node: IP: 23.65.236.7. Number of nodes 108
EtherApe-INFO: 21:05:30.728: New node: IP: 108.138.50.160. Number of nodes 109
EtherApe-INFO: 21:05:30.987: New node: IP: 173.194.7.72. Number of nodes 110
EtherApe-INFO: 21:05:30.990: New node: IP: 108.138.50.112. Number of nodes 111
EtherApe-INFO: 21:05:30.990: New node: IP: 185.199.111.153. Number of nodes 112
EtherApe-INFO: 21:05:30.991: New node: IP: 172.217.135.170. Number of nodes 113
EtherApe-INFO: 21:05:31.246: New node: IP: 198.175.96.207. Number of nodes 114
EtherApe-INFO: 21:05:31.499: New node: IP: 104.18.26.85. Number of nodes 115
EtherApe-INFO: 21:05:31.501: New node: IP: 45.79.178.210. Number of nodes 116
EtherApe-INFO: 21:05:31.513: New node: IP: 104.18.23.126. Number of nodes 117
EtherApe-INFO: 21:05:31.518: New node: IP: 172.67.31.229. Number of nodes 118
EtherApe-INFO: 21:05:31.521: New node: IP: 52.92.1.248. Number of nodes 119
EtherApe-INFO: 21:05:31.521: New node: IP: 216.58.215.106. Number of nodes 120
EtherApe-INFO: 21:05:31.521: New node: IP: 18.66.130.57. Number of nodes 121
EtherApe-INFO: 21:05:32.078: New node: IP: 108.138.51.81. Number of nodes 122
EtherApe-INFO: 21:05:32.521: New node: IP: 23.56.99.64. Number of nodes 123
EtherApe-INFO: 21:05:32.524: New node: IP: 104.100.74.161. Number of nodes 124
EtherApe-INFO: 21:05:32.525: New node: IP: 18.66.233.92. Number of nodes 125
EtherApe-INFO: 21:05:32.825: New node: IP: 18.66.112.55. Number of nodes 126
EtherApe-INFO: 21:05:33.038: New node: IP: 104.18.32.165. Number of nodes 127
EtherApe-INFO: 21:05:33.041: New node: IP: 104.16.87.5. Number of nodes 128
EtherApe-INFO: 21:05:33.041: New node: IP: 193.164.229.51. Number of nodes 129
EtherApe-INFO: 21:05:33.290: New node: IP: 198.100.158.213. Number of nodes 130
EtherApe-INFO: 21:05:33.291: New node: IP: 108.138.24.166. Number of nodes 131
EtherApe-INFO: 21:05:33.291: New node: IP: 104.20.150.16. Number of nodes 132
EtherApe-INFO: 21:05:33.292: New node: IP: 104.16.148.64. Number of nodes 133
EtherApe-INFO: 21:05:33.292: New node: IP: 2.21.173.91. Number of nodes 134
EtherApe-INFO: 21:05:34.570: New node: IP: 104.18.14.117. Number of nodes 135
EtherApe-INFO: 21:05:35.171: New node: IP: 104.17.131.171. Number of nodes 136
EtherApe-INFO: 21:05:35.173: New node: IP: 104.17.235.204. Number of nodes 137
EtherApe-INFO: 21:05:40.223: New node: IP: 185.199.108.133. Number of nodes 138
EtherApe-INFO: 21:05:42.064: New node: IP: 185.199.109.133. Number of nodes 139
EtherApe-INFO: 21:05:42.545: delete node: IP: 216.58.208.202. Number of nodes 138
EtherApe-INFO: 21:05:42.546: delete node: IP: 176.122.110.205. Number of nodes 137
EtherApe-INFO: 21:05:42.546: delete node: IP: 104.22.32.83. Number of nodes 136
EtherApe-INFO: 21:05:42.546: delete node: IP: 104.18.20.226. Number of nodes 135
EtherApe-INFO: 21:05:42.546: delete node: IP: 104.17.50.74. Number of nodes 134
EtherApe-INFO: 21:05:42.830: New node: IP: 172.217.135.71. Number of nodes 135
EtherApe-INFO: 21:05:42.830: New node: IP: 140.82.112.25. Number of nodes 136
EtherApe-INFO: 21:05:42.835: delete node: IP: 216.239.36.178. Number of nodes 135
EtherApe-INFO: 21:05:42.835: delete node: IP: 216.58.215.99. Number of nodes 134
EtherApe-INFO: 21:05:42.835: delete node: IP: 176.122.113.77. Number of nodes 133
EtherApe-INFO: 21:05:42.835: delete node: IP: 108.138.24.49. Number of nodes 132
EtherApe-INFO: 21:05:42.835: delete node: IP: 108.138.17.18. Number of nodes 131
EtherApe-INFO: 21:05:42.835: delete node: IP: 104.18.12.33. Number of nodes 130
EtherApe-INFO: 21:05:42.835: delete node: IP: 87.245.216.107. Number of nodes 129
EtherApe-INFO: 21:05:42.835: delete node: IP: 52.203.87.212. Number of nodes 128
EtherApe-INFO: 21:05:42.835: delete node: IP: 35.241.9.150. Number of nodes 127
EtherApe-INFO: 21:05:42.836: delete node: IP: 34.160.144.191. Number of nodes 126
EtherApe-INFO: 21:05:42.836: delete node: IP: 34.120.208.123. Number of nodes 125
EtherApe-INFO: 21:05:42.836: delete node: IP: 34.107.221.82. Number of nodes 124
EtherApe-INFO: 21:05:42.836: delete node: IP: 34.107.141.31. Number of nodes 123
EtherApe-INFO: 21:05:43.025: New node: IP: 173.194.7.134. Number of nodes 124
EtherApe-INFO: 21:05:46.121: New node: IP: 172.67.172.246. Number of nodes 125
EtherApe-INFO: 21:05:46.609: New node: IP: 134.213.70.247. Number of nodes 126
EtherApe-INFO: 21:05:46.610: New node: IP: 104.100.68.24. Number of nodes 127
EtherApe-INFO: 21:05:46.611: New node: IP: 172.67.39.148. Number of nodes 128
EtherApe-INFO: 21:05:46.614: New node: IP: 23.45.123.46. Number of nodes 129
EtherApe-INFO: 21:05:46.614: New node: IP: 146.75.120.134. Number of nodes 130
EtherApe-INFO: 21:05:46.615: New node: IP: 52.214.216.37. Number of nodes 131
EtherApe-INFO: 21:05:46.863: New node: IP: 104.18.22.52. Number of nodes 132
EtherApe-INFO: 21:05:47.128: New node: IP: 95.101.74.147. Number of nodes 133
EtherApe-INFO: 21:05:47.381: New node: IP: 104.18.10.173. Number of nodes 134
EtherApe-INFO: 21:05:47.381: New node: IP: 23.32.252.163. Number of nodes 135
EtherApe-INFO: 21:05:47.635: New node: IP: 104.100.66.65. Number of nodes 136
EtherApe-INFO: 21:05:48.717: New node: IP: 192.0.73.2. Number of nodes 137
EtherApe-INFO: 21:05:49.706: New node: IP: 104.20.191.42. Number of nodes 138
EtherApe-INFO: 21:05:50.275: New node: IP: 192.168.1.1. Number of nodes 139
EtherApe-INFO: 21:05:52.292: New node: IP: 95.216.195.133. Number of nodes 140
EtherApe-INFO: 21:05:54.027: New node: IP: 108.138.50.66. Number of nodes 141
EtherApe-INFO: 21:05:54.886: New node: IP: 104.17.50.74. Number of nodes 142
EtherApe-INFO: 21:05:56.858: New node: IP: 172.64.155.91. Number of nodes 143
EtherApe-INFO: 21:05:58.157: New node: IP: 207.241.239.241. Number of nodes 144
EtherApe-INFO: 21:05:59.994: New node: IP: 104.17.24.14. Number of nodes 145
EtherApe-INFO: 21:06:00.242: New node: IP: 216.58.215.99. Number of nodes 146
EtherApe-INFO: 21:06:00.427: New node: IP: 54.231.232.185. Number of nodes 147
EtherApe-INFO: 21:06:00.748: New node: IP: 172.67.23.100. Number of nodes 148
EtherApe-INFO: 21:06:01.086: New node: IP: 193.34.168.232. Number of nodes 149
EtherApe-INFO: 21:06:02.408: delete node: IP: 192.168.0.1. Number of nodes 148
EtherApe-INFO: 21:06:02.648: delete node: IP: 192.168.0.218. Number of nodes 147
EtherApe-INFO: 21:06:03.271: New node: IP: 172.217.16.46. Number of nodes 148
EtherApe-INFO: 21:06:06.126: New node: IP: 172.67.19.203. Number of nodes 149
EtherApe-INFO: 21:06:06.364: New node: IP: 104.22.71.197. Number of nodes 150
EtherApe-INFO: 21:06:07.664: New node: IP: 172.217.16.10. Number of nodes 151
EtherApe-INFO: 21:06:08.167: New node: IP: 151.101.128.134. Number of nodes 152
EtherApe-INFO: 21:06:08.381: New node: IP: 172.67.201.240. Number of nodes 153
EtherApe-INFO: 21:06:08.872: New node: IP: 172.64.155.188. Number of nodes 154
EtherApe-INFO: 21:06:09.433: New node: IP: 35.158.180.177. Number of nodes 155
EtherApe-INFO: 21:06:12.712: New node: IP: 54.216.227.219. Number of nodes 156
EtherApe-INFO: 21:06:14.046: New node: IP: 176.122.113.13. Number of nodes 157
EtherApe-INFO: 21:06:14.046: New node: IP: 108.138.51.96. Number of nodes 158
EtherApe-INFO: 21:06:15.024: New node: IP: 104.17.184.73. Number of nodes 159
EtherApe-INFO: 21:06:15.027: New node: IP: 1.1.1.1. Number of nodes 160
EtherApe-INFO: 21:06:16.362: New node: IP: 108.138.51.108. Number of nodes 161
EtherApe-INFO: 21:06:16.378: New node: IP: 18.66.233.51. Number of nodes 162
EtherApe-INFO: 21:06:18.089: New node: IP: 18.66.234.116. Number of nodes 163
EtherApe-INFO: 21:06:18.813: delete node: IP: 91.198.10.4. Number of nodes 162
EtherApe-INFO: 21:06:22.305: New node: IP: 23.32.253.190. Number of nodes 163
EtherApe-INFO: 21:06:22.773: New node: IP: 34.120.208.123. Number of nodes 164
EtherApe-INFO: 21:06:23.255: New node: IP: 149.154.167.216. Number of nodes 165
EtherApe-INFO: 21:06:23.742: New node: IP: 104.18.33.40. Number of nodes 166
EtherApe-INFO: 21:06:24.753: New node: IP: 104.16.215.237. Number of nodes 167
EtherApe-INFO: 21:06:24.754: New node: IP: 108.138.51.88. Number of nodes 168
EtherApe-INFO: 21:06:26.796: New node: IP: 23.44.100.227. Number of nodes 169
EtherApe-INFO: 21:06:26.797: New node: IP: 87.245.217.79. Number of nodes 170
EtherApe-INFO: 21:06:26.803: New node: IP: 176.122.96.225. Number of nodes 171
EtherApe-INFO: 21:06:28.969: New node: IP: 108.138.7.9. Number of nodes 172
EtherApe-INFO: 21:06:29.402: delete node: IP: 192.168.0.157. Number of nodes 171
EtherApe-INFO: 21:06:30.144: New node: IP: 172.64.147.123. Number of nodes 172
EtherApe-INFO: 21:06:33.727: New node: IP: 18.66.147.82. Number of nodes 173
EtherApe-INFO: 21:06:33.751: New node: IP: 54.158.129.138. Number of nodes 174
EtherApe-INFO: 21:06:38.101: New node: IP: 142.250.203.205. Number of nodes 175
EtherApe-INFO: 21:06:39.594: New node: IP: 146.75.121.208. Number of nodes 176
EtherApe-INFO: 21:06:41.851: New node: IP: 172.217.16.42. Number of nodes 177
EtherApe-INFO: 21:06:42.104: New node: IP: 216.58.215.74. Number of nodes 178
EtherApe-INFO: 21:06:43.218: New node: IP: 142.250.203.202. Number of nodes 179
EtherApe-INFO: 21:07:02.331: New node: IP: 35.163.114.208. Number of nodes 180
EtherApe-INFO: 21:07:02.350: New node: IP: 104.20.121.46. Number of nodes 181
EtherApe-INFO: 21:07:23.836: New node: IP: 104.18.19.132. Number of nodes 182
EtherApe-INFO: 21:07:28.194: New node: IP: 104.18.22.122. Number of nodes 183
EtherApe-INFO: 21:07:28.699: New node: IP: 87.245.216.107. Number of nodes 184
EtherApe-INFO: 21:07:34.381: delete node: IP: 104.18.15.117. Number of nodes 183
EtherApe-INFO: 21:07:35.610: New node: IP: 104.18.16.115. Number of nodes 184
EtherApe-INFO: 21:07:44.196: delete node: IP: 208.254.38.81. Number of nodes 183
EtherApe-INFO: 21:07:44.197: delete node: IP: 104.20.120.46. Number of nodes 182
EtherApe-INFO: 21:07:44.197: delete node: IP: 104.16.125.175. Number of nodes 181
EtherApe-INFO: 21:07:44.671: delete node: IP: 104.26.15.42. Number of nodes 180
EtherApe-INFO: 21:07:44.842: delete node: IP: 23.32.252.165. Number of nodes 179
EtherApe-INFO: 21:07:46.831: delete node: IP: 104.21.75.3. Number of nodes 178
EtherApe-INFO: 21:07:47.767: delete node: IP: 173.194.7.72. Number of nodes 177
EtherApe-INFO: 21:07:48.412: delete node: IP: 216.58.215.97. Number of nodes 176
EtherApe-INFO: 21:07:48.412: delete node: IP: 142.250.75.22. Number of nodes 175
EtherApe-INFO: 21:07:48.412: delete node: IP: 130.14.29.110. Number of nodes 174
EtherApe-INFO: 21:07:48.846: delete node: IP: 172.217.135.170. Number of nodes 173
EtherApe-INFO: 21:07:49.791: delete node: IP: 104.20.190.42. Number of nodes 172
EtherApe-INFO: 21:07:50.465: delete node: IP: 192.168.1.1. Number of nodes 171
EtherApe-INFO: 21:07:52.270: delete node: IP: 104.18.26.85. Number of nodes 170
EtherApe-INFO: 21:07:52.640: delete node: IP: 95.216.195.133. Number of nodes 169
EtherApe-INFO: 21:07:53.850: New node: IP: 104.18.7.185. Number of nodes 170
EtherApe-INFO: 21:07:54.297: New node: IP: 104.18.6.185. Number of nodes 171
EtherApe-INFO: 21:07:55.092: delete node: IP: 104.18.32.165. Number of nodes 170
EtherApe-INFO: 21:07:55.719: delete node: IP: 104.20.150.16. Number of nodes 169
EtherApe-INFO: 21:07:55.719: delete node: IP: 74.125.155.103. Number of nodes 168
EtherApe-INFO: 21:07:59.957: delete node: IP: 104.18.14.117. Number of nodes 167
EtherApe-INFO: 21:07:59.957: delete node: IP: 104.17.131.171. Number of nodes 166
EtherApe-INFO: 21:07:59.957: delete node: IP: 104.16.87.5. Number of nodes 165
EtherApe-INFO: 21:08:00.539: delete node: IP: 104.17.235.204. Number of nodes 164
EtherApe-INFO: 21:08:01.146: delete node: IP: 52.92.1.248. Number of nodes 163
EtherApe-INFO: 21:08:01.843: delete node: IP: 185.199.108.133. Number of nodes 162
EtherApe-INFO: 21:08:02.505: delete node: IP: 104.17.182.52. Number of nodes 161
EtherApe-INFO: 21:08:02.947: delete node: IP: 52.19.109.21. Number of nodes 160
EtherApe-INFO: 21:08:03.130: delete node: IP: 172.217.16.14. Number of nodes 159
EtherApe-INFO: 21:08:03.257: New node: IP: 172.64.107.28. Number of nodes 160
EtherApe-INFO: 21:08:03.287: delete node: IP: 185.199.109.133. Number of nodes 159
EtherApe-INFO: 21:08:03.287: delete node: IP: 35.244.234.223. Number of nodes 158
EtherApe-INFO: 21:08:05.009: delete node: IP: 172.67.39.148. Number of nodes 157
EtherApe-INFO: 21:08:05.009: delete node: IP: 104.18.22.52. Number of nodes 156
EtherApe-INFO: 21:08:05.009: delete node: IP: 104.18.10.173. Number of nodes 155
EtherApe-INFO: 21:08:05.348: New node: IP: 62.182.99.86. Number of nodes 156
EtherApe-INFO: 21:08:06.038: delete node: IP: 104.20.191.42. Number of nodes 155
EtherApe-INFO: 21:08:06.162: delete node: IP: 198.100.158.213. Number of nodes 154
EtherApe-INFO: 21:08:06.162: delete node: IP: 104.17.50.74. Number of nodes 153
EtherApe-INFO: 21:08:07.353: New node: IP: 131.253.33.203. Number of nodes 154
EtherApe-INFO: 21:08:08.059: delete node: IP: 128.149.125.102. Number of nodes 153
EtherApe-INFO: 21:08:08.321: delete node: IP: 52.214.216.37. Number of nodes 152
EtherApe-INFO: 21:08:10.366: delete node: IP: 172.67.201.240. Number of nodes 151
EtherApe-INFO: 21:08:10.366: delete node: IP: 104.21.60.220. Number of nodes 150
EtherApe-INFO: 21:08:10.366: delete node: IP: 35.158.180.177. Number of nodes 149
EtherApe-INFO: 21:08:10.751: delete node: IP: 216.58.208.206. Number of nodes 148
EtherApe-INFO: 21:08:10.751: delete node: IP: 104.22.71.197. Number of nodes 147
EtherApe-INFO: 21:08:11.464: delete node: IP: 208.68.240.115. Number of nodes 146
EtherApe-INFO: 21:08:11.464: delete node: IP: 45.79.178.210. Number of nodes 145
EtherApe-INFO: 21:08:12.671: delete node: IP: 104.21.30.137. Number of nodes 144
EtherApe-INFO: 21:08:13.052: delete node: IP: 134.213.70.247. Number of nodes 143
EtherApe-INFO: 21:08:13.052: delete node: IP: 54.216.227.219. Number of nodes 142
EtherApe-INFO: 21:08:14.615: delete node: IP: 54.231.232.185. Number of nodes 141
EtherApe-INFO: 21:08:14.859: delete node: IP: 172.217.16.10. Number of nodes 140
EtherApe-INFO: 21:08:15.361: delete node: IP: 8.8.8.8. Number of nodes 139
EtherApe-INFO: 21:08:15.361: delete node: IP: 1.1.1.1. Number of nodes 138
EtherApe-INFO: 21:08:16.736: delete node: IP: 104.17.184.73. Number of nodes 137
EtherApe-INFO: 21:08:22.219: delete node: IP: 104.17.25.14. Number of nodes 136
EtherApe-INFO: 21:08:24.050: delete node: IP: 172.67.172.246. Number of nodes 135
EtherApe-INFO: 21:08:25.822: New node: IP: 8.8.8.8. Number of nodes 136
EtherApe-INFO: 21:08:31.992: delete node: IP: 216.58.215.106. Number of nodes 135
EtherApe-INFO: 21:08:34.743: New node: IP: 91.198.10.4. Number of nodes 136
EtherApe-INFO: 21:08:35.839: delete node: IP: 192.0.73.2. Number of nodes 135
EtherApe-INFO: 21:08:37.603: delete node: IP: 54.158.129.138. Number of nodes 134
EtherApe-INFO: 21:08:38.583: New node: IP: 104.16.249.249. Number of nodes 135
EtherApe-INFO: 21:08:38.650: delete node: IP: 18.66.147.82. Number of nodes 134
EtherApe-INFO: 21:08:38.946: delete node: IP: 149.154.167.216. Number of nodes 133
EtherApe-INFO: 21:08:40.503: delete node: IP: 142.250.203.195. Number of nodes 132
EtherApe-INFO: 21:08:40.967: delete node: IP: 142.250.203.205. Number of nodes 131
EtherApe-INFO: 21:08:41.945: delete node: IP: 45.57.91.1. Number of nodes 130
EtherApe-INFO: 21:08:42.754: delete node: IP: 3.127.160.74. Number of nodes 129
EtherApe-INFO: 21:08:45.244: delete node: IP: 135.181.27.174. Number of nodes 128
EtherApe-INFO: 21:08:48.571: delete node: IP: 95.217.163.246. Number of nodes 127
EtherApe-INFO: 21:08:49.977: delete node: IP: 20.191.47.17. Number of nodes 126
EtherApe-INFO: 21:08:50.627: delete node: IP: 216.58.208.196. Number of nodes 125
EtherApe-INFO: 21:08:50.627: delete node: IP: 142.250.203.206. Number of nodes 124
EtherApe-INFO: 21:08:53.206: delete node: IP: 95.216.144.15. Number of nodes 123
EtherApe-INFO: 21:08:56.812: delete node: IP: 142.250.203.193. Number of nodes 122
EtherApe-INFO: 21:08:57.842: delete node: IP: 207.241.239.241. Number of nodes 121
EtherApe-INFO: 21:08:59.076: delete node: IP: 216.58.209.14. Number of nodes 120
EtherApe-INFO: 21:09:01.410: delete node: IP: 216.58.215.74. Number of nodes 119
EtherApe-INFO: 21:09:02.770: delete node: IP: 35.163.114.208. Number of nodes 118
EtherApe-INFO: 21:09:17.262: delete node: IP: 193.34.168.232. Number of nodes 117
EtherApe-INFO: 21:09:26.735: delete node: IP: 176.122.96.225. Number of nodes 116
EtherApe-INFO: 21:09:27.520: delete node: IP: 23.65.236.7. Number of nodes 115
EtherApe-INFO: 21:09:35.505: delete node: IP: 192.124.249.22. Number of nodes 114
EtherApe-INFO: 21:09:43.425: delete node: IP: 87.245.216.107. Number of nodes 113
EtherApe-INFO: 21:09:44.994: delete node: IP: 65.206.58.15. Number of nodes 112
EtherApe-INFO: 21:09:51.119: delete node: IP: 104.18.32.68. Number of nodes 111
EtherApe-INFO: 21:09:52.119: delete node: IP: 193.164.229.51. Number of nodes 110
EtherApe-INFO: 21:09:52.119: delete node: IP: 91.198.174.208. Number of nodes 109
EtherApe-INFO: 21:09:52.119: delete node: IP: 13.107.238.44. Number of nodes 108
EtherApe-INFO: 21:09:54.740: delete node: IP: 104.18.6.185. Number of nodes 107
EtherApe-INFO: 21:09:56.175: delete node: IP: 65.206.58.208. Number of nodes 106
EtherApe-INFO: 21:09:59.258: delete node: IP: 13.32.99.4. Number of nodes 105
EtherApe-INFO: 21:10:00.313: delete node: IP: 146.75.120.134. Number of nodes 104
EtherApe-INFO: 21:10:01.286: delete node: IP: 23.32.252.163. Number of nodes 103
EtherApe-INFO: 21:10:02.559: delete node: IP: 173.194.7.134. Number of nodes 102
EtherApe-INFO: 21:10:05.168: delete node: IP: 172.64.155.188. Number of nodes 101
EtherApe-INFO: 21:10:05.394: delete node: IP: 198.175.96.207. Number of nodes 100
EtherApe-INFO: 21:10:05.394: delete node: IP: 172.217.135.71. Number of nodes 99
EtherApe-INFO: 21:10:05.394: delete node: IP: 23.32.252.164. Number of nodes 98
EtherApe-INFO: 21:10:06.011: delete node: IP: 62.182.19.39. Number of nodes 97
EtherApe-INFO: 21:10:09.059: delete node: IP: 104.100.66.65. Number of nodes 96
EtherApe-INFO: 21:10:09.059: delete node: IP: 23.45.123.46. Number of nodes 95
EtherApe-INFO: 21:10:13.353: delete node: IP: 95.101.74.147. Number of nodes 94
EtherApe-INFO: 21:10:13.353: delete node: IP: 23.56.99.64. Number of nodes 93
EtherApe-INFO: 21:10:17.235: delete node: IP: 185.240.244.3. Number of nodes 92
EtherApe-INFO: 21:10:19.516: delete node: IP: 104.100.68.24. Number of nodes 91
EtherApe-INFO: 21:10:20.533: delete node: IP: 108.138.51.88. Number of nodes 90
EtherApe-INFO: 21:10:22.592: delete node: IP: 87.245.217.79. Number of nodes 89
EtherApe-INFO: 21:10:23.886: delete node: IP: 146.75.122.49. Number of nodes 88
EtherApe-INFO: 21:10:25.607: delete node: IP: 35.186.227.140. Number of nodes 87
EtherApe-INFO: 21:10:25.946: delete node: IP: 8.8.8.8. Number of nodes 86
EtherApe-INFO: 21:10:26.885: delete node: IP: 151.101.128.134. Number of nodes 85
EtherApe-INFO: 21:10:26.886: delete node: IP: 23.60.170.146. Number of nodes 84
EtherApe-INFO: 21:10:27.976: delete node: IP: 104.100.74.161. Number of nodes 83
EtherApe-INFO: 21:10:29.710: delete node: IP: 108.138.50.66. Number of nodes 82
EtherApe-INFO: 21:10:29.710: delete node: IP: 18.66.107.199. Number of nodes 81
EtherApe-INFO: 21:10:31.575: delete node: IP: 74.208.236.134. Number of nodes 80
EtherApe-INFO: 21:10:31.576: delete node: IP: 23.44.100.227. Number of nodes 79
EtherApe-INFO: 21:10:31.576: delete node: IP: 23.32.253.190. Number of nodes 78
EtherApe-INFO: 21:10:34.324: delete node: IP: 185.199.110.133. Number of nodes 77
EtherApe-INFO: 21:10:35.369: delete node: IP: 91.198.10.4. Number of nodes 76
EtherApe-INFO: 21:10:38.238: delete node: IP: 142.250.203.131. Number of nodes 75
EtherApe-INFO: 21:10:38.915: delete node: IP: 104.16.249.249. Number of nodes 74
EtherApe-INFO: 21:10:41.538: delete node: IP: 146.75.122.133. Number of nodes 73
EtherApe-INFO: 21:10:41.996: delete node: IP: 146.75.122.209. Number of nodes 72
EtherApe-INFO: 21:10:42.805: delete node: IP: 108.138.50.112. Number of nodes 71
EtherApe-INFO: 21:10:43.879: delete node: IP: 185.199.111.153. Number of nodes 70
EtherApe-INFO: 21:10:45.884: delete node: IP: 18.66.112.55. Number of nodes 69
EtherApe-INFO: 21:10:46.740: delete node: IP: 142.250.203.142. Number of nodes 68
EtherApe-INFO: 21:10:47.031: delete node: IP: 151.101.129.69. Number of nodes 67
EtherApe-INFO: 21:10:47.150: New node: IP: 192.168.1.1. Number of nodes 68
EtherApe-INFO: 21:10:47.221: New node: IP: 95.216.195.133. Number of nodes 69
EtherApe-INFO: 21:10:48.903: delete node: IP: 108.138.51.81. Number of nodes 68
EtherApe-INFO: 21:10:49.719: delete node: IP: 91.198.174.192. Number of nodes 67
EtherApe-INFO: 21:10:52.002: delete node: IP: 52.205.65.151. Number of nodes 66
EtherApe-INFO: 21:10:56.650: delete node: IP: 140.82.121.4. Number of nodes 65
EtherApe-INFO: 21:10:56.872: delete node: IP: 139.59.209.225. Number of nodes 64
EtherApe-INFO: 21:10:57.916: delete node: IP: 207.241.228.27. Number of nodes 63
EtherApe-INFO: 21:10:57.916: delete node: IP: 104.17.24.14. Number of nodes 62
EtherApe-INFO: 21:10:59.736: delete node: IP: 172.67.19.203. Number of nodes 61
EtherApe-INFO: 21:11:00.990: delete node: IP: 185.199.110.154. Number of nodes 60
EtherApe-INFO: 21:11:00.991: delete node: IP: 104.18.11.173. Number of nodes 59
EtherApe-INFO: 21:11:02.779: delete node: IP: 18.66.233.92. Number of nodes 58
EtherApe-INFO: 21:11:03.788: delete node: IP: 18.66.233.30. Number of nodes 57
EtherApe-INFO: 21:11:04.807: delete node: IP: 172.67.23.100. Number of nodes 56
EtherApe-INFO: 21:11:04.807: delete node: IP: 172.64.155.91. Number of nodes 55
EtherApe-INFO: 21:11:04.807: delete node: IP: 108.138.50.160. Number of nodes 54
EtherApe-INFO: 21:11:04.807: delete node: IP: 104.18.23.126. Number of nodes 53
EtherApe-INFO: 21:11:06.142: delete node: IP: 172.67.31.229. Number of nodes 52
EtherApe-INFO: 21:11:06.142: delete node: IP: 104.17.183.52. Number of nodes 51
EtherApe-INFO: 21:11:06.814: delete node: IP: 108.138.53.154. Number of nodes 50
EtherApe-INFO: 21:11:06.814: delete node: IP: 108.138.24.166. Number of nodes 49
EtherApe-INFO: 21:11:06.815: delete node: IP: 104.16.148.64. Number of nodes 48
EtherApe-INFO: 21:11:06.815: delete node: IP: 104.16.100.56. Number of nodes 47
EtherApe-INFO: 21:11:06.815: delete node: IP: 3.213.84.182. Number of nodes 46
EtherApe-INFO: 21:11:08.941: delete node: IP: 18.66.233.51. Number of nodes 45
EtherApe-INFO: 21:11:10.747: delete node: IP: 18.66.234.116. Number of nodes 44
EtherApe-INFO: 21:11:14.526: delete node: IP: 131.253.33.203. Number of nodes 43
EtherApe-INFO: 21:11:14.526: delete node: IP: 34.120.208.123. Number of nodes 42
EtherApe-INFO: 21:11:16.360: delete node: IP: 104.18.33.40. Number of nodes 41
EtherApe-INFO: 21:11:18.180: delete node: IP: 172.217.16.3. Number of nodes 40
EtherApe-INFO: 21:11:18.180: delete node: IP: 108.138.44.67. Number of nodes 39
EtherApe-INFO: 21:11:18.180: delete node: IP: 104.16.215.237. Number of nodes 38
EtherApe-INFO: 21:11:18.180: delete node: IP: 54.155.246.232. Number of nodes 37
EtherApe-INFO: 21:11:18.180: delete node: IP: 18.66.233.89. Number of nodes 36
EtherApe-INFO: 21:11:18.180: delete node: IP: 18.66.130.57. Number of nodes 35
EtherApe-INFO: 21:11:18.853: delete node: IP: 108.138.51.84. Number of nodes 34
EtherApe-INFO: 21:11:19.952: delete node: IP: 108.138.7.9. Number of nodes 33
EtherApe-INFO: 21:11:22.957: delete node: IP: 108.138.51.108. Number of nodes 32
EtherApe-INFO: 21:11:27.077: delete node: IP: 216.58.215.99. Number of nodes 31
EtherApe-INFO: 21:11:29.173: delete node: IP: 176.122.113.13. Number of nodes 30
EtherApe-INFO: 21:11:30.950: delete node: IP: 146.75.121.208. Number of nodes 29
EtherApe-INFO: 21:11:32.508: delete node: IP: 172.64.147.123. Number of nodes 28
EtherApe-INFO: 21:11:32.508: delete node: IP: 2.21.173.91. Number of nodes 27
EtherApe-INFO: 21:11:32.975: delete node: IP: 172.217.16.42. Number of nodes 26
EtherApe-INFO: 21:11:33.755: delete node: IP: 142.250.203.202. Number of nodes 25
EtherApe-INFO: 21:11:49.865: delete node: IP: 93.184.220.29. Number of nodes 24
EtherApe-INFO: 21:11:52.727: delete node: IP: 142.250.203.138. Number of nodes 23
EtherApe-INFO: 21:12:00.065: delete node: IP: 108.138.51.96. Number of nodes 22
EtherApe-INFO: 21:12:02.361: New node: IP: 35.163.114.208. Number of nodes 23
EtherApe-INFO: 21:12:05.748: delete node: IP: 216.58.209.5. Number of nodes 22
EtherApe-INFO: 21:12:11.650: delete node: IP: 207.241.224.2. Number of nodes 21
EtherApe-INFO: 21:12:26.693: delete node: IP: 104.18.22.122. Number of nodes 20
EtherApe-INFO: 21:12:26.693: delete node: IP: 104.18.16.115. Number of nodes 19
EtherApe-INFO: 21:12:36.975: delete node: IP: 104.18.19.132. Number of nodes 18
EtherApe-INFO: 21:12:44.630: delete node: IP: 104.20.121.46. Number of nodes 17
EtherApe-INFO: 21:12:47.201: delete node: IP: 192.168.1.1. Number of nodes 16
EtherApe-INFO: 21:12:47.747: delete node: IP: 104.18.7.185. Number of nodes 15
EtherApe-INFO: 21:12:47.748: delete node: IP: 95.216.195.133. Number of nodes 14
EtherApe-INFO: 21:12:53.880: delete node: IP: 172.64.106.28. Number of nodes 13
EtherApe-INFO: 21:12:55.176: delete node: IP: 142.250.75.14. Number of nodes 12
EtherApe-INFO: 21:12:55.610: delete node: IP: 172.64.107.28. Number of nodes 11
EtherApe-INFO: 21:12:55.610: delete node: IP: 104.17.49.74. Number of nodes 10
EtherApe-INFO: 21:12:56.695: delete node: IP: 172.217.16.46. Number of nodes 9
EtherApe-INFO: 21:14:02.997: delete node: IP: 35.163.114.208. Number of nodes 8
EtherApe-INFO: 21:15:47.128: New node: IP: 192.168.1.1. Number of nodes 9
EtherApe-INFO: 21:15:47.129: New node: IP: 95.216.195.133. Number of nodes 10
EtherApe-INFO: 21:15:48.921: New node: IP: 149.154.167.216. Number of nodes 11
EtherApe-INFO: 21:16:20.407: New node: IP: 54.216.227.219. Number of nodes 12
EtherApe-INFO: 21:17:02.648: New node: IP: 35.163.114.208. Number of nodes 13
EtherApe-INFO: 21:17:06.999: New node: IP: 91.198.10.4. Number of nodes 14
EtherApe-INFO: 21:17:48.015: delete node: IP: 192.168.1.1. Number of nodes 13
EtherApe-INFO: 21:17:48.015: delete node: IP: 95.216.195.133. Number of nodes 12
EtherApe-INFO: 21:18:21.027: delete node: IP: 54.216.227.219. Number of nodes 11
EtherApe-INFO: 21:19:03.270: delete node: IP: 35.163.114.208. Number of nodes 10
EtherApe-INFO: 21:19:07.112: delete node: IP: 91.198.10.4. Number of nodes 9
EtherApe-INFO: 21:19:42.923: delete node: IP: 149.154.167.216. Number of nodes 8
EtherApe-INFO: 21:20:47.160: New node: IP: 192.168.1.1. Number of nodes 9
EtherApe-INFO: 21:20:47.161: New node: IP: 95.216.195.133. Number of nodes 10
EtherApe-INFO: 21:22:02.935: New node: IP: 35.163.114.208. Number of nodes 11
EtherApe-INFO: 21:22:48.064: delete node: IP: 192.168.1.1. Number of nodes 10
EtherApe-INFO: 21:22:48.064: delete node: IP: 95.216.195.133. Number of nodes 9
EtherApe-INFO: 21:23:34.583: New node: IP: 149.154.167.216. Number of nodes 10
EtherApe-INFO: 21:24:03.261: delete node: IP: 35.163.114.208. Number of nodes 9
EtherApe-INFO: 21:25:46.935: New node: IP: 192.168.1.1. Number of nodes 10
EtherApe-INFO: 21:25:47.191: New node: IP: 95.216.195.133. Number of nodes 11
EtherApe-INFO: 21:26:06.188: delete node: IP: 149.154.167.216. Number of nodes 10
EtherApe-INFO: 21:27:02.967: New node: IP: 35.163.114.208. Number of nodes 11
EtherApe-INFO: 21:27:47.358: delete node: IP: 192.168.1.1. Number of nodes 10
EtherApe-INFO: 21:27:47.359: delete node: IP: 95.216.195.133. Number of nodes 9
EtherApe-INFO: 21:29:03.332: delete node: IP: 35.163.114.208. Number of nodes 8
EtherApe-INFO: 21:29:41.176: New node: IP: 149.154.167.216. Number of nodes 9
EtherApe-INFO: 21:30:46.967: New node: IP: 192.168.1.1. Number of nodes 10
EtherApe-INFO: 21:30:47.224: New node: IP: 95.216.195.133. Number of nodes 11
EtherApe-INFO: 21:31:57.904: delete node: IP: 149.154.167.216. Number of nodes 10
EtherApe-INFO: 21:32:02.487: New node: IP: 35.163.114.208. Number of nodes 11
EtherApe-INFO: 21:32:47.196: delete node: IP: 192.168.1.1. Number of nodes 10
EtherApe-INFO: 21:32:47.300: delete node: IP: 95.216.195.133. Number of nodes 9
EtherApe-INFO: 21:32:50.103: New node: IP: 140.82.121.6. Number of nodes 10
EtherApe-INFO: 21:34:03.645: delete node: IP: 35.163.114.208. Number of nodes 9
EtherApe-INFO: 21:34:10.232: New node: IP: 149.154.167.216. Number of nodes 10
EtherApe-INFO: 21:34:11.255: New node: IP: 91.198.10.4. Number of nodes 11
EtherApe-INFO: 21:35:34.561: delete node: IP: 140.82.112.25. Number of nodes 10
EtherApe-INFO: 21:35:46.999: New node: IP: 192.168.1.1. Number of nodes 11
EtherApe-INFO: 21:35:47.767: New node: IP: 95.216.195.133. Number of nodes 12
EtherApe-INFO: 21:36:11.342: delete node: IP: 91.198.10.4. Number of nodes 11
EtherApe-INFO: 21:36:25.744: delete node: IP: 149.154.167.216. Number of nodes 10
EtherApe-INFO: 21:36:51.047: delete node: IP: 140.82.121.6. Number of nodes 9
EtherApe-INFO: 21:37:03.288: New node: IP: 35.163.114.208. Number of nodes 10
EtherApe-INFO: 21:37:47.366: delete node: IP: 192.168.1.1. Number of nodes 9
EtherApe-INFO: 21:37:48.438: delete node: IP: 95.216.195.133. Number of nodes 8
EtherApe-INFO: 21:38:29.373: delete node: IP: 104.16.248.249. Number of nodes 7
EtherApe-INFO: 21:38:47.224: New node: IP: 149.154.167.216. Number of nodes 8
EtherApe-INFO: 21:39:04.724: delete node: IP: 35.163.114.208. Number of nodes 7
EtherApe-INFO: 21:40:47.032: New node: IP: 192.168.1.1. Number of nodes 8
EtherApe-INFO: 21:40:47.287: New node: IP: 95.216.195.133. Number of nodes 9
EtherApe-INFO: 21:41:02.925: delete node: IP: 149.154.167.216. Number of nodes 8
EtherApe-INFO: 21:41:56.153: New node: IP: 149.154.167.216. Number of nodes 9
EtherApe-INFO: 21:42:03.576: New node: IP: 35.163.114.208. Number of nodes 10
EtherApe-INFO: 21:42:48.145: delete node: IP: 192.168.1.1. Number of nodes 9
EtherApe-INFO: 21:42:48.145: delete node: IP: 95.216.195.133. Number of nodes 8
EtherApe-INFO: 21:44:05.233: delete node: IP: 35.163.114.208. Number of nodes 7
EtherApe-INFO: 21:44:48.505: delete node: IP: 149.154.167.216. Number of nodes 6
EtherApe-INFO: 21:45:47.064: New node: IP: 192.168.1.1. Number of nodes 7
EtherApe-INFO: 21:45:47.320: New node: IP: 95.216.195.133. Number of nodes 8
EtherApe-INFO: 21:47:03.607: New node: IP: 35.163.114.208. Number of nodes 9
EtherApe-INFO: 21:47:48.413: delete node: IP: 192.168.1.1. Number of nodes 8
EtherApe-INFO: 21:47:48.413: delete node: IP: 95.216.195.133. Number of nodes 7
EtherApe-INFO: 21:48:07.607: New node: IP: 8.8.8.8. Number of nodes 8
EtherApe-INFO: 21:49:05.778: delete node: IP: 35.163.114.208. Number of nodes 7
EtherApe-INFO: 21:50:08.756: delete node: IP: 8.8.8.8. Number of nodes 6
EtherApe-INFO: 21:50:47.095: New node: IP: 192.168.1.1. Number of nodes 7
EtherApe-INFO: 21:50:47.608: New node: IP: 95.216.195.133. Number of nodes 8
EtherApe-INFO: 21:51:32.408: New node: IP: 149.154.167.216. Number of nodes 9
EtherApe-INFO: 21:52:03.895: New node: IP: 35.163.114.208. Number of nodes 10
EtherApe-INFO: 21:52:47.190: delete node: IP: 192.168.1.1. Number of nodes 9
EtherApe-INFO: 21:52:47.937: delete node: IP: 95.216.195.133. Number of nodes 8
EtherApe-INFO: 21:52:51.511: New node: IP: 140.82.113.6. Number of nodes 9
EtherApe-INFO: 21:53:48.093: delete node: IP: 149.154.167.216. Number of nodes 8
EtherApe-INFO: 21:54:06.576: delete node: IP: 35.163.114.208. Number of nodes 7
EtherApe-INFO: 21:55:47.127: New node: IP: 192.168.1.1. Number of nodes 8
EtherApe-INFO: 21:55:47.128: New node: IP: 95.216.195.133. Number of nodes 9
EtherApe-INFO: 21:56:54.008: delete node: IP: 140.82.113.6. Number of nodes 8
EtherApe-INFO: 21:57:03.927: New node: IP: 35.163.114.208. Number of nodes 9
EtherApe-INFO: 21:57:47.227: delete node: IP: 192.168.1.1. Number of nodes 8
EtherApe-INFO: 21:57:47.789: delete node: IP: 95.216.195.133. Number of nodes 7
EtherApe-INFO: 21:59:04.357: delete node: IP: 35.163.114.208. Number of nodes 6
EtherApe-INFO: 21:59:27.033: New node: IP: 149.154.167.216. Number of nodes 7
EtherApe-INFO: 22:00:46.962: New node: IP: 192.168.1.1. Number of nodes 8
EtherApe-INFO: 22:00:47.215: New node: IP: 95.216.195.133. Number of nodes 9
EtherApe-INFO: 22:01:15.332: New node: IP: 149.154.167.255. Number of nodes 10
EtherApe-INFO: 22:02:02.687: New node: IP: 35.163.114.208. Number of nodes 11
EtherApe-INFO: 22:02:47.261: delete node: IP: 192.168.1.1. Number of nodes 10
EtherApe-INFO: 22:02:48.539: delete node: IP: 95.216.195.133. Number of nodes 9
EtherApe-INFO: 22:03:30.569: delete node: IP: 149.154.167.216. Number of nodes 8
EtherApe-INFO: 22:03:33.064: delete node: IP: 149.154.167.255. Number of nodes 7
EtherApe-INFO: 22:04:04.627: delete node: IP: 35.163.114.208. Number of nodes 6
EtherApe-INFO: 22:05:46.943: New node: IP: 192.168.1.1. Number of nodes 7
EtherApe-INFO: 22:05:47.200: New node: IP: 95.216.195.133. Number of nodes 8
EtherApe-INFO: 22:07:04.511: New node: IP: 35.163.114.208. Number of nodes 9
EtherApe-INFO: 22:07:08.106: New node: IP: 149.154.167.216. Number of nodes 10
EtherApe-INFO: 22:07:47.330: delete node: IP: 192.168.1.1. Number of nodes 9
EtherApe-INFO: 22:07:47.548: delete node: IP: 95.216.195.133. Number of nodes 8
EtherApe-INFO: 22:08:19.519: New node: IP: 91.198.10.4. Number of nodes 9
EtherApe-INFO: 22:09:04.657: delete node: IP: 35.163.114.208. Number of nodes 8
EtherApe-INFO: 22:10:19.687: delete node: IP: 91.198.10.4. Number of nodes 7
EtherApe-INFO: 22:10:46.976: New node: IP: 192.168.1.1. Number of nodes 8
EtherApe-INFO: 22:10:47.231: New node: IP: 95.216.195.133. Number of nodes 9
EtherApe-INFO: 22:12:04.544: New node: IP: 35.163.114.208. Number of nodes 10
EtherApe-INFO: 22:12:47.884: delete node: IP: 192.168.1.1. Number of nodes 9
EtherApe-INFO: 22:12:47.885: delete node: IP: 95.216.195.133. Number of nodes 8
EtherApe-INFO: 22:13:04.199: delete node: IP: 149.154.167.216. Number of nodes 7
EtherApe-INFO: 22:14:04.864: New node: IP: 149.154.167.216. Number of nodes 8
EtherApe-INFO: 22:14:04.867: delete node: IP: 35.163.114.208. Number of nodes 7
EtherApe-INFO: 22:15:47.007: New node: IP: 192.168.1.1. Number of nodes 8
EtherApe-INFO: 22:15:47.264: New node: IP: 95.216.195.133. Number of nodes 9
EtherApe-INFO: 22:16:20.354: delete node: IP: 149.154.167.216. Number of nodes 8
EtherApe-INFO: 22:17:05.089: New node: IP: 35.163.114.208. Number of nodes 9
EtherApe-INFO: 22:17:47.331: delete node: IP: 192.168.1.1. Number of nodes 8
EtherApe-INFO: 22:17:47.331: delete node: IP: 95.216.195.133. Number of nodes 7
EtherApe-INFO: 22:19:05.486: delete node: IP: 35.163.114.208. Number of nodes 6
EtherApe-INFO: 22:20:47.050: New node: IP: 192.168.1.1. Number of nodes 7
EtherApe-INFO: 22:20:47.299: New node: IP: 95.216.195.133. Number of nodes 8
EtherApe-INFO: 22:20:54.465: New node: IP: 149.154.167.216. Number of nodes 9
EtherApe-INFO: 22:22:05.375: New node: IP: 35.163.114.208. Number of nodes 10
EtherApe-INFO: 22:22:47.140: delete node: IP: 192.168.1.1. Number of nodes 9
EtherApe-INFO: 22:22:47.458: delete node: IP: 95.216.195.133. Number of nodes 8
EtherApe-INFO: 22:24:05.724: delete node: IP: 35.163.114.208. Number of nodes 7
EtherApe-INFO: 22:24:09.794: delete node: IP: 149.154.167.216. Number of nodes 6
EtherApe-INFO: 22:25:47.071: New node: IP: 192.168.1.1. Number of nodes 7
EtherApe-INFO: 22:25:47.327: New node: IP: 95.216.195.133. Number of nodes 8
EtherApe-INFO: 22:27:05.663: New node: IP: 35.163.114.208. Number of nodes 9
EtherApe-INFO: 22:27:48.957: delete node: IP: 192.168.1.1. Number of nodes 8
EtherApe-INFO: 22:27:48.957: delete node: IP: 95.216.195.133. Number of nodes 7
EtherApe-INFO: 22:27:59.937: New node: IP: 149.154.175.57. Number of nodes 8
EtherApe-INFO: 22:27:59.937: New node: IP: 149.154.175.54. Number of nodes 9
EtherApe-INFO: 22:29:05.812: delete node: IP: 35.163.114.208. Number of nodes 8
EtherApe-INFO: 22:29:19.039: New node: IP: 149.154.167.216. Number of nodes 9
EtherApe-INFO: 22:30:00.604: delete node: IP: 149.154.175.54. Number of nodes 8
EtherApe-INFO: 22:30:17.409: delete node: IP: 149.154.175.57. Number of nodes 7
EtherApe-INFO: 22:30:47.103: New node: IP: 192.168.1.1. Number of nodes 8
EtherApe-INFO: 22:30:47.105: New node: IP: 95.216.195.133. Number of nodes 9
EtherApe-INFO: 22:31:34.769: delete node: IP: 149.154.167.216. Number of nodes 8
EtherApe-INFO: 22:31:48.287: New node: IP: 149.154.167.216. Number of nodes 9
EtherApe-INFO: 22:32:02.879: New node: IP: 35.163.114.208. Number of nodes 10
EtherApe-INFO: 22:32:47.958: delete node: IP: 192.168.1.1. Number of nodes 9
EtherApe-INFO: 22:32:47.958: delete node: IP: 95.216.195.133. Number of nodes 8
EtherApe-INFO: 22:34:04.040: delete node: IP: 149.154.167.216. Number of nodes 7
EtherApe-INFO: 22:34:06.801: delete node: IP: 35.163.114.208. Number of nodes 6
EtherApe-INFO: 22:35:00.801: New node: IP: 149.154.167.216. Number of nodes 7
EtherApe-INFO: 22:35:47.136: New node: IP: 192.168.1.1. Number of nodes 8
EtherApe-INFO: 22:35:47.137: New node: IP: 95.216.195.133. Number of nodes 9
EtherApe-INFO: 22:37:05.983: New node: IP: 35.163.114.208. Number of nodes 10
EtherApe-INFO: 22:37:17.767: delete node: IP: 149.154.167.216. Number of nodes 9
EtherApe-INFO: 22:37:48.760: delete node: IP: 192.168.1.1. Number of nodes 8
EtherApe-INFO: 22:37:48.760: delete node: IP: 95.216.195.133. Number of nodes 7
EtherApe-INFO: 22:39:07.071: delete node: IP: 35.163.114.208. Number of nodes 6
EtherApe-INFO: 22:39:34.464: New node: IP: 91.108.56.145. Number of nodes 7
EtherApe-INFO: 22:39:53.663: New node: IP: 149.154.167.216. Number of nodes 8
EtherApe-INFO: 22:40:47.168: New node: IP: 192.168.1.1. Number of nodes 9
EtherApe-INFO: 22:40:47.168: New node: IP: 95.216.195.133. Number of nodes 10
EtherApe-INFO: 22:41:56.639: delete node: IP: 91.108.56.145. Number of nodes 9
EtherApe-INFO: 22:42:06.271: New node: IP: 35.163.114.208. Number of nodes 10
EtherApe-INFO: 22:42:10.174: delete node: IP: 149.154.167.216. Number of nodes 9
EtherApe-INFO: 22:42:27.775: New node: IP: 91.198.10.4. Number of nodes 10
EtherApe-INFO: 22:42:47.558: delete node: IP: 192.168.1.1. Number of nodes 9
EtherApe-INFO: 22:42:47.559: delete node: IP: 95.216.195.133. Number of nodes 8
EtherApe-INFO: 22:44:07.152: delete node: IP: 35.163.114.208. Number of nodes 7
EtherApe-INFO: 22:44:28.136: delete node: IP: 91.198.10.4. Number of nodes 6
EtherApe-INFO: 22:45:46.943: New node: IP: 192.168.1.1. Number of nodes 7
EtherApe-INFO: 22:45:47.199: New node: IP: 95.216.195.133. Number of nodes 8
EtherApe-INFO: 22:47:06.304: New node: IP: 35.163.114.208. Number of nodes 9
EtherApe-INFO: 22:47:48.638: delete node: IP: 192.168.1.1. Number of nodes 8
EtherApe-INFO: 22:47:48.638: delete node: IP: 95.216.195.133. Number of nodes 7
EtherApe-INFO: 22:48:16.961: New node: IP: 149.154.167.216. Number of nodes 8
EtherApe-INFO: 22:49:06.686: delete node: IP: 35.163.114.208. Number of nodes 7
EtherApe-INFO: 22:50:15.487: New node: IP: 149.154.175.211. Number of nodes 8
EtherApe-INFO: 22:50:32.451: delete node: IP: 149.154.167.216. Number of nodes 7
EtherApe-INFO: 22:50:46.977: New node: IP: 192.168.1.1. Number of nodes 8
EtherApe-INFO: 22:50:47.232: New node: IP: 95.216.195.133. Number of nodes 9
EtherApe-INFO: 22:52:06.591: New node: IP: 35.163.114.208. Number of nodes 10
EtherApe-INFO: 22:52:33.542: delete node: IP: 149.154.175.211. Number of nodes 9
EtherApe-INFO: 22:52:41.407: New node: IP: 149.154.167.216. Number of nodes 10
EtherApe-INFO: 22:52:47.348: delete node: IP: 192.168.1.1. Number of nodes 9
EtherApe-INFO: 22:52:47.348: delete node: IP: 95.216.195.133. Number of nodes 8
EtherApe-INFO: 22:54:06.985: delete node: IP: 35.163.114.208. Number of nodes 7
EtherApe-INFO: 22:54:56.924: delete node: IP: 149.154.167.216. Number of nodes 6
EtherApe-INFO: 22:55:27.041: New node: IP: 149.154.167.216. Number of nodes 7
EtherApe-INFO: 22:55:47.008: New node: IP: 192.168.1.1. Number of nodes 8
EtherApe-INFO: 22:55:47.264: New node: IP: 95.216.195.133. Number of nodes 9
EtherApe-INFO: 22:57:06.623: New node: IP: 35.163.114.208. Number of nodes 10
EtherApe-INFO: 22:57:42.754: delete node: IP: 149.154.167.216. Number of nodes 9
EtherApe-INFO: 22:57:47.406: delete node: IP: 192.168.1.1. Number of nodes 8
EtherApe-INFO: 22:57:47.619: delete node: IP: 95.216.195.133. Number of nodes 7
EtherApe-INFO: 22:59:06.950: delete node: IP: 35.163.114.208. Number of nodes 6
EtherApe-INFO: 23:00:47.039: New node: IP: 192.168.1.1. Number of nodes 7
EtherApe-INFO: 23:00:47.040: New node: IP: 95.216.195.133. Number of nodes 8
EtherApe-INFO: 23:01:42.083: New node: IP: 149.154.167.216. Number of nodes 9
EtherApe-INFO: 23:02:03.071: New node: IP: 35.163.114.208. Number of nodes 10
EtherApe-INFO: 23:02:47.403: delete node: IP: 192.168.1.1. Number of nodes 9
EtherApe-INFO: 23:02:47.403: delete node: IP: 95.216.195.133. Number of nodes 8
EtherApe-INFO: 23:03:57.597: delete node: IP: 149.154.167.216. Number of nodes 7
EtherApe-INFO: 23:04:07.315: delete node: IP: 35.163.114.208. Number of nodes 6
EtherApe-INFO: 23:05:47.072: New node: IP: 192.168.1.1. Number of nodes 7
EtherApe-INFO: 23:05:47.073: New node: IP: 95.216.195.133. Number of nodes 8
EtherApe-INFO: 23:07:06.943: New node: IP: 35.163.114.208. Number of nodes 9
EtherApe-INFO: 23:07:47.667: delete node: IP: 192.168.1.1. Number of nodes 8
EtherApe-INFO: 23:07:47.667: delete node: IP: 95.216.195.133. Number of nodes 7
EtherApe-INFO: 23:09:07.280: delete node: IP: 35.163.114.208. Number of nodes 6
EtherApe-INFO: 23:10:47.103: New node: IP: 192.168.1.1. Number of nodes 7
EtherApe-INFO: 23:10:47.359: New node: IP: 95.216.195.133. Number of nodes 8
EtherApe-INFO: 23:12:06.976: New node: IP: 35.163.114.208. Number of nodes 9
EtherApe-INFO: 23:12:47.234: delete node: IP: 192.168.1.1. Number of nodes 8
EtherApe-INFO: 23:12:47.977: delete node: IP: 95.216.195.133. Number of nodes 7
EtherApe-INFO: 23:14:07.343: delete node: IP: 35.163.114.208. Number of nodes 6
EtherApe-INFO: 23:15:47.135: New node: IP: 192.168.1.1. Number of nodes 7
EtherApe-INFO: 23:15:47.135: New node: IP: 95.216.195.133. Number of nodes 8
EtherApe-INFO: 23:16:36.031: New node: IP: 91.198.10.4. Number of nodes 9
EtherApe-INFO: 23:17:07.263: New node: IP: 35.163.114.208. Number of nodes 10
EtherApe-INFO: 23:17:47.218: delete node: IP: 192.168.1.1. Number of nodes 9
EtherApe-INFO: 23:17:47.572: delete node: IP: 95.216.195.133. Number of nodes 8
EtherApe-INFO: 23:18:05.632: New node: IP: 149.154.167.216. Number of nodes 9
EtherApe-INFO: 23:18:36.362: delete node: IP: 91.198.10.4. Number of nodes 8
EtherApe-INFO: 23:19:07.363: delete node: IP: 35.163.114.208. Number of nodes 7
EtherApe-INFO: 23:20:47.167: New node: IP: 192.168.1.1. Number of nodes 8
EtherApe-INFO: 23:20:47.167: New node: IP: 95.216.195.133. Number of nodes 9
EtherApe-INFO: 23:21:52.541: delete node: IP: 149.154.167.216. Number of nodes 8
EtherApe-INFO: 23:22:07.295: New node: IP: 35.163.114.208. Number of nodes 9
EtherApe-INFO: 23:22:48.558: delete node: IP: 192.168.1.1. Number of nodes 8
EtherApe-INFO: 23:22:48.558: delete node: IP: 95.216.195.133. Number of nodes 7
EtherApe-INFO: 23:24:07.403: delete node: IP: 35.163.114.208. Number of nodes 6
EtherApe-INFO: 23:25:46.944: New node: IP: 192.168.1.1. Number of nodes 7
EtherApe-INFO: 23:25:47.200: New node: IP: 95.216.195.133. Number of nodes 8
EtherApe-INFO: 23:27:07.583: New node: IP: 35.163.114.208. Number of nodes 9
EtherApe-INFO: 23:27:47.352: delete node: IP: 192.168.1.1. Number of nodes 8
EtherApe-INFO: 23:27:47.352: delete node: IP: 95.216.195.133. Number of nodes 7
EtherApe-INFO: 23:29:07.723: delete node: IP: 35.163.114.208. Number of nodes 6
EtherApe-INFO: 23:30:46.975: New node: IP: 192.168.1.1. Number of nodes 7
EtherApe-INFO: 23:30:47.232: New node: IP: 95.216.195.133. Number of nodes 8
EtherApe-INFO: 23:32:07.359: New node: IP: 35.163.114.208. Number of nodes 9
EtherApe-INFO: 23:32:29.888: New node: IP: 149.154.167.216. Number of nodes 10
EtherApe-INFO: 23:32:49.113: delete node: IP: 192.168.1.1. Number of nodes 9
EtherApe-INFO: 23:32:49.113: delete node: IP: 95.216.195.133. Number of nodes 8
EtherApe-INFO: 23:34:07.756: delete node: IP: 35.163.114.208. Number of nodes 7
EtherApe-INFO: 23:34:45.622: delete node: IP: 149.154.167.216. Number of nodes 6
EtherApe-INFO: 23:34:55.811: New node: IP: 149.154.167.216. Number of nodes 7
EtherApe-INFO: 23:35:47.007: New node: IP: 192.168.1.1. Number of nodes 8
EtherApe-INFO: 23:35:47.264: New node: IP: 95.216.195.133. Number of nodes 9
EtherApe-INFO: 23:37:07.647: New node: IP: 35.163.114.208. Number of nodes 10
EtherApe-INFO: 23:37:11.581: delete node: IP: 149.154.167.216. Number of nodes 9
EtherApe-INFO: 23:37:47.153: delete node: IP: 192.168.1.1. Number of nodes 8
EtherApe-INFO: 23:37:47.362: delete node: IP: 95.216.195.133. Number of nodes 7
EtherApe-INFO: 23:39:09.256: delete node: IP: 35.163.114.208. Number of nodes 6
EtherApe-INFO: 23:40:47.039: New node: IP: 192.168.1.1. Number of nodes 7
EtherApe-INFO: 23:40:47.296: New node: IP: 95.216.195.133. Number of nodes 8
EtherApe-INFO: 23:42:07.679: New node: IP: 35.163.114.208. Number of nodes 9
EtherApe-INFO: 23:42:47.647: delete node: IP: 192.168.1.1. Number of nodes 8
EtherApe-INFO: 23:42:47.647: delete node: IP: 95.216.195.133. Number of nodes 7
EtherApe-INFO: 23:44:08.808: delete node: IP: 35.163.114.208. Number of nodes 6
EtherApe-INFO: 23:44:22.336: New node: IP: 149.154.167.216. Number of nodes 7
EtherApe-INFO: 23:45:47.072: New node: IP: 192.168.1.1. Number of nodes 8
EtherApe-INFO: 23:45:47.327: New node: IP: 95.216.195.133. Number of nodes 9
EtherApe-INFO: 23:47:07.967: New node: IP: 35.163.114.208. Number of nodes 10
EtherApe-INFO: 23:47:08.501: delete node: IP: 149.154.167.216. Number of nodes 9
EtherApe-INFO: 23:47:31.008: New node: IP: 149.154.167.216. Number of nodes 10
EtherApe-INFO: 23:47:49.712: delete node: IP: 192.168.1.1. Number of nodes 9
EtherApe-INFO: 23:47:49.712: delete node: IP: 95.216.195.133. Number of nodes 8
EtherApe-INFO: 23:49:09.584: delete node: IP: 35.163.114.208. Number of nodes 7
EtherApe-INFO: 23:50:44.290: New node: IP: 91.198.10.4. Number of nodes 8
EtherApe-INFO: 23:50:47.103: New node: IP: 192.168.1.1. Number of nodes 9
EtherApe-INFO: 23:50:47.104: New node: IP: 95.216.195.133. Number of nodes 10
EtherApe-INFO: 23:51:48.801: delete node: IP: 149.154.167.216. Number of nodes 9
EtherApe-INFO: 23:51:58.015: New node: IP: 149.154.167.216. Number of nodes 10
EtherApe-INFO: 23:52:07.999: New node: IP: 35.163.114.208. Number of nodes 11
EtherApe-INFO: 23:52:44.423: delete node: IP: 91.198.10.4. Number of nodes 10
EtherApe-INFO: 23:52:48.988: delete node: IP: 192.168.1.1. Number of nodes 9
EtherApe-INFO: 23:52:48.988: delete node: IP: 95.216.195.133. Number of nodes 8
EtherApe-INFO: 23:54:00.639: New node: IP: 8.8.8.8. Number of nodes 9
EtherApe-INFO: 23:54:10.661: delete node: IP: 35.163.114.208. Number of nodes 8
EtherApe-INFO: 23:55:47.136: New node: IP: 192.168.1.1. Number of nodes 9
EtherApe-INFO: 23:55:47.136: New node: IP: 95.216.195.133. Number of nodes 10
EtherApe-INFO: 23:56:01.055: delete node: IP: 8.8.8.8. Number of nodes 9
EtherApe-INFO: 23:57:07.520: New node: IP: 35.163.114.208. Number of nodes 10
EtherApe-INFO: 23:57:07.571: delete node: IP: 149.154.167.216. Number of nodes 9
EtherApe-INFO: 23:57:49.862: delete node: IP: 192.168.1.1. Number of nodes 8
EtherApe-INFO: 23:57:49.862: delete node: IP: 95.216.195.133. Number of nodes 7
EtherApe-INFO: 23:59:08.912: delete node: IP: 35.163.114.208. Number of nodes 6
EtherApe-INFO: 23:59:17.567: New node: IP: 149.154.167.216. Number of nodes 7
EtherApe-INFO: 23:59:26.271: New node: IP: 192.168.0.218. Number of nodes 8
EtherApe-INFO: 00:00:06.719: New node: IP: 8.8.8.8. Number of nodes 9
EtherApe-INFO: 00:00:06.975: New node: IP: 3.127.160.74. Number of nodes 10
EtherApe-INFO: 00:01:59.616: New node: IP: 0.0.0.0. Number of nodes 11
EtherApe-INFO: 00:01:59.616: New node: IP: 255.255.255.255. Number of nodes 12
EtherApe-INFO: 00:01:59.688: delete node: IP: 149.154.167.216. Number of nodes 11
EtherApe-INFO: 00:01:59.688: delete node: IP: 149.154.167.41. Number of nodes 10
EtherApe-INFO: 00:02:04.223: New node: IP: 192.168.1.1. Number of nodes 11
EtherApe-INFO: 00:02:04.224: New node: IP: 149.154.175.57. Number of nodes 12
EtherApe-INFO: 00:02:04.224: New node: IP: 149.154.175.54. Number of nodes 13
EtherApe-INFO: 00:02:04.224: New node: IP: 149.154.167.41. Number of nodes 14
EtherApe-INFO: 00:02:04.226: New node: IP: 34.120.160.131. Number of nodes 15
EtherApe-INFO: 00:02:04.480: New node: IP: 95.216.195.133. Number of nodes 16
EtherApe-INFO: 00:02:04.735: New node: IP: 5.28.194.65. Number of nodes 17
EtherApe-INFO: 00:02:04.991: New node: IP: 149.154.167.216. Number of nodes 18
EtherApe-INFO: 00:02:09.134: delete node: IP: 3.127.160.74. Number of nodes 17
EtherApe-INFO: 00:02:09.599: New node: IP: 35.163.114.208. Number of nodes 18
EtherApe-INFO: 00:02:14.004: delete node: IP: 93.190.126.75. Number of nodes 17
EtherApe-INFO: 00:02:14.726: delete node: IP: 192.168.0.218. Number of nodes 16
EtherApe-INFO: 00:03:03.111: New node: IP: 3.127.160.74. Number of nodes 17
EtherApe-INFO: 00:03:53.279: New node: IP: 192.168.0.218. Number of nodes 18
EtherApe-INFO: 00:04:05.330: delete node: IP: 255.255.255.255. Number of nodes 17
EtherApe-INFO: 00:04:05.330: delete node: IP: 192.168.1.1. Number of nodes 16
EtherApe-INFO: 00:04:05.330: delete node: IP: 149.154.175.57. Number of nodes 15
EtherApe-INFO: 00:04:05.330: delete node: IP: 149.154.175.54. Number of nodes 14
EtherApe-INFO: 00:04:05.330: delete node: IP: 95.216.195.133. Number of nodes 13
EtherApe-INFO: 00:04:05.330: delete node: IP: 34.120.160.131. Number of nodes 12
EtherApe-INFO: 00:04:05.330: delete node: IP: 5.28.194.65. Number of nodes 11
EtherApe-INFO: 00:04:05.330: delete node: IP: 0.0.0.0. Number of nodes 10
EtherApe-INFO: 00:04:11.282: delete node: IP: 8.8.8.8. Number of nodes 9
EtherApe-INFO: 00:04:20.208: delete node: IP: 149.154.167.216. Number of nodes 8
EtherApe-INFO: 00:05:50.334: delete node: IP: 35.163.114.208. Number of nodes 7
EtherApe-INFO: 00:06:13.826: delete node: IP: 192.168.0.218. Number of nodes 6
EtherApe-INFO: 00:06:23.119: delete node: IP: 3.127.160.74. Number of nodes 5
EtherApe-INFO: 00:06:48.895: New node: IP: 149.154.167.216. Number of nodes 6
EtherApe-INFO: 00:07:03.999: New node: IP: 192.168.1.1. Number of nodes 7
EtherApe-INFO: 00:07:04.255: New node: IP: 95.216.195.133. Number of nodes 8
EtherApe-INFO: 00:07:43.423: New node: IP: 3.127.160.74. Number of nodes 9
EtherApe-INFO: 00:09:04.141: delete node: IP: 192.168.1.1. Number of nodes 8
EtherApe-INFO: 00:09:04.345: delete node: IP: 95.216.195.133. Number of nodes 7
EtherApe-INFO: 00:09:05.370: delete node: IP: 149.154.167.216. Number of nodes 6
EtherApe-INFO: 00:10:55.167: New node: IP: 149.154.167.216. Number of nodes 7
EtherApe-INFO: 00:12:04.031: New node: IP: 192.168.1.1. Number of nodes 8
EtherApe-INFO: 00:12:04.287: New node: IP: 95.216.195.133. Number of nodes 9
EtherApe-INFO: 00:13:11.371: delete node: IP: 149.154.167.216. Number of nodes 8
EtherApe-INFO: 00:14:05.391: delete node: IP: 192.168.1.1. Number of nodes 7
EtherApe-INFO: 00:14:05.391: delete node: IP: 95.216.195.133. Number of nodes 6
EtherApe-INFO: 00:15:16.031: New node: IP: 149.154.167.216. Number of nodes 7
EtherApe-INFO: 00:17:04.103: New node: IP: 192.168.1.1. Number of nodes 8
EtherApe-INFO: 00:17:04.359: New node: IP: 95.216.195.133. Number of nodes 9
EtherApe-INFO: 00:18:16.304: delete node: IP: 149.154.167.216. Number of nodes 8
EtherApe-INFO: 00:18:33.192: New node: IP: 143.244.34.62. Number of nodes 9
EtherApe-INFO: 00:19:04.255: delete node: IP: 192.168.1.1. Number of nodes 8
EtherApe-INFO: 00:19:04.461: delete node: IP: 95.216.195.133. Number of nodes 7
EtherApe-INFO: 00:19:13.897: New node: IP: 149.154.167.216. Number of nodes 8
EtherApe-INFO: 00:20:12.007: New node: IP: 89.187.191.12. Number of nodes 9
EtherApe-INFO: 00:20:18.151: New node: IP: 95.216.144.15. Number of nodes 10
EtherApe-INFO: 00:21:29.843: delete node: IP: 149.154.167.216. Number of nodes 9
EtherApe-INFO: 00:22:04.136: New node: IP: 192.168.1.1. Number of nodes 10
EtherApe-INFO: 00:22:04.391: New node: IP: 95.216.195.133. Number of nodes 11
EtherApe-INFO: 00:22:12.098: delete node: IP: 143.244.34.62. Number of nodes 10
EtherApe-INFO: 00:22:17.740: delete node: IP: 89.187.191.12. Number of nodes 9
EtherApe-INFO: 00:22:18.564: delete node: IP: 95.216.144.15. Number of nodes 8
EtherApe-INFO: 00:22:21.841: delete node: IP: 3.127.160.74. Number of nodes 7
EtherApe-INFO: 00:22:47.399: New node: IP: 149.154.167.216. Number of nodes 8
EtherApe-INFO: 00:24:04.216: delete node: IP: 192.168.1.1. Number of nodes 7
EtherApe-INFO: 00:24:04.728: delete node: IP: 95.216.195.133. Number of nodes 6
EtherApe-INFO: 00:24:52.327: New node: IP: 91.198.10.4. Number of nodes 7
EtherApe-INFO: 00:25:03.141: delete node: IP: 149.154.167.216. Number of nodes 6
EtherApe-INFO: 00:25:23.816: New node: IP: 149.154.167.216. Number of nodes 7
EtherApe-INFO: 00:25:40.967: New node: IP: 149.154.167.255. Number of nodes 8
EtherApe-INFO: 00:26:53.651: delete node: IP: 91.198.10.4. Number of nodes 7
EtherApe-INFO: 00:27:04.136: New node: IP: 192.168.1.1. Number of nodes 8
EtherApe-INFO: 00:27:04.136: New node: IP: 95.216.195.133. Number of nodes 9
EtherApe-INFO: 00:27:59.189: delete node: IP: 149.154.167.255. Number of nodes 8
EtherApe-INFO: 00:28:50.639: delete node: IP: 149.154.167.216. Number of nodes 7
EtherApe-INFO: 00:29:04.240: delete node: IP: 192.168.1.1. Number of nodes 6
EtherApe-INFO: 00:29:04.552: delete node: IP: 95.216.195.133. Number of nodes 5
EtherApe-INFO: 00:31:10.151: New node: IP: 149.154.167.216. Number of nodes 6
EtherApe-INFO: 00:32:04.167: New node: IP: 192.168.1.1. Number of nodes 7
EtherApe-INFO: 00:32:04.167: New node: IP: 95.216.195.133. Number of nodes 8
EtherApe-INFO: 00:33:26.405: delete node: IP: 149.154.167.216. Number of nodes 7
EtherApe-INFO: 00:34:04.516: delete node: IP: 192.168.1.1. Number of nodes 6
EtherApe-INFO: 00:34:04.516: delete node: IP: 95.216.195.133. Number of nodes 5
EtherApe-INFO: 00:37:04.199: New node: IP: 192.168.1.1. Number of nodes 6
EtherApe-INFO: 00:37:04.199: New node: IP: 95.216.195.133. Number of nodes 7
EtherApe-INFO: 00:39:05.035: delete node: IP: 192.168.1.1. Number of nodes 6
EtherApe-INFO: 00:39:05.035: delete node: IP: 95.216.195.133. Number of nodes 5
EtherApe-INFO: 00:39:06.055: New node: IP: 149.154.167.216. Number of nodes 6
EtherApe-INFO: 00:41:22.791: delete node: IP: 149.154.167.216. Number of nodes 5
EtherApe-INFO: 00:42:03.975: New node: IP: 192.168.1.1. Number of nodes 6
EtherApe-INFO: 00:42:04.231: New node: IP: 95.216.195.133. Number of nodes 7
EtherApe-INFO: 00:44:05.164: delete node: IP: 192.168.1.1. Number of nodes 6
EtherApe-INFO: 00:44:05.164: delete node: IP: 95.216.195.133. Number of nodes 5
