(etherape:36204): GLib-GIO-DEBUG: 14:54:31.018: _g_io_module_get_default: Found default implementation local (GLocalVfs) for ‘gio-vfs’
(etherape:36204): GLib-GIO-DEBUG: 14:54:31.085: Using cross-namespace EXTERNAL authentication (this will deadlock if server is GDBus < 2.73.3)
EtherApe-INFO: 14:54:31.132: sctp protocol not supported
EtherApe-INFO: 14:54:31.132: dccp protocol not supported
EtherApe-INFO: 14:54:31.132: sctp protocol not supported
EtherApe-INFO: 14:54:31.132: sctp protocol not supported
EtherApe-INFO: 14:54:31.132: sctp protocol not supported
EtherApe-INFO: 14:54:31.132: sctp protocol not supported
EtherApe-INFO: 14:54:31.132: sctp protocol not supported
EtherApe-INFO: 14:54:31.132: sctp protocol not supported
EtherApe-INFO: 14:54:31.133: sctp protocol not supported
EtherApe-INFO: 14:54:31.133: dccp protocol not supported
EtherApe-INFO: 14:54:31.133: sctp protocol not supported
EtherApe-INFO: 14:54:31.133: dccp protocol not supported
EtherApe-INFO: 14:54:31.133: dccp protocol not supported
EtherApe-INFO: 14:54:31.133: sctp protocol not supported
EtherApe-INFO: 14:54:31.133: sctp protocol not supported
EtherApe-INFO: 14:54:31.134: sctp protocol not supported
EtherApe-INFO: 14:54:31.134: sctp protocol not supported
EtherApe-INFO: 14:54:31.134: sctp protocol not supported
EtherApe-INFO: 14:54:31.135: sctp protocol not supported
EtherApe-INFO: 14:54:31.135: sctp protocol not supported
EtherApe-INFO: 14:54:31.135: sctp protocol not supported
EtherApe-INFO: 14:54:31.135: sctp protocol not supported
EtherApe-INFO: 14:54:31.135: sctp protocol not supported
EtherApe-INFO: 14:54:31.135: sctp protocol not supported
EtherApe-INFO: 14:54:31.136: sctp protocol not supported
EtherApe-INFO: 14:54:31.136: sctp protocol not supported
EtherApe-INFO: 14:54:31.136: sctp protocol not supported
EtherApe-INFO: 14:54:31.136: sctp protocol not supported
EtherApe-INFO: 14:54:31.136: dccp protocol not supported
EtherApe-INFO: 14:54:31.136: sctp protocol not supported
EtherApe-INFO: 14:54:31.136: sctp protocol not supported
EtherApe-INFO: 14:54:31.136: dccp protocol not supported
EtherApe-INFO: 14:54:31.136: sctp protocol not supported
EtherApe-INFO: 14:54:31.136: sctp protocol not supported
EtherApe-INFO: 14:54:31.136: sctp protocol not supported
EtherApe-INFO: 14:54:31.136: dccp protocol not supported
EtherApe-INFO: 14:54:31.136: dccp protocol not supported
EtherApe-INFO: 14:54:31.136: sctp protocol not supported
EtherApe-INFO: 14:54:31.136: sctp protocol not supported
EtherApe-INFO: 14:54:31.136: sctp protocol not supported
EtherApe-INFO: 14:54:31.136: sctp protocol not supported
EtherApe-INFO: 14:54:31.137: sctp protocol not supported
EtherApe-INFO: 14:54:31.137: sctp protocol not supported
EtherApe-INFO: 14:54:31.137: sctp protocol not supported
EtherApe-INFO: 14:54:31.137: sctp protocol not supported
EtherApe-INFO: 14:54:31.137: sctp protocol not supported
EtherApe-INFO: 14:54:31.137: sctp protocol not supported
EtherApe-INFO: 14:54:31.137: sctp protocol not supported
EtherApe-INFO: 14:54:31.137: sctp protocol not supported
EtherApe-INFO: 14:54:31.137: sctp protocol not supported
EtherApe-INFO: 14:54:31.137: sctp protocol not supported
EtherApe-INFO: 14:54:31.137: sctp protocol not supported
EtherApe-INFO: 14:54:31.137: sctp protocol not supported
EtherApe-INFO: 14:54:31.137: sctp protocol not supported
EtherApe-INFO: 14:54:31.137: sctp protocol not supported
EtherApe-INFO: 14:54:31.137: sctp protocol not supported
EtherApe-INFO: 14:54:31.137: sctp protocol not supported
EtherApe-INFO: 14:54:31.137: dccp protocol not supported
EtherApe-INFO: 14:54:31.137: sctp protocol not supported
EtherApe-INFO: 14:54:31.137: sctp protocol not supported
EtherApe-INFO: 14:54:31.137: sctp protocol not supported
EtherApe-INFO: 14:54:31.137: sctp protocol not supported
EtherApe-INFO: 14:54:31.137: sctp protocol not supported
EtherApe-INFO: 14:54:31.137: sctp protocol not supported
EtherApe-INFO: 14:54:31.137: sctp protocol not supported
EtherApe-INFO: 14:54:31.138: sctp protocol not supported
EtherApe-INFO: 14:54:31.138: sctp protocol not supported
EtherApe-INFO: 14:54:31.138: sctp protocol not supported
EtherApe-INFO: 14:54:31.138: sctp protocol not supported
EtherApe-INFO: 14:54:31.138: sctp protocol not supported
EtherApe-INFO: 14:54:31.138: sctp protocol not supported
EtherApe-INFO: 14:54:31.138: sctp protocol not supported
EtherApe-INFO: 14:54:31.138: sctp protocol not supported
EtherApe-INFO: 14:54:31.138: sctp protocol not supported
EtherApe-INFO: 14:54:31.138: sctp protocol not supported
EtherApe-INFO: 14:54:31.138: sctp protocol not supported
EtherApe-INFO: 14:54:31.138: sctp protocol not supported
EtherApe-INFO: 14:54:31.138: sctp protocol not supported
EtherApe-INFO: 14:54:31.138: sctp protocol not supported
EtherApe-INFO: 14:54:31.138: sctp protocol not supported
EtherApe-INFO: 14:54:31.138: sctp protocol not supported
EtherApe-INFO: 14:54:31.138: sctp protocol not supported
EtherApe-INFO: 14:54:31.138: sctp protocol not supported
EtherApe-INFO: 14:54:31.138: sctp protocol not supported
EtherApe-INFO: 14:54:31.139: sctp protocol not supported
EtherApe-INFO: 14:54:31.139: sctp protocol not supported
EtherApe-INFO: 14:54:31.139: sctp protocol not supported
EtherApe-INFO: 14:54:31.139: sctp protocol not supported
EtherApe-INFO: 14:54:31.139: sctp protocol not supported
EtherApe-INFO: 14:54:31.139: sctp protocol not supported
EtherApe-INFO: 14:54:31.139: sctp protocol not supported
EtherApe-INFO: 14:54:31.139: sctp protocol not supported
EtherApe-INFO: 14:54:31.139: sctp protocol not supported
EtherApe-INFO: 14:54:31.139: sctp protocol not supported
EtherApe-INFO: 14:54:31.139: sctp protocol not supported
EtherApe-INFO: 14:54:31.139: sctp protocol not supported
EtherApe-INFO: 14:54:31.147: get_interface result: ''
EtherApe-INFO: 14:54:31.147: Available interfaces for capture: dbus-session dbus-system nfqueue nflog bluetooth-monitor bluetooth0 lo any wlp2s0
EtherApe-INFO: 14:54:31.148: Link type is LINUX_SLL
EtherApe-INFO: 14:54:31.148: Diagram started
EtherApe-INFO: 14:54:31.404: New node: IP: 89.187.191.12. Number of nodes 1
EtherApe-INFO: 14:54:31.404: New node: IP: 192.168.1.249. Number of nodes 2
EtherApe-INFO: 14:54:31.404: New node: IP: 140.82.114.25. Number of nodes 3
EtherApe-INFO: 14:54:31.664: New node: IPv6: fe80::503d:dba5:3259:5b9a. Number of nodes 4
EtherApe-INFO: 14:54:31.664: New node: IPv6: ff02::1:2. Number of nodes 5
EtherApe-INFO: 14:54:31.916: New node: IP: 224.0.0.251. Number of nodes 6
EtherApe-INFO: 14:54:31.916: New node: IP: 127.0.0.1. Number of nodes 7
EtherApe-INFO: 14:54:32.428: New node: IP: 192.168.0.130. Number of nodes 8
EtherApe-INFO: 14:54:33.199: New node: IP: 149.154.167.50. Number of nodes 9
EtherApe-INFO: 14:54:34.223: New node: IP: 13.32.99.9. Number of nodes 10
EtherApe-INFO: 14:54:36.269: New node: IP: 3.225.25.3. Number of nodes 11
EtherApe-INFO: 14:54:36.270: New node: IP: 142.250.203.138. Number of nodes 12
EtherApe-INFO: 14:54:36.526: New node: IP: 9.9.9.9. Number of nodes 13
EtherApe-INFO: 14:54:36.781: New node: IP: 149.154.167.41. Number of nodes 14
EtherApe-INFO: 14:54:41.389: New node: IP: 172.217.16.14. Number of nodes 15
EtherApe-INFO: 14:54:41.389: New node: IP: 104.16.248.249. Number of nodes 16
EtherApe-INFO: 14:54:45.485: New node: IP: 216.58.215.67. Number of nodes 17
EtherApe-INFO: 14:55:01.613: New node: IP: 216.58.215.101. Number of nodes 18
EtherApe-INFO: 14:55:12.109: New node: IP: 142.250.203.133. Number of nodes 19
