(etherape:1903): GLib-GIO-DEBUG: 19:43:41.670: _g_io_module_get_default: Found default implementation local (GLocalVfs) for ‘gio-vfs’
(etherape:1903): GLib-GIO-DEBUG: 19:43:41.705: Using cross-namespace EXTERNAL authentication (this will deadlock if server is GDBus < 2.73.3)
EtherApe-INFO: 19:43:41.741: sctp protocol not supported
EtherApe-INFO: 19:43:41.741: dccp protocol not supported
EtherApe-INFO: 19:43:41.741: sctp protocol not supported
EtherApe-INFO: 19:43:41.741: sctp protocol not supported
EtherApe-INFO: 19:43:41.741: sctp protocol not supported
EtherApe-INFO: 19:43:41.741: sctp protocol not supported
EtherApe-INFO: 19:43:41.741: sctp protocol not supported
EtherApe-INFO: 19:43:41.741: sctp protocol not supported
EtherApe-INFO: 19:43:41.741: sctp protocol not supported
EtherApe-INFO: 19:43:41.741: dccp protocol not supported
EtherApe-INFO: 19:43:41.741: sctp protocol not supported
EtherApe-INFO: 19:43:41.741: dccp protocol not supported
EtherApe-INFO: 19:43:41.741: dccp protocol not supported
EtherApe-INFO: 19:43:41.741: sctp protocol not supported
EtherApe-INFO: 19:43:41.742: sctp protocol not supported
EtherApe-INFO: 19:43:41.742: sctp protocol not supported
EtherApe-INFO: 19:43:41.742: sctp protocol not supported
EtherApe-INFO: 19:43:41.742: sctp protocol not supported
EtherApe-INFO: 19:43:41.742: sctp protocol not supported
EtherApe-INFO: 19:43:41.742: sctp protocol not supported
EtherApe-INFO: 19:43:41.742: sctp protocol not supported
EtherApe-INFO: 19:43:41.742: sctp protocol not supported
EtherApe-INFO: 19:43:41.742: sctp protocol not supported
EtherApe-INFO: 19:43:41.743: sctp protocol not supported
EtherApe-INFO: 19:43:41.743: sctp protocol not supported
EtherApe-INFO: 19:43:41.743: sctp protocol not supported
EtherApe-INFO: 19:43:41.743: sctp protocol not supported
EtherApe-INFO: 19:43:41.743: sctp protocol not supported
EtherApe-INFO: 19:43:41.743: dccp protocol not supported
EtherApe-INFO: 19:43:41.743: sctp protocol not supported
EtherApe-INFO: 19:43:41.743: sctp protocol not supported
EtherApe-INFO: 19:43:41.743: dccp protocol not supported
EtherApe-INFO: 19:43:41.743: sctp protocol not supported
EtherApe-INFO: 19:43:41.743: sctp protocol not supported
EtherApe-INFO: 19:43:41.743: sctp protocol not supported
EtherApe-INFO: 19:43:41.743: dccp protocol not supported
EtherApe-INFO: 19:43:41.743: dccp protocol not supported
EtherApe-INFO: 19:43:41.743: sctp protocol not supported
EtherApe-INFO: 19:43:41.743: sctp protocol not supported
EtherApe-INFO: 19:43:41.743: sctp protocol not supported
EtherApe-INFO: 19:43:41.743: sctp protocol not supported
EtherApe-INFO: 19:43:41.743: sctp protocol not supported
EtherApe-INFO: 19:43:41.743: sctp protocol not supported
EtherApe-INFO: 19:43:41.743: sctp protocol not supported
EtherApe-INFO: 19:43:41.743: sctp protocol not supported
EtherApe-INFO: 19:43:41.744: sctp protocol not supported
EtherApe-INFO: 19:43:41.744: sctp protocol not supported
EtherApe-INFO: 19:43:41.744: sctp protocol not supported
EtherApe-INFO: 19:43:41.744: sctp protocol not supported
EtherApe-INFO: 19:43:41.744: sctp protocol not supported
EtherApe-INFO: 19:43:41.744: sctp protocol not supported
EtherApe-INFO: 19:43:41.744: sctp protocol not supported
EtherApe-INFO: 19:43:41.744: sctp protocol not supported
EtherApe-INFO: 19:43:41.744: sctp protocol not supported
EtherApe-INFO: 19:43:41.744: sctp protocol not supported
EtherApe-INFO: 19:43:41.744: sctp protocol not supported
EtherApe-INFO: 19:43:41.744: sctp protocol not supported
EtherApe-INFO: 19:43:41.744: dccp protocol not supported
EtherApe-INFO: 19:43:41.744: sctp protocol not supported
EtherApe-INFO: 19:43:41.744: sctp protocol not supported
EtherApe-INFO: 19:43:41.744: sctp protocol not supported
EtherApe-INFO: 19:43:41.744: sctp protocol not supported
EtherApe-INFO: 19:43:41.744: sctp protocol not supported
EtherApe-INFO: 19:43:41.744: sctp protocol not supported
EtherApe-INFO: 19:43:41.744: sctp protocol not supported
EtherApe-INFO: 19:43:41.744: sctp protocol not supported
EtherApe-INFO: 19:43:41.744: sctp protocol not supported
EtherApe-INFO: 19:43:41.744: sctp protocol not supported
EtherApe-INFO: 19:43:41.744: sctp protocol not supported
EtherApe-INFO: 19:43:41.744: sctp protocol not supported
EtherApe-INFO: 19:43:41.744: sctp protocol not supported
EtherApe-INFO: 19:43:41.744: sctp protocol not supported
EtherApe-INFO: 19:43:41.744: sctp protocol not supported
EtherApe-INFO: 19:43:41.744: sctp protocol not supported
EtherApe-INFO: 19:43:41.744: sctp protocol not supported
EtherApe-INFO: 19:43:41.744: sctp protocol not supported
EtherApe-INFO: 19:43:41.744: sctp protocol not supported
EtherApe-INFO: 19:43:41.744: sctp protocol not supported
EtherApe-INFO: 19:43:41.744: sctp protocol not supported
EtherApe-INFO: 19:43:41.744: sctp protocol not supported
EtherApe-INFO: 19:43:41.744: sctp protocol not supported
EtherApe-INFO: 19:43:41.744: sctp protocol not supported
EtherApe-INFO: 19:43:41.744: sctp protocol not supported
EtherApe-INFO: 19:43:41.744: sctp protocol not supported
EtherApe-INFO: 19:43:41.744: sctp protocol not supported
EtherApe-INFO: 19:43:41.744: sctp protocol not supported
EtherApe-INFO: 19:43:41.744: sctp protocol not supported
EtherApe-INFO: 19:43:41.744: sctp protocol not supported
EtherApe-INFO: 19:43:41.744: sctp protocol not supported
EtherApe-INFO: 19:43:41.744: sctp protocol not supported
EtherApe-INFO: 19:43:41.744: sctp protocol not supported
EtherApe-INFO: 19:43:41.744: sctp protocol not supported
EtherApe-INFO: 19:43:41.744: sctp protocol not supported
EtherApe-INFO: 19:43:41.744: sctp protocol not supported
EtherApe-INFO: 19:43:41.744: sctp protocol not supported
EtherApe-INFO: 19:43:41.744: sctp protocol not supported
EtherApe-INFO: 19:43:41.758: get_interface result: ''
EtherApe-INFO: 19:43:41.758: Available interfaces for capture: dbus-session dbus-system nfqueue nflog bluetooth-monitor enp8s0 lo any enp5s0
EtherApe-INFO: 19:43:41.758: Link type is LINUX_SLL
EtherApe-INFO: 19:43:41.759: Diagram started
EtherApe-INFO: 19:44:13.758: New node: IP: 192.168.1.100. Number of nodes 1
EtherApe-INFO: 19:44:13.758: New node: IP: 192.168.1.1. Number of nodes 2
EtherApe-INFO: 19:45:02.397: New node: IP: 0.0.0.0. Number of nodes 3
EtherApe-INFO: 19:45:02.397: New node: IP: 255.255.255.255. Number of nodes 4
EtherApe-INFO: 19:47:03.028: delete node: IP: 255.255.255.255. Number of nodes 3
EtherApe-INFO: 19:47:03.028: delete node: IP: 0.0.0.0. Number of nodes 2
