(etherape:7293): GLib-GIO-DEBUG: 20:12:22.405: _g_io_module_get_default: Found default implementation local (GLocalVfs) for ‘gio-vfs’
(etherape:7293): GLib-GIO-DEBUG: 20:12:22.441: Using cross-namespace EXTERNAL authentication (this will deadlock if server is GDBus < 2.73.3)
EtherApe-INFO: 20:12:22.473: sctp protocol not supported
EtherApe-INFO: 20:12:22.473: dccp protocol not supported
EtherApe-INFO: 20:12:22.473: sctp protocol not supported
EtherApe-INFO: 20:12:22.473: sctp protocol not supported
EtherApe-INFO: 20:12:22.473: sctp protocol not supported
EtherApe-INFO: 20:12:22.473: sctp protocol not supported
EtherApe-INFO: 20:12:22.473: sctp protocol not supported
EtherApe-INFO: 20:12:22.473: sctp protocol not supported
EtherApe-INFO: 20:12:22.473: sctp protocol not supported
EtherApe-INFO: 20:12:22.473: dccp protocol not supported
EtherApe-INFO: 20:12:22.473: sctp protocol not supported
EtherApe-INFO: 20:12:22.473: dccp protocol not supported
EtherApe-INFO: 20:12:22.473: dccp protocol not supported
EtherApe-INFO: 20:12:22.473: sctp protocol not supported
EtherApe-INFO: 20:12:22.474: sctp protocol not supported
EtherApe-INFO: 20:12:22.474: sctp protocol not supported
EtherApe-INFO: 20:12:22.474: sctp protocol not supported
EtherApe-INFO: 20:12:22.474: sctp protocol not supported
EtherApe-INFO: 20:12:22.474: sctp protocol not supported
EtherApe-INFO: 20:12:22.474: sctp protocol not supported
EtherApe-INFO: 20:12:22.474: sctp protocol not supported
EtherApe-INFO: 20:12:22.474: sctp protocol not supported
EtherApe-INFO: 20:12:22.474: sctp protocol not supported
EtherApe-INFO: 20:12:22.475: sctp protocol not supported
EtherApe-INFO: 20:12:22.475: sctp protocol not supported
EtherApe-INFO: 20:12:22.475: sctp protocol not supported
EtherApe-INFO: 20:12:22.475: sctp protocol not supported
EtherApe-INFO: 20:12:22.475: sctp protocol not supported
EtherApe-INFO: 20:12:22.475: dccp protocol not supported
EtherApe-INFO: 20:12:22.475: sctp protocol not supported
EtherApe-INFO: 20:12:22.475: sctp protocol not supported
EtherApe-INFO: 20:12:22.475: dccp protocol not supported
EtherApe-INFO: 20:12:22.475: sctp protocol not supported
EtherApe-INFO: 20:12:22.475: sctp protocol not supported
EtherApe-INFO: 20:12:22.475: sctp protocol not supported
EtherApe-INFO: 20:12:22.475: dccp protocol not supported
EtherApe-INFO: 20:12:22.475: dccp protocol not supported
EtherApe-INFO: 20:12:22.475: sctp protocol not supported
EtherApe-INFO: 20:12:22.475: sctp protocol not supported
EtherApe-INFO: 20:12:22.475: sctp protocol not supported
EtherApe-INFO: 20:12:22.475: sctp protocol not supported
EtherApe-INFO: 20:12:22.475: sctp protocol not supported
EtherApe-INFO: 20:12:22.475: sctp protocol not supported
EtherApe-INFO: 20:12:22.475: sctp protocol not supported
EtherApe-INFO: 20:12:22.475: sctp protocol not supported
EtherApe-INFO: 20:12:22.475: sctp protocol not supported
EtherApe-INFO: 20:12:22.475: sctp protocol not supported
EtherApe-INFO: 20:12:22.475: sctp protocol not supported
EtherApe-INFO: 20:12:22.475: sctp protocol not supported
EtherApe-INFO: 20:12:22.475: sctp protocol not supported
EtherApe-INFO: 20:12:22.475: sctp protocol not supported
EtherApe-INFO: 20:12:22.475: sctp protocol not supported
EtherApe-INFO: 20:12:22.475: sctp protocol not supported
EtherApe-INFO: 20:12:22.475: sctp protocol not supported
EtherApe-INFO: 20:12:22.475: sctp protocol not supported
EtherApe-INFO: 20:12:22.475: sctp protocol not supported
EtherApe-INFO: 20:12:22.476: sctp protocol not supported
EtherApe-INFO: 20:12:22.476: dccp protocol not supported
EtherApe-INFO: 20:12:22.476: sctp protocol not supported
EtherApe-INFO: 20:12:22.476: sctp protocol not supported
EtherApe-INFO: 20:12:22.476: sctp protocol not supported
EtherApe-INFO: 20:12:22.476: sctp protocol not supported
EtherApe-INFO: 20:12:22.476: sctp protocol not supported
EtherApe-INFO: 20:12:22.476: sctp protocol not supported
EtherApe-INFO: 20:12:22.476: sctp protocol not supported
EtherApe-INFO: 20:12:22.476: sctp protocol not supported
EtherApe-INFO: 20:12:22.476: sctp protocol not supported
EtherApe-INFO: 20:12:22.476: sctp protocol not supported
EtherApe-INFO: 20:12:22.476: sctp protocol not supported
EtherApe-INFO: 20:12:22.476: sctp protocol not supported
EtherApe-INFO: 20:12:22.476: sctp protocol not supported
EtherApe-INFO: 20:12:22.476: sctp protocol not supported
EtherApe-INFO: 20:12:22.476: sctp protocol not supported
EtherApe-INFO: 20:12:22.476: sctp protocol not supported
EtherApe-INFO: 20:12:22.476: sctp protocol not supported
EtherApe-INFO: 20:12:22.476: sctp protocol not supported
EtherApe-INFO: 20:12:22.476: sctp protocol not supported
EtherApe-INFO: 20:12:22.476: sctp protocol not supported
EtherApe-INFO: 20:12:22.476: sctp protocol not supported
EtherApe-INFO: 20:12:22.476: sctp protocol not supported
EtherApe-INFO: 20:12:22.476: sctp protocol not supported
EtherApe-INFO: 20:12:22.476: sctp protocol not supported
EtherApe-INFO: 20:12:22.476: sctp protocol not supported
EtherApe-INFO: 20:12:22.476: sctp protocol not supported
EtherApe-INFO: 20:12:22.476: sctp protocol not supported
EtherApe-INFO: 20:12:22.476: sctp protocol not supported
EtherApe-INFO: 20:12:22.476: sctp protocol not supported
EtherApe-INFO: 20:12:22.476: sctp protocol not supported
EtherApe-INFO: 20:12:22.476: sctp protocol not supported
EtherApe-INFO: 20:12:22.476: sctp protocol not supported
EtherApe-INFO: 20:12:22.476: sctp protocol not supported
EtherApe-INFO: 20:12:22.476: sctp protocol not supported
EtherApe-INFO: 20:12:22.476: sctp protocol not supported
EtherApe-INFO: 20:12:22.476: sctp protocol not supported
EtherApe-INFO: 20:12:22.476: sctp protocol not supported
EtherApe-INFO: 20:12:22.476: sctp protocol not supported
EtherApe-INFO: 20:12:22.487: get_interface result: ''
EtherApe-INFO: 20:12:22.487: Available interfaces for capture: dbus-session dbus-system nfqueue nflog bluetooth-monitor lo any enp8s0
EtherApe-INFO: 20:12:22.487: Link type is LINUX_SLL
EtherApe-INFO: 20:12:22.487: Diagram started
EtherApe-INFO: 20:12:22.741: New node: IP: 139.59.209.225. Number of nodes 1
EtherApe-INFO: 20:12:22.741: New node: IP: 192.168.0.141. Number of nodes 2
EtherApe-INFO: 20:12:22.742: New node: IP: 34.107.221.82. Number of nodes 3
EtherApe-INFO: 20:12:22.742: New node: IP: 104.18.32.68. Number of nodes 4
EtherApe-INFO: 20:12:22.742: New node: IP: 44.227.211.229. Number of nodes 5
EtherApe-INFO: 20:12:23.765: New node: IP: 13.32.27.77. Number of nodes 6
EtherApe-INFO: 20:12:23.766: New node: IP: 2.22.89.21. Number of nodes 7
EtherApe-INFO: 20:12:23.766: New node: IP: 52.37.248.179. Number of nodes 8
EtherApe-INFO: 20:12:24.278: New node: IP: 18.66.128.120. Number of nodes 9
EtherApe-INFO: 20:12:24.533: New node: IP: 198.185.159.144. Number of nodes 10
EtherApe-INFO: 20:12:24.534: New node: IP: 8.8.8.8. Number of nodes 11
EtherApe-INFO: 20:12:24.790: New node: IP: 18.66.121.184. Number of nodes 12
EtherApe-INFO: 20:12:25.301: New node: IP: 2.16.172.43. Number of nodes 13
EtherApe-INFO: 20:12:25.560: New node: IP: 3.251.50.149. Number of nodes 14
EtherApe-INFO: 20:12:25.813: New node: IP: 192.229.221.95. Number of nodes 15
EtherApe-INFO: 20:12:25.814: New node: IP: 149.154.167.216. Number of nodes 16
EtherApe-INFO: 20:12:26.327: New node: IP: 34.120.208.123. Number of nodes 17
EtherApe-INFO: 20:12:26.583: New node: IP: 216.58.208.202. Number of nodes 18
EtherApe-INFO: 20:12:26.841: New node: IP: 142.250.186.195. Number of nodes 19
EtherApe-INFO: 20:12:27.350: New node: IP: 52.29.123.56. Number of nodes 20
EtherApe-INFO: 20:12:27.864: New node: IP: 8.8.4.4. Number of nodes 21
EtherApe-INFO: 20:12:28.119: New node: IP: 34.160.144.191. Number of nodes 22
EtherApe-INFO: 20:12:28.119: New node: IP: 35.241.9.150. Number of nodes 23
EtherApe-INFO: 20:12:28.120: New node: IP: 104.17.49.74. Number of nodes 24
EtherApe-INFO: 20:12:28.120: New node: IP: 34.107.141.31. Number of nodes 25
EtherApe-INFO: 20:12:28.120: New node: IP: 108.138.17.26. Number of nodes 26
EtherApe-INFO: 20:12:28.886: New node: IP: 52.222.226.205. Number of nodes 27
EtherApe-INFO: 20:12:29.910: New node: IP: 3.69.178.109. Number of nodes 28
EtherApe-INFO: 20:12:30.165: New node: IP: 104.18.13.33. Number of nodes 29
EtherApe-INFO: 20:12:30.165: New node: IP: 34.111.73.144. Number of nodes 30
EtherApe-INFO: 20:12:31.962: New node: IP: 13.32.11.107. Number of nodes 31
EtherApe-INFO: 20:12:31.962: New node: IP: 104.16.27.5. Number of nodes 32
EtherApe-INFO: 20:12:32.985: New node: IP: 108.138.17.106. Number of nodes 33
EtherApe-INFO: 20:12:32.985: New node: IP: 104.18.22.126. Number of nodes 34
EtherApe-INFO: 20:12:32.985: New node: IP: 104.16.242.94. Number of nodes 35
EtherApe-INFO: 20:12:32.985: New node: IP: 104.16.99.56. Number of nodes 36
EtherApe-INFO: 20:12:32.985: New node: IP: 18.66.112.46. Number of nodes 37
EtherApe-INFO: 20:12:34.776: New node: IP: 104.16.248.249. Number of nodes 38
EtherApe-INFO: 20:12:35.032: New node: IP: 151.101.0.238. Number of nodes 39
EtherApe-INFO: 20:12:35.033: New node: IP: 108.138.46.56. Number of nodes 40
EtherApe-INFO: 20:12:35.033: New node: IP: 108.138.53.154. Number of nodes 41
EtherApe-INFO: 20:12:35.033: New node: IP: 34.230.233.94. Number of nodes 42
EtherApe-INFO: 20:12:35.545: New node: IP: 128.2.42.95. Number of nodes 43
EtherApe-INFO: 20:12:35.799: New node: IP: 172.64.155.188. Number of nodes 44
EtherApe-INFO: 20:12:36.055: New node: IP: 23.212.200.47. Number of nodes 45
EtherApe-INFO: 20:12:36.567: New node: IP: 104.198.63.0. Number of nodes 46
EtherApe-INFO: 20:12:36.824: New node: IP: 192.124.249.36. Number of nodes 47
EtherApe-INFO: 20:12:37.079: New node: IP: 18.66.98.108. Number of nodes 48
EtherApe-INFO: 20:12:37.591: New node: IP: 192.178.25.164. Number of nodes 49
EtherApe-INFO: 20:12:38.108: New node: IP: 184.25.217.61. Number of nodes 50
EtherApe-INFO: 20:12:38.359: New node: IP: 142.250.203.131. Number of nodes 51
EtherApe-INFO: 20:12:38.360: New node: IP: 104.17.185.177. Number of nodes 52
EtherApe-INFO: 20:12:38.360: New node: IP: 104.17.182.177. Number of nodes 53
EtherApe-INFO: 20:12:38.881: New node: IP: 216.58.215.67. Number of nodes 54
EtherApe-INFO: 20:12:39.152: New node: IP: 149.154.167.50. Number of nodes 55
EtherApe-INFO: 20:12:39.642: New node: IP: 104.16.42.65. Number of nodes 56
EtherApe-INFO: 20:12:40.153: New node: IP: 52.215.192.132. Number of nodes 57
EtherApe-INFO: 20:12:40.405: New node: IP: 104.16.240.21. Number of nodes 58
EtherApe-INFO: 20:12:40.935: New node: IP: 2.18.79.143. Number of nodes 59
EtherApe-INFO: 20:12:41.184: New node: IP: 151.101.128.237. Number of nodes 60
EtherApe-INFO: 20:12:42.965: New node: IP: 157.240.224.12. Number of nodes 61
EtherApe-INFO: 20:12:42.965: New node: IP: 23.64.12.104. Number of nodes 62
EtherApe-INFO: 20:12:43.989: New node: IP: 151.101.192.84. Number of nodes 63
EtherApe-INFO: 20:12:45.014: New node: IP: 142.250.186.202. Number of nodes 64
EtherApe-INFO: 20:12:45.014: New node: IP: 35.186.227.140. Number of nodes 65
EtherApe-INFO: 20:12:46.037: New node: IP: 140.82.114.26. Number of nodes 66
EtherApe-INFO: 20:12:46.038: New node: IP: 142.250.203.138. Number of nodes 67
EtherApe-INFO: 20:12:46.038: New node: IP: 172.217.16.10. Number of nodes 68
EtherApe-INFO: 20:12:46.038: New node: IP: 216.58.209.14. Number of nodes 69
EtherApe-INFO: 20:12:48.085: New node: IP: 149.154.167.41. Number of nodes 70
EtherApe-INFO: 20:12:48.086: New node: IP: 13.32.103.37. Number of nodes 71
EtherApe-INFO: 20:12:51.157: New node: IP: 104.102.1.103. Number of nodes 72
EtherApe-INFO: 20:12:51.157: New node: IP: 18.66.122.108. Number of nodes 73
EtherApe-INFO: 20:12:53.973: New node: IP: 104.19.187.97. Number of nodes 74
EtherApe-INFO: 20:12:53.973: New node: IP: 104.19.188.97. Number of nodes 75
EtherApe-INFO: 20:12:53.974: New node: IP: 104.18.43.158. Number of nodes 76
EtherApe-INFO: 20:12:54.998: New node: IP: 172.64.147.123. Number of nodes 77
EtherApe-INFO: 20:12:56.021: New node: IP: 151.101.193.208. Number of nodes 78
EtherApe-INFO: 20:12:56.021: New node: IP: 172.64.132.15. Number of nodes 79
EtherApe-INFO: 20:12:59.094: New node: IP: 142.250.186.197. Number of nodes 80
EtherApe-INFO: 20:13:02.165: New node: IP: 192.178.25.182. Number of nodes 81
EtherApe-INFO: 20:13:02.166: New node: IP: 216.58.215.110. Number of nodes 82
EtherApe-INFO: 20:13:04.213: New node: IP: 216.58.209.10. Number of nodes 83
EtherApe-INFO: 20:13:12.149: New node: IP: 185.199.111.154. Number of nodes 84
EtherApe-INFO: 20:13:13.173: New node: IP: 185.199.109.133. Number of nodes 85
EtherApe-INFO: 20:13:14.199: New node: IP: 140.82.121.4. Number of nodes 86
EtherApe-INFO: 20:13:15.221: New node: IP: 142.250.203.142. Number of nodes 87
EtherApe-INFO: 20:13:15.990: New node: IP: 172.217.16.42. Number of nodes 88
EtherApe-INFO: 20:13:19.317: New node: IP: 77.47.128.134. Number of nodes 89
EtherApe-INFO: 20:13:19.574: New node: IP: 91.198.174.192. Number of nodes 90
EtherApe-INFO: 20:13:20.088: New node: IP: 91.198.174.208. Number of nodes 91
EtherApe-INFO: 20:13:20.352: New node: IP: 142.250.186.206. Number of nodes 92
EtherApe-INFO: 20:13:20.993: New node: IP: 216.58.215.74. Number of nodes 93
EtherApe-INFO: 20:13:21.025: New node: IP: 176.122.110.206. Number of nodes 94
EtherApe-INFO: 20:13:21.662: New node: IP: 176.122.113.12. Number of nodes 95
EtherApe-INFO: 20:13:21.916: New node: IP: 176.122.113.78. Number of nodes 96
EtherApe-INFO: 20:13:22.426: New node: IP: 176.122.113.13. Number of nodes 97
EtherApe-INFO: 20:13:22.677: New node: IP: 216.58.215.65. Number of nodes 98
EtherApe-INFO: 20:13:23.182: New node: IP: 216.58.215.97. Number of nodes 99
EtherApe-INFO: 20:13:23.201: New node: IP: 216.58.208.206. Number of nodes 100
EtherApe-INFO: 20:13:23.201: New node: IP: 135.181.27.174. Number of nodes 101
EtherApe-INFO: 20:13:23.450: New node: IP: 192.178.25.173. Number of nodes 102
EtherApe-INFO: 20:13:24.723: New node: IP: 104.21.82.42. Number of nodes 103
EtherApe-INFO: 20:13:24.734: New node: IP: 142.250.203.206. Number of nodes 104
EtherApe-INFO: 20:13:25.999: New node: IP: 107.178.251.122. Number of nodes 105
EtherApe-INFO: 20:13:26.000: New node: IP: 157.240.224.7. Number of nodes 106
EtherApe-INFO: 20:13:27.300: New node: IP: 142.250.203.202. Number of nodes 107
EtherApe-INFO: 20:13:30.349: New node: IP: 35.161.234.142. Number of nodes 108
EtherApe-INFO: 20:13:30.605: New node: IP: 104.16.249.249. Number of nodes 109
EtherApe-INFO: 20:13:32.674: New node: IP: 52.42.195.84. Number of nodes 110
EtherApe-INFO: 20:13:32.674: New node: IP: 104.17.50.74. Number of nodes 111
EtherApe-INFO: 20:13:32.675: New node: IP: 104.18.12.33. Number of nodes 112
EtherApe-INFO: 20:13:32.678: New node: IP: 108.138.17.61. Number of nodes 113
EtherApe-INFO: 20:13:32.922: New node: IP: 34.117.65.55. Number of nodes 114
EtherApe-INFO: 20:13:32.933: New node: IP: 2.16.172.51. Number of nodes 115
EtherApe-INFO: 20:14:24.554: delete node: IP: 198.185.159.144. Number of nodes 114
EtherApe-INFO: 20:14:25.521: New node: IP: 108.138.17.68. Number of nodes 115
EtherApe-INFO: 20:14:25.522: New node: IP: 35.155.35.13. Number of nodes 116
EtherApe-INFO: 20:14:25.524: New node: IP: 44.229.86.196. Number of nodes 117
EtherApe-INFO: 20:14:29.126: delete node: IP: 8.8.4.4. Number of nodes 116
EtherApe-INFO: 20:14:32.696: delete node: IP: 104.16.27.5. Number of nodes 115
EtherApe-INFO: 20:14:32.696: delete node: IP: 44.227.211.229. Number of nodes 114
EtherApe-INFO: 20:14:32.696: delete node: IP: 13.32.11.107. Number of nodes 113
EtherApe-INFO: 20:14:33.259: delete node: IP: 108.138.17.106. Number of nodes 112
EtherApe-INFO: 20:14:33.259: delete node: IP: 104.18.22.126. Number of nodes 111
EtherApe-INFO: 20:14:33.259: delete node: IP: 104.16.242.94. Number of nodes 110
EtherApe-INFO: 20:14:33.259: delete node: IP: 104.16.99.56. Number of nodes 109
EtherApe-INFO: 20:14:33.259: delete node: IP: 18.66.112.46. Number of nodes 108
EtherApe-INFO: 20:14:35.812: delete node: IP: 151.101.0.238. Number of nodes 107
EtherApe-INFO: 20:14:35.812: delete node: IP: 108.138.53.154. Number of nodes 106
EtherApe-INFO: 20:14:35.812: delete node: IP: 34.230.233.94. Number of nodes 105
EtherApe-INFO: 20:14:37.371: delete node: IP: 18.66.98.108. Number of nodes 104
EtherApe-INFO: 20:14:38.912: delete node: IP: 3.69.178.109. Number of nodes 103
EtherApe-INFO: 20:14:40.969: delete node: IP: 104.16.240.21. Number of nodes 102
EtherApe-INFO: 20:14:40.969: delete node: IP: 104.16.42.65. Number of nodes 101
EtherApe-INFO: 20:14:41.934: delete node: IP: 128.2.42.95. Number of nodes 100
EtherApe-INFO: 20:14:41.934: delete node: IP: 108.138.46.56. Number of nodes 99
EtherApe-INFO: 20:14:43.016: delete node: IP: 139.59.209.225. Number of nodes 98
EtherApe-INFO: 20:14:43.453: delete node: IP: 104.17.185.177. Number of nodes 97
EtherApe-INFO: 20:14:43.988: delete node: IP: 104.17.182.177. Number of nodes 96
EtherApe-INFO: 20:14:44.535: delete node: IP: 151.101.192.84. Number of nodes 95
EtherApe-INFO: 20:14:46.593: delete node: IP: 216.58.209.14. Number of nodes 94
EtherApe-INFO: 20:14:46.593: delete node: IP: 172.217.16.10. Number of nodes 93
EtherApe-INFO: 20:14:47.347: delete node: IP: 151.101.128.237. Number of nodes 92
EtherApe-INFO: 20:14:48.648: delete node: IP: 13.32.103.37. Number of nodes 91
EtherApe-INFO: 20:14:52.162: delete node: IP: 18.66.122.108. Number of nodes 90
EtherApe-INFO: 20:14:54.220: delete node: IP: 104.19.188.97. Number of nodes 89
EtherApe-INFO: 20:14:54.221: delete node: IP: 104.19.187.97. Number of nodes 88
EtherApe-INFO: 20:14:54.221: delete node: IP: 104.18.43.158. Number of nodes 87
EtherApe-INFO: 20:14:55.285: delete node: IP: 172.64.147.123. Number of nodes 86
EtherApe-INFO: 20:14:55.285: delete node: IP: 52.29.123.56. Number of nodes 85
EtherApe-INFO: 20:14:56.232: delete node: IP: 172.64.132.15. Number of nodes 84
EtherApe-INFO: 20:14:56.232: delete node: IP: 151.101.193.208. Number of nodes 83
EtherApe-INFO: 20:15:01.369: delete node: IP: 2.18.79.143. Number of nodes 82
EtherApe-INFO: 20:15:02.415: delete node: IP: 216.58.215.110. Number of nodes 81
EtherApe-INFO: 20:15:02.622: New node: IP: 104.21.8.247. Number of nodes 82
EtherApe-INFO: 20:15:02.622: New node: IP: 52.84.199.74. Number of nodes 83
EtherApe-INFO: 20:15:02.623: New node: IP: 104.16.100.56. Number of nodes 84
EtherApe-INFO: 20:15:02.880: New node: IP: 18.66.130.57. Number of nodes 85
EtherApe-INFO: 20:15:03.142: New node: IP: 52.37.159.136. Number of nodes 86
EtherApe-INFO: 20:15:03.143: New node: IP: 18.66.98.108. Number of nodes 87
EtherApe-INFO: 20:15:03.651: New node: IP: 13.224.192.222. Number of nodes 88
EtherApe-INFO: 20:15:03.655: New node: IP: 104.16.99.56. Number of nodes 89
EtherApe-INFO: 20:15:03.659: New node: IP: 104.16.26.5. Number of nodes 90
EtherApe-INFO: 20:15:03.664: New node: IP: 104.16.242.94. Number of nodes 91
EtherApe-INFO: 20:15:03.914: New node: IP: 142.250.203.200. Number of nodes 92
EtherApe-INFO: 20:15:03.916: New node: IP: 143.204.89.121. Number of nodes 93
EtherApe-INFO: 20:15:04.163: New node: IP: 54.228.143.138. Number of nodes 94
EtherApe-INFO: 20:15:04.175: New node: IP: 54.171.208.15. Number of nodes 95
EtherApe-INFO: 20:15:04.203: delete node: IP: 216.58.209.10. Number of nodes 94
EtherApe-INFO: 20:15:04.684: New node: IP: 216.58.215.78. Number of nodes 95
EtherApe-INFO: 20:15:04.689: New node: IP: 104.19.147.8. Number of nodes 96
EtherApe-INFO: 20:15:04.689: New node: IP: 35.186.249.72. Number of nodes 97
EtherApe-INFO: 20:15:04.708: New node: IP: 52.218.178.200. Number of nodes 98
EtherApe-INFO: 20:15:04.710: New node: IP: 54.154.169.168. Number of nodes 99
EtherApe-INFO: 20:15:04.711: New node: IP: 52.215.88.8. Number of nodes 100
EtherApe-INFO: 20:15:04.712: New node: IP: 15.236.117.205. Number of nodes 101
EtherApe-INFO: 20:15:04.953: New node: IP: 108.138.53.154. Number of nodes 102
EtherApe-INFO: 20:15:04.958: New node: IP: 18.66.112.46. Number of nodes 103
EtherApe-INFO: 20:15:04.965: New node: IP: 104.19.148.8. Number of nodes 104
EtherApe-INFO: 20:15:04.973: New node: IP: 216.239.34.181. Number of nodes 105
EtherApe-INFO: 20:15:04.973: New node: IP: 142.251.1.154. Number of nodes 106
EtherApe-INFO: 20:15:05.181: New node: IP: 54.92.188.181. Number of nodes 107
EtherApe-INFO: 20:15:05.186: New node: IP: 52.58.197.32. Number of nodes 108
EtherApe-INFO: 20:15:05.445: New node: IP: 108.138.17.104. Number of nodes 109
EtherApe-INFO: 20:15:05.698: New node: IP: 192.178.25.163. Number of nodes 110
EtherApe-INFO: 20:15:05.699: New node: IP: 13.32.11.103. Number of nodes 111
EtherApe-INFO: 20:15:05.720: New node: IP: 104.18.22.126. Number of nodes 112
EtherApe-INFO: 20:15:06.206: New node: IP: 62.182.19.39. Number of nodes 113
EtherApe-INFO: 20:15:06.462: New node: IP: 151.101.130.137. Number of nodes 114
EtherApe-INFO: 20:15:06.976: New node: IP: 185.199.108.154. Number of nodes 115
EtherApe-INFO: 20:15:07.491: New node: IP: 162.247.241.14. Number of nodes 116
EtherApe-INFO: 20:15:09.278: New node: IP: 204.79.197.200. Number of nodes 117
EtherApe-INFO: 20:15:09.279: New node: IP: 199.232.16.157. Number of nodes 118
EtherApe-INFO: 20:15:09.279: New node: IP: 192.178.25.162. Number of nodes 119
EtherApe-INFO: 20:15:09.282: New node: IP: 54.208.238.150. Number of nodes 120
EtherApe-INFO: 20:15:09.283: New node: IP: 151.101.65.140. Number of nodes 121
EtherApe-INFO: 20:15:09.547: New node: IP: 157.240.224.35. Number of nodes 122
EtherApe-INFO: 20:15:09.801: New node: IP: 172.67.194.245. Number of nodes 123
EtherApe-INFO: 20:15:10.054: New node: IP: 91.198.36.26. Number of nodes 124
EtherApe-INFO: 20:15:10.055: New node: IP: 104.21.64.245. Number of nodes 125
EtherApe-INFO: 20:15:10.063: New node: IP: 151.101.193.140. Number of nodes 126
EtherApe-INFO: 20:15:10.309: New node: IP: 192.178.25.174. Number of nodes 127
EtherApe-INFO: 20:15:10.559: New node: IP: 104.19.187.97. Number of nodes 128
EtherApe-INFO: 20:15:10.819: New node: IP: 92.223.97.97. Number of nodes 129
EtherApe-INFO: 20:15:10.826: New node: IP: 104.19.188.97. Number of nodes 130
EtherApe-INFO: 20:15:10.828: New node: IP: 54.37.238.28. Number of nodes 131
EtherApe-INFO: 20:15:11.338: New node: IP: 104.18.43.158. Number of nodes 132
EtherApe-INFO: 20:15:11.620: New node: IP: 142.251.1.157. Number of nodes 133
EtherApe-INFO: 20:15:11.630: New node: IP: 146.59.30.108. Number of nodes 134
EtherApe-INFO: 20:15:11.633: New node: IP: 172.217.16.34. Number of nodes 135
EtherApe-INFO: 20:15:11.640: New node: IP: 142.251.1.155. Number of nodes 136
EtherApe-INFO: 20:15:12.098: New node: IP: 52.29.123.56. Number of nodes 137
EtherApe-INFO: 20:15:12.361: New node: IP: 142.250.203.130. Number of nodes 138
EtherApe-INFO: 20:15:12.361: New node: IP: 142.250.203.194. Number of nodes 139
EtherApe-INFO: 20:15:12.607: New node: IP: 216.58.209.1. Number of nodes 140
EtherApe-INFO: 20:15:12.623: New node: IP: 142.250.186.209. Number of nodes 141
EtherApe-INFO: 20:15:13.180: delete node: IP: 185.199.111.154. Number of nodes 140
EtherApe-INFO: 20:15:13.180: delete node: IP: 185.199.109.133. Number of nodes 139
EtherApe-INFO: 20:15:14.382: New node: IP: 18.159.68.239. Number of nodes 140
EtherApe-INFO: 20:15:14.894: New node: IP: 172.64.147.123. Number of nodes 141
EtherApe-INFO: 20:15:15.160: New node: IP: 18.66.122.129. Number of nodes 142
EtherApe-INFO: 20:15:16.250: delete node: IP: 172.217.16.42. Number of nodes 141
EtherApe-INFO: 20:15:17.228: New node: IP: 99.86.8.175. Number of nodes 142
EtherApe-INFO: 20:15:17.744: New node: IP: 13.32.121.55. Number of nodes 143
EtherApe-INFO: 20:15:18.240: New node: IP: 54.200.85.230. Number of nodes 144
EtherApe-INFO: 20:15:19.258: New node: IP: 172.217.16.14. Number of nodes 145
EtherApe-INFO: 20:15:19.297: delete node: IP: 77.47.128.134. Number of nodes 144
EtherApe-INFO: 20:15:20.015: New node: IP: 142.250.203.134. Number of nodes 145
EtherApe-INFO: 20:15:20.275: New node: IP: 54.246.79.9. Number of nodes 146
EtherApe-INFO: 20:15:21.300: New node: IP: 45.57.90.1. Number of nodes 147
EtherApe-INFO: 20:15:21.592: delete node: IP: 216.58.215.74. Number of nodes 146
EtherApe-INFO: 20:15:22.320: New node: IP: 45.57.91.1. Number of nodes 147
EtherApe-INFO: 20:15:22.899: delete node: IP: 216.58.215.65. Number of nodes 146
EtherApe-INFO: 20:15:23.342: New node: IP: 208.68.240.115. Number of nodes 147
EtherApe-INFO: 20:15:24.157: delete node: IP: 3.251.50.149. Number of nodes 146
EtherApe-INFO: 20:15:25.964: delete node: IP: 216.58.215.97. Number of nodes 145
EtherApe-INFO: 20:15:26.672: New node: IP: 13.32.27.73. Number of nodes 146
EtherApe-INFO: 20:15:26.945: New node: IP: 52.222.236.19. Number of nodes 147
EtherApe-INFO: 20:15:27.324: delete node: IP: 108.138.17.26. Number of nodes 146
EtherApe-INFO: 20:15:27.460: New node: IP: 77.47.128.134. Number of nodes 147
EtherApe-INFO: 20:15:27.712: delete node: IP: 142.250.186.202. Number of nodes 146
EtherApe-INFO: 20:15:28.475: delete node: IP: 104.16.248.249. Number of nodes 145
EtherApe-INFO: 20:15:28.724: New node: IP: 142.250.203.214. Number of nodes 146
EtherApe-INFO: 20:15:28.728: New node: IP: 185.199.111.133. Number of nodes 147
EtherApe-INFO: 20:15:28.980: New node: IP: 216.58.215.106. Number of nodes 148
EtherApe-INFO: 20:15:30.513: New node: IP: 216.58.215.65. Number of nodes 149
EtherApe-INFO: 20:15:31.025: New node: IP: 140.82.114.22. Number of nodes 150
EtherApe-INFO: 20:15:31.588: delete node: IP: 35.161.234.142. Number of nodes 149
EtherApe-INFO: 20:15:31.791: New node: IP: 185.199.108.133. Number of nodes 150
EtherApe-INFO: 20:15:32.563: New node: IP: 140.82.121.6. Number of nodes 151
EtherApe-INFO: 20:15:32.874: delete node: IP: 149.154.167.216. Number of nodes 150
EtherApe-INFO: 20:15:33.395: delete node: IP: 104.18.13.33. Number of nodes 149
EtherApe-INFO: 20:15:34.863: New node: IP: 139.59.209.225. Number of nodes 150
EtherApe-INFO: 20:15:35.139: New node: IP: 34.230.233.94. Number of nodes 151
EtherApe-INFO: 20:15:35.632: New node: IP: 46.246.44.4. Number of nodes 152
EtherApe-INFO: 20:15:36.946: delete node: IP: 216.58.208.202. Number of nodes 151
EtherApe-INFO: 20:15:37.466: delete node: IP: 184.25.217.61. Number of nodes 150
EtherApe-INFO: 20:15:40.503: New node: IP: 104.17.107.41. Number of nodes 151
EtherApe-INFO: 20:15:40.760: New node: IP: 142.250.186.194. Number of nodes 152
EtherApe-INFO: 20:15:41.008: New node: IP: 142.250.203.129. Number of nodes 153
EtherApe-INFO: 20:15:41.265: New node: IP: 146.0.227.110. Number of nodes 154
EtherApe-INFO: 20:15:41.266: New node: IP: 104.19.132.78. Number of nodes 155
EtherApe-INFO: 20:15:42.048: delete node: IP: 23.212.200.47. Number of nodes 154
EtherApe-INFO: 20:15:44.352: New node: IP: 146.75.116.193. Number of nodes 155
EtherApe-INFO: 20:15:44.726: delete node: IP: 23.64.12.104. Number of nodes 154
EtherApe-INFO: 20:15:46.895: New node: IP: 172.217.16.10. Number of nodes 155
EtherApe-INFO: 20:15:46.896: New node: IP: 216.58.208.202. Number of nodes 156
EtherApe-INFO: 20:15:47.919: New node: IP: 216.58.209.14. Number of nodes 157
EtherApe-INFO: 20:15:48.225: delete node: IP: 157.240.224.12. Number of nodes 156
EtherApe-INFO: 20:15:51.000: delete node: IP: 140.82.114.26. Number of nodes 155
EtherApe-INFO: 20:15:51.000: delete node: IP: 104.198.63.0. Number of nodes 154
EtherApe-INFO: 20:15:52.137: delete node: IP: 192.124.249.36. Number of nodes 153
EtherApe-INFO: 20:15:52.782: New node: IP: 128.2.42.95. Number of nodes 154
EtherApe-INFO: 20:15:53.807: New node: IP: 104.198.63.0. Number of nodes 155
EtherApe-INFO: 20:15:54.066: New node: IP: 192.124.249.24. Number of nodes 156
EtherApe-INFO: 20:15:54.836: New node: IP: 18.66.100.58. Number of nodes 157
EtherApe-INFO: 20:16:02.514: New node: IP: 52.84.195.69. Number of nodes 158
EtherApe-INFO: 20:16:02.524: New node: IP: 104.17.182.177. Number of nodes 159
EtherApe-INFO: 20:16:02.795: New node: IP: 23.0.93.241. Number of nodes 160
EtherApe-INFO: 20:16:03.037: New node: IP: 54.197.96.51. Number of nodes 161
EtherApe-INFO: 20:16:03.542: New node: IP: 216.58.215.110. Number of nodes 162
EtherApe-INFO: 20:16:03.543: New node: IP: 18.66.97.49. Number of nodes 163
EtherApe-INFO: 20:16:04.050: New node: IP: 52.222.236.74. Number of nodes 164
EtherApe-INFO: 20:16:04.307: New node: IP: 104.16.42.65. Number of nodes 165
EtherApe-INFO: 20:16:04.560: New node: IP: 104.17.183.177. Number of nodes 166
EtherApe-INFO: 20:16:05.587: New node: IP: 216.58.209.10. Number of nodes 167
EtherApe-INFO: 20:16:08.910: New node: IP: 95.216.195.133. Number of nodes 168
EtherApe-INFO: 20:16:11.216: New node: IP: 63.34.81.234. Number of nodes 169
EtherApe-INFO: 20:16:13.773: New node: IP: 104.17.24.14. Number of nodes 170
EtherApe-INFO: 20:16:13.791: New node: IP: 2.18.79.146. Number of nodes 171
EtherApe-INFO: 20:16:14.286: New node: IP: 2.18.79.133. Number of nodes 172
EtherApe-INFO: 20:16:14.541: New node: IP: 2.18.79.143. Number of nodes 173
EtherApe-INFO: 20:16:14.543: New node: IP: 104.17.185.177. Number of nodes 174
EtherApe-INFO: 20:16:15.054: New node: IP: 104.16.240.21. Number of nodes 175
EtherApe-INFO: 20:16:15.566: New node: IP: 198.185.159.145. Number of nodes 176
EtherApe-INFO: 20:16:16.336: New node: IP: 151.101.0.237. Number of nodes 177
EtherApe-INFO: 20:16:16.352: New node: IP: 151.101.192.238. Number of nodes 178
EtherApe-INFO: 20:16:16.613: New node: IP: 52.46.135.132. Number of nodes 179
EtherApe-INFO: 20:16:17.359: New node: IP: 172.217.16.42. Number of nodes 180
EtherApe-INFO: 20:16:17.619: New node: IP: 147.135.189.55. Number of nodes 181
EtherApe-INFO: 20:16:18.643: New node: IP: 104.17.108.41. Number of nodes 182
EtherApe-INFO: 20:16:18.645: New node: IP: 145.239.108.234. Number of nodes 183
EtherApe-INFO: 20:16:18.649: New node: IP: 94.23.153.171. Number of nodes 184
EtherApe-INFO: 20:16:20.174: New node: IP: 151.101.128.238. Number of nodes 185
EtherApe-INFO: 20:16:21.453: New node: IP: 209.54.180.61. Number of nodes 186
EtherApe-INFO: 20:16:22.242: New node: IP: 142.251.1.156. Number of nodes 187
EtherApe-INFO: 20:16:25.326: New node: IP: 23.64.12.123. Number of nodes 188
EtherApe-INFO: 20:16:25.809: New node: IP: 23.212.200.47. Number of nodes 189
EtherApe-INFO: 20:16:26.079: New node: IP: 184.25.217.61. Number of nodes 190
EtherApe-INFO: 20:16:26.095: New node: IP: 151.101.128.84. Number of nodes 191
EtherApe-INFO: 20:16:26.577: New node: IP: 13.225.78.53. Number of nodes 192
EtherApe-INFO: 20:16:26.579: New node: IP: 2.17.240.225. Number of nodes 193
EtherApe-INFO: 20:16:26.844: New node: IP: 52.215.192.131. Number of nodes 194
EtherApe-INFO: 20:16:27.856: New node: IP: 23.64.12.75. Number of nodes 195
EtherApe-INFO: 20:16:28.622: New node: IP: 192.168.0.1. Number of nodes 196
EtherApe-INFO: 20:16:28.623: New node: IP: 104.17.208.240. Number of nodes 197
EtherApe-INFO: 20:16:28.686: delete node: IP: 135.181.27.174. Number of nodes 196
EtherApe-INFO: 20:16:30.929: New node: IP: 52.36.85.103. Number of nodes 197
EtherApe-INFO: 20:16:32.206: New node: IP: 13.32.11.107. Number of nodes 198
EtherApe-INFO: 20:16:33.231: New node: IP: 108.138.17.106. Number of nodes 199
EtherApe-INFO: 20:16:35.277: New node: IP: 108.138.46.56. Number of nodes 200
EtherApe-INFO: 20:16:40.980: delete node: IP: 52.215.192.132. Number of nodes 199
EtherApe-INFO: 20:16:48.078: New node: IP: 13.32.103.37. Number of nodes 200
EtherApe-INFO: 20:16:51.149: New node: IP: 18.66.122.108. Number of nodes 201
EtherApe-INFO: 20:17:01.396: New node: IP: 149.154.167.216. Number of nodes 202
EtherApe-INFO: 20:17:04.776: delete node: IP: 104.16.99.56. Number of nodes 201
EtherApe-INFO: 20:17:06.362: delete node: IP: 35.186.249.72. Number of nodes 200
EtherApe-INFO: 20:17:10.362: delete node: IP: 216.58.208.206. Number of nodes 199
EtherApe-INFO: 20:17:10.362: delete node: IP: 172.67.194.245. Number of nodes 198
EtherApe-INFO: 20:17:10.907: delete node: IP: 192.178.25.174. Number of nodes 197
EtherApe-INFO: 20:17:10.907: delete node: IP: 104.21.64.245. Number of nodes 196
EtherApe-INFO: 20:17:11.132: delete node: IP: 107.178.251.122. Number of nodes 195
EtherApe-INFO: 20:17:11.893: delete node: IP: 52.218.178.200. Number of nodes 194
EtherApe-INFO: 20:17:14.985: delete node: IP: 216.58.209.1. Number of nodes 193
EtherApe-INFO: 20:17:14.985: delete node: IP: 62.182.19.39. Number of nodes 192
EtherApe-INFO: 20:17:14.985: delete node: IP: 18.159.68.239. Number of nodes 191
EtherApe-INFO: 20:17:20.658: delete node: IP: 172.217.16.14. Number of nodes 190
EtherApe-INFO: 20:17:20.658: delete node: IP: 142.250.203.206. Number of nodes 189
EtherApe-INFO: 20:17:26.783: delete node: IP: 91.198.36.26. Number of nodes 188
EtherApe-INFO: 20:17:27.245: New node: IP: 108.138.17.26. Number of nodes 189
EtherApe-INFO: 20:17:27.329: delete node: IP: 35.155.35.13. Number of nodes 188
EtherApe-INFO: 20:17:27.758: New node: IP: 142.250.186.202. Number of nodes 189
EtherApe-INFO: 20:17:27.769: delete node: IP: 77.47.128.134. Number of nodes 188
EtherApe-INFO: 20:17:27.769: delete node: IP: 44.229.86.196. Number of nodes 187
EtherApe-INFO: 20:17:30.619: delete node: IP: 208.68.240.115. Number of nodes 186
EtherApe-INFO: 20:17:32.390: delete node: IP: 185.199.108.133. Number of nodes 185
EtherApe-INFO: 20:17:35.467: delete node: IP: 34.230.233.94. Number of nodes 184
EtherApe-INFO: 20:17:36.997: delete node: IP: 92.223.97.97. Number of nodes 183
EtherApe-INFO: 20:17:36.997: delete node: IP: 52.42.195.84. Number of nodes 182
EtherApe-INFO: 20:17:36.997: delete node: IP: 52.37.248.179. Number of nodes 181
EtherApe-INFO: 20:17:36.997: delete node: IP: 45.57.91.1. Number of nodes 180
EtherApe-INFO: 20:17:36.997: delete node: IP: 45.57.90.1. Number of nodes 179
EtherApe-INFO: 20:17:37.553: delete node: IP: 142.250.203.134. Number of nodes 178
EtherApe-INFO: 20:17:39.077: delete node: IP: 216.58.215.65. Number of nodes 177
EtherApe-INFO: 20:17:41.165: delete node: IP: 104.21.8.247. Number of nodes 176
EtherApe-INFO: 20:17:41.388: delete node: IP: 142.250.186.194. Number of nodes 175
EtherApe-INFO: 20:17:42.686: delete node: IP: 176.122.113.12. Number of nodes 174
EtherApe-INFO: 20:17:42.686: delete node: IP: 176.122.110.206. Number of nodes 173
EtherApe-INFO: 20:17:42.686: delete node: IP: 142.250.203.129. Number of nodes 172
EtherApe-INFO: 20:17:42.686: delete node: IP: 104.19.132.78. Number of nodes 171
EtherApe-INFO: 20:17:42.686: delete node: IP: 46.246.44.4. Number of nodes 170
EtherApe-INFO: 20:17:43.121: delete node: IP: 176.122.113.78. Number of nodes 169
EtherApe-INFO: 20:17:43.121: delete node: IP: 176.122.113.13. Number of nodes 168
EtherApe-INFO: 20:17:45.687: delete node: IP: 15.236.117.205. Number of nodes 167
EtherApe-INFO: 20:17:46.232: delete node: IP: 146.75.116.193. Number of nodes 166
EtherApe-INFO: 20:17:52.869: delete node: IP: 216.58.208.202. Number of nodes 165
EtherApe-INFO: 20:17:52.869: delete node: IP: 172.217.16.10. Number of nodes 164
EtherApe-INFO: 20:17:53.181: delete node: IP: 216.58.209.14. Number of nodes 163
EtherApe-INFO: 20:17:53.358: New node: IP: 104.16.248.249. Number of nodes 164
EtherApe-INFO: 20:17:59.515: delete node: IP: 128.2.42.95. Number of nodes 163
EtherApe-INFO: 20:18:03.141: delete node: IP: 142.250.203.130. Number of nodes 162
EtherApe-INFO: 20:18:04.179: delete node: IP: 157.240.224.7. Number of nodes 161
EtherApe-INFO: 20:18:05.733: delete node: IP: 104.17.183.177. Number of nodes 160
EtherApe-INFO: 20:18:06.251: delete node: IP: 54.154.169.168. Number of nodes 159
EtherApe-INFO: 20:18:06.251: delete node: IP: 52.215.88.8. Number of nodes 158
EtherApe-INFO: 20:18:07.493: delete node: IP: 54.228.143.138. Number of nodes 157
EtherApe-INFO: 20:18:07.493: delete node: IP: 52.58.197.32. Number of nodes 156
EtherApe-INFO: 20:18:08.216: delete node: IP: 142.250.186.206. Number of nodes 155
EtherApe-INFO: 20:18:09.770: delete node: IP: 216.58.215.110. Number of nodes 154
EtherApe-INFO: 20:18:09.770: delete node: IP: 95.216.195.133. Number of nodes 153
EtherApe-INFO: 20:18:11.324: delete node: IP: 216.58.209.10. Number of nodes 152
EtherApe-INFO: 20:18:11.324: delete node: IP: 54.208.238.150. Number of nodes 151
EtherApe-INFO: 20:18:13.914: delete node: IP: 104.17.24.14. Number of nodes 150
EtherApe-INFO: 20:18:16.403: delete node: IP: 104.17.185.177. Number of nodes 149
EtherApe-INFO: 20:18:16.403: delete node: IP: 104.16.240.21. Number of nodes 148
EtherApe-INFO: 20:18:20.069: delete node: IP: 142.250.203.138. Number of nodes 147
EtherApe-INFO: 20:18:20.069: delete node: IP: 104.17.108.41. Number of nodes 146
EtherApe-INFO: 20:18:20.069: delete node: IP: 52.29.123.56. Number of nodes 145
EtherApe-INFO: 20:18:23.081: delete node: IP: 216.58.215.78. Number of nodes 144
EtherApe-INFO: 20:18:23.081: delete node: IP: 172.217.16.42. Number of nodes 143
EtherApe-INFO: 20:18:23.081: delete node: IP: 142.250.203.200. Number of nodes 142
EtherApe-INFO: 20:18:23.081: delete node: IP: 104.17.182.177. Number of nodes 141
EtherApe-INFO: 20:18:23.081: delete node: IP: 63.34.81.234. Number of nodes 140
EtherApe-INFO: 20:18:23.081: delete node: IP: 52.46.135.132. Number of nodes 139
EtherApe-INFO: 20:18:23.602: delete node: IP: 108.138.17.61. Number of nodes 138
EtherApe-INFO: 20:18:23.602: delete node: IP: 104.18.12.33. Number of nodes 137
EtherApe-INFO: 20:18:23.602: delete node: IP: 104.17.49.74. Number of nodes 136
EtherApe-INFO: 20:18:23.603: delete node: IP: 35.241.9.150. Number of nodes 135
EtherApe-INFO: 20:18:23.603: delete node: IP: 34.160.144.191. Number of nodes 134
EtherApe-INFO: 20:18:23.603: delete node: IP: 34.117.65.55. Number of nodes 133
EtherApe-INFO: 20:18:24.642: delete node: IP: 34.111.73.144. Number of nodes 132
EtherApe-INFO: 20:18:28.730: delete node: IP: 192.168.0.1. Number of nodes 131
EtherApe-INFO: 20:18:33.293: New node: IP: 34.117.65.55. Number of nodes 132
EtherApe-INFO: 20:18:33.345: delete node: IP: 108.138.17.106. Number of nodes 131
EtherApe-INFO: 20:18:33.345: delete node: IP: 13.32.11.107. Number of nodes 130
EtherApe-INFO: 20:18:33.345: delete node: IP: 8.8.8.8. Number of nodes 129
EtherApe-INFO: 20:18:33.877: delete node: IP: 157.240.224.35. Number of nodes 128
EtherApe-INFO: 20:18:36.962: delete node: IP: 2.18.79.143. Number of nodes 127
EtherApe-INFO: 20:18:38.940: delete node: IP: 52.222.226.205. Number of nodes 126
EtherApe-INFO: 20:18:43.580: delete node: IP: 108.138.46.56. Number of nodes 125
EtherApe-INFO: 20:18:43.580: delete node: IP: 52.36.85.103. Number of nodes 124
EtherApe-INFO: 20:18:45.127: delete node: IP: 2.18.79.133. Number of nodes 123
EtherApe-INFO: 20:18:48.729: delete node: IP: 13.32.103.37. Number of nodes 122
EtherApe-INFO: 20:18:49.243: delete node: IP: 145.239.108.234. Number of nodes 121
EtherApe-INFO: 20:18:49.243: delete node: IP: 94.23.153.171. Number of nodes 120
EtherApe-INFO: 20:18:50.274: delete node: IP: 216.239.34.181. Number of nodes 119
EtherApe-INFO: 20:18:50.274: delete node: IP: 216.58.215.106. Number of nodes 118
EtherApe-INFO: 20:18:50.274: delete node: IP: 216.58.215.67. Number of nodes 117
EtherApe-INFO: 20:18:50.274: delete node: IP: 209.54.180.61. Number of nodes 116
EtherApe-INFO: 20:18:50.274: delete node: IP: 204.79.197.200. Number of nodes 115
EtherApe-INFO: 20:18:50.274: delete node: IP: 199.232.16.157. Number of nodes 114
EtherApe-INFO: 20:18:50.274: delete node: IP: 198.185.159.145. Number of nodes 113
EtherApe-INFO: 20:18:50.274: delete node: IP: 192.229.221.95. Number of nodes 112
EtherApe-INFO: 20:18:50.274: delete node: IP: 192.178.25.173. Number of nodes 111
EtherApe-INFO: 20:18:50.274: delete node: IP: 192.178.25.163. Number of nodes 110
EtherApe-INFO: 20:18:50.274: delete node: IP: 192.178.25.162. Number of nodes 109
EtherApe-INFO: 20:18:50.274: delete node: IP: 192.124.249.24. Number of nodes 108
EtherApe-INFO: 20:18:50.274: delete node: IP: 185.199.111.133. Number of nodes 107
EtherApe-INFO: 20:18:50.274: delete node: IP: 185.199.108.154. Number of nodes 106
EtherApe-INFO: 20:18:50.274: delete node: IP: 184.25.217.61. Number of nodes 105
EtherApe-INFO: 20:18:50.274: delete node: IP: 172.217.16.34. Number of nodes 104
EtherApe-INFO: 20:18:50.274: delete node: IP: 172.64.147.123. Number of nodes 103
EtherApe-INFO: 20:18:50.274: delete node: IP: 162.247.241.14. Number of nodes 102
EtherApe-INFO: 20:18:50.274: delete node: IP: 151.101.193.140. Number of nodes 101
EtherApe-INFO: 20:18:50.274: delete node: IP: 151.101.192.238. Number of nodes 100
EtherApe-INFO: 20:18:50.274: delete node: IP: 151.101.130.137. Number of nodes 99
EtherApe-INFO: 20:18:50.274: delete node: IP: 151.101.128.238. Number of nodes 98
EtherApe-INFO: 20:18:50.274: delete node: IP: 151.101.128.84. Number of nodes 97
EtherApe-INFO: 20:18:50.274: delete node: IP: 151.101.65.140. Number of nodes 96
EtherApe-INFO: 20:18:50.274: delete node: IP: 151.101.0.237. Number of nodes 95
EtherApe-INFO: 20:18:50.274: delete node: IP: 147.135.189.55. Number of nodes 94
EtherApe-INFO: 20:18:50.274: delete node: IP: 146.59.30.108. Number of nodes 93
EtherApe-INFO: 20:18:50.274: delete node: IP: 146.0.227.110. Number of nodes 92
EtherApe-INFO: 20:18:50.274: delete node: IP: 143.204.89.121. Number of nodes 91
EtherApe-INFO: 20:18:50.274: delete node: IP: 142.251.1.157. Number of nodes 90
EtherApe-INFO: 20:18:50.274: delete node: IP: 142.251.1.156. Number of nodes 89
EtherApe-INFO: 20:18:50.274: delete node: IP: 142.251.1.155. Number of nodes 88
EtherApe-INFO: 20:18:50.274: delete node: IP: 142.251.1.154. Number of nodes 87
EtherApe-INFO: 20:18:50.274: delete node: IP: 142.250.203.214. Number of nodes 86
EtherApe-INFO: 20:18:50.274: delete node: IP: 142.250.203.202. Number of nodes 85
EtherApe-INFO: 20:18:50.274: delete node: IP: 142.250.203.194. Number of nodes 84
EtherApe-INFO: 20:18:50.274: delete node: IP: 142.250.203.142. Number of nodes 83
EtherApe-INFO: 20:18:50.274: delete node: IP: 142.250.186.209. Number of nodes 82
EtherApe-INFO: 20:18:50.274: delete node: IP: 140.82.121.6. Number of nodes 81
EtherApe-INFO: 20:18:50.274: delete node: IP: 140.82.121.4. Number of nodes 80
EtherApe-INFO: 20:18:50.274: delete node: IP: 140.82.114.22. Number of nodes 79
EtherApe-INFO: 20:18:50.274: delete node: IP: 139.59.209.225. Number of nodes 78
EtherApe-INFO: 20:18:50.274: delete node: IP: 108.138.53.154. Number of nodes 77
EtherApe-INFO: 20:18:50.274: delete node: IP: 108.138.17.104. Number of nodes 76
EtherApe-INFO: 20:18:50.274: delete node: IP: 108.138.17.68. Number of nodes 75
EtherApe-INFO: 20:18:50.274: delete node: IP: 104.198.63.0. Number of nodes 74
EtherApe-INFO: 20:18:50.274: delete node: IP: 104.102.1.103. Number of nodes 73
EtherApe-INFO: 20:18:50.274: delete node: IP: 104.21.82.42. Number of nodes 72
EtherApe-INFO: 20:18:50.274: delete node: IP: 104.19.188.97. Number of nodes 71
EtherApe-INFO: 20:18:50.274: delete node: IP: 104.19.187.97. Number of nodes 70
EtherApe-INFO: 20:18:50.274: delete node: IP: 104.19.148.8. Number of nodes 69
EtherApe-INFO: 20:18:50.274: delete node: IP: 104.19.147.8. Number of nodes 68
EtherApe-INFO: 20:18:50.274: delete node: IP: 104.18.43.158. Number of nodes 67
EtherApe-INFO: 20:18:50.274: delete node: IP: 104.18.22.126. Number of nodes 66
EtherApe-INFO: 20:18:50.274: delete node: IP: 104.17.208.240. Number of nodes 65
EtherApe-INFO: 20:18:50.274: delete node: IP: 104.17.107.41. Number of nodes 64
EtherApe-INFO: 20:18:50.274: delete node: IP: 104.17.50.74. Number of nodes 63
EtherApe-INFO: 20:18:50.274: delete node: IP: 104.16.242.94. Number of nodes 62
EtherApe-INFO: 20:18:50.274: delete node: IP: 104.16.100.56. Number of nodes 61
EtherApe-INFO: 20:18:50.274: delete node: IP: 104.16.42.65. Number of nodes 60
EtherApe-INFO: 20:18:50.274: delete node: IP: 104.16.26.5. Number of nodes 59
EtherApe-INFO: 20:18:50.274: delete node: IP: 99.86.8.175. Number of nodes 58
EtherApe-INFO: 20:18:50.274: delete node: IP: 91.198.174.208. Number of nodes 57
EtherApe-INFO: 20:18:50.274: delete node: IP: 91.198.174.192. Number of nodes 56
EtherApe-INFO: 20:18:50.274: delete node: IP: 54.246.79.9. Number of nodes 55
EtherApe-INFO: 20:18:50.274: delete node: IP: 54.200.85.230. Number of nodes 54
EtherApe-INFO: 20:18:50.274: delete node: IP: 54.197.96.51. Number of nodes 53
EtherApe-INFO: 20:18:50.274: delete node: IP: 54.171.208.15. Number of nodes 52
EtherApe-INFO: 20:18:50.274: delete node: IP: 54.92.188.181. Number of nodes 51
EtherApe-INFO: 20:18:50.274: delete node: IP: 54.37.238.28. Number of nodes 50
EtherApe-INFO: 20:18:50.274: delete node: IP: 52.222.236.74. Number of nodes 49
EtherApe-INFO: 20:18:50.274: delete node: IP: 52.222.236.19. Number of nodes 48
EtherApe-INFO: 20:18:50.274: delete node: IP: 52.215.192.131. Number of nodes 47
EtherApe-INFO: 20:18:50.274: delete node: IP: 52.84.199.74. Number of nodes 46
EtherApe-INFO: 20:18:50.274: delete node: IP: 52.84.195.69. Number of nodes 45
EtherApe-INFO: 20:18:50.274: delete node: IP: 52.37.159.136. Number of nodes 44
EtherApe-INFO: 20:18:50.274: delete node: IP: 35.186.227.140. Number of nodes 43
EtherApe-INFO: 20:18:50.274: delete node: IP: 34.120.208.123. Number of nodes 42
EtherApe-INFO: 20:18:50.274: delete node: IP: 34.107.141.31. Number of nodes 41
EtherApe-INFO: 20:18:50.274: delete node: IP: 23.212.200.47. Number of nodes 40
EtherApe-INFO: 20:18:50.274: delete node: IP: 23.64.12.123. Number of nodes 39
EtherApe-INFO: 20:18:50.274: delete node: IP: 23.64.12.75. Number of nodes 38
EtherApe-INFO: 20:18:50.274: delete node: IP: 23.0.93.241. Number of nodes 37
EtherApe-INFO: 20:18:50.275: delete node: IP: 18.66.130.57. Number of nodes 36
EtherApe-INFO: 20:18:50.275: delete node: IP: 18.66.122.129. Number of nodes 35
EtherApe-INFO: 20:18:50.275: delete node: IP: 18.66.121.184. Number of nodes 34
EtherApe-INFO: 20:18:50.275: delete node: IP: 18.66.112.46. Number of nodes 33
EtherApe-INFO: 20:18:50.275: delete node: IP: 18.66.100.58. Number of nodes 32
EtherApe-INFO: 20:18:50.275: delete node: IP: 18.66.98.108. Number of nodes 31
EtherApe-INFO: 20:18:50.275: delete node: IP: 18.66.97.49. Number of nodes 30
EtherApe-INFO: 20:18:50.275: delete node: IP: 13.225.78.53. Number of nodes 29
EtherApe-INFO: 20:18:50.275: delete node: IP: 13.224.192.222. Number of nodes 28
EtherApe-INFO: 20:18:50.275: delete node: IP: 13.32.121.55. Number of nodes 27
EtherApe-INFO: 20:18:50.275: delete node: IP: 13.32.27.73. Number of nodes 26
EtherApe-INFO: 20:18:50.275: delete node: IP: 13.32.11.103. Number of nodes 25
EtherApe-INFO: 20:18:50.275: delete node: IP: 2.18.79.146. Number of nodes 24
EtherApe-INFO: 20:18:50.275: delete node: IP: 2.17.240.225. Number of nodes 23
EtherApe-INFO: 20:18:52.845: delete node: IP: 18.66.122.108. Number of nodes 22
EtherApe-INFO: 20:18:55.312: delete node: IP: 18.66.128.120. Number of nodes 21
EtherApe-INFO: 20:19:04.269: New node: IP: 3.251.50.149. Number of nodes 22
EtherApe-INFO: 20:19:12.205: New node: IP: 104.16.27.5. Number of nodes 23
EtherApe-INFO: 20:19:12.973: New node: IP: 104.18.22.126. Number of nodes 24
EtherApe-INFO: 20:19:12.973: New node: IP: 104.16.242.94. Number of nodes 25
EtherApe-INFO: 20:19:12.974: New node: IP: 104.16.99.56. Number of nodes 26
EtherApe-INFO: 20:19:19.447: delete node: IP: 149.154.167.216. Number of nodes 25
EtherApe-INFO: 20:19:19.447: delete node: IP: 142.250.186.197. Number of nodes 24
EtherApe-INFO: 20:19:20.141: New node: IP: 104.16.42.65. Number of nodes 25
