(etherape:2746): GLib-GIO-DEBUG: 05:45:35.401: _g_io_module_get_default: Found default implementation local (GLocalVfs) for ‘gio-vfs’
(etherape:2746): GLib-GIO-DEBUG: 05:45:35.478: Using cross-namespace EXTERNAL authentication (this will deadlock if server is GDBus < 2.73.3)
EtherApe-INFO: 05:45:35.539: sctp protocol not supported
EtherApe-INFO: 05:45:35.539: dccp protocol not supported
EtherApe-INFO: 05:45:35.539: sctp protocol not supported
EtherApe-INFO: 05:45:35.539: sctp protocol not supported
EtherApe-INFO: 05:45:35.539: sctp protocol not supported
EtherApe-INFO: 05:45:35.539: sctp protocol not supported
EtherApe-INFO: 05:45:35.539: sctp protocol not supported
EtherApe-INFO: 05:45:35.539: sctp protocol not supported
EtherApe-INFO: 05:45:35.540: sctp protocol not supported
EtherApe-INFO: 05:45:35.540: dccp protocol not supported
EtherApe-INFO: 05:45:35.540: sctp protocol not supported
EtherApe-INFO: 05:45:35.540: dccp protocol not supported
EtherApe-INFO: 05:45:35.540: dccp protocol not supported
EtherApe-INFO: 05:45:35.540: sctp protocol not supported
EtherApe-INFO: 05:45:35.540: sctp protocol not supported
EtherApe-INFO: 05:45:35.541: sctp protocol not supported
EtherApe-INFO: 05:45:35.541: sctp protocol not supported
EtherApe-INFO: 05:45:35.541: sctp protocol not supported
EtherApe-INFO: 05:45:35.542: sctp protocol not supported
EtherApe-INFO: 05:45:35.542: sctp protocol not supported
EtherApe-INFO: 05:45:35.542: sctp protocol not supported
EtherApe-INFO: 05:45:35.542: sctp protocol not supported
EtherApe-INFO: 05:45:35.543: sctp protocol not supported
EtherApe-INFO: 05:45:35.543: sctp protocol not supported
EtherApe-INFO: 05:45:35.543: sctp protocol not supported
EtherApe-INFO: 05:45:35.543: sctp protocol not supported
EtherApe-INFO: 05:45:35.544: sctp protocol not supported
EtherApe-INFO: 05:45:35.544: sctp protocol not supported
EtherApe-INFO: 05:45:35.544: dccp protocol not supported
EtherApe-INFO: 05:45:35.544: sctp protocol not supported
EtherApe-INFO: 05:45:35.544: sctp protocol not supported
EtherApe-INFO: 05:45:35.544: dccp protocol not supported
EtherApe-INFO: 05:45:35.544: sctp protocol not supported
EtherApe-INFO: 05:45:35.544: sctp protocol not supported
EtherApe-INFO: 05:45:35.544: sctp protocol not supported
EtherApe-INFO: 05:45:35.544: dccp protocol not supported
EtherApe-INFO: 05:45:35.545: dccp protocol not supported
EtherApe-INFO: 05:45:35.545: sctp protocol not supported
EtherApe-INFO: 05:45:35.545: sctp protocol not supported
EtherApe-INFO: 05:45:35.545: sctp protocol not supported
EtherApe-INFO: 05:45:35.545: sctp protocol not supported
EtherApe-INFO: 05:45:35.545: sctp protocol not supported
EtherApe-INFO: 05:45:35.545: sctp protocol not supported
EtherApe-INFO: 05:45:35.545: sctp protocol not supported
EtherApe-INFO: 05:45:35.545: sctp protocol not supported
EtherApe-INFO: 05:45:35.545: sctp protocol not supported
EtherApe-INFO: 05:45:35.545: sctp protocol not supported
EtherApe-INFO: 05:45:35.545: sctp protocol not supported
EtherApe-INFO: 05:45:35.545: sctp protocol not supported
EtherApe-INFO: 05:45:35.545: sctp protocol not supported
EtherApe-INFO: 05:45:35.545: sctp protocol not supported
EtherApe-INFO: 05:45:35.545: sctp protocol not supported
EtherApe-INFO: 05:45:35.545: sctp protocol not supported
EtherApe-INFO: 05:45:35.545: sctp protocol not supported
EtherApe-INFO: 05:45:35.545: sctp protocol not supported
EtherApe-INFO: 05:45:35.545: sctp protocol not supported
EtherApe-INFO: 05:45:35.545: sctp protocol not supported
EtherApe-INFO: 05:45:35.546: dccp protocol not supported
EtherApe-INFO: 05:45:35.546: sctp protocol not supported
EtherApe-INFO: 05:45:35.546: sctp protocol not supported
EtherApe-INFO: 05:45:35.546: sctp protocol not supported
EtherApe-INFO: 05:45:35.546: sctp protocol not supported
EtherApe-INFO: 05:45:35.546: sctp protocol not supported
EtherApe-INFO: 05:45:35.546: sctp protocol not supported
EtherApe-INFO: 05:45:35.546: sctp protocol not supported
EtherApe-INFO: 05:45:35.546: sctp protocol not supported
EtherApe-INFO: 05:45:35.546: sctp protocol not supported
EtherApe-INFO: 05:45:35.547: sctp protocol not supported
EtherApe-INFO: 05:45:35.547: sctp protocol not supported
EtherApe-INFO: 05:45:35.547: sctp protocol not supported
EtherApe-INFO: 05:45:35.547: sctp protocol not supported
EtherApe-INFO: 05:45:35.547: sctp protocol not supported
EtherApe-INFO: 05:45:35.547: sctp protocol not supported
EtherApe-INFO: 05:45:35.547: sctp protocol not supported
EtherApe-INFO: 05:45:35.547: sctp protocol not supported
EtherApe-INFO: 05:45:35.547: sctp protocol not supported
EtherApe-INFO: 05:45:35.547: sctp protocol not supported
EtherApe-INFO: 05:45:35.547: sctp protocol not supported
EtherApe-INFO: 05:45:35.548: sctp protocol not supported
EtherApe-INFO: 05:45:35.548: sctp protocol not supported
EtherApe-INFO: 05:45:35.548: sctp protocol not supported
EtherApe-INFO: 05:45:35.548: sctp protocol not supported
EtherApe-INFO: 05:45:35.548: sctp protocol not supported
EtherApe-INFO: 05:45:35.548: sctp protocol not supported
EtherApe-INFO: 05:45:35.548: sctp protocol not supported
EtherApe-INFO: 05:45:35.548: sctp protocol not supported
EtherApe-INFO: 05:45:35.548: sctp protocol not supported
EtherApe-INFO: 05:45:35.548: sctp protocol not supported
EtherApe-INFO: 05:45:35.548: sctp protocol not supported
EtherApe-INFO: 05:45:35.548: sctp protocol not supported
EtherApe-INFO: 05:45:35.548: sctp protocol not supported
EtherApe-INFO: 05:45:35.548: sctp protocol not supported
EtherApe-INFO: 05:45:35.548: sctp protocol not supported
EtherApe-INFO: 05:45:35.548: sctp protocol not supported
EtherApe-INFO: 05:45:35.557: get_interface result: ''
EtherApe-INFO: 05:45:35.557: Available interfaces for capture: dbus-session dbus-system nfqueue nflog bluetooth-monitor bluetooth0 lo any wlp2s0
EtherApe-INFO: 05:45:35.558: Link type is LINUX_SLL
EtherApe-INFO: 05:45:35.558: Diagram started
EtherApe-INFO: 05:45:35.814: New node: IP: 192.168.1.250. Number of nodes 1
EtherApe-INFO: 05:45:35.814: New node: IP: 149.154.167.50. Number of nodes 2
EtherApe-INFO: 05:45:38.374: New node: IP: 8.8.8.8. Number of nodes 3
EtherApe-INFO: 05:45:38.630: New node: IP: 91.132.137.75. Number of nodes 4
EtherApe-INFO: 05:45:39.142: New node: IP: 35.155.76.53. Number of nodes 5
EtherApe-INFO: 05:45:39.654: New node: IP: 149.154.167.41. Number of nodes 6
EtherApe-INFO: 05:45:41.191: New node: IP: 34.209.16.253. Number of nodes 7
EtherApe-INFO: 05:46:02.696: New node: IP: 34.120.208.123. Number of nodes 8
EtherApe-INFO: 05:46:02.696: New node: IP: 34.160.144.191. Number of nodes 9
EtherApe-INFO: 05:46:04.743: New node: IP: 34.107.141.31. Number of nodes 10
EtherApe-INFO: 05:46:05.766: New node: IP: 104.17.50.74. Number of nodes 11
EtherApe-INFO: 05:46:06.790: New node: IP: 34.102.187.140. Number of nodes 12
EtherApe-INFO: 05:46:08.598: New node: IP: 216.58.215.78. Number of nodes 13
EtherApe-INFO: 05:46:30.598: New node: IP: 195.85.215.215. Number of nodes 14
EtherApe-INFO: 05:46:40.326: New node: IP: 140.82.121.6. Number of nodes 15
EtherApe-INFO: 05:48:09.683: delete node: IP: 35.155.76.53. Number of nodes 14
EtherApe-INFO: 05:48:11.533: delete node: IP: 34.209.16.253. Number of nodes 13
EtherApe-INFO: 05:48:30.744: delete node: IP: 195.85.215.215. Number of nodes 12
EtherApe-INFO: 05:48:38.854: New node: IP: 195.85.215.215. Number of nodes 13
EtherApe-INFO: 05:48:40.737: delete node: IP: 140.82.121.6. Number of nodes 12
EtherApe-INFO: 05:49:24.934: New node: IP: 192.168.1.1. Number of nodes 13
EtherApe-INFO: 05:49:25.190: New node: IP: 95.216.195.133. Number of nodes 14
EtherApe-INFO: 05:49:54.989: delete node: IP: 34.160.144.191. Number of nodes 13
EtherApe-INFO: 05:49:54.989: delete node: IP: 34.120.208.123. Number of nodes 12
EtherApe-INFO: 05:49:56.734: delete node: IP: 34.107.141.31. Number of nodes 11
EtherApe-INFO: 05:49:58.786: delete node: IP: 104.17.50.74. Number of nodes 10
EtherApe-INFO: 05:49:58.787: delete node: IP: 34.102.187.140. Number of nodes 9
EtherApe-INFO: 05:50:02.374: delete node: IP: 216.58.215.78. Number of nodes 8
EtherApe-INFO: 05:50:41.017: delete node: IP: 195.85.215.215. Number of nodes 7
EtherApe-INFO: 05:51:25.855: delete node: IP: 192.168.1.1. Number of nodes 6
EtherApe-INFO: 05:51:25.855: delete node: IP: 95.216.195.133. Number of nodes 5
EtherApe-INFO: 05:52:55.110: New node: IP: 195.85.215.215. Number of nodes 6
EtherApe-INFO: 05:54:24.968: New node: IP: 192.168.1.1. Number of nodes 7
EtherApe-INFO: 05:54:25.222: New node: IP: 95.216.195.133. Number of nodes 8
EtherApe-INFO: 05:54:55.194: delete node: IP: 195.85.215.215. Number of nodes 7
EtherApe-INFO: 05:56:25.059: delete node: IP: 192.168.1.1. Number of nodes 6
EtherApe-INFO: 05:56:25.876: delete node: IP: 95.216.195.133. Number of nodes 5
EtherApe-INFO: 05:59:24.999: New node: IP: 192.168.1.1. Number of nodes 6
EtherApe-INFO: 05:59:24.999: New node: IP: 95.216.195.133. Number of nodes 7
EtherApe-INFO: 06:01:25.336: delete node: IP: 192.168.1.1. Number of nodes 6
EtherApe-INFO: 06:01:25.336: delete node: IP: 95.216.195.133. Number of nodes 5
EtherApe-INFO: 06:01:27.366: New node: IP: 195.85.215.215. Number of nodes 6
EtherApe-INFO: 06:02:04.742: New node: IP: 149.154.167.216. Number of nodes 7
EtherApe-INFO: 06:03:28.283: delete node: IP: 195.85.215.215. Number of nodes 6
EtherApe-INFO: 06:04:25.030: New node: IP: 192.168.1.1. Number of nodes 7
EtherApe-INFO: 06:04:25.033: New node: IP: 95.216.195.133. Number of nodes 8
EtherApe-INFO: 06:05:23.675: delete node: IP: 149.154.167.216. Number of nodes 7
EtherApe-INFO: 06:06:25.633: delete node: IP: 192.168.1.1. Number of nodes 6
EtherApe-INFO: 06:06:25.633: delete node: IP: 95.216.195.133. Number of nodes 5
EtherApe-INFO: 06:09:25.062: New node: IP: 192.168.1.1. Number of nodes 6
EtherApe-INFO: 06:09:25.062: New node: IP: 95.216.195.133. Number of nodes 7
EtherApe-INFO: 06:11:25.970: delete node: IP: 192.168.1.1. Number of nodes 6
EtherApe-INFO: 06:11:25.970: delete node: IP: 95.216.195.133. Number of nodes 5
EtherApe-INFO: 06:14:25.095: New node: IP: 192.168.1.1. Number of nodes 6
EtherApe-INFO: 06:14:25.096: New node: IP: 95.216.195.133. Number of nodes 7
EtherApe-INFO: 06:16:26.003: delete node: IP: 192.168.1.1. Number of nodes 6
EtherApe-INFO: 06:16:26.003: delete node: IP: 95.216.195.133. Number of nodes 5
EtherApe-INFO: 06:17:07.910: New node: IP: 149.154.167.216. Number of nodes 6
EtherApe-INFO: 06:18:31.622: New node: IP: 195.85.215.215. Number of nodes 7
EtherApe-INFO: 06:19:23.378: delete node: IP: 149.154.167.216. Number of nodes 6
EtherApe-INFO: 06:19:25.126: New node: IP: 192.168.1.1. Number of nodes 7
EtherApe-INFO: 06:19:25.126: New node: IP: 95.216.195.133. Number of nodes 8
EtherApe-INFO: 06:20:32.002: delete node: IP: 195.85.215.215. Number of nodes 7
EtherApe-INFO: 06:21:25.758: delete node: IP: 192.168.1.1. Number of nodes 6
EtherApe-INFO: 06:21:25.758: delete node: IP: 95.216.195.133. Number of nodes 5
EtherApe-INFO: 06:24:24.903: New node: IP: 192.168.1.1. Number of nodes 6
EtherApe-INFO: 06:24:25.158: New node: IP: 95.216.195.133. Number of nodes 7
EtherApe-INFO: 06:26:25.251: delete node: IP: 192.168.1.1. Number of nodes 6
EtherApe-INFO: 06:26:26.070: delete node: IP: 95.216.195.133. Number of nodes 5
EtherApe-INFO: 06:29:24.934: New node: IP: 192.168.1.1. Number of nodes 6
EtherApe-INFO: 06:29:25.190: New node: IP: 95.216.195.133. Number of nodes 7
EtherApe-INFO: 06:30:21.766: New node: IP: 149.154.167.216. Number of nodes 8
EtherApe-INFO: 06:31:26.032: delete node: IP: 192.168.1.1. Number of nodes 7
EtherApe-INFO: 06:31:26.033: delete node: IP: 95.216.195.133. Number of nodes 6
EtherApe-INFO: 06:34:22.718: delete node: IP: 149.154.167.216. Number of nodes 5
EtherApe-INFO: 06:34:24.966: New node: IP: 192.168.1.1. Number of nodes 6
EtherApe-INFO: 06:34:25.222: New node: IP: 95.216.195.133. Number of nodes 7
EtherApe-INFO: 06:36:25.856: delete node: IP: 192.168.1.1. Number of nodes 6
EtherApe-INFO: 06:36:25.856: delete node: IP: 95.216.195.133. Number of nodes 5
EtherApe-INFO: 06:39:25.013: New node: IP: 192.168.1.1. Number of nodes 6
EtherApe-INFO: 06:39:25.013: New node: IP: 95.216.195.133. Number of nodes 7
EtherApe-INFO: 06:41:25.125: delete node: IP: 192.168.1.1. Number of nodes 6
EtherApe-INFO: 06:41:25.329: delete node: IP: 95.216.195.133. Number of nodes 5
EtherApe-INFO: 06:44:25.030: New node: IP: 192.168.1.1. Number of nodes 6
EtherApe-INFO: 06:44:25.030: New node: IP: 95.216.195.133. Number of nodes 7
EtherApe-INFO: 06:46:25.618: delete node: IP: 192.168.1.1. Number of nodes 6
EtherApe-INFO: 06:46:25.619: delete node: IP: 95.216.195.133. Number of nodes 5
EtherApe-INFO: 06:49:25.062: New node: IP: 192.168.1.1. Number of nodes 6
EtherApe-INFO: 06:49:25.062: New node: IP: 95.216.195.133. Number of nodes 7
EtherApe-INFO: 06:51:25.722: delete node: IP: 192.168.1.1. Number of nodes 6
EtherApe-INFO: 06:51:25.723: delete node: IP: 95.216.195.133. Number of nodes 5
EtherApe-INFO: 06:52:39.878: New node: IP: 195.85.215.215. Number of nodes 6
EtherApe-INFO: 06:54:25.094: New node: IP: 192.168.1.1. Number of nodes 7
EtherApe-INFO: 06:54:25.094: New node: IP: 95.216.195.133. Number of nodes 8
EtherApe-INFO: 06:54:39.983: delete node: IP: 195.85.215.215. Number of nodes 7
EtherApe-INFO: 06:56:25.181: delete node: IP: 192.168.1.1. Number of nodes 6
EtherApe-INFO: 06:56:25.487: delete node: IP: 95.216.195.133. Number of nodes 5
EtherApe-INFO: 06:59:25.127: New node: IP: 192.168.1.1. Number of nodes 6
EtherApe-INFO: 06:59:25.127: New node: IP: 95.216.195.133. Number of nodes 7
EtherApe-INFO: 07:01:25.736: delete node: IP: 192.168.1.1. Number of nodes 6
EtherApe-INFO: 07:01:25.736: delete node: IP: 95.216.195.133. Number of nodes 5
EtherApe-INFO: 07:04:24.902: New node: IP: 192.168.1.1. Number of nodes 6
EtherApe-INFO: 07:04:25.172: New node: IP: 95.216.195.133. Number of nodes 7
EtherApe-INFO: 07:05:36.583: New node: IP: 149.154.167.216. Number of nodes 8
EtherApe-INFO: 07:06:25.502: delete node: IP: 192.168.1.1. Number of nodes 7
EtherApe-INFO: 07:06:25.502: delete node: IP: 95.216.195.133. Number of nodes 6
EtherApe-INFO: 07:07:52.314: delete node: IP: 149.154.167.216. Number of nodes 5
EtherApe-INFO: 07:09:24.935: New node: IP: 192.168.1.1. Number of nodes 6
EtherApe-INFO: 07:09:25.191: New node: IP: 95.216.195.133. Number of nodes 7
EtherApe-INFO: 07:11:25.523: delete node: IP: 192.168.1.1. Number of nodes 6
EtherApe-INFO: 07:11:25.523: delete node: IP: 95.216.195.133. Number of nodes 5
EtherApe-INFO: 07:14:24.966: New node: IP: 192.168.1.1. Number of nodes 6
EtherApe-INFO: 07:14:25.222: New node: IP: 95.216.195.133. Number of nodes 7
EtherApe-INFO: 07:16:25.349: delete node: IP: 192.168.1.1. Number of nodes 6
EtherApe-INFO: 07:16:25.349: delete node: IP: 95.216.195.133. Number of nodes 5
EtherApe-INFO: 07:19:24.998: New node: IP: 192.168.1.1. Number of nodes 6
EtherApe-INFO: 07:19:24.999: New node: IP: 95.216.195.133. Number of nodes 7
EtherApe-INFO: 07:19:34.984: New node: IP: 149.154.167.216. Number of nodes 8
EtherApe-INFO: 07:21:25.131: delete node: IP: 192.168.1.1. Number of nodes 7
EtherApe-INFO: 07:21:25.336: delete node: IP: 95.216.195.133. Number of nodes 6
EtherApe-INFO: 07:22:21.444: delete node: IP: 149.154.167.216. Number of nodes 5
EtherApe-INFO: 07:24:25.032: New node: IP: 192.168.1.1. Number of nodes 6
EtherApe-INFO: 07:24:25.033: New node: IP: 95.216.195.133. Number of nodes 7
EtherApe-INFO: 07:24:32.966: New node: IP: 149.154.167.216. Number of nodes 8
EtherApe-INFO: 07:26:25.868: delete node: IP: 192.168.1.1. Number of nodes 7
EtherApe-INFO: 07:26:25.868: delete node: IP: 95.216.195.133. Number of nodes 6
EtherApe-INFO: 07:26:48.134: New node: IP: 195.85.215.215. Number of nodes 7
EtherApe-INFO: 07:26:48.483: delete node: IP: 149.154.167.216. Number of nodes 6
EtherApe-INFO: 07:28:48.287: delete node: IP: 195.85.215.215. Number of nodes 5
EtherApe-INFO: 07:29:25.062: New node: IP: 192.168.1.1. Number of nodes 6
EtherApe-INFO: 07:29:25.062: New node: IP: 95.216.195.133. Number of nodes 7
EtherApe-INFO: 07:31:25.984: delete node: IP: 192.168.1.1. Number of nodes 6
EtherApe-INFO: 07:31:25.984: delete node: IP: 95.216.195.133. Number of nodes 5
EtherApe-INFO: 07:34:25.094: New node: IP: 192.168.1.1. Number of nodes 6
EtherApe-INFO: 07:34:25.094: New node: IP: 95.216.195.133. Number of nodes 7
EtherApe-INFO: 07:35:41.126: New node: IP: 149.154.167.216. Number of nodes 8
EtherApe-INFO: 07:36:25.235: delete node: IP: 192.168.1.1. Number of nodes 7
EtherApe-INFO: 07:36:25.440: delete node: IP: 95.216.195.133. Number of nodes 6
EtherApe-INFO: 07:37:56.347: delete node: IP: 149.154.167.216. Number of nodes 5
EtherApe-INFO: 07:39:25.127: New node: IP: 192.168.1.1. Number of nodes 6
EtherApe-INFO: 07:39:25.127: New node: IP: 95.216.195.133. Number of nodes 7
EtherApe-INFO: 07:41:26.049: delete node: IP: 192.168.1.1. Number of nodes 6
EtherApe-INFO: 07:41:26.050: delete node: IP: 95.216.195.133. Number of nodes 5
EtherApe-INFO: 07:44:24.906: New node: IP: 192.168.1.1. Number of nodes 6
EtherApe-INFO: 07:44:25.163: New node: IP: 95.216.195.133. Number of nodes 7
EtherApe-INFO: 07:46:25.318: delete node: IP: 192.168.1.1. Number of nodes 6
EtherApe-INFO: 07:46:26.036: delete node: IP: 95.216.195.133. Number of nodes 5
EtherApe-INFO: 07:49:24.934: New node: IP: 192.168.1.1. Number of nodes 6
EtherApe-INFO: 07:49:25.190: New node: IP: 95.216.195.133. Number of nodes 7
EtherApe-INFO: 07:51:26.082: delete node: IP: 192.168.1.1. Number of nodes 6
EtherApe-INFO: 07:51:26.082: delete node: IP: 95.216.195.133. Number of nodes 5
EtherApe-INFO: 07:53:31.976: New node: IP: 149.154.167.216. Number of nodes 6
EtherApe-INFO: 07:54:24.967: New node: IP: 192.168.1.1. Number of nodes 7
EtherApe-INFO: 07:54:25.222: New node: IP: 95.216.195.133. Number of nodes 8
EtherApe-INFO: 07:56:26.097: delete node: IP: 192.168.1.1. Number of nodes 7
EtherApe-INFO: 07:56:26.097: delete node: IP: 95.216.195.133. Number of nodes 6
EtherApe-INFO: 07:58:45.625: delete node: IP: 149.154.167.216. Number of nodes 5
EtherApe-INFO: 07:59:24.999: New node: IP: 192.168.1.1. Number of nodes 6
EtherApe-INFO: 07:59:24.999: New node: IP: 95.216.195.133. Number of nodes 7
EtherApe-INFO: 08:00:56.391: New node: IP: 195.85.215.215. Number of nodes 8
EtherApe-INFO: 08:01:25.083: delete node: IP: 192.168.1.1. Number of nodes 7
EtherApe-INFO: 08:01:25.596: delete node: IP: 95.216.195.133. Number of nodes 6
EtherApe-INFO: 08:02:26.760: New node: IP: 149.154.167.216. Number of nodes 7
EtherApe-INFO: 08:02:56.485: delete node: IP: 195.85.215.215. Number of nodes 6
EtherApe-INFO: 08:04:25.030: New node: IP: 192.168.1.1. Number of nodes 7
EtherApe-INFO: 08:04:25.030: New node: IP: 95.216.195.133. Number of nodes 8
EtherApe-INFO: 08:06:25.427: delete node: IP: 192.168.1.1. Number of nodes 7
EtherApe-INFO: 08:06:25.427: delete node: IP: 95.216.195.133. Number of nodes 6
EtherApe-INFO: 08:07:04.331: delete node: IP: 149.154.167.216. Number of nodes 5
EtherApe-INFO: 08:09:25.062: New node: IP: 192.168.1.1. Number of nodes 6
EtherApe-INFO: 08:09:25.062: New node: IP: 95.216.195.133. Number of nodes 7
EtherApe-INFO: 08:10:09.095: New node: IP: 149.154.167.216. Number of nodes 8
EtherApe-INFO: 08:11:25.709: delete node: IP: 192.168.1.1. Number of nodes 7
EtherApe-INFO: 08:11:25.709: delete node: IP: 95.216.195.133. Number of nodes 6
EtherApe-INFO: 08:12:24.525: delete node: IP: 149.154.167.216. Number of nodes 5
EtherApe-INFO: 08:12:35.783: New node: IP: 149.154.167.216. Number of nodes 6
EtherApe-INFO: 08:14:25.094: New node: IP: 192.168.1.1. Number of nodes 7
EtherApe-INFO: 08:14:25.094: New node: IP: 95.216.195.133. Number of nodes 8
EtherApe-INFO: 08:16:25.736: delete node: IP: 192.168.1.1. Number of nodes 7
EtherApe-INFO: 08:16:25.736: delete node: IP: 95.216.195.133. Number of nodes 6
EtherApe-INFO: 08:16:26.454: delete node: IP: 149.154.167.216. Number of nodes 5
EtherApe-INFO: 08:16:42.822: New node: IP: 149.154.167.216. Number of nodes 6
EtherApe-INFO: 08:19:25.126: New node: IP: 192.168.1.1. Number of nodes 7
EtherApe-INFO: 08:19:25.126: New node: IP: 95.216.195.133. Number of nodes 8
EtherApe-INFO: 08:21:25.779: delete node: IP: 192.168.1.1. Number of nodes 7
EtherApe-INFO: 08:21:25.779: delete node: IP: 95.216.195.133. Number of nodes 6
EtherApe-INFO: 08:22:45.670: delete node: IP: 149.154.167.216. Number of nodes 5
EtherApe-INFO: 08:23:13.735: New node: IP: 149.154.167.216. Number of nodes 6
EtherApe-INFO: 08:24:24.902: New node: IP: 192.168.1.1. Number of nodes 7
EtherApe-INFO: 08:24:25.158: New node: IP: 95.216.195.133. Number of nodes 8
EtherApe-INFO: 08:26:25.773: delete node: IP: 192.168.1.1. Number of nodes 7
EtherApe-INFO: 08:26:25.774: delete node: IP: 95.216.195.133. Number of nodes 6
EtherApe-INFO: 08:26:35.797: delete node: IP: 149.154.167.216. Number of nodes 5
EtherApe-INFO: 08:29:24.934: New node: IP: 192.168.1.1. Number of nodes 6
EtherApe-INFO: 08:29:25.190: New node: IP: 95.216.195.133. Number of nodes 7
EtherApe-INFO: 08:30:13.318: New node: IP: 149.154.167.216. Number of nodes 8
EtherApe-INFO: 08:31:25.581: delete node: IP: 192.168.1.1. Number of nodes 7
EtherApe-INFO: 08:31:25.581: delete node: IP: 95.216.195.133. Number of nodes 6
EtherApe-INFO: 08:33:14.378: delete node: IP: 149.154.167.216. Number of nodes 5
EtherApe-INFO: 08:33:14.822: New node: IP: 149.154.167.216. Number of nodes 6
EtherApe-INFO: 08:34:24.967: New node: IP: 192.168.1.1. Number of nodes 7
EtherApe-INFO: 08:34:25.222: New node: IP: 95.216.195.133. Number of nodes 8
EtherApe-INFO: 08:35:04.655: New node: IP: 195.85.215.215. Number of nodes 9
EtherApe-INFO: 08:36:25.569: delete node: IP: 192.168.1.1. Number of nodes 8
EtherApe-INFO: 08:36:25.569: delete node: IP: 95.216.195.133. Number of nodes 7
EtherApe-INFO: 08:37:05.817: delete node: IP: 195.85.215.215. Number of nodes 6
EtherApe-INFO: 08:37:16.771: delete node: IP: 149.154.167.216. Number of nodes 5
EtherApe-INFO: 08:38:40.967: New node: IP: 149.154.167.216. Number of nodes 6
EtherApe-INFO: 08:39:24.998: New node: IP: 192.168.1.1. Number of nodes 7
EtherApe-INFO: 08:39:24.998: New node: IP: 95.216.195.133. Number of nodes 8
EtherApe-INFO: 08:40:56.480: delete node: IP: 149.154.167.216. Number of nodes 7
EtherApe-INFO: 08:41:25.356: delete node: IP: 192.168.1.1. Number of nodes 6
EtherApe-INFO: 08:41:25.867: delete node: IP: 95.216.195.133. Number of nodes 5
EtherApe-INFO: 08:44:25.030: New node: IP: 192.168.1.1. Number of nodes 6
EtherApe-INFO: 08:44:25.030: New node: IP: 95.216.195.133. Number of nodes 7
EtherApe-INFO: 08:46:11.782: New node: IP: 149.154.167.216. Number of nodes 8
EtherApe-INFO: 08:46:25.677: delete node: IP: 192.168.1.1. Number of nodes 7
EtherApe-INFO: 08:46:25.677: delete node: IP: 95.216.195.133. Number of nodes 6
EtherApe-INFO: 08:49:25.062: New node: IP: 192.168.1.1. Number of nodes 7
EtherApe-INFO: 08:49:25.063: New node: IP: 95.216.195.133. Number of nodes 8
EtherApe-INFO: 08:50:12.205: delete node: IP: 149.154.167.216. Number of nodes 7
EtherApe-INFO: 08:51:25.950: delete node: IP: 192.168.1.1. Number of nodes 6
EtherApe-INFO: 08:51:25.950: delete node: IP: 95.216.195.133. Number of nodes 5
EtherApe-INFO: 08:54:05.127: New node: IP: 149.154.167.216. Number of nodes 6
EtherApe-INFO: 08:54:25.094: New node: IP: 192.168.1.1. Number of nodes 7
EtherApe-INFO: 08:54:25.094: New node: IP: 95.216.195.133. Number of nodes 8
EtherApe-INFO: 08:56:20.816: delete node: IP: 149.154.167.216. Number of nodes 7
EtherApe-INFO: 08:56:25.928: delete node: IP: 192.168.1.1. Number of nodes 6
EtherApe-INFO: 08:56:25.928: delete node: IP: 95.216.195.133. Number of nodes 5
EtherApe-INFO: 08:57:23.794: New node: IP: 149.154.167.216. Number of nodes 6
EtherApe-INFO: 08:59:25.126: New node: IP: 192.168.1.1. Number of nodes 7
EtherApe-INFO: 08:59:25.126: New node: IP: 95.216.195.133. Number of nodes 8
EtherApe-INFO: 08:59:39.241: delete node: IP: 149.154.167.216. Number of nodes 7
EtherApe-INFO: 09:01:25.249: delete node: IP: 192.168.1.1. Number of nodes 6
EtherApe-INFO: 09:01:25.454: delete node: IP: 95.216.195.133. Number of nodes 5
EtherApe-INFO: 09:01:46.951: New node: IP: 149.154.167.216. Number of nodes 6
EtherApe-INFO: 09:04:03.230: delete node: IP: 149.154.167.216. Number of nodes 5
EtherApe-INFO: 09:04:03.910: New node: IP: 149.154.167.216. Number of nodes 6
EtherApe-INFO: 09:04:24.902: New node: IP: 192.168.1.1. Number of nodes 7
EtherApe-INFO: 09:04:25.158: New node: IP: 95.216.195.133. Number of nodes 8
EtherApe-INFO: 09:06:25.805: delete node: IP: 192.168.1.1. Number of nodes 7
EtherApe-INFO: 09:06:25.805: delete node: IP: 95.216.195.133. Number of nodes 6
EtherApe-INFO: 09:09:12.902: New node: IP: 195.85.215.215. Number of nodes 7
EtherApe-INFO: 09:09:17.792: delete node: IP: 149.154.167.216. Number of nodes 6
EtherApe-INFO: 09:09:24.934: New node: IP: 192.168.1.1. Number of nodes 7
EtherApe-INFO: 09:09:25.191: New node: IP: 95.216.195.133. Number of nodes 8
EtherApe-INFO: 09:11:14.079: delete node: IP: 195.85.215.215. Number of nodes 7
EtherApe-INFO: 09:11:26.049: delete node: IP: 192.168.1.1. Number of nodes 6
EtherApe-INFO: 09:11:26.049: delete node: IP: 95.216.195.133. Number of nodes 5
EtherApe-INFO: 09:12:16.967: New node: IP: 149.154.167.216. Number of nodes 6
EtherApe-INFO: 09:14:24.966: New node: IP: 192.168.1.1. Number of nodes 7
EtherApe-INFO: 09:14:25.222: New node: IP: 95.216.195.133. Number of nodes 8
EtherApe-INFO: 09:15:24.372: delete node: IP: 149.154.167.216. Number of nodes 7
EtherApe-INFO: 09:16:25.107: delete node: IP: 192.168.1.1. Number of nodes 6
EtherApe-INFO: 09:16:25.824: delete node: IP: 95.216.195.133. Number of nodes 5
EtherApe-INFO: 09:18:36.102: New node: IP: 149.154.167.216. Number of nodes 6
EtherApe-INFO: 09:19:24.998: New node: IP: 192.168.1.1. Number of nodes 7
EtherApe-INFO: 09:19:24.999: New node: IP: 95.216.195.133. Number of nodes 8
EtherApe-INFO: 09:20:51.807: delete node: IP: 149.154.167.216. Number of nodes 7
EtherApe-INFO: 09:21:25.379: delete node: IP: 192.168.1.1. Number of nodes 6
EtherApe-INFO: 09:21:25.379: delete node: IP: 95.216.195.133. Number of nodes 5
EtherApe-INFO: 09:21:32.743: New node: IP: 149.154.167.216. Number of nodes 6
EtherApe-INFO: 09:24:25.030: New node: IP: 192.168.1.1. Number of nodes 7
EtherApe-INFO: 09:24:25.030: New node: IP: 95.216.195.133. Number of nodes 8
EtherApe-INFO: 09:26:25.150: delete node: IP: 192.168.1.1. Number of nodes 7
EtherApe-INFO: 09:26:26.173: delete node: IP: 95.216.195.133. Number of nodes 6
EtherApe-INFO: 09:27:18.096: delete node: IP: 149.154.167.216. Number of nodes 5
EtherApe-INFO: 09:29:25.062: New node: IP: 192.168.1.1. Number of nodes 6
EtherApe-INFO: 09:29:25.062: New node: IP: 95.216.195.133. Number of nodes 7
EtherApe-INFO: 09:30:02.696: New node: IP: 149.154.167.216. Number of nodes 8
EtherApe-INFO: 09:31:25.188: delete node: IP: 192.168.1.1. Number of nodes 7
EtherApe-INFO: 09:31:25.393: delete node: IP: 95.216.195.133. Number of nodes 6
EtherApe-INFO: 09:32:18.645: delete node: IP: 149.154.167.216. Number of nodes 5
EtherApe-INFO: 09:32:56.008: New node: IP: 149.154.167.216. Number of nodes 6
EtherApe-INFO: 09:34:25.094: New node: IP: 192.168.1.1. Number of nodes 7
EtherApe-INFO: 09:34:25.094: New node: IP: 95.216.195.133. Number of nodes 8
EtherApe-INFO: 09:35:42.459: delete node: IP: 149.154.167.216. Number of nodes 7
EtherApe-INFO: 09:36:25.195: delete node: IP: 192.168.1.1. Number of nodes 6
EtherApe-INFO: 09:36:25.502: delete node: IP: 95.216.195.133. Number of nodes 5
EtherApe-INFO: 09:36:28.744: New node: IP: 149.154.167.216. Number of nodes 6
EtherApe-INFO: 09:38:53.992: delete node: IP: 149.154.167.216. Number of nodes 5
EtherApe-INFO: 09:39:25.126: New node: IP: 192.168.1.1. Number of nodes 6
EtherApe-INFO: 09:39:25.127: New node: IP: 95.216.195.133. Number of nodes 7
EtherApe-INFO: 09:41:25.214: delete node: IP: 192.168.1.1. Number of nodes 6
EtherApe-INFO: 09:41:25.521: delete node: IP: 95.216.195.133. Number of nodes 5
EtherApe-INFO: 09:43:21.158: New node: IP: 195.85.215.215. Number of nodes 6
EtherApe-INFO: 09:44:24.902: New node: IP: 192.168.1.1. Number of nodes 7
EtherApe-INFO: 09:44:25.158: New node: IP: 95.216.195.133. Number of nodes 8
EtherApe-INFO: 09:44:49.990: New node: IP: 149.154.167.216. Number of nodes 9
EtherApe-INFO: 09:45:21.225: delete node: IP: 195.85.215.215. Number of nodes 8
EtherApe-INFO: 09:46:27.850: delete node: IP: 192.168.1.1. Number of nodes 7
EtherApe-INFO: 09:46:27.850: delete node: IP: 95.216.195.133. Number of nodes 6
EtherApe-INFO: 09:47:05.479: delete node: IP: 149.154.167.216. Number of nodes 5
EtherApe-INFO: 09:47:31.014: New node: IP: 149.154.167.216. Number of nodes 6
EtherApe-INFO: 09:49:24.934: New node: IP: 192.168.1.1. Number of nodes 7
EtherApe-INFO: 09:49:25.190: New node: IP: 95.216.195.133. Number of nodes 8
EtherApe-INFO: 09:49:46.714: delete node: IP: 149.154.167.216. Number of nodes 7
EtherApe-INFO: 09:51:25.329: delete node: IP: 192.168.1.1. Number of nodes 6
EtherApe-INFO: 09:51:25.329: delete node: IP: 95.216.195.133. Number of nodes 5
EtherApe-INFO: 09:53:13.799: New node: IP: 149.154.167.216. Number of nodes 6
EtherApe-INFO: 09:54:24.967: New node: IP: 192.168.1.1. Number of nodes 7
EtherApe-INFO: 09:54:25.222: New node: IP: 95.216.195.133. Number of nodes 8
EtherApe-INFO: 09:55:30.073: delete node: IP: 149.154.167.216. Number of nodes 7
EtherApe-INFO: 09:56:00.966: New node: IP: 149.154.167.216. Number of nodes 8
EtherApe-INFO: 09:56:27.100: delete node: IP: 192.168.1.1. Number of nodes 7
EtherApe-INFO: 09:56:27.101: delete node: IP: 95.216.195.133. Number of nodes 6
EtherApe-INFO: 09:59:24.998: New node: IP: 192.168.1.1. Number of nodes 7
EtherApe-INFO: 09:59:24.998: New node: IP: 95.216.195.133. Number of nodes 8
EtherApe-INFO: 10:00:20.303: delete node: IP: 149.154.167.50. Number of nodes 7
EtherApe-INFO: 10:01:25.594: delete node: IP: 192.168.1.1. Number of nodes 6
EtherApe-INFO: 10:01:25.594: delete node: IP: 95.216.195.133. Number of nodes 5
EtherApe-INFO: 10:02:31.651: delete node: IP: 149.154.167.216. Number of nodes 4
EtherApe-INFO: 10:04:25.031: New node: IP: 192.168.1.1. Number of nodes 5
EtherApe-INFO: 10:04:25.031: New node: IP: 95.216.195.133. Number of nodes 6
EtherApe-INFO: 10:06:26.632: delete node: IP: 192.168.1.1. Number of nodes 5
EtherApe-INFO: 10:06:26.632: delete node: IP: 95.216.195.133. Number of nodes 4
EtherApe-INFO: 10:09:25.062: New node: IP: 192.168.1.1. Number of nodes 5
EtherApe-INFO: 10:09:25.062: New node: IP: 95.216.195.133. Number of nodes 6
EtherApe-INFO: 10:09:51.942: New node: IP: 149.154.167.216. Number of nodes 7
EtherApe-INFO: 10:11:25.644: delete node: IP: 192.168.1.1. Number of nodes 6
EtherApe-INFO: 10:11:25.644: delete node: IP: 95.216.195.133. Number of nodes 5
EtherApe-INFO: 10:12:33.227: delete node: IP: 149.154.167.216. Number of nodes 4
EtherApe-INFO: 10:13:11.878: New node: IP: 149.154.167.216. Number of nodes 5
EtherApe-INFO: 10:14:25.094: New node: IP: 192.168.1.1. Number of nodes 6
EtherApe-INFO: 10:14:25.094: New node: IP: 95.216.195.133. Number of nodes 7
EtherApe-INFO: 10:16:28.514: delete node: IP: 192.168.1.1. Number of nodes 6
EtherApe-INFO: 10:16:28.514: delete node: IP: 95.216.195.133. Number of nodes 5
EtherApe-INFO: 10:17:22.832: delete node: IP: 149.154.167.216. Number of nodes 4
EtherApe-INFO: 10:17:29.414: New node: IP: 195.85.215.215. Number of nodes 5
EtherApe-INFO: 10:19:05.926: New node: IP: 149.154.167.255. Number of nodes 6
EtherApe-INFO: 10:19:25.126: New node: IP: 192.168.1.1. Number of nodes 7
EtherApe-INFO: 10:19:25.126: New node: IP: 95.216.195.133. Number of nodes 8
EtherApe-INFO: 10:19:31.824: delete node: IP: 195.85.215.215. Number of nodes 7
EtherApe-INFO: 10:20:50.886: New node: IP: 149.154.167.216. Number of nodes 8
EtherApe-INFO: 10:21:21.965: delete node: IP: 149.154.167.255. Number of nodes 7
EtherApe-INFO: 10:21:25.748: delete node: IP: 192.168.1.1. Number of nodes 6
EtherApe-INFO: 10:21:25.748: delete node: IP: 95.216.195.133. Number of nodes 5
EtherApe-INFO: 10:23:28.367: delete node: IP: 149.154.167.216. Number of nodes 4
EtherApe-INFO: 10:24:24.902: New node: IP: 192.168.1.1. Number of nodes 5
EtherApe-INFO: 10:24:25.158: New node: IP: 95.216.195.133. Number of nodes 6
EtherApe-INFO: 10:26:27.619: delete node: IP: 192.168.1.1. Number of nodes 5
EtherApe-INFO: 10:26:27.619: delete node: IP: 95.216.195.133. Number of nodes 4
EtherApe-INFO: 10:26:44.166: New node: IP: 149.154.167.216. Number of nodes 5
EtherApe-INFO: 10:29:24.934: New node: IP: 192.168.1.1. Number of nodes 6
EtherApe-INFO: 10:29:25.190: New node: IP: 95.216.195.133. Number of nodes 7
EtherApe-INFO: 10:31:25.352: delete node: IP: 192.168.1.1. Number of nodes 6
EtherApe-INFO: 10:31:25.352: delete node: IP: 95.216.195.133. Number of nodes 5
EtherApe-INFO: 10:32:18.329: delete node: IP: 149.154.167.216. Number of nodes 4
EtherApe-INFO: 10:32:52.038: New node: IP: 149.154.167.216. Number of nodes 5
EtherApe-INFO: 10:34:24.966: New node: IP: 192.168.1.1. Number of nodes 6
EtherApe-INFO: 10:34:25.223: New node: IP: 95.216.195.133. Number of nodes 7
EtherApe-INFO: 10:36:25.342: delete node: IP: 192.168.1.1. Number of nodes 6
EtherApe-INFO: 10:36:25.342: delete node: IP: 95.216.195.133. Number of nodes 5
EtherApe-INFO: 10:38:03.148: delete node: IP: 149.154.167.216. Number of nodes 4
EtherApe-INFO: 10:39:24.998: New node: IP: 192.168.1.1. Number of nodes 5
EtherApe-INFO: 10:39:24.998: New node: IP: 95.216.195.133. Number of nodes 6
EtherApe-INFO: 10:41:25.151: delete node: IP: 192.168.1.1. Number of nodes 5
EtherApe-INFO: 10:41:25.866: delete node: IP: 95.216.195.133. Number of nodes 4
EtherApe-INFO: 10:41:59.110: New node: IP: 149.154.167.216. Number of nodes 5
EtherApe-INFO: 10:44:14.567: delete node: IP: 149.154.167.216. Number of nodes 4
EtherApe-INFO: 10:44:25.030: New node: IP: 192.168.1.1. Number of nodes 5
EtherApe-INFO: 10:44:25.030: New node: IP: 95.216.195.133. Number of nodes 6
EtherApe-INFO: 10:46:06.663: New node: IP: 149.154.167.216. Number of nodes 7
EtherApe-INFO: 10:46:26.677: delete node: IP: 192.168.1.1. Number of nodes 6
EtherApe-INFO: 10:46:26.677: delete node: IP: 95.216.195.133. Number of nodes 5
EtherApe-INFO: 10:49:25.062: New node: IP: 192.168.1.1. Number of nodes 6
EtherApe-INFO: 10:49:25.063: New node: IP: 95.216.195.133. Number of nodes 7
EtherApe-INFO: 10:49:46.870: delete node: IP: 149.154.167.216. Number of nodes 6
EtherApe-INFO: 10:51:08.743: New node: IP: 149.154.167.216. Number of nodes 7
EtherApe-INFO: 10:51:25.453: delete node: IP: 192.168.1.1. Number of nodes 6
EtherApe-INFO: 10:51:25.453: delete node: IP: 95.216.195.133. Number of nodes 5
EtherApe-INFO: 10:51:37.670: New node: IP: 195.85.215.215. Number of nodes 6
EtherApe-INFO: 10:53:37.786: delete node: IP: 195.85.215.215. Number of nodes 5
EtherApe-INFO: 10:54:25.094: New node: IP: 192.168.1.1. Number of nodes 6
EtherApe-INFO: 10:54:25.094: New node: IP: 95.216.195.133. Number of nodes 7
EtherApe-INFO: 10:56:27.208: delete node: IP: 192.168.1.1. Number of nodes 6
EtherApe-INFO: 10:56:27.208: delete node: IP: 95.216.195.133. Number of nodes 5
EtherApe-INFO: 10:59:11.349: delete node: IP: 149.154.167.216. Number of nodes 4
EtherApe-INFO: 10:59:25.127: New node: IP: 192.168.1.1. Number of nodes 5
EtherApe-INFO: 10:59:25.127: New node: IP: 95.216.195.133. Number of nodes 6
EtherApe-INFO: 11:00:01.734: New node: IP: 149.154.167.216. Number of nodes 7
EtherApe-INFO: 11:01:26.056: delete node: IP: 192.168.1.1. Number of nodes 6
EtherApe-INFO: 11:01:26.056: delete node: IP: 95.216.195.133. Number of nodes 5
EtherApe-INFO: 11:02:35.093: delete node: IP: 149.154.167.216. Number of nodes 4
EtherApe-INFO: 11:03:09.894: New node: IP: 149.154.167.216. Number of nodes 5
EtherApe-INFO: 11:04:03.910: New node: IP: 149.154.167.255. Number of nodes 6
EtherApe-INFO: 11:04:24.902: New node: IP: 192.168.1.1. Number of nodes 7
EtherApe-INFO: 11:04:25.158: New node: IP: 95.216.195.133. Number of nodes 8
EtherApe-INFO: 11:06:20.164: delete node: IP: 149.154.167.255. Number of nodes 7
EtherApe-INFO: 11:06:26.088: delete node: IP: 192.168.1.1. Number of nodes 6
EtherApe-INFO: 11:06:26.088: delete node: IP: 95.216.195.133. Number of nodes 5
EtherApe-INFO: 11:07:24.395: delete node: IP: 149.154.167.216. Number of nodes 4
EtherApe-INFO: 11:08:05.830: New node: IP: 149.154.167.216. Number of nodes 5
EtherApe-INFO: 11:09:24.934: New node: IP: 192.168.1.1. Number of nodes 6
EtherApe-INFO: 11:09:25.191: New node: IP: 95.216.195.133. Number of nodes 7
EtherApe-INFO: 11:11:25.029: delete node: IP: 192.168.1.1. Number of nodes 6
EtherApe-INFO: 11:11:25.541: delete node: IP: 95.216.195.133. Number of nodes 5
EtherApe-INFO: 11:13:14.892: delete node: IP: 149.154.167.216. Number of nodes 4
EtherApe-INFO: 11:13:15.078: New node: IP: 149.154.167.216. Number of nodes 5
EtherApe-INFO: 11:14:24.967: New node: IP: 192.168.1.1. Number of nodes 6
EtherApe-INFO: 11:14:25.222: New node: IP: 95.216.195.133. Number of nodes 7
EtherApe-INFO: 11:15:30.810: delete node: IP: 149.154.167.216. Number of nodes 6
EtherApe-INFO: 11:16:25.336: delete node: IP: 192.168.1.1. Number of nodes 5
EtherApe-INFO: 11:16:25.336: delete node: IP: 95.216.195.133. Number of nodes 4
EtherApe-INFO: 11:19:24.999: New node: IP: 192.168.1.1. Number of nodes 5
EtherApe-INFO: 11:19:24.999: New node: IP: 95.216.195.133. Number of nodes 6
EtherApe-INFO: 11:21:25.846: delete node: IP: 192.168.1.1. Number of nodes 5
EtherApe-INFO: 11:21:25.846: delete node: IP: 95.216.195.133. Number of nodes 4
EtherApe-INFO: 11:24:25.030: New node: IP: 192.168.1.1. Number of nodes 5
EtherApe-INFO: 11:24:25.030: New node: IP: 95.216.195.133. Number of nodes 6
EtherApe-INFO: 11:24:29.383: New node: IP: 149.154.167.216. Number of nodes 7
EtherApe-INFO: 11:25:45.926: New node: IP: 195.85.215.215. Number of nodes 8
EtherApe-INFO: 11:26:25.125: delete node: IP: 192.168.1.1. Number of nodes 7
EtherApe-INFO: 11:26:25.432: delete node: IP: 95.216.195.133. Number of nodes 6
EtherApe-INFO: 11:26:58.886: New node: IP: 149.154.167.255. Number of nodes 7
EtherApe-INFO: 11:27:47.075: delete node: IP: 195.85.215.215. Number of nodes 6
EtherApe-INFO: 11:29:03.619: delete node: IP: 149.154.167.216. Number of nodes 5
EtherApe-INFO: 11:29:15.670: delete node: IP: 149.154.167.255. Number of nodes 4
EtherApe-INFO: 11:29:25.062: New node: IP: 192.168.1.1. Number of nodes 5
EtherApe-INFO: 11:29:25.063: New node: IP: 95.216.195.133. Number of nodes 6
EtherApe-INFO: 11:31:26.426: delete node: IP: 192.168.1.1. Number of nodes 5
EtherApe-INFO: 11:31:26.426: delete node: IP: 95.216.195.133. Number of nodes 4
EtherApe-INFO: 11:33:10.599: New node: IP: 149.154.167.216. Number of nodes 5
EtherApe-INFO: 11:34:25.094: New node: IP: 192.168.1.1. Number of nodes 6
EtherApe-INFO: 11:34:25.095: New node: IP: 95.216.195.133. Number of nodes 7
EtherApe-INFO: 11:36:26.486: delete node: IP: 192.168.1.1. Number of nodes 6
EtherApe-INFO: 11:36:26.486: delete node: IP: 95.216.195.133. Number of nodes 5
EtherApe-INFO: 11:38:32.687: delete node: IP: 149.154.167.216. Number of nodes 4
EtherApe-INFO: 11:39:25.126: New node: IP: 192.168.1.1. Number of nodes 5
EtherApe-INFO: 11:39:25.126: New node: IP: 95.216.195.133. Number of nodes 6
EtherApe-INFO: 11:41:27.520: delete node: IP: 192.168.1.1. Number of nodes 5
EtherApe-INFO: 11:41:27.520: delete node: IP: 95.216.195.133. Number of nodes 4
EtherApe-INFO: 11:44:24.902: New node: IP: 192.168.1.1. Number of nodes 5
EtherApe-INFO: 11:44:25.158: New node: IP: 95.216.195.133. Number of nodes 6
EtherApe-INFO: 11:45:41.703: New node: IP: 149.154.167.216. Number of nodes 7
EtherApe-INFO: 11:46:27.866: delete node: IP: 192.168.1.1. Number of nodes 6
EtherApe-INFO: 11:46:27.866: delete node: IP: 95.216.195.133. Number of nodes 5
EtherApe-INFO: 11:49:24.934: New node: IP: 192.168.1.1. Number of nodes 6
EtherApe-INFO: 11:49:25.191: New node: IP: 95.216.195.133. Number of nodes 7
EtherApe-INFO: 11:49:42.623: delete node: IP: 149.154.167.216. Number of nodes 6
EtherApe-INFO: 11:51:25.804: delete node: IP: 192.168.1.1. Number of nodes 5
EtherApe-INFO: 11:51:25.804: delete node: IP: 95.216.195.133. Number of nodes 4
EtherApe-INFO: 11:53:37.863: New node: IP: 149.154.167.216. Number of nodes 5
EtherApe-INFO: 11:54:24.966: New node: IP: 192.168.1.1. Number of nodes 6
EtherApe-INFO: 11:54:25.222: New node: IP: 95.216.195.133. Number of nodes 7
EtherApe-INFO: 11:56:26.084: delete node: IP: 192.168.1.1. Number of nodes 6
EtherApe-INFO: 11:56:26.084: delete node: IP: 95.216.195.133. Number of nodes 5
EtherApe-INFO: 11:56:58.647: delete node: IP: 149.154.167.216. Number of nodes 4
EtherApe-INFO: 11:59:24.998: New node: IP: 192.168.1.1. Number of nodes 5
EtherApe-INFO: 11:59:24.998: New node: IP: 95.216.195.133. Number of nodes 6
EtherApe-INFO: 11:59:54.183: New node: IP: 195.85.215.215. Number of nodes 7
EtherApe-INFO: 12:00:13.894: New node: IP: 149.154.167.216. Number of nodes 8
EtherApe-INFO: 12:01:25.653: delete node: IP: 192.168.1.1. Number of nodes 7
EtherApe-INFO: 12:01:25.653: delete node: IP: 95.216.195.133. Number of nodes 6
EtherApe-INFO: 12:01:56.322: delete node: IP: 195.85.215.215. Number of nodes 5
EtherApe-INFO: 12:04:25.030: New node: IP: 192.168.1.1. Number of nodes 6
EtherApe-INFO: 12:04:25.030: New node: IP: 95.216.195.133. Number of nodes 7
EtherApe-INFO: 12:06:28.774: delete node: IP: 192.168.1.1. Number of nodes 6
EtherApe-INFO: 12:06:28.775: delete node: IP: 95.216.195.133. Number of nodes 5
EtherApe-INFO: 12:07:21.689: delete node: IP: 149.154.167.216. Number of nodes 4
EtherApe-INFO: 12:07:23.718: New node: IP: 149.154.167.216. Number of nodes 5
EtherApe-INFO: 12:09:25.062: New node: IP: 192.168.1.1. Number of nodes 6
EtherApe-INFO: 12:09:25.062: New node: IP: 95.216.195.133. Number of nodes 7
EtherApe-INFO: 12:10:11.455: delete node: IP: 149.154.167.216. Number of nodes 6
EtherApe-INFO: 12:10:35.718: New node: IP: 149.154.167.216. Number of nodes 7
EtherApe-INFO: 12:11:26.222: delete node: IP: 192.168.1.1. Number of nodes 6
EtherApe-INFO: 12:11:26.222: delete node: IP: 95.216.195.133. Number of nodes 5
EtherApe-INFO: 12:12:52.190: delete node: IP: 149.154.167.216. Number of nodes 4
EtherApe-INFO: 12:13:12.903: New node: IP: 149.154.167.216. Number of nodes 5
EtherApe-INFO: 12:14:25.094: New node: IP: 192.168.1.1. Number of nodes 6
EtherApe-INFO: 12:14:25.094: New node: IP: 95.216.195.133. Number of nodes 7
EtherApe-INFO: 12:15:28.610: delete node: IP: 149.154.167.216. Number of nodes 6
EtherApe-INFO: 12:16:13.894: New node: IP: 149.154.167.216. Number of nodes 7
EtherApe-INFO: 12:16:27.027: delete node: IP: 192.168.1.1. Number of nodes 6
EtherApe-INFO: 12:16:27.027: delete node: IP: 95.216.195.133. Number of nodes 5
EtherApe-INFO: 12:18:29.356: delete node: IP: 149.154.167.216. Number of nodes 4
EtherApe-INFO: 12:19:25.126: New node: IP: 192.168.1.1. Number of nodes 5
EtherApe-INFO: 12:19:25.126: New node: IP: 95.216.195.133. Number of nodes 6
EtherApe-INFO: 12:21:26.548: delete node: IP: 192.168.1.1. Number of nodes 5
EtherApe-INFO: 12:21:26.548: delete node: IP: 95.216.195.133. Number of nodes 4
EtherApe-INFO: 12:23:40.872: New node: IP: 149.154.167.216. Number of nodes 5
EtherApe-INFO: 12:24:24.902: New node: IP: 192.168.1.1. Number of nodes 6
EtherApe-INFO: 12:24:25.158: New node: IP: 95.216.195.133. Number of nodes 7
EtherApe-INFO: 12:26:25.815: delete node: IP: 192.168.1.1. Number of nodes 6
EtherApe-INFO: 12:26:25.815: delete node: IP: 95.216.195.133. Number of nodes 5
EtherApe-INFO: 12:26:38.791: New node: IP: 149.154.167.255. Number of nodes 6
EtherApe-INFO: 12:29:25.110: New node: IP: 192.168.1.1. Number of nodes 7
EtherApe-INFO: 12:29:25.111: New node: IP: 95.216.195.133. Number of nodes 8
EtherApe-INFO: 12:31:26.230: delete node: IP: 192.168.1.1. Number of nodes 7
EtherApe-INFO: 12:31:26.230: delete node: IP: 95.216.195.133. Number of nodes 6
EtherApe-INFO: 12:33:07.846: New node: IP: 140.82.121.6. Number of nodes 7
EtherApe-INFO: 12:33:33.703: New node: IP: 1.1.1.1. Number of nodes 8
EtherApe-INFO: 12:33:33.704: New node: IP: 89.187.191.12. Number of nodes 9
EtherApe-INFO: 12:33:33.960: New node: IP: 3.127.160.74. Number of nodes 10
EtherApe-INFO: 12:34:02.376: New node: IP: 195.85.215.215. Number of nodes 11
EtherApe-INFO: 12:34:18.062: delete node: IP: 149.154.167.255. Number of nodes 10
EtherApe-INFO: 12:34:24.906: New node: IP: 192.168.1.1. Number of nodes 11
EtherApe-INFO: 12:34:25.160: New node: IP: 95.216.195.133. Number of nodes 12
EtherApe-INFO: 12:35:02.278: New node: IP: 95.216.144.15. Number of nodes 13
EtherApe-INFO: 12:35:34.362: delete node: IP: 1.1.1.1. Number of nodes 12
EtherApe-INFO: 12:35:42.057: delete node: IP: 3.127.160.74. Number of nodes 11
EtherApe-INFO: 12:36:03.996: delete node: IP: 195.85.215.215. Number of nodes 10
EtherApe-INFO: 12:36:25.283: delete node: IP: 192.168.1.1. Number of nodes 9
EtherApe-INFO: 12:36:27.839: delete node: IP: 95.216.195.133. Number of nodes 8
EtherApe-INFO: 12:37:02.614: delete node: IP: 95.216.144.15. Number of nodes 7
EtherApe-INFO: 12:37:02.614: delete node: IP: 89.187.191.12. Number of nodes 6
EtherApe-INFO: 12:37:09.562: delete node: IP: 140.82.121.6. Number of nodes 5
EtherApe-INFO: 12:37:48.726: delete node: IP: 149.154.167.216. Number of nodes 4
EtherApe-INFO: 12:39:24.934: New node: IP: 192.168.1.1. Number of nodes 5
EtherApe-INFO: 12:39:25.190: New node: IP: 95.216.195.133. Number of nodes 6
EtherApe-INFO: 12:39:28.518: New node: IP: 149.154.167.216. Number of nodes 7
EtherApe-INFO: 12:41:25.830: delete node: IP: 192.168.1.1. Number of nodes 6
EtherApe-INFO: 12:41:25.830: delete node: IP: 95.216.195.133. Number of nodes 5
EtherApe-INFO: 12:44:24.967: New node: IP: 192.168.1.1. Number of nodes 6
EtherApe-INFO: 12:44:25.223: New node: IP: 95.216.195.133. Number of nodes 7
EtherApe-INFO: 12:45:38.012: delete node: IP: 149.154.167.216. Number of nodes 6
EtherApe-INFO: 12:46:25.304: delete node: IP: 192.168.1.1. Number of nodes 5
EtherApe-INFO: 12:46:25.304: delete node: IP: 95.216.195.133. Number of nodes 4
EtherApe-INFO: 12:46:41.158: New node: IP: 149.154.167.216. Number of nodes 5
EtherApe-INFO: 12:49:24.999: New node: IP: 192.168.1.1. Number of nodes 6
EtherApe-INFO: 12:49:24.999: New node: IP: 95.216.195.133. Number of nodes 7
EtherApe-INFO: 12:51:25.382: delete node: IP: 192.168.1.1. Number of nodes 6
EtherApe-INFO: 12:51:25.382: delete node: IP: 95.216.195.133. Number of nodes 5
EtherApe-INFO: 12:52:24.297: delete node: IP: 149.154.167.216. Number of nodes 4
EtherApe-INFO: 12:54:25.031: New node: IP: 192.168.1.1. Number of nodes 5
EtherApe-INFO: 12:54:25.032: New node: IP: 95.216.195.133. Number of nodes 6
EtherApe-INFO: 12:56:18.951: New node: IP: 149.154.167.216. Number of nodes 7
EtherApe-INFO: 12:56:25.446: delete node: IP: 192.168.1.1. Number of nodes 6
EtherApe-INFO: 12:56:25.446: delete node: IP: 95.216.195.133. Number of nodes 5
EtherApe-INFO: 12:58:34.642: delete node: IP: 149.154.167.216. Number of nodes 4
EtherApe-INFO: 12:58:55.878: New node: IP: 149.154.167.216. Number of nodes 5
EtherApe-INFO: 12:59:25.062: New node: IP: 192.168.1.1. Number of nodes 6
EtherApe-INFO: 12:59:25.062: New node: IP: 95.216.195.133. Number of nodes 7
EtherApe-INFO: 13:01:25.425: delete node: IP: 192.168.1.1. Number of nodes 6
EtherApe-INFO: 13:01:25.425: delete node: IP: 95.216.195.133. Number of nodes 5
EtherApe-INFO: 13:04:25.094: New node: IP: 192.168.1.1. Number of nodes 6
EtherApe-INFO: 13:04:25.094: New node: IP: 95.216.195.133. Number of nodes 7
EtherApe-INFO: 13:06:25.204: delete node: IP: 192.168.1.1. Number of nodes 6
EtherApe-INFO: 13:06:28.063: delete node: IP: 95.216.195.133. Number of nodes 5
EtherApe-INFO: 13:08:10.630: New node: IP: 195.85.215.215. Number of nodes 6
EtherApe-INFO: 13:09:25.126: New node: IP: 192.168.1.1. Number of nodes 7
EtherApe-INFO: 13:09:25.126: New node: IP: 95.216.195.133. Number of nodes 8
EtherApe-INFO: 13:10:13.002: delete node: IP: 195.85.215.215. Number of nodes 7
EtherApe-INFO: 13:11:08.118: delete node: IP: 149.154.167.216. Number of nodes 6
EtherApe-INFO: 13:11:25.290: delete node: IP: 192.168.1.1. Number of nodes 5
EtherApe-INFO: 13:11:25.801: delete node: IP: 95.216.195.133. Number of nodes 4
EtherApe-INFO: 13:12:54.022: New node: IP: 149.154.167.216. Number of nodes 5
EtherApe-INFO: 13:14:24.902: New node: IP: 192.168.1.1. Number of nodes 6
EtherApe-INFO: 13:14:25.158: New node: IP: 95.216.195.133. Number of nodes 7
EtherApe-INFO: 13:16:27.547: delete node: IP: 192.168.1.1. Number of nodes 6
EtherApe-INFO: 13:16:27.548: delete node: IP: 95.216.195.133. Number of nodes 5
EtherApe-INFO: 13:17:19.263: delete node: IP: 149.154.167.216. Number of nodes 4
EtherApe-INFO: 13:19:24.934: New node: IP: 192.168.1.1. Number of nodes 5
EtherApe-INFO: 13:19:25.190: New node: IP: 95.216.195.133. Number of nodes 6
EtherApe-INFO: 13:21:18.087: New node: IP: 149.154.167.216. Number of nodes 7
EtherApe-INFO: 13:21:26.305: delete node: IP: 192.168.1.1. Number of nodes 6
EtherApe-INFO: 13:21:26.305: delete node: IP: 95.216.195.133. Number of nodes 5
EtherApe-INFO: 13:24:24.967: New node: IP: 192.168.1.1. Number of nodes 6
EtherApe-INFO: 13:24:25.222: New node: IP: 95.216.195.133. Number of nodes 7
EtherApe-INFO: 13:25:07.562: delete node: IP: 149.154.167.216. Number of nodes 6
EtherApe-INFO: 13:25:47.398: New node: IP: 149.154.167.216. Number of nodes 7
EtherApe-INFO: 13:26:29.398: delete node: IP: 192.168.1.1. Number of nodes 6
EtherApe-INFO: 13:26:29.398: delete node: IP: 95.216.195.133. Number of nodes 5
EtherApe-INFO: 13:29:24.998: New node: IP: 192.168.1.1. Number of nodes 6
EtherApe-INFO: 13:29:24.998: New node: IP: 95.216.195.133. Number of nodes 7
EtherApe-INFO: 13:30:26.516: delete node: IP: 149.154.167.216. Number of nodes 6
EtherApe-INFO: 13:31:26.869: delete node: IP: 192.168.1.1. Number of nodes 5
EtherApe-INFO: 13:31:26.869: delete node: IP: 95.216.195.133. Number of nodes 4
EtherApe-INFO: 13:33:15.654: New node: IP: 149.154.167.216. Number of nodes 5
EtherApe-INFO: 13:34:25.030: New node: IP: 192.168.1.1. Number of nodes 6
EtherApe-INFO: 13:34:25.030: New node: IP: 95.216.195.133. Number of nodes 7
EtherApe-INFO: 13:35:30.829: delete node: IP: 149.154.167.216. Number of nodes 6
EtherApe-INFO: 13:36:25.875: delete node: IP: 192.168.1.1. Number of nodes 5
EtherApe-INFO: 13:36:25.875: delete node: IP: 95.216.195.133. Number of nodes 4
EtherApe-INFO: 13:37:23.975: New node: IP: 149.154.167.216. Number of nodes 5
EtherApe-INFO: 13:39:25.062: New node: IP: 192.168.1.1. Number of nodes 6
EtherApe-INFO: 13:39:25.062: New node: IP: 95.216.195.133. Number of nodes 7
EtherApe-INFO: 13:41:25.205: delete node: IP: 192.168.1.1. Number of nodes 6
EtherApe-INFO: 13:41:25.410: delete node: IP: 95.216.195.133. Number of nodes 5
EtherApe-INFO: 13:42:18.886: New node: IP: 195.85.215.215. Number of nodes 6
EtherApe-INFO: 13:44:19.017: delete node: IP: 195.85.215.215. Number of nodes 5
EtherApe-INFO: 13:44:25.095: New node: IP: 192.168.1.1. Number of nodes 6
EtherApe-INFO: 13:44:25.095: New node: IP: 95.216.195.133. Number of nodes 7
EtherApe-INFO: 13:46:30.057: delete node: IP: 192.168.1.1. Number of nodes 6
EtherApe-INFO: 13:46:30.057: delete node: IP: 95.216.195.133. Number of nodes 5
EtherApe-INFO: 13:47:21.577: delete node: IP: 149.154.167.216. Number of nodes 4
EtherApe-INFO: 13:49:25.127: New node: IP: 192.168.1.1. Number of nodes 5
EtherApe-INFO: 13:49:25.127: New node: IP: 95.216.195.133. Number of nodes 6
EtherApe-INFO: 13:50:20.935: New node: IP: 149.154.167.216. Number of nodes 7
EtherApe-INFO: 13:51:25.284: delete node: IP: 192.168.1.1. Number of nodes 6
EtherApe-INFO: 13:51:27.842: delete node: IP: 95.216.195.133. Number of nodes 5
EtherApe-INFO: 13:54:24.903: New node: IP: 192.168.1.1. Number of nodes 6
EtherApe-INFO: 13:54:25.158: New node: IP: 95.216.195.133. Number of nodes 7
EtherApe-INFO: 13:55:24.888: delete node: IP: 149.154.167.216. Number of nodes 6
EtherApe-INFO: 13:56:26.055: delete node: IP: 192.168.1.1. Number of nodes 5
EtherApe-INFO: 13:56:26.056: delete node: IP: 95.216.195.133. Number of nodes 4
EtherApe-INFO: 13:56:42.886: New node: IP: 149.154.167.50. Number of nodes 5
EtherApe-INFO: 13:59:24.934: New node: IP: 192.168.1.1. Number of nodes 6
EtherApe-INFO: 13:59:25.190: New node: IP: 95.216.195.133. Number of nodes 7
EtherApe-INFO: 14:00:12.038: New node: IP: 149.154.167.216. Number of nodes 8
EtherApe-INFO: 14:01:25.590: delete node: IP: 192.168.1.1. Number of nodes 7
EtherApe-INFO: 14:01:25.590: delete node: IP: 95.216.195.133. Number of nodes 6
EtherApe-INFO: 14:04:24.966: New node: IP: 192.168.1.1. Number of nodes 7
EtherApe-INFO: 14:04:25.222: New node: IP: 95.216.195.133. Number of nodes 8
EtherApe-INFO: 14:06:25.364: delete node: IP: 192.168.1.1. Number of nodes 7
EtherApe-INFO: 14:06:25.364: delete node: IP: 95.216.195.133. Number of nodes 6
EtherApe-INFO: 14:07:42.854: New node: IP: 149.154.167.255. Number of nodes 7
EtherApe-INFO: 14:08:24.859: delete node: IP: 149.154.167.216. Number of nodes 6
EtherApe-INFO: 14:09:24.998: New node: IP: 192.168.1.1. Number of nodes 7
EtherApe-INFO: 14:09:24.998: New node: IP: 95.216.195.133. Number of nodes 8
EtherApe-INFO: 14:09:58.813: delete node: IP: 149.154.167.255. Number of nodes 7
EtherApe-INFO: 14:11:01.766: New node: IP: 149.154.167.216. Number of nodes 8
EtherApe-INFO: 14:11:25.900: delete node: IP: 192.168.1.1. Number of nodes 7
EtherApe-INFO: 14:11:25.900: delete node: IP: 95.216.195.133. Number of nodes 6
EtherApe-INFO: 14:14:25.030: New node: IP: 192.168.1.1. Number of nodes 7
EtherApe-INFO: 14:14:25.030: New node: IP: 95.216.195.133. Number of nodes 8
EtherApe-INFO: 14:16:21.866: delete node: IP: 149.154.167.216. Number of nodes 7
EtherApe-INFO: 14:16:27.142: New node: IP: 195.85.215.215. Number of nodes 8
EtherApe-INFO: 14:16:27.177: delete node: IP: 192.168.1.1. Number of nodes 7
EtherApe-INFO: 14:16:27.177: delete node: IP: 95.216.195.133. Number of nodes 6
EtherApe-INFO: 14:17:15.014: New node: IP: 149.154.167.216. Number of nodes 7
EtherApe-INFO: 14:18:27.818: delete node: IP: 195.85.215.215. Number of nodes 6
EtherApe-INFO: 14:19:25.062: New node: IP: 192.168.1.1. Number of nodes 7
EtherApe-INFO: 14:19:25.062: New node: IP: 95.216.195.133. Number of nodes 8
EtherApe-INFO: 14:20:12.934: New node: IP: 149.154.167.255. Number of nodes 9
EtherApe-INFO: 14:21:25.202: delete node: IP: 192.168.1.1. Number of nodes 8
EtherApe-INFO: 14:21:25.407: delete node: IP: 95.216.195.133. Number of nodes 7
EtherApe-INFO: 14:21:31.543: delete node: IP: 149.154.167.216. Number of nodes 6
EtherApe-INFO: 14:22:29.712: delete node: IP: 149.154.167.255. Number of nodes 5
EtherApe-INFO: 14:23:09.831: New node: IP: 149.154.167.216. Number of nodes 6
EtherApe-INFO: 14:24:25.094: New node: IP: 192.168.1.1. Number of nodes 7
EtherApe-INFO: 14:24:25.095: New node: IP: 95.216.195.133. Number of nodes 8
EtherApe-INFO: 14:26:25.240: delete node: IP: 192.168.1.1. Number of nodes 7
EtherApe-INFO: 14:26:25.753: delete node: IP: 95.216.195.133. Number of nodes 6
EtherApe-INFO: 14:27:43.299: delete node: IP: 149.154.167.216. Number of nodes 5
EtherApe-INFO: 14:29:25.126: New node: IP: 192.168.1.1. Number of nodes 6
EtherApe-INFO: 14:29:25.127: New node: IP: 95.216.195.133. Number of nodes 7
EtherApe-INFO: 14:30:03.789: New node: IP: 149.154.167.216. Number of nodes 8
EtherApe-INFO: 14:31:25.219: delete node: IP: 192.168.1.1. Number of nodes 7
EtherApe-INFO: 14:31:27.058: delete node: IP: 95.216.195.133. Number of nodes 6
EtherApe-INFO: 14:33:56.239: delete node: IP: 149.154.167.216. Number of nodes 5
EtherApe-INFO: 14:34:12.614: New node: IP: 149.154.167.216. Number of nodes 6
EtherApe-INFO: 14:34:24.902: New node: IP: 192.168.1.1. Number of nodes 7
EtherApe-INFO: 14:34:25.158: New node: IP: 95.216.195.133. Number of nodes 8
EtherApe-INFO: 14:36:25.226: delete node: IP: 192.168.1.1. Number of nodes 7
EtherApe-INFO: 14:36:26.045: delete node: IP: 95.216.195.133. Number of nodes 6
EtherApe-INFO: 14:36:49.847: delete node: IP: 149.154.167.216. Number of nodes 5
EtherApe-INFO: 14:38:04.038: New node: IP: 149.154.167.216. Number of nodes 6
EtherApe-INFO: 14:39:24.934: New node: IP: 192.168.1.1. Number of nodes 7
EtherApe-INFO: 14:39:25.191: New node: IP: 95.216.195.133. Number of nodes 8
EtherApe-INFO: 14:41:26.575: delete node: IP: 192.168.1.1. Number of nodes 7
EtherApe-INFO: 14:41:26.575: delete node: IP: 95.216.195.133. Number of nodes 6
EtherApe-INFO: 14:41:44.040: delete node: IP: 149.154.167.216. Number of nodes 5
EtherApe-INFO: 14:44:24.966: New node: IP: 192.168.1.1. Number of nodes 6
EtherApe-INFO: 14:44:25.223: New node: IP: 95.216.195.133. Number of nodes 7
EtherApe-INFO: 14:46:26.571: delete node: IP: 192.168.1.1. Number of nodes 6
EtherApe-INFO: 14:46:26.571: delete node: IP: 95.216.195.133. Number of nodes 5
EtherApe-INFO: 14:49:24.999: New node: IP: 192.168.1.1. Number of nodes 6
EtherApe-INFO: 14:49:25.000: New node: IP: 95.216.195.133. Number of nodes 7
EtherApe-INFO: 14:50:35.398: New node: IP: 195.85.215.215. Number of nodes 8
EtherApe-INFO: 14:51:25.587: delete node: IP: 192.168.1.1. Number of nodes 7
EtherApe-INFO: 14:51:25.587: delete node: IP: 95.216.195.133. Number of nodes 6
EtherApe-INFO: 14:52:38.366: delete node: IP: 195.85.215.215. Number of nodes 5
EtherApe-INFO: 14:53:16.934: New node: IP: 149.154.167.216. Number of nodes 6
EtherApe-INFO: 14:54:25.030: New node: IP: 192.168.1.1. Number of nodes 7
EtherApe-INFO: 14:54:25.031: New node: IP: 95.216.195.133. Number of nodes 8
EtherApe-INFO: 14:56:25.946: delete node: IP: 192.168.1.1. Number of nodes 7
EtherApe-INFO: 14:56:25.946: delete node: IP: 95.216.195.133. Number of nodes 6
EtherApe-INFO: 14:57:25.020: delete node: IP: 149.154.167.216. Number of nodes 5
EtherApe-INFO: 14:57:59.814: New node: IP: 149.154.167.216. Number of nodes 6
EtherApe-INFO: 14:59:25.062: New node: IP: 192.168.1.1. Number of nodes 7
EtherApe-INFO: 14:59:25.063: New node: IP: 95.216.195.133. Number of nodes 8
EtherApe-INFO: 15:01:28.034: delete node: IP: 192.168.1.1. Number of nodes 7
EtherApe-INFO: 15:01:28.034: delete node: IP: 95.216.195.133. Number of nodes 6
EtherApe-INFO: 15:02:32.489: delete node: IP: 149.154.167.216. Number of nodes 5
EtherApe-INFO: 15:02:44.998: New node: IP: 149.154.167.216. Number of nodes 6
EtherApe-INFO: 15:04:25.094: New node: IP: 192.168.1.1. Number of nodes 7
EtherApe-INFO: 15:04:25.095: New node: IP: 95.216.195.133. Number of nodes 8
EtherApe-INFO: 15:06:25.943: delete node: IP: 192.168.1.1. Number of nodes 7
EtherApe-INFO: 15:06:25.943: delete node: IP: 95.216.195.133. Number of nodes 6
EtherApe-INFO: 15:07:18.751: delete node: IP: 149.154.167.216. Number of nodes 5
EtherApe-INFO: 15:08:09.094: New node: IP: 149.154.167.216. Number of nodes 6
EtherApe-INFO: 15:09:25.126: New node: IP: 192.168.1.1. Number of nodes 7
EtherApe-INFO: 15:09:25.127: New node: IP: 95.216.195.133. Number of nodes 8
EtherApe-INFO: 15:11:25.781: delete node: IP: 192.168.1.1. Number of nodes 7
EtherApe-INFO: 15:11:25.781: delete node: IP: 95.216.195.133. Number of nodes 6
EtherApe-INFO: 15:14:24.902: New node: IP: 192.168.1.1. Number of nodes 7
EtherApe-INFO: 15:14:25.159: New node: IP: 95.216.195.133. Number of nodes 8
EtherApe-INFO: 15:15:24.819: delete node: IP: 149.154.167.216. Number of nodes 7
EtherApe-INFO: 15:16:16.775: New node: IP: 149.154.167.216. Number of nodes 8
EtherApe-INFO: 15:16:26.256: delete node: IP: 192.168.1.1. Number of nodes 7
EtherApe-INFO: 15:16:26.256: delete node: IP: 95.216.195.133. Number of nodes 6
EtherApe-INFO: 15:19:24.934: New node: IP: 192.168.1.1. Number of nodes 7
EtherApe-INFO: 15:19:25.191: New node: IP: 95.216.195.133. Number of nodes 8
EtherApe-INFO: 15:21:25.802: delete node: IP: 192.168.1.1. Number of nodes 7
EtherApe-INFO: 15:21:25.803: delete node: IP: 95.216.195.133. Number of nodes 6
EtherApe-INFO: 15:22:31.890: delete node: IP: 149.154.167.216. Number of nodes 5
EtherApe-INFO: 15:23:10.982: New node: IP: 149.154.167.216. Number of nodes 6
EtherApe-INFO: 15:24:24.967: New node: IP: 192.168.1.1. Number of nodes 7
EtherApe-INFO: 15:24:25.222: New node: IP: 95.216.195.133. Number of nodes 8
EtherApe-INFO: 15:24:43.654: New node: IP: 195.85.215.215. Number of nodes 9
EtherApe-INFO: 15:26:25.119: delete node: IP: 192.168.1.1. Number of nodes 8
EtherApe-INFO: 15:26:26.142: delete node: IP: 95.216.195.133. Number of nodes 7
EtherApe-INFO: 15:26:44.046: delete node: IP: 195.85.215.215. Number of nodes 6
EtherApe-INFO: 15:29:24.998: New node: IP: 192.168.1.1. Number of nodes 7
EtherApe-INFO: 15:29:24.998: New node: IP: 95.216.195.133. Number of nodes 8
EtherApe-INFO: 15:30:24.470: delete node: IP: 149.154.167.216. Number of nodes 7
EtherApe-INFO: 15:31:21.734: New node: IP: 149.154.167.216. Number of nodes 8
EtherApe-INFO: 15:31:25.901: delete node: IP: 192.168.1.1. Number of nodes 7
EtherApe-INFO: 15:31:25.901: delete node: IP: 95.216.195.133. Number of nodes 6
EtherApe-INFO: 15:34:25.030: New node: IP: 192.168.1.1. Number of nodes 7
EtherApe-INFO: 15:34:25.030: New node: IP: 95.216.195.133. Number of nodes 8
EtherApe-INFO: 15:36:26.165: delete node: IP: 192.168.1.1. Number of nodes 7
EtherApe-INFO: 15:36:26.165: delete node: IP: 95.216.195.133. Number of nodes 6
EtherApe-INFO: 15:38:27.780: delete node: IP: 149.154.167.216. Number of nodes 5
EtherApe-INFO: 15:39:25.063: New node: IP: 192.168.1.1. Number of nodes 6
EtherApe-INFO: 15:39:25.063: New node: IP: 95.216.195.133. Number of nodes 7
EtherApe-INFO: 15:40:08.070: New node: IP: 149.154.167.216. Number of nodes 8
EtherApe-INFO: 15:41:25.130: delete node: IP: 192.168.1.1. Number of nodes 7
EtherApe-INFO: 15:41:28.806: delete node: IP: 95.216.195.133. Number of nodes 6
EtherApe-INFO: 15:42:23.764: delete node: IP: 149.154.167.216. Number of nodes 5
EtherApe-INFO: 15:42:37.318: New node: IP: 149.154.167.216. Number of nodes 6
EtherApe-INFO: 15:44:25.095: New node: IP: 192.168.1.1. Number of nodes 7
EtherApe-INFO: 15:44:25.095: New node: IP: 95.216.195.133. Number of nodes 8
EtherApe-INFO: 15:45:23.518: delete node: IP: 149.154.167.216. Number of nodes 7
EtherApe-INFO: 15:46:06.982: New node: IP: 149.154.167.216. Number of nodes 8
EtherApe-INFO: 15:46:26.786: delete node: IP: 192.168.1.1. Number of nodes 7
EtherApe-INFO: 15:46:26.786: delete node: IP: 95.216.195.133. Number of nodes 6
EtherApe-INFO: 15:48:22.699: delete node: IP: 149.154.167.216. Number of nodes 5
EtherApe-INFO: 15:49:04.902: New node: IP: 149.154.167.216. Number of nodes 6
EtherApe-INFO: 15:49:25.126: New node: IP: 192.168.1.1. Number of nodes 7
EtherApe-INFO: 15:49:25.126: New node: IP: 95.216.195.133. Number of nodes 8
EtherApe-INFO: 15:51:25.030: delete node: IP: 192.168.1.1. Number of nodes 7
EtherApe-INFO: 15:51:25.540: delete node: IP: 95.216.195.133. Number of nodes 6
EtherApe-INFO: 15:54:25.158: New node: IP: 192.168.1.1. Number of nodes 7
EtherApe-INFO: 15:54:25.158: New node: IP: 95.216.195.133. Number of nodes 8
EtherApe-INFO: 15:56:26.843: delete node: IP: 192.168.1.1. Number of nodes 7
EtherApe-INFO: 15:56:26.843: delete node: IP: 95.216.195.133. Number of nodes 6
EtherApe-INFO: 15:57:08.824: delete node: IP: 149.154.167.216. Number of nodes 5
EtherApe-INFO: 15:57:20.007: New node: IP: 149.154.167.216. Number of nodes 6
EtherApe-INFO: 15:58:51.910: New node: IP: 195.85.215.215. Number of nodes 7
EtherApe-INFO: 15:59:24.935: New node: IP: 192.168.1.1. Number of nodes 8
EtherApe-INFO: 15:59:25.190: New node: IP: 95.216.195.133. Number of nodes 9
EtherApe-INFO: 15:59:35.754: delete node: IP: 149.154.167.216. Number of nodes 8
EtherApe-INFO: 16:00:52.316: delete node: IP: 195.85.215.215. Number of nodes 7
EtherApe-INFO: 16:01:10.919: New node: IP: 149.154.167.216. Number of nodes 8
EtherApe-INFO: 16:01:25.051: delete node: IP: 192.168.1.1. Number of nodes 7
EtherApe-INFO: 16:01:26.280: delete node: IP: 95.216.195.133. Number of nodes 6
EtherApe-INFO: 16:04:24.966: New node: IP: 192.168.1.1. Number of nodes 7
EtherApe-INFO: 16:04:25.222: New node: IP: 95.216.195.133. Number of nodes 8
EtherApe-INFO: 16:06:26.111: delete node: IP: 192.168.1.1. Number of nodes 7
EtherApe-INFO: 16:06:26.111: delete node: IP: 95.216.195.133. Number of nodes 6
EtherApe-INFO: 16:09:24.998: New node: IP: 192.168.1.1. Number of nodes 7
EtherApe-INFO: 16:09:24.999: New node: IP: 95.216.195.133. Number of nodes 8
EtherApe-INFO: 16:09:59.362: delete node: IP: 149.154.167.216. Number of nodes 7
EtherApe-INFO: 16:10:02.886: New node: IP: 149.154.167.216. Number of nodes 8
EtherApe-INFO: 16:11:28.428: delete node: IP: 192.168.1.1. Number of nodes 7
EtherApe-INFO: 16:11:28.428: delete node: IP: 95.216.195.133. Number of nodes 6
EtherApe-INFO: 16:12:18.885: delete node: IP: 149.154.167.216. Number of nodes 5
EtherApe-INFO: 16:13:16.935: New node: IP: 149.154.167.216. Number of nodes 6
EtherApe-INFO: 16:14:25.030: New node: IP: 192.168.1.1. Number of nodes 7
EtherApe-INFO: 16:14:25.030: New node: IP: 95.216.195.133. Number of nodes 8
EtherApe-INFO: 16:16:25.916: delete node: IP: 192.168.1.1. Number of nodes 7
EtherApe-INFO: 16:16:25.916: delete node: IP: 95.216.195.133. Number of nodes 6
EtherApe-INFO: 16:17:27.612: delete node: IP: 149.154.167.216. Number of nodes 5
EtherApe-INFO: 16:19:25.062: New node: IP: 192.168.1.1. Number of nodes 6
EtherApe-INFO: 16:19:25.062: New node: IP: 95.216.195.133. Number of nodes 7
EtherApe-INFO: 16:21:18.982: New node: IP: 149.154.167.216. Number of nodes 8
EtherApe-INFO: 16:21:27.711: delete node: IP: 192.168.1.1. Number of nodes 7
EtherApe-INFO: 16:21:27.711: delete node: IP: 95.216.195.133. Number of nodes 6
EtherApe-INFO: 16:23:44.666: delete node: IP: 149.154.167.216. Number of nodes 5
EtherApe-INFO: 16:24:05.127: New node: IP: 149.154.167.216. Number of nodes 6
EtherApe-INFO: 16:24:25.094: New node: IP: 192.168.1.1. Number of nodes 7
EtherApe-INFO: 16:24:25.094: New node: IP: 95.216.195.133. Number of nodes 8
EtherApe-INFO: 16:26:26.196: delete node: IP: 192.168.1.1. Number of nodes 7
EtherApe-INFO: 16:26:26.197: delete node: IP: 95.216.195.133. Number of nodes 6
EtherApe-INFO: 16:29:25.126: New node: IP: 192.168.1.1. Number of nodes 7
EtherApe-INFO: 16:29:25.126: New node: IP: 95.216.195.133. Number of nodes 8
EtherApe-INFO: 16:29:39.719: New node: IP: 1.1.1.1. Number of nodes 9
EtherApe-INFO: 16:31:25.279: delete node: IP: 192.168.1.1. Number of nodes 8
EtherApe-INFO: 16:31:25.484: delete node: IP: 95.216.195.133. Number of nodes 7
EtherApe-INFO: 16:31:39.809: delete node: IP: 1.1.1.1. Number of nodes 6
EtherApe-INFO: 16:33:00.166: New node: IP: 195.85.215.215. Number of nodes 7
EtherApe-INFO: 16:34:25.158: New node: IP: 192.168.1.1. Number of nodes 8
EtherApe-INFO: 16:34:25.158: New node: IP: 95.216.195.133. Number of nodes 9
EtherApe-INFO: 16:34:37.497: delete node: IP: 149.154.167.216. Number of nodes 8
EtherApe-INFO: 16:35:00.838: delete node: IP: 195.85.215.215. Number of nodes 7
EtherApe-INFO: 16:35:12.776: New node: IP: 149.154.167.216. Number of nodes 8
EtherApe-INFO: 16:36:26.013: delete node: IP: 192.168.1.1. Number of nodes 7
EtherApe-INFO: 16:36:26.013: delete node: IP: 95.216.195.133. Number of nodes 6
EtherApe-INFO: 16:39:15.800: delete node: IP: 149.154.167.216. Number of nodes 5
EtherApe-INFO: 16:39:24.934: New node: IP: 192.168.1.1. Number of nodes 6
EtherApe-INFO: 16:39:25.190: New node: IP: 95.216.195.133. Number of nodes 7
EtherApe-INFO: 16:41:25.308: delete node: IP: 192.168.1.1. Number of nodes 6
EtherApe-INFO: 16:41:25.513: delete node: IP: 95.216.195.133. Number of nodes 5
EtherApe-INFO: 16:42:15.942: New node: IP: 149.154.167.216. Number of nodes 6
EtherApe-INFO: 16:44:24.967: New node: IP: 192.168.1.1. Number of nodes 7
EtherApe-INFO: 16:44:25.222: New node: IP: 95.216.195.133. Number of nodes 8
EtherApe-INFO: 16:44:32.406: delete node: IP: 149.154.167.216. Number of nodes 7
EtherApe-INFO: 16:46:25.354: delete node: IP: 192.168.1.1. Number of nodes 6
EtherApe-INFO: 16:46:25.354: delete node: IP: 95.216.195.133. Number of nodes 5
EtherApe-INFO: 16:48:14.342: New node: IP: 149.154.167.216. Number of nodes 6
EtherApe-INFO: 16:49:24.998: New node: IP: 192.168.1.1. Number of nodes 7
EtherApe-INFO: 16:49:24.998: New node: IP: 95.216.195.133. Number of nodes 8
EtherApe-INFO: 16:51:25.612: delete node: IP: 192.168.1.1. Number of nodes 7
EtherApe-INFO: 16:51:25.612: delete node: IP: 95.216.195.133. Number of nodes 6
EtherApe-INFO: 16:54:25.030: New node: IP: 192.168.1.1. Number of nodes 7
EtherApe-INFO: 16:54:25.031: New node: IP: 95.216.195.133. Number of nodes 8
EtherApe-INFO: 16:56:25.687: delete node: IP: 192.168.1.1. Number of nodes 7
EtherApe-INFO: 16:56:25.687: delete node: IP: 149.154.167.216. Number of nodes 6
EtherApe-INFO: 16:56:25.687: delete node: IP: 95.216.195.133. Number of nodes 5
EtherApe-INFO: 16:58:10.310: New node: IP: 149.154.167.216. Number of nodes 6
EtherApe-INFO: 16:59:25.062: New node: IP: 192.168.1.1. Number of nodes 7
EtherApe-INFO: 16:59:25.062: New node: IP: 95.216.195.133. Number of nodes 8
EtherApe-INFO: 17:01:06.950: New node: IP: 149.154.167.255. Number of nodes 9
EtherApe-INFO: 17:01:25.201: delete node: IP: 192.168.1.1. Number of nodes 8
EtherApe-INFO: 17:01:25.713: delete node: IP: 95.216.195.133. Number of nodes 7
EtherApe-INFO: 17:03:22.444: delete node: IP: 149.154.167.255. Number of nodes 6
EtherApe-INFO: 17:04:25.094: New node: IP: 192.168.1.1. Number of nodes 7
EtherApe-INFO: 17:04:25.094: New node: IP: 95.216.195.133. Number of nodes 8
EtherApe-INFO: 17:06:27.303: delete node: IP: 192.168.1.1. Number of nodes 7
EtherApe-INFO: 17:06:27.304: delete node: IP: 95.216.195.133. Number of nodes 6
EtherApe-INFO: 17:07:08.422: New node: IP: 195.85.215.215. Number of nodes 7
EtherApe-INFO: 17:09:08.537: delete node: IP: 195.85.215.215. Number of nodes 6
EtherApe-INFO: 17:09:25.126: New node: IP: 192.168.1.1. Number of nodes 7
EtherApe-INFO: 17:09:25.126: New node: IP: 95.216.195.133. Number of nodes 8
EtherApe-INFO: 17:11:27.014: delete node: IP: 192.168.1.1. Number of nodes 7
EtherApe-INFO: 17:11:27.014: delete node: IP: 95.216.195.133. Number of nodes 6
EtherApe-INFO: 17:12:39.203: delete node: IP: 149.154.167.216. Number of nodes 5
EtherApe-INFO: 17:13:02.215: New node: IP: 149.154.167.216. Number of nodes 6
EtherApe-INFO: 17:14:25.158: New node: IP: 192.168.1.1. Number of nodes 7
EtherApe-INFO: 17:14:25.159: New node: IP: 95.216.195.133. Number of nodes 8
EtherApe-INFO: 17:16:25.238: delete node: IP: 192.168.1.1. Number of nodes 7
EtherApe-INFO: 17:16:27.081: delete node: IP: 95.216.195.133. Number of nodes 6
EtherApe-INFO: 17:19:24.934: New node: IP: 192.168.1.1. Number of nodes 7
EtherApe-INFO: 17:19:25.190: New node: IP: 95.216.195.133. Number of nodes 8
EtherApe-INFO: 17:21:25.054: delete node: IP: 192.168.1.1. Number of nodes 7
EtherApe-INFO: 17:21:28.427: delete node: IP: 95.216.195.133. Number of nodes 6
EtherApe-INFO: 17:24:24.967: New node: IP: 192.168.1.1. Number of nodes 7
EtherApe-INFO: 17:24:25.222: New node: IP: 95.216.195.133. Number of nodes 8
EtherApe-INFO: 17:26:25.049: delete node: IP: 192.168.1.1. Number of nodes 7
EtherApe-INFO: 17:26:27.911: delete node: IP: 95.216.195.133. Number of nodes 6
EtherApe-INFO: 17:29:24.999: New node: IP: 192.168.1.1. Number of nodes 7
EtherApe-INFO: 17:29:25.000: New node: IP: 95.216.195.133. Number of nodes 8
EtherApe-INFO: 17:31:27.179: delete node: IP: 192.168.1.1. Number of nodes 7
EtherApe-INFO: 17:31:27.179: delete node: IP: 95.216.195.133. Number of nodes 6
EtherApe-INFO: 17:33:12.839: delete node: IP: 149.154.167.216. Number of nodes 5
EtherApe-INFO: 17:34:11.462: New node: IP: 149.154.167.216. Number of nodes 6
EtherApe-INFO: 17:34:25.031: New node: IP: 192.168.1.1. Number of nodes 7
EtherApe-INFO: 17:34:25.032: New node: IP: 95.216.195.133. Number of nodes 8
EtherApe-INFO: 17:36:26.475: delete node: IP: 192.168.1.1. Number of nodes 7
EtherApe-INFO: 17:36:26.475: delete node: IP: 95.216.195.133. Number of nodes 6
EtherApe-INFO: 17:37:19.392: delete node: IP: 149.154.167.216. Number of nodes 5
EtherApe-INFO: 17:39:25.063: New node: IP: 192.168.1.1. Number of nodes 6
EtherApe-INFO: 17:39:25.063: New node: IP: 95.216.195.133. Number of nodes 7
EtherApe-INFO: 17:40:30.086: New node: IP: 149.154.167.216. Number of nodes 8
EtherApe-INFO: 17:41:16.678: New node: IP: 195.85.215.215. Number of nodes 9
EtherApe-INFO: 17:41:25.475: delete node: IP: 192.168.1.1. Number of nodes 8
EtherApe-INFO: 17:41:25.475: delete node: IP: 95.216.195.133. Number of nodes 7
EtherApe-INFO: 17:42:45.774: delete node: IP: 149.154.167.216. Number of nodes 6
EtherApe-INFO: 17:43:06.758: New node: IP: 149.154.167.216. Number of nodes 7
EtherApe-INFO: 17:43:16.763: delete node: IP: 195.85.215.215. Number of nodes 6
EtherApe-INFO: 17:44:25.094: New node: IP: 192.168.1.1. Number of nodes 7
EtherApe-INFO: 17:44:25.094: New node: IP: 95.216.195.133. Number of nodes 8
EtherApe-INFO: 17:45:22.232: delete node: IP: 149.154.167.216. Number of nodes 7
EtherApe-INFO: 17:45:30.630: New node: IP: 149.154.167.216. Number of nodes 8
EtherApe-INFO: 17:46:25.489: delete node: IP: 192.168.1.1. Number of nodes 7
EtherApe-INFO: 17:46:25.490: delete node: IP: 95.216.195.133. Number of nodes 6
EtherApe-INFO: 17:49:25.126: New node: IP: 192.168.1.1. Number of nodes 7
EtherApe-INFO: 17:49:25.127: New node: IP: 95.216.195.133. Number of nodes 8
EtherApe-INFO: 17:51:25.460: delete node: IP: 192.168.1.1. Number of nodes 7
EtherApe-INFO: 17:51:25.460: delete node: IP: 95.216.195.133. Number of nodes 6
EtherApe-INFO: 17:53:33.862: New node: IP: 149.154.167.255. Number of nodes 7
EtherApe-INFO: 17:54:25.039: New node: IP: 192.168.1.1. Number of nodes 8
EtherApe-INFO: 17:54:25.040: New node: IP: 95.216.195.133. Number of nodes 9
EtherApe-INFO: 17:54:27.854: New node: IP: 149.154.175.57. Number of nodes 10
EtherApe-INFO: 17:54:28.111: New node: IP: 149.154.175.54. Number of nodes 11
EtherApe-INFO: 17:56:25.129: delete node: IP: 192.168.1.1. Number of nodes 10
EtherApe-INFO: 17:56:25.437: delete node: IP: 95.216.195.133. Number of nodes 9
EtherApe-INFO: 17:56:28.510: delete node: IP: 149.154.175.54. Number of nodes 8
EtherApe-INFO: 17:56:46.948: delete node: IP: 149.154.175.57. Number of nodes 7
EtherApe-INFO: 17:59:25.070: New node: IP: 192.168.1.1. Number of nodes 8
EtherApe-INFO: 17:59:25.070: New node: IP: 95.216.195.133. Number of nodes 9
EtherApe-INFO: 18:00:48.791: delete node: IP: 149.154.167.255. Number of nodes 8
EtherApe-INFO: 18:00:53.134: New node: IP: 89.187.191.12. Number of nodes 9
EtherApe-INFO: 18:00:53.135: New node: IP: 3.127.160.74. Number of nodes 10
EtherApe-INFO: 18:01:25.911: delete node: IP: 192.168.1.1. Number of nodes 9
EtherApe-INFO: 18:01:25.911: delete node: IP: 95.216.195.133. Number of nodes 8
EtherApe-INFO: 18:04:25.002: New node: IP: 192.168.1.1. Number of nodes 9
EtherApe-INFO: 18:04:25.004: New node: IP: 95.216.195.133. Number of nodes 10
EtherApe-INFO: 18:04:56.309: delete node: IP: 3.127.160.74. Number of nodes 9
EtherApe-INFO: 18:05:43.915: delete node: IP: 149.154.167.216. Number of nodes 8
EtherApe-INFO: 18:06:25.128: delete node: IP: 192.168.1.1. Number of nodes 7
EtherApe-INFO: 18:06:25.333: delete node: IP: 95.216.195.133. Number of nodes 6
EtherApe-INFO: 18:07:33.928: New node: IP: 149.154.167.216. Number of nodes 7
EtherApe-INFO: 18:09:25.033: New node: IP: 192.168.1.1. Number of nodes 8
EtherApe-INFO: 18:09:25.035: New node: IP: 95.216.195.133. Number of nodes 9
EtherApe-INFO: 18:09:49.136: delete node: IP: 149.154.167.216. Number of nodes 8
EtherApe-INFO: 18:10:04.966: New node: IP: 149.154.167.216. Number of nodes 9
EtherApe-INFO: 18:10:06.504: New node: IP: 3.127.160.74. Number of nodes 10
EtherApe-INFO: 18:11:25.110: delete node: IP: 192.168.1.1. Number of nodes 9
EtherApe-INFO: 18:11:25.418: delete node: IP: 95.216.195.133. Number of nodes 8
EtherApe-INFO: 18:11:36.078: New node: IP: 95.216.144.15. Number of nodes 9
EtherApe-INFO: 18:12:21.672: delete node: IP: 149.154.167.216. Number of nodes 8
EtherApe-INFO: 18:13:14.894: New node: IP: 149.154.167.216. Number of nodes 9
EtherApe-INFO: 18:13:32.063: delete node: IP: 3.127.160.74. Number of nodes 8
EtherApe-INFO: 18:13:38.203: delete node: IP: 95.216.144.15. Number of nodes 7
EtherApe-INFO: 18:13:38.203: delete node: IP: 89.187.191.12. Number of nodes 6
EtherApe-INFO: 18:14:25.038: New node: IP: 192.168.1.1. Number of nodes 7
EtherApe-INFO: 18:14:25.295: New node: IP: 95.216.195.133. Number of nodes 8
EtherApe-INFO: 18:15:24.942: New node: IP: 195.85.215.215. Number of nodes 9
EtherApe-INFO: 18:16:25.412: delete node: IP: 192.168.1.1. Number of nodes 8
EtherApe-INFO: 18:16:25.617: delete node: IP: 95.216.195.133. Number of nodes 7
EtherApe-INFO: 18:17:02.266: delete node: IP: 149.154.167.216. Number of nodes 6
EtherApe-INFO: 18:17:25.029: delete node: IP: 195.85.215.215. Number of nodes 5
EtherApe-INFO: 18:19:25.071: New node: IP: 192.168.1.1. Number of nodes 6
EtherApe-INFO: 18:19:25.326: New node: IP: 95.216.195.133. Number of nodes 7
EtherApe-INFO: 18:21:27.443: delete node: IP: 192.168.1.1. Number of nodes 6
EtherApe-INFO: 18:21:27.443: delete node: IP: 95.216.195.133. Number of nodes 5
EtherApe-INFO: 18:21:34.350: New node: IP: 35.155.169.38. Number of nodes 6
EtherApe-INFO: 18:22:00.974: New node: IP: 149.154.167.216. Number of nodes 7
