(etherape:2209): GLib-GIO-DEBUG: 00:37:59.989: _g_io_module_get_default: Found default implementation local (GLocalVfs) for ‘gio-vfs’
(etherape:2209): GLib-GIO-DEBUG: 00:38:00.322: Using cross-namespace EXTERNAL authentication (this will deadlock if server is GDBus < 2.73.3)
EtherApe-INFO: 00:38:00.384: sctp protocol not supported
EtherApe-INFO: 00:38:00.384: dccp protocol not supported
EtherApe-INFO: 00:38:00.384: sctp protocol not supported
EtherApe-INFO: 00:38:00.384: sctp protocol not supported
EtherApe-INFO: 00:38:00.384: sctp protocol not supported
EtherApe-INFO: 00:38:00.384: sctp protocol not supported
EtherApe-INFO: 00:38:00.384: sctp protocol not supported
EtherApe-INFO: 00:38:00.384: sctp protocol not supported
EtherApe-INFO: 00:38:00.384: sctp protocol not supported
EtherApe-INFO: 00:38:00.384: dccp protocol not supported
EtherApe-INFO: 00:38:00.384: sctp protocol not supported
EtherApe-INFO: 00:38:00.384: dccp protocol not supported
EtherApe-INFO: 00:38:00.384: dccp protocol not supported
EtherApe-INFO: 00:38:00.384: sctp protocol not supported
EtherApe-INFO: 00:38:00.385: sctp protocol not supported
EtherApe-INFO: 00:38:00.385: sctp protocol not supported
EtherApe-INFO: 00:38:00.385: sctp protocol not supported
EtherApe-INFO: 00:38:00.385: sctp protocol not supported
EtherApe-INFO: 00:38:00.386: sctp protocol not supported
EtherApe-INFO: 00:38:00.386: sctp protocol not supported
EtherApe-INFO: 00:38:00.386: sctp protocol not supported
EtherApe-INFO: 00:38:00.386: sctp protocol not supported
EtherApe-INFO: 00:38:00.386: sctp protocol not supported
EtherApe-INFO: 00:38:00.387: sctp protocol not supported
EtherApe-INFO: 00:38:00.387: sctp protocol not supported
EtherApe-INFO: 00:38:00.387: sctp protocol not supported
EtherApe-INFO: 00:38:00.387: sctp protocol not supported
EtherApe-INFO: 00:38:00.387: sctp protocol not supported
EtherApe-INFO: 00:38:00.387: dccp protocol not supported
EtherApe-INFO: 00:38:00.387: sctp protocol not supported
EtherApe-INFO: 00:38:00.387: sctp protocol not supported
EtherApe-INFO: 00:38:00.387: dccp protocol not supported
EtherApe-INFO: 00:38:00.387: sctp protocol not supported
EtherApe-INFO: 00:38:00.387: sctp protocol not supported
EtherApe-INFO: 00:38:00.387: sctp protocol not supported
EtherApe-INFO: 00:38:00.387: dccp protocol not supported
EtherApe-INFO: 00:38:00.387: dccp protocol not supported
EtherApe-INFO: 00:38:00.387: sctp protocol not supported
EtherApe-INFO: 00:38:00.387: sctp protocol not supported
EtherApe-INFO: 00:38:00.387: sctp protocol not supported
EtherApe-INFO: 00:38:00.387: sctp protocol not supported
EtherApe-INFO: 00:38:00.387: sctp protocol not supported
EtherApe-INFO: 00:38:00.388: sctp protocol not supported
EtherApe-INFO: 00:38:00.388: sctp protocol not supported
EtherApe-INFO: 00:38:00.388: sctp protocol not supported
EtherApe-INFO: 00:38:00.388: sctp protocol not supported
EtherApe-INFO: 00:38:00.388: sctp protocol not supported
EtherApe-INFO: 00:38:00.388: sctp protocol not supported
EtherApe-INFO: 00:38:00.388: sctp protocol not supported
EtherApe-INFO: 00:38:00.388: sctp protocol not supported
EtherApe-INFO: 00:38:00.388: sctp protocol not supported
EtherApe-INFO: 00:38:00.388: sctp protocol not supported
EtherApe-INFO: 00:38:00.388: sctp protocol not supported
EtherApe-INFO: 00:38:00.388: sctp protocol not supported
EtherApe-INFO: 00:38:00.388: sctp protocol not supported
EtherApe-INFO: 00:38:00.388: sctp protocol not supported
EtherApe-INFO: 00:38:00.388: sctp protocol not supported
EtherApe-INFO: 00:38:00.388: dccp protocol not supported
EtherApe-INFO: 00:38:00.388: sctp protocol not supported
EtherApe-INFO: 00:38:00.388: sctp protocol not supported
EtherApe-INFO: 00:38:00.388: sctp protocol not supported
EtherApe-INFO: 00:38:00.388: sctp protocol not supported
EtherApe-INFO: 00:38:00.388: sctp protocol not supported
EtherApe-INFO: 00:38:00.388: sctp protocol not supported
EtherApe-INFO: 00:38:00.388: sctp protocol not supported
EtherApe-INFO: 00:38:00.388: sctp protocol not supported
EtherApe-INFO: 00:38:00.388: sctp protocol not supported
EtherApe-INFO: 00:38:00.388: sctp protocol not supported
EtherApe-INFO: 00:38:00.389: sctp protocol not supported
EtherApe-INFO: 00:38:00.389: sctp protocol not supported
EtherApe-INFO: 00:38:00.389: sctp protocol not supported
EtherApe-INFO: 00:38:00.389: sctp protocol not supported
EtherApe-INFO: 00:38:00.389: sctp protocol not supported
EtherApe-INFO: 00:38:00.389: sctp protocol not supported
EtherApe-INFO: 00:38:00.389: sctp protocol not supported
EtherApe-INFO: 00:38:00.389: sctp protocol not supported
EtherApe-INFO: 00:38:00.389: sctp protocol not supported
EtherApe-INFO: 00:38:00.389: sctp protocol not supported
EtherApe-INFO: 00:38:00.389: sctp protocol not supported
EtherApe-INFO: 00:38:00.389: sctp protocol not supported
EtherApe-INFO: 00:38:00.389: sctp protocol not supported
EtherApe-INFO: 00:38:00.389: sctp protocol not supported
EtherApe-INFO: 00:38:00.389: sctp protocol not supported
EtherApe-INFO: 00:38:00.389: sctp protocol not supported
EtherApe-INFO: 00:38:00.389: sctp protocol not supported
EtherApe-INFO: 00:38:00.389: sctp protocol not supported
EtherApe-INFO: 00:38:00.389: sctp protocol not supported
EtherApe-INFO: 00:38:00.389: sctp protocol not supported
EtherApe-INFO: 00:38:00.389: sctp protocol not supported
EtherApe-INFO: 00:38:00.389: sctp protocol not supported
EtherApe-INFO: 00:38:00.389: sctp protocol not supported
EtherApe-INFO: 00:38:00.389: sctp protocol not supported
EtherApe-INFO: 00:38:00.389: sctp protocol not supported
EtherApe-INFO: 00:38:00.389: sctp protocol not supported
EtherApe-INFO: 00:38:00.389: sctp protocol not supported
EtherApe-INFO: 00:38:00.389: sctp protocol not supported
EtherApe-INFO: 00:38:00.448: get_interface result: ''
EtherApe-INFO: 00:38:00.448: Available interfaces for capture: dbus-session dbus-system nfqueue nflog bluetooth-monitor enp7s0 lo any
EtherApe-INFO: 00:38:00.449: Link type is LINUX_SLL
EtherApe-INFO: 00:38:00.449: Diagram started
EtherApe-INFO: 00:38:00.981: New node: IP: 127.0.0.1. Number of nodes 1
EtherApe-INFO: 00:38:18.581: New node: IP: 0.0.0.0. Number of nodes 2
EtherApe-INFO: 00:38:18.581: New node: IP: 255.255.255.255. Number of nodes 3
EtherApe-INFO: 00:38:30.048: New node: IP: 192.168.1.1. Number of nodes 4
EtherApe-INFO: 00:38:30.048: New node: IP: 192.168.1.255. Number of nodes 5
EtherApe-INFO: 00:39:20.982: New node: IP: 192.168.1.199. Number of nodes 6
EtherApe-INFO: 00:39:21.248: New node: IP: 224.0.0.22. Number of nodes 7
EtherApe-INFO: 00:39:21.251: New node: IP: 224.0.0.251. Number of nodes 8
EtherApe-INFO: 00:39:21.787: New node: IP: 149.154.167.41. Number of nodes 9
EtherApe-INFO: 00:39:21.787: New node: IP: 149.154.167.50. Number of nodes 10
EtherApe-INFO: 00:39:23.114: New node: IP: 239.255.255.250. Number of nodes 11
EtherApe-INFO: 00:39:28.981: New node: IP: 149.154.175.100. Number of nodes 12
EtherApe-INFO: 00:39:36.989: New node: IP: 149.154.167.91. Number of nodes 13
EtherApe-INFO: 00:39:36.989: New node: IP: 149.154.167.92. Number of nodes 14
EtherApe-INFO: 00:39:44.985: New node: IP: 91.108.56.188. Number of nodes 15
EtherApe-INFO: 00:39:44.985: New node: IP: 91.108.56.145. Number of nodes 16
EtherApe-INFO: 00:39:52.981: New node: IP: 149.154.175.57. Number of nodes 17
EtherApe-INFO: 00:39:52.981: New node: IP: 149.154.175.50. Number of nodes 18
EtherApe-INFO: 00:39:52.982: New node: IP: 149.154.175.54. Number of nodes 19
EtherApe-INFO: 00:40:31.956: delete node: IP: 192.168.1.255. Number of nodes 18
EtherApe-INFO: 00:41:21.041: delete node: IP: 255.255.255.255. Number of nodes 17
EtherApe-INFO: 00:41:21.041: delete node: IP: 127.0.0.1. Number of nodes 16
EtherApe-INFO: 00:41:21.041: delete node: IP: 0.0.0.0. Number of nodes 15
EtherApe-INFO: 00:41:21.875: delete node: IP: 224.0.0.22. Number of nodes 14
EtherApe-INFO: 00:41:29.791: delete node: IP: 224.0.0.251. Number of nodes 13
EtherApe-INFO: 00:43:03.915: New node: IP: 192.168.1.255. Number of nodes 14
EtherApe-INFO: 00:44:25.514: New node: IP: 224.0.0.251. Number of nodes 15
EtherApe-INFO: 00:45:58.314: New node: IP: 0.0.0.0. Number of nodes 16
EtherApe-INFO: 00:45:58.314: New node: IP: 255.255.255.255. Number of nodes 17
EtherApe-INFO: 00:46:41.872: delete node: IP: 192.168.1.255. Number of nodes 16
EtherApe-INFO: 00:46:43.443: delete node: IP: 224.0.0.251. Number of nodes 15
EtherApe-INFO: 00:47:58.611: delete node: IP: 255.255.255.255. Number of nodes 14
EtherApe-INFO: 00:47:58.611: delete node: IP: 0.0.0.0. Number of nodes 13
EtherApe-INFO: 00:50:02.048: New node: IP: 224.0.0.251. Number of nodes 14
EtherApe-INFO: 00:50:02.314: New node: IP: 127.0.0.1. Number of nodes 15
EtherApe-INFO: 00:50:07.114: New node: IP: 0.0.0.0. Number of nodes 16
EtherApe-INFO: 00:50:07.114: New node: IP: 255.255.255.255. Number of nodes 17
EtherApe-INFO: 00:50:10.314: New node: IP: 224.0.0.22. Number of nodes 18
EtherApe-INFO: 00:52:09.866: delete node: IP: 127.0.0.1. Number of nodes 17
EtherApe-INFO: 00:52:10.592: delete node: IP: 255.255.255.255. Number of nodes 16
EtherApe-INFO: 00:52:10.593: delete node: IP: 0.0.0.0. Number of nodes 15
EtherApe-INFO: 00:52:10.905: delete node: IP: 224.0.0.22. Number of nodes 14
EtherApe-INFO: 00:52:18.639: delete node: IP: 224.0.0.251. Number of nodes 13
EtherApe-INFO: 00:54:05.247: New node: IP: 8.8.8.8. Number of nodes 14
