(etherape:6739): GLib-GIO-DEBUG: 21:00:58.996: _g_io_module_get_default: Found default implementation local (GLocalVfs) for ‘gio-vfs’
(etherape:6739): GLib-GIO-DEBUG: 21:00:59.171: Using cross-namespace EXTERNAL authentication (this will deadlock if server is GDBus < 2.73.3)
EtherApe-INFO: 21:00:59.283: sctp protocol not supported
EtherApe-INFO: 21:00:59.283: dccp protocol not supported
EtherApe-INFO: 21:00:59.283: sctp protocol not supported
EtherApe-INFO: 21:00:59.283: sctp protocol not supported
EtherApe-INFO: 21:00:59.283: sctp protocol not supported
EtherApe-INFO: 21:00:59.283: sctp protocol not supported
EtherApe-INFO: 21:00:59.284: sctp protocol not supported
EtherApe-INFO: 21:00:59.284: sctp protocol not supported
EtherApe-INFO: 21:00:59.285: sctp protocol not supported
EtherApe-INFO: 21:00:59.285: dccp protocol not supported
EtherApe-INFO: 21:00:59.285: sctp protocol not supported
EtherApe-INFO: 21:00:59.285: dccp protocol not supported
EtherApe-INFO: 21:00:59.285: dccp protocol not supported
EtherApe-INFO: 21:00:59.286: sctp protocol not supported
EtherApe-INFO: 21:00:59.286: sctp protocol not supported
EtherApe-INFO: 21:00:59.287: sctp protocol not supported
EtherApe-INFO: 21:00:59.288: sctp protocol not supported
EtherApe-INFO: 21:00:59.288: sctp protocol not supported
EtherApe-INFO: 21:00:59.290: sctp protocol not supported
EtherApe-INFO: 21:00:59.290: sctp protocol not supported
EtherApe-INFO: 21:00:59.290: sctp protocol not supported
EtherApe-INFO: 21:00:59.291: sctp protocol not supported
EtherApe-INFO: 21:00:59.291: sctp protocol not supported
EtherApe-INFO: 21:00:59.292: sctp protocol not supported
EtherApe-INFO: 21:00:59.293: sctp protocol not supported
EtherApe-INFO: 21:00:59.294: sctp protocol not supported
EtherApe-INFO: 21:00:59.294: sctp protocol not supported
EtherApe-INFO: 21:00:59.295: sctp protocol not supported
EtherApe-INFO: 21:00:59.295: dccp protocol not supported
EtherApe-INFO: 21:00:59.295: sctp protocol not supported
EtherApe-INFO: 21:00:59.295: sctp protocol not supported
EtherApe-INFO: 21:00:59.295: dccp protocol not supported
EtherApe-INFO: 21:00:59.296: sctp protocol not supported
EtherApe-INFO: 21:00:59.296: sctp protocol not supported
EtherApe-INFO: 21:00:59.296: sctp protocol not supported
EtherApe-INFO: 21:00:59.296: dccp protocol not supported
EtherApe-INFO: 21:00:59.296: dccp protocol not supported
EtherApe-INFO: 21:00:59.296: sctp protocol not supported
EtherApe-INFO: 21:00:59.296: sctp protocol not supported
EtherApe-INFO: 21:00:59.296: sctp protocol not supported
EtherApe-INFO: 21:00:59.296: sctp protocol not supported
EtherApe-INFO: 21:00:59.297: sctp protocol not supported
EtherApe-INFO: 21:00:59.297: sctp protocol not supported
EtherApe-INFO: 21:00:59.297: sctp protocol not supported
EtherApe-INFO: 21:00:59.297: sctp protocol not supported
EtherApe-INFO: 21:00:59.298: sctp protocol not supported
EtherApe-INFO: 21:00:59.298: sctp protocol not supported
EtherApe-INFO: 21:00:59.298: sctp protocol not supported
EtherApe-INFO: 21:00:59.298: sctp protocol not supported
EtherApe-INFO: 21:00:59.298: sctp protocol not supported
EtherApe-INFO: 21:00:59.298: sctp protocol not supported
EtherApe-INFO: 21:00:59.298: sctp protocol not supported
EtherApe-INFO: 21:00:59.298: sctp protocol not supported
EtherApe-INFO: 21:00:59.298: sctp protocol not supported
EtherApe-INFO: 21:00:59.298: sctp protocol not supported
EtherApe-INFO: 21:00:59.298: sctp protocol not supported
EtherApe-INFO: 21:00:59.298: sctp protocol not supported
EtherApe-INFO: 21:00:59.299: dccp protocol not supported
EtherApe-INFO: 21:00:59.299: sctp protocol not supported
EtherApe-INFO: 21:00:59.299: sctp protocol not supported
EtherApe-INFO: 21:00:59.299: sctp protocol not supported
EtherApe-INFO: 21:00:59.299: sctp protocol not supported
EtherApe-INFO: 21:00:59.299: sctp protocol not supported
EtherApe-INFO: 21:00:59.300: sctp protocol not supported
EtherApe-INFO: 21:00:59.300: sctp protocol not supported
EtherApe-INFO: 21:00:59.300: sctp protocol not supported
EtherApe-INFO: 21:00:59.300: sctp protocol not supported
EtherApe-INFO: 21:00:59.301: sctp protocol not supported
EtherApe-INFO: 21:00:59.301: sctp protocol not supported
EtherApe-INFO: 21:00:59.301: sctp protocol not supported
EtherApe-INFO: 21:00:59.301: sctp protocol not supported
EtherApe-INFO: 21:00:59.301: sctp protocol not supported
EtherApe-INFO: 21:00:59.302: sctp protocol not supported
EtherApe-INFO: 21:00:59.302: sctp protocol not supported
EtherApe-INFO: 21:00:59.302: sctp protocol not supported
EtherApe-INFO: 21:00:59.302: sctp protocol not supported
EtherApe-INFO: 21:00:59.302: sctp protocol not supported
EtherApe-INFO: 21:00:59.303: sctp protocol not supported
EtherApe-INFO: 21:00:59.303: sctp protocol not supported
EtherApe-INFO: 21:00:59.303: sctp protocol not supported
EtherApe-INFO: 21:00:59.303: sctp protocol not supported
EtherApe-INFO: 21:00:59.303: sctp protocol not supported
EtherApe-INFO: 21:00:59.303: sctp protocol not supported
EtherApe-INFO: 21:00:59.303: sctp protocol not supported
EtherApe-INFO: 21:00:59.303: sctp protocol not supported
EtherApe-INFO: 21:00:59.303: sctp protocol not supported
EtherApe-INFO: 21:00:59.303: sctp protocol not supported
EtherApe-INFO: 21:00:59.303: sctp protocol not supported
EtherApe-INFO: 21:00:59.303: sctp protocol not supported
EtherApe-INFO: 21:00:59.303: sctp protocol not supported
EtherApe-INFO: 21:00:59.303: sctp protocol not supported
EtherApe-INFO: 21:00:59.304: sctp protocol not supported
EtherApe-INFO: 21:00:59.304: sctp protocol not supported
EtherApe-INFO: 21:00:59.304: sctp protocol not supported
EtherApe-INFO: 21:00:59.330: get_interface result: ''
EtherApe-INFO: 21:00:59.331: Available interfaces for capture: dbus-session dbus-system nfqueue nflog bluetooth-monitor bluetooth0 lo any wlp2s0
EtherApe-INFO: 21:00:59.332: Link type is LINUX_SLL
EtherApe-INFO: 21:00:59.334: Diagram started
EtherApe-INFO: 21:00:59.595: New node: IP: 87.245.216.107. Number of nodes 1
EtherApe-INFO: 21:00:59.595: New node: IP: 192.168.1.249. Number of nodes 2
EtherApe-INFO: 21:00:59.605: New node: IP: 93.184.220.29. Number of nodes 3
EtherApe-INFO: 21:00:59.605: New node: IP: 185.226.144.91. Number of nodes 4
EtherApe-INFO: 21:00:59.865: New node: IP: 142.250.203.131. Number of nodes 5
EtherApe-INFO: 21:01:00.128: New node: IP: 35.81.185.20. Number of nodes 6
EtherApe-INFO: 21:01:00.397: New node: IP: 34.107.221.82. Number of nodes 7
EtherApe-INFO: 21:01:00.929: New node: IP: 87.245.216.9. Number of nodes 8
EtherApe-INFO: 21:01:01.727: New node: IP: 9.9.9.9. Number of nodes 9
EtherApe-INFO: 21:01:01.727: New node: IP: 35.84.65.122. Number of nodes 10
EtherApe-INFO: 21:01:02.261: New node: IP: 104.18.21.226. Number of nodes 11
EtherApe-INFO: 21:01:02.794: New node: IP: 149.154.167.50. Number of nodes 12
EtherApe-INFO: 21:01:02.794: New node: IP: 149.154.167.41. Number of nodes 13
EtherApe-INFO: 21:01:02.794: New node: IP: 149.154.167.216. Number of nodes 14
EtherApe-INFO: 21:01:04.661: New node: IP: 108.138.24.78. Number of nodes 15
EtherApe-INFO: 21:01:04.661: New node: IP: 8.8.8.8. Number of nodes 16
EtherApe-INFO: 21:01:04.929: New node: IP: 52.29.105.33. Number of nodes 17
EtherApe-INFO: 21:01:17.221: New node: IP: 34.160.144.191. Number of nodes 18
EtherApe-INFO: 21:01:17.222: New node: IP: 35.241.9.150. Number of nodes 19
EtherApe-INFO: 21:01:17.222: New node: IP: 34.107.141.31. Number of nodes 20
EtherApe-INFO: 21:01:18.021: New node: IP: 142.250.203.206. Number of nodes 21
EtherApe-INFO: 21:01:19.088: New node: IP: 104.18.14.117. Number of nodes 22
EtherApe-INFO: 21:01:19.088: New node: IP: 172.64.107.28. Number of nodes 23
EtherApe-INFO: 21:01:19.088: New node: IP: 104.17.49.74. Number of nodes 24
EtherApe-INFO: 21:01:20.154: New node: IP: 172.64.106.28. Number of nodes 25
EtherApe-INFO: 21:01:20.155: New node: IP: 34.120.208.123. Number of nodes 26
EtherApe-INFO: 21:01:20.155: New node: IP: 104.18.13.33. Number of nodes 27
EtherApe-INFO: 21:01:21.231: New node: IP: 104.17.182.52. Number of nodes 28
EtherApe-INFO: 21:01:21.231: New node: IP: 104.22.33.83. Number of nodes 29
EtherApe-INFO: 21:01:22.021: New node: IP: 35.186.227.140. Number of nodes 30
EtherApe-INFO: 21:01:22.021: New node: IP: 18.66.231.204. Number of nodes 31
EtherApe-INFO: 21:01:23.087: New node: IP: 13.32.103.36. Number of nodes 32
EtherApe-INFO: 21:01:23.088: New node: IP: 104.16.249.249. Number of nodes 33
EtherApe-INFO: 21:01:26.317: New node: IP: 35.170.30.224. Number of nodes 34
EtherApe-INFO: 21:01:32.954: New node: IP: 89.187.191.12. Number of nodes 35
EtherApe-INFO: 21:02:11.888: New node: IP: 95.216.195.133. Number of nodes 36
EtherApe-INFO: 21:02:34.827: New node: IP: 194.38.21.77. Number of nodes 37
EtherApe-INFO: 21:02:56.421: New node: IP: 192.168.0.1. Number of nodes 38
EtherApe-INFO: 21:02:57.488: New node: IP: 192.168.0.157. Number of nodes 39
EtherApe-INFO: 21:02:58.022: New node: IP: 192.168.0.218. Number of nodes 40
EtherApe-INFO: 21:03:10.288: New node: IP: 192.168.1.1. Number of nodes 41
EtherApe-INFO: 21:03:19.965: delete node: IP: 35.81.185.20. Number of nodes 40
EtherApe-INFO: 21:03:21.565: delete node: IP: 35.84.65.122. Number of nodes 39
EtherApe-INFO: 21:03:24.734: delete node: IP: 52.29.105.33. Number of nodes 38
EtherApe-INFO: 21:04:14.094: delete node: IP: 95.216.195.133. Number of nodes 37
EtherApe-INFO: 21:04:15.129: delete node: IP: 93.184.220.29. Number of nodes 36
EtherApe-INFO: 21:04:15.129: delete node: IP: 87.245.216.107. Number of nodes 35
EtherApe-INFO: 21:04:16.192: delete node: IP: 87.245.216.9. Number of nodes 34
EtherApe-INFO: 21:04:16.192: delete node: IP: 34.107.221.82. Number of nodes 33
EtherApe-INFO: 21:04:17.038: delete node: IP: 104.18.21.226. Number of nodes 32
EtherApe-INFO: 21:04:19.117: delete node: IP: 142.250.203.131. Number of nodes 31
EtherApe-INFO: 21:04:20.174: delete node: IP: 108.138.24.78. Number of nodes 30
EtherApe-INFO: 21:04:33.553: delete node: IP: 89.187.191.12. Number of nodes 29
EtherApe-INFO: 21:04:34.895: delete node: IP: 194.38.21.77. Number of nodes 28
EtherApe-INFO: 21:04:46.068: delete node: IP: 8.8.8.8. Number of nodes 27
EtherApe-INFO: 21:04:48.428: delete node: IP: 172.64.107.28. Number of nodes 26
EtherApe-INFO: 21:04:48.428: delete node: IP: 172.64.106.28. Number of nodes 25
EtherApe-INFO: 21:04:48.428: delete node: IP: 142.250.203.206. Number of nodes 24
EtherApe-INFO: 21:04:48.428: delete node: IP: 104.22.33.83. Number of nodes 23
EtherApe-INFO: 21:04:48.428: delete node: IP: 104.18.14.117. Number of nodes 22
EtherApe-INFO: 21:04:48.429: delete node: IP: 104.18.13.33. Number of nodes 21
EtherApe-INFO: 21:04:48.429: delete node: IP: 104.17.182.52. Number of nodes 20
EtherApe-INFO: 21:04:48.429: delete node: IP: 104.17.49.74. Number of nodes 19
EtherApe-INFO: 21:04:48.429: delete node: IP: 104.16.249.249. Number of nodes 18
EtherApe-INFO: 21:04:48.429: delete node: IP: 35.241.9.150. Number of nodes 17
EtherApe-INFO: 21:04:48.429: delete node: IP: 35.186.227.140. Number of nodes 16
EtherApe-INFO: 21:04:48.429: delete node: IP: 35.170.30.224. Number of nodes 15
EtherApe-INFO: 21:04:48.429: delete node: IP: 34.160.144.191. Number of nodes 14
EtherApe-INFO: 21:04:48.429: delete node: IP: 34.120.208.123. Number of nodes 13
EtherApe-INFO: 21:04:48.429: delete node: IP: 34.107.141.31. Number of nodes 12
EtherApe-INFO: 21:04:48.429: delete node: IP: 18.66.231.204. Number of nodes 11
EtherApe-INFO: 21:04:48.429: delete node: IP: 13.32.103.36. Number of nodes 10
EtherApe-INFO: 21:04:57.056: delete node: IP: 192.168.0.1. Number of nodes 9
EtherApe-INFO: 21:04:59.105: delete node: IP: 192.168.0.218. Number of nodes 8
EtherApe-INFO: 21:05:02.902: delete node: IP: 192.168.0.157. Number of nodes 7
EtherApe-INFO: 21:05:10.307: delete node: IP: 192.168.1.1. Number of nodes 6
EtherApe-INFO: 21:05:19.621: New node: IP: 34.212.115.25. Number of nodes 7
EtherApe-INFO: 21:06:51.087: New node: IP: 194.38.21.77. Number of nodes 8
EtherApe-INFO: 21:06:58.021: New node: IP: 104.16.249.249. Number of nodes 9
EtherApe-INFO: 21:07:08.954: New node: IP: 95.216.195.133. Number of nodes 10
EtherApe-INFO: 21:07:19.937: delete node: IP: 34.212.115.25. Number of nodes 9
EtherApe-INFO: 21:08:10.291: New node: IP: 192.168.1.1. Number of nodes 10
EtherApe-INFO: 21:08:34.291: New node: IP: 3.127.160.74. Number of nodes 11
EtherApe-INFO: 21:08:34.291: New node: IP: 89.187.191.12. Number of nodes 12
EtherApe-INFO: 21:08:39.624: New node: IP: 95.216.144.15. Number of nodes 13
EtherApe-INFO: 21:08:51.357: delete node: IP: 194.38.21.77. Number of nodes 12
EtherApe-INFO: 21:09:01.017: delete node: IP: 104.16.249.249. Number of nodes 11
EtherApe-INFO: 21:09:10.870: delete node: IP: 95.216.195.133. Number of nodes 10
EtherApe-INFO: 21:10:11.635: delete node: IP: 192.168.1.1. Number of nodes 9
EtherApe-INFO: 21:10:19.887: New node: IP: 34.212.115.25. Number of nodes 10
