(etherape:2703): GLib-GIO-DEBUG: 21:39:11.588: _g_io_module_get_default: Found default implementation local (GLocalVfs) for ‘gio-vfs’
(etherape:2703): GLib-GIO-DEBUG: 21:39:11.682: Using cross-namespace EXTERNAL authentication (this will deadlock if server is GDBus < 2.73.3)
EtherApe-INFO: 21:39:11.754: sctp protocol not supported
EtherApe-INFO: 21:39:11.754: dccp protocol not supported
EtherApe-INFO: 21:39:11.754: sctp protocol not supported
EtherApe-INFO: 21:39:11.754: sctp protocol not supported
EtherApe-INFO: 21:39:11.754: sctp protocol not supported
EtherApe-INFO: 21:39:11.754: sctp protocol not supported
EtherApe-INFO: 21:39:11.754: sctp protocol not supported
EtherApe-INFO: 21:39:11.754: sctp protocol not supported
EtherApe-INFO: 21:39:11.755: sctp protocol not supported
EtherApe-INFO: 21:39:11.755: dccp protocol not supported
EtherApe-INFO: 21:39:11.755: sctp protocol not supported
EtherApe-INFO: 21:39:11.755: dccp protocol not supported
EtherApe-INFO: 21:39:11.755: dccp protocol not supported
EtherApe-INFO: 21:39:11.755: sctp protocol not supported
EtherApe-INFO: 21:39:11.756: sctp protocol not supported
EtherApe-INFO: 21:39:11.756: sctp protocol not supported
EtherApe-INFO: 21:39:11.757: sctp protocol not supported
EtherApe-INFO: 21:39:11.757: sctp protocol not supported
EtherApe-INFO: 21:39:11.758: sctp protocol not supported
EtherApe-INFO: 21:39:11.758: sctp protocol not supported
EtherApe-INFO: 21:39:11.758: sctp protocol not supported
EtherApe-INFO: 21:39:11.758: sctp protocol not supported
EtherApe-INFO: 21:39:11.758: sctp protocol not supported
EtherApe-INFO: 21:39:11.759: sctp protocol not supported
EtherApe-INFO: 21:39:11.759: sctp protocol not supported
EtherApe-INFO: 21:39:11.759: sctp protocol not supported
EtherApe-INFO: 21:39:11.759: sctp protocol not supported
EtherApe-INFO: 21:39:11.760: sctp protocol not supported
EtherApe-INFO: 21:39:11.760: dccp protocol not supported
EtherApe-INFO: 21:39:11.760: sctp protocol not supported
EtherApe-INFO: 21:39:11.760: sctp protocol not supported
EtherApe-INFO: 21:39:11.760: dccp protocol not supported
EtherApe-INFO: 21:39:11.760: sctp protocol not supported
EtherApe-INFO: 21:39:11.760: sctp protocol not supported
EtherApe-INFO: 21:39:11.760: sctp protocol not supported
EtherApe-INFO: 21:39:11.760: dccp protocol not supported
EtherApe-INFO: 21:39:11.760: dccp protocol not supported
EtherApe-INFO: 21:39:11.760: sctp protocol not supported
EtherApe-INFO: 21:39:11.760: sctp protocol not supported
EtherApe-INFO: 21:39:11.760: sctp protocol not supported
EtherApe-INFO: 21:39:11.761: sctp protocol not supported
EtherApe-INFO: 21:39:11.761: sctp protocol not supported
EtherApe-INFO: 21:39:11.761: sctp protocol not supported
EtherApe-INFO: 21:39:11.761: sctp protocol not supported
EtherApe-INFO: 21:39:11.761: sctp protocol not supported
EtherApe-INFO: 21:39:11.761: sctp protocol not supported
EtherApe-INFO: 21:39:11.761: sctp protocol not supported
EtherApe-INFO: 21:39:11.761: sctp protocol not supported
EtherApe-INFO: 21:39:11.761: sctp protocol not supported
EtherApe-INFO: 21:39:11.761: sctp protocol not supported
EtherApe-INFO: 21:39:11.761: sctp protocol not supported
EtherApe-INFO: 21:39:11.761: sctp protocol not supported
EtherApe-INFO: 21:39:11.761: sctp protocol not supported
EtherApe-INFO: 21:39:11.761: sctp protocol not supported
EtherApe-INFO: 21:39:11.761: sctp protocol not supported
EtherApe-INFO: 21:39:11.761: sctp protocol not supported
EtherApe-INFO: 21:39:11.761: sctp protocol not supported
EtherApe-INFO: 21:39:11.762: dccp protocol not supported
EtherApe-INFO: 21:39:11.762: sctp protocol not supported
EtherApe-INFO: 21:39:11.762: sctp protocol not supported
EtherApe-INFO: 21:39:11.762: sctp protocol not supported
EtherApe-INFO: 21:39:11.762: sctp protocol not supported
EtherApe-INFO: 21:39:11.762: sctp protocol not supported
EtherApe-INFO: 21:39:11.762: sctp protocol not supported
EtherApe-INFO: 21:39:11.762: sctp protocol not supported
EtherApe-INFO: 21:39:11.762: sctp protocol not supported
EtherApe-INFO: 21:39:11.762: sctp protocol not supported
EtherApe-INFO: 21:39:11.763: sctp protocol not supported
EtherApe-INFO: 21:39:11.763: sctp protocol not supported
EtherApe-INFO: 21:39:11.763: sctp protocol not supported
EtherApe-INFO: 21:39:11.763: sctp protocol not supported
EtherApe-INFO: 21:39:11.763: sctp protocol not supported
EtherApe-INFO: 21:39:11.763: sctp protocol not supported
EtherApe-INFO: 21:39:11.763: sctp protocol not supported
EtherApe-INFO: 21:39:11.763: sctp protocol not supported
EtherApe-INFO: 21:39:11.763: sctp protocol not supported
EtherApe-INFO: 21:39:11.763: sctp protocol not supported
EtherApe-INFO: 21:39:11.763: sctp protocol not supported
EtherApe-INFO: 21:39:11.763: sctp protocol not supported
EtherApe-INFO: 21:39:11.764: sctp protocol not supported
EtherApe-INFO: 21:39:11.764: sctp protocol not supported
EtherApe-INFO: 21:39:11.764: sctp protocol not supported
EtherApe-INFO: 21:39:11.764: sctp protocol not supported
EtherApe-INFO: 21:39:11.764: sctp protocol not supported
EtherApe-INFO: 21:39:11.764: sctp protocol not supported
EtherApe-INFO: 21:39:11.764: sctp protocol not supported
EtherApe-INFO: 21:39:11.764: sctp protocol not supported
EtherApe-INFO: 21:39:11.764: sctp protocol not supported
EtherApe-INFO: 21:39:11.764: sctp protocol not supported
EtherApe-INFO: 21:39:11.764: sctp protocol not supported
EtherApe-INFO: 21:39:11.764: sctp protocol not supported
EtherApe-INFO: 21:39:11.764: sctp protocol not supported
EtherApe-INFO: 21:39:11.764: sctp protocol not supported
EtherApe-INFO: 21:39:11.764: sctp protocol not supported
EtherApe-INFO: 21:39:11.774: get_interface result: ''
EtherApe-INFO: 21:39:11.774: Available interfaces for capture: dbus-session dbus-system nfqueue nflog bluetooth-monitor bluetooth0 lo any wlp2s0
EtherApe-INFO: 21:39:11.775: Link type is LINUX_SLL
EtherApe-INFO: 21:39:11.775: Diagram started
EtherApe-INFO: 21:39:12.026: New node: IP: 192.168.1.249. Number of nodes 1
EtherApe-INFO: 21:39:12.026: New node: IP: 18.66.107.157. Number of nodes 2
EtherApe-INFO: 21:39:12.027: New node: IP: 18.66.107.220. Number of nodes 3
EtherApe-INFO: 21:39:12.027: New node: IP: 104.18.21.226. Number of nodes 4
EtherApe-INFO: 21:39:12.027: New node: IP: 142.250.203.202. Number of nodes 5
EtherApe-INFO: 21:39:12.027: New node: IP: 142.250.203.142. Number of nodes 6
EtherApe-INFO: 21:39:12.283: New node: IP: 45.57.91.1. Number of nodes 7
EtherApe-INFO: 21:39:13.307: New node: IP: 149.154.167.41. Number of nodes 8
EtherApe-INFO: 21:39:13.562: New node: IP: 93.184.220.29. Number of nodes 9
EtherApe-INFO: 21:39:13.819: New node: IP: 104.16.249.249. Number of nodes 10
EtherApe-INFO: 21:39:13.819: New node: IP: 9.9.9.9. Number of nodes 11
EtherApe-INFO: 21:39:14.075: New node: IP: 13.32.121.62. Number of nodes 12
EtherApe-INFO: 21:39:16.123: New node: IP: 216.58.209.10. Number of nodes 13
EtherApe-INFO: 21:39:17.147: New node: IP: 34.107.221.82. Number of nodes 14
EtherApe-INFO: 21:39:17.147: New node: IP: 8.8.8.8. Number of nodes 15
EtherApe-INFO: 21:39:17.149: New node: IP: 176.122.96.225. Number of nodes 16
EtherApe-INFO: 21:39:18.171: New node: IP: 35.165.217.23. Number of nodes 17
EtherApe-INFO: 21:39:18.171: New node: IP: 216.58.215.99. Number of nodes 18
EtherApe-INFO: 21:39:18.171: New node: IP: 44.240.2.129. Number of nodes 19
EtherApe-INFO: 21:39:18.171: New node: IP: 87.245.216.9. Number of nodes 20
EtherApe-INFO: 21:39:19.706: New node: IP: 52.222.226.205. Number of nodes 21
EtherApe-INFO: 21:39:20.218: New node: IP: 192.124.249.36. Number of nodes 22
EtherApe-INFO: 21:39:21.243: New node: IP: 52.29.105.33. Number of nodes 23
EtherApe-INFO: 21:39:21.499: New node: IP: 87.245.217.79. Number of nodes 24
EtherApe-INFO: 21:39:21.755: New node: IP: 54.92.224.85. Number of nodes 25
EtherApe-INFO: 21:39:22.011: New node: IP: 54.170.196.176. Number of nodes 26
EtherApe-INFO: 21:39:25.083: New node: IP: 142.250.203.195. Number of nodes 27
EtherApe-INFO: 21:39:25.851: New node: IP: 3.127.160.74. Number of nodes 28
EtherApe-INFO: 21:39:26.365: New node: IP: 13.32.121.59. Number of nodes 29
EtherApe-INFO: 21:39:29.179: New node: IP: 216.58.215.110. Number of nodes 30
EtherApe-INFO: 21:39:31.228: New node: IP: 172.217.16.10. Number of nodes 31
EtherApe-INFO: 21:39:42.748: New node: IP: 3.122.47.55. Number of nodes 32
EtherApe-INFO: 21:39:45.563: New node: IP: 34.160.144.191. Number of nodes 33
EtherApe-INFO: 21:39:45.563: New node: IP: 104.17.50.74. Number of nodes 34
EtherApe-INFO: 21:39:45.563: New node: IP: 35.201.103.21. Number of nodes 35
EtherApe-INFO: 21:39:45.564: New node: IP: 34.107.141.31. Number of nodes 36
EtherApe-INFO: 21:39:46.345: New node: IP: 34.98.75.36. Number of nodes 37
EtherApe-INFO: 21:39:47.355: New node: IP: 172.64.107.28. Number of nodes 38
EtherApe-INFO: 21:39:47.355: New node: IP: 104.18.13.33. Number of nodes 39
EtherApe-INFO: 21:39:47.356: New node: IP: 34.120.208.123. Number of nodes 40
EtherApe-INFO: 21:39:47.356: New node: IP: 18.66.231.204. Number of nodes 41
EtherApe-INFO: 21:39:47.356: New node: IP: 104.17.182.52. Number of nodes 42
EtherApe-INFO: 21:39:47.357: New node: IP: 104.22.33.83. Number of nodes 43
EtherApe-INFO: 21:39:48.379: New node: IP: 185.199.111.154. Number of nodes 44
EtherApe-INFO: 21:39:48.379: New node: IP: 52.84.106.56. Number of nodes 45
EtherApe-INFO: 21:39:48.379: New node: IP: 140.82.121.3. Number of nodes 46
EtherApe-INFO: 21:39:49.405: New node: IP: 104.17.49.74. Number of nodes 47
EtherApe-INFO: 21:39:52.219: New node: IP: 140.82.112.26. Number of nodes 48
EtherApe-INFO: 21:39:52.219: New node: IP: 35.186.227.140. Number of nodes 49
EtherApe-INFO: 21:39:52.220: New node: IP: 18.66.130.57. Number of nodes 50
EtherApe-INFO: 21:39:53.244: New node: IP: 142.250.203.206. Number of nodes 51
EtherApe-INFO: 21:39:53.244: New node: IP: 18.66.234.116. Number of nodes 52
EtherApe-INFO: 21:39:53.244: New node: IP: 216.58.208.196. Number of nodes 53
EtherApe-INFO: 21:39:54.267: New node: IP: 172.217.16.46. Number of nodes 54
EtherApe-INFO: 21:39:56.315: New node: IP: 108.157.214.61. Number of nodes 55
EtherApe-INFO: 21:39:56.315: New node: IP: 3.215.222.247. Number of nodes 56
EtherApe-INFO: 21:40:00.154: New node: IP: 91.236.251.29. Number of nodes 57
EtherApe-INFO: 21:40:02.459: New node: IP: 62.182.19.39. Number of nodes 58
EtherApe-INFO: 21:40:03.482: New node: IP: 172.64.147.123. Number of nodes 59
EtherApe-INFO: 21:40:03.483: New node: IP: 13.32.103.36. Number of nodes 60
EtherApe-INFO: 21:40:04.507: New node: IP: 151.101.65.208. Number of nodes 61
EtherApe-INFO: 21:40:09.371: New node: IP: 216.58.215.101. Number of nodes 62
EtherApe-INFO: 21:40:30.619: New node: IP: 104.16.85.20. Number of nodes 63
EtherApe-INFO: 21:40:30.619: New node: IP: 104.16.88.20. Number of nodes 64
EtherApe-INFO: 21:40:54.427: New node: IP: 35.244.181.201. Number of nodes 65
EtherApe-INFO: 21:41:02.876: New node: IP: 13.32.121.12. Number of nodes 66
EtherApe-INFO: 21:41:12.608: delete node: IP: 45.57.91.1. Number of nodes 65
EtherApe-INFO: 21:41:25.444: delete node: IP: 8.8.8.8. Number of nodes 64
EtherApe-INFO: 21:41:29.513: delete node: IP: 216.58.215.110. Number of nodes 63
EtherApe-INFO: 21:41:31.036: New node: IP: 172.66.44.157. Number of nodes 64
EtherApe-INFO: 21:41:31.546: New node: IP: 54.186.209.73. Number of nodes 65
EtherApe-INFO: 21:41:48.258: delete node: IP: 44.240.2.129. Number of nodes 64
EtherApe-INFO: 21:41:48.703: delete node: IP: 35.165.217.23. Number of nodes 63
EtherApe-INFO: 21:41:52.100: delete node: IP: 52.29.105.33. Number of nodes 62
EtherApe-INFO: 21:42:00.236: delete node: IP: 91.236.251.29. Number of nodes 61
EtherApe-INFO: 21:42:04.924: delete node: IP: 192.124.249.36. Number of nodes 60
EtherApe-INFO: 21:42:05.668: delete node: IP: 62.182.19.39. Number of nodes 59
EtherApe-INFO: 21:42:08.411: New node: IP: 91.236.251.29. Number of nodes 60
EtherApe-INFO: 21:42:46.861: delete node: IP: 104.18.21.226. Number of nodes 59
EtherApe-INFO: 21:42:46.862: delete node: IP: 18.66.107.220. Number of nodes 58
EtherApe-INFO: 21:42:46.862: delete node: IP: 18.66.107.157. Number of nodes 57
EtherApe-INFO: 21:42:51.995: delete node: IP: 34.107.221.82. Number of nodes 56
EtherApe-INFO: 21:42:54.820: delete node: IP: 216.58.215.99. Number of nodes 55
EtherApe-INFO: 21:42:54.820: delete node: IP: 52.222.226.205. Number of nodes 54
EtherApe-INFO: 21:43:07.126: delete node: IP: 13.32.121.12. Number of nodes 53
EtherApe-INFO: 21:43:16.507: New node: IP: 192.168.1.1. Number of nodes 54
EtherApe-INFO: 21:43:19.067: New node: IP: 8.8.8.8. Number of nodes 55
EtherApe-INFO: 21:43:19.067: New node: IP: 95.216.195.133. Number of nodes 56
EtherApe-INFO: 21:43:22.985: delete node: IP: 13.32.121.59. Number of nodes 55
EtherApe-INFO: 21:43:30.088: delete node: IP: 87.245.217.79. Number of nodes 54
EtherApe-INFO: 21:43:37.290: delete node: IP: 35.201.103.21. Number of nodes 53
EtherApe-INFO: 21:43:38.852: delete node: IP: 104.17.50.74. Number of nodes 52
EtherApe-INFO: 21:43:38.852: delete node: IP: 34.107.141.31. Number of nodes 51
EtherApe-INFO: 21:43:38.852: delete node: IP: 34.98.75.36. Number of nodes 50
EtherApe-INFO: 21:43:39.376: delete node: IP: 172.64.107.28. Number of nodes 49
EtherApe-INFO: 21:43:39.376: delete node: IP: 104.22.33.83. Number of nodes 48
EtherApe-INFO: 21:43:39.376: delete node: IP: 104.18.13.33. Number of nodes 47
EtherApe-INFO: 21:43:39.376: delete node: IP: 34.120.208.123. Number of nodes 46
EtherApe-INFO: 21:43:39.584: delete node: IP: 104.17.182.52. Number of nodes 45
EtherApe-INFO: 21:43:40.835: delete node: IP: 140.82.121.3. Number of nodes 44
EtherApe-INFO: 21:43:40.835: delete node: IP: 52.84.106.56. Number of nodes 43
EtherApe-INFO: 21:43:40.835: delete node: IP: 18.66.231.204. Number of nodes 42
EtherApe-INFO: 21:43:41.356: delete node: IP: 104.17.49.74. Number of nodes 41
EtherApe-INFO: 21:43:41.878: delete node: IP: 185.199.111.154. Number of nodes 40
EtherApe-INFO: 21:43:44.155: New node: IP: 104.16.248.249. Number of nodes 41
EtherApe-INFO: 21:43:44.490: delete node: IP: 54.186.209.73. Number of nodes 40
EtherApe-INFO: 21:43:44.490: delete node: IP: 18.66.130.57. Number of nodes 39
EtherApe-INFO: 21:43:45.535: delete node: IP: 216.58.208.196. Number of nodes 38
EtherApe-INFO: 21:43:45.535: delete node: IP: 142.250.203.206. Number of nodes 37
EtherApe-INFO: 21:43:45.535: delete node: IP: 35.186.227.140. Number of nodes 36
EtherApe-INFO: 21:43:45.535: delete node: IP: 18.66.234.116. Number of nodes 35
EtherApe-INFO: 21:43:46.475: delete node: IP: 172.217.16.46. Number of nodes 34
EtherApe-INFO: 21:43:47.995: New node: IP: 52.43.61.95. Number of nodes 35
EtherApe-INFO: 21:43:48.256: delete node: IP: 108.157.214.61. Number of nodes 34
EtherApe-INFO: 21:43:48.577: delete node: IP: 3.215.222.247. Number of nodes 33
EtherApe-INFO: 21:43:49.313: delete node: IP: 142.250.203.202. Number of nodes 32
EtherApe-INFO: 21:43:50.883: delete node: IP: 172.217.16.10. Number of nodes 31
EtherApe-INFO: 21:43:55.488: delete node: IP: 172.64.147.123. Number of nodes 30
EtherApe-INFO: 21:43:55.488: delete node: IP: 13.32.103.36. Number of nodes 29
EtherApe-INFO: 21:43:56.536: delete node: IP: 151.101.65.208. Number of nodes 28
EtherApe-INFO: 21:44:10.830: delete node: IP: 176.122.96.225. Number of nodes 27
EtherApe-INFO: 21:44:16.990: delete node: IP: 54.170.196.176. Number of nodes 26
EtherApe-INFO: 21:44:50.798: delete node: IP: 93.184.220.29. Number of nodes 25
EtherApe-INFO: 21:45:05.307: New node: IP: 13.32.121.59. Number of nodes 26
EtherApe-INFO: 21:45:16.923: delete node: IP: 192.168.1.1. Number of nodes 25
EtherApe-INFO: 21:45:21.474: delete node: IP: 104.16.85.20. Number of nodes 24
EtherApe-INFO: 21:45:21.474: delete node: IP: 95.216.195.133. Number of nodes 23
EtherApe-INFO: 21:45:21.474: delete node: IP: 8.8.8.8. Number of nodes 22
EtherApe-INFO: 21:45:22.305: delete node: IP: 104.16.88.20. Number of nodes 21
EtherApe-INFO: 21:45:27.071: delete node: IP: 87.245.216.9. Number of nodes 20
EtherApe-INFO: 21:45:45.286: delete node: IP: 104.16.248.249. Number of nodes 19
EtherApe-INFO: 21:45:45.286: delete node: IP: 35.244.181.201. Number of nodes 18
EtherApe-INFO: 21:45:45.804: delete node: IP: 34.160.144.191. Number of nodes 17
EtherApe-INFO: 21:45:48.085: delete node: IP: 52.43.61.95. Number of nodes 16
EtherApe-INFO: 21:45:50.880: delete node: IP: 9.9.9.9. Number of nodes 15
EtherApe-INFO: 21:46:08.795: New node: IP: 172.217.16.10. Number of nodes 16
EtherApe-INFO: 21:46:22.885: delete node: IP: 172.66.44.157. Number of nodes 15
EtherApe-INFO: 21:48:09.203: delete node: IP: 172.217.16.10. Number of nodes 14
EtherApe-INFO: 21:48:13.979: New node: IP: 192.168.1.1. Number of nodes 15
EtherApe-INFO: 21:48:13.979: New node: IP: 9.9.9.9. Number of nodes 16
EtherApe-INFO: 21:48:13.979: New node: IP: 95.216.195.133. Number of nodes 17
EtherApe-INFO: 21:48:26.875: delete node: IP: 91.236.251.29. Number of nodes 16
EtherApe-INFO: 21:48:33.946: New node: IP: 91.236.251.29. Number of nodes 17
EtherApe-INFO: 21:48:48.027: New node: IP: 52.43.61.95. Number of nodes 18
EtherApe-INFO: 21:48:58.269: New node: IP: 142.250.203.131. Number of nodes 19
EtherApe-INFO: 21:48:59.547: New node: IP: 216.58.208.193. Number of nodes 20
EtherApe-INFO: 21:48:59.547: New node: IP: 142.250.203.193. Number of nodes 21
EtherApe-INFO: 21:48:59.555: New node: IP: 216.58.215.99. Number of nodes 22
EtherApe-INFO: 21:49:00.329: New node: IP: 172.217.16.10. Number of nodes 23
EtherApe-INFO: 21:49:00.829: New node: IP: 142.250.203.129. Number of nodes 24
EtherApe-INFO: 21:49:00.864: delete node: IP: 13.32.121.59. Number of nodes 23
EtherApe-INFO: 21:49:04.667: New node: IP: 8.8.8.8. Number of nodes 24
EtherApe-INFO: 21:49:06.459: New node: IP: 63.33.228.172. Number of nodes 25
EtherApe-INFO: 21:49:11.326: New node: IP: 54.171.156.218. Number of nodes 26
EtherApe-INFO: 21:49:44.859: New node: IP: 208.68.240.115. Number of nodes 27
EtherApe-INFO: 21:49:45.116: New node: IP: 87.245.216.122. Number of nodes 28
EtherApe-INFO: 21:49:54.331: New node: IP: 149.154.167.216. Number of nodes 29
EtherApe-INFO: 21:50:14.056: delete node: IP: 192.168.1.1. Number of nodes 28
EtherApe-INFO: 21:50:14.369: delete node: IP: 95.216.195.133. Number of nodes 27
EtherApe-INFO: 21:50:34.065: delete node: IP: 91.236.251.29. Number of nodes 26
EtherApe-INFO: 21:50:48.438: delete node: IP: 52.43.61.95. Number of nodes 25
EtherApe-INFO: 21:51:01.243: delete node: IP: 172.217.16.10. Number of nodes 24
EtherApe-INFO: 21:51:03.532: delete node: IP: 142.250.203.193. Number of nodes 23
EtherApe-INFO: 21:51:04.987: delete node: IP: 8.8.8.8. Number of nodes 22
EtherApe-INFO: 21:51:07.066: delete node: IP: 63.33.228.172. Number of nodes 21
EtherApe-INFO: 21:51:11.944: delete node: IP: 54.171.156.218. Number of nodes 20
EtherApe-INFO: 21:51:56.006: delete node: IP: 9.9.9.9. Number of nodes 19
EtherApe-INFO: 21:52:05.756: delete node: IP: 208.68.240.115. Number of nodes 18
EtherApe-INFO: 21:52:09.795: delete node: IP: 149.154.167.216. Number of nodes 17
EtherApe-INFO: 21:52:50.203: New node: IP: 91.236.251.29. Number of nodes 18
EtherApe-INFO: 21:52:57.927: delete node: IP: 216.58.215.99. Number of nodes 17
EtherApe-INFO: 21:53:14.010: New node: IP: 192.168.1.1. Number of nodes 18
EtherApe-INFO: 21:53:14.011: New node: IP: 9.9.9.9. Number of nodes 19
EtherApe-INFO: 21:53:14.267: New node: IP: 95.216.195.133. Number of nodes 20
EtherApe-INFO: 21:53:40.451: delete node: IP: 87.245.216.122. Number of nodes 19
EtherApe-INFO: 21:53:48.316: New node: IP: 52.43.61.95. Number of nodes 20
EtherApe-INFO: 21:53:52.248: delete node: IP: 142.250.203.129. Number of nodes 19
EtherApe-INFO: 21:53:54.214: delete node: IP: 216.58.208.193. Number of nodes 18
EtherApe-INFO: 21:53:54.214: delete node: IP: 142.250.203.131. Number of nodes 17
EtherApe-INFO: 21:54:51.349: delete node: IP: 91.236.251.29. Number of nodes 16
EtherApe-INFO: 21:55:14.365: delete node: IP: 192.168.1.1. Number of nodes 15
EtherApe-INFO: 21:55:14.365: delete node: IP: 95.216.195.133. Number of nodes 14
EtherApe-INFO: 21:55:14.365: delete node: IP: 9.9.9.9. Number of nodes 13
EtherApe-INFO: 21:55:49.451: delete node: IP: 52.43.61.95. Number of nodes 12
EtherApe-INFO: 21:56:17.052: New node: IP: 142.250.203.202. Number of nodes 13
EtherApe-INFO: 21:57:33.344: delete node: IP: 3.127.160.74. Number of nodes 12
EtherApe-INFO: 21:58:05.338: New node: IP: 3.127.160.74. Number of nodes 13
EtherApe-INFO: 21:58:09.435: New node: IP: 142.250.203.197. Number of nodes 14
EtherApe-INFO: 21:58:09.691: New node: IP: 9.9.9.9. Number of nodes 15
EtherApe-INFO: 21:58:14.042: New node: IP: 192.168.1.1. Number of nodes 16
EtherApe-INFO: 21:58:14.043: New node: IP: 95.216.195.133. Number of nodes 17
EtherApe-INFO: 21:58:48.347: New node: IP: 52.43.61.95. Number of nodes 18
EtherApe-INFO: 21:59:29.051: New node: IP: 54.171.156.218. Number of nodes 19
EtherApe-INFO: 21:59:33.660: New node: IP: 54.229.152.140. Number of nodes 20
EtherApe-INFO: 21:59:59.533: delete node: IP: 216.58.215.101. Number of nodes 19
EtherApe-INFO: 22:00:03.359: New node: IP: 52.84.106.14. Number of nodes 20
EtherApe-INFO: 22:00:11.035: New node: IP: 149.154.167.216. Number of nodes 21
EtherApe-INFO: 22:00:14.377: delete node: IP: 192.168.1.1. Number of nodes 20
EtherApe-INFO: 22:00:14.377: delete node: IP: 95.216.195.133. Number of nodes 19
EtherApe-INFO: 22:00:48.981: delete node: IP: 52.43.61.95. Number of nodes 18
EtherApe-INFO: 22:00:51.774: delete node: IP: 142.250.203.202. Number of nodes 17
EtherApe-INFO: 22:01:22.459: New node: IP: 91.236.251.29. Number of nodes 18
EtherApe-INFO: 22:01:29.189: delete node: IP: 54.171.156.218. Number of nodes 17
EtherApe-INFO: 22:01:34.771: delete node: IP: 54.229.152.140. Number of nodes 16
EtherApe-INFO: 22:01:55.228: delete node: IP: 3.127.160.74. Number of nodes 15
EtherApe-INFO: 22:02:06.802: delete node: IP: 9.9.9.9. Number of nodes 14
EtherApe-INFO: 22:02:13.916: New node: IP: 13.32.121.59. Number of nodes 15
EtherApe-INFO: 22:02:34.604: New node: IP: 149.154.167.255. Number of nodes 16
EtherApe-INFO: 22:02:34.605: New node: IP: 149.154.175.57. Number of nodes 17
EtherApe-INFO: 22:02:34.606: New node: IP: 149.154.175.54. Number of nodes 18
EtherApe-INFO: 22:02:34.858: New node: IP: 9.9.9.9. Number of nodes 19
EtherApe-INFO: 22:02:35.372: New node: IP: 91.108.56.145. Number of nodes 20
EtherApe-INFO: 22:03:13.826: New node: IP: 192.168.1.1. Number of nodes 21
EtherApe-INFO: 22:03:14.083: New node: IP: 95.216.195.133. Number of nodes 22
EtherApe-INFO: 22:03:22.293: delete node: IP: 91.236.251.29. Number of nodes 21
EtherApe-INFO: 22:03:48.387: New node: IP: 3.127.160.74. Number of nodes 22
EtherApe-INFO: 22:03:48.646: New node: IP: 52.43.61.95. Number of nodes 23
EtherApe-INFO: 22:03:59.658: delete node: IP: 52.84.106.14. Number of nodes 22
EtherApe-INFO: 22:04:35.811: delete node: IP: 149.154.175.54. Number of nodes 21
EtherApe-INFO: 22:04:51.925: delete node: IP: 149.154.175.57. Number of nodes 20
EtherApe-INFO: 22:04:52.958: delete node: IP: 91.108.56.145. Number of nodes 19
EtherApe-INFO: 22:04:53.992: delete node: IP: 149.154.167.255. Number of nodes 18
EtherApe-INFO: 22:05:14.692: delete node: IP: 192.168.1.1. Number of nodes 17
EtherApe-INFO: 22:05:14.692: delete node: IP: 95.216.195.133. Number of nodes 16
EtherApe-INFO: 22:05:14.692: delete node: IP: 9.9.9.9. Number of nodes 15
EtherApe-INFO: 22:05:49.031: delete node: IP: 52.43.61.95. Number of nodes 14
EtherApe-INFO: 22:06:10.542: delete node: IP: 13.32.121.59. Number of nodes 13
EtherApe-INFO: 22:06:58.340: New node: IP: 216.58.208.202. Number of nodes 14
EtherApe-INFO: 22:06:58.595: New node: IP: 9.9.9.9. Number of nodes 15
EtherApe-INFO: 22:08:13.859: New node: IP: 192.168.1.1. Number of nodes 16
EtherApe-INFO: 22:08:14.115: New node: IP: 95.216.195.133. Number of nodes 17
EtherApe-INFO: 22:08:48.163: New node: IP: 52.43.61.95. Number of nodes 18
EtherApe-INFO: 22:09:08.643: New node: IP: 216.58.215.101. Number of nodes 19
EtherApe-INFO: 22:09:19.139: New node: IP: 172.217.16.10. Number of nodes 20
EtherApe-INFO: 22:09:38.872: delete node: IP: 149.154.167.216. Number of nodes 19
EtherApe-INFO: 22:09:51.651: New node: IP: 54.229.152.140. Number of nodes 20
EtherApe-INFO: 22:09:58.053: New node: IP: 54.155.246.232. Number of nodes 21
EtherApe-INFO: 22:09:58.053: New node: IP: 54.216.227.219. Number of nodes 22
EtherApe-INFO: 22:10:14.717: delete node: IP: 192.168.1.1. Number of nodes 21
EtherApe-INFO: 22:10:14.717: delete node: IP: 95.216.195.133. Number of nodes 20
EtherApe-INFO: 22:10:38.755: New node: IP: 142.250.203.202. Number of nodes 21
EtherApe-INFO: 22:10:49.838: delete node: IP: 52.43.61.95. Number of nodes 20
EtherApe-INFO: 22:11:01.851: delete node: IP: 142.250.203.197. Number of nodes 19
EtherApe-INFO: 22:11:19.529: delete node: IP: 172.217.16.10. Number of nodes 18
EtherApe-INFO: 22:11:51.750: delete node: IP: 54.229.152.140. Number of nodes 17
EtherApe-INFO: 22:11:52.782: delete node: IP: 216.58.208.202. Number of nodes 16
EtherApe-INFO: 22:11:58.665: delete node: IP: 54.216.227.219. Number of nodes 15
EtherApe-INFO: 22:11:58.665: delete node: IP: 9.9.9.9. Number of nodes 14
EtherApe-INFO: 22:12:18.595: New node: IP: 149.154.167.216. Number of nodes 15
EtherApe-INFO: 22:12:39.153: delete node: IP: 142.250.203.202. Number of nodes 14
EtherApe-INFO: 22:13:13.891: New node: IP: 192.168.1.1. Number of nodes 15
EtherApe-INFO: 22:13:14.147: New node: IP: 9.9.9.9. Number of nodes 16
EtherApe-INFO: 22:13:14.147: New node: IP: 95.216.195.133. Number of nodes 17
EtherApe-INFO: 22:13:48.963: New node: IP: 52.43.61.95. Number of nodes 18
EtherApe-INFO: 22:14:50.740: delete node: IP: 54.155.246.232. Number of nodes 17
EtherApe-INFO: 22:15:00.900: New node: IP: 13.32.121.101. Number of nodes 18
EtherApe-INFO: 22:15:14.791: delete node: IP: 192.168.1.1. Number of nodes 17
EtherApe-INFO: 22:15:14.791: delete node: IP: 95.216.195.133. Number of nodes 16
EtherApe-INFO: 22:15:23.472: delete node: IP: 149.154.167.216. Number of nodes 15
EtherApe-INFO: 22:15:49.602: delete node: IP: 52.43.61.95. Number of nodes 14
EtherApe-INFO: 22:17:04.873: delete node: IP: 9.9.9.9. Number of nodes 13
EtherApe-INFO: 22:17:46.275: New node: IP: 149.154.175.211. Number of nodes 14
EtherApe-INFO: 22:17:46.530: New node: IP: 9.9.9.9. Number of nodes 15
EtherApe-INFO: 22:18:13.923: New node: IP: 192.168.1.1. Number of nodes 16
EtherApe-INFO: 22:18:14.179: New node: IP: 95.216.195.133. Number of nodes 17
EtherApe-INFO: 22:18:26.723: New node: IP: 91.236.251.29. Number of nodes 18
EtherApe-INFO: 22:18:39.779: New node: IP: 172.217.16.10. Number of nodes 19
EtherApe-INFO: 22:18:49.251: New node: IP: 52.43.61.95. Number of nodes 20
EtherApe-INFO: 22:18:58.226: delete node: IP: 13.32.121.101. Number of nodes 19
EtherApe-INFO: 22:19:10.244: New node: IP: 142.250.203.197. Number of nodes 20
EtherApe-INFO: 22:19:16.899: New node: IP: 149.154.167.216. Number of nodes 21
EtherApe-INFO: 22:20:03.584: delete node: IP: 149.154.175.211. Number of nodes 20
EtherApe-INFO: 22:20:14.243: New node: IP: 54.216.227.219. Number of nodes 21
EtherApe-INFO: 22:20:14.321: delete node: IP: 192.168.1.1. Number of nodes 20
EtherApe-INFO: 22:20:14.321: delete node: IP: 9.9.9.9. Number of nodes 19
EtherApe-INFO: 22:20:14.837: delete node: IP: 95.216.195.133. Number of nodes 18
EtherApe-INFO: 22:20:19.364: New node: IP: 52.212.99.156. Number of nodes 19
EtherApe-INFO: 22:20:19.619: New node: IP: 9.9.9.9. Number of nodes 20
EtherApe-INFO: 22:20:27.057: delete node: IP: 91.236.251.29. Number of nodes 19
EtherApe-INFO: 22:20:50.428: delete node: IP: 52.43.61.95. Number of nodes 18
EtherApe-INFO: 22:21:03.984: delete node: IP: 216.58.215.101. Number of nodes 17
EtherApe-INFO: 22:21:32.900: delete node: IP: 149.154.167.216. Number of nodes 16
EtherApe-INFO: 22:21:42.383: delete node: IP: 172.217.16.10. Number of nodes 15
EtherApe-INFO: 22:22:02.018: New node: IP: 149.154.167.216. Number of nodes 16
EtherApe-INFO: 22:22:14.661: delete node: IP: 54.216.227.219. Number of nodes 15
EtherApe-INFO: 22:22:19.725: delete node: IP: 52.212.99.156. Number of nodes 14
EtherApe-INFO: 22:22:20.552: delete node: IP: 9.9.9.9. Number of nodes 13
EtherApe-INFO: 22:23:13.955: New node: IP: 192.168.1.1. Number of nodes 14
EtherApe-INFO: 22:23:13.955: New node: IP: 9.9.9.9. Number of nodes 15
EtherApe-INFO: 22:23:14.211: New node: IP: 95.216.195.133. Number of nodes 16
EtherApe-INFO: 22:23:49.283: New node: IP: 52.43.61.95. Number of nodes 17
EtherApe-INFO: 22:24:10.787: New node: IP: 216.58.215.101. Number of nodes 18
EtherApe-INFO: 22:25:15.086: delete node: IP: 192.168.1.1. Number of nodes 17
EtherApe-INFO: 22:25:15.087: delete node: IP: 95.216.195.133. Number of nodes 16
EtherApe-INFO: 22:25:15.087: delete node: IP: 9.9.9.9. Number of nodes 15
EtherApe-INFO: 22:25:49.682: delete node: IP: 52.43.61.95. Number of nodes 14
EtherApe-INFO: 22:26:05.478: delete node: IP: 142.250.203.197. Number of nodes 13
EtherApe-INFO: 22:27:51.971: New node: IP: 142.250.203.202. Number of nodes 14
EtherApe-INFO: 22:28:13.987: New node: IP: 192.168.1.1. Number of nodes 15
EtherApe-INFO: 22:28:13.987: New node: IP: 9.9.9.9. Number of nodes 16
EtherApe-INFO: 22:28:15.266: New node: IP: 95.216.195.133. Number of nodes 17
EtherApe-INFO: 22:28:49.570: New node: IP: 52.43.61.95. Number of nodes 18
EtherApe-INFO: 22:29:11.843: New node: IP: 142.250.203.197. Number of nodes 19
EtherApe-INFO: 22:29:21.381: delete node: IP: 3.127.160.74. Number of nodes 18
EtherApe-INFO: 22:29:44.355: New node: IP: 3.127.160.74. Number of nodes 19
EtherApe-INFO: 22:29:52.569: delete node: IP: 142.250.203.202. Number of nodes 18
EtherApe-INFO: 22:30:04.836: New node: IP: 13.32.121.101. Number of nodes 19
EtherApe-INFO: 22:30:15.391: delete node: IP: 192.168.1.1. Number of nodes 18
EtherApe-INFO: 22:30:15.391: delete node: IP: 95.216.195.133. Number of nodes 17
EtherApe-INFO: 22:30:15.391: delete node: IP: 9.9.9.9. Number of nodes 16
EtherApe-INFO: 22:30:36.835: New node: IP: 52.212.99.156. Number of nodes 17
EtherApe-INFO: 22:30:41.700: New node: IP: 63.33.228.172. Number of nodes 18
EtherApe-INFO: 22:30:50.406: delete node: IP: 52.43.61.95. Number of nodes 17
EtherApe-INFO: 22:31:06.536: delete node: IP: 216.58.215.101. Number of nodes 16
EtherApe-INFO: 22:31:39.077: delete node: IP: 149.154.167.216. Number of nodes 15
EtherApe-INFO: 22:31:40.579: New node: IP: 52.41.192.45. Number of nodes 16
EtherApe-INFO: 22:31:40.836: New node: IP: 9.9.9.9. Number of nodes 17
EtherApe-INFO: 22:31:40.838: New node: IP: 93.184.220.29. Number of nodes 18
EtherApe-INFO: 22:32:25.124: New node: IP: 140.82.112.5. Number of nodes 19
EtherApe-INFO: 22:32:37.766: delete node: IP: 52.212.99.156. Number of nodes 18
EtherApe-INFO: 22:32:42.103: delete node: IP: 63.33.228.172. Number of nodes 17
EtherApe-INFO: 22:33:14.019: New node: IP: 192.168.1.1. Number of nodes 18
EtherApe-INFO: 22:33:14.275: New node: IP: 95.216.195.133. Number of nodes 19
EtherApe-INFO: 22:33:20.163: New node: IP: 149.154.167.216. Number of nodes 20
EtherApe-INFO: 22:33:41.970: delete node: IP: 52.41.192.45. Number of nodes 19
EtherApe-INFO: 22:33:49.603: New node: IP: 52.43.61.95. Number of nodes 20
EtherApe-INFO: 22:34:02.745: delete node: IP: 13.32.121.101. Number of nodes 19
EtherApe-INFO: 22:34:08.547: New node: IP: 172.217.16.10. Number of nodes 20
EtherApe-INFO: 22:34:52.836: New node: IP: 140.82.113.26. Number of nodes 21
EtherApe-INFO: 22:34:59.235: New node: IP: 142.250.75.10. Number of nodes 22
EtherApe-INFO: 22:35:14.399: delete node: IP: 192.168.1.1. Number of nodes 21
EtherApe-INFO: 22:35:14.399: delete node: IP: 95.216.195.133. Number of nodes 20
EtherApe-INFO: 22:35:35.589: delete node: IP: 149.154.167.216. Number of nodes 19
EtherApe-INFO: 22:35:36.415: delete node: IP: 93.184.220.29. Number of nodes 18
EtherApe-INFO: 22:35:49.941: delete node: IP: 52.43.61.95. Number of nodes 17
EtherApe-INFO: 22:36:08.954: delete node: IP: 172.217.16.10. Number of nodes 16
EtherApe-INFO: 22:36:26.078: delete node: IP: 140.82.112.5. Number of nodes 15
EtherApe-INFO: 22:36:53.217: delete node: IP: 140.82.112.26. Number of nodes 14
EtherApe-INFO: 22:36:59.615: delete node: IP: 9.9.9.9. Number of nodes 13
EtherApe-INFO: 22:37:03.140: New node: IP: 13.32.121.101. Number of nodes 14
EtherApe-INFO: 22:38:14.051: New node: IP: 192.168.1.1. Number of nodes 15
EtherApe-INFO: 22:38:14.051: New node: IP: 9.9.9.9. Number of nodes 16
EtherApe-INFO: 22:38:14.307: New node: IP: 95.216.195.133. Number of nodes 17
EtherApe-INFO: 22:38:48.355: New node: IP: 52.43.61.95. Number of nodes 18
EtherApe-INFO: 22:38:54.499: New node: IP: 34.107.141.31. Number of nodes 19
EtherApe-INFO: 22:38:54.499: New node: IP: 34.211.217.44. Number of nodes 20
EtherApe-INFO: 22:38:54.755: New node: IP: 35.186.227.140. Number of nodes 21
EtherApe-INFO: 22:39:08.323: New node: IP: 216.58.215.101. Number of nodes 22
EtherApe-INFO: 22:39:32.388: New node: IP: 172.217.16.42. Number of nodes 23
EtherApe-INFO: 22:39:32.900: New node: IP: 172.217.16.10. Number of nodes 24
EtherApe-INFO: 22:39:42.371: New node: IP: 34.120.208.123. Number of nodes 25
EtherApe-INFO: 22:39:52.395: delete node: IP: 142.250.75.10. Number of nodes 24
EtherApe-INFO: 22:40:14.473: delete node: IP: 192.168.1.1. Number of nodes 23
EtherApe-INFO: 22:40:14.680: delete node: IP: 95.216.195.133. Number of nodes 22
EtherApe-INFO: 22:40:20.771: New node: IP: 149.154.167.216. Number of nodes 23
EtherApe-INFO: 22:40:34.595: New node: IP: 35.201.103.21. Number of nodes 24
EtherApe-INFO: 22:40:34.597: New node: IP: 34.98.75.36. Number of nodes 25
EtherApe-INFO: 22:40:34.853: New node: IP: 34.160.144.191. Number of nodes 26
EtherApe-INFO: 22:40:50.549: delete node: IP: 52.43.61.95. Number of nodes 25
EtherApe-INFO: 22:40:55.941: delete node: IP: 34.107.141.31. Number of nodes 24
EtherApe-INFO: 22:40:59.427: New node: IP: 63.33.228.172. Number of nodes 25
EtherApe-INFO: 22:41:00.500: delete node: IP: 13.32.121.101. Number of nodes 24
EtherApe-INFO: 22:41:07.653: delete node: IP: 142.250.203.197. Number of nodes 23
EtherApe-INFO: 22:41:32.747: delete node: IP: 9.9.9.9. Number of nodes 22
EtherApe-INFO: 22:41:33.265: delete node: IP: 172.217.16.10. Number of nodes 21
EtherApe-INFO: 22:41:42.488: delete node: IP: 216.58.209.10. Number of nodes 20
EtherApe-INFO: 22:41:55.331: delete node: IP: 34.211.217.44. Number of nodes 19
EtherApe-INFO: 22:42:36.525: delete node: IP: 149.154.167.216. Number of nodes 18
EtherApe-INFO: 22:43:04.962: delete node: IP: 63.33.228.172. Number of nodes 17
EtherApe-INFO: 22:43:13.826: New node: IP: 192.168.1.1. Number of nodes 18
EtherApe-INFO: 22:43:14.083: New node: IP: 9.9.9.9. Number of nodes 19
EtherApe-INFO: 22:43:14.083: New node: IP: 95.216.195.133. Number of nodes 20
EtherApe-INFO: 22:43:31.492: New node: IP: 52.84.106.47. Number of nodes 21
EtherApe-INFO: 22:43:47.408: delete node: IP: 35.186.227.140. Number of nodes 20
EtherApe-INFO: 22:43:49.922: New node: IP: 52.43.61.95. Number of nodes 21
EtherApe-INFO: 22:44:34.528: delete node: IP: 34.120.208.123. Number of nodes 20
EtherApe-INFO: 22:45:14.186: delete node: IP: 192.168.1.1. Number of nodes 19
EtherApe-INFO: 22:45:14.494: delete node: IP: 95.216.195.133. Number of nodes 18
EtherApe-INFO: 22:45:26.778: delete node: IP: 35.201.103.21. Number of nodes 17
EtherApe-INFO: 22:45:26.778: delete node: IP: 34.160.144.191. Number of nodes 16
EtherApe-INFO: 22:45:26.778: delete node: IP: 34.98.75.36. Number of nodes 15
EtherApe-INFO: 22:45:32.346: delete node: IP: 9.9.9.9. Number of nodes 14
EtherApe-INFO: 22:45:51.332: delete node: IP: 52.43.61.95. Number of nodes 13
EtherApe-INFO: 22:46:09.490: delete node: IP: 216.58.215.101. Number of nodes 12
EtherApe-INFO: 22:46:17.892: New node: IP: 216.58.215.101. Number of nodes 13
EtherApe-INFO: 22:48:13.858: New node: IP: 192.168.1.1. Number of nodes 14
EtherApe-INFO: 22:48:14.115: New node: IP: 9.9.9.9. Number of nodes 15
EtherApe-INFO: 22:48:14.115: New node: IP: 95.216.195.133. Number of nodes 16
EtherApe-INFO: 22:48:50.211: New node: IP: 52.43.61.95. Number of nodes 17
EtherApe-INFO: 22:48:57.421: delete node: IP: 52.84.106.47. Number of nodes 16
EtherApe-INFO: 22:50:15.752: delete node: IP: 192.168.1.1. Number of nodes 15
EtherApe-INFO: 22:50:15.753: delete node: IP: 95.216.195.133. Number of nodes 14
EtherApe-INFO: 22:50:15.753: delete node: IP: 9.9.9.9. Number of nodes 13
EtherApe-INFO: 22:50:50.596: delete node: IP: 52.43.61.95. Number of nodes 12
EtherApe-INFO: 22:50:56.164: New node: IP: 9.9.9.9. Number of nodes 13
EtherApe-INFO: 22:50:56.164: New node: IP: 140.82.114.5. Number of nodes 14
EtherApe-INFO: 22:51:22.019: New node: IP: 63.33.228.172. Number of nodes 15
EtherApe-INFO: 22:51:26.629: New node: IP: 54.73.239.34. Number of nodes 16
EtherApe-INFO: 22:52:34.724: New node: IP: 91.236.251.29. Number of nodes 17
EtherApe-INFO: 22:53:13.891: New node: IP: 192.168.1.1. Number of nodes 18
EtherApe-INFO: 22:53:14.403: New node: IP: 95.216.195.133. Number of nodes 19
EtherApe-INFO: 22:53:22.116: delete node: IP: 63.33.228.172. Number of nodes 18
EtherApe-INFO: 22:53:27.289: delete node: IP: 54.73.239.34. Number of nodes 17
EtherApe-INFO: 22:53:50.499: New node: IP: 52.43.61.95. Number of nodes 18
EtherApe-INFO: 22:54:34.824: delete node: IP: 91.236.251.29. Number of nodes 17
EtherApe-INFO: 22:54:57.650: delete node: IP: 140.82.114.5. Number of nodes 16
EtherApe-INFO: 22:55:14.268: delete node: IP: 192.168.1.1. Number of nodes 15
EtherApe-INFO: 22:55:14.784: delete node: IP: 95.216.195.133. Number of nodes 14
EtherApe-INFO: 22:55:14.784: delete node: IP: 9.9.9.9. Number of nodes 13
EtherApe-INFO: 22:55:50.905: delete node: IP: 52.43.61.95. Number of nodes 12
EtherApe-INFO: 22:56:09.271: delete node: IP: 216.58.215.101. Number of nodes 11
EtherApe-INFO: 22:57:52.931: New node: IP: 172.217.16.10. Number of nodes 12
EtherApe-INFO: 22:58:13.923: New node: IP: 192.168.1.1. Number of nodes 13
EtherApe-INFO: 22:58:14.178: New node: IP: 9.9.9.9. Number of nodes 14
EtherApe-INFO: 22:58:14.179: New node: IP: 95.216.195.133. Number of nodes 15
EtherApe-INFO: 22:58:50.531: New node: IP: 52.43.61.95. Number of nodes 16
EtherApe-INFO: 22:59:15.107: New node: IP: 142.250.203.197. Number of nodes 17
EtherApe-INFO: 22:59:21.507: New node: IP: 149.154.167.216. Number of nodes 18
EtherApe-INFO: 22:59:53.343: delete node: IP: 172.217.16.10. Number of nodes 17
EtherApe-INFO: 23:00:04.771: New node: IP: 13.32.121.101. Number of nodes 18
EtherApe-INFO: 23:00:14.006: delete node: IP: 192.168.1.1. Number of nodes 17
EtherApe-INFO: 23:00:14.317: delete node: IP: 95.216.195.133. Number of nodes 16
EtherApe-INFO: 23:00:14.317: delete node: IP: 9.9.9.9. Number of nodes 15
EtherApe-INFO: 23:00:51.945: delete node: IP: 52.43.61.95. Number of nodes 14
EtherApe-INFO: 23:01:19.267: New node: IP: 172.217.16.10. Number of nodes 15
EtherApe-INFO: 23:01:36.701: delete node: IP: 149.154.167.216. Number of nodes 14
EtherApe-INFO: 23:01:44.611: New node: IP: 54.73.239.34. Number of nodes 15
EtherApe-INFO: 23:01:49.988: New node: IP: 52.51.253.173. Number of nodes 16
EtherApe-INFO: 23:01:50.243: New node: IP: 9.9.9.9. Number of nodes 17
EtherApe-INFO: 23:02:23.013: New node: IP: 52.84.106.19. Number of nodes 18
EtherApe-INFO: 23:02:28.132: New node: IP: 140.82.112.25. Number of nodes 19
EtherApe-INFO: 23:02:28.132: New node: IP: 8.8.8.8. Number of nodes 20
EtherApe-INFO: 23:02:59.876: New node: IP: 216.58.215.106. Number of nodes 21
EtherApe-INFO: 23:03:13.955: New node: IP: 192.168.1.1. Number of nodes 22
EtherApe-INFO: 23:03:13.955: New node: IP: 95.216.195.133. Number of nodes 23
EtherApe-INFO: 23:03:19.679: delete node: IP: 172.217.16.10. Number of nodes 22
EtherApe-INFO: 23:03:21.125: New node: IP: 172.217.16.10. Number of nodes 23
EtherApe-INFO: 23:03:44.976: delete node: IP: 54.73.239.34. Number of nodes 22
EtherApe-INFO: 23:03:50.819: New node: IP: 52.43.61.95. Number of nodes 23
EtherApe-INFO: 23:03:50.820: New node: IP: 35.241.9.150. Number of nodes 24
EtherApe-INFO: 23:03:50.821: New node: IP: 87.245.216.9. Number of nodes 25
EtherApe-INFO: 23:03:50.891: delete node: IP: 52.51.253.173. Number of nodes 24
EtherApe-INFO: 23:03:51.332: New node: IP: 34.160.144.191. Number of nodes 25
EtherApe-INFO: 23:04:01.403: delete node: IP: 13.32.121.101. Number of nodes 24
EtherApe-INFO: 23:04:23.356: delete node: IP: 140.82.113.26. Number of nodes 23
EtherApe-INFO: 23:04:28.230: delete node: IP: 8.8.8.8. Number of nodes 22
EtherApe-INFO: 23:05:14.082: delete node: IP: 192.168.1.1. Number of nodes 21
EtherApe-INFO: 23:05:14.289: delete node: IP: 95.216.195.133. Number of nodes 20
EtherApe-INFO: 23:05:21.228: delete node: IP: 172.217.16.10. Number of nodes 19
EtherApe-INFO: 23:05:50.950: delete node: IP: 52.43.61.95. Number of nodes 18
EtherApe-INFO: 23:05:53.542: delete node: IP: 9.9.9.9. Number of nodes 17
EtherApe-INFO: 23:06:09.885: delete node: IP: 142.250.203.197. Number of nodes 16
EtherApe-INFO: 23:06:19.083: delete node: IP: 52.84.106.19. Number of nodes 15
EtherApe-INFO: 23:07:45.869: delete node: IP: 87.245.216.9. Number of nodes 14
EtherApe-INFO: 23:07:53.090: delete node: IP: 216.58.215.106. Number of nodes 13
EtherApe-INFO: 23:08:13.987: New node: IP: 192.168.1.1. Number of nodes 14
EtherApe-INFO: 23:08:13.987: New node: IP: 9.9.9.9. Number of nodes 15
EtherApe-INFO: 23:08:14.243: New node: IP: 95.216.195.133. Number of nodes 16
EtherApe-INFO: 23:08:41.953: delete node: IP: 35.241.9.150. Number of nodes 15
EtherApe-INFO: 23:08:41.953: delete node: IP: 34.160.144.191. Number of nodes 14
EtherApe-INFO: 23:08:50.852: New node: IP: 52.43.61.95. Number of nodes 15
EtherApe-INFO: 23:09:12.868: New node: IP: 149.154.167.216. Number of nodes 16
EtherApe-INFO: 23:09:15.939: New node: IP: 142.250.203.197. Number of nodes 17
EtherApe-INFO: 23:09:51.523: New node: IP: 172.217.16.10. Number of nodes 18
EtherApe-INFO: 23:10:14.568: delete node: IP: 192.168.1.1. Number of nodes 17
EtherApe-INFO: 23:10:14.568: delete node: IP: 95.216.195.133. Number of nodes 16
EtherApe-INFO: 23:10:14.568: delete node: IP: 9.9.9.9. Number of nodes 15
EtherApe-INFO: 23:10:52.015: delete node: IP: 52.43.61.95. Number of nodes 14
EtherApe-INFO: 23:11:28.608: delete node: IP: 149.154.167.216. Number of nodes 13
EtherApe-INFO: 23:11:51.890: delete node: IP: 172.217.16.10. Number of nodes 12
EtherApe-INFO: 23:12:07.203: New node: IP: 52.51.253.173. Number of nodes 13
EtherApe-INFO: 23:12:27.977: delete node: IP: 3.127.160.74. Number of nodes 12
EtherApe-INFO: 23:13:14.019: New node: IP: 192.168.1.1. Number of nodes 13
EtherApe-INFO: 23:13:14.019: New node: IP: 9.9.9.9. Number of nodes 14
EtherApe-INFO: 23:13:14.019: New node: IP: 95.216.195.133. Number of nodes 15
EtherApe-INFO: 23:13:50.884: New node: IP: 52.43.61.95. Number of nodes 16
EtherApe-INFO: 23:14:14.724: delete node: IP: 52.51.253.173. Number of nodes 15
EtherApe-INFO: 23:15:14.184: delete node: IP: 192.168.1.1. Number of nodes 14
EtherApe-INFO: 23:15:14.389: delete node: IP: 95.216.195.133. Number of nodes 13
EtherApe-INFO: 23:15:14.389: delete node: IP: 9.9.9.9. Number of nodes 12
EtherApe-INFO: 23:15:40.707: New node: IP: 3.127.160.74. Number of nodes 13
EtherApe-INFO: 23:15:51.277: delete node: IP: 52.43.61.95. Number of nodes 12
EtherApe-INFO: 23:16:10.749: delete node: IP: 142.250.203.197. Number of nodes 11
EtherApe-INFO: 23:16:52.899: New node: IP: 34.120.208.123. Number of nodes 12
EtherApe-INFO: 23:17:00.068: New node: IP: 104.18.6.240. Number of nodes 13
EtherApe-INFO: 23:17:00.323: New node: IP: 9.9.9.9. Number of nodes 14
EtherApe-INFO: 23:17:00.324: New node: IP: 104.18.13.33. Number of nodes 15
EtherApe-INFO: 23:17:00.326: New node: IP: 93.184.220.29. Number of nodes 16
EtherApe-INFO: 23:17:00.580: New node: IP: 104.18.12.33. Number of nodes 17
EtherApe-INFO: 23:18:14.051: New node: IP: 192.168.1.1. Number of nodes 18
EtherApe-INFO: 23:18:14.052: New node: IP: 95.216.195.133. Number of nodes 19
EtherApe-INFO: 23:18:18.403: New node: IP: 142.250.203.202. Number of nodes 20
EtherApe-INFO: 23:18:51.171: New node: IP: 52.43.61.95. Number of nodes 21
EtherApe-INFO: 23:19:16.517: New node: IP: 216.58.215.101. Number of nodes 22
EtherApe-INFO: 23:20:14.192: delete node: IP: 192.168.1.1. Number of nodes 21
EtherApe-INFO: 23:20:14.192: delete node: IP: 9.9.9.9. Number of nodes 20
EtherApe-INFO: 23:20:14.913: delete node: IP: 95.216.195.133. Number of nodes 19
EtherApe-INFO: 23:20:19.564: delete node: IP: 142.250.203.202. Number of nodes 18
EtherApe-INFO: 23:20:22.821: New node: IP: 172.217.16.10. Number of nodes 19
EtherApe-INFO: 23:20:51.252: delete node: IP: 52.43.61.95. Number of nodes 18
EtherApe-INFO: 23:20:55.909: delete node: IP: 93.184.220.29. Number of nodes 17
EtherApe-INFO: 23:21:44.566: delete node: IP: 34.120.208.123. Number of nodes 16
EtherApe-INFO: 23:21:52.004: delete node: IP: 104.18.13.33. Number of nodes 15
EtherApe-INFO: 23:21:54.472: New node: IP: 216.58.209.10. Number of nodes 16
EtherApe-INFO: 23:21:54.473: New node: IP: 216.58.215.99. Number of nodes 17
EtherApe-INFO: 23:21:57.283: New node: IP: 62.182.19.39. Number of nodes 18
EtherApe-INFO: 23:21:58.309: New node: IP: 35.241.9.150. Number of nodes 19
EtherApe-INFO: 23:21:58.569: New node: IP: 34.120.208.123. Number of nodes 20
EtherApe-INFO: 23:22:07.299: delete node: IP: 104.18.6.240. Number of nodes 19
EtherApe-INFO: 23:22:29.794: New node: IP: 52.51.253.173. Number of nodes 20
EtherApe-INFO: 23:22:34.404: New node: IP: 54.171.156.218. Number of nodes 21
EtherApe-INFO: 23:22:35.940: New node: IP: 104.18.13.33. Number of nodes 22
EtherApe-INFO: 23:22:40.804: New node: IP: 13.32.121.101. Number of nodes 23
EtherApe-INFO: 23:23:13.827: New node: IP: 192.168.1.1. Number of nodes 24
EtherApe-INFO: 23:23:14.083: New node: IP: 9.9.9.9. Number of nodes 25
EtherApe-INFO: 23:23:14.083: New node: IP: 95.216.195.133. Number of nodes 26
EtherApe-INFO: 23:23:27.191: delete node: IP: 172.217.16.10. Number of nodes 25
EtherApe-INFO: 23:23:51.203: New node: IP: 52.43.61.95. Number of nodes 26
EtherApe-INFO: 23:24:26.819: delete node: IP: 104.18.12.33. Number of nodes 25
EtherApe-INFO: 23:24:31.684: delete node: IP: 52.51.253.173. Number of nodes 24
EtherApe-INFO: 23:24:36.854: delete node: IP: 54.171.156.218. Number of nodes 23
EtherApe-INFO: 23:24:55.987: delete node: IP: 3.122.47.55. Number of nodes 22
EtherApe-INFO: 23:24:57.018: delete node: IP: 3.127.160.74. Number of nodes 21
EtherApe-INFO: 23:25:01.661: delete node: IP: 62.182.19.39. Number of nodes 20
EtherApe-INFO: 23:25:15.186: delete node: IP: 192.168.1.1. Number of nodes 19
EtherApe-INFO: 23:25:15.186: delete node: IP: 95.216.195.133. Number of nodes 18
EtherApe-INFO: 23:25:15.186: delete node: IP: 9.9.9.9. Number of nodes 17
EtherApe-INFO: 23:25:50.575: delete node: IP: 216.58.215.99. Number of nodes 16
EtherApe-INFO: 23:25:51.812: delete node: IP: 52.43.61.95. Number of nodes 15
EtherApe-INFO: 23:26:14.340: delete node: IP: 216.58.215.101. Number of nodes 14
EtherApe-INFO: 23:26:37.894: delete node: IP: 13.32.121.101. Number of nodes 13
EtherApe-INFO: 23:26:42.979: New node: IP: 91.236.251.29. Number of nodes 14
EtherApe-INFO: 23:26:46.636: delete node: IP: 216.58.209.10. Number of nodes 13
EtherApe-INFO: 23:26:49.727: delete node: IP: 35.241.9.150. Number of nodes 12
EtherApe-INFO: 23:26:49.727: delete node: IP: 34.120.208.123. Number of nodes 11
EtherApe-INFO: 23:27:28.638: delete node: IP: 104.18.13.33. Number of nodes 10
EtherApe-INFO: 23:28:13.859: New node: IP: 192.168.1.1. Number of nodes 11
EtherApe-INFO: 23:28:14.115: New node: IP: 9.9.9.9. Number of nodes 12
EtherApe-INFO: 23:28:14.115: New node: IP: 95.216.195.133. Number of nodes 13
EtherApe-INFO: 23:28:28.708: New node: IP: 140.82.112.26. Number of nodes 14
EtherApe-INFO: 23:28:30.755: New node: IP: 172.217.16.10. Number of nodes 15
EtherApe-INFO: 23:28:43.108: delete node: IP: 91.236.251.29. Number of nodes 14
EtherApe-INFO: 23:28:51.491: New node: IP: 52.43.61.95. Number of nodes 15
EtherApe-INFO: 23:29:17.348: New node: IP: 142.250.203.197. Number of nodes 16
EtherApe-INFO: 23:30:01.381: New node: IP: 13.32.121.101. Number of nodes 17
EtherApe-INFO: 23:30:16.768: delete node: IP: 192.168.1.1. Number of nodes 16
EtherApe-INFO: 23:30:16.768: delete node: IP: 95.216.195.133. Number of nodes 15
EtherApe-INFO: 23:30:16.768: delete node: IP: 9.9.9.9. Number of nodes 14
EtherApe-INFO: 23:30:29.037: delete node: IP: 140.82.112.25. Number of nodes 13
EtherApe-INFO: 23:30:31.096: delete node: IP: 172.217.16.10. Number of nodes 12
EtherApe-INFO: 23:30:51.816: delete node: IP: 52.43.61.95. Number of nodes 11
EtherApe-INFO: 23:31:00.259: New node: IP: 216.58.215.106. Number of nodes 12
EtherApe-INFO: 23:32:52.386: New node: IP: 54.171.156.218. Number of nodes 13
EtherApe-INFO: 23:32:57.764: New node: IP: 52.19.109.21. Number of nodes 14
EtherApe-INFO: 23:32:58.019: New node: IP: 9.9.9.9. Number of nodes 15
EtherApe-INFO: 23:33:10.308: New node: IP: 149.154.167.216. Number of nodes 16
EtherApe-INFO: 23:33:13.891: New node: IP: 192.168.1.1. Number of nodes 17
EtherApe-INFO: 23:33:14.659: New node: IP: 95.216.195.133. Number of nodes 18
EtherApe-INFO: 23:33:50.755: New node: IP: 52.43.61.95. Number of nodes 19
EtherApe-INFO: 23:33:57.470: delete node: IP: 13.32.121.101. Number of nodes 18
EtherApe-INFO: 23:34:53.048: delete node: IP: 54.171.156.218. Number of nodes 17
EtherApe-INFO: 23:34:59.117: delete node: IP: 52.19.109.21. Number of nodes 16
EtherApe-INFO: 23:35:16.800: delete node: IP: 192.168.1.1. Number of nodes 15
EtherApe-INFO: 23:35:16.800: delete node: IP: 95.216.195.133. Number of nodes 14
EtherApe-INFO: 23:35:16.800: delete node: IP: 9.9.9.9. Number of nodes 13
EtherApe-INFO: 23:35:25.542: delete node: IP: 149.154.167.216. Number of nodes 12
EtherApe-INFO: 23:35:38.788: New node: IP: 149.154.167.216. Number of nodes 13
EtherApe-INFO: 23:35:51.866: delete node: IP: 52.43.61.95. Number of nodes 12
EtherApe-INFO: 23:35:54.233: delete node: IP: 216.58.215.106. Number of nodes 11
EtherApe-INFO: 23:36:12.642: delete node: IP: 142.250.203.197. Number of nodes 10
EtherApe-INFO: 23:38:13.924: New node: IP: 192.168.1.1. Number of nodes 11
EtherApe-INFO: 23:38:14.179: New node: IP: 9.9.9.9. Number of nodes 12
EtherApe-INFO: 23:38:14.179: New node: IP: 95.216.195.133. Number of nodes 13
EtherApe-INFO: 23:38:51.810: New node: IP: 52.43.61.95. Number of nodes 14
EtherApe-INFO: 23:38:56.420: New node: IP: 34.211.217.44. Number of nodes 15
EtherApe-INFO: 23:38:56.420: New node: IP: 34.107.141.31. Number of nodes 16
EtherApe-INFO: 23:38:56.676: New node: IP: 44.240.2.129. Number of nodes 17
EtherApe-INFO: 23:38:57.699: New node: IP: 35.186.227.140. Number of nodes 18
EtherApe-INFO: 23:39:08.964: New node: IP: 216.58.215.101. Number of nodes 19
EtherApe-INFO: 23:39:29.023: delete node: IP: 149.154.167.216. Number of nodes 18
EtherApe-INFO: 23:39:32.771: New node: IP: 172.217.16.10. Number of nodes 19
EtherApe-INFO: 23:39:42.243: New node: IP: 34.120.208.123. Number of nodes 20
EtherApe-INFO: 23:40:14.788: delete node: IP: 192.168.1.1. Number of nodes 19
EtherApe-INFO: 23:40:14.789: delete node: IP: 95.216.195.133. Number of nodes 18
EtherApe-INFO: 23:40:14.789: delete node: IP: 9.9.9.9. Number of nodes 17
EtherApe-INFO: 23:40:52.149: delete node: IP: 52.43.61.95. Number of nodes 16
EtherApe-INFO: 23:40:58.853: delete node: IP: 34.107.141.31. Number of nodes 15
EtherApe-INFO: 23:41:05.699: New node: IP: 13.32.121.101. Number of nodes 16
EtherApe-INFO: 23:41:58.950: delete node: IP: 44.240.2.129. Number of nodes 15
EtherApe-INFO: 23:41:58.950: delete node: IP: 34.211.217.44. Number of nodes 14
EtherApe-INFO: 23:42:19.762: delete node: IP: 172.217.16.42. Number of nodes 13
EtherApe-INFO: 23:43:13.955: New node: IP: 192.168.1.1. Number of nodes 14
EtherApe-INFO: 23:43:13.955: New node: IP: 9.9.9.9. Number of nodes 15
EtherApe-INFO: 23:43:13.955: New node: IP: 95.216.195.133. Number of nodes 16
EtherApe-INFO: 23:43:14.979: New node: IP: 52.19.109.21. Number of nodes 17
EtherApe-INFO: 23:43:20.100: New node: IP: 54.229.152.140. Number of nodes 18
EtherApe-INFO: 23:43:50.638: delete node: IP: 35.186.227.140. Number of nodes 17
EtherApe-INFO: 23:43:51.843: New node: IP: 52.43.61.95. Number of nodes 18
EtherApe-INFO: 23:44:33.333: delete node: IP: 34.120.208.123. Number of nodes 17
EtherApe-INFO: 23:45:02.346: delete node: IP: 13.32.121.101. Number of nodes 16
EtherApe-INFO: 23:45:15.301: delete node: IP: 192.168.1.1. Number of nodes 15
EtherApe-INFO: 23:45:15.301: delete node: IP: 95.216.195.133. Number of nodes 14
EtherApe-INFO: 23:45:15.301: delete node: IP: 52.19.109.21. Number of nodes 13
EtherApe-INFO: 23:45:15.301: delete node: IP: 9.9.9.9. Number of nodes 12
EtherApe-INFO: 23:45:21.980: delete node: IP: 54.229.152.140. Number of nodes 11
EtherApe-INFO: 23:45:53.227: delete node: IP: 52.43.61.95. Number of nodes 10
EtherApe-INFO: 23:46:13.475: delete node: IP: 216.58.215.101. Number of nodes 9
EtherApe-INFO: 23:48:03.747: New node: IP: 216.58.215.101. Number of nodes 10
EtherApe-INFO: 23:48:13.987: New node: IP: 192.168.1.1. Number of nodes 11
EtherApe-INFO: 23:48:13.988: New node: IP: 9.9.9.9. Number of nodes 12
EtherApe-INFO: 23:48:14.500: New node: IP: 95.216.195.133. Number of nodes 13
EtherApe-INFO: 23:48:17.316: New node: IP: 216.58.209.14. Number of nodes 14
EtherApe-INFO: 23:48:18.086: New node: IP: 216.58.215.78. Number of nodes 15
EtherApe-INFO: 23:48:18.087: New node: IP: 216.58.215.67. Number of nodes 16
EtherApe-INFO: 23:48:19.370: New node: IP: 104.20.190.42. Number of nodes 17
EtherApe-INFO: 23:48:19.884: New node: IP: 176.122.110.206. Number of nodes 18
EtherApe-INFO: 23:48:20.163: New node: IP: 142.250.203.129. Number of nodes 19
EtherApe-INFO: 23:48:22.238: New node: IP: 216.58.208.202. Number of nodes 20
EtherApe-INFO: 23:48:22.250: New node: IP: 142.250.203.138. Number of nodes 21
EtherApe-INFO: 23:48:22.453: New node: IP: 142.250.203.131. Number of nodes 22
EtherApe-INFO: 23:48:23.971: New node: IP: 142.250.75.22. Number of nodes 23
EtherApe-INFO: 23:48:24.746: New node: IP: 142.250.203.202. Number of nodes 24
EtherApe-INFO: 23:48:24.998: New node: IP: 8.8.8.8. Number of nodes 25
EtherApe-INFO: 23:48:26.704: New node: IP: 216.58.215.110. Number of nodes 26
EtherApe-INFO: 23:48:52.234: New node: IP: 52.43.61.95. Number of nodes 27
EtherApe-INFO: 23:50:14.247: delete node: IP: 192.168.1.1. Number of nodes 26
EtherApe-INFO: 23:50:15.486: delete node: IP: 95.216.195.133. Number of nodes 25
EtherApe-INFO: 23:50:24.486: delete node: IP: 142.250.203.131. Number of nodes 24
EtherApe-INFO: 23:50:24.486: delete node: IP: 9.9.9.9. Number of nodes 23
EtherApe-INFO: 23:50:25.213: delete node: IP: 142.250.203.202. Number of nodes 22
EtherApe-INFO: 23:50:25.213: delete node: IP: 8.8.8.8. Number of nodes 21
EtherApe-INFO: 23:50:28.523: delete node: IP: 216.58.215.110. Number of nodes 20
EtherApe-INFO: 23:50:28.523: delete node: IP: 142.250.203.129. Number of nodes 19
EtherApe-INFO: 23:50:38.032: delete node: IP: 142.250.203.142. Number of nodes 18
EtherApe-INFO: 23:50:55.384: delete node: IP: 52.43.61.95. Number of nodes 17
EtherApe-INFO: 23:52:19.893: delete node: IP: 216.58.215.67. Number of nodes 16
EtherApe-INFO: 23:52:20.922: delete node: IP: 176.122.110.206. Number of nodes 15
EtherApe-INFO: 23:52:41.355: New node: IP: 140.82.121.3. Number of nodes 16
EtherApe-INFO: 23:52:42.642: New node: IP: 185.199.108.154. Number of nodes 17
EtherApe-INFO: 23:52:42.891: New node: IP: 9.9.9.9. Number of nodes 18
EtherApe-INFO: 23:52:43.161: New node: IP: 185.199.110.133. Number of nodes 19
EtherApe-INFO: 23:52:43.661: New node: IP: 140.82.114.26. Number of nodes 20
EtherApe-INFO: 23:53:12.916: delete node: IP: 142.250.203.138. Number of nodes 19
EtherApe-INFO: 23:53:12.916: delete node: IP: 104.20.190.42. Number of nodes 18
EtherApe-INFO: 23:53:13.867: New node: IP: 192.168.1.1. Number of nodes 19
EtherApe-INFO: 23:53:14.123: New node: IP: 95.216.195.133. Number of nodes 20
EtherApe-INFO: 23:53:17.462: delete node: IP: 216.58.208.202. Number of nodes 19
EtherApe-INFO: 23:53:17.463: delete node: IP: 142.250.75.22. Number of nodes 18
EtherApe-INFO: 23:53:21.805: delete node: IP: 216.58.215.78. Number of nodes 17
EtherApe-INFO: 23:53:37.419: New node: IP: 54.229.152.140. Number of nodes 18
EtherApe-INFO: 23:53:52.267: New node: IP: 52.43.61.95. Number of nodes 19
EtherApe-INFO: 23:54:42.991: delete node: IP: 140.82.112.26. Number of nodes 18
EtherApe-INFO: 23:55:15.033: delete node: IP: 192.168.1.1. Number of nodes 17
EtherApe-INFO: 23:55:15.034: delete node: IP: 95.216.195.133. Number of nodes 16
EtherApe-INFO: 23:55:15.034: delete node: IP: 9.9.9.9. Number of nodes 15
EtherApe-INFO: 23:55:43.887: delete node: IP: 54.229.152.140. Number of nodes 14
EtherApe-INFO: 23:55:53.693: delete node: IP: 52.43.61.95. Number of nodes 13
EtherApe-INFO: 23:56:02.058: New node: IP: 9.9.9.9. Number of nodes 14
EtherApe-INFO: 23:56:05.899: New node: IP: 140.82.112.4. Number of nodes 15
EtherApe-INFO: 23:56:30.475: New node: IP: 140.82.121.4. Number of nodes 16
EtherApe-INFO: 23:57:34.560: delete node: IP: 185.199.110.133. Number of nodes 15
EtherApe-INFO: 23:58:13.899: New node: IP: 192.168.1.1. Number of nodes 16
EtherApe-INFO: 23:58:14.155: New node: IP: 95.216.195.133. Number of nodes 17
EtherApe-INFO: 23:58:32.669: delete node: IP: 140.82.112.4. Number of nodes 16
EtherApe-INFO: 23:58:39.583: delete node: IP: 140.82.121.4. Number of nodes 15
EtherApe-INFO: 23:58:52.555: New node: IP: 52.43.61.95. Number of nodes 16
EtherApe-INFO: 23:59:00.235: New node: IP: 142.250.203.138. Number of nodes 17
EtherApe-INFO: 23:59:28.396: New node: IP: 13.32.121.101. Number of nodes 18
EtherApe-INFO: 00:00:07.563: New node: IP: 149.154.167.216. Number of nodes 19
EtherApe-INFO: 00:00:14.040: delete node: IP: 192.168.1.1. Number of nodes 18
EtherApe-INFO: 00:00:14.353: delete node: IP: 9.9.9.9. Number of nodes 17
EtherApe-INFO: 00:00:14.559: delete node: IP: 95.216.195.133. Number of nodes 16
EtherApe-INFO: 00:00:45.442: delete node: IP: 185.199.108.154. Number of nodes 15
EtherApe-INFO: 00:00:45.442: delete node: IP: 140.82.121.3. Number of nodes 14
EtherApe-INFO: 00:00:51.228: New node: IP: 91.236.251.29. Number of nodes 15
EtherApe-INFO: 00:00:54.106: delete node: IP: 52.43.61.95. Number of nodes 14
EtherApe-INFO: 00:01:36.463: New node: IP: 149.154.171.255. Number of nodes 15
EtherApe-INFO: 00:01:36.715: New node: IP: 9.9.9.9. Number of nodes 16
EtherApe-INFO: 00:01:41.835: New node: IP: 149.154.167.91. Number of nodes 17
EtherApe-INFO: 00:02:52.077: delete node: IP: 91.236.251.29. Number of nodes 16
EtherApe-INFO: 00:03:14.024: New node: IP: 192.168.1.1. Number of nodes 17
EtherApe-INFO: 00:03:14.044: New node: IP: 95.216.195.133. Number of nodes 18
EtherApe-INFO: 00:03:50.899: New node: IP: 52.43.61.95. Number of nodes 19
EtherApe-INFO: 00:03:53.980: delete node: IP: 149.154.171.255. Number of nodes 18
EtherApe-INFO: 00:03:53.980: delete node: IP: 142.250.203.138. Number of nodes 17
EtherApe-INFO: 00:03:57.908: delete node: IP: 149.154.167.91. Number of nodes 16
EtherApe-INFO: 00:03:58.838: New node: IP: 140.82.121.3. Number of nodes 17
EtherApe-INFO: 00:04:00.114: New node: IP: 54.229.152.140. Number of nodes 18
EtherApe-INFO: 00:04:00.704: delete node: IP: 13.32.121.101. Number of nodes 17
EtherApe-INFO: 00:05:14.927: delete node: IP: 192.168.1.1. Number of nodes 16
EtherApe-INFO: 00:05:14.927: delete node: IP: 95.216.195.133. Number of nodes 15
EtherApe-INFO: 00:05:14.927: delete node: IP: 9.9.9.9. Number of nodes 14
EtherApe-INFO: 00:05:53.850: delete node: IP: 52.43.61.95. Number of nodes 13
EtherApe-INFO: 00:06:06.106: delete node: IP: 54.229.152.140. Number of nodes 12
EtherApe-INFO: 00:07:09.117: delete node: IP: 149.154.167.216. Number of nodes 11
EtherApe-INFO: 00:08:14.067: New node: IP: 192.168.1.1. Number of nodes 12
EtherApe-INFO: 00:08:14.067: New node: IP: 9.9.9.9. Number of nodes 13
EtherApe-INFO: 00:08:14.067: New node: IP: 95.216.195.133. Number of nodes 14
EtherApe-INFO: 00:08:50.936: delete node: IP: 140.82.121.3. Number of nodes 13
EtherApe-INFO: 00:08:52.722: New node: IP: 52.43.61.95. Number of nodes 14
EtherApe-INFO: 00:10:15.995: delete node: IP: 192.168.1.1. Number of nodes 13
EtherApe-INFO: 00:10:15.995: delete node: IP: 95.216.195.133. Number of nodes 12
EtherApe-INFO: 00:10:15.995: delete node: IP: 9.9.9.9. Number of nodes 11
EtherApe-INFO: 00:10:42.803: New node: IP: 142.250.203.202. Number of nodes 12
EtherApe-INFO: 00:10:53.352: delete node: IP: 52.43.61.95. Number of nodes 11
EtherApe-INFO: 00:12:45.514: delete node: IP: 142.250.203.202. Number of nodes 10
EtherApe-INFO: 00:13:13.842: New node: IP: 192.168.1.1. Number of nodes 11
EtherApe-INFO: 00:13:14.099: New node: IP: 9.9.9.9. Number of nodes 12
EtherApe-INFO: 00:13:14.099: New node: IP: 95.216.195.133. Number of nodes 13
EtherApe-INFO: 00:13:32.787: New node: IP: 142.250.203.202. Number of nodes 14
EtherApe-INFO: 00:13:51.249: delete node: IP: 216.58.215.101. Number of nodes 13
EtherApe-INFO: 00:13:53.011: New node: IP: 52.43.61.95. Number of nodes 14
EtherApe-INFO: 00:14:01.460: New node: IP: 142.250.203.197. Number of nodes 15
EtherApe-INFO: 00:14:22.707: New node: IP: 54.229.152.140. Number of nodes 16
EtherApe-INFO: 00:15:04.691: New node: IP: 52.84.106.14. Number of nodes 17
EtherApe-INFO: 00:15:15.446: delete node: IP: 192.168.1.1. Number of nodes 16
EtherApe-INFO: 00:15:15.446: delete node: IP: 95.216.195.133. Number of nodes 15
EtherApe-INFO: 00:15:15.446: delete node: IP: 9.9.9.9. Number of nodes 14
EtherApe-INFO: 00:15:33.160: delete node: IP: 142.250.203.202. Number of nodes 13
EtherApe-INFO: 00:15:53.851: delete node: IP: 52.43.61.95. Number of nodes 12
EtherApe-INFO: 00:16:27.929: delete node: IP: 54.229.152.140. Number of nodes 11
EtherApe-INFO: 00:17:35.731: New node: IP: 149.154.167.216. Number of nodes 12
EtherApe-INFO: 00:18:13.874: New node: IP: 192.168.1.1. Number of nodes 13
EtherApe-INFO: 00:18:14.131: New node: IP: 9.9.9.9. Number of nodes 14
EtherApe-INFO: 00:18:14.131: New node: IP: 95.216.195.133. Number of nodes 15
EtherApe-INFO: 00:18:21.812: New node: IP: 216.58.215.101. Number of nodes 16
EtherApe-INFO: 00:18:53.298: New node: IP: 52.43.61.95. Number of nodes 17
EtherApe-INFO: 00:18:53.299: New node: IP: 35.241.9.150. Number of nodes 18
EtherApe-INFO: 00:18:53.301: New node: IP: 34.160.144.191. Number of nodes 19
EtherApe-INFO: 00:18:53.376: delete node: IP: 142.250.203.197. Number of nodes 18
EtherApe-INFO: 00:19:01.850: delete node: IP: 52.84.106.14. Number of nodes 17
EtherApe-INFO: 00:19:51.156: New node: IP: 13.32.121.12. Number of nodes 18
EtherApe-INFO: 00:19:51.224: delete node: IP: 149.154.167.216. Number of nodes 17
EtherApe-INFO: 00:19:53.459: New node: IP: 35.201.103.21. Number of nodes 18
EtherApe-INFO: 00:19:53.461: New node: IP: 34.98.75.36. Number of nodes 19
EtherApe-INFO: 00:20:14.245: delete node: IP: 192.168.1.1. Number of nodes 18
EtherApe-INFO: 00:20:14.245: delete node: IP: 9.9.9.9. Number of nodes 17
EtherApe-INFO: 00:20:14.762: delete node: IP: 95.216.195.133. Number of nodes 16
EtherApe-INFO: 00:20:54.183: delete node: IP: 52.43.61.95. Number of nodes 15
EtherApe-INFO: 00:21:16.915: New node: IP: 149.154.167.216. Number of nodes 16
EtherApe-INFO: 00:23:13.907: New node: IP: 192.168.1.1. Number of nodes 17
EtherApe-INFO: 00:23:14.163: New node: IP: 9.9.9.9. Number of nodes 18
EtherApe-INFO: 00:23:14.163: New node: IP: 95.216.195.133. Number of nodes 19
EtherApe-INFO: 00:23:43.924: delete node: IP: 35.241.9.150. Number of nodes 18
EtherApe-INFO: 00:23:48.247: delete node: IP: 13.32.121.12. Number of nodes 17
EtherApe-INFO: 00:23:53.075: New node: IP: 52.43.61.95. Number of nodes 18
EtherApe-INFO: 00:23:53.090: delete node: IP: 216.58.215.101. Number of nodes 17
EtherApe-INFO: 00:24:02.292: New node: IP: 142.250.203.197. Number of nodes 18
EtherApe-INFO: 00:24:45.120: delete node: IP: 35.201.103.21. Number of nodes 17
EtherApe-INFO: 00:24:45.120: delete node: IP: 34.160.144.191. Number of nodes 16
EtherApe-INFO: 00:24:45.120: delete node: IP: 34.98.75.36. Number of nodes 15
EtherApe-INFO: 00:24:45.300: New node: IP: 54.229.152.140. Number of nodes 16
EtherApe-INFO: 00:24:50.931: New node: IP: 52.212.99.156. Number of nodes 17
EtherApe-INFO: 00:25:15.297: delete node: IP: 192.168.1.1. Number of nodes 16
EtherApe-INFO: 00:25:15.297: delete node: IP: 95.216.195.133. Number of nodes 15
EtherApe-INFO: 00:25:15.297: delete node: IP: 9.9.9.9. Number of nodes 14
EtherApe-INFO: 00:25:34.037: delete node: IP: 149.154.167.216. Number of nodes 13
EtherApe-INFO: 00:25:54.164: New node: IP: 140.82.112.26. Number of nodes 14
EtherApe-INFO: 00:25:54.209: delete node: IP: 52.43.61.95. Number of nodes 13
EtherApe-INFO: 00:26:45.641: delete node: IP: 54.229.152.140. Number of nodes 12
EtherApe-INFO: 00:26:51.301: delete node: IP: 52.212.99.156. Number of nodes 11
EtherApe-INFO: 00:27:00.723: New node: IP: 216.58.215.74. Number of nodes 12
EtherApe-INFO: 00:27:00.978: New node: IP: 9.9.9.9. Number of nodes 13
EtherApe-INFO: 00:27:54.586: delete node: IP: 140.82.114.26. Number of nodes 12
EtherApe-INFO: 00:28:13.939: New node: IP: 192.168.1.1. Number of nodes 13
EtherApe-INFO: 00:28:14.195: New node: IP: 95.216.195.133. Number of nodes 14
EtherApe-INFO: 00:28:22.131: New node: IP: 216.58.215.101. Number of nodes 15
EtherApe-INFO: 00:28:53.363: New node: IP: 52.43.61.95. Number of nodes 16
EtherApe-INFO: 00:28:53.691: delete node: IP: 142.250.203.197. Number of nodes 15
EtherApe-INFO: 00:30:01.972: New node: IP: 13.32.121.101. Number of nodes 16
EtherApe-INFO: 00:30:14.870: delete node: IP: 192.168.1.1. Number of nodes 15
EtherApe-INFO: 00:30:14.870: delete node: IP: 95.216.195.133. Number of nodes 14
EtherApe-INFO: 00:30:14.870: delete node: IP: 9.9.9.9. Number of nodes 13
EtherApe-INFO: 00:30:54.002: delete node: IP: 52.43.61.95. Number of nodes 12
EtherApe-INFO: 00:31:54.614: delete node: IP: 216.58.215.74. Number of nodes 11
EtherApe-INFO: 00:33:13.971: New node: IP: 192.168.1.1. Number of nodes 12
EtherApe-INFO: 00:33:13.971: New node: IP: 9.9.9.9. Number of nodes 13
EtherApe-INFO: 00:33:13.971: New node: IP: 95.216.195.133. Number of nodes 14
EtherApe-INFO: 00:33:53.209: delete node: IP: 216.58.215.101. Number of nodes 13
EtherApe-INFO: 00:33:53.651: New node: IP: 52.43.61.95. Number of nodes 14
EtherApe-INFO: 00:33:58.360: delete node: IP: 13.32.121.101. Number of nodes 13
EtherApe-INFO: 00:34:03.379: New node: IP: 216.58.215.101. Number of nodes 14
EtherApe-INFO: 00:34:59.699: New node: IP: 91.236.251.29. Number of nodes 15
EtherApe-INFO: 00:35:07.891: New node: IP: 52.212.99.156. Number of nodes 16
EtherApe-INFO: 00:35:13.012: New node: IP: 54.75.137.188. Number of nodes 17
EtherApe-INFO: 00:35:15.660: delete node: IP: 192.168.1.1. Number of nodes 16
EtherApe-INFO: 00:35:15.660: delete node: IP: 95.216.195.133. Number of nodes 15
EtherApe-INFO: 00:35:54.529: delete node: IP: 52.43.61.95. Number of nodes 14
EtherApe-INFO: 00:36:09.843: New node: IP: 34.120.208.123. Number of nodes 15
EtherApe-INFO: 00:36:10.612: New node: IP: 35.241.9.150. Number of nodes 16
EtherApe-INFO: 00:36:11.379: New node: IP: 216.58.208.196. Number of nodes 17
EtherApe-INFO: 00:36:11.381: New node: IP: 216.58.215.99. Number of nodes 18
EtherApe-INFO: 00:36:17.012: New node: IP: 216.58.208.195. Number of nodes 19
EtherApe-INFO: 00:36:17.016: New node: IP: 216.58.208.214. Number of nodes 20
EtherApe-INFO: 00:36:18.552: New node: IP: 142.250.203.206. Number of nodes 21
EtherApe-INFO: 00:36:19.318: New node: IP: 216.58.215.67. Number of nodes 22
EtherApe-INFO: 00:36:19.572: New node: IP: 216.58.208.202. Number of nodes 23
EtherApe-INFO: 00:36:21.108: New node: IP: 216.58.215.110. Number of nodes 24
EtherApe-INFO: 00:36:21.364: New node: IP: 142.250.203.129. Number of nodes 25
EtherApe-INFO: 00:37:00.614: delete node: IP: 91.236.251.29. Number of nodes 24
EtherApe-INFO: 00:37:07.979: delete node: IP: 52.212.99.156. Number of nodes 23
EtherApe-INFO: 00:37:14.408: delete node: IP: 54.75.137.188. Number of nodes 22
EtherApe-INFO: 00:37:40.471: New node: IP: 91.198.174.192. Number of nodes 23
EtherApe-INFO: 00:37:41.241: New node: IP: 91.198.174.208. Number of nodes 24
EtherApe-INFO: 00:38:09.395: New node: IP: 142.250.203.142. Number of nodes 25
EtherApe-INFO: 00:38:09.664: New node: IP: 216.58.215.86. Number of nodes 26
EtherApe-INFO: 00:38:12.472: New node: IP: 172.217.16.33. Number of nodes 27
EtherApe-INFO: 00:38:12.475: New node: IP: 142.250.203.193. Number of nodes 28
EtherApe-INFO: 00:38:13.750: New node: IP: 142.250.75.10. Number of nodes 29
EtherApe-INFO: 00:38:14.005: New node: IP: 192.168.1.1. Number of nodes 30
EtherApe-INFO: 00:38:14.007: New node: IP: 95.216.195.133. Number of nodes 31
EtherApe-INFO: 00:38:18.611: New node: IP: 142.250.203.202. Number of nodes 32
EtherApe-INFO: 00:38:18.976: delete node: IP: 142.250.203.206. Number of nodes 31
EtherApe-INFO: 00:38:19.919: delete node: IP: 216.58.215.67. Number of nodes 30
EtherApe-INFO: 00:38:19.919: delete node: IP: 216.58.208.202. Number of nodes 29
EtherApe-INFO: 00:38:19.919: delete node: IP: 216.58.208.195. Number of nodes 28
EtherApe-INFO: 00:38:21.696: delete node: IP: 142.250.203.129. Number of nodes 27
EtherApe-INFO: 00:38:22.964: New node: IP: 142.250.203.197. Number of nodes 28
EtherApe-INFO: 00:38:33.461: New node: IP: 52.84.106.74. Number of nodes 29
EtherApe-INFO: 00:38:53.683: New node: IP: 52.43.61.95. Number of nodes 30
EtherApe-INFO: 00:38:54.737: delete node: IP: 216.58.215.101. Number of nodes 29
EtherApe-INFO: 00:38:56.758: New node: IP: 176.122.110.205. Number of nodes 30
EtherApe-INFO: 00:38:57.524: New node: IP: 142.250.203.131. Number of nodes 31
EtherApe-INFO: 00:38:59.829: New node: IP: 35.165.217.23. Number of nodes 32
EtherApe-INFO: 00:38:59.829: New node: IP: 34.107.141.31. Number of nodes 33
EtherApe-INFO: 00:39:00.084: New node: IP: 35.186.227.140. Number of nodes 34
EtherApe-INFO: 00:39:52.820: New node: IP: 142.250.203.138. Number of nodes 35
EtherApe-INFO: 00:40:13.314: delete node: IP: 142.250.203.193. Number of nodes 34
EtherApe-INFO: 00:40:14.872: delete node: IP: 192.168.1.1. Number of nodes 33
EtherApe-INFO: 00:40:14.872: delete node: IP: 95.216.195.133. Number of nodes 32
EtherApe-INFO: 00:40:16.644: delete node: IP: 216.58.215.110. Number of nodes 31
EtherApe-INFO: 00:40:18.727: delete node: IP: 142.250.203.202. Number of nodes 30
EtherApe-INFO: 00:40:52.980: New node: IP: 149.154.167.216. Number of nodes 31
EtherApe-INFO: 00:40:54.082: delete node: IP: 52.43.61.95. Number of nodes 30
EtherApe-INFO: 00:40:55.292: New node: IP: 172.217.16.46. Number of nodes 31
EtherApe-INFO: 00:40:58.102: New node: IP: 142.250.203.129. Number of nodes 32
EtherApe-INFO: 00:40:59.208: delete node: IP: 9.9.9.9. Number of nodes 31
EtherApe-INFO: 00:41:00.160: delete node: IP: 34.107.141.31. Number of nodes 30
EtherApe-INFO: 00:41:01.012: delete node: IP: 35.241.9.150. Number of nodes 29
EtherApe-INFO: 00:41:07.380: delete node: IP: 172.217.16.33. Number of nodes 28
EtherApe-INFO: 00:42:00.572: delete node: IP: 35.165.217.23. Number of nodes 27
EtherApe-INFO: 00:42:30.550: delete node: IP: 52.84.106.74. Number of nodes 26
EtherApe-INFO: 00:42:53.568: delete node: IP: 216.58.215.99. Number of nodes 25
EtherApe-INFO: 00:42:57.723: delete node: IP: 142.250.203.131. Number of nodes 24
EtherApe-INFO: 00:42:59.277: delete node: IP: 142.250.203.129. Number of nodes 23
EtherApe-INFO: 00:43:05.386: delete node: IP: 142.250.75.10. Number of nodes 22
EtherApe-INFO: 00:43:10.978: delete node: IP: 172.217.16.10. Number of nodes 21
EtherApe-INFO: 00:43:14.035: New node: IP: 192.168.1.1. Number of nodes 22
EtherApe-INFO: 00:43:14.035: New node: IP: 9.9.9.9. Number of nodes 23
EtherApe-INFO: 00:43:14.035: New node: IP: 95.216.195.133. Number of nodes 24
EtherApe-INFO: 00:43:53.056: delete node: IP: 35.186.227.140. Number of nodes 23
EtherApe-INFO: 00:43:53.974: New node: IP: 52.43.61.95. Number of nodes 24
EtherApe-INFO: 00:43:57.811: delete node: IP: 216.58.215.86. Number of nodes 23
EtherApe-INFO: 00:44:03.781: delete node: IP: 142.250.203.197. Number of nodes 22
EtherApe-INFO: 00:44:04.472: New node: IP: 216.58.215.101. Number of nodes 23
EtherApe-INFO: 00:44:06.791: delete node: IP: 142.250.203.142. Number of nodes 22
EtherApe-INFO: 00:44:43.979: delete node: IP: 176.122.110.205. Number of nodes 21
EtherApe-INFO: 00:45:04.886: New node: IP: 13.32.121.12. Number of nodes 22
EtherApe-INFO: 00:45:15.155: delete node: IP: 192.168.1.1. Number of nodes 21
EtherApe-INFO: 00:45:15.156: delete node: IP: 95.216.195.133. Number of nodes 20
EtherApe-INFO: 00:45:15.156: delete node: IP: 9.9.9.9. Number of nodes 19
EtherApe-INFO: 00:45:30.483: New node: IP: 54.75.137.188. Number of nodes 20
EtherApe-INFO: 00:45:35.353: New node: IP: 52.16.16.21. Number of nodes 21
EtherApe-INFO: 00:45:35.603: New node: IP: 9.9.9.9. Number of nodes 22
EtherApe-INFO: 00:45:44.919: delete node: IP: 216.58.208.214. Number of nodes 21
EtherApe-INFO: 00:45:45.910: delete node: IP: 172.217.16.46. Number of nodes 20
EtherApe-INFO: 00:45:51.509: delete node: IP: 216.58.208.196. Number of nodes 19
EtherApe-INFO: 00:45:54.573: delete node: IP: 52.43.61.95. Number of nodes 18
EtherApe-INFO: 00:46:12.737: delete node: IP: 149.154.167.216. Number of nodes 17
EtherApe-INFO: 00:47:32.116: delete node: IP: 54.75.137.188. Number of nodes 16
EtherApe-INFO: 00:47:38.316: delete node: IP: 52.16.16.21. Number of nodes 15
EtherApe-INFO: 00:47:38.316: delete node: IP: 9.9.9.9. Number of nodes 14
EtherApe-INFO: 00:48:14.067: New node: IP: 192.168.1.1. Number of nodes 15
EtherApe-INFO: 00:48:14.068: New node: IP: 9.9.9.9. Number of nodes 16
EtherApe-INFO: 00:48:14.069: New node: IP: 95.216.195.133. Number of nodes 17
EtherApe-INFO: 00:48:23.797: New node: IP: 142.250.203.197. Number of nodes 18
EtherApe-INFO: 00:48:34.036: New node: IP: 142.250.203.142. Number of nodes 19
EtherApe-INFO: 00:48:53.234: New node: IP: 52.43.61.95. Number of nodes 20
EtherApe-INFO: 00:48:56.311: delete node: IP: 216.58.215.101. Number of nodes 19
EtherApe-INFO: 00:49:00.157: delete node: IP: 13.32.121.12. Number of nodes 18
EtherApe-INFO: 00:49:40.379: delete node: IP: 34.120.208.123. Number of nodes 17
EtherApe-INFO: 00:50:14.468: delete node: IP: 192.168.1.1. Number of nodes 16
EtherApe-INFO: 00:50:14.468: delete node: IP: 95.216.195.133. Number of nodes 15
EtherApe-INFO: 00:50:14.468: delete node: IP: 9.9.9.9. Number of nodes 14
EtherApe-INFO: 00:50:40.766: delete node: IP: 91.198.174.208. Number of nodes 13
EtherApe-INFO: 00:50:41.094: delete node: IP: 91.198.174.192. Number of nodes 12
EtherApe-INFO: 00:50:50.570: delete node: IP: 216.58.209.14. Number of nodes 11
EtherApe-INFO: 00:50:54.587: delete node: IP: 52.43.61.95. Number of nodes 10
EtherApe-INFO: 00:51:08.921: New node: IP: 142.250.75.1. Number of nodes 11
EtherApe-INFO: 00:51:08.924: New node: IP: 216.58.215.65. Number of nodes 12
EtherApe-INFO: 00:51:09.171: New node: IP: 9.9.9.9. Number of nodes 13
EtherApe-INFO: 00:51:09.189: New node: IP: 216.58.209.10. Number of nodes 14
EtherApe-INFO: 00:53:09.276: delete node: IP: 9.9.9.9. Number of nodes 13
EtherApe-INFO: 00:53:13.843: New node: IP: 192.168.1.1. Number of nodes 14
EtherApe-INFO: 00:53:14.099: New node: IP: 9.9.9.9. Number of nodes 15
EtherApe-INFO: 00:53:14.102: New node: IP: 95.216.195.133. Number of nodes 16
EtherApe-INFO: 00:53:54.291: New node: IP: 52.43.61.95. Number of nodes 17
EtherApe-INFO: 00:55:00.857: New node: IP: 142.250.203.202. Number of nodes 18
EtherApe-INFO: 00:55:15.204: delete node: IP: 192.168.1.1. Number of nodes 17
EtherApe-INFO: 00:55:15.204: delete node: IP: 95.216.195.133. Number of nodes 16
EtherApe-INFO: 00:55:15.204: delete node: IP: 9.9.9.9. Number of nodes 15
EtherApe-INFO: 00:55:53.080: New node: IP: 52.16.16.21. Number of nodes 16
EtherApe-INFO: 00:55:54.708: delete node: IP: 52.43.61.95. Number of nodes 15
EtherApe-INFO: 00:56:00.788: delete node: IP: 216.58.215.65. Number of nodes 14
EtherApe-INFO: 00:56:00.788: delete node: IP: 142.250.75.1. Number of nodes 13
EtherApe-INFO: 00:56:01.554: delete node: IP: 216.58.209.10. Number of nodes 12
EtherApe-INFO: 00:57:59.876: delete node: IP: 52.16.16.21. Number of nodes 11
EtherApe-INFO: 00:58:13.875: New node: IP: 192.168.1.1. Number of nodes 12
EtherApe-INFO: 00:58:14.131: New node: IP: 9.9.9.9. Number of nodes 13
EtherApe-INFO: 00:58:14.132: New node: IP: 95.216.195.133. Number of nodes 14
EtherApe-INFO: 00:58:54.579: New node: IP: 52.43.61.95. Number of nodes 15
EtherApe-INFO: 00:58:54.843: New node: IP: 140.82.114.25. Number of nodes 16
EtherApe-INFO: 00:59:43.476: New node: IP: 149.154.167.216. Number of nodes 17
EtherApe-INFO: 00:59:55.341: delete node: IP: 142.250.203.202. Number of nodes 16
EtherApe-INFO: 01:00:01.141: New node: IP: 52.84.106.19. Number of nodes 17
EtherApe-INFO: 01:00:18.136: delete node: IP: 192.168.1.1. Number of nodes 16
EtherApe-INFO: 01:00:18.136: delete node: IP: 95.216.195.133. Number of nodes 15
EtherApe-INFO: 01:00:55.249: delete node: IP: 140.82.112.26. Number of nodes 14
EtherApe-INFO: 01:00:55.250: delete node: IP: 52.43.61.95. Number of nodes 13
EtherApe-INFO: 01:00:59.603: delete node: IP: 9.9.9.9. Number of nodes 12
EtherApe-INFO: 01:01:59.417: delete node: IP: 149.154.167.216. Number of nodes 11
EtherApe-INFO: 01:03:10.069: New node: IP: 149.154.167.216. Number of nodes 12
EtherApe-INFO: 01:03:13.907: New node: IP: 192.168.1.1. Number of nodes 13
EtherApe-INFO: 01:03:14.163: New node: IP: 9.9.9.9. Number of nodes 14
EtherApe-INFO: 01:03:14.163: New node: IP: 95.216.195.133. Number of nodes 15
EtherApe-INFO: 01:03:54.867: New node: IP: 52.43.61.95. Number of nodes 16
EtherApe-INFO: 01:03:58.304: delete node: IP: 52.84.106.19. Number of nodes 15
EtherApe-INFO: 01:05:17.045: delete node: IP: 192.168.1.1. Number of nodes 14
EtherApe-INFO: 01:05:17.045: delete node: IP: 95.216.195.133. Number of nodes 13
EtherApe-INFO: 01:05:17.045: delete node: IP: 9.9.9.9. Number of nodes 12
EtherApe-INFO: 01:05:25.573: delete node: IP: 149.154.167.216. Number of nodes 11
EtherApe-INFO: 01:05:40.854: New node: IP: 172.217.16.10. Number of nodes 12
EtherApe-INFO: 01:05:55.236: delete node: IP: 52.43.61.95. Number of nodes 11
EtherApe-INFO: 01:06:05.248: delete node: IP: 142.250.203.197. Number of nodes 10
EtherApe-INFO: 01:06:14.390: New node: IP: 216.58.215.101. Number of nodes 11
EtherApe-INFO: 01:06:15.667: New node: IP: 52.16.16.21. Number of nodes 12
EtherApe-INFO: 01:06:20.280: New node: IP: 54.229.152.140. Number of nodes 13
EtherApe-INFO: 01:07:42.975: delete node: IP: 172.217.16.10. Number of nodes 12
EtherApe-INFO: 01:08:13.939: New node: IP: 192.168.1.1. Number of nodes 13
EtherApe-INFO: 01:08:13.939: New node: IP: 9.9.9.9. Number of nodes 14
EtherApe-INFO: 01:08:14.195: New node: IP: 95.216.195.133. Number of nodes 15
EtherApe-INFO: 01:08:14.965: New node: IP: 216.58.215.78. Number of nodes 16
EtherApe-INFO: 01:08:16.028: delete node: IP: 52.16.16.21. Number of nodes 15
EtherApe-INFO: 01:08:21.388: delete node: IP: 54.229.152.140. Number of nodes 14
EtherApe-INFO: 01:08:44.662: New node: IP: 216.58.215.106. Number of nodes 15
EtherApe-INFO: 01:08:54.899: New node: IP: 52.43.61.95. Number of nodes 16
EtherApe-INFO: 01:09:07.955: New node: IP: 91.236.251.29. Number of nodes 17
EtherApe-INFO: 01:09:25.117: New node: IP: 176.122.110.205. Number of nodes 18
EtherApe-INFO: 01:10:14.842: delete node: IP: 192.168.1.1. Number of nodes 17
EtherApe-INFO: 01:10:14.842: delete node: IP: 95.216.195.133. Number of nodes 16
EtherApe-INFO: 01:10:14.843: delete node: IP: 9.9.9.9. Number of nodes 15
EtherApe-INFO: 01:10:55.280: delete node: IP: 52.43.61.95. Number of nodes 14
EtherApe-INFO: 01:11:00.083: New node: IP: 172.217.16.10. Number of nodes 15
EtherApe-INFO: 01:11:08.801: delete node: IP: 91.236.251.29. Number of nodes 14
EtherApe-INFO: 01:11:53.847: New node: IP: 149.154.167.216. Number of nodes 15
EtherApe-INFO: 01:13:00.935: delete node: IP: 172.217.16.10. Number of nodes 14
EtherApe-INFO: 01:13:13.988: New node: IP: 192.168.1.1. Number of nodes 15
EtherApe-INFO: 01:13:13.992: New node: IP: 9.9.9.9. Number of nodes 16
EtherApe-INFO: 01:13:14.228: New node: IP: 95.216.195.133. Number of nodes 17
EtherApe-INFO: 01:13:36.511: delete node: IP: 216.58.215.106. Number of nodes 16
EtherApe-INFO: 01:13:55.186: New node: IP: 52.43.61.95. Number of nodes 17
EtherApe-INFO: 01:14:12.626: delete node: IP: 149.154.167.216. Number of nodes 16
EtherApe-INFO: 01:15:01.238: New node: IP: 52.84.106.19. Number of nodes 17
EtherApe-INFO: 01:15:06.106: New node: IP: 149.154.167.216. Number of nodes 18
EtherApe-INFO: 01:15:14.120: delete node: IP: 192.168.1.1. Number of nodes 17
EtherApe-INFO: 01:15:14.120: delete node: IP: 9.9.9.9. Number of nodes 16
EtherApe-INFO: 01:15:14.558: delete node: IP: 95.216.195.133. Number of nodes 15
EtherApe-INFO: 01:15:55.317: delete node: IP: 52.43.61.95. Number of nodes 14
EtherApe-INFO: 01:16:31.860: New node: IP: 142.250.203.202. Number of nodes 15
EtherApe-INFO: 01:16:38.259: New node: IP: 54.229.152.140. Number of nodes 16
EtherApe-INFO: 01:16:43.897: New node: IP: 63.33.228.172. Number of nodes 17
EtherApe-INFO: 01:17:22.050: delete node: IP: 149.154.167.216. Number of nodes 16
EtherApe-INFO: 01:18:14.005: New node: IP: 192.168.1.1. Number of nodes 17
EtherApe-INFO: 01:18:14.005: New node: IP: 9.9.9.9. Number of nodes 18
EtherApe-INFO: 01:18:14.259: New node: IP: 95.216.195.133. Number of nodes 19
EtherApe-INFO: 01:18:38.360: delete node: IP: 54.229.152.140. Number of nodes 18
EtherApe-INFO: 01:18:45.551: delete node: IP: 63.33.228.172. Number of nodes 17
EtherApe-INFO: 01:18:53.427: New node: IP: 52.43.61.95. Number of nodes 18
EtherApe-INFO: 01:18:53.494: delete node: IP: 142.250.203.202. Number of nodes 17
EtherApe-INFO: 01:18:58.105: delete node: IP: 52.84.106.19. Number of nodes 16
EtherApe-INFO: 01:19:52.564: New node: IP: 13.32.121.59. Number of nodes 17
EtherApe-INFO: 01:20:15.680: delete node: IP: 192.168.1.1. Number of nodes 16
EtherApe-INFO: 01:20:15.680: delete node: IP: 95.216.195.133. Number of nodes 15
EtherApe-INFO: 01:20:15.680: delete node: IP: 9.9.9.9. Number of nodes 14
EtherApe-INFO: 01:20:56.118: delete node: IP: 52.43.61.95. Number of nodes 13
EtherApe-INFO: 01:23:01.820: New node: IP: 142.250.75.10. Number of nodes 14
EtherApe-INFO: 01:23:14.037: New node: IP: 192.168.1.1. Number of nodes 15
EtherApe-INFO: 01:23:14.038: New node: IP: 9.9.9.9. Number of nodes 16
EtherApe-INFO: 01:23:14.039: New node: IP: 95.216.195.133. Number of nodes 17
EtherApe-INFO: 01:23:50.228: delete node: IP: 13.32.121.59. Number of nodes 16
EtherApe-INFO: 01:23:55.510: New node: IP: 52.43.61.95. Number of nodes 17
EtherApe-INFO: 01:25:14.449: delete node: IP: 192.168.1.1. Number of nodes 16
EtherApe-INFO: 01:25:14.449: delete node: IP: 95.216.195.133. Number of nodes 15
EtherApe-INFO: 01:25:14.449: delete node: IP: 9.9.9.9. Number of nodes 14
EtherApe-INFO: 01:25:55.888: delete node: IP: 52.43.61.95. Number of nodes 13
EtherApe-INFO: 01:26:13.074: delete node: IP: 216.58.215.101. Number of nodes 12
EtherApe-INFO: 01:26:20.924: New node: IP: 142.250.203.197. Number of nodes 13
EtherApe-INFO: 01:27:00.851: New node: IP: 63.33.228.172. Number of nodes 14
EtherApe-INFO: 01:27:06.255: New node: IP: 52.51.253.173. Number of nodes 15
EtherApe-INFO: 01:27:55.903: delete node: IP: 142.250.75.10. Number of nodes 14
EtherApe-INFO: 01:28:14.067: New node: IP: 192.168.1.1. Number of nodes 15
EtherApe-INFO: 01:28:14.068: New node: IP: 9.9.9.9. Number of nodes 16
EtherApe-INFO: 01:28:14.069: New node: IP: 95.216.195.133. Number of nodes 17
EtherApe-INFO: 01:28:55.797: New node: IP: 52.43.61.95. Number of nodes 18
EtherApe-INFO: 01:29:03.265: delete node: IP: 63.33.228.172. Number of nodes 17
EtherApe-INFO: 01:29:08.369: delete node: IP: 52.51.253.173. Number of nodes 16
EtherApe-INFO: 01:30:04.915: New node: IP: 13.32.121.59. Number of nodes 17
EtherApe-INFO: 01:30:15.436: delete node: IP: 192.168.1.1. Number of nodes 16
EtherApe-INFO: 01:30:15.437: delete node: IP: 95.216.195.133. Number of nodes 15
EtherApe-INFO: 01:30:15.437: delete node: IP: 9.9.9.9. Number of nodes 14
EtherApe-INFO: 01:30:55.354: New node: IP: 140.82.112.26. Number of nodes 15
EtherApe-INFO: 01:30:56.025: delete node: IP: 52.43.61.95. Number of nodes 14
EtherApe-INFO: 01:31:43.734: New node: IP: 142.250.203.202. Number of nodes 15
EtherApe-INFO: 01:32:55.675: delete node: IP: 140.82.114.25. Number of nodes 14
EtherApe-INFO: 01:33:13.843: New node: IP: 192.168.1.1. Number of nodes 15
EtherApe-INFO: 01:33:14.099: New node: IP: 9.9.9.9. Number of nodes 16
EtherApe-INFO: 01:33:14.100: New node: IP: 95.216.195.133. Number of nodes 17
EtherApe-INFO: 01:33:44.108: delete node: IP: 142.250.203.202. Number of nodes 16
EtherApe-INFO: 01:33:56.148: New node: IP: 52.43.61.95. Number of nodes 17
EtherApe-INFO: 01:34:01.297: delete node: IP: 13.32.121.59. Number of nodes 16
EtherApe-INFO: 01:35:13.931: delete node: IP: 192.168.1.1. Number of nodes 15
EtherApe-INFO: 01:35:15.988: delete node: IP: 95.216.195.133. Number of nodes 14
EtherApe-INFO: 01:35:15.988: delete node: IP: 9.9.9.9. Number of nodes 13
EtherApe-INFO: 01:35:56.153: delete node: IP: 52.43.61.95. Number of nodes 12
EtherApe-INFO: 01:36:14.374: delete node: IP: 142.250.203.197. Number of nodes 11
EtherApe-INFO: 01:36:23.797: New node: IP: 216.58.215.101. Number of nodes 12
EtherApe-INFO: 01:36:40.179: New node: IP: 172.217.16.10. Number of nodes 13
EtherApe-INFO: 01:36:40.182: New node: IP: 149.154.167.216. Number of nodes 14
EtherApe-INFO: 01:36:53.749: New node: IP: 34.120.208.123. Number of nodes 15
EtherApe-INFO: 01:37:11.156: New node: IP: 192.168.0.218. Number of nodes 16
EtherApe-INFO: 01:37:11.410: New node: IP: 9.9.9.9. Number of nodes 17
EtherApe-INFO: 01:37:11.923: New node: IP: 35.241.9.150. Number of nodes 18
EtherApe-INFO: 01:37:23.443: New node: IP: 52.51.253.173. Number of nodes 19
EtherApe-INFO: 01:37:28.820: New node: IP: 54.75.137.188. Number of nodes 20
EtherApe-INFO: 01:37:30.611: New node: IP: 104.18.13.33. Number of nodes 21
