(etherape:2647): GLib-GIO-DEBUG: 20:45:05.231: _g_io_module_get_default: Found default implementation local (GLocalVfs) for ‘gio-vfs’
(etherape:2647): GLib-GIO-DEBUG: 20:45:05.928: Using cross-namespace EXTERNAL authentication (this will deadlock if server is GDBus < 2.73.3)
EtherApe-INFO: 20:45:05.964: sctp protocol not supported
EtherApe-INFO: 20:45:05.964: dccp protocol not supported
EtherApe-INFO: 20:45:05.964: sctp protocol not supported
EtherApe-INFO: 20:45:05.964: sctp protocol not supported
EtherApe-INFO: 20:45:05.964: sctp protocol not supported
EtherApe-INFO: 20:45:05.964: sctp protocol not supported
EtherApe-INFO: 20:45:05.964: sctp protocol not supported
EtherApe-INFO: 20:45:05.965: sctp protocol not supported
EtherApe-INFO: 20:45:05.965: sctp protocol not supported
EtherApe-INFO: 20:45:05.965: dccp protocol not supported
EtherApe-INFO: 20:45:05.965: sctp protocol not supported
EtherApe-INFO: 20:45:05.965: dccp protocol not supported
EtherApe-INFO: 20:45:05.965: dccp protocol not supported
EtherApe-INFO: 20:45:05.965: sctp protocol not supported
EtherApe-INFO: 20:45:05.965: sctp protocol not supported
EtherApe-INFO: 20:45:05.965: sctp protocol not supported
EtherApe-INFO: 20:45:05.965: sctp protocol not supported
EtherApe-INFO: 20:45:05.965: sctp protocol not supported
EtherApe-INFO: 20:45:05.966: sctp protocol not supported
EtherApe-INFO: 20:45:05.966: sctp protocol not supported
EtherApe-INFO: 20:45:05.966: sctp protocol not supported
EtherApe-INFO: 20:45:05.966: sctp protocol not supported
EtherApe-INFO: 20:45:05.966: sctp protocol not supported
EtherApe-INFO: 20:45:05.966: sctp protocol not supported
EtherApe-INFO: 20:45:05.966: sctp protocol not supported
EtherApe-INFO: 20:45:05.966: sctp protocol not supported
EtherApe-INFO: 20:45:05.966: sctp protocol not supported
EtherApe-INFO: 20:45:05.967: sctp protocol not supported
EtherApe-INFO: 20:45:05.967: dccp protocol not supported
EtherApe-INFO: 20:45:05.967: sctp protocol not supported
EtherApe-INFO: 20:45:05.967: sctp protocol not supported
EtherApe-INFO: 20:45:05.967: dccp protocol not supported
EtherApe-INFO: 20:45:05.967: sctp protocol not supported
EtherApe-INFO: 20:45:05.967: sctp protocol not supported
EtherApe-INFO: 20:45:05.967: sctp protocol not supported
EtherApe-INFO: 20:45:05.967: dccp protocol not supported
EtherApe-INFO: 20:45:05.967: dccp protocol not supported
EtherApe-INFO: 20:45:05.967: sctp protocol not supported
EtherApe-INFO: 20:45:05.967: sctp protocol not supported
EtherApe-INFO: 20:45:05.967: sctp protocol not supported
EtherApe-INFO: 20:45:05.967: sctp protocol not supported
EtherApe-INFO: 20:45:05.967: sctp protocol not supported
EtherApe-INFO: 20:45:05.967: sctp protocol not supported
EtherApe-INFO: 20:45:05.967: sctp protocol not supported
EtherApe-INFO: 20:45:05.967: sctp protocol not supported
EtherApe-INFO: 20:45:05.967: sctp protocol not supported
EtherApe-INFO: 20:45:05.967: sctp protocol not supported
EtherApe-INFO: 20:45:05.967: sctp protocol not supported
EtherApe-INFO: 20:45:05.967: sctp protocol not supported
EtherApe-INFO: 20:45:05.967: sctp protocol not supported
EtherApe-INFO: 20:45:05.967: sctp protocol not supported
EtherApe-INFO: 20:45:05.967: sctp protocol not supported
EtherApe-INFO: 20:45:05.967: sctp protocol not supported
EtherApe-INFO: 20:45:05.967: sctp protocol not supported
EtherApe-INFO: 20:45:05.967: sctp protocol not supported
EtherApe-INFO: 20:45:05.967: sctp protocol not supported
EtherApe-INFO: 20:45:05.967: sctp protocol not supported
EtherApe-INFO: 20:45:05.967: dccp protocol not supported
EtherApe-INFO: 20:45:05.967: sctp protocol not supported
EtherApe-INFO: 20:45:05.967: sctp protocol not supported
EtherApe-INFO: 20:45:05.967: sctp protocol not supported
EtherApe-INFO: 20:45:05.967: sctp protocol not supported
EtherApe-INFO: 20:45:05.967: sctp protocol not supported
EtherApe-INFO: 20:45:05.967: sctp protocol not supported
EtherApe-INFO: 20:45:05.967: sctp protocol not supported
EtherApe-INFO: 20:45:05.967: sctp protocol not supported
EtherApe-INFO: 20:45:05.968: sctp protocol not supported
EtherApe-INFO: 20:45:05.968: sctp protocol not supported
EtherApe-INFO: 20:45:05.968: sctp protocol not supported
EtherApe-INFO: 20:45:05.968: sctp protocol not supported
EtherApe-INFO: 20:45:05.968: sctp protocol not supported
EtherApe-INFO: 20:45:05.968: sctp protocol not supported
EtherApe-INFO: 20:45:05.968: sctp protocol not supported
EtherApe-INFO: 20:45:05.968: sctp protocol not supported
EtherApe-INFO: 20:45:05.968: sctp protocol not supported
EtherApe-INFO: 20:45:05.968: sctp protocol not supported
EtherApe-INFO: 20:45:05.968: sctp protocol not supported
EtherApe-INFO: 20:45:05.968: sctp protocol not supported
EtherApe-INFO: 20:45:05.968: sctp protocol not supported
EtherApe-INFO: 20:45:05.968: sctp protocol not supported
EtherApe-INFO: 20:45:05.968: sctp protocol not supported
EtherApe-INFO: 20:45:05.968: sctp protocol not supported
EtherApe-INFO: 20:45:05.968: sctp protocol not supported
EtherApe-INFO: 20:45:05.968: sctp protocol not supported
EtherApe-INFO: 20:45:05.968: sctp protocol not supported
EtherApe-INFO: 20:45:05.968: sctp protocol not supported
EtherApe-INFO: 20:45:05.968: sctp protocol not supported
EtherApe-INFO: 20:45:05.968: sctp protocol not supported
EtherApe-INFO: 20:45:05.968: sctp protocol not supported
EtherApe-INFO: 20:45:05.968: sctp protocol not supported
EtherApe-INFO: 20:45:05.968: sctp protocol not supported
EtherApe-INFO: 20:45:05.968: sctp protocol not supported
EtherApe-INFO: 20:45:05.968: sctp protocol not supported
EtherApe-INFO: 20:45:05.968: sctp protocol not supported
EtherApe-INFO: 20:45:05.968: sctp protocol not supported
EtherApe-INFO: 20:45:05.968: sctp protocol not supported
EtherApe-INFO: 20:45:05.980: get_interface result: ''
EtherApe-INFO: 20:45:05.981: Available interfaces for capture: dbus-session dbus-system nfqueue nflog bluetooth-monitor enp5s0 lo any
EtherApe-INFO: 20:45:05.981: Link type is LINUX_SLL
EtherApe-INFO: 20:45:05.981: Diagram started
EtherApe-INFO: 20:45:06.246: New node: IP: 127.0.0.1. Number of nodes 1
EtherApe-INFO: 20:45:50.779: New node: IP: 0.0.0.0. Number of nodes 2
EtherApe-INFO: 20:45:50.780: New node: IP: 255.255.255.255. Number of nodes 3
EtherApe-INFO: 20:46:07.046: New node: IP: 192.168.1.1. Number of nodes 4
EtherApe-INFO: 20:46:07.046: New node: IP: 192.168.1.255. Number of nodes 5
EtherApe-INFO: 20:46:33.182: New node: IPv6: ::. Number of nodes 6
EtherApe-INFO: 20:46:33.183: New node: IPv6: ff02::1:ff82:7ae2. Number of nodes 7
EtherApe-INFO: 20:46:53.446: New node: IP: 192.168.1.155. Number of nodes 8
EtherApe-INFO: 20:46:53.447: New node: IP: 95.216.195.133. Number of nodes 9
EtherApe-INFO: 20:46:53.713: New node: IP: 146.112.41.2. Number of nodes 10
EtherApe-INFO: 20:46:54.780: New node: IP: 149.154.175.100. Number of nodes 11
EtherApe-INFO: 20:46:55.582: New node: IP: 239.255.255.250. Number of nodes 12
EtherApe-INFO: 20:46:55.583: New node: IP: 176.113.72.75. Number of nodes 13
EtherApe-INFO: 20:46:55.846: New node: IP: 149.154.167.92. Number of nodes 14
EtherApe-INFO: 20:46:55.846: New node: IP: 162.159.61.4. Number of nodes 15
EtherApe-INFO: 20:46:55.848: New node: IP: 95.161.76.101. Number of nodes 16
EtherApe-INFO: 20:46:55.849: New node: IP: 8.8.8.8. Number of nodes 17
EtherApe-INFO: 20:46:56.383: New node: IP: 83.215.130.11. Number of nodes 18
EtherApe-INFO: 18:40:18.483: delete node: IPv6: ff02::1:ff82:7ae2. Number of nodes 17
EtherApe-INFO: 18:40:18.483: delete node: IPv6: ::. Number of nodes 16
EtherApe-INFO: 18:40:18.483: delete node: IP: 255.255.255.255. Number of nodes 15
EtherApe-INFO: 18:40:18.483: delete node: IP: 192.168.1.255. Number of nodes 14
EtherApe-INFO: 18:40:18.483: delete node: IP: 192.168.1.1. Number of nodes 13
EtherApe-INFO: 18:40:18.483: delete node: IP: 176.113.72.75. Number of nodes 12
EtherApe-INFO: 18:40:18.483: delete node: IP: 149.154.175.100. Number of nodes 11
EtherApe-INFO: 18:40:18.483: delete node: IP: 146.112.41.2. Number of nodes 10
EtherApe-INFO: 18:40:18.483: delete node: IP: 95.216.195.133. Number of nodes 9
EtherApe-INFO: 18:40:18.483: delete node: IP: 83.215.130.11. Number of nodes 8
EtherApe-INFO: 18:40:18.483: delete node: IP: 8.8.8.8. Number of nodes 7
EtherApe-INFO: 18:40:18.483: delete node: IP: 0.0.0.0. Number of nodes 6
EtherApe-INFO: 18:40:19.492: New node: IP: 192.168.1.1. Number of nodes 7
EtherApe-INFO: 18:40:19.492: New node: IP: 142.251.208.106. Number of nodes 8
EtherApe-INFO: 18:40:19.494: New node: IP: 149.154.167.50. Number of nodes 9
EtherApe-INFO: 18:40:19.494: New node: IP: 149.154.167.41. Number of nodes 10
EtherApe-INFO: 18:40:20.292: New node: IP: 224.0.0.251. Number of nodes 11
EtherApe-INFO: 18:40:20.561: New node: IP: 149.154.167.216. Number of nodes 12
EtherApe-INFO: 18:40:26.425: New node: IP: 149.154.167.255. Number of nodes 13
EtherApe-INFO: 18:40:28.559: New node: IP: 146.112.41.2. Number of nodes 14
EtherApe-INFO: 18:40:48.302: New node: IP: 176.113.72.75. Number of nodes 15
EtherApe-INFO: 18:40:50.426: New node: IP: 83.215.130.11. Number of nodes 16
EtherApe-INFO: 18:40:57.092: New node: IP: 104.25.94.5. Number of nodes 17
EtherApe-INFO: 18:40:57.093: New node: IP: 52.29.123.56. Number of nodes 18
EtherApe-INFO: 18:42:16.725: New node: IP: 216.58.215.106. Number of nodes 19
EtherApe-INFO: 18:42:17.733: New node: IP: 8.8.8.8. Number of nodes 20
EtherApe-INFO: 18:42:18.632: delete node: IP: 149.154.167.92. Number of nodes 19
EtherApe-INFO: 18:42:18.632: delete node: IP: 95.161.76.101. Number of nodes 18
EtherApe-INFO: 18:42:23.369: delete node: IP: 224.0.0.251. Number of nodes 17
EtherApe-INFO: 18:42:29.496: delete node: IP: 149.154.167.50. Number of nodes 16
EtherApe-INFO: 18:42:42.447: delete node: IP: 149.154.167.255. Number of nodes 15
EtherApe-INFO: 18:42:42.651: delete node: IP: 127.0.0.1. Number of nodes 14
EtherApe-INFO: 18:42:44.321: delete node: IP: 149.154.167.216. Number of nodes 13
EtherApe-INFO: 18:42:58.427: delete node: IP: 104.25.94.5. Number of nodes 12
EtherApe-INFO: 18:42:58.427: delete node: IP: 52.29.123.56. Number of nodes 11
EtherApe-INFO: 18:43:54.836: delete node: IP: 83.215.130.11. Number of nodes 10
EtherApe-INFO: 18:44:02.802: New node: IP: 83.215.130.11. Number of nodes 11
EtherApe-INFO: 18:44:14.646: New node: IP: 142.250.203.195. Number of nodes 12
EtherApe-INFO: 18:44:14.648: New node: IP: 216.58.215.78. Number of nodes 13
EtherApe-INFO: 18:44:17.916: delete node: IP: 8.8.8.8. Number of nodes 12
EtherApe-INFO: 18:44:18.650: delete node: IP: 162.159.61.4. Number of nodes 11
EtherApe-INFO: 18:44:19.469: delete node: IP: 142.251.208.106. Number of nodes 10
EtherApe-INFO: 18:45:15.306: New node: IP: 95.216.195.133. Number of nodes 11
EtherApe-INFO: 18:45:28.639: New node: IP: 127.0.0.1. Number of nodes 12
EtherApe-INFO: 18:46:03.657: delete node: IP: 83.215.130.11. Number of nodes 11
EtherApe-INFO: 18:47:15.651: delete node: IP: 95.216.195.133. Number of nodes 10
EtherApe-INFO: 18:47:22.239: New node: IP: 52.29.123.56. Number of nodes 11
EtherApe-INFO: 18:47:22.240: New node: IP: 104.25.94.5. Number of nodes 12
EtherApe-INFO: 18:47:33.700: delete node: IP: 127.0.0.1. Number of nodes 11
EtherApe-INFO: 18:47:37.226: New node: IP: 95.216.144.15. Number of nodes 12
EtherApe-INFO: 18:47:38.829: New node: IP: 104.25.95.5. Number of nodes 13
EtherApe-INFO: 18:47:41.679: New node: IP: 149.154.167.255. Number of nodes 14
EtherApe-INFO: 18:48:00.098: New node: IP: 18.159.68.239. Number of nodes 15
EtherApe-INFO: 18:48:00.187: New node: IP: 127.0.0.1. Number of nodes 16
EtherApe-INFO: 18:48:19.198: New node: IP: 83.215.130.11. Number of nodes 17
EtherApe-INFO: 18:48:22.974: delete node: IP: 216.58.215.106. Number of nodes 16
EtherApe-INFO: 18:49:17.015: New node: IP: 54.80.2.54. Number of nodes 17
EtherApe-INFO: 18:49:18.616: New node: IP: 104.18.34.244. Number of nodes 18
EtherApe-INFO: 18:49:20.212: New node: IP: 18.158.43.149. Number of nodes 19
EtherApe-INFO: 18:49:21.012: New node: IP: 75.2.108.140. Number of nodes 20
EtherApe-INFO: 18:49:22.612: New node: IP: 52.94.137.29. Number of nodes 21
EtherApe-INFO: 18:49:23.950: New node: IP: 216.58.208.202. Number of nodes 22
EtherApe-INFO: 18:49:25.281: New node: IP: 172.217.16.10. Number of nodes 23
EtherApe-INFO: 18:49:26.080: New node: IP: 54.93.93.158. Number of nodes 24
EtherApe-INFO: 18:49:26.879: New node: IP: 74.125.172.10. Number of nodes 25
EtherApe-INFO: 18:49:27.147: New node: IP: 142.250.203.206. Number of nodes 26
EtherApe-INFO: 18:49:27.679: New node: IP: 31.43.47.204. Number of nodes 27
EtherApe-INFO: 18:49:31.413: New node: IP: 142.250.203.142. Number of nodes 28
EtherApe-INFO: 18:49:32.483: New node: IP: 142.250.203.131. Number of nodes 29
EtherApe-INFO: 18:49:33.012: New node: IP: 149.154.167.216. Number of nodes 30
EtherApe-INFO: 18:49:33.286: New node: IP: 75.2.68.222. Number of nodes 31
EtherApe-INFO: 18:49:36.313: New node: IP: 142.250.203.196. Number of nodes 32
EtherApe-INFO: 18:49:36.314: New node: IP: 52.218.92.235. Number of nodes 33
EtherApe-INFO: 18:49:37.141: delete node: IP: 104.25.94.5. Number of nodes 32
EtherApe-INFO: 18:49:42.426: New node: IP: 142.250.75.14. Number of nodes 33
EtherApe-INFO: 18:49:48.294: New node: IP: 142.251.9.84. Number of nodes 34
EtherApe-INFO: 18:49:49.360: New node: IP: 142.250.186.99. Number of nodes 35
EtherApe-INFO: 18:49:49.360: New node: IP: 216.58.208.197. Number of nodes 36
EtherApe-INFO: 18:49:49.362: New node: IP: 104.16.208.203. Number of nodes 37
EtherApe-INFO: 18:49:57.384: delete node: IP: 149.154.167.255. Number of nodes 36
EtherApe-INFO: 18:50:15.225: New node: IP: 95.216.195.133. Number of nodes 37
EtherApe-INFO: 18:50:17.904: delete node: IP: 104.25.95.5. Number of nodes 36
EtherApe-INFO: 18:50:19.256: delete node: IP: 83.215.130.11. Number of nodes 35
EtherApe-INFO: 18:50:20.396: delete node: IP: 95.216.144.15. Number of nodes 34
EtherApe-INFO: 18:51:00.386: delete node: IP: 142.250.203.195. Number of nodes 33
EtherApe-INFO: 18:51:27.260: delete node: IP: 74.125.172.10. Number of nodes 32
EtherApe-INFO: 18:51:36.652: delete node: IP: 142.250.203.196. Number of nodes 31
EtherApe-INFO: 18:51:46.977: delete node: IP: 31.43.47.204. Number of nodes 30
EtherApe-INFO: 18:51:47.603: delete node: IP: 52.218.92.235. Number of nodes 29
EtherApe-INFO: 18:51:49.672: delete node: IP: 142.250.186.99. Number of nodes 28
EtherApe-INFO: 18:51:56.583: delete node: IP: 127.0.0.1. Number of nodes 27
EtherApe-INFO: 18:52:15.563: delete node: IP: 95.216.195.133. Number of nodes 26
EtherApe-INFO: 18:52:21.193: delete node: IP: 149.154.167.216. Number of nodes 25
EtherApe-INFO: 18:52:26.771: delete node: IP: 172.217.16.10. Number of nodes 24
EtherApe-INFO: 18:52:48.060: delete node: IP: 75.2.68.222. Number of nodes 23
EtherApe-INFO: 18:52:49.405: delete node: IP: 75.2.108.140. Number of nodes 22
EtherApe-INFO: 18:53:27.226: New node: IP: 104.26.8.250. Number of nodes 23
EtherApe-INFO: 18:54:22.526: delete node: IP: 216.58.215.78. Number of nodes 22
EtherApe-INFO: 18:54:22.526: delete node: IP: 216.58.208.202. Number of nodes 21
EtherApe-INFO: 18:54:22.526: delete node: IP: 142.251.9.84. Number of nodes 20
EtherApe-INFO: 18:54:22.526: delete node: IP: 142.250.203.206. Number of nodes 19
EtherApe-INFO: 18:54:22.526: delete node: IP: 142.250.203.142. Number of nodes 18
EtherApe-INFO: 18:54:22.526: delete node: IP: 142.250.203.131. Number of nodes 17
EtherApe-INFO: 18:54:22.526: delete node: IP: 142.250.75.14. Number of nodes 16
EtherApe-INFO: 18:54:22.526: delete node: IP: 104.16.208.203. Number of nodes 15
EtherApe-INFO: 18:54:22.527: delete node: IP: 52.94.137.29. Number of nodes 14
EtherApe-INFO: 18:55:15.058: delete node: IP: 18.159.68.239. Number of nodes 13
EtherApe-INFO: 18:55:15.492: New node: IP: 95.216.195.133. Number of nodes 14
EtherApe-INFO: 18:55:20.394: delete node: IP: 52.29.123.56. Number of nodes 13
EtherApe-INFO: 18:55:29.721: delete node: IP: 104.26.8.250. Number of nodes 12
EtherApe-INFO: 18:55:49.922: delete node: IP: 216.58.208.197. Number of nodes 11
EtherApe-INFO: 18:56:51.492: New node: IP: 83.215.130.11. Number of nodes 12
EtherApe-INFO: 18:57:00.093: delete node: IP: 18.158.43.149. Number of nodes 11
EtherApe-INFO: 18:57:01.935: delete node: IP: 54.93.93.158. Number of nodes 10
EtherApe-INFO: 18:57:16.388: delete node: IP: 95.216.195.133. Number of nodes 9
EtherApe-INFO: 18:58:06.692: New node: IP: 149.154.167.216. Number of nodes 10
EtherApe-INFO: 18:58:31.288: delete node: IP: 104.18.34.244. Number of nodes 9
EtherApe-INFO: 18:58:52.073: delete node: IP: 83.215.130.11. Number of nodes 8
EtherApe-INFO: 19:00:15.226: New node: IP: 95.216.195.133. Number of nodes 9
EtherApe-INFO: 19:00:22.245: delete node: IP: 149.154.167.216. Number of nodes 8
EtherApe-INFO: 19:00:29.892: New node: IP: 149.154.167.216. Number of nodes 9
EtherApe-INFO: 19:01:14.186: delete node: IP: 146.112.41.2. Number of nodes 8
EtherApe-INFO: 19:01:36.292: New node: IP: 146.112.41.2. Number of nodes 9
EtherApe-INFO: 19:02:16.377: delete node: IP: 95.216.195.133. Number of nodes 8
EtherApe-INFO: 19:02:45.436: delete node: IP: 149.154.167.216. Number of nodes 7
EtherApe-INFO: 19:02:59.492: New node: IP: 149.154.167.216. Number of nodes 8
EtherApe-INFO: 19:03:03.225: New node: IP: 149.154.167.50. Number of nodes 9
EtherApe-INFO: 19:03:38.566: New node: IP: 149.154.167.255. Number of nodes 10
EtherApe-INFO: 19:03:49.849: delete node: IP: 146.112.41.2. Number of nodes 9
EtherApe-INFO: 19:03:55.386: New node: IP: 146.112.41.2. Number of nodes 10
EtherApe-INFO: 19:03:59.919: New node: IP: 18.159.68.239. Number of nodes 11
EtherApe-INFO: 19:04:09.793: New node: IP: 52.29.123.56. Number of nodes 12
EtherApe-INFO: 19:05:03.927: delete node: IP: 149.154.167.50. Number of nodes 11
EtherApe-INFO: 19:05:15.385: New node: IP: 95.216.195.133. Number of nodes 12
EtherApe-INFO: 19:05:57.560: delete node: IP: 149.154.167.255. Number of nodes 11
EtherApe-INFO: 19:06:14.900: delete node: IP: 52.29.123.56. Number of nodes 10
EtherApe-INFO: 19:07:15.658: delete node: IP: 95.216.195.133. Number of nodes 9
EtherApe-INFO: 19:07:21.286: delete node: IP: 192.168.1.1. Number of nodes 8
EtherApe-INFO: 19:08:02.380: New node: IP: 192.168.1.1. Number of nodes 9
EtherApe-INFO: 19:09:10.054: New node: IP: 142.250.75.14. Number of nodes 10
EtherApe-INFO: 19:09:10.054: New node: IP: 142.250.203.195. Number of nodes 11
EtherApe-INFO: 19:09:31.652: New node: IP: 149.154.167.50. Number of nodes 12
EtherApe-INFO: 19:10:09.275: delete node: IP: 149.154.167.216. Number of nodes 11
EtherApe-INFO: 19:10:09.519: New node: IP: 52.29.123.56. Number of nodes 12
EtherApe-INFO: 19:10:15.385: New node: IP: 95.216.195.133. Number of nodes 13
EtherApe-INFO: 19:10:59.927: New node: IP: 149.154.167.216. Number of nodes 14
EtherApe-INFO: 19:11:10.201: delete node: IP: 142.250.75.14. Number of nodes 13
EtherApe-INFO: 19:11:33.335: delete node: IP: 149.154.167.50. Number of nodes 12
EtherApe-INFO: 19:11:43.452: delete node: IP: 142.250.203.195. Number of nodes 11
EtherApe-INFO: 19:12:15.554: delete node: IP: 95.216.195.133. Number of nodes 10
EtherApe-INFO: 19:12:26.641: New node: IP: 142.250.203.138. Number of nodes 11
EtherApe-INFO: 19:12:26.696: delete node: IP: 52.29.123.56. Number of nodes 10
EtherApe-INFO: 19:12:26.905: New node: IP: 127.0.0.1. Number of nodes 11
EtherApe-INFO: 19:13:18.176: delete node: IP: 149.154.167.216. Number of nodes 10
EtherApe-INFO: 19:13:29.306: New node: IP: 52.29.123.56. Number of nodes 11
EtherApe-INFO: 19:13:55.705: New node: IP: 83.215.130.11. Number of nodes 12
EtherApe-INFO: 19:14:26.899: delete node: IP: 142.250.203.138. Number of nodes 11
EtherApe-INFO: 19:14:31.935: delete node: IP: 127.0.0.1. Number of nodes 10
EtherApe-INFO: 19:14:50.032: New node: IP: 149.154.167.216. Number of nodes 11
EtherApe-INFO: 19:15:09.506: delete node: IP: 146.112.41.2. Number of nodes 10
EtherApe-INFO: 19:15:15.366: New node: IP: 95.216.195.133. Number of nodes 11
EtherApe-INFO: 19:15:26.566: New node: IP: 146.112.41.2. Number of nodes 12
EtherApe-INFO: 19:15:55.671: delete node: IP: 83.215.130.11. Number of nodes 11
EtherApe-INFO: 19:17:00.959: New node: IP: 149.154.167.50. Number of nodes 12
EtherApe-INFO: 19:17:17.196: delete node: IP: 95.216.195.133. Number of nodes 11
EtherApe-INFO: 19:17:26.669: delete node: IP: 192.168.1.1. Number of nodes 10
EtherApe-INFO: 19:17:29.964: New node: IP: 149.154.167.255. Number of nodes 11
EtherApe-INFO: 19:17:36.388: New node: IP: 192.168.1.1. Number of nodes 12
EtherApe-INFO: 19:18:20.075: delete node: IP: 18.159.68.239. Number of nodes 11
EtherApe-INFO: 19:18:27.199: New node: IP: 192.168.1.130. Number of nodes 12
EtherApe-INFO: 19:19:01.130: delete node: IP: 149.154.167.50. Number of nodes 11
EtherApe-INFO: 19:19:50.687: delete node: IP: 149.154.167.255. Number of nodes 10
EtherApe-INFO: 19:20:06.133: New node: IP: 18.159.68.239. Number of nodes 11
EtherApe-INFO: 19:20:15.465: New node: IP: 95.216.195.133. Number of nodes 12
EtherApe-INFO: 19:22:07.397: delete node: IP: 52.29.123.56. Number of nodes 11
EtherApe-INFO: 19:22:15.484: delete node: IP: 95.216.195.133. Number of nodes 10
EtherApe-INFO: 19:23:11.297: delete node: IP: 192.168.1.130. Number of nodes 9
EtherApe-INFO: 19:23:18.692: New node: IP: 149.154.167.50. Number of nodes 10
EtherApe-INFO: 19:24:09.647: delete node: IP: 18.159.68.239. Number of nodes 9
EtherApe-INFO: 19:25:15.492: New node: IP: 95.216.195.133. Number of nodes 10
EtherApe-INFO: 19:25:19.579: delete node: IP: 149.154.167.50. Number of nodes 9
EtherApe-INFO: 19:27:16.005: delete node: IP: 95.216.195.133. Number of nodes 8
EtherApe-INFO: 19:27:19.385: New node: IP: 52.29.123.56. Number of nodes 9
EtherApe-INFO: 19:29:34.678: delete node: IP: 52.29.123.56. Number of nodes 8
EtherApe-INFO: 19:30:15.359: New node: IP: 95.216.195.133. Number of nodes 9
EtherApe-INFO: 19:30:23.092: New node: IP: 18.159.68.239. Number of nodes 10
EtherApe-INFO: 19:30:24.764: delete node: IP: 149.154.167.216. Number of nodes 9
EtherApe-INFO: 19:31:01.759: New node: IP: 149.154.175.57. Number of nodes 10
EtherApe-INFO: 19:31:01.759: New node: IP: 149.154.175.54. Number of nodes 11
EtherApe-INFO: 19:31:03.893: New node: IP: 149.154.167.216. Number of nodes 12
EtherApe-INFO: 19:31:07.919: New node: IP: 149.154.167.50. Number of nodes 13
EtherApe-INFO: 19:31:51.655: New node: IP: 52.29.123.56. Number of nodes 14
EtherApe-INFO: 19:32:15.658: delete node: IP: 95.216.195.133. Number of nodes 13
EtherApe-INFO: 19:33:02.385: delete node: IP: 149.154.175.54. Number of nodes 12
EtherApe-INFO: 19:33:17.854: delete node: IP: 149.154.167.50. Number of nodes 11
EtherApe-INFO: 19:33:20.721: delete node: IP: 149.154.175.57. Number of nodes 10
EtherApe-INFO: 19:33:54.334: delete node: IP: 52.29.123.56. Number of nodes 9
EtherApe-INFO: 19:34:15.358: New node: IP: 52.29.123.56. Number of nodes 10
EtherApe-INFO: 19:34:51.411: delete node: IP: 146.112.41.2. Number of nodes 9
EtherApe-INFO: 19:35:12.265: New node: IP: 146.112.41.2. Number of nodes 10
EtherApe-INFO: 19:35:15.469: New node: IP: 95.216.195.133. Number of nodes 11
EtherApe-INFO: 19:36:23.198: New node: IP: 192.168.1.130. Number of nodes 12
EtherApe-INFO: 19:37:08.891: delete node: IP: 149.154.167.216. Number of nodes 11
EtherApe-INFO: 19:37:16.056: delete node: IP: 192.168.1.1. Number of nodes 10
EtherApe-INFO: 19:37:16.056: delete node: IP: 95.216.195.133. Number of nodes 9
EtherApe-INFO: 19:37:33.142: delete node: IP: 146.112.41.2. Number of nodes 8
EtherApe-INFO: 19:37:40.265: New node: IP: 192.168.1.1. Number of nodes 9
EtherApe-INFO: 19:37:40.265: New node: IP: 146.112.41.2. Number of nodes 10
EtherApe-INFO: 19:37:43.476: delete node: IP: 52.29.123.56. Number of nodes 9
EtherApe-INFO: 19:37:45.599: New node: IP: 149.154.167.50. Number of nodes 10
EtherApe-INFO: 19:37:48.265: New node: IP: 149.154.167.216. Number of nodes 11
EtherApe-INFO: 19:38:28.816: delete node: IP: 192.168.1.130. Number of nodes 10
EtherApe-INFO: 19:39:09.870: New node: IP: 142.250.203.195. Number of nodes 11
EtherApe-INFO: 19:39:10.133: New node: IP: 216.58.215.78. Number of nodes 12
EtherApe-INFO: 19:39:47.511: delete node: IP: 149.154.167.50. Number of nodes 11
EtherApe-INFO: 19:40:15.385: New node: IP: 95.216.195.133. Number of nodes 12
EtherApe-INFO: 19:40:30.376: delete node: IP: 18.159.68.239. Number of nodes 11
EtherApe-INFO: 19:40:41.172: New node: IP: 52.29.123.56. Number of nodes 12
EtherApe-INFO: 19:41:13.217: delete node: IP: 216.58.215.78. Number of nodes 11
EtherApe-INFO: 19:41:42.570: delete node: IP: 142.250.203.195. Number of nodes 10
EtherApe-INFO: 19:42:07.102: delete node: IP: 146.112.41.2. Number of nodes 9
EtherApe-INFO: 19:42:11.089: delete node: IP: 149.154.167.216. Number of nodes 8
EtherApe-INFO: 19:42:15.586: delete node: IP: 192.168.1.1. Number of nodes 7
EtherApe-INFO: 19:42:15.586: delete node: IP: 95.216.195.133. Number of nodes 6
EtherApe-INFO: 19:42:16.642: New node: IP: 192.168.1.1. Number of nodes 7
EtherApe-INFO: 19:42:16.642: New node: IP: 146.112.41.2. Number of nodes 8
EtherApe-INFO: 19:42:16.644: New node: IP: 142.250.203.138. Number of nodes 9
EtherApe-INFO: 19:42:39.038: New node: IP: 149.154.167.216. Number of nodes 10
EtherApe-INFO: 19:42:46.599: delete node: IP: 52.29.123.56. Number of nodes 9
EtherApe-INFO: 19:43:27.038: New node: IP: 149.154.167.50. Number of nodes 10
EtherApe-INFO: 19:43:28.905: New node: IP: 52.29.123.56. Number of nodes 11
EtherApe-INFO: 19:43:30.506: New node: IP: 18.159.68.239. Number of nodes 12
EtherApe-INFO: 19:44:16.945: delete node: IP: 142.250.203.138. Number of nodes 11
EtherApe-INFO: 19:45:15.387: New node: IP: 95.216.195.133. Number of nodes 12
EtherApe-INFO: 19:47:15.650: delete node: IP: 95.216.195.133. Number of nodes 11
EtherApe-INFO: 19:47:35.617: delete node: IP: 52.29.123.56. Number of nodes 10
EtherApe-INFO: 19:47:40.728: delete node: IP: 18.159.68.239. Number of nodes 9
EtherApe-INFO: 19:47:40.932: delete node: IP: 149.154.167.216. Number of nodes 8
EtherApe-INFO: 19:47:48.643: New node: IP: 149.154.167.216. Number of nodes 9
EtherApe-INFO: 19:47:54.506: New node: IP: 18.159.68.239. Number of nodes 10
EtherApe-INFO: 19:48:03.838: New node: IP: 83.215.130.11. Number of nodes 11
EtherApe-INFO: 19:48:30.507: delete node: IP: 192.168.1.1. Number of nodes 10
EtherApe-INFO: 19:48:33.438: New node: IP: 192.168.1.1. Number of nodes 11
EtherApe-INFO: 19:49:54.771: New node: IP: 52.29.123.56. Number of nodes 12
EtherApe-INFO: 19:50:04.060: delete node: IP: 83.215.130.11. Number of nodes 11
EtherApe-INFO: 19:50:15.256: New node: IP: 95.216.195.133. Number of nodes 12
EtherApe-INFO: 19:52:15.541: delete node: IP: 95.216.195.133. Number of nodes 11
EtherApe-INFO: 19:52:19.335: delete node: IP: 192.168.1.1. Number of nodes 10
EtherApe-INFO: 19:52:20.322: New node: IP: 192.168.1.1. Number of nodes 11
EtherApe-INFO: 19:52:23.542: delete node: IP: 149.154.167.50. Number of nodes 10
EtherApe-INFO: 19:53:10.496: delete node: IP: 18.159.68.239. Number of nodes 9
EtherApe-INFO: 19:53:40.853: New node: IP: 127.0.0.1. Number of nodes 10
EtherApe-INFO: 19:54:34.274: delete node: IP: 146.112.41.2. Number of nodes 9
EtherApe-INFO: 19:54:36.318: New node: IP: 146.112.41.2. Number of nodes 10
EtherApe-INFO: 19:55:15.254: New node: IP: 95.216.195.133. Number of nodes 11
EtherApe-INFO: 19:55:40.939: delete node: IP: 127.0.0.1. Number of nodes 10
EtherApe-INFO: 19:55:53.919: New node: IP: 127.0.0.1. Number of nodes 11
EtherApe-INFO: 19:55:55.785: New node: IP: 18.159.68.239. Number of nodes 12
EtherApe-INFO: 19:57:15.550: delete node: IP: 95.216.195.133. Number of nodes 11
EtherApe-INFO: 19:57:27.255: New node: IP: 149.154.167.50. Number of nodes 12
EtherApe-INFO: 19:57:53.966: delete node: IP: 127.0.0.1. Number of nodes 11
EtherApe-INFO: 19:57:59.509: New node: IP: 149.154.175.211. Number of nodes 12
EtherApe-INFO: 19:58:56.305: delete node: IP: 146.112.41.2. Number of nodes 11
EtherApe-INFO: 19:58:58.425: New node: IP: 146.112.41.2. Number of nodes 12
EtherApe-INFO: 19:59:27.568: delete node: IP: 149.154.167.50. Number of nodes 11
EtherApe-INFO: 20:00:15.425: New node: IP: 95.216.195.133. Number of nodes 12
EtherApe-INFO: 20:00:16.484: delete node: IP: 149.154.175.211. Number of nodes 11
EtherApe-INFO: 20:01:43.279: delete node: IP: 52.29.123.56. Number of nodes 10
EtherApe-INFO: 20:02:15.685: delete node: IP: 95.216.195.133. Number of nodes 9
EtherApe-INFO: 20:03:18.852: New node: IP: 52.29.123.56. Number of nodes 10
EtherApe-INFO: 20:03:21.556: delete node: IP: 146.112.41.2. Number of nodes 9
EtherApe-INFO: 20:03:21.785: New node: IP: 149.154.167.50. Number of nodes 10
EtherApe-INFO: 20:03:23.119: New node: IP: 146.112.41.2. Number of nodes 11
EtherApe-INFO: 20:05:15.385: New node: IP: 95.216.195.133. Number of nodes 12
EtherApe-INFO: 20:05:23.938: delete node: IP: 52.29.123.56. Number of nodes 11
EtherApe-INFO: 20:05:36.185: New node: IP: 149.154.167.255. Number of nodes 12
EtherApe-INFO: 20:06:58.874: delete node: IP: 149.154.167.41. Number of nodes 11
EtherApe-INFO: 20:07:03.628: New node: IP: 149.154.167.41. Number of nodes 12
EtherApe-INFO: 20:07:19.655: delete node: IP: 95.216.195.133. Number of nodes 11
EtherApe-INFO: 20:07:32.250: delete node: IP: 192.168.1.1. Number of nodes 10
EtherApe-INFO: 20:07:32.426: New node: IP: 192.168.1.1. Number of nodes 11
EtherApe-INFO: 20:07:51.641: delete node: IP: 149.154.167.255. Number of nodes 10
EtherApe-INFO: 20:07:58.299: delete node: IP: 149.154.167.216. Number of nodes 9
EtherApe-INFO: 20:09:09.947: New node: IP: 216.58.215.78. Number of nodes 10
EtherApe-INFO: 20:09:10.212: New node: IP: 142.250.203.195. Number of nodes 11
EtherApe-INFO: 20:09:14.745: New node: IP: 149.154.167.216. Number of nodes 12
EtherApe-INFO: 20:09:28.160: delete node: IP: 18.159.68.239. Number of nodes 11
EtherApe-INFO: 20:09:37.146: New node: IP: 52.29.123.56. Number of nodes 12
EtherApe-INFO: 20:10:15.279: New node: IP: 95.216.195.133. Number of nodes 13
EtherApe-INFO: 20:11:10.287: delete node: IP: 216.58.215.78. Number of nodes 12
EtherApe-INFO: 20:11:42.275: delete node: IP: 142.250.203.195. Number of nodes 11
EtherApe-INFO: 20:12:15.631: delete node: IP: 95.216.195.133. Number of nodes 10
EtherApe-INFO: 20:12:15.817: New node: IP: 216.58.215.106. Number of nodes 11
EtherApe-INFO: 20:14:15.906: delete node: IP: 216.58.215.106. Number of nodes 10
EtherApe-INFO: 20:15:15.338: New node: IP: 95.216.195.133. Number of nodes 11
EtherApe-INFO: 20:16:31.046: New node: IP: 91.108.56.145. Number of nodes 12
EtherApe-INFO: 20:16:31.305: New node: IP: 127.0.0.1. Number of nodes 13
EtherApe-INFO: 20:17:15.608: delete node: IP: 95.216.195.133. Number of nodes 12
EtherApe-INFO: 20:18:36.179: delete node: IP: 127.0.0.1. Number of nodes 11
EtherApe-INFO: 20:18:49.205: delete node: IP: 91.108.56.145. Number of nodes 10
EtherApe-INFO: 20:20:15.252: New node: IP: 95.216.195.133. Number of nodes 11
EtherApe-INFO: 20:21:53.576: delete node: IP: 146.112.41.2. Number of nodes 10
EtherApe-INFO: 20:22:12.158: New node: IP: 83.215.130.11. Number of nodes 11
EtherApe-INFO: 20:22:15.681: delete node: IP: 192.168.1.1. Number of nodes 10
EtherApe-INFO: 20:22:15.681: delete node: IP: 95.216.195.133. Number of nodes 9
EtherApe-INFO: 20:22:26.295: New node: IP: 192.168.1.1. Number of nodes 10
EtherApe-INFO: 20:22:26.295: New node: IP: 146.112.41.2. Number of nodes 11
EtherApe-INFO: 20:22:43.364: delete node: IP: 149.154.167.41. Number of nodes 10
EtherApe-INFO: 20:24:12.215: delete node: IP: 83.215.130.11. Number of nodes 9
EtherApe-INFO: 20:24:48.691: New node: IP: 149.154.167.41. Number of nodes 10
EtherApe-INFO: 20:25:11.625: New node: IP: 149.154.175.100. Number of nodes 11
EtherApe-INFO: 20:25:15.358: New node: IP: 95.216.195.133. Number of nodes 12
EtherApe-INFO: 20:25:19.625: New node: IP: 149.154.167.92. Number of nodes 13
EtherApe-INFO: 20:25:27.625: New node: IP: 91.108.56.145. Number of nodes 14
EtherApe-INFO: 20:25:29.293: delete node: IP: 149.154.167.216. Number of nodes 13
EtherApe-INFO: 20:25:35.625: New node: IP: 149.154.175.57. Number of nodes 14
EtherApe-INFO: 20:25:35.625: New node: IP: 149.154.175.54. Number of nodes 15
EtherApe-INFO: 20:25:42.825: New node: IP: 18.159.68.239. Number of nodes 16
EtherApe-INFO: 20:25:53.225: New node: IP: 142.250.201.202. Number of nodes 17
EtherApe-INFO: 20:25:53.493: New node: IP: 5.28.194.95. Number of nodes 18
EtherApe-INFO: 20:25:55.628: New node: IP: 149.154.167.216. Number of nodes 19
EtherApe-INFO: 20:27:27.325: delete node: IP: 149.154.167.92. Number of nodes 18
EtherApe-INFO: 20:27:34.759: delete node: IP: 91.108.56.145. Number of nodes 17
EtherApe-INFO: 20:27:42.740: delete node: IP: 149.154.175.57. Number of nodes 16
EtherApe-INFO: 20:27:42.740: delete node: IP: 149.154.175.54. Number of nodes 15
EtherApe-INFO: 20:27:54.021: delete node: IP: 142.250.201.202. Number of nodes 14
EtherApe-INFO: 20:27:54.021: delete node: IP: 95.216.195.133. Number of nodes 13
EtherApe-INFO: 20:27:57.196: delete node: IP: 149.154.175.100. Number of nodes 12
EtherApe-INFO: 20:27:57.196: delete node: IP: 5.28.194.95. Number of nodes 11
EtherApe-INFO: 20:28:18.723: delete node: IP: 54.80.2.54. Number of nodes 10
EtherApe-INFO: 20:30:50.455: New node: IP: 95.216.195.133. Number of nodes 11
EtherApe-INFO: 20:31:34.985: New node: IP: 149.154.167.255. Number of nodes 12
EtherApe-INFO: 20:31:50.692: delete node: IP: 149.154.167.50. Number of nodes 11
EtherApe-INFO: 20:32:50.712: delete node: IP: 95.216.195.133. Number of nodes 10
EtherApe-INFO: 20:33:59.755: delete node: IP: 149.154.167.255. Number of nodes 9
EtherApe-INFO: 20:34:10.668: New node: IP: 3.218.231.251. Number of nodes 10
EtherApe-INFO: 20:34:10.935: New node: IP: 127.0.0.1. Number of nodes 11
EtherApe-INFO: 20:35:50.401: New node: IP: 95.216.195.133. Number of nodes 12
EtherApe-INFO: 20:36:00.531: New node: IP: 149.154.167.50. Number of nodes 13
EtherApe-INFO: 20:36:15.751: delete node: IP: 127.0.0.1. Number of nodes 12
EtherApe-INFO: 20:37:50.721: delete node: IP: 95.216.195.133. Number of nodes 11
EtherApe-INFO: 20:38:33.945: delete node: IP: 18.159.68.239. Number of nodes 10
EtherApe-INFO: 20:39:10.132: New node: IP: 216.58.215.78. Number of nodes 11
EtherApe-INFO: 20:39:10.136: New node: IP: 142.250.203.195. Number of nodes 12
EtherApe-INFO: 20:39:27.472: delete node: IP: 149.154.167.50. Number of nodes 11
EtherApe-INFO: 20:39:38.936: delete node: IP: 149.154.167.216. Number of nodes 10
EtherApe-INFO: 20:39:39.198: New node: IP: 149.154.167.50. Number of nodes 11
EtherApe-INFO: 20:40:02.173: New node: IP: 149.154.167.216. Number of nodes 12
EtherApe-INFO: 20:40:50.398: New node: IP: 95.216.195.133. Number of nodes 13
EtherApe-INFO: 20:41:10.993: delete node: IP: 216.58.215.78. Number of nodes 12
EtherApe-INFO: 20:41:33.128: delete node: IP: 52.29.123.56. Number of nodes 11
EtherApe-INFO: 20:41:42.446: delete node: IP: 142.250.203.195. Number of nodes 10
EtherApe-INFO: 20:42:01.866: New node: IP: 172.217.16.10. Number of nodes 11
EtherApe-INFO: 20:42:05.864: New node: IP: 52.29.123.56. Number of nodes 12
EtherApe-INFO: 20:42:50.763: delete node: IP: 95.216.195.133. Number of nodes 11
EtherApe-INFO: 20:43:53.089: New node: IP: 149.154.167.255. Number of nodes 12
EtherApe-INFO: 20:44:02.180: delete node: IP: 172.217.16.10. Number of nodes 11
EtherApe-INFO: 20:44:10.177: delete node: IP: 52.29.123.56. Number of nodes 10
EtherApe-INFO: 20:44:20.327: delete node: IP: 149.154.167.50. Number of nodes 9
EtherApe-INFO: 20:44:35.199: New node: IP: 149.154.167.50. Number of nodes 10
EtherApe-INFO: 20:44:57.065: New node: IP: 52.29.123.56. Number of nodes 11
EtherApe-INFO: 20:45:50.398: New node: IP: 95.216.195.133. Number of nodes 12
EtherApe-INFO: 20:46:09.238: delete node: IP: 149.154.167.255. Number of nodes 11
EtherApe-INFO: 20:46:35.339: delete node: IP: 149.154.167.50. Number of nodes 10
EtherApe-INFO: 20:46:59.278: New node: IP: 149.154.167.50. Number of nodes 11
EtherApe-INFO: 20:47:51.105: delete node: IP: 95.216.195.133. Number of nodes 10
EtherApe-INFO: 20:49:34.301: delete node: IP: 146.112.41.2. Number of nodes 9
EtherApe-INFO: 20:49:36.349: New node: IP: 146.112.41.2. Number of nodes 10
EtherApe-INFO: 20:50:50.478: New node: IP: 95.216.195.133. Number of nodes 11
EtherApe-INFO: 20:51:37.283: New node: IP: 18.159.68.239. Number of nodes 12
EtherApe-INFO: 20:51:50.080: delete node: IP: 146.112.41.2. Number of nodes 11
EtherApe-INFO: 20:52:25.812: New node: IP: 146.112.41.2. Number of nodes 12
EtherApe-INFO: 20:52:52.514: delete node: IP: 95.216.195.133. Number of nodes 11
EtherApe-INFO: 20:55:50.345: New node: IP: 95.216.195.133. Number of nodes 12
EtherApe-INFO: 20:56:20.478: New node: IP: 83.215.130.11. Number of nodes 13
EtherApe-INFO: 20:56:51.209: delete node: IP: 146.112.41.2. Number of nodes 12
EtherApe-INFO: 20:57:00.215: New node: IP: 146.112.41.2. Number of nodes 13
EtherApe-INFO: 20:57:50.962: delete node: IP: 95.216.195.133. Number of nodes 12
EtherApe-INFO: 20:58:20.524: delete node: IP: 83.215.130.11. Number of nodes 11
EtherApe-INFO: 20:59:28.211: New node: IP: 149.154.175.57. Number of nodes 12
EtherApe-INFO: 20:59:28.211: New node: IP: 149.154.175.54. Number of nodes 13
EtherApe-INFO: 20:59:46.905: delete node: IP: 149.154.167.50. Number of nodes 12
EtherApe-INFO: 20:59:50.084: New node: IP: 149.154.167.50. Number of nodes 13
EtherApe-INFO: 21:00:50.345: New node: IP: 95.216.195.133. Number of nodes 14
EtherApe-INFO: 21:01:28.452: delete node: IP: 146.112.41.2. Number of nodes 13
EtherApe-INFO: 21:01:29.580: delete node: IP: 149.154.175.54. Number of nodes 12
EtherApe-INFO: 21:01:33.491: New node: IP: 146.112.41.2. Number of nodes 13
EtherApe-INFO: 21:01:44.967: delete node: IP: 149.154.175.57. Number of nodes 12
EtherApe-INFO: 21:02:01.227: delete node: IP: 18.159.68.239. Number of nodes 11
EtherApe-INFO: 21:02:50.625: delete node: IP: 95.216.195.133. Number of nodes 10
EtherApe-INFO: 21:03:05.492: New node: IP: 18.159.68.239. Number of nodes 11
EtherApe-INFO: 21:03:54.024: New node: IP: 149.154.167.92. Number of nodes 12
EtherApe-INFO: 21:05:49.758: delete node: IP: 146.112.41.2. Number of nodes 11
EtherApe-INFO: 21:05:50.294: New node: IP: 95.216.195.133. Number of nodes 12
EtherApe-INFO: 21:06:04.989: delete node: IP: 18.159.68.239. Number of nodes 11
EtherApe-INFO: 21:06:10.120: delete node: IP: 149.154.167.92. Number of nodes 10
EtherApe-INFO: 21:06:23.625: New node: IP: 18.159.68.239. Number of nodes 11
EtherApe-INFO: 21:06:32.668: New node: IP: 146.112.41.2. Number of nodes 12
EtherApe-INFO: 21:07:50.844: delete node: IP: 95.216.195.133. Number of nodes 11
EtherApe-INFO: 21:09:10.000: New node: IP: 216.58.215.78. Number of nodes 12
EtherApe-INFO: 21:09:10.265: New node: IP: 142.250.203.195. Number of nodes 13
EtherApe-INFO: 21:09:45.824: delete node: IP: 149.154.167.216. Number of nodes 12
EtherApe-INFO: 21:09:55.873: delete node: IP: 149.154.167.50. Number of nodes 11
EtherApe-INFO: 21:09:57.732: New node: IP: 149.154.167.216. Number of nodes 12
EtherApe-INFO: 21:10:03.598: New node: IP: 149.154.167.50. Number of nodes 13
EtherApe-INFO: 21:10:50.425: New node: IP: 95.216.195.133. Number of nodes 14
EtherApe-INFO: 21:11:10.510: delete node: IP: 216.58.215.78. Number of nodes 13
EtherApe-INFO: 21:11:15.491: New node: IP: 140.82.121.4. Number of nodes 14
EtherApe-INFO: 21:11:42.196: delete node: IP: 142.250.203.195. Number of nodes 13
EtherApe-INFO: 21:12:11.600: delete node: IP: 52.29.123.56. Number of nodes 12
EtherApe-INFO: 21:12:22.160: New node: IP: 216.58.215.106. Number of nodes 13
EtherApe-INFO: 21:12:50.926: delete node: IP: 95.216.195.133. Number of nodes 12
EtherApe-INFO: 21:13:23.438: New node: IP: 52.29.123.56. Number of nodes 13
EtherApe-INFO: 21:13:29.596: delete node: IP: 140.82.121.4. Number of nodes 12
EtherApe-INFO: 21:14:17.936: delete node: IP: 149.154.167.41. Number of nodes 11
EtherApe-INFO: 21:14:22.142: delete node: IP: 216.58.215.106. Number of nodes 10
EtherApe-INFO: 21:15:09.575: New node: IP: 149.154.167.41. Number of nodes 11
EtherApe-INFO: 21:15:26.116: delete node: IP: 18.159.68.239. Number of nodes 10
EtherApe-INFO: 21:15:33.584: delete node: IP: 52.29.123.56. Number of nodes 9
EtherApe-INFO: 21:15:50.372: New node: IP: 95.216.195.133. Number of nodes 10
EtherApe-INFO: 21:15:50.904: New node: IP: 52.29.123.56. Number of nodes 11
