(etherape:3030): GLib-GIO-DEBUG: 21:12:09.110: _g_io_module_get_default: Found default implementation local (GLocalVfs) for ‘gio-vfs’
(etherape:3030): GLib-GIO-DEBUG: 21:12:09.183: Using cross-namespace EXTERNAL authentication (this will deadlock if server is GDBus < 2.73.3)
EtherApe-INFO: 21:12:09.245: sctp protocol not supported
EtherApe-INFO: 21:12:09.245: dccp protocol not supported
EtherApe-INFO: 21:12:09.245: sctp protocol not supported
EtherApe-INFO: 21:12:09.245: sctp protocol not supported
EtherApe-INFO: 21:12:09.245: sctp protocol not supported
EtherApe-INFO: 21:12:09.245: sctp protocol not supported
EtherApe-INFO: 21:12:09.245: sctp protocol not supported
EtherApe-INFO: 21:12:09.245: sctp protocol not supported
EtherApe-INFO: 21:12:09.246: sctp protocol not supported
EtherApe-INFO: 21:12:09.246: dccp protocol not supported
EtherApe-INFO: 21:12:09.246: sctp protocol not supported
EtherApe-INFO: 21:12:09.246: dccp protocol not supported
EtherApe-INFO: 21:12:09.246: dccp protocol not supported
EtherApe-INFO: 21:12:09.246: sctp protocol not supported
EtherApe-INFO: 21:12:09.246: sctp protocol not supported
EtherApe-INFO: 21:12:09.247: sctp protocol not supported
EtherApe-INFO: 21:12:09.247: sctp protocol not supported
EtherApe-INFO: 21:12:09.247: sctp protocol not supported
EtherApe-INFO: 21:12:09.248: sctp protocol not supported
EtherApe-INFO: 21:12:09.248: sctp protocol not supported
EtherApe-INFO: 21:12:09.248: sctp protocol not supported
EtherApe-INFO: 21:12:09.248: sctp protocol not supported
EtherApe-INFO: 21:12:09.248: sctp protocol not supported
EtherApe-INFO: 21:12:09.248: sctp protocol not supported
EtherApe-INFO: 21:12:09.249: sctp protocol not supported
EtherApe-INFO: 21:12:09.249: sctp protocol not supported
EtherApe-INFO: 21:12:09.249: sctp protocol not supported
EtherApe-INFO: 21:12:09.249: sctp protocol not supported
EtherApe-INFO: 21:12:09.249: dccp protocol not supported
EtherApe-INFO: 21:12:09.249: sctp protocol not supported
EtherApe-INFO: 21:12:09.249: sctp protocol not supported
EtherApe-INFO: 21:12:09.249: dccp protocol not supported
EtherApe-INFO: 21:12:09.249: sctp protocol not supported
EtherApe-INFO: 21:12:09.249: sctp protocol not supported
EtherApe-INFO: 21:12:09.249: sctp protocol not supported
EtherApe-INFO: 21:12:09.249: dccp protocol not supported
EtherApe-INFO: 21:12:09.249: dccp protocol not supported
EtherApe-INFO: 21:12:09.249: sctp protocol not supported
EtherApe-INFO: 21:12:09.249: sctp protocol not supported
EtherApe-INFO: 21:12:09.249: sctp protocol not supported
EtherApe-INFO: 21:12:09.249: sctp protocol not supported
EtherApe-INFO: 21:12:09.249: sctp protocol not supported
EtherApe-INFO: 21:12:09.250: sctp protocol not supported
EtherApe-INFO: 21:12:09.250: sctp protocol not supported
EtherApe-INFO: 21:12:09.250: sctp protocol not supported
EtherApe-INFO: 21:12:09.250: sctp protocol not supported
EtherApe-INFO: 21:12:09.250: sctp protocol not supported
EtherApe-INFO: 21:12:09.250: sctp protocol not supported
EtherApe-INFO: 21:12:09.250: sctp protocol not supported
EtherApe-INFO: 21:12:09.250: sctp protocol not supported
EtherApe-INFO: 21:12:09.250: sctp protocol not supported
EtherApe-INFO: 21:12:09.250: sctp protocol not supported
EtherApe-INFO: 21:12:09.250: sctp protocol not supported
EtherApe-INFO: 21:12:09.250: sctp protocol not supported
EtherApe-INFO: 21:12:09.250: sctp protocol not supported
EtherApe-INFO: 21:12:09.250: sctp protocol not supported
EtherApe-INFO: 21:12:09.250: sctp protocol not supported
EtherApe-INFO: 21:12:09.250: dccp protocol not supported
EtherApe-INFO: 21:12:09.250: sctp protocol not supported
EtherApe-INFO: 21:12:09.250: sctp protocol not supported
EtherApe-INFO: 21:12:09.250: sctp protocol not supported
EtherApe-INFO: 21:12:09.250: sctp protocol not supported
EtherApe-INFO: 21:12:09.250: sctp protocol not supported
EtherApe-INFO: 21:12:09.250: sctp protocol not supported
EtherApe-INFO: 21:12:09.250: sctp protocol not supported
EtherApe-INFO: 21:12:09.250: sctp protocol not supported
EtherApe-INFO: 21:12:09.251: sctp protocol not supported
EtherApe-INFO: 21:12:09.251: sctp protocol not supported
EtherApe-INFO: 21:12:09.251: sctp protocol not supported
EtherApe-INFO: 21:12:09.251: sctp protocol not supported
EtherApe-INFO: 21:12:09.251: sctp protocol not supported
EtherApe-INFO: 21:12:09.251: sctp protocol not supported
EtherApe-INFO: 21:12:09.251: sctp protocol not supported
EtherApe-INFO: 21:12:09.251: sctp protocol not supported
EtherApe-INFO: 21:12:09.251: sctp protocol not supported
EtherApe-INFO: 21:12:09.251: sctp protocol not supported
EtherApe-INFO: 21:12:09.251: sctp protocol not supported
EtherApe-INFO: 21:12:09.251: sctp protocol not supported
EtherApe-INFO: 21:12:09.251: sctp protocol not supported
EtherApe-INFO: 21:12:09.251: sctp protocol not supported
EtherApe-INFO: 21:12:09.251: sctp protocol not supported
EtherApe-INFO: 21:12:09.251: sctp protocol not supported
EtherApe-INFO: 21:12:09.251: sctp protocol not supported
EtherApe-INFO: 21:12:09.251: sctp protocol not supported
EtherApe-INFO: 21:12:09.251: sctp protocol not supported
EtherApe-INFO: 21:12:09.251: sctp protocol not supported
EtherApe-INFO: 21:12:09.251: sctp protocol not supported
EtherApe-INFO: 21:12:09.251: sctp protocol not supported
EtherApe-INFO: 21:12:09.251: sctp protocol not supported
EtherApe-INFO: 21:12:09.251: sctp protocol not supported
EtherApe-INFO: 21:12:09.251: sctp protocol not supported
EtherApe-INFO: 21:12:09.251: sctp protocol not supported
EtherApe-INFO: 21:12:09.251: sctp protocol not supported
EtherApe-INFO: 21:12:09.251: sctp protocol not supported
EtherApe-INFO: 21:12:09.260: get_interface result: ''
EtherApe-INFO: 21:12:09.260: Available interfaces for capture: dbus-session dbus-system nfqueue nflog bluetooth-monitor bluetooth0 lo any wlp2s0
EtherApe-INFO: 21:12:09.261: Link type is LINUX_SLL
EtherApe-INFO: 21:12:09.261: Diagram started
EtherApe-INFO: 21:12:09.514: New node: IP: 185.226.144.91. Number of nodes 1
EtherApe-INFO: 21:12:09.514: New node: IP: 192.168.1.249. Number of nodes 2
EtherApe-INFO: 21:12:09.770: New node: IP: 9.9.9.9. Number of nodes 3
EtherApe-INFO: 21:12:10.538: New node: IP: 93.184.220.29. Number of nodes 4
EtherApe-INFO: 21:12:10.539: New node: IP: 87.245.216.107. Number of nodes 5
EtherApe-INFO: 21:12:10.539: New node: IP: 87.245.216.9. Number of nodes 6
EtherApe-INFO: 21:12:10.795: New node: IP: 149.154.167.50. Number of nodes 7
EtherApe-INFO: 21:12:11.562: New node: IP: 44.240.2.129. Number of nodes 8
EtherApe-INFO: 21:12:11.562: New node: IP: 54.200.142.81. Number of nodes 9
EtherApe-INFO: 21:12:12.075: New node: IP: 104.18.20.226. Number of nodes 10
EtherApe-INFO: 21:12:12.586: New node: IP: 142.250.203.131. Number of nodes 11
EtherApe-INFO: 21:12:12.842: New node: IP: 149.154.167.41. Number of nodes 12
EtherApe-INFO: 21:12:15.658: New node: IP: 35.158.180.177. Number of nodes 13
EtherApe-INFO: 21:12:16.170: New node: IP: 3.123.130.137. Number of nodes 14
EtherApe-INFO: 21:12:18.731: New node: IP: 34.107.221.82. Number of nodes 15
EtherApe-INFO: 21:12:27.691: New node: IP: 35.241.9.150. Number of nodes 16
EtherApe-INFO: 21:12:27.691: New node: IP: 34.160.144.191. Number of nodes 17
EtherApe-INFO: 21:12:27.691: New node: IP: 108.138.17.61. Number of nodes 18
EtherApe-INFO: 21:12:28.715: New node: IP: 104.18.13.33. Number of nodes 19
EtherApe-INFO: 21:12:28.715: New node: IP: 104.17.50.74. Number of nodes 20
EtherApe-INFO: 21:12:28.715: New node: IP: 34.107.141.31. Number of nodes 21
EtherApe-INFO: 21:12:29.739: New node: IP: 34.120.208.123. Number of nodes 22
EtherApe-INFO: 21:12:30.763: New node: IP: 104.22.33.83. Number of nodes 23
EtherApe-INFO: 21:12:30.763: New node: IP: 54.170.196.176. Number of nodes 24
EtherApe-INFO: 21:12:30.763: New node: IP: 35.186.227.140. Number of nodes 25
EtherApe-INFO: 21:12:30.763: New node: IP: 18.66.231.204. Number of nodes 26
EtherApe-INFO: 21:12:30.764: New node: IP: 104.16.249.249. Number of nodes 27
EtherApe-INFO: 21:12:30.764: New node: IP: 104.17.182.52. Number of nodes 28
EtherApe-INFO: 21:12:31.786: New node: IP: 13.32.110.21. Number of nodes 29
EtherApe-INFO: 21:12:32.555: New node: IP: 108.138.46.56. Number of nodes 30
EtherApe-INFO: 21:13:00.203: New node: IP: 31.28.161.71. Number of nodes 31
EtherApe-INFO: 21:13:07.372: New node: IP: 140.82.121.6. Number of nodes 32
EtherApe-INFO: 21:13:39.883: New node: IP: 3.127.160.74. Number of nodes 33
EtherApe-INFO: 21:13:40.140: New node: IP: 143.244.34.62. Number of nodes 34
EtherApe-INFO: 21:13:45.264: New node: IP: 8.8.8.8. Number of nodes 35
EtherApe-INFO: 21:13:59.858: New node: IP: 149.154.167.216. Number of nodes 36
EtherApe-INFO: 21:14:29.867: delete node: IP: 34.120.208.123. Number of nodes 35
EtherApe-INFO: 21:14:31.122: delete node: IP: 54.200.142.81. Number of nodes 34
EtherApe-INFO: 21:14:31.122: delete node: IP: 44.240.2.129. Number of nodes 33
EtherApe-INFO: 21:14:35.726: delete node: IP: 35.158.180.177. Number of nodes 32
EtherApe-INFO: 21:14:36.247: delete node: IP: 3.123.130.137. Number of nodes 31
EtherApe-INFO: 21:15:00.299: delete node: IP: 31.28.161.71. Number of nodes 30
EtherApe-INFO: 21:15:06.970: delete node: IP: 87.245.216.107. Number of nodes 29
EtherApe-INFO: 21:15:06.970: delete node: IP: 87.245.216.9. Number of nodes 28
EtherApe-INFO: 21:15:07.515: delete node: IP: 104.18.20.226. Number of nodes 27
EtherApe-INFO: 21:15:08.036: delete node: IP: 142.250.203.131. Number of nodes 26
EtherApe-INFO: 21:15:08.483: New node: IP: 31.28.161.71. Number of nodes 27
EtherApe-INFO: 21:15:12.140: delete node: IP: 93.184.220.29. Number of nodes 26
EtherApe-INFO: 21:15:14.686: delete node: IP: 34.107.221.82. Number of nodes 25
EtherApe-INFO: 21:15:19.997: New node: IP: 34.212.115.25. Number of nodes 26
EtherApe-INFO: 21:15:45.399: delete node: IP: 8.8.8.8. Number of nodes 25
EtherApe-INFO: 21:15:46.946: delete node: IP: 104.17.182.52. Number of nodes 24
EtherApe-INFO: 21:16:11.182: New node: IP: 192.168.1.1. Number of nodes 25
EtherApe-INFO: 21:16:11.185: New node: IP: 116.203.91.91. Number of nodes 26
EtherApe-INFO: 21:16:18.203: delete node: IP: 149.154.167.50. Number of nodes 25
EtherApe-INFO: 21:16:23.271: delete node: IP: 104.18.13.33. Number of nodes 24
EtherApe-INFO: 21:16:25.337: delete node: IP: 104.17.50.74. Number of nodes 23
EtherApe-INFO: 21:16:26.371: delete node: IP: 34.107.141.31. Number of nodes 22
EtherApe-INFO: 21:16:27.403: delete node: IP: 35.241.9.150. Number of nodes 21
EtherApe-INFO: 21:16:27.403: delete node: IP: 34.160.144.191. Number of nodes 20
EtherApe-INFO: 21:16:28.341: delete node: IP: 104.16.249.249. Number of nodes 19
EtherApe-INFO: 21:16:28.858: delete node: IP: 104.22.33.83. Number of nodes 18
EtherApe-INFO: 21:16:29.377: delete node: IP: 108.138.46.56. Number of nodes 17
EtherApe-INFO: 21:16:30.128: New node: IP: 54.148.242.254. Number of nodes 18
EtherApe-INFO: 21:16:30.409: delete node: IP: 108.138.17.61. Number of nodes 17
EtherApe-INFO: 21:16:32.475: delete node: IP: 35.186.227.140. Number of nodes 16
EtherApe-INFO: 21:16:33.513: delete node: IP: 13.32.110.21. Number of nodes 15
EtherApe-INFO: 21:16:34.549: delete node: IP: 18.66.231.204. Number of nodes 14
EtherApe-INFO: 21:16:38.585: delete node: IP: 54.170.196.176. Number of nodes 13
EtherApe-INFO: 21:17:07.830: delete node: IP: 140.82.121.6. Number of nodes 12
EtherApe-INFO: 21:17:08.552: delete node: IP: 31.28.161.71. Number of nodes 11
EtherApe-INFO: 21:17:33.963: delete node: IP: 34.212.115.25. Number of nodes 10
EtherApe-INFO: 21:18:09.203: New node: IP: 104.16.249.249. Number of nodes 11
EtherApe-INFO: 21:18:10.541: delete node: IP: 149.154.167.216. Number of nodes 10
EtherApe-INFO: 21:18:11.262: delete node: IP: 192.168.1.1. Number of nodes 9
EtherApe-INFO: 21:18:11.570: delete node: IP: 116.203.91.91. Number of nodes 8
EtherApe-INFO: 21:18:11.764: New node: IP: 149.154.167.216. Number of nodes 9
EtherApe-INFO: 21:18:44.809: delete node: IP: 54.148.242.254. Number of nodes 8
EtherApe-INFO: 21:19:24.725: New node: IP: 31.28.161.71. Number of nodes 9
EtherApe-INFO: 21:20:08.241: New node: IP: 8.8.8.8. Number of nodes 10
EtherApe-INFO: 21:20:10.060: delete node: IP: 104.16.249.249. Number of nodes 9
EtherApe-INFO: 21:21:11.214: New node: IP: 192.168.1.1. Number of nodes 10
EtherApe-INFO: 21:21:11.216: New node: IP: 116.203.91.91. Number of nodes 11
EtherApe-INFO: 21:21:24.850: delete node: IP: 31.28.161.71. Number of nodes 10
EtherApe-INFO: 21:21:41.170: New node: IP: 34.120.208.123. Number of nodes 11
EtherApe-INFO: 21:21:52.685: New node: IP: 54.148.242.254. Number of nodes 12
EtherApe-INFO: 21:22:08.367: delete node: IP: 8.8.8.8. Number of nodes 11
EtherApe-INFO: 21:23:11.373: delete node: IP: 192.168.1.1. Number of nodes 10
EtherApe-INFO: 21:23:11.579: delete node: IP: 116.203.91.91. Number of nodes 9
EtherApe-INFO: 21:23:40.979: New node: IP: 31.28.161.71. Number of nodes 10
EtherApe-INFO: 21:23:44.141: delete node: IP: 149.154.167.216. Number of nodes 9
EtherApe-INFO: 21:23:52.812: delete node: IP: 54.148.242.254. Number of nodes 8
EtherApe-INFO: 21:23:56.623: delete node: IP: 34.120.208.123. Number of nodes 7
EtherApe-INFO: 21:25:41.123: delete node: IP: 31.28.161.71. Number of nodes 6
EtherApe-INFO: 21:26:11.243: New node: IP: 192.168.1.1. Number of nodes 7
EtherApe-INFO: 21:26:11.249: New node: IP: 116.203.91.91. Number of nodes 8
EtherApe-INFO: 21:26:51.948: New node: IP: 8.8.8.8. Number of nodes 9
EtherApe-INFO: 21:27:37.266: New node: IP: 149.154.167.216. Number of nodes 10
EtherApe-INFO: 21:28:11.335: delete node: IP: 192.168.1.1. Number of nodes 9
EtherApe-INFO: 21:28:11.336: delete node: IP: 116.203.91.91. Number of nodes 8
EtherApe-INFO: 21:28:52.020: delete node: IP: 8.8.8.8. Number of nodes 7
EtherApe-INFO: 21:31:11.205: New node: IP: 192.168.1.1. Number of nodes 8
EtherApe-INFO: 21:31:11.207: New node: IP: 116.203.91.91. Number of nodes 9
EtherApe-INFO: 21:31:27.653: delete node: IP: 149.154.167.216. Number of nodes 8
EtherApe-INFO: 21:31:32.459: New node: IP: 72.4.120.219. Number of nodes 9
EtherApe-INFO: 21:32:13.411: New node: IP: 31.28.161.71. Number of nodes 10
EtherApe-INFO: 21:33:03.849: New node: IP: 149.154.167.216. Number of nodes 11
EtherApe-INFO: 21:33:11.280: delete node: IP: 192.168.1.1. Number of nodes 10
EtherApe-INFO: 21:33:11.280: delete node: IP: 116.203.91.91. Number of nodes 9
EtherApe-INFO: 21:34:13.225: delete node: IP: 31.28.161.71. Number of nodes 8
EtherApe-INFO: 21:36:11.237: New node: IP: 192.168.1.1. Number of nodes 9
EtherApe-INFO: 21:36:11.238: New node: IP: 116.203.91.91. Number of nodes 10
EtherApe-INFO: 21:36:21.241: delete node: IP: 72.4.120.219. Number of nodes 9
EtherApe-INFO: 21:36:53.261: delete node: IP: 149.154.167.216. Number of nodes 8
EtherApe-INFO: 21:38:11.325: delete node: IP: 192.168.1.1. Number of nodes 7
EtherApe-INFO: 21:38:11.325: delete node: IP: 116.203.91.91. Number of nodes 6
EtherApe-INFO: 21:39:00.975: New node: IP: 8.8.8.8. Number of nodes 7
EtherApe-INFO: 21:39:50.371: New node: IP: 104.16.249.249. Number of nodes 8
EtherApe-INFO: 21:41:11.019: New node: IP: 192.168.1.1. Number of nodes 9
EtherApe-INFO: 21:41:11.269: New node: IP: 116.203.91.91. Number of nodes 10
EtherApe-INFO: 21:42:01.957: New node: IP: 149.154.167.216. Number of nodes 11
EtherApe-INFO: 21:42:07.375: delete node: IP: 8.8.8.8. Number of nodes 10
EtherApe-INFO: 21:42:49.836: delete node: IP: 104.16.249.249. Number of nodes 9
EtherApe-INFO: 21:43:11.411: delete node: IP: 192.168.1.1. Number of nodes 8
EtherApe-INFO: 21:43:11.412: delete node: IP: 116.203.91.91. Number of nodes 7
EtherApe-INFO: 21:45:28.334: delete node: IP: 149.154.167.216. Number of nodes 6
EtherApe-INFO: 21:46:11.044: New node: IP: 192.168.1.1. Number of nodes 7
EtherApe-INFO: 21:46:11.299: New node: IP: 116.203.91.91. Number of nodes 8
EtherApe-INFO: 21:48:11.112: delete node: IP: 192.168.1.1. Number of nodes 7
EtherApe-INFO: 21:48:11.420: delete node: IP: 116.203.91.91. Number of nodes 6
EtherApe-INFO: 21:49:17.667: New node: IP: 31.28.161.71. Number of nodes 7
EtherApe-INFO: 21:51:11.076: New node: IP: 192.168.1.1. Number of nodes 8
EtherApe-INFO: 21:51:11.331: New node: IP: 116.203.91.91. Number of nodes 9
EtherApe-INFO: 21:51:17.557: delete node: IP: 31.28.161.71. Number of nodes 8
EtherApe-INFO: 21:53:10.884: New node: IP: 149.154.167.216. Number of nodes 9
EtherApe-INFO: 21:53:11.167: delete node: IP: 192.168.1.1. Number of nodes 8
EtherApe-INFO: 21:53:11.475: delete node: IP: 116.203.91.91. Number of nodes 7
EtherApe-INFO: 21:53:23.939: New node: IP: 72.4.120.219. Number of nodes 8
EtherApe-INFO: 21:55:26.337: delete node: IP: 149.154.167.216. Number of nodes 7
EtherApe-INFO: 21:56:11.109: New node: IP: 192.168.1.1. Number of nodes 8
EtherApe-INFO: 21:56:11.364: New node: IP: 116.203.91.91. Number of nodes 9
EtherApe-INFO: 21:56:40.811: New node: IP: 149.154.167.216. Number of nodes 10
EtherApe-INFO: 21:58:11.198: delete node: IP: 192.168.1.1. Number of nodes 9
EtherApe-INFO: 21:58:11.507: delete node: IP: 116.203.91.91. Number of nodes 8
EtherApe-INFO: 21:59:10.308: New node: IP: 8.8.8.8. Number of nodes 9
EtherApe-INFO: 22:01:05.300: delete node: IP: 143.244.34.62. Number of nodes 8
EtherApe-INFO: 22:01:10.461: delete node: IP: 8.8.8.8. Number of nodes 7
EtherApe-INFO: 22:01:11.142: New node: IP: 192.168.1.1. Number of nodes 8
EtherApe-INFO: 22:01:11.145: New node: IP: 116.203.91.91. Number of nodes 9
EtherApe-INFO: 22:03:11.270: delete node: IP: 192.168.1.1. Number of nodes 8
EtherApe-INFO: 22:03:11.476: delete node: IP: 116.203.91.91. Number of nodes 7
EtherApe-INFO: 22:06:11.176: New node: IP: 192.168.1.1. Number of nodes 8
EtherApe-INFO: 22:06:11.181: New node: IP: 116.203.91.91. Number of nodes 9
EtherApe-INFO: 22:07:42.329: delete node: IP: 149.154.167.216. Number of nodes 8
EtherApe-INFO: 22:08:02.793: New node: IP: 149.154.167.216. Number of nodes 9
EtherApe-INFO: 22:08:11.264: delete node: IP: 192.168.1.1. Number of nodes 8
EtherApe-INFO: 22:08:11.572: delete node: IP: 116.203.91.91. Number of nodes 7
EtherApe-INFO: 22:10:50.241: delete node: IP: 149.154.167.216. Number of nodes 6
EtherApe-INFO: 22:11:11.204: New node: IP: 192.168.1.1. Number of nodes 7
EtherApe-INFO: 22:11:11.206: New node: IP: 116.203.91.91. Number of nodes 8
EtherApe-INFO: 22:13:07.940: New node: IP: 149.154.167.216. Number of nodes 9
EtherApe-INFO: 22:13:11.290: delete node: IP: 192.168.1.1. Number of nodes 8
EtherApe-INFO: 22:13:11.598: delete node: IP: 116.203.91.91. Number of nodes 7
EtherApe-INFO: 22:15:23.922: delete node: IP: 149.154.167.216. Number of nodes 6
EtherApe-INFO: 22:16:11.235: New node: IP: 192.168.1.1. Number of nodes 7
EtherApe-INFO: 22:16:11.236: New node: IP: 116.203.91.91. Number of nodes 8
EtherApe-INFO: 22:18:11.572: delete node: IP: 192.168.1.1. Number of nodes 7
EtherApe-INFO: 22:18:11.572: delete node: IP: 116.203.91.91. Number of nodes 6
EtherApe-INFO: 22:18:50.000: delete node: IP: 72.4.120.219. Number of nodes 5
EtherApe-INFO: 22:19:17.092: New node: IP: 149.154.167.216. Number of nodes 6
EtherApe-INFO: 22:21:11.012: New node: IP: 192.168.1.1. Number of nodes 7
EtherApe-INFO: 22:21:11.267: New node: IP: 116.203.91.91. Number of nodes 8
EtherApe-INFO: 22:21:33.586: delete node: IP: 149.154.167.216. Number of nodes 7
EtherApe-INFO: 22:22:23.461: New node: IP: 149.154.167.216. Number of nodes 8
EtherApe-INFO: 22:22:31.686: delete node: IP: 3.127.160.74. Number of nodes 7
EtherApe-INFO: 22:23:11.359: delete node: IP: 192.168.1.1. Number of nodes 6
EtherApe-INFO: 22:23:11.359: delete node: IP: 116.203.91.91. Number of nodes 5
EtherApe-INFO: 22:23:25.672: New node: IP: 31.28.161.71. Number of nodes 6
EtherApe-INFO: 22:23:46.403: New node: IP: 8.8.8.8. Number of nodes 7
EtherApe-INFO: 22:24:39.204: delete node: IP: 149.154.167.216. Number of nodes 6
EtherApe-INFO: 22:25:26.579: delete node: IP: 31.28.161.71. Number of nodes 5
EtherApe-INFO: 22:25:46.529: delete node: IP: 8.8.8.8. Number of nodes 4
EtherApe-INFO: 22:26:11.042: New node: IP: 192.168.1.1. Number of nodes 5
EtherApe-INFO: 22:26:11.299: New node: IP: 116.203.91.91. Number of nodes 6
EtherApe-INFO: 22:26:30.755: New node: IP: 149.154.167.216. Number of nodes 7
EtherApe-INFO: 22:28:11.371: delete node: IP: 192.168.1.1. Number of nodes 6
EtherApe-INFO: 22:28:11.678: delete node: IP: 116.203.91.91. Number of nodes 5
EtherApe-INFO: 22:28:46.728: delete node: IP: 149.154.167.216. Number of nodes 4
EtherApe-INFO: 22:31:11.077: New node: IP: 192.168.1.1. Number of nodes 5
EtherApe-INFO: 22:31:11.842: New node: IP: 116.203.91.91. Number of nodes 6
EtherApe-INFO: 22:33:11.979: delete node: IP: 192.168.1.1. Number of nodes 5
EtherApe-INFO: 22:33:11.979: delete node: IP: 116.203.91.91. Number of nodes 4
EtherApe-INFO: 22:34:43.555: New node: IP: 149.154.167.216. Number of nodes 5
EtherApe-INFO: 22:36:08.547: New node: IP: 149.154.167.92. Number of nodes 6
EtherApe-INFO: 22:36:11.106: New node: IP: 192.168.1.1. Number of nodes 7
EtherApe-INFO: 22:36:11.362: New node: IP: 116.203.91.91. Number of nodes 8
EtherApe-INFO: 22:38:12.274: delete node: IP: 192.168.1.1. Number of nodes 7
EtherApe-INFO: 22:38:12.274: delete node: IP: 116.203.91.91. Number of nodes 6
EtherApe-INFO: 22:38:24.773: delete node: IP: 149.154.167.92. Number of nodes 5
EtherApe-INFO: 22:39:47.755: delete node: IP: 149.154.167.216. Number of nodes 4
EtherApe-INFO: 22:41:11.139: New node: IP: 192.168.1.1. Number of nodes 5
EtherApe-INFO: 22:41:11.139: New node: IP: 116.203.91.91. Number of nodes 6
EtherApe-INFO: 22:42:23.074: New node: IP: 149.154.167.216. Number of nodes 7
(etherape:3030): Gdk-DEBUG: 22:43:04.310: etherape: Fatal IO error 11 (Resource temporarily unavailable) on X server :0.

