(etherape:3114): GLib-GIO-DEBUG: 05:37:30.114: _g_io_module_get_default: Found default implementation local (GLocalVfs) for ‘gio-vfs’
(etherape:3114): GLib-GIO-DEBUG: 05:37:30.151: Using cross-namespace EXTERNAL authentication (this will deadlock if server is GDBus < 2.73.3)
EtherApe-INFO: 05:37:30.189: sctp protocol not supported
EtherApe-INFO: 05:37:30.189: dccp protocol not supported
EtherApe-INFO: 05:37:30.189: sctp protocol not supported
EtherApe-INFO: 05:37:30.189: sctp protocol not supported
EtherApe-INFO: 05:37:30.189: sctp protocol not supported
EtherApe-INFO: 05:37:30.189: sctp protocol not supported
EtherApe-INFO: 05:37:30.189: sctp protocol not supported
EtherApe-INFO: 05:37:30.189: sctp protocol not supported
EtherApe-INFO: 05:37:30.190: sctp protocol not supported
EtherApe-INFO: 05:37:30.190: dccp protocol not supported
EtherApe-INFO: 05:37:30.190: sctp protocol not supported
EtherApe-INFO: 05:37:30.190: dccp protocol not supported
EtherApe-INFO: 05:37:30.190: dccp protocol not supported
EtherApe-INFO: 05:37:30.190: sctp protocol not supported
EtherApe-INFO: 05:37:30.190: sctp protocol not supported
EtherApe-INFO: 05:37:30.190: sctp protocol not supported
EtherApe-INFO: 05:37:30.190: sctp protocol not supported
EtherApe-INFO: 05:37:30.190: sctp protocol not supported
EtherApe-INFO: 05:37:30.191: sctp protocol not supported
EtherApe-INFO: 05:37:30.191: sctp protocol not supported
EtherApe-INFO: 05:37:30.191: sctp protocol not supported
EtherApe-INFO: 05:37:30.191: sctp protocol not supported
EtherApe-INFO: 05:37:30.191: sctp protocol not supported
EtherApe-INFO: 05:37:30.191: sctp protocol not supported
EtherApe-INFO: 05:37:30.191: sctp protocol not supported
EtherApe-INFO: 05:37:30.191: sctp protocol not supported
EtherApe-INFO: 05:37:30.191: sctp protocol not supported
EtherApe-INFO: 05:37:30.191: sctp protocol not supported
EtherApe-INFO: 05:37:30.191: dccp protocol not supported
EtherApe-INFO: 05:37:30.191: sctp protocol not supported
EtherApe-INFO: 05:37:30.191: sctp protocol not supported
EtherApe-INFO: 05:37:30.191: dccp protocol not supported
EtherApe-INFO: 05:37:30.191: sctp protocol not supported
EtherApe-INFO: 05:37:30.191: sctp protocol not supported
EtherApe-INFO: 05:37:30.191: sctp protocol not supported
EtherApe-INFO: 05:37:30.191: dccp protocol not supported
EtherApe-INFO: 05:37:30.191: dccp protocol not supported
EtherApe-INFO: 05:37:30.191: sctp protocol not supported
EtherApe-INFO: 05:37:30.191: sctp protocol not supported
EtherApe-INFO: 05:37:30.192: sctp protocol not supported
EtherApe-INFO: 05:37:30.192: sctp protocol not supported
EtherApe-INFO: 05:37:30.192: sctp protocol not supported
EtherApe-INFO: 05:37:30.192: sctp protocol not supported
EtherApe-INFO: 05:37:30.192: sctp protocol not supported
EtherApe-INFO: 05:37:30.192: sctp protocol not supported
EtherApe-INFO: 05:37:30.192: sctp protocol not supported
EtherApe-INFO: 05:37:30.192: sctp protocol not supported
EtherApe-INFO: 05:37:30.192: sctp protocol not supported
EtherApe-INFO: 05:37:30.192: sctp protocol not supported
EtherApe-INFO: 05:37:30.192: sctp protocol not supported
EtherApe-INFO: 05:37:30.192: sctp protocol not supported
EtherApe-INFO: 05:37:30.192: sctp protocol not supported
EtherApe-INFO: 05:37:30.192: sctp protocol not supported
EtherApe-INFO: 05:37:30.192: sctp protocol not supported
EtherApe-INFO: 05:37:30.192: sctp protocol not supported
EtherApe-INFO: 05:37:30.192: sctp protocol not supported
EtherApe-INFO: 05:37:30.192: sctp protocol not supported
EtherApe-INFO: 05:37:30.192: dccp protocol not supported
EtherApe-INFO: 05:37:30.192: sctp protocol not supported
EtherApe-INFO: 05:37:30.192: sctp protocol not supported
EtherApe-INFO: 05:37:30.192: sctp protocol not supported
EtherApe-INFO: 05:37:30.192: sctp protocol not supported
EtherApe-INFO: 05:37:30.192: sctp protocol not supported
EtherApe-INFO: 05:37:30.192: sctp protocol not supported
EtherApe-INFO: 05:37:30.192: sctp protocol not supported
EtherApe-INFO: 05:37:30.192: sctp protocol not supported
EtherApe-INFO: 05:37:30.192: sctp protocol not supported
EtherApe-INFO: 05:37:30.192: sctp protocol not supported
EtherApe-INFO: 05:37:30.192: sctp protocol not supported
EtherApe-INFO: 05:37:30.192: sctp protocol not supported
EtherApe-INFO: 05:37:30.192: sctp protocol not supported
EtherApe-INFO: 05:37:30.192: sctp protocol not supported
EtherApe-INFO: 05:37:30.192: sctp protocol not supported
EtherApe-INFO: 05:37:30.192: sctp protocol not supported
EtherApe-INFO: 05:37:30.192: sctp protocol not supported
EtherApe-INFO: 05:37:30.192: sctp protocol not supported
EtherApe-INFO: 05:37:30.192: sctp protocol not supported
EtherApe-INFO: 05:37:30.192: sctp protocol not supported
EtherApe-INFO: 05:37:30.192: sctp protocol not supported
EtherApe-INFO: 05:37:30.192: sctp protocol not supported
EtherApe-INFO: 05:37:30.193: sctp protocol not supported
EtherApe-INFO: 05:37:30.193: sctp protocol not supported
EtherApe-INFO: 05:37:30.193: sctp protocol not supported
EtherApe-INFO: 05:37:30.193: sctp protocol not supported
EtherApe-INFO: 05:37:30.193: sctp protocol not supported
EtherApe-INFO: 05:37:30.193: sctp protocol not supported
EtherApe-INFO: 05:37:30.193: sctp protocol not supported
EtherApe-INFO: 05:37:30.193: sctp protocol not supported
EtherApe-INFO: 05:37:30.193: sctp protocol not supported
EtherApe-INFO: 05:37:30.193: sctp protocol not supported
EtherApe-INFO: 05:37:30.193: sctp protocol not supported
EtherApe-INFO: 05:37:30.193: sctp protocol not supported
EtherApe-INFO: 05:37:30.193: sctp protocol not supported
EtherApe-INFO: 05:37:30.193: sctp protocol not supported
EtherApe-INFO: 05:37:30.193: sctp protocol not supported
EtherApe-INFO: 05:37:30.193: sctp protocol not supported
EtherApe-INFO: 05:37:30.203: get_interface result: ''
EtherApe-INFO: 05:37:30.203: Available interfaces for capture: dbus-session dbus-system nfqueue nflog bluetooth-monitor lo any enp5s0
EtherApe-INFO: 05:37:30.203: Link type is LINUX_SLL
EtherApe-INFO: 05:37:30.204: Diagram started
EtherApe-INFO: 05:37:30.462: New node: IP: 142.250.203.195. Number of nodes 1
EtherApe-INFO: 05:37:30.462: New node: IP: 192.168.0.240. Number of nodes 2
EtherApe-INFO: 05:37:30.462: New node: IP: 3.123.87.71. Number of nodes 3
EtherApe-INFO: 05:37:31.231: New node: IP: 192.229.221.95. Number of nodes 4
EtherApe-INFO: 05:37:31.743: New node: IP: 52.222.226.205. Number of nodes 5
EtherApe-INFO: 05:37:32.254: New node: IP: 142.250.203.142. Number of nodes 6
EtherApe-INFO: 05:37:32.509: New node: IP: 142.250.186.206. Number of nodes 7
EtherApe-INFO: 05:37:33.278: New node: IP: 8.8.8.8. Number of nodes 8
EtherApe-INFO: 05:37:33.534: New node: IP: 104.16.249.249. Number of nodes 9
EtherApe-INFO: 05:37:33.535: New node: IP: 142.250.186.202. Number of nodes 10
EtherApe-INFO: 05:37:34.301: New node: IP: 142.250.203.138. Number of nodes 11
EtherApe-INFO: 05:37:35.582: New node: IP: 8.8.4.4. Number of nodes 12
EtherApe-INFO: 05:37:36.352: New node: IP: 104.18.20.226. Number of nodes 13
EtherApe-INFO: 05:37:37.887: New node: IP: 172.64.155.188. Number of nodes 14
EtherApe-INFO: 05:37:38.400: New node: IP: 34.107.221.82. Number of nodes 15
EtherApe-INFO: 05:37:38.910: New node: IP: 13.248.213.232. Number of nodes 16
EtherApe-INFO: 05:37:38.911: New node: IP: 104.18.32.68. Number of nodes 17
EtherApe-INFO: 05:37:38.911: New node: IP: 2.21.173.112. Number of nodes 18
EtherApe-INFO: 05:37:39.166: New node: IP: 149.154.167.41. Number of nodes 19
EtherApe-INFO: 05:37:39.935: New node: IP: 193.34.169.16. Number of nodes 20
EtherApe-INFO: 05:37:46.589: New node: IP: 198.252.206.25. Number of nodes 21
EtherApe-INFO: 05:37:46.845: New node: IP: 104.17.49.74. Number of nodes 22
EtherApe-INFO: 05:37:46.845: New node: IP: 104.17.32.105. Number of nodes 23
EtherApe-INFO: 05:37:46.845: New node: IP: 34.160.144.191. Number of nodes 24
EtherApe-INFO: 05:37:46.845: New node: IP: 172.64.106.28. Number of nodes 25
EtherApe-INFO: 05:37:46.846: New node: IP: 142.250.203.132. Number of nodes 26
EtherApe-INFO: 05:37:46.846: New node: IP: 3.233.189.40. Number of nodes 27
EtherApe-INFO: 05:37:46.846: New node: IP: 193.34.168.232. Number of nodes 28
EtherApe-INFO: 05:37:46.846: New node: IP: 104.18.12.33. Number of nodes 29
EtherApe-INFO: 05:37:46.846: New node: IP: 35.241.9.150. Number of nodes 30
EtherApe-INFO: 05:37:46.846: New node: IP: 104.16.99.56. Number of nodes 31
EtherApe-INFO: 05:37:46.846: New node: IP: 13.32.103.37. Number of nodes 32
EtherApe-INFO: 05:37:46.846: New node: IP: 172.217.16.5. Number of nodes 33
EtherApe-INFO: 05:37:46.846: New node: IP: 193.34.169.10. Number of nodes 34
EtherApe-INFO: 05:37:46.846: New node: IP: 18.66.98.108. Number of nodes 35
EtherApe-INFO: 05:37:46.847: New node: IP: 172.67.209.148. Number of nodes 36
EtherApe-INFO: 05:37:46.847: New node: IP: 193.34.169.17. Number of nodes 37
EtherApe-INFO: 05:37:46.847: New node: IP: 142.250.203.202. Number of nodes 38
EtherApe-INFO: 05:37:46.847: New node: IP: 108.138.46.56. Number of nodes 39
EtherApe-INFO: 05:37:46.847: New node: IP: 140.82.121.3. Number of nodes 40
EtherApe-INFO: 05:37:46.847: New node: IP: 172.67.30.196. Number of nodes 41
EtherApe-INFO: 05:37:46.847: New node: IP: 104.18.6.185. Number of nodes 42
EtherApe-INFO: 05:37:46.847: New node: IP: 34.117.65.55. Number of nodes 43
EtherApe-INFO: 05:37:46.847: New node: IP: 104.21.75.3. Number of nodes 44
EtherApe-INFO: 05:37:46.847: New node: IP: 34.120.208.123. Number of nodes 45
EtherApe-INFO: 05:37:46.848: New node: IP: 62.182.19.39. Number of nodes 46
EtherApe-INFO: 05:37:54.269: New node: IP: 149.154.167.50. Number of nodes 47
EtherApe-INFO: 05:37:55.043: New node: IP: 208.68.240.115. Number of nodes 48
EtherApe-INFO: 05:37:55.043: New node: IP: 52.29.123.56. Number of nodes 49
EtherApe-INFO: 05:37:55.044: New node: IP: 216.58.215.78. Number of nodes 50
EtherApe-INFO: 05:37:55.044: New node: IP: 104.17.33.105. Number of nodes 51
EtherApe-INFO: 05:37:55.044: New node: IP: 104.18.14.117. Number of nodes 52
EtherApe-INFO: 05:37:55.044: New node: IP: 172.67.70.109. Number of nodes 53
EtherApe-INFO: 05:37:55.063: New node: IP: 104.81.209.20. Number of nodes 54
EtherApe-INFO: 05:37:55.261: New node: IP: 192.168.0.1. Number of nodes 55
EtherApe-INFO: 05:37:55.314: New node: IP: 2.21.173.91. Number of nodes 56
EtherApe-INFO: 05:37:55.319: New node: IP: 216.58.215.110. Number of nodes 57
EtherApe-INFO: 05:37:55.320: New node: IP: 52.222.229.16. Number of nodes 58
EtherApe-INFO: 05:37:55.320: New node: IP: 91.198.174.192. Number of nodes 59
EtherApe-INFO: 05:37:55.321: New node: IP: 185.68.16.12. Number of nodes 60
EtherApe-INFO: 05:37:55.321: New node: IP: 207.154.199.169. Number of nodes 61
EtherApe-INFO: 05:37:55.321: New node: IP: 172.67.188.216. Number of nodes 62
EtherApe-INFO: 05:37:55.324: New node: IP: 142.250.203.206. Number of nodes 63
EtherApe-INFO: 05:37:55.325: New node: IP: 75.2.7.159. Number of nodes 64
EtherApe-INFO: 05:37:55.450: New node: IP: 212.24.154.103. Number of nodes 65
EtherApe-INFO: 05:37:55.450: New node: IP: 151.101.65.69. Number of nodes 66
EtherApe-INFO: 05:37:55.450: New node: IP: 104.18.10.176. Number of nodes 67
EtherApe-INFO: 05:37:55.450: New node: IP: 130.14.29.110. Number of nodes 68
EtherApe-INFO: 05:37:55.450: New node: IP: 104.26.8.250. Number of nodes 69
EtherApe-INFO: 05:37:55.450: New node: IP: 104.18.6.55. Number of nodes 70
EtherApe-INFO: 05:37:55.451: New node: IP: 104.18.40.133. Number of nodes 71
EtherApe-INFO: 05:37:55.460: New node: IP: 193.34.169.6. Number of nodes 72
EtherApe-INFO: 05:37:55.467: New node: IP: 54.155.178.5. Number of nodes 73
EtherApe-INFO: 05:37:55.500: New node: IP: 172.65.251.78. Number of nodes 74
EtherApe-INFO: 05:37:55.525: New node: IP: 151.101.194.132. Number of nodes 75
EtherApe-INFO: 05:37:55.626: New node: IP: 141.8.194.164. Number of nodes 76
EtherApe-INFO: 05:37:55.629: New node: IP: 13.32.27.63. Number of nodes 77
EtherApe-INFO: 05:37:55.631: New node: IP: 151.101.1.91. Number of nodes 78
EtherApe-INFO: 05:37:55.642: New node: IP: 194.1.147.83. Number of nodes 79
EtherApe-INFO: 05:37:55.820: New node: IP: 185.199.111.153. Number of nodes 80
EtherApe-INFO: 05:37:55.832: New node: IP: 192.190.221.84. Number of nodes 81
EtherApe-INFO: 05:37:56.072: New node: IP: 145.40.68.75. Number of nodes 82
EtherApe-INFO: 05:37:56.568: New node: IP: 192.124.249.23. Number of nodes 83
EtherApe-INFO: 05:37:58.704: New node: IP: 104.18.21.226. Number of nodes 84
EtherApe-INFO: 05:37:58.741: New node: IP: 140.82.114.25. Number of nodes 85
EtherApe-INFO: 05:37:59.896: New node: IP: 104.18.15.117. Number of nodes 86
EtherApe-INFO: 05:37:59.908: New node: IP: 3.218.231.251. Number of nodes 87
EtherApe-INFO: 05:38:00.968: New node: IP: 193.34.169.9. Number of nodes 88
EtherApe-INFO: 05:38:01.233: New node: IP: 142.250.75.10. Number of nodes 89
EtherApe-INFO: 05:38:01.233: New node: IP: 104.17.24.14. Number of nodes 90
EtherApe-INFO: 05:38:01.236: New node: IP: 69.16.175.42. Number of nodes 91
EtherApe-INFO: 05:38:02.315: New node: IP: 185.199.108.153. Number of nodes 92
EtherApe-INFO: 05:38:03.021: New node: IP: 104.16.242.94. Number of nodes 93
EtherApe-INFO: 05:38:03.036: New node: IP: 52.218.243.0. Number of nodes 94
EtherApe-INFO: 05:38:03.105: New node: IP: 18.66.112.24. Number of nodes 95
EtherApe-INFO: 05:38:03.344: New node: IP: 185.199.108.154. Number of nodes 96
EtherApe-INFO: 05:38:03.508: New node: IP: 216.58.215.65. Number of nodes 97
EtherApe-INFO: 05:38:04.074: New node: IP: 104.16.26.5. Number of nodes 98
EtherApe-INFO: 05:38:04.610: New node: IP: 142.250.186.193. Number of nodes 99
EtherApe-INFO: 05:38:04.724: New node: IP: 91.236.251.129. Number of nodes 100
EtherApe-INFO: 05:38:04.873: New node: IP: 104.21.8.247. Number of nodes 101
EtherApe-INFO: 05:38:06.036: New node: IP: 185.199.108.133. Number of nodes 102
EtherApe-INFO: 05:38:06.322: New node: IP: 216.58.209.14. Number of nodes 103
EtherApe-INFO: 05:38:07.209: New node: IP: 18.66.121.184. Number of nodes 104
EtherApe-INFO: 05:38:07.209: New node: IP: 91.198.174.208. Number of nodes 105
EtherApe-INFO: 05:38:07.209: New node: IP: 193.34.169.2. Number of nodes 106
EtherApe-INFO: 05:38:07.623: New node: IP: 108.138.19.95. Number of nodes 107
EtherApe-INFO: 05:38:08.250: New node: IP: 104.16.87.20. Number of nodes 108
EtherApe-INFO: 05:38:08.250: New node: IP: 104.16.88.20. Number of nodes 109
EtherApe-INFO: 05:38:08.514: New node: IP: 216.58.209.10. Number of nodes 110
EtherApe-INFO: 05:38:08.515: New node: IP: 151.101.1.69. Number of nodes 111
EtherApe-INFO: 05:38:08.553: New node: IP: 199.232.16.193. Number of nodes 112
EtherApe-INFO: 05:38:08.555: New node: IP: 23.64.12.106. Number of nodes 113
EtherApe-INFO: 05:38:08.557: New node: IP: 18.66.147.33. Number of nodes 114
EtherApe-INFO: 05:38:08.753: New node: IP: 18.156.16.255. Number of nodes 115
EtherApe-INFO: 05:38:12.267: New node: IP: 13.248.151.210. Number of nodes 116
EtherApe-INFO: 05:38:12.550: New node: IP: 104.18.10.207. Number of nodes 117
EtherApe-INFO: 05:38:12.554: New node: IP: 45.57.90.1. Number of nodes 118
EtherApe-INFO: 05:38:12.555: New node: IP: 104.19.187.97. Number of nodes 119
EtherApe-INFO: 05:38:13.543: New node: IP: 13.224.189.73. Number of nodes 120
EtherApe-INFO: 05:38:14.842: New node: IP: 151.101.2.132. Number of nodes 121
EtherApe-INFO: 05:38:14.983: New node: IP: 143.204.89.24. Number of nodes 122
EtherApe-INFO: 05:38:16.799: New node: IP: 13.225.84.51. Number of nodes 123
EtherApe-INFO: 05:38:17.557: New node: IP: 52.201.38.110. Number of nodes 124
EtherApe-INFO: 05:38:18.339: New node: IP: 104.18.22.126. Number of nodes 125
EtherApe-INFO: 05:38:18.582: New node: IP: 193.200.65.70. Number of nodes 126
EtherApe-INFO: 05:38:18.874: New node: IP: 192.0.73.2. Number of nodes 127
EtherApe-INFO: 05:38:19.616: New node: IP: 172.217.16.46. Number of nodes 128
EtherApe-INFO: 05:38:19.940: New node: IP: 142.250.75.13. Number of nodes 129
EtherApe-INFO: 05:38:20.897: New node: IP: 5.101.110.225. Number of nodes 130
EtherApe-INFO: 05:38:21.420: New node: IP: 52.222.214.221. Number of nodes 131
EtherApe-INFO: 05:38:21.914: New node: IP: 104.26.9.113. Number of nodes 132
EtherApe-INFO: 05:38:22.695: New node: IP: 104.18.11.207. Number of nodes 133
EtherApe-INFO: 05:38:22.748: New node: IP: 142.250.203.196. Number of nodes 134
EtherApe-INFO: 05:38:23.947: New node: IP: 151.101.2.152. Number of nodes 135
EtherApe-INFO: 05:38:23.948: New node: IP: 13.32.27.124. Number of nodes 136
EtherApe-INFO: 05:38:23.952: New node: IP: 108.138.17.18. Number of nodes 137
EtherApe-INFO: 05:38:24.405: New node: IP: 142.250.203.193. Number of nodes 138
EtherApe-INFO: 05:38:24.906: New node: IP: 172.217.16.10. Number of nodes 139
EtherApe-INFO: 05:38:25.432: New node: IP: 18.66.147.167. Number of nodes 140
EtherApe-INFO: 05:38:25.962: New node: IP: 216.58.215.86. Number of nodes 141
EtherApe-INFO: 05:38:25.983: New node: IP: 52.51.253.173. Number of nodes 142
EtherApe-INFO: 05:38:27.477: New node: IP: 52.46.154.73. Number of nodes 143
EtherApe-INFO: 05:38:27.984: New node: IP: 104.18.43.158. Number of nodes 144
EtherApe-INFO: 05:38:28.002: New node: IP: 99.86.1.36. Number of nodes 145
EtherApe-INFO: 05:38:28.793: New node: IP: 142.250.75.14. Number of nodes 146
EtherApe-INFO: 05:38:29.039: New node: IP: 45.57.40.1. Number of nodes 147
EtherApe-INFO: 05:38:29.285: New node: IP: 34.240.82.124. Number of nodes 148
EtherApe-INFO: 05:38:29.287: New node: IP: 3.141.219.247. Number of nodes 149
EtherApe-INFO: 05:38:29.287: New node: IP: 35.175.169.16. Number of nodes 150
EtherApe-INFO: 05:38:29.288: New node: IP: 35.165.68.166. Number of nodes 151
EtherApe-INFO: 05:38:29.302: New node: IP: 151.101.130.152. Number of nodes 152
EtherApe-INFO: 05:38:29.303: New node: IP: 151.101.194.152. Number of nodes 153
EtherApe-INFO: 05:38:29.313: New node: IP: 45.57.41.1. Number of nodes 154
EtherApe-INFO: 05:38:29.534: New node: IP: 140.82.112.26. Number of nodes 155
EtherApe-INFO: 05:38:30.798: New node: IP: 3.33.254.20. Number of nodes 156
EtherApe-INFO: 05:38:31.052: New node: IP: 142.250.203.150. Number of nodes 157
EtherApe-INFO: 05:38:31.054: New node: IP: 54.76.31.8. Number of nodes 158
EtherApe-INFO: 05:38:31.561: New node: IP: 172.217.16.33. Number of nodes 159
EtherApe-INFO: 05:38:31.835: New node: IP: 3.67.181.148. Number of nodes 160
EtherApe-INFO: 05:38:32.114: New node: IP: 208.109.48.164. Number of nodes 161
EtherApe-INFO: 05:38:32.632: New node: IP: 76.223.82.19. Number of nodes 162
EtherApe-INFO: 05:38:33.829: New node: IP: 18.66.147.41. Number of nodes 163
EtherApe-INFO: 05:38:34.966: New node: IP: 216.58.208.202. Number of nodes 164
EtherApe-INFO: 05:38:37.292: New node: IP: 34.200.175.236. Number of nodes 165
EtherApe-INFO: 05:38:38.011: New node: IP: 13.248.189.183. Number of nodes 166
EtherApe-INFO: 05:38:38.530: New node: IP: 45.57.91.1. Number of nodes 167
EtherApe-INFO: 05:38:38.789: New node: IP: 52.223.11.138. Number of nodes 168
EtherApe-INFO: 05:38:40.645: New node: IP: 151.101.1.208. Number of nodes 169
EtherApe-INFO: 05:38:40.898: New node: IP: 18.66.122.79. Number of nodes 170
EtherApe-INFO: 05:38:41.700: New node: IP: 15.237.5.20. Number of nodes 171
EtherApe-INFO: 05:38:41.702: New node: IP: 99.86.4.116. Number of nodes 172
EtherApe-INFO: 05:38:41.941: New node: IP: 2.21.89.88. Number of nodes 173
EtherApe-INFO: 05:38:43.977: New node: IP: 78.154.186.211. Number of nodes 174
EtherApe-INFO: 05:38:46.614: New node: IP: 87.245.217.77. Number of nodes 175
EtherApe-INFO: 05:38:47.687: New node: IP: 176.122.96.225. Number of nodes 176
EtherApe-INFO: 05:38:52.293: New node: IP: 2.21.173.146. Number of nodes 177
EtherApe-INFO: 05:38:52.616: New node: IP: 104.81.130.161. Number of nodes 178
EtherApe-INFO: 05:38:53.193: New node: IP: 155.133.226.75. Number of nodes 179
EtherApe-INFO: 05:38:53.217: New node: IP: 162.254.197.39. Number of nodes 180
EtherApe-INFO: 05:38:53.247: New node: IP: 162.254.197.54. Number of nodes 181
EtherApe-INFO: 05:38:53.500: New node: IP: 162.254.198.104. Number of nodes 182
EtherApe-INFO: 05:38:53.512: New node: IP: 162.254.198.44. Number of nodes 183
EtherApe-INFO: 05:38:59.211: New node: IP: 23.200.161.66. Number of nodes 184
EtherApe-INFO: 05:39:00.133: New node: IP: 2.21.173.123. Number of nodes 185
EtherApe-INFO: 05:39:00.240: New node: IP: 2.21.173.105. Number of nodes 186
EtherApe-INFO: 05:39:00.508: New node: IP: 45.57.80.132. Number of nodes 187
EtherApe-INFO: 05:39:00.842: New node: IP: 104.81.107.249. Number of nodes 188
EtherApe-INFO: 05:39:00.993: New node: IP: 2.21.173.147. Number of nodes 189
EtherApe-INFO: 05:39:02.504: New node: IP: 127.0.0.1. Number of nodes 190
EtherApe-INFO: 05:39:12.175: New node: IP: 2.21.173.120. Number of nodes 191
EtherApe-INFO: 05:39:32.109: New node: IP: 216.58.208.206. Number of nodes 192
EtherApe-INFO: 05:39:32.109: New node: IP: 18.244.108.61. Number of nodes 193
EtherApe-INFO: 05:39:32.606: New node: IP: 34.120.195.249. Number of nodes 194
EtherApe-INFO: 05:39:33.374: New node: IP: 108.138.44.49. Number of nodes 195
EtherApe-INFO: 05:39:33.374: New node: IP: 18.66.224.56. Number of nodes 196
EtherApe-INFO: 05:39:33.630: New node: IP: 54.217.81.186. Number of nodes 197
EtherApe-INFO: 05:39:34.398: New node: IP: 172.64.151.246. Number of nodes 198
EtherApe-INFO: 05:39:34.399: New node: IP: 104.18.36.10. Number of nodes 199
EtherApe-INFO: 05:39:34.399: New node: IP: 216.58.215.104. Number of nodes 200
EtherApe-INFO: 05:39:34.399: New node: IP: 95.211.140.208. Number of nodes 201
EtherApe-INFO: 05:39:34.399: New node: IP: 18.244.108.54. Number of nodes 202
EtherApe-INFO: 05:39:39.013: delete node: IP: 13.248.213.232. Number of nodes 201
EtherApe-INFO: 05:39:43.361: New node: IP: 64.233.164.156. Number of nodes 202
EtherApe-INFO: 05:39:43.870: New node: IP: 104.16.56.101. Number of nodes 203
EtherApe-INFO: 05:39:43.871: New node: IP: 152.199.19.161. Number of nodes 204
EtherApe-INFO: 05:39:43.880: New node: IP: 18.244.102.121. Number of nodes 205
EtherApe-INFO: 05:39:46.786: delete node: IP: 172.67.209.148. Number of nodes 204
EtherApe-INFO: 05:39:46.786: delete node: IP: 104.18.32.68. Number of nodes 203
EtherApe-INFO: 05:39:46.786: delete node: IP: 104.18.12.33. Number of nodes 202
EtherApe-INFO: 05:39:46.786: delete node: IP: 104.17.49.74. Number of nodes 201
EtherApe-INFO: 05:39:46.786: delete node: IP: 104.17.32.105. Number of nodes 200
EtherApe-INFO: 05:39:47.045: delete node: IP: 172.64.106.28. Number of nodes 199
EtherApe-INFO: 05:39:47.045: delete node: IP: 35.241.9.150. Number of nodes 198
EtherApe-INFO: 05:39:47.045: delete node: IP: 34.160.144.191. Number of nodes 197
EtherApe-INFO: 05:39:47.045: delete node: IP: 34.117.65.55. Number of nodes 196
EtherApe-INFO: 05:39:47.045: delete node: IP: 3.233.189.40. Number of nodes 195
EtherApe-INFO: 05:39:47.045: delete node: IP: 3.123.87.71. Number of nodes 194
EtherApe-INFO: 05:39:50.783: New node: IP: 173.231.16.77. Number of nodes 195
EtherApe-INFO: 05:39:51.806: New node: IP: 76.223.31.44. Number of nodes 196
EtherApe-INFO: 05:39:52.574: New node: IP: 99.83.228.14. Number of nodes 197
EtherApe-INFO: 05:39:54.109: New node: IP: 172.65.201.188. Number of nodes 198
EtherApe-INFO: 05:39:56.756: delete node: IP: 192.168.0.1. Number of nodes 197
EtherApe-INFO: 05:39:57.695: New node: IP: 78.154.186.178. Number of nodes 198
EtherApe-INFO: 05:39:59.775: delete node: IP: 140.82.114.25. Number of nodes 197
EtherApe-INFO: 05:40:00.372: delete node: IP: 104.18.15.117. Number of nodes 196
EtherApe-INFO: 05:40:04.929: delete node: IP: 91.236.251.129. Number of nodes 195
EtherApe-INFO: 05:40:05.635: delete node: IP: 104.21.8.247. Number of nodes 194
EtherApe-INFO: 05:40:08.466: delete node: IP: 104.16.88.20. Number of nodes 193
EtherApe-INFO: 05:40:08.712: delete node: IP: 151.101.1.69. Number of nodes 192
EtherApe-INFO: 05:40:09.516: delete node: IP: 142.250.186.193. Number of nodes 191
EtherApe-INFO: 05:40:12.406: delete node: IP: 13.248.151.210. Number of nodes 190
EtherApe-INFO: 05:40:13.057: New node: IP: 91.236.251.129. Number of nodes 191
EtherApe-INFO: 05:40:13.843: New node: IP: 216.58.215.97. Number of nodes 192
EtherApe-INFO: 05:40:14.591: New node: IP: 13.248.151.210. Number of nodes 193
EtherApe-INFO: 05:40:15.001: delete node: IP: 52.218.243.0. Number of nodes 192
EtherApe-INFO: 05:40:15.106: New node: IP: 35.188.42.15. Number of nodes 193
EtherApe-INFO: 05:40:15.108: delete node: IP: 151.101.2.132. Number of nodes 192
EtherApe-INFO: 05:40:17.661: New node: IP: 76.223.92.61. Number of nodes 193
EtherApe-INFO: 05:40:19.709: New node: IP: 18.244.102.3. Number of nodes 194
EtherApe-INFO: 05:40:21.758: New node: IP: 3.234.35.13. Number of nodes 195
EtherApe-INFO: 05:40:23.169: delete node: IP: 151.101.1.91. Number of nodes 194
EtherApe-INFO: 05:40:23.574: delete node: IP: 192.190.221.84. Number of nodes 193
EtherApe-INFO: 05:40:24.631: delete node: IP: 212.24.154.103. Number of nodes 192
EtherApe-INFO: 05:40:24.907: delete node: IP: 13.32.27.124. Number of nodes 191
EtherApe-INFO: 05:40:27.069: delete node: IP: 52.51.253.173. Number of nodes 190
EtherApe-INFO: 05:40:27.963: delete node: IP: 142.250.203.202. Number of nodes 189
EtherApe-INFO: 05:40:29.743: delete node: IP: 142.250.203.193. Number of nodes 188
EtherApe-INFO: 05:40:29.743: delete node: IP: 142.250.75.14. Number of nodes 187
EtherApe-INFO: 05:40:30.732: delete node: IP: 151.101.130.152. Number of nodes 186
EtherApe-INFO: 05:40:30.732: delete node: IP: 104.17.24.14. Number of nodes 185
EtherApe-INFO: 05:40:30.974: New node: IP: 104.17.24.14. Number of nodes 186
EtherApe-INFO: 05:40:32.375: delete node: IP: 208.68.240.115. Number of nodes 185
EtherApe-INFO: 05:40:32.375: delete node: IP: 172.217.16.33. Number of nodes 184
EtherApe-INFO: 05:40:33.037: delete node: IP: 142.250.75.13. Number of nodes 183
EtherApe-INFO: 05:40:34.066: New node: IP: 18.244.102.63. Number of nodes 184
EtherApe-INFO: 05:40:34.176: delete node: IP: 151.101.2.152. Number of nodes 183
EtherApe-INFO: 05:40:38.350: delete node: IP: 45.57.41.1. Number of nodes 182
EtherApe-INFO: 05:40:38.350: delete node: IP: 45.57.40.1. Number of nodes 181
EtherApe-INFO: 05:40:39.128: delete node: IP: 208.109.48.164. Number of nodes 180
EtherApe-INFO: 05:40:40.181: delete node: IP: 34.200.175.236. Number of nodes 179
EtherApe-INFO: 05:40:40.493: delete node: IP: 45.57.90.1. Number of nodes 178
EtherApe-INFO: 05:40:40.655: delete node: IP: 172.217.16.10. Number of nodes 177
EtherApe-INFO: 05:40:43.894: delete node: IP: 130.14.29.110. Number of nodes 176
EtherApe-INFO: 05:40:45.522: delete node: IP: 62.182.19.39. Number of nodes 175
EtherApe-INFO: 05:40:48.374: delete node: IP: 216.58.208.202. Number of nodes 174
EtherApe-INFO: 05:40:51.406: delete node: IP: 78.154.186.211. Number of nodes 173
EtherApe-INFO: 05:40:52.395: New node: IP: 78.154.186.211. Number of nodes 174
EtherApe-INFO: 05:40:52.498: delete node: IP: 216.58.209.14. Number of nodes 173
EtherApe-INFO: 05:40:52.498: delete node: IP: 142.250.203.142. Number of nodes 172
EtherApe-INFO: 05:40:54.069: delete node: IP: 216.58.215.110. Number of nodes 171
EtherApe-INFO: 05:40:56.701: delete node: IP: 192.0.73.2. Number of nodes 170
EtherApe-INFO: 05:40:57.442: delete node: IP: 172.217.16.46. Number of nodes 169
EtherApe-INFO: 05:40:58.568: delete node: IP: 142.250.186.202. Number of nodes 168
EtherApe-INFO: 05:40:58.793: delete node: IP: 162.254.197.39. Number of nodes 167
EtherApe-INFO: 05:40:58.793: delete node: IP: 155.133.226.75. Number of nodes 166
EtherApe-INFO: 05:40:58.996: delete node: IP: 162.254.198.104. Number of nodes 165
EtherApe-INFO: 05:40:58.996: delete node: IP: 162.254.198.44. Number of nodes 164
EtherApe-INFO: 05:41:01.737: delete node: IP: 192.124.249.23. Number of nodes 163
EtherApe-INFO: 05:41:03.769: delete node: IP: 45.57.91.1. Number of nodes 162
EtherApe-INFO: 05:41:04.895: New node: IP: 95.216.195.133. Number of nodes 163
EtherApe-INFO: 05:41:12.643: delete node: IP: 5.101.110.225. Number of nodes 162
EtherApe-INFO: 05:41:14.294: delete node: IP: 18.156.16.255. Number of nodes 161
EtherApe-INFO: 05:41:17.657: delete node: IP: 216.58.215.65. Number of nodes 160
EtherApe-INFO: 05:41:17.657: delete node: IP: 185.68.16.12. Number of nodes 159
EtherApe-INFO: 05:41:20.949: delete node: IP: 52.29.123.56. Number of nodes 158
EtherApe-INFO: 05:41:22.794: delete node: IP: 2.21.173.146. Number of nodes 157
EtherApe-INFO: 05:41:26.399: delete node: IP: 193.200.65.70. Number of nodes 156
EtherApe-INFO: 05:41:29.348: delete node: IP: 207.154.199.169. Number of nodes 155
EtherApe-INFO: 05:41:29.348: delete node: IP: 145.40.68.75. Number of nodes 154
EtherApe-INFO: 05:41:32.298: delete node: IP: 3.67.181.148. Number of nodes 153
EtherApe-INFO: 05:41:32.548: delete node: IP: 216.58.208.206. Number of nodes 152
EtherApe-INFO: 05:41:32.548: delete node: IP: 193.34.169.17. Number of nodes 151
EtherApe-INFO: 05:41:32.781: delete node: IP: 34.120.195.249. Number of nodes 150
EtherApe-INFO: 05:41:33.647: delete node: IP: 8.8.4.4. Number of nodes 149
EtherApe-INFO: 05:41:34.293: delete node: IP: 35.175.169.16. Number of nodes 148
EtherApe-INFO: 05:41:34.293: delete node: IP: 34.240.82.124. Number of nodes 147
EtherApe-INFO: 05:41:34.293: delete node: IP: 3.141.219.247. Number of nodes 146
EtherApe-INFO: 05:41:34.752: delete node: IP: 35.165.68.166. Number of nodes 145
EtherApe-INFO: 05:41:36.222: delete node: IP: 193.34.168.232. Number of nodes 144
EtherApe-INFO: 05:41:39.775: delete node: IP: 194.1.147.83. Number of nodes 143
EtherApe-INFO: 05:41:43.024: delete node: IP: 15.237.5.20. Number of nodes 142
EtherApe-INFO: 05:41:44.014: delete node: IP: 108.138.44.49. Number of nodes 141
EtherApe-INFO: 05:41:44.014: delete node: IP: 18.244.108.61. Number of nodes 140
EtherApe-INFO: 05:41:44.014: delete node: IP: 18.66.224.56. Number of nodes 139
EtherApe-INFO: 05:41:47.108: delete node: IP: 198.252.206.25. Number of nodes 138
EtherApe-INFO: 05:41:47.391: New node: IP: 216.58.208.206. Number of nodes 139
EtherApe-INFO: 05:41:47.642: New node: IP: 18.244.108.61. Number of nodes 140
EtherApe-INFO: 05:41:47.642: New node: IP: 18.66.224.56. Number of nodes 141
EtherApe-INFO: 05:41:52.282: delete node: IP: 193.34.169.6. Number of nodes 140
EtherApe-INFO: 05:41:53.341: delete node: IP: 173.231.16.77. Number of nodes 139
EtherApe-INFO: 05:41:53.598: delete node: IP: 34.107.221.82. Number of nodes 138
EtherApe-INFO: 05:41:54.526: delete node: IP: 104.18.21.226. Number of nodes 137
EtherApe-INFO: 05:41:57.843: delete node: IP: 104.81.209.20. Number of nodes 136
EtherApe-INFO: 05:41:58.087: New node: IP: 34.117.65.55. Number of nodes 137
EtherApe-INFO: 05:42:02.820: delete node: IP: 18.66.121.184. Number of nodes 136
EtherApe-INFO: 05:42:04.597: delete node: IP: 95.211.140.208. Number of nodes 135
EtherApe-INFO: 05:42:13.032: delete node: IP: 91.236.251.129. Number of nodes 134
EtherApe-INFO: 05:42:14.059: delete node: IP: 216.58.215.97. Number of nodes 133
EtherApe-INFO: 05:42:14.760: delete node: IP: 76.223.31.44. Number of nodes 132
EtherApe-INFO: 05:42:15.092: delete node: IP: 13.248.151.210. Number of nodes 131
EtherApe-INFO: 05:42:20.222: delete node: IP: 91.198.174.208. Number of nodes 130
EtherApe-INFO: 05:42:22.479: delete node: IP: 3.234.35.13. Number of nodes 129
EtherApe-INFO: 05:42:23.977: delete node: IP: 52.46.154.73. Number of nodes 128
EtherApe-INFO: 05:42:25.573: delete node: IP: 140.82.121.3. Number of nodes 127
EtherApe-INFO: 05:42:25.573: delete node: IP: 2.21.173.91. Number of nodes 126
EtherApe-INFO: 05:42:27.596: delete node: IP: 172.64.155.188. Number of nodes 125
EtherApe-INFO: 05:42:27.596: delete node: IP: 2.21.173.112. Number of nodes 124
EtherApe-INFO: 05:42:29.622: delete node: IP: 104.18.20.226. Number of nodes 123
EtherApe-INFO: 05:42:31.114: delete node: IP: 104.17.24.14. Number of nodes 122
EtherApe-INFO: 05:42:33.674: delete node: IP: 52.222.226.205. Number of nodes 121
EtherApe-INFO: 05:42:33.993: delete node: IP: 18.244.102.3. Number of nodes 120
EtherApe-INFO: 05:42:34.202: delete node: IP: 18.244.102.63. Number of nodes 119
EtherApe-INFO: 05:42:37.062: delete node: IP: 23.64.12.106. Number of nodes 118
EtherApe-INFO: 05:42:39.599: delete node: IP: 99.86.4.116. Number of nodes 117
EtherApe-INFO: 05:42:40.348: delete node: IP: 91.198.174.192. Number of nodes 116
EtherApe-INFO: 05:42:46.583: delete node: IP: 104.18.6.55. Number of nodes 115
EtherApe-INFO: 05:42:46.797: delete node: IP: 2.21.173.120. Number of nodes 114
EtherApe-INFO: 05:42:51.334: New node: IP: 18.244.102.63. Number of nodes 115
EtherApe-INFO: 05:42:56.463: delete node: IP: 142.250.75.10. Number of nodes 114
EtherApe-INFO: 05:42:56.464: delete node: IP: 104.16.26.5. Number of nodes 113
EtherApe-INFO: 05:42:57.516: delete node: IP: 176.122.96.225. Number of nodes 112
EtherApe-INFO: 05:42:58.255: delete node: IP: 78.154.186.178. Number of nodes 111
EtherApe-INFO: 05:42:58.573: delete node: IP: 185.199.111.153. Number of nodes 110
EtherApe-INFO: 05:42:58.573: delete node: IP: 104.16.87.20. Number of nodes 109
EtherApe-INFO: 05:42:59.635: delete node: IP: 199.232.16.193. Number of nodes 108
EtherApe-INFO: 05:42:59.636: delete node: IP: 18.66.147.33. Number of nodes 107
EtherApe-INFO: 05:43:04.184: delete node: IP: 2.21.89.88. Number of nodes 106
EtherApe-INFO: 05:43:04.924: delete node: IP: 95.216.195.133. Number of nodes 105
EtherApe-INFO: 05:43:05.241: delete node: IP: 8.8.8.8. Number of nodes 104
EtherApe-INFO: 05:43:05.769: delete node: IP: 69.16.175.42. Number of nodes 103
EtherApe-INFO: 05:43:07.788: delete node: IP: 13.225.84.51. Number of nodes 102
EtherApe-INFO: 05:43:09.578: delete node: IP: 185.199.108.153. Number of nodes 101
EtherApe-INFO: 05:43:09.578: delete node: IP: 104.26.8.250. Number of nodes 100
EtherApe-INFO: 05:43:09.578: delete node: IP: 104.18.22.126. Number of nodes 99
EtherApe-INFO: 05:43:11.585: delete node: IP: 141.8.194.164. Number of nodes 98
EtherApe-INFO: 05:43:11.585: delete node: IP: 104.18.10.176. Number of nodes 97
EtherApe-INFO: 05:43:12.861: delete node: IP: 104.26.9.113. Number of nodes 96
EtherApe-INFO: 05:43:12.861: delete node: IP: 104.16.242.94. Number of nodes 95
EtherApe-INFO: 05:43:13.713: delete node: IP: 185.199.108.133. Number of nodes 94
EtherApe-INFO: 05:43:13.713: delete node: IP: 172.67.188.216. Number of nodes 93
EtherApe-INFO: 05:43:13.713: delete node: IP: 104.18.11.207. Number of nodes 92
EtherApe-INFO: 05:43:13.713: delete node: IP: 104.18.10.207. Number of nodes 91
EtherApe-INFO: 05:43:13.713: delete node: IP: 104.16.99.56. Number of nodes 90
EtherApe-INFO: 05:43:14.888: New node: IP: 13.248.151.210. Number of nodes 91
EtherApe-INFO: 05:43:15.718: delete node: IP: 18.66.147.167. Number of nodes 90
EtherApe-INFO: 05:43:15.719: delete node: IP: 18.66.112.24. Number of nodes 89
EtherApe-INFO: 05:43:15.719: delete node: IP: 13.32.27.63. Number of nodes 88
EtherApe-INFO: 05:43:16.779: delete node: IP: 185.199.108.154. Number of nodes 87
EtherApe-INFO: 05:43:16.779: delete node: IP: 108.138.17.18. Number of nodes 86
EtherApe-INFO: 05:43:17.727: delete node: IP: 216.58.215.86. Number of nodes 85
EtherApe-INFO: 05:43:17.727: delete node: IP: 172.67.30.196. Number of nodes 84
EtherApe-INFO: 05:43:18.568: delete node: IP: 193.34.169.10. Number of nodes 83
EtherApe-INFO: 05:43:18.568: delete node: IP: 193.34.169.2. Number of nodes 82
EtherApe-INFO: 05:43:18.568: delete node: IP: 104.18.43.158. Number of nodes 81
EtherApe-INFO: 05:43:18.568: delete node: IP: 99.86.1.36. Number of nodes 80
EtherApe-INFO: 05:43:18.780: delete node: IP: 87.245.217.77. Number of nodes 79
EtherApe-INFO: 05:43:19.240: New node: IP: 172.217.16.14. Number of nodes 80
EtherApe-INFO: 05:43:19.493: New node: IP: 8.8.8.8. Number of nodes 81
EtherApe-INFO: 05:43:19.498: New node: IP: 172.217.16.46. Number of nodes 82
EtherApe-INFO: 05:43:19.519: delete node: IP: 193.34.169.9. Number of nodes 81
EtherApe-INFO: 05:43:19.519: delete node: IP: 151.101.194.152. Number of nodes 80
EtherApe-INFO: 05:43:19.519: delete node: IP: 143.204.89.24. Number of nodes 79
EtherApe-INFO: 05:43:19.519: delete node: IP: 108.138.46.56. Number of nodes 78
EtherApe-INFO: 05:43:19.519: delete node: IP: 18.66.98.108. Number of nodes 77
EtherApe-INFO: 05:43:20.573: delete node: IP: 172.67.70.109. Number of nodes 76
EtherApe-INFO: 05:43:20.573: delete node: IP: 104.21.75.3. Number of nodes 75
EtherApe-INFO: 05:43:21.631: delete node: IP: 142.250.203.150. Number of nodes 74
EtherApe-INFO: 05:43:21.631: delete node: IP: 104.18.14.117. Number of nodes 73
EtherApe-INFO: 05:43:21.631: delete node: IP: 13.224.189.73. Number of nodes 72
EtherApe-INFO: 05:43:22.589: delete node: IP: 151.101.194.132. Number of nodes 71
EtherApe-INFO: 05:43:22.905: delete node: IP: 142.250.203.196. Number of nodes 70
EtherApe-INFO: 05:43:23.656: delete node: IP: 172.65.251.78. Number of nodes 69
EtherApe-INFO: 05:43:23.656: delete node: IP: 151.101.65.69. Number of nodes 68
EtherApe-INFO: 05:43:23.656: delete node: IP: 52.222.229.16. Number of nodes 67
EtherApe-INFO: 05:43:23.656: delete node: IP: 52.222.214.221. Number of nodes 66
EtherApe-INFO: 05:43:25.128: New node: IP: 216.58.215.100. Number of nodes 67
EtherApe-INFO: 05:43:25.665: delete node: IP: 216.58.209.10. Number of nodes 66
EtherApe-INFO: 05:43:25.665: delete node: IP: 104.19.187.97. Number of nodes 65
EtherApe-INFO: 05:43:25.665: delete node: IP: 75.2.7.159. Number of nodes 64
EtherApe-INFO: 05:43:25.665: delete node: IP: 52.201.38.110. Number of nodes 63
EtherApe-INFO: 05:43:25.665: delete node: IP: 3.33.254.20. Number of nodes 62
EtherApe-INFO: 05:43:27.796: delete node: IP: 18.66.147.41. Number of nodes 61
EtherApe-INFO: 05:43:27.796: delete node: IP: 13.32.103.37. Number of nodes 60
EtherApe-INFO: 05:43:29.513: delete node: IP: 152.199.19.161. Number of nodes 59
EtherApe-INFO: 05:43:29.513: delete node: IP: 76.223.82.19. Number of nodes 58
EtherApe-INFO: 05:43:29.513: delete node: IP: 52.223.11.138. Number of nodes 57
EtherApe-INFO: 05:43:29.995: New node: IP: 198.252.206.25. Number of nodes 58
EtherApe-INFO: 05:43:31.048: delete node: IP: 35.188.42.15. Number of nodes 57
EtherApe-INFO: 05:43:31.592: delete node: IP: 151.101.1.208. Number of nodes 56
EtherApe-INFO: 05:43:31.592: delete node: IP: 108.138.19.95. Number of nodes 55
EtherApe-INFO: 05:43:31.592: delete node: IP: 18.66.122.79. Number of nodes 54
EtherApe-INFO: 05:43:33.686: delete node: IP: 104.18.40.133. Number of nodes 53
EtherApe-INFO: 05:43:36.681: delete node: IP: 45.57.80.132. Number of nodes 52
EtherApe-INFO: 05:43:42.617: delete node: IP: 34.120.208.123. Number of nodes 51
EtherApe-INFO: 05:43:47.509: delete node: IP: 216.58.208.206. Number of nodes 50
EtherApe-INFO: 05:43:47.722: delete node: IP: 54.155.178.5. Number of nodes 49
EtherApe-INFO: 05:43:47.722: delete node: IP: 18.244.108.61. Number of nodes 48
EtherApe-INFO: 05:43:47.722: delete node: IP: 18.66.224.56. Number of nodes 47
EtherApe-INFO: 05:43:53.137: delete node: IP: 78.154.186.211. Number of nodes 46
EtherApe-INFO: 05:43:58.199: delete node: IP: 34.117.65.55. Number of nodes 45
EtherApe-INFO: 05:44:18.684: delete node: IP: 216.58.215.78. Number of nodes 44
EtherApe-INFO: 05:44:29.130: New node: IP: 91.236.251.129. Number of nodes 45
EtherApe-INFO: 05:44:33.481: New node: IP: 108.138.44.63. Number of nodes 46
EtherApe-INFO: 05:44:33.482: New node: IP: 18.66.224.46. Number of nodes 47
EtherApe-INFO: 05:44:33.992: New node: IP: 18.244.102.3. Number of nodes 48
EtherApe-INFO: 05:44:48.402: delete node: IP: 192.229.221.95. Number of nodes 47
EtherApe-INFO: 05:45:14.998: delete node: IP: 13.248.151.210. Number of nodes 46
EtherApe-INFO: 05:45:33.460: delete node: IP: 198.252.206.25. Number of nodes 45
EtherApe-INFO: 05:45:43.670: delete node: IP: 142.250.203.132. Number of nodes 44
EtherApe-INFO: 05:45:43.670: delete node: IP: 64.233.164.156. Number of nodes 43
EtherApe-INFO: 05:45:43.992: delete node: IP: 216.58.215.104. Number of nodes 42
EtherApe-INFO: 05:45:44.200: delete node: IP: 142.250.186.206. Number of nodes 41
EtherApe-INFO: 05:45:44.200: delete node: IP: 18.244.102.121. Number of nodes 40
EtherApe-INFO: 05:45:48.267: New node: IP: 18.244.108.64. Number of nodes 41
EtherApe-INFO: 05:46:04.869: New node: IP: 95.216.195.133. Number of nodes 42
EtherApe-INFO: 05:46:14.856: New node: IP: 13.248.151.210. Number of nodes 43
EtherApe-INFO: 05:46:29.298: delete node: IP: 91.236.251.129. Number of nodes 42
EtherApe-INFO: 05:46:34.130: delete node: IP: 18.244.102.63. Number of nodes 41
EtherApe-INFO: 05:46:34.131: delete node: IP: 18.244.102.3. Number of nodes 40
EtherApe-INFO: 05:46:44.365: delete node: IP: 108.138.44.63. Number of nodes 39
EtherApe-INFO: 05:46:44.580: delete node: IP: 18.66.224.46. Number of nodes 38
EtherApe-INFO: 05:46:48.655: delete node: IP: 18.244.108.54. Number of nodes 37
EtherApe-INFO: 05:46:49.672: New node: IP: 216.58.209.10. Number of nodes 38
EtherApe-INFO: 05:46:52.745: New node: IP: 104.17.32.105. Number of nodes 39
EtherApe-INFO: 05:46:52.746: New node: IP: 104.18.20.226. Number of nodes 40
EtherApe-INFO: 05:46:58.375: New node: IP: 34.117.65.55. Number of nodes 41
EtherApe-INFO: 05:46:59.398: New node: IP: 18.66.224.46. Number of nodes 42
EtherApe-INFO: 05:47:29.861: New node: IP: 142.250.186.202. Number of nodes 43
EtherApe-INFO: 05:47:48.318: delete node: IP: 104.16.56.101. Number of nodes 42
EtherApe-INFO: 05:47:49.062: New node: IP: 18.244.102.63. Number of nodes 43
EtherApe-INFO: 05:48:04.683: delete node: IP: 8.8.8.8. Number of nodes 42
EtherApe-INFO: 05:48:04.998: delete node: IP: 95.216.195.133. Number of nodes 41
EtherApe-INFO: 05:48:10.423: delete node: IP: 172.217.16.46. Number of nodes 40
EtherApe-INFO: 05:48:14.951: delete node: IP: 13.248.151.210. Number of nodes 39
EtherApe-INFO: 05:48:15.244: delete node: IP: 172.217.16.14. Number of nodes 38
EtherApe-INFO: 05:48:16.308: delete node: IP: 216.58.215.100. Number of nodes 37
EtherApe-INFO: 05:48:23.623: New node: IP: 8.8.8.8. Number of nodes 38
EtherApe-INFO: 05:48:23.883: delete node: IP: 172.64.151.246. Number of nodes 37
EtherApe-INFO: 05:48:26.183: New node: IP: 104.18.14.117. Number of nodes 38
EtherApe-INFO: 05:48:30.535: New node: IP: 198.252.206.25. Number of nodes 39
EtherApe-INFO: 05:48:33.352: New node: IP: 142.250.203.141. Number of nodes 40
EtherApe-INFO: 05:48:49.799: delete node: IP: 216.58.209.10. Number of nodes 39
EtherApe-INFO: 05:48:56.904: New node: IP: 52.51.253.173. Number of nodes 40
EtherApe-INFO: 05:48:58.595: delete node: IP: 34.117.65.55. Number of nodes 39
EtherApe-INFO: 05:48:59.558: delete node: IP: 18.66.224.46. Number of nodes 38
EtherApe-INFO: 05:49:03.559: New node: IP: 54.170.39.204. Number of nodes 39
EtherApe-INFO: 05:49:14.823: New node: IP: 13.248.151.210. Number of nodes 40
EtherApe-INFO: 05:49:29.995: delete node: IP: 142.250.186.202. Number of nodes 39
EtherApe-INFO: 05:49:34.058: New node: IP: 108.138.44.63. Number of nodes 40
EtherApe-INFO: 05:49:34.058: New node: IP: 18.66.224.58. Number of nodes 41
EtherApe-INFO: 05:49:34.060: New node: IP: 18.244.108.61. Number of nodes 42
EtherApe-INFO: 05:50:24.310: delete node: IP: 104.18.36.10. Number of nodes 41
EtherApe-INFO: 05:50:25.992: New node: IP: 142.250.203.197. Number of nodes 42
EtherApe-INFO: 05:50:34.254: delete node: IP: 198.252.206.25. Number of nodes 41
EtherApe-INFO: 05:50:47.755: delete node: IP: 18.244.102.63. Number of nodes 40
EtherApe-INFO: 05:50:48.266: New node: IP: 18.244.108.54. Number of nodes 41
EtherApe-INFO: 05:50:48.278: delete node: IP: 104.18.20.226. Number of nodes 40
EtherApe-INFO: 05:50:52.908: delete node: IP: 104.81.107.249. Number of nodes 39
EtherApe-INFO: 05:50:52.908: delete node: IP: 2.21.173.147. Number of nodes 38
EtherApe-INFO: 05:50:52.908: delete node: IP: 2.21.173.123. Number of nodes 37
EtherApe-INFO: 05:50:56.981: delete node: IP: 52.51.253.173. Number of nodes 36
EtherApe-INFO: 05:51:01.069: delete node: IP: 2.21.173.105. Number of nodes 35
EtherApe-INFO: 05:51:03.768: delete node: IP: 54.170.39.204. Number of nodes 34
EtherApe-INFO: 05:51:04.651: New node: IP: 95.216.195.133. Number of nodes 35
EtherApe-INFO: 05:51:05.203: delete node: IP: 104.81.130.161. Number of nodes 34
EtherApe-INFO: 05:51:05.203: delete node: IP: 23.200.161.66. Number of nodes 33
EtherApe-INFO: 05:51:14.910: delete node: IP: 13.248.151.210. Number of nodes 32
EtherApe-INFO: 05:51:43.642: delete node: IP: 104.17.32.105. Number of nodes 31
EtherApe-INFO: 05:51:44.688: delete node: IP: 108.138.44.63. Number of nodes 30
EtherApe-INFO: 05:51:44.688: delete node: IP: 18.244.108.61. Number of nodes 29
EtherApe-INFO: 05:51:44.688: delete node: IP: 18.66.224.58. Number of nodes 28
EtherApe-INFO: 05:51:48.758: delete node: IP: 18.244.108.64. Number of nodes 27
EtherApe-INFO: 05:51:58.412: New node: IP: 34.117.65.55. Number of nodes 28
EtherApe-INFO: 05:51:59.685: New node: IP: 18.66.224.58. Number of nodes 29
EtherApe-INFO: 05:52:15.047: New node: IP: 13.248.151.210. Number of nodes 30
EtherApe-INFO: 05:52:16.366: delete node: IP: 172.217.16.5. Number of nodes 29
EtherApe-INFO: 05:52:47.558: New node: IP: 18.244.102.63. Number of nodes 30
EtherApe-INFO: 05:53:01.388: New node: IP: 91.236.251.129. Number of nodes 31
EtherApe-INFO: 05:53:04.727: delete node: IP: 8.8.8.8. Number of nodes 30
EtherApe-INFO: 05:53:05.041: delete node: IP: 95.216.195.133. Number of nodes 29
EtherApe-INFO: 05:53:17.106: delete node: IP: 104.18.14.117. Number of nodes 28
EtherApe-INFO: 05:53:23.987: delete node: IP: 142.250.203.141. Number of nodes 27
EtherApe-INFO: 05:53:31.083: New node: IP: 198.252.206.25. Number of nodes 28
EtherApe-INFO: 05:53:58.566: delete node: IP: 34.117.65.55. Number of nodes 27
EtherApe-INFO: 05:53:59.505: delete node: IP: 18.66.224.58. Number of nodes 26
EtherApe-INFO: 05:54:14.940: delete node: IP: 13.248.151.210. Number of nodes 25
EtherApe-INFO: 05:54:34.313: New node: IP: 8.8.8.8. Number of nodes 26
EtherApe-INFO: 05:54:34.314: New node: IP: 108.138.44.58. Number of nodes 27
EtherApe-INFO: 05:54:34.315: New node: IP: 18.66.224.52. Number of nodes 28
EtherApe-INFO: 05:54:47.658: delete node: IP: 18.244.102.63. Number of nodes 27
EtherApe-INFO: 05:54:51.206: New node: IP: 52.55.120.214. Number of nodes 28
EtherApe-INFO: 05:55:01.462: delete node: IP: 91.236.251.129. Number of nodes 27
EtherApe-INFO: 05:55:15.015: New node: IP: 13.248.151.210. Number of nodes 28
EtherApe-INFO: 05:55:16.838: delete node: IP: 142.250.203.197. Number of nodes 27
EtherApe-INFO: 05:55:27.048: New node: IP: 142.250.203.133. Number of nodes 28
EtherApe-INFO: 05:55:34.543: delete node: IP: 198.252.206.25. Number of nodes 27
EtherApe-INFO: 05:55:34.985: New node: IP: 18.244.102.63. Number of nodes 28
EtherApe-INFO: 05:55:35.239: New node: IP: 18.244.102.98. Number of nodes 29
EtherApe-INFO: 05:55:35.755: New node: IP: 18.244.102.3. Number of nodes 30
EtherApe-INFO: 05:56:04.683: New node: IP: 95.216.195.133. Number of nodes 31
EtherApe-INFO: 05:56:15.431: New node: IP: 35.188.42.15. Number of nodes 32
EtherApe-INFO: 05:56:16.453: New node: IP: 18.244.108.61. Number of nodes 33
EtherApe-INFO: 05:56:17.991: New node: IP: 34.120.195.249. Number of nodes 34
EtherApe-INFO: 05:56:18.759: New node: IP: 104.81.130.161. Number of nodes 35
EtherApe-INFO: 05:56:21.062: New node: IP: 2.21.173.147. Number of nodes 36
EtherApe-INFO: 05:56:21.319: New node: IP: 2.21.173.130. Number of nodes 37
EtherApe-INFO: 05:56:37.957: New node: IP: 23.200.161.66. Number of nodes 38
EtherApe-INFO: 05:56:45.136: delete node: IP: 108.138.44.58. Number of nodes 37
EtherApe-INFO: 05:56:49.792: delete node: IP: 18.244.108.54. Number of nodes 36
EtherApe-INFO: 05:56:58.693: New node: IP: 34.117.65.55. Number of nodes 37
EtherApe-INFO: 05:57:48.103: New node: IP: 104.18.6.57. Number of nodes 38
EtherApe-INFO: 05:57:48.104: New node: IP: 104.18.7.57. Number of nodes 39
EtherApe-INFO: 05:57:48.365: New node: IP: 13.32.27.86. Number of nodes 40
EtherApe-INFO: 05:57:52.967: New node: IP: 162.219.225.118. Number of nodes 41
EtherApe-INFO: 05:57:52.968: New node: IP: 52.222.214.221. Number of nodes 42
EtherApe-INFO: 05:57:52.968: New node: IP: 52.71.197.152. Number of nodes 43
EtherApe-INFO: 05:57:59.366: New node: IP: 142.250.186.195. Number of nodes 44
EtherApe-INFO: 05:58:03.718: New node: IP: 216.58.209.14. Number of nodes 45
EtherApe-INFO: 05:58:06.278: New node: IP: 216.58.215.77. Number of nodes 46
EtherApe-INFO: 05:58:06.282: delete node: IP: 95.216.195.133. Number of nodes 45
EtherApe-INFO: 05:58:06.534: New node: IP: 142.250.75.1. Number of nodes 46
EtherApe-INFO: 05:58:08.584: New node: IP: 142.250.186.193. Number of nodes 47
EtherApe-INFO: 05:58:09.351: New node: IP: 172.217.16.42. Number of nodes 48
EtherApe-INFO: 05:58:09.609: New node: IP: 142.250.186.202. Number of nodes 49
EtherApe-INFO: 05:58:17.186: delete node: IP: 172.65.201.188. Number of nodes 48
EtherApe-INFO: 05:58:17.186: delete node: IP: 99.83.228.14. Number of nodes 47
EtherApe-INFO: 05:58:17.186: delete node: IP: 76.223.92.61. Number of nodes 46
EtherApe-INFO: 05:58:17.186: delete node: IP: 52.55.120.214. Number of nodes 45
EtherApe-INFO: 05:58:17.186: delete node: IP: 18.244.102.98. Number of nodes 44
EtherApe-INFO: 05:58:17.186: delete node: IP: 13.248.151.210. Number of nodes 43
EtherApe-INFO: 05:58:18.460: delete node: IP: 54.217.81.186. Number of nodes 42
EtherApe-INFO: 05:58:18.460: delete node: IP: 34.120.195.249. Number of nodes 41
EtherApe-INFO: 05:58:18.460: delete node: IP: 18.244.108.61. Number of nodes 40
EtherApe-INFO: 05:58:18.460: delete node: IP: 18.66.224.52. Number of nodes 39
EtherApe-INFO: 05:58:26.823: New node: IP: 104.18.14.117. Number of nodes 40
EtherApe-INFO: 05:58:31.685: New node: IP: 198.252.206.25. Number of nodes 41
EtherApe-INFO: 05:58:34.246: New node: IP: 216.58.215.106. Number of nodes 42
EtherApe-INFO: 05:58:34.270: delete node: IP: 18.244.102.63. Number of nodes 41
EtherApe-INFO: 05:58:34.804: delete node: IP: 18.244.102.3. Number of nodes 40
EtherApe-INFO: 05:58:39.878: New node: IP: 13.32.27.124. Number of nodes 41
EtherApe-INFO: 05:58:39.974: delete node: IP: 23.200.161.66. Number of nodes 40
EtherApe-INFO: 05:58:47.843: delete node: IP: 162.254.197.54. Number of nodes 39
EtherApe-INFO: 05:58:47.843: delete node: IP: 127.0.0.1. Number of nodes 38
EtherApe-INFO: 05:58:48.376: delete node: IP: 2.21.173.147. Number of nodes 37
EtherApe-INFO: 05:58:48.376: delete node: IP: 2.21.173.130. Number of nodes 36
EtherApe-INFO: 05:58:49.869: delete node: IP: 104.81.130.161. Number of nodes 35
EtherApe-INFO: 05:58:59.371: delete node: IP: 34.117.65.55. Number of nodes 34
EtherApe-INFO: 05:59:03.430: New node: IP: 172.217.16.36. Number of nodes 35
EtherApe-INFO: 05:59:03.944: New node: IP: 34.120.208.123. Number of nodes 36
EtherApe-INFO: 05:59:03.946: New node: IP: 192.229.221.95. Number of nodes 37
EtherApe-INFO: 05:59:04.970: New node: IP: 142.250.75.10. Number of nodes 38
EtherApe-INFO: 05:59:06.759: New node: IP: 78.46.189.112. Number of nodes 39
EtherApe-INFO: 05:59:19.557: New node: IP: 54.170.39.204. Number of nodes 40
EtherApe-INFO: 05:59:25.702: New node: IP: 52.19.109.21. Number of nodes 41
EtherApe-INFO: 05:59:26.214: New node: IP: 149.154.167.216. Number of nodes 42
EtherApe-INFO: 05:59:36.934: New node: IP: 142.250.75.14. Number of nodes 43
EtherApe-INFO: 05:59:38.983: New node: IP: 95.217.163.246. Number of nodes 44
EtherApe-INFO: 05:59:54.903: delete node: IP: 35.188.42.15. Number of nodes 43
EtherApe-INFO: 05:59:59.490: delete node: IP: 142.250.186.195. Number of nodes 42
EtherApe-INFO: 06:00:35.852: delete node: IP: 198.252.206.25. Number of nodes 41
EtherApe-INFO: 06:01:04.742: New node: IP: 95.216.195.133. Number of nodes 42
EtherApe-INFO: 06:01:21.163: delete node: IP: 54.170.39.204. Number of nodes 41
                                                                                                                                                                                                                                                                                                                                 