(etherape:1772): GLib-GIO-DEBUG: 17:37:32.909: _g_io_module_get_default: Found default implementation local (GLocalVfs) for ‘gio-vfs’
(etherape:1772): GLib-GIO-DEBUG: 17:37:32.946: Using cross-namespace EXTERNAL authentication (this will deadlock if server is GDBus < 2.73.3)
EtherApe-INFO: 17:37:32.979: sctp protocol not supported
EtherApe-INFO: 17:37:32.979: dccp protocol not supported
EtherApe-INFO: 17:37:32.979: sctp protocol not supported
EtherApe-INFO: 17:37:32.979: sctp protocol not supported
EtherApe-INFO: 17:37:32.979: sctp protocol not supported
EtherApe-INFO: 17:37:32.979: sctp protocol not supported
EtherApe-INFO: 17:37:32.979: sctp protocol not supported
EtherApe-INFO: 17:37:32.979: sctp protocol not supported
EtherApe-INFO: 17:37:32.980: sctp protocol not supported
EtherApe-INFO: 17:37:32.980: dccp protocol not supported
EtherApe-INFO: 17:37:32.980: sctp protocol not supported
EtherApe-INFO: 17:37:32.980: dccp protocol not supported
EtherApe-INFO: 17:37:32.980: dccp protocol not supported
EtherApe-INFO: 17:37:32.980: sctp protocol not supported
EtherApe-INFO: 17:37:32.980: sctp protocol not supported
EtherApe-INFO: 17:37:32.980: sctp protocol not supported
EtherApe-INFO: 17:37:32.980: sctp protocol not supported
EtherApe-INFO: 17:37:32.980: sctp protocol not supported
EtherApe-INFO: 17:37:32.981: sctp protocol not supported
EtherApe-INFO: 17:37:32.981: sctp protocol not supported
EtherApe-INFO: 17:37:32.981: sctp protocol not supported
EtherApe-INFO: 17:37:32.981: sctp protocol not supported
EtherApe-INFO: 17:37:32.981: sctp protocol not supported
EtherApe-INFO: 17:37:32.981: sctp protocol not supported
EtherApe-INFO: 17:37:32.981: sctp protocol not supported
EtherApe-INFO: 17:37:32.981: sctp protocol not supported
EtherApe-INFO: 17:37:32.981: sctp protocol not supported
EtherApe-INFO: 17:37:32.981: sctp protocol not supported
EtherApe-INFO: 17:37:32.981: dccp protocol not supported
EtherApe-INFO: 17:37:32.981: sctp protocol not supported
EtherApe-INFO: 17:37:32.981: sctp protocol not supported
EtherApe-INFO: 17:37:32.981: dccp protocol not supported
EtherApe-INFO: 17:37:32.981: sctp protocol not supported
EtherApe-INFO: 17:37:32.981: sctp protocol not supported
EtherApe-INFO: 17:37:32.981: sctp protocol not supported
EtherApe-INFO: 17:37:32.982: dccp protocol not supported
EtherApe-INFO: 17:37:32.982: dccp protocol not supported
EtherApe-INFO: 17:37:32.982: sctp protocol not supported
EtherApe-INFO: 17:37:32.982: sctp protocol not supported
EtherApe-INFO: 17:37:32.982: sctp protocol not supported
EtherApe-INFO: 17:37:32.982: sctp protocol not supported
EtherApe-INFO: 17:37:32.982: sctp protocol not supported
EtherApe-INFO: 17:37:32.982: sctp protocol not supported
EtherApe-INFO: 17:37:32.982: sctp protocol not supported
EtherApe-INFO: 17:37:32.982: sctp protocol not supported
EtherApe-INFO: 17:37:32.982: sctp protocol not supported
EtherApe-INFO: 17:37:32.982: sctp protocol not supported
EtherApe-INFO: 17:37:32.982: sctp protocol not supported
EtherApe-INFO: 17:37:32.982: sctp protocol not supported
EtherApe-INFO: 17:37:32.982: sctp protocol not supported
EtherApe-INFO: 17:37:32.982: sctp protocol not supported
EtherApe-INFO: 17:37:32.982: sctp protocol not supported
EtherApe-INFO: 17:37:32.982: sctp protocol not supported
EtherApe-INFO: 17:37:32.982: sctp protocol not supported
EtherApe-INFO: 17:37:32.982: sctp protocol not supported
EtherApe-INFO: 17:37:32.982: sctp protocol not supported
EtherApe-INFO: 17:37:32.982: sctp protocol not supported
EtherApe-INFO: 17:37:32.982: dccp protocol not supported
EtherApe-INFO: 17:37:32.982: sctp protocol not supported
EtherApe-INFO: 17:37:32.982: sctp protocol not supported
EtherApe-INFO: 17:37:32.982: sctp protocol not supported
EtherApe-INFO: 17:37:32.982: sctp protocol not supported
EtherApe-INFO: 17:37:32.982: sctp protocol not supported
EtherApe-INFO: 17:37:32.982: sctp protocol not supported
EtherApe-INFO: 17:37:32.982: sctp protocol not supported
EtherApe-INFO: 17:37:32.982: sctp protocol not supported
EtherApe-INFO: 17:37:32.982: sctp protocol not supported
EtherApe-INFO: 17:37:32.982: sctp protocol not supported
EtherApe-INFO: 17:37:32.982: sctp protocol not supported
EtherApe-INFO: 17:37:32.982: sctp protocol not supported
EtherApe-INFO: 17:37:32.982: sctp protocol not supported
EtherApe-INFO: 17:37:32.982: sctp protocol not supported
EtherApe-INFO: 17:37:32.982: sctp protocol not supported
EtherApe-INFO: 17:37:32.982: sctp protocol not supported
EtherApe-INFO: 17:37:32.982: sctp protocol not supported
EtherApe-INFO: 17:37:32.982: sctp protocol not supported
EtherApe-INFO: 17:37:32.982: sctp protocol not supported
EtherApe-INFO: 17:37:32.982: sctp protocol not supported
EtherApe-INFO: 17:37:32.982: sctp protocol not supported
EtherApe-INFO: 17:37:32.982: sctp protocol not supported
EtherApe-INFO: 17:37:32.982: sctp protocol not supported
EtherApe-INFO: 17:37:32.983: sctp protocol not supported
EtherApe-INFO: 17:37:32.983: sctp protocol not supported
EtherApe-INFO: 17:37:32.983: sctp protocol not supported
EtherApe-INFO: 17:37:32.983: sctp protocol not supported
EtherApe-INFO: 17:37:32.983: sctp protocol not supported
EtherApe-INFO: 17:37:32.983: sctp protocol not supported
EtherApe-INFO: 17:37:32.983: sctp protocol not supported
EtherApe-INFO: 17:37:32.983: sctp protocol not supported
EtherApe-INFO: 17:37:32.983: sctp protocol not supported
EtherApe-INFO: 17:37:32.983: sctp protocol not supported
EtherApe-INFO: 17:37:32.983: sctp protocol not supported
EtherApe-INFO: 17:37:32.983: sctp protocol not supported
EtherApe-INFO: 17:37:32.983: sctp protocol not supported
EtherApe-INFO: 17:37:32.983: sctp protocol not supported
EtherApe-INFO: 17:37:32.983: sctp protocol not supported
EtherApe-INFO: 17:37:32.993: get_interface result: ''
EtherApe-INFO: 17:37:32.993: Available interfaces for capture: dbus-session dbus-system nfqueue nflog bluetooth-monitor lo any enp5s0
EtherApe-INFO: 17:37:32.993: Link type is LINUX_SLL
EtherApe-INFO: 17:37:32.994: Diagram started
EtherApe-INFO: 17:37:33.524: New node: IP: 0.0.0.0. Number of nodes 1
EtherApe-INFO: 17:37:33.524: New node: IP: 255.255.255.255. Number of nodes 2
EtherApe-INFO: 17:37:47.123: New node: IP: 195.64.182.160. Number of nodes 3
EtherApe-INFO: 17:37:47.124: New node: IP: 1.1.1.1. Number of nodes 4
EtherApe-INFO: 17:37:51.657: New node: IP: 224.0.0.251. Number of nodes 5
EtherApe-INFO: 17:37:51.924: New node: IP: 95.216.195.133. Number of nodes 6
EtherApe-INFO: 17:37:51.924: New node: IP: 146.112.41.2. Number of nodes 7
EtherApe-INFO: 17:37:52.195: New node: IP: 142.250.203.131. Number of nodes 8
EtherApe-INFO: 17:37:52.205: New node: IP: 104.26.10.78. Number of nodes 9
EtherApe-INFO: 17:37:52.208: New node: IP: 104.22.76.183. Number of nodes 10
EtherApe-INFO: 17:37:52.209: New node: IP: 142.250.75.4. Number of nodes 11
EtherApe-INFO: 17:37:52.209: New node: IP: 185.199.111.153. Number of nodes 12
EtherApe-INFO: 17:37:52.209: New node: IP: 74.125.205.188. Number of nodes 13
EtherApe-INFO: 17:37:52.210: New node: IP: 76.76.21.241. Number of nodes 14
EtherApe-INFO: 17:37:52.211: New node: IP: 3.70.114.173. Number of nodes 15
EtherApe-INFO: 17:37:52.213: New node: IP: 142.250.203.141. Number of nodes 16
EtherApe-INFO: 17:37:52.215: New node: IP: 216.58.215.106. Number of nodes 17
EtherApe-INFO: 17:37:52.215: New node: IP: 151.101.192.176. Number of nodes 18
EtherApe-INFO: 17:37:52.215: New node: IP: 142.250.186.206. Number of nodes 19
EtherApe-INFO: 17:37:52.714: New node: IP: 149.154.167.41. Number of nodes 20
EtherApe-INFO: 17:37:52.717: New node: IP: 149.154.167.50. Number of nodes 21
EtherApe-INFO: 17:37:52.742: New node: IP: 149.154.175.100. Number of nodes 22
EtherApe-INFO: 17:37:52.746: New node: IP: 142.250.186.202. Number of nodes 23
EtherApe-INFO: 17:37:53.319: New node: IP: 142.250.203.206. Number of nodes 24
EtherApe-INFO: 17:37:53.347: New node: IP: 142.250.203.202. Number of nodes 25
EtherApe-INFO: 17:37:53.601: New node: IP: 188.114.96.13. Number of nodes 26
EtherApe-INFO: 17:37:53.607: New node: IP: 5.28.194.95. Number of nodes 27
EtherApe-INFO: 17:37:53.822: New node: IP: 149.154.167.216. Number of nodes 28
EtherApe-INFO: 17:37:53.836: New node: IP: 172.217.16.46. Number of nodes 29
EtherApe-INFO: 17:37:53.843: New node: IP: 192.178.25.174. Number of nodes 30
EtherApe-INFO: 17:37:54.105: New node: IP: 193.34.169.17. Number of nodes 31
EtherApe-INFO: 17:37:54.356: New node: IP: 193.34.169.16. Number of nodes 32
EtherApe-INFO: 17:37:54.372: New node: IP: 149.154.167.92. Number of nodes 33
EtherApe-INFO: 17:37:57.045: New node: IP: 185.67.3.49. Number of nodes 34
EtherApe-INFO: 17:37:57.298: New node: IP: 172.217.16.1. Number of nodes 35
EtherApe-INFO: 17:37:57.569: New node: IP: 192.178.25.170. Number of nodes 36
EtherApe-INFO: 17:37:57.588: New node: IP: 142.250.203.195. Number of nodes 37
EtherApe-INFO: 17:37:57.589: New node: IP: 192.178.25.182. Number of nodes 38
EtherApe-INFO: 19:35:22.161: New node: IP: 79.142.192.130. Number of nodes 39
EtherApe-INFO: 19:35:22.313: delete node: IP: 255.255.255.255. Number of nodes 38
EtherApe-INFO: 19:35:22.313: delete node: IP: 224.0.0.251. Number of nodes 37
EtherApe-INFO: 19:35:22.313: delete node: IP: 216.58.215.106. Number of nodes 36
EtherApe-INFO: 19:35:22.313: delete node: IP: 193.34.169.17. Number of nodes 35
EtherApe-INFO: 19:35:22.313: delete node: IP: 193.34.169.16. Number of nodes 34
EtherApe-INFO: 19:35:22.313: delete node: IP: 192.178.25.182. Number of nodes 33
EtherApe-INFO: 19:35:22.313: delete node: IP: 192.178.25.170. Number of nodes 32
EtherApe-INFO: 19:35:22.313: delete node: IP: 188.114.96.13. Number of nodes 31
EtherApe-INFO: 19:35:22.313: delete node: IP: 185.199.111.153. Number of nodes 30
EtherApe-INFO: 19:35:22.313: delete node: IP: 185.67.3.49. Number of nodes 29
EtherApe-INFO: 19:35:22.313: delete node: IP: 172.217.16.46. Number of nodes 28
EtherApe-INFO: 19:35:22.313: delete node: IP: 172.217.16.1. Number of nodes 27
EtherApe-INFO: 19:35:22.313: delete node: IP: 151.101.192.176. Number of nodes 26
EtherApe-INFO: 19:35:22.313: delete node: IP: 149.154.175.100. Number of nodes 25
EtherApe-INFO: 19:35:22.313: delete node: IP: 149.154.167.216. Number of nodes 24
EtherApe-INFO: 19:35:22.313: delete node: IP: 149.154.167.92. Number of nodes 23
EtherApe-INFO: 19:35:22.313: delete node: IP: 149.154.167.50. Number of nodes 22
EtherApe-INFO: 19:35:22.313: delete node: IP: 149.154.167.41. Number of nodes 21
EtherApe-INFO: 19:35:22.313: delete node: IP: 142.250.203.206. Number of nodes 20
EtherApe-INFO: 19:35:22.313: delete node: IP: 142.250.203.202. Number of nodes 19
EtherApe-INFO: 19:35:22.313: delete node: IP: 142.250.203.195. Number of nodes 18
EtherApe-INFO: 19:35:22.313: delete node: IP: 142.250.203.141. Number of nodes 17
EtherApe-INFO: 19:35:22.313: delete node: IP: 142.250.186.206. Number of nodes 16
EtherApe-INFO: 19:35:22.313: delete node: IP: 142.250.186.202. Number of nodes 15
EtherApe-INFO: 19:35:22.314: delete node: IP: 142.250.75.4. Number of nodes 14
EtherApe-INFO: 19:35:22.314: delete node: IP: 104.26.10.78. Number of nodes 13
EtherApe-INFO: 19:35:22.314: delete node: IP: 104.22.76.183. Number of nodes 12
EtherApe-INFO: 19:35:22.314: delete node: IP: 95.216.195.133. Number of nodes 11
EtherApe-INFO: 19:35:22.314: delete node: IP: 79.142.192.130. Number of nodes 10
EtherApe-INFO: 19:35:22.314: delete node: IP: 76.76.21.241. Number of nodes 9
EtherApe-INFO: 19:35:22.314: delete node: IP: 74.125.205.188. Number of nodes 8
EtherApe-INFO: 19:35:22.314: delete node: IP: 5.28.194.95. Number of nodes 7
EtherApe-INFO: 19:35:22.314: delete node: IP: 3.70.114.173. Number of nodes 6
EtherApe-INFO: 19:35:22.314: delete node: IP: 1.1.1.1. Number of nodes 5
EtherApe-INFO: 19:35:22.314: delete node: IP: 0.0.0.0. Number of nodes 4
EtherApe-INFO: 19:35:22.415: New node: IP: 1.1.1.1. Number of nodes 5
EtherApe-INFO: 19:35:22.676: New node: IP: 142.250.203.195. Number of nodes 6
EtherApe-INFO: 19:35:22.942: New node: IP: 0.0.0.0. Number of nodes 7
EtherApe-INFO: 19:35:22.943: New node: IP: 255.255.255.255. Number of nodes 8
EtherApe-INFO: 19:35:22.943: New node: IP: 216.58.208.202. Number of nodes 9
EtherApe-INFO: 19:35:23.212: New node: IP: 142.250.186.202. Number of nodes 10
EtherApe-INFO: 19:35:23.478: New node: IP: 172.217.16.46. Number of nodes 11
EtherApe-INFO: 19:35:24.542: New node: IP: 216.58.215.106. Number of nodes 12
EtherApe-INFO: 19:35:24.544: New node: IP: 216.58.209.10. Number of nodes 13
EtherApe-INFO: 19:35:24.809: New node: IP: 185.67.3.49. Number of nodes 14
EtherApe-INFO: 19:35:26.889: New node: IP: 142.250.203.142. Number of nodes 15
EtherApe-INFO: 19:35:27.426: New node: IP: 142.250.203.138. Number of nodes 16
EtherApe-INFO: 19:35:27.427: New node: IP: 104.81.210.161. Number of nodes 17
EtherApe-INFO: 19:35:27.689: New node: IP: 149.154.167.41. Number of nodes 18
EtherApe-INFO: 19:35:28.493: New node: IP: 149.154.167.216. Number of nodes 19
EtherApe-INFO: 19:35:28.493: New node: IP: 149.154.167.92. Number of nodes 20
EtherApe-INFO: 19:35:29.824: New node: IP: 104.22.76.183. Number of nodes 21
EtherApe-INFO: 19:35:29.824: New node: IP: 104.26.10.78. Number of nodes 22
EtherApe-INFO: 19:35:29.824: New node: IP: 142.250.203.206. Number of nodes 23
EtherApe-INFO: 19:35:29.825: New node: IP: 192.178.25.182. Number of nodes 24
EtherApe-INFO: 19:35:29.825: New node: IP: 188.114.96.13. Number of nodes 25
EtherApe-INFO: 19:35:29.827: New node: IP: 151.101.192.176. Number of nodes 26
EtherApe-INFO: 19:35:29.827: New node: IP: 185.199.111.153. Number of nodes 27
EtherApe-INFO: 19:35:29.827: New node: IP: 76.76.21.241. Number of nodes 28
EtherApe-INFO: 19:35:29.827: New node: IP: 3.70.114.173. Number of nodes 29
EtherApe-INFO: 19:35:29.828: New node: IP: 193.34.169.17. Number of nodes 30
EtherApe-INFO: 19:35:29.828: New node: IP: 193.34.169.16. Number of nodes 31
EtherApe-INFO: 19:35:29.829: New node: IP: 172.217.16.1. Number of nodes 32
EtherApe-INFO: 19:35:31.691: New node: IP: 74.125.205.188. Number of nodes 33
EtherApe-INFO: 19:35:31.691: New node: IP: 239.255.255.250. Number of nodes 34
EtherApe-INFO: 19:35:31.956: New node: IP: 108.177.14.188. Number of nodes 35
EtherApe-INFO: 19:35:32.222: New node: IP: 216.58.215.109. Number of nodes 36
EtherApe-INFO: 19:35:32.776: New node: IP: 192.178.25.170. Number of nodes 37
EtherApe-INFO: 19:35:32.780: New node: IP: 142.250.186.206. Number of nodes 38
EtherApe-INFO: 19:35:33.293: New node: IP: 142.250.186.196. Number of nodes 39
EtherApe-INFO: 19:35:34.623: New node: IP: 224.0.0.251. Number of nodes 40
EtherApe-INFO: 19:35:39.693: New node: IP: 172.67.37.34. Number of nodes 41
EtherApe-INFO: 19:35:40.490: New node: IP: 104.18.12.33. Number of nodes 42
EtherApe-INFO: 19:35:41.024: New node: IP: 104.18.13.33. Number of nodes 43
EtherApe-INFO: 19:35:41.822: New node: IP: 151.101.1.91. Number of nodes 44
EtherApe-INFO: 19:35:52.222: New node: IP: 198.199.101.67. Number of nodes 45
EtherApe-INFO: 19:35:54.355: New node: IP: 79.142.192.130. Number of nodes 46
EtherApe-INFO: 19:36:02.905: New node: IP: 216.58.215.99. Number of nodes 47
EtherApe-INFO: 19:36:03.157: New node: IP: 34.104.35.123. Number of nodes 48
EtherApe-INFO: 19:36:05.555: New node: IP: 172.217.16.10. Number of nodes 49
EtherApe-INFO: 19:36:07.157: New node: IP: 216.58.215.67. Number of nodes 50
EtherApe-INFO: 19:36:07.436: New node: IP: 142.250.203.193. Number of nodes 51
EtherApe-INFO: 19:36:07.961: New node: IP: 142.250.203.202. Number of nodes 52
EtherApe-INFO: 19:36:09.555: New node: IP: 141.98.11.19. Number of nodes 53
EtherApe-INFO: 19:36:10.356: New node: IP: 192.178.25.165. Number of nodes 54
EtherApe-INFO: 19:36:12.225: New node: IP: 185.199.111.133. Number of nodes 55
EtherApe-INFO: 19:36:12.490: New node: IP: 172.217.16.42. Number of nodes 56
EtherApe-INFO: 19:36:12.491: New node: IP: 140.82.121.3. Number of nodes 57
EtherApe-INFO: 19:36:12.493: New node: IP: 140.82.112.25. Number of nodes 58
EtherApe-INFO: 19:36:12.758: New node: IP: 185.199.108.154. Number of nodes 59
EtherApe-INFO: 19:36:13.294: New node: IP: 208.68.240.115. Number of nodes 60
EtherApe-INFO: 19:36:13.849: New node: IP: 52.29.123.56. Number of nodes 61
EtherApe-INFO: 19:36:14.893: New node: IP: 142.250.186.195. Number of nodes 62
EtherApe-INFO: 19:36:16.783: New node: IP: 172.217.16.131. Number of nodes 63
EtherApe-INFO: 19:36:17.026: New node: IP: 34.165.122.223. Number of nodes 64
EtherApe-INFO: 19:36:17.297: New node: IP: 172.217.18.99. Number of nodes 65
EtherApe-INFO: 19:36:17.314: New node: IP: 142.250.75.10. Number of nodes 66
EtherApe-INFO: 19:36:17.561: New node: IP: 216.58.208.206. Number of nodes 67
EtherApe-INFO: 19:36:19.689: New node: IP: 35.203.211.187. Number of nodes 68
EtherApe-INFO: 19:36:24.756: New node: IP: 18.159.68.239. Number of nodes 69
EtherApe-INFO: 19:36:32.333: New node: IP: 3.3.9.1. Number of nodes 70
EtherApe-INFO: 19:36:32.864: New node: IP: 104.19.250.10. Number of nodes 71
EtherApe-INFO: 19:36:32.864: New node: IP: 104.16.99.56. Number of nodes 72
EtherApe-INFO: 19:36:33.137: New node: IP: 104.16.26.5. Number of nodes 73
EtherApe-INFO: 19:36:33.399: New node: IP: 3.2.8.2. Number of nodes 74
EtherApe-INFO: 19:36:33.402: New node: IP: 216.58.215.74. Number of nodes 75
EtherApe-INFO: 19:36:33.930: New node: IP: 140.82.121.5. Number of nodes 76
EtherApe-INFO: 19:36:33.930: New node: IP: 108.138.51.19. Number of nodes 77
EtherApe-INFO: 19:36:33.959: New node: IP: 18.244.146.70. Number of nodes 78
EtherApe-INFO: 19:36:34.204: New node: IP: 172.64.144.40. Number of nodes 79
EtherApe-INFO: 19:36:35.275: New node: IP: 18.244.126.108. Number of nodes 80
EtherApe-INFO: 19:36:37.396: New node: IP: 172.67.74.18. Number of nodes 81
EtherApe-INFO: 19:36:37.663: New node: IP: 3.233.39.175. Number of nodes 82
EtherApe-INFO: 19:36:39.801: New node: IP: 193.34.169.9. Number of nodes 83
EtherApe-INFO: 19:36:39.982: New node: IP: 172.217.16.13. Number of nodes 84
EtherApe-INFO: 19:36:40.439: New node: IP: 188.114.97.13. Number of nodes 85
EtherApe-INFO: 19:37:03.612: New node: IP: 35.190.80.1. Number of nodes 86
EtherApe-INFO: 19:37:05.212: New node: IP: 27.111.82.72. Number of nodes 87
EtherApe-INFO: 19:37:12.676: New node: IP: 62.204.41.135. Number of nodes 88
EtherApe-INFO: 19:37:19.081: New node: IP: 142.250.203.141. Number of nodes 89
EtherApe-INFO: 19:37:19.621: New node: IP: 103.25.15.102. Number of nodes 90
EtherApe-INFO: 19:37:30.032: delete node: IP: 216.58.208.202. Number of nodes 89
EtherApe-INFO: 19:37:30.032: delete node: IP: 193.34.169.17. Number of nodes 88
EtherApe-INFO: 19:37:30.032: delete node: IP: 193.34.169.16. Number of nodes 87
EtherApe-INFO: 19:37:30.032: delete node: IP: 192.178.25.182. Number of nodes 86
EtherApe-INFO: 19:37:30.032: delete node: IP: 188.114.96.13. Number of nodes 85
EtherApe-INFO: 19:37:30.032: delete node: IP: 185.199.111.153. Number of nodes 84
EtherApe-INFO: 19:37:30.032: delete node: IP: 185.67.3.49. Number of nodes 83
EtherApe-INFO: 19:37:30.032: delete node: IP: 172.217.16.46. Number of nodes 82
EtherApe-INFO: 19:37:30.032: delete node: IP: 172.217.16.1. Number of nodes 81
EtherApe-INFO: 19:37:30.032: delete node: IP: 151.101.192.176. Number of nodes 80
EtherApe-INFO: 19:37:30.032: delete node: IP: 142.250.203.206. Number of nodes 79
EtherApe-INFO: 19:37:30.032: delete node: IP: 104.81.210.161. Number of nodes 78
EtherApe-INFO: 19:37:30.032: delete node: IP: 104.26.10.78. Number of nodes 77
EtherApe-INFO: 19:37:30.032: delete node: IP: 104.22.76.183. Number of nodes 76
EtherApe-INFO: 19:37:30.032: delete node: IP: 3.70.114.173. Number of nodes 75
EtherApe-INFO: 19:37:31.879: New node: IP: 195.64.252.3. Number of nodes 76
EtherApe-INFO: 19:37:32.177: delete node: IP: 74.125.205.188. Number of nodes 75
EtherApe-INFO: 19:37:33.742: New node: IP: 183.108.193.166. Number of nodes 76
EtherApe-INFO: 19:37:34.375: delete node: IP: 149.154.167.216. Number of nodes 75
EtherApe-INFO: 19:37:34.375: delete node: IP: 149.154.167.92. Number of nodes 74
EtherApe-INFO: 19:37:36.236: delete node: IP: 142.250.203.142. Number of nodes 73
EtherApe-INFO: 19:37:37.850: delete node: IP: 224.0.0.251. Number of nodes 72
EtherApe-INFO: 19:37:45.477: New node: IP: 172.67.97.54. Number of nodes 73
EtherApe-INFO: 19:37:50.810: New node: IP: 149.154.167.216. Number of nodes 74
EtherApe-INFO: 19:37:51.099: New node: IP: 149.154.175.57. Number of nodes 75
EtherApe-INFO: 19:37:51.099: New node: IP: 149.154.175.54. Number of nodes 76
EtherApe-INFO: 19:37:51.100: New node: IP: 149.154.167.255. Number of nodes 77
EtherApe-INFO: 19:37:51.377: delete node: IP: 216.58.215.106. Number of nodes 76
EtherApe-INFO: 19:37:52.304: delete node: IP: 198.199.101.67. Number of nodes 75
EtherApe-INFO: 19:38:02.089: New node: IP: 77.90.185.164. Number of nodes 76
EtherApe-INFO: 19:38:03.489: delete node: IP: 216.58.215.99. Number of nodes 75
EtherApe-INFO: 19:38:03.489: delete node: IP: 151.101.1.91. Number of nodes 74
EtherApe-INFO: 19:38:03.489: delete node: IP: 104.18.12.33. Number of nodes 73
EtherApe-INFO: 19:38:03.489: delete node: IP: 34.104.35.123. Number of nodes 72
EtherApe-INFO: 19:38:03.693: New node: IP: 64.233.176.94. Number of nodes 73
EtherApe-INFO: 19:38:09.851: delete node: IP: 141.98.11.19. Number of nodes 72
EtherApe-INFO: 19:38:10.622: New node: IP: 128.199.178.45. Number of nodes 73
EtherApe-INFO: 19:38:13.138: delete node: IP: 140.82.112.25. Number of nodes 72
EtherApe-INFO: 19:38:17.607: delete node: IP: 216.58.209.10. Number of nodes 71
EtherApe-INFO: 19:38:17.607: delete node: IP: 192.178.25.170. Number of nodes 70
EtherApe-INFO: 19:38:18.730: delete node: IP: 216.58.208.206. Number of nodes 69
EtherApe-INFO: 19:38:18.730: delete node: IP: 142.250.75.10. Number of nodes 68
EtherApe-INFO: 19:38:19.175: delete node: IP: 192.178.25.174. Number of nodes 67
EtherApe-INFO: 19:38:20.282: delete node: IP: 35.203.211.187. Number of nodes 66
EtherApe-INFO: 19:38:21.027: New node: IP: 142.250.75.10. Number of nodes 67
EtherApe-INFO: 19:38:21.560: New node: IP: 104.25.94.5. Number of nodes 68
EtherApe-INFO: 19:38:22.511: delete node: IP: 34.165.122.223. Number of nodes 67
EtherApe-INFO: 19:38:24.519: delete node: IP: 208.68.240.115. Number of nodes 66
EtherApe-INFO: 19:38:26.356: New node: IP: 95.216.144.15. Number of nodes 67
EtherApe-INFO: 19:38:33.601: delete node: IP: 216.58.215.74. Number of nodes 66
EtherApe-INFO: 19:38:34.447: delete node: IP: 142.250.186.202. Number of nodes 65
EtherApe-INFO: 19:38:35.155: New node: IP: 77.90.185.175. Number of nodes 66
EtherApe-INFO: 19:38:35.440: New node: IP: 192.241.204.28. Number of nodes 67
EtherApe-INFO: 19:38:39.773: delete node: IP: 142.250.203.138. Number of nodes 66
EtherApe-INFO: 19:38:40.319: delete node: IP: 172.217.16.13. Number of nodes 65
EtherApe-INFO: 19:38:40.647: delete node: IP: 188.114.97.13. Number of nodes 64
EtherApe-INFO: 19:38:58.139: New node: IP: 167.94.138.151. Number of nodes 65
EtherApe-INFO: 19:38:58.718: delete node: IP: 79.142.192.130. Number of nodes 64
EtherApe-INFO: 19:39:03.698: New node: IP: 172.217.16.14. Number of nodes 65
EtherApe-INFO: 19:39:05.458: delete node: IP: 27.111.82.72. Number of nodes 64
EtherApe-INFO: 19:39:06.926: New node: IP: 79.142.192.130. Number of nodes 65
EtherApe-INFO: 19:39:10.905: New node: IP: 141.98.11.19. Number of nodes 66
EtherApe-INFO: 19:39:12.848: delete node: IP: 62.204.41.135. Number of nodes 65
EtherApe-INFO: 19:39:14.660: delete node: IP: 216.58.215.67. Number of nodes 64
EtherApe-INFO: 19:39:14.660: delete node: IP: 172.217.16.10. Number of nodes 63
EtherApe-INFO: 19:39:14.660: delete node: IP: 142.250.203.193. Number of nodes 62
EtherApe-INFO: 19:39:14.660: delete node: IP: 142.250.186.206. Number of nodes 61
EtherApe-INFO: 19:39:14.906: New node: IP: 94.102.61.4. Number of nodes 62
EtherApe-INFO: 19:39:17.088: New node: IP: 195.64.183.255. Number of nodes 63
EtherApe-INFO: 19:39:19.303: delete node: IP: 142.250.203.141. Number of nodes 62
EtherApe-INFO: 19:39:20.317: delete node: IP: 103.25.15.102. Number of nodes 61
EtherApe-INFO: 19:39:32.848: delete node: IP: 195.64.252.3. Number of nodes 60
EtherApe-INFO: 19:39:33.444: delete node: IP: 3.3.9.1. Number of nodes 59
EtherApe-INFO: 19:39:33.863: delete node: IP: 183.108.193.166. Number of nodes 58
EtherApe-INFO: 19:39:34.721: delete node: IP: 3.2.8.2. Number of nodes 57
EtherApe-INFO: 19:39:39.451: New node: IP: 195.64.239.41. Number of nodes 58
EtherApe-INFO: 19:39:40.003: New node: IP: 165.154.36.245. Number of nodes 59
EtherApe-INFO: 19:39:50.130: delete node: IP: 172.67.97.54. Number of nodes 58
EtherApe-INFO: 19:39:51.787: delete node: IP: 216.58.215.109. Number of nodes 57
EtherApe-INFO: 19:39:51.787: delete node: IP: 172.217.16.42. Number of nodes 56
EtherApe-INFO: 19:39:51.787: delete node: IP: 172.67.74.18. Number of nodes 55
EtherApe-INFO: 19:39:51.787: delete node: IP: 172.67.37.34. Number of nodes 54
EtherApe-INFO: 19:39:51.787: delete node: IP: 149.154.175.57. Number of nodes 53
EtherApe-INFO: 19:39:51.787: delete node: IP: 142.250.203.195. Number of nodes 52
EtherApe-INFO: 19:39:51.787: delete node: IP: 142.250.186.196. Number of nodes 51
EtherApe-INFO: 19:39:51.787: delete node: IP: 142.250.186.195. Number of nodes 50
EtherApe-INFO: 19:40:02.187: delete node: IP: 77.90.185.164. Number of nodes 49
EtherApe-INFO: 19:40:04.381: delete node: IP: 64.233.176.94. Number of nodes 48
EtherApe-INFO: 19:40:08.054: delete node: IP: 149.154.175.54. Number of nodes 47
EtherApe-INFO: 19:40:10.798: delete node: IP: 128.199.178.45. Number of nodes 46
EtherApe-INFO: 19:40:12.814: New node: IP: 95.216.195.133. Number of nodes 47
EtherApe-INFO: 19:40:13.440: delete node: IP: 140.82.121.3. Number of nodes 46
EtherApe-INFO: 19:40:29.358: delete node: IP: 149.154.167.255. Number of nodes 45
EtherApe-INFO: 19:40:30.421: delete node: IP: 149.154.167.216. Number of nodes 44
EtherApe-INFO: 19:40:34.144: delete node: IP: 140.82.121.5. Number of nodes 43
EtherApe-INFO: 19:40:35.197: delete node: IP: 77.90.185.175. Number of nodes 42
EtherApe-INFO: 19:40:35.726: delete node: IP: 192.241.204.28. Number of nodes 41
EtherApe-INFO: 19:40:36.489: New node: IP: 172.67.74.18. Number of nodes 42
EtherApe-INFO: 19:40:38.622: New node: IP: 142.250.186.202. Number of nodes 43
EtherApe-INFO: 19:40:38.893: New node: IP: 192.178.52.174. Number of nodes 44
EtherApe-INFO: 19:40:39.689: New node: IP: 188.114.97.13. Number of nodes 45
EtherApe-INFO: 19:40:48.489: New node: IP: 142.250.75.4. Number of nodes 46
EtherApe-INFO: 19:40:49.823: New node: IP: 104.26.10.78. Number of nodes 47
EtherApe-INFO: 19:40:50.364: New node: IP: 104.16.123.175. Number of nodes 48
EtherApe-INFO: 19:40:50.367: New node: IP: 142.250.203.138. Number of nodes 49
EtherApe-INFO: 19:40:50.368: New node: IP: 142.250.186.206. Number of nodes 50
EtherApe-INFO: 19:40:50.639: New node: IP: 142.250.203.195. Number of nodes 51
EtherApe-INFO: 19:40:50.685: New node: IP: 192.178.25.170. Number of nodes 52
EtherApe-INFO: 19:40:53.343: New node: IP: 192.178.25.173. Number of nodes 53
EtherApe-INFO: 19:40:54.942: New node: IP: 142.250.203.193. Number of nodes 54
EtherApe-INFO: 19:40:56.542: New node: IP: 193.163.125.141. Number of nodes 55
EtherApe-INFO: 19:40:57.079: New node: IP: 121.234.228.210. Number of nodes 56
EtherApe-INFO: 19:40:58.428: delete node: IP: 167.94.138.151. Number of nodes 55
EtherApe-INFO: 19:41:03.478: New node: IP: 172.217.16.3. Number of nodes 56
EtherApe-INFO: 19:41:03.478: New node: IP: 142.250.203.209. Number of nodes 57
EtherApe-INFO: 19:41:07.292: delete node: IP: 79.142.192.130. Number of nodes 56
EtherApe-INFO: 19:41:13.054: New node: IP: 216.58.208.206. Number of nodes 57
EtherApe-INFO: 19:41:14.329: New node: IP: 104.22.77.183. Number of nodes 58
EtherApe-INFO: 19:41:14.331: New node: IP: 140.82.121.6. Number of nodes 59
EtherApe-INFO: 19:41:14.596: New node: IP: 193.34.168.232. Number of nodes 60
EtherApe-INFO: 19:41:17.273: delete node: IP: 195.64.183.255. Number of nodes 59
EtherApe-INFO: 19:41:28.169: New node: IP: 162.216.149.50. Number of nodes 60
EtherApe-INFO: 19:41:31.966: delete node: IP: 95.216.144.15. Number of nodes 59
EtherApe-INFO: 19:41:32.702: New node: IP: 198.235.24.131. Number of nodes 60
EtherApe-INFO: 19:41:35.404: delete node: IP: 141.98.11.19. Number of nodes 59
EtherApe-INFO: 19:41:37.502: New node: IP: 149.154.167.50. Number of nodes 60
EtherApe-INFO: 19:41:39.389: delete node: IP: 195.64.239.41. Number of nodes 59
EtherApe-INFO: 19:41:39.936: delete node: IP: 193.34.169.9. Number of nodes 58
EtherApe-INFO: 19:41:40.196: delete node: IP: 165.154.36.245. Number of nodes 57
EtherApe-INFO: 19:41:49.508: New node: IP: 64.62.197.173. Number of nodes 58
EtherApe-INFO: 19:42:01.769: New node: IP: 167.94.138.151. Number of nodes 59
EtherApe-INFO: 19:42:04.542: delete node: IP: 172.217.18.99. Number of nodes 58
EtherApe-INFO: 19:42:08.705: New node: IP: 142.250.203.206. Number of nodes 59
EtherApe-INFO: 19:42:14.618: delete node: IP: 95.216.195.133. Number of nodes 58
EtherApe-INFO: 19:42:20.436: New node: IP: 223.13.31.27. Number of nodes 59
EtherApe-INFO: 19:42:22.835: New node: IP: 64.62.197.124. Number of nodes 60
EtherApe-INFO: 19:42:30.852: delete node: IP: 172.217.16.14. Number of nodes 59
EtherApe-INFO: 19:42:35.392: delete node: IP: 18.244.146.70. Number of nodes 58
EtherApe-INFO: 19:42:35.392: delete node: IP: 18.244.126.108. Number of nodes 57
EtherApe-INFO: 19:42:42.836: New node: IP: 162.216.150.140. Number of nodes 58
EtherApe-INFO: 19:42:48.970: New node: IP: 77.90.185.180. Number of nodes 59
EtherApe-INFO: 19:42:49.789: delete node: IP: 142.250.75.4. Number of nodes 58
EtherApe-INFO: 19:42:49.789: delete node: IP: 94.102.61.4. Number of nodes 57
EtherApe-INFO: 19:42:50.036: New node: IP: 188.114.96.13. Number of nodes 58
EtherApe-INFO: 19:42:51.402: delete node: IP: 104.26.10.78. Number of nodes 57
EtherApe-INFO: 19:42:54.909: delete node: IP: 104.25.94.5. Number of nodes 56
EtherApe-INFO: 19:42:55.662: delete node: IP: 142.250.203.193. Number of nodes 55
EtherApe-INFO: 19:42:56.751: delete node: IP: 193.163.125.141. Number of nodes 54
EtherApe-INFO: 19:42:57.287: delete node: IP: 121.234.228.210. Number of nodes 53
EtherApe-INFO: 19:42:57.503: New node: IP: 185.156.73.93. Number of nodes 54
EtherApe-INFO: 19:43:03.941: delete node: IP: 172.217.16.131. Number of nodes 53
EtherApe-INFO: 19:43:03.942: delete node: IP: 142.250.203.209. Number of nodes 52
EtherApe-INFO: 19:43:22.035: New node: IP: 198.199.104.48. Number of nodes 53
EtherApe-INFO: 19:43:23.102: New node: IP: 79.142.192.130. Number of nodes 54
EtherApe-INFO: 19:43:24.703: New node: IP: 198.235.24.113. Number of nodes 55
EtherApe-INFO: 19:43:26.927: delete node: IP: 142.250.75.10. Number of nodes 54
EtherApe-INFO: 19:43:27.927: delete node: IP: 192.178.25.170. Number of nodes 53
EtherApe-INFO: 19:43:29.774: delete node: IP: 162.216.149.50. Number of nodes 52
EtherApe-INFO: 19:43:30.573: New node: IP: 140.82.121.5. Number of nodes 53
EtherApe-INFO: 19:43:32.703: delete node: IP: 198.235.24.131. Number of nodes 52
EtherApe-INFO: 19:43:32.706: New node: IP: 192.178.25.170. Number of nodes 53
EtherApe-INFO: 19:43:32.975: New node: IP: 172.217.16.10. Number of nodes 54
EtherApe-INFO: 19:43:34.308: New node: IP: 142.250.203.193. Number of nodes 55
EtherApe-INFO: 19:43:34.835: New node: IP: 195.64.136.254. Number of nodes 56
EtherApe-INFO: 19:43:39.369: New node: IP: 94.102.61.4. Number of nodes 57
EtherApe-INFO: 19:43:41.866: delete node: IP: 52.29.123.56. Number of nodes 56
EtherApe-INFO: 19:43:49.603: delete node: IP: 3.233.39.175. Number of nodes 55
EtherApe-INFO: 19:43:49.829: delete node: IP: 64.62.197.173. Number of nodes 54
EtherApe-INFO: 19:44:02.110: delete node: IP: 167.94.138.151. Number of nodes 53
EtherApe-INFO: 19:44:04.704: New node: IP: 92.63.197.92. Number of nodes 54
EtherApe-INFO: 19:44:06.039: New node: IP: 162.243.135.31. Number of nodes 55
EtherApe-INFO: 19:44:06.854: delete node: IP: 172.217.16.3. Number of nodes 54
EtherApe-INFO: 19:44:14.886: delete node: IP: 76.76.21.241. Number of nodes 53
EtherApe-INFO: 19:44:16.704: New node: IP: 193.35.18.183. Number of nodes 54
EtherApe-INFO: 19:44:20.442: delete node: IP: 223.13.31.27. Number of nodes 53
EtherApe-INFO: 19:44:23.193: delete node: IP: 64.62.197.124. Number of nodes 52
EtherApe-INFO: 19:44:29.237: New node: IP: 149.154.167.216. Number of nodes 53
EtherApe-INFO: 19:44:30.037: New node: IP: 35.203.210.195. Number of nodes 54
EtherApe-INFO: 19:44:33.237: New node: IP: 172.217.16.131. Number of nodes 55
EtherApe-INFO: 19:44:33.240: New node: IP: 35.214.142.18. Number of nodes 56
EtherApe-INFO: 19:44:33.770: New node: IP: 172.217.18.99. Number of nodes 57
EtherApe-INFO: 19:44:34.572: New node: IP: 142.250.75.4. Number of nodes 58
EtherApe-INFO: 19:44:42.920: delete node: IP: 162.216.150.140. Number of nodes 57
EtherApe-INFO: 19:44:48.169: New node: IP: 162.142.125.241. Number of nodes 58
EtherApe-INFO: 19:44:50.049: delete node: IP: 188.114.96.13. Number of nodes 57
EtherApe-INFO: 19:44:50.049: delete node: IP: 77.90.185.180. Number of nodes 56
EtherApe-INFO: 19:44:50.608: delete node: IP: 188.114.97.13. Number of nodes 55
EtherApe-INFO: 19:44:54.836: New node: IP: 142.250.186.195. Number of nodes 56
EtherApe-INFO: 19:44:58.133: delete node: IP: 185.156.73.93. Number of nodes 55
EtherApe-INFO: 19:45:03.640: New node: IP: 216.239.36.117. Number of nodes 56
EtherApe-INFO: 19:45:09.034: delete node: IP: 172.67.74.18. Number of nodes 55
EtherApe-INFO: 19:45:12.703: New node: IP: 95.216.195.133. Number of nodes 56
EtherApe-INFO: 19:45:13.572: delete node: IP: 104.16.99.56. Number of nodes 55
EtherApe-INFO: 19:45:14.126: delete node: IP: 104.19.250.10. Number of nodes 54
EtherApe-INFO: 19:45:14.126: delete node: IP: 104.16.26.5. Number of nodes 53
EtherApe-INFO: 19:45:14.572: New node: IP: 52.29.123.56. Number of nodes 54
EtherApe-INFO: 19:45:14.663: delete node: IP: 140.82.121.6. Number of nodes 53
EtherApe-INFO: 19:45:15.106: delete node: IP: 172.64.144.40. Number of nodes 52
EtherApe-INFO: 19:45:22.107: delete node: IP: 198.199.104.48. Number of nodes 51
EtherApe-INFO: 19:45:24.451: delete node: IP: 79.142.192.130. Number of nodes 50
EtherApe-INFO: 19:45:25.010: delete node: IP: 198.235.24.113. Number of nodes 49
EtherApe-INFO: 19:45:28.169: New node: IP: 167.94.146.66. Number of nodes 50
EtherApe-INFO: 19:45:31.373: New node: IP: 141.98.11.19. Number of nodes 51
EtherApe-INFO: 19:45:34.625: delete node: IP: 142.250.203.193. Number of nodes 50
EtherApe-INFO: 19:45:34.850: delete node: IP: 195.64.136.254. Number of nodes 49
EtherApe-INFO: 19:45:39.672: delete node: IP: 94.102.61.4. Number of nodes 48
EtherApe-INFO: 19:45:58.839: New node: IP: 104.18.121.34. Number of nodes 49
EtherApe-INFO: 19:45:58.846: New node: IP: 34.101.114.154. Number of nodes 50
EtherApe-INFO: 19:46:03.638: New node: IP: 34.86.82.41. Number of nodes 51
EtherApe-INFO: 19:46:04.436: New node: IP: 65.49.1.61. Number of nodes 52
EtherApe-INFO: 19:46:04.972: delete node: IP: 92.63.197.92. Number of nodes 51
EtherApe-INFO: 19:46:06.397: delete node: IP: 162.243.135.31. Number of nodes 50
EtherApe-INFO: 19:46:07.641: New node: IP: 52.219.140.44. Number of nodes 51
EtherApe-INFO: 19:46:08.447: New node: IP: 192.0.66.96. Number of nodes 52
EtherApe-INFO: 19:46:09.260: New node: IP: 62.140.236.170. Number of nodes 53
EtherApe-INFO: 19:46:10.836: New node: IP: 18.244.149.58. Number of nodes 54
EtherApe-INFO: 19:46:11.378: New node: IP: 142.250.203.193. Number of nodes 55
EtherApe-INFO: 19:46:11.382: New node: IP: 216.58.208.202. Number of nodes 56
EtherApe-INFO: 19:46:14.087: delete node: IP: 193.34.168.232. Number of nodes 55
EtherApe-INFO: 19:46:14.303: New node: IP: 172.217.16.42. Number of nodes 56
EtherApe-INFO: 19:46:14.305: New node: IP: 146.88.240.19. Number of nodes 57
EtherApe-INFO: 19:46:14.307: New node: IP: 198.235.24.235. Number of nodes 58
EtherApe-INFO: 19:46:16.170: New node: IP: 78.11.84.52. Number of nodes 59
EtherApe-INFO: 19:46:16.743: delete node: IP: 193.35.18.183. Number of nodes 58
EtherApe-INFO: 19:46:18.436: New node: IP: 216.58.215.97. Number of nodes 59
EtherApe-INFO: 19:46:18.439: New node: IP: 142.250.203.129. Number of nodes 60
EtherApe-INFO: 19:46:18.486: New node: IP: 142.250.75.10. Number of nodes 61
EtherApe-INFO: 19:46:20.922: New node: IP: 140.82.121.3. Number of nodes 62
EtherApe-INFO: 19:46:30.046: delete node: IP: 35.203.210.195. Number of nodes 61
EtherApe-INFO: 19:46:33.450: New node: IP: 94.102.61.4. Number of nodes 62
EtherApe-INFO: 19:46:34.806: delete node: IP: 142.250.75.4. Number of nodes 61
EtherApe-INFO: 19:46:36.116: New node: IP: 45.128.232.183. Number of nodes 62
EtherApe-INFO: 19:46:38.581: delete node: IP: 35.214.142.18. Number of nodes 61
EtherApe-INFO: 19:46:48.226: delete node: IP: 162.142.125.241. Number of nodes 60
EtherApe-INFO: 19:46:49.983: New node: IP: 205.210.31.72. Number of nodes 61
EtherApe-INFO: 19:46:50.346: delete node: IP: 192.178.52.174. Number of nodes 60
EtherApe-INFO: 19:46:50.567: delete node: IP: 142.250.203.138. Number of nodes 59
EtherApe-INFO: 19:46:57.988: New node: IP: 140.82.112.25. Number of nodes 60
EtherApe-INFO: 19:46:59.056: New node: IP: 170.106.115.253. Number of nodes 61
EtherApe-INFO: 19:47:01.449: New node: IP: 80.94.92.16. Number of nodes 62
EtherApe-INFO: 19:47:03.049: New node: IP: 167.94.138.155. Number of nodes 63
EtherApe-INFO: 19:47:03.646: delete node: IP: 142.250.186.195. Number of nodes 62
EtherApe-INFO: 19:47:03.879: delete node: IP: 216.239.36.117. Number of nodes 61
EtherApe-INFO: 19:47:11.585: New node: IP: 142.250.203.132. Number of nodes 62
EtherApe-INFO: 19:47:14.315: delete node: IP: 95.216.195.133. Number of nodes 61
EtherApe-INFO: 19:47:14.874: delete node: IP: 216.58.208.206. Number of nodes 60
EtherApe-INFO: 19:47:27.049: New node: IP: 121.236.49.96. Number of nodes 61
EtherApe-INFO: 19:47:28.389: delete node: IP: 167.94.146.66. Number of nodes 60
