(etherape:3117): GLib-GIO-DEBUG: 04:17:41.732: _g_io_module_get_default: Found default implementation local (GLocalVfs) for ‘gio-vfs’
(etherape:3117): GLib-GIO-DEBUG: 04:17:41.913: Using cross-namespace EXTERNAL authentication (this will deadlock if server is GDBus < 2.73.3)
EtherApe-INFO: 04:17:42.017: sctp protocol not supported
EtherApe-INFO: 04:17:42.017: dccp protocol not supported
EtherApe-INFO: 04:17:42.017: sctp protocol not supported
EtherApe-INFO: 04:17:42.017: sctp protocol not supported
EtherApe-INFO: 04:17:42.017: sctp protocol not supported
EtherApe-INFO: 04:17:42.017: sctp protocol not supported
EtherApe-INFO: 04:17:42.018: sctp protocol not supported
EtherApe-INFO: 04:17:42.018: sctp protocol not supported
EtherApe-INFO: 04:17:42.018: sctp protocol not supported
EtherApe-INFO: 04:17:42.018: dccp protocol not supported
EtherApe-INFO: 04:17:42.018: sctp protocol not supported
EtherApe-INFO: 04:17:42.018: dccp protocol not supported
EtherApe-INFO: 04:17:42.018: dccp protocol not supported
EtherApe-INFO: 04:17:42.019: sctp protocol not supported
EtherApe-INFO: 04:17:42.019: sctp protocol not supported
EtherApe-INFO: 04:17:42.019: sctp protocol not supported
EtherApe-INFO: 04:17:42.020: sctp protocol not supported
EtherApe-INFO: 04:17:42.020: sctp protocol not supported
EtherApe-INFO: 04:17:42.021: sctp protocol not supported
EtherApe-INFO: 04:17:42.021: sctp protocol not supported
EtherApe-INFO: 04:17:42.021: sctp protocol not supported
EtherApe-INFO: 04:17:42.021: sctp protocol not supported
EtherApe-INFO: 04:17:42.021: sctp protocol not supported
EtherApe-INFO: 04:17:42.022: sctp protocol not supported
EtherApe-INFO: 04:17:42.022: sctp protocol not supported
EtherApe-INFO: 04:17:42.022: sctp protocol not supported
EtherApe-INFO: 04:17:42.022: sctp protocol not supported
EtherApe-INFO: 04:17:42.022: sctp protocol not supported
EtherApe-INFO: 04:17:42.022: dccp protocol not supported
EtherApe-INFO: 04:17:42.022: sctp protocol not supported
EtherApe-INFO: 04:17:42.023: sctp protocol not supported
EtherApe-INFO: 04:17:42.023: dccp protocol not supported
EtherApe-INFO: 04:17:42.023: sctp protocol not supported
EtherApe-INFO: 04:17:42.023: sctp protocol not supported
EtherApe-INFO: 04:17:42.023: sctp protocol not supported
EtherApe-INFO: 04:17:42.023: dccp protocol not supported
EtherApe-INFO: 04:17:42.023: dccp protocol not supported
EtherApe-INFO: 04:17:42.023: sctp protocol not supported
EtherApe-INFO: 04:17:42.023: sctp protocol not supported
EtherApe-INFO: 04:17:42.023: sctp protocol not supported
EtherApe-INFO: 04:17:42.023: sctp protocol not supported
EtherApe-INFO: 04:17:42.023: sctp protocol not supported
EtherApe-INFO: 04:17:42.023: sctp protocol not supported
EtherApe-INFO: 04:17:42.023: sctp protocol not supported
EtherApe-INFO: 04:17:42.023: sctp protocol not supported
EtherApe-INFO: 04:17:42.023: sctp protocol not supported
EtherApe-INFO: 04:17:42.023: sctp protocol not supported
EtherApe-INFO: 04:17:42.023: sctp protocol not supported
EtherApe-INFO: 04:17:42.023: sctp protocol not supported
EtherApe-INFO: 04:17:42.023: sctp protocol not supported
EtherApe-INFO: 04:17:42.023: sctp protocol not supported
EtherApe-INFO: 04:17:42.024: sctp protocol not supported
EtherApe-INFO: 04:17:42.024: sctp protocol not supported
EtherApe-INFO: 04:17:42.024: sctp protocol not supported
EtherApe-INFO: 04:17:42.024: sctp protocol not supported
EtherApe-INFO: 04:17:42.024: sctp protocol not supported
EtherApe-INFO: 04:17:42.024: sctp protocol not supported
EtherApe-INFO: 04:17:42.024: dccp protocol not supported
EtherApe-INFO: 04:17:42.024: sctp protocol not supported
EtherApe-INFO: 04:17:42.024: sctp protocol not supported
EtherApe-INFO: 04:17:42.024: sctp protocol not supported
EtherApe-INFO: 04:17:42.024: sctp protocol not supported
EtherApe-INFO: 04:17:42.024: sctp protocol not supported
EtherApe-INFO: 04:17:42.024: sctp protocol not supported
EtherApe-INFO: 04:17:42.024: sctp protocol not supported
EtherApe-INFO: 04:17:42.024: sctp protocol not supported
EtherApe-INFO: 04:17:42.025: sctp protocol not supported
EtherApe-INFO: 04:17:42.025: sctp protocol not supported
EtherApe-INFO: 04:17:42.025: sctp protocol not supported
EtherApe-INFO: 04:17:42.025: sctp protocol not supported
EtherApe-INFO: 04:17:42.025: sctp protocol not supported
EtherApe-INFO: 04:17:42.025: sctp protocol not supported
EtherApe-INFO: 04:17:42.025: sctp protocol not supported
EtherApe-INFO: 04:17:42.025: sctp protocol not supported
EtherApe-INFO: 04:17:42.025: sctp protocol not supported
EtherApe-INFO: 04:17:42.025: sctp protocol not supported
EtherApe-INFO: 04:17:42.025: sctp protocol not supported
EtherApe-INFO: 04:17:42.025: sctp protocol not supported
EtherApe-INFO: 04:17:42.025: sctp protocol not supported
EtherApe-INFO: 04:17:42.025: sctp protocol not supported
EtherApe-INFO: 04:17:42.025: sctp protocol not supported
EtherApe-INFO: 04:17:42.025: sctp protocol not supported
EtherApe-INFO: 04:17:42.025: sctp protocol not supported
EtherApe-INFO: 04:17:42.025: sctp protocol not supported
EtherApe-INFO: 04:17:42.025: sctp protocol not supported
EtherApe-INFO: 04:17:42.026: sctp protocol not supported
EtherApe-INFO: 04:17:42.026: sctp protocol not supported
EtherApe-INFO: 04:17:42.026: sctp protocol not supported
EtherApe-INFO: 04:17:42.026: sctp protocol not supported
EtherApe-INFO: 04:17:42.026: sctp protocol not supported
EtherApe-INFO: 04:17:42.026: sctp protocol not supported
EtherApe-INFO: 04:17:42.026: sctp protocol not supported
EtherApe-INFO: 04:17:42.026: sctp protocol not supported
EtherApe-INFO: 04:17:42.026: sctp protocol not supported
EtherApe-INFO: 04:17:42.036: get_interface result: ''
EtherApe-INFO: 04:17:42.036: Available interfaces for capture: dbus-session dbus-system nfqueue nflog bluetooth-monitor bluetooth0 lo any wlp2s0
EtherApe-INFO: 04:17:42.037: Link type is LINUX_SLL
EtherApe-INFO: 04:17:42.038: Diagram started
EtherApe-INFO: 04:17:42.288: New node: IP: 45.140.184.56. Number of nodes 1
EtherApe-INFO: 04:17:42.289: New node: IP: 192.168.1.249. Number of nodes 2
EtherApe-INFO: 04:17:43.825: New node: IP: 9.9.9.9. Number of nodes 3
EtherApe-INFO: 04:17:43.825: New node: IP: 93.184.220.29. Number of nodes 4
EtherApe-INFO: 04:17:44.602: New node: IP: 149.154.167.41. Number of nodes 5
EtherApe-INFO: 04:17:45.361: New node: IP: 35.84.65.122. Number of nodes 6
EtherApe-INFO: 04:17:45.361: New node: IP: 142.250.203.131. Number of nodes 7
EtherApe-INFO: 04:17:45.362: New node: IP: 44.240.2.129. Number of nodes 8
EtherApe-INFO: 04:17:45.364: New node: IP: 87.245.216.9. Number of nodes 9
EtherApe-INFO: 04:17:45.874: New node: IP: 34.107.221.82. Number of nodes 10
EtherApe-INFO: 04:17:45.874: New node: IP: 104.18.21.226. Number of nodes 11
EtherApe-INFO: 04:17:46.385: New node: IP: 18.65.40.178. Number of nodes 12
EtherApe-INFO: 04:17:46.514: delete node: IP: 9.9.9.9. Number of nodes 11
EtherApe-INFO: 04:17:46.514: delete node: IP: 18.65.40.178. Number of nodes 10
EtherApe-INFO: 04:17:46.514: delete node: IP: 34.107.221.82. Number of nodes 9
EtherApe-INFO: 04:17:46.514: delete node: IP: 35.84.65.122. Number of nodes 8
EtherApe-INFO: 04:17:46.515: delete node: IP: 44.240.2.129. Number of nodes 7
EtherApe-INFO: 04:17:46.515: delete node: IP: 45.140.184.56. Number of nodes 6
EtherApe-INFO: 04:17:46.515: delete node: IP: 87.245.216.9. Number of nodes 5
EtherApe-INFO: 04:17:46.515: delete node: IP: 93.184.220.29. Number of nodes 4
EtherApe-INFO: 04:17:46.515: delete node: IP: 104.18.21.226. Number of nodes 3
EtherApe-INFO: 04:17:46.515: delete node: IP: 142.250.203.131. Number of nodes 2
EtherApe-INFO: 04:17:46.515: delete node: IP: 149.154.167.41. Number of nodes 1
EtherApe-INFO: 04:17:46.515: delete node: IP: 192.168.1.249. Number of nodes 0
