(etherape:3427): GLib-GIO-DEBUG: 09:00:57.250: _g_io_module_get_default: Found default implementation local (GLocalVfs) for ‘gio-vfs’
(etherape:3427): GLib-GIO-DEBUG: 09:00:57.327: Using cross-namespace EXTERNAL authentication (this will deadlock if server is GDBus < 2.73.3)
EtherApe-INFO: 09:00:57.384: sctp protocol not supported
EtherApe-INFO: 09:00:57.384: dccp protocol not supported
EtherApe-INFO: 09:00:57.384: sctp protocol not supported
EtherApe-INFO: 09:00:57.384: sctp protocol not supported
EtherApe-INFO: 09:00:57.384: sctp protocol not supported
EtherApe-INFO: 09:00:57.384: sctp protocol not supported
EtherApe-INFO: 09:00:57.385: sctp protocol not supported
EtherApe-INFO: 09:00:57.385: sctp protocol not supported
EtherApe-INFO: 09:00:57.385: sctp protocol not supported
EtherApe-INFO: 09:00:57.385: dccp protocol not supported
EtherApe-INFO: 09:00:57.385: sctp protocol not supported
EtherApe-INFO: 09:00:57.385: dccp protocol not supported
EtherApe-INFO: 09:00:57.385: dccp protocol not supported
EtherApe-INFO: 09:00:57.385: sctp protocol not supported
EtherApe-INFO: 09:00:57.386: sctp protocol not supported
EtherApe-INFO: 09:00:57.386: sctp protocol not supported
EtherApe-INFO: 09:00:57.386: sctp protocol not supported
EtherApe-INFO: 09:00:57.387: sctp protocol not supported
EtherApe-INFO: 09:00:57.387: sctp protocol not supported
EtherApe-INFO: 09:00:57.387: sctp protocol not supported
EtherApe-INFO: 09:00:57.387: sctp protocol not supported
EtherApe-INFO: 09:00:57.387: sctp protocol not supported
EtherApe-INFO: 09:00:57.387: sctp protocol not supported
EtherApe-INFO: 09:00:57.388: sctp protocol not supported
EtherApe-INFO: 09:00:57.388: sctp protocol not supported
EtherApe-INFO: 09:00:57.388: sctp protocol not supported
EtherApe-INFO: 09:00:57.388: sctp protocol not supported
EtherApe-INFO: 09:00:57.389: sctp protocol not supported
EtherApe-INFO: 09:00:57.389: dccp protocol not supported
EtherApe-INFO: 09:00:57.389: sctp protocol not supported
EtherApe-INFO: 09:00:57.389: sctp protocol not supported
EtherApe-INFO: 09:00:57.389: dccp protocol not supported
EtherApe-INFO: 09:00:57.389: sctp protocol not supported
EtherApe-INFO: 09:00:57.389: sctp protocol not supported
EtherApe-INFO: 09:00:57.389: sctp protocol not supported
EtherApe-INFO: 09:00:57.389: dccp protocol not supported
EtherApe-INFO: 09:00:57.389: dccp protocol not supported
EtherApe-INFO: 09:00:57.389: sctp protocol not supported
EtherApe-INFO: 09:00:57.389: sctp protocol not supported
EtherApe-INFO: 09:00:57.389: sctp protocol not supported
EtherApe-INFO: 09:00:57.389: sctp protocol not supported
EtherApe-INFO: 09:00:57.389: sctp protocol not supported
EtherApe-INFO: 09:00:57.389: sctp protocol not supported
EtherApe-INFO: 09:00:57.389: sctp protocol not supported
EtherApe-INFO: 09:00:57.389: sctp protocol not supported
EtherApe-INFO: 09:00:57.389: sctp protocol not supported
EtherApe-INFO: 09:00:57.389: sctp protocol not supported
EtherApe-INFO: 09:00:57.389: sctp protocol not supported
EtherApe-INFO: 09:00:57.389: sctp protocol not supported
EtherApe-INFO: 09:00:57.389: sctp protocol not supported
EtherApe-INFO: 09:00:57.389: sctp protocol not supported
EtherApe-INFO: 09:00:57.389: sctp protocol not supported
EtherApe-INFO: 09:00:57.389: sctp protocol not supported
EtherApe-INFO: 09:00:57.389: sctp protocol not supported
EtherApe-INFO: 09:00:57.389: sctp protocol not supported
EtherApe-INFO: 09:00:57.389: sctp protocol not supported
EtherApe-INFO: 09:00:57.389: sctp protocol not supported
EtherApe-INFO: 09:00:57.390: dccp protocol not supported
EtherApe-INFO: 09:00:57.390: sctp protocol not supported
EtherApe-INFO: 09:00:57.390: sctp protocol not supported
EtherApe-INFO: 09:00:57.390: sctp protocol not supported
EtherApe-INFO: 09:00:57.390: sctp protocol not supported
EtherApe-INFO: 09:00:57.390: sctp protocol not supported
EtherApe-INFO: 09:00:57.390: sctp protocol not supported
EtherApe-INFO: 09:00:57.390: sctp protocol not supported
EtherApe-INFO: 09:00:57.390: sctp protocol not supported
EtherApe-INFO: 09:00:57.390: sctp protocol not supported
EtherApe-INFO: 09:00:57.390: sctp protocol not supported
EtherApe-INFO: 09:00:57.390: sctp protocol not supported
EtherApe-INFO: 09:00:57.390: sctp protocol not supported
EtherApe-INFO: 09:00:57.390: sctp protocol not supported
EtherApe-INFO: 09:00:57.391: sctp protocol not supported
EtherApe-INFO: 09:00:57.391: sctp protocol not supported
EtherApe-INFO: 09:00:57.391: sctp protocol not supported
EtherApe-INFO: 09:00:57.391: sctp protocol not supported
EtherApe-INFO: 09:00:57.391: sctp protocol not supported
EtherApe-INFO: 09:00:57.391: sctp protocol not supported
EtherApe-INFO: 09:00:57.391: sctp protocol not supported
EtherApe-INFO: 09:00:57.391: sctp protocol not supported
EtherApe-INFO: 09:00:57.391: sctp protocol not supported
EtherApe-INFO: 09:00:57.391: sctp protocol not supported
EtherApe-INFO: 09:00:57.391: sctp protocol not supported
EtherApe-INFO: 09:00:57.391: sctp protocol not supported
EtherApe-INFO: 09:00:57.391: sctp protocol not supported
EtherApe-INFO: 09:00:57.391: sctp protocol not supported
EtherApe-INFO: 09:00:57.391: sctp protocol not supported
EtherApe-INFO: 09:00:57.391: sctp protocol not supported
EtherApe-INFO: 09:00:57.391: sctp protocol not supported
EtherApe-INFO: 09:00:57.391: sctp protocol not supported
EtherApe-INFO: 09:00:57.391: sctp protocol not supported
EtherApe-INFO: 09:00:57.391: sctp protocol not supported
EtherApe-INFO: 09:00:57.391: sctp protocol not supported
EtherApe-INFO: 09:00:57.391: sctp protocol not supported
EtherApe-INFO: 09:00:57.391: sctp protocol not supported
EtherApe-INFO: 09:00:57.400: get_interface result: ''
EtherApe-INFO: 09:00:57.400: Available interfaces for capture: dbus-session dbus-system nfqueue nflog bluetooth-monitor bluetooth0 lo any wlp2s0
EtherApe-INFO: 09:00:57.401: Link type is LINUX_SLL
EtherApe-INFO: 09:00:57.401: Diagram started
EtherApe-INFO: 09:00:57.659: New node: IP: 89.187.191.12. Number of nodes 1
EtherApe-INFO: 09:00:57.659: New node: IP: 192.168.1.249. Number of nodes 2
EtherApe-INFO: 09:00:57.661: New node: IP: 142.250.203.133. Number of nodes 3
EtherApe-INFO: 09:00:57.662: New node: IP: 104.16.249.249. Number of nodes 4
EtherApe-INFO: 09:00:58.684: New node: IP: 18.65.30.69. Number of nodes 5
EtherApe-INFO: 09:00:58.938: New node: IP: 9.9.9.9. Number of nodes 6
EtherApe-INFO: 09:00:58.941: New node: IP: 142.250.203.206. Number of nodes 7
EtherApe-INFO: 09:00:59.707: New node: IP: 108.138.51.88. Number of nodes 8
EtherApe-INFO: 09:00:59.964: New node: IP: 142.250.203.131. Number of nodes 9
EtherApe-INFO: 09:01:00.220: New node: IP: 13.32.121.12. Number of nodes 10
EtherApe-INFO: 09:01:00.221: New node: IP: 34.107.221.82. Number of nodes 11
EtherApe-INFO: 09:01:00.731: New node: IP: 142.250.203.202. Number of nodes 12
EtherApe-INFO: 09:01:00.986: New node: IP: 172.217.16.14. Number of nodes 13
EtherApe-INFO: 09:01:01.498: New node: IP: 172.217.16.35. Number of nodes 14
EtherApe-INFO: 09:01:01.756: New node: IP: 149.154.167.50. Number of nodes 15
EtherApe-INFO: 09:01:02.524: New node: IP: 149.154.167.41. Number of nodes 16
EtherApe-INFO: 09:01:02.779: New node: IP: 8.8.8.8. Number of nodes 17
EtherApe-INFO: 09:01:03.036: New node: IP: 93.184.220.29. Number of nodes 18
EtherApe-INFO: 09:01:03.036: New node: IP: 52.29.105.33. Number of nodes 19
EtherApe-INFO: 09:01:03.290: New node: IP: 176.122.110.204. Number of nodes 20
EtherApe-INFO: 09:01:04.577: New node: IP: 149.154.167.216. Number of nodes 21
EtherApe-INFO: 09:01:05.613: New node: IP: 87.245.216.107. Number of nodes 22
EtherApe-INFO: 09:01:06.143: New node: IP: 54.187.174.239. Number of nodes 23
EtherApe-INFO: 09:01:06.143: New node: IP: 54.70.209.29. Number of nodes 24
EtherApe-INFO: 09:01:07.541: New node: IP: 142.250.203.138. Number of nodes 25
EtherApe-INFO: 09:01:07.797: New node: IP: 108.138.24.186. Number of nodes 26
EtherApe-INFO: 09:01:39.255: New node: IP: 104.22.33.83. Number of nodes 27
EtherApe-INFO: 09:01:39.256: New node: IP: 34.160.144.191. Number of nodes 28
EtherApe-INFO: 09:01:39.256: New node: IP: 34.107.141.31. Number of nodes 29
EtherApe-INFO: 09:01:39.256: New node: IP: 18.66.233.41. Number of nodes 30
EtherApe-INFO: 09:01:40.274: New node: IP: 18.66.233.50. Number of nodes 31
EtherApe-INFO: 09:01:40.275: New node: IP: 104.18.13.33. Number of nodes 32
EtherApe-INFO: 09:01:40.275: New node: IP: 18.66.130.57. Number of nodes 33
EtherApe-INFO: 09:01:40.275: New node: IP: 104.17.182.52. Number of nodes 34
EtherApe-INFO: 09:01:40.275: New node: IP: 108.138.24.166. Number of nodes 35
EtherApe-INFO: 09:01:42.322: New node: IP: 140.82.121.3. Number of nodes 36
EtherApe-INFO: 09:01:42.322: New node: IP: 142.250.75.10. Number of nodes 37
EtherApe-INFO: 09:01:43.353: New node: IP: 140.82.114.25. Number of nodes 38
EtherApe-INFO: 09:01:44.117: New node: IP: 104.17.49.74. Number of nodes 39
EtherApe-INFO: 09:01:44.117: New node: IP: 35.241.9.150. Number of nodes 40
EtherApe-INFO: 09:01:44.118: New node: IP: 34.120.208.123. Number of nodes 41
EtherApe-INFO: 09:01:45.140: New node: IP: 172.217.16.54. Number of nodes 42
EtherApe-INFO: 09:01:45.140: New node: IP: 108.138.53.154. Number of nodes 43
EtherApe-INFO: 09:01:45.141: New node: IP: 216.58.215.100. Number of nodes 44
EtherApe-INFO: 09:01:46.165: New node: IP: 35.186.227.140. Number of nodes 45
EtherApe-INFO: 09:01:46.165: New node: IP: 18.66.98.108. Number of nodes 46
EtherApe-INFO: 09:01:46.165: New node: IP: 172.217.16.46. Number of nodes 47
EtherApe-INFO: 09:01:47.187: New node: IP: 216.58.215.106. Number of nodes 48
EtherApe-INFO: 09:01:47.187: New node: IP: 216.58.215.99. Number of nodes 49
EtherApe-INFO: 09:01:48.211: New node: IP: 216.58.209.10. Number of nodes 50
EtherApe-INFO: 09:01:48.211: New node: IP: 18.66.233.6. Number of nodes 51
EtherApe-INFO: 09:01:49.235: New node: IP: 3.213.99.37. Number of nodes 52
EtherApe-INFO: 09:01:51.285: New node: IP: 142.250.203.142. Number of nodes 53
EtherApe-INFO: 09:02:28.658: New node: IP: 142.250.75.1. Number of nodes 54
EtherApe-INFO: 09:03:01.174: New node: IP: 149.154.167.92. Number of nodes 55
EtherApe-INFO: 09:03:02.198: New node: IP: 162.159.200.1. Number of nodes 56
EtherApe-INFO: 09:03:04.064: delete node: IP: 8.8.8.8. Number of nodes 55
EtherApe-INFO: 09:03:04.509: New node: IP: 216.58.208.202. Number of nodes 56
EtherApe-INFO: 09:03:43.680: delete node: IP: 52.29.105.33. Number of nodes 55
EtherApe-INFO: 09:03:46.463: delete node: IP: 54.187.174.239. Number of nodes 54
EtherApe-INFO: 09:03:46.463: delete node: IP: 54.70.209.29. Number of nodes 53
EtherApe-INFO: 09:04:03.562: New node: IP: 192.168.1.1. Number of nodes 54
EtherApe-INFO: 09:04:07.147: New node: IP: 116.203.91.91. Number of nodes 55
EtherApe-INFO: 09:04:28.139: New node: IP: 149.154.175.57. Number of nodes 56
EtherApe-INFO: 09:04:28.140: New node: IP: 149.154.175.50. Number of nodes 57
EtherApe-INFO: 09:04:28.995: delete node: IP: 142.250.75.1. Number of nodes 56
EtherApe-INFO: 09:04:40.738: delete node: IP: 87.245.216.107. Number of nodes 55
EtherApe-INFO: 09:04:41.782: delete node: IP: 93.184.220.29. Number of nodes 54
EtherApe-INFO: 09:04:42.828: delete node: IP: 108.138.24.186. Number of nodes 53
EtherApe-INFO: 09:04:45.851: delete node: IP: 108.138.51.88. Number of nodes 52
EtherApe-INFO: 09:04:45.851: delete node: IP: 34.107.221.82. Number of nodes 51
EtherApe-INFO: 09:04:49.904: New node: IP: 18.66.147.82. Number of nodes 52
EtherApe-INFO: 09:04:50.164: New node: IP: 52.222.226.205. Number of nodes 53
EtherApe-INFO: 09:04:50.409: New node: IP: 104.81.107.158. Number of nodes 54
EtherApe-INFO: 09:04:50.668: New node: IP: 104.18.40.133. Number of nodes 55
EtherApe-INFO: 09:04:54.254: New node: IP: 18.66.122.113. Number of nodes 56
EtherApe-INFO: 09:04:54.511: New node: IP: 151.101.129.208. Number of nodes 57
EtherApe-INFO: 09:04:55.018: New node: IP: 87.245.216.11. Number of nodes 58
EtherApe-INFO: 09:04:55.274: New node: IP: 15.236.171.91. Number of nodes 59
EtherApe-INFO: 09:04:55.531: New node: IP: 93.184.220.29. Number of nodes 60
EtherApe-INFO: 09:04:56.315: New node: IP: 52.222.236.25. Number of nodes 61
EtherApe-INFO: 09:04:59.045: New node: IP: 18.200.8.190. Number of nodes 62
EtherApe-INFO: 09:05:00.823: New node: IP: 52.16.16.21. Number of nodes 63
EtherApe-INFO: 09:05:01.595: New node: IP: 62.182.19.39. Number of nodes 64
EtherApe-INFO: 09:05:01.595: New node: IP: 140.82.121.4. Number of nodes 65
EtherApe-INFO: 09:05:02.100: New node: IP: 104.16.149.64. Number of nodes 66
EtherApe-INFO: 09:05:02.114: New node: IP: 139.59.209.225. Number of nodes 67
EtherApe-INFO: 09:05:02.354: New node: IP: 185.199.109.133. Number of nodes 68
EtherApe-INFO: 09:05:02.436: delete node: IP: 162.159.200.1. Number of nodes 67
EtherApe-INFO: 09:05:02.866: New node: IP: 104.20.121.46. Number of nodes 68
EtherApe-INFO: 09:05:02.879: New node: IP: 54.214.199.225. Number of nodes 69
EtherApe-INFO: 09:05:03.382: New node: IP: 108.138.24.186. Number of nodes 70
EtherApe-INFO: 09:05:03.895: New node: IP: 104.20.120.46. Number of nodes 71
EtherApe-INFO: 09:05:05.174: New node: IP: 104.18.14.117. Number of nodes 72
EtherApe-INFO: 09:05:05.179: New node: IP: 87.245.216.107. Number of nodes 73
EtherApe-INFO: 09:05:05.426: New node: IP: 87.245.216.9. Number of nodes 74
EtherApe-INFO: 09:05:07.229: New node: IP: 34.224.206.127. Number of nodes 75
EtherApe-INFO: 09:05:07.736: New node: IP: 193.34.168.232. Number of nodes 76
EtherApe-INFO: 09:05:07.738: New node: IP: 104.21.75.3. Number of nodes 77
EtherApe-INFO: 09:05:07.987: New node: IP: 172.64.155.188. Number of nodes 78
EtherApe-INFO: 09:05:07.988: New node: IP: 104.18.32.68. Number of nodes 79
EtherApe-INFO: 09:05:07.989: New node: IP: 172.67.209.148. Number of nodes 80
EtherApe-INFO: 09:05:10.035: New node: IP: 45.57.90.1. Number of nodes 81
EtherApe-INFO: 09:05:13.876: New node: IP: 193.109.100.131. Number of nodes 82
EtherApe-INFO: 09:05:16.433: New node: IP: 52.222.236.85. Number of nodes 83
EtherApe-INFO: 09:05:16.433: New node: IP: 52.222.236.91. Number of nodes 84
EtherApe-INFO: 09:05:16.950: New node: IP: 87.245.217.79. Number of nodes 85
EtherApe-INFO: 09:05:16.952: New node: IP: 139.45.205.13. Number of nodes 86
EtherApe-INFO: 09:05:18.740: New node: IP: 176.122.96.225. Number of nodes 87
EtherApe-INFO: 09:05:24.113: New node: IP: 67.199.248.13. Number of nodes 88
EtherApe-INFO: 09:05:27.705: New node: IP: 108.138.24.72. Number of nodes 89
EtherApe-INFO: 09:05:29.244: New node: IP: 8.8.8.8. Number of nodes 90
EtherApe-INFO: 09:05:30.550: delete node: IP: 149.154.167.92. Number of nodes 89
EtherApe-INFO: 09:05:31.548: delete node: IP: 104.22.33.83. Number of nodes 88
EtherApe-INFO: 09:05:31.548: delete node: IP: 104.17.182.52. Number of nodes 87
EtherApe-INFO: 09:05:31.548: delete node: IP: 34.160.144.191. Number of nodes 86
EtherApe-INFO: 09:05:31.548: delete node: IP: 34.107.141.31. Number of nodes 85
EtherApe-INFO: 09:05:31.548: delete node: IP: 18.66.233.41. Number of nodes 84
EtherApe-INFO: 09:05:32.619: delete node: IP: 108.138.24.166. Number of nodes 83
EtherApe-INFO: 09:05:32.619: delete node: IP: 104.18.13.33. Number of nodes 82
EtherApe-INFO: 09:05:32.619: delete node: IP: 18.66.233.50. Number of nodes 81
EtherApe-INFO: 09:05:32.619: delete node: IP: 18.66.130.57. Number of nodes 80
EtherApe-INFO: 09:05:34.677: delete node: IP: 142.250.75.10. Number of nodes 79
EtherApe-INFO: 09:05:34.677: delete node: IP: 140.82.121.3. Number of nodes 78
EtherApe-INFO: 09:05:35.646: delete node: IP: 104.17.49.74. Number of nodes 77
EtherApe-INFO: 09:05:35.646: delete node: IP: 35.241.9.150. Number of nodes 76
EtherApe-INFO: 09:05:36.716: delete node: IP: 172.217.16.54. Number of nodes 75
EtherApe-INFO: 09:05:36.716: delete node: IP: 34.120.208.123. Number of nodes 74
EtherApe-INFO: 09:05:37.781: delete node: IP: 216.58.215.100. Number of nodes 73
EtherApe-INFO: 09:05:37.781: delete node: IP: 108.138.53.154. Number of nodes 72
EtherApe-INFO: 09:05:37.782: delete node: IP: 35.186.227.140. Number of nodes 71
EtherApe-INFO: 09:05:37.782: delete node: IP: 18.66.98.108. Number of nodes 70
EtherApe-INFO: 09:05:38.747: delete node: IP: 172.217.16.46. Number of nodes 69
EtherApe-INFO: 09:05:39.504: delete node: IP: 216.58.215.99. Number of nodes 68
EtherApe-INFO: 09:05:40.598: delete node: IP: 216.58.209.10. Number of nodes 67
EtherApe-INFO: 09:05:40.598: delete node: IP: 18.66.233.6. Number of nodes 66
EtherApe-INFO: 09:05:40.757: New node: IP: 52.202.224.130. Number of nodes 67
EtherApe-INFO: 09:05:41.579: delete node: IP: 216.58.215.106. Number of nodes 66
EtherApe-INFO: 09:05:41.800: delete node: IP: 3.213.99.37. Number of nodes 65
EtherApe-INFO: 09:05:42.554: delete node: IP: 142.250.203.142. Number of nodes 64
EtherApe-INFO: 09:05:46.129: New node: IP: 100.20.3.157. Number of nodes 65
EtherApe-INFO: 09:05:49.723: delete node: IP: 18.65.30.69. Number of nodes 64
EtherApe-INFO: 09:05:51.872: delete node: IP: 172.217.16.14. Number of nodes 63
EtherApe-INFO: 09:05:52.845: delete node: IP: 142.250.203.202. Number of nodes 62
EtherApe-INFO: 09:06:03.590: delete node: IP: 192.168.1.1. Number of nodes 61
EtherApe-INFO: 09:06:07.223: delete node: IP: 172.217.16.35. Number of nodes 60
EtherApe-INFO: 09:06:07.433: delete node: IP: 116.203.91.91. Number of nodes 59
EtherApe-INFO: 09:06:28.645: delete node: IP: 149.154.175.50. Number of nodes 58
EtherApe-INFO: 09:06:29.717: delete node: IP: 176.122.110.204. Number of nodes 57
EtherApe-INFO: 09:06:45.078: delete node: IP: 149.154.175.57. Number of nodes 56
EtherApe-INFO: 09:07:01.182: delete node: IP: 52.16.16.21. Number of nodes 55
EtherApe-INFO: 09:07:01.724: delete node: IP: 140.82.121.4. Number of nodes 54
EtherApe-INFO: 09:07:02.467: delete node: IP: 185.199.109.133. Number of nodes 53
EtherApe-INFO: 09:07:02.939: New node: IP: 142.250.75.1. Number of nodes 54
EtherApe-INFO: 09:07:03.192: New node: IP: 142.250.203.193. Number of nodes 55
EtherApe-INFO: 09:07:03.978: delete node: IP: 104.20.120.46. Number of nodes 54
EtherApe-INFO: 09:07:09.608: delete node: IP: 62.182.19.39. Number of nodes 53
EtherApe-INFO: 09:07:09.927: delete node: IP: 45.57.90.1. Number of nodes 52
EtherApe-INFO: 09:07:16.292: delete node: IP: 52.222.236.85. Number of nodes 51
EtherApe-INFO: 09:07:16.502: delete node: IP: 52.222.236.91. Number of nodes 50
EtherApe-INFO: 09:07:18.551: New node: IP: 162.159.200.1. Number of nodes 51
EtherApe-INFO: 09:07:28.285: delete node: IP: 193.109.100.131. Number of nodes 50
EtherApe-INFO: 09:07:29.340: delete node: IP: 8.8.8.8. Number of nodes 49
EtherApe-INFO: 09:07:30.095: delete node: IP: 34.224.206.127. Number of nodes 48
EtherApe-INFO: 09:07:43.465: delete node: IP: 52.202.224.130. Number of nodes 47
EtherApe-INFO: 09:07:46.257: delete node: IP: 100.20.3.157. Number of nodes 46
EtherApe-INFO: 09:07:54.424: delete node: IP: 67.199.248.13. Number of nodes 45
EtherApe-INFO: 09:08:13.922: delete node: IP: 193.34.168.232. Number of nodes 44
EtherApe-INFO: 09:08:21.821: delete node: IP: 216.58.208.202. Number of nodes 43
EtherApe-INFO: 09:08:26.478: delete node: IP: 18.66.147.82. Number of nodes 42
EtherApe-INFO: 09:08:33.374: delete node: IP: 87.245.217.79. Number of nodes 41
EtherApe-INFO: 09:08:45.672: delete node: IP: 52.222.226.205. Number of nodes 40
EtherApe-INFO: 09:08:56.887: delete node: IP: 15.236.171.91. Number of nodes 39
EtherApe-INFO: 09:08:58.652: delete node: IP: 93.184.220.29. Number of nodes 38
EtherApe-INFO: 09:09:00.730: delete node: IP: 87.245.216.107. Number of nodes 37
EtherApe-INFO: 09:09:03.355: delete node: IP: 142.250.203.193. Number of nodes 36
EtherApe-INFO: 09:09:03.355: delete node: IP: 142.250.75.1. Number of nodes 35
EtherApe-INFO: 09:09:03.355: delete node: IP: 9.9.9.9. Number of nodes 34
EtherApe-INFO: 09:09:03.507: New node: IP: 192.168.1.1. Number of nodes 35
EtherApe-INFO: 09:09:03.562: delete node: IP: 104.18.32.68. Number of nodes 34
EtherApe-INFO: 09:09:04.605: delete node: IP: 172.64.155.188. Number of nodes 33
EtherApe-INFO: 09:09:07.092: New node: IP: 9.9.9.9. Number of nodes 34
EtherApe-INFO: 09:09:07.092: New node: IP: 116.203.91.91. Number of nodes 35
EtherApe-INFO: 09:09:18.703: delete node: IP: 162.159.200.1. Number of nodes 34
EtherApe-INFO: 09:09:19.948: delete node: IP: 87.245.216.9. Number of nodes 33
EtherApe-INFO: 09:09:23.068: delete node: IP: 108.138.24.186. Number of nodes 32
EtherApe-INFO: 09:09:23.068: delete node: IP: 108.138.24.72. Number of nodes 31
EtherApe-INFO: 09:09:26.810: delete node: IP: 104.81.107.158. Number of nodes 30
EtherApe-INFO: 09:09:46.088: delete node: IP: 151.101.129.208. Number of nodes 29
EtherApe-INFO: 09:09:48.306: New node: IP: 216.58.215.69. Number of nodes 30
EtherApe-INFO: 09:09:52.943: delete node: IP: 104.16.149.64. Number of nodes 29
EtherApe-INFO: 09:09:52.943: delete node: IP: 52.222.236.25. Number of nodes 28
EtherApe-INFO: 09:09:55.024: delete node: IP: 104.20.121.46. Number of nodes 27
EtherApe-INFO: 09:09:56.273: delete node: IP: 104.18.14.117. Number of nodes 26
EtherApe-INFO: 09:09:58.887: delete node: IP: 139.45.205.13. Number of nodes 25
EtherApe-INFO: 09:09:59.094: delete node: IP: 172.67.209.148. Number of nodes 24
EtherApe-INFO: 09:09:59.094: delete node: IP: 139.59.209.225. Number of nodes 23
EtherApe-INFO: 09:09:59.094: delete node: IP: 104.21.75.3. Number of nodes 22
EtherApe-INFO: 09:10:00.131: delete node: IP: 54.214.199.225. Number of nodes 21
EtherApe-INFO: 09:10:01.922: delete node: IP: 176.122.96.225. Number of nodes 20
EtherApe-INFO: 09:10:09.326: delete node: IP: 18.200.8.190. Number of nodes 19
EtherApe-INFO: 09:10:19.539: New node: IP: 216.58.208.202. Number of nodes 20
EtherApe-INFO: 09:10:45.948: delete node: IP: 18.66.122.113. Number of nodes 19
EtherApe-INFO: 09:10:46.164: New node: IP: 100.20.3.157. Number of nodes 20
EtherApe-INFO: 09:11:03.668: delete node: IP: 192.168.1.1. Number of nodes 19
EtherApe-INFO: 09:11:07.197: delete node: IP: 116.203.91.91. Number of nodes 18
EtherApe-INFO: 09:11:34.387: delete node: IP: 149.154.167.216. Number of nodes 17
EtherApe-INFO: 09:11:34.803: New node: IP: 162.159.200.1. Number of nodes 18
EtherApe-INFO: 09:11:38.989: delete node: IP: 142.250.203.133. Number of nodes 17
EtherApe-INFO: 09:11:48.436: delete node: IP: 9.9.9.9. Number of nodes 16
EtherApe-INFO: 09:12:19.641: delete node: IP: 216.58.208.202. Number of nodes 15
EtherApe-INFO: 09:12:40.855: New node: IP: 142.250.75.1. Number of nodes 16
EtherApe-INFO: 09:12:46.324: delete node: IP: 100.20.3.157. Number of nodes 15
EtherApe-INFO: 09:13:25.914: New node: IP: 149.154.167.216. Number of nodes 16
EtherApe-INFO: 09:13:35.387: delete node: IP: 162.159.200.1. Number of nodes 15
EtherApe-INFO: 09:14:03.538: New node: IP: 192.168.1.1. Number of nodes 16
EtherApe-INFO: 09:14:07.121: New node: IP: 9.9.9.9. Number of nodes 17
EtherApe-INFO: 09:14:07.377: New node: IP: 116.203.91.91. Number of nodes 18
EtherApe-INFO: 09:14:41.438: delete node: IP: 142.250.75.1. Number of nodes 17
EtherApe-INFO: 09:14:47.825: New node: IP: 34.120.208.123. Number of nodes 18
EtherApe-INFO: 09:14:48.852: New node: IP: 216.58.215.100. Number of nodes 19
EtherApe-INFO: 09:14:56.290: New node: IP: 172.217.16.54. Number of nodes 20
EtherApe-INFO: 09:14:58.082: New node: IP: 216.58.208.202. Number of nodes 21
EtherApe-INFO: 09:14:58.338: New node: IP: 85.214.143.216. Number of nodes 22
EtherApe-INFO: 09:14:58.340: New node: IP: 87.245.216.107. Number of nodes 23
EtherApe-INFO: 09:15:02.177: New node: IP: 52.16.16.21. Number of nodes 24
EtherApe-INFO: 09:15:06.018: New node: IP: 108.138.51.88. Number of nodes 25
EtherApe-INFO: 09:15:07.042: New node: IP: 54.75.137.188. Number of nodes 26
EtherApe-INFO: 09:15:08.065: New node: IP: 216.58.215.99. Number of nodes 27
EtherApe-INFO: 09:15:08.065: New node: IP: 142.250.203.193. Number of nodes 28
EtherApe-INFO: 09:15:08.330: New node: IP: 104.18.14.117. Number of nodes 29
EtherApe-INFO: 09:15:08.581: New node: IP: 142.250.75.14. Number of nodes 30
EtherApe-INFO: 09:15:09.128: New node: IP: 216.58.215.110. Number of nodes 31
EtherApe-INFO: 09:15:46.466: New node: IP: 100.20.3.157. Number of nodes 32
EtherApe-INFO: 09:16:03.768: delete node: IP: 192.168.1.1. Number of nodes 31
EtherApe-INFO: 09:16:07.622: delete node: IP: 116.203.91.91. Number of nodes 30
EtherApe-INFO: 09:16:59.516: delete node: IP: 149.154.167.216. Number of nodes 29
EtherApe-INFO: 09:17:02.325: delete node: IP: 52.16.16.21. Number of nodes 28
EtherApe-INFO: 09:17:07.180: delete node: IP: 54.75.137.188. Number of nodes 27
EtherApe-INFO: 09:17:09.183: delete node: IP: 142.250.203.193. Number of nodes 26
EtherApe-INFO: 09:17:09.183: delete node: IP: 104.18.14.117. Number of nodes 25
EtherApe-INFO: 09:17:10.236: delete node: IP: 9.9.9.9. Number of nodes 24
EtherApe-INFO: 09:17:18.448: delete node: IP: 142.250.75.14. Number of nodes 23
EtherApe-INFO: 09:17:33.506: delete node: IP: 89.187.191.12. Number of nodes 22
EtherApe-INFO: 09:17:41.502: delete node: IP: 216.58.215.69. Number of nodes 21
EtherApe-INFO: 09:17:46.551: delete node: IP: 100.20.3.157. Number of nodes 20
EtherApe-INFO: 09:17:50.626: New node: IP: 142.250.203.133. Number of nodes 21
EtherApe-INFO: 09:17:56.259: New node: IP: 142.250.75.1. Number of nodes 22
EtherApe-INFO: 09:18:14.749: delete node: IP: 85.214.143.216. Number of nodes 21
EtherApe-INFO: 09:18:54.409: delete node: IP: 87.245.216.107. Number of nodes 20
EtherApe-INFO: 09:19:01.873: delete node: IP: 108.138.51.88. Number of nodes 19
EtherApe-INFO: 09:19:03.596: New node: IP: 192.168.1.1. Number of nodes 20
EtherApe-INFO: 09:19:07.170: New node: IP: 9.9.9.9. Number of nodes 21
EtherApe-INFO: 09:19:07.170: New node: IP: 116.203.91.91. Number of nodes 22
EtherApe-INFO: 09:19:30.543: delete node: IP: 216.58.208.202. Number of nodes 21
EtherApe-INFO: 09:19:57.448: delete node: IP: 142.250.75.1. Number of nodes 20
EtherApe-INFO: 09:20:02.560: delete node: IP: 216.58.215.99. Number of nodes 19
EtherApe-INFO: 09:20:07.073: New node: IP: 162.159.200.1. Number of nodes 20
EtherApe-INFO: 09:20:07.132: delete node: IP: 172.217.16.54. Number of nodes 19
EtherApe-INFO: 09:20:21.669: delete node: IP: 216.58.215.110. Number of nodes 18
EtherApe-INFO: 09:20:23.533: delete node: IP: 216.58.215.100. Number of nodes 17
EtherApe-INFO: 09:20:26.345: delete node: IP: 34.120.208.123. Number of nodes 16
EtherApe-INFO: 09:20:46.499: New node: IP: 100.20.3.157. Number of nodes 17
EtherApe-INFO: 09:21:03.741: delete node: IP: 192.168.1.1. Number of nodes 16
EtherApe-INFO: 09:21:07.280: delete node: IP: 116.203.91.91. Number of nodes 15
EtherApe-INFO: 09:21:07.281: delete node: IP: 9.9.9.9. Number of nodes 14
EtherApe-INFO: 09:21:38.210: New node: IP: 89.187.191.12. Number of nodes 15
EtherApe-INFO: 09:21:41.046: New node: IP: 9.9.9.9. Number of nodes 16
EtherApe-INFO: 09:21:43.849: New node: IP: 95.216.144.15. Number of nodes 17
EtherApe-INFO: 09:22:03.297: New node: IP: 216.58.215.100. Number of nodes 18
EtherApe-INFO: 09:22:07.733: delete node: IP: 162.159.200.1. Number of nodes 17
EtherApe-INFO: 09:22:25.825: New node: IP: 34.120.208.123. Number of nodes 18
EtherApe-INFO: 09:22:27.873: New node: IP: 216.58.208.202. Number of nodes 19
EtherApe-INFO: 09:22:28.902: New node: IP: 142.250.75.14. Number of nodes 20
EtherApe-INFO: 09:22:29.410: New node: IP: 216.58.215.99. Number of nodes 21
EtherApe-INFO: 09:22:30.690: New node: IP: 142.250.203.142. Number of nodes 22
EtherApe-INFO: 09:22:34.532: New node: IP: 135.181.27.174. Number of nodes 23
EtherApe-INFO: 09:22:42.723: delete node: IP: 142.250.203.133. Number of nodes 22
EtherApe-INFO: 09:22:46.853: delete node: IP: 100.20.3.157. Number of nodes 21
EtherApe-INFO: 09:22:49.889: New node: IP: 149.154.167.216. Number of nodes 22
EtherApe-INFO: 09:22:50.914: New node: IP: 216.58.215.69. Number of nodes 23
EtherApe-INFO: 09:23:23.169: New node: IP: 149.154.167.255. Number of nodes 24
EtherApe-INFO: 09:23:25.480: New node: IP: 142.250.203.202. Number of nodes 25
EtherApe-INFO: 09:23:38.363: delete node: IP: 89.187.191.12. Number of nodes 24
EtherApe-INFO: 09:23:44.472: delete node: IP: 95.216.144.15. Number of nodes 23
EtherApe-INFO: 09:24:03.617: New node: IP: 192.168.1.1. Number of nodes 24
EtherApe-INFO: 09:24:07.202: New node: IP: 116.203.91.91. Number of nodes 25
EtherApe-INFO: 09:24:13.923: delete node: IP: 87.245.216.11. Number of nodes 24
EtherApe-INFO: 09:24:28.290: delete node: IP: 216.58.208.202. Number of nodes 23
EtherApe-INFO: 09:24:44.405: delete node: IP: 140.82.114.25. Number of nodes 22
EtherApe-INFO: 09:24:59.976: delete node: IP: 149.154.167.50. Number of nodes 21
EtherApe-INFO: 09:25:08.386: New node: IP: 104.18.14.117. Number of nodes 22
EtherApe-INFO: 09:25:24.770: New node: IP: 54.75.137.188. Number of nodes 23
EtherApe-INFO: 09:25:24.819: delete node: IP: 142.250.203.138. Number of nodes 22
EtherApe-INFO: 09:25:28.866: New node: IP: 52.212.99.156. Number of nodes 23
EtherApe-INFO: 09:25:36.802: New node: IP: 142.250.203.193. Number of nodes 24
EtherApe-INFO: 09:25:39.396: delete node: IP: 149.154.167.255. Number of nodes 23
EtherApe-INFO: 09:25:40.738: delete node: IP: 135.181.27.174. Number of nodes 22
EtherApe-INFO: 09:25:41.669: delete node: IP: 149.154.167.216. Number of nodes 21
EtherApe-INFO: 09:26:03.777: delete node: IP: 192.168.1.1. Number of nodes 20
EtherApe-INFO: 09:26:07.595: delete node: IP: 116.203.91.91. Number of nodes 19
EtherApe-INFO: 09:26:42.178: delete node: IP: 104.18.40.133. Number of nodes 18
EtherApe-INFO: 09:27:09.555: delete node: IP: 104.18.14.117. Number of nodes 17
EtherApe-INFO: 09:27:17.756: delete node: IP: 34.120.208.123. Number of nodes 16
EtherApe-INFO: 09:27:21.856: delete node: IP: 142.250.203.142. Number of nodes 15
EtherApe-INFO: 09:27:24.633: delete node: IP: 142.250.75.14. Number of nodes 14
EtherApe-INFO: 09:27:24.839: delete node: IP: 54.75.137.188. Number of nodes 13
EtherApe-INFO: 09:27:25.351: delete node: IP: 216.58.215.100. Number of nodes 12
EtherApe-INFO: 09:27:25.352: delete node: IP: 216.58.215.99. Number of nodes 11
EtherApe-INFO: 09:27:30.276: delete node: IP: 9.9.9.9. Number of nodes 10
EtherApe-INFO: 09:27:37.463: delete node: IP: 52.212.99.156. Number of nodes 9
EtherApe-INFO: 09:27:42.276: delete node: IP: 216.58.215.69. Number of nodes 8
EtherApe-INFO: 09:27:51.713: New node: IP: 142.250.203.133. Number of nodes 9
EtherApe-INFO: 09:29:03.393: New node: IP: 192.168.1.1. Number of nodes 10
EtherApe-INFO: 09:29:07.233: New node: IP: 9.9.9.9. Number of nodes 11
EtherApe-INFO: 09:29:07.233: New node: IP: 116.203.91.91. Number of nodes 12
EtherApe-INFO: 09:29:59.458: New node: IP: 142.250.75.1. Number of nodes 13
EtherApe-INFO: 09:30:00.993: New node: IP: 108.138.51.88. Number of nodes 14
EtherApe-INFO: 09:30:16.610: New node: IP: 54.74.73.31. Number of nodes 15
EtherApe-INFO: 09:30:20.195: New node: IP: 176.122.96.225. Number of nodes 16
EtherApe-INFO: 09:30:21.218: New node: IP: 149.255.128.1. Number of nodes 17
EtherApe-INFO: 09:30:21.220: New node: IP: 87.245.217.77. Number of nodes 18
EtherApe-INFO: 09:30:21.987: New node: IP: 149.154.167.216. Number of nodes 19
EtherApe-INFO: 09:30:26.349: New node: IP: 8.8.8.8. Number of nodes 20
EtherApe-INFO: 09:30:27.692: delete node: IP: 142.250.203.193. Number of nodes 19
EtherApe-INFO: 09:30:46.306: New node: IP: 100.20.3.157. Number of nodes 20
EtherApe-INFO: 09:31:03.808: delete node: IP: 192.168.1.1. Number of nodes 19
EtherApe-INFO: 09:31:07.337: delete node: IP: 116.203.91.91. Number of nodes 18
EtherApe-INFO: 09:31:11.394: New node: IP: 35.162.110.205. Number of nodes 19
EtherApe-INFO: 09:31:47.490: New node: IP: 45.57.90.1. Number of nodes 20
EtherApe-INFO: 09:31:47.746: New node: IP: 93.184.220.29. Number of nodes 21
EtherApe-INFO: 09:31:48.258: New node: IP: 52.211.179.103. Number of nodes 22
EtherApe-INFO: 09:31:50.305: New node: IP: 216.58.208.202. Number of nodes 23
EtherApe-INFO: 09:31:55.429: New node: IP: 139.45.205.11. Number of nodes 24
EtherApe-INFO: 09:31:59.798: delete node: IP: 142.250.75.1. Number of nodes 23
EtherApe-INFO: 09:32:03.108: New node: IP: 45.57.80.132. Number of nodes 24
EtherApe-INFO: 09:32:11.298: New node: IP: 34.120.208.123. Number of nodes 25
EtherApe-INFO: 09:32:15.652: New node: IP: 87.245.216.11. Number of nodes 26
EtherApe-INFO: 09:32:26.402: New node: IP: 172.64.147.123. Number of nodes 27
EtherApe-INFO: 09:32:26.410: delete node: IP: 8.8.8.8. Number of nodes 26
EtherApe-INFO: 09:32:38.705: delete node: IP: 149.154.167.216. Number of nodes 25
EtherApe-INFO: 09:32:43.575: delete node: IP: 142.250.203.133. Number of nodes 24
EtherApe-INFO: 09:32:47.137: New node: IP: 140.82.114.25. Number of nodes 25
EtherApe-INFO: 09:32:53.538: New node: IP: 216.58.215.69. Number of nodes 26
EtherApe-INFO: 09:32:59.171: New node: IP: 140.82.113.26. Number of nodes 27
EtherApe-INFO: 09:33:00.706: New node: IP: 149.154.167.216. Number of nodes 28
EtherApe-INFO: 09:33:13.354: delete node: IP: 35.162.110.205. Number of nodes 27
EtherApe-INFO: 09:33:42.194: delete node: IP: 100.20.3.157. Number of nodes 26
EtherApe-INFO: 09:34:02.177: delete node: IP: 45.57.90.1. Number of nodes 25
EtherApe-INFO: 09:34:03.425: New node: IP: 192.168.1.1. Number of nodes 26
EtherApe-INFO: 09:34:07.266: New node: IP: 116.203.91.91. Number of nodes 27
EtherApe-INFO: 09:34:08.594: delete node: IP: 108.138.51.88. Number of nodes 26
EtherApe-INFO: 09:34:15.258: delete node: IP: 139.45.205.11. Number of nodes 25
EtherApe-INFO: 09:34:15.258: delete node: IP: 87.245.217.77. Number of nodes 24
EtherApe-INFO: 09:34:18.025: delete node: IP: 176.122.96.225. Number of nodes 23
EtherApe-INFO: 09:34:18.025: delete node: IP: 149.255.128.1. Number of nodes 22
EtherApe-INFO: 09:34:18.025: delete node: IP: 45.57.80.132. Number of nodes 21
EtherApe-INFO: 09:34:52.124: delete node: IP: 140.82.114.25. Number of nodes 20
EtherApe-INFO: 09:35:08.706: New node: IP: 104.18.14.117. Number of nodes 21
EtherApe-INFO: 09:35:58.410: delete node: IP: 93.184.220.29. Number of nodes 20
EtherApe-INFO: 09:36:00.935: delete node: IP: 149.154.167.216. Number of nodes 19
EtherApe-INFO: 09:36:04.011: delete node: IP: 192.168.1.1. Number of nodes 18
EtherApe-INFO: 09:36:07.287: delete node: IP: 9.9.9.9. Number of nodes 17
EtherApe-INFO: 09:36:07.391: delete node: IP: 116.203.91.91. Number of nodes 16
EtherApe-INFO: 09:36:11.938: New node: IP: 35.162.110.205. Number of nodes 17
EtherApe-INFO: 09:36:39.915: delete node: IP: 52.211.179.103. Number of nodes 16
EtherApe-INFO: 09:36:40.458: delete node: IP: 216.58.208.202. Number of nodes 15
EtherApe-INFO: 09:37:02.640: delete node: IP: 34.120.208.123. Number of nodes 14
EtherApe-INFO: 09:37:09.046: delete node: IP: 104.18.14.117. Number of nodes 13
EtherApe-INFO: 09:37:11.332: New node: IP: 162.159.200.1. Number of nodes 14
EtherApe-INFO: 09:37:44.623: delete node: IP: 216.58.215.69. Number of nodes 13
EtherApe-INFO: 09:37:45.122: New node: IP: 216.58.208.202. Number of nodes 14
EtherApe-INFO: 09:37:54.594: New node: IP: 216.58.215.69. Number of nodes 15
EtherApe-INFO: 09:38:12.316: delete node: IP: 35.162.110.205. Number of nodes 14
EtherApe-INFO: 09:39:03.457: New node: IP: 192.168.1.1. Number of nodes 15
EtherApe-INFO: 09:39:07.042: New node: IP: 9.9.9.9. Number of nodes 16
EtherApe-INFO: 09:39:07.042: New node: IP: 116.203.91.91. Number of nodes 17
EtherApe-INFO: 09:39:11.465: delete node: IP: 162.159.200.1. Number of nodes 16
EtherApe-INFO: 09:39:46.233: delete node: IP: 216.58.208.202. Number of nodes 15
EtherApe-INFO: 09:40:31.058: delete node: IP: 87.245.216.11. Number of nodes 14
EtherApe-INFO: 09:41:03.849: delete node: IP: 192.168.1.1. Number of nodes 13
EtherApe-INFO: 09:41:08.963: delete node: IP: 116.203.91.91. Number of nodes 12
EtherApe-INFO: 09:41:08.963: delete node: IP: 9.9.9.9. Number of nodes 11
EtherApe-INFO: 09:41:12.225: New node: IP: 35.162.110.205. Number of nodes 12
EtherApe-INFO: 09:41:24.777: delete node: IP: 54.74.73.31. Number of nodes 11
EtherApe-INFO: 09:42:26.465: New node: IP: 87.245.216.11. Number of nodes 12
EtherApe-INFO: 09:42:48.830: delete node: IP: 216.58.215.69. Number of nodes 11
EtherApe-INFO: 09:42:55.650: New node: IP: 216.58.215.69. Number of nodes 12
EtherApe-INFO: 09:43:11.010: New node: IP: 149.154.167.216. Number of nodes 13
EtherApe-INFO: 09:43:13.085: delete node: IP: 35.162.110.205. Number of nodes 12
EtherApe-INFO: 09:44:03.490: New node: IP: 192.168.1.1. Number of nodes 13
EtherApe-INFO: 09:44:07.075: New node: IP: 9.9.9.9. Number of nodes 14
EtherApe-INFO: 09:44:07.078: New node: IP: 116.203.91.91. Number of nodes 15
EtherApe-INFO: 09:45:01.858: New node: IP: 108.138.51.88. Number of nodes 16
EtherApe-INFO: 09:45:09.538: New node: IP: 104.18.14.117. Number of nodes 17
EtherApe-INFO: 09:45:26.757: delete node: IP: 149.154.167.216. Number of nodes 16
EtherApe-INFO: 09:46:03.588: delete node: IP: 192.168.1.1. Number of nodes 15
EtherApe-INFO: 09:46:07.405: delete node: IP: 116.203.91.91. Number of nodes 14
EtherApe-INFO: 09:46:07.405: delete node: IP: 9.9.9.9. Number of nodes 13
EtherApe-INFO: 09:46:12.513: New node: IP: 35.162.110.205. Number of nodes 14
EtherApe-INFO: 09:47:09.912: delete node: IP: 104.18.14.117. Number of nodes 13
EtherApe-INFO: 09:47:46.751: delete node: IP: 216.58.215.69. Number of nodes 12
EtherApe-INFO: 09:47:56.200: New node: IP: 142.250.203.133. Number of nodes 13
EtherApe-INFO: 09:47:58.754: New node: IP: 216.58.208.202. Number of nodes 14
EtherApe-INFO: 09:48:13.861: delete node: IP: 35.162.110.205. Number of nodes 13
EtherApe-INFO: 09:48:58.742: delete node: IP: 108.138.51.88. Number of nodes 12
EtherApe-INFO: 09:49:03.521: New node: IP: 192.168.1.1. Number of nodes 13
EtherApe-INFO: 09:49:07.105: New node: IP: 9.9.9.9. Number of nodes 14
EtherApe-INFO: 09:49:07.105: New node: IP: 116.203.91.91. Number of nodes 15
EtherApe-INFO: 09:50:22.115: New node: IP: 108.138.51.16. Number of nodes 16
EtherApe-INFO: 09:50:45.411: New node: IP: 18.66.122.32. Number of nodes 17
EtherApe-INFO: 09:50:46.436: New node: IP: 52.222.236.25. Number of nodes 18
EtherApe-INFO: 09:50:46.691: New node: IP: 34.104.32.36. Number of nodes 19
EtherApe-INFO: 09:50:46.947: New node: IP: 16.16.33.144. Number of nodes 20
EtherApe-INFO: 09:51:00.780: New node: IP: 149.154.167.216. Number of nodes 21
EtherApe-INFO: 09:51:03.730: delete node: IP: 192.168.1.1. Number of nodes 20
EtherApe-INFO: 09:51:07.306: delete node: IP: 116.203.91.91. Number of nodes 19
EtherApe-INFO: 09:51:12.506: New node: IP: 35.162.110.205. Number of nodes 20
EtherApe-INFO: 09:52:00.425: delete node: IP: 216.58.208.202. Number of nodes 19
EtherApe-INFO: 09:52:47.761: delete node: IP: 142.250.203.133. Number of nodes 18
EtherApe-INFO: 09:52:47.761: delete node: IP: 108.138.51.16. Number of nodes 17
EtherApe-INFO: 09:52:47.761: delete node: IP: 9.9.9.9. Number of nodes 16
EtherApe-INFO: 09:52:49.822: delete node: IP: 87.245.216.11. Number of nodes 15
EtherApe-INFO: 09:52:57.194: New node: IP: 142.250.203.133. Number of nodes 16
EtherApe-INFO: 09:53:12.910: delete node: IP: 35.162.110.205. Number of nodes 15
EtherApe-INFO: 09:53:48.909: delete node: IP: 16.16.33.144. Number of nodes 14
EtherApe-INFO: 09:53:49.734: delete node: IP: 149.154.167.216. Number of nodes 13
EtherApe-INFO: 09:54:03.498: New node: IP: 192.168.1.1. Number of nodes 14
EtherApe-INFO: 09:54:06.826: New node: IP: 216.58.208.202. Number of nodes 15
EtherApe-INFO: 09:54:07.098: New node: IP: 9.9.9.9. Number of nodes 16
EtherApe-INFO: 09:54:07.101: New node: IP: 116.203.91.91. Number of nodes 17
EtherApe-INFO: 09:54:15.530: New node: IP: 162.159.200.1. Number of nodes 18
EtherApe-INFO: 09:54:45.312: delete node: IP: 52.222.236.25. Number of nodes 17
EtherApe-INFO: 09:54:51.643: New node: IP: 149.154.167.216. Number of nodes 18
EtherApe-INFO: 09:55:09.801: New node: IP: 104.18.14.117. Number of nodes 19
EtherApe-INFO: 09:55:37.976: delete node: IP: 18.66.122.32. Number of nodes 18
EtherApe-INFO: 09:56:03.646: delete node: IP: 192.168.1.1. Number of nodes 17
EtherApe-INFO: 09:56:07.158: delete node: IP: 9.9.9.9. Number of nodes 16
EtherApe-INFO: 09:56:07.270: delete node: IP: 116.203.91.91. Number of nodes 15
EtherApe-INFO: 09:56:12.777: New node: IP: 35.162.110.205. Number of nodes 16
EtherApe-INFO: 09:56:15.675: delete node: IP: 162.159.200.1. Number of nodes 15
EtherApe-INFO: 09:57:10.427: delete node: IP: 104.18.14.117. Number of nodes 14
EtherApe-INFO: 09:57:48.868: delete node: IP: 142.250.203.133. Number of nodes 13
EtherApe-INFO: 09:57:57.738: New node: IP: 142.250.203.133. Number of nodes 14
EtherApe-INFO: 09:58:13.143: delete node: IP: 35.162.110.205. Number of nodes 13
