(etherape:1644): GLib-GIO-DEBUG: 00:37:00.000: _g_io_module_get_default: Found default implementation local (GLocalVfs) for ‘gio-vfs’
(etherape:1644): GLib-GIO-DEBUG: 00:37:00.275: Using cross-namespace EXTERNAL authentication (this will deadlock if server is GDBus < 2.73.3)
EtherApe-INFO: 00:37:00.353: sctp protocol not supported
EtherApe-INFO: 00:37:00.353: dccp protocol not supported
EtherApe-INFO: 00:37:00.353: sctp protocol not supported
EtherApe-INFO: 00:37:00.353: sctp protocol not supported
EtherApe-INFO: 00:37:00.353: sctp protocol not supported
EtherApe-INFO: 00:37:00.353: sctp protocol not supported
EtherApe-INFO: 00:37:00.353: sctp protocol not supported
EtherApe-INFO: 00:37:00.354: sctp protocol not supported
EtherApe-INFO: 00:37:00.354: sctp protocol not supported
EtherApe-INFO: 00:37:00.354: dccp protocol not supported
EtherApe-INFO: 00:37:00.354: sctp protocol not supported
EtherApe-INFO: 00:37:00.354: dccp protocol not supported
EtherApe-INFO: 00:37:00.354: dccp protocol not supported
EtherApe-INFO: 00:37:00.355: sctp protocol not supported
EtherApe-INFO: 00:37:00.355: sctp protocol not supported
EtherApe-INFO: 00:37:00.355: sctp protocol not supported
EtherApe-INFO: 00:37:00.356: sctp protocol not supported
EtherApe-INFO: 00:37:00.356: sctp protocol not supported
EtherApe-INFO: 00:37:00.358: sctp protocol not supported
EtherApe-INFO: 00:37:00.358: sctp protocol not supported
EtherApe-INFO: 00:37:00.358: sctp protocol not supported
EtherApe-INFO: 00:37:00.358: sctp protocol not supported
EtherApe-INFO: 00:37:00.358: sctp protocol not supported
EtherApe-INFO: 00:37:00.359: sctp protocol not supported
EtherApe-INFO: 00:37:00.359: sctp protocol not supported
EtherApe-INFO: 00:37:00.359: sctp protocol not supported
EtherApe-INFO: 00:37:00.360: sctp protocol not supported
EtherApe-INFO: 00:37:00.360: sctp protocol not supported
EtherApe-INFO: 00:37:00.360: dccp protocol not supported
EtherApe-INFO: 00:37:00.360: sctp protocol not supported
EtherApe-INFO: 00:37:00.360: sctp protocol not supported
EtherApe-INFO: 00:37:00.360: dccp protocol not supported
EtherApe-INFO: 00:37:00.360: sctp protocol not supported
EtherApe-INFO: 00:37:00.361: sctp protocol not supported
EtherApe-INFO: 00:37:00.361: sctp protocol not supported
EtherApe-INFO: 00:37:00.361: dccp protocol not supported
EtherApe-INFO: 00:37:00.361: dccp protocol not supported
EtherApe-INFO: 00:37:00.361: sctp protocol not supported
EtherApe-INFO: 00:37:00.361: sctp protocol not supported
EtherApe-INFO: 00:37:00.361: sctp protocol not supported
EtherApe-INFO: 00:37:00.361: sctp protocol not supported
EtherApe-INFO: 00:37:00.361: sctp protocol not supported
EtherApe-INFO: 00:37:00.361: sctp protocol not supported
EtherApe-INFO: 00:37:00.361: sctp protocol not supported
EtherApe-INFO: 00:37:00.362: sctp protocol not supported
EtherApe-INFO: 00:37:00.362: sctp protocol not supported
EtherApe-INFO: 00:37:00.362: sctp protocol not supported
EtherApe-INFO: 00:37:00.362: sctp protocol not supported
EtherApe-INFO: 00:37:00.362: sctp protocol not supported
EtherApe-INFO: 00:37:00.362: sctp protocol not supported
EtherApe-INFO: 00:37:00.362: sctp protocol not supported
EtherApe-INFO: 00:37:00.362: sctp protocol not supported
EtherApe-INFO: 00:37:00.362: sctp protocol not supported
EtherApe-INFO: 00:37:00.362: sctp protocol not supported
EtherApe-INFO: 00:37:00.362: sctp protocol not supported
EtherApe-INFO: 00:37:00.362: sctp protocol not supported
EtherApe-INFO: 00:37:00.362: sctp protocol not supported
EtherApe-INFO: 00:37:00.362: dccp protocol not supported
EtherApe-INFO: 00:37:00.362: sctp protocol not supported
EtherApe-INFO: 00:37:00.362: sctp protocol not supported
EtherApe-INFO: 00:37:00.363: sctp protocol not supported
EtherApe-INFO: 00:37:00.363: sctp protocol not supported
EtherApe-INFO: 00:37:00.363: sctp protocol not supported
EtherApe-INFO: 00:37:00.363: sctp protocol not supported
EtherApe-INFO: 00:37:00.363: sctp protocol not supported
EtherApe-INFO: 00:37:00.363: sctp protocol not supported
EtherApe-INFO: 00:37:00.364: sctp protocol not supported
EtherApe-INFO: 00:37:00.364: sctp protocol not supported
EtherApe-INFO: 00:37:00.364: sctp protocol not supported
EtherApe-INFO: 00:37:00.364: sctp protocol not supported
EtherApe-INFO: 00:37:00.364: sctp protocol not supported
EtherApe-INFO: 00:37:00.364: sctp protocol not supported
EtherApe-INFO: 00:37:00.364: sctp protocol not supported
EtherApe-INFO: 00:37:00.364: sctp protocol not supported
EtherApe-INFO: 00:37:00.364: sctp protocol not supported
EtherApe-INFO: 00:37:00.364: sctp protocol not supported
EtherApe-INFO: 00:37:00.365: sctp protocol not supported
EtherApe-INFO: 00:37:00.365: sctp protocol not supported
EtherApe-INFO: 00:37:00.365: sctp protocol not supported
EtherApe-INFO: 00:37:00.365: sctp protocol not supported
EtherApe-INFO: 00:37:00.365: sctp protocol not supported
EtherApe-INFO: 00:37:00.365: sctp protocol not supported
EtherApe-INFO: 00:37:00.365: sctp protocol not supported
EtherApe-INFO: 00:37:00.365: sctp protocol not supported
EtherApe-INFO: 00:37:00.365: sctp protocol not supported
EtherApe-INFO: 00:37:00.365: sctp protocol not supported
EtherApe-INFO: 00:37:00.365: sctp protocol not supported
EtherApe-INFO: 00:37:00.365: sctp protocol not supported
EtherApe-INFO: 00:37:00.365: sctp protocol not supported
EtherApe-INFO: 00:37:00.365: sctp protocol not supported
EtherApe-INFO: 00:37:00.365: sctp protocol not supported
EtherApe-INFO: 00:37:00.366: sctp protocol not supported
EtherApe-INFO: 00:37:00.366: sctp protocol not supported
EtherApe-INFO: 00:37:00.366: sctp protocol not supported
EtherApe-INFO: 00:37:00.377: get_interface result: ''
EtherApe-INFO: 00:37:00.378: Available interfaces for capture: dbus-session dbus-system nfqueue nflog bluetooth-monitor bluetooth0 lo any wlp2s0
EtherApe-INFO: 00:37:00.379: Link type is LINUX_SLL
EtherApe-INFO: 00:37:00.379: Diagram started
EtherApe-INFO: 00:37:07.804: New node: IP: 192.168.1.250. Number of nodes 1
EtherApe-INFO: 00:37:07.805: New node: IP: 149.154.167.41. Number of nodes 2
EtherApe-INFO: 00:37:08.060: New node: IP: 8.8.8.8. Number of nodes 3
EtherApe-INFO: 00:37:16.764: New node: IP: 149.154.167.50. Number of nodes 4
EtherApe-INFO: 00:37:19.580: New node: IP: 62.149.2.7. Number of nodes 5
EtherApe-INFO: 00:37:27.260: New node: IP: 104.16.248.249. Number of nodes 6
EtherApe-INFO: 00:37:28.798: New node: IP: 34.107.221.82. Number of nodes 7
EtherApe-INFO: 00:37:29.314: New node: IP: 34.160.144.191. Number of nodes 8
EtherApe-INFO: 00:37:29.565: New node: IP: 34.120.208.123. Number of nodes 9
EtherApe-INFO: 00:37:29.568: New node: IP: 2.21.173.91. Number of nodes 10
EtherApe-INFO: 00:37:29.570: New node: IP: 2.21.173.112. Number of nodes 11
EtherApe-INFO: 00:37:29.825: New node: IP: 52.38.146.2. Number of nodes 12
EtherApe-INFO: 00:37:30.078: New node: IP: 34.102.187.140. Number of nodes 13
EtherApe-INFO: 00:37:30.339: New node: IP: 93.184.220.29. Number of nodes 14
EtherApe-INFO: 00:37:30.591: New node: IP: 54.148.165.50. Number of nodes 15
EtherApe-INFO: 00:37:30.591: New node: IP: 34.214.139.174. Number of nodes 16
EtherApe-INFO: 00:37:30.593: New node: IP: 44.238.39.101. Number of nodes 17
EtherApe-INFO: 00:37:30.593: New node: IP: 108.138.17.61. Number of nodes 18
EtherApe-INFO: 00:37:30.598: New node: IP: 104.17.50.74. Number of nodes 19
EtherApe-INFO: 00:37:30.849: New node: IP: 104.17.49.74. Number of nodes 20
EtherApe-INFO: 00:37:30.853: New node: IP: 34.160.26.51. Number of nodes 21
EtherApe-INFO: 00:37:31.110: New node: IP: 142.250.203.142. Number of nodes 22
EtherApe-INFO: 00:37:31.357: New node: IP: 142.250.186.195. Number of nodes 23
EtherApe-INFO: 00:37:31.360: New node: IP: 91.132.137.75. Number of nodes 24
EtherApe-INFO: 00:37:40.063: New node: IP: 1.1.1.1. Number of nodes 25
EtherApe-INFO: 00:37:54.661: New node: IP: 192.168.0.1. Number of nodes 26
EtherApe-INFO: 00:38:00.293: New node: IP: 192.168.0.157. Number of nodes 27
EtherApe-INFO: 00:38:01.310: New node: IP: 192.168.0.218. Number of nodes 28
EtherApe-INFO: 00:38:27.437: New node: IP: 3.122.47.55. Number of nodes 29
EtherApe-INFO: 00:38:31.293: New node: IP: 3.127.160.74. Number of nodes 30
EtherApe-INFO: 00:39:19.693: delete node: IP: 62.149.2.7. Number of nodes 29
EtherApe-INFO: 00:39:27.837: New node: IP: 62.149.2.7. Number of nodes 30
EtherApe-INFO: 00:39:30.927: delete node: IP: 104.17.49.74. Number of nodes 29
EtherApe-INFO: 00:39:30.927: delete node: IP: 52.38.146.2. Number of nodes 28
EtherApe-INFO: 00:39:31.271: delete node: IP: 34.160.26.51. Number of nodes 27
EtherApe-INFO: 00:39:40.179: delete node: IP: 1.1.1.1. Number of nodes 26
EtherApe-INFO: 00:39:55.335: delete node: IP: 192.168.0.1. Number of nodes 25
EtherApe-INFO: 00:40:01.186: delete node: IP: 192.168.0.157. Number of nodes 24
EtherApe-INFO: 00:40:01.628: delete node: IP: 192.168.0.218. Number of nodes 23
EtherApe-INFO: 00:40:11.936: delete node: IP: 34.214.139.174. Number of nodes 22
EtherApe-INFO: 00:40:21.855: New node: IP: 192.168.1.1. Number of nodes 23
EtherApe-INFO: 00:40:22.110: New node: IP: 95.216.195.133. Number of nodes 24
EtherApe-INFO: 00:40:31.926: delete node: IP: 54.148.165.50. Number of nodes 23
EtherApe-INFO: 00:40:32.151: delete node: IP: 44.238.39.101. Number of nodes 22
EtherApe-INFO: 00:41:24.858: delete node: IP: 34.107.221.82. Number of nodes 21
EtherApe-INFO: 00:41:27.227: delete node: IP: 142.250.186.195. Number of nodes 20
EtherApe-INFO: 00:41:27.227: delete node: IP: 93.184.220.29. Number of nodes 19
EtherApe-INFO: 00:41:27.227: delete node: IP: 2.21.173.112. Number of nodes 18
EtherApe-INFO: 00:41:27.228: delete node: IP: 2.21.173.91. Number of nodes 17
EtherApe-INFO: 00:41:27.988: delete node: IP: 62.149.2.7. Number of nodes 16
EtherApe-INFO: 00:42:20.152: delete node: IP: 34.160.144.191. Number of nodes 15
EtherApe-INFO: 00:42:21.761: delete node: IP: 142.250.203.142. Number of nodes 14
EtherApe-INFO: 00:42:21.762: delete node: IP: 108.138.17.61. Number of nodes 13
EtherApe-INFO: 00:42:21.762: delete node: IP: 34.120.208.123. Number of nodes 12
EtherApe-INFO: 00:42:21.762: delete node: IP: 34.102.187.140. Number of nodes 11
EtherApe-INFO: 00:42:22.195: delete node: IP: 192.168.1.1. Number of nodes 10
EtherApe-INFO: 00:42:22.195: delete node: IP: 95.216.195.133. Number of nodes 9
EtherApe-INFO: 00:42:22.738: delete node: IP: 104.17.50.74. Number of nodes 8
EtherApe-INFO: 00:42:30.876: New node: IP: 52.38.146.2. Number of nodes 9
EtherApe-INFO: 00:43:37.473: delete node: IP: 3.122.47.55. Number of nodes 8
EtherApe-INFO: 00:43:44.077: New node: IP: 62.149.2.7. Number of nodes 9
EtherApe-INFO: 00:44:31.266: delete node: IP: 52.38.146.2. Number of nodes 8
EtherApe-INFO: 00:45:21.868: New node: IP: 192.168.1.1. Number of nodes 9
EtherApe-INFO: 00:45:22.128: New node: IP: 95.216.195.133. Number of nodes 10
EtherApe-INFO: 00:45:44.748: delete node: IP: 62.149.2.7. Number of nodes 9
EtherApe-INFO: 00:47:22.177: delete node: IP: 192.168.1.1. Number of nodes 8
EtherApe-INFO: 00:47:23.801: delete node: IP: 95.216.195.133. Number of nodes 7
EtherApe-INFO: 00:47:30.861: New node: IP: 52.38.146.2. Number of nodes 8
EtherApe-INFO: 00:47:37.872: delete node: IP: 3.127.160.74. Number of nodes 7
EtherApe-INFO: 00:48:00.301: New node: IP: 62.149.2.7. Number of nodes 8
EtherApe-INFO: 00:49:31.237: delete node: IP: 52.38.146.2. Number of nodes 7
EtherApe-INFO: 00:50:00.710: delete node: IP: 62.149.2.7. Number of nodes 6
EtherApe-INFO: 00:50:21.868: New node: IP: 192.168.1.1. Number of nodes 7
EtherApe-INFO: 00:50:22.126: New node: IP: 95.216.195.133. Number of nodes 8
EtherApe-INFO: 00:52:22.011: delete node: IP: 192.168.1.1. Number of nodes 7
EtherApe-INFO: 00:52:22.228: delete node: IP: 95.216.195.133. Number of nodes 6
EtherApe-INFO: 00:52:31.148: New node: IP: 52.38.146.2. Number of nodes 7
EtherApe-INFO: 00:54:31.507: delete node: IP: 52.38.146.2. Number of nodes 6
EtherApe-INFO: 00:55:21.900: New node: IP: 192.168.1.1. Number of nodes 7
EtherApe-INFO: 00:55:22.157: New node: IP: 95.216.195.133. Number of nodes 8
EtherApe-INFO: 00:56:32.556: New node: IP: 62.149.2.7. Number of nodes 9
EtherApe-INFO: 00:57:22.044: delete node: IP: 192.168.1.1. Number of nodes 8
EtherApe-INFO: 00:57:22.261: delete node: IP: 95.216.195.133. Number of nodes 7
EtherApe-INFO: 00:57:31.436: New node: IP: 52.38.146.2. Number of nodes 8
EtherApe-INFO: 00:58:32.651: delete node: IP: 62.149.2.7. Number of nodes 7
EtherApe-INFO: 00:59:31.572: delete node: IP: 52.38.146.2. Number of nodes 6
EtherApe-INFO: 01:00:21.932: New node: IP: 192.168.1.1. Number of nodes 7
EtherApe-INFO: 01:00:22.189: New node: IP: 95.216.195.133. Number of nodes 8
EtherApe-INFO: 01:02:22.336: delete node: IP: 192.168.1.1. Number of nodes 7
EtherApe-INFO: 01:02:22.336: delete node: IP: 95.216.195.133. Number of nodes 6
EtherApe-INFO: 01:02:31.471: New node: IP: 52.38.146.2. Number of nodes 7
EtherApe-INFO: 01:04:32.086: delete node: IP: 52.38.146.2. Number of nodes 6
EtherApe-INFO: 01:05:04.812: New node: IP: 62.149.2.7. Number of nodes 7
EtherApe-INFO: 01:05:21.965: New node: IP: 192.168.1.1. Number of nodes 8
EtherApe-INFO: 01:05:21.967: New node: IP: 95.216.195.133. Number of nodes 9
EtherApe-INFO: 01:07:05.227: delete node: IP: 62.149.2.7. Number of nodes 8
EtherApe-INFO: 01:07:22.042: delete node: IP: 192.168.1.1. Number of nodes 7
EtherApe-INFO: 01:07:22.361: delete node: IP: 95.216.195.133. Number of nodes 6
EtherApe-INFO: 01:07:30.988: New node: IP: 52.38.146.2. Number of nodes 7
EtherApe-INFO: 01:07:51.776: delete node: IP: 104.16.248.249. Number of nodes 6
EtherApe-INFO: 01:09:32.129: delete node: IP: 52.38.146.2. Number of nodes 5
EtherApe-INFO: 01:10:21.996: New node: IP: 192.168.1.1. Number of nodes 6
EtherApe-INFO: 01:10:21.998: New node: IP: 95.216.195.133. Number of nodes 7
EtherApe-INFO: 01:12:22.102: delete node: IP: 192.168.1.1. Number of nodes 6
EtherApe-INFO: 01:12:23.163: delete node: IP: 95.216.195.133. Number of nodes 5
EtherApe-INFO: 01:12:23.852: New node: IP: 149.154.167.216. Number of nodes 6
EtherApe-INFO: 01:12:31.789: New node: IP: 52.38.146.2. Number of nodes 7
EtherApe-INFO: 01:14:32.643: delete node: IP: 52.38.146.2. Number of nodes 6
EtherApe-INFO: 01:14:39.538: delete node: IP: 149.154.167.216. Number of nodes 5
EtherApe-INFO: 01:15:22.028: New node: IP: 192.168.1.1. Number of nodes 6
EtherApe-INFO: 01:15:22.030: New node: IP: 95.216.195.133. Number of nodes 7
EtherApe-INFO: 01:17:22.162: delete node: IP: 192.168.1.1. Number of nodes 6
EtherApe-INFO: 01:17:22.687: delete node: IP: 95.216.195.133. Number of nodes 5
EtherApe-INFO: 01:17:32.076: New node: IP: 52.38.146.2. Number of nodes 6
EtherApe-INFO: 01:19:32.426: delete node: IP: 52.38.146.2. Number of nodes 5
EtherApe-INFO: 01:20:21.809: New node: IP: 192.168.1.1. Number of nodes 6
EtherApe-INFO: 01:20:22.063: New node: IP: 95.216.195.133. Number of nodes 7
EtherApe-INFO: 01:22:09.070: New node: IP: 62.149.2.7. Number of nodes 8
EtherApe-INFO: 01:22:22.215: delete node: IP: 192.168.1.1. Number of nodes 7
EtherApe-INFO: 01:22:22.430: delete node: IP: 95.216.195.133. Number of nodes 6
EtherApe-INFO: 01:22:32.366: New node: IP: 52.38.146.2. Number of nodes 7
EtherApe-INFO: 01:24:09.140: delete node: IP: 62.149.2.7. Number of nodes 6
EtherApe-INFO: 01:24:32.475: delete node: IP: 52.38.146.2. Number of nodes 5
EtherApe-INFO: 01:25:21.850: New node: IP: 192.168.1.1. Number of nodes 6
EtherApe-INFO: 01:25:22.100: New node: IP: 95.216.195.133. Number of nodes 7
EtherApe-INFO: 01:27:22.240: delete node: IP: 192.168.1.1. Number of nodes 6
EtherApe-INFO: 01:27:22.240: delete node: IP: 95.216.195.133. Number of nodes 5
EtherApe-INFO: 01:27:32.416: New node: IP: 52.38.146.2. Number of nodes 6
EtherApe-INFO: 01:29:07.891: New node: IP: 34.120.208.123. Number of nodes 7
EtherApe-INFO: 01:29:32.779: delete node: IP: 52.38.146.2. Number of nodes 6
EtherApe-INFO: 01:30:21.868: New node: IP: 192.168.1.1. Number of nodes 7
EtherApe-INFO: 01:30:22.125: New node: IP: 95.216.195.133. Number of nodes 8
EtherApe-INFO: 01:31:08.463: delete node: IP: 34.120.208.123. Number of nodes 7
EtherApe-INFO: 01:32:22.270: delete node: IP: 192.168.1.1. Number of nodes 6
EtherApe-INFO: 01:32:22.270: delete node: IP: 95.216.195.133. Number of nodes 5
EtherApe-INFO: 01:32:32.684: New node: IP: 52.38.146.2. Number of nodes 6
EtherApe-INFO: 01:34:33.065: delete node: IP: 52.38.146.2. Number of nodes 5
EtherApe-INFO: 01:35:21.902: New node: IP: 192.168.1.1. Number of nodes 6
EtherApe-INFO: 01:35:22.157: New node: IP: 95.216.195.133. Number of nodes 7
EtherApe-INFO: 01:37:22.306: delete node: IP: 192.168.1.1. Number of nodes 6
EtherApe-INFO: 01:37:22.306: delete node: IP: 95.216.195.133. Number of nodes 5
EtherApe-INFO: 01:37:31.181: New node: IP: 52.38.146.2. Number of nodes 6
EtherApe-INFO: 01:39:33.334: delete node: IP: 52.38.146.2. Number of nodes 5
EtherApe-INFO: 01:40:21.932: New node: IP: 192.168.1.1. Number of nodes 6
EtherApe-INFO: 01:40:22.188: New node: IP: 95.216.195.133. Number of nodes 7
EtherApe-INFO: 01:42:22.200: delete node: IP: 192.168.1.1. Number of nodes 6
EtherApe-INFO: 01:42:22.305: delete node: IP: 95.216.195.133. Number of nodes 5
EtherApe-INFO: 01:42:33.005: New node: IP: 52.38.146.2. Number of nodes 6
EtherApe-INFO: 01:44:33.413: delete node: IP: 52.38.146.2. Number of nodes 5
EtherApe-INFO: 01:45:21.973: New node: IP: 192.168.1.1. Number of nodes 6
EtherApe-INFO: 01:45:21.995: New node: IP: 95.216.195.133. Number of nodes 7
EtherApe-INFO: 01:47:22.648: delete node: IP: 192.168.1.1. Number of nodes 6
EtherApe-INFO: 01:47:22.649: delete node: IP: 95.216.195.133. Number of nodes 5
EtherApe-INFO: 01:47:33.293: New node: IP: 52.38.146.2. Number of nodes 6
EtherApe-INFO: 01:49:33.664: delete node: IP: 52.38.146.2. Number of nodes 5
EtherApe-INFO: 01:50:21.997: New node: IP: 192.168.1.1. Number of nodes 6
EtherApe-INFO: 01:50:21.998: New node: IP: 95.216.195.133. Number of nodes 7
EtherApe-INFO: 01:52:22.887: delete node: IP: 192.168.1.1. Number of nodes 6
EtherApe-INFO: 01:52:22.887: delete node: IP: 95.216.195.133. Number of nodes 5
EtherApe-INFO: 01:52:33.580: New node: IP: 52.38.146.2. Number of nodes 6
EtherApe-INFO: 01:54:33.733: delete node: IP: 52.38.146.2. Number of nodes 5
EtherApe-INFO: 01:55:22.028: New node: IP: 192.168.1.1. Number of nodes 6
EtherApe-INFO: 01:55:22.029: New node: IP: 95.216.195.133. Number of nodes 7
EtherApe-INFO: 01:56:17.324: New node: IP: 62.149.2.7. Number of nodes 8
EtherApe-INFO: 01:57:23.136: delete node: IP: 192.168.1.1. Number of nodes 7
EtherApe-INFO: 01:57:23.136: delete node: IP: 95.216.195.133. Number of nodes 6
EtherApe-INFO: 01:57:33.677: New node: IP: 52.38.146.2. Number of nodes 7
EtherApe-INFO: 01:58:17.398: delete node: IP: 62.149.2.7. Number of nodes 6
EtherApe-INFO: 01:59:33.945: delete node: IP: 52.38.146.2. Number of nodes 5
EtherApe-INFO: 02:00:21.804: New node: IP: 192.168.1.1. Number of nodes 6
EtherApe-INFO: 02:00:22.063: New node: IP: 95.216.195.133. Number of nodes 7
EtherApe-INFO: 02:02:23.181: delete node: IP: 192.168.1.1. Number of nodes 6
EtherApe-INFO: 02:02:23.181: delete node: IP: 95.216.195.133. Number of nodes 5
EtherApe-INFO: 02:02:33.900: New node: IP: 52.38.146.2. Number of nodes 6
EtherApe-INFO: 02:04:33.993: delete node: IP: 52.38.146.2. Number of nodes 5
EtherApe-INFO: 02:05:21.836: New node: IP: 192.168.1.1. Number of nodes 6
EtherApe-INFO: 02:05:22.093: New node: IP: 95.216.195.133. Number of nodes 7
EtherApe-INFO: 02:05:36.177: New node: IP: 3.127.160.74. Number of nodes 8
EtherApe-INFO: 02:05:36.177: New node: IP: 3.122.47.55. Number of nodes 9
EtherApe-INFO: 02:06:23.789: New node: IP: 149.154.167.216. Number of nodes 10
EtherApe-INFO: 02:07:21.938: delete node: IP: 192.168.1.1. Number of nodes 9
EtherApe-INFO: 02:07:22.690: delete node: IP: 95.216.195.133. Number of nodes 8
EtherApe-INFO: 02:07:33.932: New node: IP: 52.38.146.2. Number of nodes 9
EtherApe-INFO: 02:07:43.951: delete node: IP: 3.122.47.55. Number of nodes 8
EtherApe-INFO: 02:09:24.301: delete node: IP: 149.154.167.216. Number of nodes 7
EtherApe-INFO: 02:09:34.527: delete node: IP: 52.38.146.2. Number of nodes 6
EtherApe-INFO: 02:10:21.868: New node: IP: 192.168.1.1. Number of nodes 7
EtherApe-INFO: 02:10:22.125: New node: IP: 95.216.195.133. Number of nodes 8
EtherApe-INFO: 02:10:35.181: New node: IP: 3.122.47.55. Number of nodes 9
EtherApe-INFO: 02:11:08.461: New node: IP: 89.187.191.12. Number of nodes 10
EtherApe-INFO: 02:11:23.821: New node: IP: 95.216.144.15. Number of nodes 11
EtherApe-INFO: 02:12:25.806: delete node: IP: 192.168.1.1. Number of nodes 10
EtherApe-INFO: 02:12:25.806: delete node: IP: 95.216.195.133. Number of nodes 9
EtherApe-INFO: 02:12:33.965: New node: IP: 52.38.146.2. Number of nodes 10
EtherApe-INFO: 02:13:23.175: delete node: IP: 89.187.191.12. Number of nodes 9
EtherApe-INFO: 02:13:24.472: delete node: IP: 95.216.144.15. Number of nodes 8
EtherApe-INFO: 02:14:05.100: New node: IP: 149.154.167.216. Number of nodes 9
EtherApe-INFO: 02:14:34.819: delete node: IP: 52.38.146.2. Number of nodes 8
EtherApe-INFO: 02:15:21.908: New node: IP: 192.168.1.1. Number of nodes 9
EtherApe-INFO: 02:15:22.157: New node: IP: 95.216.195.133. Number of nodes 10
EtherApe-INFO: 02:16:38.519: delete node: IP: 149.154.167.216. Number of nodes 9
EtherApe-INFO: 02:17:23.316: delete node: IP: 192.168.1.1. Number of nodes 8
EtherApe-INFO: 02:17:23.316: delete node: IP: 95.216.195.133. Number of nodes 7
EtherApe-INFO: 02:17:34.252: New node: IP: 52.38.146.2. Number of nodes 8
EtherApe-INFO: 02:19:34.628: delete node: IP: 52.38.146.2. Number of nodes 7
EtherApe-INFO: 02:20:02.479: New node: IP: 34.120.208.123. Number of nodes 8
EtherApe-INFO: 02:20:21.932: New node: IP: 192.168.1.1. Number of nodes 9
EtherApe-INFO: 02:20:22.189: New node: IP: 95.216.195.133. Number of nodes 10
EtherApe-INFO: 02:22:04.903: delete node: IP: 34.120.208.123. Number of nodes 9
EtherApe-INFO: 02:22:23.539: delete node: IP: 192.168.1.1. Number of nodes 8
EtherApe-INFO: 02:22:23.539: delete node: IP: 95.216.195.133. Number of nodes 7
EtherApe-INFO: 02:22:34.540: New node: IP: 52.38.146.2. Number of nodes 8
EtherApe-INFO: 02:24:34.656: delete node: IP: 52.38.146.2. Number of nodes 7
EtherApe-INFO: 02:25:21.964: New node: IP: 192.168.1.1. Number of nodes 8
EtherApe-INFO: 02:25:22.222: New node: IP: 95.216.195.133. Number of nodes 9
EtherApe-INFO: 02:27:22.073: delete node: IP: 192.168.1.1. Number of nodes 8
EtherApe-INFO: 02:27:22.607: delete node: IP: 95.216.195.133. Number of nodes 7
EtherApe-INFO: 02:27:34.574: New node: IP: 52.38.146.2. Number of nodes 8
EtherApe-INFO: 02:29:34.991: delete node: IP: 52.38.146.2. Number of nodes 7
EtherApe-INFO: 02:30:21.996: New node: IP: 192.168.1.1. Number of nodes 8
EtherApe-INFO: 02:30:21.996: New node: IP: 95.216.195.133. Number of nodes 9
EtherApe-INFO: 02:30:25.580: New node: IP: 62.149.2.7. Number of nodes 10
EtherApe-INFO: 02:32:06.655: New node: IP: 1.1.1.1. Number of nodes 11
EtherApe-INFO: 02:32:23.375: delete node: IP: 192.168.1.1. Number of nodes 10
EtherApe-INFO: 02:32:23.375: delete node: IP: 95.216.195.133. Number of nodes 9
EtherApe-INFO: 02:32:25.627: delete node: IP: 62.149.2.7. Number of nodes 8
EtherApe-INFO: 02:32:33.788: New node: IP: 52.38.146.2. Number of nodes 9
EtherApe-INFO: 02:34:07.276: delete node: IP: 1.1.1.1. Number of nodes 8
EtherApe-INFO: 02:34:35.403: delete node: IP: 52.38.146.2. Number of nodes 7
EtherApe-INFO: 02:35:21.981: New node: IP: 192.168.1.1. Number of nodes 8
EtherApe-INFO: 02:35:21.982: New node: IP: 95.216.195.133. Number of nodes 9
EtherApe-INFO: 02:37:22.395: delete node: IP: 192.168.1.1. Number of nodes 8
EtherApe-INFO: 02:37:22.395: delete node: IP: 95.216.195.133. Number of nodes 7
EtherApe-INFO: 02:37:35.101: New node: IP: 52.38.146.2. Number of nodes 8
EtherApe-INFO: 02:39:35.690: delete node: IP: 52.38.146.2. Number of nodes 7
EtherApe-INFO: 02:39:53.341: New node: IP: 192.168.0.1. Number of nodes 8
EtherApe-INFO: 02:40:18.172: New node: IP: 1.1.1.1. Number of nodes 9
EtherApe-INFO: 02:40:21.244: New node: IP: 9.9.9.9. Number of nodes 10
EtherApe-INFO: 02:40:22.012: New node: IP: 192.168.1.1. Number of nodes 11
EtherApe-INFO: 02:40:29.948: New node: IP: 149.154.175.100. Number of nodes 12
EtherApe-INFO: 02:40:37.884: New node: IP: 149.154.167.92. Number of nodes 13
EtherApe-INFO: 02:40:45.820: New node: IP: 91.108.56.145. Number of nodes 14
EtherApe-INFO: 02:40:53.756: New node: IP: 149.154.175.57. Number of nodes 15
EtherApe-INFO: 02:40:53.756: New node: IP: 149.154.175.54. Number of nodes 16
EtherApe-INFO: 02:41:47.779: delete node: IP: 3.122.47.55. Number of nodes 15
EtherApe-INFO: 02:41:51.370: delete node: IP: 3.127.160.74. Number of nodes 14
EtherApe-INFO: 02:41:53.766: delete node: IP: 192.168.0.1. Number of nodes 13
EtherApe-INFO: 02:42:03.900: New node: IP: 149.154.167.91. Number of nodes 14
EtherApe-INFO: 02:42:11.837: New node: IP: 91.108.56.188. Number of nodes 15
EtherApe-INFO: 02:42:21.572: New node: IP: 72.4.120.219. Number of nodes 16
EtherApe-INFO: 02:42:21.829: delete node: IP: 192.168.1.1. Number of nodes 15
EtherApe-INFO: 02:42:34.366: New node: IP: 3.127.160.74. Number of nodes 16
EtherApe-INFO: 02:42:34.624: New node: IP: 89.187.191.12. Number of nodes 17
EtherApe-INFO: 02:42:39.486: New node: IP: 95.216.144.15. Number of nodes 18
EtherApe-INFO: 02:42:57.155: New node: IP: 95.216.195.133. Number of nodes 19
EtherApe-INFO: 02:44:03.054: delete node: IP: 149.154.175.100. Number of nodes 18
EtherApe-INFO: 02:44:05.085: delete node: IP: 149.154.167.92. Number of nodes 17
EtherApe-INFO: 02:44:10.910: delete node: IP: 149.154.167.91. Number of nodes 16
EtherApe-INFO: 02:44:12.935: delete node: IP: 91.108.56.145. Number of nodes 15
EtherApe-INFO: 02:44:18.375: delete node: IP: 149.154.175.57. Number of nodes 14
EtherApe-INFO: 02:44:18.375: delete node: IP: 149.154.175.54. Number of nodes 13
EtherApe-INFO: 02:44:18.375: delete node: IP: 91.108.56.188. Number of nodes 12
EtherApe-INFO: 02:44:21.696: delete node: IP: 1.1.1.1. Number of nodes 11
EtherApe-INFO: 02:44:21.902: delete node: IP: 9.9.9.9. Number of nodes 10
EtherApe-INFO: 02:44:29.586: delete node: IP: 72.4.120.219. Number of nodes 9
EtherApe-INFO: 02:44:38.530: delete node: IP: 3.127.160.74. Number of nodes 8
EtherApe-INFO: 02:44:39.376: delete node: IP: 89.187.191.12. Number of nodes 7
EtherApe-INFO: 02:44:40.125: delete node: IP: 95.216.144.15. Number of nodes 6
EtherApe-INFO: 02:44:57.570: delete node: IP: 95.216.195.133. Number of nodes 5
EtherApe-INFO: 02:45:22.044: New node: IP: 192.168.1.1. Number of nodes 6
EtherApe-INFO: 02:47:22.674: delete node: IP: 192.168.1.1. Number of nodes 5
EtherApe-INFO: 02:47:52.829: New node: IP: 52.38.146.2. Number of nodes 6
EtherApe-INFO: 02:47:57.181: New node: IP: 95.216.195.133. Number of nodes 7
EtherApe-INFO: 02:49:57.085: delete node: IP: 52.38.146.2. Number of nodes 6
EtherApe-INFO: 02:49:57.509: delete node: IP: 95.216.195.133. Number of nodes 5
EtherApe-INFO: 02:50:21.821: New node: IP: 192.168.1.1. Number of nodes 6
EtherApe-INFO: 02:52:22.737: delete node: IP: 192.168.1.1. Number of nodes 5
EtherApe-INFO: 02:52:57.213: New node: IP: 95.216.195.133. Number of nodes 6
EtherApe-INFO: 02:54:58.910: delete node: IP: 95.216.195.133. Number of nodes 5
EtherApe-INFO: 02:55:21.853: New node: IP: 192.168.1.1. Number of nodes 6
EtherApe-INFO: 02:57:21.976: delete node: IP: 192.168.1.1. Number of nodes 5
EtherApe-INFO: 02:57:56.989: New node: IP: 95.216.195.133. Number of nodes 6
EtherApe-INFO: 02:59:53.468: New node: IP: 149.154.167.255. Number of nodes 7
EtherApe-INFO: 02:59:57.394: delete node: IP: 95.216.195.133. Number of nodes 6
EtherApe-INFO: 03:00:08.572: New node: IP: 149.154.167.216. Number of nodes 7
EtherApe-INFO: 03:00:21.884: New node: IP: 192.168.1.1. Number of nodes 8
EtherApe-INFO: 03:01:37.916: New node: IP: 3.127.160.74. Number of nodes 9
EtherApe-INFO: 03:02:21.973: delete node: IP: 192.168.1.1. Number of nodes 8
EtherApe-INFO: 03:02:26.576: delete node: IP: 149.154.167.255. Number of nodes 7
EtherApe-INFO: 03:02:26.576: delete node: IP: 149.154.167.216. Number of nodes 6
EtherApe-INFO: 03:02:57.024: New node: IP: 95.216.195.133. Number of nodes 7
EtherApe-INFO: 03:04:01.802: delete node: IP: 3.127.160.74. Number of nodes 6
EtherApe-INFO: 03:04:33.788: New node: IP: 62.149.2.7. Number of nodes 7
EtherApe-INFO: 03:04:58.706: delete node: IP: 95.216.195.133. Number of nodes 6
EtherApe-INFO: 03:05:21.917: New node: IP: 192.168.1.1. Number of nodes 7
EtherApe-INFO: 03:06:34.409: delete node: IP: 62.149.2.7. Number of nodes 6
EtherApe-INFO: 03:07:22.009: delete node: IP: 192.168.1.1. Number of nodes 5
EtherApe-INFO: 03:07:57.060: New node: IP: 95.216.195.133. Number of nodes 6
EtherApe-INFO: 03:09:57.364: delete node: IP: 95.216.195.133. Number of nodes 5
EtherApe-INFO: 03:10:21.876: New node: IP: 192.168.1.1. Number of nodes 6
EtherApe-INFO: 03:12:22.273: delete node: IP: 192.168.1.1. Number of nodes 5
EtherApe-INFO: 03:12:57.014: New node: IP: 95.216.195.133. Number of nodes 6
EtherApe-INFO: 03:14:57.414: delete node: IP: 95.216.195.133. Number of nodes 5
EtherApe-INFO: 03:15:21.909: New node: IP: 192.168.1.1. Number of nodes 6
EtherApe-INFO: 03:17:22.036: delete node: IP: 192.168.1.1. Number of nodes 5
EtherApe-INFO: 03:17:57.044: New node: IP: 95.216.195.133. Number of nodes 6
EtherApe-INFO: 03:19:22.548: New node: IP: 142.250.203.141. Number of nodes 7
EtherApe-INFO: 03:19:22.804: New node: IP: 142.250.186.195. Number of nodes 8
EtherApe-INFO: 03:19:23.572: New node: IP: 104.17.49.74. Number of nodes 9
EtherApe-INFO: 03:19:23.829: New node: IP: 35.188.42.15. Number of nodes 10
EtherApe-INFO: 03:19:23.830: New node: IP: 216.58.215.78. Number of nodes 11
EtherApe-INFO: 03:19:24.084: New node: IP: 216.58.209.10. Number of nodes 12
EtherApe-INFO: 03:19:24.341: New node: IP: 216.58.208.202. Number of nodes 13
EtherApe-INFO: 03:19:24.853: New node: IP: 224.0.0.22. Number of nodes 14
EtherApe-INFO: 03:19:24.854: New node: IP: 64.233.162.188. Number of nodes 15
EtherApe-INFO: 03:19:24.859: New node: IP: 216.58.215.68. Number of nodes 16
EtherApe-INFO: 03:19:24.861: New node: IP: 142.250.186.206. Number of nodes 17
EtherApe-INFO: 03:19:25.111: New node: IP: 216.58.215.67. Number of nodes 18
EtherApe-INFO: 03:19:25.376: New node: IP: 216.58.209.1. Number of nodes 19
EtherApe-INFO: 03:19:25.566: New node: IP: 216.58.209.3. Number of nodes 20
EtherApe-INFO: 03:19:25.848: New node: IP: 172.217.16.10. Number of nodes 21
EtherApe-INFO: 03:19:26.541: New node: IP: 52.214.181.141. Number of nodes 22
EtherApe-INFO: 03:19:26.551: New node: IP: 216.58.208.206. Number of nodes 23
EtherApe-INFO: 03:19:26.801: New node: IP: 45.57.90.1. Number of nodes 24
EtherApe-INFO: 03:19:26.801: New node: IP: 104.16.148.64. Number of nodes 25
EtherApe-INFO: 03:19:27.067: New node: IP: 172.64.146.158. Number of nodes 26
EtherApe-INFO: 03:19:27.834: New node: IP: 3.211.64.201. Number of nodes 27
EtherApe-INFO: 03:19:28.333: New node: IP: 142.250.75.3. Number of nodes 28
EtherApe-INFO: 03:19:57.328: delete node: IP: 95.216.195.133. Number of nodes 27
EtherApe-INFO: 03:20:17.998: New node: IP: 104.18.15.117. Number of nodes 28
EtherApe-INFO: 03:20:18.006: New node: IP: 216.58.209.14. Number of nodes 29
EtherApe-INFO: 03:20:18.166: New node: IP: 193.34.169.9. Number of nodes 30
EtherApe-INFO: 03:20:19.263: New node: IP: 188.114.97.13. Number of nodes 31
EtherApe-INFO: 03:20:19.520: New node: IP: 142.250.203.142. Number of nodes 32
EtherApe-INFO: 03:20:21.820: New node: IP: 192.168.1.1. Number of nodes 33
EtherApe-INFO: 03:21:27.672: delete node: IP: 216.58.209.1. Number of nodes 32
EtherApe-INFO: 03:22:20.937: delete node: IP: 216.58.215.78. Number of nodes 31
EtherApe-INFO: 03:22:20.937: delete node: IP: 216.58.215.67. Number of nodes 30
EtherApe-INFO: 03:22:20.937: delete node: IP: 216.58.209.14. Number of nodes 29
EtherApe-INFO: 03:22:20.937: delete node: IP: 216.58.209.10. Number of nodes 28
EtherApe-INFO: 03:22:20.937: delete node: IP: 216.58.209.3. Number of nodes 27
EtherApe-INFO: 03:22:20.937: delete node: IP: 216.58.208.206. Number of nodes 26
EtherApe-INFO: 03:22:20.937: delete node: IP: 216.58.208.202. Number of nodes 25
EtherApe-INFO: 03:22:20.937: delete node: IP: 193.34.169.9. Number of nodes 24
EtherApe-INFO: 03:22:20.937: delete node: IP: 188.114.97.13. Number of nodes 23
EtherApe-INFO: 03:22:20.937: delete node: IP: 172.217.16.10. Number of nodes 22
EtherApe-INFO: 03:22:20.937: delete node: IP: 172.64.146.158. Number of nodes 21
EtherApe-INFO: 03:22:20.937: delete node: IP: 142.250.203.142. Number of nodes 20
EtherApe-INFO: 03:22:20.937: delete node: IP: 142.250.203.141. Number of nodes 19
EtherApe-INFO: 03:22:20.937: delete node: IP: 142.250.186.206. Number of nodes 18
EtherApe-INFO: 03:22:20.937: delete node: IP: 142.250.186.195. Number of nodes 17
EtherApe-INFO: 03:22:20.937: delete node: IP: 142.250.75.3. Number of nodes 16
EtherApe-INFO: 03:22:20.937: delete node: IP: 104.18.15.117. Number of nodes 15
EtherApe-INFO: 03:22:20.937: delete node: IP: 104.17.49.74. Number of nodes 14
EtherApe-INFO: 03:22:20.937: delete node: IP: 104.16.148.64. Number of nodes 13
EtherApe-INFO: 03:22:20.937: delete node: IP: 64.233.162.188. Number of nodes 12
EtherApe-INFO: 03:22:20.937: delete node: IP: 52.214.181.141. Number of nodes 11
EtherApe-INFO: 03:22:20.937: delete node: IP: 45.57.90.1. Number of nodes 10
EtherApe-INFO: 03:22:20.937: delete node: IP: 35.188.42.15. Number of nodes 9
EtherApe-INFO: 03:22:20.937: delete node: IP: 3.211.64.201. Number of nodes 8
EtherApe-INFO: 03:22:21.965: delete node: IP: 224.0.0.22. Number of nodes 7
EtherApe-INFO: 03:22:21.965: delete node: IP: 192.168.1.1. Number of nodes 6
EtherApe-INFO: 03:22:50.300: New node: IP: 3.127.160.74. Number of nodes 7
EtherApe-INFO: 03:22:57.212: New node: IP: 95.216.195.133. Number of nodes 8
EtherApe-INFO: 03:23:18.222: delete node: IP: 216.58.215.68. Number of nodes 7
EtherApe-INFO: 03:24:57.547: delete node: IP: 95.216.195.133. Number of nodes 6
EtherApe-INFO: 03:25:14.445: delete node: IP: 3.127.160.74. Number of nodes 5
EtherApe-INFO: 03:25:21.852: New node: IP: 192.168.1.1. Number of nodes 6
EtherApe-INFO: 03:26:44.284: New node: IP: 3.127.160.74. Number of nodes 7
EtherApe-INFO: 03:27:23.452: delete node: IP: 192.168.1.1. Number of nodes 6
EtherApe-INFO: 03:27:56.988: New node: IP: 95.216.195.133. Number of nodes 7
EtherApe-INFO: 03:29:05.601: delete node: IP: 3.127.160.74. Number of nodes 6
EtherApe-INFO: 03:29:58.941: delete node: IP: 95.216.195.133. Number of nodes 5
EtherApe-INFO: 03:30:21.884: New node: IP: 192.168.1.1. Number of nodes 6
EtherApe-INFO: 03:32:21.977: delete node: IP: 192.168.1.1. Number of nodes 5
EtherApe-INFO: 03:32:57.022: New node: IP: 95.216.195.133. Number of nodes 6
EtherApe-INFO: 03:34:57.357: delete node: IP: 95.216.195.133. Number of nodes 5
EtherApe-INFO: 03:35:21.916: New node: IP: 192.168.1.1. Number of nodes 6
EtherApe-INFO: 03:36:12.860: New node: IP: 149.154.167.216. Number of nodes 7
EtherApe-INFO: 03:37:22.505: delete node: IP: 192.168.1.1. Number of nodes 6
EtherApe-INFO: 03:37:57.053: New node: IP: 95.216.195.133. Number of nodes 7
EtherApe-INFO: 03:38:28.353: delete node: IP: 149.154.167.216. Number of nodes 6
EtherApe-INFO: 03:38:41.852: New node: IP: 62.149.2.7. Number of nodes 7
EtherApe-INFO: 03:39:57.438: delete node: IP: 95.216.195.133. Number of nodes 6
EtherApe-INFO: 03:40:21.948: New node: IP: 192.168.1.1. Number of nodes 7
EtherApe-INFO: 03:40:42.190: delete node: IP: 62.149.2.7. Number of nodes 6
EtherApe-INFO: 03:41:08.284: New node: IP: 95.216.144.15. Number of nodes 7
EtherApe-INFO: 03:42:22.546: delete node: IP: 192.168.1.1. Number of nodes 6
EtherApe-INFO: 03:42:57.096: New node: IP: 95.216.195.133. Number of nodes 7
EtherApe-INFO: 03:43:10.414: delete node: IP: 95.216.144.15. Number of nodes 6
EtherApe-INFO: 03:44:13.628: New node: IP: 95.216.144.15. Number of nodes 7
EtherApe-INFO: 03:44:57.495: delete node: IP: 95.216.195.133. Number of nodes 6
EtherApe-INFO: 03:45:21.980: New node: IP: 192.168.1.1. Number of nodes 7
EtherApe-INFO: 03:47:16.220: delete node: IP: 95.216.144.15. Number of nodes 6
EtherApe-INFO: 03:47:22.089: delete node: IP: 192.168.1.1. Number of nodes 5
EtherApe-INFO: 03:47:57.121: New node: IP: 95.216.195.133. Number of nodes 6
EtherApe-INFO: 03:48:43.964: New node: IP: 95.216.144.15. Number of nodes 7
EtherApe-INFO: 03:49:57.484: delete node: IP: 95.216.195.133. Number of nodes 6
EtherApe-INFO: 03:50:22.012: New node: IP: 192.168.1.1. Number of nodes 7
EtherApe-INFO: 03:51:20.160: delete node: IP: 95.216.144.15. Number of nodes 6
EtherApe-INFO: 03:52:22.124: delete node: IP: 192.168.1.1. Number of nodes 5
EtherApe-INFO: 03:52:57.156: New node: IP: 95.216.195.133. Number of nodes 6
EtherApe-INFO: 03:54:57.542: delete node: IP: 95.216.195.133. Number of nodes 5
EtherApe-INFO: 03:55:22.053: New node: IP: 192.168.1.1. Number of nodes 6
EtherApe-INFO: 03:57:22.208: delete node: IP: 192.168.1.1. Number of nodes 5
EtherApe-INFO: 03:57:57.188: New node: IP: 95.216.195.133. Number of nodes 6
