(etherape:9618): GLib-GIO-DEBUG: 23:11:27.855: _g_io_module_get_default: Found default implementation local (GLocalVfs) for ‘gio-vfs’
EtherApe-INFO: 23:11:27.959: sctp protocol not supported
EtherApe-INFO: 23:11:27.959: dccp protocol not supported
EtherApe-INFO: 23:11:27.959: sctp protocol not supported
EtherApe-INFO: 23:11:27.959: sctp protocol not supported
EtherApe-INFO: 23:11:27.959: sctp protocol not supported
EtherApe-INFO: 23:11:27.959: sctp protocol not supported
EtherApe-INFO: 23:11:27.959: sctp protocol not supported
EtherApe-INFO: 23:11:27.959: sctp protocol not supported
EtherApe-INFO: 23:11:27.959: sctp protocol not supported
EtherApe-INFO: 23:11:27.959: dccp protocol not supported
EtherApe-INFO: 23:11:27.959: sctp protocol not supported
EtherApe-INFO: 23:11:27.959: dccp protocol not supported
EtherApe-INFO: 23:11:27.959: dccp protocol not supported
EtherApe-INFO: 23:11:27.959: sctp protocol not supported
EtherApe-INFO: 23:11:27.960: sctp protocol not supported
EtherApe-INFO: 23:11:27.960: sctp protocol not supported
EtherApe-INFO: 23:11:27.960: sctp protocol not supported
EtherApe-INFO: 23:11:27.960: sctp protocol not supported
EtherApe-INFO: 23:11:27.961: sctp protocol not supported
EtherApe-INFO: 23:11:27.961: sctp protocol not supported
EtherApe-INFO: 23:11:27.961: sctp protocol not supported
EtherApe-INFO: 23:11:27.961: sctp protocol not supported
EtherApe-INFO: 23:11:27.961: sctp protocol not supported
EtherApe-INFO: 23:11:27.962: sctp protocol not supported
EtherApe-INFO: 23:11:27.962: sctp protocol not supported
EtherApe-INFO: 23:11:27.962: sctp protocol not supported
EtherApe-INFO: 23:11:27.962: sctp protocol not supported
EtherApe-INFO: 23:11:27.962: sctp protocol not supported
EtherApe-INFO: 23:11:27.962: dccp protocol not supported
EtherApe-INFO: 23:11:27.963: sctp protocol not supported
EtherApe-INFO: 23:11:27.963: sctp protocol not supported
EtherApe-INFO: 23:11:27.963: dccp protocol not supported
EtherApe-INFO: 23:11:27.963: sctp protocol not supported
EtherApe-INFO: 23:11:27.963: sctp protocol not supported
EtherApe-INFO: 23:11:27.963: sctp protocol not supported
EtherApe-INFO: 23:11:27.963: dccp protocol not supported
EtherApe-INFO: 23:11:27.963: dccp protocol not supported
EtherApe-INFO: 23:11:27.963: sctp protocol not supported
EtherApe-INFO: 23:11:27.963: sctp protocol not supported
EtherApe-INFO: 23:11:27.963: sctp protocol not supported
EtherApe-INFO: 23:11:27.963: sctp protocol not supported
EtherApe-INFO: 23:11:27.963: sctp protocol not supported
EtherApe-INFO: 23:11:27.963: sctp protocol not supported
EtherApe-INFO: 23:11:27.963: sctp protocol not supported
EtherApe-INFO: 23:11:27.963: sctp protocol not supported
EtherApe-INFO: 23:11:27.963: sctp protocol not supported
EtherApe-INFO: 23:11:27.963: sctp protocol not supported
EtherApe-INFO: 23:11:27.963: sctp protocol not supported
EtherApe-INFO: 23:11:27.963: sctp protocol not supported
EtherApe-INFO: 23:11:27.963: sctp protocol not supported
EtherApe-INFO: 23:11:27.963: sctp protocol not supported
EtherApe-INFO: 23:11:27.963: sctp protocol not supported
EtherApe-INFO: 23:11:27.963: sctp protocol not supported
EtherApe-INFO: 23:11:27.963: sctp protocol not supported
EtherApe-INFO: 23:11:27.963: sctp protocol not supported
EtherApe-INFO: 23:11:27.963: sctp protocol not supported
EtherApe-INFO: 23:11:27.963: sctp protocol not supported
EtherApe-INFO: 23:11:27.963: dccp protocol not supported
EtherApe-INFO: 23:11:27.963: sctp protocol not supported
EtherApe-INFO: 23:11:27.963: sctp protocol not supported
EtherApe-INFO: 23:11:27.963: sctp protocol not supported
EtherApe-INFO: 23:11:27.964: sctp protocol not supported
EtherApe-INFO: 23:11:27.964: sctp protocol not supported
EtherApe-INFO: 23:11:27.964: sctp protocol not supported
EtherApe-INFO: 23:11:27.964: sctp protocol not supported
EtherApe-INFO: 23:11:27.964: sctp protocol not supported
EtherApe-INFO: 23:11:27.964: sctp protocol not supported
EtherApe-INFO: 23:11:27.964: sctp protocol not supported
EtherApe-INFO: 23:11:27.964: sctp protocol not supported
EtherApe-INFO: 23:11:27.964: sctp protocol not supported
EtherApe-INFO: 23:11:27.964: sctp protocol not supported
EtherApe-INFO: 23:11:27.964: sctp protocol not supported
EtherApe-INFO: 23:11:27.964: sctp protocol not supported
EtherApe-INFO: 23:11:27.964: sctp protocol not supported
EtherApe-INFO: 23:11:27.964: sctp protocol not supported
EtherApe-INFO: 23:11:27.964: sctp protocol not supported
EtherApe-INFO: 23:11:27.964: sctp protocol not supported
EtherApe-INFO: 23:11:27.964: sctp protocol not supported
EtherApe-INFO: 23:11:27.964: sctp protocol not supported
EtherApe-INFO: 23:11:27.964: sctp protocol not supported
EtherApe-INFO: 23:11:27.964: sctp protocol not supported
EtherApe-INFO: 23:11:27.965: sctp protocol not supported
EtherApe-INFO: 23:11:27.965: sctp protocol not supported
EtherApe-INFO: 23:11:27.965: sctp protocol not supported
EtherApe-INFO: 23:11:27.965: sctp protocol not supported
EtherApe-INFO: 23:11:27.965: sctp protocol not supported
EtherApe-INFO: 23:11:27.965: sctp protocol not supported
EtherApe-INFO: 23:11:27.965: sctp protocol not supported
EtherApe-INFO: 23:11:27.965: sctp protocol not supported
EtherApe-INFO: 23:11:27.965: sctp protocol not supported
EtherApe-INFO: 23:11:27.965: sctp protocol not supported
EtherApe-INFO: 23:11:27.965: sctp protocol not supported
EtherApe-INFO: 23:11:27.965: sctp protocol not supported
EtherApe-INFO: 23:11:27.965: sctp protocol not supported
EtherApe-INFO: 23:11:27.972: get_interface result: ''
EtherApe-INFO: 23:11:27.972: Available interfaces for capture: dbus-session dbus-system nfqueue nflog bluetooth-monitor bluetooth0 wlp2s0 lo any enp0s20f0u1
EtherApe-INFO: 23:11:27.991: Link type is LINUX_SLL
EtherApe-INFO: 23:11:27.991: Diagram started
EtherApe-INFO: 23:11:29.577: New node: IP: 192.168.1.217. Number of nodes 1
EtherApe-INFO: 23:11:29.577: New node: IP: 95.217.230.91. Number of nodes 2
EtherApe-INFO: 23:11:30.111: New node: IP: 149.154.167.51. Number of nodes 3
EtherApe-INFO: 23:11:30.377: New node: IP: 104.16.248.249. Number of nodes 4
EtherApe-INFO: 23:11:30.911: New node: IP: 8.8.8.8. Number of nodes 5
EtherApe-INFO: 23:11:35.177: New node: IP: 93.184.220.29. Number of nodes 6
EtherApe-INFO: 23:11:35.178: New node: IP: 1.1.1.1. Number of nodes 7
EtherApe-INFO: 23:11:36.777: New node: IP: 149.154.167.50. Number of nodes 8
EtherApe-INFO: 23:11:39.977: New node: IP: 216.58.215.74. Number of nodes 9
EtherApe-INFO: 23:12:10.377: New node: IP: 142.250.203.133. Number of nodes 10
EtherApe-INFO: 23:12:10.378: New node: IP: 172.217.20.163. Number of nodes 11
EtherApe-INFO: 23:12:22.911: New node: IP: 52.33.112.155. Number of nodes 12
EtherApe-INFO: 23:12:24.778: New node: IP: 35.186.227.140. Number of nodes 13
EtherApe-INFO: 23:12:29.849: New node: IP: 108.138.17.68. Number of nodes 14
EtherApe-INFO: 23:12:39.181: New node: IP: 95.216.195.133. Number of nodes 15
EtherApe-INFO: 23:12:40.514: New node: IP: 54.189.35.180. Number of nodes 16
EtherApe-INFO: 23:12:45.577: New node: IP: 194.28.86.238. Number of nodes 17
EtherApe-INFO: 23:13:00.511: New node: IP: 149.154.167.223. Number of nodes 18
EtherApe-INFO: 23:13:14.112: New node: IP: 142.250.186.197. Number of nodes 19
EtherApe-INFO: 23:13:30.377: New node: IP: 216.58.215.106. Number of nodes 20
EtherApe-INFO: 23:13:35.537: delete node: IP: 1.1.1.1. Number of nodes 19
EtherApe-INFO: 23:14:20.254: delete node: IP: 93.184.220.29. Number of nodes 18
EtherApe-INFO: 23:14:40.249: delete node: IP: 95.216.195.133. Number of nodes 17
EtherApe-INFO: 23:14:43.814: delete node: IP: 54.189.35.180. Number of nodes 16
EtherApe-INFO: 23:14:47.178: New node: IP: 151.101.2.49. Number of nodes 17
EtherApe-INFO: 23:15:04.575: delete node: IP: 142.250.203.133. Number of nodes 16
EtherApe-INFO: 23:15:08.247: New node: IPv6: fe80::86d8:1bff:fe8a:3173. Number of nodes 17
EtherApe-INFO: 23:15:08.247: New node: IPv6: ff02::1. Number of nodes 18
EtherApe-INFO: 23:15:09.044: New node: IP: 31.172.141.230. Number of nodes 19
EtherApe-INFO: 23:15:16.322: delete node: IP: 149.154.167.223. Number of nodes 18
EtherApe-INFO: 23:15:29.400: delete node: IP: 52.33.112.155. Number of nodes 17
EtherApe-INFO: 23:15:30.666: delete node: IP: 216.58.215.106. Number of nodes 16
EtherApe-INFO: 23:16:03.504: delete node: IP: 194.28.86.238. Number of nodes 15
EtherApe-INFO: 23:16:14.645: New node: IP: 35.155.169.38. Number of nodes 16
