(etherape:2204): GLib-GIO-DEBUG: 09:57:51.227: _g_io_module_get_default: Found default implementation local (GLocalVfs) for ‘gio-vfs’
(etherape:2204): GLib-GIO-DEBUG: 09:57:51.262: Using cross-namespace EXTERNAL authentication (this will deadlock if server is GDBus < 2.73.3)
EtherApe-INFO: 09:57:51.295: sctp protocol not supported
EtherApe-INFO: 09:57:51.295: dccp protocol not supported
EtherApe-INFO: 09:57:51.295: sctp protocol not supported
EtherApe-INFO: 09:57:51.295: sctp protocol not supported
EtherApe-INFO: 09:57:51.295: sctp protocol not supported
EtherApe-INFO: 09:57:51.295: sctp protocol not supported
EtherApe-INFO: 09:57:51.296: sctp protocol not supported
EtherApe-INFO: 09:57:51.296: sctp protocol not supported
EtherApe-INFO: 09:57:51.296: sctp protocol not supported
EtherApe-INFO: 09:57:51.296: dccp protocol not supported
EtherApe-INFO: 09:57:51.296: sctp protocol not supported
EtherApe-INFO: 09:57:51.296: dccp protocol not supported
EtherApe-INFO: 09:57:51.296: dccp protocol not supported
EtherApe-INFO: 09:57:51.296: sctp protocol not supported
EtherApe-INFO: 09:57:51.296: sctp protocol not supported
EtherApe-INFO: 09:57:51.296: sctp protocol not supported
EtherApe-INFO: 09:57:51.297: sctp protocol not supported
EtherApe-INFO: 09:57:51.297: sctp protocol not supported
EtherApe-INFO: 09:57:51.297: sctp protocol not supported
EtherApe-INFO: 09:57:51.297: sctp protocol not supported
EtherApe-INFO: 09:57:51.297: sctp protocol not supported
EtherApe-INFO: 09:57:51.297: sctp protocol not supported
EtherApe-INFO: 09:57:51.297: sctp protocol not supported
EtherApe-INFO: 09:57:51.297: sctp protocol not supported
EtherApe-INFO: 09:57:51.298: sctp protocol not supported
EtherApe-INFO: 09:57:51.298: sctp protocol not supported
EtherApe-INFO: 09:57:51.298: sctp protocol not supported
EtherApe-INFO: 09:57:51.298: sctp protocol not supported
EtherApe-INFO: 09:57:51.298: dccp protocol not supported
EtherApe-INFO: 09:57:51.298: sctp protocol not supported
EtherApe-INFO: 09:57:51.298: sctp protocol not supported
EtherApe-INFO: 09:57:51.298: dccp protocol not supported
EtherApe-INFO: 09:57:51.298: sctp protocol not supported
EtherApe-INFO: 09:57:51.298: sctp protocol not supported
EtherApe-INFO: 09:57:51.298: sctp protocol not supported
EtherApe-INFO: 09:57:51.298: dccp protocol not supported
EtherApe-INFO: 09:57:51.298: dccp protocol not supported
EtherApe-INFO: 09:57:51.298: sctp protocol not supported
EtherApe-INFO: 09:57:51.298: sctp protocol not supported
EtherApe-INFO: 09:57:51.298: sctp protocol not supported
EtherApe-INFO: 09:57:51.298: sctp protocol not supported
EtherApe-INFO: 09:57:51.298: sctp protocol not supported
EtherApe-INFO: 09:57:51.298: sctp protocol not supported
EtherApe-INFO: 09:57:51.298: sctp protocol not supported
EtherApe-INFO: 09:57:51.298: sctp protocol not supported
EtherApe-INFO: 09:57:51.298: sctp protocol not supported
EtherApe-INFO: 09:57:51.298: sctp protocol not supported
EtherApe-INFO: 09:57:51.298: sctp protocol not supported
EtherApe-INFO: 09:57:51.298: sctp protocol not supported
EtherApe-INFO: 09:57:51.298: sctp protocol not supported
EtherApe-INFO: 09:57:51.298: sctp protocol not supported
EtherApe-INFO: 09:57:51.298: sctp protocol not supported
EtherApe-INFO: 09:57:51.298: sctp protocol not supported
EtherApe-INFO: 09:57:51.298: sctp protocol not supported
EtherApe-INFO: 09:57:51.298: sctp protocol not supported
EtherApe-INFO: 09:57:51.298: sctp protocol not supported
EtherApe-INFO: 09:57:51.298: sctp protocol not supported
EtherApe-INFO: 09:57:51.298: dccp protocol not supported
EtherApe-INFO: 09:57:51.298: sctp protocol not supported
EtherApe-INFO: 09:57:51.298: sctp protocol not supported
EtherApe-INFO: 09:57:51.298: sctp protocol not supported
EtherApe-INFO: 09:57:51.299: sctp protocol not supported
EtherApe-INFO: 09:57:51.299: sctp protocol not supported
EtherApe-INFO: 09:57:51.299: sctp protocol not supported
EtherApe-INFO: 09:57:51.299: sctp protocol not supported
EtherApe-INFO: 09:57:51.299: sctp protocol not supported
EtherApe-INFO: 09:57:51.299: sctp protocol not supported
EtherApe-INFO: 09:57:51.299: sctp protocol not supported
EtherApe-INFO: 09:57:51.299: sctp protocol not supported
EtherApe-INFO: 09:57:51.299: sctp protocol not supported
EtherApe-INFO: 09:57:51.299: sctp protocol not supported
EtherApe-INFO: 09:57:51.299: sctp protocol not supported
EtherApe-INFO: 09:57:51.299: sctp protocol not supported
EtherApe-INFO: 09:57:51.299: sctp protocol not supported
EtherApe-INFO: 09:57:51.299: sctp protocol not supported
EtherApe-INFO: 09:57:51.299: sctp protocol not supported
EtherApe-INFO: 09:57:51.299: sctp protocol not supported
EtherApe-INFO: 09:57:51.299: sctp protocol not supported
EtherApe-INFO: 09:57:51.299: sctp protocol not supported
EtherApe-INFO: 09:57:51.299: sctp protocol not supported
EtherApe-INFO: 09:57:51.299: sctp protocol not supported
EtherApe-INFO: 09:57:51.299: sctp protocol not supported
EtherApe-INFO: 09:57:51.299: sctp protocol not supported
EtherApe-INFO: 09:57:51.299: sctp protocol not supported
EtherApe-INFO: 09:57:51.299: sctp protocol not supported
EtherApe-INFO: 09:57:51.299: sctp protocol not supported
EtherApe-INFO: 09:57:51.299: sctp protocol not supported
EtherApe-INFO: 09:57:51.299: sctp protocol not supported
EtherApe-INFO: 09:57:51.299: sctp protocol not supported
EtherApe-INFO: 09:57:51.299: sctp protocol not supported
EtherApe-INFO: 09:57:51.299: sctp protocol not supported
EtherApe-INFO: 09:57:51.299: sctp protocol not supported
EtherApe-INFO: 09:57:51.299: sctp protocol not supported
EtherApe-INFO: 09:57:51.299: sctp protocol not supported
EtherApe-INFO: 09:57:51.299: sctp protocol not supported
EtherApe-INFO: 09:57:51.299: sctp protocol not supported
EtherApe-INFO: 09:57:51.312: get_interface result: ''
EtherApe-INFO: 09:57:51.313: Available interfaces for capture: dbus-session dbus-system nfqueue nflog bluetooth-monitor enp9s0 lo any enp5s0
EtherApe-INFO: 09:57:51.313: Link type is LINUX_SLL
EtherApe-INFO: 09:57:51.313: Diagram started
EtherApe-INFO: 09:57:51.567: New node: IP: 127.0.0.1. Number of nodes 1
EtherApe-INFO: 09:57:52.079: New node: IP: 0.0.0.0. Number of nodes 2
EtherApe-INFO: 09:57:52.079: New node: IP: 255.255.255.255. Number of nodes 3
EtherApe-INFO: 09:58:23.823: New node: IP: 195.64.182.160. Number of nodes 4
EtherApe-INFO: 09:58:23.823: New node: IP: 149.154.167.41. Number of nodes 5
EtherApe-INFO: 09:58:23.823: New node: IP: 149.154.167.50. Number of nodes 6
EtherApe-INFO: 09:58:23.823: New node: IP: 91.108.56.145. Number of nodes 7
EtherApe-INFO: 09:58:23.823: New node: IP: 91.108.56.188. Number of nodes 8
EtherApe-INFO: 09:58:23.824: New node: IP: 149.154.175.100. Number of nodes 9
EtherApe-INFO: 09:58:23.824: New node: IP: 208.67.222.222. Number of nodes 10
EtherApe-INFO: 09:58:25.359: New node: IP: 239.255.255.250. Number of nodes 11
EtherApe-INFO: 09:58:26.127: New node: IP: 149.154.175.57. Number of nodes 12
EtherApe-INFO: 09:58:26.127: New node: IP: 149.154.175.54. Number of nodes 13
EtherApe-INFO: 09:58:26.127: New node: IP: 149.154.175.50. Number of nodes 14
EtherApe-INFO: 09:58:28.431: New node: IP: 224.0.0.251. Number of nodes 15
EtherApe-INFO: 09:58:28.431: New node: IP: 224.0.0.22. Number of nodes 16
EtherApe-INFO: 09:58:28.943: New node: IP: 208.67.220.220. Number of nodes 17
EtherApe-INFO: 09:58:29.711: New node: IP: 142.250.186.196. Number of nodes 18
EtherApe-INFO: 09:58:29.711: New node: IP: 172.217.163.195. Number of nodes 19
EtherApe-INFO: 09:58:29.968: New node: IP: 13.32.110.104. Number of nodes 20
EtherApe-INFO: 09:58:29.969: New node: IP: 95.216.195.133. Number of nodes 21
EtherApe-INFO: 09:58:29.972: New node: IP: 192.178.25.174. Number of nodes 22
EtherApe-INFO: 09:58:29.973: New node: IP: 35.174.127.31. Number of nodes 23
EtherApe-INFO: 09:58:29.973: New node: IP: 92.243.18.11. Number of nodes 24
EtherApe-INFO: 09:58:30.479: New node: IP: 78.30.254.80. Number of nodes 25
EtherApe-INFO: 09:58:30.479: New node: IP: 142.251.1.188. Number of nodes 26
EtherApe-INFO: 09:58:30.480: New node: IP: 192.178.25.173. Number of nodes 27
EtherApe-INFO: 09:58:30.480: New node: IP: 192.178.25.170. Number of nodes 28
EtherApe-INFO: 09:58:30.481: New node: IP: 142.250.203.131. Number of nodes 29
EtherApe-INFO: 09:58:30.482: New node: IP: 142.250.203.206. Number of nodes 30
EtherApe-INFO: 09:58:30.483: New node: IP: 142.250.203.138. Number of nodes 31
EtherApe-INFO: 09:58:30.500: New node: IP: 216.239.32.3. Number of nodes 32
EtherApe-INFO: 09:58:30.740: New node: IP: 140.82.112.25. Number of nodes 33
EtherApe-INFO: 09:58:30.741: New node: IP: 140.82.121.4. Number of nodes 34
EtherApe-INFO: 09:58:30.754: New node: IP: 185.199.108.133. Number of nodes 35
EtherApe-INFO: 09:58:30.767: New node: IP: 185.199.110.154. Number of nodes 36
EtherApe-INFO: 09:58:31.000: New node: IP: 104.18.40.133. Number of nodes 37
EtherApe-INFO: 09:58:31.003: New node: IP: 172.217.16.34. Number of nodes 38
EtherApe-INFO: 09:58:31.007: New node: IP: 172.217.16.14. Number of nodes 39
EtherApe-INFO: 09:58:31.008: New node: IP: 13.32.2.79. Number of nodes 40
EtherApe-INFO: 09:58:31.009: New node: IP: 142.250.186.200. Number of nodes 41
EtherApe-INFO: 09:58:31.014: New node: IP: 34.206.2.226. Number of nodes 42
EtherApe-INFO: 09:58:31.021: New node: IP: 216.58.209.10. Number of nodes 43
EtherApe-INFO: 09:58:31.045: New node: IP: 192.178.25.164. Number of nodes 44
EtherApe-INFO: 09:58:31.248: New node: IP: 140.82.113.22. Number of nodes 45
EtherApe-INFO: 09:58:31.251: New node: IP: 140.82.121.6. Number of nodes 46
EtherApe-INFO: 09:58:31.260: New node: IP: 192.178.25.162. Number of nodes 47
EtherApe-INFO: 09:58:31.261: New node: IP: 172.217.16.42. Number of nodes 48
EtherApe-INFO: 09:58:31.274: New node: IP: 149.154.167.216. Number of nodes 49
EtherApe-INFO: 09:58:31.506: New node: IP: 193.19.153.66. Number of nodes 50
EtherApe-INFO: 09:58:31.512: New node: IP: 92.123.189.19. Number of nodes 51
EtherApe-INFO: 09:58:31.533: New node: IP: 192.178.25.163. Number of nodes 52
EtherApe-INFO: 09:58:31.760: New node: IP: 216.239.38.181. Number of nodes 53
EtherApe-INFO: 09:58:31.761: New node: IP: 142.251.1.155. Number of nodes 54
EtherApe-INFO: 09:58:31.766: New node: IP: 142.251.1.154. Number of nodes 55
EtherApe-INFO: 09:58:31.790: New node: IP: 216.58.209.4. Number of nodes 56
EtherApe-INFO: 09:58:32.016: New node: IP: 8.8.8.8. Number of nodes 57
EtherApe-INFO: 09:58:32.017: New node: IP: 1.1.1.1. Number of nodes 58
EtherApe-INFO: 09:58:32.021: New node: IP: 142.250.186.195. Number of nodes 59
EtherApe-INFO: 09:58:32.024: New node: IP: 68.183.241.41. Number of nodes 60
EtherApe-INFO: 09:58:32.279: New node: IP: 52.88.245.147. Number of nodes 61
EtherApe-INFO: 09:58:33.573: New node: IP: 104.18.3.19. Number of nodes 62
EtherApe-INFO: 09:58:33.575: New node: IP: 172.67.130.60. Number of nodes 63
EtherApe-INFO: 09:58:33.575: New node: IP: 216.58.209.14. Number of nodes 64
EtherApe-INFO: 09:58:33.575: New node: IP: 216.58.208.206. Number of nodes 65
EtherApe-INFO: 09:58:33.579: New node: IP: 52.29.123.56. Number of nodes 66
EtherApe-INFO: 09:58:33.586: New node: IP: 142.251.1.157. Number of nodes 67
EtherApe-INFO: 09:58:33.835: New node: IP: 142.250.203.200. Number of nodes 68
EtherApe-INFO: 09:58:33.843: New node: IP: 217.65.3.21. Number of nodes 69
EtherApe-INFO: 09:58:33.843: New node: IP: 13.32.110.13. Number of nodes 70
EtherApe-INFO: 09:58:34.063: New node: IP: 3.251.50.149. Number of nodes 71
EtherApe-INFO: 09:58:34.067: New node: IP: 44.211.195.229. Number of nodes 72
EtherApe-INFO: 09:58:34.323: New node: IP: 104.26.1.94. Number of nodes 73
EtherApe-INFO: 09:58:34.324: New node: IP: 151.101.65.208. Number of nodes 74
EtherApe-INFO: 09:58:34.382: New node: IP: 142.250.203.198. Number of nodes 75
EtherApe-INFO: 09:58:34.601: New node: IP: 31.43.47.206. Number of nodes 76
EtherApe-INFO: 09:58:34.603: New node: IP: 172.217.16.54. Number of nodes 77
EtherApe-INFO: 09:58:34.612: New node: IP: 173.194.50.100. Number of nodes 78
EtherApe-INFO: 09:58:34.732: New node: IP: 31.43.58.108. Number of nodes 79
EtherApe-INFO: 09:58:34.812: New node: IP: 216.58.215.74. Number of nodes 80
EtherApe-INFO: 09:58:36.314: New node: IP: 176.122.113.13. Number of nodes 81
EtherApe-INFO: 09:58:36.315: New node: IP: 172.217.16.10. Number of nodes 82
EtherApe-INFO: 09:58:36.319: New node: IP: 176.122.113.12. Number of nodes 83
EtherApe-INFO: 09:58:36.569: New node: IP: 142.250.186.206. Number of nodes 84
EtherApe-INFO: 09:58:36.573: New node: IP: 216.58.209.3. Number of nodes 85
EtherApe-INFO: 09:58:39.913: New node: IP: 172.217.16.5. Number of nodes 86
EtherApe-INFO: 09:58:40.153: New node: IP: 170.106.115.253. Number of nodes 87
EtherApe-INFO: 09:58:40.158: New node: IP: 91.236.251.12. Number of nodes 88
EtherApe-INFO: 09:58:42.720: New node: IP: 45.79.51.10. Number of nodes 89
EtherApe-INFO: 09:58:42.974: New node: IP: 173.255.206.39. Number of nodes 90
EtherApe-INFO: 09:58:43.233: New node: IP: 172.67.220.170. Number of nodes 91
EtherApe-INFO: 09:58:43.748: New node: IP: 52.4.160.28. Number of nodes 92
EtherApe-INFO: 09:58:44.255: New node: IP: 52.34.183.230. Number of nodes 93
EtherApe-INFO: 09:58:44.255: New node: IP: 168.119.138.211. Number of nodes 94
EtherApe-INFO: 09:58:45.751: New node: IP: 192.0.73.2. Number of nodes 95
EtherApe-INFO: 09:58:45.754: New node: IP: 78.46.105.101. Number of nodes 96
EtherApe-INFO: 09:58:46.007: New node: IP: 135.181.27.174. Number of nodes 97
EtherApe-INFO: 09:58:46.008: New node: IP: 142.250.203.193. Number of nodes 98
EtherApe-INFO: 09:58:46.009: New node: IP: 142.250.203.142. Number of nodes 99
EtherApe-INFO: 09:58:46.013: New node: IP: 13.107.42.14. Number of nodes 100
EtherApe-INFO: 09:58:46.014: New node: IP: 34.120.195.249. Number of nodes 101
EtherApe-INFO: 09:58:46.269: New node: IP: 91.198.174.192. Number of nodes 102
EtherApe-INFO: 09:58:46.528: New node: IP: 62.182.19.39. Number of nodes 103
EtherApe-INFO: 09:58:46.540: New node: IP: 104.198.63.0. Number of nodes 104
EtherApe-INFO: 09:58:47.033: New node: IP: 192.0.66.96. Number of nodes 105
EtherApe-INFO: 09:58:47.034: New node: IP: 104.17.33.105. Number of nodes 106
EtherApe-INFO: 09:58:47.295: New node: IP: 76.76.21.21. Number of nodes 107
EtherApe-INFO: 09:58:47.301: New node: IP: 207.241.237.3. Number of nodes 108
EtherApe-INFO: 09:58:47.311: New node: IP: 188.114.96.13. Number of nodes 109
EtherApe-INFO: 09:58:47.547: New node: IP: 213.160.157.254. Number of nodes 110
EtherApe-INFO: 09:58:47.552: New node: IP: 3.2.8.2. Number of nodes 111
EtherApe-INFO: 09:58:47.552: New node: IP: 13.32.110.8. Number of nodes 112
EtherApe-INFO: 09:58:48.055: New node: IP: 185.199.108.153. Number of nodes 113
EtherApe-INFO: 09:58:48.057: New node: IP: 104.18.41.233. Number of nodes 114
EtherApe-INFO: 09:58:48.105: New node: IP: 142.250.203.136. Number of nodes 115
EtherApe-INFO: 09:58:48.325: New node: IP: 104.16.100.56. Number of nodes 116
EtherApe-INFO: 09:58:48.579: New node: IP: 35.190.88.7. Number of nodes 117
EtherApe-INFO: 09:58:48.890: New node: IP: 178.18.231.145. Number of nodes 118
EtherApe-INFO: 09:58:49.050: New node: IP: 18.66.15.52. Number of nodes 119
EtherApe-INFO: 09:58:49.119: New node: IP: 104.16.27.5. Number of nodes 120
EtherApe-INFO: 09:58:49.299: New node: IP: 104.17.186.177. Number of nodes 121
EtherApe-INFO: 09:58:49.380: New node: IP: 142.250.203.202. Number of nodes 122
EtherApe-INFO: 09:58:49.735: New node: IP: 142.250.186.193. Number of nodes 123
EtherApe-INFO: 09:58:49.735: New node: IP: 104.18.22.126. Number of nodes 124
EtherApe-INFO: 09:58:49.940: New node: IP: 142.250.186.194. Number of nodes 125
EtherApe-INFO: 09:58:49.941: New node: IP: 151.101.193.140. Number of nodes 126
EtherApe-INFO: 09:58:49.948: New node: IP: 216.58.208.194. Number of nodes 127
EtherApe-INFO: 09:58:50.208: New node: IP: 104.19.147.8. Number of nodes 128
EtherApe-INFO: 09:58:50.216: New node: IP: 35.186.249.72. Number of nodes 129
EtherApe-INFO: 09:58:50.221: New node: IP: 104.18.20.206. Number of nodes 130
EtherApe-INFO: 09:58:50.448: New node: IP: 184.73.90.121. Number of nodes 131
EtherApe-INFO: 09:58:50.454: New node: IP: 157.240.224.7. Number of nodes 132
EtherApe-INFO: 09:58:50.463: New node: IP: 151.101.65.140. Number of nodes 133
EtherApe-INFO: 09:58:50.732: New node: IP: 216.58.215.102. Number of nodes 134
EtherApe-INFO: 09:58:50.779: New node: IP: 34.160.152.31. Number of nodes 135
EtherApe-INFO: 09:58:51.015: New node: IP: 207.241.237.8. Number of nodes 136
EtherApe-INFO: 09:58:51.016: New node: IP: 207.241.224.2. Number of nodes 137
EtherApe-INFO: 09:58:51.018: New node: IP: 142.250.203.194. Number of nodes 138
EtherApe-INFO: 09:58:51.020: New node: IP: 142.251.1.156. Number of nodes 139
EtherApe-INFO: 09:58:51.273: New node: IP: 13.32.110.120. Number of nodes 140
EtherApe-INFO: 09:58:51.499: New node: IP: 108.177.14.157. Number of nodes 141
EtherApe-INFO: 09:58:51.757: New node: IP: 18.66.23.147. Number of nodes 142
EtherApe-INFO: 09:58:51.774: New node: IP: 104.17.78.34. Number of nodes 143
EtherApe-INFO: 09:58:51.785: New node: IP: 91.228.74.200. Number of nodes 144
EtherApe-INFO: 09:58:51.986: New node: IP: 104.22.57.102. Number of nodes 145
EtherApe-INFO: 09:58:51.987: New node: IP: 62.140.236.170. Number of nodes 146
EtherApe-INFO: 09:58:52.250: New node: IP: 216.52.2.30. Number of nodes 147
EtherApe-INFO: 09:58:52.271: New node: IP: 44.236.54.82. Number of nodes 148
EtherApe-INFO: 09:58:52.275: New node: IP: 104.16.187.65. Number of nodes 149
EtherApe-INFO: 09:58:52.281: New node: IP: 104.18.136.59. Number of nodes 150
EtherApe-INFO: 09:58:52.285: New node: IP: 104.22.53.173. Number of nodes 151
EtherApe-INFO: 09:58:52.497: New node: IP: 172.67.70.134. Number of nodes 152
EtherApe-INFO: 09:58:52.497: New node: IP: 162.247.243.29. Number of nodes 153
EtherApe-INFO: 09:58:52.500: New node: IP: 172.217.16.38. Number of nodes 154
EtherApe-INFO: 09:58:52.507: New node: IP: 13.32.110.123. Number of nodes 155
EtherApe-INFO: 09:58:52.528: New node: IP: 216.58.215.98. Number of nodes 156
EtherApe-INFO: 09:58:52.539: New node: IP: 104.17.214.243. Number of nodes 157
EtherApe-INFO: 09:58:52.541: New node: IP: 104.22.5.69. Number of nodes 158
EtherApe-INFO: 09:58:52.832: New node: IP: 172.67.69.19. Number of nodes 159
EtherApe-INFO: 09:58:53.006: New node: IP: 54.165.30.215. Number of nodes 160
EtherApe-INFO: 09:58:53.012: New node: IP: 178.250.1.11. Number of nodes 161
EtherApe-INFO: 09:58:53.039: New node: IP: 52.1.170.77. Number of nodes 162
EtherApe-INFO: 09:58:53.047: New node: IP: 13.32.110.12. Number of nodes 163
EtherApe-INFO: 09:58:53.049: New node: IP: 52.6.79.4. Number of nodes 164
EtherApe-INFO: 09:58:53.051: New node: IP: 107.20.212.148. Number of nodes 165
EtherApe-INFO: 09:58:53.055: New node: IP: 209.90.117.216. Number of nodes 166
EtherApe-INFO: 09:58:53.269: New node: IP: 54.187.231.34. Number of nodes 167
EtherApe-INFO: 09:58:53.282: New node: IP: 130.211.23.194. Number of nodes 168
EtherApe-INFO: 09:58:53.290: New node: IP: 157.240.224.35. Number of nodes 169
EtherApe-INFO: 09:58:53.614: New node: IP: 216.239.34.181. Number of nodes 170
EtherApe-INFO: 09:58:53.620: New node: IP: 216.58.208.195. Number of nodes 171
EtherApe-INFO: 09:58:53.835: New node: IP: 104.81.217.244. Number of nodes 172
EtherApe-INFO: 09:58:53.837: New node: IP: 63.34.81.234. Number of nodes 173
EtherApe-INFO: 09:58:54.056: New node: IP: 91.228.74.244. Number of nodes 174
EtherApe-INFO: 09:58:54.059: New node: IP: 104.16.42.65. Number of nodes 175
EtherApe-INFO: 09:58:54.285: New node: IP: 13.107.21.200. Number of nodes 176
EtherApe-INFO: 09:58:54.288: New node: IP: 199.232.148.157. Number of nodes 177
EtherApe-INFO: 09:58:54.290: New node: IP: 46.51.157.28. Number of nodes 178
EtherApe-INFO: 09:58:54.312: New node: IP: 142.250.75.14. Number of nodes 179
EtherApe-INFO: 09:58:54.322: New node: IP: 18.66.20.160. Number of nodes 180
EtherApe-INFO: 09:58:54.365: New node: IP: 52.210.27.198. Number of nodes 181
EtherApe-INFO: 09:58:54.490: New node: IP: 142.250.203.130. Number of nodes 182
EtherApe-INFO: 09:58:54.496: New node: IP: 104.17.106.199. Number of nodes 183
EtherApe-INFO: 09:58:54.501: New node: IP: 104.16.139.206. Number of nodes 184
EtherApe-INFO: 09:58:54.700: New node: IP: 104.18.24.196. Number of nodes 185
EtherApe-INFO: 09:58:54.773: New node: IP: 3.92.5.217. Number of nodes 186
EtherApe-INFO: 09:58:54.869: New node: IP: 34.107.140.113. Number of nodes 187
EtherApe-INFO: 09:58:54.911: New node: IP: 142.250.203.129. Number of nodes 188
EtherApe-INFO: 09:58:54.919: New node: IP: 34.120.63.153. Number of nodes 189
EtherApe-INFO: 09:58:54.919: New node: IP: 35.186.253.211. Number of nodes 190
EtherApe-INFO: 09:58:54.920: New node: IP: 37.252.172.123. Number of nodes 191
EtherApe-INFO: 09:58:54.956: New node: IP: 18.195.65.196. Number of nodes 192
EtherApe-INFO: 09:58:54.960: New node: IP: 213.19.162.31. Number of nodes 193
EtherApe-INFO: 09:58:54.979: New node: IP: 104.17.128.110. Number of nodes 194
EtherApe-INFO: 09:58:55.053: New node: IP: 54.93.161.4. Number of nodes 195
EtherApe-INFO: 09:58:55.091: New node: IP: 52.95.115.255. Number of nodes 196
EtherApe-INFO: 09:58:55.105: New node: IP: 54.83.224.129. Number of nodes 197
EtherApe-INFO: 09:58:55.178: New node: IP: 3.120.233.251. Number of nodes 198
EtherApe-INFO: 09:58:55.216: New node: IP: 54.217.20.142. Number of nodes 199
EtherApe-INFO: 09:58:55.498: New node: IP: 104.19.154.83. Number of nodes 200
EtherApe-INFO: 09:58:55.499: New node: IP: 13.32.110.129. Number of nodes 201
EtherApe-INFO: 09:58:55.775: New node: IP: 20.127.253.7. Number of nodes 202
EtherApe-INFO: 09:58:55.988: New node: IP: 103.203.57.2. Number of nodes 203
EtherApe-INFO: 09:58:56.134: New node: IP: 52.49.144.166. Number of nodes 204
EtherApe-INFO: 09:58:56.142: New node: IP: 52.5.221.244. Number of nodes 205
EtherApe-INFO: 09:58:56.145: New node: IP: 216.52.2.39. Number of nodes 206
EtherApe-INFO: 09:58:56.146: New node: IP: 52.72.248.76. Number of nodes 207
EtherApe-INFO: 09:58:56.150: New node: IP: 89.207.16.204. Number of nodes 208
EtherApe-INFO: 09:58:56.156: New node: IP: 52.28.174.231. Number of nodes 209
EtherApe-INFO: 09:58:56.159: New node: IP: 18.66.15.8. Number of nodes 210
EtherApe-INFO: 09:58:56.161: New node: IP: 104.18.29.38. Number of nodes 211
EtherApe-INFO: 09:58:56.492: New node: IP: 52.46.130.91. Number of nodes 212
EtherApe-INFO: 09:58:56.894: New node: IP: 141.95.98.64. Number of nodes 213
EtherApe-INFO: 09:58:56.905: New node: IP: 104.19.155.83. Number of nodes 214
EtherApe-INFO: 09:58:56.905: New node: IP: 52.31.190.0. Number of nodes 215
EtherApe-INFO: 09:58:57.204: New node: IP: 104.87.175.132. Number of nodes 216
EtherApe-INFO: 09:58:57.399: New node: IP: 54.76.76.79. Number of nodes 217
EtherApe-INFO: 09:58:57.418: New node: IP: 162.142.125.88. Number of nodes 218
EtherApe-INFO: 09:58:57.657: New node: IP: 64.233.163.154. Number of nodes 219
EtherApe-INFO: 09:58:57.670: New node: IP: 124.146.215.43. Number of nodes 220
EtherApe-INFO: 09:58:57.671: New node: IP: 34.96.71.22. Number of nodes 221
EtherApe-INFO: 09:58:57.673: New node: IP: 185.86.139.93. Number of nodes 222
EtherApe-INFO: 09:58:57.676: New node: IP: 185.29.134.244. Number of nodes 223
EtherApe-INFO: 09:58:57.677: New node: IP: 35.244.133.240. Number of nodes 224
EtherApe-INFO: 09:58:57.679: New node: IP: 37.157.4.25. Number of nodes 225
EtherApe-INFO: 09:58:57.961: New node: IP: 172.217.16.3. Number of nodes 226
EtherApe-INFO: 09:58:57.971: New node: IP: 69.173.144.165. Number of nodes 227
EtherApe-INFO: 09:58:58.170: New node: IP: 207.241.225.195. Number of nodes 228
EtherApe-INFO: 09:58:58.173: New node: IP: 151.101.130.49. Number of nodes 229
EtherApe-INFO: 09:58:58.389: New node: IP: 185.86.138.151. Number of nodes 230
EtherApe-INFO: 09:58:58.701: New node: IP: 98.98.134.242. Number of nodes 231
EtherApe-INFO: 09:58:58.725: New node: IP: 64.74.236.255. Number of nodes 232
EtherApe-INFO: 09:58:58.728: New node: IP: 69.166.1.12. Number of nodes 233
EtherApe-INFO: 09:58:58.772: New node: IP: 216.58.215.78. Number of nodes 234
EtherApe-INFO: 09:58:58.788: New node: IP: 193.0.160.130. Number of nodes 235
EtherApe-INFO: 09:58:58.789: New node: IP: 3.65.115.221. Number of nodes 236
EtherApe-INFO: 09:58:58.932: New node: IP: 34.111.113.62. Number of nodes 237
EtherApe-INFO: 09:58:58.932: New node: IP: 13.248.245.213. Number of nodes 238
EtherApe-INFO: 09:58:58.944: New node: IP: 104.17.182.177. Number of nodes 239
EtherApe-INFO: 09:58:58.948: New node: IP: 35.244.159.8. Number of nodes 240
EtherApe-INFO: 09:58:58.972: New node: IP: 35.156.100.193. Number of nodes 241
EtherApe-INFO: 09:58:59.120: New node: IP: 188.42.196.115. Number of nodes 242
EtherApe-INFO: 09:58:59.382: New node: IP: 54.205.93.130. Number of nodes 243
EtherApe-INFO: 09:58:59.396: New node: IP: 185.89.210.82. Number of nodes 244
EtherApe-INFO: 09:58:59.397: New node: IP: 34.95.81.168. Number of nodes 245
EtherApe-INFO: 09:58:59.398: New node: IP: 35.244.174.68. Number of nodes 246
EtherApe-INFO: 09:58:59.408: New node: IP: 69.166.1.10. Number of nodes 247
EtherApe-INFO: 09:58:59.635: New node: IP: 23.74.173.33. Number of nodes 248
EtherApe-INFO: 09:58:59.639: New node: IP: 169.197.150.8. Number of nodes 249
EtherApe-INFO: 09:58:59.651: New node: IP: 23.200.160.189. Number of nodes 250
EtherApe-INFO: 09:58:59.651: New node: IP: 13.32.110.26. Number of nodes 251
EtherApe-INFO: 09:58:59.655: New node: IP: 151.101.1.140. Number of nodes 252
EtherApe-INFO: 09:58:59.656: New node: IP: 54.163.103.218. Number of nodes 253
EtherApe-INFO: 09:58:59.683: New node: IP: 151.101.129.253. Number of nodes 254
EtherApe-INFO: 09:58:59.897: New node: IP: 34.252.159.132. Number of nodes 255
EtherApe-INFO: 09:58:59.898: New node: IP: 69.173.144.138. Number of nodes 256
EtherApe-INFO: 09:59:00.221: New node: IP: 185.89.208.11. Number of nodes 257
EtherApe-INFO: 09:59:00.232: New node: IP: 34.248.31.224. Number of nodes 258
EtherApe-INFO: 09:59:00.235: New node: IP: 89.207.16.201. Number of nodes 259
EtherApe-INFO: 09:59:00.399: New node: IP: 31.13.81.13. Number of nodes 260
EtherApe-INFO: 09:59:00.412: New node: IP: 51.89.9.251. Number of nodes 261
EtherApe-INFO: 09:59:00.421: New node: IP: 3.229.178.194. Number of nodes 262
EtherApe-INFO: 09:59:00.719: New node: IP: 54.229.197.230. Number of nodes 263
EtherApe-INFO: 09:59:00.727: New node: IP: 185.80.39.216. Number of nodes 264
EtherApe-INFO: 09:59:01.035: New node: IP: 34.203.16.231. Number of nodes 265
EtherApe-INFO: 09:59:01.035: New node: IP: 80.77.87.166. Number of nodes 266
EtherApe-INFO: 09:59:01.167: New node: IP: 3.75.62.37. Number of nodes 267
EtherApe-INFO: 09:59:01.423: New node: IP: 34.193.159.31. Number of nodes 268
EtherApe-INFO: 09:59:01.678: New node: IP: 208.93.169.131. Number of nodes 269
EtherApe-INFO: 09:59:01.685: New node: IP: 75.2.13.80. Number of nodes 270
EtherApe-INFO: 09:59:01.692: New node: IP: 45.54.49.5. Number of nodes 271
EtherApe-INFO: 09:59:01.936: New node: IP: 167.235.124.59. Number of nodes 272
EtherApe-INFO: 09:59:01.943: New node: IP: 213.19.147.45. Number of nodes 273
EtherApe-INFO: 09:59:02.262: New node: IP: 31.43.47.205. Number of nodes 274
EtherApe-INFO: 09:59:02.534: New node: IP: 18.66.15.68. Number of nodes 275
EtherApe-INFO: 09:59:02.541: New node: IP: 138.201.8.249. Number of nodes 276
EtherApe-INFO: 09:59:02.973: New node: IP: 172.64.132.39. Number of nodes 277
EtherApe-INFO: 09:59:03.302: New node: IP: 35.210.60.147. Number of nodes 278
EtherApe-INFO: 09:59:03.480: New node: IP: 20.44.221.56. Number of nodes 279
EtherApe-INFO: 09:59:04.244: New node: IP: 31.222.226.18. Number of nodes 280
EtherApe-INFO: 09:59:07.575: New node: IP: 178.158.238.228. Number of nodes 281
EtherApe-INFO: 09:59:09.853: New node: IP: 34.237.73.95. Number of nodes 282
EtherApe-INFO: 09:59:20.438: New node: IP: 151.101.194.133. Number of nodes 283
EtherApe-INFO: 09:59:20.950: New node: IP: 185.64.189.112. Number of nodes 284
EtherApe-INFO: 09:59:22.742: New node: IP: 52.29.54.93. Number of nodes 285
EtherApe-INFO: 09:59:23.765: New node: IP: 18.194.85.151. Number of nodes 286
EtherApe-INFO: 09:59:23.766: New node: IP: 185.64.189.226. Number of nodes 287
EtherApe-INFO: 09:59:29.165: New node: IP: 104.244.42.133. Number of nodes 288
EtherApe-INFO: 09:59:29.165: New node: IP: 104.244.42.195. Number of nodes 289
EtherApe-INFO: 09:59:29.403: New node: IP: 142.250.185.163. Number of nodes 290
EtherApe-INFO: 09:59:29.654: New node: IP: 64.233.163.127. Number of nodes 291
EtherApe-INFO: 09:59:29.656: New node: IP: 35.213.232.93. Number of nodes 292
EtherApe-INFO: 09:59:29.911: New node: IP: 210.5.172.202. Number of nodes 293
EtherApe-INFO: 09:59:30.170: New node: IP: 152.199.21.118. Number of nodes 294
EtherApe-INFO: 09:59:30.680: New node: IP: 172.217.16.131. Number of nodes 295
EtherApe-INFO: 09:59:33.436: New node: IP: 99.83.181.31. Number of nodes 296
EtherApe-INFO: 09:59:33.750: New node: IP: 104.26.9.169. Number of nodes 297
EtherApe-INFO: 09:59:33.750: New node: IP: 104.18.2.114. Number of nodes 298
EtherApe-INFO: 09:59:33.751: New node: IP: 185.89.211.116. Number of nodes 299
EtherApe-INFO: 09:59:33.751: New node: IP: 34.98.64.218. Number of nodes 300
EtherApe-INFO: 09:59:33.751: New node: IP: 104.18.24.185. Number of nodes 301
EtherApe-INFO: 09:59:33.751: New node: IP: 3.66.153.11. Number of nodes 302
EtherApe-INFO: 09:59:34.094: New node: IP: 216.52.2.86. Number of nodes 303
EtherApe-INFO: 09:59:34.364: New node: IP: 54.239.33.158. Number of nodes 304
EtherApe-INFO: 09:59:34.374: New node: IP: 34.149.40.38. Number of nodes 305
EtherApe-INFO: 09:59:34.824: New node: IP: 3.64.234.140. Number of nodes 306
EtherApe-INFO: 09:59:34.833: New node: IP: 76.223.111.18. Number of nodes 307
EtherApe-INFO: 09:59:34.839: New node: IP: 37.252.171.52. Number of nodes 308
EtherApe-INFO: 09:59:35.075: New node: IP: 104.18.25.173. Number of nodes 309
EtherApe-INFO: 09:59:35.080: New node: IP: 52.46.128.147. Number of nodes 310
EtherApe-INFO: 09:59:35.086: New node: IP: 52.48.51.220. Number of nodes 311
EtherApe-INFO: 09:59:35.087: New node: IP: 46.228.164.11. Number of nodes 312
EtherApe-INFO: 09:59:35.280: New node: IP: 178.250.1.9. Number of nodes 313
EtherApe-INFO: 09:59:35.297: New node: IP: 185.64.189.110. Number of nodes 314
EtherApe-INFO: 09:59:35.561: New node: IP: 104.18.22.234. Number of nodes 315
EtherApe-INFO: 09:59:35.568: New node: IP: 98.98.134.241. Number of nodes 316
EtherApe-INFO: 09:59:35.572: New node: IP: 173.194.221.157. Number of nodes 317
EtherApe-INFO: 09:59:35.814: New node: IP: 213.19.162.27. Number of nodes 318
EtherApe-INFO: 09:59:35.815: New node: IP: 54.171.227.40. Number of nodes 319
EtherApe-INFO: 09:59:35.815: New node: IP: 162.142.125.236. Number of nodes 320
EtherApe-INFO: 09:59:35.818: New node: IP: 162.55.80.222. Number of nodes 321
EtherApe-INFO: 09:59:35.819: New node: IP: 151.101.2.49. Number of nodes 322
EtherApe-INFO: 09:59:35.823: New node: IP: 13.48.243.233. Number of nodes 323
EtherApe-INFO: 09:59:36.044: New node: IP: 37.157.5.84. Number of nodes 324
EtherApe-INFO: 09:59:36.561: New node: IP: 104.244.42.5. Number of nodes 325
EtherApe-INFO: 09:59:36.562: New node: IP: 104.244.42.131. Number of nodes 326
EtherApe-INFO: 09:59:36.809: New node: IP: 185.64.190.82. Number of nodes 327
EtherApe-INFO: 09:59:37.540: New node: IP: 35.190.80.1. Number of nodes 328
EtherApe-INFO: 09:59:37.540: New node: IP: 151.101.129.140. Number of nodes 329
EtherApe-INFO: 09:59:37.783: New node: IP: 13.32.4.73. Number of nodes 330
EtherApe-INFO: 09:59:49.286: New node: IP: 172.217.16.33. Number of nodes 331
EtherApe-INFO: 09:59:51.786: New node: IP: 140.82.121.3. Number of nodes 332
EtherApe-INFO: 09:59:53.704: New node: IP: 84.54.50.72. Number of nodes 333
EtherApe-INFO: 09:59:54.469: New node: IP: 119.180.71.216. Number of nodes 334
EtherApe-INFO: 09:59:54.470: New node: IP: 167.248.133.129. Number of nodes 335
EtherApe-INFO: 09:59:58.825: New node: IP: 216.58.208.202. Number of nodes 336
EtherApe-INFO: 10:00:00.614: New node: IP: 67.220.228.200. Number of nodes 337
EtherApe-INFO: 10:00:01.126: New node: IP: 185.199.111.154. Number of nodes 338
EtherApe-INFO: 10:00:01.651: New node: IP: 52.205.39.197. Number of nodes 339
EtherApe-INFO: 10:00:02.150: New node: IP: 140.82.121.5. Number of nodes 340
EtherApe-INFO: 10:00:03.437: New node: IP: 13.32.110.117. Number of nodes 341
EtherApe-INFO: 10:00:19.046: New node: IP: 18.244.102.25. Number of nodes 342
EtherApe-INFO: 10:00:28.955: delete node: IP: 224.0.0.22. Number of nodes 341
EtherApe-INFO: 10:00:29.989: delete node: IP: 13.32.110.104. Number of nodes 340
EtherApe-INFO: 10:00:30.493: delete node: IP: 127.0.0.1. Number of nodes 339
EtherApe-INFO: 10:00:30.493: delete node: IP: 78.30.254.80. Number of nodes 338
EtherApe-INFO: 10:00:32.089: delete node: IP: 8.8.8.8. Number of nodes 337
EtherApe-INFO: 10:00:32.841: delete node: IP: 149.154.167.50. Number of nodes 336
EtherApe-INFO: 10:00:32.841: delete node: IP: 95.216.195.133. Number of nodes 335
EtherApe-INFO: 10:00:32.841: delete node: IP: 91.108.56.145. Number of nodes 334
EtherApe-INFO: 10:00:33.580: delete node: IP: 149.154.175.57. Number of nodes 333
EtherApe-INFO: 10:00:33.580: delete node: IP: 149.154.175.54. Number of nodes 332
EtherApe-INFO: 10:00:33.580: delete node: IP: 91.108.56.188. Number of nodes 331
EtherApe-INFO: 10:00:33.812: delete node: IP: 149.154.175.50. Number of nodes 330
EtherApe-INFO: 10:00:34.417: delete node: IP: 217.65.3.21. Number of nodes 329
EtherApe-INFO: 10:00:34.418: delete node: IP: 3.251.50.149. Number of nodes 328
EtherApe-INFO: 10:00:34.664: delete node: IP: 142.250.203.198. Number of nodes 327
EtherApe-INFO: 10:00:34.809: New node: IP: 142.250.75.3. Number of nodes 328
EtherApe-INFO: 10:00:34.913: delete node: IP: 31.43.58.108. Number of nodes 327
EtherApe-INFO: 10:00:36.350: delete node: IP: 92.243.18.11. Number of nodes 326
