(etherape:3449): GLib-GIO-DEBUG: 23:27:54.723: _g_io_module_get_default: Found default implementation local (GLocalVfs) for ‘gio-vfs’
(etherape:3449): GLib-GIO-DEBUG: 23:27:54.762: Using cross-namespace EXTERNAL authentication (this will deadlock if server is GDBus < 2.73.3)
EtherApe-INFO: 23:27:54.797: sctp protocol not supported
EtherApe-INFO: 23:27:54.797: dccp protocol not supported
EtherApe-INFO: 23:27:54.797: sctp protocol not supported
EtherApe-INFO: 23:27:54.797: sctp protocol not supported
EtherApe-INFO: 23:27:54.797: sctp protocol not supported
EtherApe-INFO: 23:27:54.797: sctp protocol not supported
EtherApe-INFO: 23:27:54.797: sctp protocol not supported
EtherApe-INFO: 23:27:54.797: sctp protocol not supported
EtherApe-INFO: 23:27:54.797: sctp protocol not supported
EtherApe-INFO: 23:27:54.797: dccp protocol not supported
EtherApe-INFO: 23:27:54.797: sctp protocol not supported
EtherApe-INFO: 23:27:54.797: dccp protocol not supported
EtherApe-INFO: 23:27:54.797: dccp protocol not supported
EtherApe-INFO: 23:27:54.797: sctp protocol not supported
EtherApe-INFO: 23:27:54.797: sctp protocol not supported
EtherApe-INFO: 23:27:54.797: sctp protocol not supported
EtherApe-INFO: 23:27:54.798: sctp protocol not supported
EtherApe-INFO: 23:27:54.798: sctp protocol not supported
EtherApe-INFO: 23:27:54.798: sctp protocol not supported
EtherApe-INFO: 23:27:54.798: sctp protocol not supported
EtherApe-INFO: 23:27:54.798: sctp protocol not supported
EtherApe-INFO: 23:27:54.798: sctp protocol not supported
EtherApe-INFO: 23:27:54.798: sctp protocol not supported
EtherApe-INFO: 23:27:54.798: sctp protocol not supported
EtherApe-INFO: 23:27:54.799: sctp protocol not supported
EtherApe-INFO: 23:27:54.799: sctp protocol not supported
EtherApe-INFO: 23:27:54.799: sctp protocol not supported
EtherApe-INFO: 23:27:54.799: sctp protocol not supported
EtherApe-INFO: 23:27:54.799: dccp protocol not supported
EtherApe-INFO: 23:27:54.799: sctp protocol not supported
EtherApe-INFO: 23:27:54.799: sctp protocol not supported
EtherApe-INFO: 23:27:54.799: dccp protocol not supported
EtherApe-INFO: 23:27:54.799: sctp protocol not supported
EtherApe-INFO: 23:27:54.799: sctp protocol not supported
EtherApe-INFO: 23:27:54.799: sctp protocol not supported
EtherApe-INFO: 23:27:54.799: dccp protocol not supported
EtherApe-INFO: 23:27:54.799: dccp protocol not supported
EtherApe-INFO: 23:27:54.799: sctp protocol not supported
EtherApe-INFO: 23:27:54.799: sctp protocol not supported
EtherApe-INFO: 23:27:54.799: sctp protocol not supported
EtherApe-INFO: 23:27:54.799: sctp protocol not supported
EtherApe-INFO: 23:27:54.799: sctp protocol not supported
EtherApe-INFO: 23:27:54.799: sctp protocol not supported
EtherApe-INFO: 23:27:54.799: sctp protocol not supported
EtherApe-INFO: 23:27:54.799: sctp protocol not supported
EtherApe-INFO: 23:27:54.799: sctp protocol not supported
EtherApe-INFO: 23:27:54.799: sctp protocol not supported
EtherApe-INFO: 23:27:54.799: sctp protocol not supported
EtherApe-INFO: 23:27:54.799: sctp protocol not supported
EtherApe-INFO: 23:27:54.799: sctp protocol not supported
EtherApe-INFO: 23:27:54.799: sctp protocol not supported
EtherApe-INFO: 23:27:54.799: sctp protocol not supported
EtherApe-INFO: 23:27:54.799: sctp protocol not supported
EtherApe-INFO: 23:27:54.799: sctp protocol not supported
EtherApe-INFO: 23:27:54.799: sctp protocol not supported
EtherApe-INFO: 23:27:54.799: sctp protocol not supported
EtherApe-INFO: 23:27:54.799: sctp protocol not supported
EtherApe-INFO: 23:27:54.799: dccp protocol not supported
EtherApe-INFO: 23:27:54.799: sctp protocol not supported
EtherApe-INFO: 23:27:54.799: sctp protocol not supported
EtherApe-INFO: 23:27:54.799: sctp protocol not supported
EtherApe-INFO: 23:27:54.799: sctp protocol not supported
EtherApe-INFO: 23:27:54.799: sctp protocol not supported
EtherApe-INFO: 23:27:54.799: sctp protocol not supported
EtherApe-INFO: 23:27:54.799: sctp protocol not supported
EtherApe-INFO: 23:27:54.800: sctp protocol not supported
EtherApe-INFO: 23:27:54.800: sctp protocol not supported
EtherApe-INFO: 23:27:54.800: sctp protocol not supported
EtherApe-INFO: 23:27:54.800: sctp protocol not supported
EtherApe-INFO: 23:27:54.800: sctp protocol not supported
EtherApe-INFO: 23:27:54.800: sctp protocol not supported
EtherApe-INFO: 23:27:54.800: sctp protocol not supported
EtherApe-INFO: 23:27:54.800: sctp protocol not supported
EtherApe-INFO: 23:27:54.800: sctp protocol not supported
EtherApe-INFO: 23:27:54.800: sctp protocol not supported
EtherApe-INFO: 23:27:54.800: sctp protocol not supported
EtherApe-INFO: 23:27:54.800: sctp protocol not supported
EtherApe-INFO: 23:27:54.800: sctp protocol not supported
EtherApe-INFO: 23:27:54.800: sctp protocol not supported
EtherApe-INFO: 23:27:54.800: sctp protocol not supported
EtherApe-INFO: 23:27:54.800: sctp protocol not supported
EtherApe-INFO: 23:27:54.800: sctp protocol not supported
EtherApe-INFO: 23:27:54.800: sctp protocol not supported
EtherApe-INFO: 23:27:54.800: sctp protocol not supported
EtherApe-INFO: 23:27:54.800: sctp protocol not supported
EtherApe-INFO: 23:27:54.800: sctp protocol not supported
EtherApe-INFO: 23:27:54.800: sctp protocol not supported
EtherApe-INFO: 23:27:54.800: sctp protocol not supported
EtherApe-INFO: 23:27:54.800: sctp protocol not supported
EtherApe-INFO: 23:27:54.800: sctp protocol not supported
EtherApe-INFO: 23:27:54.800: sctp protocol not supported
EtherApe-INFO: 23:27:54.800: sctp protocol not supported
EtherApe-INFO: 23:27:54.800: sctp protocol not supported
EtherApe-INFO: 23:27:54.800: sctp protocol not supported
EtherApe-INFO: 23:27:54.800: sctp protocol not supported
EtherApe-INFO: 23:27:54.800: sctp protocol not supported
EtherApe-INFO: 23:27:54.810: get_interface result: ''
EtherApe-INFO: 23:27:54.811: Available interfaces for capture: dbus-session dbus-system nfqueue nflog bluetooth-monitor lo any enp5s0
EtherApe-INFO: 23:27:54.811: Link type is LINUX_SLL
EtherApe-INFO: 23:27:54.811: Diagram started
EtherApe-INFO: 23:27:55.064: New node: IP: 216.58.215.69. Number of nodes 1
EtherApe-INFO: 23:27:55.064: New node: IP: 192.168.0.240. Number of nodes 2
EtherApe-INFO: 23:27:55.064: New node: IP: 207.241.237.3. Number of nodes 3
EtherApe-INFO: 23:27:55.064: New node: IP: 216.58.209.3. Number of nodes 4
EtherApe-INFO: 23:27:55.065: New node: IP: 216.58.209.14. Number of nodes 5
EtherApe-INFO: 23:27:55.065: New node: IP: 104.18.106.66. Number of nodes 6
EtherApe-INFO: 23:27:55.065: New node: IP: 18.244.108.67. Number of nodes 7
EtherApe-INFO: 23:27:55.066: New node: IP: 172.67.130.60. Number of nodes 8
EtherApe-INFO: 23:27:55.071: New node: IP: 104.21.3.46. Number of nodes 9
EtherApe-INFO: 23:27:55.326: New node: IP: 104.21.42.68. Number of nodes 10
EtherApe-INFO: 23:27:55.579: New node: IP: 142.250.186.200. Number of nodes 11
EtherApe-INFO: 23:27:55.580: New node: IP: 192.178.25.164. Number of nodes 12
EtherApe-INFO: 23:27:55.581: New node: IP: 216.58.215.67. Number of nodes 13
EtherApe-INFO: 23:27:55.581: New node: IP: 172.67.158.124. Number of nodes 14
EtherApe-INFO: 23:27:55.582: New node: IP: 104.17.32.105. Number of nodes 15
EtherApe-INFO: 23:27:55.834: New node: IP: 54.218.201.140. Number of nodes 16
EtherApe-INFO: 23:27:55.836: New node: IP: 104.18.20.206. Number of nodes 17
EtherApe-INFO: 23:27:56.090: New node: IP: 34.160.110.8. Number of nodes 18
EtherApe-INFO: 23:27:56.600: New node: IP: 192.168.0.1. Number of nodes 19
EtherApe-INFO: 23:27:56.605: New node: IP: 54.75.69.192. Number of nodes 20
EtherApe-INFO: 23:27:56.610: New node: IP: 142.250.186.196. Number of nodes 21
EtherApe-INFO: 23:27:56.611: New node: IP: 149.154.167.41. Number of nodes 22
EtherApe-INFO: 23:27:56.615: New node: IP: 104.18.34.10. Number of nodes 23
EtherApe-INFO: 23:27:56.615: New node: IP: 104.26.9.50. Number of nodes 24
EtherApe-INFO: 23:27:56.616: New node: IP: 172.67.36.110. Number of nodes 25
EtherApe-INFO: 23:27:56.873: New node: IP: 8.8.8.8. Number of nodes 26
EtherApe-INFO: 23:27:56.874: New node: IP: 13.32.121.27. Number of nodes 27
EtherApe-INFO: 23:27:56.876: New node: IP: 104.26.7.139. Number of nodes 28
EtherApe-INFO: 23:27:56.880: New node: IP: 34.107.221.82. Number of nodes 29
EtherApe-INFO: 23:27:56.899: New node: IP: 13.224.192.222. Number of nodes 30
EtherApe-INFO: 23:27:56.902: New node: IP: 104.26.2.70. Number of nodes 31
EtherApe-INFO: 23:27:57.114: New node: IP: 104.18.121.34. Number of nodes 32
EtherApe-INFO: 23:27:57.119: New node: IP: 130.211.23.194. Number of nodes 33
EtherApe-INFO: 23:27:57.383: New node: IP: 207.241.224.2. Number of nodes 34
EtherApe-INFO: 23:27:57.625: New node: IP: 104.22.4.69. Number of nodes 35
EtherApe-INFO: 23:27:57.634: New node: IP: 172.67.23.234. Number of nodes 36
EtherApe-INFO: 23:27:57.636: New node: IP: 192.229.221.95. Number of nodes 37
EtherApe-INFO: 23:27:57.909: New node: IP: 207.241.237.8. Number of nodes 38
EtherApe-INFO: 23:27:58.136: New node: IP: 52.222.226.205. Number of nodes 39
EtherApe-INFO: 23:27:58.655: New node: IP: 108.138.51.88. Number of nodes 40
EtherApe-INFO: 23:27:59.165: New node: IP: 192.178.25.170. Number of nodes 41
EtherApe-INFO: 23:27:59.417: New node: IP: 18.244.126.108. Number of nodes 42
EtherApe-INFO: 23:27:59.417: New node: IP: 45.57.40.1. Number of nodes 43
EtherApe-INFO: 23:27:59.418: New node: IP: 45.57.41.1. Number of nodes 44
EtherApe-INFO: 23:27:59.418: New node: IP: 45.57.80.145. Number of nodes 45
EtherApe-INFO: 23:28:00.188: New node: IP: 13.32.27.58. Number of nodes 46
EtherApe-INFO: 23:28:00.207: New node: IP: 8.8.4.4. Number of nodes 47
EtherApe-INFO: 23:28:00.212: New node: IP: 2.23.97.18. Number of nodes 48
EtherApe-INFO: 23:28:00.440: New node: IP: 142.250.203.193. Number of nodes 49
EtherApe-INFO: 23:28:00.449: New node: IP: 34.107.140.113. Number of nodes 50
EtherApe-INFO: 23:28:00.450: New node: IP: 185.83.142.19. Number of nodes 51
EtherApe-INFO: 23:28:02.233: New node: IP: 87.245.217.79. Number of nodes 52
EtherApe-INFO: 23:28:02.744: New node: IP: 142.250.203.138. Number of nodes 53
EtherApe-INFO: 23:28:03.265: New node: IP: 34.120.230.83. Number of nodes 54
EtherApe-INFO: 23:28:03.515: New node: IP: 142.250.203.195. Number of nodes 55
EtherApe-INFO: 23:28:03.516: New node: IP: 204.79.197.200. Number of nodes 56
EtherApe-INFO: 23:28:03.516: New node: IP: 199.232.16.84. Number of nodes 57
EtherApe-INFO: 23:28:03.524: New node: IP: 151.101.128.84. Number of nodes 58
EtherApe-INFO: 23:28:03.771: New node: IP: 34.160.152.31. Number of nodes 59
EtherApe-INFO: 23:28:03.775: New node: IP: 52.29.123.56. Number of nodes 60
EtherApe-INFO: 23:28:04.030: New node: IP: 216.239.36.181. Number of nodes 61
EtherApe-INFO: 23:28:04.282: New node: IP: 176.122.96.225. Number of nodes 62
EtherApe-INFO: 23:28:04.283: New node: IP: 52.214.151.249. Number of nodes 63
EtherApe-INFO: 23:28:04.796: New node: IP: 104.18.10.47. Number of nodes 64
EtherApe-INFO: 23:28:04.799: New node: IP: 172.64.155.188. Number of nodes 65
EtherApe-INFO: 23:28:05.050: New node: IP: 54.73.148.110. Number of nodes 66
EtherApe-INFO: 23:28:06.585: New node: IP: 35.244.133.240. Number of nodes 67
EtherApe-INFO: 23:28:09.400: New node: IP: 34.120.121.20. Number of nodes 68
EtherApe-INFO: 23:28:10.680: New node: IP: 149.154.167.216. Number of nodes 69
EtherApe-INFO: 23:28:13.016: New node: IP: 149.154.167.255. Number of nodes 70
EtherApe-INFO: 23:28:17.493: New node: IP: 172.217.16.46. Number of nodes 71
EtherApe-INFO: 23:28:18.142: New node: IP: 34.149.66.134. Number of nodes 72
EtherApe-INFO: 23:28:18.358: New node: IP: 139.45.205.13. Number of nodes 73
EtherApe-INFO: 23:28:36.369: New node: IP: 45.57.80.131. Number of nodes 74
EtherApe-INFO: 23:28:38.160: New node: IP: 34.117.65.55. Number of nodes 75
EtherApe-INFO: 23:28:38.160: New node: IP: 34.120.208.123. Number of nodes 76
EtherApe-INFO: 23:28:39.184: New node: IP: 108.138.17.104. Number of nodes 77
EtherApe-INFO: 23:28:39.184: New node: IP: 34.160.144.191. Number of nodes 78
EtherApe-INFO: 23:28:39.184: New node: IP: 104.18.13.33. Number of nodes 79
EtherApe-INFO: 23:28:39.184: New node: IP: 18.66.130.57. Number of nodes 80
EtherApe-INFO: 23:28:39.185: New node: IP: 104.17.183.52. Number of nodes 81
EtherApe-INFO: 23:28:39.185: New node: IP: 151.101.2.49. Number of nodes 82
EtherApe-INFO: 23:28:39.952: New node: IP: 104.16.42.65. Number of nodes 83
EtherApe-INFO: 23:28:39.953: New node: IP: 35.241.9.150. Number of nodes 84
EtherApe-INFO: 23:28:39.953: New node: IP: 18.66.112.24. Number of nodes 85
EtherApe-INFO: 23:28:39.953: New node: IP: 104.16.99.56. Number of nodes 86
EtherApe-INFO: 23:28:39.953: New node: IP: 104.19.188.97. Number of nodes 87
EtherApe-INFO: 23:28:39.953: New node: IP: 104.17.186.177. Number of nodes 88
EtherApe-INFO: 23:28:42.005: New node: IP: 185.199.109.153. Number of nodes 89
EtherApe-INFO: 23:28:42.006: New node: IP: 140.82.112.21. Number of nodes 90
EtherApe-INFO: 23:28:43.024: New node: IP: 185.199.109.133. Number of nodes 91
EtherApe-INFO: 23:28:43.024: New node: IP: 185.199.111.154. Number of nodes 92
EtherApe-INFO: 23:28:44.048: New node: IP: 140.82.113.25. Number of nodes 93
EtherApe-INFO: 23:28:44.058: New node: IP: 18.66.147.167. Number of nodes 94
EtherApe-INFO: 23:28:44.058: New node: IP: 140.82.121.3. Number of nodes 95
EtherApe-INFO: 23:28:46.096: New node: IP: 172.217.16.42. Number of nodes 96
EtherApe-INFO: 23:28:46.096: New node: IP: 142.250.186.202. Number of nodes 97
EtherApe-INFO: 23:28:46.097: New node: IP: 142.250.75.5. Number of nodes 98
EtherApe-INFO: 23:28:46.097: New node: IP: 18.66.122.108. Number of nodes 99
EtherApe-INFO: 23:28:48.144: New node: IP: 104.18.43.158. Number of nodes 100
EtherApe-INFO: 23:28:48.144: New node: IP: 142.250.203.202. Number of nodes 101
EtherApe-INFO: 23:28:49.168: New node: IP: 104.19.187.97. Number of nodes 102
EtherApe-INFO: 23:28:49.168: New node: IP: 140.82.121.5. Number of nodes 103
EtherApe-INFO: 23:28:49.169: New node: IP: 142.250.203.142. Number of nodes 104
EtherApe-INFO: 23:28:50.192: New node: IP: 104.22.56.102. Number of nodes 105
EtherApe-INFO: 23:28:50.961: New node: IP: 13.32.27.86. Number of nodes 106
EtherApe-INFO: 23:28:50.961: New node: IP: 75.2.13.80. Number of nodes 107
EtherApe-INFO: 23:28:52.021: New node: IP: 54.211.106.206. Number of nodes 108
EtherApe-INFO: 23:28:52.022: New node: IP: 104.26.0.101. Number of nodes 109
EtherApe-INFO: 23:28:52.022: New node: IP: 172.64.147.123. Number of nodes 110
EtherApe-INFO: 23:28:52.022: New node: IP: 91.198.174.192. Number of nodes 111
EtherApe-INFO: 23:28:53.027: New node: IP: 151.101.129.208. Number of nodes 112
EtherApe-INFO: 23:28:58.912: New node: IP: 91.236.251.35. Number of nodes 113
EtherApe-INFO: 23:29:10.585: New node: IP: 54.171.227.38. Number of nodes 114
EtherApe-INFO: 23:29:12.120: New node: IP: 54.73.239.34. Number of nodes 115
EtherApe-INFO: 23:29:13.149: New node: IP: 128.2.42.95. Number of nodes 116
EtherApe-INFO: 23:29:13.406: New node: IP: 142.250.203.206. Number of nodes 117
EtherApe-INFO: 23:29:13.411: New node: IP: 139.59.209.225. Number of nodes 118
EtherApe-INFO: 23:29:13.414: New node: IP: 104.18.11.176. Number of nodes 119
EtherApe-INFO: 23:29:13.414: New node: IP: 193.193.193.93. Number of nodes 120
EtherApe-INFO: 23:29:13.438: New node: IP: 188.68.47.147. Number of nodes 121
EtherApe-INFO: 23:29:13.440: New node: IP: 5.45.72.163. Number of nodes 122
EtherApe-INFO: 23:29:13.675: New node: IP: 147.75.198.156. Number of nodes 123
EtherApe-INFO: 23:29:14.426: New node: IP: 151.101.192.204. Number of nodes 124
EtherApe-INFO: 23:29:14.437: New node: IP: 151.101.64.204. Number of nodes 125
EtherApe-INFO: 23:29:14.443: New node: IP: 151.101.128.204. Number of nodes 126
EtherApe-INFO: 23:29:14.446: New node: IP: 151.101.0.204. Number of nodes 127
EtherApe-INFO: 23:29:14.940: New node: IP: 89.46.106.40. Number of nodes 128
EtherApe-INFO: 23:29:14.941: New node: IP: 208.68.240.115. Number of nodes 129
EtherApe-INFO: 23:29:15.465: New node: IP: 91.198.174.208. Number of nodes 130
EtherApe-INFO: 23:29:15.705: New node: IP: 109.70.240.114. Number of nodes 131
EtherApe-INFO: 23:29:15.966: New node: IP: 194.150.169.131. Number of nodes 132
EtherApe-INFO: 23:29:17.498: New node: IP: 52.84.106.50. Number of nodes 133
EtherApe-INFO: 23:29:17.764: New node: IP: 104.21.68.198. Number of nodes 134
EtherApe-INFO: 23:29:17.764: New node: IP: 172.67.198.40. Number of nodes 135
EtherApe-INFO: 23:29:18.778: New node: IP: 108.138.51.96. Number of nodes 136
EtherApe-INFO: 23:29:19.289: New node: IP: 142.250.75.1. Number of nodes 137
EtherApe-INFO: 23:29:19.545: New node: IP: 104.18.10.207. Number of nodes 138
EtherApe-INFO: 23:29:20.312: New node: IP: 142.250.203.131. Number of nodes 139
EtherApe-INFO: 23:29:20.842: New node: IP: 52.222.236.115. Number of nodes 140
EtherApe-INFO: 23:29:21.380: New node: IP: 192.178.25.163. Number of nodes 141
EtherApe-INFO: 23:29:21.381: New node: IP: 142.250.75.14. Number of nodes 142
EtherApe-INFO: 23:29:21.383: New node: IP: 216.58.208.206. Number of nodes 143
EtherApe-INFO: 23:29:21.608: New node: IP: 216.58.215.78. Number of nodes 144
EtherApe-INFO: 23:29:22.106: New node: IP: 104.17.24.14. Number of nodes 145
EtherApe-INFO: 23:29:22.634: New node: IP: 45.57.90.1. Number of nodes 146
EtherApe-INFO: 23:29:22.894: New node: IP: 151.101.129.91. Number of nodes 147
EtherApe-INFO: 23:29:23.647: New node: IP: 136.144.57.121. Number of nodes 148
EtherApe-INFO: 23:29:25.144: New node: IP: 142.250.186.195. Number of nodes 149
EtherApe-INFO: 23:29:25.169: New node: IP: 142.250.203.145. Number of nodes 150
EtherApe-INFO: 23:29:25.386: New node: IP: 104.96.91.123. Number of nodes 151
EtherApe-INFO: 23:29:26.687: New node: IP: 104.25.94.5. Number of nodes 152
EtherApe-INFO: 23:29:27.019: New node: IP: 92.249.36.138. Number of nodes 153
EtherApe-INFO: 23:29:27.119: New node: IP: 192.178.25.174. Number of nodes 154
EtherApe-INFO: 23:29:27.298: New node: IP: 216.58.215.86. Number of nodes 155
EtherApe-INFO: 23:29:28.113: New node: IP: 104.18.23.126. Number of nodes 156
EtherApe-INFO: 23:29:29.397: New node: IP: 142.250.186.206. Number of nodes 157
EtherApe-INFO: 23:29:29.913: New node: IP: 142.250.186.205. Number of nodes 158
EtherApe-INFO: 23:29:30.417: New node: IP: 140.82.112.25. Number of nodes 159
EtherApe-INFO: 23:29:30.418: New node: IP: 104.17.182.177. Number of nodes 160
EtherApe-INFO: 23:29:30.425: New node: IP: 65.9.66.33. Number of nodes 161
EtherApe-INFO: 23:29:30.680: New node: IP: 104.18.0.175. Number of nodes 162
EtherApe-INFO: 23:29:30.685: New node: IP: 18.244.110.166. Number of nodes 163
EtherApe-INFO: 23:29:31.954: New node: IP: 54.170.39.204. Number of nodes 164
EtherApe-INFO: 23:29:33.233: New node: IP: 143.204.89.104. Number of nodes 165
EtherApe-INFO: 23:29:33.492: New node: IP: 13.224.189.48. Number of nodes 166
EtherApe-INFO: 23:29:33.495: New node: IP: 216.58.208.214. Number of nodes 167
EtherApe-INFO: 23:29:34.515: New node: IP: 35.165.68.166. Number of nodes 168
EtherApe-INFO: 23:29:34.516: New node: IP: 54.156.68.242. Number of nodes 169
EtherApe-INFO: 23:29:43.080: New node: IP: 3.230.124.52. Number of nodes 170
EtherApe-INFO: 23:29:45.000: New node: IP: 147.75.84.158. Number of nodes 171
EtherApe-INFO: 23:29:46.337: New node: IP: 54.187.196.215. Number of nodes 172
EtherApe-INFO: 23:29:55.181: delete node: IP: 104.21.3.46. Number of nodes 171
EtherApe-INFO: 23:29:55.647: delete node: IP: 172.67.158.124. Number of nodes 170
EtherApe-INFO: 23:29:56.798: delete node: IP: 104.18.34.10. Number of nodes 169
EtherApe-INFO: 23:29:56.949: New node: IP: 35.244.181.201. Number of nodes 170
EtherApe-INFO: 23:29:57.671: delete node: IP: 172.67.23.234. Number of nodes 169
EtherApe-INFO: 23:29:59.802: New node: IP: 142.250.203.129. Number of nodes 170
EtherApe-INFO: 23:30:02.281: New node: IP: 13.32.27.73. Number of nodes 171
EtherApe-INFO: 23:30:02.436: delete node: IP: 18.244.126.108. Number of nodes 170
EtherApe-INFO: 23:30:03.601: delete node: IP: 34.120.230.83. Number of nodes 169
EtherApe-INFO: 23:30:12.588: delete node: IP: 185.83.142.19. Number of nodes 168
EtherApe-INFO: 23:30:17.571: delete node: IP: 172.217.16.46. Number of nodes 167
EtherApe-INFO: 23:30:28.705: New node: IP: 104.16.88.20. Number of nodes 168
EtherApe-INFO: 23:30:29.935: New node: IP: 142.250.186.193. Number of nodes 169
EtherApe-INFO: 23:30:32.213: New node: IP: 172.217.16.33. Number of nodes 170
EtherApe-INFO: 23:30:51.709: New node: IP: 216.58.215.74. Number of nodes 171
EtherApe-INFO: 23:30:52.434: New node: IP: 172.217.16.34. Number of nodes 172
EtherApe-INFO: 23:30:54.359: delete node: IP: 52.214.151.249. Number of nodes 171
EtherApe-INFO: 23:30:59.004: delete node: IP: 91.236.251.35. Number of nodes 170
EtherApe-INFO: 23:31:05.893: delete node: IP: 149.154.167.255. Number of nodes 169
EtherApe-INFO: 23:31:07.173: New node: IP: 91.236.251.35. Number of nodes 170
EtherApe-INFO: 23:31:12.157: delete node: IP: 54.73.239.34. Number of nodes 169
EtherApe-INFO: 23:31:13.436: delete node: IP: 193.193.193.93. Number of nodes 168
EtherApe-INFO: 23:31:15.941: delete node: IP: 192.168.0.1. Number of nodes 167
EtherApe-INFO: 23:31:15.941: delete node: IP: 151.101.192.204. Number of nodes 166
EtherApe-INFO: 23:31:15.941: delete node: IP: 151.101.128.204. Number of nodes 165
EtherApe-INFO: 23:31:15.941: delete node: IP: 151.101.64.204. Number of nodes 164
EtherApe-INFO: 23:31:15.941: delete node: IP: 151.101.0.204. Number of nodes 163
EtherApe-INFO: 23:31:15.941: delete node: IP: 140.82.113.25. Number of nodes 162
EtherApe-INFO: 23:31:15.941: delete node: IP: 45.57.80.145. Number of nodes 161
EtherApe-INFO: 23:31:18.300: delete node: IP: 172.67.198.40. Number of nodes 160
EtherApe-INFO: 23:31:18.525: delete node: IP: 104.21.68.198. Number of nodes 159
EtherApe-INFO: 23:31:19.015: delete node: IP: 128.2.42.95. Number of nodes 158
EtherApe-INFO: 23:31:21.135: delete node: IP: 142.250.75.1. Number of nodes 157
EtherApe-INFO: 23:31:21.604: delete node: IP: 208.68.240.115. Number of nodes 156
EtherApe-INFO: 23:31:23.682: delete node: IP: 216.58.215.78. Number of nodes 155
EtherApe-INFO: 23:31:23.682: delete node: IP: 142.250.75.14. Number of nodes 154
EtherApe-INFO: 23:31:24.986: delete node: IP: 176.122.96.225. Number of nodes 153
EtherApe-INFO: 23:31:28.771: delete node: IP: 13.32.27.58. Number of nodes 152
EtherApe-INFO: 23:31:29.008: delete node: IP: 194.150.169.131. Number of nodes 151
EtherApe-INFO: 23:31:29.765: delete node: IP: 34.160.110.8. Number of nodes 150
EtherApe-INFO: 23:31:30.533: delete node: IP: 104.17.186.177. Number of nodes 149
EtherApe-INFO: 23:31:31.803: delete node: IP: 8.8.4.4. Number of nodes 148
EtherApe-INFO: 23:31:32.172: delete node: IP: 54.170.39.204. Number of nodes 147
EtherApe-INFO: 23:31:33.718: delete node: IP: 104.17.182.177. Number of nodes 146
EtherApe-INFO: 23:31:35.468: delete node: IP: 216.58.208.206. Number of nodes 145
EtherApe-INFO: 23:31:37.971: delete node: IP: 45.57.90.1. Number of nodes 144
EtherApe-INFO: 23:31:40.099: delete node: IP: 172.64.155.188. Number of nodes 143
EtherApe-INFO: 23:31:44.106: delete node: IP: 108.138.51.88. Number of nodes 142
EtherApe-INFO: 23:31:46.896: New node: IP: 208.68.240.115. Number of nodes 143
EtherApe-INFO: 23:31:46.910: delete node: IP: 3.230.124.52. Number of nodes 142
EtherApe-INFO: 23:31:48.442: delete node: IP: 5.45.72.163. Number of nodes 141
EtherApe-INFO: 23:31:49.054: delete node: IP: 45.57.41.1. Number of nodes 140
EtherApe-INFO: 23:31:49.307: delete node: IP: 45.57.40.1. Number of nodes 139
EtherApe-INFO: 23:32:02.000: New node: IP: 95.216.195.133. Number of nodes 140
EtherApe-INFO: 23:32:02.074: delete node: IP: 207.241.237.8. Number of nodes 139
EtherApe-INFO: 23:32:02.258: New node: IP: 35.201.103.21. Number of nodes 140
EtherApe-INFO: 23:32:02.515: New node: IP: 34.98.75.36. Number of nodes 141
EtherApe-INFO: 23:32:15.570: New node: IP: 95.216.144.15. Number of nodes 142
EtherApe-INFO: 23:32:19.669: New node: IP: 149.154.167.255. Number of nodes 143
EtherApe-INFO: 23:32:20.720: delete node: IP: 109.70.240.114. Number of nodes 142
EtherApe-INFO: 23:32:28.882: New node: IP: 213.230.210.231. Number of nodes 143
EtherApe-INFO: 23:32:30.725: delete node: IP: 140.82.112.21. Number of nodes 142
EtherApe-INFO: 23:32:30.725: delete node: IP: 34.120.208.123. Number of nodes 141
EtherApe-INFO: 23:32:30.725: delete node: IP: 34.117.65.55. Number of nodes 140
EtherApe-INFO: 23:32:31.757: delete node: IP: 108.138.17.104. Number of nodes 139
EtherApe-INFO: 23:32:31.757: delete node: IP: 104.18.13.33. Number of nodes 138
EtherApe-INFO: 23:32:31.757: delete node: IP: 35.241.9.150. Number of nodes 137
EtherApe-INFO: 23:32:33.775: delete node: IP: 52.29.123.56. Number of nodes 136
EtherApe-INFO: 23:32:35.378: delete node: IP: 54.171.227.38. Number of nodes 135
EtherApe-INFO: 23:32:35.378: delete node: IP: 54.156.68.242. Number of nodes 134
EtherApe-INFO: 23:32:35.378: delete node: IP: 35.165.68.166. Number of nodes 133
EtherApe-INFO: 23:32:36.347: delete node: IP: 188.68.47.147. Number of nodes 132
EtherApe-INFO: 23:32:36.826: delete node: IP: 18.66.147.167. Number of nodes 131
EtherApe-INFO: 23:32:37.870: delete node: IP: 192.178.25.170. Number of nodes 130
EtherApe-INFO: 23:32:37.870: delete node: IP: 18.66.122.108. Number of nodes 129
EtherApe-INFO: 23:32:38.921: delete node: IP: 45.57.80.131. Number of nodes 128
EtherApe-INFO: 23:32:39.122: New node: IP: 140.82.121.4. Number of nodes 129
EtherApe-INFO: 23:32:40.144: New node: IP: 34.117.65.55. Number of nodes 130
EtherApe-INFO: 23:32:40.146: New node: IP: 185.199.111.133. Number of nodes 131
EtherApe-INFO: 23:32:40.437: delete node: IP: 136.144.57.121. Number of nodes 130
EtherApe-INFO: 23:32:43.817: delete node: IP: 104.26.0.101. Number of nodes 129
EtherApe-INFO: 23:32:46.320: delete node: IP: 147.75.198.156. Number of nodes 128
EtherApe-INFO: 23:32:46.699: delete node: IP: 147.75.84.158. Number of nodes 127
EtherApe-INFO: 23:32:46.804: delete node: IP: 192.178.25.164. Number of nodes 126
EtherApe-INFO: 23:32:46.804: delete node: IP: 172.67.36.110. Number of nodes 125
EtherApe-INFO: 23:32:46.804: delete node: IP: 104.26.9.50. Number of nodes 124
EtherApe-INFO: 23:32:53.730: delete node: IP: 199.232.16.84. Number of nodes 123
EtherApe-INFO: 23:32:55.836: delete node: IP: 104.18.10.47. Number of nodes 122
EtherApe-INFO: 23:32:58.391: delete node: IP: 35.244.133.240. Number of nodes 121
EtherApe-INFO: 23:32:58.809: New node: IP: 104.17.33.105. Number of nodes 122
EtherApe-INFO: 23:33:05.978: New node: IP: 99.83.181.31. Number of nodes 123
EtherApe-INFO: 23:33:07.854: delete node: IP: 91.236.251.35. Number of nodes 122
EtherApe-INFO: 23:33:10.110: delete node: IP: 54.218.201.140. Number of nodes 121
EtherApe-INFO: 23:33:11.870: delete node: IP: 34.107.221.82. Number of nodes 120
EtherApe-INFO: 23:33:13.145: New node: IP: 104.18.120.34. Number of nodes 121
EtherApe-INFO: 23:33:13.401: New node: IP: 104.18.12.101. Number of nodes 122
EtherApe-INFO: 23:33:14.683: New node: IP: 142.250.203.200. Number of nodes 123
EtherApe-INFO: 23:33:14.940: New node: IP: 13.107.21.200. Number of nodes 124
EtherApe-INFO: 23:33:25.743: delete node: IP: 91.198.174.208. Number of nodes 123
EtherApe-INFO: 23:33:28.307: delete node: IP: 140.82.121.3. Number of nodes 122
EtherApe-INFO: 23:33:36.787: delete node: IP: 172.217.16.33. Number of nodes 121
EtherApe-INFO: 23:33:36.787: delete node: IP: 142.250.203.129. Number of nodes 120
EtherApe-INFO: 23:33:36.787: delete node: IP: 142.250.186.193. Number of nodes 119
EtherApe-INFO: 23:33:37.467: New node: IP: 142.250.75.3. Number of nodes 120
EtherApe-INFO: 23:33:39.295: delete node: IP: 104.96.91.123. Number of nodes 119
EtherApe-INFO: 23:33:39.768: New node: IP: 151.101.128.204. Number of nodes 120
EtherApe-INFO: 23:33:39.840: delete node: IP: 52.222.226.205. Number of nodes 119
EtherApe-INFO: 23:33:39.840: delete node: IP: 13.224.192.222. Number of nodes 118
EtherApe-INFO: 23:33:40.024: New node: IP: 151.101.0.204. Number of nodes 119
EtherApe-INFO: 23:33:40.024: New node: IP: 151.101.64.204. Number of nodes 120
EtherApe-INFO: 23:33:45.673: delete node: IP: 204.79.197.200. Number of nodes 119
EtherApe-INFO: 23:33:47.506: delete node: IP: 91.198.174.192. Number of nodes 118
EtherApe-INFO: 23:33:54.173: delete node: IP: 208.68.240.115. Number of nodes 117
EtherApe-INFO: 23:33:54.173: delete node: IP: 192.229.221.95. Number of nodes 116
EtherApe-INFO: 23:33:55.385: New node: IP: 104.18.40.133. Number of nodes 117
EtherApe-INFO: 23:33:55.898: New node: IP: 104.96.91.123. Number of nodes 118
EtherApe-INFO: 23:33:55.899: New node: IP: 99.86.8.175. Number of nodes 119
EtherApe-INFO: 23:33:56.159: New node: IP: 34.200.190.15. Number of nodes 120
EtherApe-INFO: 23:33:58.021: delete node: IP: 13.32.27.73. Number of nodes 119
EtherApe-INFO: 23:33:58.202: New node: IP: 151.101.193.208. Number of nodes 120
EtherApe-INFO: 23:34:02.297: New node: IP: 35.241.9.150. Number of nodes 121
EtherApe-INFO: 23:34:02.372: delete node: IP: 95.216.195.133. Number of nodes 120
EtherApe-INFO: 23:34:07.210: delete node: IP: 151.101.2.49. Number of nodes 119
EtherApe-INFO: 23:34:07.210: delete node: IP: 104.21.42.68. Number of nodes 118
EtherApe-INFO: 23:34:07.210: delete node: IP: 89.46.106.40. Number of nodes 117
EtherApe-INFO: 23:34:10.024: delete node: IP: 104.18.10.207. Number of nodes 116
EtherApe-INFO: 23:34:10.782: delete node: IP: 104.25.94.5. Number of nodes 115
EtherApe-INFO: 23:34:11.998: delete node: IP: 192.178.25.163. Number of nodes 114
EtherApe-INFO: 23:34:11.998: delete node: IP: 104.17.183.52. Number of nodes 113
EtherApe-INFO: 23:34:11.998: delete node: IP: 52.222.236.115. Number of nodes 112
EtherApe-INFO: 23:34:11.998: delete node: IP: 18.66.112.24. Number of nodes 111
EtherApe-INFO: 23:34:12.746: delete node: IP: 104.17.24.14. Number of nodes 110
EtherApe-INFO: 23:34:15.845: delete node: IP: 95.216.144.15. Number of nodes 109
EtherApe-INFO: 23:34:17.436: delete node: IP: 142.250.203.145. Number of nodes 108
EtherApe-INFO: 23:34:17.968: delete node: IP: 192.178.25.174. Number of nodes 107
EtherApe-INFO: 23:34:17.969: delete node: IP: 185.199.111.154. Number of nodes 106
EtherApe-INFO: 23:34:17.969: delete node: IP: 172.67.130.60. Number of nodes 105
EtherApe-INFO: 23:34:19.457: delete node: IP: 216.58.215.86. Number of nodes 104
EtherApe-INFO: 23:34:19.457: delete node: IP: 185.199.109.133. Number of nodes 103
EtherApe-INFO: 23:34:19.457: delete node: IP: 104.18.23.126. Number of nodes 102
EtherApe-INFO: 23:34:19.996: delete node: IP: 18.66.130.57. Number of nodes 101
EtherApe-INFO: 23:34:20.526: delete node: IP: 87.245.217.79. Number of nodes 100
EtherApe-INFO: 23:34:20.742: delete node: IP: 142.250.186.205. Number of nodes 99
EtherApe-INFO: 23:34:20.742: delete node: IP: 104.18.43.158. Number of nodes 98
EtherApe-INFO: 23:34:20.742: delete node: IP: 104.16.99.56. Number of nodes 97
EtherApe-INFO: 23:34:20.742: delete node: IP: 65.9.66.33. Number of nodes 96
EtherApe-INFO: 23:34:23.327: delete node: IP: 207.241.224.2. Number of nodes 95
EtherApe-INFO: 23:34:23.327: delete node: IP: 139.45.205.13. Number of nodes 94
EtherApe-INFO: 23:34:23.327: delete node: IP: 104.18.0.175. Number of nodes 93
EtherApe-INFO: 23:34:24.845: delete node: IP: 216.58.208.214. Number of nodes 92
EtherApe-INFO: 23:34:24.846: delete node: IP: 143.204.89.104. Number of nodes 91
EtherApe-INFO: 23:34:24.846: delete node: IP: 139.59.209.225. Number of nodes 90
EtherApe-INFO: 23:34:24.846: delete node: IP: 104.18.11.176. Number of nodes 89
EtherApe-INFO: 23:34:24.846: delete node: IP: 13.224.189.48. Number of nodes 88
EtherApe-INFO: 23:34:25.809: delete node: IP: 104.16.42.65. Number of nodes 87
EtherApe-INFO: 23:34:26.824: New node: IP: 142.250.75.4. Number of nodes 88
EtherApe-INFO: 23:34:26.881: delete node: IP: 104.26.7.139. Number of nodes 87
EtherApe-INFO: 23:34:26.881: delete node: IP: 104.22.56.102. Number of nodes 86
EtherApe-INFO: 23:34:26.881: delete node: IP: 104.18.20.206. Number of nodes 85
EtherApe-INFO: 23:34:27.594: New node: IP: 172.217.16.46. Number of nodes 86
EtherApe-INFO: 23:34:27.956: delete node: IP: 130.211.23.194. Number of nodes 85
EtherApe-INFO: 23:34:27.956: delete node: IP: 34.107.140.113. Number of nodes 84
EtherApe-INFO: 23:34:27.956: delete node: IP: 13.32.121.27. Number of nodes 83
EtherApe-INFO: 23:34:27.956: delete node: IP: 13.32.27.86. Number of nodes 82
EtherApe-INFO: 23:34:29.666: delete node: IP: 104.19.188.97. Number of nodes 81
EtherApe-INFO: 23:34:29.666: delete node: IP: 54.211.106.206. Number of nodes 80
EtherApe-INFO: 23:34:29.988: delete node: IP: 172.217.16.42. Number of nodes 79
EtherApe-INFO: 23:34:29.988: delete node: IP: 104.26.2.70. Number of nodes 78
EtherApe-INFO: 23:34:29.988: delete node: IP: 104.22.4.69. Number of nodes 77
EtherApe-INFO: 23:34:29.988: delete node: IP: 104.19.187.97. Number of nodes 76
EtherApe-INFO: 23:34:35.585: delete node: IP: 149.154.167.255. Number of nodes 75
EtherApe-INFO: 23:34:35.585: delete node: IP: 142.250.186.200. Number of nodes 74
EtherApe-INFO: 23:34:35.585: delete node: IP: 18.244.110.166. Number of nodes 73
EtherApe-INFO: 23:34:36.335: delete node: IP: 104.17.32.105. Number of nodes 72
EtherApe-INFO: 23:34:37.620: delete node: IP: 216.239.36.181. Number of nodes 71
EtherApe-INFO: 23:34:37.620: delete node: IP: 207.241.237.3. Number of nodes 70
EtherApe-INFO: 23:34:37.837: delete node: IP: 75.2.13.80. Number of nodes 69
EtherApe-INFO: 23:34:40.185: delete node: IP: 172.64.147.123. Number of nodes 68
EtherApe-INFO: 23:34:40.185: delete node: IP: 34.117.65.55. Number of nodes 67
EtherApe-INFO: 23:34:40.185: delete node: IP: 18.244.108.67. Number of nodes 66
EtherApe-INFO: 23:34:43.300: delete node: IP: 142.250.203.195. Number of nodes 65
EtherApe-INFO: 23:34:46.636: delete node: IP: 216.58.215.74. Number of nodes 64
EtherApe-INFO: 23:34:49.441: delete node: IP: 216.58.215.67. Number of nodes 63
EtherApe-INFO: 23:34:49.441: delete node: IP: 35.244.181.201. Number of nodes 62
EtherApe-INFO: 23:34:53.541: delete node: IP: 213.230.210.231. Number of nodes 61
EtherApe-INFO: 23:34:53.752: delete node: IP: 142.250.186.206. Number of nodes 60
EtherApe-INFO: 23:34:58.400: delete node: IP: 216.58.209.3. Number of nodes 59
EtherApe-INFO: 23:35:00.873: New node: IP: 52.29.123.56. Number of nodes 60
EtherApe-INFO: 23:35:00.879: delete node: IP: 151.101.129.208. Number of nodes 59
EtherApe-INFO: 23:35:13.188: delete node: IP: 104.18.120.34. Number of nodes 58
EtherApe-INFO: 23:35:14.026: delete node: IP: 142.250.203.202. Number of nodes 57
EtherApe-INFO: 23:35:19.374: delete node: IP: 104.16.88.20. Number of nodes 56
EtherApe-INFO: 23:35:21.962: delete node: IP: 34.120.121.20. Number of nodes 55
EtherApe-INFO: 23:35:23.400: New node: IP: 91.236.251.35. Number of nodes 56
EtherApe-INFO: 23:35:27.087: delete node: IP: 149.154.167.216. Number of nodes 55
EtherApe-INFO: 23:35:29.545: New node: IP: 34.120.208.123. Number of nodes 56
EtherApe-INFO: 23:35:37.843: delete node: IP: 34.160.152.31. Number of nodes 55
EtherApe-INFO: 23:35:40.648: delete node: IP: 151.101.128.204. Number of nodes 54
EtherApe-INFO: 23:35:40.648: delete node: IP: 151.101.64.204. Number of nodes 53
EtherApe-INFO: 23:35:40.648: delete node: IP: 151.101.0.204. Number of nodes 52
EtherApe-INFO: 23:35:42.908: delete node: IP: 216.58.209.14. Number of nodes 51
EtherApe-INFO: 23:35:43.982: delete node: IP: 172.217.16.34. Number of nodes 50
EtherApe-INFO: 23:35:56.475: delete node: IP: 142.250.203.200. Number of nodes 49
EtherApe-INFO: 23:35:56.475: delete node: IP: 104.96.91.123. Number of nodes 48
EtherApe-INFO: 23:35:58.514: delete node: IP: 52.84.106.50. Number of nodes 47
EtherApe-INFO: 23:36:00.880: delete node: IP: 34.200.190.15. Number of nodes 46
EtherApe-INFO: 23:36:02.312: New node: IP: 52.222.236.120. Number of nodes 47
EtherApe-INFO: 23:36:02.825: New node: IP: 34.160.90.233. Number of nodes 48
EtherApe-INFO: 23:36:02.831: New node: IP: 13.33.4.108. Number of nodes 49
EtherApe-INFO: 23:36:03.083: New node: IP: 35.244.181.201. Number of nodes 50
EtherApe-INFO: 23:36:18.520: delete node: IP: 142.250.186.202. Number of nodes 49
EtherApe-INFO: 23:36:19.487: delete node: IP: 151.101.129.91. Number of nodes 48
EtherApe-INFO: 23:36:21.538: delete node: IP: 142.250.75.5. Number of nodes 47
EtherApe-INFO: 23:36:30.769: delete node: IP: 142.250.203.131. Number of nodes 46
EtherApe-INFO: 23:36:31.233: New node: IP: 149.154.167.216. Number of nodes 47
EtherApe-INFO: 23:36:40.228: delete node: IP: 140.82.121.4. Number of nodes 46
EtherApe-INFO: 23:36:41.308: delete node: IP: 140.82.121.5. Number of nodes 45
EtherApe-INFO: 23:36:52.481: New node: IP: 52.24.176.164. Number of nodes 46
EtherApe-INFO: 23:36:54.029: delete node: IP: 35.201.103.21. Number of nodes 45
EtherApe-INFO: 23:36:54.030: delete node: IP: 34.98.75.36. Number of nodes 44
EtherApe-INFO: 23:37:01.954: New node: IP: 95.216.195.133. Number of nodes 45
EtherApe-INFO: 23:37:24.031: delete node: IP: 91.236.251.35. Number of nodes 44
EtherApe-INFO: 23:37:27.092: delete node: IP: 13.107.21.200. Number of nodes 43
EtherApe-INFO: 23:37:30.710: delete node: IP: 185.199.111.133. Number of nodes 42
EtherApe-INFO: 23:37:37.818: delete node: IP: 142.250.203.193. Number of nodes 41
EtherApe-INFO: 23:37:40.096: New node: IP: 34.117.65.55. Number of nodes 42
EtherApe-INFO: 23:37:48.803: New node: IP: 142.250.186.205. Number of nodes 43
EtherApe-INFO: 23:37:49.849: delete node: IP: 104.17.33.105. Number of nodes 42
EtherApe-INFO: 23:37:56.520: delete node: IP: 99.83.181.31. Number of nodes 41
EtherApe-INFO: 23:37:58.862: delete node: IP: 2.23.97.18. Number of nodes 40
EtherApe-INFO: 23:38:08.108: delete node: IP: 142.250.186.196. Number of nodes 39
EtherApe-INFO: 23:38:08.108: delete node: IP: 142.250.186.195. Number of nodes 38
EtherApe-INFO: 23:38:08.108: delete node: IP: 104.18.12.101. Number of nodes 37
EtherApe-INFO: 23:38:08.108: delete node: IP: 92.249.36.138. Number of nodes 36
EtherApe-INFO: 23:38:13.190: delete node: IP: 151.101.128.84. Number of nodes 35
EtherApe-INFO: 23:38:18.057: delete node: IP: 142.250.203.206. Number of nodes 34
EtherApe-INFO: 23:38:19.862: delete node: IP: 185.199.109.153. Number of nodes 33
EtherApe-INFO: 23:38:22.399: delete node: IP: 104.18.121.34. Number of nodes 32
EtherApe-INFO: 23:38:37.953: New node: IP: 104.22.4.69. Number of nodes 33
EtherApe-INFO: 23:38:40.002: New node: IP: 34.107.140.113. Number of nodes 34
EtherApe-INFO: 23:38:40.003: New node: IP: 185.89.210.180. Number of nodes 35
EtherApe-INFO: 23:38:42.049: New node: IP: 34.160.152.31. Number of nodes 36
EtherApe-INFO: 23:38:42.817: New node: IP: 104.18.120.34. Number of nodes 37
EtherApe-INFO: 23:38:46.750: delete node: IP: 149.154.167.216. Number of nodes 36
EtherApe-INFO: 23:38:47.988: delete node: IP: 99.86.8.175. Number of nodes 35
EtherApe-INFO: 23:38:50.050: delete node: IP: 151.101.193.208. Number of nodes 34
EtherApe-INFO: 23:38:50.050: delete node: IP: 54.187.196.215. Number of nodes 33
EtherApe-INFO: 23:38:53.143: delete node: IP: 35.241.9.150. Number of nodes 32
EtherApe-INFO: 23:38:53.144: delete node: IP: 34.160.144.191. Number of nodes 31
EtherApe-INFO: 23:39:02.538: delete node: IP: 95.216.195.133. Number of nodes 30
EtherApe-INFO: 23:39:09.966: delete node: IP: 104.18.40.133. Number of nodes 29
EtherApe-INFO: 23:39:29.258: delete node: IP: 172.217.16.46. Number of nodes 28
EtherApe-INFO: 23:39:30.719: delete node: IP: 142.250.75.4. Number of nodes 27
EtherApe-INFO: 23:39:41.281: delete node: IP: 34.117.65.55. Number of nodes 26
EtherApe-INFO: 23:39:50.912: New node: IP: 54.170.39.204. Number of nodes 27
EtherApe-INFO: 23:40:20.880: delete node: IP: 34.120.208.123. Number of nodes 26
EtherApe-INFO: 23:40:28.296: delete node: IP: 54.73.148.110. Number of nodes 25
EtherApe-INFO: 23:40:35.985: delete node: IP: 52.29.123.56. Number of nodes 24
EtherApe-INFO: 23:40:40.636: delete node: IP: 34.107.140.113. Number of nodes 23
EtherApe-INFO: 23:40:40.636: delete node: IP: 8.8.8.8. Number of nodes 22
EtherApe-INFO: 23:40:51.903: delete node: IP: 185.89.210.180. Number of nodes 21
EtherApe-INFO: 23:40:54.157: delete node: IP: 52.222.236.120. Number of nodes 20
EtherApe-INFO: 23:40:54.157: delete node: IP: 35.244.181.201. Number of nodes 19
EtherApe-INFO: 23:40:54.157: delete node: IP: 34.160.90.233. Number of nodes 18
EtherApe-INFO: 23:40:57.230: delete node: IP: 13.33.4.108. Number of nodes 17
EtherApe-INFO: 23:41:10.543: delete node: IP: 34.160.152.31. Number of nodes 16
EtherApe-INFO: 23:41:12.598: delete node: IP: 54.75.69.192. Number of nodes 15
EtherApe-INFO: 23:41:57.925: delete node: IP: 54.170.39.204. Number of nodes 14
EtherApe-INFO: 23:42:01.984: New node: IP: 8.8.8.8. Number of nodes 15
EtherApe-INFO: 23:42:01.985: New node: IP: 95.216.195.133. Number of nodes 16
EtherApe-INFO: 23:42:02.001: delete node: IP: 52.24.176.164. Number of nodes 15
EtherApe-INFO: 23:42:40.204: delete node: IP: 142.250.186.205. Number of nodes 14
EtherApe-INFO: 23:42:40.384: New node: IP: 34.117.65.55. Number of nodes 15
EtherApe-INFO: 23:43:16.481: New node: IP: 52.24.176.164. Number of nodes 16
EtherApe-INFO: 23:43:30.049: New node: IP: 216.58.215.101. Number of nodes 17
EtherApe-INFO: 23:43:30.074: delete node: IP: 104.22.4.69. Number of nodes 16
EtherApe-INFO: 23:43:34.164: delete node: IP: 104.18.120.34. Number of nodes 15
EtherApe-INFO: 23:43:36.192: New node: IP: 142.250.203.196. Number of nodes 16
EtherApe-INFO: 23:43:45.409: New node: IP: 172.217.16.14. Number of nodes 17
EtherApe-INFO: 23:43:55.648: New node: IP: 91.236.251.35. Number of nodes 18
EtherApe-INFO: 23:44:03.652: delete node: IP: 95.216.195.133. Number of nodes 17
EtherApe-INFO: 23:44:40.704: delete node: IP: 34.117.65.55. Number of nodes 16
EtherApe-INFO: 23:45:02.978: New node: IP: 142.250.203.206. Number of nodes 17
EtherApe-INFO: 23:45:04.771: New node: IP: 108.138.51.88. Number of nodes 18
EtherApe-INFO: 23:45:22.268: delete node: IP: 216.58.215.69. Number of nodes 17
EtherApe-INFO: 23:45:45.827: delete node: IP: 8.8.8.8. Number of nodes 16
EtherApe-INFO: 23:45:47.521: New node: IP: 142.250.203.195. Number of nodes 17
EtherApe-INFO: 23:45:50.338: New node: IP: 34.120.208.123. Number of nodes 18
EtherApe-INFO: 23:45:50.343: New node: IP: 142.250.203.131. Number of nodes 19
EtherApe-INFO: 23:45:51.105: New node: IP: 216.58.208.202. Number of nodes 20
EtherApe-INFO: 23:45:51.362: New node: IP: 8.8.8.8. Number of nodes 21
EtherApe-INFO: 23:45:51.365: New node: IP: 142.250.75.2. Number of nodes 22
EtherApe-INFO: 23:45:51.619: New node: IP: 172.217.16.34. Number of nodes 23
EtherApe-INFO: 23:45:51.875: New node: IP: 142.250.203.141. Number of nodes 24
EtherApe-INFO: 23:45:52.641: New node: IP: 142.250.186.202. Number of nodes 25
EtherApe-INFO: 23:45:55.741: delete node: IP: 91.236.251.35. Number of nodes 24
EtherApe-INFO: 23:45:57.761: New node: IP: 172.217.16.33. Number of nodes 25
EtherApe-INFO: 23:46:17.264: delete node: IP: 52.24.176.164. Number of nodes 24
EtherApe-INFO: 23:47:02.016: New node: IP: 95.216.195.133. Number of nodes 25
EtherApe-INFO: 23:47:40.416: New node: IP: 34.117.65.55. Number of nodes 26
EtherApe-INFO: 23:47:52.196: delete node: IP: 216.58.208.202. Number of nodes 25
EtherApe-INFO: 23:47:58.117: delete node: IP: 172.217.16.33. Number of nodes 24
EtherApe-INFO: 23:48:16.256: New node: IP: 216.58.208.202. Number of nodes 25
EtherApe-INFO: 23:48:21.389: delete node: IP: 216.58.215.101. Number of nodes 24
EtherApe-INFO: 23:48:31.105: New node: IP: 142.250.203.133. Number of nodes 25
EtherApe-INFO: 23:48:39.554: New node: IP: 192.178.25.174. Number of nodes 26
EtherApe-INFO: 23:49:03.157: delete node: IP: 108.138.51.88. Number of nodes 25
EtherApe-INFO: 23:49:03.157: delete node: IP: 95.216.195.133. Number of nodes 24
EtherApe-INFO: 23:49:40.784: delete node: IP: 34.117.65.55. Number of nodes 23
EtherApe-INFO: 23:49:47.715: delete node: IP: 142.250.203.195. Number of nodes 22
EtherApe-INFO: 23:49:54.826: delete node: IP: 142.250.203.206. Number of nodes 21
EtherApe-INFO: 23:50:13.504: New node: IP: 54.170.39.204. Number of nodes 22
EtherApe-INFO: 23:50:16.870: delete node: IP: 216.58.208.202. Number of nodes 21
EtherApe-INFO: 23:50:18.114: New node: IP: 54.75.137.188. Number of nodes 22
EtherApe-INFO: 23:50:40.129: New node: IP: 216.58.208.202. Number of nodes 23
EtherApe-INFO: 23:50:43.301: delete node: IP: 172.217.16.34. Number of nodes 22
EtherApe-INFO: 23:50:43.301: delete node: IP: 142.250.203.131. Number of nodes 21
EtherApe-INFO: 23:50:43.301: delete node: IP: 142.250.75.2. Number of nodes 20
EtherApe-INFO: 23:50:43.301: delete node: IP: 34.120.208.123. Number of nodes 19
EtherApe-INFO: 23:50:45.268: delete node: IP: 142.250.186.202. Number of nodes 18
EtherApe-INFO: 23:51:00.394: delete node: IP: 192.178.25.174. Number of nodes 17
EtherApe-INFO: 23:51:23.648: New node: IP: 52.29.123.56. Number of nodes 18
EtherApe-INFO: 23:51:48.481: New node: IP: 52.24.176.164. Number of nodes 19
EtherApe-INFO: 23:52:02.048: New node: IP: 95.216.195.133. Number of nodes 20
EtherApe-INFO: 23:52:06.401: New node: IP: 192.178.25.174. Number of nodes 21
EtherApe-INFO: 23:52:16.228: delete node: IP: 54.170.39.204. Number of nodes 20
EtherApe-INFO: 23:52:18.531: delete node: IP: 54.75.137.188. Number of nodes 19
EtherApe-INFO: 23:52:40.206: delete node: IP: 216.58.208.202. Number of nodes 18
EtherApe-INFO: 23:52:40.704: New node: IP: 34.117.65.55. Number of nodes 19
EtherApe-INFO: 23:53:10.658: New node: IP: 149.154.167.216. Number of nodes 20
EtherApe-INFO: 23:53:17.056: New node: IP: 108.138.51.88. Number of nodes 21
EtherApe-INFO: 23:53:30.203: delete node: IP: 142.250.203.196. Number of nodes 20
EtherApe-INFO: 23:53:32.199: New node: IP: 142.250.75.5. Number of nodes 21
EtherApe-INFO: 23:53:32.205: delete node: IP: 142.250.203.141. Number of nodes 20
EtherApe-INFO: 23:53:48.289: New node: IP: 216.58.215.78. Number of nodes 21
EtherApe-INFO: 23:54:03.428: delete node: IP: 95.216.195.133. Number of nodes 20
EtherApe-INFO: 23:54:03.428: delete node: IP: 8.8.8.8. Number of nodes 19
EtherApe-INFO: 23:54:06.993: delete node: IP: 192.178.25.174. Number of nodes 18
EtherApe-INFO: 23:54:41.076: delete node: IP: 34.117.65.55. Number of nodes 17
EtherApe-INFO: 23:54:56.230: delete node: IP: 142.250.203.133. Number of nodes 16
EtherApe-INFO: 23:55:09.498: delete node: IP: 172.217.16.14. Number of nodes 15
EtherApe-INFO: 23:55:11.745: New node: IP: 140.82.121.4. Number of nodes 16
EtherApe-INFO: 23:55:12.001: New node: IP: 140.82.113.22. Number of nodes 17
EtherApe-INFO: 23:55:12.001: New node: IP: 142.250.203.132. Number of nodes 18
EtherApe-INFO: 23:55:12.256: New node: IP: 8.8.8.8. Number of nodes 19
EtherApe-INFO: 23:55:13.029: New node: IP: 140.82.121.6. Number of nodes 20
EtherApe-INFO: 23:55:13.536: New node: IP: 185.199.111.133. Number of nodes 21
EtherApe-INFO: 23:55:14.049: New node: IP: 185.199.108.154. Number of nodes 22
EtherApe-INFO: 23:55:14.052: New node: IP: 172.217.16.42. Number of nodes 23
EtherApe-INFO: 23:55:14.568: New node: IP: 140.82.114.26. Number of nodes 24
EtherApe-INFO: 23:56:41.601: New node: IP: 54.187.196.215. Number of nodes 25
EtherApe-INFO: 23:57:02.080: New node: IP: 95.216.195.133. Number of nodes 26
EtherApe-INFO: 23:57:11.808: New node: IP: 216.58.208.202. Number of nodes 27
EtherApe-INFO: 23:57:12.346: delete node: IP: 108.138.51.88. Number of nodes 26
EtherApe-INFO: 23:57:14.451: delete node: IP: 140.82.112.25. Number of nodes 25
EtherApe-INFO: 23:57:14.979: delete node: IP: 172.217.16.42. Number of nodes 24
EtherApe-INFO: 23:57:31.009: New node: IP: 216.58.215.106. Number of nodes 25
EtherApe-INFO: 23:57:40.224: New node: IP: 34.117.65.55. Number of nodes 26
EtherApe-INFO: 23:57:42.017: New node: IP: 216.58.209.14. Number of nodes 27
EtherApe-INFO: 23:57:42.068: delete node: IP: 149.154.167.216. Number of nodes 26
EtherApe-INFO: 23:57:50.209: New node: IP: 142.250.203.141. Number of nodes 27
EtherApe-INFO: 23:57:56.690: delete node: IP: 52.29.123.56. Number of nodes 26
EtherApe-INFO: 23:58:23.297: delete node: IP: 142.250.75.5. Number of nodes 25
EtherApe-INFO: 23:58:33.217: New node: IP: 172.217.16.5. Number of nodes 26
EtherApe-INFO: 23:58:40.236: delete node: IP: 52.24.176.164. Number of nodes 25
EtherApe-INFO: 23:58:49.602: New node: IP: 52.24.176.164. Number of nodes 26
EtherApe-INFO: 23:59:02.420: delete node: IP: 95.216.195.133. Number of nodes 25
EtherApe-INFO: 23:59:31.177: delete node: IP: 140.82.113.22. Number of nodes 24
EtherApe-INFO: 23:59:32.127: delete node: IP: 140.82.121.6. Number of nodes 23
EtherApe-INFO: 23:59:35.178: delete node: IP: 216.58.208.202. Number of nodes 22
EtherApe-INFO: 23:59:38.849: delete node: IP: 216.58.215.78. Number of nodes 21
EtherApe-INFO: 23:59:41.060: delete node: IP: 34.117.65.55. Number of nodes 20
EtherApe-INFO: 23:59:42.427: delete node: IP: 54.187.196.215. Number of nodes 19
EtherApe-INFO: 23:59:49.506: New node: IP: 104.26.0.101. Number of nodes 20
EtherApe-INFO: 00:00:04.367: delete node: IP: 142.250.203.132. Number of nodes 19
EtherApe-INFO: 00:00:05.122: New node: IP: 108.138.51.88. Number of nodes 20
EtherApe-INFO: 00:00:05.390: New node: IP: 54.74.73.31. Number of nodes 21
EtherApe-INFO: 00:00:07.433: delete node: IP: 185.199.111.133. Number of nodes 20
EtherApe-INFO: 00:00:20.568: delete node: IP: 185.199.108.154. Number of nodes 19
EtherApe-INFO: 00:00:36.097: New node: IP: 54.75.137.188. Number of nodes 20
EtherApe-INFO: 00:00:40.449: New node: IP: 52.51.253.173. Number of nodes 21
EtherApe-INFO: 00:00:59.904: New node: IP: 91.236.251.35. Number of nodes 22
EtherApe-INFO: 00:01:26.032: delete node: IP: 140.82.121.4. Number of nodes 21
EtherApe-INFO: 00:01:52.472: delete node: IP: 52.24.176.164. Number of nodes 20
EtherApe-INFO: 00:02:02.112: New node: IP: 95.216.195.133. Number of nodes 21
EtherApe-INFO: 00:02:37.271: delete node: IP: 54.75.137.188. Number of nodes 20
EtherApe-INFO: 00:02:40.841: delete node: IP: 52.51.253.173. Number of nodes 19
EtherApe-INFO: 00:02:41.025: New node: IP: 34.117.65.55. Number of nodes 20
EtherApe-INFO: 00:02:41.025: New node: IP: 35.241.9.150. Number of nodes 21
EtherApe-INFO: 00:02:41.281: New node: IP: 2.16.172.25. Number of nodes 22
EtherApe-INFO: 00:02:41.575: delete node: IP: 216.58.215.106. Number of nodes 21
EtherApe-INFO: 00:02:41.575: delete node: IP: 142.250.203.141. Number of nodes 20
EtherApe-INFO: 00:03:00.318: delete node: IP: 91.236.251.35. Number of nodes 19
EtherApe-INFO: 00:03:05.600: New node: IP: 52.24.176.164. Number of nodes 20
EtherApe-INFO: 00:03:35.042: New node: IP: 216.58.208.197. Number of nodes 21
EtherApe-INFO: 00:03:38.113: New node: IP: 140.82.121.5. Number of nodes 22
EtherApe-INFO: 00:03:39.649: New node: IP: 142.250.75.14. Number of nodes 23
EtherApe-INFO: 00:03:50.914: New node: IP: 192.178.25.174. Number of nodes 24
EtherApe-INFO: 00:03:58.337: New node: IP: 172.67.70.239. Number of nodes 25
EtherApe-INFO: 00:04:02.724: delete node: IP: 108.138.51.88. Number of nodes 24
EtherApe-INFO: 00:04:02.724: delete node: IP: 95.216.195.133. Number of nodes 23
EtherApe-INFO: 00:04:16.513: New node: IP: 52.29.123.56. Number of nodes 24
EtherApe-INFO: 00:04:40.651: delete node: IP: 104.26.0.101. Number of nodes 23
EtherApe-INFO: 00:04:56.741: delete node: IP: 54.74.73.31. Number of nodes 22
EtherApe-INFO: 00:05:10.327: delete node: IP: 216.58.209.14. Number of nodes 21
EtherApe-INFO: 00:05:28.509: delete node: IP: 172.217.16.5. Number of nodes 20
EtherApe-INFO: 00:05:38.177: New node: IP: 34.120.208.123. Number of nodes 21
EtherApe-INFO: 00:05:58.437: delete node: IP: 8.8.8.8. Number of nodes 20
EtherApe-INFO: 00:06:06.147: delete node: IP: 52.24.176.164. Number of nodes 19
EtherApe-INFO: 00:06:14.794: New node: IP: 142.250.203.202. Number of nodes 20
EtherApe-INFO: 00:06:15.812: New node: IP: 216.58.208.196. Number of nodes 21
EtherApe-INFO: 00:06:15.813: New node: IP: 142.250.203.133. Number of nodes 22
EtherApe-INFO: 00:06:15.821: New node: IP: 52.24.176.164. Number of nodes 23
EtherApe-INFO: 00:06:16.065: New node: IP: 8.8.8.8. Number of nodes 24
EtherApe-INFO: 00:06:16.588: New node: IP: 216.58.215.65. Number of nodes 25
EtherApe-INFO: 00:06:16.835: New node: IP: 216.58.208.194. Number of nodes 26
EtherApe-INFO: 00:06:17.354: New node: IP: 142.250.203.195. Number of nodes 27
EtherApe-INFO: 00:06:18.594: New node: IP: 142.250.75.1. Number of nodes 28
EtherApe-INFO: 00:06:18.603: New node: IP: 216.58.209.1. Number of nodes 29
EtherApe-INFO: 00:06:37.371: New node: IP: 104.17.33.105. Number of nodes 30
EtherApe-INFO: 00:06:41.524: delete node: IP: 2.16.172.25. Number of nodes 29
EtherApe-INFO: 00:07:01.944: New node: IP: 95.216.195.133. Number of nodes 30
EtherApe-INFO: 00:07:36.571: delete node: IP: 34.117.65.55. Number of nodes 29
EtherApe-INFO: 00:07:37.634: delete node: IP: 35.241.9.150. Number of nodes 28
EtherApe-INFO: 00:07:38.371: delete node: IP: 140.82.121.5. Number of nodes 27
EtherApe-INFO: 00:07:46.489: New node: IP: 34.117.65.55. Number of nodes 28
EtherApe-INFO: 00:07:52.121: New node: IP: 192.178.25.173. Number of nodes 29
EtherApe-INFO: 00:08:18.844: delete node: IP: 142.250.203.195. Number of nodes 28
EtherApe-INFO: 00:08:19.058: delete node: IP: 142.250.75.1. Number of nodes 27
EtherApe-INFO: 00:08:48.446: delete node: IP: 172.67.70.239. Number of nodes 26
EtherApe-INFO: 00:09:05.118: delete node: IP: 95.216.195.133. Number of nodes 25
EtherApe-INFO: 00:09:37.848: New node: IP: 216.58.209.4. Number of nodes 26
EtherApe-INFO: 00:09:38.104: New node: IP: 8.8.4.4. Number of nodes 27
EtherApe-INFO: 00:09:38.109: New node: IP: 149.154.175.100. Number of nodes 28
EtherApe-INFO: 00:09:38.360: New node: IP: 149.154.167.50. Number of nodes 29
EtherApe-INFO: 00:09:38.360: New node: IP: 91.108.56.145. Number of nodes 30
EtherApe-INFO: 00:09:38.872: New node: IP: 9.9.9.9. Number of nodes 31
EtherApe-INFO: 00:09:38.873: New node: IP: 54.187.196.215. Number of nodes 32
EtherApe-INFO: 00:09:39.896: New node: IP: 216.58.215.74. Number of nodes 33
EtherApe-INFO: 00:09:40.408: New node: IP: 216.58.209.14. Number of nodes 34
EtherApe-INFO: 00:09:40.409: New node: IP: 104.18.107.66. Number of nodes 35
EtherApe-INFO: 00:09:40.412: New node: IP: 192.229.221.95. Number of nodes 36
EtherApe-INFO: 00:09:40.668: New node: IP: 142.250.203.195. Number of nodes 37
EtherApe-INFO: 00:09:40.923: New node: IP: 192.178.25.163. Number of nodes 38
EtherApe-INFO: 00:09:41.435: New node: IP: 142.250.75.22. Number of nodes 39
EtherApe-INFO: 00:09:41.442: New node: IP: 142.250.186.195. Number of nodes 40
EtherApe-INFO: 00:09:41.945: New node: IP: 142.250.186.194. Number of nodes 41
EtherApe-INFO: 00:09:42.201: New node: IP: 142.250.203.130. Number of nodes 42
EtherApe-INFO: 00:09:42.458: New node: IP: 18.244.146.89. Number of nodes 43
EtherApe-INFO: 00:09:43.225: New node: IP: 142.250.203.206. Number of nodes 44
EtherApe-INFO: 00:09:43.227: New node: IP: 142.250.186.206. Number of nodes 45
EtherApe-INFO: 00:09:46.663: delete node: IP: 34.117.65.55. Number of nodes 44
EtherApe-INFO: 00:09:59.097: New node: IP: 151.101.192.223. Number of nodes 45
EtherApe-INFO: 00:09:59.354: New node: IP: 151.101.1.63. Number of nodes 46
EtherApe-INFO: 00:10:25.808: New node: IP: 149.154.167.216. Number of nodes 47
EtherApe-INFO: 00:10:39.151: delete node: IP: 142.250.203.142. Number of nodes 46
EtherApe-INFO: 00:10:39.152: delete node: IP: 142.250.75.14. Number of nodes 45
EtherApe-INFO: 00:10:41.732: delete node: IP: 108.138.51.96. Number of nodes 44
EtherApe-INFO: 00:10:51.942: delete node: IP: 52.24.176.164. Number of nodes 43
EtherApe-INFO: 00:10:54.833: delete node: IP: 104.18.106.66. Number of nodes 42
EtherApe-INFO: 00:10:56.016: New node: IP: 151.101.128.223. Number of nodes 43
EtherApe-INFO: 00:10:56.785: New node: IP: 151.101.0.223. Number of nodes 44
EtherApe-INFO: 00:11:02.928: New node: IP: 52.51.253.173. Number of nodes 45
EtherApe-INFO: 00:11:07.026: New node: IP: 52.212.99.156. Number of nodes 46
EtherApe-INFO: 00:11:33.230: delete node: IP: 104.17.33.105. Number of nodes 45
EtherApe-INFO: 00:11:39.053: delete node: IP: 216.58.209.4. Number of nodes 44
EtherApe-INFO: 00:11:39.053: delete node: IP: 149.154.175.100. Number of nodes 43
EtherApe-INFO: 00:11:39.053: delete node: IP: 91.108.56.145. Number of nodes 42
EtherApe-INFO: 00:11:41.082: delete node: IP: 9.9.9.9. Number of nodes 41
EtherApe-INFO: 00:11:41.620: delete node: IP: 192.178.25.163. Number of nodes 40
EtherApe-INFO: 00:11:42.147: delete node: IP: 142.250.203.138. Number of nodes 39
EtherApe-INFO: 00:11:46.214: delete node: IP: 8.8.4.4. Number of nodes 38
EtherApe-INFO: 00:11:59.816: delete node: IP: 140.82.114.26. Number of nodes 37
EtherApe-INFO: 00:12:02.064: New node: IP: 95.216.195.133. Number of nodes 38
EtherApe-INFO: 00:12:05.225: delete node: IP: 216.58.208.194. Number of nodes 37
EtherApe-INFO: 00:12:05.225: delete node: IP: 142.250.203.202. Number of nodes 36
EtherApe-INFO: 00:12:10.098: delete node: IP: 216.58.215.65. Number of nodes 35
EtherApe-INFO: 00:12:10.099: delete node: IP: 216.58.209.1. Number of nodes 34
EtherApe-INFO: 00:12:19.217: New node: IP: 142.250.203.142. Number of nodes 35
EtherApe-INFO: 00:12:26.399: delete node: IP: 151.101.192.223. Number of nodes 34
EtherApe-INFO: 00:12:38.268: delete node: IP: 216.58.208.197. Number of nodes 33
EtherApe-INFO: 00:12:41.232: New node: IP: 108.138.51.96. Number of nodes 34
EtherApe-INFO: 00:12:41.236: delete node: IP: 149.154.167.216. Number of nodes 33
EtherApe-INFO: 00:12:41.555: delete node: IP: 142.250.75.3. Number of nodes 32
EtherApe-INFO: 00:12:46.608: New node: IP: 34.117.65.55. Number of nodes 33
EtherApe-INFO: 00:12:56.673: delete node: IP: 52.29.123.56. Number of nodes 32
EtherApe-INFO: 00:13:01.521: delete node: IP: 151.101.128.223. Number of nodes 31
EtherApe-INFO: 00:13:01.521: delete node: IP: 151.101.1.63. Number of nodes 30
EtherApe-INFO: 00:13:01.521: delete node: IP: 151.101.0.223. Number of nodes 29
EtherApe-INFO: 00:13:03.003: delete node: IP: 52.51.253.173. Number of nodes 28
EtherApe-INFO: 00:13:06.064: New node: IP: 52.29.123.56. Number of nodes 29
EtherApe-INFO: 00:13:09.225: delete node: IP: 52.212.99.156. Number of nodes 28
EtherApe-INFO: 00:13:15.872: delete node: IP: 192.178.25.174. Number of nodes 27
EtherApe-INFO: 00:13:36.786: delete node: IP: 192.229.221.95. Number of nodes 26
EtherApe-INFO: 00:13:37.314: delete node: IP: 142.250.186.195. Number of nodes 25
EtherApe-INFO: 00:14:02.221: delete node: IP: 95.216.195.133. Number of nodes 24
EtherApe-INFO: 00:14:02.221: delete node: IP: 8.8.8.8. Number of nodes 23
EtherApe-INFO: 00:14:31.059: delete node: IP: 34.120.208.123. Number of nodes 22
EtherApe-INFO: 00:14:33.159: delete node: IP: 142.250.186.194. Number of nodes 21
EtherApe-INFO: 00:14:33.159: delete node: IP: 142.250.75.22. Number of nodes 20
EtherApe-INFO: 00:14:33.368: delete node: IP: 216.58.208.196. Number of nodes 19
EtherApe-INFO: 00:14:33.369: delete node: IP: 192.178.25.173. Number of nodes 18
EtherApe-INFO: 00:14:33.369: delete node: IP: 142.250.203.130. Number of nodes 17
EtherApe-INFO: 00:14:33.369: delete node: IP: 18.244.146.89. Number of nodes 16
EtherApe-INFO: 00:14:40.073: delete node: IP: 54.187.196.215. Number of nodes 15
EtherApe-INFO: 00:14:46.466: delete node: IP: 108.138.51.96. Number of nodes 14
EtherApe-INFO: 00:14:53.074: New node: IP: 52.24.176.164. Number of nodes 15
EtherApe-INFO: 00:14:59.985: New node: IP: 139.59.209.225. Number of nodes 16
EtherApe-INFO: 00:15:03.571: New node: IP: 216.58.215.110. Number of nodes 17
EtherApe-INFO: 00:15:03.827: New node: IP: 8.8.8.8. Number of nodes 18
EtherApe-INFO: 00:15:06.665: delete node: IP: 52.29.123.56. Number of nodes 17
EtherApe-INFO: 00:15:08.944: New node: IP: 52.29.123.56. Number of nodes 18
EtherApe-INFO: 00:15:17.153: delete node: IP: 142.250.203.142. Number of nodes 17
EtherApe-INFO: 00:15:27.889: New node: IP: 172.217.16.5. Number of nodes 18
EtherApe-INFO: 00:15:46.615: delete node: IP: 34.117.65.55. Number of nodes 17
EtherApe-INFO: 00:17:02.096: New node: IP: 95.216.195.133. Number of nodes 18
EtherApe-INFO: 00:17:04.401: New node: IP: 54.187.196.215. Number of nodes 19
EtherApe-INFO: 00:17:10.289: New node: IP: 99.83.181.31. Number of nodes 20
EtherApe-INFO: 00:17:19.249: New node: IP: 140.82.112.22. Number of nodes 21
EtherApe-INFO: 00:17:19.250: New node: IP: 140.82.121.4. Number of nodes 22
EtherApe-INFO: 00:17:19.271: delete node: IP: 142.250.203.133. Number of nodes 21
EtherApe-INFO: 00:17:19.760: New node: IP: 185.199.108.154. Number of nodes 22
EtherApe-INFO: 00:17:20.019: New node: IP: 185.199.111.133. Number of nodes 23
EtherApe-INFO: 00:17:20.274: New node: IP: 140.82.121.6. Number of nodes 24
EtherApe-INFO: 00:17:49.201: New node: IP: 13.32.121.7. Number of nodes 25
EtherApe-INFO: 00:17:53.298: New node: IP: 192.178.25.173. Number of nodes 26
EtherApe-INFO: 00:17:57.905: New node: IP: 104.17.33.105. Number of nodes 27
EtherApe-INFO: 00:18:08.912: New node: IP: 34.117.65.55. Number of nodes 28
EtherApe-INFO: 00:18:13.778: New node: IP: 2.16.172.51. Number of nodes 29
EtherApe-INFO: 00:18:16.593: New node: IP: 192.178.25.164. Number of nodes 30
EtherApe-INFO: 00:18:17.106: New node: IP: 34.120.208.123. Number of nodes 31
EtherApe-INFO: 00:18:17.365: New node: IP: 216.58.209.3. Number of nodes 32
EtherApe-INFO: 00:18:17.619: New node: IP: 142.250.186.195. Number of nodes 33
EtherApe-INFO: 00:18:18.132: New node: IP: 142.250.75.22. Number of nodes 34
EtherApe-INFO: 00:18:18.643: New node: IP: 192.178.25.170. Number of nodes 35
EtherApe-INFO: 00:18:18.645: New node: IP: 142.250.203.194. Number of nodes 36
EtherApe-INFO: 00:18:19.901: New node: IP: 151.101.128.223. Number of nodes 37
EtherApe-INFO: 00:18:20.155: New node: IP: 172.217.16.42. Number of nodes 38
EtherApe-INFO: 00:18:20.156: New node: IP: 104.16.89.20. Number of nodes 39
EtherApe-INFO: 00:18:20.166: New node: IP: 142.250.203.131. Number of nodes 40
EtherApe-INFO: 00:18:20.430: New node: IP: 3.130.26.202. Number of nodes 41
EtherApe-INFO: 00:18:20.667: New node: IP: 52.215.192.133. Number of nodes 42
EtherApe-INFO: 00:18:20.693: New node: IP: 192.229.221.95. Number of nodes 43
EtherApe-INFO: 00:18:20.697: New node: IP: 52.222.226.205. Number of nodes 44
EtherApe-INFO: 00:19:00.883: delete node: IP: 52.24.176.164. Number of nodes 43
EtherApe-INFO: 00:19:02.226: delete node: IP: 95.216.195.133. Number of nodes 42
EtherApe-INFO: 00:19:15.259: delete node: IP: 52.29.123.56. Number of nodes 41
EtherApe-INFO: 00:19:52.839: delete node: IP: 139.59.209.225. Number of nodes 40
EtherApe-INFO: 00:19:54.441: delete node: IP: 216.58.215.110. Number of nodes 39
EtherApe-INFO: 00:20:19.755: delete node: IP: 142.250.186.195. Number of nodes 38
EtherApe-INFO: 00:20:20.835: delete node: IP: 192.178.25.170. Number of nodes 37
EtherApe-INFO: 00:20:20.835: delete node: IP: 172.217.16.42. Number of nodes 36
EtherApe-INFO: 00:20:24.386: delete node: IP: 8.8.8.8. Number of nodes 35
EtherApe-INFO: 00:21:21.400: New node: IP: 52.212.99.156. Number of nodes 36
EtherApe-INFO: 00:21:21.489: delete node: IP: 140.82.112.22. Number of nodes 35
EtherApe-INFO: 00:21:21.489: delete node: IP: 3.130.26.202. Number of nodes 34
EtherApe-INFO: 00:21:23.295: delete node: IP: 140.82.121.4. Number of nodes 33
EtherApe-INFO: 00:21:25.498: New node: IP: 52.19.109.21. Number of nodes 34
EtherApe-INFO: 00:21:25.752: New node: IP: 8.8.8.8. Number of nodes 35
EtherApe-INFO: 00:21:40.382: delete node: IP: 140.82.121.6. Number of nodes 34
EtherApe-INFO: 00:22:02.104: New node: IP: 95.216.195.133. Number of nodes 35
EtherApe-INFO: 00:22:02.111: delete node: IP: 99.83.181.31. Number of nodes 34
EtherApe-INFO: 00:22:13.660: delete node: IP: 185.199.108.154. Number of nodes 33
EtherApe-INFO: 00:22:13.660: delete node: IP: 2.16.172.51. Number of nodes 32
EtherApe-INFO: 00:22:13.978: delete node: IP: 185.199.111.133. Number of nodes 31
EtherApe-INFO: 00:22:15.418: New node: IP: 52.24.176.164. Number of nodes 32
EtherApe-INFO: 00:22:15.974: delete node: IP: 192.229.221.95. Number of nodes 31
EtherApe-INFO: 00:22:15.974: delete node: IP: 142.250.203.131. Number of nodes 30
EtherApe-INFO: 00:22:21.341: delete node: IP: 52.222.226.205. Number of nodes 29
EtherApe-INFO: 00:22:27.193: New node: IP: 149.154.167.216. Number of nodes 30
EtherApe-INFO: 00:22:40.079: delete node: IP: 13.32.121.7. Number of nodes 29
EtherApe-INFO: 00:22:56.410: delete node: IP: 104.17.33.105. Number of nodes 28
EtherApe-INFO: 00:23:07.443: delete node: IP: 34.117.65.55. Number of nodes 27
EtherApe-INFO: 00:23:08.492: delete node: IP: 54.187.196.215. Number of nodes 26
EtherApe-INFO: 00:23:08.492: delete node: IP: 34.120.208.123. Number of nodes 25
                                                                                                                                                                                                                                                                                                                                                                                                                                                                                                                                                                                                                                                 