(etherape:2501): GLib-GIO-DEBUG: 19:37:02.779: _g_io_module_get_default: Found default implementation local (GLocalVfs) for ‘gio-vfs’
(etherape:2501): GLib-GIO-DEBUG: 19:37:02.813: Using cross-namespace EXTERNAL authentication (this will deadlock if server is GDBus < 2.73.3)
EtherApe-INFO: 19:37:02.845: sctp protocol not supported
EtherApe-INFO: 19:37:02.845: dccp protocol not supported
EtherApe-INFO: 19:37:02.845: sctp protocol not supported
EtherApe-INFO: 19:37:02.845: sctp protocol not supported
EtherApe-INFO: 19:37:02.845: sctp protocol not supported
EtherApe-INFO: 19:37:02.845: sctp protocol not supported
EtherApe-INFO: 19:37:02.845: sctp protocol not supported
EtherApe-INFO: 19:37:02.845: sctp protocol not supported
EtherApe-INFO: 19:37:02.845: sctp protocol not supported
EtherApe-INFO: 19:37:02.845: dccp protocol not supported
EtherApe-INFO: 19:37:02.845: sctp protocol not supported
EtherApe-INFO: 19:37:02.845: dccp protocol not supported
EtherApe-INFO: 19:37:02.845: dccp protocol not supported
EtherApe-INFO: 19:37:02.845: sctp protocol not supported
EtherApe-INFO: 19:37:02.845: sctp protocol not supported
EtherApe-INFO: 19:37:02.845: sctp protocol not supported
EtherApe-INFO: 19:37:02.846: sctp protocol not supported
EtherApe-INFO: 19:37:02.846: sctp protocol not supported
EtherApe-INFO: 19:37:02.846: sctp protocol not supported
EtherApe-INFO: 19:37:02.846: sctp protocol not supported
EtherApe-INFO: 19:37:02.846: sctp protocol not supported
EtherApe-INFO: 19:37:02.846: sctp protocol not supported
EtherApe-INFO: 19:37:02.846: sctp protocol not supported
EtherApe-INFO: 19:37:02.846: sctp protocol not supported
EtherApe-INFO: 19:37:02.847: sctp protocol not supported
EtherApe-INFO: 19:37:02.847: sctp protocol not supported
EtherApe-INFO: 19:37:02.847: sctp protocol not supported
EtherApe-INFO: 19:37:02.847: sctp protocol not supported
EtherApe-INFO: 19:37:02.847: dccp protocol not supported
EtherApe-INFO: 19:37:02.847: sctp protocol not supported
EtherApe-INFO: 19:37:02.847: sctp protocol not supported
EtherApe-INFO: 19:37:02.847: dccp protocol not supported
EtherApe-INFO: 19:37:02.847: sctp protocol not supported
EtherApe-INFO: 19:37:02.847: sctp protocol not supported
EtherApe-INFO: 19:37:02.847: sctp protocol not supported
EtherApe-INFO: 19:37:02.847: dccp protocol not supported
EtherApe-INFO: 19:37:02.847: dccp protocol not supported
EtherApe-INFO: 19:37:02.847: sctp protocol not supported
EtherApe-INFO: 19:37:02.847: sctp protocol not supported
EtherApe-INFO: 19:37:02.847: sctp protocol not supported
EtherApe-INFO: 19:37:02.847: sctp protocol not supported
EtherApe-INFO: 19:37:02.847: sctp protocol not supported
EtherApe-INFO: 19:37:02.847: sctp protocol not supported
EtherApe-INFO: 19:37:02.847: sctp protocol not supported
EtherApe-INFO: 19:37:02.847: sctp protocol not supported
EtherApe-INFO: 19:37:02.847: sctp protocol not supported
EtherApe-INFO: 19:37:02.847: sctp protocol not supported
EtherApe-INFO: 19:37:02.847: sctp protocol not supported
EtherApe-INFO: 19:37:02.847: sctp protocol not supported
EtherApe-INFO: 19:37:02.847: sctp protocol not supported
EtherApe-INFO: 19:37:02.847: sctp protocol not supported
EtherApe-INFO: 19:37:02.847: sctp protocol not supported
EtherApe-INFO: 19:37:02.847: sctp protocol not supported
EtherApe-INFO: 19:37:02.847: sctp protocol not supported
EtherApe-INFO: 19:37:02.847: sctp protocol not supported
EtherApe-INFO: 19:37:02.847: sctp protocol not supported
EtherApe-INFO: 19:37:02.847: sctp protocol not supported
EtherApe-INFO: 19:37:02.847: dccp protocol not supported
EtherApe-INFO: 19:37:02.848: sctp protocol not supported
EtherApe-INFO: 19:37:02.848: sctp protocol not supported
EtherApe-INFO: 19:37:02.848: sctp protocol not supported
EtherApe-INFO: 19:37:02.848: sctp protocol not supported
EtherApe-INFO: 19:37:02.848: sctp protocol not supported
EtherApe-INFO: 19:37:02.848: sctp protocol not supported
EtherApe-INFO: 19:37:02.848: sctp protocol not supported
EtherApe-INFO: 19:37:02.848: sctp protocol not supported
EtherApe-INFO: 19:37:02.848: sctp protocol not supported
EtherApe-INFO: 19:37:02.848: sctp protocol not supported
EtherApe-INFO: 19:37:02.848: sctp protocol not supported
EtherApe-INFO: 19:37:02.848: sctp protocol not supported
EtherApe-INFO: 19:37:02.848: sctp protocol not supported
EtherApe-INFO: 19:37:02.848: sctp protocol not supported
EtherApe-INFO: 19:37:02.848: sctp protocol not supported
EtherApe-INFO: 19:37:02.848: sctp protocol not supported
EtherApe-INFO: 19:37:02.848: sctp protocol not supported
EtherApe-INFO: 19:37:02.848: sctp protocol not supported
EtherApe-INFO: 19:37:02.848: sctp protocol not supported
EtherApe-INFO: 19:37:02.848: sctp protocol not supported
EtherApe-INFO: 19:37:02.848: sctp protocol not supported
EtherApe-INFO: 19:37:02.848: sctp protocol not supported
EtherApe-INFO: 19:37:02.848: sctp protocol not supported
EtherApe-INFO: 19:37:02.848: sctp protocol not supported
EtherApe-INFO: 19:37:02.848: sctp protocol not supported
EtherApe-INFO: 19:37:02.848: sctp protocol not supported
EtherApe-INFO: 19:37:02.848: sctp protocol not supported
EtherApe-INFO: 19:37:02.848: sctp protocol not supported
EtherApe-INFO: 19:37:02.848: sctp protocol not supported
EtherApe-INFO: 19:37:02.848: sctp protocol not supported
EtherApe-INFO: 19:37:02.848: sctp protocol not supported
EtherApe-INFO: 19:37:02.848: sctp protocol not supported
EtherApe-INFO: 19:37:02.848: sctp protocol not supported
EtherApe-INFO: 19:37:02.848: sctp protocol not supported
EtherApe-INFO: 19:37:02.848: sctp protocol not supported
EtherApe-INFO: 19:37:02.848: sctp protocol not supported
EtherApe-INFO: 19:37:02.848: sctp protocol not supported
EtherApe-INFO: 19:37:02.848: sctp protocol not supported
EtherApe-INFO: 19:37:02.861: get_interface result: ''
EtherApe-INFO: 19:37:02.862: Available interfaces for capture: dbus-session dbus-system nfqueue nflog bluetooth-monitor enp8s0 lo any enp5s0
EtherApe-INFO: 19:37:02.862: Link type is LINUX_SLL
EtherApe-INFO: 19:37:02.862: Diagram started
EtherApe-INFO: 19:37:03.886: New node: IP: 127.0.0.1. Number of nodes 1
EtherApe-INFO: 19:37:04.399: New node: IP: 0.0.0.0. Number of nodes 2
EtherApe-INFO: 19:37:04.399: New node: IP: 255.255.255.255. Number of nodes 3
EtherApe-INFO: 19:37:07.907: Nodes: 3 (shown 3)
EtherApe-INFO: 19:40:21.285: delete node: IP: 255.255.255.255. Number of nodes 2
EtherApe-INFO: 19:40:21.285: delete node: IP: 0.0.0.0. Number of nodes 1
EtherApe-INFO: 19:43:30.446: New node: IP: 0.0.0.0. Number of nodes 2
EtherApe-INFO: 19:43:30.446: New node: IP: 255.255.255.255. Number of nodes 3
EtherApe-INFO: 19:48:19.031: delete node: IP: 255.255.255.255. Number of nodes 2
EtherApe-INFO: 19:48:19.031: delete node: IP: 0.0.0.0. Number of nodes 1
EtherApe-INFO: 19:51:30.446: New node: IP: 0.0.0.0. Number of nodes 2
EtherApe-INFO: 19:51:30.446: New node: IP: 255.255.255.255. Number of nodes 3
EtherApe-INFO: 19:56:20.581: delete node: IP: 255.255.255.255. Number of nodes 2
EtherApe-INFO: 19:56:20.581: delete node: IP: 0.0.0.0. Number of nodes 1
EtherApe-INFO: 19:59:30.446: New node: IP: 0.0.0.0. Number of nodes 2
EtherApe-INFO: 19:59:30.446: New node: IP: 255.255.255.255. Number of nodes 3
EtherApe-INFO: 20:04:19.051: delete node: IP: 255.255.255.255. Number of nodes 2
EtherApe-INFO: 20:04:19.051: delete node: IP: 0.0.0.0. Number of nodes 1
EtherApe-INFO: 20:07:30.446: New node: IP: 0.0.0.0. Number of nodes 2
EtherApe-INFO: 20:07:30.446: New node: IP: 255.255.255.255. Number of nodes 3
EtherApe-INFO: 20:12:21.264: delete node: IP: 255.255.255.255. Number of nodes 2
EtherApe-INFO: 20:12:21.264: delete node: IP: 0.0.0.0. Number of nodes 1
EtherApe-INFO: 20:15:30.446: New node: IP: 0.0.0.0. Number of nodes 2
EtherApe-INFO: 20:15:30.446: New node: IP: 255.255.255.255. Number of nodes 3
EtherApe-INFO: 20:20:19.045: delete node: IP: 255.255.255.255. Number of nodes 2
EtherApe-INFO: 20:20:19.045: delete node: IP: 0.0.0.0. Number of nodes 1
EtherApe-INFO: 20:23:30.446: New node: IP: 0.0.0.0. Number of nodes 2
EtherApe-INFO: 20:23:30.446: New node: IP: 255.255.255.255. Number of nodes 3
EtherApe-INFO: 20:28:19.002: delete node: IP: 255.255.255.255. Number of nodes 2
EtherApe-INFO: 20:28:19.002: delete node: IP: 0.0.0.0. Number of nodes 1
EtherApe-INFO: 20:31:30.446: New node: IP: 0.0.0.0. Number of nodes 2
EtherApe-INFO: 20:31:30.446: New node: IP: 255.255.255.255. Number of nodes 3
EtherApe-INFO: 20:36:21.336: delete node: IP: 255.255.255.255. Number of nodes 2
EtherApe-INFO: 20:36:21.336: delete node: IP: 0.0.0.0. Number of nodes 1
EtherApe-INFO: 20:39:30.446: New node: IP: 0.0.0.0. Number of nodes 2
EtherApe-INFO: 20:39:30.446: New node: IP: 255.255.255.255. Number of nodes 3
EtherApe-INFO: 20:44:18.261: delete node: IP: 255.255.255.255. Number of nodes 2
EtherApe-INFO: 20:44:18.262: delete node: IP: 0.0.0.0. Number of nodes 1
EtherApe-INFO: 20:47:30.446: New node: IP: 0.0.0.0. Number of nodes 2
EtherApe-INFO: 20:47:30.446: New node: IP: 255.255.255.255. Number of nodes 3
