(etherape:4858): GLib-GIO-DEBUG: 04:12:44.269: _g_io_module_get_default: Found default implementation local (GLocalVfs) for ‘gio-vfs’
(etherape:4858): GLib-GIO-DEBUG: 04:12:44.360: Using cross-namespace EXTERNAL authentication (this will deadlock if server is GDBus < 2.73.3)
EtherApe-INFO: 04:12:44.426: sctp protocol not supported
EtherApe-INFO: 04:12:44.426: dccp protocol not supported
EtherApe-INFO: 04:12:44.426: sctp protocol not supported
EtherApe-INFO: 04:12:44.426: sctp protocol not supported
EtherApe-INFO: 04:12:44.426: sctp protocol not supported
EtherApe-INFO: 04:12:44.427: sctp protocol not supported
EtherApe-INFO: 04:12:44.427: sctp protocol not supported
EtherApe-INFO: 04:12:44.427: sctp protocol not supported
EtherApe-INFO: 04:12:44.427: sctp protocol not supported
EtherApe-INFO: 04:12:44.427: dccp protocol not supported
EtherApe-INFO: 04:12:44.428: sctp protocol not supported
EtherApe-INFO: 04:12:44.428: dccp protocol not supported
EtherApe-INFO: 04:12:44.428: dccp protocol not supported
EtherApe-INFO: 04:12:44.428: sctp protocol not supported
EtherApe-INFO: 04:12:44.428: sctp protocol not supported
EtherApe-INFO: 04:12:44.429: sctp protocol not supported
EtherApe-INFO: 04:12:44.429: sctp protocol not supported
EtherApe-INFO: 04:12:44.429: sctp protocol not supported
EtherApe-INFO: 04:12:44.430: sctp protocol not supported
EtherApe-INFO: 04:12:44.430: sctp protocol not supported
EtherApe-INFO: 04:12:44.430: sctp protocol not supported
EtherApe-INFO: 04:12:44.430: sctp protocol not supported
EtherApe-INFO: 04:12:44.431: sctp protocol not supported
EtherApe-INFO: 04:12:44.431: sctp protocol not supported
EtherApe-INFO: 04:12:44.432: sctp protocol not supported
EtherApe-INFO: 04:12:44.432: sctp protocol not supported
EtherApe-INFO: 04:12:44.432: sctp protocol not supported
EtherApe-INFO: 04:12:44.432: sctp protocol not supported
EtherApe-INFO: 04:12:44.432: dccp protocol not supported
EtherApe-INFO: 04:12:44.432: sctp protocol not supported
EtherApe-INFO: 04:12:44.432: sctp protocol not supported
EtherApe-INFO: 04:12:44.432: dccp protocol not supported
EtherApe-INFO: 04:12:44.433: sctp protocol not supported
EtherApe-INFO: 04:12:44.433: sctp protocol not supported
EtherApe-INFO: 04:12:44.433: sctp protocol not supported
EtherApe-INFO: 04:12:44.433: dccp protocol not supported
EtherApe-INFO: 04:12:44.433: dccp protocol not supported
EtherApe-INFO: 04:12:44.433: sctp protocol not supported
EtherApe-INFO: 04:12:44.433: sctp protocol not supported
EtherApe-INFO: 04:12:44.433: sctp protocol not supported
EtherApe-INFO: 04:12:44.433: sctp protocol not supported
EtherApe-INFO: 04:12:44.433: sctp protocol not supported
EtherApe-INFO: 04:12:44.433: sctp protocol not supported
EtherApe-INFO: 04:12:44.433: sctp protocol not supported
EtherApe-INFO: 04:12:44.433: sctp protocol not supported
EtherApe-INFO: 04:12:44.433: sctp protocol not supported
EtherApe-INFO: 04:12:44.434: sctp protocol not supported
EtherApe-INFO: 04:12:44.434: sctp protocol not supported
EtherApe-INFO: 04:12:44.434: sctp protocol not supported
EtherApe-INFO: 04:12:44.434: sctp protocol not supported
EtherApe-INFO: 04:12:44.434: sctp protocol not supported
EtherApe-INFO: 04:12:44.434: sctp protocol not supported
EtherApe-INFO: 04:12:44.434: sctp protocol not supported
EtherApe-INFO: 04:12:44.434: sctp protocol not supported
EtherApe-INFO: 04:12:44.434: sctp protocol not supported
EtherApe-INFO: 04:12:44.434: sctp protocol not supported
EtherApe-INFO: 04:12:44.434: sctp protocol not supported
EtherApe-INFO: 04:12:44.434: dccp protocol not supported
EtherApe-INFO: 04:12:44.434: sctp protocol not supported
EtherApe-INFO: 04:12:44.434: sctp protocol not supported
EtherApe-INFO: 04:12:44.434: sctp protocol not supported
EtherApe-INFO: 04:12:44.434: sctp protocol not supported
EtherApe-INFO: 04:12:44.435: sctp protocol not supported
EtherApe-INFO: 04:12:44.435: sctp protocol not supported
EtherApe-INFO: 04:12:44.435: sctp protocol not supported
EtherApe-INFO: 04:12:44.435: sctp protocol not supported
EtherApe-INFO: 04:12:44.435: sctp protocol not supported
EtherApe-INFO: 04:12:44.435: sctp protocol not supported
EtherApe-INFO: 04:12:44.435: sctp protocol not supported
EtherApe-INFO: 04:12:44.435: sctp protocol not supported
EtherApe-INFO: 04:12:44.435: sctp protocol not supported
EtherApe-INFO: 04:12:44.435: sctp protocol not supported
EtherApe-INFO: 04:12:44.435: sctp protocol not supported
EtherApe-INFO: 04:12:44.435: sctp protocol not supported
EtherApe-INFO: 04:12:44.435: sctp protocol not supported
EtherApe-INFO: 04:12:44.436: sctp protocol not supported
EtherApe-INFO: 04:12:44.436: sctp protocol not supported
EtherApe-INFO: 04:12:44.436: sctp protocol not supported
EtherApe-INFO: 04:12:44.436: sctp protocol not supported
EtherApe-INFO: 04:12:44.436: sctp protocol not supported
EtherApe-INFO: 04:12:44.436: sctp protocol not supported
EtherApe-INFO: 04:12:44.436: sctp protocol not supported
EtherApe-INFO: 04:12:44.436: sctp protocol not supported
EtherApe-INFO: 04:12:44.436: sctp protocol not supported
EtherApe-INFO: 04:12:44.436: sctp protocol not supported
EtherApe-INFO: 04:12:44.436: sctp protocol not supported
EtherApe-INFO: 04:12:44.436: sctp protocol not supported
EtherApe-INFO: 04:12:44.436: sctp protocol not supported
EtherApe-INFO: 04:12:44.436: sctp protocol not supported
EtherApe-INFO: 04:12:44.436: sctp protocol not supported
EtherApe-INFO: 04:12:44.436: sctp protocol not supported
EtherApe-INFO: 04:12:44.436: sctp protocol not supported
EtherApe-INFO: 04:12:44.436: sctp protocol not supported
EtherApe-INFO: 04:12:44.437: sctp protocol not supported
EtherApe-INFO: 04:12:44.447: get_interface result: ''
EtherApe-INFO: 04:12:44.447: Available interfaces for capture: dbus-session dbus-system nfqueue nflog bluetooth-monitor bluetooth0 lo any wlp2s0
EtherApe-INFO: 04:12:44.447: Link type is LINUX_SLL
EtherApe-INFO: 04:12:44.448: Diagram started
EtherApe-INFO: 04:12:44.961: New node: IP: 93.190.126.75. Number of nodes 1
EtherApe-INFO: 04:12:44.961: New node: IP: 192.168.1.249. Number of nodes 2
EtherApe-INFO: 04:12:44.962: New node: IP: 104.22.33.83. Number of nodes 3
EtherApe-INFO: 04:12:45.729: New node: IP: 172.217.16.33. Number of nodes 4
EtherApe-INFO: 04:12:45.729: New node: IP: 142.250.203.206. Number of nodes 5
EtherApe-INFO: 04:12:45.730: New node: IP: 172.64.147.123. Number of nodes 6
EtherApe-INFO: 04:12:46.753: New node: IP: 216.58.208.195. Number of nodes 7
EtherApe-INFO: 04:12:46.753: New node: IP: 142.250.203.202. Number of nodes 8
EtherApe-INFO: 04:12:46.754: New node: IP: 9.9.9.9. Number of nodes 9
EtherApe-INFO: 04:12:47.010: New node: IP: 216.58.215.99. Number of nodes 10
EtherApe-INFO: 04:12:47.010: New node: IP: 108.138.17.82. Number of nodes 11
EtherApe-INFO: 04:12:48.545: New node: IP: 52.84.106.47. Number of nodes 12
EtherApe-INFO: 04:12:49.569: New node: IP: 142.250.203.138. Number of nodes 13
EtherApe-INFO: 04:12:50.082: New node: IP: 8.8.8.8. Number of nodes 14
EtherApe-INFO: 04:12:51.105: New node: IP: 13.32.121.59. Number of nodes 15
EtherApe-INFO: 04:12:51.361: New node: IP: 149.154.167.41. Number of nodes 16
EtherApe-INFO: 04:12:51.617: New node: IP: 142.250.203.142. Number of nodes 17
EtherApe-INFO: 04:12:51.618: New node: IP: 104.16.248.249. Number of nodes 18
EtherApe-INFO: 04:12:51.874: New node: IP: 104.16.122.175. Number of nodes 19
EtherApe-INFO: 04:12:52.129: New node: IP: 149.154.167.50. Number of nodes 20
EtherApe-INFO: 04:12:52.898: New node: IP: 104.17.24.14. Number of nodes 21
EtherApe-INFO: 04:12:53.665: New node: IP: 142.250.203.195. Number of nodes 22
EtherApe-INFO: 04:12:53.922: New node: IP: 142.250.203.131. Number of nodes 23
EtherApe-INFO: 04:12:54.946: New node: IP: 18.66.112.85. Number of nodes 24
EtherApe-INFO: 04:12:54.946: New node: IP: 104.16.99.56. Number of nodes 25
EtherApe-INFO: 04:12:55.970: New node: IP: 104.22.70.197. Number of nodes 26
EtherApe-INFO: 04:12:56.994: New node: IP: 193.34.169.9. Number of nodes 27
EtherApe-INFO: 04:12:56.994: New node: IP: 104.17.32.82. Number of nodes 28
EtherApe-INFO: 04:12:56.994: New node: IP: 104.18.23.52. Number of nodes 29
EtherApe-INFO: 04:12:58.020: New node: IP: 18.66.122.108. Number of nodes 30
EtherApe-INFO: 04:12:58.021: New node: IP: 74.208.236.134. Number of nodes 31
EtherApe-INFO: 04:12:59.042: New node: IP: 104.17.210.204. Number of nodes 32
EtherApe-INFO: 04:12:59.043: New node: IP: 52.222.236.28. Number of nodes 33
EtherApe-INFO: 04:12:59.043: New node: IP: 35.244.234.223. Number of nodes 34
EtherApe-INFO: 04:12:59.299: New node: IP: 216.58.208.202. Number of nodes 35
EtherApe-INFO: 04:12:59.810: New node: IP: 149.154.167.216. Number of nodes 36
EtherApe-INFO: 04:13:00.066: New node: IP: 104.26.14.42. Number of nodes 37
EtherApe-INFO: 04:13:00.321: New node: IP: 216.58.215.101. Number of nodes 38
EtherApe-INFO: 04:13:01.089: New node: IP: 104.17.183.73. Number of nodes 39
EtherApe-INFO: 04:13:01.090: New node: IP: 108.138.46.56. Number of nodes 40
EtherApe-INFO: 04:13:01.859: New node: IP: 185.199.110.133. Number of nodes 41
EtherApe-INFO: 04:13:01.859: New node: IP: 151.101.2.49. Number of nodes 42
EtherApe-INFO: 04:13:01.861: New node: IP: 104.16.85.20. Number of nodes 43
EtherApe-INFO: 04:13:01.861: New node: IP: 140.82.121.4. Number of nodes 44
EtherApe-INFO: 04:13:01.861: New node: IP: 104.16.87.20. Number of nodes 45
EtherApe-INFO: 04:13:01.862: New node: IP: 185.199.111.154. Number of nodes 46
EtherApe-INFO: 04:13:01.862: New node: IP: 54.175.222.117. Number of nodes 47
EtherApe-INFO: 04:13:02.937: New node: IP: 104.26.6.173. Number of nodes 48
EtherApe-INFO: 04:13:02.937: New node: IP: 216.58.215.118. Number of nodes 49
EtherApe-INFO: 04:13:02.937: New node: IP: 151.101.194.209. Number of nodes 50
EtherApe-INFO: 04:13:03.907: New node: IP: 18.66.233.107. Number of nodes 51
EtherApe-INFO: 04:13:04.930: New node: IP: 104.18.26.85. Number of nodes 52
EtherApe-INFO: 04:13:04.930: New node: IP: 34.120.208.123. Number of nodes 53
EtherApe-INFO: 04:13:05.954: New node: IP: 18.66.147.167. Number of nodes 54
EtherApe-INFO: 04:13:06.979: New node: IP: 142.250.75.14. Number of nodes 55
EtherApe-INFO: 04:13:06.979: New node: IP: 104.21.75.3. Number of nodes 56
EtherApe-INFO: 04:13:08.001: New node: IP: 104.16.249.249. Number of nodes 57
EtherApe-INFO: 04:13:08.002: New node: IP: 104.16.88.5. Number of nodes 58
EtherApe-INFO: 04:13:08.005: New node: IP: 139.59.209.225. Number of nodes 59
EtherApe-INFO: 04:13:08.005: New node: IP: 104.17.182.177. Number of nodes 60
EtherApe-INFO: 04:13:08.513: New node: IP: 35.165.41.15. Number of nodes 61
EtherApe-INFO: 04:13:09.026: New node: IP: 216.58.208.196. Number of nodes 62
EtherApe-INFO: 04:13:09.026: New node: IP: 18.66.234.116. Number of nodes 63
EtherApe-INFO: 04:13:09.026: New node: IP: 104.16.148.64. Number of nodes 64
EtherApe-INFO: 04:13:10.817: New node: IP: 54.92.224.85. Number of nodes 65
EtherApe-INFO: 04:13:11.074: New node: IP: 18.66.122.97. Number of nodes 66
EtherApe-INFO: 04:13:11.329: New node: IP: 34.104.32.36. Number of nodes 67
EtherApe-INFO: 04:13:12.097: New node: IP: 104.18.22.52. Number of nodes 68
EtherApe-INFO: 04:13:12.866: New node: IP: 13.32.103.36. Number of nodes 69
EtherApe-INFO: 04:13:13.891: New node: IP: 207.241.227.137. Number of nodes 70
EtherApe-INFO: 04:13:13.891: New node: IP: 104.18.32.165. Number of nodes 71
EtherApe-INFO: 04:13:15.937: New node: IP: 104.16.149.64. Number of nodes 72
EtherApe-INFO: 04:13:15.938: New node: IP: 104.17.236.204. Number of nodes 73
EtherApe-INFO: 04:13:16.961: New node: IP: 104.22.4.9. Number of nodes 74
EtherApe-INFO: 04:13:16.962: New node: IP: 143.204.101.48. Number of nodes 75
EtherApe-INFO: 04:13:16.962: New node: IP: 104.16.42.65. Number of nodes 76
EtherApe-INFO: 04:13:16.962: New node: IP: 104.18.15.117. Number of nodes 77
EtherApe-INFO: 04:13:16.962: New node: IP: 104.17.127.171. Number of nodes 78
EtherApe-INFO: 04:13:17.986: New node: IP: 108.138.7.22. Number of nodes 79
EtherApe-INFO: 04:13:17.986: New node: IP: 172.64.154.216. Number of nodes 80
EtherApe-INFO: 04:13:17.986: New node: IP: 54.144.149.60. Number of nodes 81
EtherApe-INFO: 04:13:17.986: New node: IP: 172.217.16.10. Number of nodes 82
EtherApe-INFO: 04:13:19.009: New node: IP: 108.138.51.16. Number of nodes 83
EtherApe-INFO: 04:13:19.009: New node: IP: 52.222.236.116. Number of nodes 84
EtherApe-INFO: 04:13:19.011: New node: IP: 108.138.24.147. Number of nodes 85
EtherApe-INFO: 04:13:19.011: New node: IP: 104.17.73.206. Number of nodes 86
EtherApe-INFO: 04:13:20.033: New node: IP: 108.138.7.6. Number of nodes 87
EtherApe-INFO: 04:13:20.290: New node: IP: 3.251.50.149. Number of nodes 88
EtherApe-INFO: 04:13:20.291: New node: IP: 176.122.96.225. Number of nodes 89
EtherApe-INFO: 04:13:21.057: New node: IP: 104.16.214.237. Number of nodes 90
EtherApe-INFO: 04:13:21.574: New node: IP: 140.82.113.26. Number of nodes 91
EtherApe-INFO: 04:13:22.081: New node: IP: 216.58.209.14. Number of nodes 92
EtherApe-INFO: 04:13:22.339: New node: IP: 216.58.215.86. Number of nodes 93
EtherApe-INFO: 04:13:26.946: New node: IP: 18.66.122.32. Number of nodes 94
EtherApe-INFO: 04:13:27.970: New node: IP: 52.222.214.38. Number of nodes 95
EtherApe-INFO: 04:13:31.041: New node: IP: 216.58.209.10. Number of nodes 96
EtherApe-INFO: 04:13:34.125: New node: IP: 207.241.224.2. Number of nodes 97
EtherApe-INFO: 04:14:45.098: delete node: IP: 104.22.33.83. Number of nodes 96
EtherApe-INFO: 04:14:47.402: delete node: IP: 108.138.17.82. Number of nodes 95
EtherApe-INFO: 04:14:50.955: delete node: IP: 216.58.215.99. Number of nodes 94
EtherApe-INFO: 04:14:50.955: delete node: IP: 8.8.8.8. Number of nodes 93
EtherApe-INFO: 04:14:55.022: delete node: IP: 104.17.24.14. Number of nodes 92
EtherApe-INFO: 04:14:55.022: delete node: IP: 104.16.99.56. Number of nodes 91
EtherApe-INFO: 04:14:55.022: delete node: IP: 18.66.112.85. Number of nodes 90
EtherApe-INFO: 04:14:56.064: delete node: IP: 104.22.70.197. Number of nodes 89
EtherApe-INFO: 04:14:57.836: delete node: IP: 193.34.169.9. Number of nodes 88
EtherApe-INFO: 04:14:57.836: delete node: IP: 104.18.23.52. Number of nodes 87
EtherApe-INFO: 04:14:57.836: delete node: IP: 104.17.32.82. Number of nodes 86
EtherApe-INFO: 04:14:58.669: delete node: IP: 74.208.236.134. Number of nodes 85
EtherApe-INFO: 04:14:58.669: delete node: IP: 18.66.122.108. Number of nodes 84
EtherApe-INFO: 04:14:59.191: delete node: IP: 104.17.210.204. Number of nodes 83
EtherApe-INFO: 04:14:59.191: delete node: IP: 52.222.236.28. Number of nodes 82
EtherApe-INFO: 04:14:59.191: delete node: IP: 35.244.234.223. Number of nodes 81
EtherApe-INFO: 04:15:02.008: delete node: IP: 104.26.14.42. Number of nodes 80
EtherApe-INFO: 04:15:02.008: delete node: IP: 104.17.183.73. Number of nodes 79
EtherApe-INFO: 04:15:03.049: delete node: IP: 185.199.111.154. Number of nodes 78
EtherApe-INFO: 04:15:03.049: delete node: IP: 185.199.110.133. Number of nodes 77
EtherApe-INFO: 04:15:03.049: delete node: IP: 151.101.2.49. Number of nodes 76
EtherApe-INFO: 04:15:03.049: delete node: IP: 140.82.121.4. Number of nodes 75
EtherApe-INFO: 04:15:03.049: delete node: IP: 104.16.87.20. Number of nodes 74
EtherApe-INFO: 04:15:03.049: delete node: IP: 104.16.85.20. Number of nodes 73
EtherApe-INFO: 04:15:03.049: delete node: IP: 54.175.222.117. Number of nodes 72
EtherApe-INFO: 04:15:03.784: delete node: IP: 151.101.194.209. Number of nodes 71
EtherApe-INFO: 04:15:03.784: delete node: IP: 104.26.6.173. Number of nodes 70
EtherApe-INFO: 04:15:04.306: delete node: IP: 18.66.233.107. Number of nodes 69
EtherApe-INFO: 04:15:05.035: delete node: IP: 104.18.26.85. Number of nodes 68
EtherApe-INFO: 04:15:05.035: delete node: IP: 34.120.208.123. Number of nodes 67
EtherApe-INFO: 04:15:06.020: New node: IP: 172.217.16.14. Number of nodes 68
EtherApe-INFO: 04:15:06.077: delete node: IP: 18.66.147.167. Number of nodes 67
EtherApe-INFO: 04:15:07.127: delete node: IP: 142.250.75.14. Number of nodes 66
EtherApe-INFO: 04:15:08.385: delete node: IP: 139.59.209.225. Number of nodes 65
EtherApe-INFO: 04:15:08.385: delete node: IP: 104.17.182.177. Number of nodes 64
EtherApe-INFO: 04:15:08.385: delete node: IP: 104.16.88.5. Number of nodes 63
EtherApe-INFO: 04:15:08.908: delete node: IP: 104.16.249.249. Number of nodes 62
EtherApe-INFO: 04:15:09.118: delete node: IP: 216.58.215.118. Number of nodes 61
EtherApe-INFO: 04:15:09.118: delete node: IP: 108.138.46.56. Number of nodes 60
EtherApe-INFO: 04:15:09.118: delete node: IP: 35.165.41.15. Number of nodes 59
EtherApe-INFO: 04:15:09.118: delete node: IP: 18.66.234.116. Number of nodes 58
EtherApe-INFO: 04:15:12.467: delete node: IP: 104.18.22.52. Number of nodes 57
EtherApe-INFO: 04:15:13.003: delete node: IP: 104.16.122.175. Number of nodes 56
EtherApe-INFO: 04:15:13.214: delete node: IP: 18.66.122.97. Number of nodes 55
EtherApe-INFO: 04:15:13.214: delete node: IP: 13.32.103.36. Number of nodes 54
EtherApe-INFO: 04:15:14.991: delete node: IP: 104.21.75.3. Number of nodes 53
EtherApe-INFO: 04:15:14.991: delete node: IP: 104.18.32.165. Number of nodes 52
EtherApe-INFO: 04:15:16.349: delete node: IP: 104.17.236.204. Number of nodes 51
EtherApe-INFO: 04:15:16.349: delete node: IP: 104.16.149.64. Number of nodes 50
EtherApe-INFO: 04:15:16.349: delete node: IP: 104.16.148.64. Number of nodes 49
EtherApe-INFO: 04:15:17.817: delete node: IP: 143.204.101.48. Number of nodes 48
EtherApe-INFO: 04:15:17.817: delete node: IP: 104.22.4.9. Number of nodes 47
EtherApe-INFO: 04:15:17.817: delete node: IP: 104.18.15.117. Number of nodes 46
EtherApe-INFO: 04:15:17.817: delete node: IP: 104.17.127.171. Number of nodes 45
EtherApe-INFO: 04:15:17.817: delete node: IP: 104.16.42.65. Number of nodes 44
EtherApe-INFO: 04:15:19.388: delete node: IP: 207.241.227.137. Number of nodes 43
EtherApe-INFO: 04:15:19.388: delete node: IP: 172.64.154.216. Number of nodes 42
EtherApe-INFO: 04:15:19.388: delete node: IP: 149.154.167.216. Number of nodes 41
EtherApe-INFO: 04:15:19.388: delete node: IP: 108.138.51.16. Number of nodes 40
EtherApe-INFO: 04:15:19.388: delete node: IP: 108.138.24.147. Number of nodes 39
EtherApe-INFO: 04:15:19.388: delete node: IP: 108.138.7.22. Number of nodes 38
EtherApe-INFO: 04:15:19.388: delete node: IP: 104.17.73.206. Number of nodes 37
EtherApe-INFO: 04:15:19.388: delete node: IP: 54.144.149.60. Number of nodes 36
EtherApe-INFO: 04:15:19.388: delete node: IP: 52.222.236.116. Number of nodes 35
EtherApe-INFO: 04:15:20.119: delete node: IP: 108.138.7.6. Number of nodes 34
EtherApe-INFO: 04:15:21.163: delete node: IP: 104.16.214.237. Number of nodes 33
EtherApe-INFO: 04:15:22.207: delete node: IP: 216.58.209.14. Number of nodes 32
EtherApe-INFO: 04:15:27.109: delete node: IP: 18.66.122.32. Number of nodes 31
EtherApe-INFO: 04:15:30.144: delete node: IP: 52.222.214.38. Number of nodes 30
EtherApe-INFO: 04:15:32.444: delete node: IP: 216.58.209.10. Number of nodes 29
EtherApe-INFO: 04:15:32.444: delete node: IP: 142.250.203.131. Number of nodes 28
EtherApe-INFO: 04:15:34.532: delete node: IP: 207.241.224.2. Number of nodes 27
EtherApe-INFO: 04:15:39.125: delete node: IP: 172.217.16.33. Number of nodes 26
EtherApe-INFO: 04:15:39.126: delete node: IP: 172.64.147.123. Number of nodes 25
EtherApe-INFO: 04:15:40.586: delete node: IP: 216.58.208.195. Number of nodes 24
EtherApe-INFO: 04:15:40.586: delete node: IP: 142.250.203.202. Number of nodes 23
EtherApe-INFO: 04:15:41.109: delete node: IP: 142.250.203.206. Number of nodes 22
EtherApe-INFO: 04:15:42.465: delete node: IP: 142.250.203.138. Number of nodes 21
EtherApe-INFO: 04:15:51.073: New node: IP: 91.236.251.24. Number of nodes 22
EtherApe-INFO: 04:16:04.173: delete node: IP: 34.104.32.36. Number of nodes 21
EtherApe-INFO: 04:16:16.211: delete node: IP: 216.58.215.86. Number of nodes 20
EtherApe-INFO: 04:16:22.157: delete node: IP: 172.217.16.10. Number of nodes 19
EtherApe-INFO: 04:16:38.179: New node: IP: 172.217.16.10. Number of nodes 20
EtherApe-INFO: 04:17:35.521: New node: IP: 192.168.1.1. Number of nodes 21
EtherApe-INFO: 04:17:35.522: New node: IP: 95.216.195.133. Number of nodes 22
EtherApe-INFO: 04:17:51.692: delete node: IP: 91.236.251.24. Number of nodes 21
EtherApe-INFO: 04:18:08.802: New node: IP: 35.165.41.15. Number of nodes 22
EtherApe-INFO: 04:18:39.026: delete node: IP: 172.217.16.10. Number of nodes 21
EtherApe-INFO: 04:19:00.865: delete node: IP: 13.32.121.59. Number of nodes 20
EtherApe-INFO: 04:19:24.324: New node: IP: 172.64.155.91. Number of nodes 21
EtherApe-INFO: 04:19:25.346: New node: IP: 142.250.203.202. Number of nodes 22
EtherApe-INFO: 04:19:36.108: delete node: IP: 192.168.1.1. Number of nodes 21
EtherApe-INFO: 04:19:36.108: delete node: IP: 95.216.195.133. Number of nodes 20
EtherApe-INFO: 04:19:59.941: delete node: IP: 216.58.208.196. Number of nodes 19
EtherApe-INFO: 04:19:59.941: delete node: IP: 172.217.16.14. Number of nodes 18
EtherApe-INFO: 04:20:09.122: New node: IP: 216.58.208.196. Number of nodes 19
EtherApe-INFO: 04:20:09.182: delete node: IP: 35.165.41.15. Number of nodes 18
EtherApe-INFO: 04:20:19.105: New node: IP: 54.229.152.140. Number of nodes 19
EtherApe-INFO: 04:20:20.387: New node: IP: 104.18.14.117. Number of nodes 20
EtherApe-INFO: 04:20:25.250: New node: IP: 54.75.137.188. Number of nodes 21
EtherApe-INFO: 04:21:00.066: New node: IP: 216.58.209.14. Number of nodes 22
EtherApe-INFO: 04:21:45.923: delete node: IP: 142.250.203.202. Number of nodes 21
EtherApe-INFO: 04:21:58.434: New node: IP: 142.250.203.202. Number of nodes 22
EtherApe-INFO: 04:22:20.000: delete node: IP: 54.229.152.140. Number of nodes 21
EtherApe-INFO: 04:22:27.178: delete node: IP: 54.75.137.188. Number of nodes 20
EtherApe-INFO: 04:22:27.178: delete node: IP: 9.9.9.9. Number of nodes 19
EtherApe-INFO: 04:22:35.553: New node: IP: 192.168.1.1. Number of nodes 20
EtherApe-INFO: 04:22:35.554: New node: IP: 9.9.9.9. Number of nodes 21
EtherApe-INFO: 04:22:35.554: New node: IP: 95.216.195.133. Number of nodes 22
EtherApe-INFO: 04:23:08.833: New node: IP: 35.165.41.15. Number of nodes 23
EtherApe-INFO: 04:23:43.907: New node: IP: 172.217.16.10. Number of nodes 24
EtherApe-INFO: 04:24:15.213: delete node: IP: 172.64.155.91. Number of nodes 23
EtherApe-INFO: 04:24:23.329: New node: IP: 91.236.251.24. Number of nodes 24
EtherApe-INFO: 04:24:36.199: delete node: IP: 192.168.1.1. Number of nodes 23
EtherApe-INFO: 04:24:36.199: delete node: IP: 95.216.195.133. Number of nodes 22
EtherApe-INFO: 04:24:36.199: delete node: IP: 9.9.9.9. Number of nodes 21
EtherApe-INFO: 04:25:00.209: delete node: IP: 216.58.208.196. Number of nodes 20
EtherApe-INFO: 04:25:09.666: New node: IP: 216.58.208.196. Number of nodes 21
EtherApe-INFO: 04:25:09.753: delete node: IP: 142.250.203.202. Number of nodes 20
EtherApe-INFO: 04:25:09.753: delete node: IP: 35.165.41.15. Number of nodes 19
EtherApe-INFO: 04:25:11.016: delete node: IP: 104.18.14.117. Number of nodes 18
EtherApe-INFO: 04:25:51.222: delete node: IP: 216.58.209.14. Number of nodes 17
EtherApe-INFO: 04:26:24.003: delete node: IP: 91.236.251.24. Number of nodes 16
EtherApe-INFO: 04:26:54.893: delete node: IP: 216.58.215.101. Number of nodes 15
EtherApe-INFO: 04:27:03.075: New node: IP: 142.250.203.197. Number of nodes 16
EtherApe-INFO: 04:27:03.330: New node: IP: 9.9.9.9. Number of nodes 17
EtherApe-INFO: 04:27:35.330: New node: IP: 192.168.1.1. Number of nodes 18
EtherApe-INFO: 04:27:35.586: New node: IP: 95.216.195.133. Number of nodes 19
EtherApe-INFO: 04:27:37.150: delete node: IP: 172.217.16.10. Number of nodes 18
EtherApe-INFO: 04:28:09.122: New node: IP: 35.165.41.15. Number of nodes 19
EtherApe-INFO: 04:28:24.484: New node: IP: 172.64.155.91. Number of nodes 20
EtherApe-INFO: 04:29:36.201: delete node: IP: 192.168.1.1. Number of nodes 19
EtherApe-INFO: 04:29:36.201: delete node: IP: 95.216.195.133. Number of nodes 18
EtherApe-INFO: 04:29:36.201: delete node: IP: 9.9.9.9. Number of nodes 17
EtherApe-INFO: 04:30:00.287: delete node: IP: 216.58.208.196. Number of nodes 16
EtherApe-INFO: 04:30:03.043: New node: IP: 52.84.106.74. Number of nodes 17
EtherApe-INFO: 04:30:03.297: New node: IP: 9.9.9.9. Number of nodes 18
EtherApe-INFO: 04:30:09.212: delete node: IP: 35.165.41.15. Number of nodes 17
EtherApe-INFO: 04:30:09.954: New node: IP: 216.58.208.196. Number of nodes 18
EtherApe-INFO: 04:30:14.563: New node: IP: 172.217.16.10. Number of nodes 19
EtherApe-INFO: 04:30:20.452: New node: IP: 104.18.14.117. Number of nodes 20
EtherApe-INFO: 04:30:33.763: New node: IP: 18.200.8.190. Number of nodes 21
EtherApe-INFO: 04:30:41.697: New node: IP: 54.75.137.188. Number of nodes 22
EtherApe-INFO: 04:31:33.952: delete node: IP: 3.251.50.149. Number of nodes 21
EtherApe-INFO: 04:31:56.020: delete node: IP: 142.250.203.197. Number of nodes 20
EtherApe-INFO: 04:32:04.139: New node: IP: 216.58.215.101. Number of nodes 21
EtherApe-INFO: 04:32:14.649: delete node: IP: 172.217.16.10. Number of nodes 20
EtherApe-INFO: 04:32:34.602: delete node: IP: 9.9.9.9. Number of nodes 19
EtherApe-INFO: 04:32:35.362: New node: IP: 192.168.1.1. Number of nodes 20
EtherApe-INFO: 04:32:35.617: New node: IP: 9.9.9.9. Number of nodes 21
EtherApe-INFO: 04:32:35.617: New node: IP: 95.216.195.133. Number of nodes 22
EtherApe-INFO: 04:32:48.243: delete node: IP: 54.75.137.188. Number of nodes 21
EtherApe-INFO: 04:33:09.409: New node: IP: 35.165.41.15. Number of nodes 22
EtherApe-INFO: 04:33:15.857: delete node: IP: 172.64.155.91. Number of nodes 21
EtherApe-INFO: 04:33:54.466: New node: IP: 172.217.16.10. Number of nodes 22
EtherApe-INFO: 04:34:00.182: delete node: IP: 52.84.106.74. Number of nodes 21
EtherApe-INFO: 04:34:35.485: delete node: IP: 192.168.1.1. Number of nodes 20
EtherApe-INFO: 04:34:35.691: delete node: IP: 9.9.9.9. Number of nodes 19
EtherApe-INFO: 04:34:36.209: delete node: IP: 95.216.195.133. Number of nodes 18
EtherApe-INFO: 04:35:01.853: delete node: IP: 216.58.208.196. Number of nodes 17
EtherApe-INFO: 04:35:09.831: delete node: IP: 35.165.41.15. Number of nodes 16
EtherApe-INFO: 04:35:10.242: New node: IP: 216.58.208.196. Number of nodes 17
EtherApe-INFO: 04:35:12.321: delete node: IP: 104.18.14.117. Number of nodes 16
EtherApe-INFO: 04:36:12.276: delete node: IP: 172.217.16.10. Number of nodes 15
EtherApe-INFO: 04:36:27.298: New node: IP: 172.217.16.10. Number of nodes 16
EtherApe-INFO: 04:36:57.274: delete node: IP: 216.58.215.101. Number of nodes 15
EtherApe-INFO: 04:37:04.674: New node: IP: 216.58.215.101. Number of nodes 16
EtherApe-INFO: 04:37:24.644: New node: IP: 172.64.155.91. Number of nodes 17
EtherApe-INFO: 04:37:35.394: New node: IP: 192.168.1.1. Number of nodes 18
EtherApe-INFO: 04:37:35.650: New node: IP: 9.9.9.9. Number of nodes 19
EtherApe-INFO: 04:37:35.650: New node: IP: 95.216.195.133. Number of nodes 20
EtherApe-INFO: 04:38:08.929: New node: IP: 35.165.41.15. Number of nodes 21
EtherApe-INFO: 04:38:38.115: New node: IP: 142.250.203.138. Number of nodes 22
EtherApe-INFO: 04:38:55.840: delete node: IP: 172.217.16.10. Number of nodes 21
EtherApe-INFO: 04:39:06.786: New node: IP: 172.217.16.10. Number of nodes 22
EtherApe-INFO: 04:39:35.506: delete node: IP: 192.168.1.1. Number of nodes 21
EtherApe-INFO: 04:39:35.506: delete node: IP: 9.9.9.9. Number of nodes 20
EtherApe-INFO: 04:39:36.232: delete node: IP: 95.216.195.133. Number of nodes 19
EtherApe-INFO: 04:40:03.113: delete node: IP: 216.58.208.196. Number of nodes 18
EtherApe-INFO: 04:40:03.620: New node: IP: 87.245.217.79. Number of nodes 19
EtherApe-INFO: 04:40:03.874: New node: IP: 9.9.9.9. Number of nodes 20
EtherApe-INFO: 04:40:10.308: delete node: IP: 35.165.41.15. Number of nodes 19
EtherApe-INFO: 04:40:10.530: New node: IP: 216.58.208.196. Number of nodes 20
EtherApe-INFO: 04:40:20.516: New node: IP: 104.18.14.117. Number of nodes 21
EtherApe-INFO: 04:41:04.289: New node: IP: 54.75.137.188. Number of nodes 22
EtherApe-INFO: 04:41:10.179: New node: IP: 52.16.16.21. Number of nodes 23
EtherApe-INFO: 04:41:27.585: New node: IP: 91.236.251.24. Number of nodes 24
EtherApe-INFO: 04:41:56.270: delete node: IP: 216.58.215.101. Number of nodes 23
EtherApe-INFO: 04:42:05.730: New node: IP: 216.58.215.101. Number of nodes 24
EtherApe-INFO: 04:42:05.738: delete node: IP: 172.217.16.10. Number of nodes 23
EtherApe-INFO: 04:42:17.082: delete node: IP: 172.64.155.91. Number of nodes 22
EtherApe-INFO: 04:42:20.921: delete node: IP: 87.245.217.79. Number of nodes 21
EtherApe-INFO: 04:42:35.426: New node: IP: 192.168.1.1. Number of nodes 22
EtherApe-INFO: 04:42:35.681: New node: IP: 95.216.195.133. Number of nodes 23
EtherApe-INFO: 04:43:05.218: delete node: IP: 54.75.137.188. Number of nodes 22
EtherApe-INFO: 04:43:09.729: New node: IP: 35.165.41.15. Number of nodes 23
EtherApe-INFO: 04:43:21.763: New node: IP: 140.82.114.25. Number of nodes 24
EtherApe-INFO: 04:43:27.735: delete node: IP: 91.236.251.24. Number of nodes 23
EtherApe-INFO: 04:43:28.674: New node: IP: 87.245.217.79. Number of nodes 24
EtherApe-INFO: 04:43:30.987: delete node: IP: 142.250.203.138. Number of nodes 23
EtherApe-INFO: 04:44:35.754: delete node: IP: 192.168.1.1. Number of nodes 22
EtherApe-INFO: 04:44:35.754: delete node: IP: 95.216.195.133. Number of nodes 21
EtherApe-INFO: 04:45:01.384: delete node: IP: 216.58.208.196. Number of nodes 20
EtherApe-INFO: 04:45:05.528: delete node: IP: 52.16.16.21. Number of nodes 19
EtherApe-INFO: 04:45:05.953: New node: IP: 52.16.16.21. Number of nodes 20
EtherApe-INFO: 04:45:06.211: New node: IP: 52.84.106.74. Number of nodes 21
EtherApe-INFO: 04:45:10.818: New node: IP: 216.58.208.196. Number of nodes 22
EtherApe-INFO: 04:45:10.831: delete node: IP: 104.18.14.117. Number of nodes 21
EtherApe-INFO: 04:45:10.831: delete node: IP: 35.165.41.15. Number of nodes 20
EtherApe-INFO: 04:45:22.168: delete node: IP: 140.82.113.26. Number of nodes 19
EtherApe-INFO: 04:45:22.168: delete node: IP: 9.9.9.9. Number of nodes 18
EtherApe-INFO: 04:46:24.809: New node: IP: 172.64.155.91. Number of nodes 19
EtherApe-INFO: 04:46:57.364: delete node: IP: 216.58.215.101. Number of nodes 18
EtherApe-INFO: 04:47:06.315: delete node: IP: 52.16.16.21. Number of nodes 17
EtherApe-INFO: 04:47:06.786: New node: IP: 216.58.215.101. Number of nodes 18
EtherApe-INFO: 04:47:35.457: New node: IP: 192.168.1.1. Number of nodes 19
EtherApe-INFO: 04:47:35.457: New node: IP: 9.9.9.9. Number of nodes 20
EtherApe-INFO: 04:47:35.458: New node: IP: 95.216.195.133. Number of nodes 21
EtherApe-INFO: 04:48:09.761: New node: IP: 35.165.41.15. Number of nodes 22
EtherApe-INFO: 04:49:03.338: delete node: IP: 52.84.106.74. Number of nodes 21
EtherApe-INFO: 04:49:35.877: delete node: IP: 192.168.1.1. Number of nodes 20
EtherApe-INFO: 04:49:35.877: delete node: IP: 95.216.195.133. Number of nodes 19
EtherApe-INFO: 04:49:35.877: delete node: IP: 9.9.9.9. Number of nodes 18
EtherApe-INFO: 04:49:41.922: New node: IP: 172.217.16.10. Number of nodes 19
EtherApe-INFO: 04:50:03.182: delete node: IP: 216.58.208.196. Number of nodes 18
EtherApe-INFO: 04:50:10.952: delete node: IP: 35.165.41.15. Number of nodes 17
EtherApe-INFO: 04:50:11.106: New node: IP: 216.58.208.196. Number of nodes 18
EtherApe-INFO: 04:50:20.836: New node: IP: 104.18.14.117. Number of nodes 19
EtherApe-INFO: 04:51:16.230: delete node: IP: 172.64.155.91. Number of nodes 18
EtherApe-INFO: 04:51:42.060: delete node: IP: 172.217.16.10. Number of nodes 17
EtherApe-INFO: 04:51:58.141: delete node: IP: 216.58.215.101. Number of nodes 16
EtherApe-INFO: 04:52:04.770: New node: IP: 3.251.50.149. Number of nodes 17
EtherApe-INFO: 04:52:08.099: New node: IP: 142.250.203.197. Number of nodes 18
EtherApe-INFO: 04:52:35.490: New node: IP: 192.168.1.1. Number of nodes 19
EtherApe-INFO: 04:52:35.490: New node: IP: 9.9.9.9. Number of nodes 20
EtherApe-INFO: 04:52:35.491: New node: IP: 95.216.195.133. Number of nodes 21
EtherApe-INFO: 04:53:05.033: delete node: IP: 18.200.8.190. Number of nodes 20
EtherApe-INFO: 04:53:10.050: New node: IP: 35.165.41.15. Number of nodes 21
EtherApe-INFO: 04:54:36.353: delete node: IP: 192.168.1.1. Number of nodes 20
EtherApe-INFO: 04:54:36.353: delete node: IP: 95.216.195.133. Number of nodes 19
EtherApe-INFO: 04:54:36.353: delete node: IP: 9.9.9.9. Number of nodes 18
EtherApe-INFO: 04:55:01.974: delete node: IP: 216.58.208.196. Number of nodes 17
EtherApe-INFO: 04:55:08.066: New node: IP: 52.16.16.21. Number of nodes 18
EtherApe-INFO: 04:55:10.687: delete node: IP: 35.165.41.15. Number of nodes 17
EtherApe-INFO: 04:55:11.394: New node: IP: 216.58.208.196. Number of nodes 18
EtherApe-INFO: 04:55:12.458: delete node: IP: 104.18.14.117. Number of nodes 17
EtherApe-INFO: 04:55:13.955: New node: IP: 63.33.228.172. Number of nodes 18
EtherApe-INFO: 04:55:14.209: New node: IP: 9.9.9.9. Number of nodes 19
EtherApe-INFO: 04:55:24.963: New node: IP: 172.64.155.91. Number of nodes 20
EtherApe-INFO: 04:56:59.726: delete node: IP: 142.250.203.197. Number of nodes 19
EtherApe-INFO: 04:57:08.220: delete node: IP: 52.16.16.21. Number of nodes 18
EtherApe-INFO: 04:57:08.643: New node: IP: 216.58.215.101. Number of nodes 19
EtherApe-INFO: 04:57:15.095: delete node: IP: 63.33.228.172. Number of nodes 18
EtherApe-INFO: 04:57:15.095: delete node: IP: 9.9.9.9. Number of nodes 17
EtherApe-INFO: 04:57:35.521: New node: IP: 192.168.1.1. Number of nodes 18
EtherApe-INFO: 04:57:35.522: New node: IP: 9.9.9.9. Number of nodes 19
EtherApe-INFO: 04:57:35.522: New node: IP: 95.216.195.133. Number of nodes 20
EtherApe-INFO: 04:58:10.083: New node: IP: 35.165.41.15. Number of nodes 21
EtherApe-INFO: 04:58:25.187: New node: IP: 172.217.16.10. Number of nodes 22
EtherApe-INFO: 04:59:36.359: delete node: IP: 192.168.1.1. Number of nodes 21
EtherApe-INFO: 04:59:36.359: delete node: IP: 95.216.195.133. Number of nodes 20
EtherApe-INFO: 04:59:36.359: delete node: IP: 9.9.9.9. Number of nodes 19
EtherApe-INFO: 05:00:01.970: delete node: IP: 216.58.208.196. Number of nodes 18
EtherApe-INFO: 05:00:04.011: New node: IP: 13.32.121.62. Number of nodes 19
EtherApe-INFO: 05:00:04.258: New node: IP: 9.9.9.9. Number of nodes 20
EtherApe-INFO: 05:00:10.706: delete node: IP: 35.165.41.15. Number of nodes 19
EtherApe-INFO: 05:00:11.682: New node: IP: 216.58.208.196. Number of nodes 20
EtherApe-INFO: 05:00:16.105: delete node: IP: 172.64.155.91. Number of nodes 19
EtherApe-INFO: 05:00:20.899: New node: IP: 104.18.14.117. Number of nodes 20
EtherApe-INFO: 05:00:25.809: delete node: IP: 172.217.16.10. Number of nodes 19
EtherApe-INFO: 05:01:20.033: New node: IP: 34.120.208.123. Number of nodes 20
EtherApe-INFO: 05:02:00.009: delete node: IP: 216.58.215.101. Number of nodes 19
EtherApe-INFO: 05:02:05.907: delete node: IP: 9.9.9.9. Number of nodes 18
EtherApe-INFO: 05:02:09.698: New node: IP: 216.58.215.101. Number of nodes 19
EtherApe-INFO: 05:02:35.553: New node: IP: 192.168.1.1. Number of nodes 20
EtherApe-INFO: 05:02:35.554: New node: IP: 9.9.9.9. Number of nodes 21
EtherApe-INFO: 05:02:35.554: New node: IP: 95.216.195.133. Number of nodes 22
EtherApe-INFO: 05:03:10.369: New node: IP: 35.165.41.15. Number of nodes 23
EtherApe-INFO: 05:03:10.370: New node: IP: 35.241.9.150. Number of nodes 24
EtherApe-INFO: 05:03:10.882: New node: IP: 34.160.144.191. Number of nodes 25
EtherApe-INFO: 05:03:22.454: delete node: IP: 176.122.96.225. Number of nodes 24
EtherApe-INFO: 05:03:31.892: delete node: IP: 87.245.217.79. Number of nodes 23
EtherApe-INFO: 05:04:00.059: delete node: IP: 13.32.121.62. Number of nodes 22
EtherApe-INFO: 05:04:25.124: New node: IP: 172.64.155.91. Number of nodes 23
EtherApe-INFO: 05:04:35.362: New node: IP: 13.32.121.62. Number of nodes 24
EtherApe-INFO: 05:04:35.427: delete node: IP: 192.168.1.1. Number of nodes 23
EtherApe-INFO: 05:04:36.463: delete node: IP: 95.216.195.133. Number of nodes 22
EtherApe-INFO: 05:05:03.057: delete node: IP: 216.58.208.196. Number of nodes 21
EtherApe-INFO: 05:05:10.719: delete node: IP: 35.165.41.15. Number of nodes 20
EtherApe-INFO: 05:05:11.970: New node: IP: 216.58.208.196. Number of nodes 21
EtherApe-INFO: 05:05:12.065: delete node: IP: 104.18.14.117. Number of nodes 20
EtherApe-INFO: 05:05:12.065: delete node: IP: 9.9.9.9. Number of nodes 19
EtherApe-INFO: 05:05:38.849: New node: IP: 63.33.228.172. Number of nodes 20
EtherApe-INFO: 05:05:44.994: New node: IP: 54.171.156.218. Number of nodes 21
EtherApe-INFO: 05:05:45.249: New node: IP: 9.9.9.9. Number of nodes 22
EtherApe-INFO: 05:06:10.901: delete node: IP: 34.120.208.123. Number of nodes 21
EtherApe-INFO: 05:07:00.576: delete node: IP: 216.58.215.101. Number of nodes 20
EtherApe-INFO: 05:07:10.500: New node: IP: 216.58.215.101. Number of nodes 21
EtherApe-INFO: 05:07:35.329: New node: IP: 192.168.1.1. Number of nodes 22
EtherApe-INFO: 05:07:35.586: New node: IP: 95.216.195.133. Number of nodes 23
EtherApe-INFO: 05:07:39.524: delete node: IP: 63.33.228.172. Number of nodes 22
EtherApe-INFO: 05:07:45.634: delete node: IP: 54.171.156.218. Number of nodes 21
EtherApe-INFO: 05:08:01.254: delete node: IP: 35.241.9.150. Number of nodes 20
EtherApe-INFO: 05:08:01.254: delete node: IP: 34.160.144.191. Number of nodes 19
EtherApe-INFO: 05:08:10.401: New node: IP: 35.165.41.15. Number of nodes 20
EtherApe-INFO: 05:08:22.947: New node: IP: 35.165.217.23. Number of nodes 21
EtherApe-INFO: 05:08:22.947: New node: IP: 34.107.141.31. Number of nodes 22
EtherApe-INFO: 05:08:22.947: New node: IP: 108.138.17.68. Number of nodes 23
EtherApe-INFO: 05:08:23.209: New node: IP: 35.186.227.140. Number of nodes 24
EtherApe-INFO: 05:08:31.403: delete node: IP: 13.32.121.62. Number of nodes 23
EtherApe-INFO: 05:09:01.091: New node: IP: 34.120.208.123. Number of nodes 24
EtherApe-INFO: 05:09:01.602: New node: IP: 172.217.16.10. Number of nodes 25
EtherApe-INFO: 05:09:06.979: New node: IP: 13.32.121.62. Number of nodes 26
EtherApe-INFO: 05:09:17.551: delete node: IP: 172.64.155.91. Number of nodes 25
EtherApe-INFO: 05:09:35.698: delete node: IP: 192.168.1.1. Number of nodes 24
EtherApe-INFO: 05:09:36.217: delete node: IP: 95.216.195.133. Number of nodes 23
EtherApe-INFO: 05:09:38.467: New node: IP: 216.58.209.14. Number of nodes 24
EtherApe-INFO: 05:10:03.591: delete node: IP: 216.58.208.196. Number of nodes 23
EtherApe-INFO: 05:10:10.745: delete node: IP: 35.165.41.15. Number of nodes 22
EtherApe-INFO: 05:10:12.258: New node: IP: 216.58.208.196. Number of nodes 23
EtherApe-INFO: 05:10:21.218: New node: IP: 104.18.15.117. Number of nodes 24
EtherApe-INFO: 05:10:23.819: delete node: IP: 9.9.9.9. Number of nodes 23
EtherApe-INFO: 05:11:03.306: delete node: IP: 172.217.16.10. Number of nodes 22
EtherApe-INFO: 05:11:07.145: delete node: IP: 52.84.106.47. Number of nodes 21
EtherApe-INFO: 05:11:25.264: delete node: IP: 35.165.217.23. Number of nodes 20
EtherApe-INFO: 05:12:05.750: delete node: IP: 142.250.203.142. Number of nodes 19
EtherApe-INFO: 05:12:35.362: New node: IP: 192.168.1.1. Number of nodes 20
EtherApe-INFO: 05:12:35.618: New node: IP: 9.9.9.9. Number of nodes 21
EtherApe-INFO: 05:12:35.618: New node: IP: 95.216.195.133. Number of nodes 22
EtherApe-INFO: 05:13:10.434: New node: IP: 35.165.41.15. Number of nodes 23
EtherApe-INFO: 05:13:14.547: delete node: IP: 108.138.17.68. Number of nodes 22
EtherApe-INFO: 05:13:14.547: delete node: IP: 34.107.141.31. Number of nodes 21
EtherApe-INFO: 05:13:17.136: delete node: IP: 35.186.227.140. Number of nodes 20
EtherApe-INFO: 05:13:25.283: New node: IP: 172.64.155.91. Number of nodes 21
EtherApe-INFO: 05:13:53.761: delete node: IP: 34.120.208.123. Number of nodes 20
EtherApe-INFO: 05:14:06.755: New node: IP: 18.200.8.190. Number of nodes 21
EtherApe-INFO: 05:14:22.115: New node: IP: 140.82.112.25. Number of nodes 22
EtherApe-INFO: 05:14:36.727: delete node: IP: 192.168.1.1. Number of nodes 21
EtherApe-INFO: 05:14:36.727: delete node: IP: 95.216.195.133. Number of nodes 20
EtherApe-INFO: 05:15:06.979: delete node: IP: 3.251.50.149. Number of nodes 19
EtherApe-INFO: 05:15:10.801: delete node: IP: 35.165.41.15. Number of nodes 18
EtherApe-INFO: 05:15:12.351: delete node: IP: 104.18.15.117. Number of nodes 17
EtherApe-INFO: 05:15:35.842: New node: IP: 91.236.251.24. Number of nodes 18
EtherApe-INFO: 05:16:01.441: New node: IP: 54.171.156.218. Number of nodes 19
EtherApe-INFO: 05:16:07.332: New node: IP: 54.229.152.140. Number of nodes 20
EtherApe-INFO: 05:16:22.215: delete node: IP: 140.82.114.25. Number of nodes 19
EtherApe-INFO: 05:16:22.525: delete node: IP: 9.9.9.9. Number of nodes 18
EtherApe-INFO: 05:17:03.744: delete node: IP: 216.58.215.101. Number of nodes 17
EtherApe-INFO: 05:17:35.393: New node: IP: 192.168.1.1. Number of nodes 18
EtherApe-INFO: 05:17:35.649: New node: IP: 9.9.9.9. Number of nodes 19
EtherApe-INFO: 05:17:35.650: New node: IP: 95.216.195.133. Number of nodes 20
EtherApe-INFO: 05:17:35.933: delete node: IP: 91.236.251.24. Number of nodes 19
EtherApe-INFO: 05:18:01.779: delete node: IP: 54.171.156.218. Number of nodes 18
EtherApe-INFO: 05:18:09.015: delete node: IP: 54.229.152.140. Number of nodes 17
EtherApe-INFO: 05:18:10.721: New node: IP: 35.165.41.15. Number of nodes 18
EtherApe-INFO: 05:18:15.634: delete node: IP: 172.64.155.91. Number of nodes 17
EtherApe-INFO: 05:19:36.747: delete node: IP: 192.168.1.1. Number of nodes 16
EtherApe-INFO: 05:19:36.747: delete node: IP: 95.216.195.133. Number of nodes 15
EtherApe-INFO: 05:19:36.747: delete node: IP: 9.9.9.9. Number of nodes 14
EtherApe-INFO: 05:20:03.652: delete node: IP: 216.58.208.196. Number of nodes 13
EtherApe-INFO: 05:20:11.073: delete node: IP: 35.165.41.15. Number of nodes 12
EtherApe-INFO: 05:20:12.835: New node: IP: 216.58.208.196. Number of nodes 13
EtherApe-INFO: 05:20:21.539: New node: IP: 104.18.14.117. Number of nodes 14
EtherApe-INFO: 05:22:11.618: New node: IP: 216.58.215.101. Number of nodes 15
EtherApe-INFO: 05:22:25.443: New node: IP: 172.64.155.91. Number of nodes 16
EtherApe-INFO: 05:22:35.425: New node: IP: 192.168.1.1. Number of nodes 17
EtherApe-INFO: 05:22:35.426: New node: IP: 9.9.9.9. Number of nodes 18
EtherApe-INFO: 05:22:35.681: New node: IP: 95.216.195.133. Number of nodes 19
EtherApe-INFO: 05:23:10.753: New node: IP: 35.165.41.15. Number of nodes 20
EtherApe-INFO: 05:24:35.845: delete node: IP: 192.168.1.1. Number of nodes 19
EtherApe-INFO: 05:24:35.845: delete node: IP: 9.9.9.9. Number of nodes 18
EtherApe-INFO: 05:24:36.773: delete node: IP: 95.216.195.133. Number of nodes 17
EtherApe-INFO: 05:24:39.842: New node: IP: 34.120.208.123. Number of nodes 18
EtherApe-INFO: 05:24:48.546: New node: IP: 87.245.217.79. Number of nodes 19
EtherApe-INFO: 05:24:49.571: New node: IP: 176.122.96.225. Number of nodes 20
EtherApe-INFO: 05:25:03.750: delete node: IP: 216.58.208.196. Number of nodes 19
EtherApe-INFO: 05:25:11.330: delete node: IP: 35.165.41.15. Number of nodes 18
EtherApe-INFO: 05:25:12.367: delete node: IP: 104.18.14.117. Number of nodes 17
EtherApe-INFO: 05:25:13.124: New node: IP: 216.58.208.196. Number of nodes 18
EtherApe-INFO: 05:26:24.034: New node: IP: 54.229.152.140. Number of nodes 19
EtherApe-INFO: 05:26:29.924: New node: IP: 63.33.228.172. Number of nodes 20
EtherApe-INFO: 05:27:03.290: delete node: IP: 216.58.215.101. Number of nodes 19
EtherApe-INFO: 05:27:13.699: New node: IP: 172.217.16.10. Number of nodes 20
EtherApe-INFO: 05:27:18.896: delete node: IP: 172.64.155.91. Number of nodes 19
EtherApe-INFO: 05:27:35.457: New node: IP: 192.168.1.1. Number of nodes 20
EtherApe-INFO: 05:27:35.457: New node: IP: 9.9.9.9. Number of nodes 21
EtherApe-INFO: 05:27:35.458: New node: IP: 95.216.195.133. Number of nodes 22
EtherApe-INFO: 05:28:11.041: New node: IP: 35.165.41.15. Number of nodes 23
EtherApe-INFO: 05:28:17.704: New node: IP: 35.241.9.150. Number of nodes 24
EtherApe-INFO: 05:28:18.215: New node: IP: 104.18.27.85. Number of nodes 25
EtherApe-INFO: 05:28:18.219: New node: IP: 104.16.149.64. Number of nodes 26
EtherApe-INFO: 05:28:18.979: New node: IP: 52.16.16.21. Number of nodes 27
EtherApe-INFO: 05:28:23.586: New node: IP: 140.82.121.6. Number of nodes 28
EtherApe-INFO: 05:28:24.415: delete node: IP: 54.229.152.140. Number of nodes 27
EtherApe-INFO: 05:29:36.630: delete node: IP: 192.168.1.1. Number of nodes 26
EtherApe-INFO: 05:29:36.631: delete node: IP: 95.216.195.133. Number of nodes 25
EtherApe-INFO: 05:30:04.278: delete node: IP: 216.58.208.196. Number of nodes 24
EtherApe-INFO: 05:30:11.963: delete node: IP: 35.165.41.15. Number of nodes 23
EtherApe-INFO: 05:30:13.666: New node: IP: 216.58.208.196. Number of nodes 24
EtherApe-INFO: 05:30:17.071: delete node: IP: 63.33.228.172. Number of nodes 23
EtherApe-INFO: 05:30:20.618: delete node: IP: 52.16.16.21. Number of nodes 22
EtherApe-INFO: 05:30:21.603: New node: IP: 104.18.14.117. Number of nodes 23
EtherApe-INFO: 05:30:23.941: delete node: IP: 9.9.9.9. Number of nodes 22
EtherApe-INFO: 05:30:25.712: delete node: IP: 172.217.16.10. Number of nodes 21
EtherApe-INFO: 05:31:25.857: New node: IP: 172.64.155.91. Number of nodes 22
EtherApe-INFO: 05:31:47.876: New node: IP: 172.217.16.10. Number of nodes 23
EtherApe-INFO: 05:32:12.706: New node: IP: 142.250.203.197. Number of nodes 24
EtherApe-INFO: 05:32:24.001: delete node: IP: 140.82.121.6. Number of nodes 23
EtherApe-INFO: 05:32:35.489: New node: IP: 192.168.1.1. Number of nodes 24
EtherApe-INFO: 05:32:35.490: New node: IP: 9.9.9.9. Number of nodes 25
EtherApe-INFO: 05:32:35.490: New node: IP: 95.216.195.133. Number of nodes 26
EtherApe-INFO: 05:33:09.108: delete node: IP: 104.18.27.85. Number of nodes 25
EtherApe-INFO: 05:33:09.108: delete node: IP: 35.241.9.150. Number of nodes 24
EtherApe-INFO: 05:33:09.108: delete node: IP: 34.120.208.123. Number of nodes 23
EtherApe-INFO: 05:33:10.305: New node: IP: 35.165.41.15. Number of nodes 24
EtherApe-INFO: 05:33:10.886: delete node: IP: 104.16.149.64. Number of nodes 23
EtherApe-INFO: 05:34:05.445: delete node: IP: 172.217.16.10. Number of nodes 22
EtherApe-INFO: 05:34:35.657: delete node: IP: 192.168.1.1. Number of nodes 21
EtherApe-INFO: 05:34:36.588: delete node: IP: 95.216.195.133. Number of nodes 20
EtherApe-INFO: 05:34:36.588: delete node: IP: 9.9.9.9. Number of nodes 19
EtherApe-INFO: 05:35:03.791: delete node: IP: 216.58.208.196. Number of nodes 18
EtherApe-INFO: 05:35:11.991: delete node: IP: 104.18.14.117. Number of nodes 17
EtherApe-INFO: 05:35:11.991: delete node: IP: 35.165.41.15. Number of nodes 16
EtherApe-INFO: 05:35:13.954: New node: IP: 216.58.208.196. Number of nodes 17
EtherApe-INFO: 05:35:31.618: New node: IP: 54.74.73.31. Number of nodes 18
EtherApe-INFO: 05:35:31.873: New node: IP: 9.9.9.9. Number of nodes 19
EtherApe-INFO: 05:36:15.988: delete node: IP: 172.64.155.91. Number of nodes 18
EtherApe-INFO: 05:36:31.862: delete node: IP: 18.200.8.190. Number of nodes 17
EtherApe-INFO: 05:37:03.857: delete node: IP: 142.250.203.197. Number of nodes 16
EtherApe-INFO: 05:37:31.948: delete node: IP: 9.9.9.9. Number of nodes 15
EtherApe-INFO: 05:37:35.521: New node: IP: 192.168.1.1. Number of nodes 16
EtherApe-INFO: 05:37:35.521: New node: IP: 9.9.9.9. Number of nodes 17
EtherApe-INFO: 05:37:35.522: New node: IP: 95.216.195.133. Number of nodes 18
EtherApe-INFO: 05:38:11.361: New node: IP: 35.165.41.15. Number of nodes 19
EtherApe-INFO: 05:38:24.930: New node: IP: 52.16.16.21. Number of nodes 20
EtherApe-INFO: 05:38:29.539: New node: IP: 63.33.228.172. Number of nodes 21
EtherApe-INFO: 05:38:58.211: New node: IP: 172.217.16.10. Number of nodes 22
EtherApe-INFO: 05:39:35.872: delete node: IP: 192.168.1.1. Number of nodes 21
EtherApe-INFO: 05:39:35.872: delete node: IP: 95.216.195.133. Number of nodes 20
EtherApe-INFO: 05:39:35.872: delete node: IP: 9.9.9.9. Number of nodes 19
EtherApe-INFO: 05:40:04.864: delete node: IP: 216.58.208.196. Number of nodes 18
EtherApe-INFO: 05:40:11.685: delete node: IP: 35.165.41.15. Number of nodes 17
EtherApe-INFO: 05:40:14.242: New node: IP: 216.58.208.196. Number of nodes 18
EtherApe-INFO: 05:40:21.923: New node: IP: 104.18.14.117. Number of nodes 19
EtherApe-INFO: 05:40:25.058: delete node: IP: 52.16.16.21. Number of nodes 18
EtherApe-INFO: 05:40:26.019: New node: IP: 172.64.155.91. Number of nodes 19
EtherApe-INFO: 05:40:29.954: delete node: IP: 63.33.228.172. Number of nodes 18
EtherApe-INFO: 05:40:58.794: delete node: IP: 172.217.16.10. Number of nodes 17
EtherApe-INFO: 05:42:14.050: New node: IP: 216.58.215.101. Number of nodes 18
EtherApe-INFO: 05:42:35.554: New node: IP: 192.168.1.1. Number of nodes 19
EtherApe-INFO: 05:42:35.555: New node: IP: 9.9.9.9. Number of nodes 20
EtherApe-INFO: 05:42:35.555: New node: IP: 95.216.195.133. Number of nodes 21
EtherApe-INFO: 05:43:11.649: New node: IP: 35.165.41.15. Number of nodes 22
EtherApe-INFO: 05:44:35.682: delete node: IP: 192.168.1.1. Number of nodes 21
EtherApe-INFO: 05:44:35.682: delete node: IP: 9.9.9.9. Number of nodes 20
EtherApe-INFO: 05:44:36.719: delete node: IP: 95.216.195.133. Number of nodes 19
EtherApe-INFO: 05:45:02.242: New node: IP: 52.84.106.47. Number of nodes 20
EtherApe-INFO: 05:45:04.888: delete node: IP: 216.58.208.196. Number of nodes 19
EtherApe-INFO: 05:45:12.043: delete node: IP: 35.165.41.15. Number of nodes 18
EtherApe-INFO: 05:45:13.079: delete node: IP: 104.18.14.117. Number of nodes 17
EtherApe-INFO: 05:45:14.530: New node: IP: 216.58.208.196. Number of nodes 18
EtherApe-INFO: 05:45:18.377: delete node: IP: 172.64.155.91. Number of nodes 17
EtherApe-INFO: 05:45:22.724: New node: IP: 140.82.114.25. Number of nodes 18
EtherApe-INFO: 05:46:55.906: New node: IP: 172.217.16.10. Number of nodes 19
EtherApe-INFO: 05:47:05.468: delete node: IP: 216.58.215.101. Number of nodes 18
EtherApe-INFO: 05:47:23.104: delete node: IP: 140.82.112.25. Number of nodes 17
EtherApe-INFO: 05:47:35.336: New node: IP: 192.168.1.1. Number of nodes 18
EtherApe-INFO: 05:47:35.585: New node: IP: 9.9.9.9. Number of nodes 19
EtherApe-INFO: 05:47:35.586: New node: IP: 95.216.195.133. Number of nodes 20
EtherApe-INFO: 05:48:11.681: New node: IP: 35.165.41.15. Number of nodes 21
EtherApe-INFO: 05:48:47.521: New node: IP: 63.33.228.172. Number of nodes 22
EtherApe-INFO: 05:48:52.131: New node: IP: 54.75.137.188. Number of nodes 23
EtherApe-INFO: 05:48:56.056: delete node: IP: 172.217.16.10. Number of nodes 22
EtherApe-INFO: 05:48:59.065: delete node: IP: 52.84.106.47. Number of nodes 21
EtherApe-INFO: 05:49:26.179: New node: IP: 172.64.155.91. Number of nodes 22
EtherApe-INFO: 05:49:36.231: delete node: IP: 192.168.1.1. Number of nodes 21
EtherApe-INFO: 05:49:36.231: delete node: IP: 95.216.195.133. Number of nodes 20
EtherApe-INFO: 05:49:36.231: delete node: IP: 9.9.9.9. Number of nodes 19
EtherApe-INFO: 05:49:44.097: New node: IP: 91.236.251.24. Number of nodes 20
EtherApe-INFO: 05:50:06.204: delete node: IP: 216.58.208.196. Number of nodes 19
EtherApe-INFO: 05:50:12.015: delete node: IP: 35.165.41.15. Number of nodes 18
EtherApe-INFO: 05:50:14.818: New node: IP: 216.58.208.196. Number of nodes 19
EtherApe-INFO: 05:50:21.782: New node: IP: 172.217.16.10. Number of nodes 20
EtherApe-INFO: 05:50:22.037: New node: IP: 104.18.14.117. Number of nodes 21
EtherApe-INFO: 05:50:48.127: delete node: IP: 63.33.228.172. Number of nodes 20
EtherApe-INFO: 05:50:54.994: delete node: IP: 54.75.137.188. Number of nodes 19
EtherApe-INFO: 05:51:44.204: delete node: IP: 91.236.251.24. Number of nodes 18
EtherApe-INFO: 05:51:50.513: New node: IP: 13.32.121.59. Number of nodes 19
EtherApe-INFO: 05:52:14.578: New node: IP: 216.58.215.101. Number of nodes 20
EtherApe-INFO: 05:52:25.126: delete node: IP: 172.217.16.10. Number of nodes 19
EtherApe-INFO: 05:52:35.313: New node: IP: 192.168.1.1. Number of nodes 20
EtherApe-INFO: 05:52:35.570: New node: IP: 9.9.9.9. Number of nodes 21
EtherApe-INFO: 05:52:35.571: New node: IP: 95.216.195.133. Number of nodes 22
EtherApe-INFO: 05:53:11.921: New node: IP: 35.165.41.15. Number of nodes 23
EtherApe-INFO: 05:53:11.955: delete node: IP: 87.245.217.79. Number of nodes 22
EtherApe-INFO: 05:53:18.630: delete node: IP: 176.122.96.225. Number of nodes 21
EtherApe-INFO: 05:53:19.602: New node: IP: 34.120.208.123. Number of nodes 22
EtherApe-INFO: 05:53:22.673: New node: IP: 54.75.137.188. Number of nodes 23
EtherApe-INFO: 05:53:37.779: New node: IP: 176.122.96.225. Number of nodes 24
EtherApe-INFO: 05:54:17.067: delete node: IP: 172.64.155.91. Number of nodes 23
EtherApe-INFO: 05:54:35.965: delete node: IP: 192.168.1.1. Number of nodes 22
EtherApe-INFO: 05:54:35.965: delete node: IP: 95.216.195.133. Number of nodes 21
EtherApe-INFO: 05:54:35.965: delete node: IP: 9.9.9.9. Number of nodes 20
EtherApe-INFO: 05:55:06.131: delete node: IP: 216.58.208.196. Number of nodes 19
EtherApe-INFO: 05:55:13.081: delete node: IP: 104.18.14.117. Number of nodes 18
EtherApe-INFO: 05:55:13.081: delete node: IP: 35.165.41.15. Number of nodes 17
EtherApe-INFO: 05:55:15.058: New node: IP: 216.58.208.196. Number of nodes 18
EtherApe-INFO: 05:55:23.040: delete node: IP: 54.75.137.188. Number of nodes 17
EtherApe-INFO: 05:55:46.080: delete node: IP: 13.32.121.59. Number of nodes 16
EtherApe-INFO: 05:56:18.035: New node: IP: 172.217.16.10. Number of nodes 17
EtherApe-INFO: 05:57:05.990: delete node: IP: 216.58.215.101. Number of nodes 16
EtherApe-INFO: 05:57:35.346: New node: IP: 192.168.1.1. Number of nodes 17
EtherApe-INFO: 05:57:35.604: New node: IP: 9.9.9.9. Number of nodes 18
EtherApe-INFO: 05:57:35.604: New node: IP: 95.216.195.133. Number of nodes 19
EtherApe-INFO: 05:58:10.962: delete node: IP: 34.120.208.123. Number of nodes 18
EtherApe-INFO: 05:58:12.209: New node: IP: 35.165.41.15. Number of nodes 19
EtherApe-INFO: 05:58:22.964: New node: IP: 52.84.106.14. Number of nodes 20
EtherApe-INFO: 05:58:26.291: New node: IP: 172.64.155.91. Number of nodes 21
EtherApe-INFO: 05:58:55.497: delete node: IP: 172.217.16.10. Number of nodes 20
EtherApe-INFO: 05:59:37.210: delete node: IP: 192.168.1.1. Number of nodes 19
EtherApe-INFO: 05:59:37.210: delete node: IP: 95.216.195.133. Number of nodes 18
EtherApe-INFO: 06:00:07.248: delete node: IP: 216.58.208.196. Number of nodes 17
EtherApe-INFO: 06:00:12.321: delete node: IP: 35.165.41.15. Number of nodes 16
EtherApe-INFO: 06:00:15.346: New node: IP: 216.58.208.196. Number of nodes 17
EtherApe-INFO: 06:00:22.259: New node: IP: 104.18.14.117. Number of nodes 18
EtherApe-INFO: 06:00:23.321: delete node: IP: 9.9.9.9. Number of nodes 17
EtherApe-INFO: 06:00:30.194: New node: IP: 172.217.16.10. Number of nodes 18
EtherApe-INFO: 06:02:01.331: New node: IP: 149.154.167.216. Number of nodes 19
EtherApe-INFO: 06:02:15.666: New node: IP: 142.250.203.197. Number of nodes 20
EtherApe-INFO: 06:02:35.378: New node: IP: 192.168.1.1. Number of nodes 21
EtherApe-INFO: 06:02:35.633: New node: IP: 9.9.9.9. Number of nodes 22
EtherApe-INFO: 06:02:35.634: New node: IP: 95.216.195.133. Number of nodes 23
EtherApe-INFO: 06:03:10.450: New node: IP: 35.165.41.15. Number of nodes 24
EtherApe-INFO: 06:03:17.435: delete node: IP: 172.64.155.91. Number of nodes 23
EtherApe-INFO: 06:03:24.018: New node: IP: 54.75.137.188. Number of nodes 24
EtherApe-INFO: 06:03:28.882: New node: IP: 52.51.253.173. Number of nodes 25
EtherApe-INFO: 06:04:00.442: delete node: IP: 52.84.106.14. Number of nodes 24
EtherApe-INFO: 06:04:17.828: delete node: IP: 172.217.16.10. Number of nodes 23
EtherApe-INFO: 06:04:35.788: delete node: IP: 192.168.1.1. Number of nodes 22
EtherApe-INFO: 06:04:35.788: delete node: IP: 95.216.195.133. Number of nodes 21
EtherApe-INFO: 06:05:06.203: delete node: IP: 216.58.208.196. Number of nodes 20
EtherApe-INFO: 06:05:13.139: delete node: IP: 104.18.14.117. Number of nodes 19
EtherApe-INFO: 06:05:13.139: delete node: IP: 35.165.41.15. Number of nodes 18
EtherApe-INFO: 06:05:15.634: New node: IP: 216.58.208.196. Number of nodes 19
EtherApe-INFO: 06:05:18.196: New node: IP: 172.217.16.10. Number of nodes 20
EtherApe-INFO: 06:05:24.646: delete node: IP: 54.75.137.188. Number of nodes 19
EtherApe-INFO: 06:05:26.720: delete node: IP: 149.154.167.216. Number of nodes 18
EtherApe-INFO: 06:05:29.000: delete node: IP: 52.51.253.173. Number of nodes 17
EtherApe-INFO: 06:05:29.206: delete node: IP: 9.9.9.9. Number of nodes 16
EtherApe-INFO: 06:06:42.164: New node: IP: 216.58.215.106. Number of nodes 17
EtherApe-INFO: 06:06:42.417: New node: IP: 9.9.9.9. Number of nodes 18
EtherApe-INFO: 06:07:07.260: delete node: IP: 142.250.203.197. Number of nodes 17
EtherApe-INFO: 06:07:26.451: New node: IP: 172.64.155.91. Number of nodes 18
EtherApe-INFO: 06:07:35.409: New node: IP: 192.168.1.1. Number of nodes 19
EtherApe-INFO: 06:07:35.666: New node: IP: 95.216.195.133. Number of nodes 20
EtherApe-INFO: 06:08:12.530: New node: IP: 35.165.41.15. Number of nodes 21
EtherApe-INFO: 06:08:25.331: New node: IP: 34.107.141.31. Number of nodes 22
EtherApe-INFO: 06:08:25.331: New node: IP: 35.165.217.23. Number of nodes 23
EtherApe-INFO: 06:08:25.586: New node: IP: 34.223.171.232. Number of nodes 24
EtherApe-INFO: 06:08:25.843: New node: IP: 35.186.227.140. Number of nodes 25
EtherApe-INFO: 06:09:01.170: New node: IP: 34.120.208.123. Number of nodes 26
EtherApe-INFO: 06:09:32.416: delete node: IP: 216.58.208.202. Number of nodes 25
EtherApe-INFO: 06:09:35.542: delete node: IP: 192.168.1.1. Number of nodes 24
EtherApe-INFO: 06:09:37.313: delete node: IP: 95.216.195.133. Number of nodes 23
EtherApe-INFO: 06:09:55.954: New node: IP: 142.250.203.142. Number of nodes 24
EtherApe-INFO: 06:10:07.033: delete node: IP: 216.58.208.196. Number of nodes 23
EtherApe-INFO: 06:10:12.863: delete node: IP: 35.165.41.15. Number of nodes 22
EtherApe-INFO: 06:10:15.922: New node: IP: 216.58.208.196. Number of nodes 23
EtherApe-INFO: 06:10:22.322: New node: IP: 104.18.14.117. Number of nodes 24
EtherApe-INFO: 06:10:27.268: delete node: IP: 9.9.9.9. Number of nodes 23
EtherApe-INFO: 06:10:45.373: delete node: IP: 172.217.16.10. Number of nodes 22
EtherApe-INFO: 06:10:48.435: New node: IP: 216.58.215.101. Number of nodes 23
EtherApe-INFO: 06:11:26.580: delete node: IP: 35.165.217.23. Number of nodes 22
EtherApe-INFO: 06:11:27.617: delete node: IP: 34.223.171.232. Number of nodes 21
EtherApe-INFO: 06:11:58.578: New node: IP: 172.217.16.10. Number of nodes 22
EtherApe-INFO: 06:12:17.114: delete node: IP: 172.64.155.91. Number of nodes 21
EtherApe-INFO: 06:12:20.131: delete node: IP: 216.58.209.14. Number of nodes 20
EtherApe-INFO: 06:12:35.441: New node: IP: 192.168.1.1. Number of nodes 21
EtherApe-INFO: 06:12:35.441: New node: IP: 9.9.9.9. Number of nodes 22
EtherApe-INFO: 06:12:35.442: New node: IP: 95.216.195.133. Number of nodes 23
EtherApe-INFO: 06:13:12.561: New node: IP: 35.165.41.15. Number of nodes 24
EtherApe-INFO: 06:13:16.701: delete node: IP: 34.107.141.31. Number of nodes 23
EtherApe-INFO: 06:13:19.309: delete node: IP: 35.186.227.140. Number of nodes 22
EtherApe-INFO: 06:13:52.033: delete node: IP: 34.120.208.123. Number of nodes 21
EtherApe-INFO: 06:13:54.802: New node: IP: 52.51.253.173. Number of nodes 22
EtherApe-INFO: 06:14:36.801: delete node: IP: 192.168.1.1. Number of nodes 21
EtherApe-INFO: 06:14:36.801: delete node: IP: 95.216.195.133. Number of nodes 20
EtherApe-INFO: 06:14:36.801: delete node: IP: 9.9.9.9. Number of nodes 19
EtherApe-INFO: 06:15:03.670: New node: IP: 149.154.167.216. Number of nodes 20
EtherApe-INFO: 06:15:03.921: New node: IP: 52.84.106.14. Number of nodes 21
EtherApe-INFO: 06:15:13.407: delete node: IP: 104.18.14.117. Number of nodes 20
EtherApe-INFO: 06:15:13.407: delete node: IP: 35.165.41.15. Number of nodes 19
EtherApe-INFO: 06:15:33.655: delete node: IP: 172.217.16.10. Number of nodes 18
EtherApe-INFO: 06:16:01.352: delete node: IP: 52.51.253.173. Number of nodes 17
EtherApe-INFO: 06:16:26.611: New node: IP: 172.64.155.91. Number of nodes 18
EtherApe-INFO: 06:17:09.973: delete node: IP: 216.58.215.101. Number of nodes 17
EtherApe-INFO: 06:17:23.189: New node: IP: 140.82.114.26. Number of nodes 18
EtherApe-INFO: 06:17:23.441: New node: IP: 9.9.9.9. Number of nodes 19
EtherApe-INFO: 06:17:35.474: New node: IP: 192.168.1.1. Number of nodes 20
EtherApe-INFO: 06:17:35.475: New node: IP: 95.216.195.133. Number of nodes 21
EtherApe-INFO: 06:17:58.785: New node: IP: 172.217.16.10. Number of nodes 22
EtherApe-INFO: 06:18:12.850: New node: IP: 35.165.41.15. Number of nodes 23
EtherApe-INFO: 06:18:59.754: delete node: IP: 52.84.106.14. Number of nodes 22
EtherApe-INFO: 06:19:22.030: delete node: IP: 149.154.167.216. Number of nodes 21
EtherApe-INFO: 06:19:23.251: New node: IP: 54.73.148.110. Number of nodes 22
EtherApe-INFO: 06:19:23.273: delete node: IP: 140.82.114.25. Number of nodes 21
EtherApe-INFO: 06:19:35.615: delete node: IP: 192.168.1.1. Number of nodes 20
EtherApe-INFO: 06:19:37.374: delete node: IP: 95.216.195.133. Number of nodes 19
EtherApe-INFO: 06:19:59.428: delete node: IP: 172.217.16.10. Number of nodes 18
EtherApe-INFO: 06:20:07.309: delete node: IP: 216.58.208.196. Number of nodes 17
EtherApe-INFO: 06:20:13.525: delete node: IP: 35.165.41.15. Number of nodes 16
EtherApe-INFO: 06:20:16.499: New node: IP: 216.58.208.196. Number of nodes 17
EtherApe-INFO: 06:20:22.642: New node: IP: 104.18.14.117. Number of nodes 18
EtherApe-INFO: 06:20:23.700: delete node: IP: 54.74.73.31. Number of nodes 17
EtherApe-INFO: 06:21:17.958: delete node: IP: 172.64.155.91. Number of nodes 16
EtherApe-INFO: 06:21:23.653: delete node: IP: 9.9.9.9. Number of nodes 15
EtherApe-INFO: 06:21:27.410: New node: IP: 172.217.16.10. Number of nodes 16
EtherApe-INFO: 06:22:17.330: New node: IP: 216.58.215.101. Number of nodes 17
EtherApe-INFO: 06:22:35.505: New node: IP: 192.168.1.1. Number of nodes 18
EtherApe-INFO: 06:22:35.506: New node: IP: 9.9.9.9. Number of nodes 19
EtherApe-INFO: 06:22:35.506: New node: IP: 95.216.195.133. Number of nodes 20
EtherApe-INFO: 06:23:12.881: New node: IP: 35.165.41.15. Number of nodes 21
EtherApe-INFO: 06:23:27.506: delete node: IP: 172.217.16.10. Number of nodes 20
EtherApe-INFO: 06:23:52.305: New node: IP: 91.236.251.24. Number of nodes 21
EtherApe-INFO: 06:24:17.393: New node: IP: 52.51.253.173. Number of nodes 22
EtherApe-INFO: 06:24:35.317: New node: IP: 172.217.16.10. Number of nodes 23
EtherApe-INFO: 06:24:35.630: delete node: IP: 192.168.1.1. Number of nodes 22
EtherApe-INFO: 06:24:35.630: delete node: IP: 9.9.9.9. Number of nodes 21
EtherApe-INFO: 06:24:35.839: delete node: IP: 95.216.195.133. Number of nodes 20
EtherApe-INFO: 06:25:07.839: delete node: IP: 216.58.208.196. Number of nodes 19
EtherApe-INFO: 06:25:13.463: delete node: IP: 104.18.14.117. Number of nodes 18
EtherApe-INFO: 06:25:13.463: delete node: IP: 35.165.41.15. Number of nodes 17
EtherApe-INFO: 06:25:16.786: New node: IP: 216.58.208.196. Number of nodes 18
EtherApe-INFO: 06:25:26.771: New node: IP: 172.64.155.91. Number of nodes 19
EtherApe-INFO: 06:25:52.410: delete node: IP: 91.236.251.24. Number of nodes 18
EtherApe-INFO: 06:26:22.390: delete node: IP: 52.51.253.173. Number of nodes 17
EtherApe-INFO: 06:27:09.771: delete node: IP: 216.58.215.101. Number of nodes 16
EtherApe-INFO: 06:27:35.537: New node: IP: 192.168.1.1. Number of nodes 17
EtherApe-INFO: 06:27:35.538: New node: IP: 9.9.9.9. Number of nodes 18
EtherApe-INFO: 06:27:35.538: New node: IP: 95.216.195.133. Number of nodes 19
EtherApe-INFO: 06:28:13.169: New node: IP: 35.165.41.15. Number of nodes 20
EtherApe-INFO: 06:28:15.825: delete node: IP: 172.217.16.10. Number of nodes 19
EtherApe-INFO: 06:29:36.420: delete node: IP: 192.168.1.1. Number of nodes 18
EtherApe-INFO: 06:29:36.420: delete node: IP: 95.216.195.133. Number of nodes 17
EtherApe-INFO: 06:29:36.420: delete node: IP: 9.9.9.9. Number of nodes 16
EtherApe-INFO: 06:30:02.995: New node: IP: 52.84.106.14. Number of nodes 17
EtherApe-INFO: 06:30:06.066: New node: IP: 172.217.16.10. Number of nodes 18
EtherApe-INFO: 06:30:07.904: delete node: IP: 216.58.208.196. Number of nodes 17
EtherApe-INFO: 06:30:13.504: delete node: IP: 35.165.41.15. Number of nodes 16
EtherApe-INFO: 06:30:17.074: New node: IP: 216.58.208.196. Number of nodes 17
EtherApe-INFO: 06:30:18.899: delete node: IP: 172.64.155.91. Number of nodes 16
EtherApe-INFO: 06:30:22.707: New node: IP: 104.18.14.117. Number of nodes 17
EtherApe-INFO: 06:32:06.162: delete node: IP: 172.217.16.10. Number of nodes 16
EtherApe-INFO: 06:32:18.674: New node: IP: 142.250.203.197. Number of nodes 17
EtherApe-INFO: 06:32:35.313: New node: IP: 192.168.1.1. Number of nodes 18
EtherApe-INFO: 06:32:35.569: New node: IP: 9.9.9.9. Number of nodes 19
EtherApe-INFO: 06:32:35.569: New node: IP: 95.216.195.133. Number of nodes 20
EtherApe-INFO: 06:33:10.641: New node: IP: 35.165.41.15. Number of nodes 21
EtherApe-INFO: 06:33:17.298: New node: IP: 149.154.167.216. Number of nodes 22
EtherApe-INFO: 06:33:49.305: New node: IP: 149.255.128.1. Number of nodes 23
EtherApe-INFO: 06:33:51.449: New node: IP: 172.217.16.10. Number of nodes 24
EtherApe-INFO: 06:34:00.061: delete node: IP: 52.84.106.14. Number of nodes 23
EtherApe-INFO: 06:34:26.851: New node: IP: 172.64.155.91. Number of nodes 24
EtherApe-INFO: 06:34:35.606: delete node: IP: 192.168.1.1. Number of nodes 23
EtherApe-INFO: 06:34:35.814: delete node: IP: 95.216.195.133. Number of nodes 22
EtherApe-INFO: 06:34:39.905: New node: IP: 52.51.253.173. Number of nodes 23
EtherApe-INFO: 06:34:44.771: New node: IP: 52.212.99.156. Number of nodes 24
EtherApe-INFO: 06:35:09.944: delete node: IP: 216.58.208.196. Number of nodes 23
EtherApe-INFO: 06:35:15.556: delete node: IP: 104.18.14.117. Number of nodes 22
EtherApe-INFO: 06:35:15.556: delete node: IP: 35.165.41.15. Number of nodes 21
EtherApe-INFO: 06:35:17.282: New node: IP: 216.58.208.196. Number of nodes 22
EtherApe-INFO: 06:35:33.228: delete node: IP: 149.154.167.216. Number of nodes 21
EtherApe-INFO: 06:35:51.903: delete node: IP: 172.217.16.10. Number of nodes 20
EtherApe-INFO: 06:36:04.940: delete node: IP: 149.255.128.1. Number of nodes 19
EtherApe-INFO: 06:36:21.539: New node: IP: 52.84.106.14. Number of nodes 20
EtherApe-INFO: 06:36:39.217: delete node: IP: 176.122.96.225. Number of nodes 19
EtherApe-INFO: 06:36:40.560: delete node: IP: 52.51.253.173. Number of nodes 18
EtherApe-INFO: 06:36:43.297: New node: IP: 176.122.96.225. Number of nodes 19
EtherApe-INFO: 06:36:45.130: delete node: IP: 52.212.99.156. Number of nodes 18
EtherApe-INFO: 06:36:45.130: delete node: IP: 9.9.9.9. Number of nodes 17
EtherApe-INFO: 06:36:50.977: New node: IP: 52.212.99.156. Number of nodes 18
EtherApe-INFO: 06:37:10.264: delete node: IP: 142.250.203.197. Number of nodes 17
EtherApe-INFO: 06:37:35.521: New node: IP: 192.168.1.1. Number of nodes 18
EtherApe-INFO: 06:37:35.521: New node: IP: 9.9.9.9. Number of nodes 19
EtherApe-INFO: 06:37:35.522: New node: IP: 95.216.195.133. Number of nodes 20
EtherApe-INFO: 06:38:13.666: New node: IP: 35.165.41.15. Number of nodes 21
EtherApe-INFO: 06:38:46.946: New node: IP: 142.250.203.202. Number of nodes 22
EtherApe-INFO: 06:38:51.898: delete node: IP: 52.212.99.156. Number of nodes 21
EtherApe-INFO: 06:39:18.271: delete node: IP: 172.64.155.91. Number of nodes 20
EtherApe-INFO: 06:39:35.678: delete node: IP: 192.168.1.1. Number of nodes 19
EtherApe-INFO: 06:39:35.678: delete node: IP: 95.216.195.133. Number of nodes 18
EtherApe-INFO: 06:39:35.678: delete node: IP: 9.9.9.9. Number of nodes 17
EtherApe-INFO: 06:40:08.619: delete node: IP: 216.58.208.196. Number of nodes 16
EtherApe-INFO: 06:40:16.385: delete node: IP: 35.165.41.15. Number of nodes 15
EtherApe-INFO: 06:40:17.570: New node: IP: 216.58.208.196. Number of nodes 16
EtherApe-INFO: 06:40:17.828: New node: IP: 52.214.181.141. Number of nodes 17
EtherApe-INFO: 06:40:18.081: New node: IP: 9.9.9.9. Number of nodes 18
EtherApe-INFO: 06:40:22.946: New node: IP: 104.18.14.117. Number of nodes 19
EtherApe-INFO: 06:40:55.235: delete node: IP: 142.250.203.202. Number of nodes 18
EtherApe-INFO: 06:41:48.195: New node: IP: 142.250.203.202. Number of nodes 19
EtherApe-INFO: 06:41:49.053: delete node: IP: 54.73.148.110. Number of nodes 18
EtherApe-INFO: 06:42:19.224: delete node: IP: 9.9.9.9. Number of nodes 17
EtherApe-INFO: 06:42:19.426: New node: IP: 142.250.203.197. Number of nodes 18
EtherApe-INFO: 06:42:35.553: New node: IP: 192.168.1.1. Number of nodes 19
EtherApe-INFO: 06:42:35.553: New node: IP: 9.9.9.9. Number of nodes 20
EtherApe-INFO: 06:42:35.554: New node: IP: 95.216.195.133. Number of nodes 21
EtherApe-INFO: 06:43:13.953: New node: IP: 35.165.41.15. Number of nodes 22
EtherApe-INFO: 06:43:27.011: New node: IP: 172.64.155.91. Number of nodes 23
EtherApe-INFO: 06:44:07.237: delete node: IP: 142.250.203.202. Number of nodes 22
EtherApe-INFO: 06:44:18.210: New node: IP: 142.250.203.202. Number of nodes 23
EtherApe-INFO: 06:44:35.878: delete node: IP: 192.168.1.1. Number of nodes 22
EtherApe-INFO: 06:44:35.878: delete node: IP: 95.216.195.133. Number of nodes 21
EtherApe-INFO: 06:44:35.878: delete node: IP: 9.9.9.9. Number of nodes 20
EtherApe-INFO: 06:45:09.493: delete node: IP: 216.58.208.196. Number of nodes 19
EtherApe-INFO: 06:45:13.337: delete node: IP: 104.18.14.117. Number of nodes 18
EtherApe-INFO: 06:45:16.357: delete node: IP: 35.165.41.15. Number of nodes 17
EtherApe-INFO: 06:45:17.860: New node: IP: 216.58.208.196. Number of nodes 18
EtherApe-INFO: 06:46:53.090: New node: IP: 52.212.99.156. Number of nodes 19
EtherApe-INFO: 06:46:57.955: New node: IP: 54.75.137.188. Number of nodes 20
EtherApe-INFO: 06:47:11.530: delete node: IP: 142.250.203.197. Number of nodes 19
EtherApe-INFO: 06:47:35.330: New node: IP: 192.168.1.1. Number of nodes 20
EtherApe-INFO: 06:47:35.585: New node: IP: 9.9.9.9. Number of nodes 21
EtherApe-INFO: 06:47:35.586: New node: IP: 95.216.195.133. Number of nodes 22
EtherApe-INFO: 06:47:49.738: delete node: IP: 142.250.203.202. Number of nodes 21
EtherApe-INFO: 06:48:12.466: New node: IP: 172.217.16.10. Number of nodes 22
EtherApe-INFO: 06:48:13.985: New node: IP: 35.165.41.15. Number of nodes 23
EtherApe-INFO: 06:48:18.872: delete node: IP: 172.64.155.91. Number of nodes 22
EtherApe-INFO: 06:48:55.768: delete node: IP: 52.212.99.156. Number of nodes 21
EtherApe-INFO: 06:48:58.367: delete node: IP: 54.75.137.188. Number of nodes 20
EtherApe-INFO: 06:49:23.619: New node: IP: 140.82.113.26. Number of nodes 21
EtherApe-INFO: 06:49:35.926: delete node: IP: 192.168.1.1. Number of nodes 20
EtherApe-INFO: 06:49:35.926: delete node: IP: 95.216.195.133. Number of nodes 19
EtherApe-INFO: 06:49:35.926: delete node: IP: 9.9.9.9. Number of nodes 18
EtherApe-INFO: 06:50:08.756: delete node: IP: 216.58.208.196. Number of nodes 17
EtherApe-INFO: 06:50:14.339: delete node: IP: 35.165.41.15. Number of nodes 16
EtherApe-INFO: 06:50:18.147: New node: IP: 216.58.208.196. Number of nodes 17
EtherApe-INFO: 06:50:23.010: New node: IP: 104.18.14.117. Number of nodes 18
EtherApe-INFO: 06:51:24.230: delete node: IP: 140.82.114.26. Number of nodes 17
EtherApe-INFO: 06:51:26.503: delete node: IP: 52.84.106.14. Number of nodes 16
EtherApe-INFO: 06:52:20.003: New node: IP: 142.250.203.197. Number of nodes 17
EtherApe-INFO: 06:52:27.171: New node: IP: 172.64.155.91. Number of nodes 18
EtherApe-INFO: 06:52:35.361: New node: IP: 192.168.1.1. Number of nodes 19
EtherApe-INFO: 06:52:35.617: New node: IP: 9.9.9.9. Number of nodes 20
EtherApe-INFO: 06:52:35.618: New node: IP: 95.216.195.133. Number of nodes 21
EtherApe-INFO: 06:52:54.351: delete node: IP: 172.217.16.10. Number of nodes 20
EtherApe-INFO: 06:53:14.273: New node: IP: 35.165.41.15. Number of nodes 21
EtherApe-INFO: 06:53:54.466: New node: IP: 34.120.208.123. Number of nodes 22
EtherApe-INFO: 06:54:18.787: New node: IP: 13.32.121.12. Number of nodes 23
EtherApe-INFO: 06:54:35.773: delete node: IP: 192.168.1.1. Number of nodes 22
EtherApe-INFO: 06:54:36.497: delete node: IP: 95.216.195.133. Number of nodes 21
EtherApe-INFO: 06:55:10.854: delete node: IP: 216.58.208.196. Number of nodes 20
EtherApe-INFO: 06:55:13.651: delete node: IP: 104.18.14.117. Number of nodes 19
EtherApe-INFO: 06:55:14.378: delete node: IP: 35.165.41.15. Number of nodes 18
EtherApe-INFO: 06:55:18.434: New node: IP: 216.58.208.196. Number of nodes 19
EtherApe-INFO: 06:56:12.288: delete node: IP: 176.122.96.225. Number of nodes 18
EtherApe-INFO: 06:56:19.630: delete node: IP: 9.9.9.9. Number of nodes 17
EtherApe-INFO: 06:56:45.987: New node: IP: 172.217.16.10. Number of nodes 18
EtherApe-INFO: 06:57:03.394: New node: IP: 54.75.137.188. Number of nodes 19
EtherApe-INFO: 06:57:08.259: New node: IP: 54.216.227.219. Number of nodes 20
EtherApe-INFO: 06:57:08.513: New node: IP: 9.9.9.9. Number of nodes 21
EtherApe-INFO: 06:57:13.475: delete node: IP: 142.250.203.197. Number of nodes 20
EtherApe-INFO: 06:57:19.798: delete node: IP: 172.64.155.91. Number of nodes 19
EtherApe-INFO: 06:57:35.394: New node: IP: 192.168.1.1. Number of nodes 20
EtherApe-INFO: 06:57:35.649: New node: IP: 95.216.195.133. Number of nodes 21
EtherApe-INFO: 06:58:00.481: New node: IP: 91.236.251.24. Number of nodes 22
EtherApe-INFO: 06:58:14.305: New node: IP: 35.165.41.15. Number of nodes 23
EtherApe-INFO: 06:58:46.900: delete node: IP: 172.217.16.10. Number of nodes 22
EtherApe-INFO: 06:58:46.900: delete node: IP: 34.120.208.123. Number of nodes 21
EtherApe-INFO: 06:59:04.781: delete node: IP: 54.75.137.188. Number of nodes 20
EtherApe-INFO: 06:59:08.600: delete node: IP: 54.216.227.219. Number of nodes 19
EtherApe-INFO: 06:59:36.576: delete node: IP: 192.168.1.1. Number of nodes 18
EtherApe-INFO: 06:59:36.576: delete node: IP: 95.216.195.133. Number of nodes 17
EtherApe-INFO: 06:59:36.576: delete node: IP: 9.9.9.9. Number of nodes 16
EtherApe-INFO: 07:00:01.347: delete node: IP: 91.236.251.24. Number of nodes 15
EtherApe-INFO: 07:00:10.838: delete node: IP: 216.58.208.196. Number of nodes 14
EtherApe-INFO: 07:00:15.692: delete node: IP: 35.165.41.15. Number of nodes 13
EtherApe-INFO: 07:00:18.722: New node: IP: 216.58.208.196. Number of nodes 14
EtherApe-INFO: 07:00:23.332: New node: IP: 104.18.14.117. Number of nodes 15
EtherApe-INFO: 07:01:27.587: New node: IP: 172.64.155.91. Number of nodes 16
EtherApe-INFO: 07:01:50.882: New node: IP: 54.155.246.232. Number of nodes 17
EtherApe-INFO: 07:01:51.137: New node: IP: 9.9.9.9. Number of nodes 18
EtherApe-INFO: 07:02:21.347: New node: IP: 142.250.203.197. Number of nodes 19
EtherApe-INFO: 07:02:35.426: New node: IP: 192.168.1.1. Number of nodes 20
EtherApe-INFO: 07:02:35.683: New node: IP: 95.216.195.133. Number of nodes 21
EtherApe-INFO: 07:02:51.402: delete node: IP: 52.214.181.141. Number of nodes 20
EtherApe-INFO: 07:03:10.755: New node: IP: 35.165.41.15. Number of nodes 21
EtherApe-INFO: 07:03:13.570: New node: IP: 149.154.167.216. Number of nodes 22
EtherApe-INFO: 07:03:48.899: New node: IP: 176.122.96.225. Number of nodes 23
EtherApe-INFO: 07:04:35.823: delete node: IP: 192.168.1.1. Number of nodes 22
EtherApe-INFO: 07:04:35.823: delete node: IP: 9.9.9.9. Number of nodes 21
EtherApe-INFO: 07:04:36.858: delete node: IP: 95.216.195.133. Number of nodes 20
EtherApe-INFO: 07:05:09.641: delete node: IP: 216.58.208.196. Number of nodes 19
EtherApe-INFO: 07:05:13.681: delete node: IP: 104.18.14.117. Number of nodes 18
EtherApe-INFO: 07:05:15.236: delete node: IP: 35.165.41.15. Number of nodes 17
EtherApe-INFO: 07:05:15.938: New node: IP: 172.217.16.10. Number of nodes 18
EtherApe-INFO: 07:05:19.010: New node: IP: 216.58.208.196. Number of nodes 19
EtherApe-INFO: 07:05:29.063: delete node: IP: 149.154.167.216. Number of nodes 18
EtherApe-INFO: 07:06:18.706: delete node: IP: 172.64.155.91. Number of nodes 17
EtherApe-INFO: 07:07:13.974: delete node: IP: 142.250.203.197. Number of nodes 16
EtherApe-INFO: 07:07:16.770: delete node: IP: 172.217.16.10. Number of nodes 15
EtherApe-INFO: 07:07:18.818: New node: IP: 142.250.203.202. Number of nodes 16
EtherApe-INFO: 07:07:20.104: New node: IP: 216.58.215.74. Number of nodes 17
EtherApe-INFO: 07:07:20.353: New node: IP: 9.9.9.9. Number of nodes 18
EtherApe-INFO: 07:07:25.985: New node: IP: 54.216.227.219. Number of nodes 19
EtherApe-INFO: 07:07:30.851: New node: IP: 54.171.156.218. Number of nodes 20
EtherApe-INFO: 07:07:35.457: New node: IP: 192.168.1.1. Number of nodes 21
EtherApe-INFO: 07:07:35.458: New node: IP: 95.216.195.133. Number of nodes 22
EtherApe-INFO: 07:08:14.626: New node: IP: 35.165.41.15. Number of nodes 23
EtherApe-INFO: 07:08:27.938: New node: IP: 35.165.217.23. Number of nodes 24
EtherApe-INFO: 07:08:27.939: New node: IP: 34.107.141.31. Number of nodes 25
EtherApe-INFO: 07:08:28.194: New node: IP: 35.186.227.140. Number of nodes 26
EtherApe-INFO: 07:09:06.337: New node: IP: 149.154.167.216. Number of nodes 27
EtherApe-INFO: 07:09:26.840: delete node: IP: 54.216.227.219. Number of nodes 26
EtherApe-INFO: 07:09:32.028: delete node: IP: 216.58.215.106. Number of nodes 25
EtherApe-INFO: 07:09:32.028: delete node: IP: 54.171.156.218. Number of nodes 24
EtherApe-INFO: 07:09:34.826: delete node: IP: 13.32.121.12. Number of nodes 23
EtherApe-INFO: 07:09:35.879: delete node: IP: 192.168.1.1. Number of nodes 22
EtherApe-INFO: 07:09:35.879: delete node: IP: 95.216.195.133. Number of nodes 21
EtherApe-INFO: 07:09:35.879: delete node: IP: 9.9.9.9. Number of nodes 20
EtherApe-INFO: 07:10:10.408: delete node: IP: 216.58.208.196. Number of nodes 19
EtherApe-INFO: 07:10:14.179: New node: IP: 216.58.209.14. Number of nodes 20
EtherApe-INFO: 07:10:15.213: delete node: IP: 35.165.41.15. Number of nodes 19
EtherApe-INFO: 07:10:19.302: New node: IP: 216.58.208.196. Number of nodes 20
EtherApe-INFO: 07:10:23.650: New node: IP: 104.18.14.117. Number of nodes 21
EtherApe-INFO: 07:10:27.747: New node: IP: 172.64.155.91. Number of nodes 22
EtherApe-INFO: 07:10:28.536: delete node: IP: 34.107.141.31. Number of nodes 21
EtherApe-INFO: 07:10:44.919: delete node: IP: 142.250.203.202. Number of nodes 20
EtherApe-INFO: 07:10:48.995: New node: IP: 142.250.203.197. Number of nodes 21
EtherApe-INFO: 07:11:29.704: delete node: IP: 35.165.217.23. Number of nodes 20
EtherApe-INFO: 07:12:33.723: delete node: IP: 142.250.203.142. Number of nodes 19
EtherApe-INFO: 07:12:35.489: New node: IP: 192.168.1.1. Number of nodes 20
EtherApe-INFO: 07:12:35.489: New node: IP: 9.9.9.9. Number of nodes 21
EtherApe-INFO: 07:12:35.490: New node: IP: 95.216.195.133. Number of nodes 22
EtherApe-INFO: 07:13:14.913: New node: IP: 35.165.41.15. Number of nodes 23
EtherApe-INFO: 07:13:21.899: delete node: IP: 35.186.227.140. Number of nodes 22
EtherApe-INFO: 07:14:18.758: delete node: IP: 149.154.167.216. Number of nodes 21
EtherApe-INFO: 07:14:35.618: delete node: IP: 192.168.1.1. Number of nodes 20
EtherApe-INFO: 07:14:35.618: delete node: IP: 9.9.9.9. Number of nodes 19
EtherApe-INFO: 07:14:35.840: delete node: IP: 95.216.195.133. Number of nodes 18
EtherApe-INFO: 07:15:06.023: New node: IP: 13.32.121.12. Number of nodes 19
EtherApe-INFO: 07:15:15.068: delete node: IP: 104.18.14.117. Number of nodes 18
EtherApe-INFO: 07:15:15.068: delete node: IP: 35.165.41.15. Number of nodes 17
EtherApe-INFO: 07:15:19.383: delete node: IP: 216.58.208.196. Number of nodes 16
EtherApe-INFO: 07:15:19.383: delete node: IP: 172.64.155.91. Number of nodes 15
EtherApe-INFO: 07:15:20.098: New node: IP: 216.58.208.196. Number of nodes 16
EtherApe-INFO: 07:15:33.411: New node: IP: 172.217.16.10. Number of nodes 17
EtherApe-INFO: 07:17:33.801: delete node: IP: 172.217.16.10. Number of nodes 16
EtherApe-INFO: 07:17:35.522: New node: IP: 192.168.1.1. Number of nodes 17
EtherApe-INFO: 07:17:35.523: New node: IP: 9.9.9.9. Number of nodes 18
EtherApe-INFO: 07:17:35.523: New node: IP: 95.216.195.133. Number of nodes 19
EtherApe-INFO: 07:17:48.577: New node: IP: 54.171.156.218. Number of nodes 20
EtherApe-INFO: 07:17:53.450: New node: IP: 54.170.39.204. Number of nodes 21
EtherApe-INFO: 07:18:14.947: New node: IP: 35.165.41.15. Number of nodes 22
EtherApe-INFO: 07:19:28.163: New node: IP: 172.64.155.91. Number of nodes 23
EtherApe-INFO: 07:19:31.239: New node: IP: 172.217.16.10. Number of nodes 24
EtherApe-INFO: 07:19:35.901: delete node: IP: 192.168.1.1. Number of nodes 23
EtherApe-INFO: 07:19:35.901: delete node: IP: 95.216.195.133. Number of nodes 22
EtherApe-INFO: 07:19:48.898: delete node: IP: 54.171.156.218. Number of nodes 21
EtherApe-INFO: 07:19:54.576: delete node: IP: 54.170.39.204. Number of nodes 20
EtherApe-INFO: 07:19:54.576: delete node: IP: 9.9.9.9. Number of nodes 19
EtherApe-INFO: 07:20:10.962: delete node: IP: 216.58.208.196. Number of nodes 18
EtherApe-INFO: 07:20:15.301: delete node: IP: 35.165.41.15. Number of nodes 17
EtherApe-INFO: 07:20:20.388: New node: IP: 216.58.208.196. Number of nodes 18
EtherApe-INFO: 07:20:24.227: New node: IP: 104.18.14.117. Number of nodes 19
EtherApe-INFO: 07:20:37.817: New node: IP: 216.58.215.101. Number of nodes 20
EtherApe-INFO: 07:21:23.698: delete node: IP: 13.32.121.12. Number of nodes 19
EtherApe-INFO: 07:21:31.554: delete node: IP: 172.217.16.10. Number of nodes 18
EtherApe-INFO: 07:22:28.160: delete node: IP: 142.250.203.197. Number of nodes 17
EtherApe-INFO: 07:22:35.553: New node: IP: 192.168.1.1. Number of nodes 18
EtherApe-INFO: 07:22:35.554: New node: IP: 9.9.9.9. Number of nodes 19
EtherApe-INFO: 07:22:35.809: New node: IP: 95.216.195.133. Number of nodes 20
EtherApe-INFO: 07:22:45.282: New node: IP: 34.221.175.134. Number of nodes 21
EtherApe-INFO: 07:22:45.795: New node: IP: 93.184.220.29. Number of nodes 22
EtherApe-INFO: 07:23:15.234: New node: IP: 35.165.41.15. Number of nodes 23
EtherApe-INFO: 07:23:24.196: New node: IP: 140.82.114.25. Number of nodes 24
EtherApe-INFO: 07:24:18.996: delete node: IP: 172.64.155.91. Number of nodes 23
EtherApe-INFO: 07:24:35.641: delete node: IP: 192.168.1.1. Number of nodes 22
EtherApe-INFO: 07:24:36.676: delete node: IP: 95.216.195.133. Number of nodes 21
EtherApe-INFO: 07:24:46.706: delete node: IP: 34.221.175.134. Number of nodes 20
EtherApe-INFO: 07:24:46.706: delete node: IP: 9.9.9.9. Number of nodes 19
EtherApe-INFO: 07:25:10.980: delete node: IP: 216.58.208.196. Number of nodes 18
EtherApe-INFO: 07:25:15.106: delete node: IP: 104.18.14.117. Number of nodes 17
EtherApe-INFO: 07:25:16.666: delete node: IP: 35.165.41.15. Number of nodes 16
EtherApe-INFO: 07:25:18.627: New node: IP: 149.154.167.216. Number of nodes 17
EtherApe-INFO: 07:25:20.418: New node: IP: 216.58.208.196. Number of nodes 18
EtherApe-INFO: 07:25:24.521: delete node: IP: 140.82.113.26. Number of nodes 17
EtherApe-INFO: 07:26:07.545: New node: IP: 142.250.203.202. Number of nodes 18
EtherApe-INFO: 07:26:41.612: delete node: IP: 93.184.220.29. Number of nodes 17
