(etherape:3097): GLib-GIO-DEBUG: 19:10:41.152: _g_io_module_get_default: Found default implementation local (GLocalVfs) for ‘gio-vfs’
(etherape:3097): GLib-GIO-DEBUG: 19:10:41.187: Using cross-namespace EXTERNAL authentication (this will deadlock if server is GDBus < 2.73.3)
EtherApe-INFO: 19:10:41.220: sctp protocol not supported
EtherApe-INFO: 19:10:41.220: dccp protocol not supported
EtherApe-INFO: 19:10:41.220: sctp protocol not supported
EtherApe-INFO: 19:10:41.220: sctp protocol not supported
EtherApe-INFO: 19:10:41.220: sctp protocol not supported
EtherApe-INFO: 19:10:41.220: sctp protocol not supported
EtherApe-INFO: 19:10:41.221: sctp protocol not supported
EtherApe-INFO: 19:10:41.221: sctp protocol not supported
EtherApe-INFO: 19:10:41.221: sctp protocol not supported
EtherApe-INFO: 19:10:41.221: dccp protocol not supported
EtherApe-INFO: 19:10:41.221: sctp protocol not supported
EtherApe-INFO: 19:10:41.221: dccp protocol not supported
EtherApe-INFO: 19:10:41.221: dccp protocol not supported
EtherApe-INFO: 19:10:41.221: sctp protocol not supported
EtherApe-INFO: 19:10:41.221: sctp protocol not supported
EtherApe-INFO: 19:10:41.221: sctp protocol not supported
EtherApe-INFO: 19:10:41.222: sctp protocol not supported
EtherApe-INFO: 19:10:41.222: sctp protocol not supported
EtherApe-INFO: 19:10:41.222: sctp protocol not supported
EtherApe-INFO: 19:10:41.222: sctp protocol not supported
EtherApe-INFO: 19:10:41.222: sctp protocol not supported
EtherApe-INFO: 19:10:41.222: sctp protocol not supported
EtherApe-INFO: 19:10:41.222: sctp protocol not supported
EtherApe-INFO: 19:10:41.222: sctp protocol not supported
EtherApe-INFO: 19:10:41.222: sctp protocol not supported
EtherApe-INFO: 19:10:41.223: sctp protocol not supported
EtherApe-INFO: 19:10:41.223: sctp protocol not supported
EtherApe-INFO: 19:10:41.223: sctp protocol not supported
EtherApe-INFO: 19:10:41.223: dccp protocol not supported
EtherApe-INFO: 19:10:41.223: sctp protocol not supported
EtherApe-INFO: 19:10:41.223: sctp protocol not supported
EtherApe-INFO: 19:10:41.223: dccp protocol not supported
EtherApe-INFO: 19:10:41.223: sctp protocol not supported
EtherApe-INFO: 19:10:41.223: sctp protocol not supported
EtherApe-INFO: 19:10:41.223: sctp protocol not supported
EtherApe-INFO: 19:10:41.223: dccp protocol not supported
EtherApe-INFO: 19:10:41.223: dccp protocol not supported
EtherApe-INFO: 19:10:41.223: sctp protocol not supported
EtherApe-INFO: 19:10:41.223: sctp protocol not supported
EtherApe-INFO: 19:10:41.223: sctp protocol not supported
EtherApe-INFO: 19:10:41.223: sctp protocol not supported
EtherApe-INFO: 19:10:41.223: sctp protocol not supported
EtherApe-INFO: 19:10:41.223: sctp protocol not supported
EtherApe-INFO: 19:10:41.223: sctp protocol not supported
EtherApe-INFO: 19:10:41.223: sctp protocol not supported
EtherApe-INFO: 19:10:41.223: sctp protocol not supported
EtherApe-INFO: 19:10:41.223: sctp protocol not supported
EtherApe-INFO: 19:10:41.223: sctp protocol not supported
EtherApe-INFO: 19:10:41.223: sctp protocol not supported
EtherApe-INFO: 19:10:41.223: sctp protocol not supported
EtherApe-INFO: 19:10:41.223: sctp protocol not supported
EtherApe-INFO: 19:10:41.223: sctp protocol not supported
EtherApe-INFO: 19:10:41.223: sctp protocol not supported
EtherApe-INFO: 19:10:41.223: sctp protocol not supported
EtherApe-INFO: 19:10:41.223: sctp protocol not supported
EtherApe-INFO: 19:10:41.223: sctp protocol not supported
EtherApe-INFO: 19:10:41.223: sctp protocol not supported
EtherApe-INFO: 19:10:41.223: dccp protocol not supported
EtherApe-INFO: 19:10:41.223: sctp protocol not supported
EtherApe-INFO: 19:10:41.223: sctp protocol not supported
EtherApe-INFO: 19:10:41.223: sctp protocol not supported
EtherApe-INFO: 19:10:41.223: sctp protocol not supported
EtherApe-INFO: 19:10:41.223: sctp protocol not supported
EtherApe-INFO: 19:10:41.223: sctp protocol not supported
EtherApe-INFO: 19:10:41.223: sctp protocol not supported
EtherApe-INFO: 19:10:41.224: sctp protocol not supported
EtherApe-INFO: 19:10:41.224: sctp protocol not supported
EtherApe-INFO: 19:10:41.224: sctp protocol not supported
EtherApe-INFO: 19:10:41.224: sctp protocol not supported
EtherApe-INFO: 19:10:41.224: sctp protocol not supported
EtherApe-INFO: 19:10:41.224: sctp protocol not supported
EtherApe-INFO: 19:10:41.224: sctp protocol not supported
EtherApe-INFO: 19:10:41.224: sctp protocol not supported
EtherApe-INFO: 19:10:41.224: sctp protocol not supported
EtherApe-INFO: 19:10:41.224: sctp protocol not supported
EtherApe-INFO: 19:10:41.224: sctp protocol not supported
EtherApe-INFO: 19:10:41.224: sctp protocol not supported
EtherApe-INFO: 19:10:41.224: sctp protocol not supported
EtherApe-INFO: 19:10:41.224: sctp protocol not supported
EtherApe-INFO: 19:10:41.224: sctp protocol not supported
EtherApe-INFO: 19:10:41.224: sctp protocol not supported
EtherApe-INFO: 19:10:41.224: sctp protocol not supported
EtherApe-INFO: 19:10:41.224: sctp protocol not supported
EtherApe-INFO: 19:10:41.224: sctp protocol not supported
EtherApe-INFO: 19:10:41.224: sctp protocol not supported
EtherApe-INFO: 19:10:41.224: sctp protocol not supported
EtherApe-INFO: 19:10:41.224: sctp protocol not supported
EtherApe-INFO: 19:10:41.224: sctp protocol not supported
EtherApe-INFO: 19:10:41.224: sctp protocol not supported
EtherApe-INFO: 19:10:41.224: sctp protocol not supported
EtherApe-INFO: 19:10:41.224: sctp protocol not supported
EtherApe-INFO: 19:10:41.224: sctp protocol not supported
EtherApe-INFO: 19:10:41.224: sctp protocol not supported
EtherApe-INFO: 19:10:41.224: sctp protocol not supported
EtherApe-INFO: 19:10:41.224: sctp protocol not supported
EtherApe-INFO: 19:10:41.224: sctp protocol not supported
EtherApe-INFO: 19:10:41.234: get_interface result: ''
EtherApe-INFO: 19:10:41.235: Available interfaces for capture: dbus-session dbus-system nfqueue nflog bluetooth-monitor lo any enp5s0
EtherApe-INFO: 19:10:41.235: Link type is LINUX_SLL
EtherApe-INFO: 19:10:41.235: Diagram started
EtherApe-INFO: 19:10:43.029: New node: IP: 192.168.0.240. Number of nodes 1
EtherApe-INFO: 19:10:43.029: New node: IP: 192.178.25.163. Number of nodes 2
EtherApe-INFO: 19:10:44.053: New node: IP: 104.18.32.68. Number of nodes 3
EtherApe-INFO: 19:10:44.053: New node: IP: 104.18.21.226. Number of nodes 4
EtherApe-INFO: 19:10:44.566: New node: IP: 216.58.215.99. Number of nodes 5
EtherApe-INFO: 19:10:44.566: New node: IP: 8.8.8.8. Number of nodes 6
EtherApe-INFO: 19:10:45.077: New node: IP: 34.107.221.82. Number of nodes 7
EtherApe-INFO: 19:10:46.614: New node: IP: 149.154.167.50. Number of nodes 8
EtherApe-INFO: 19:10:47.125: New node: IP: 192.229.221.95. Number of nodes 9
EtherApe-INFO: 19:10:47.126: New node: IP: 2.21.173.91. Number of nodes 10
EtherApe-INFO: 19:10:47.637: New node: IP: 13.32.113.9. Number of nodes 11
EtherApe-INFO: 19:10:47.637: New node: IP: 149.154.167.41. Number of nodes 12
EtherApe-INFO: 19:10:48.661: New node: IP: 52.58.197.32. Number of nodes 13
EtherApe-INFO: 19:10:49.173: New node: IP: 8.8.4.4. Number of nodes 14
EtherApe-INFO: 19:10:49.685: New node: IP: 54.74.73.31. Number of nodes 15
EtherApe-INFO: 19:10:49.685: New node: IP: 104.16.248.249. Number of nodes 16
EtherApe-INFO: 19:10:50.965: New node: IP: 142.250.186.202. Number of nodes 17
EtherApe-INFO: 19:10:52.501: New node: IP: 87.245.217.77. Number of nodes 18
EtherApe-INFO: 19:10:52.502: New node: IP: 142.250.203.202. Number of nodes 19
EtherApe-INFO: 19:10:58.763: New node: IP: 104.16.249.249. Number of nodes 20
EtherApe-INFO: 19:11:04.601: New node: IP: 34.160.144.191. Number of nodes 21
EtherApe-INFO: 19:11:04.601: New node: IP: 104.17.50.74. Number of nodes 22
EtherApe-INFO: 19:11:04.601: New node: IP: 34.117.65.55. Number of nodes 23
EtherApe-INFO: 19:11:04.601: New node: IP: 18.66.130.57. Number of nodes 24
EtherApe-INFO: 19:11:04.601: New node: IP: 172.64.106.28. Number of nodes 25
EtherApe-INFO: 19:11:04.602: New node: IP: 62.182.19.39. Number of nodes 26
EtherApe-INFO: 19:11:05.533: New node: IP: 108.138.17.104. Number of nodes 27
EtherApe-INFO: 19:11:05.533: New node: IP: 34.120.208.123. Number of nodes 28
EtherApe-INFO: 19:11:05.533: New node: IP: 104.18.12.33. Number of nodes 29
EtherApe-INFO: 19:11:05.533: New node: IP: 104.16.99.56. Number of nodes 30
EtherApe-INFO: 19:11:06.443: New node: IP: 35.241.9.150. Number of nodes 31
EtherApe-INFO: 19:11:07.462: New node: IP: 140.82.121.4. Number of nodes 32
EtherApe-INFO: 19:11:07.759: New node: IP: 54.92.224.85. Number of nodes 33
EtherApe-INFO: 19:11:08.463: New node: IP: 18.66.147.167. Number of nodes 34
EtherApe-INFO: 19:11:08.463: New node: IP: 18.66.98.108. Number of nodes 35
EtherApe-INFO: 19:11:08.463: New node: IP: 216.58.215.78. Number of nodes 36
EtherApe-INFO: 19:11:09.955: New node: IP: 140.82.114.25. Number of nodes 37
EtherApe-INFO: 19:11:10.471: New node: IP: 216.58.208.206. Number of nodes 38
EtherApe-INFO: 19:11:10.471: New node: IP: 3.230.79.32. Number of nodes 39
EtherApe-INFO: 19:11:10.471: New node: IP: 104.21.75.3. Number of nodes 40
EtherApe-INFO: 19:11:10.471: New node: IP: 172.67.209.148. Number of nodes 41
EtherApe-INFO: 19:11:11.468: New node: IP: 193.34.168.232. Number of nodes 42
EtherApe-INFO: 19:11:12.468: New node: IP: 172.67.30.196. Number of nodes 43
EtherApe-INFO: 19:11:12.468: New node: IP: 142.250.203.132. Number of nodes 44
EtherApe-INFO: 19:11:12.468: New node: IP: 172.217.16.10. Number of nodes 45
EtherApe-INFO: 19:11:13.589: New node: IP: 192.178.25.170. Number of nodes 46
EtherApe-INFO: 19:11:13.590: New node: IP: 104.26.10.123. Number of nodes 47
EtherApe-INFO: 19:11:14.102: New node: IP: 216.58.208.195. Number of nodes 48
EtherApe-INFO: 19:11:14.613: New node: IP: 216.58.215.74. Number of nodes 49
EtherApe-INFO: 19:11:14.613: New node: IP: 193.34.169.16. Number of nodes 50
EtherApe-INFO: 19:11:14.613: New node: IP: 193.34.169.17. Number of nodes 51
EtherApe-INFO: 19:11:15.637: New node: IP: 104.17.33.105. Number of nodes 52
EtherApe-INFO: 19:11:15.637: New node: IP: 216.58.215.110. Number of nodes 53
EtherApe-INFO: 19:11:15.637: New node: IP: 13.32.103.37. Number of nodes 54
EtherApe-INFO: 19:11:16.406: New node: IP: 172.217.16.14. Number of nodes 55
EtherApe-INFO: 19:11:16.406: New node: IP: 142.250.203.206. Number of nodes 56
EtherApe-INFO: 19:11:29.461: New node: IP: 216.58.209.5. Number of nodes 57
EtherApe-INFO: 19:11:31.766: New node: IP: 162.159.200.123. Number of nodes 58
EtherApe-INFO: 19:11:45.079: New node: IP: 151.101.193.91. Number of nodes 59
EtherApe-INFO: 19:12:28.343: New node: IP: 35.201.103.21. Number of nodes 60
EtherApe-INFO: 19:12:28.602: New node: IP: 34.98.75.36. Number of nodes 61
EtherApe-INFO: 19:12:43.516: delete node: IP: 192.178.25.163. Number of nodes 60
EtherApe-INFO: 19:12:45.239: New node: IP: 172.66.44.157. Number of nodes 61
EtherApe-INFO: 19:12:59.363: delete node: IP: 142.250.203.202. Number of nodes 60
EtherApe-INFO: 19:13:09.343: delete node: IP: 62.182.19.39. Number of nodes 59
EtherApe-INFO: 19:13:09.343: delete node: IP: 52.58.197.32. Number of nodes 58
EtherApe-INFO: 19:13:11.937: delete node: IP: 8.8.4.4. Number of nodes 57
EtherApe-INFO: 19:13:17.828: delete node: IP: 193.34.168.232. Number of nodes 56
EtherApe-INFO: 19:13:21.885: delete node: IP: 193.34.169.17. Number of nodes 55
EtherApe-INFO: 19:13:21.885: delete node: IP: 193.34.169.16. Number of nodes 54
EtherApe-INFO: 19:13:27.313: delete node: IP: 87.245.217.77. Number of nodes 53
EtherApe-INFO: 19:13:32.125: delete node: IP: 162.159.200.123. Number of nodes 52
EtherApe-INFO: 19:13:40.021: New node: IP: 162.159.200.123. Number of nodes 53
EtherApe-INFO: 19:14:04.361: delete node: IP: 13.32.113.9. Number of nodes 52
EtherApe-INFO: 19:14:06.482: delete node: IP: 192.229.221.95. Number of nodes 51
EtherApe-INFO: 19:14:09.977: delete node: IP: 140.82.121.4. Number of nodes 50
EtherApe-INFO: 19:14:09.977: delete node: IP: 104.18.21.226. Number of nodes 49
EtherApe-INFO: 19:14:10.296: delete node: IP: 104.18.32.68. Number of nodes 48
EtherApe-INFO: 19:14:12.278: New node: IP: 149.154.167.216. Number of nodes 49
EtherApe-INFO: 19:14:14.610: delete node: IP: 216.58.215.99. Number of nodes 48
EtherApe-INFO: 19:14:42.229: New node: IP: 95.216.195.133. Number of nodes 49
EtherApe-INFO: 19:14:46.641: delete node: IP: 172.66.44.157. Number of nodes 48
EtherApe-INFO: 19:14:54.847: delete node: IP: 34.107.221.82. Number of nodes 47
EtherApe-INFO: 19:14:57.162: delete node: IP: 172.64.106.28. Number of nodes 46
EtherApe-INFO: 19:14:57.162: delete node: IP: 104.17.50.74. Number of nodes 45
EtherApe-INFO: 19:14:57.162: delete node: IP: 34.117.65.55. Number of nodes 44
EtherApe-INFO: 19:14:57.162: delete node: IP: 18.66.130.57. Number of nodes 43
EtherApe-INFO: 19:14:58.112: delete node: IP: 108.138.17.104. Number of nodes 42
EtherApe-INFO: 19:14:58.112: delete node: IP: 104.18.12.33. Number of nodes 41
EtherApe-INFO: 19:14:58.112: delete node: IP: 104.16.99.56. Number of nodes 40
EtherApe-INFO: 19:14:59.172: delete node: IP: 35.241.9.150. Number of nodes 39
EtherApe-INFO: 19:15:01.280: delete node: IP: 216.58.215.78. Number of nodes 38
EtherApe-INFO: 19:15:01.280: delete node: IP: 18.66.147.167. Number of nodes 37
EtherApe-INFO: 19:15:01.280: delete node: IP: 18.66.98.108. Number of nodes 36
EtherApe-INFO: 19:15:03.285: delete node: IP: 216.58.208.206. Number of nodes 35
EtherApe-INFO: 19:15:03.286: delete node: IP: 172.67.209.148. Number of nodes 34
EtherApe-INFO: 19:15:03.286: delete node: IP: 104.21.75.3. Number of nodes 33
EtherApe-INFO: 19:15:03.286: delete node: IP: 3.230.79.32. Number of nodes 32
EtherApe-INFO: 19:15:05.071: delete node: IP: 172.217.16.10. Number of nodes 31
EtherApe-INFO: 19:15:05.071: delete node: IP: 172.67.30.196. Number of nodes 30
EtherApe-INFO: 19:15:06.549: New node: IP: 34.117.65.55. Number of nodes 31
EtherApe-INFO: 19:15:06.641: delete node: IP: 216.58.215.74. Number of nodes 30
EtherApe-INFO: 19:15:06.641: delete node: IP: 192.178.25.170. Number of nodes 29
EtherApe-INFO: 19:15:06.641: delete node: IP: 104.26.10.123. Number of nodes 28
EtherApe-INFO: 19:15:07.913: delete node: IP: 216.58.215.110. Number of nodes 27
EtherApe-INFO: 19:15:07.913: delete node: IP: 13.32.103.37. Number of nodes 26
EtherApe-INFO: 19:15:08.647: delete node: IP: 172.217.16.14. Number of nodes 25
EtherApe-INFO: 19:15:08.647: delete node: IP: 142.250.203.206. Number of nodes 24
EtherApe-INFO: 19:15:21.437: delete node: IP: 142.250.203.132. Number of nodes 23
EtherApe-INFO: 19:15:26.517: New node: IP: 192.178.25.170. Number of nodes 24
EtherApe-INFO: 19:15:26.519: New node: IP: 142.250.186.195. Number of nodes 25
EtherApe-INFO: 19:15:41.133: delete node: IP: 162.159.200.123. Number of nodes 24
EtherApe-INFO: 19:16:24.903: delete node: IP: 2.21.173.91. Number of nodes 23
EtherApe-INFO: 19:16:36.418: delete node: IP: 151.101.193.91. Number of nodes 22
EtherApe-INFO: 19:16:43.653: delete node: IP: 95.216.195.133. Number of nodes 21
EtherApe-INFO: 19:17:06.894: delete node: IP: 34.117.65.55. Number of nodes 20
EtherApe-INFO: 19:17:19.464: delete node: IP: 35.201.103.21. Number of nodes 19
EtherApe-INFO: 19:17:19.464: delete node: IP: 34.160.144.191. Number of nodes 18
EtherApe-INFO: 19:17:19.464: delete node: IP: 34.98.75.36. Number of nodes 17
EtherApe-INFO: 19:17:26.599: delete node: IP: 192.178.25.170. Number of nodes 16
EtherApe-INFO: 19:17:26.599: delete node: IP: 8.8.8.8. Number of nodes 15
EtherApe-INFO: 19:17:56.277: New node: IP: 162.159.200.123. Number of nodes 16
EtherApe-INFO: 19:19:12.822: New node: IP: 216.58.208.197. Number of nodes 17
EtherApe-INFO: 19:19:13.077: New node: IP: 8.8.8.8. Number of nodes 18
EtherApe-INFO: 19:19:20.020: delete node: IP: 149.154.167.216. Number of nodes 17
EtherApe-INFO: 19:19:22.633: delete node: IP: 142.250.186.195. Number of nodes 16
EtherApe-INFO: 19:19:42.261: New node: IP: 95.216.195.133. Number of nodes 17
EtherApe-INFO: 19:19:45.917: delete node: IP: 34.120.208.123. Number of nodes 16
EtherApe-INFO: 19:19:56.872: delete node: IP: 162.159.200.123. Number of nodes 15
EtherApe-INFO: 19:20:06.837: New node: IP: 34.117.65.55. Number of nodes 16
EtherApe-INFO: 19:20:06.837: New node: IP: 35.241.9.150. Number of nodes 17
EtherApe-INFO: 19:20:06.838: New node: IP: 2.21.173.91. Number of nodes 18
EtherApe-INFO: 19:20:07.097: New node: IP: 34.160.144.191. Number of nodes 19
EtherApe-INFO: 19:20:10.165: New node: IP: 54.170.39.204. Number of nodes 20
EtherApe-INFO: 19:20:12.215: New node: IP: 104.18.14.117. Number of nodes 21
EtherApe-INFO: 19:20:14.006: New node: IP: 52.16.16.21. Number of nodes 22
EtherApe-INFO: 19:20:14.007: New node: IP: 216.58.209.13. Number of nodes 23
EtherApe-INFO: 19:21:03.234: delete node: IP: 216.58.209.5. Number of nodes 22
EtherApe-INFO: 19:21:44.442: delete node: IP: 95.216.195.133. Number of nodes 21
EtherApe-INFO: 19:22:07.945: delete node: IP: 34.117.65.55. Number of nodes 20
EtherApe-INFO: 19:22:10.780: delete node: IP: 54.170.39.204. Number of nodes 19
EtherApe-INFO: 19:22:12.880: delete node: IP: 104.18.14.117. Number of nodes 18
EtherApe-INFO: 19:22:13.305: New node: IP: 142.250.203.197. Number of nodes 19
EtherApe-INFO: 19:22:14.661: delete node: IP: 52.16.16.21. Number of nodes 18
EtherApe-INFO: 19:22:23.030: New node: IP: 149.154.175.57. Number of nodes 19
EtherApe-INFO: 19:22:23.030: New node: IP: 149.154.175.54. Number of nodes 20
EtherApe-INFO: 19:22:23.799: New node: IP: 149.154.167.216. Number of nodes 21
EtherApe-INFO: 19:24:02.126: delete node: IP: 2.21.173.91. Number of nodes 20
EtherApe-INFO: 19:24:04.214: delete node: IP: 216.58.208.197. Number of nodes 19
EtherApe-INFO: 19:24:24.382: delete node: IP: 149.154.175.54. Number of nodes 18
EtherApe-INFO: 19:24:24.382: delete node: IP: 8.8.8.8. Number of nodes 17
EtherApe-INFO: 19:24:32.309: New node: IP: 149.154.167.92. Number of nodes 18
EtherApe-INFO: 19:24:32.565: New node: IP: 8.8.8.8. Number of nodes 19
EtherApe-INFO: 19:24:40.581: delete node: IP: 149.154.175.57. Number of nodes 18
EtherApe-INFO: 19:24:42.293: New node: IP: 95.216.195.133. Number of nodes 19
EtherApe-INFO: 19:24:42.362: delete node: IP: 149.154.167.216. Number of nodes 18
EtherApe-INFO: 19:24:46.133: New node: IP: 149.154.167.91. Number of nodes 19
EtherApe-INFO: 19:24:58.732: delete node: IP: 35.241.9.150. Number of nodes 18
EtherApe-INFO: 19:24:58.732: delete node: IP: 34.160.144.191. Number of nodes 17
EtherApe-INFO: 19:25:04.391: delete node: IP: 216.58.209.13. Number of nodes 16
EtherApe-INFO: 19:25:06.869: New node: IP: 34.117.65.55. Number of nodes 17
EtherApe-INFO: 19:25:55.765: New node: IP: 149.154.167.216. Number of nodes 18
EtherApe-INFO: 19:26:28.533: New node: IP: 162.159.200.123. Number of nodes 19
EtherApe-INFO: 19:26:42.701: delete node: IP: 95.216.195.133. Number of nodes 18
EtherApe-INFO: 19:26:46.463: delete node: IP: 8.8.8.8. Number of nodes 17
EtherApe-INFO: 19:26:50.331: delete node: IP: 149.154.167.92. Number of nodes 16
EtherApe-INFO: 19:27:02.369: delete node: IP: 149.154.167.91. Number of nodes 15
EtherApe-INFO: 19:27:04.983: delete node: IP: 142.250.203.197. Number of nodes 14
EtherApe-INFO: 19:27:08.022: delete node: IP: 34.117.65.55. Number of nodes 13
EtherApe-INFO: 19:27:13.847: New node: IP: 192.178.25.165. Number of nodes 14
EtherApe-INFO: 19:27:14.101: New node: IP: 8.8.8.8. Number of nodes 15
EtherApe-INFO: 19:28:11.246: delete node: IP: 149.154.167.216. Number of nodes 14
EtherApe-INFO: 19:28:29.213: delete node: IP: 162.159.200.123. Number of nodes 13
EtherApe-INFO: 19:29:14.247: delete node: IP: 8.8.8.8. Number of nodes 12
EtherApe-INFO: 19:29:20.311: New node: IP: 149.154.167.216. Number of nodes 13
EtherApe-INFO: 19:29:29.270: New node: IP: 142.250.203.202. Number of nodes 14
EtherApe-INFO: 19:29:42.325: New node: IP: 8.8.8.8. Number of nodes 15
EtherApe-INFO: 19:29:42.325: New node: IP: 95.216.195.133. Number of nodes 16
EtherApe-INFO: 19:30:06.901: New node: IP: 34.117.65.55. Number of nodes 17
EtherApe-INFO: 19:30:06.901: New node: IP: 35.241.9.150. Number of nodes 18
EtherApe-INFO: 19:30:12.278: New node: IP: 104.18.15.117. Number of nodes 19
EtherApe-INFO: 19:30:15.350: New node: IP: 142.250.186.205. Number of nodes 20
EtherApe-INFO: 19:30:32.501: New node: IP: 52.16.16.21. Number of nodes 21
EtherApe-INFO: 19:30:36.344: New node: IP: 52.19.109.21. Number of nodes 22
EtherApe-INFO: 19:31:25.494: New node: IP: 54.155.178.5. Number of nodes 23
EtherApe-INFO: 19:31:36.024: delete node: IP: 149.154.167.216. Number of nodes 22
EtherApe-INFO: 19:31:43.948: delete node: IP: 95.216.195.133. Number of nodes 21
EtherApe-INFO: 19:32:05.959: delete node: IP: 192.178.25.165. Number of nodes 20
EtherApe-INFO: 19:32:07.008: delete node: IP: 34.117.65.55. Number of nodes 19
EtherApe-INFO: 19:32:15.414: New node: IP: 192.178.25.165. Number of nodes 20
EtherApe-INFO: 19:32:22.428: delete node: IP: 54.74.73.31. Number of nodes 19
EtherApe-INFO: 19:32:32.590: delete node: IP: 52.16.16.21. Number of nodes 18
EtherApe-INFO: 19:32:36.670: delete node: IP: 52.19.109.21. Number of nodes 17
EtherApe-INFO: 19:32:59.021: delete node: IP: 142.250.203.202. Number of nodes 16
EtherApe-INFO: 19:33:27.392: delete node: IP: 8.8.8.8. Number of nodes 15
EtherApe-INFO: 19:33:59.350: New node: IP: 149.154.167.216. Number of nodes 16
EtherApe-INFO: 19:34:42.358: New node: IP: 8.8.8.8. Number of nodes 17
EtherApe-INFO: 19:34:42.360: New node: IP: 95.216.195.133. Number of nodes 18
EtherApe-INFO: 19:34:58.536: delete node: IP: 35.241.9.150. Number of nodes 17
EtherApe-INFO: 19:35:04.697: delete node: IP: 104.18.15.117. Number of nodes 16
EtherApe-INFO: 19:35:06.468: delete node: IP: 142.250.186.205. Number of nodes 15
EtherApe-INFO: 19:35:06.933: New node: IP: 34.117.65.55. Number of nodes 16
EtherApe-INFO: 19:36:15.346: delete node: IP: 149.154.167.216. Number of nodes 15
EtherApe-INFO: 19:36:43.989: delete node: IP: 95.216.195.133. Number of nodes 14
EtherApe-INFO: 19:36:43.989: delete node: IP: 8.8.8.8. Number of nodes 13
EtherApe-INFO: 19:37:07.769: delete node: IP: 192.178.25.165. Number of nodes 12
EtherApe-INFO: 19:37:07.769: delete node: IP: 34.117.65.55. Number of nodes 11
EtherApe-INFO: 19:37:16.471: New node: IP: 142.250.203.197. Number of nodes 12
EtherApe-INFO: 19:39:42.389: New node: IP: 8.8.8.8. Number of nodes 13
EtherApe-INFO: 19:39:42.390: New node: IP: 95.216.195.133. Number of nodes 14
EtherApe-INFO: 19:39:59.029: New node: IP: 149.154.167.216. Number of nodes 15
EtherApe-INFO: 19:40:06.966: New node: IP: 34.117.65.55. Number of nodes 16
EtherApe-INFO: 19:40:07.222: New node: IP: 35.241.9.150. Number of nodes 17
EtherApe-INFO: 19:40:07.224: New node: IP: 2.21.173.91. Number of nodes 18
EtherApe-INFO: 19:40:12.600: New node: IP: 104.18.14.117. Number of nodes 19
EtherApe-INFO: 19:40:16.694: New node: IP: 142.250.203.141. Number of nodes 20
EtherApe-INFO: 19:40:22.925: delete node: IP: 104.16.249.249. Number of nodes 19
EtherApe-INFO: 19:40:55.093: New node: IP: 52.19.109.21. Number of nodes 20
EtherApe-INFO: 19:40:58.935: New node: IP: 63.33.228.172. Number of nodes 21
EtherApe-INFO: 19:41:41.175: New node: IP: 104.18.7.57. Number of nodes 22
EtherApe-INFO: 19:41:43.813: delete node: IP: 95.216.195.133. Number of nodes 21
EtherApe-INFO: 19:42:07.367: delete node: IP: 34.117.65.55. Number of nodes 20
EtherApe-INFO: 19:42:07.890: delete node: IP: 142.250.203.197. Number of nodes 19
EtherApe-INFO: 19:42:17.270: New node: IP: 142.250.75.5. Number of nodes 20
EtherApe-INFO: 19:42:56.704: delete node: IP: 52.19.109.21. Number of nodes 19
EtherApe-INFO: 19:43:00.888: delete node: IP: 63.33.228.172. Number of nodes 18
EtherApe-INFO: 19:43:07.249: delete node: IP: 149.154.167.216. Number of nodes 17
EtherApe-INFO: 19:43:32.789: New node: IP: 162.159.200.123. Number of nodes 18
EtherApe-INFO: 19:43:34.069: New node: IP: 149.154.167.216. Number of nodes 19
EtherApe-INFO: 19:44:03.286: delete node: IP: 2.21.173.91. Number of nodes 18
EtherApe-INFO: 19:44:10.168: New node: IP: 140.82.113.26. Number of nodes 19
EtherApe-INFO: 19:44:28.853: New node: IP: 172.217.16.10. Number of nodes 20
EtherApe-INFO: 19:44:42.422: New node: IP: 95.216.195.133. Number of nodes 21
EtherApe-INFO: 19:44:58.389: delete node: IP: 35.241.9.150. Number of nodes 20
EtherApe-INFO: 19:45:04.236: delete node: IP: 104.18.14.117. Number of nodes 19
EtherApe-INFO: 19:45:06.997: New node: IP: 34.117.65.55. Number of nodes 20
EtherApe-INFO: 19:45:07.800: delete node: IP: 142.250.203.141. Number of nodes 19
EtherApe-INFO: 19:45:34.713: delete node: IP: 162.159.200.123. Number of nodes 18
EtherApe-INFO: 19:46:04.895: delete node: IP: 54.155.178.5. Number of nodes 17
EtherApe-INFO: 19:46:10.542: delete node: IP: 140.82.114.25. Number of nodes 16
EtherApe-INFO: 19:46:29.208: delete node: IP: 172.217.16.10. Number of nodes 15
EtherApe-INFO: 19:46:33.271: delete node: IP: 104.18.7.57. Number of nodes 14
EtherApe-INFO: 19:46:43.595: delete node: IP: 95.216.195.133. Number of nodes 13
EtherApe-INFO: 19:46:43.595: delete node: IP: 8.8.8.8. Number of nodes 12
EtherApe-INFO: 19:47:07.358: delete node: IP: 34.117.65.55. Number of nodes 11
EtherApe-INFO: 19:47:09.446: delete node: IP: 142.250.75.5. Number of nodes 10
EtherApe-INFO: 19:47:18.328: New node: IP: 142.250.203.197. Number of nodes 11
EtherApe-INFO: 19:47:47.254: New node: IP: 172.217.16.10. Number of nodes 12
