(etherape:2741): GLib-GIO-DEBUG: 03:48:23.859: _g_io_module_get_default: Found default implementation local (GLocalVfs) for ‘gio-vfs’
(etherape:2741): GLib-GIO-DEBUG: 03:48:23.944: Using cross-namespace EXTERNAL authentication (this will deadlock if server is GDBus < 2.73.3)
EtherApe-INFO: 03:48:24.009: sctp protocol not supported
EtherApe-INFO: 03:48:24.009: dccp protocol not supported
EtherApe-INFO: 03:48:24.009: sctp protocol not supported
EtherApe-INFO: 03:48:24.009: sctp protocol not supported
EtherApe-INFO: 03:48:24.009: sctp protocol not supported
EtherApe-INFO: 03:48:24.009: sctp protocol not supported
EtherApe-INFO: 03:48:24.010: sctp protocol not supported
EtherApe-INFO: 03:48:24.010: sctp protocol not supported
EtherApe-INFO: 03:48:24.010: sctp protocol not supported
EtherApe-INFO: 03:48:24.010: dccp protocol not supported
EtherApe-INFO: 03:48:24.010: sctp protocol not supported
EtherApe-INFO: 03:48:24.010: dccp protocol not supported
EtherApe-INFO: 03:48:24.010: dccp protocol not supported
EtherApe-INFO: 03:48:24.011: sctp protocol not supported
EtherApe-INFO: 03:48:24.011: sctp protocol not supported
EtherApe-INFO: 03:48:24.011: sctp protocol not supported
EtherApe-INFO: 03:48:24.012: sctp protocol not supported
EtherApe-INFO: 03:48:24.012: sctp protocol not supported
EtherApe-INFO: 03:48:24.013: sctp protocol not supported
EtherApe-INFO: 03:48:24.013: sctp protocol not supported
EtherApe-INFO: 03:48:24.013: sctp protocol not supported
EtherApe-INFO: 03:48:24.013: sctp protocol not supported
EtherApe-INFO: 03:48:24.013: sctp protocol not supported
EtherApe-INFO: 03:48:24.014: sctp protocol not supported
EtherApe-INFO: 03:48:24.014: sctp protocol not supported
EtherApe-INFO: 03:48:24.014: sctp protocol not supported
EtherApe-INFO: 03:48:24.014: sctp protocol not supported
EtherApe-INFO: 03:48:24.015: sctp protocol not supported
EtherApe-INFO: 03:48:24.015: dccp protocol not supported
EtherApe-INFO: 03:48:24.015: sctp protocol not supported
EtherApe-INFO: 03:48:24.015: sctp protocol not supported
EtherApe-INFO: 03:48:24.015: dccp protocol not supported
EtherApe-INFO: 03:48:24.015: sctp protocol not supported
EtherApe-INFO: 03:48:24.015: sctp protocol not supported
EtherApe-INFO: 03:48:24.015: sctp protocol not supported
EtherApe-INFO: 03:48:24.015: dccp protocol not supported
EtherApe-INFO: 03:48:24.015: dccp protocol not supported
EtherApe-INFO: 03:48:24.015: sctp protocol not supported
EtherApe-INFO: 03:48:24.015: sctp protocol not supported
EtherApe-INFO: 03:48:24.016: sctp protocol not supported
EtherApe-INFO: 03:48:24.016: sctp protocol not supported
EtherApe-INFO: 03:48:24.016: sctp protocol not supported
EtherApe-INFO: 03:48:24.016: sctp protocol not supported
EtherApe-INFO: 03:48:24.016: sctp protocol not supported
EtherApe-INFO: 03:48:24.016: sctp protocol not supported
EtherApe-INFO: 03:48:24.016: sctp protocol not supported
EtherApe-INFO: 03:48:24.016: sctp protocol not supported
EtherApe-INFO: 03:48:24.016: sctp protocol not supported
EtherApe-INFO: 03:48:24.016: sctp protocol not supported
EtherApe-INFO: 03:48:24.016: sctp protocol not supported
EtherApe-INFO: 03:48:24.016: sctp protocol not supported
EtherApe-INFO: 03:48:24.016: sctp protocol not supported
EtherApe-INFO: 03:48:24.016: sctp protocol not supported
EtherApe-INFO: 03:48:24.016: sctp protocol not supported
EtherApe-INFO: 03:48:24.016: sctp protocol not supported
EtherApe-INFO: 03:48:24.016: sctp protocol not supported
EtherApe-INFO: 03:48:24.016: sctp protocol not supported
EtherApe-INFO: 03:48:24.017: dccp protocol not supported
EtherApe-INFO: 03:48:24.017: sctp protocol not supported
EtherApe-INFO: 03:48:24.017: sctp protocol not supported
EtherApe-INFO: 03:48:24.017: sctp protocol not supported
EtherApe-INFO: 03:48:24.017: sctp protocol not supported
EtherApe-INFO: 03:48:24.017: sctp protocol not supported
EtherApe-INFO: 03:48:24.017: sctp protocol not supported
EtherApe-INFO: 03:48:24.017: sctp protocol not supported
EtherApe-INFO: 03:48:24.017: sctp protocol not supported
EtherApe-INFO: 03:48:24.017: sctp protocol not supported
EtherApe-INFO: 03:48:24.018: sctp protocol not supported
EtherApe-INFO: 03:48:24.018: sctp protocol not supported
EtherApe-INFO: 03:48:24.018: sctp protocol not supported
EtherApe-INFO: 03:48:24.018: sctp protocol not supported
EtherApe-INFO: 03:48:24.018: sctp protocol not supported
EtherApe-INFO: 03:48:24.018: sctp protocol not supported
EtherApe-INFO: 03:48:24.018: sctp protocol not supported
EtherApe-INFO: 03:48:24.018: sctp protocol not supported
EtherApe-INFO: 03:48:24.018: sctp protocol not supported
EtherApe-INFO: 03:48:24.018: sctp protocol not supported
EtherApe-INFO: 03:48:24.018: sctp protocol not supported
EtherApe-INFO: 03:48:24.018: sctp protocol not supported
EtherApe-INFO: 03:48:24.018: sctp protocol not supported
EtherApe-INFO: 03:48:24.018: sctp protocol not supported
EtherApe-INFO: 03:48:24.019: sctp protocol not supported
EtherApe-INFO: 03:48:24.019: sctp protocol not supported
EtherApe-INFO: 03:48:24.019: sctp protocol not supported
EtherApe-INFO: 03:48:24.019: sctp protocol not supported
EtherApe-INFO: 03:48:24.019: sctp protocol not supported
EtherApe-INFO: 03:48:24.019: sctp protocol not supported
EtherApe-INFO: 03:48:24.019: sctp protocol not supported
EtherApe-INFO: 03:48:24.019: sctp protocol not supported
EtherApe-INFO: 03:48:24.019: sctp protocol not supported
EtherApe-INFO: 03:48:24.019: sctp protocol not supported
EtherApe-INFO: 03:48:24.019: sctp protocol not supported
EtherApe-INFO: 03:48:24.019: sctp protocol not supported
EtherApe-INFO: 03:48:24.019: sctp protocol not supported
EtherApe-INFO: 03:48:24.029: get_interface result: ''
EtherApe-INFO: 03:48:24.029: Available interfaces for capture: dbus-session dbus-system nfqueue nflog bluetooth-monitor bluetooth0 lo any wlp2s0
EtherApe-INFO: 03:48:24.030: Link type is LINUX_SLL
EtherApe-INFO: 03:48:24.030: Diagram started
EtherApe-INFO: 03:48:24.537: New node: IP: 192.168.1.250. Number of nodes 1
EtherApe-INFO: 03:48:24.537: New node: IP: 13.32.121.101. Number of nodes 2
EtherApe-INFO: 03:48:25.048: New node: IP: 93.184.220.29. Number of nodes 3
EtherApe-INFO: 03:48:25.304: New node: IP: 216.58.215.69. Number of nodes 4
EtherApe-INFO: 03:48:25.304: New node: IP: 104.16.249.249. Number of nodes 5
EtherApe-INFO: 03:48:25.562: New node: IP: 142.250.203.138. Number of nodes 6
EtherApe-INFO: 03:48:25.562: New node: IP: 87.245.216.107. Number of nodes 7
EtherApe-INFO: 03:48:25.562: New node: IP: 142.250.186.195. Number of nodes 8
EtherApe-INFO: 03:48:26.072: New node: IP: 8.8.8.8. Number of nodes 9
EtherApe-INFO: 03:48:26.073: New node: IP: 44.238.39.101. Number of nodes 10
EtherApe-INFO: 03:48:26.073: New node: IP: 54.148.165.50. Number of nodes 11
EtherApe-INFO: 03:48:26.329: New node: IP: 142.250.203.142. Number of nodes 12
EtherApe-INFO: 03:48:26.584: New node: IP: 34.209.16.253. Number of nodes 13
EtherApe-INFO: 03:48:27.096: New node: IP: 104.18.32.68. Number of nodes 14
EtherApe-INFO: 03:48:27.096: New node: IP: 176.122.110.204. Number of nodes 15
EtherApe-INFO: 03:48:27.096: New node: IP: 104.18.20.226. Number of nodes 16
EtherApe-INFO: 03:48:27.096: New node: IP: 172.64.155.188. Number of nodes 17
EtherApe-INFO: 03:48:27.609: New node: IP: 52.29.113.188. Number of nodes 18
EtherApe-INFO: 03:48:29.144: New node: IP: 18.66.121.68. Number of nodes 19
EtherApe-INFO: 03:48:29.144: New node: IP: 18.66.121.29. Number of nodes 20
EtherApe-INFO: 03:48:30.168: New node: IP: 1.1.1.1. Number of nodes 21
EtherApe-INFO: 03:48:32.216: New node: IP: 149.154.167.50. Number of nodes 22
EtherApe-INFO: 03:48:32.216: New node: IP: 194.54.80.29. Number of nodes 23
EtherApe-INFO: 03:48:32.985: New node: IP: 216.58.215.106. Number of nodes 24
EtherApe-INFO: 03:48:34.264: New node: IP: 34.107.221.82. Number of nodes 25
EtherApe-INFO: 03:48:37.080: New node: IP: 54.80.2.54. Number of nodes 26
EtherApe-INFO: 03:48:38.140: New node: IP: 149.154.167.41. Number of nodes 27
EtherApe-INFO: 03:48:42.969: New node: IP: 142.250.203.131. Number of nodes 28
EtherApe-INFO: 03:49:03.961: New node: IP: 34.120.208.123. Number of nodes 29
EtherApe-INFO: 03:49:03.961: New node: IP: 34.160.144.191. Number of nodes 30
EtherApe-INFO: 03:49:04.728: New node: IP: 104.17.50.74. Number of nodes 31
EtherApe-INFO: 03:49:04.728: New node: IP: 104.18.12.33. Number of nodes 32
EtherApe-INFO: 03:49:04.728: New node: IP: 108.138.17.43. Number of nodes 33
EtherApe-INFO: 03:49:04.985: New node: IP: 104.16.248.249. Number of nodes 34
EtherApe-INFO: 03:49:05.752: New node: IP: 104.16.99.56. Number of nodes 35
EtherApe-INFO: 03:49:05.752: New node: IP: 18.66.234.116. Number of nodes 36
EtherApe-INFO: 03:49:09.848: New node: IP: 142.250.186.206. Number of nodes 37
EtherApe-INFO: 03:49:09.848: New node: IP: 216.58.215.86. Number of nodes 38
EtherApe-INFO: 03:49:09.848: New node: IP: 216.58.215.68. Number of nodes 39
EtherApe-INFO: 03:49:09.848: New node: IP: 142.250.75.10. Number of nodes 40
EtherApe-INFO: 03:49:09.848: New node: IP: 185.199.109.154. Number of nodes 41
EtherApe-INFO: 03:49:09.848: New node: IP: 108.138.46.56. Number of nodes 42
EtherApe-INFO: 03:49:10.872: New node: IP: 140.82.121.3. Number of nodes 43
EtherApe-INFO: 03:49:10.872: New node: IP: 35.186.227.140. Number of nodes 44
EtherApe-INFO: 03:49:11.896: New node: IP: 140.82.112.26. Number of nodes 45
EtherApe-INFO: 03:49:12.920: New node: IP: 108.138.36.102. Number of nodes 46
EtherApe-INFO: 03:49:13.945: New node: IP: 172.217.16.10. Number of nodes 47
EtherApe-INFO: 03:49:13.945: New node: IP: 216.58.209.14. Number of nodes 48
EtherApe-INFO: 03:49:13.945: New node: IP: 142.250.203.206. Number of nodes 49
EtherApe-INFO: 03:49:14.968: New node: IP: 142.250.186.202. Number of nodes 50
EtherApe-INFO: 03:49:15.992: New node: IP: 35.169.5.88. Number of nodes 51
EtherApe-INFO: 03:49:19.064: New node: IP: 147.75.198.156. Number of nodes 52
EtherApe-INFO: 03:49:21.112: New node: IP: 13.32.103.36. Number of nodes 53
EtherApe-INFO: 03:49:33.400: New node: IP: 3.122.47.55. Number of nodes 54
EtherApe-INFO: 03:49:34.936: New node: IP: 3.127.160.74. Number of nodes 55
EtherApe-INFO: 03:49:38.520: New node: IP: 140.82.121.5. Number of nodes 56
EtherApe-INFO: 03:49:49.785: New node: IP: 142.250.75.1. Number of nodes 57
EtherApe-INFO: 03:50:02.073: New node: IP: 104.18.6.240. Number of nodes 58
EtherApe-INFO: 03:50:32.038: delete node: IP: 1.1.1.1. Number of nodes 57
EtherApe-INFO: 03:51:05.895: delete node: IP: 54.148.165.50. Number of nodes 56
EtherApe-INFO: 03:51:06.428: delete node: IP: 44.238.39.101. Number of nodes 55
EtherApe-INFO: 03:51:07.383: delete node: IP: 34.209.16.253. Number of nodes 54
EtherApe-INFO: 03:51:07.918: delete node: IP: 52.29.113.188. Number of nodes 53
EtherApe-INFO: 03:51:15.125: delete node: IP: 142.250.186.202. Number of nodes 52
EtherApe-INFO: 03:51:36.315: delete node: IP: 147.75.198.156. Number of nodes 51
EtherApe-INFO: 03:51:37.049: delete node: IP: 194.54.80.29. Number of nodes 50
EtherApe-INFO: 03:51:38.942: delete node: IP: 140.82.121.5. Number of nodes 49
EtherApe-INFO: 03:51:44.729: New node: IP: 194.54.80.29. Number of nodes 50
EtherApe-INFO: 03:52:02.234: delete node: IP: 104.18.20.226. Number of nodes 49
EtherApe-INFO: 03:52:03.183: delete node: IP: 172.64.155.188. Number of nodes 48
EtherApe-INFO: 03:52:03.183: delete node: IP: 104.18.32.68. Number of nodes 47
EtherApe-INFO: 03:52:05.493: delete node: IP: 18.66.121.68. Number of nodes 46
EtherApe-INFO: 03:52:05.493: delete node: IP: 18.66.121.29. Number of nodes 45
EtherApe-INFO: 03:52:10.623: delete node: IP: 34.107.221.82. Number of nodes 44
EtherApe-INFO: 03:52:15.260: delete node: IP: 87.245.216.107. Number of nodes 43
EtherApe-INFO: 03:52:34.136: New node: IP: 192.168.1.1. Number of nodes 44
EtherApe-INFO: 03:52:34.136: New node: IP: 95.216.195.133. Number of nodes 45
EtherApe-INFO: 03:52:56.426: delete node: IP: 34.160.144.191. Number of nodes 44
EtherApe-INFO: 03:52:56.426: delete node: IP: 34.120.208.123. Number of nodes 43
EtherApe-INFO: 03:52:57.260: delete node: IP: 108.138.17.43. Number of nodes 42
EtherApe-INFO: 03:52:57.261: delete node: IP: 104.17.50.74. Number of nodes 41
EtherApe-INFO: 03:52:58.200: delete node: IP: 104.16.99.56. Number of nodes 40
EtherApe-INFO: 03:52:58.200: delete node: IP: 18.66.234.116. Number of nodes 39
EtherApe-INFO: 03:53:01.862: delete node: IP: 142.250.75.10. Number of nodes 38
EtherApe-INFO: 03:53:02.386: delete node: IP: 216.58.215.68. Number of nodes 37
EtherApe-INFO: 03:53:02.387: delete node: IP: 185.199.109.154. Number of nodes 36
EtherApe-INFO: 03:53:02.387: delete node: IP: 108.138.46.56. Number of nodes 35
EtherApe-INFO: 03:53:04.163: delete node: IP: 142.250.203.138. Number of nodes 34
EtherApe-INFO: 03:53:04.163: delete node: IP: 140.82.121.3. Number of nodes 33
EtherApe-INFO: 03:53:05.417: delete node: IP: 142.250.186.206. Number of nodes 32
EtherApe-INFO: 03:53:05.417: delete node: IP: 108.138.36.102. Number of nodes 31
EtherApe-INFO: 03:53:05.625: New node: IP: 54.191.222.112. Number of nodes 32
EtherApe-INFO: 03:53:05.939: delete node: IP: 216.58.209.14. Number of nodes 31
EtherApe-INFO: 03:53:05.939: delete node: IP: 172.217.16.10. Number of nodes 30
EtherApe-INFO: 03:53:05.939: delete node: IP: 142.250.203.206. Number of nodes 29
EtherApe-INFO: 03:53:08.237: delete node: IP: 35.169.5.88. Number of nodes 28
EtherApe-INFO: 03:53:13.894: delete node: IP: 13.32.103.36. Number of nodes 27
EtherApe-INFO: 03:53:44.872: delete node: IP: 194.54.80.29. Number of nodes 26
EtherApe-INFO: 03:53:45.394: delete node: IP: 142.250.186.195. Number of nodes 25
EtherApe-INFO: 03:53:58.393: delete node: IP: 93.184.220.29. Number of nodes 24
EtherApe-INFO: 03:54:30.872: New node: IP: 142.250.203.138. Number of nodes 25
EtherApe-INFO: 03:54:35.306: delete node: IP: 192.168.1.1. Number of nodes 24
EtherApe-INFO: 03:54:35.306: delete node: IP: 95.216.195.133. Number of nodes 23
EtherApe-INFO: 03:54:35.306: delete node: IP: 35.186.227.140. Number of nodes 22
EtherApe-INFO: 03:54:36.860: delete node: IP: 216.58.215.86. Number of nodes 21
EtherApe-INFO: 03:54:41.726: delete node: IP: 142.250.75.1. Number of nodes 20
EtherApe-INFO: 03:55:06.748: delete node: IP: 54.191.222.112. Number of nodes 19
EtherApe-INFO: 03:55:06.748: delete node: IP: 8.8.8.8. Number of nodes 18
EtherApe-INFO: 03:55:14.136: New node: IP: 142.250.186.195. Number of nodes 19
EtherApe-INFO: 03:55:17.007: delete node: IP: 104.18.6.240. Number of nodes 18
EtherApe-INFO: 03:55:44.400: delete node: IP: 142.250.203.131. Number of nodes 17
EtherApe-INFO: 03:56:00.984: New node: IP: 194.54.80.29. Number of nodes 18
EtherApe-INFO: 03:56:04.056: New node: IP: 8.8.8.8. Number of nodes 19
EtherApe-INFO: 03:56:23.769: New node: IP: 104.18.13.33. Number of nodes 20
EtherApe-INFO: 03:57:02.168: New node: IP: 142.250.203.131. Number of nodes 21
EtherApe-INFO: 03:57:13.177: New node: IP: 172.217.16.37. Number of nodes 22
EtherApe-INFO: 03:57:14.247: delete node: IP: 142.250.186.195. Number of nodes 21
EtherApe-INFO: 03:57:33.913: New node: IP: 192.168.1.1. Number of nodes 22
EtherApe-INFO: 03:57:34.168: New node: IP: 95.216.195.133. Number of nodes 23
EtherApe-INFO: 03:57:56.190: delete node: IP: 142.250.203.138. Number of nodes 22
EtherApe-INFO: 03:58:01.060: delete node: IP: 194.54.80.29. Number of nodes 21
EtherApe-INFO: 03:58:05.912: New node: IP: 54.191.222.112. Number of nodes 22
EtherApe-INFO: 03:58:13.396: delete node: IP: 104.18.12.33. Number of nodes 21
EtherApe-INFO: 03:59:05.330: delete node: IP: 216.58.215.69. Number of nodes 20
EtherApe-INFO: 03:59:34.760: delete node: IP: 192.168.1.1. Number of nodes 19
EtherApe-INFO: 03:59:34.760: delete node: IP: 8.8.8.8. Number of nodes 18
EtherApe-INFO: 03:59:35.277: delete node: IP: 95.216.195.133. Number of nodes 17
EtherApe-INFO: 03:59:43.450: New node: IP: 54.148.173.246. Number of nodes 18
EtherApe-INFO: 03:59:43.450: New node: IP: 35.186.227.140. Number of nodes 19
EtherApe-INFO: 03:59:43.704: New node: IP: 8.8.8.8. Number of nodes 20
EtherApe-INFO: 04:00:01.385: delete node: IP: 176.122.110.204. Number of nodes 19
EtherApe-INFO: 04:00:06.561: delete node: IP: 54.191.222.112. Number of nodes 18
EtherApe-INFO: 04:01:15.443: delete node: IP: 104.18.13.33. Number of nodes 17
EtherApe-INFO: 04:02:07.097: delete node: IP: 142.250.203.142. Number of nodes 16
EtherApe-INFO: 04:02:33.944: New node: IP: 192.168.1.1. Number of nodes 17
EtherApe-INFO: 04:02:34.200: New node: IP: 95.216.195.133. Number of nodes 18
EtherApe-INFO: 04:02:45.210: delete node: IP: 54.148.173.246. Number of nodes 17
EtherApe-INFO: 04:03:05.944: New node: IP: 54.191.222.112. Number of nodes 18
EtherApe-INFO: 04:04:25.048: New node: IP: 142.250.203.138. Number of nodes 19
EtherApe-INFO: 04:04:33.240: New node: IP: 194.54.80.29. Number of nodes 20
EtherApe-INFO: 04:04:35.314: delete node: IP: 192.168.1.1. Number of nodes 19
EtherApe-INFO: 04:04:35.314: delete node: IP: 95.216.195.133. Number of nodes 18
EtherApe-INFO: 04:04:35.314: delete node: IP: 35.186.227.140. Number of nodes 17
EtherApe-INFO: 04:04:35.314: delete node: IP: 8.8.8.8. Number of nodes 16
EtherApe-INFO: 04:05:06.288: delete node: IP: 54.191.222.112. Number of nodes 15
EtherApe-INFO: 04:06:04.120: New node: IP: 8.8.8.8. Number of nodes 16
EtherApe-INFO: 04:06:08.729: New node: IP: 54.148.173.246. Number of nodes 17
EtherApe-INFO: 04:06:08.729: New node: IP: 35.186.227.140. Number of nodes 18
EtherApe-INFO: 04:06:26.491: delete node: IP: 142.250.203.138. Number of nodes 17
EtherApe-INFO: 04:06:33.821: delete node: IP: 194.54.80.29. Number of nodes 16
EtherApe-INFO: 04:06:53.351: delete node: IP: 172.217.16.37. Number of nodes 15
EtherApe-INFO: 04:07:03.256: New node: IP: 172.217.16.5. Number of nodes 16
EtherApe-INFO: 04:07:33.976: New node: IP: 192.168.1.1. Number of nodes 17
EtherApe-INFO: 04:07:34.232: New node: IP: 95.216.195.133. Number of nodes 18
EtherApe-INFO: 04:08:06.233: New node: IP: 54.191.222.112. Number of nodes 19
EtherApe-INFO: 04:09:11.276: delete node: IP: 54.148.173.246. Number of nodes 18
EtherApe-INFO: 04:09:34.082: delete node: IP: 192.168.1.1. Number of nodes 17
EtherApe-INFO: 04:09:34.082: delete node: IP: 8.8.8.8. Number of nodes 16
EtherApe-INFO: 04:09:34.393: delete node: IP: 95.216.195.133. Number of nodes 15
EtherApe-INFO: 04:10:07.101: delete node: IP: 54.191.222.112. Number of nodes 14
EtherApe-INFO: 04:11:01.646: delete node: IP: 35.186.227.140. Number of nodes 13
EtherApe-INFO: 04:11:04.152: New node: IP: 8.8.8.8. Number of nodes 14
EtherApe-INFO: 04:11:54.847: delete node: IP: 172.217.16.5. Number of nodes 13
EtherApe-INFO: 04:12:04.313: New node: IP: 172.217.16.37. Number of nodes 14
EtherApe-INFO: 04:12:34.008: New node: IP: 192.168.1.1. Number of nodes 15
EtherApe-INFO: 04:12:34.008: New node: IP: 95.216.195.133. Number of nodes 16
EtherApe-INFO: 04:12:39.128: New node: IP: 216.58.208.202. Number of nodes 17
EtherApe-INFO: 04:13:06.264: New node: IP: 54.191.222.112. Number of nodes 18
EtherApe-INFO: 04:13:35.192: New node: IP: 149.154.167.216. Number of nodes 19
EtherApe-INFO: 04:14:34.627: delete node: IP: 192.168.1.1. Number of nodes 18
EtherApe-INFO: 04:14:34.627: delete node: IP: 95.216.195.133. Number of nodes 17
EtherApe-INFO: 04:14:39.264: delete node: IP: 216.58.208.202. Number of nodes 16
EtherApe-INFO: 04:15:07.185: delete node: IP: 54.191.222.112. Number of nodes 15
EtherApe-INFO: 04:15:37.067: delete node: IP: 8.8.8.8. Number of nodes 14
EtherApe-INFO: 04:15:51.388: delete node: IP: 149.154.167.216. Number of nodes 13
EtherApe-INFO: 04:15:51.898: New node: IP: 54.148.173.246. Number of nodes 14
EtherApe-INFO: 04:15:51.898: New node: IP: 35.186.227.140. Number of nodes 15
EtherApe-INFO: 04:16:01.369: New node: IP: 172.217.16.14. Number of nodes 16
EtherApe-INFO: 04:16:01.624: New node: IP: 8.8.8.8. Number of nodes 17
EtherApe-INFO: 04:16:12.888: New node: IP: 176.122.110.204. Number of nodes 18
EtherApe-INFO: 04:16:15.961: New node: IP: 142.250.186.202. Number of nodes 19
EtherApe-INFO: 04:17:34.040: New node: IP: 192.168.1.1. Number of nodes 20
EtherApe-INFO: 04:17:34.040: New node: IP: 95.216.195.133. Number of nodes 21
EtherApe-INFO: 04:18:06.040: New node: IP: 54.191.222.112. Number of nodes 22
EtherApe-INFO: 04:18:27.377: delete node: IP: 104.16.248.249. Number of nodes 21
EtherApe-INFO: 04:18:53.431: delete node: IP: 54.148.173.246. Number of nodes 20
EtherApe-INFO: 04:19:34.957: delete node: IP: 192.168.1.1. Number of nodes 19
EtherApe-INFO: 04:19:34.957: delete node: IP: 95.216.195.133. Number of nodes 18
EtherApe-INFO: 04:19:34.957: delete node: IP: 8.8.8.8. Number of nodes 17
EtherApe-INFO: 04:19:38.969: New node: IP: 216.58.209.22. Number of nodes 18
EtherApe-INFO: 04:19:39.224: New node: IP: 8.8.8.8. Number of nodes 19
EtherApe-INFO: 04:20:07.194: delete node: IP: 54.191.222.112. Number of nodes 18
EtherApe-INFO: 04:21:07.091: delete node: IP: 142.250.186.202. Number of nodes 17
EtherApe-INFO: 04:21:07.546: New node: IP: 176.122.113.77. Number of nodes 18
EtherApe-INFO: 04:21:07.550: New node: IP: 142.250.186.195. Number of nodes 19
EtherApe-INFO: 04:21:07.804: New node: IP: 1.1.1.1. Number of nodes 20
EtherApe-INFO: 04:21:07.805: New node: IP: 9.9.9.9. Number of nodes 21
EtherApe-INFO: 04:21:09.808: New node: IP: 216.58.215.86. Number of nodes 22
EtherApe-INFO: 04:21:22.755: delete node: IP: 35.186.227.140. Number of nodes 21
EtherApe-INFO: 04:21:37.689: New node: IP: 194.54.80.29. Number of nodes 22
EtherApe-INFO: 04:22:12.113: New node: IP: 140.82.112.25. Number of nodes 23
EtherApe-INFO: 04:22:33.977: New node: IP: 192.168.1.1. Number of nodes 24
EtherApe-INFO: 04:22:34.232: New node: IP: 95.216.195.133. Number of nodes 25
EtherApe-INFO: 04:22:44.217: delete node: IP: 176.122.110.204. Number of nodes 24
EtherApe-INFO: 04:23:06.833: New node: IP: 54.191.222.112. Number of nodes 25
EtherApe-INFO: 04:23:08.397: delete node: IP: 9.9.9.9. Number of nodes 24
EtherApe-INFO: 04:23:08.397: delete node: IP: 1.1.1.1. Number of nodes 23
EtherApe-INFO: 04:23:53.401: delete node: IP: 194.54.80.29. Number of nodes 22
EtherApe-INFO: 04:24:12.495: delete node: IP: 140.82.112.26. Number of nodes 21
EtherApe-INFO: 04:24:34.568: delete node: IP: 192.168.1.1. Number of nodes 20
EtherApe-INFO: 04:24:34.568: delete node: IP: 95.216.195.133. Number of nodes 19
EtherApe-INFO: 04:24:34.568: delete node: IP: 8.8.8.8. Number of nodes 18
EtherApe-INFO: 04:25:07.182: delete node: IP: 142.250.186.195. Number of nodes 17
EtherApe-INFO: 04:25:07.182: delete node: IP: 54.191.222.112. Number of nodes 16
EtherApe-INFO: 04:25:40.001: New node: IP: 172.217.16.5. Number of nodes 17
EtherApe-INFO: 04:25:52.800: New node: IP: 54.148.173.246. Number of nodes 18
EtherApe-INFO: 04:25:52.801: New node: IP: 35.186.227.140. Number of nodes 19
EtherApe-INFO: 04:26:02.230: delete node: IP: 216.58.215.86. Number of nodes 18
EtherApe-INFO: 04:26:02.230: delete node: IP: 216.58.209.22. Number of nodes 17
EtherApe-INFO: 04:26:03.984: New node: IP: 8.8.8.8. Number of nodes 18
EtherApe-INFO: 04:26:23.568: New node: IP: 1.1.1.1. Number of nodes 19
EtherApe-INFO: 04:26:23.788: New node: IP: 9.9.9.9. Number of nodes 20
EtherApe-INFO: 04:27:30.005: delete node: IP: 172.217.16.37. Number of nodes 19
EtherApe-INFO: 04:27:34.041: New node: IP: 192.168.1.1. Number of nodes 20
EtherApe-INFO: 04:27:34.041: New node: IP: 95.216.195.133. Number of nodes 21
EtherApe-INFO: 04:28:06.857: New node: IP: 54.191.222.112. Number of nodes 22
EtherApe-INFO: 04:28:25.692: delete node: IP: 9.9.9.9. Number of nodes 21
EtherApe-INFO: 04:28:25.692: delete node: IP: 1.1.1.1. Number of nodes 20
EtherApe-INFO: 04:28:41.288: New node: IP: 142.250.203.138. Number of nodes 21
EtherApe-INFO: 04:28:41.290: New node: IP: 142.250.186.197. Number of nodes 22
EtherApe-INFO: 04:28:54.955: delete node: IP: 54.148.173.246. Number of nodes 21
EtherApe-INFO: 04:29:34.567: delete node: IP: 192.168.1.1. Number of nodes 20
EtherApe-INFO: 04:29:34.567: delete node: IP: 95.216.195.133. Number of nodes 19
EtherApe-INFO: 04:30:07.106: delete node: IP: 54.191.222.112. Number of nodes 18
EtherApe-INFO: 04:30:31.126: delete node: IP: 172.217.16.5. Number of nodes 17
EtherApe-INFO: 04:30:41.296: delete node: IP: 142.250.203.138. Number of nodes 16
EtherApe-INFO: 04:30:42.540: delete node: IP: 8.8.8.8. Number of nodes 15
EtherApe-INFO: 04:30:45.848: delete node: IP: 35.186.227.140. Number of nodes 14
EtherApe-INFO: 04:31:04.112: New node: IP: 8.8.8.8. Number of nodes 15
EtherApe-INFO: 04:31:30.833: New node: IP: 1.1.1.1. Number of nodes 16
EtherApe-INFO: 04:31:30.833: New node: IP: 9.9.9.9. Number of nodes 17
EtherApe-INFO: 04:32:34.104: New node: IP: 192.168.1.1. Number of nodes 18
EtherApe-INFO: 04:32:34.104: New node: IP: 95.216.195.133. Number of nodes 19
EtherApe-INFO: 04:33:07.224: New node: IP: 54.191.222.112. Number of nodes 20
EtherApe-INFO: 04:33:32.442: delete node: IP: 142.250.186.197. Number of nodes 19
EtherApe-INFO: 04:33:32.442: delete node: IP: 9.9.9.9. Number of nodes 18
EtherApe-INFO: 04:33:32.442: delete node: IP: 1.1.1.1. Number of nodes 17
EtherApe-INFO: 04:33:42.129: New node: IP: 172.217.16.37. Number of nodes 18
EtherApe-INFO: 04:34:12.928: New node: IP: 54.148.173.246. Number of nodes 19
EtherApe-INFO: 04:34:12.928: New node: IP: 35.186.227.140. Number of nodes 20
EtherApe-INFO: 04:34:14.208: New node: IP: 216.58.208.202. Number of nodes 21
EtherApe-INFO: 04:34:14.210: New node: IP: 91.198.174.192. Number of nodes 22
EtherApe-INFO: 04:34:19.329: New node: IP: 91.198.174.208. Number of nodes 23
EtherApe-INFO: 04:34:34.202: delete node: IP: 192.168.1.1. Number of nodes 22
EtherApe-INFO: 04:34:34.721: delete node: IP: 95.216.195.133. Number of nodes 21
EtherApe-INFO: 04:35:08.226: delete node: IP: 54.191.222.112. Number of nodes 20
EtherApe-INFO: 04:36:14.363: delete node: IP: 216.58.208.202. Number of nodes 19
EtherApe-INFO: 04:36:47.773: New node: IP: 1.1.1.1. Number of nodes 20
EtherApe-INFO: 04:36:47.777: New node: IP: 9.9.9.9. Number of nodes 21
EtherApe-INFO: 04:37:14.467: delete node: IP: 54.148.173.246. Number of nodes 20
EtherApe-INFO: 04:37:33.960: New node: IP: 192.168.1.1. Number of nodes 21
EtherApe-INFO: 04:37:34.217: New node: IP: 95.216.195.133. Number of nodes 22
EtherApe-INFO: 04:37:49.832: New node: IP: 216.58.215.86. Number of nodes 23
EtherApe-INFO: 04:38:01.608: New node: IP: 54.148.173.246. Number of nodes 24
EtherApe-INFO: 04:38:01.608: New node: IP: 34.107.141.31. Number of nodes 25
EtherApe-INFO: 04:38:07.241: New node: IP: 54.191.222.112. Number of nodes 26
EtherApe-INFO: 04:38:07.241: New node: IP: 34.120.208.123. Number of nodes 27
EtherApe-INFO: 04:38:25.970: delete node: IP: 91.198.174.208. Number of nodes 26
EtherApe-INFO: 04:38:25.970: delete node: IP: 91.198.174.192. Number of nodes 25
EtherApe-INFO: 04:38:35.418: delete node: IP: 172.217.16.37. Number of nodes 24
EtherApe-INFO: 04:38:42.825: New node: IP: 216.58.215.69. Number of nodes 25
EtherApe-INFO: 04:38:49.758: delete node: IP: 9.9.9.9. Number of nodes 24
EtherApe-INFO: 04:38:49.758: delete node: IP: 1.1.1.1. Number of nodes 23
EtherApe-INFO: 04:39:35.092: delete node: IP: 192.168.1.1. Number of nodes 22
EtherApe-INFO: 04:39:35.092: delete node: IP: 95.216.195.133. Number of nodes 21
EtherApe-INFO: 04:39:56.335: delete node: IP: 176.122.113.77. Number of nodes 20
EtherApe-INFO: 04:40:08.351: delete node: IP: 54.191.222.112. Number of nodes 19
EtherApe-INFO: 04:40:08.351: delete node: IP: 34.120.208.123. Number of nodes 18
EtherApe-INFO: 04:40:08.351: delete node: IP: 8.8.8.8. Number of nodes 17
EtherApe-INFO: 04:40:11.658: New node: IP: 176.122.110.204. Number of nodes 18
EtherApe-INFO: 04:40:13.964: New node: IP: 142.250.203.214. Number of nodes 19
EtherApe-INFO: 04:40:14.218: New node: IP: 8.8.8.8. Number of nodes 20
EtherApe-INFO: 04:40:14.730: New node: IP: 216.58.215.97. Number of nodes 21
EtherApe-INFO: 04:40:19.853: New node: IP: 142.250.203.142. Number of nodes 22
EtherApe-INFO: 04:40:20.116: New node: IP: 172.217.16.35. Number of nodes 23
EtherApe-INFO: 04:40:21.129: New node: IP: 216.58.215.67. Number of nodes 24
EtherApe-INFO: 04:40:21.130: New node: IP: 142.250.186.195. Number of nodes 25
EtherApe-INFO: 04:40:41.096: New node: IP: 142.250.203.138. Number of nodes 26
EtherApe-INFO: 04:40:41.866: New node: IP: 142.250.186.206. Number of nodes 27
EtherApe-INFO: 04:40:41.871: New node: IP: 142.250.75.14. Number of nodes 28
EtherApe-INFO: 04:40:42.134: New node: IP: 176.122.113.12. Number of nodes 29
EtherApe-INFO: 04:40:42.378: New node: IP: 1.1.1.1. Number of nodes 30
EtherApe-INFO: 04:40:42.381: New node: IP: 9.9.9.9. Number of nodes 31
EtherApe-INFO: 04:40:42.655: New node: IP: 216.58.215.74. Number of nodes 32
EtherApe-INFO: 04:40:46.985: New node: IP: 176.122.113.77. Number of nodes 33
EtherApe-INFO: 04:41:03.905: delete node: IP: 54.148.173.246. Number of nodes 32
EtherApe-INFO: 04:42:33.960: New node: IP: 192.168.1.1. Number of nodes 33
EtherApe-INFO: 04:42:34.216: New node: IP: 95.216.195.133. Number of nodes 34
EtherApe-INFO: 04:42:42.442: delete node: IP: 172.217.16.14. Number of nodes 33
EtherApe-INFO: 04:42:50.881: delete node: IP: 142.250.75.14. Number of nodes 32
EtherApe-INFO: 04:42:53.486: delete node: IP: 34.107.141.31. Number of nodes 31
EtherApe-INFO: 04:42:57.238: delete node: IP: 35.186.227.140. Number of nodes 30
EtherApe-INFO: 04:42:59.320: delete node: IP: 142.250.203.142. Number of nodes 29
EtherApe-INFO: 04:43:07.472: New node: IP: 54.191.222.112. Number of nodes 30
EtherApe-INFO: 04:43:35.240: delete node: IP: 216.58.215.69. Number of nodes 29
EtherApe-INFO: 04:43:43.914: New node: IP: 216.58.215.69. Number of nodes 30
EtherApe-INFO: 04:43:58.326: delete node: IP: 9.9.9.9. Number of nodes 29
EtherApe-INFO: 04:43:58.326: delete node: IP: 1.1.1.1. Number of nodes 28
EtherApe-INFO: 04:44:13.608: New node: IP: 35.186.227.140. Number of nodes 29
EtherApe-INFO: 04:44:13.609: New node: IP: 54.148.173.246. Number of nodes 30
EtherApe-INFO: 04:44:35.174: delete node: IP: 192.168.1.1. Number of nodes 29
EtherApe-INFO: 04:44:35.174: delete node: IP: 95.216.195.133. Number of nodes 28
EtherApe-INFO: 04:44:35.174: delete node: IP: 8.8.8.8. Number of nodes 27
EtherApe-INFO: 04:44:38.185: delete node: IP: 176.122.113.12. Number of nodes 26
EtherApe-INFO: 04:44:38.185: delete node: IP: 142.250.186.195. Number of nodes 25
EtherApe-INFO: 04:44:41.299: delete node: IP: 176.122.110.204. Number of nodes 24
EtherApe-INFO: 04:45:11.017: delete node: IP: 172.217.16.35. Number of nodes 23
EtherApe-INFO: 04:45:11.017: delete node: IP: 54.191.222.112. Number of nodes 22
EtherApe-INFO: 04:45:12.261: delete node: IP: 216.58.215.67. Number of nodes 21
EtherApe-INFO: 04:45:35.342: delete node: IP: 216.58.215.74. Number of nodes 20
EtherApe-INFO: 04:45:40.933: delete node: IP: 176.122.113.77. Number of nodes 19
EtherApe-INFO: 04:45:50.450: delete node: IP: 216.58.215.86. Number of nodes 18
EtherApe-INFO: 04:45:50.450: delete node: IP: 142.250.203.214. Number of nodes 17
EtherApe-INFO: 04:45:51.481: delete node: IP: 216.58.215.97. Number of nodes 16
EtherApe-INFO: 04:46:04.200: New node: IP: 8.8.8.8. Number of nodes 17
EtherApe-INFO: 04:46:17.258: New node: IP: 172.217.16.22. Number of nodes 18
EtherApe-INFO: 04:46:22.635: New node: IP: 176.122.113.78. Number of nodes 19
EtherApe-INFO: 04:46:22.888: New node: IP: 1.1.1.1. Number of nodes 20
EtherApe-INFO: 04:46:22.892: New node: IP: 9.9.9.9. Number of nodes 21
EtherApe-INFO: 04:46:28.778: New node: IP: 176.122.110.205. Number of nodes 22
EtherApe-INFO: 04:46:28.784: New node: IP: 142.250.75.1. Number of nodes 23
EtherApe-INFO: 04:46:28.804: New node: IP: 142.250.75.22. Number of nodes 24
EtherApe-INFO: 04:47:34.088: New node: IP: 192.168.1.1. Number of nodes 25
EtherApe-INFO: 04:47:34.088: New node: IP: 95.216.195.133. Number of nodes 26
EtherApe-INFO: 04:48:06.272: New node: IP: 54.191.222.112. Number of nodes 27
EtherApe-INFO: 04:48:15.217: New node: IP: 216.58.208.202. Number of nodes 28
EtherApe-INFO: 04:48:21.616: New node: IP: 13.32.121.12. Number of nodes 29
EtherApe-INFO: 04:48:24.199: delete node: IP: 9.9.9.9. Number of nodes 28
EtherApe-INFO: 04:48:24.200: delete node: IP: 1.1.1.1. Number of nodes 27
EtherApe-INFO: 04:48:26.224: New node: IP: 172.217.16.37. Number of nodes 28
EtherApe-INFO: 04:48:35.426: delete node: IP: 216.58.215.69. Number of nodes 27
EtherApe-INFO: 04:49:00.680: New node: IP: 34.120.208.123. Number of nodes 28
EtherApe-INFO: 04:49:08.414: delete node: IP: 142.250.203.138. Number of nodes 27
EtherApe-INFO: 04:49:23.330: delete node: IP: 54.148.173.246. Number of nodes 26
EtherApe-INFO: 04:49:35.364: delete node: IP: 192.168.1.1. Number of nodes 25
EtherApe-INFO: 04:49:35.364: delete node: IP: 95.216.195.133. Number of nodes 24
EtherApe-INFO: 04:50:08.459: delete node: IP: 54.191.222.112. Number of nodes 23
EtherApe-INFO: 04:50:15.416: delete node: IP: 216.58.215.106. Number of nodes 22
EtherApe-INFO: 04:50:17.177: delete node: IP: 13.32.121.101. Number of nodes 21
EtherApe-INFO: 04:50:19.765: delete node: IP: 176.122.113.78. Number of nodes 20
EtherApe-INFO: 04:50:23.388: delete node: IP: 8.8.8.8. Number of nodes 19
EtherApe-INFO: 04:51:04.056: New node: IP: 8.8.8.8. Number of nodes 20
EtherApe-INFO: 04:51:11.867: delete node: IP: 35.186.227.140. Number of nodes 19
EtherApe-INFO: 04:51:20.348: delete node: IP: 142.250.75.22. Number of nodes 18
EtherApe-INFO: 04:51:20.348: delete node: IP: 142.250.75.1. Number of nodes 17
EtherApe-INFO: 04:51:21.381: delete node: IP: 172.217.16.22. Number of nodes 16
EtherApe-INFO: 04:52:34.136: New node: IP: 192.168.1.1. Number of nodes 17
EtherApe-INFO: 04:52:34.136: New node: IP: 95.216.195.133. Number of nodes 18
EtherApe-INFO: 04:53:07.969: New node: IP: 54.191.222.112. Number of nodes 19
EtherApe-INFO: 04:53:36.620: delete node: IP: 172.217.16.37. Number of nodes 18
EtherApe-INFO: 04:53:45.832: New node: IP: 172.217.16.37. Number of nodes 19
EtherApe-INFO: 04:53:52.508: delete node: IP: 34.120.208.123. Number of nodes 18
EtherApe-INFO: 04:54:34.578: delete node: IP: 192.168.1.1. Number of nodes 17
EtherApe-INFO: 04:54:34.578: delete node: IP: 95.216.195.133. Number of nodes 16
EtherApe-INFO: 04:54:34.578: delete node: IP: 8.8.8.8. Number of nodes 15
EtherApe-INFO: 04:55:08.493: delete node: IP: 54.191.222.112. Number of nodes 14
EtherApe-INFO: 04:55:12.602: New node: IP: 140.82.112.26. Number of nodes 15
EtherApe-INFO: 04:56:01.144: New node: IP: 194.54.80.29. Number of nodes 16
EtherApe-INFO: 04:56:04.217: New node: IP: 8.8.8.8. Number of nodes 17
EtherApe-INFO: 04:56:20.768: New node: IP: 35.186.227.140. Number of nodes 18
EtherApe-INFO: 04:56:20.768: New node: IP: 54.148.173.246. Number of nodes 19
EtherApe-INFO: 04:57:13.046: delete node: IP: 140.82.112.25. Number of nodes 18
EtherApe-INFO: 04:57:34.064: New node: IP: 192.168.1.1. Number of nodes 19
EtherApe-INFO: 04:57:34.064: New node: IP: 95.216.195.133. Number of nodes 20
EtherApe-INFO: 04:58:02.213: delete node: IP: 194.54.80.29. Number of nodes 19
EtherApe-INFO: 04:58:07.969: New node: IP: 54.191.222.112. Number of nodes 20
EtherApe-INFO: 04:58:37.116: delete node: IP: 172.217.16.37. Number of nodes 19
EtherApe-INFO: 04:58:46.824: New node: IP: 216.58.215.69. Number of nodes 20
EtherApe-INFO: 04:59:22.199: delete node: IP: 54.148.173.246. Number of nodes 19
EtherApe-INFO: 04:59:35.279: delete node: IP: 192.168.1.1. Number of nodes 18
EtherApe-INFO: 04:59:35.279: delete node: IP: 95.216.195.133. Number of nodes 17
EtherApe-INFO: 04:59:35.279: delete node: IP: 8.8.8.8. Number of nodes 16
EtherApe-INFO: 05:00:08.323: delete node: IP: 54.191.222.112. Number of nodes 15
EtherApe-INFO: 05:01:04.185: New node: IP: 8.8.8.8. Number of nodes 16
EtherApe-INFO: 05:01:11.903: delete node: IP: 35.186.227.140. Number of nodes 15
EtherApe-INFO: 05:02:32.288: delete node: IP: 176.122.110.205. Number of nodes 14
EtherApe-INFO: 05:02:34.040: New node: IP: 192.168.1.1. Number of nodes 15
EtherApe-INFO: 05:02:34.040: New node: IP: 95.216.195.133. Number of nodes 16
EtherApe-INFO: 05:02:51.192: New node: IP: 54.148.173.246. Number of nodes 17
EtherApe-INFO: 05:02:51.192: New node: IP: 35.186.227.140. Number of nodes 18
EtherApe-INFO: 05:02:51.705: New node: IP: 142.250.203.214. Number of nodes 19
EtherApe-INFO: 05:02:54.777: New node: IP: 142.250.203.138. Number of nodes 20
EtherApe-INFO: 05:03:08.345: New node: IP: 54.191.222.112. Number of nodes 21
EtherApe-INFO: 05:03:08.346: New node: IP: 34.102.187.140. Number of nodes 22
EtherApe-INFO: 05:03:08.601: New node: IP: 34.160.144.191. Number of nodes 23
EtherApe-INFO: 05:03:16.548: New node: IP: 176.122.113.14. Number of nodes 24
EtherApe-INFO: 05:03:16.550: New node: IP: 216.58.215.86. Number of nodes 25
EtherApe-INFO: 05:03:16.795: New node: IP: 1.1.1.1. Number of nodes 26
EtherApe-INFO: 05:03:17.123: New node: IP: 216.58.215.97. Number of nodes 27
EtherApe-INFO: 05:03:17.362: New node: IP: 9.9.9.9. Number of nodes 28
EtherApe-INFO: 05:03:38.459: delete node: IP: 216.58.215.69. Number of nodes 27
EtherApe-INFO: 05:03:47.137: New node: IP: 172.217.16.5. Number of nodes 28
EtherApe-INFO: 05:04:35.295: delete node: IP: 192.168.1.1. Number of nodes 27
EtherApe-INFO: 05:04:35.295: delete node: IP: 95.216.195.133. Number of nodes 26
EtherApe-INFO: 05:05:09.094: delete node: IP: 54.191.222.112. Number of nodes 25
EtherApe-INFO: 05:05:17.289: delete node: IP: 142.250.203.138. Number of nodes 24
EtherApe-INFO: 05:05:18.327: delete node: IP: 9.9.9.9. Number of nodes 23
EtherApe-INFO: 05:05:18.327: delete node: IP: 8.8.8.8. Number of nodes 22
EtherApe-INFO: 05:05:18.327: delete node: IP: 1.1.1.1. Number of nodes 21
EtherApe-INFO: 05:05:53.460: delete node: IP: 54.148.173.246. Number of nodes 20
EtherApe-INFO: 05:06:04.120: New node: IP: 8.8.8.8. Number of nodes 21
EtherApe-INFO: 05:07:13.001: delete node: IP: 176.122.113.14. Number of nodes 20
EtherApe-INFO: 05:07:33.976: New node: IP: 192.168.1.1. Number of nodes 21
EtherApe-INFO: 05:07:34.232: New node: IP: 95.216.195.133. Number of nodes 22
EtherApe-INFO: 05:07:42.496: delete node: IP: 35.186.227.140. Number of nodes 21
EtherApe-INFO: 05:07:59.605: delete node: IP: 34.160.144.191. Number of nodes 20
EtherApe-INFO: 05:07:59.605: delete node: IP: 34.102.187.140. Number of nodes 19
EtherApe-INFO: 05:08:07.539: delete node: IP: 216.58.215.86. Number of nodes 18
EtherApe-INFO: 05:08:08.280: New node: IP: 54.191.222.112. Number of nodes 19
EtherApe-INFO: 05:08:08.364: delete node: IP: 216.58.215.97. Number of nodes 18
EtherApe-INFO: 05:08:08.364: delete node: IP: 142.250.203.214. Number of nodes 17
EtherApe-INFO: 05:08:35.505: delete node: IP: 142.250.186.206. Number of nodes 16
EtherApe-INFO: 05:08:38.286: delete node: IP: 172.217.16.5. Number of nodes 15
EtherApe-INFO: 05:08:47.704: New node: IP: 172.217.16.37. Number of nodes 16
EtherApe-INFO: 05:09:35.157: delete node: IP: 192.168.1.1. Number of nodes 15
EtherApe-INFO: 05:09:35.157: delete node: IP: 95.216.195.133. Number of nodes 14
EtherApe-INFO: 05:09:35.157: delete node: IP: 8.8.8.8. Number of nodes 13
EtherApe-INFO: 05:10:08.928: delete node: IP: 54.191.222.112. Number of nodes 12
EtherApe-INFO: 05:11:04.152: New node: IP: 8.8.8.8. Number of nodes 13
EtherApe-INFO: 05:12:16.856: New node: IP: 216.58.215.74. Number of nodes 14
EtherApe-INFO: 05:12:34.008: New node: IP: 192.168.1.1. Number of nodes 15
EtherApe-INFO: 05:12:34.008: New node: IP: 95.216.195.133. Number of nodes 16
EtherApe-INFO: 05:12:49.624: New node: IP: 142.250.203.138. Number of nodes 17
EtherApe-INFO: 05:12:51.928: New node: IP: 54.148.173.246. Number of nodes 18
EtherApe-INFO: 05:12:51.929: New node: IP: 35.186.227.140. Number of nodes 19
EtherApe-INFO: 05:13:08.568: New node: IP: 54.191.222.112. Number of nodes 20
EtherApe-INFO: 05:13:39.121: delete node: IP: 172.217.16.37. Number of nodes 19
EtherApe-INFO: 05:13:48.760: New node: IP: 172.217.16.5. Number of nodes 20
EtherApe-INFO: 05:14:15.898: New node: IP: 142.250.203.142. Number of nodes 21
EtherApe-INFO: 05:14:16.152: New node: IP: 176.122.113.14. Number of nodes 22
EtherApe-INFO: 05:14:16.426: New node: IP: 1.1.1.1. Number of nodes 23
EtherApe-INFO: 05:14:16.430: New node: IP: 9.9.9.9. Number of nodes 24
EtherApe-INFO: 05:14:35.149: delete node: IP: 192.168.1.1. Number of nodes 23
EtherApe-INFO: 05:14:35.149: delete node: IP: 95.216.195.133. Number of nodes 22
EtherApe-INFO: 05:14:50.502: delete node: IP: 142.250.203.138. Number of nodes 21
EtherApe-INFO: 05:15:09.420: delete node: IP: 54.191.222.112. Number of nodes 20
EtherApe-INFO: 05:15:35.472: New node: IP: 142.250.203.138. Number of nodes 21
EtherApe-INFO: 05:15:37.777: New node: IP: 142.250.203.214. Number of nodes 22
EtherApe-INFO: 05:15:37.777: New node: IP: 216.58.215.97. Number of nodes 23
EtherApe-INFO: 05:15:41.361: New node: IP: 176.122.113.78. Number of nodes 24
EtherApe-INFO: 05:15:43.923: New node: IP: 176.122.110.205. Number of nodes 25
EtherApe-INFO: 05:15:43.925: New node: IP: 216.58.215.86. Number of nodes 26
EtherApe-INFO: 05:15:44.180: New node: IP: 173.194.189.88. Number of nodes 27
EtherApe-INFO: 05:15:44.182: New node: IP: 142.250.186.195. Number of nodes 28
EtherApe-INFO: 05:15:44.183: New node: IP: 216.58.215.106. Number of nodes 29
EtherApe-INFO: 05:15:46.481: New node: IP: 176.122.110.204. Number of nodes 30
EtherApe-INFO: 05:15:56.984: New node: IP: 142.250.186.206. Number of nodes 31
