(etherape:2501): GLib-GIO-DEBUG: 00:59:34.771: _g_io_module_get_default: Found default implementation local (GLocalVfs) for ‘gio-vfs’
(etherape:2501): GLib-GIO-DEBUG: 00:59:34.845: Using cross-namespace EXTERNAL authentication (this will deadlock if server is GDBus < 2.73.3)
EtherApe-INFO: 00:59:34.903: sctp protocol not supported
EtherApe-INFO: 00:59:34.903: dccp protocol not supported
EtherApe-INFO: 00:59:34.903: sctp protocol not supported
EtherApe-INFO: 00:59:34.903: sctp protocol not supported
EtherApe-INFO: 00:59:34.903: sctp protocol not supported
EtherApe-INFO: 00:59:34.903: sctp protocol not supported
EtherApe-INFO: 00:59:34.903: sctp protocol not supported
EtherApe-INFO: 00:59:34.903: sctp protocol not supported
EtherApe-INFO: 00:59:34.904: sctp protocol not supported
EtherApe-INFO: 00:59:34.904: dccp protocol not supported
EtherApe-INFO: 00:59:34.904: sctp protocol not supported
EtherApe-INFO: 00:59:34.904: dccp protocol not supported
EtherApe-INFO: 00:59:34.904: dccp protocol not supported
EtherApe-INFO: 00:59:34.904: sctp protocol not supported
EtherApe-INFO: 00:59:34.904: sctp protocol not supported
EtherApe-INFO: 00:59:34.905: sctp protocol not supported
EtherApe-INFO: 00:59:34.905: sctp protocol not supported
EtherApe-INFO: 00:59:34.905: sctp protocol not supported
EtherApe-INFO: 00:59:34.906: sctp protocol not supported
EtherApe-INFO: 00:59:34.906: sctp protocol not supported
EtherApe-INFO: 00:59:34.906: sctp protocol not supported
EtherApe-INFO: 00:59:34.906: sctp protocol not supported
EtherApe-INFO: 00:59:34.906: sctp protocol not supported
EtherApe-INFO: 00:59:34.906: sctp protocol not supported
EtherApe-INFO: 00:59:34.907: sctp protocol not supported
EtherApe-INFO: 00:59:34.907: sctp protocol not supported
EtherApe-INFO: 00:59:34.907: sctp protocol not supported
EtherApe-INFO: 00:59:34.907: sctp protocol not supported
EtherApe-INFO: 00:59:34.907: dccp protocol not supported
EtherApe-INFO: 00:59:34.907: sctp protocol not supported
EtherApe-INFO: 00:59:34.907: sctp protocol not supported
EtherApe-INFO: 00:59:34.907: dccp protocol not supported
EtherApe-INFO: 00:59:34.907: sctp protocol not supported
EtherApe-INFO: 00:59:34.907: sctp protocol not supported
EtherApe-INFO: 00:59:34.907: sctp protocol not supported
EtherApe-INFO: 00:59:34.907: dccp protocol not supported
EtherApe-INFO: 00:59:34.907: dccp protocol not supported
EtherApe-INFO: 00:59:34.907: sctp protocol not supported
EtherApe-INFO: 00:59:34.907: sctp protocol not supported
EtherApe-INFO: 00:59:34.907: sctp protocol not supported
EtherApe-INFO: 00:59:34.907: sctp protocol not supported
EtherApe-INFO: 00:59:34.908: sctp protocol not supported
EtherApe-INFO: 00:59:34.908: sctp protocol not supported
EtherApe-INFO: 00:59:34.908: sctp protocol not supported
EtherApe-INFO: 00:59:34.908: sctp protocol not supported
EtherApe-INFO: 00:59:34.908: sctp protocol not supported
EtherApe-INFO: 00:59:34.908: sctp protocol not supported
EtherApe-INFO: 00:59:34.908: sctp protocol not supported
EtherApe-INFO: 00:59:34.908: sctp protocol not supported
EtherApe-INFO: 00:59:34.908: sctp protocol not supported
EtherApe-INFO: 00:59:34.908: sctp protocol not supported
EtherApe-INFO: 00:59:34.908: sctp protocol not supported
EtherApe-INFO: 00:59:34.908: sctp protocol not supported
EtherApe-INFO: 00:59:34.908: sctp protocol not supported
EtherApe-INFO: 00:59:34.908: sctp protocol not supported
EtherApe-INFO: 00:59:34.908: sctp protocol not supported
EtherApe-INFO: 00:59:34.908: sctp protocol not supported
EtherApe-INFO: 00:59:34.908: dccp protocol not supported
EtherApe-INFO: 00:59:34.908: sctp protocol not supported
EtherApe-INFO: 00:59:34.908: sctp protocol not supported
EtherApe-INFO: 00:59:34.908: sctp protocol not supported
EtherApe-INFO: 00:59:34.908: sctp protocol not supported
EtherApe-INFO: 00:59:34.908: sctp protocol not supported
EtherApe-INFO: 00:59:34.908: sctp protocol not supported
EtherApe-INFO: 00:59:34.908: sctp protocol not supported
EtherApe-INFO: 00:59:34.909: sctp protocol not supported
EtherApe-INFO: 00:59:34.909: sctp protocol not supported
EtherApe-INFO: 00:59:34.909: sctp protocol not supported
EtherApe-INFO: 00:59:34.909: sctp protocol not supported
EtherApe-INFO: 00:59:34.909: sctp protocol not supported
EtherApe-INFO: 00:59:34.909: sctp protocol not supported
EtherApe-INFO: 00:59:34.909: sctp protocol not supported
EtherApe-INFO: 00:59:34.909: sctp protocol not supported
EtherApe-INFO: 00:59:34.909: sctp protocol not supported
EtherApe-INFO: 00:59:34.909: sctp protocol not supported
EtherApe-INFO: 00:59:34.909: sctp protocol not supported
EtherApe-INFO: 00:59:34.909: sctp protocol not supported
EtherApe-INFO: 00:59:34.909: sctp protocol not supported
EtherApe-INFO: 00:59:34.909: sctp protocol not supported
EtherApe-INFO: 00:59:34.909: sctp protocol not supported
EtherApe-INFO: 00:59:34.909: sctp protocol not supported
EtherApe-INFO: 00:59:34.909: sctp protocol not supported
EtherApe-INFO: 00:59:34.909: sctp protocol not supported
EtherApe-INFO: 00:59:34.909: sctp protocol not supported
EtherApe-INFO: 00:59:34.909: sctp protocol not supported
EtherApe-INFO: 00:59:34.909: sctp protocol not supported
EtherApe-INFO: 00:59:34.909: sctp protocol not supported
EtherApe-INFO: 00:59:34.910: sctp protocol not supported
EtherApe-INFO: 00:59:34.910: sctp protocol not supported
EtherApe-INFO: 00:59:34.910: sctp protocol not supported
EtherApe-INFO: 00:59:34.910: sctp protocol not supported
EtherApe-INFO: 00:59:34.910: sctp protocol not supported
EtherApe-INFO: 00:59:34.910: sctp protocol not supported
EtherApe-INFO: 00:59:34.910: sctp protocol not supported
EtherApe-INFO: 00:59:34.918: get_interface result: ''
EtherApe-INFO: 00:59:34.918: Available interfaces for capture: dbus-session dbus-system nfqueue nflog bluetooth-monitor bluetooth0 lo any wlp2s0
EtherApe-INFO: 00:59:34.919: Link type is LINUX_SLL
EtherApe-INFO: 00:59:34.919: Diagram started
EtherApe-INFO: 00:59:35.937: New node: IP: 192.168.1.249. Number of nodes 1
EtherApe-INFO: 00:59:35.937: New node: IP: 104.17.49.74. Number of nodes 2
EtherApe-INFO: 00:59:35.937: New node: IP: 34.160.144.191. Number of nodes 3
EtherApe-INFO: 00:59:35.937: New node: IP: 104.18.12.33. Number of nodes 4
EtherApe-INFO: 00:59:35.937: New node: IP: 34.120.208.123. Number of nodes 5
EtherApe-INFO: 00:59:35.937: New node: IP: 34.107.141.31. Number of nodes 6
EtherApe-INFO: 00:59:35.937: New node: IP: 142.250.203.206. Number of nodes 7
EtherApe-INFO: 00:59:37.473: New node: IP: 34.107.221.82. Number of nodes 8
EtherApe-INFO: 00:59:37.473: New node: IP: 52.41.154.247. Number of nodes 9
EtherApe-INFO: 00:59:37.473: New node: IP: 35.81.185.20. Number of nodes 10
EtherApe-INFO: 00:59:37.729: New node: IP: 72.21.91.29. Number of nodes 11
EtherApe-INFO: 00:59:37.986: New node: IP: 142.250.203.131. Number of nodes 12
EtherApe-INFO: 00:59:37.986: New node: IP: 87.245.216.107. Number of nodes 13
EtherApe-INFO: 00:59:38.241: New node: IP: 9.9.9.9. Number of nodes 14
EtherApe-INFO: 00:59:38.753: New node: IP: 93.184.220.29. Number of nodes 15
EtherApe-INFO: 00:59:39.010: New node: IP: 104.16.249.249. Number of nodes 16
EtherApe-INFO: 00:59:39.777: New node: IP: 185.202.220.150. Number of nodes 17
EtherApe-INFO: 00:59:39.777: New node: IP: 35.186.227.140. Number of nodes 18
EtherApe-INFO: 00:59:40.289: New node: IP: 149.154.167.41. Number of nodes 19
EtherApe-INFO: 00:59:40.545: New node: IP: 8.8.8.8. Number of nodes 20
EtherApe-INFO: 00:59:40.545: New node: IP: 151.101.66.133. Number of nodes 21
EtherApe-INFO: 00:59:40.801: New node: IP: 1.1.1.1. Number of nodes 22
EtherApe-INFO: 00:59:42.593: New node: IP: 204.79.197.203. Number of nodes 23
EtherApe-INFO: 01:00:08.193: New node: IP: 91.236.251.13. Number of nodes 24
EtherApe-INFO: 01:00:18.433: New node: IP: 192.30.255.117. Number of nodes 25
EtherApe-INFO: 01:00:41.217: New node: IP: 35.82.246.186. Number of nodes 26
EtherApe-INFO: 01:00:41.474: New node: IP: 104.16.248.249. Number of nodes 27
EtherApe-INFO: 01:01:37.895: delete node: IP: 52.41.154.247. Number of nodes 26
EtherApe-INFO: 01:01:37.895: delete node: IP: 35.81.185.20. Number of nodes 25
EtherApe-INFO: 01:01:46.331: delete node: IP: 8.8.8.8. Number of nodes 24
EtherApe-INFO: 01:01:46.331: delete node: IP: 1.1.1.1. Number of nodes 23
EtherApe-INFO: 01:01:58.800: delete node: IP: 204.79.197.203. Number of nodes 22
EtherApe-INFO: 01:02:09.325: delete node: IP: 91.236.251.13. Number of nodes 21
EtherApe-INFO: 01:02:16.449: New node: IP: 91.236.251.13. Number of nodes 22
EtherApe-INFO: 01:02:19.861: delete node: IP: 192.30.255.117. Number of nodes 21
EtherApe-INFO: 01:02:37.763: delete node: IP: 151.101.66.133. Number of nodes 20
EtherApe-INFO: 01:02:37.763: delete node: IP: 142.250.203.131. Number of nodes 19
EtherApe-INFO: 01:02:37.763: delete node: IP: 93.184.220.29. Number of nodes 18
EtherApe-INFO: 01:02:37.763: delete node: IP: 87.245.216.107. Number of nodes 17
EtherApe-INFO: 01:02:37.763: delete node: IP: 72.21.91.29. Number of nodes 16
EtherApe-INFO: 01:02:37.763: delete node: IP: 34.107.221.82. Number of nodes 15
EtherApe-INFO: 01:02:41.031: New node: IP: 34.107.221.82. Number of nodes 16
EtherApe-INFO: 01:02:41.354: delete node: IP: 142.250.203.206. Number of nodes 15
EtherApe-INFO: 01:02:41.354: delete node: IP: 104.18.12.33. Number of nodes 14
EtherApe-INFO: 01:02:41.354: delete node: IP: 104.17.49.74. Number of nodes 13
EtherApe-INFO: 01:02:41.354: delete node: IP: 104.16.249.249. Number of nodes 12
EtherApe-INFO: 01:02:41.354: delete node: IP: 35.186.227.140. Number of nodes 11
EtherApe-INFO: 01:02:41.354: delete node: IP: 34.160.144.191. Number of nodes 10
EtherApe-INFO: 01:02:41.354: delete node: IP: 34.107.141.31. Number of nodes 9
EtherApe-INFO: 01:02:42.385: delete node: IP: 35.82.246.186. Number of nodes 8
EtherApe-INFO: 01:02:42.825: New node: IP: 35.84.65.122. Number of nodes 9
EtherApe-INFO: 01:02:42.825: New node: IP: 34.107.141.31. Number of nodes 10
EtherApe-INFO: 01:02:42.828: New node: IP: 35.81.185.20. Number of nodes 11
EtherApe-INFO: 01:02:42.828: New node: IP: 104.17.49.74. Number of nodes 12
EtherApe-INFO: 01:02:42.828: New node: IP: 172.64.134.11. Number of nodes 13
EtherApe-INFO: 01:02:42.830: New node: IP: 93.184.220.29. Number of nodes 14
EtherApe-INFO: 01:02:42.830: New node: IP: 104.17.50.74. Number of nodes 15
EtherApe-INFO: 01:02:42.831: New node: IP: 104.18.12.33. Number of nodes 16
EtherApe-INFO: 01:02:42.831: New node: IP: 52.26.236.137. Number of nodes 17
EtherApe-INFO: 01:02:42.831: New node: IP: 172.64.135.11. Number of nodes 18
EtherApe-INFO: 01:02:42.832: New node: IP: 54.187.155.63. Number of nodes 19
EtherApe-INFO: 01:02:42.835: New node: IP: 87.245.216.107. Number of nodes 20
EtherApe-INFO: 01:02:43.334: New node: IP: 52.29.123.56. Number of nodes 21
EtherApe-INFO: 01:02:43.335: New node: IP: 52.41.154.247. Number of nodes 22
EtherApe-INFO: 01:02:43.335: New node: IP: 44.228.1.109. Number of nodes 23
EtherApe-INFO: 01:02:43.348: New node: IP: 104.18.13.33. Number of nodes 24
EtherApe-INFO: 01:02:43.588: New node: IP: 35.186.227.140. Number of nodes 25
EtherApe-INFO: 01:02:44.126: New node: IP: 104.18.21.226. Number of nodes 26
EtherApe-INFO: 01:02:44.362: New node: IP: 34.120.158.37. Number of nodes 27
EtherApe-INFO: 01:02:45.122: New node: IP: 142.250.203.131. Number of nodes 28
EtherApe-INFO: 01:03:00.993: New node: IP: 8.8.8.8. Number of nodes 29
EtherApe-INFO: 01:03:12.769: New node: IP: 149.154.167.216. Number of nodes 30
EtherApe-INFO: 01:03:15.329: New node: IP: 192.168.1.1. Number of nodes 31
EtherApe-INFO: 01:03:18.913: New node: IP: 116.203.91.91. Number of nodes 32
EtherApe-INFO: 01:03:44.002: New node: IP: 1.1.1.1. Number of nodes 33
EtherApe-INFO: 01:03:44.003: New node: IP: 44.240.203.6. Number of nodes 34
EtherApe-INFO: 01:04:16.514: delete node: IP: 91.236.251.13. Number of nodes 33
EtherApe-INFO: 01:04:43.961: delete node: IP: 104.18.13.33. Number of nodes 32
EtherApe-INFO: 01:04:47.068: delete node: IP: 54.187.155.63. Number of nodes 31
EtherApe-INFO: 01:04:47.068: delete node: IP: 52.26.236.137. Number of nodes 30
EtherApe-INFO: 01:04:47.068: delete node: IP: 34.120.158.37. Number of nodes 29
EtherApe-INFO: 01:04:53.908: delete node: IP: 35.84.65.122. Number of nodes 28
EtherApe-INFO: 01:05:17.464: delete node: IP: 192.168.1.1. Number of nodes 27
EtherApe-INFO: 01:05:27.688: delete node: IP: 116.203.91.91. Number of nodes 26
EtherApe-INFO: 01:05:32.647: delete node: IP: 149.154.167.216. Number of nodes 25
EtherApe-INFO: 01:05:47.921: delete node: IP: 52.41.154.247. Number of nodes 24
EtherApe-INFO: 01:05:47.921: delete node: IP: 44.240.203.6. Number of nodes 23
EtherApe-INFO: 01:05:47.921: delete node: IP: 35.81.185.20. Number of nodes 22
EtherApe-INFO: 01:05:51.814: delete node: IP: 52.29.123.56. Number of nodes 21
EtherApe-INFO: 01:05:58.913: New node: IP: 149.154.167.216. Number of nodes 22
EtherApe-INFO: 01:06:26.819: New node: IP: 72.21.91.29. Number of nodes 23
EtherApe-INFO: 01:06:26.820: New node: IP: 142.250.203.206. Number of nodes 24
EtherApe-INFO: 01:06:26.830: New node: IP: 34.160.144.191. Number of nodes 25
EtherApe-INFO: 01:06:26.830: New node: IP: 216.58.208.202. Number of nodes 26
EtherApe-INFO: 01:06:26.841: New node: IP: 35.241.9.150. Number of nodes 27
EtherApe-INFO: 01:06:27.077: New node: IP: 35.165.217.23. Number of nodes 28
EtherApe-INFO: 01:06:27.077: New node: IP: 44.240.2.129. Number of nodes 29
EtherApe-INFO: 01:06:27.077: New node: IP: 108.138.17.68. Number of nodes 30
EtherApe-INFO: 01:06:27.081: New node: IP: 34.212.115.25. Number of nodes 31
EtherApe-INFO: 01:06:27.084: New node: IP: 172.64.107.28. Number of nodes 32
EtherApe-INFO: 01:06:27.336: New node: IP: 172.64.106.28. Number of nodes 33
EtherApe-INFO: 01:06:27.344: New node: IP: 87.245.216.9. Number of nodes 34
EtherApe-INFO: 01:06:27.592: New node: IP: 13.32.103.36. Number of nodes 35
EtherApe-INFO: 01:06:27.595: New node: IP: 99.83.184.129. Number of nodes 36
EtherApe-INFO: 01:06:27.615: New node: IP: 104.16.99.56. Number of nodes 37
EtherApe-INFO: 01:06:27.622: New node: IP: 54.192.87.164. Number of nodes 38
EtherApe-INFO: 01:06:28.614: New node: IP: 34.111.73.144. Number of nodes 39
EtherApe-INFO: 01:06:29.895: New node: IP: 143.204.89.6. Number of nodes 40
EtherApe-INFO: 01:06:29.921: New node: IP: 13.32.99.127. Number of nodes 41
EtherApe-INFO: 01:06:30.442: New node: IP: 18.66.130.57. Number of nodes 42
EtherApe-INFO: 01:06:30.574: delete node: IP: 172.64.135.11. Number of nodes 41
EtherApe-INFO: 01:06:30.574: delete node: IP: 172.64.134.11. Number of nodes 40
EtherApe-INFO: 01:06:30.574: delete node: IP: 104.18.21.226. Number of nodes 39
EtherApe-INFO: 01:06:30.574: delete node: IP: 87.245.216.107. Number of nodes 38
EtherApe-INFO: 01:06:30.634: New node: IP: 13.49.15.148. Number of nodes 39
EtherApe-INFO: 01:06:30.634: New node: IP: 104.18.13.33. Number of nodes 40
EtherApe-INFO: 01:06:30.648: New node: IP: 104.16.27.5. Number of nodes 41
EtherApe-INFO: 01:06:30.656: New node: IP: 104.16.242.94. Number of nodes 42
EtherApe-INFO: 01:06:30.657: New node: IP: 104.16.26.5. Number of nodes 43
EtherApe-INFO: 01:06:30.669: New node: IP: 18.66.98.108. Number of nodes 44
EtherApe-INFO: 01:06:30.675: New node: IP: 18.66.112.46. Number of nodes 45
EtherApe-INFO: 01:06:30.678: New node: IP: 18.66.121.68. Number of nodes 46
EtherApe-INFO: 01:06:30.688: delete node: IP: 44.228.1.109. Number of nodes 45
EtherApe-INFO: 01:06:32.146: New node: IP: 104.18.40.133. Number of nodes 46
EtherApe-INFO: 01:06:32.149: New node: IP: 52.94.218.60. Number of nodes 47
EtherApe-INFO: 01:06:32.155: New node: IP: 52.222.250.87. Number of nodes 48
EtherApe-INFO: 01:06:32.156: New node: IP: 104.18.23.126. Number of nodes 49
EtherApe-INFO: 01:06:32.162: New node: IP: 104.18.22.126. Number of nodes 50
EtherApe-INFO: 01:06:32.654: New node: IP: 91.236.251.13. Number of nodes 51
EtherApe-INFO: 01:06:34.957: New node: IP: 3.123.130.137. Number of nodes 52
EtherApe-INFO: 01:06:35.211: New node: IP: 3.3.9.1. Number of nodes 53
EtherApe-INFO: 01:06:35.228: New node: IP: 108.138.17.104. Number of nodes 54
EtherApe-INFO: 01:06:35.235: New node: IP: 54.197.199.238. Number of nodes 55
EtherApe-INFO: 01:06:35.235: New node: IP: 18.66.147.31. Number of nodes 56
EtherApe-INFO: 01:06:35.241: New node: IP: 104.81.107.158. Number of nodes 57
EtherApe-INFO: 01:06:35.496: New node: IP: 52.222.206.20. Number of nodes 58
EtherApe-INFO: 01:06:35.515: New node: IP: 18.66.137.54. Number of nodes 59
EtherApe-INFO: 01:06:35.740: New node: IP: 52.222.250.86. Number of nodes 60
EtherApe-INFO: 01:06:35.774: New node: IP: 52.222.226.205. Number of nodes 61
EtherApe-INFO: 01:06:36.023: New node: IP: 52.57.120.57. Number of nodes 62
EtherApe-INFO: 01:06:36.025: New node: IP: 16.170.131.198. Number of nodes 63
EtherApe-INFO: 01:06:36.751: New node: IP: 54.213.160.177. Number of nodes 64
EtherApe-INFO: 01:06:36.755: New node: IP: 18.66.147.167. Number of nodes 65
EtherApe-INFO: 01:06:37.011: New node: IP: 52.219.171.129. Number of nodes 66
EtherApe-INFO: 01:06:37.530: New node: IP: 34.120.158.37. Number of nodes 67
EtherApe-INFO: 01:06:37.808: New node: IP: 54.239.55.63. Number of nodes 68
EtherApe-INFO: 01:06:39.818: New node: IP: 140.82.121.4. Number of nodes 69
EtherApe-INFO: 01:06:40.886: New node: IP: 185.199.110.154. Number of nodes 70
EtherApe-INFO: 01:06:41.111: New node: IP: 185.199.109.133. Number of nodes 71
EtherApe-INFO: 01:06:41.611: New node: IP: 54.236.105.201. Number of nodes 72
EtherApe-INFO: 01:06:42.891: New node: IP: 208.68.240.115. Number of nodes 73
EtherApe-INFO: 01:06:43.401: New node: IP: 216.58.215.69. Number of nodes 74
EtherApe-INFO: 01:06:43.402: New node: IP: 172.217.16.35. Number of nodes 75
EtherApe-INFO: 01:06:43.406: New node: IP: 140.82.112.26. Number of nodes 76
EtherApe-INFO: 01:06:44.695: New node: IP: 13.32.121.101. Number of nodes 77
EtherApe-INFO: 01:06:44.938: New node: IP: 216.58.215.99. Number of nodes 78
EtherApe-INFO: 01:06:45.200: New node: IP: 192.168.0.1. Number of nodes 79
EtherApe-INFO: 01:06:45.451: New node: IP: 142.250.203.193. Number of nodes 80
EtherApe-INFO: 01:06:45.451: New node: IP: 172.217.16.42. Number of nodes 81
EtherApe-INFO: 01:06:45.710: New node: IP: 192.168.0.157. Number of nodes 82
EtherApe-INFO: 01:06:46.220: New node: IP: 192.168.0.218. Number of nodes 83
EtherApe-INFO: 01:06:46.501: New node: IP: 18.66.122.97. Number of nodes 84
EtherApe-INFO: 01:06:46.987: New node: IP: 52.29.123.56. Number of nodes 85
EtherApe-INFO: 01:06:47.255: New node: IP: 216.58.215.78. Number of nodes 86
EtherApe-INFO: 01:06:47.256: New node: IP: 216.58.215.100. Number of nodes 87
EtherApe-INFO: 01:06:47.264: New node: IP: 172.217.16.46. Number of nodes 88
EtherApe-INFO: 01:06:47.496: New node: IP: 142.250.203.142. Number of nodes 89
EtherApe-INFO: 01:06:47.715: New node: IP: 151.101.1.208. Number of nodes 90
EtherApe-INFO: 01:06:47.727: New node: IP: 18.159.68.239. Number of nodes 91
EtherApe-INFO: 01:06:48.003: delete node: IP: 1.1.1.1. Number of nodes 90
EtherApe-INFO: 01:06:48.969: New node: IP: 52.222.236.25. Number of nodes 91
EtherApe-INFO: 01:06:49.222: New node: IP: 54.73.148.110. Number of nodes 92
EtherApe-INFO: 01:06:49.474: New node: IP: 62.182.19.39. Number of nodes 93
EtherApe-INFO: 01:06:49.986: New node: IP: 104.20.120.46. Number of nodes 94
EtherApe-INFO: 01:06:49.986: New node: IP: 104.20.121.46. Number of nodes 95
EtherApe-INFO: 01:06:50.245: New node: IP: 15.236.171.91. Number of nodes 96
EtherApe-INFO: 01:06:50.753: New node: IP: 139.59.209.225. Number of nodes 97
EtherApe-INFO: 01:06:51.275: New node: IP: 128.2.42.95. Number of nodes 98
EtherApe-INFO: 01:06:51.525: New node: IP: 87.245.216.11. Number of nodes 99
EtherApe-INFO: 01:06:51.532: New node: IP: 104.16.148.64. Number of nodes 100
EtherApe-INFO: 01:06:51.782: New node: IP: 45.57.91.1. Number of nodes 101
EtherApe-INFO: 01:06:51.792: New node: IP: 104.18.32.68. Number of nodes 102
EtherApe-INFO: 01:06:52.608: New node: IP: 216.58.215.106. Number of nodes 103
EtherApe-INFO: 01:06:53.079: New node: IP: 185.199.108.133. Number of nodes 104
EtherApe-INFO: 01:06:53.619: New node: IP: 142.250.75.22. Number of nodes 105
EtherApe-INFO: 01:06:53.640: New node: IP: 104.16.149.64. Number of nodes 106
EtherApe-INFO: 01:06:54.615: New node: IP: 104.18.18.132. Number of nodes 107
EtherApe-INFO: 01:06:54.873: New node: IP: 13.32.121.59. Number of nodes 108
EtherApe-INFO: 01:06:55.116: New node: IP: 176.122.96.225. Number of nodes 109
EtherApe-INFO: 01:06:55.135: New node: IP: 52.16.16.21. Number of nodes 110
EtherApe-INFO: 01:06:55.423: New node: IP: 104.18.26.85. Number of nodes 111
EtherApe-INFO: 01:06:56.891: New node: IP: 149.255.128.1. Number of nodes 112
EtherApe-INFO: 01:06:56.891: New node: IP: 139.45.205.11. Number of nodes 113
EtherApe-INFO: 01:06:59.707: New node: IP: 142.250.203.202. Number of nodes 114
EtherApe-INFO: 01:07:02.209: New node: IP: 104.18.6.185. Number of nodes 115
EtherApe-INFO: 01:07:06.562: New node: IP: 62.182.99.160. Number of nodes 116
EtherApe-INFO: 01:07:06.810: New node: IP: 104.18.21.226. Number of nodes 117
EtherApe-INFO: 01:08:13.884: New node: IP: 192.168.1.1. Number of nodes 118
EtherApe-INFO: 01:08:13.885: New node: IP: 116.203.91.91. Number of nodes 119
EtherApe-INFO: 01:08:14.249: delete node: IP: 149.154.167.216. Number of nodes 118
EtherApe-INFO: 01:08:15.931: New node: IP: 149.154.167.216. Number of nodes 119
EtherApe-INFO: 01:08:22.933: delete node: IP: 185.202.220.150. Number of nodes 118
EtherApe-INFO: 01:08:27.570: delete node: IP: 172.64.106.28. Number of nodes 117
EtherApe-INFO: 01:08:27.570: delete node: IP: 104.17.50.74. Number of nodes 116
EtherApe-INFO: 01:08:28.615: delete node: IP: 34.212.115.25. Number of nodes 115
EtherApe-INFO: 01:08:30.796: delete node: IP: 104.18.13.33. Number of nodes 114
EtherApe-INFO: 01:08:30.796: delete node: IP: 104.16.27.5. Number of nodes 113
EtherApe-INFO: 01:08:32.128: delete node: IP: 104.18.23.126. Number of nodes 112
EtherApe-INFO: 01:08:32.672: delete node: IP: 91.236.251.13. Number of nodes 111
EtherApe-INFO: 01:08:36.178: New node: IP: 104.17.50.74. Number of nodes 112
EtherApe-INFO: 01:08:37.184: New node: IP: 2.21.173.50. Number of nodes 113
EtherApe-INFO: 01:08:37.697: New node: IP: 172.217.16.10. Number of nodes 114
EtherApe-INFO: 01:08:37.699: delete node: IP: 54.213.160.177. Number of nodes 113
EtherApe-INFO: 01:08:40.506: New node: IP: 216.58.208.195. Number of nodes 114
EtherApe-INFO: 01:08:41.029: delete node: IP: 34.120.158.37. Number of nodes 113
EtherApe-INFO: 01:08:41.786: New node: IP: 108.138.51.59. Number of nodes 114
EtherApe-INFO: 01:08:42.576: delete node: IP: 52.94.218.60. Number of nodes 113
EtherApe-INFO: 01:08:45.432: delete node: IP: 52.219.171.129. Number of nodes 112
EtherApe-INFO: 01:08:48.468: delete node: IP: 18.159.68.239. Number of nodes 111
EtherApe-INFO: 01:08:49.041: delete node: IP: 216.58.215.78. Number of nodes 110
EtherApe-INFO: 01:08:51.773: delete node: IP: 104.20.120.46. Number of nodes 109
EtherApe-INFO: 01:08:52.867: delete node: IP: 208.68.240.115. Number of nodes 108
EtherApe-INFO: 01:08:53.414: delete node: IP: 185.199.108.133. Number of nodes 107
EtherApe-INFO: 01:08:55.890: New node: IP: 34.212.115.25. Number of nodes 108
EtherApe-INFO: 01:08:59.475: delete node: IP: 54.236.105.201. Number of nodes 107
EtherApe-INFO: 01:09:01.565: delete node: IP: 128.2.42.95. Number of nodes 106
EtherApe-INFO: 01:09:01.756: New node: IP: 208.68.240.115. Number of nodes 107
EtherApe-INFO: 01:09:01.757: New node: IP: 18.159.68.239. Number of nodes 108
EtherApe-INFO: 01:09:01.757: New node: IP: 128.2.42.95. Number of nodes 109
EtherApe-INFO: 01:09:01.758: New node: IP: 104.20.120.46. Number of nodes 110
EtherApe-INFO: 01:09:01.759: New node: IP: 193.19.153.66. Number of nodes 111
EtherApe-INFO: 01:09:01.759: New node: IP: 104.21.60.220. Number of nodes 112
EtherApe-INFO: 01:09:01.759: New node: IP: 140.82.121.3. Number of nodes 113
EtherApe-INFO: 01:09:01.761: New node: IP: 185.199.111.153. Number of nodes 114
EtherApe-INFO: 01:09:01.762: New node: IP: 104.18.15.117. Number of nodes 115
EtherApe-INFO: 01:09:01.764: New node: IP: 135.181.27.174. Number of nodes 116
EtherApe-INFO: 01:09:01.764: New node: IP: 95.216.144.15. Number of nodes 117
EtherApe-INFO: 01:09:01.765: New node: IP: 104.198.63.0. Number of nodes 118
EtherApe-INFO: 01:09:02.010: New node: IP: 52.205.65.151. Number of nodes 119
EtherApe-INFO: 01:09:02.010: New node: IP: 76.76.21.9. Number of nodes 120
EtherApe-INFO: 01:09:02.010: New node: IP: 91.198.174.192. Number of nodes 121
EtherApe-INFO: 01:09:02.010: New node: IP: 146.75.122.209. Number of nodes 122
EtherApe-INFO: 01:09:02.010: New node: IP: 146.75.122.133. Number of nodes 123
EtherApe-INFO: 01:09:02.017: New node: IP: 3.251.50.149. Number of nodes 124
EtherApe-INFO: 01:09:02.017: New node: IP: 104.18.6.55. Number of nodes 125
EtherApe-INFO: 01:09:02.017: New node: IP: 162.213.33.8. Number of nodes 126
EtherApe-INFO: 01:09:02.017: New node: IP: 151.101.65.69. Number of nodes 127
EtherApe-INFO: 01:09:02.017: New node: IP: 185.199.110.153. Number of nodes 128
EtherApe-INFO: 01:09:02.017: New node: IP: 108.138.51.6. Number of nodes 129
EtherApe-INFO: 01:09:02.021: New node: IP: 23.58.146.13. Number of nodes 130
EtherApe-INFO: 01:09:02.292: New node: IP: 18.66.224.67. Number of nodes 131
EtherApe-INFO: 01:09:02.530: New node: IP: 2.21.173.91. Number of nodes 132
EtherApe-INFO: 01:09:02.543: New node: IP: 2.21.173.112. Number of nodes 133
EtherApe-INFO: 01:09:02.782: New node: IP: 192.124.249.36. Number of nodes 134
EtherApe-INFO: 01:09:03.323: New node: IP: 108.138.50.66. Number of nodes 135
EtherApe-INFO: 01:09:07.134: New node: IP: 104.16.88.20. Number of nodes 136
EtherApe-INFO: 01:09:07.134: New node: IP: 142.250.203.138. Number of nodes 137
EtherApe-INFO: 01:09:07.135: New node: IP: 69.16.175.42. Number of nodes 138
EtherApe-INFO: 01:09:07.644: New node: IP: 142.250.203.195. Number of nodes 139
EtherApe-INFO: 01:09:08.410: New node: IP: 18.66.233.6. Number of nodes 140
EtherApe-INFO: 01:09:08.669: New node: IP: 193.19.152.72. Number of nodes 141
EtherApe-INFO: 01:09:09.694: delete node: IP: 176.122.96.225. Number of nodes 140
EtherApe-INFO: 01:09:10.714: New node: IP: 54.73.239.34. Number of nodes 141
EtherApe-INFO: 01:09:10.970: New node: IP: 91.198.174.208. Number of nodes 142
EtherApe-INFO: 01:09:10.970: New node: IP: 193.34.169.9. Number of nodes 143
EtherApe-INFO: 01:09:11.953: New node: IP: 151.101.1.69. Number of nodes 144
EtherApe-INFO: 01:09:11.989: New node: IP: 104.16.100.56. Number of nodes 145
EtherApe-INFO: 01:09:12.214: New node: IP: 18.66.233.41. Number of nodes 146
EtherApe-INFO: 01:09:12.514: delete node: IP: 149.255.128.1. Number of nodes 145
EtherApe-INFO: 01:09:12.514: delete node: IP: 139.45.205.11. Number of nodes 144
EtherApe-INFO: 01:09:12.779: delete node: IP: 45.57.91.1. Number of nodes 143
EtherApe-INFO: 01:09:15.537: New node: IP: 146.75.120.193. Number of nodes 144
EtherApe-INFO: 01:09:16.556: New node: IP: 185.199.110.133. Number of nodes 145
EtherApe-INFO: 01:09:16.563: New node: IP: 108.138.51.41. Number of nodes 146
EtherApe-INFO: 01:09:17.193: New node: IP: 2.19.157.249. Number of nodes 147
EtherApe-INFO: 01:09:17.339: New node: IP: 45.57.91.1. Number of nodes 148
EtherApe-INFO: 01:09:17.339: New node: IP: 45.57.90.1. Number of nodes 149
EtherApe-INFO: 01:09:17.598: New node: IP: 172.64.155.188. Number of nodes 150
EtherApe-INFO: 01:09:18.086: New node: IP: 108.138.46.56. Number of nodes 151
EtherApe-INFO: 01:09:18.346: New node: IP: 23.221.58.10. Number of nodes 152
EtherApe-INFO: 01:09:18.638: New node: IP: 104.17.25.14. Number of nodes 153
EtherApe-INFO: 01:09:18.851: New node: IP: 104.18.22.52. Number of nodes 154
EtherApe-INFO: 01:09:18.851: New node: IP: 172.67.39.148. Number of nodes 155
EtherApe-INFO: 01:09:18.859: New node: IP: 142.250.203.132. Number of nodes 156
EtherApe-INFO: 01:09:18.861: New node: IP: 104.90.81.186. Number of nodes 157
EtherApe-INFO: 01:09:18.864: New node: IP: 23.58.146.21. Number of nodes 158
EtherApe-INFO: 01:09:19.130: New node: IP: 23.58.146.9. Number of nodes 159
EtherApe-INFO: 01:09:21.960: New node: IP: 18.66.234.116. Number of nodes 160
EtherApe-INFO: 01:09:24.485: New node: IP: 192.0.73.2. Number of nodes 161
EtherApe-INFO: 01:09:25.510: New node: IP: 104.16.249.249. Number of nodes 162
EtherApe-INFO: 01:09:27.863: delete node: IP: 87.245.216.11. Number of nodes 161
EtherApe-INFO: 01:09:28.692: delete node: IP: 35.165.217.23. Number of nodes 160
EtherApe-INFO: 01:09:28.962: delete node: IP: 44.240.2.129. Number of nodes 159
EtherApe-INFO: 01:09:29.606: New node: IP: 185.199.108.133. Number of nodes 160
EtherApe-INFO: 01:09:30.648: New node: IP: 104.18.23.126. Number of nodes 161
EtherApe-INFO: 01:09:32.726: New node: IP: 104.18.19.132. Number of nodes 162
EtherApe-INFO: 01:09:34.212: New node: IP: 104.21.75.3. Number of nodes 163
EtherApe-INFO: 01:09:34.483: New node: IP: 172.67.209.148. Number of nodes 164
EtherApe-INFO: 01:09:38.050: New node: IP: 18.66.122.116. Number of nodes 165
EtherApe-INFO: 01:09:38.927: delete node: IP: 52.16.16.21. Number of nodes 164
EtherApe-INFO: 01:09:39.092: New node: IP: 104.18.40.108. Number of nodes 165
EtherApe-INFO: 01:09:39.314: delete node: IP: 54.239.55.63. Number of nodes 164
EtherApe-INFO: 01:09:39.396: New node: IP: 139.45.207.17. Number of nodes 165
EtherApe-INFO: 01:09:39.597: New node: IP: 139.45.207.73. Number of nodes 166
EtherApe-INFO: 01:09:39.846: New node: IP: 216.58.215.78. Number of nodes 167
EtherApe-INFO: 01:09:40.104: New node: IP: 151.101.194.209. Number of nodes 168
EtherApe-INFO: 01:09:40.105: New node: IP: 54.227.6.244. Number of nodes 169
EtherApe-INFO: 01:09:40.922: New node: IP: 63.33.228.172. Number of nodes 170
EtherApe-INFO: 01:09:42.169: delete node: IP: 3.123.130.137. Number of nodes 169
EtherApe-INFO: 01:09:43.427: New node: IP: 176.122.96.225. Number of nodes 170
EtherApe-INFO: 01:09:43.718: New node: IP: 199.232.192.134. Number of nodes 171
EtherApe-INFO: 01:09:43.940: New node: IP: 198.252.206.25. Number of nodes 172
EtherApe-INFO: 01:09:43.941: New node: IP: 104.18.23.52. Number of nodes 173
EtherApe-INFO: 01:09:44.233: New node: IP: 13.227.219.89. Number of nodes 174
EtherApe-INFO: 01:09:44.454: New node: IP: 108.138.53.154. Number of nodes 175
EtherApe-INFO: 01:09:45.243: New node: IP: 216.58.208.206. Number of nodes 176
EtherApe-INFO: 01:09:45.309: New node: IP: 104.17.182.73. Number of nodes 177
EtherApe-INFO: 01:09:45.309: New node: IP: 104.17.182.177. Number of nodes 178
EtherApe-INFO: 01:09:45.489: New node: IP: 104.17.184.177. Number of nodes 179
EtherApe-INFO: 01:09:46.010: New node: IP: 149.255.128.1. Number of nodes 180
EtherApe-INFO: 01:09:46.273: New node: IP: 104.17.24.14. Number of nodes 181
EtherApe-INFO: 01:09:47.269: New node: IP: 45.57.80.133. Number of nodes 182
EtherApe-INFO: 01:09:47.556: New node: IP: 151.101.0.134. Number of nodes 183
EtherApe-INFO: 01:09:47.619: delete node: IP: 140.82.112.26. Number of nodes 182
EtherApe-INFO: 01:09:47.787: New node: IP: 140.82.113.25. Number of nodes 183
EtherApe-INFO: 01:09:49.630: New node: IP: 193.34.168.232. Number of nodes 184
EtherApe-INFO: 01:09:51.642: New node: IP: 52.222.214.38. Number of nodes 185
EtherApe-INFO: 01:09:51.644: New node: IP: 104.16.240.21. Number of nodes 186
EtherApe-INFO: 01:09:51.704: delete node: IP: 15.236.171.91. Number of nodes 185
EtherApe-INFO: 01:09:53.410: New node: IP: 104.18.7.185. Number of nodes 186
EtherApe-INFO: 01:09:54.230: New node: IP: 151.101.193.69. Number of nodes 187
EtherApe-INFO: 01:09:55.741: New node: IP: 54.84.200.181. Number of nodes 188
EtherApe-INFO: 01:09:58.284: New node: IP: 216.58.215.74. Number of nodes 189
EtherApe-INFO: 01:10:00.388: New node: IP: 172.217.16.14. Number of nodes 190
EtherApe-INFO: 01:10:02.371: New node: IP: 216.58.215.109. Number of nodes 191
EtherApe-INFO: 01:10:02.628: New node: IP: 151.101.193.208. Number of nodes 192
EtherApe-INFO: 01:10:09.627: delete node: IP: 172.64.107.28. Number of nodes 191
EtherApe-INFO: 01:10:09.627: delete node: IP: 151.101.1.208. Number of nodes 190
EtherApe-INFO: 01:10:09.627: delete node: IP: 143.204.89.6. Number of nodes 189
EtherApe-INFO: 01:10:09.627: delete node: IP: 140.82.121.4. Number of nodes 188
EtherApe-INFO: 01:10:09.627: delete node: IP: 108.138.17.104. Number of nodes 187
EtherApe-INFO: 01:10:09.627: delete node: IP: 108.138.17.68. Number of nodes 186
EtherApe-INFO: 01:10:09.627: delete node: IP: 104.20.121.46. Number of nodes 185
EtherApe-INFO: 01:10:09.627: delete node: IP: 104.18.22.126. Number of nodes 184
EtherApe-INFO: 01:10:09.627: delete node: IP: 104.18.21.226. Number of nodes 183
EtherApe-INFO: 01:10:09.627: delete node: IP: 104.18.18.132. Number of nodes 182
EtherApe-INFO: 01:10:09.627: delete node: IP: 104.18.12.33. Number of nodes 181
EtherApe-INFO: 01:10:09.627: delete node: IP: 104.16.248.249. Number of nodes 180
EtherApe-INFO: 01:10:09.627: delete node: IP: 99.83.184.129. Number of nodes 179
EtherApe-INFO: 01:10:09.627: delete node: IP: 93.184.220.29. Number of nodes 178
EtherApe-INFO: 01:10:09.627: delete node: IP: 87.245.216.9. Number of nodes 177
EtherApe-INFO: 01:10:09.627: delete node: IP: 54.197.199.238. Number of nodes 176
EtherApe-INFO: 01:10:09.627: delete node: IP: 54.192.87.164. Number of nodes 175
EtherApe-INFO: 01:10:09.627: delete node: IP: 54.73.148.110. Number of nodes 174
EtherApe-INFO: 01:10:09.627: delete node: IP: 52.222.250.87. Number of nodes 173
EtherApe-INFO: 01:10:09.627: delete node: IP: 52.222.250.86. Number of nodes 172
EtherApe-INFO: 01:10:09.627: delete node: IP: 52.222.236.25. Number of nodes 171
EtherApe-INFO: 01:10:09.627: delete node: IP: 52.222.226.205. Number of nodes 170
EtherApe-INFO: 01:10:09.627: delete node: IP: 52.222.206.20. Number of nodes 169
EtherApe-INFO: 01:10:09.627: delete node: IP: 52.57.120.57. Number of nodes 168
EtherApe-INFO: 01:10:09.627: delete node: IP: 35.241.9.150. Number of nodes 167
EtherApe-INFO: 01:10:09.627: delete node: IP: 35.186.227.140. Number of nodes 166
EtherApe-INFO: 01:10:09.627: delete node: IP: 34.160.144.191. Number of nodes 165
EtherApe-INFO: 01:10:09.627: delete node: IP: 34.120.208.123. Number of nodes 164
EtherApe-INFO: 01:10:09.627: delete node: IP: 34.111.73.144. Number of nodes 163
EtherApe-INFO: 01:10:09.627: delete node: IP: 34.107.141.31. Number of nodes 162
EtherApe-INFO: 01:10:09.627: delete node: IP: 18.66.147.167. Number of nodes 161
EtherApe-INFO: 01:10:09.627: delete node: IP: 18.66.147.31. Number of nodes 160
EtherApe-INFO: 01:10:09.627: delete node: IP: 18.66.137.54. Number of nodes 159
EtherApe-INFO: 01:10:09.627: delete node: IP: 18.66.130.57. Number of nodes 158
EtherApe-INFO: 01:10:09.627: delete node: IP: 18.66.122.97. Number of nodes 157
EtherApe-INFO: 01:10:09.627: delete node: IP: 18.66.121.68. Number of nodes 156
EtherApe-INFO: 01:10:09.627: delete node: IP: 18.66.112.46. Number of nodes 155
EtherApe-INFO: 01:10:09.627: delete node: IP: 18.66.98.108. Number of nodes 154
EtherApe-INFO: 01:10:09.627: delete node: IP: 16.170.131.198. Number of nodes 153
EtherApe-INFO: 01:10:09.628: delete node: IP: 13.49.15.148. Number of nodes 152
EtherApe-INFO: 01:10:09.628: delete node: IP: 13.32.121.101. Number of nodes 151
EtherApe-INFO: 01:10:09.628: delete node: IP: 13.32.103.36. Number of nodes 150
EtherApe-INFO: 01:10:09.628: delete node: IP: 13.32.99.127. Number of nodes 149
EtherApe-INFO: 01:10:09.628: delete node: IP: 3.3.9.1. Number of nodes 148
EtherApe-INFO: 01:10:09.870: delete node: IP: 104.81.107.158. Number of nodes 147
EtherApe-INFO: 01:10:13.873: delete node: IP: 192.168.1.1. Number of nodes 146
EtherApe-INFO: 01:10:14.254: delete node: IP: 116.203.91.91. Number of nodes 145
EtherApe-INFO: 01:10:37.402: delete node: IP: 104.17.49.74. Number of nodes 144
EtherApe-INFO: 01:10:37.992: delete node: IP: 172.217.16.10. Number of nodes 143
EtherApe-INFO: 01:10:39.962: New node: IP: 18.66.122.97. Number of nodes 144
EtherApe-INFO: 01:10:40.996: New node: IP: 34.240.252.122. Number of nodes 145
EtherApe-INFO: 01:10:41.005: New node: IP: 52.222.236.20. Number of nodes 146
EtherApe-INFO: 01:10:48.928: New node: IP: 91.236.251.13. Number of nodes 147
EtherApe-INFO: 01:10:55.939: delete node: IP: 216.58.208.195. Number of nodes 146
EtherApe-INFO: 01:10:56.412: delete node: IP: 34.212.115.25. Number of nodes 145
EtherApe-INFO: 01:11:02.152: delete node: IP: 18.159.68.239. Number of nodes 144
EtherApe-INFO: 01:11:02.511: delete node: IP: 192.168.0.1. Number of nodes 143
EtherApe-INFO: 01:11:03.094: delete node: IP: 192.168.0.218. Number of nodes 142
EtherApe-INFO: 01:11:06.261: delete node: IP: 192.168.0.157. Number of nodes 141
EtherApe-INFO: 01:11:07.175: delete node: IP: 172.217.16.42. Number of nodes 140
EtherApe-INFO: 01:11:13.031: delete node: IP: 104.16.100.56. Number of nodes 139
EtherApe-INFO: 01:11:13.266: delete node: IP: 151.101.1.69. Number of nodes 138
EtherApe-INFO: 01:11:16.605: delete node: IP: 185.199.110.133. Number of nodes 137
EtherApe-INFO: 01:11:17.732: delete node: IP: 54.73.239.34. Number of nodes 136
EtherApe-INFO: 01:11:24.258: delete node: IP: 104.21.60.220. Number of nodes 135
EtherApe-INFO: 01:11:27.848: New node: IP: 34.212.115.25. Number of nodes 136
EtherApe-INFO: 01:11:29.693: delete node: IP: 104.17.25.14. Number of nodes 135
EtherApe-INFO: 01:11:29.933: delete node: IP: 185.199.108.133. Number of nodes 134
EtherApe-INFO: 01:11:34.250: delete node: IP: 128.2.42.95. Number of nodes 133
EtherApe-INFO: 01:11:35.274: New node: IP: 108.138.17.61. Number of nodes 134
EtherApe-INFO: 01:11:36.800: delete node: IP: 104.18.6.55. Number of nodes 133
EtherApe-INFO: 01:11:38.937: delete node: IP: 162.213.33.8. Number of nodes 132
EtherApe-INFO: 01:11:40.137: delete node: IP: 172.67.39.148. Number of nodes 131
EtherApe-INFO: 01:11:40.137: delete node: IP: 142.250.203.138. Number of nodes 130
EtherApe-INFO: 01:11:41.226: delete node: IP: 63.33.228.172. Number of nodes 129
EtherApe-INFO: 01:11:41.226: delete node: IP: 62.182.19.39. Number of nodes 128
EtherApe-INFO: 01:11:43.549: delete node: IP: 216.58.215.78. Number of nodes 127
EtherApe-INFO: 01:11:45.029: delete node: IP: 193.19.152.72. Number of nodes 126
EtherApe-INFO: 01:11:47.108: delete node: IP: 216.58.208.206. Number of nodes 125
EtherApe-INFO: 01:11:47.108: delete node: IP: 208.68.240.115. Number of nodes 124
EtherApe-INFO: 01:11:49.353: delete node: IP: 104.17.182.177. Number of nodes 123
EtherApe-INFO: 01:11:50.981: delete node: IP: 104.21.75.3. Number of nodes 122
EtherApe-INFO: 01:11:52.484: delete node: IP: 104.18.15.117. Number of nodes 121
EtherApe-INFO: 01:11:52.707: delete node: IP: 45.57.91.1. Number of nodes 120
EtherApe-INFO: 01:11:52.950: delete node: IP: 45.57.90.1. Number of nodes 119
EtherApe-INFO: 01:11:54.503: delete node: IP: 151.101.193.69. Number of nodes 118
EtherApe-INFO: 01:11:54.503: delete node: IP: 104.18.6.185. Number of nodes 117
EtherApe-INFO: 01:11:56.250: delete node: IP: 192.0.73.2. Number of nodes 116
EtherApe-INFO: 01:11:58.211: delete node: IP: 176.122.96.225. Number of nodes 115
EtherApe-INFO: 01:11:58.607: delete node: IP: 54.84.200.181. Number of nodes 114
EtherApe-INFO: 01:12:03.664: delete node: IP: 216.58.215.109. Number of nodes 113
EtherApe-INFO: 01:12:03.905: delete node: IP: 45.57.80.133. Number of nodes 112
EtherApe-INFO: 01:12:04.131: delete node: IP: 149.255.128.1. Number of nodes 111
EtherApe-INFO: 01:12:06.657: delete node: IP: 142.250.203.193. Number of nodes 110
EtherApe-INFO: 01:12:07.692: delete node: IP: 192.124.249.36. Number of nodes 109
EtherApe-INFO: 01:12:08.507: delete node: IP: 8.8.8.8. Number of nodes 108
EtherApe-INFO: 01:12:26.705: delete node: IP: 52.29.123.56. Number of nodes 107
EtherApe-INFO: 01:12:32.506: New node: IP: 35.244.181.201. Number of nodes 108
EtherApe-INFO: 01:12:32.507: New node: IP: 93.184.220.29. Number of nodes 109
EtherApe-INFO: 01:12:32.764: New node: IP: 34.160.144.191. Number of nodes 110
EtherApe-INFO: 01:12:33.018: New node: IP: 34.120.208.123. Number of nodes 111
EtherApe-INFO: 01:12:38.754: delete node: IP: 95.216.144.15. Number of nodes 110
EtherApe-INFO: 01:12:46.346: delete node: IP: 193.19.153.66. Number of nodes 109
EtherApe-INFO: 01:12:48.985: delete node: IP: 91.236.251.13. Number of nodes 108
EtherApe-INFO: 01:12:59.945: delete node: IP: 193.34.168.232. Number of nodes 107
EtherApe-INFO: 01:12:59.945: delete node: IP: 108.138.50.66. Number of nodes 106
EtherApe-INFO: 01:12:59.945: delete node: IP: 104.18.32.68. Number of nodes 105
EtherApe-INFO: 01:12:59.945: delete node: IP: 2.21.173.112. Number of nodes 104
EtherApe-INFO: 01:12:59.945: delete node: IP: 2.21.173.91. Number of nodes 103
EtherApe-INFO: 01:13:01.710: delete node: IP: 34.107.221.82. Number of nodes 102
EtherApe-INFO: 01:13:03.589: delete node: IP: 104.198.63.0. Number of nodes 101
EtherApe-INFO: 01:13:06.554: New node: IP: 104.16.248.249. Number of nodes 102
EtherApe-INFO: 01:13:13.721: New node: IP: 192.168.1.1. Number of nodes 103
EtherApe-INFO: 01:13:13.977: New node: IP: 116.203.91.91. Number of nodes 104
EtherApe-INFO: 01:13:16.842: delete node: IP: 198.252.206.25. Number of nodes 103
EtherApe-INFO: 01:13:30.715: delete node: IP: 34.212.115.25. Number of nodes 102
EtherApe-INFO: 01:13:31.151: delete node: IP: 91.198.174.208. Number of nodes 101
EtherApe-INFO: 01:13:42.970: delete node: IP: 199.232.192.134. Number of nodes 100
EtherApe-INFO: 01:13:42.970: delete node: IP: 139.45.207.17. Number of nodes 99
EtherApe-INFO: 01:13:42.970: delete node: IP: 34.240.252.122. Number of nodes 98
EtherApe-INFO: 01:13:44.450: delete node: IP: 72.21.91.29. Number of nodes 97
EtherApe-INFO: 01:13:45.508: delete node: IP: 139.45.207.73. Number of nodes 96
EtherApe-INFO: 01:13:45.508: delete node: IP: 104.90.81.186. Number of nodes 95
EtherApe-INFO: 01:13:45.508: delete node: IP: 23.58.146.13. Number of nodes 94
EtherApe-INFO: 01:13:45.508: delete node: IP: 23.58.146.9. Number of nodes 93
EtherApe-INFO: 01:13:46.568: delete node: IP: 172.64.155.188. Number of nodes 92
EtherApe-INFO: 01:13:46.568: delete node: IP: 2.21.173.50. Number of nodes 91
EtherApe-INFO: 01:13:48.354: delete node: IP: 62.182.99.160. Number of nodes 90
EtherApe-INFO: 01:13:49.102: delete node: IP: 23.58.146.21. Number of nodes 89
EtherApe-INFO: 01:13:49.102: delete node: IP: 13.32.121.59. Number of nodes 88
EtherApe-INFO: 01:13:49.632: delete node: IP: 23.221.58.10. Number of nodes 87
EtherApe-INFO: 01:13:54.688: delete node: IP: 151.101.0.134. Number of nodes 86
EtherApe-INFO: 01:13:54.688: delete node: IP: 146.75.122.133. Number of nodes 85
EtherApe-INFO: 01:13:55.220: delete node: IP: 2.19.157.249. Number of nodes 84
EtherApe-INFO: 01:14:00.581: delete node: IP: 69.16.175.42. Number of nodes 83
EtherApe-INFO: 01:14:02.710: delete node: IP: 18.66.233.6. Number of nodes 82
EtherApe-INFO: 01:14:06.805: delete node: IP: 193.34.169.9. Number of nodes 81
EtherApe-INFO: 01:14:06.805: delete node: IP: 146.75.120.193. Number of nodes 80
EtherApe-INFO: 01:14:12.685: delete node: IP: 108.138.51.41. Number of nodes 79
EtherApe-INFO: 01:14:12.685: delete node: IP: 104.18.22.52. Number of nodes 78
EtherApe-INFO: 01:14:13.641: delete node: IP: 185.199.111.153. Number of nodes 77
EtherApe-INFO: 01:14:13.641: delete node: IP: 104.16.26.5. Number of nodes 76
EtherApe-INFO: 01:14:13.968: delete node: IP: 149.154.167.216. Number of nodes 75
EtherApe-INFO: 01:14:19.839: delete node: IP: 104.16.88.20. Number of nodes 74
EtherApe-INFO: 01:14:24.401: delete node: IP: 185.199.110.153. Number of nodes 73
EtherApe-INFO: 01:14:24.401: delete node: IP: 135.181.27.174. Number of nodes 72
EtherApe-INFO: 01:14:24.401: delete node: IP: 104.18.23.126. Number of nodes 71
EtherApe-INFO: 01:14:24.923: delete node: IP: 172.67.209.148. Number of nodes 70
EtherApe-INFO: 01:14:24.923: delete node: IP: 76.76.21.9. Number of nodes 69
EtherApe-INFO: 01:14:28.066: delete node: IP: 104.17.50.74. Number of nodes 68
EtherApe-INFO: 01:14:28.066: delete node: IP: 104.16.242.94. Number of nodes 67
EtherApe-INFO: 01:14:28.066: delete node: IP: 104.16.99.56. Number of nodes 66
EtherApe-INFO: 01:14:30.362: delete node: IP: 185.199.109.133. Number of nodes 65
EtherApe-INFO: 01:14:30.363: delete node: IP: 104.18.40.108. Number of nodes 64
EtherApe-INFO: 01:14:30.363: delete node: IP: 52.205.65.151. Number of nodes 63
EtherApe-INFO: 01:14:31.094: delete node: IP: 146.75.122.209. Number of nodes 62
EtherApe-INFO: 01:14:35.468: delete node: IP: 185.199.110.154. Number of nodes 61
EtherApe-INFO: 01:14:35.468: delete node: IP: 151.101.194.209. Number of nodes 60
EtherApe-INFO: 01:14:35.468: delete node: IP: 142.250.203.131. Number of nodes 59
EtherApe-INFO: 01:14:35.468: delete node: IP: 140.82.121.3. Number of nodes 58
EtherApe-INFO: 01:14:35.468: delete node: IP: 104.18.26.85. Number of nodes 57
EtherApe-INFO: 01:14:35.468: delete node: IP: 54.227.6.244. Number of nodes 56
EtherApe-INFO: 01:14:35.468: delete node: IP: 18.66.233.41. Number of nodes 55
EtherApe-INFO: 01:14:36.511: delete node: IP: 142.250.203.142. Number of nodes 54
EtherApe-INFO: 01:14:36.511: delete node: IP: 108.138.53.154. Number of nodes 53
EtherApe-INFO: 01:14:36.927: delete node: IP: 142.250.75.22. Number of nodes 52
EtherApe-INFO: 01:14:36.927: delete node: IP: 104.17.184.177. Number of nodes 51
EtherApe-INFO: 01:14:36.927: delete node: IP: 104.17.182.73. Number of nodes 50
EtherApe-INFO: 01:14:36.927: delete node: IP: 104.17.24.14. Number of nodes 49
EtherApe-INFO: 01:14:36.927: delete node: IP: 13.227.219.89. Number of nodes 48
EtherApe-INFO: 01:14:41.530: New node: IP: 216.58.208.206. Number of nodes 49
EtherApe-INFO: 01:14:41.611: delete node: IP: 139.59.209.225. Number of nodes 48
EtherApe-INFO: 01:14:41.611: delete node: IP: 108.138.51.6. Number of nodes 47
EtherApe-INFO: 01:14:41.611: delete node: IP: 108.138.46.56. Number of nodes 46
EtherApe-INFO: 01:14:41.611: delete node: IP: 104.18.23.52. Number of nodes 45
EtherApe-INFO: 01:14:41.611: delete node: IP: 52.222.236.20. Number of nodes 44
EtherApe-INFO: 01:14:41.611: delete node: IP: 18.66.234.116. Number of nodes 43
EtherApe-INFO: 01:14:41.611: delete node: IP: 18.66.122.116. Number of nodes 42
EtherApe-INFO: 01:14:42.863: delete node: IP: 104.16.240.21. Number of nodes 41
EtherApe-INFO: 01:14:42.863: delete node: IP: 104.16.149.64. Number of nodes 40
EtherApe-INFO: 01:14:42.863: delete node: IP: 104.16.148.64. Number of nodes 39
EtherApe-INFO: 01:14:46.946: delete node: IP: 151.101.65.69. Number of nodes 38
EtherApe-INFO: 01:14:46.946: delete node: IP: 142.250.203.132. Number of nodes 37
EtherApe-INFO: 01:14:46.946: delete node: IP: 18.66.224.67. Number of nodes 36
EtherApe-INFO: 01:14:50.306: delete node: IP: 216.58.215.74. Number of nodes 35
EtherApe-INFO: 01:14:50.306: delete node: IP: 52.222.214.38. Number of nodes 34
EtherApe-INFO: 01:14:50.829: delete node: IP: 216.58.215.106. Number of nodes 33
EtherApe-INFO: 01:14:50.829: delete node: IP: 142.250.203.195. Number of nodes 32
EtherApe-INFO: 01:14:54.086: delete node: IP: 172.217.16.14. Number of nodes 31
EtherApe-INFO: 01:14:54.086: delete node: IP: 151.101.193.208. Number of nodes 30
EtherApe-INFO: 01:14:54.086: delete node: IP: 142.250.203.206. Number of nodes 29
EtherApe-INFO: 01:15:00.730: New node: IP: 13.32.121.59. Number of nodes 30
EtherApe-INFO: 01:15:04.421: delete node: IP: 142.250.203.202. Number of nodes 29
EtherApe-INFO: 01:15:04.421: delete node: IP: 3.251.50.149. Number of nodes 28
EtherApe-INFO: 01:15:07.133: delete node: IP: 104.16.248.249. Number of nodes 27
EtherApe-INFO: 01:15:14.860: delete node: IP: 192.168.1.1. Number of nodes 26
EtherApe-INFO: 01:15:14.860: delete node: IP: 116.203.91.91. Number of nodes 25
EtherApe-INFO: 01:15:14.860: delete node: IP: 9.9.9.9. Number of nodes 24
EtherApe-INFO: 01:15:24.036: delete node: IP: 91.198.174.192. Number of nodes 23
EtherApe-INFO: 01:15:28.418: delete node: IP: 216.58.215.99. Number of nodes 22
EtherApe-INFO: 01:15:30.720: delete node: IP: 18.66.122.97. Number of nodes 21
EtherApe-INFO: 01:15:46.848: delete node: IP: 104.18.40.133. Number of nodes 20
EtherApe-INFO: 01:16:28.025: New node: IP: 34.212.115.25. Number of nodes 21
EtherApe-INFO: 01:16:28.063: delete node: IP: 108.138.17.61. Number of nodes 20
EtherApe-INFO: 01:16:29.097: delete node: IP: 93.184.220.29. Number of nodes 19
EtherApe-INFO: 01:17:28.981: delete node: IP: 35.244.181.201. Number of nodes 18
EtherApe-INFO: 01:17:28.981: delete node: IP: 34.160.144.191. Number of nodes 17
EtherApe-INFO: 01:17:28.981: delete node: IP: 34.120.208.123. Number of nodes 16
EtherApe-INFO: 01:18:13.754: New node: IP: 192.168.1.1. Number of nodes 17
EtherApe-INFO: 01:18:13.754: New node: IP: 9.9.9.9. Number of nodes 18
EtherApe-INFO: 01:18:14.009: New node: IP: 116.203.91.91. Number of nodes 19
EtherApe-INFO: 01:18:28.409: delete node: IP: 34.212.115.25. Number of nodes 18
EtherApe-INFO: 01:18:38.841: New node: IP: 142.250.203.133. Number of nodes 19
EtherApe-INFO: 01:18:57.878: delete node: IP: 13.32.121.59. Number of nodes 18
EtherApe-INFO: 01:19:21.082: New node: IP: 91.236.251.13. Number of nodes 19
EtherApe-INFO: 01:19:32.930: delete node: IP: 216.58.215.100. Number of nodes 18
EtherApe-INFO: 01:19:34.399: delete node: IP: 216.58.208.206. Number of nodes 17
EtherApe-INFO: 01:19:35.930: New node: IP: 142.250.203.131. Number of nodes 18
EtherApe-INFO: 01:19:46.937: New node: IP: 63.33.228.172. Number of nodes 19
EtherApe-INFO: 01:19:48.473: New node: IP: 104.18.15.117. Number of nodes 20
EtherApe-INFO: 01:19:48.473: New node: IP: 104.18.14.117. Number of nodes 21
EtherApe-INFO: 01:19:52.826: New node: IP: 54.73.239.34. Number of nodes 22
EtherApe-INFO: 01:20:13.835: delete node: IP: 192.168.1.1. Number of nodes 21
EtherApe-INFO: 01:20:15.387: delete node: IP: 116.203.91.91. Number of nodes 20
EtherApe-INFO: 01:20:33.309: delete node: IP: 216.58.215.69. Number of nodes 19
EtherApe-INFO: 01:21:18.329: New node: IP: 104.18.18.132. Number of nodes 20
EtherApe-INFO: 01:21:21.201: delete node: IP: 172.217.16.35. Number of nodes 19
EtherApe-INFO: 01:21:21.201: delete node: IP: 91.236.251.13. Number of nodes 18
EtherApe-INFO: 01:21:28.313: New node: IP: 34.212.115.25. Number of nodes 19
EtherApe-INFO: 01:21:48.289: delete node: IP: 63.33.228.172. Number of nodes 18
EtherApe-INFO: 01:21:50.390: delete node: IP: 9.9.9.9. Number of nodes 17
EtherApe-INFO: 01:21:56.002: delete node: IP: 54.73.239.34. Number of nodes 16
EtherApe-INFO: 01:23:13.786: New node: IP: 192.168.1.1. Number of nodes 17
EtherApe-INFO: 01:23:13.786: New node: IP: 9.9.9.9. Number of nodes 18
EtherApe-INFO: 01:23:13.786: New node: IP: 116.203.91.91. Number of nodes 19
EtherApe-INFO: 01:23:18.732: delete node: IP: 104.18.18.132. Number of nodes 18
EtherApe-INFO: 01:23:31.478: delete node: IP: 34.212.115.25. Number of nodes 17
EtherApe-INFO: 01:24:40.908: delete node: IP: 104.18.15.117. Number of nodes 16
EtherApe-INFO: 01:24:40.908: delete node: IP: 104.18.14.117. Number of nodes 15
EtherApe-INFO: 01:25:16.995: delete node: IP: 192.168.1.1. Number of nodes 14
EtherApe-INFO: 01:25:16.996: delete node: IP: 116.203.91.91. Number of nodes 13
EtherApe-INFO: 01:25:16.996: delete node: IP: 9.9.9.9. Number of nodes 12
EtherApe-INFO: 01:25:18.457: New node: IP: 9.9.9.9. Number of nodes 13
EtherApe-INFO: 01:25:18.714: New node: IP: 52.24.215.240. Number of nodes 14
EtherApe-INFO: 01:25:19.482: New node: IP: 146.75.122.49. Number of nodes 15
