(etherape:2029): GLib-GIO-DEBUG: 01:31:58.298: _g_io_module_get_default: Found default implementation local (GLocalVfs) for ‘gio-vfs’
(etherape:2029): GLib-GIO-DEBUG: 01:31:58.359: Using cross-namespace EXTERNAL authentication (this will deadlock if server is GDBus < 2.73.3)
EtherApe-INFO: 01:31:58.420: sctp protocol not supported
EtherApe-INFO: 01:31:58.420: dccp protocol not supported
EtherApe-INFO: 01:31:58.420: sctp protocol not supported
EtherApe-INFO: 01:31:58.420: sctp protocol not supported
EtherApe-INFO: 01:31:58.420: sctp protocol not supported
EtherApe-INFO: 01:31:58.420: sctp protocol not supported
EtherApe-INFO: 01:31:58.420: sctp protocol not supported
EtherApe-INFO: 01:31:58.421: sctp protocol not supported
EtherApe-INFO: 01:31:58.421: sctp protocol not supported
EtherApe-INFO: 01:31:58.421: dccp protocol not supported
EtherApe-INFO: 01:31:58.421: sctp protocol not supported
EtherApe-INFO: 01:31:58.421: dccp protocol not supported
EtherApe-INFO: 01:31:58.421: dccp protocol not supported
EtherApe-INFO: 01:31:58.421: sctp protocol not supported
EtherApe-INFO: 01:31:58.422: sctp protocol not supported
EtherApe-INFO: 01:31:58.422: sctp protocol not supported
EtherApe-INFO: 01:31:58.423: sctp protocol not supported
EtherApe-INFO: 01:31:58.423: sctp protocol not supported
EtherApe-INFO: 01:31:58.424: sctp protocol not supported
EtherApe-INFO: 01:31:58.424: sctp protocol not supported
EtherApe-INFO: 01:31:58.424: sctp protocol not supported
EtherApe-INFO: 01:31:58.424: sctp protocol not supported
EtherApe-INFO: 01:31:58.424: sctp protocol not supported
EtherApe-INFO: 01:31:58.424: sctp protocol not supported
EtherApe-INFO: 01:31:58.425: sctp protocol not supported
EtherApe-INFO: 01:31:58.425: sctp protocol not supported
EtherApe-INFO: 01:31:58.425: sctp protocol not supported
EtherApe-INFO: 01:31:58.425: sctp protocol not supported
EtherApe-INFO: 01:31:58.425: dccp protocol not supported
EtherApe-INFO: 01:31:58.425: sctp protocol not supported
EtherApe-INFO: 01:31:58.425: sctp protocol not supported
EtherApe-INFO: 01:31:58.425: dccp protocol not supported
EtherApe-INFO: 01:31:58.426: sctp protocol not supported
EtherApe-INFO: 01:31:58.426: sctp protocol not supported
EtherApe-INFO: 01:31:58.426: sctp protocol not supported
EtherApe-INFO: 01:31:58.426: dccp protocol not supported
EtherApe-INFO: 01:31:58.426: dccp protocol not supported
EtherApe-INFO: 01:31:58.426: sctp protocol not supported
EtherApe-INFO: 01:31:58.426: sctp protocol not supported
EtherApe-INFO: 01:31:58.426: sctp protocol not supported
EtherApe-INFO: 01:31:58.426: sctp protocol not supported
EtherApe-INFO: 01:31:58.426: sctp protocol not supported
EtherApe-INFO: 01:31:58.426: sctp protocol not supported
EtherApe-INFO: 01:31:58.426: sctp protocol not supported
EtherApe-INFO: 01:31:58.426: sctp protocol not supported
EtherApe-INFO: 01:31:58.426: sctp protocol not supported
EtherApe-INFO: 01:31:58.426: sctp protocol not supported
EtherApe-INFO: 01:31:58.426: sctp protocol not supported
EtherApe-INFO: 01:31:58.426: sctp protocol not supported
EtherApe-INFO: 01:31:58.426: sctp protocol not supported
EtherApe-INFO: 01:31:58.426: sctp protocol not supported
EtherApe-INFO: 01:31:58.426: sctp protocol not supported
EtherApe-INFO: 01:31:58.427: sctp protocol not supported
EtherApe-INFO: 01:31:58.427: sctp protocol not supported
EtherApe-INFO: 01:31:58.427: sctp protocol not supported
EtherApe-INFO: 01:31:58.427: sctp protocol not supported
EtherApe-INFO: 01:31:58.427: sctp protocol not supported
EtherApe-INFO: 01:31:58.427: dccp protocol not supported
EtherApe-INFO: 01:31:58.427: sctp protocol not supported
EtherApe-INFO: 01:31:58.427: sctp protocol not supported
EtherApe-INFO: 01:31:58.427: sctp protocol not supported
EtherApe-INFO: 01:31:58.427: sctp protocol not supported
EtherApe-INFO: 01:31:58.427: sctp protocol not supported
EtherApe-INFO: 01:31:58.427: sctp protocol not supported
EtherApe-INFO: 01:31:58.427: sctp protocol not supported
EtherApe-INFO: 01:31:58.427: sctp protocol not supported
EtherApe-INFO: 01:31:58.428: sctp protocol not supported
EtherApe-INFO: 01:31:58.428: sctp protocol not supported
EtherApe-INFO: 01:31:58.428: sctp protocol not supported
EtherApe-INFO: 01:31:58.428: sctp protocol not supported
EtherApe-INFO: 01:31:58.428: sctp protocol not supported
EtherApe-INFO: 01:31:58.428: sctp protocol not supported
EtherApe-INFO: 01:31:58.428: sctp protocol not supported
EtherApe-INFO: 01:31:58.428: sctp protocol not supported
EtherApe-INFO: 01:31:58.428: sctp protocol not supported
EtherApe-INFO: 01:31:58.428: sctp protocol not supported
EtherApe-INFO: 01:31:58.428: sctp protocol not supported
EtherApe-INFO: 01:31:58.428: sctp protocol not supported
EtherApe-INFO: 01:31:58.428: sctp protocol not supported
EtherApe-INFO: 01:31:58.428: sctp protocol not supported
EtherApe-INFO: 01:31:58.428: sctp protocol not supported
EtherApe-INFO: 01:31:58.428: sctp protocol not supported
EtherApe-INFO: 01:31:58.429: sctp protocol not supported
EtherApe-INFO: 01:31:58.429: sctp protocol not supported
EtherApe-INFO: 01:31:58.429: sctp protocol not supported
EtherApe-INFO: 01:31:58.429: sctp protocol not supported
EtherApe-INFO: 01:31:58.429: sctp protocol not supported
EtherApe-INFO: 01:31:58.429: sctp protocol not supported
EtherApe-INFO: 01:31:58.429: sctp protocol not supported
EtherApe-INFO: 01:31:58.429: sctp protocol not supported
EtherApe-INFO: 01:31:58.429: sctp protocol not supported
EtherApe-INFO: 01:31:58.429: sctp protocol not supported
EtherApe-INFO: 01:31:58.429: sctp protocol not supported
EtherApe-INFO: 01:31:58.429: sctp protocol not supported
EtherApe-INFO: 01:31:58.438: get_interface result: ''
EtherApe-INFO: 01:31:58.438: Available interfaces for capture: dbus-session dbus-system nfqueue nflog bluetooth-monitor bluetooth0 lo any wlp2s0
EtherApe-INFO: 01:31:58.438: Link type is LINUX_SLL
EtherApe-INFO: 01:31:58.439: Diagram started
EtherApe-INFO: 01:32:05.351: New node: IP: 192.168.1.248. Number of nodes 1
EtherApe-INFO: 01:32:05.351: New node: IP: 149.154.167.50. Number of nodes 2
EtherApe-INFO: 01:32:05.351: New node: IP: 149.154.167.41. Number of nodes 3
EtherApe-INFO: 01:32:05.608: New node: IP: 9.9.9.9. Number of nodes 4
EtherApe-INFO: 01:32:05.608: New node: IP: 8.8.8.8. Number of nodes 5
EtherApe-INFO: 01:32:05.609: New node: IP: 192.168.1.1. Number of nodes 6
EtherApe-INFO: 01:32:55.015: New node: IP: 255.255.255.255. Number of nodes 7
EtherApe-INFO: 01:32:56.551: New node: NONE: 00:00:00:00:00:00. Number of nodes 8
EtherApe-INFO: 01:35:35.322: delete node: NONE: 00:00:00:00:00:00. Number of nodes 7
EtherApe-INFO: 01:36:30.311: New node: IP: 95.216.195.133. Number of nodes 8
EtherApe-INFO: 01:36:46.440: New node: IP: 34.107.221.82. Number of nodes 9
EtherApe-INFO: 01:36:46.445: New node: IP: 104.16.249.249. Number of nodes 10
EtherApe-INFO: 01:36:46.702: New node: IP: 34.120.208.123. Number of nodes 11
EtherApe-INFO: 01:36:46.703: New node: IP: 34.160.144.191. Number of nodes 12
EtherApe-INFO: 01:36:46.704: New node: IP: 142.250.203.138. Number of nodes 13
EtherApe-INFO: 01:36:46.704: New node: IP: 52.222.214.84. Number of nodes 14
EtherApe-INFO: 01:36:46.704: New node: IP: 54.201.164.58. Number of nodes 15
EtherApe-INFO: 01:36:46.706: New node: IP: 35.164.184.131. Number of nodes 16
EtherApe-INFO: 01:36:46.706: New node: IP: 44.238.39.101. Number of nodes 17
EtherApe-INFO: 01:36:46.707: New node: IP: 108.138.17.68. Number of nodes 18
EtherApe-INFO: 01:36:46.953: New node: IP: 35.162.110.205. Number of nodes 19
EtherApe-INFO: 01:36:46.954: New node: IP: 142.250.186.195. Number of nodes 20
EtherApe-INFO: 01:36:46.955: New node: IP: 87.245.216.9. Number of nodes 21
EtherApe-INFO: 01:36:46.959: New node: IP: 104.17.49.74. Number of nodes 22
EtherApe-INFO: 01:36:47.467: New node: IP: 1.1.1.1. Number of nodes 23
EtherApe-INFO: 01:36:48.777: New node: IP: 93.184.220.29. Number of nodes 24
EtherApe-INFO: 01:36:49.042: New node: IP: 216.58.215.110. Number of nodes 25
EtherApe-INFO: 01:36:49.519: New node: IP: 35.186.227.140. Number of nodes 26
EtherApe-INFO: 01:36:49.575: New node: IP: 104.16.248.249. Number of nodes 27
EtherApe-INFO: 01:36:49.769: New node: IP: 138.199.52.14. Number of nodes 28
EtherApe-INFO: 01:36:52.333: New node: IP: 104.17.50.74. Number of nodes 29
EtherApe-INFO: 01:36:53.102: New node: IP: 3.2.8.2. Number of nodes 30
EtherApe-INFO: 01:36:53.103: New node: IP: 54.192.231.110. Number of nodes 31
EtherApe-INFO: 01:36:53.612: New node: IP: 104.16.100.56. Number of nodes 32
EtherApe-INFO: 01:37:07.688: New node: IP: 192.168.0.1. Number of nodes 33
EtherApe-INFO: 01:37:09.228: New node: IP: 192.168.0.218. Number of nodes 34
EtherApe-INFO: 01:38:31.145: delete node: IP: 95.216.195.133. Number of nodes 33
EtherApe-INFO: 01:38:49.594: delete node: IP: 142.250.203.138. Number of nodes 32
EtherApe-INFO: 01:38:49.594: delete node: IP: 35.162.110.205. Number of nodes 31
EtherApe-INFO: 01:38:52.721: delete node: IP: 104.17.50.74. Number of nodes 30
EtherApe-INFO: 01:39:00.404: delete node: IP: 35.164.184.131. Number of nodes 29
EtherApe-INFO: 01:39:00.613: delete node: IP: 1.1.1.1. Number of nodes 28
EtherApe-INFO: 01:39:00.924: delete node: IP: 9.9.9.9. Number of nodes 27
EtherApe-INFO: 01:39:08.529: delete node: IP: 192.168.0.1. Number of nodes 26
EtherApe-INFO: 01:39:10.606: delete node: IP: 192.168.0.218. Number of nodes 25
EtherApe-INFO: 01:39:22.855: New node: IP: 95.216.144.15. Number of nodes 26
EtherApe-INFO: 01:39:50.549: delete node: IP: 54.201.164.58. Number of nodes 25
EtherApe-INFO: 01:39:50.549: delete node: IP: 44.238.39.101. Number of nodes 24
EtherApe-INFO: 01:39:59.463: New node: IP: 89.187.191.12. Number of nodes 25
EtherApe-INFO: 01:40:43.574: delete node: IP: 87.245.216.9. Number of nodes 24
EtherApe-INFO: 01:40:43.574: delete node: IP: 34.107.221.82. Number of nodes 23
EtherApe-INFO: 01:40:45.633: delete node: IP: 142.250.186.195. Number of nodes 22
EtherApe-INFO: 01:40:45.633: delete node: IP: 93.184.220.29. Number of nodes 21
EtherApe-INFO: 01:40:45.633: delete node: IP: 52.222.214.84. Number of nodes 20
EtherApe-INFO: 01:40:50.985: delete node: IP: 54.192.231.110. Number of nodes 19
EtherApe-INFO: 01:41:30.343: New node: IP: 95.216.195.133. Number of nodes 20
EtherApe-INFO: 01:41:37.792: delete node: IP: 108.138.17.68. Number of nodes 19
EtherApe-INFO: 01:41:41.903: delete node: IP: 216.58.215.110. Number of nodes 18
EtherApe-INFO: 01:41:41.903: delete node: IP: 95.216.144.15. Number of nodes 17
EtherApe-INFO: 01:41:41.903: delete node: IP: 34.160.144.191. Number of nodes 16
EtherApe-INFO: 01:41:41.903: delete node: IP: 34.120.208.123. Number of nodes 15
EtherApe-INFO: 01:41:43.473: delete node: IP: 104.17.49.74. Number of nodes 14
EtherApe-INFO: 01:41:43.473: delete node: IP: 35.186.227.140. Number of nodes 13
EtherApe-INFO: 01:41:44.707: delete node: IP: 104.16.100.56. Number of nodes 12
EtherApe-INFO: 01:41:44.707: delete node: IP: 3.2.8.2. Number of nodes 11
EtherApe-INFO: 01:41:49.031: New node: IP: 35.162.110.205. Number of nodes 12
EtherApe-INFO: 01:42:00.377: delete node: IP: 89.187.191.12. Number of nodes 11
EtherApe-INFO: 01:42:26.407: New node: IP: 95.216.144.15. Number of nodes 12
EtherApe-INFO: 01:42:43.559: New node: IP: 204.68.111.105. Number of nodes 13
EtherApe-INFO: 01:42:44.074: New node: IP: 79.142.76.130. Number of nodes 14
EtherApe-INFO: 01:43:31.525: delete node: IP: 95.216.195.133. Number of nodes 13
EtherApe-INFO: 01:43:49.366: delete node: IP: 35.162.110.205. Number of nodes 12
EtherApe-INFO: 01:44:46.964: delete node: IP: 204.68.111.105. Number of nodes 11
EtherApe-INFO: 01:44:46.964: delete node: IP: 79.142.76.130. Number of nodes 10
EtherApe-INFO: 01:45:32.059: delete node: IP: 95.216.144.15. Number of nodes 9
EtherApe-INFO: 01:46:30.376: New node: IP: 95.216.195.133. Number of nodes 10
EtherApe-INFO: 01:46:49.319: New node: IP: 35.162.110.205. Number of nodes 11
EtherApe-INFO: 01:48:30.516: delete node: IP: 95.216.195.133. Number of nodes 10
EtherApe-INFO: 01:48:54.013: delete node: IP: 35.162.110.205. Number of nodes 9
EtherApe-INFO: 01:51:30.408: New node: IP: 95.216.195.133. Number of nodes 10
EtherApe-INFO: 01:51:49.607: New node: IP: 35.162.110.205. Number of nodes 11
EtherApe-INFO: 01:53:31.312: delete node: IP: 95.216.195.133. Number of nodes 10
EtherApe-INFO: 01:53:51.723: delete node: IP: 35.162.110.205. Number of nodes 9
EtherApe-INFO: 01:56:30.440: New node: IP: 95.216.195.133. Number of nodes 10
EtherApe-INFO: 01:56:49.640: New node: IP: 35.162.110.205. Number of nodes 11
EtherApe-INFO: 01:58:30.577: delete node: IP: 95.216.195.133. Number of nodes 10
EtherApe-INFO: 01:58:51.266: delete node: IP: 35.162.110.205. Number of nodes 9
EtherApe-INFO: 02:01:30.471: New node: IP: 95.216.195.133. Number of nodes 10
EtherApe-INFO: 02:01:49.927: New node: IP: 35.162.110.205. Number of nodes 11
EtherApe-INFO: 02:03:30.795: delete node: IP: 95.216.195.133. Number of nodes 10
EtherApe-INFO: 02:03:54.915: delete node: IP: 35.162.110.205. Number of nodes 9
EtherApe-INFO: 02:06:30.247: New node: IP: 95.216.195.133. Number of nodes 10
EtherApe-INFO: 02:06:49.704: New node: IP: 35.162.110.205. Number of nodes 11
EtherApe-INFO: 02:07:09.769: delete node: IP: 104.16.249.249. Number of nodes 10
EtherApe-INFO: 02:07:10.998: delete node: IP: 104.16.248.249. Number of nodes 9
EtherApe-INFO: 02:08:32.684: delete node: IP: 95.216.195.133. Number of nodes 8
EtherApe-INFO: 02:08:50.559: delete node: IP: 35.162.110.205. Number of nodes 7
EtherApe-INFO: 02:10:36.007: New node: IP: 35.162.110.205. Number of nodes 8
EtherApe-INFO: 02:11:30.280: New node: IP: 95.216.195.133. Number of nodes 9
EtherApe-INFO: 02:11:51.527: New node: NONE: 00:00:00:00:00:00. Number of nodes 10
EtherApe-INFO: 02:12:37.442: delete node: IP: 138.199.52.14. Number of nodes 9
EtherApe-INFO: 02:12:37.442: delete node: IP: 35.162.110.205. Number of nodes 8
EtherApe-INFO: 02:13:37.347: delete node: IP: 95.216.195.133. Number of nodes 7
EtherApe-INFO: 02:13:37.347: delete node: IP: 8.8.8.8. Number of nodes 6
EtherApe-INFO: 02:16:30.312: New node: IP: 95.216.195.133. Number of nodes 7
EtherApe-INFO: 02:18:37.372: delete node: IP: 95.216.195.133. Number of nodes 6
EtherApe-INFO: 02:20:17.384: New node: IP: 8.8.8.8. Number of nodes 7
EtherApe-INFO: 02:20:33.512: New node: IP: 149.154.167.216. Number of nodes 8
EtherApe-INFO: 02:21:30.343: New node: IP: 95.216.195.133. Number of nodes 9
EtherApe-INFO: 02:21:47.790: delete node: NONE: 00:00:00:00:00:00. Number of nodes 8
EtherApe-INFO: 02:22:45.352: New node: NONE: 00:00:00:00:00:00. Number of nodes 9
EtherApe-INFO: 02:22:55.095: delete node: IP: 149.154.167.216. Number of nodes 8
EtherApe-INFO: 02:23:25.287: New node: IP: 104.16.249.249. Number of nodes 9
EtherApe-INFO: 02:23:25.801: New node: IP: 104.16.248.249. Number of nodes 10
EtherApe-INFO: 02:23:25.805: New node: IP: 44.238.39.101. Number of nodes 11
EtherApe-INFO: 02:23:26.060: New node: IP: 34.160.144.191. Number of nodes 12
EtherApe-INFO: 02:23:26.061: New node: IP: 34.120.208.123. Number of nodes 13
EtherApe-INFO: 02:23:26.066: New node: IP: 87.245.216.9. Number of nodes 14
EtherApe-INFO: 02:23:26.070: New node: IP: 142.250.186.195. Number of nodes 15
EtherApe-INFO: 02:23:26.317: New node: IP: 54.69.181.45. Number of nodes 16
EtherApe-INFO: 02:23:26.321: New node: IP: 93.184.220.29. Number of nodes 17
EtherApe-INFO: 02:23:26.325: New node: IP: 52.222.214.96. Number of nodes 18
EtherApe-INFO: 02:23:26.325: New node: IP: 54.186.7.43. Number of nodes 19
EtherApe-INFO: 02:23:26.326: New node: IP: 34.107.141.31. Number of nodes 20
EtherApe-INFO: 02:23:26.569: New node: IP: 34.107.221.82. Number of nodes 21
EtherApe-INFO: 02:23:26.573: New node: IP: 108.138.17.61. Number of nodes 22
EtherApe-INFO: 02:23:26.574: New node: IP: 34.209.16.253. Number of nodes 23
EtherApe-INFO: 02:23:27.082: New node: IP: 35.186.227.140. Number of nodes 24
EtherApe-INFO: 02:23:27.084: New node: IP: 104.17.50.74. Number of nodes 25
EtherApe-INFO: 02:23:27.089: New node: IP: 142.250.203.142. Number of nodes 26
EtherApe-INFO: 02:23:27.343: New node: IP: 138.199.52.14. Number of nodes 27
EtherApe-INFO: 02:23:27.593: New node: IP: 1.1.1.1. Number of nodes 28
EtherApe-INFO: 02:23:27.847: New node: IP: 9.9.9.9. Number of nodes 29
EtherApe-INFO: 02:23:30.430: delete node: IP: 95.216.195.133. Number of nodes 28
EtherApe-INFO: 02:23:43.464: New node: IP: 192.168.0.1. Number of nodes 29
EtherApe-INFO: 02:23:43.988: New node: IP: 192.168.0.218. Number of nodes 30
EtherApe-INFO: 02:25:01.799: New node: IP: 127.0.0.1. Number of nodes 31
EtherApe-INFO: 02:25:01.799: New node: IP: 0.0.0.0. Number of nodes 32
EtherApe-INFO: 02:25:02.056: New node: IP: 95.216.195.133. Number of nodes 33
EtherApe-INFO: 02:25:20.749: delete node: NONE: 00:00:00:00:00:00. Number of nodes 32
EtherApe-INFO: 02:25:32.588: delete node: IP: 34.209.16.253. Number of nodes 31
EtherApe-INFO: 02:25:44.132: delete node: IP: 192.168.0.1. Number of nodes 30
EtherApe-INFO: 02:25:46.105: delete node: IP: 192.168.0.218. Number of nodes 29
EtherApe-INFO: 02:26:11.460: delete node: IP: 9.9.9.9. Number of nodes 28
EtherApe-INFO: 02:26:27.600: delete node: IP: 44.238.39.101. Number of nodes 27
EtherApe-INFO: 02:26:27.910: delete node: IP: 54.186.7.43. Number of nodes 26
EtherApe-INFO: 02:27:02.723: delete node: IP: 95.216.195.133. Number of nodes 25
EtherApe-INFO: 02:27:02.723: delete node: IP: 54.69.181.45. Number of nodes 24
EtherApe-INFO: 02:27:02.723: delete node: IP: 0.0.0.0. Number of nodes 23
EtherApe-INFO: 02:27:07.043: delete node: IP: 127.0.0.1. Number of nodes 22
EtherApe-INFO: 02:27:07.558: delete node: IP: 1.1.1.1. Number of nodes 21
EtherApe-INFO: 02:27:19.803: delete node: IP: 142.250.203.142. Number of nodes 20
EtherApe-INFO: 02:27:19.803: delete node: IP: 35.186.227.140. Number of nodes 19
EtherApe-INFO: 02:27:19.803: delete node: IP: 34.160.144.191. Number of nodes 18
EtherApe-INFO: 02:27:19.803: delete node: IP: 34.120.208.123. Number of nodes 17
EtherApe-INFO: 02:27:19.803: delete node: IP: 34.107.141.31. Number of nodes 16
EtherApe-INFO: 02:27:22.169: delete node: IP: 52.222.214.96. Number of nodes 15
EtherApe-INFO: 02:27:24.429: delete node: IP: 142.250.186.195. Number of nodes 14
EtherApe-INFO: 02:27:24.429: delete node: IP: 93.184.220.29. Number of nodes 13
EtherApe-INFO: 02:27:24.429: delete node: IP: 87.245.216.9. Number of nodes 12
EtherApe-INFO: 02:27:24.429: delete node: IP: 34.107.221.82. Number of nodes 11
EtherApe-INFO: 02:28:19.199: delete node: IP: 108.138.17.61. Number of nodes 10
EtherApe-INFO: 02:28:21.054: delete node: IP: 104.17.50.74. Number of nodes 9
EtherApe-INFO: 02:30:01.831: New node: IP: 95.216.195.133. Number of nodes 10
EtherApe-INFO: 02:32:02.420: delete node: IP: 95.216.195.133. Number of nodes 9
EtherApe-INFO: 02:33:20.999: New node: IP: 89.187.191.12. Number of nodes 10
EtherApe-INFO: 02:35:01.863: New node: IP: 95.216.195.133. Number of nodes 11
EtherApe-INFO: 02:35:24.719: delete node: IP: 89.187.191.12. Number of nodes 10
EtherApe-INFO: 02:37:02.717: delete node: IP: 95.216.195.133. Number of nodes 9
EtherApe-INFO: 02:40:01.895: New node: IP: 95.216.195.133. Number of nodes 10
EtherApe-INFO: 02:42:02.235: delete node: IP: 95.216.195.133. Number of nodes 9
EtherApe-INFO: 02:44:08.935: New node: IP: 149.154.167.216. Number of nodes 10
EtherApe-INFO: 02:45:01.927: New node: IP: 95.216.195.133. Number of nodes 11
EtherApe-INFO: 02:46:25.447: delete node: IP: 149.154.167.216. Number of nodes 10
EtherApe-INFO: 02:47:02.860: delete node: IP: 95.216.195.133. Number of nodes 9
EtherApe-INFO: 02:48:58.471: New node: IP: 95.216.144.15. Number of nodes 10
EtherApe-INFO: 02:50:01.960: New node: IP: 95.216.195.133. Number of nodes 11
EtherApe-INFO: 02:50:20.135: New node: IP: 89.187.191.12. Number of nodes 12
EtherApe-INFO: 02:50:31.143: New node: IP: 140.82.121.3. Number of nodes 13
EtherApe-INFO: 02:50:31.400: New node: IP: 204.68.111.105. Number of nodes 14
EtherApe-INFO: 02:50:31.656: New node: IP: 140.82.121.10. Number of nodes 15
EtherApe-INFO: 02:50:31.657: New node: IP: 87.121.121.2. Number of nodes 16
EtherApe-INFO: 02:52:02.555: delete node: IP: 95.216.195.133. Number of nodes 15
EtherApe-INFO: 02:52:21.501: delete node: IP: 89.187.191.12. Number of nodes 14
EtherApe-INFO: 02:52:32.773: delete node: IP: 140.82.121.10. Number of nodes 13
EtherApe-INFO: 02:52:32.773: delete node: IP: 140.82.121.3. Number of nodes 12
EtherApe-INFO: 02:52:34.106: delete node: IP: 204.68.111.105. Number of nodes 11
EtherApe-INFO: 02:52:34.106: delete node: IP: 87.121.121.2. Number of nodes 10
EtherApe-INFO: 02:53:15.251: delete node: IP: 95.216.144.15. Number of nodes 9
EtherApe-INFO: 02:53:48.075: delete node: IP: 104.16.249.249. Number of nodes 8
EtherApe-INFO: 02:53:48.075: delete node: IP: 104.16.248.249. Number of nodes 7
EtherApe-INFO: 02:55:01.991: New node: IP: 95.216.195.133. Number of nodes 8
EtherApe-INFO: 02:57:02.338: delete node: IP: 95.216.195.133. Number of nodes 7
EtherApe-INFO: 03:00:02.023: New node: IP: 95.216.195.133. Number of nodes 8
EtherApe-INFO: 03:01:49.031: New node: IP: 140.82.121.3. Number of nodes 9
EtherApe-INFO: 03:02:02.676: delete node: IP: 95.216.195.133. Number of nodes 8
EtherApe-INFO: 03:05:01.920: New node: IP: 95.216.195.133. Number of nodes 9
EtherApe-INFO: 03:05:08.666: delete node: IP: 140.82.121.3. Number of nodes 8
EtherApe-INFO: 03:06:06.687: New node: IP: 192.168.0.1. Number of nodes 9
EtherApe-INFO: 03:06:07.202: New node: IP: 192.168.0.218. Number of nodes 10
EtherApe-INFO: 03:07:02.535: delete node: IP: 95.216.195.133. Number of nodes 9
EtherApe-INFO: 03:08:07.361: delete node: IP: 192.168.0.1. Number of nodes 8
EtherApe-INFO: 03:08:08.384: delete node: IP: 192.168.0.218. Number of nodes 7
EtherApe-INFO: 03:10:01.952: New node: IP: 95.216.195.133. Number of nodes 8
EtherApe-INFO: 03:12:02.305: delete node: IP: 95.216.195.133. Number of nodes 7
EtherApe-INFO: 03:12:15.840: New node: IP: 34.120.208.123. Number of nodes 8
EtherApe-INFO: 03:14:16.204: delete node: IP: 34.120.208.123. Number of nodes 7
EtherApe-INFO: 03:15:01.983: New node: IP: 95.216.195.133. Number of nodes 8
EtherApe-INFO: 03:15:11.967: New node: IP: 149.154.167.216. Number of nodes 9
EtherApe-INFO: 03:17:02.879: delete node: IP: 95.216.195.133. Number of nodes 8
EtherApe-INFO: 03:17:28.431: delete node: IP: 149.154.167.216. Number of nodes 7
EtherApe-INFO: 03:20:02.016: New node: IP: 95.216.195.133. Number of nodes 8
EtherApe-INFO: 03:22:02.888: delete node: IP: 95.216.195.133. Number of nodes 7
