(etherape:5385): GLib-GIO-DEBUG: 03:14:06.772: _g_io_module_get_default: Found default implementation local (GLocalVfs) for ‘gio-vfs’
(etherape:5385): GLib-GIO-DEBUG: 03:14:06.809: Using cross-namespace EXTERNAL authentication (this will deadlock if server is GDBus < 2.73.3)
EtherApe-INFO: 03:14:06.842: sctp protocol not supported
EtherApe-INFO: 03:14:06.842: dccp protocol not supported
EtherApe-INFO: 03:14:06.842: sctp protocol not supported
EtherApe-INFO: 03:14:06.842: sctp protocol not supported
EtherApe-INFO: 03:14:06.842: sctp protocol not supported
EtherApe-INFO: 03:14:06.842: sctp protocol not supported
EtherApe-INFO: 03:14:06.842: sctp protocol not supported
EtherApe-INFO: 03:14:06.842: sctp protocol not supported
EtherApe-INFO: 03:14:06.842: sctp protocol not supported
EtherApe-INFO: 03:14:06.842: dccp protocol not supported
EtherApe-INFO: 03:14:06.842: sctp protocol not supported
EtherApe-INFO: 03:14:06.842: dccp protocol not supported
EtherApe-INFO: 03:14:06.843: dccp protocol not supported
EtherApe-INFO: 03:14:06.843: sctp protocol not supported
EtherApe-INFO: 03:14:06.843: sctp protocol not supported
EtherApe-INFO: 03:14:06.843: sctp protocol not supported
EtherApe-INFO: 03:14:06.843: sctp protocol not supported
EtherApe-INFO: 03:14:06.843: sctp protocol not supported
EtherApe-INFO: 03:14:06.844: sctp protocol not supported
EtherApe-INFO: 03:14:06.844: sctp protocol not supported
EtherApe-INFO: 03:14:06.844: sctp protocol not supported
EtherApe-INFO: 03:14:06.844: sctp protocol not supported
EtherApe-INFO: 03:14:06.844: sctp protocol not supported
EtherApe-INFO: 03:14:06.844: sctp protocol not supported
EtherApe-INFO: 03:14:06.844: sctp protocol not supported
EtherApe-INFO: 03:14:06.844: sctp protocol not supported
EtherApe-INFO: 03:14:06.844: sctp protocol not supported
EtherApe-INFO: 03:14:06.844: sctp protocol not supported
EtherApe-INFO: 03:14:06.844: dccp protocol not supported
EtherApe-INFO: 03:14:06.844: sctp protocol not supported
EtherApe-INFO: 03:14:06.844: sctp protocol not supported
EtherApe-INFO: 03:14:06.844: dccp protocol not supported
EtherApe-INFO: 03:14:06.844: sctp protocol not supported
EtherApe-INFO: 03:14:06.844: sctp protocol not supported
EtherApe-INFO: 03:14:06.844: sctp protocol not supported
EtherApe-INFO: 03:14:06.844: dccp protocol not supported
EtherApe-INFO: 03:14:06.844: dccp protocol not supported
EtherApe-INFO: 03:14:06.844: sctp protocol not supported
EtherApe-INFO: 03:14:06.844: sctp protocol not supported
EtherApe-INFO: 03:14:06.844: sctp protocol not supported
EtherApe-INFO: 03:14:06.844: sctp protocol not supported
EtherApe-INFO: 03:14:06.845: sctp protocol not supported
EtherApe-INFO: 03:14:06.845: sctp protocol not supported
EtherApe-INFO: 03:14:06.845: sctp protocol not supported
EtherApe-INFO: 03:14:06.845: sctp protocol not supported
EtherApe-INFO: 03:14:06.845: sctp protocol not supported
EtherApe-INFO: 03:14:06.845: sctp protocol not supported
EtherApe-INFO: 03:14:06.845: sctp protocol not supported
EtherApe-INFO: 03:14:06.845: sctp protocol not supported
EtherApe-INFO: 03:14:06.845: sctp protocol not supported
EtherApe-INFO: 03:14:06.845: sctp protocol not supported
EtherApe-INFO: 03:14:06.845: sctp protocol not supported
EtherApe-INFO: 03:14:06.845: sctp protocol not supported
EtherApe-INFO: 03:14:06.845: sctp protocol not supported
EtherApe-INFO: 03:14:06.845: sctp protocol not supported
EtherApe-INFO: 03:14:06.845: sctp protocol not supported
EtherApe-INFO: 03:14:06.845: sctp protocol not supported
EtherApe-INFO: 03:14:06.845: dccp protocol not supported
EtherApe-INFO: 03:14:06.845: sctp protocol not supported
EtherApe-INFO: 03:14:06.845: sctp protocol not supported
EtherApe-INFO: 03:14:06.845: sctp protocol not supported
EtherApe-INFO: 03:14:06.845: sctp protocol not supported
EtherApe-INFO: 03:14:06.845: sctp protocol not supported
EtherApe-INFO: 03:14:06.845: sctp protocol not supported
EtherApe-INFO: 03:14:06.845: sctp protocol not supported
EtherApe-INFO: 03:14:06.845: sctp protocol not supported
EtherApe-INFO: 03:14:06.845: sctp protocol not supported
EtherApe-INFO: 03:14:06.845: sctp protocol not supported
EtherApe-INFO: 03:14:06.845: sctp protocol not supported
EtherApe-INFO: 03:14:06.845: sctp protocol not supported
EtherApe-INFO: 03:14:06.845: sctp protocol not supported
EtherApe-INFO: 03:14:06.845: sctp protocol not supported
EtherApe-INFO: 03:14:06.845: sctp protocol not supported
EtherApe-INFO: 03:14:06.845: sctp protocol not supported
EtherApe-INFO: 03:14:06.845: sctp protocol not supported
EtherApe-INFO: 03:14:06.845: sctp protocol not supported
EtherApe-INFO: 03:14:06.845: sctp protocol not supported
EtherApe-INFO: 03:14:06.845: sctp protocol not supported
EtherApe-INFO: 03:14:06.845: sctp protocol not supported
EtherApe-INFO: 03:14:06.846: sctp protocol not supported
EtherApe-INFO: 03:14:06.846: sctp protocol not supported
EtherApe-INFO: 03:14:06.846: sctp protocol not supported
EtherApe-INFO: 03:14:06.846: sctp protocol not supported
EtherApe-INFO: 03:14:06.846: sctp protocol not supported
EtherApe-INFO: 03:14:06.846: sctp protocol not supported
EtherApe-INFO: 03:14:06.846: sctp protocol not supported
EtherApe-INFO: 03:14:06.846: sctp protocol not supported
EtherApe-INFO: 03:14:06.846: sctp protocol not supported
EtherApe-INFO: 03:14:06.846: sctp protocol not supported
EtherApe-INFO: 03:14:06.846: sctp protocol not supported
EtherApe-INFO: 03:14:06.846: sctp protocol not supported
EtherApe-INFO: 03:14:06.846: sctp protocol not supported
EtherApe-INFO: 03:14:06.846: sctp protocol not supported
EtherApe-INFO: 03:14:06.846: sctp protocol not supported
EtherApe-INFO: 03:14:06.846: sctp protocol not supported
EtherApe-INFO: 03:14:06.846: sctp protocol not supported
EtherApe-INFO: 03:14:06.856: get_interface result: ''
EtherApe-INFO: 03:14:06.857: Available interfaces for capture: dbus-session dbus-system nfqueue nflog bluetooth-monitor lo any enp5s0
EtherApe-INFO: 03:14:06.857: Link type is LINUX_SLL
EtherApe-INFO: 03:14:06.857: Diagram started
EtherApe-INFO: 03:14:06.963: New node: IP: 192.168.0.240. Number of nodes 1
EtherApe-INFO: 03:14:06.963: New node: IP: 2.21.173.50. Number of nodes 2
EtherApe-INFO: 03:14:07.450: New node: IP: 45.57.80.142. Number of nodes 3
EtherApe-INFO: 03:14:08.899: New node: IP: 193.34.169.16. Number of nodes 4
EtherApe-INFO: 03:14:08.899: New node: IP: 172.64.155.188. Number of nodes 5
EtherApe-INFO: 03:14:09.085: New node: IP: 52.29.123.56. Number of nodes 6
EtherApe-INFO: 03:14:09.085: New node: IP: 216.58.215.99. Number of nodes 7
EtherApe-INFO: 03:14:09.675: New node: IP: 8.8.8.8. Number of nodes 8
EtherApe-INFO: 03:14:09.676: New node: IP: 76.223.63.39. Number of nodes 9
EtherApe-INFO: 03:14:10.088: New node: IP: 151.101.66.132. Number of nodes 10
EtherApe-INFO: 03:14:10.088: New node: IP: 151.101.129.91. Number of nodes 11
EtherApe-INFO: 03:14:10.089: New node: IP: 172.67.70.109. Number of nodes 12
EtherApe-INFO: 03:14:10.298: New node: IP: 87.245.217.77. Number of nodes 13
EtherApe-INFO: 03:14:10.331: New node: IP: 192.124.249.22. Number of nodes 14
EtherApe-INFO: 03:14:11.089: New node: IP: 104.18.32.68. Number of nodes 15
EtherApe-INFO: 03:14:11.089: New node: IP: 52.222.226.205. Number of nodes 16
EtherApe-INFO: 03:14:11.089: New node: IP: 192.229.221.95. Number of nodes 17
EtherApe-INFO: 03:14:11.089: New node: IP: 142.250.203.206. Number of nodes 18
EtherApe-INFO: 03:14:11.089: New node: IP: 194.1.147.83. Number of nodes 19
EtherApe-INFO: 03:14:11.353: New node: IP: 216.58.208.195. Number of nodes 20
EtherApe-INFO: 03:14:11.622: New node: IP: 2.21.173.91. Number of nodes 21
EtherApe-INFO: 03:14:11.623: New node: IP: 142.250.203.138. Number of nodes 22
EtherApe-INFO: 03:14:12.156: New node: IP: 104.18.21.226. Number of nodes 23
EtherApe-INFO: 03:14:12.422: New node: IP: 52.58.197.32. Number of nodes 24
EtherApe-INFO: 03:14:12.689: New node: IP: 8.8.4.4. Number of nodes 25
EtherApe-INFO: 03:14:14.022: New node: IP: 149.154.167.50. Number of nodes 26
EtherApe-INFO: 03:14:14.552: New node: IP: 34.107.221.82. Number of nodes 27
EtherApe-INFO: 03:14:14.819: New node: IP: 15.237.5.20. Number of nodes 28
EtherApe-INFO: 03:14:16.160: New node: IP: 192.178.25.174. Number of nodes 29
EtherApe-INFO: 03:14:16.160: New node: IP: 104.16.99.56. Number of nodes 30
EtherApe-INFO: 03:14:16.160: New node: IP: 104.81.209.20. Number of nodes 31
EtherApe-INFO: 03:14:16.160: New node: IP: 142.250.186.206. Number of nodes 32
EtherApe-INFO: 03:14:17.219: New node: IP: 104.17.25.14. Number of nodes 33
EtherApe-INFO: 03:14:17.222: New node: IP: 94.131.218.3. Number of nodes 34
EtherApe-INFO: 03:14:18.028: New node: IP: 52.19.126.17. Number of nodes 35
EtherApe-INFO: 03:14:19.089: New node: IP: 142.250.203.142. Number of nodes 36
EtherApe-INFO: 03:14:20.689: New node: IP: 172.65.251.78. Number of nodes 37
EtherApe-INFO: 03:14:20.689: New node: IP: 54.80.2.54. Number of nodes 38
EtherApe-INFO: 03:14:20.974: New node: IP: 104.16.248.249. Number of nodes 39
EtherApe-INFO: 03:14:20.989: New node: IP: 104.16.26.5. Number of nodes 40
EtherApe-INFO: 03:14:22.179: New node: IP: 185.199.108.153. Number of nodes 41
EtherApe-INFO: 03:14:22.179: New node: IP: 185.199.110.133. Number of nodes 42
EtherApe-INFO: 03:14:22.179: New node: IP: 185.199.108.154. Number of nodes 43
EtherApe-INFO: 03:14:22.716: New node: IP: 52.209.207.31. Number of nodes 44
EtherApe-INFO: 03:14:23.246: New node: IP: 216.58.209.14. Number of nodes 45
EtherApe-INFO: 03:14:24.049: New node: IP: 149.154.167.41. Number of nodes 46
EtherApe-INFO: 03:14:24.313: New node: IP: 216.58.209.1. Number of nodes 47
EtherApe-INFO: 03:14:25.112: New node: IP: 104.18.22.126. Number of nodes 48
EtherApe-INFO: 03:14:25.113: New node: IP: 52.84.106.103. Number of nodes 49
EtherApe-INFO: 03:14:25.912: New node: IP: 142.250.203.133. Number of nodes 50
EtherApe-INFO: 03:14:25.912: New node: IP: 18.244.102.63. Number of nodes 51
EtherApe-INFO: 03:14:26.179: New node: IP: 13.32.27.124. Number of nodes 52
EtherApe-INFO: 03:14:26.179: New node: IP: 108.138.46.56. Number of nodes 53
EtherApe-INFO: 03:14:28.046: New node: IP: 151.101.1.69. Number of nodes 54
EtherApe-INFO: 03:14:28.046: New node: IP: 142.250.203.202. Number of nodes 55
EtherApe-INFO: 03:14:29.113: New node: IP: 193.34.169.17. Number of nodes 56
EtherApe-INFO: 03:14:29.113: New node: IP: 140.82.121.4. Number of nodes 57
EtherApe-INFO: 03:14:29.113: New node: IP: 142.250.75.1. Number of nodes 58
EtherApe-INFO: 03:14:30.980: New node: IP: 172.217.16.14. Number of nodes 59
EtherApe-INFO: 03:14:30.980: New node: IP: 99.86.1.141. Number of nodes 60
EtherApe-INFO: 03:14:30.980: New node: IP: 99.83.197.23. Number of nodes 61
EtherApe-INFO: 03:14:30.980: New node: IP: 151.101.194.152. Number of nodes 62
EtherApe-INFO: 03:14:31.779: New node: IP: 140.82.112.26. Number of nodes 63
EtherApe-INFO: 03:14:32.046: New node: IP: 193.34.168.232. Number of nodes 64
EtherApe-INFO: 03:14:32.046: New node: IP: 104.22.57.102. Number of nodes 65
EtherApe-INFO: 03:14:32.047: New node: IP: 104.21.75.3. Number of nodes 66
EtherApe-INFO: 03:14:33.112: New node: IP: 104.18.11.176. Number of nodes 67
EtherApe-INFO: 03:14:33.113: New node: IP: 91.198.174.192. Number of nodes 68
EtherApe-INFO: 03:14:33.113: New node: IP: 104.17.32.105. Number of nodes 69
EtherApe-INFO: 03:14:33.650: New node: IP: 172.217.16.46. Number of nodes 70
EtherApe-INFO: 03:14:34.984: New node: IP: 52.222.214.221. Number of nodes 71
EtherApe-INFO: 03:14:34.984: New node: IP: 18.66.147.15. Number of nodes 72
EtherApe-INFO: 03:14:34.984: New node: IP: 162.219.225.118. Number of nodes 73
EtherApe-INFO: 03:14:36.046: New node: IP: 172.217.16.10. Number of nodes 74
EtherApe-INFO: 03:14:36.046: New node: IP: 3.33.254.20. Number of nodes 75
EtherApe-INFO: 03:14:38.182: New node: IP: 193.34.169.6. Number of nodes 76
EtherApe-INFO: 03:14:38.182: New node: IP: 54.196.180.215. Number of nodes 77
EtherApe-INFO: 03:14:38.182: New node: IP: 142.250.203.196. Number of nodes 78
EtherApe-INFO: 03:14:38.983: New node: IP: 13.248.197.165. Number of nodes 79
EtherApe-INFO: 03:14:38.983: New node: IP: 18.66.224.68. Number of nodes 80
EtherApe-INFO: 03:14:42.179: New node: IP: 151.101.129.208. Number of nodes 81
EtherApe-INFO: 03:14:42.179: New node: IP: 104.18.6.185. Number of nodes 82
EtherApe-INFO: 03:14:42.179: New node: IP: 18.244.102.120. Number of nodes 83
EtherApe-INFO: 03:14:42.980: New node: IP: 142.250.75.14. Number of nodes 84
EtherApe-INFO: 03:14:42.980: New node: IP: 104.18.40.133. Number of nodes 85
EtherApe-INFO: 03:14:43.246: New node: IP: 104.16.249.249. Number of nodes 86
EtherApe-INFO: 03:14:44.579: New node: IP: 34.117.65.55. Number of nodes 87
EtherApe-INFO: 03:14:46.179: New node: IP: 104.17.49.74. Number of nodes 88
EtherApe-INFO: 03:14:46.980: New node: IP: 34.160.144.191. Number of nodes 89
EtherApe-INFO: 03:14:46.980: New node: IP: 54.155.178.5. Number of nodes 90
EtherApe-INFO: 03:14:46.981: New node: IP: 104.18.12.33. Number of nodes 91
EtherApe-INFO: 03:14:46.981: New node: IP: 35.241.9.150. Number of nodes 92
EtherApe-INFO: 03:14:48.055: New node: IP: 108.138.17.104. Number of nodes 93
EtherApe-INFO: 03:14:48.055: New node: IP: 172.64.107.28. Number of nodes 94
EtherApe-INFO: 03:14:48.055: New node: IP: 34.120.208.123. Number of nodes 95
EtherApe-INFO: 03:14:52.046: New node: IP: 18.66.147.167. Number of nodes 96
EtherApe-INFO: 03:14:52.046: New node: IP: 172.67.209.148. Number of nodes 97
EtherApe-INFO: 03:14:53.112: New node: IP: 18.66.98.108. Number of nodes 98
EtherApe-INFO: 03:14:53.912: New node: IP: 78.154.186.211. Number of nodes 99
EtherApe-INFO: 03:14:55.512: New node: IP: 18.66.224.52. Number of nodes 100
EtherApe-INFO: 03:14:56.045: New node: IP: 2.21.173.146. Number of nodes 101
EtherApe-INFO: 03:14:56.316: New node: IP: 104.81.130.161. Number of nodes 102
EtherApe-INFO: 03:14:56.584: New node: IP: 162.254.197.39. Number of nodes 103
EtherApe-INFO: 03:14:56.846: New node: IP: 155.133.226.75. Number of nodes 104
EtherApe-INFO: 03:14:56.846: New node: IP: 155.133.226.78. Number of nodes 105
EtherApe-INFO: 03:14:56.850: New node: IP: 155.133.252.39. Number of nodes 106
EtherApe-INFO: 03:14:57.113: New node: IP: 162.254.198.44. Number of nodes 107
EtherApe-INFO: 03:14:58.713: New node: IP: 62.140.236.139. Number of nodes 108
EtherApe-INFO: 03:15:00.062: New node: IP: 23.200.161.66. Number of nodes 109
EtherApe-INFO: 03:15:01.116: New node: IP: 2.21.173.136. Number of nodes 110
EtherApe-INFO: 03:15:01.120: New node: IP: 2.21.173.105. Number of nodes 111
EtherApe-INFO: 03:15:04.313: New node: IP: 104.81.107.249. Number of nodes 112
EtherApe-INFO: 03:15:04.315: New node: IP: 2.21.173.130. Number of nodes 113
EtherApe-INFO: 03:15:05.646: New node: IP: 2.21.173.147. Number of nodes 114
EtherApe-INFO: 03:15:05.912: New node: IP: 127.0.0.1. Number of nodes 115
EtherApe-INFO: 03:15:10.183: New node: IP: 62.140.236.147. Number of nodes 116
EtherApe-INFO: 03:15:12.776: New node: IP: 91.223.19.23. Number of nodes 117
EtherApe-INFO: 03:15:14.099: New node: IP: 91.223.19.27. Number of nodes 118
EtherApe-INFO: 03:15:16.081: New node: IP: 198.252.206.25. Number of nodes 119
EtherApe-INFO: 03:15:17.652: New node: IP: 216.58.215.67. Number of nodes 120
EtherApe-INFO: 03:15:53.726: New node: IP: 76.223.92.61. Number of nodes 121
EtherApe-INFO: 03:16:04.125: New node: IP: 3.33.235.18. Number of nodes 122
EtherApe-INFO: 03:16:17.563: delete node: IP: 94.131.218.3. Number of nodes 121
EtherApe-INFO: 03:16:24.449: delete node: IP: 216.58.209.1. Number of nodes 120
EtherApe-INFO: 03:16:25.459: New node: IP: 94.131.218.3. Number of nodes 121
EtherApe-INFO: 03:16:27.641: delete node: IP: 194.1.147.83. Number of nodes 120
EtherApe-INFO: 03:16:29.754: delete node: IP: 18.244.102.63. Number of nodes 119
EtherApe-INFO: 03:16:31.653: delete node: IP: 2.21.173.50. Number of nodes 118
EtherApe-INFO: 03:16:33.550: delete node: IP: 52.58.197.32. Number of nodes 117
EtherApe-INFO: 03:16:33.550: delete node: IP: 52.29.123.56. Number of nodes 116
EtherApe-INFO: 03:16:34.858: delete node: IP: 192.124.249.22. Number of nodes 115
EtherApe-INFO: 03:16:36.135: delete node: IP: 193.34.169.17. Number of nodes 114
EtherApe-INFO: 03:16:36.135: delete node: IP: 87.245.217.77. Number of nodes 113
EtherApe-INFO: 03:16:36.135: delete node: IP: 45.57.80.142. Number of nodes 112
EtherApe-INFO: 03:16:40.180: delete node: IP: 193.34.168.232. Number of nodes 111
EtherApe-INFO: 03:16:46.823: delete node: IP: 193.34.169.6. Number of nodes 110
EtherApe-INFO: 03:16:46.823: delete node: IP: 15.237.5.20. Number of nodes 109
EtherApe-INFO: 03:16:59.406: delete node: IP: 18.66.224.52. Number of nodes 108
EtherApe-INFO: 03:17:00.927: New node: IP: 18.244.108.61. Number of nodes 109
EtherApe-INFO: 03:17:02.793: New node: IP: 34.120.195.249. Number of nodes 110
EtherApe-INFO: 03:17:02.793: New node: IP: 18.66.224.56. Number of nodes 111
EtherApe-INFO: 03:17:02.794: New node: IP: 108.138.44.58. Number of nodes 112
EtherApe-INFO: 03:17:02.830: delete node: IP: 162.254.198.44. Number of nodes 111
EtherApe-INFO: 03:17:02.830: delete node: IP: 162.254.197.39. Number of nodes 110
EtherApe-INFO: 03:17:02.830: delete node: IP: 155.133.252.39. Number of nodes 109
EtherApe-INFO: 03:17:02.830: delete node: IP: 155.133.226.75. Number of nodes 108
EtherApe-INFO: 03:17:03.330: New node: IP: 172.217.16.8. Number of nodes 109
EtherApe-INFO: 03:17:03.595: New node: IP: 104.18.36.10. Number of nodes 110
EtherApe-INFO: 03:17:03.602: New node: IP: 104.81.108.60. Number of nodes 111
EtherApe-INFO: 03:17:03.611: New node: IP: 178.18.231.203. Number of nodes 112
EtherApe-INFO: 03:17:03.739: New node: IP: 213.227.142.34. Number of nodes 113
EtherApe-INFO: 03:17:03.905: New node: IP: 54.217.81.186. Number of nodes 114
EtherApe-INFO: 03:17:04.102: New node: IP: 142.251.1.155. Number of nodes 115
EtherApe-INFO: 03:17:08.074: delete node: IP: 104.18.21.226. Number of nodes 114
EtherApe-INFO: 03:17:11.726: New node: IP: 104.16.57.101. Number of nodes 115
EtherApe-INFO: 03:17:11.726: New node: IP: 152.199.19.161. Number of nodes 116
EtherApe-INFO: 03:17:11.727: New node: IP: 172.64.151.246. Number of nodes 117
EtherApe-INFO: 03:17:11.731: New node: IP: 18.244.102.98. Number of nodes 118
EtherApe-INFO: 03:17:13.946: delete node: IP: 192.178.25.174. Number of nodes 117
EtherApe-INFO: 03:17:17.640: delete node: IP: 104.81.209.20. Number of nodes 116
EtherApe-INFO: 03:17:17.640: delete node: IP: 104.18.32.68. Number of nodes 115
EtherApe-INFO: 03:17:18.125: New node: IP: 104.237.62.211. Number of nodes 116
EtherApe-INFO: 03:17:18.927: New node: IP: 76.223.31.44. Number of nodes 117
EtherApe-INFO: 03:17:19.992: New node: IP: 99.83.228.14. Number of nodes 118
EtherApe-INFO: 03:17:20.792: New node: IP: 95.216.195.133. Number of nodes 119
EtherApe-INFO: 03:17:21.595: New node: IP: 172.65.201.188. Number of nodes 120
EtherApe-INFO: 03:17:25.956: delete node: IP: 2.21.173.146. Number of nodes 119
EtherApe-INFO: 03:17:28.847: delete node: IP: 62.140.236.139. Number of nodes 118
EtherApe-INFO: 03:17:29.062: delete node: IP: 2.21.173.91. Number of nodes 117
EtherApe-INFO: 03:17:30.664: delete node: IP: 140.82.121.4. Number of nodes 116
EtherApe-INFO: 03:17:30.984: delete node: IP: 62.140.236.147. Number of nodes 115
EtherApe-INFO: 03:17:33.961: delete node: IP: 172.64.155.188. Number of nodes 114
EtherApe-INFO: 03:17:34.491: delete node: IP: 91.198.174.192. Number of nodes 113
EtherApe-INFO: 03:17:34.660: New node: IP: 35.188.42.15. Number of nodes 114
EtherApe-INFO: 03:17:36.088: delete node: IP: 52.222.226.205. Number of nodes 113
EtherApe-INFO: 03:17:36.532: New node: IP: 142.250.186.205. Number of nodes 114
EtherApe-INFO: 03:17:36.535: New node: IP: 13.248.213.232. Number of nodes 115
EtherApe-INFO: 03:17:40.061: delete node: IP: 35.241.9.150. Number of nodes 114
EtherApe-INFO: 03:17:40.061: delete node: IP: 34.160.144.191. Number of nodes 113
EtherApe-INFO: 03:17:40.061: delete node: IP: 34.107.221.82. Number of nodes 112
EtherApe-INFO: 03:17:40.275: delete node: IP: 18.244.102.120. Number of nodes 111
EtherApe-INFO: 03:17:41.136: delete node: IP: 172.64.107.28. Number of nodes 110
EtherApe-INFO: 03:17:41.136: delete node: IP: 108.138.17.104. Number of nodes 109
EtherApe-INFO: 03:17:41.136: delete node: IP: 104.18.12.33. Number of nodes 108
EtherApe-INFO: 03:17:41.136: delete node: IP: 104.17.49.74. Number of nodes 107
EtherApe-INFO: 03:17:42.410: delete node: IP: 192.229.221.95. Number of nodes 106
EtherApe-INFO: 03:17:42.410: delete node: IP: 34.120.208.123. Number of nodes 105
EtherApe-INFO: 03:17:43.787: delete node: IP: 34.117.65.55. Number of nodes 104
EtherApe-INFO: 03:17:45.171: delete node: IP: 18.66.147.167. Number of nodes 103
EtherApe-INFO: 03:17:45.931: delete node: IP: 172.67.209.148. Number of nodes 102
EtherApe-INFO: 03:17:45.931: delete node: IP: 18.66.98.108. Number of nodes 101
EtherApe-INFO: 03:17:49.063: New node: IP: 23.23.137.6. Number of nodes 102
EtherApe-INFO: 03:17:49.863: New node: IP: 34.117.65.55. Number of nodes 103
EtherApe-INFO: 03:17:50.744: delete node: IP: 142.250.203.142. Number of nodes 102
EtherApe-INFO: 03:17:53.951: delete node: IP: 76.223.92.61. Number of nodes 101
EtherApe-INFO: 03:17:57.144: delete node: IP: 216.58.215.99. Number of nodes 100
EtherApe-INFO: 03:17:59.731: New node: IP: 104.18.6.57. Number of nodes 101
EtherApe-INFO: 03:18:00.531: New node: IP: 18.66.233.86. Number of nodes 102
EtherApe-INFO: 03:18:01.818: delete node: IP: 172.67.70.109. Number of nodes 101
EtherApe-INFO: 03:18:01.818: delete node: IP: 151.101.129.91. Number of nodes 100
EtherApe-INFO: 03:18:02.859: delete node: IP: 151.101.66.132. Number of nodes 99
EtherApe-INFO: 03:18:04.144: delete node: IP: 3.33.235.18. Number of nodes 98
EtherApe-INFO: 03:18:04.928: New node: IP: 3.33.235.18. Number of nodes 99
EtherApe-INFO: 03:18:08.695: delete node: IP: 104.17.25.14. Number of nodes 98
EtherApe-INFO: 03:18:09.013: delete node: IP: 104.16.99.56. Number of nodes 97
EtherApe-INFO: 03:18:12.952: delete node: IP: 104.16.26.5. Number of nodes 96
EtherApe-INFO: 03:18:13.838: delete node: IP: 185.199.110.133. Number of nodes 95
EtherApe-INFO: 03:18:13.838: delete node: IP: 185.199.108.154. Number of nodes 94
EtherApe-INFO: 03:18:14.799: delete node: IP: 185.199.108.153. Number of nodes 93
EtherApe-INFO: 03:18:16.399: delete node: IP: 216.58.215.67. Number of nodes 92
EtherApe-INFO: 03:18:16.926: delete node: IP: 104.18.22.126. Number of nodes 91
EtherApe-INFO: 03:18:17.794: delete node: IP: 108.138.46.56. Number of nodes 90
EtherApe-INFO: 03:18:17.794: delete node: IP: 52.84.106.103. Number of nodes 89
EtherApe-INFO: 03:18:18.853: delete node: IP: 13.32.27.124. Number of nodes 88
EtherApe-INFO: 03:18:19.936: delete node: IP: 151.101.1.69. Number of nodes 87
EtherApe-INFO: 03:18:20.994: delete node: IP: 142.250.75.1. Number of nodes 86
EtherApe-INFO: 03:18:22.910: delete node: IP: 172.217.16.14. Number of nodes 85
EtherApe-INFO: 03:18:23.972: delete node: IP: 104.21.75.3. Number of nodes 84
EtherApe-INFO: 03:18:23.972: delete node: IP: 99.86.1.141. Number of nodes 83
EtherApe-INFO: 03:18:23.972: delete node: IP: 99.83.197.23. Number of nodes 82
EtherApe-INFO: 03:18:25.041: delete node: IP: 151.101.194.152. Number of nodes 81
EtherApe-INFO: 03:18:25.041: delete node: IP: 104.22.57.102. Number of nodes 80
EtherApe-INFO: 03:18:25.041: delete node: IP: 104.18.11.176. Number of nodes 79
EtherApe-INFO: 03:18:25.463: delete node: IP: 94.131.218.3. Number of nodes 78
EtherApe-INFO: 03:18:25.781: delete node: IP: 172.65.251.78. Number of nodes 77
EtherApe-INFO: 03:18:26.855: delete node: IP: 18.66.147.15. Number of nodes 76
EtherApe-INFO: 03:18:27.914: delete node: IP: 172.217.16.10. Number of nodes 75
EtherApe-INFO: 03:18:27.914: delete node: IP: 162.219.225.118. Number of nodes 74
EtherApe-INFO: 03:18:27.914: delete node: IP: 142.250.203.202. Number of nodes 73
EtherApe-INFO: 03:18:27.914: delete node: IP: 52.222.214.221. Number of nodes 72
EtherApe-INFO: 03:18:27.914: delete node: IP: 3.33.254.20. Number of nodes 71
EtherApe-INFO: 03:18:30.877: delete node: IP: 18.66.224.68. Number of nodes 70
EtherApe-INFO: 03:18:31.088: delete node: IP: 54.196.180.215. Number of nodes 69
EtherApe-INFO: 03:18:31.931: delete node: IP: 13.248.197.165. Number of nodes 68
EtherApe-INFO: 03:18:33.839: delete node: IP: 151.101.129.208. Number of nodes 67
EtherApe-INFO: 03:18:34.903: delete node: IP: 142.250.75.14. Number of nodes 66
EtherApe-INFO: 03:18:34.903: delete node: IP: 104.18.40.133. Number of nodes 65
EtherApe-INFO: 03:18:38.833: delete node: IP: 142.250.186.206. Number of nodes 64
EtherApe-INFO: 03:18:38.833: delete node: IP: 54.155.178.5. Number of nodes 63
EtherApe-INFO: 03:18:41.468: delete node: IP: 52.19.126.17. Number of nodes 62
EtherApe-INFO: 03:18:43.918: delete node: IP: 91.223.19.27. Number of nodes 61
EtherApe-INFO: 03:18:44.239: delete node: IP: 91.223.19.23. Number of nodes 60
EtherApe-INFO: 03:19:02.808: delete node: IP: 34.120.195.249. Number of nodes 59
EtherApe-INFO: 03:19:09.193: delete node: IP: 8.8.4.4. Number of nodes 58
EtherApe-INFO: 03:19:11.933: delete node: IP: 108.138.44.58. Number of nodes 57
EtherApe-INFO: 03:19:11.933: delete node: IP: 18.66.224.56. Number of nodes 56
EtherApe-INFO: 03:19:16.133: New node: IP: 18.66.224.56. Number of nodes 57
EtherApe-INFO: 03:19:20.503: delete node: IP: 104.237.62.211. Number of nodes 56
EtherApe-INFO: 03:19:21.036: delete node: IP: 95.216.195.133. Number of nodes 55
EtherApe-INFO: 03:19:24.959: delete node: IP: 172.217.16.46. Number of nodes 54
EtherApe-INFO: 03:19:34.625: delete node: IP: 76.223.31.44. Number of nodes 53
EtherApe-INFO: 03:19:34.835: delete node: IP: 213.227.142.34. Number of nodes 52
EtherApe-INFO: 03:19:39.063: New node: IP: 18.244.102.54. Number of nodes 53
EtherApe-INFO: 03:19:50.106: delete node: IP: 34.117.65.55. Number of nodes 52
EtherApe-INFO: 03:19:50.315: delete node: IP: 23.23.137.6. Number of nodes 51
EtherApe-INFO: 03:19:56.962: delete node: IP: 78.154.186.211. Number of nodes 50
EtherApe-INFO: 03:20:04.969: delete node: IP: 3.33.235.18. Number of nodes 49
EtherApe-INFO: 03:20:05.727: New node: IP: 3.33.235.18. Number of nodes 50
EtherApe-INFO: 03:20:08.769: delete node: IP: 178.18.231.203. Number of nodes 49
EtherApe-INFO: 03:20:08.769: delete node: IP: 104.81.108.60. Number of nodes 48
EtherApe-INFO: 03:20:15.065: New node: IP: 34.120.208.123. Number of nodes 49
EtherApe-INFO: 03:20:34.265: New node: IP: 76.223.31.44. Number of nodes 50
EtherApe-INFO: 03:20:41.732: New node: IP: 94.131.218.3. Number of nodes 51
EtherApe-INFO: 03:20:50.616: delete node: IP: 35.188.42.15. Number of nodes 50
EtherApe-INFO: 03:20:58.639: delete node: IP: 152.199.19.161. Number of nodes 49
EtherApe-INFO: 03:21:16.398: delete node: IP: 18.66.224.56. Number of nodes 48
EtherApe-INFO: 03:21:39.370: delete node: IP: 18.244.102.54. Number of nodes 47
EtherApe-INFO: 03:21:39.370: delete node: IP: 8.8.8.8. Number of nodes 46
EtherApe-INFO: 03:22:03.062: New node: IP: 8.8.8.8. Number of nodes 47
EtherApe-INFO: 03:22:03.064: New node: IP: 108.138.44.58. Number of nodes 48
EtherApe-INFO: 03:22:03.064: New node: IP: 18.66.224.46. Number of nodes 49
EtherApe-INFO: 03:22:05.787: delete node: IP: 3.33.235.18. Number of nodes 48
EtherApe-INFO: 03:22:06.532: New node: IP: 3.33.235.18. Number of nodes 49
EtherApe-INFO: 03:22:20.662: New node: IP: 95.216.195.133. Number of nodes 50
EtherApe-INFO: 03:22:27.666: delete node: IP: 142.250.186.205. Number of nodes 49
EtherApe-INFO: 03:22:34.588: delete node: IP: 76.223.31.44. Number of nodes 48
EtherApe-INFO: 03:22:41.834: delete node: IP: 94.131.218.3. Number of nodes 47
EtherApe-INFO: 03:22:49.826: delete node: IP: 104.18.6.185. Number of nodes 46
EtherApe-INFO: 03:22:50.263: New node: IP: 34.117.65.55. Number of nodes 47
EtherApe-INFO: 03:22:51.613: delete node: IP: 104.18.6.57. Number of nodes 46
EtherApe-INFO: 03:22:51.613: delete node: IP: 104.17.32.105. Number of nodes 45
EtherApe-INFO: 03:22:51.613: delete node: IP: 18.66.233.86. Number of nodes 44
EtherApe-INFO: 03:23:04.409: delete node: IP: 142.251.1.155. Number of nodes 43
EtherApe-INFO: 03:23:04.409: delete node: IP: 142.250.203.196. Number of nodes 42
EtherApe-INFO: 03:23:11.651: delete node: IP: 172.217.16.8. Number of nodes 41
EtherApe-INFO: 03:23:11.976: delete node: IP: 142.250.203.206. Number of nodes 40
EtherApe-INFO: 03:23:12.185: delete node: IP: 18.244.102.98. Number of nodes 39
EtherApe-INFO: 03:23:12.715: delete node: IP: 34.120.208.123. Number of nodes 38
EtherApe-INFO: 03:23:31.333: New node: IP: 104.18.14.117. Number of nodes 39
EtherApe-INFO: 03:23:33.197: New node: IP: 54.171.156.218. Number of nodes 40
EtherApe-INFO: 03:23:34.263: New node: IP: 76.223.31.44. Number of nodes 41
EtherApe-INFO: 03:23:39.062: New node: IP: 54.75.137.188. Number of nodes 42
EtherApe-INFO: 03:23:39.327: New node: IP: 18.244.102.54. Number of nodes 43
EtherApe-INFO: 03:24:06.583: delete node: IP: 3.33.235.18. Number of nodes 42
EtherApe-INFO: 03:24:07.332: New node: IP: 3.33.235.18. Number of nodes 43
EtherApe-INFO: 03:24:12.183: delete node: IP: 108.138.44.58. Number of nodes 42
EtherApe-INFO: 03:24:12.183: delete node: IP: 18.66.224.46. Number of nodes 41
EtherApe-INFO: 03:24:21.004: delete node: IP: 95.216.195.133. Number of nodes 40
EtherApe-INFO: 03:24:27.060: New node: IP: 18.66.224.46. Number of nodes 41
EtherApe-INFO: 03:24:50.369: delete node: IP: 34.117.65.55. Number of nodes 40
EtherApe-INFO: 03:25:17.776: delete node: IP: 172.64.151.246. Number of nodes 39
EtherApe-INFO: 03:25:17.777: delete node: IP: 104.16.57.101. Number of nodes 38
EtherApe-INFO: 03:25:33.263: delete node: IP: 54.171.156.218. Number of nodes 37
EtherApe-INFO: 03:25:34.318: delete node: IP: 76.223.31.44. Number of nodes 36
EtherApe-INFO: 03:25:39.439: delete node: IP: 54.75.137.188. Number of nodes 35
EtherApe-INFO: 03:25:39.439: delete node: IP: 18.244.102.54. Number of nodes 34
EtherApe-INFO: 03:25:39.439: delete node: IP: 8.8.8.8. Number of nodes 33
EtherApe-INFO: 03:25:50.798: New node: IP: 8.8.8.8. Number of nodes 34
EtherApe-INFO: 03:26:07.341: delete node: IP: 3.33.235.18. Number of nodes 33
EtherApe-INFO: 03:26:08.394: New node: IP: 3.33.235.18. Number of nodes 34
EtherApe-INFO: 03:26:19.866: New node: IP: 142.250.186.197. Number of nodes 35
EtherApe-INFO: 03:26:27.171: delete node: IP: 18.66.224.46. Number of nodes 34
EtherApe-INFO: 03:26:34.263: New node: IP: 76.223.31.44. Number of nodes 35
EtherApe-INFO: 03:26:37.196: New node: IP: 18.244.102.54. Number of nodes 36
EtherApe-INFO: 03:26:38.003: New node: IP: 18.244.102.63. Number of nodes 37
EtherApe-INFO: 03:26:53.556: delete node: IP: 2.21.173.136. Number of nodes 36
EtherApe-INFO: 03:26:56.993: delete node: IP: 104.81.107.249. Number of nodes 35
EtherApe-INFO: 03:26:56.993: delete node: IP: 2.21.173.147. Number of nodes 34
EtherApe-INFO: 03:26:56.993: delete node: IP: 2.21.173.130. Number of nodes 33
EtherApe-INFO: 03:26:58.555: delete node: IP: 2.21.173.105. Number of nodes 32
EtherApe-INFO: 03:27:03.332: New node: IP: 108.138.44.58. Number of nodes 33
EtherApe-INFO: 03:27:03.332: New node: IP: 18.66.224.56. Number of nodes 34
EtherApe-INFO: 03:27:03.332: New node: IP: 18.244.108.46. Number of nodes 35
EtherApe-INFO: 03:27:03.669: delete node: IP: 104.81.130.161. Number of nodes 34
EtherApe-INFO: 03:27:03.669: delete node: IP: 23.200.161.66. Number of nodes 33
EtherApe-INFO: 03:27:20.665: New node: IP: 95.216.195.133. Number of nodes 34
EtherApe-INFO: 03:27:38.528: New node: IP: 216.58.209.13. Number of nodes 35
EtherApe-INFO: 03:27:50.263: New node: IP: 34.117.65.55. Number of nodes 36
EtherApe-INFO: 03:27:51.428: delete node: IP: 104.18.36.10. Number of nodes 35
EtherApe-INFO: 03:28:08.437: delete node: IP: 3.33.235.18. Number of nodes 34
EtherApe-INFO: 03:28:09.479: delete node: IP: 142.250.203.133. Number of nodes 33
EtherApe-INFO: 03:28:22.542: delete node: IP: 104.18.14.117. Number of nodes 32
EtherApe-INFO: 03:28:34.533: delete node: IP: 76.223.31.44. Number of nodes 31
EtherApe-INFO: 03:29:10.263: New node: IP: 62.140.236.155. Number of nodes 32
EtherApe-INFO: 03:29:12.177: delete node: IP: 108.138.44.58. Number of nodes 31
EtherApe-INFO: 03:29:12.177: delete node: IP: 18.244.108.46. Number of nodes 30
EtherApe-INFO: 03:29:12.490: delete node: IP: 18.66.224.56. Number of nodes 29
EtherApe-INFO: 03:29:14.000: New node: IP: 94.131.218.3. Number of nodes 30
EtherApe-INFO: 03:29:20.931: delete node: IP: 95.216.195.133. Number of nodes 29
EtherApe-INFO: 03:29:27.330: New node: IP: 18.66.224.56. Number of nodes 30
EtherApe-INFO: 03:29:34.263: New node: IP: 76.223.31.44. Number of nodes 31
EtherApe-INFO: 03:29:35.627: delete node: IP: 18.244.102.54. Number of nodes 30
EtherApe-INFO: 03:29:50.322: delete node: IP: 34.117.65.55. Number of nodes 29
EtherApe-INFO: 03:30:05.834: delete node: IP: 18.244.102.63. Number of nodes 28
EtherApe-INFO: 03:30:20.404: delete node: IP: 18.244.108.61. Number of nodes 27
EtherApe-INFO: 03:30:28.399: New node: IP: 172.217.16.42. Number of nodes 28
EtherApe-INFO: 03:30:33.837: delete node: IP: 198.252.206.25. Number of nodes 27
EtherApe-INFO: 03:30:48.129: New node: IP: 18.244.102.63. Number of nodes 28
EtherApe-INFO: 03:31:10.564: delete node: IP: 142.250.186.197. Number of nodes 27
EtherApe-INFO: 03:31:14.087: delete node: IP: 94.131.218.3. Number of nodes 26
EtherApe-INFO: 03:31:21.196: New node: IP: 142.250.203.197. Number of nodes 27
EtherApe-INFO: 03:31:27.398: delete node: IP: 18.66.224.56. Number of nodes 26
EtherApe-INFO: 03:31:34.580: delete node: IP: 76.223.31.44. Number of nodes 25
EtherApe-INFO: 03:31:40.404: delete node: IP: 62.140.236.155. Number of nodes 24
EtherApe-INFO: 03:32:03.599: New node: IP: 18.244.108.61. Number of nodes 25
EtherApe-INFO: 03:32:03.599: New node: IP: 18.66.224.46. Number of nodes 26
EtherApe-INFO: 03:32:03.599: New node: IP: 108.138.44.49. Number of nodes 27
EtherApe-INFO: 03:32:20.663: New node: IP: 95.216.195.133. Number of nodes 28
EtherApe-INFO: 03:32:28.691: delete node: IP: 172.217.16.42. Number of nodes 27
EtherApe-INFO: 03:32:29.727: delete node: IP: 216.58.209.13. Number of nodes 26
EtherApe-INFO: 03:32:34.263: New node: IP: 76.223.31.44. Number of nodes 27
EtherApe-INFO: 03:32:50.528: New node: IP: 34.117.65.55. Number of nodes 28
EtherApe-INFO: 03:33:31.600: New node: IP: 104.18.14.117. Number of nodes 29
EtherApe-INFO: 03:33:32.128: New node: IP: 198.252.206.25. Number of nodes 30
EtherApe-INFO: 03:33:47.598: New node: IP: 54.75.137.188. Number of nodes 31
EtherApe-INFO: 03:33:54.267: New node: IP: 52.51.253.173. Number of nodes 32
EtherApe-INFO: 03:33:59.597: New node: IP: 18.244.102.3. Number of nodes 33
EtherApe-INFO: 03:34:12.502: delete node: IP: 108.138.44.49. Number of nodes 32
EtherApe-INFO: 03:34:12.502: delete node: IP: 18.66.224.46. Number of nodes 31
EtherApe-INFO: 03:34:20.392: New node: IP: 172.64.151.246. Number of nodes 32
EtherApe-INFO: 03:34:20.935: delete node: IP: 95.216.195.133. Number of nodes 31
EtherApe-INFO: 03:34:27.329: New node: IP: 18.66.224.46. Number of nodes 32
EtherApe-INFO: 03:34:27.618: delete node: IP: 18.244.108.61. Number of nodes 31
EtherApe-INFO: 03:34:34.299: delete node: IP: 76.223.31.44. Number of nodes 30
EtherApe-INFO: 03:34:50.590: delete node: IP: 34.117.65.55. Number of nodes 29
EtherApe-INFO: 03:35:34.263: New node: IP: 76.223.31.44. Number of nodes 30
EtherApe-INFO: 03:35:34.323: delete node: IP: 198.252.206.25. Number of nodes 29
EtherApe-INFO: 03:35:47.644: delete node: IP: 54.75.137.188. Number of nodes 28
EtherApe-INFO: 03:35:54.595: delete node: IP: 52.51.253.173. Number of nodes 27
EtherApe-INFO: 03:35:59.676: delete node: IP: 18.244.102.63. Number of nodes 26
EtherApe-INFO: 03:36:11.930: delete node: IP: 142.250.203.197. Number of nodes 25
EtherApe-INFO: 03:36:20.397: New node: IP: 142.250.186.202. Number of nodes 26
EtherApe-INFO: 03:36:20.463: delete node: IP: 8.8.8.8. Number of nodes 25
EtherApe-INFO: 03:36:20.659: New node: IP: 8.8.8.8. Number of nodes 26
EtherApe-INFO: 03:36:20.672: delete node: IP: 172.64.151.246. Number of nodes 25
EtherApe-INFO: 03:36:21.726: New node: IP: 142.250.186.197. Number of nodes 26
EtherApe-INFO: 03:36:27.339: delete node: IP: 18.66.224.46. Number of nodes 25
EtherApe-INFO: 03:36:46.262: New node: IP: 149.154.167.216. Number of nodes 26
EtherApe-INFO: 03:36:51.362: delete node: IP: 18.244.102.3. Number of nodes 25
EtherApe-INFO: 03:37:03.865: New node: IP: 108.138.44.49. Number of nodes 26
EtherApe-INFO: 03:37:03.867: New node: IP: 18.244.108.61. Number of nodes 27
EtherApe-INFO: 03:37:03.867: New node: IP: 18.66.224.52. Number of nodes 28
EtherApe-INFO: 03:37:20.665: New node: IP: 95.216.195.133. Number of nodes 29
EtherApe-INFO: 03:37:34.581: delete node: IP: 76.223.31.44. Number of nodes 28
EtherApe-INFO: 03:37:39.600: New node: IP: 142.250.203.205. Number of nodes 29
EtherApe-INFO: 03:37:50.795: New node: IP: 34.117.65.55. Number of nodes 30
EtherApe-INFO: 03:37:59.595: New node: IP: 18.244.102.63. Number of nodes 31
EtherApe-INFO: 03:37:59.862: New node: IP: 18.244.102.3. Number of nodes 32
EtherApe-INFO: 03:38:20.402: delete node: IP: 142.250.186.202. Number of nodes 31
EtherApe-INFO: 03:38:22.900: delete node: IP: 104.18.14.117. Number of nodes 30
EtherApe-INFO: 03:38:32.929: New node: IP: 198.252.206.25. Number of nodes 31
EtherApe-INFO: 03:38:34.266: New node: IP: 76.223.31.44. Number of nodes 32
EtherApe-INFO: 03:39:01.473: delete node: IP: 149.154.167.216. Number of nodes 31
EtherApe-INFO: 03:39:12.738: delete node: IP: 108.138.44.49. Number of nodes 30
EtherApe-INFO: 03:39:12.738: delete node: IP: 18.244.108.61. Number of nodes 29
EtherApe-INFO: 03:39:12.738: delete node: IP: 18.66.224.52. Number of nodes 28
EtherApe-INFO: 03:39:20.950: delete node: IP: 95.216.195.133. Number of nodes 27
EtherApe-INFO: 03:39:27.596: New node: IP: 18.66.224.52. Number of nodes 28
EtherApe-INFO: 03:39:39.941: delete node: IP: 8.8.8.8. Number of nodes 27
EtherApe-INFO: 03:39:48.930: New node: IP: 54.189.57.246. Number of nodes 28
EtherApe-INFO: 03:39:49.195: New node: IP: 8.8.8.8. Number of nodes 29
EtherApe-INFO: 03:39:49.461: New node: IP: 192.229.221.95. Number of nodes 30
EtherApe-INFO: 03:39:50.850: delete node: IP: 34.117.65.55. Number of nodes 29
EtherApe-INFO: 03:39:59.062: New node: IP: 192.178.25.170. Number of nodes 30
EtherApe-INFO: 03:39:59.691: delete node: IP: 18.244.102.63. Number of nodes 29
EtherApe-INFO: 03:40:29.737: delete node: IP: 18.244.102.3. Number of nodes 28
EtherApe-INFO: 03:40:34.623: delete node: IP: 76.223.31.44. Number of nodes 27
EtherApe-INFO: 03:40:34.830: delete node: IP: 198.252.206.25. Number of nodes 26
EtherApe-INFO: 03:41:12.744: delete node: IP: 142.250.186.197. Number of nodes 25
EtherApe-INFO: 03:41:22.798: New node: IP: 172.217.16.5. Number of nodes 26
EtherApe-INFO: 03:41:27.687: delete node: IP: 18.66.224.52. Number of nodes 25
EtherApe-INFO: 03:41:32.128: New node: IP: 142.250.186.202. Number of nodes 26
EtherApe-INFO: 03:41:34.525: New node: IP: 76.223.31.44. Number of nodes 27
EtherApe-INFO: 03:41:50.009: delete node: IP: 54.189.57.246. Number of nodes 26
EtherApe-INFO: 03:41:59.155: delete node: IP: 192.178.25.170. Number of nodes 25
EtherApe-INFO: 03:42:04.393: New node: IP: 18.244.108.46. Number of nodes 26
EtherApe-INFO: 03:42:04.393: New node: IP: 108.138.44.58. Number of nodes 27
EtherApe-INFO: 03:42:04.393: New node: IP: 18.66.224.56. Number of nodes 28
EtherApe-INFO: 03:42:20.664: New node: IP: 95.216.195.133. Number of nodes 29
EtherApe-INFO: 03:42:29.731: New node: IP: 18.244.102.3. Number of nodes 30
EtherApe-INFO: 03:42:30.282: delete node: IP: 142.250.203.205. Number of nodes 29
EtherApe-INFO: 03:42:50.259: New node: IP: 34.117.65.55. Number of nodes 30
EtherApe-INFO: 03:42:50.528: New node: IP: 104.18.36.10. Number of nodes 31
EtherApe-INFO: 03:43:06.297: delete node: IP: 104.16.249.249. Number of nodes 30
EtherApe-INFO: 03:43:17.730: New node: IP: 18.244.108.61. Number of nodes 31
EtherApe-INFO: 03:43:31.859: New node: IP: 104.18.14.117. Number of nodes 32
EtherApe-INFO: 03:43:33.462: New node: IP: 198.252.206.25. Number of nodes 33
EtherApe-INFO: 03:43:34.614: delete node: IP: 76.223.31.44. Number of nodes 32
EtherApe-INFO: 03:43:45.229: delete node: IP: 192.229.221.95. Number of nodes 31
EtherApe-INFO: 03:43:45.462: New node: IP: 142.250.203.142. Number of nodes 32
EtherApe-INFO: 03:44:01.996: New node: IP: 52.51.253.173. Number of nodes 33
EtherApe-INFO: 03:44:03.598: New node: IP: 54.73.148.110. Number of nodes 34
EtherApe-INFO: 03:44:08.661: New node: IP: 52.16.16.21. Number of nodes 35
EtherApe-INFO: 03:44:12.732: delete node: IP: 108.138.44.58. Number of nodes 34
EtherApe-INFO: 03:44:12.732: delete node: IP: 18.244.108.46. Number of nodes 33
EtherApe-INFO: 03:44:12.941: delete node: IP: 18.66.224.56. Number of nodes 32
EtherApe-INFO: 03:44:20.964: delete node: IP: 95.216.195.133. Number of nodes 31
EtherApe-INFO: 03:44:27.859: New node: IP: 18.66.224.56. Number of nodes 32
EtherApe-INFO: 03:44:30.005: delete node: IP: 18.244.102.3. Number of nodes 31
EtherApe-INFO: 03:44:32.129: New node: IP: 140.82.113.26. Number of nodes 32
EtherApe-INFO: 03:44:34.525: New node: IP: 76.223.31.44. Number of nodes 33
EtherApe-INFO: 03:44:50.846: delete node: IP: 104.18.36.10. Number of nodes 32
EtherApe-INFO: 03:44:51.158: delete node: IP: 34.117.65.55. Number of nodes 31
EtherApe-INFO: 03:45:20.684: delete node: IP: 18.244.108.61. Number of nodes 30
EtherApe-INFO: 03:45:35.362: delete node: IP: 198.252.206.25. Number of nodes 29
EtherApe-INFO: 03:46:02.011: delete node: IP: 52.51.253.173. Number of nodes 28
EtherApe-INFO: 03:46:08.979: delete node: IP: 52.16.16.21. Number of nodes 27
EtherApe-INFO: 03:46:13.747: delete node: IP: 172.217.16.5. Number of nodes 26
EtherApe-INFO: 03:46:18.260: New node: IP: 94.131.218.3. Number of nodes 27
EtherApe-INFO: 03:46:23.864: New node: IP: 142.250.203.197. Number of nodes 28
EtherApe-INFO: 03:46:27.897: delete node: IP: 18.66.224.56. Number of nodes 27
EtherApe-INFO: 03:46:32.148: delete node: IP: 140.82.112.26. Number of nodes 26
EtherApe-INFO: 03:46:32.460: delete node: IP: 8.8.8.8. Number of nodes 25
EtherApe-INFO: 03:46:34.565: delete node: IP: 76.223.31.44. Number of nodes 24
EtherApe-INFO: 03:46:35.915: delete node: IP: 142.250.186.202. Number of nodes 23
EtherApe-INFO: 03:46:59.858: New node: IP: 76.223.31.44. Number of nodes 24
EtherApe-INFO: 03:46:59.859: New node: IP: 35.188.42.15. Number of nodes 25
EtherApe-INFO: 03:46:59.859: New node: IP: 18.244.102.63. Number of nodes 26
EtherApe-INFO: 03:46:59.859: New node: IP: 18.244.102.3. Number of nodes 27
EtherApe-INFO: 03:47:00.396: New node: IP: 8.8.8.8. Number of nodes 28
EtherApe-INFO: 03:47:00.396: New node: IP: 18.244.108.54. Number of nodes 29
EtherApe-INFO: 03:47:04.660: New node: IP: 108.138.44.61. Number of nodes 30
EtherApe-INFO: 03:47:04.660: New node: IP: 18.66.224.46. Number of nodes 31
EtherApe-INFO: 03:47:20.663: New node: IP: 95.216.195.133. Number of nodes 32
EtherApe-INFO: 03:47:24.930: New node: IP: 216.58.215.110. Number of nodes 33
EtherApe-INFO: 03:47:25.995: New node: IP: 23.200.161.66. Number of nodes 34
EtherApe-INFO: 03:47:26.261: New node: IP: 34.120.195.249. Number of nodes 35
EtherApe-INFO: 03:47:27.063: New node: IP: 104.81.130.161. Number of nodes 36
EtherApe-INFO: 03:47:40.927: New node: IP: 192.178.25.173. Number of nodes 37
EtherApe-INFO: 03:47:50.526: New node: IP: 146.75.120.193. Number of nodes 38
EtherApe-INFO: 03:47:51.059: New node: IP: 34.117.65.55. Number of nodes 39
EtherApe-INFO: 03:47:57.459: New node: IP: 34.120.208.123. Number of nodes 40
EtherApe-INFO: 03:47:57.462: New node: IP: 192.229.221.95. Number of nodes 41
EtherApe-INFO: 03:47:59.327: New node: IP: 216.58.215.99. Number of nodes 42
EtherApe-INFO: 03:47:59.329: New node: IP: 142.250.203.131. Number of nodes 43
EtherApe-INFO: 03:48:01.193: New node: IP: 142.250.186.202. Number of nodes 44
EtherApe-INFO: 03:48:03.860: New node: IP: 216.58.209.1. Number of nodes 45
EtherApe-INFO: 03:48:18.343: delete node: IP: 94.131.218.3. Number of nodes 44
EtherApe-INFO: 03:48:22.791: delete node: IP: 104.18.14.117. Number of nodes 43
EtherApe-INFO: 03:48:33.318: New node: IP: 216.58.215.74. Number of nodes 44
EtherApe-INFO: 03:48:33.741: New node: IP: 198.252.206.25. Number of nodes 45
EtherApe-INFO: 03:48:35.949: delete node: IP: 142.250.203.142. Number of nodes 44
EtherApe-INFO: 03:48:56.167: delete node: IP: 54.73.148.110. Number of nodes 43
EtherApe-INFO: 03:49:00.522: delete node: IP: 172.65.201.188. Number of nodes 42
EtherApe-INFO: 03:49:00.522: delete node: IP: 99.83.228.14. Number of nodes 41
EtherApe-INFO: 03:49:00.522: delete node: IP: 76.223.31.44. Number of nodes 40
EtherApe-INFO: 03:49:00.522: delete node: IP: 13.248.213.232. Number of nodes 39
EtherApe-INFO: 03:49:13.806: delete node: IP: 108.138.44.61. Number of nodes 38
EtherApe-INFO: 03:49:21.013: delete node: IP: 95.216.195.133. Number of nodes 37
EtherApe-INFO: 03:49:26.373: delete node: IP: 216.58.215.110. Number of nodes 36
EtherApe-INFO: 03:49:26.373: delete node: IP: 18.244.108.54. Number of nodes 35
EtherApe-INFO: 03:49:29.260: delete node: IP: 54.217.81.186. Number of nodes 34
EtherApe-INFO: 03:49:29.260: delete node: IP: 34.120.195.249. Number of nodes 33
EtherApe-INFO: 03:49:29.260: delete node: IP: 23.200.161.66. Number of nodes 32
EtherApe-INFO: 03:49:29.260: delete node: IP: 18.66.224.46. Number of nodes 31
EtherApe-INFO: 03:49:48.420: New node: IP: 35.244.181.201. Number of nodes 32
EtherApe-INFO: 03:49:48.687: New node: IP: 34.160.144.191. Number of nodes 33
EtherApe-INFO: 03:49:48.689: New node: IP: 2.21.173.112. Number of nodes 34
EtherApe-INFO: 03:49:51.701: delete node: IP: 34.117.65.55. Number of nodes 33
EtherApe-INFO: 03:49:53.254: delete node: IP: 146.75.120.193. Number of nodes 32
EtherApe-INFO: 03:49:59.181: delete node: IP: 104.81.130.161. Number of nodes 31
EtherApe-INFO: 03:50:01.041: delete node: IP: 18.244.102.63. Number of nodes 30
EtherApe-INFO: 03:50:01.041: delete node: IP: 18.244.102.3. Number of nodes 29
EtherApe-INFO: 03:50:36.986: delete node: IP: 198.252.206.25. Number of nodes 28
EtherApe-INFO: 03:50:38.377: delete node: IP: 216.58.215.74. Number of nodes 27
EtherApe-INFO: 03:50:41.264: delete node: IP: 35.188.42.15. Number of nodes 26
EtherApe-INFO: 03:51:15.447: delete node: IP: 142.250.203.197. Number of nodes 25
EtherApe-INFO: 03:51:24.686: New node: IP: 216.58.209.5. Number of nodes 26
