(etherape:3030): GLib-GIO-DEBUG: 23:20:46.069: _g_io_module_get_default: Found default implementation local (GLocalVfs) for ‘gio-vfs’
(etherape:3030): GLib-GIO-DEBUG: 23:20:46.151: Using cross-namespace EXTERNAL authentication (this will deadlock if server is GDBus < 2.73.3)
EtherApe-INFO: 23:20:46.210: sctp protocol not supported
EtherApe-INFO: 23:20:46.210: dccp protocol not supported
EtherApe-INFO: 23:20:46.210: sctp protocol not supported
EtherApe-INFO: 23:20:46.210: sctp protocol not supported
EtherApe-INFO: 23:20:46.210: sctp protocol not supported
EtherApe-INFO: 23:20:46.210: sctp protocol not supported
EtherApe-INFO: 23:20:46.210: sctp protocol not supported
EtherApe-INFO: 23:20:46.211: sctp protocol not supported
EtherApe-INFO: 23:20:46.211: sctp protocol not supported
EtherApe-INFO: 23:20:46.211: dccp protocol not supported
EtherApe-INFO: 23:20:46.211: sctp protocol not supported
EtherApe-INFO: 23:20:46.211: dccp protocol not supported
EtherApe-INFO: 23:20:46.211: dccp protocol not supported
EtherApe-INFO: 23:20:46.211: sctp protocol not supported
EtherApe-INFO: 23:20:46.212: sctp protocol not supported
EtherApe-INFO: 23:20:46.212: sctp protocol not supported
EtherApe-INFO: 23:20:46.212: sctp protocol not supported
EtherApe-INFO: 23:20:46.213: sctp protocol not supported
EtherApe-INFO: 23:20:46.213: sctp protocol not supported
EtherApe-INFO: 23:20:46.213: sctp protocol not supported
EtherApe-INFO: 23:20:46.213: sctp protocol not supported
EtherApe-INFO: 23:20:46.213: sctp protocol not supported
EtherApe-INFO: 23:20:46.214: sctp protocol not supported
EtherApe-INFO: 23:20:46.214: sctp protocol not supported
EtherApe-INFO: 23:20:46.215: sctp protocol not supported
EtherApe-INFO: 23:20:46.215: sctp protocol not supported
EtherApe-INFO: 23:20:46.215: sctp protocol not supported
EtherApe-INFO: 23:20:46.215: sctp protocol not supported
EtherApe-INFO: 23:20:46.215: dccp protocol not supported
EtherApe-INFO: 23:20:46.215: sctp protocol not supported
EtherApe-INFO: 23:20:46.215: sctp protocol not supported
EtherApe-INFO: 23:20:46.215: dccp protocol not supported
EtherApe-INFO: 23:20:46.215: sctp protocol not supported
EtherApe-INFO: 23:20:46.215: sctp protocol not supported
EtherApe-INFO: 23:20:46.215: sctp protocol not supported
EtherApe-INFO: 23:20:46.216: dccp protocol not supported
EtherApe-INFO: 23:20:46.216: dccp protocol not supported
EtherApe-INFO: 23:20:46.216: sctp protocol not supported
EtherApe-INFO: 23:20:46.216: sctp protocol not supported
EtherApe-INFO: 23:20:46.216: sctp protocol not supported
EtherApe-INFO: 23:20:46.216: sctp protocol not supported
EtherApe-INFO: 23:20:46.216: sctp protocol not supported
EtherApe-INFO: 23:20:46.216: sctp protocol not supported
EtherApe-INFO: 23:20:46.216: sctp protocol not supported
EtherApe-INFO: 23:20:46.216: sctp protocol not supported
EtherApe-INFO: 23:20:46.216: sctp protocol not supported
EtherApe-INFO: 23:20:46.216: sctp protocol not supported
EtherApe-INFO: 23:20:46.216: sctp protocol not supported
EtherApe-INFO: 23:20:46.216: sctp protocol not supported
EtherApe-INFO: 23:20:46.216: sctp protocol not supported
EtherApe-INFO: 23:20:46.216: sctp protocol not supported
EtherApe-INFO: 23:20:46.216: sctp protocol not supported
EtherApe-INFO: 23:20:46.216: sctp protocol not supported
EtherApe-INFO: 23:20:46.216: sctp protocol not supported
EtherApe-INFO: 23:20:46.216: sctp protocol not supported
EtherApe-INFO: 23:20:46.216: sctp protocol not supported
EtherApe-INFO: 23:20:46.216: sctp protocol not supported
EtherApe-INFO: 23:20:46.216: dccp protocol not supported
EtherApe-INFO: 23:20:46.217: sctp protocol not supported
EtherApe-INFO: 23:20:46.217: sctp protocol not supported
EtherApe-INFO: 23:20:46.217: sctp protocol not supported
EtherApe-INFO: 23:20:46.217: sctp protocol not supported
EtherApe-INFO: 23:20:46.217: sctp protocol not supported
EtherApe-INFO: 23:20:46.217: sctp protocol not supported
EtherApe-INFO: 23:20:46.217: sctp protocol not supported
EtherApe-INFO: 23:20:46.217: sctp protocol not supported
EtherApe-INFO: 23:20:46.217: sctp protocol not supported
EtherApe-INFO: 23:20:46.217: sctp protocol not supported
EtherApe-INFO: 23:20:46.217: sctp protocol not supported
EtherApe-INFO: 23:20:46.217: sctp protocol not supported
EtherApe-INFO: 23:20:46.217: sctp protocol not supported
EtherApe-INFO: 23:20:46.218: sctp protocol not supported
EtherApe-INFO: 23:20:46.218: sctp protocol not supported
EtherApe-INFO: 23:20:46.218: sctp protocol not supported
EtherApe-INFO: 23:20:46.218: sctp protocol not supported
EtherApe-INFO: 23:20:46.218: sctp protocol not supported
EtherApe-INFO: 23:20:46.218: sctp protocol not supported
EtherApe-INFO: 23:20:46.218: sctp protocol not supported
EtherApe-INFO: 23:20:46.218: sctp protocol not supported
EtherApe-INFO: 23:20:46.218: sctp protocol not supported
EtherApe-INFO: 23:20:46.218: sctp protocol not supported
EtherApe-INFO: 23:20:46.218: sctp protocol not supported
EtherApe-INFO: 23:20:46.218: sctp protocol not supported
EtherApe-INFO: 23:20:46.218: sctp protocol not supported
EtherApe-INFO: 23:20:46.218: sctp protocol not supported
EtherApe-INFO: 23:20:46.218: sctp protocol not supported
EtherApe-INFO: 23:20:46.218: sctp protocol not supported
EtherApe-INFO: 23:20:46.218: sctp protocol not supported
EtherApe-INFO: 23:20:46.218: sctp protocol not supported
EtherApe-INFO: 23:20:46.218: sctp protocol not supported
EtherApe-INFO: 23:20:46.218: sctp protocol not supported
EtherApe-INFO: 23:20:46.218: sctp protocol not supported
EtherApe-INFO: 23:20:46.218: sctp protocol not supported
EtherApe-INFO: 23:20:46.218: sctp protocol not supported
EtherApe-INFO: 23:20:46.228: get_interface result: ''
EtherApe-INFO: 23:20:46.228: Available interfaces for capture: dbus-session dbus-system nfqueue nflog bluetooth-monitor bluetooth0 lo any wlp2s0
EtherApe-INFO: 23:20:46.229: Link type is LINUX_SLL
EtherApe-INFO: 23:20:46.229: Diagram started
EtherApe-INFO: 23:20:46.484: New node: IP: 192.168.1.249. Number of nodes 1
EtherApe-INFO: 23:20:46.484: New node: IP: 9.9.9.9. Number of nodes 2
EtherApe-INFO: 23:20:46.484: New node: IP: 62.182.99.126. Number of nodes 3
EtherApe-INFO: 23:20:46.741: New node: IP: 149.154.167.41. Number of nodes 4
EtherApe-INFO: 23:20:46.742: New node: IP: 34.107.221.82. Number of nodes 5
EtherApe-INFO: 23:20:47.253: New node: IP: 87.245.216.107. Number of nodes 6
EtherApe-INFO: 23:20:47.767: New node: IP: 72.21.91.29. Number of nodes 7
EtherApe-INFO: 23:20:47.768: New node: IP: 104.18.20.226. Number of nodes 8
EtherApe-INFO: 23:20:47.768: New node: IP: 93.184.220.29. Number of nodes 9
EtherApe-INFO: 23:20:48.277: New node: IP: 35.81.185.20. Number of nodes 10
EtherApe-INFO: 23:20:48.277: New node: IP: 52.41.154.247. Number of nodes 11
EtherApe-INFO: 23:20:48.792: New node: IP: 13.32.11.231. Number of nodes 12
EtherApe-INFO: 23:20:49.306: New node: IP: 142.250.203.131. Number of nodes 13
EtherApe-INFO: 23:20:49.307: New node: IP: 3.123.130.137. Number of nodes 14
EtherApe-INFO: 23:20:50.581: New node: IP: 140.82.112.25. Number of nodes 15
EtherApe-INFO: 23:20:51.605: New node: IP: 8.8.8.8. Number of nodes 16
EtherApe-INFO: 23:21:17.204: New node: IP: 217.12.206.12. Number of nodes 17
EtherApe-INFO: 23:21:25.141: New node: IP: 35.241.9.150. Number of nodes 18
EtherApe-INFO: 23:21:25.141: New node: IP: 34.107.141.31. Number of nodes 19
EtherApe-INFO: 23:21:26.164: New node: IP: 104.18.12.33. Number of nodes 20
EtherApe-INFO: 23:21:26.164: New node: IP: 34.160.144.191. Number of nodes 21
EtherApe-INFO: 23:21:26.164: New node: IP: 104.17.49.74. Number of nodes 22
EtherApe-INFO: 23:21:26.164: New node: IP: 172.64.106.28. Number of nodes 23
EtherApe-INFO: 23:21:27.189: New node: IP: 13.32.110.99. Number of nodes 24
EtherApe-INFO: 23:21:27.189: New node: IP: 104.22.33.83. Number of nodes 25
EtherApe-INFO: 23:21:27.189: New node: IP: 18.66.130.57. Number of nodes 26
EtherApe-INFO: 23:21:27.189: New node: IP: 18.66.231.225. Number of nodes 27
EtherApe-INFO: 23:21:27.190: New node: IP: 34.120.208.123. Number of nodes 28
EtherApe-INFO: 23:21:27.190: New node: IP: 104.17.182.52. Number of nodes 29
EtherApe-INFO: 23:21:28.212: New node: IP: 18.66.224.67. Number of nodes 30
EtherApe-INFO: 23:21:28.212: New node: IP: 35.186.227.140. Number of nodes 31
EtherApe-INFO: 23:21:28.213: New node: IP: 18.66.98.108. Number of nodes 32
EtherApe-INFO: 23:21:28.213: New node: IP: 104.16.248.249. Number of nodes 33
EtherApe-INFO: 23:21:28.213: New node: IP: 142.250.203.133. Number of nodes 34
EtherApe-INFO: 23:21:28.981: New node: IP: 149.154.167.216. Number of nodes 35
EtherApe-INFO: 23:21:33.076: New node: IP: 140.82.114.3. Number of nodes 36
EtherApe-INFO: 23:22:35.797: New node: IP: 89.187.191.12. Number of nodes 37
EtherApe-INFO: 23:22:36.053: New node: IP: 3.127.160.74. Number of nodes 38
EtherApe-INFO: 23:23:04.216: New node: IP: 149.154.167.91. Number of nodes 39
EtherApe-INFO: 23:23:04.992: New node: IP: 149.154.175.57. Number of nodes 40
EtherApe-INFO: 23:23:04.993: New node: IP: 149.154.175.50. Number of nodes 41
EtherApe-INFO: 23:23:17.577: delete node: IP: 217.12.206.12. Number of nodes 40
EtherApe-INFO: 23:23:25.464: New node: IP: 217.12.206.12. Number of nodes 41
EtherApe-INFO: 23:23:28.885: delete node: IP: 52.41.154.247. Number of nodes 40
EtherApe-INFO: 23:23:28.885: delete node: IP: 35.81.185.20. Number of nodes 39
EtherApe-INFO: 23:23:29.303: New node: IP: 149.154.167.92. Number of nodes 40
EtherApe-INFO: 23:23:30.354: delete node: IP: 3.123.130.137. Number of nodes 39
EtherApe-INFO: 23:24:13.069: New node: IP: 95.216.144.15. Number of nodes 40
EtherApe-INFO: 23:24:23.054: delete node: IP: 104.18.20.226. Number of nodes 39
EtherApe-INFO: 23:24:23.055: delete node: IP: 93.184.220.29. Number of nodes 38
EtherApe-INFO: 23:24:23.055: delete node: IP: 87.245.216.107. Number of nodes 37
EtherApe-INFO: 23:24:23.055: delete node: IP: 34.107.221.82. Number of nodes 36
EtherApe-INFO: 23:24:24.084: delete node: IP: 72.21.91.29. Number of nodes 35
EtherApe-INFO: 23:24:24.084: delete node: IP: 13.32.11.231. Number of nodes 34
EtherApe-INFO: 23:24:25.940: delete node: IP: 142.250.203.131. Number of nodes 33
EtherApe-INFO: 23:24:36.646: delete node: IP: 8.8.8.8. Number of nodes 32
EtherApe-INFO: 23:24:53.260: New node: IP: 192.168.1.1. Number of nodes 33
EtherApe-INFO: 23:25:00.684: New node: IP: 95.216.195.133. Number of nodes 34
EtherApe-INFO: 23:25:05.569: delete node: IP: 149.154.175.57. Number of nodes 33
EtherApe-INFO: 23:25:18.144: delete node: IP: 172.64.106.28. Number of nodes 32
EtherApe-INFO: 23:25:18.144: delete node: IP: 104.17.49.74. Number of nodes 31
EtherApe-INFO: 23:25:18.144: delete node: IP: 35.241.9.150. Number of nodes 30
EtherApe-INFO: 23:25:18.144: delete node: IP: 34.160.144.191. Number of nodes 29
EtherApe-INFO: 23:25:18.144: delete node: IP: 34.107.141.31. Number of nodes 28
EtherApe-INFO: 23:25:19.686: delete node: IP: 104.22.33.83. Number of nodes 27
EtherApe-INFO: 23:25:19.686: delete node: IP: 104.18.12.33. Number of nodes 26
EtherApe-INFO: 23:25:19.686: delete node: IP: 104.17.182.52. Number of nodes 25
EtherApe-INFO: 23:25:19.686: delete node: IP: 18.66.231.225. Number of nodes 24
EtherApe-INFO: 23:25:19.686: delete node: IP: 18.66.130.57. Number of nodes 23
EtherApe-INFO: 23:25:19.686: delete node: IP: 13.32.110.99. Number of nodes 22
EtherApe-INFO: 23:25:20.406: delete node: IP: 149.154.167.91. Number of nodes 21
EtherApe-INFO: 23:25:20.406: delete node: IP: 35.186.227.140. Number of nodes 20
EtherApe-INFO: 23:25:20.406: delete node: IP: 34.120.208.123. Number of nodes 19
EtherApe-INFO: 23:25:20.406: delete node: IP: 18.66.224.67. Number of nodes 18
EtherApe-INFO: 23:25:20.406: delete node: IP: 18.66.98.108. Number of nodes 17
EtherApe-INFO: 23:25:20.921: delete node: IP: 142.250.203.133. Number of nodes 16
EtherApe-INFO: 23:25:21.951: delete node: IP: 149.154.175.50. Number of nodes 15
EtherApe-INFO: 23:25:25.869: delete node: IP: 217.12.206.12. Number of nodes 14
EtherApe-INFO: 23:25:26.385: delete node: IP: 140.82.114.3. Number of nodes 13
EtherApe-INFO: 23:25:27.820: New node: IP: 54.149.111.148. Number of nodes 14
EtherApe-INFO: 23:25:39.084: New node: IP: 3.122.47.55. Number of nodes 15
EtherApe-INFO: 23:25:50.929: delete node: IP: 149.154.167.92. Number of nodes 14
EtherApe-INFO: 23:26:04.724: delete node: IP: 149.154.167.216. Number of nodes 13
EtherApe-INFO: 23:26:07.604: delete node: IP: 89.187.191.12. Number of nodes 12
EtherApe-INFO: 23:26:13.685: delete node: IP: 95.216.144.15. Number of nodes 11
EtherApe-INFO: 23:26:53.401: delete node: IP: 192.168.1.1. Number of nodes 10
EtherApe-INFO: 23:27:01.823: delete node: IP: 95.216.195.133. Number of nodes 9
EtherApe-INFO: 23:27:29.687: delete node: IP: 54.149.111.148. Number of nodes 8
EtherApe-INFO: 23:27:41.708: New node: IP: 217.12.206.12. Number of nodes 9
EtherApe-INFO: 23:29:41.875: delete node: IP: 217.12.206.12. Number of nodes 8
EtherApe-INFO: 23:29:53.316: New node: IP: 192.168.1.1. Number of nodes 9
EtherApe-INFO: 23:30:00.484: New node: IP: 95.216.195.133. Number of nodes 10
EtherApe-INFO: 23:30:28.132: New node: IP: 54.149.111.148. Number of nodes 11
EtherApe-INFO: 23:31:53.442: delete node: IP: 192.168.1.1. Number of nodes 10
EtherApe-INFO: 23:32:02.383: delete node: IP: 95.216.195.133. Number of nodes 9
EtherApe-INFO: 23:32:29.512: delete node: IP: 54.149.111.148. Number of nodes 8
EtherApe-INFO: 23:32:49.188: New node: IP: 149.154.167.216. Number of nodes 9
EtherApe-INFO: 23:34:53.348: New node: IP: 192.168.1.1. Number of nodes 10
EtherApe-INFO: 23:35:00.516: New node: IP: 95.216.195.133. Number of nodes 11
EtherApe-INFO: 23:35:06.232: delete node: IP: 149.154.167.216. Number of nodes 10
EtherApe-INFO: 23:35:28.437: New node: IP: 54.149.111.148. Number of nodes 11
EtherApe-INFO: 23:36:14.004: New node: IP: 217.12.206.12. Number of nodes 12
