(etherape:2210): GLib-GIO-DEBUG: 18:25:58.555: _g_io_module_get_default: Found default implementation local (GLocalVfs) for ‘gio-vfs’
(etherape:2210): GLib-GIO-DEBUG: 18:25:58.616: Using cross-namespace EXTERNAL authentication (this will deadlock if server is GDBus < 2.73.3)
EtherApe-INFO: 18:25:58.676: sctp protocol not supported
EtherApe-INFO: 18:25:58.677: dccp protocol not supported
EtherApe-INFO: 18:25:58.677: sctp protocol not supported
EtherApe-INFO: 18:25:58.677: sctp protocol not supported
EtherApe-INFO: 18:25:58.677: sctp protocol not supported
EtherApe-INFO: 18:25:58.677: sctp protocol not supported
EtherApe-INFO: 18:25:58.677: sctp protocol not supported
EtherApe-INFO: 18:25:58.677: sctp protocol not supported
EtherApe-INFO: 18:25:58.677: sctp protocol not supported
EtherApe-INFO: 18:25:58.678: dccp protocol not supported
EtherApe-INFO: 18:25:58.678: sctp protocol not supported
EtherApe-INFO: 18:25:58.678: dccp protocol not supported
EtherApe-INFO: 18:25:58.678: dccp protocol not supported
EtherApe-INFO: 18:25:58.678: sctp protocol not supported
EtherApe-INFO: 18:25:58.678: sctp protocol not supported
EtherApe-INFO: 18:25:58.679: sctp protocol not supported
EtherApe-INFO: 18:25:58.679: sctp protocol not supported
EtherApe-INFO: 18:25:58.679: sctp protocol not supported
EtherApe-INFO: 18:25:58.680: sctp protocol not supported
EtherApe-INFO: 18:25:58.680: sctp protocol not supported
EtherApe-INFO: 18:25:58.680: sctp protocol not supported
EtherApe-INFO: 18:25:58.680: sctp protocol not supported
EtherApe-INFO: 18:25:58.680: sctp protocol not supported
EtherApe-INFO: 18:25:58.681: sctp protocol not supported
EtherApe-INFO: 18:25:58.681: sctp protocol not supported
EtherApe-INFO: 18:25:58.681: sctp protocol not supported
EtherApe-INFO: 18:25:58.681: sctp protocol not supported
EtherApe-INFO: 18:25:58.682: sctp protocol not supported
EtherApe-INFO: 18:25:58.682: dccp protocol not supported
EtherApe-INFO: 18:25:58.682: sctp protocol not supported
EtherApe-INFO: 18:25:58.682: sctp protocol not supported
EtherApe-INFO: 18:25:58.682: dccp protocol not supported
EtherApe-INFO: 18:25:58.682: sctp protocol not supported
EtherApe-INFO: 18:25:58.682: sctp protocol not supported
EtherApe-INFO: 18:25:58.682: sctp protocol not supported
EtherApe-INFO: 18:25:58.682: dccp protocol not supported
EtherApe-INFO: 18:25:58.682: dccp protocol not supported
EtherApe-INFO: 18:25:58.682: sctp protocol not supported
EtherApe-INFO: 18:25:58.682: sctp protocol not supported
EtherApe-INFO: 18:25:58.682: sctp protocol not supported
EtherApe-INFO: 18:25:58.682: sctp protocol not supported
EtherApe-INFO: 18:25:58.683: sctp protocol not supported
EtherApe-INFO: 18:25:58.683: sctp protocol not supported
EtherApe-INFO: 18:25:58.683: sctp protocol not supported
EtherApe-INFO: 18:25:58.683: sctp protocol not supported
EtherApe-INFO: 18:25:58.683: sctp protocol not supported
EtherApe-INFO: 18:25:58.683: sctp protocol not supported
EtherApe-INFO: 18:25:58.683: sctp protocol not supported
EtherApe-INFO: 18:25:58.683: sctp protocol not supported
EtherApe-INFO: 18:25:58.683: sctp protocol not supported
EtherApe-INFO: 18:25:58.683: sctp protocol not supported
EtherApe-INFO: 18:25:58.683: sctp protocol not supported
EtherApe-INFO: 18:25:58.683: sctp protocol not supported
EtherApe-INFO: 18:25:58.683: sctp protocol not supported
EtherApe-INFO: 18:25:58.683: sctp protocol not supported
EtherApe-INFO: 18:25:58.683: sctp protocol not supported
EtherApe-INFO: 18:25:58.683: sctp protocol not supported
EtherApe-INFO: 18:25:58.683: dccp protocol not supported
EtherApe-INFO: 18:25:58.683: sctp protocol not supported
EtherApe-INFO: 18:25:58.683: sctp protocol not supported
EtherApe-INFO: 18:25:58.684: sctp protocol not supported
EtherApe-INFO: 18:25:58.684: sctp protocol not supported
EtherApe-INFO: 18:25:58.684: sctp protocol not supported
EtherApe-INFO: 18:25:58.684: sctp protocol not supported
EtherApe-INFO: 18:25:58.684: sctp protocol not supported
EtherApe-INFO: 18:25:58.684: sctp protocol not supported
EtherApe-INFO: 18:25:58.684: sctp protocol not supported
EtherApe-INFO: 18:25:58.684: sctp protocol not supported
EtherApe-INFO: 18:25:58.684: sctp protocol not supported
EtherApe-INFO: 18:25:58.684: sctp protocol not supported
EtherApe-INFO: 18:25:58.684: sctp protocol not supported
EtherApe-INFO: 18:25:58.685: sctp protocol not supported
EtherApe-INFO: 18:25:58.685: sctp protocol not supported
EtherApe-INFO: 18:25:58.685: sctp protocol not supported
EtherApe-INFO: 18:25:58.685: sctp protocol not supported
EtherApe-INFO: 18:25:58.685: sctp protocol not supported
EtherApe-INFO: 18:25:58.685: sctp protocol not supported
EtherApe-INFO: 18:25:58.685: sctp protocol not supported
EtherApe-INFO: 18:25:58.685: sctp protocol not supported
EtherApe-INFO: 18:25:58.685: sctp protocol not supported
EtherApe-INFO: 18:25:58.685: sctp protocol not supported
EtherApe-INFO: 18:25:58.685: sctp protocol not supported
EtherApe-INFO: 18:25:58.685: sctp protocol not supported
EtherApe-INFO: 18:25:58.685: sctp protocol not supported
EtherApe-INFO: 18:25:58.685: sctp protocol not supported
EtherApe-INFO: 18:25:58.685: sctp protocol not supported
EtherApe-INFO: 18:25:58.685: sctp protocol not supported
EtherApe-INFO: 18:25:58.685: sctp protocol not supported
EtherApe-INFO: 18:25:58.685: sctp protocol not supported
EtherApe-INFO: 18:25:58.685: sctp protocol not supported
EtherApe-INFO: 18:25:58.685: sctp protocol not supported
EtherApe-INFO: 18:25:58.685: sctp protocol not supported
EtherApe-INFO: 18:25:58.685: sctp protocol not supported
EtherApe-INFO: 18:25:58.685: sctp protocol not supported
EtherApe-INFO: 18:25:58.694: get_interface result: ''
EtherApe-INFO: 18:25:58.695: Available interfaces for capture: dbus-session dbus-system nfqueue nflog bluetooth-monitor bluetooth0 lo any wlp2s0
EtherApe-INFO: 18:25:58.695: Link type is LINUX_SLL
EtherApe-INFO: 18:25:58.695: Diagram started
EtherApe-INFO: 18:26:04.328: New node: IP: 149.154.167.50. Number of nodes 1
EtherApe-INFO: 18:26:04.328: New node: IP: 192.168.1.248. Number of nodes 2
EtherApe-INFO: 18:26:04.328: New node: IP: 149.154.167.41. Number of nodes 3
EtherApe-INFO: 18:26:06.119: New node: IP: 8.8.8.8. Number of nodes 4
EtherApe-INFO: 18:26:09.447: New node: IP: 1.1.1.1. Number of nodes 5
EtherApe-INFO: 18:26:10.983: New node: IP: 104.16.249.249. Number of nodes 6
EtherApe-INFO: 18:26:11.751: New node: IP: 104.16.248.249. Number of nodes 7
EtherApe-INFO: 18:26:12.008: New node: IP: 54.185.157.183. Number of nodes 8
EtherApe-INFO: 18:26:12.009: New node: IP: 34.120.208.123. Number of nodes 9
EtherApe-INFO: 18:26:12.010: New node: IP: 138.199.52.14. Number of nodes 10
EtherApe-INFO: 18:26:12.011: New node: IP: 34.160.144.191. Number of nodes 11
EtherApe-INFO: 18:26:12.013: New node: IP: 142.250.203.138. Number of nodes 12
EtherApe-INFO: 18:26:12.264: New node: IP: 34.102.187.140. Number of nodes 13
EtherApe-INFO: 18:26:12.267: New node: IP: 18.66.15.48. Number of nodes 14
EtherApe-INFO: 18:26:12.268: New node: IP: 54.201.164.58. Number of nodes 15
EtherApe-INFO: 18:26:12.270: New node: IP: 54.191.154.194. Number of nodes 16
EtherApe-INFO: 18:26:12.271: New node: IP: 104.17.49.74. Number of nodes 17
EtherApe-INFO: 18:26:12.275: New node: IP: 172.217.16.46. Number of nodes 18
EtherApe-INFO: 18:26:18.623: New node: IP: 192.168.1.1. Number of nodes 19
EtherApe-INFO: 18:26:18.623: New node: IP: 255.255.255.255. Number of nodes 20
EtherApe-INFO: 18:26:37.313: New node: IP: 192.168.0.1. Number of nodes 21
EtherApe-INFO: 18:26:40.387: New node: IP: 192.168.0.218. Number of nodes 22
EtherApe-INFO: 18:28:13.334: delete node: IP: 104.16.249.249. Number of nodes 21
EtherApe-INFO: 18:28:17.463: delete node: IP: 142.250.203.138. Number of nodes 20
EtherApe-INFO: 18:28:30.539: delete node: IP: 54.191.154.194. Number of nodes 19
EtherApe-INFO: 18:28:37.960: delete node: IP: 192.168.0.1. Number of nodes 18
EtherApe-INFO: 18:28:42.076: delete node: IP: 192.168.0.218. Number of nodes 17
EtherApe-INFO: 18:28:49.190: delete node: IP: 1.1.1.1. Number of nodes 16
EtherApe-INFO: 18:29:20.907: delete node: IP: 54.201.164.58. Number of nodes 15
EtherApe-INFO: 18:29:20.907: delete node: IP: 54.185.157.183. Number of nodes 14
EtherApe-INFO: 18:29:36.767: New node: IP: 95.216.195.133. Number of nodes 15
EtherApe-INFO: 18:31:06.374: delete node: IP: 34.160.144.191. Number of nodes 14
EtherApe-INFO: 18:31:06.374: delete node: IP: 34.120.208.123. Number of nodes 13
EtherApe-INFO: 18:31:06.374: delete node: IP: 18.66.15.48. Number of nodes 12
EtherApe-INFO: 18:31:08.220: delete node: IP: 34.102.187.140. Number of nodes 11
EtherApe-INFO: 18:31:13.350: delete node: IP: 172.217.16.46. Number of nodes 10
EtherApe-INFO: 18:31:13.350: delete node: IP: 104.17.49.74. Number of nodes 9
EtherApe-INFO: 18:31:37.859: delete node: IP: 95.216.195.133. Number of nodes 8
EtherApe-INFO: 18:32:53.119: New node: IP: 104.16.249.249. Number of nodes 9
EtherApe-INFO: 18:34:15.552: New node: IP: 149.154.167.216. Number of nodes 10
EtherApe-INFO: 18:34:36.800: New node: IP: 95.216.195.133. Number of nodes 11
EtherApe-INFO: 18:34:54.048: delete node: IP: 104.16.249.249. Number of nodes 10
EtherApe-INFO: 18:36:31.082: delete node: IP: 149.154.167.216. Number of nodes 9
EtherApe-INFO: 18:36:37.142: delete node: IP: 95.216.195.133. Number of nodes 8
EtherApe-INFO: 18:36:43.519: New node: IP: 149.154.167.216. Number of nodes 9
EtherApe-INFO: 18:39:36.833: New node: IP: 95.216.195.133. Number of nodes 10
EtherApe-INFO: 18:40:50.643: delete node: IP: 149.154.167.216. Number of nodes 9
EtherApe-INFO: 18:41:42.083: delete node: IP: 95.216.195.133. Number of nodes 8
EtherApe-INFO: 18:44:36.865: New node: IP: 95.216.195.133. Number of nodes 9
EtherApe-INFO: 18:46:38.034: delete node: IP: 95.216.195.133. Number of nodes 8
EtherApe-INFO: 18:47:26.591: New node: IP: 149.154.167.216. Number of nodes 9
EtherApe-INFO: 18:49:36.895: New node: IP: 95.216.195.133. Number of nodes 10
EtherApe-INFO: 18:51:17.801: delete node: IP: 149.154.167.216. Number of nodes 9
EtherApe-INFO: 18:51:37.525: delete node: IP: 95.216.195.133. Number of nodes 8
EtherApe-INFO: 18:52:21.248: New node: IP: 149.154.167.216. Number of nodes 9
EtherApe-INFO: 18:53:03.491: New node: IP: 149.154.167.255. Number of nodes 10
EtherApe-INFO: 18:54:36.929: New node: IP: 95.216.195.133. Number of nodes 11
EtherApe-INFO: 18:55:49.618: delete node: IP: 149.154.167.255. Number of nodes 10
EtherApe-INFO: 18:56:32.895: New node: IP: 149.154.167.255. Number of nodes 11
EtherApe-INFO: 18:56:33.970: delete node: IP: 104.16.248.249. Number of nodes 10
EtherApe-INFO: 18:56:37.277: delete node: IP: 95.216.195.133. Number of nodes 9
EtherApe-INFO: 18:58:59.765: delete node: IP: 149.154.167.255. Number of nodes 8
EtherApe-INFO: 18:59:01.802: delete node: IP: 149.154.167.216. Number of nodes 7
EtherApe-INFO: 18:59:13.016: New node: IP: 149.154.167.216. Number of nodes 8
EtherApe-INFO: 18:59:36.825: New node: IP: 95.216.195.133. Number of nodes 9
EtherApe-INFO: 19:00:12.919: New node: IP: 1.1.1.1. Number of nodes 10
EtherApe-INFO: 19:00:13.175: New node: IP: 89.187.191.12. Number of nodes 11
EtherApe-INFO: 19:00:25.207: New node: IP: 95.216.144.15. Number of nodes 12
EtherApe-INFO: 19:01:39.288: delete node: IP: 95.216.195.133. Number of nodes 11
EtherApe-INFO: 19:02:15.372: delete node: IP: 1.1.1.1. Number of nodes 10
EtherApe-INFO: 19:02:19.641: delete node: IP: 89.187.191.12. Number of nodes 9
EtherApe-INFO: 19:02:27.103: delete node: IP: 95.216.144.15. Number of nodes 8
EtherApe-INFO: 19:04:36.855: New node: IP: 95.216.195.133. Number of nodes 9
EtherApe-INFO: 19:06:39.235: delete node: IP: 95.216.195.133. Number of nodes 8
EtherApe-INFO: 19:07:23.519: delete node: IP: 149.154.167.216. Number of nodes 7
EtherApe-INFO: 19:08:01.400: New node: IP: 149.154.167.216. Number of nodes 8
EtherApe-INFO: 19:09:36.888: New node: IP: 95.216.195.133. Number of nodes 9
EtherApe-INFO: 19:11:37.535: delete node: IP: 95.216.195.133. Number of nodes 8
EtherApe-INFO: 19:12:30.265: delete node: IP: 149.154.167.216. Number of nodes 7
EtherApe-INFO: 19:14:32.824: New node: IP: 149.154.167.216. Number of nodes 8
EtherApe-INFO: 19:14:36.919: New node: IP: 95.216.195.133. Number of nodes 9
EtherApe-INFO: 19:16:37.554: delete node: IP: 95.216.195.133. Number of nodes 8
EtherApe-INFO: 19:19:36.953: New node: IP: 95.216.195.133. Number of nodes 9
EtherApe-INFO: 19:21:37.340: delete node: IP: 95.216.195.133. Number of nodes 8
EtherApe-INFO: 19:24:23.187: delete node: IP: 149.154.167.216. Number of nodes 7
EtherApe-INFO: 19:24:36.985: New node: IP: 95.216.195.133. Number of nodes 8
EtherApe-INFO: 19:26:37.350: delete node: IP: 95.216.195.133. Number of nodes 7
EtherApe-INFO: 19:28:16.376: New node: IP: 149.154.167.216. Number of nodes 8
EtherApe-INFO: 19:29:37.017: New node: IP: 95.216.195.133. Number of nodes 9
EtherApe-INFO: 19:30:37.179: delete node: IP: 149.154.167.216. Number of nodes 8
EtherApe-INFO: 19:30:48.439: New node: IP: 149.154.167.216. Number of nodes 9
EtherApe-INFO: 19:31:39.157: delete node: IP: 95.216.195.133. Number of nodes 8
EtherApe-INFO: 19:34:36.792: New node: IP: 95.216.195.133. Number of nodes 9
EtherApe-INFO: 19:36:39.176: delete node: IP: 95.216.195.133. Number of nodes 8
EtherApe-INFO: 19:39:36.824: New node: IP: 95.216.195.133. Number of nodes 9
EtherApe-INFO: 19:41:37.210: delete node: IP: 95.216.195.133. Number of nodes 8
EtherApe-INFO: 19:42:57.527: New node: IP: 1.1.1.1. Number of nodes 9
EtherApe-INFO: 19:44:15.905: delete node: IP: 149.154.167.216. Number of nodes 8
EtherApe-INFO: 19:44:36.856: New node: IP: 95.216.195.133. Number of nodes 9
EtherApe-INFO: 19:44:57.619: delete node: IP: 1.1.1.1. Number of nodes 8
EtherApe-INFO: 19:45:24.472: New node: IP: 149.154.167.216. Number of nodes 9
EtherApe-INFO: 19:46:37.469: delete node: IP: 95.216.195.133. Number of nodes 8
EtherApe-INFO: 19:47:55.526: delete node: IP: 149.154.167.216. Number of nodes 7
EtherApe-INFO: 19:48:00.121: New node: IP: 149.154.167.216. Number of nodes 8
EtherApe-INFO: 19:49:36.887: New node: IP: 95.216.195.133. Number of nodes 9
EtherApe-INFO: 19:51:04.754: delete node: IP: 149.154.167.216. Number of nodes 8
EtherApe-INFO: 19:51:40.287: delete node: IP: 95.216.195.133. Number of nodes 7
EtherApe-INFO: 19:52:35.831: New node: IP: 149.154.167.216. Number of nodes 8
EtherApe-INFO: 19:54:36.919: New node: IP: 95.216.195.133. Number of nodes 9
EtherApe-INFO: 19:56:37.045: delete node: IP: 95.216.195.133. Number of nodes 8
EtherApe-INFO: 19:56:50.082: delete node: IP: 149.154.167.216. Number of nodes 7
EtherApe-INFO: 19:57:28.440: New node: IP: 149.154.167.216. Number of nodes 8
EtherApe-INFO: 19:59:36.952: New node: IP: 95.216.195.133. Number of nodes 9
EtherApe-INFO: 19:59:45.450: delete node: IP: 149.154.167.216. Number of nodes 8
EtherApe-INFO: 20:00:19.447: New node: IP: 149.154.167.216. Number of nodes 9
EtherApe-INFO: 20:01:38.563: delete node: IP: 95.216.195.133. Number of nodes 8
EtherApe-INFO: 20:04:36.985: New node: IP: 95.216.195.133. Number of nodes 9
EtherApe-INFO: 20:06:37.311: delete node: IP: 95.216.195.133. Number of nodes 8
EtherApe-INFO: 20:08:15.138: delete node: IP: 138.199.52.14. Number of nodes 7
EtherApe-INFO: 20:09:37.016: New node: IP: 95.216.195.133. Number of nodes 8
