(etherape:77041): GLib-GIO-DEBUG: 00:36:54.051: _g_io_module_get_default: Found default implementation local (GLocalVfs) for ‘gio-vfs’
(etherape:77041): GLib-GIO-DEBUG: 00:36:54.512: Using cross-namespace EXTERNAL authentication (this will deadlock if server is GDBus < 2.73.3)
EtherApe-INFO: 00:36:54.563: sctp protocol not supported
EtherApe-INFO: 00:36:54.563: dccp protocol not supported
EtherApe-INFO: 00:36:54.563: sctp protocol not supported
EtherApe-INFO: 00:36:54.563: sctp protocol not supported
EtherApe-INFO: 00:36:54.563: sctp protocol not supported
EtherApe-INFO: 00:36:54.563: sctp protocol not supported
EtherApe-INFO: 00:36:54.563: sctp protocol not supported
EtherApe-INFO: 00:36:54.563: sctp protocol not supported
EtherApe-INFO: 00:36:54.563: sctp protocol not supported
EtherApe-INFO: 00:36:54.563: dccp protocol not supported
EtherApe-INFO: 00:36:54.563: sctp protocol not supported
EtherApe-INFO: 00:36:54.563: dccp protocol not supported
EtherApe-INFO: 00:36:54.563: dccp protocol not supported
EtherApe-INFO: 00:36:54.563: sctp protocol not supported
EtherApe-INFO: 00:36:54.564: sctp protocol not supported
EtherApe-INFO: 00:36:54.564: sctp protocol not supported
EtherApe-INFO: 00:36:54.564: sctp protocol not supported
EtherApe-INFO: 00:36:54.564: sctp protocol not supported
EtherApe-INFO: 00:36:54.565: sctp protocol not supported
EtherApe-INFO: 00:36:54.565: sctp protocol not supported
EtherApe-INFO: 00:36:54.565: sctp protocol not supported
EtherApe-INFO: 00:36:54.565: sctp protocol not supported
EtherApe-INFO: 00:36:54.565: sctp protocol not supported
EtherApe-INFO: 00:36:54.565: sctp protocol not supported
EtherApe-INFO: 00:36:54.565: sctp protocol not supported
EtherApe-INFO: 00:36:54.565: sctp protocol not supported
EtherApe-INFO: 00:36:54.565: sctp protocol not supported
EtherApe-INFO: 00:36:54.566: sctp protocol not supported
EtherApe-INFO: 00:36:54.566: dccp protocol not supported
EtherApe-INFO: 00:36:54.566: sctp protocol not supported
EtherApe-INFO: 00:36:54.566: sctp protocol not supported
EtherApe-INFO: 00:36:54.566: dccp protocol not supported
EtherApe-INFO: 00:36:54.566: sctp protocol not supported
EtherApe-INFO: 00:36:54.566: sctp protocol not supported
EtherApe-INFO: 00:36:54.566: sctp protocol not supported
EtherApe-INFO: 00:36:54.566: dccp protocol not supported
EtherApe-INFO: 00:36:54.566: dccp protocol not supported
EtherApe-INFO: 00:36:54.566: sctp protocol not supported
EtherApe-INFO: 00:36:54.566: sctp protocol not supported
EtherApe-INFO: 00:36:54.566: sctp protocol not supported
EtherApe-INFO: 00:36:54.566: sctp protocol not supported
EtherApe-INFO: 00:36:54.566: sctp protocol not supported
EtherApe-INFO: 00:36:54.566: sctp protocol not supported
EtherApe-INFO: 00:36:54.566: sctp protocol not supported
EtherApe-INFO: 00:36:54.566: sctp protocol not supported
EtherApe-INFO: 00:36:54.566: sctp protocol not supported
EtherApe-INFO: 00:36:54.566: sctp protocol not supported
EtherApe-INFO: 00:36:54.566: sctp protocol not supported
EtherApe-INFO: 00:36:54.566: sctp protocol not supported
EtherApe-INFO: 00:36:54.566: sctp protocol not supported
EtherApe-INFO: 00:36:54.566: sctp protocol not supported
EtherApe-INFO: 00:36:54.566: sctp protocol not supported
EtherApe-INFO: 00:36:54.566: sctp protocol not supported
EtherApe-INFO: 00:36:54.566: sctp protocol not supported
EtherApe-INFO: 00:36:54.566: sctp protocol not supported
EtherApe-INFO: 00:36:54.566: sctp protocol not supported
EtherApe-INFO: 00:36:54.566: sctp protocol not supported
EtherApe-INFO: 00:36:54.566: dccp protocol not supported
EtherApe-INFO: 00:36:54.566: sctp protocol not supported
EtherApe-INFO: 00:36:54.566: sctp protocol not supported
EtherApe-INFO: 00:36:54.566: sctp protocol not supported
EtherApe-INFO: 00:36:54.566: sctp protocol not supported
EtherApe-INFO: 00:36:54.566: sctp protocol not supported
EtherApe-INFO: 00:36:54.566: sctp protocol not supported
EtherApe-INFO: 00:36:54.566: sctp protocol not supported
EtherApe-INFO: 00:36:54.567: sctp protocol not supported
EtherApe-INFO: 00:36:54.567: sctp protocol not supported
EtherApe-INFO: 00:36:54.567: sctp protocol not supported
EtherApe-INFO: 00:36:54.567: sctp protocol not supported
EtherApe-INFO: 00:36:54.567: sctp protocol not supported
EtherApe-INFO: 00:36:54.567: sctp protocol not supported
EtherApe-INFO: 00:36:54.567: sctp protocol not supported
EtherApe-INFO: 00:36:54.567: sctp protocol not supported
EtherApe-INFO: 00:36:54.567: sctp protocol not supported
EtherApe-INFO: 00:36:54.567: sctp protocol not supported
EtherApe-INFO: 00:36:54.567: sctp protocol not supported
EtherApe-INFO: 00:36:54.567: sctp protocol not supported
EtherApe-INFO: 00:36:54.567: sctp protocol not supported
EtherApe-INFO: 00:36:54.567: sctp protocol not supported
EtherApe-INFO: 00:36:54.567: sctp protocol not supported
EtherApe-INFO: 00:36:54.567: sctp protocol not supported
EtherApe-INFO: 00:36:54.567: sctp protocol not supported
EtherApe-INFO: 00:36:54.567: sctp protocol not supported
EtherApe-INFO: 00:36:54.567: sctp protocol not supported
EtherApe-INFO: 00:36:54.567: sctp protocol not supported
EtherApe-INFO: 00:36:54.567: sctp protocol not supported
EtherApe-INFO: 00:36:54.567: sctp protocol not supported
EtherApe-INFO: 00:36:54.567: sctp protocol not supported
EtherApe-INFO: 00:36:54.567: sctp protocol not supported
EtherApe-INFO: 00:36:54.567: sctp protocol not supported
EtherApe-INFO: 00:36:54.567: sctp protocol not supported
EtherApe-INFO: 00:36:54.567: sctp protocol not supported
EtherApe-INFO: 00:36:54.567: sctp protocol not supported
EtherApe-INFO: 00:36:54.567: sctp protocol not supported
EtherApe-INFO: 00:36:54.567: sctp protocol not supported
EtherApe-INFO: 00:36:54.567: sctp protocol not supported
EtherApe-INFO: 00:36:54.581: get_interface result: ''
EtherApe-INFO: 00:36:54.581: Available interfaces for capture: dbus-session dbus-system nfqueue nflog bluetooth-monitor enp9s0 lo any ppp0 enp5s0
EtherApe-INFO: 00:36:54.581: Link type is LINUX_SLL
EtherApe-INFO: 00:36:54.582: Diagram started
EtherApe-INFO: 00:36:54.839: New node: IP: 195.64.182.160. Number of nodes 1
EtherApe-INFO: 00:36:54.839: New node: IP: 142.250.75.10. Number of nodes 2
EtherApe-INFO: 00:36:55.095: New node: IP: 208.67.222.222. Number of nodes 3
EtherApe-INFO: 00:36:55.095: New node: IP: 172.217.16.35. Number of nodes 4
EtherApe-INFO: 00:36:55.863: New node: IP: 216.58.215.110. Number of nodes 5
EtherApe-INFO: 00:36:56.119: New node: IP: 149.154.167.41. Number of nodes 6
EtherApe-INFO: 00:36:56.119: New node: IP: 18.244.102.38. Number of nodes 7
EtherApe-INFO: 00:36:56.632: New node: IP: 192.178.25.170. Number of nodes 8
EtherApe-INFO: 00:36:56.632: New node: IP: 142.250.186.202. Number of nodes 9
EtherApe-INFO: 00:36:56.847: delete node: IP: 18.244.102.38. Number of nodes 8
EtherApe-INFO: 00:36:56.847: delete node: IP: 142.250.75.10. Number of nodes 7
EtherApe-INFO: 00:36:56.847: delete node: IP: 142.250.186.202. Number of nodes 6
EtherApe-INFO: 00:36:56.847: delete node: IP: 149.154.167.41. Number of nodes 5
EtherApe-INFO: 00:36:56.848: delete node: IP: 172.217.16.35. Number of nodes 4
EtherApe-INFO: 00:36:56.848: delete node: IP: 192.178.25.170. Number of nodes 3
EtherApe-INFO: 00:36:56.848: delete node: IP: 195.64.182.160. Number of nodes 2
EtherApe-INFO: 00:36:56.848: delete node: IP: 208.67.222.222. Number of nodes 1
EtherApe-INFO: 00:36:56.848: delete node: IP: 216.58.215.110. Number of nodes 0
