(etherape:4409): GLib-GIO-DEBUG: 12:54:02.770: _g_io_module_get_default: Found default implementation local (GLocalVfs) for ‘gio-vfs’
(etherape:4409): GLib-GIO-DEBUG: 12:54:02.877: Using cross-namespace EXTERNAL authentication (this will deadlock if server is GDBus < 2.73.3)
EtherApe-INFO: 12:54:02.966: sctp protocol not supported
EtherApe-INFO: 12:54:02.966: dccp protocol not supported
EtherApe-INFO: 12:54:02.966: sctp protocol not supported
EtherApe-INFO: 12:54:02.966: sctp protocol not supported
EtherApe-INFO: 12:54:02.966: sctp protocol not supported
EtherApe-INFO: 12:54:02.966: sctp protocol not supported
EtherApe-INFO: 12:54:02.966: sctp protocol not supported
EtherApe-INFO: 12:54:02.967: sctp protocol not supported
EtherApe-INFO: 12:54:02.967: sctp protocol not supported
EtherApe-INFO: 12:54:02.967: dccp protocol not supported
EtherApe-INFO: 12:54:02.967: sctp protocol not supported
EtherApe-INFO: 12:54:02.967: dccp protocol not supported
EtherApe-INFO: 12:54:02.967: dccp protocol not supported
EtherApe-INFO: 12:54:02.967: sctp protocol not supported
EtherApe-INFO: 12:54:02.968: sctp protocol not supported
EtherApe-INFO: 12:54:02.968: sctp protocol not supported
EtherApe-INFO: 12:54:02.969: sctp protocol not supported
EtherApe-INFO: 12:54:02.969: sctp protocol not supported
EtherApe-INFO: 12:54:02.970: sctp protocol not supported
EtherApe-INFO: 12:54:02.970: sctp protocol not supported
EtherApe-INFO: 12:54:02.970: sctp protocol not supported
EtherApe-INFO: 12:54:02.970: sctp protocol not supported
EtherApe-INFO: 12:54:02.970: sctp protocol not supported
EtherApe-INFO: 12:54:02.971: sctp protocol not supported
EtherApe-INFO: 12:54:02.971: sctp protocol not supported
EtherApe-INFO: 12:54:02.971: sctp protocol not supported
EtherApe-INFO: 12:54:02.971: sctp protocol not supported
EtherApe-INFO: 12:54:02.971: sctp protocol not supported
EtherApe-INFO: 12:54:02.972: dccp protocol not supported
EtherApe-INFO: 12:54:02.972: sctp protocol not supported
EtherApe-INFO: 12:54:02.972: sctp protocol not supported
EtherApe-INFO: 12:54:02.972: dccp protocol not supported
EtherApe-INFO: 12:54:02.972: sctp protocol not supported
EtherApe-INFO: 12:54:02.972: sctp protocol not supported
EtherApe-INFO: 12:54:02.972: sctp protocol not supported
EtherApe-INFO: 12:54:02.972: dccp protocol not supported
EtherApe-INFO: 12:54:02.972: dccp protocol not supported
EtherApe-INFO: 12:54:02.972: sctp protocol not supported
EtherApe-INFO: 12:54:02.972: sctp protocol not supported
EtherApe-INFO: 12:54:02.972: sctp protocol not supported
EtherApe-INFO: 12:54:02.972: sctp protocol not supported
EtherApe-INFO: 12:54:02.972: sctp protocol not supported
EtherApe-INFO: 12:54:02.973: sctp protocol not supported
EtherApe-INFO: 12:54:02.973: sctp protocol not supported
EtherApe-INFO: 12:54:02.973: sctp protocol not supported
EtherApe-INFO: 12:54:02.973: sctp protocol not supported
EtherApe-INFO: 12:54:02.973: sctp protocol not supported
EtherApe-INFO: 12:54:02.973: sctp protocol not supported
EtherApe-INFO: 12:54:02.973: sctp protocol not supported
EtherApe-INFO: 12:54:02.973: sctp protocol not supported
EtherApe-INFO: 12:54:02.973: sctp protocol not supported
EtherApe-INFO: 12:54:02.973: sctp protocol not supported
EtherApe-INFO: 12:54:02.973: sctp protocol not supported
EtherApe-INFO: 12:54:02.973: sctp protocol not supported
EtherApe-INFO: 12:54:02.973: sctp protocol not supported
EtherApe-INFO: 12:54:02.973: sctp protocol not supported
EtherApe-INFO: 12:54:02.973: sctp protocol not supported
EtherApe-INFO: 12:54:02.973: dccp protocol not supported
EtherApe-INFO: 12:54:02.973: sctp protocol not supported
EtherApe-INFO: 12:54:02.974: sctp protocol not supported
EtherApe-INFO: 12:54:02.974: sctp protocol not supported
EtherApe-INFO: 12:54:02.974: sctp protocol not supported
EtherApe-INFO: 12:54:02.974: sctp protocol not supported
EtherApe-INFO: 12:54:02.974: sctp protocol not supported
EtherApe-INFO: 12:54:02.974: sctp protocol not supported
EtherApe-INFO: 12:54:02.974: sctp protocol not supported
EtherApe-INFO: 12:54:02.974: sctp protocol not supported
EtherApe-INFO: 12:54:02.974: sctp protocol not supported
EtherApe-INFO: 12:54:02.974: sctp protocol not supported
EtherApe-INFO: 12:54:02.975: sctp protocol not supported
EtherApe-INFO: 12:54:02.975: sctp protocol not supported
EtherApe-INFO: 12:54:02.975: sctp protocol not supported
EtherApe-INFO: 12:54:02.975: sctp protocol not supported
EtherApe-INFO: 12:54:02.975: sctp protocol not supported
EtherApe-INFO: 12:54:02.975: sctp protocol not supported
EtherApe-INFO: 12:54:02.975: sctp protocol not supported
EtherApe-INFO: 12:54:02.975: sctp protocol not supported
EtherApe-INFO: 12:54:02.975: sctp protocol not supported
EtherApe-INFO: 12:54:02.975: sctp protocol not supported
EtherApe-INFO: 12:54:02.975: sctp protocol not supported
EtherApe-INFO: 12:54:02.975: sctp protocol not supported
EtherApe-INFO: 12:54:02.975: sctp protocol not supported
EtherApe-INFO: 12:54:02.975: sctp protocol not supported
EtherApe-INFO: 12:54:02.976: sctp protocol not supported
EtherApe-INFO: 12:54:02.976: sctp protocol not supported
EtherApe-INFO: 12:54:02.976: sctp protocol not supported
EtherApe-INFO: 12:54:02.976: sctp protocol not supported
EtherApe-INFO: 12:54:02.976: sctp protocol not supported
EtherApe-INFO: 12:54:02.976: sctp protocol not supported
EtherApe-INFO: 12:54:02.976: sctp protocol not supported
EtherApe-INFO: 12:54:02.976: sctp protocol not supported
EtherApe-INFO: 12:54:02.976: sctp protocol not supported
EtherApe-INFO: 12:54:02.976: sctp protocol not supported
EtherApe-INFO: 12:54:02.976: sctp protocol not supported
EtherApe-INFO: 12:54:02.986: get_interface result: ''
EtherApe-INFO: 12:54:02.986: Available interfaces for capture: dbus-session dbus-system nfqueue nflog bluetooth-monitor bluetooth0 lo any wlp2s0
EtherApe-INFO: 12:54:02.987: Link type is LINUX_SLL
EtherApe-INFO: 12:54:02.987: Diagram started
EtherApe-INFO: 12:54:12.967: New node: IP: 192.168.1.249. Number of nodes 1
EtherApe-INFO: 12:54:12.967: New node: IP: 149.154.167.50. Number of nodes 2
EtherApe-INFO: 12:54:14.504: New node: IP: 149.154.167.216. Number of nodes 3
EtherApe-INFO: 12:54:14.759: New node: IP: 8.8.8.8. Number of nodes 4
EtherApe-INFO: 12:54:14.759: New node: IP: 140.82.121.6. Number of nodes 5
EtherApe-INFO: 12:54:16.808: New node: IP: 140.82.121.5. Number of nodes 6
EtherApe-INFO: 12:54:18.088: New node: IP: 9.9.9.9. Number of nodes 7
EtherApe-INFO: 12:54:29.621: New node: IP: 116.202.14.29. Number of nodes 8
EtherApe-INFO: 12:54:48.565: New node: IP: 149.154.167.41. Number of nodes 9
EtherApe-INFO: 12:54:57.269: New node: IP: 104.16.248.249. Number of nodes 10
EtherApe-INFO: 12:54:57.781: New node: IP: 34.107.221.82. Number of nodes 11
EtherApe-INFO: 12:54:58.297: New node: IP: 34.120.208.123. Number of nodes 12
EtherApe-INFO: 12:54:58.301: New node: IP: 35.241.9.150. Number of nodes 13
EtherApe-INFO: 12:54:58.301: New node: IP: 54.200.142.81. Number of nodes 14
EtherApe-INFO: 12:54:58.306: New node: IP: 34.160.144.191. Number of nodes 15
EtherApe-INFO: 12:54:58.315: New node: IP: 34.223.171.232. Number of nodes 16
EtherApe-INFO: 12:54:58.316: New node: IP: 34.107.141.31. Number of nodes 17
EtherApe-INFO: 12:54:58.318: New node: IP: 35.160.122.190. Number of nodes 18
EtherApe-INFO: 12:54:59.070: New node: IP: 104.17.49.74. Number of nodes 19
EtherApe-INFO: 12:54:59.071: New node: IP: 172.217.16.42. Number of nodes 20
EtherApe-INFO: 12:54:59.076: New node: IP: 104.17.50.74. Number of nodes 21
EtherApe-INFO: 12:54:59.083: New node: IP: 216.239.32.178. Number of nodes 22
EtherApe-INFO: 12:54:59.581: New node: IP: 104.18.13.33. Number of nodes 23
EtherApe-INFO: 12:54:59.589: New node: IP: 172.64.147.123. Number of nodes 24
EtherApe-INFO: 12:55:00.346: New node: IP: 194.233.96.31. Number of nodes 25
EtherApe-INFO: 12:55:00.351: New node: IP: 93.184.220.29. Number of nodes 26
EtherApe-INFO: 12:55:01.121: New node: IP: 172.64.106.28. Number of nodes 27
EtherApe-INFO: 12:55:01.145: New node: IP: 1.1.1.1. Number of nodes 28
EtherApe-INFO: 12:55:02.147: New node: IP: 34.237.174.30. Number of nodes 29
EtherApe-INFO: 12:55:02.153: New node: IP: 87.245.216.107. Number of nodes 30
EtherApe-INFO: 12:55:02.168: New node: IP: 104.17.182.52. Number of nodes 31
EtherApe-INFO: 12:55:02.381: New node: IP: 3.123.130.137. Number of nodes 32
EtherApe-INFO: 12:55:02.381: New node: IP: 108.138.17.106. Number of nodes 33
EtherApe-INFO: 12:55:02.401: New node: IP: 104.22.33.83. Number of nodes 34
EtherApe-INFO: 12:55:02.646: New node: IP: 192.168.0.1. Number of nodes 35
EtherApe-INFO: 12:55:02.653: New node: IP: 142.250.203.197. Number of nodes 36
EtherApe-INFO: 12:55:02.653: New node: IP: 216.58.215.99. Number of nodes 37
EtherApe-INFO: 12:55:02.906: New node: IP: 35.186.227.140. Number of nodes 38
EtherApe-INFO: 12:55:03.403: New node: IP: 192.124.249.24. Number of nodes 39
EtherApe-INFO: 12:55:03.663: New node: IP: 104.18.20.226. Number of nodes 40
EtherApe-INFO: 12:55:03.667: New node: IP: 108.138.46.56. Number of nodes 41
EtherApe-INFO: 12:55:03.916: New node: IP: 172.64.135.11. Number of nodes 42
EtherApe-INFO: 12:55:03.952: New node: IP: 18.66.121.68. Number of nodes 43
EtherApe-INFO: 12:55:03.976: New node: IP: 13.32.103.36. Number of nodes 44
EtherApe-INFO: 12:55:04.170: New node: IP: 192.168.0.218. Number of nodes 45
EtherApe-INFO: 12:55:04.177: New node: IP: 172.217.16.10. Number of nodes 46
EtherApe-INFO: 12:55:04.431: New node: IP: 18.66.121.184. Number of nodes 47
EtherApe-INFO: 12:55:06.988: New node: IP: 54.155.246.232. Number of nodes 48
EtherApe-INFO: 12:55:07.255: New node: IP: 104.18.227.44. Number of nodes 49
EtherApe-INFO: 12:55:07.256: New node: IP: 13.32.99.66. Number of nodes 50
EtherApe-INFO: 12:55:07.506: New node: IP: 62.182.19.39. Number of nodes 51
EtherApe-INFO: 12:55:08.010: New node: IP: 3.218.231.251. Number of nodes 52
EtherApe-INFO: 12:55:08.779: New node: IP: 204.79.197.203. Number of nodes 53
EtherApe-INFO: 12:55:09.547: New node: IP: 172.217.16.14. Number of nodes 54
EtherApe-INFO: 12:55:11.365: New node: IP: 140.82.114.26. Number of nodes 55
EtherApe-INFO: 12:56:03.573: New node: IP: 149.154.167.92. Number of nodes 56
EtherApe-INFO: 12:56:14.841: delete node: IP: 140.82.121.6. Number of nodes 55
EtherApe-INFO: 12:57:01.987: delete node: IP: 172.64.106.28. Number of nodes 54
EtherApe-INFO: 12:57:02.235: delete node: IP: 9.9.9.9. Number of nodes 53
EtherApe-INFO: 12:57:02.481: delete node: IP: 104.17.50.74. Number of nodes 52
EtherApe-INFO: 12:57:03.784: delete node: IP: 108.138.46.56. Number of nodes 51
EtherApe-INFO: 12:57:03.784: delete node: IP: 35.160.122.190. Number of nodes 50
EtherApe-INFO: 12:57:04.774: delete node: IP: 13.32.103.36. Number of nodes 49
EtherApe-INFO: 12:57:04.921: delete node: IP: 192.168.0.1. Number of nodes 48
EtherApe-INFO: 12:57:04.921: delete node: IP: 172.217.16.42. Number of nodes 47
EtherApe-INFO: 12:57:05.487: delete node: IP: 192.168.0.218. Number of nodes 46
EtherApe-INFO: 12:57:05.488: delete node: IP: 1.1.1.1. Number of nodes 45
EtherApe-INFO: 12:57:06.104: delete node: IP: 172.217.16.10. Number of nodes 44
EtherApe-INFO: 12:57:09.750: delete node: IP: 18.66.121.184. Number of nodes 43
EtherApe-INFO: 12:57:11.756: delete node: IP: 3.218.231.251. Number of nodes 42
EtherApe-INFO: 12:57:14.017: delete node: IP: 140.82.114.26. Number of nodes 41
EtherApe-INFO: 12:57:40.856: New node: IP: 192.168.1.1. Number of nodes 42
EtherApe-INFO: 12:57:41.107: New node: IP: 95.216.195.133. Number of nodes 43
EtherApe-INFO: 12:57:50.868: delete node: IP: 149.154.167.50. Number of nodes 42
EtherApe-INFO: 12:58:03.211: delete node: IP: 54.200.142.81. Number of nodes 41
EtherApe-INFO: 12:58:03.391: New node: IP: 149.154.167.255. Number of nodes 42
EtherApe-INFO: 12:58:03.437: delete node: IP: 34.223.171.232. Number of nodes 41
EtherApe-INFO: 12:58:08.773: delete node: IP: 192.124.249.24. Number of nodes 40
EtherApe-INFO: 12:58:08.773: delete node: IP: 3.123.130.137. Number of nodes 39
EtherApe-INFO: 12:58:09.906: delete node: IP: 62.182.19.39. Number of nodes 38
EtherApe-INFO: 12:58:15.963: delete node: IP: 204.79.197.203. Number of nodes 37
EtherApe-INFO: 12:58:17.245: delete node: IP: 140.82.121.5. Number of nodes 36
EtherApe-INFO: 12:58:21.724: delete node: IP: 149.154.167.92. Number of nodes 35
EtherApe-INFO: 12:58:37.675: delete node: IP: 116.202.14.29. Number of nodes 34
EtherApe-INFO: 12:58:45.871: New node: IP: 116.202.14.29. Number of nodes 35
EtherApe-INFO: 12:58:59.066: delete node: IP: 104.18.20.226. Number of nodes 34
EtherApe-INFO: 12:59:00.290: delete node: IP: 18.66.121.68. Number of nodes 33
EtherApe-INFO: 12:59:01.242: delete node: IP: 87.245.216.107. Number of nodes 32
EtherApe-INFO: 12:59:02.140: delete node: IP: 34.107.221.82. Number of nodes 31
EtherApe-INFO: 12:59:03.104: delete node: IP: 93.184.220.29. Number of nodes 30
EtherApe-INFO: 12:59:05.333: delete node: IP: 216.58.215.99. Number of nodes 29
EtherApe-INFO: 12:59:40.929: delete node: IP: 192.168.1.1. Number of nodes 28
EtherApe-INFO: 12:59:41.454: delete node: IP: 95.216.195.133. Number of nodes 27
EtherApe-INFO: 12:59:53.289: delete node: IP: 216.239.32.178. Number of nodes 26
EtherApe-INFO: 12:59:53.289: delete node: IP: 34.160.144.191. Number of nodes 25
EtherApe-INFO: 12:59:53.289: delete node: IP: 34.107.141.31. Number of nodes 24
EtherApe-INFO: 12:59:53.502: delete node: IP: 35.241.9.150. Number of nodes 23
EtherApe-INFO: 12:59:56.064: delete node: IP: 172.64.147.123. Number of nodes 22
EtherApe-INFO: 12:59:56.064: delete node: IP: 104.22.33.83. Number of nodes 21
EtherApe-INFO: 12:59:56.064: delete node: IP: 104.18.13.33. Number of nodes 20
EtherApe-INFO: 12:59:56.064: delete node: IP: 104.17.182.52. Number of nodes 19
EtherApe-INFO: 12:59:56.064: delete node: IP: 34.237.174.30. Number of nodes 18
EtherApe-INFO: 12:59:56.275: delete node: IP: 172.64.135.11. Number of nodes 17
EtherApe-INFO: 12:59:56.275: delete node: IP: 108.138.17.106. Number of nodes 16
EtherApe-INFO: 12:59:56.275: delete node: IP: 34.120.208.123. Number of nodes 15
EtherApe-INFO: 12:59:57.329: delete node: IP: 142.250.203.197. Number of nodes 14
EtherApe-INFO: 12:59:59.378: delete node: IP: 104.18.227.44. Number of nodes 13
EtherApe-INFO: 12:59:59.378: delete node: IP: 13.32.99.66. Number of nodes 12
EtherApe-INFO: 13:00:00.953: delete node: IP: 104.17.49.74. Number of nodes 11
EtherApe-INFO: 13:00:00.953: delete node: IP: 35.186.227.140. Number of nodes 10
EtherApe-INFO: 13:00:01.172: delete node: IP: 172.217.16.14. Number of nodes 9
EtherApe-INFO: 13:00:01.172: delete node: IP: 54.155.246.232. Number of nodes 8
EtherApe-INFO: 13:00:02.681: New node: IP: 35.160.122.190. Number of nodes 9
EtherApe-INFO: 13:00:03.946: New node: IP: 9.9.9.9. Number of nodes 10
EtherApe-INFO: 13:00:05.782: New node: IP: 1.1.1.1. Number of nodes 11
EtherApe-INFO: 13:00:46.012: delete node: IP: 116.202.14.29. Number of nodes 10
EtherApe-INFO: 13:01:42.029: New node: IP: 149.154.167.50. Number of nodes 11
EtherApe-INFO: 13:02:03.076: delete node: IP: 35.160.122.190. Number of nodes 10
EtherApe-INFO: 13:02:06.583: delete node: IP: 9.9.9.9. Number of nodes 9
EtherApe-INFO: 13:02:06.737: delete node: IP: 1.1.1.1. Number of nodes 8
EtherApe-INFO: 13:02:40.873: New node: IP: 192.168.1.1. Number of nodes 9
EtherApe-INFO: 13:02:40.884: New node: IP: 95.216.195.133. Number of nodes 10
EtherApe-INFO: 13:03:02.128: New node: IP: 116.202.14.29. Number of nodes 11
EtherApe-INFO: 13:03:38.574: delete node: IP: 149.154.167.255. Number of nodes 10
EtherApe-INFO: 13:03:43.680: delete node: IP: 149.154.167.50. Number of nodes 9
EtherApe-INFO: 13:04:40.999: delete node: IP: 192.168.1.1. Number of nodes 8
EtherApe-INFO: 13:04:41.206: delete node: IP: 95.216.195.133. Number of nodes 7
EtherApe-INFO: 13:05:01.163: New node: IP: 9.9.9.9. Number of nodes 8
EtherApe-INFO: 13:05:02.958: New node: IP: 35.160.122.190. Number of nodes 9
EtherApe-INFO: 13:05:14.985: New node: IP: 1.1.1.1. Number of nodes 10
EtherApe-INFO: 13:05:17.603: delete node: IP: 116.202.14.29. Number of nodes 9
EtherApe-INFO: 13:05:18.832: New node: IP: 149.154.167.255. Number of nodes 10
EtherApe-INFO: 13:05:19.346: New node: IP: 91.108.56.145. Number of nodes 11
EtherApe-INFO: 13:07:03.679: delete node: IP: 35.160.122.190. Number of nodes 10
EtherApe-INFO: 13:07:15.345: delete node: IP: 1.1.1.1. Number of nodes 9
EtherApe-INFO: 13:07:37.090: delete node: IP: 91.108.56.145. Number of nodes 8
EtherApe-INFO: 13:07:40.909: New node: IP: 192.168.1.1. Number of nodes 9
EtherApe-INFO: 13:07:40.946: New node: IP: 95.216.195.133. Number of nodes 10
EtherApe-INFO: 13:07:47.864: delete node: IP: 149.154.167.255. Number of nodes 9
EtherApe-INFO: 13:07:53.033: delete node: IP: 149.154.167.216. Number of nodes 8
EtherApe-INFO: 13:08:22.624: delete node: IP: 9.9.9.9. Number of nodes 7
EtherApe-INFO: 13:09:09.245: New node: IP: 149.154.167.216. Number of nodes 8
EtherApe-INFO: 13:09:41.091: delete node: IP: 192.168.1.1. Number of nodes 7
EtherApe-INFO: 13:09:41.297: delete node: IP: 95.216.195.133. Number of nodes 6
EtherApe-INFO: 13:10:03.243: New node: IP: 35.160.122.190. Number of nodes 7
EtherApe-INFO: 13:10:23.991: New node: IP: 9.9.9.9. Number of nodes 8
EtherApe-INFO: 13:10:24.509: New node: IP: 1.1.1.1. Number of nodes 9
EtherApe-INFO: 13:11:49.492: New node: IP: 116.202.14.29. Number of nodes 10
EtherApe-INFO: 13:12:03.391: delete node: IP: 35.160.122.190. Number of nodes 9
EtherApe-INFO: 13:12:25.406: delete node: IP: 9.9.9.9. Number of nodes 8
EtherApe-INFO: 13:12:25.406: delete node: IP: 1.1.1.1. Number of nodes 7
EtherApe-INFO: 13:12:40.937: New node: IP: 192.168.1.1. Number of nodes 8
EtherApe-INFO: 13:12:40.937: New node: IP: 95.216.195.133. Number of nodes 9
EtherApe-INFO: 13:13:49.596: delete node: IP: 116.202.14.29. Number of nodes 8
EtherApe-INFO: 13:14:32.641: delete node: IP: 149.154.167.216. Number of nodes 7
EtherApe-INFO: 13:14:37.693: New node: IP: 149.154.167.216. Number of nodes 8
EtherApe-INFO: 13:14:41.097: delete node: IP: 192.168.1.1. Number of nodes 7
EtherApe-INFO: 13:14:41.304: delete node: IP: 95.216.195.133. Number of nodes 6
EtherApe-INFO: 13:15:03.273: New node: IP: 35.160.122.190. Number of nodes 7
EtherApe-INFO: 13:15:34.001: New node: IP: 9.9.9.9. Number of nodes 8
EtherApe-INFO: 13:15:34.761: New node: IP: 1.1.1.1. Number of nodes 9
EtherApe-INFO: 13:16:38.011: New node: IP: 44.240.203.6. Number of nodes 10
EtherApe-INFO: 13:16:39.786: New node: IP: 151.101.2.49. Number of nodes 11
EtherApe-INFO: 13:17:04.451: delete node: IP: 35.160.122.190. Number of nodes 10
