(etherape:2497): GLib-GIO-DEBUG: 05:03:00.646: _g_io_module_get_default: Found default implementation local (GLocalVfs) for ‘gio-vfs’
(etherape:2497): GLib-GIO-DEBUG: 05:03:00.682: Using cross-namespace EXTERNAL authentication (this will deadlock if server is GDBus < 2.73.3)
EtherApe-INFO: 05:03:00.715: sctp protocol not supported
EtherApe-INFO: 05:03:00.715: dccp protocol not supported
EtherApe-INFO: 05:03:00.715: sctp protocol not supported
EtherApe-INFO: 05:03:00.715: sctp protocol not supported
EtherApe-INFO: 05:03:00.715: sctp protocol not supported
EtherApe-INFO: 05:03:00.715: sctp protocol not supported
EtherApe-INFO: 05:03:00.715: sctp protocol not supported
EtherApe-INFO: 05:03:00.715: sctp protocol not supported
EtherApe-INFO: 05:03:00.716: sctp protocol not supported
EtherApe-INFO: 05:03:00.716: dccp protocol not supported
EtherApe-INFO: 05:03:00.716: sctp protocol not supported
EtherApe-INFO: 05:03:00.716: dccp protocol not supported
EtherApe-INFO: 05:03:00.716: dccp protocol not supported
EtherApe-INFO: 05:03:00.716: sctp protocol not supported
EtherApe-INFO: 05:03:00.716: sctp protocol not supported
EtherApe-INFO: 05:03:00.716: sctp protocol not supported
EtherApe-INFO: 05:03:00.716: sctp protocol not supported
EtherApe-INFO: 05:03:00.716: sctp protocol not supported
EtherApe-INFO: 05:03:00.717: sctp protocol not supported
EtherApe-INFO: 05:03:00.717: sctp protocol not supported
EtherApe-INFO: 05:03:00.717: sctp protocol not supported
EtherApe-INFO: 05:03:00.717: sctp protocol not supported
EtherApe-INFO: 05:03:00.717: sctp protocol not supported
EtherApe-INFO: 05:03:00.717: sctp protocol not supported
EtherApe-INFO: 05:03:00.717: sctp protocol not supported
EtherApe-INFO: 05:03:00.717: sctp protocol not supported
EtherApe-INFO: 05:03:00.717: sctp protocol not supported
EtherApe-INFO: 05:03:00.717: sctp protocol not supported
EtherApe-INFO: 05:03:00.717: dccp protocol not supported
EtherApe-INFO: 05:03:00.717: sctp protocol not supported
EtherApe-INFO: 05:03:00.717: sctp protocol not supported
EtherApe-INFO: 05:03:00.717: dccp protocol not supported
EtherApe-INFO: 05:03:00.717: sctp protocol not supported
EtherApe-INFO: 05:03:00.717: sctp protocol not supported
EtherApe-INFO: 05:03:00.717: sctp protocol not supported
EtherApe-INFO: 05:03:00.717: dccp protocol not supported
EtherApe-INFO: 05:03:00.717: dccp protocol not supported
EtherApe-INFO: 05:03:00.717: sctp protocol not supported
EtherApe-INFO: 05:03:00.718: sctp protocol not supported
EtherApe-INFO: 05:03:00.718: sctp protocol not supported
EtherApe-INFO: 05:03:00.718: sctp protocol not supported
EtherApe-INFO: 05:03:00.718: sctp protocol not supported
EtherApe-INFO: 05:03:00.718: sctp protocol not supported
EtherApe-INFO: 05:03:00.718: sctp protocol not supported
EtherApe-INFO: 05:03:00.718: sctp protocol not supported
EtherApe-INFO: 05:03:00.718: sctp protocol not supported
EtherApe-INFO: 05:03:00.718: sctp protocol not supported
EtherApe-INFO: 05:03:00.718: sctp protocol not supported
EtherApe-INFO: 05:03:00.718: sctp protocol not supported
EtherApe-INFO: 05:03:00.718: sctp protocol not supported
EtherApe-INFO: 05:03:00.718: sctp protocol not supported
EtherApe-INFO: 05:03:00.718: sctp protocol not supported
EtherApe-INFO: 05:03:00.718: sctp protocol not supported
EtherApe-INFO: 05:03:00.718: sctp protocol not supported
EtherApe-INFO: 05:03:00.718: sctp protocol not supported
EtherApe-INFO: 05:03:00.718: sctp protocol not supported
EtherApe-INFO: 05:03:00.718: sctp protocol not supported
EtherApe-INFO: 05:03:00.718: dccp protocol not supported
EtherApe-INFO: 05:03:00.718: sctp protocol not supported
EtherApe-INFO: 05:03:00.718: sctp protocol not supported
EtherApe-INFO: 05:03:00.718: sctp protocol not supported
EtherApe-INFO: 05:03:00.718: sctp protocol not supported
EtherApe-INFO: 05:03:00.718: sctp protocol not supported
EtherApe-INFO: 05:03:00.718: sctp protocol not supported
EtherApe-INFO: 05:03:00.718: sctp protocol not supported
EtherApe-INFO: 05:03:00.718: sctp protocol not supported
EtherApe-INFO: 05:03:00.718: sctp protocol not supported
EtherApe-INFO: 05:03:00.718: sctp protocol not supported
EtherApe-INFO: 05:03:00.718: sctp protocol not supported
EtherApe-INFO: 05:03:00.718: sctp protocol not supported
EtherApe-INFO: 05:03:00.718: sctp protocol not supported
EtherApe-INFO: 05:03:00.718: sctp protocol not supported
EtherApe-INFO: 05:03:00.718: sctp protocol not supported
EtherApe-INFO: 05:03:00.718: sctp protocol not supported
EtherApe-INFO: 05:03:00.718: sctp protocol not supported
EtherApe-INFO: 05:03:00.718: sctp protocol not supported
EtherApe-INFO: 05:03:00.718: sctp protocol not supported
EtherApe-INFO: 05:03:00.718: sctp protocol not supported
EtherApe-INFO: 05:03:00.718: sctp protocol not supported
EtherApe-INFO: 05:03:00.719: sctp protocol not supported
EtherApe-INFO: 05:03:00.719: sctp protocol not supported
EtherApe-INFO: 05:03:00.719: sctp protocol not supported
EtherApe-INFO: 05:03:00.719: sctp protocol not supported
EtherApe-INFO: 05:03:00.719: sctp protocol not supported
EtherApe-INFO: 05:03:00.719: sctp protocol not supported
EtherApe-INFO: 05:03:00.719: sctp protocol not supported
EtherApe-INFO: 05:03:00.719: sctp protocol not supported
EtherApe-INFO: 05:03:00.719: sctp protocol not supported
EtherApe-INFO: 05:03:00.719: sctp protocol not supported
EtherApe-INFO: 05:03:00.719: sctp protocol not supported
EtherApe-INFO: 05:03:00.719: sctp protocol not supported
EtherApe-INFO: 05:03:00.719: sctp protocol not supported
EtherApe-INFO: 05:03:00.719: sctp protocol not supported
EtherApe-INFO: 05:03:00.719: sctp protocol not supported
EtherApe-INFO: 05:03:00.719: sctp protocol not supported
EtherApe-INFO: 05:03:00.719: sctp protocol not supported
EtherApe-INFO: 05:03:00.729: get_interface result: ''
EtherApe-INFO: 05:03:00.729: Available interfaces for capture: dbus-session dbus-system nfqueue nflog bluetooth-monitor enp8s0 lo any enp5s0
EtherApe-INFO: 05:03:00.730: Link type is LINUX_SLL
EtherApe-INFO: 05:03:00.730: Diagram started
EtherApe-INFO: 05:03:01.494: New node: IPv6: fe80::13fb:a58d:93ba:8515. Number of nodes 1
EtherApe-INFO: 05:03:01.494: New node: IPv6: ff02::2. Number of nodes 2
EtherApe-INFO: 05:03:02.518: New node: IP: 192.168.0.240. Number of nodes 3
EtherApe-INFO: 05:03:02.518: New node: IP: 192.168.0.1. Number of nodes 4
EtherApe-INFO: 05:03:04.822: New node: IP: 34.107.221.82. Number of nodes 5
EtherApe-INFO: 05:03:04.822: New node: IP: 192.229.221.95. Number of nodes 6
EtherApe-INFO: 05:03:04.822: New node: IP: 2.18.79.136. Number of nodes 7
EtherApe-INFO: 05:03:05.591: New node: IP: 13.224.192.222. Number of nodes 8
EtherApe-INFO: 05:03:06.615: New node: IP: 142.250.186.195. Number of nodes 9
EtherApe-INFO: 05:03:06.870: New node: IP: 52.58.197.32. Number of nodes 10
EtherApe-INFO: 05:03:09.687: New node: IP: 216.58.209.10. Number of nodes 11
EtherApe-INFO: 05:03:12.246: New node: IP: 149.154.167.41. Number of nodes 12
EtherApe-INFO: 05:03:13.270: New node: IP: 149.154.167.50. Number of nodes 13
EtherApe-INFO: 05:03:17.112: New node: IP: 91.194.50.58. Number of nodes 14
EtherApe-INFO: 05:03:17.878: New node: IP: 34.120.208.123. Number of nodes 15
EtherApe-INFO: 05:03:22.230: New node: IP: 104.16.248.249. Number of nodes 16
EtherApe-INFO: 05:03:22.486: New node: IP: 104.17.50.74. Number of nodes 17
EtherApe-INFO: 05:03:22.486: New node: IP: 34.117.65.55. Number of nodes 18
EtherApe-INFO: 05:03:22.486: New node: IP: 104.16.100.56. Number of nodes 19
EtherApe-INFO: 05:03:23.510: New node: IP: 104.18.13.33. Number of nodes 20
EtherApe-INFO: 05:03:23.510: New node: IP: 62.182.19.39. Number of nodes 21
EtherApe-INFO: 05:03:25.304: New node: IP: 3.225.25.3. Number of nodes 22
EtherApe-INFO: 05:03:26.582: New node: IP: 172.217.16.4. Number of nodes 23
EtherApe-INFO: 05:03:26.583: New node: IP: 142.250.203.206. Number of nodes 24
EtherApe-INFO: 05:03:26.583: New node: IP: 52.73.29.95. Number of nodes 25
EtherApe-INFO: 05:03:27.607: New node: IP: 142.250.186.206. Number of nodes 26
EtherApe-INFO: 05:03:27.607: New node: IP: 172.217.16.42. Number of nodes 27
EtherApe-INFO: 05:03:28.632: New node: IP: 192.178.25.173. Number of nodes 28
EtherApe-INFO: 05:03:30.166: New node: IP: 142.250.203.131. Number of nodes 29
EtherApe-INFO: 05:03:32.472: New node: IP: 91.198.174.208. Number of nodes 30
EtherApe-INFO: 05:03:33.494: New node: IP: 91.198.174.192. Number of nodes 31
EtherApe-INFO: 05:03:35.544: New node: IP: 13.32.103.37. Number of nodes 32
EtherApe-INFO: 05:03:35.544: New node: IP: 104.16.249.249. Number of nodes 33
EtherApe-INFO: 05:03:40.662: New node: IP: 142.250.186.197. Number of nodes 34
EtherApe-INFO: 05:03:46.296: New node: IP: 172.67.97.54. Number of nodes 35
EtherApe-INFO: 05:03:46.298: New node: IP: 52.29.123.56. Number of nodes 36
EtherApe-INFO: 05:04:01.654: New node: IP: 2.18.79.137. Number of nodes 37
EtherApe-INFO: 05:04:03.190: New node: IP: 2.18.79.145. Number of nodes 38
EtherApe-INFO: 05:04:03.446: New node: IP: 104.64.126.192. Number of nodes 39
EtherApe-INFO: 05:04:03.958: New node: IP: 155.133.226.78. Number of nodes 40
EtherApe-INFO: 05:04:03.959: New node: IP: 155.133.226.75. Number of nodes 41
EtherApe-INFO: 05:04:03.959: New node: IP: 162.254.197.39. Number of nodes 42
EtherApe-INFO: 05:04:03.959: New node: IP: 162.254.197.54. Number of nodes 43
EtherApe-INFO: 05:04:04.218: New node: IP: 162.254.198.44. Number of nodes 44
EtherApe-INFO: 05:04:04.472: New node: IP: 155.133.252.39. Number of nodes 45
EtherApe-INFO: 05:04:04.473: New node: IP: 155.133.252.54. Number of nodes 46
EtherApe-INFO: 05:04:09.335: New node: IP: 2.17.245.46. Number of nodes 47
EtherApe-INFO: 05:04:10.106: New node: IP: 104.18.37.23. Number of nodes 48
EtherApe-INFO: 05:04:11.641: New node: IP: 104.64.121.178. Number of nodes 49
EtherApe-INFO: 05:04:12.918: New node: IP: 172.64.150.233. Number of nodes 50
EtherApe-INFO: 05:04:13.175: New node: IP: 127.0.0.1. Number of nodes 51
EtherApe-INFO: 05:04:29.842: New node: IP: 18.244.108.46. Number of nodes 52
EtherApe-INFO: 05:04:32.375: New node: IP: 18.244.108.54. Number of nodes 53
EtherApe-INFO: 05:04:32.631: New node: IP: 142.250.203.196. Number of nodes 54
EtherApe-INFO: 05:04:32.632: New node: IP: 34.120.195.249. Number of nodes 55
EtherApe-INFO: 05:04:32.633: New node: IP: 216.58.208.200. Number of nodes 56
EtherApe-INFO: 05:04:32.891: New node: IP: 108.138.44.58. Number of nodes 57
EtherApe-INFO: 05:04:32.891: New node: IP: 18.66.224.58. Number of nodes 58
EtherApe-INFO: 05:04:32.891: New node: IP: 213.227.142.34. Number of nodes 59
EtherApe-INFO: 05:04:32.892: New node: IP: 104.18.36.10. Number of nodes 60
EtherApe-INFO: 05:04:33.399: New node: IP: 64.233.164.157. Number of nodes 61
EtherApe-INFO: 05:04:33.654: New node: IP: 34.243.220.244. Number of nodes 62
EtherApe-INFO: 05:04:38.774: New node: IP: 142.250.203.208. Number of nodes 63
EtherApe-INFO: 05:04:42.436: New node: IP: 152.199.19.161. Number of nodes 64
EtherApe-INFO: 05:04:42.533: New node: IP: 108.138.51.128. Number of nodes 65
EtherApe-INFO: 05:05:27.289: delete node: IP: 62.182.19.39. Number of nodes 64
EtherApe-INFO: 05:05:27.566: delete node: IP: 52.58.197.32. Number of nodes 63
EtherApe-INFO: 05:05:50.792: delete node: IP: 172.67.97.54. Number of nodes 62
EtherApe-INFO: 05:05:51.263: delete node: IP: 52.29.123.56. Number of nodes 61
EtherApe-INFO: 05:06:09.030: delete node: IPv6: ff02::2. Number of nodes 60
EtherApe-INFO: 05:06:09.030: delete node: IPv6: fe80::13fb:a58d:93ba:8515. Number of nodes 59
EtherApe-INFO: 05:06:09.312: delete node: IP: 162.254.197.54. Number of nodes 58
EtherApe-INFO: 05:06:09.312: delete node: IP: 155.133.226.78. Number of nodes 57
EtherApe-INFO: 05:06:09.415: delete node: IP: 162.254.197.39. Number of nodes 56
EtherApe-INFO: 05:06:09.573: delete node: IP: 162.254.198.44. Number of nodes 55
EtherApe-INFO: 05:06:09.677: delete node: IP: 155.133.252.39. Number of nodes 54
EtherApe-INFO: 05:06:09.858: delete node: IP: 155.133.252.54. Number of nodes 53
EtherApe-INFO: 05:06:19.864: delete node: IP: 192.229.221.95. Number of nodes 52
EtherApe-INFO: 05:06:19.864: delete node: IP: 2.18.79.136. Number of nodes 51
EtherApe-INFO: 05:06:21.519: delete node: IP: 91.194.50.58. Number of nodes 50
EtherApe-INFO: 05:06:21.935: delete node: IP: 13.224.192.222. Number of nodes 49
EtherApe-INFO: 05:06:24.401: New node: IPv6: fe80::13fb:a58d:93ba:8515. Number of nodes 50
EtherApe-INFO: 05:06:24.401: New node: IPv6: ff02::2. Number of nodes 51
EtherApe-INFO: 05:06:29.680: New node: IP: 91.194.50.58. Number of nodes 52
EtherApe-INFO: 05:06:32.903: delete node: IP: 34.120.195.249. Number of nodes 51
EtherApe-INFO: 05:06:33.296: delete node: IP: 2.18.79.145. Number of nodes 50
EtherApe-INFO: 05:06:34.432: delete node: IP: 91.198.174.208. Number of nodes 49
EtherApe-INFO: 05:06:35.413: delete node: IP: 91.198.174.192. Number of nodes 48
EtherApe-INFO: 05:06:42.708: delete node: IP: 18.244.108.46. Number of nodes 47
EtherApe-INFO: 05:06:42.811: delete node: IP: 18.66.224.58. Number of nodes 46
EtherApe-INFO: 05:06:45.130: New node: IP: 18.244.108.46. Number of nodes 47
EtherApe-INFO: 05:06:45.130: New node: IP: 18.66.224.58. Number of nodes 48
EtherApe-INFO: 05:07:03.093: delete node: IP: 213.227.142.34. Number of nodes 47
EtherApe-INFO: 05:07:06.532: New node: IP: 95.216.195.133. Number of nodes 48
EtherApe-INFO: 05:07:13.862: delete node: IP: 34.107.221.82. Number of nodes 47
EtherApe-INFO: 05:07:14.847: delete node: IP: 104.18.13.33. Number of nodes 46
EtherApe-INFO: 05:07:14.847: delete node: IP: 104.17.50.74. Number of nodes 45
EtherApe-INFO: 05:07:14.847: delete node: IP: 104.16.100.56. Number of nodes 44
EtherApe-INFO: 05:07:14.847: delete node: IP: 34.117.65.55. Number of nodes 43
EtherApe-INFO: 05:07:19.127: delete node: IP: 142.250.203.206. Number of nodes 42
EtherApe-INFO: 05:07:19.127: delete node: IP: 52.73.29.95. Number of nodes 41
EtherApe-INFO: 05:07:19.948: delete node: IP: 172.217.16.42. Number of nodes 40
EtherApe-INFO: 05:07:20.478: New node: IP: 142.250.203.138. Number of nodes 41
EtherApe-INFO: 05:07:23.606: New node: IP: 172.67.186.73. Number of nodes 42
EtherApe-INFO: 05:07:23.608: New node: IP: 104.21.59.246. Number of nodes 43
EtherApe-INFO: 05:07:24.061: New node: IP: 193.16.47.244. Number of nodes 44
EtherApe-INFO: 05:07:24.487: New node: IP: 34.117.65.55. Number of nodes 45
EtherApe-INFO: 05:07:28.120: delete node: IP: 13.32.103.37. Number of nodes 44
EtherApe-INFO: 05:08:24.572: delete node: IPv6: ff02::2. Number of nodes 43
EtherApe-INFO: 05:08:24.572: delete node: IPv6: fe80::13fb:a58d:93ba:8515. Number of nodes 42
EtherApe-INFO: 05:08:29.009: delete node: IP: 152.199.19.161. Number of nodes 41
EtherApe-INFO: 05:08:29.727: delete node: IP: 91.194.50.58. Number of nodes 40
EtherApe-INFO: 05:08:45.141: delete node: IP: 18.244.108.46. Number of nodes 39
EtherApe-INFO: 05:08:45.141: delete node: IP: 18.66.224.58. Number of nodes 38
EtherApe-INFO: 05:08:58.436: New node: IP: 142.250.203.206. Number of nodes 39
EtherApe-INFO: 05:09:03.494: delete node: IP: 2.18.79.137. Number of nodes 38
EtherApe-INFO: 05:09:06.746: delete node: IP: 95.216.195.133. Number of nodes 37
EtherApe-INFO: 05:09:20.714: delete node: IP: 142.250.203.138. Number of nodes 36
EtherApe-INFO: 05:09:24.270: delete node: IP: 172.67.186.73. Number of nodes 35
EtherApe-INFO: 05:09:24.583: delete node: IP: 34.117.65.55. Number of nodes 34
EtherApe-INFO: 05:09:24.839: delete node: IP: 192.168.0.1. Number of nodes 33
EtherApe-INFO: 05:09:33.113: New node: IP: 192.168.0.1. Number of nodes 34
EtherApe-INFO: 05:09:33.146: New node: IP: 108.138.44.63. Number of nodes 35
EtherApe-INFO: 05:09:33.204: New node: IP: 18.66.224.46. Number of nodes 36
EtherApe-INFO: 05:09:33.256: New node: IP: 18.66.89.64. Number of nodes 37
EtherApe-INFO: 05:09:49.816: New node: IP: 52.36.131.229. Number of nodes 38
EtherApe-INFO: 05:09:50.187: New node: IP: 172.64.155.188. Number of nodes 39
EtherApe-INFO: 05:09:55.511: New node: IP: 109.237.81.35. Number of nodes 40
EtherApe-INFO: 05:09:55.576: New node: IP: 104.18.32.68. Number of nodes 41
EtherApe-INFO: 05:09:55.869: New node: IP: 142.250.203.142. Number of nodes 42
EtherApe-INFO: 05:09:56.379: New node: IP: 142.250.203.138. Number of nodes 43
EtherApe-INFO: 05:10:12.448: New node: IP: 192.229.221.95. Number of nodes 44
EtherApe-INFO: 05:10:33.649: delete node: IP: 142.250.203.196. Number of nodes 43
EtherApe-INFO: 05:10:33.649: delete node: IP: 64.233.164.157. Number of nodes 42
EtherApe-INFO: 05:10:35.745: New node: IP: 172.64.151.246. Number of nodes 43
EtherApe-INFO: 05:10:36.017: New node: IP: 142.250.203.202. Number of nodes 44
EtherApe-INFO: 05:10:38.646: New node: IP: 88.99.215.99. Number of nodes 45
EtherApe-INFO: 05:10:38.921: New node: IP: 95.216.72.81. Number of nodes 46
EtherApe-INFO: 05:10:40.002: New node: IP: 2.18.79.136. Number of nodes 47
EtherApe-INFO: 05:10:40.986: New node: IP: 65.109.111.60. Number of nodes 48
EtherApe-INFO: 05:10:42.477: delete node: IP: 216.58.208.200. Number of nodes 47
EtherApe-INFO: 05:10:43.077: delete node: IP: 108.138.51.128. Number of nodes 46
EtherApe-INFO: 05:10:45.937: New node: IP: 91.194.50.58. Number of nodes 47
EtherApe-INFO: 05:11:07.641: New node: IPv6: fe80::13fb:a58d:93ba:8515. Number of nodes 48
EtherApe-INFO: 05:11:07.641: New node: IPv6: ff02::2. Number of nodes 49
EtherApe-INFO: 05:11:18.742: New node: IP: 192.178.25.174. Number of nodes 50
EtherApe-INFO: 05:11:19.157: New node: IP: 172.217.16.35. Number of nodes 51
EtherApe-INFO: 05:11:19.265: New node: IP: 192.178.25.163. Number of nodes 52
EtherApe-INFO: 05:11:42.901: delete node: IP: 108.138.44.63. Number of nodes 51
EtherApe-INFO: 05:11:43.005: delete node: IP: 18.66.224.46. Number of nodes 50
EtherApe-INFO: 05:11:47.985: delete node: IP: 18.244.108.54. Number of nodes 49
EtherApe-INFO: 05:11:57.898: New node: IP: 18.66.224.46. Number of nodes 50
EtherApe-INFO: 05:12:06.503: New node: IP: 95.216.195.133. Number of nodes 51
EtherApe-INFO: 05:12:14.673: delete node: IP: 193.16.47.244. Number of nodes 50
EtherApe-INFO: 05:12:14.674: delete node: IP: 104.21.59.246. Number of nodes 49
EtherApe-INFO: 05:12:24.690: New node: IP: 34.117.65.55. Number of nodes 50
EtherApe-INFO: 05:12:36.019: delete node: IP: 172.64.151.246. Number of nodes 49
EtherApe-INFO: 05:12:38.305: delete node: IP: 142.250.203.202. Number of nodes 48
EtherApe-INFO: 05:12:45.980: delete node: IP: 91.194.50.58. Number of nodes 47
EtherApe-INFO: 05:12:46.998: delete node: IP: 52.36.131.229. Number of nodes 46
EtherApe-INFO: 05:12:53.245: delete node: IP: 172.64.150.233. Number of nodes 45
EtherApe-INFO: 05:12:54.513: delete node: IP: 104.18.37.23. Number of nodes 44
EtherApe-INFO: 05:13:02.024: delete node: IP: 95.216.72.81. Number of nodes 43
EtherApe-INFO: 05:13:07.844: delete node: IPv6: ff02::2. Number of nodes 42
EtherApe-INFO: 05:13:07.844: delete node: IPv6: fe80::13fb:a58d:93ba:8515. Number of nodes 41
EtherApe-INFO: 05:13:12.176: delete node: IP: 109.237.81.35. Number of nodes 40
EtherApe-INFO: 05:13:19.429: delete node: IP: 172.217.16.35. Number of nodes 39
EtherApe-INFO: 05:13:19.429: delete node: IP: 142.250.186.206. Number of nodes 38
EtherApe-INFO: 05:13:23.005: delete node: IP: 104.18.36.10. Number of nodes 37
EtherApe-INFO: 05:13:33.227: delete node: IP: 192.178.25.163. Number of nodes 36
EtherApe-INFO: 05:13:45.545: delete node: IP: 88.99.215.99. Number of nodes 35
EtherApe-INFO: 05:13:47.547: delete node: IP: 172.64.155.188. Number of nodes 34
EtherApe-INFO: 05:13:47.547: delete node: IP: 142.250.203.142. Number of nodes 33
EtherApe-INFO: 05:13:52.692: delete node: IP: 142.250.203.206. Number of nodes 32
EtherApe-INFO: 05:13:58.033: delete node: IP: 18.66.224.46. Number of nodes 31
EtherApe-INFO: 05:14:08.341: delete node: IP: 192.229.221.95. Number of nodes 30
EtherApe-INFO: 05:14:08.341: delete node: IP: 192.168.0.1. Number of nodes 29
EtherApe-INFO: 05:14:08.341: delete node: IP: 95.216.195.133. Number of nodes 28
EtherApe-INFO: 05:14:25.447: delete node: IP: 34.117.65.55. Number of nodes 27
EtherApe-INFO: 05:14:27.951: New node: IP: 192.178.25.163. Number of nodes 28
EtherApe-INFO: 05:14:33.583: New node: IP: 192.168.0.1. Number of nodes 29
EtherApe-INFO: 05:14:33.584: New node: IP: 18.66.14.59. Number of nodes 30
EtherApe-INFO: 05:14:33.584: New node: IP: 13.32.4.34. Number of nodes 31
EtherApe-INFO: 05:14:33.584: New node: IP: 18.66.89.38. Number of nodes 32
EtherApe-INFO: 05:14:35.462: delete node: IP: 104.18.32.68. Number of nodes 31
EtherApe-INFO: 05:14:39.273: delete node: IP: 2.18.79.136. Number of nodes 30
EtherApe-INFO: 05:14:51.317: delete node: IP: 108.138.44.58. Number of nodes 29
EtherApe-INFO: 05:15:06.350: New node: IP: 108.138.44.58. Number of nodes 30
EtherApe-INFO: 05:15:19.983: delete node: IP: 172.217.16.4. Number of nodes 29
EtherApe-INFO: 05:15:25.294: New node: IP: 52.29.123.56. Number of nodes 30
EtherApe-INFO: 05:15:46.319: delete node: IP: 142.250.186.195. Number of nodes 29
EtherApe-INFO: 05:16:00.720: delete node: IP: 142.250.203.138. Number of nodes 28
EtherApe-INFO: 05:16:06.821: delete node: IP: 104.64.121.178. Number of nodes 27
EtherApe-INFO: 05:16:09.865: delete node: IP: 104.64.126.192. Number of nodes 26
EtherApe-INFO: 05:16:13.944: delete node: IP: 2.17.245.46. Number of nodes 25
EtherApe-INFO: 05:16:27.529: delete node: IP: 192.178.25.174. Number of nodes 24
EtherApe-INFO: 05:16:28.055: delete node: IP: 192.178.25.163. Number of nodes 23
EtherApe-INFO: 05:16:43.159: delete node: IP: 18.66.89.38. Number of nodes 22
EtherApe-INFO: 05:16:43.159: delete node: IP: 13.32.4.34. Number of nodes 21
EtherApe-INFO: 05:16:43.473: delete node: IP: 18.66.14.59. Number of nodes 20
EtherApe-INFO: 05:16:49.073: delete node: IP: 142.250.203.208. Number of nodes 19
EtherApe-INFO: 05:16:58.222: New node: IP: 18.66.14.59. Number of nodes 20
EtherApe-INFO: 05:17:06.671: New node: IP: 95.216.195.133. Number of nodes 21
EtherApe-INFO: 05:17:06.713: delete node: IP: 108.138.44.58. Number of nodes 20
EtherApe-INFO: 05:17:21.034: delete node: IP: 192.178.25.173. Number of nodes 19
EtherApe-INFO: 05:17:24.849: New node: IP: 192.178.25.174. Number of nodes 20
EtherApe-INFO: 05:17:24.851: New node: IP: 34.117.65.55. Number of nodes 21
EtherApe-INFO: 05:17:37.646: New node: IP: 2.21.89.43. Number of nodes 22
EtherApe-INFO: 05:18:43.440: New node: IP: 2.18.79.136. Number of nodes 23
EtherApe-INFO: 05:19:03.691: delete node: IP: 18.66.14.59. Number of nodes 22
EtherApe-INFO: 05:19:07.248: delete node: IP: 95.216.195.133. Number of nodes 21
EtherApe-INFO: 05:19:18.255: New node: IP: 91.194.50.58. Number of nodes 22
EtherApe-INFO: 05:19:23.163: delete node: IP: 142.250.186.197. Number of nodes 21
EtherApe-INFO: 05:19:25.481: delete node: IP: 192.178.25.174. Number of nodes 20
EtherApe-INFO: 05:19:25.481: delete node: IP: 34.117.65.55. Number of nodes 19
EtherApe-INFO: 05:19:27.272: delete node: IP: 34.120.208.123. Number of nodes 18
EtherApe-INFO: 05:19:33.103: New node: IP: 142.250.186.197. Number of nodes 19
EtherApe-INFO: 05:19:34.127: New node: IP: 13.32.16.47. Number of nodes 20
EtherApe-INFO: 05:19:34.127: New node: IP: 108.138.14.53. Number of nodes 21
EtherApe-INFO: 05:19:37.710: New node: IP: 142.250.203.202. Number of nodes 22
EtherApe-INFO: 05:20:08.260: delete node: IP: 2.21.89.43. Number of nodes 21
EtherApe-INFO: 05:20:11.502: New node: IPv6: fe80::13fb:a58d:93ba:8515. Number of nodes 22
EtherApe-INFO: 05:20:11.502: New node: IPv6: ff02::2. Number of nodes 23
EtherApe-INFO: 05:20:25.071: New node: IP: 54.149.234.21. Number of nodes 24
EtherApe-INFO: 05:20:25.583: New node: IP: 192.229.221.95. Number of nodes 25
EtherApe-INFO: 05:21:18.356: delete node: IP: 91.194.50.58. Number of nodes 24
EtherApe-INFO: 05:21:38.338: delete node: IP: 142.250.203.202. Number of nodes 23
EtherApe-INFO: 05:21:44.227: delete node: IP: 108.138.14.53. Number of nodes 22
EtherApe-INFO: 05:21:44.227: delete node: IP: 13.32.16.47. Number of nodes 21
EtherApe-INFO: 05:21:49.366: delete node: IP: 52.29.123.56. Number of nodes 20
EtherApe-INFO: 05:21:58.511: New node: IP: 108.138.14.53. Number of nodes 21
EtherApe-INFO: 05:22:06.702: New node: IP: 95.216.195.133. Number of nodes 22
EtherApe-INFO: 05:22:17.222: delete node: IPv6: ff02::2. Number of nodes 21
EtherApe-INFO: 05:22:17.222: delete node: IPv6: fe80::13fb:a58d:93ba:8515. Number of nodes 20
EtherApe-INFO: 05:22:25.134: New node: IP: 34.117.65.55. Number of nodes 21
EtherApe-INFO: 05:22:27.738: delete node: IP: 54.149.234.21. Number of nodes 20
EtherApe-INFO: 05:22:32.047: New node: IP: 192.178.25.173. Number of nodes 21
EtherApe-INFO: 05:22:40.276: delete node: IP: 2.18.79.136. Number of nodes 20
EtherApe-INFO: 05:23:11.982: New node: IP: 52.29.123.56. Number of nodes 21
EtherApe-INFO: 05:23:58.619: delete node: IP: 108.138.14.53. Number of nodes 20
EtherApe-INFO: 05:24:07.284: delete node: IP: 192.168.0.1. Number of nodes 19
EtherApe-INFO: 05:24:07.284: delete node: IP: 95.216.195.133. Number of nodes 18
EtherApe-INFO: 05:24:20.079: New node: IP: 172.217.16.4. Number of nodes 19
EtherApe-INFO: 05:24:20.081: New node: IP: 142.250.203.202. Number of nodes 20
EtherApe-INFO: 05:24:20.336: New node: IP: 142.250.186.206. Number of nodes 21
EtherApe-INFO: 05:24:20.915: delete node: IP: 192.229.221.95. Number of nodes 20
EtherApe-INFO: 05:24:21.103: New node: IP: 142.250.186.195. Number of nodes 21
EtherApe-INFO: 05:24:22.895: New node: IP: 172.64.147.123. Number of nodes 22
EtherApe-INFO: 05:24:22.895: New node: IP: 76.76.21.21. Number of nodes 23
EtherApe-INFO: 05:24:23.150: New node: IP: 192.168.0.1. Number of nodes 24
EtherApe-INFO: 05:24:24.214: delete node: IP: 142.250.186.197. Number of nodes 23
EtherApe-INFO: 05:24:25.198: New node: IP: 18.66.147.82. Number of nodes 24
EtherApe-INFO: 05:24:25.199: New node: IP: 52.222.226.205. Number of nodes 25
EtherApe-INFO: 05:24:25.250: delete node: IP: 34.117.65.55. Number of nodes 24
EtherApe-INFO: 05:24:27.246: New node: IP: 18.66.89.34. Number of nodes 25
EtherApe-INFO: 05:24:28.272: New node: IP: 151.101.1.208. Number of nodes 26
EtherApe-INFO: 05:24:28.279: New node: IP: 145.40.68.75. Number of nodes 27
EtherApe-INFO: 05:24:29.550: New node: IP: 161.35.153.138. Number of nodes 28
EtherApe-INFO: 05:24:30.065: New node: IP: 193.242.192.120. Number of nodes 29
EtherApe-INFO: 05:24:30.319: New node: IP: 91.198.174.192. Number of nodes 30
EtherApe-INFO: 05:24:30.321: New node: IP: 104.18.32.68. Number of nodes 31
EtherApe-INFO: 05:24:34.417: New node: IP: 18.66.89.38. Number of nodes 32
EtherApe-INFO: 05:24:34.418: New node: IP: 13.32.4.36. Number of nodes 33
EtherApe-INFO: 05:24:34.418: New node: IP: 18.66.14.60. Number of nodes 34
EtherApe-INFO: 05:24:34.419: New node: IP: 192.178.25.165. Number of nodes 35
EtherApe-INFO: 05:24:34.420: New node: IP: 172.67.151.140. Number of nodes 36
EtherApe-INFO: 05:24:34.421: New node: IP: 104.21.88.174. Number of nodes 37
EtherApe-INFO: 05:24:37.487: New node: IP: 135.181.27.174. Number of nodes 38
EtherApe-INFO: 05:24:37.487: New node: IP: 172.67.187.48. Number of nodes 39
EtherApe-INFO: 05:24:37.744: New node: IP: 207.154.199.169. Number of nodes 40
EtherApe-INFO: 05:24:37.745: New node: IP: 192.178.25.174. Number of nodes 41
EtherApe-INFO: 05:24:37.747: New node: IP: 88.99.215.99. Number of nodes 42
EtherApe-INFO: 05:24:37.754: New node: IP: 140.82.121.4. Number of nodes 43
EtherApe-INFO: 05:24:37.755: New node: IP: 62.182.19.39. Number of nodes 44
EtherApe-INFO: 05:24:37.759: New node: IP: 212.24.154.103. Number of nodes 45
EtherApe-INFO: 05:24:37.759: New node: IP: 13.32.103.37. Number of nodes 46
EtherApe-INFO: 05:24:37.760: New node: IP: 185.68.16.12. Number of nodes 47
EtherApe-INFO: 05:24:37.765: New node: IP: 208.68.240.115. Number of nodes 48
EtherApe-INFO: 05:24:37.999: New node: IP: 104.16.99.56. Number of nodes 49
EtherApe-INFO: 05:24:38.003: New node: IP: 104.21.8.247. Number of nodes 50
EtherApe-INFO: 05:24:38.019: New node: IP: 2.21.173.112. Number of nodes 51
EtherApe-INFO: 05:24:38.021: New node: IP: 172.67.188.216. Number of nodes 52
EtherApe-INFO: 05:24:38.037: New node: IP: 192.229.221.95. Number of nodes 53
EtherApe-INFO: 05:24:41.840: New node: IP: 104.21.64.171. Number of nodes 54
EtherApe-INFO: 05:24:42.607: New node: IP: 104.26.8.22. Number of nodes 55
EtherApe-INFO: 05:24:43.118: New node: IP: 185.199.111.154. Number of nodes 56
EtherApe-INFO: 05:24:43.631: New node: IP: 104.16.26.5. Number of nodes 57
EtherApe-INFO: 05:24:44.144: New node: IP: 172.64.155.188. Number of nodes 58
EtherApe-INFO: 05:24:45.166: New node: IP: 35.186.224.25. Number of nodes 59
EtherApe-INFO: 05:24:45.167: New node: IP: 18.66.130.57. Number of nodes 60
EtherApe-INFO: 05:24:45.682: New node: IP: 172.64.133.15. Number of nodes 61
EtherApe-INFO: 05:24:45.682: New node: IP: 172.64.132.15. Number of nodes 62
EtherApe-INFO: 05:24:45.952: New node: IP: 65.109.110.253. Number of nodes 63
EtherApe-INFO: 05:24:46.450: New node: IP: 2.18.79.26. Number of nodes 64
EtherApe-INFO: 05:24:46.959: New node: IP: 104.18.22.126. Number of nodes 65
EtherApe-INFO: 05:24:49.010: New node: IP: 216.58.215.86. Number of nodes 66
EtherApe-INFO: 05:24:49.522: New node: IP: 52.58.197.32. Number of nodes 67
EtherApe-INFO: 05:24:50.799: New node: IP: 34.205.182.223. Number of nodes 68
EtherApe-INFO: 05:24:52.595: New node: IP: 95.216.72.81. Number of nodes 69
EtherApe-INFO: 05:24:56.183: New node: IP: 54.89.65.201. Number of nodes 70
EtherApe-INFO: 05:24:59.762: New node: IP: 142.250.203.142. Number of nodes 71
EtherApe-INFO: 05:25:00.035: New node: IP: 172.217.16.42. Number of nodes 72
EtherApe-INFO: 05:25:00.277: New node: IP: 216.58.209.14. Number of nodes 73
EtherApe-INFO: 05:25:27.676: delete node: IP: 18.66.89.64. Number of nodes 72
EtherApe-INFO: 05:26:36.074: delete node: IP: 172.67.151.140. Number of nodes 71
EtherApe-INFO: 05:26:37.367: delete node: IP: 65.109.111.60. Number of nodes 70
EtherApe-INFO: 05:26:41.986: delete node: IP: 104.21.64.171. Number of nodes 69
EtherApe-INFO: 05:26:42.748: delete node: IP: 104.26.8.22. Number of nodes 68
EtherApe-INFO: 05:26:43.708: delete node: IP: 18.66.89.38. Number of nodes 67
EtherApe-INFO: 05:26:43.708: delete node: IP: 18.66.14.60. Number of nodes 66
EtherApe-INFO: 05:26:43.708: delete node: IP: 13.32.4.36. Number of nodes 65
EtherApe-INFO: 05:26:44.996: delete node: IP: 212.24.154.103. Number of nodes 64
EtherApe-INFO: 05:26:44.996: delete node: IP: 208.68.240.115. Number of nodes 63
EtherApe-INFO: 05:26:45.752: delete node: IP: 145.40.68.75. Number of nodes 62
EtherApe-INFO: 05:26:47.792: delete node: IP: 104.21.8.247. Number of nodes 61
EtherApe-INFO: 05:26:58.798: New node: IP: 18.66.14.60. Number of nodes 62
EtherApe-INFO: 05:27:00.133: delete node: IP: 192.178.25.174. Number of nodes 61
EtherApe-INFO: 05:27:00.133: delete node: IP: 142.250.203.142. Number of nodes 60
EtherApe-INFO: 05:27:00.133: delete node: IP: 54.89.65.201. Number of nodes 59
EtherApe-INFO: 05:27:03.996: delete node: IP: 216.58.209.14. Number of nodes 58
EtherApe-INFO: 05:27:06.478: New node: IP: 95.216.195.133. Number of nodes 59
EtherApe-INFO: 05:27:15.983: delete node: IP: 95.216.72.81. Number of nodes 58
EtherApe-INFO: 05:27:24.399: New node: IP: 34.120.208.123. Number of nodes 59
EtherApe-INFO: 05:27:25.167: New node: IP: 34.117.65.55. Number of nodes 60
EtherApe-INFO: 05:27:32.591: New node: IP: 216.58.215.74. Number of nodes 61
EtherApe-INFO: 05:27:32.841: New node: IP: 172.217.16.35. Number of nodes 62
EtherApe-INFO: 05:27:34.544: New node: IP: 172.217.16.14. Number of nodes 63
EtherApe-INFO: 05:27:36.095: New node: IP: 216.58.215.97. Number of nodes 64
EtherApe-INFO: 05:27:36.338: New node: IP: 192.178.25.170. Number of nodes 65
EtherApe-INFO: 05:27:37.857: New node: IP: 74.125.162.234. Number of nodes 66
EtherApe-INFO: 05:27:38.194: delete node: IP: 185.68.16.12. Number of nodes 65
EtherApe-INFO: 05:27:41.995: delete node: IP: 62.182.19.39. Number of nodes 64
EtherApe-INFO: 05:27:44.070: delete node: IP: 207.154.199.169. Number of nodes 63
EtherApe-INFO: 05:27:50.703: delete node: IP: 161.35.153.138. Number of nodes 62
EtherApe-INFO: 05:27:50.703: delete node: IP: 135.181.27.174. Number of nodes 61
EtherApe-INFO: 05:27:52.529: delete node: IP: 52.29.123.56. Number of nodes 60
EtherApe-INFO: 05:27:54.251: delete node: IP: 52.58.197.32. Number of nodes 59
EtherApe-INFO: 05:27:55.262: New node: IP: 199.232.16.193. Number of nodes 60
EtherApe-INFO: 05:27:56.099: delete node: IP: 88.99.215.99. Number of nodes 59
EtherApe-INFO: 05:28:01.925: New node: IP: 142.250.203.138. Number of nodes 60
EtherApe-INFO: 05:28:25.872: delete node: IP: 104.18.32.68. Number of nodes 59
EtherApe-INFO: 05:28:39.368: New node: IP: 142.250.186.202. Number of nodes 60
EtherApe-INFO: 05:28:39.980: delete node: IP: 172.64.155.188. Number of nodes 59
EtherApe-INFO: 05:28:40.962: delete node: IP: 192.229.221.95. Number of nodes 58
EtherApe-INFO: 05:28:41.865: delete node: IP: 2.21.173.112. Number of nodes 57
EtherApe-INFO: 05:28:47.858: delete node: IP: 140.82.121.4. Number of nodes 56
EtherApe-INFO: 05:28:52.487: delete node: IP: 52.222.226.205. Number of nodes 55
EtherApe-INFO: 05:28:53.428: delete node: IP: 2.18.79.26. Number of nodes 54
EtherApe-INFO: 05:28:55.468: delete node: IP: 91.198.174.192. Number of nodes 53
EtherApe-INFO: 05:28:58.765: delete node: IP: 18.66.14.60. Number of nodes 52
EtherApe-INFO: 05:29:06.749: delete node: IP: 95.216.195.133. Number of nodes 51
EtherApe-INFO: 05:29:22.527: New node: IP: 34.107.221.82. Number of nodes 52
EtherApe-INFO: 05:29:25.378: delete node: IP: 34.117.65.55. Number of nodes 51
EtherApe-INFO: 05:29:27.391: New node: IP: 18.66.89.64. Number of nodes 52
EtherApe-INFO: 05:29:28.968: delete node: IP: 172.67.188.216. Number of nodes 51
EtherApe-INFO: 05:29:32.039: delete node: IP: 172.67.187.48. Number of nodes 50
EtherApe-INFO: 05:29:33.100: delete node: IP: 216.58.215.74. Number of nodes 49
EtherApe-INFO: 05:29:34.149: delete node: IP: 104.16.99.56. Number of nodes 48
EtherApe-INFO: 05:29:34.815: New node: IP: 18.66.14.64. Number of nodes 49
EtherApe-INFO: 05:29:34.815: New node: IP: 13.32.4.36. Number of nodes 50
EtherApe-INFO: 05:29:34.816: New node: IP: 18.66.89.47. Number of nodes 51
EtherApe-INFO: 05:29:35.843: delete node: IP: 172.64.133.15. Number of nodes 50
EtherApe-INFO: 05:29:35.843: delete node: IP: 172.64.132.15. Number of nodes 49
EtherApe-INFO: 05:29:35.843: delete node: IP: 104.16.26.5. Number of nodes 48
EtherApe-INFO: 05:29:36.908: delete node: IP: 35.186.224.25. Number of nodes 47
EtherApe-INFO: 05:29:37.975: delete node: IP: 185.199.111.154. Number of nodes 46
EtherApe-INFO: 05:29:37.975: delete node: IP: 104.18.22.126. Number of nodes 45
EtherApe-INFO: 05:29:38.144: New node: IP: 104.18.13.33. Number of nodes 46
EtherApe-INFO: 05:29:38.402: New node: IP: 104.18.12.33. Number of nodes 47
EtherApe-INFO: 05:29:39.984: delete node: IP: 216.58.215.86. Number of nodes 46
EtherApe-INFO: 05:29:39.984: delete node: IP: 18.66.130.57. Number of nodes 45
EtherApe-INFO: 05:29:42.276: delete node: IP: 34.205.182.223. Number of nodes 44
EtherApe-INFO: 05:29:44.391: delete node: IP: 74.125.162.234. Number of nodes 43
EtherApe-INFO: 05:29:45.894: delete node: IP: 76.76.21.21. Number of nodes 42
EtherApe-INFO: 05:29:49.201: delete node: IP: 151.101.1.208. Number of nodes 41
EtherApe-INFO: 05:29:49.201: delete node: IP: 104.21.88.174. Number of nodes 40
EtherApe-INFO: 05:29:49.201: delete node: IP: 18.66.147.82. Number of nodes 39
EtherApe-INFO: 05:29:49.201: delete node: IP: 13.32.103.37. Number of nodes 38
EtherApe-INFO: 05:29:51.215: delete node: IP: 172.217.16.42. Number of nodes 37
EtherApe-INFO: 05:29:51.215: delete node: IP: 172.64.147.123. Number of nodes 36
EtherApe-INFO: 05:29:57.382: delete node: IP: 199.232.16.193. Number of nodes 35
EtherApe-INFO: 05:30:02.765: delete node: IP: 192.178.25.170. Number of nodes 34
EtherApe-INFO: 05:30:28.352: delete node: IP: 18.66.89.34. Number of nodes 33
EtherApe-INFO: 05:30:31.391: New node: IP: 199.232.16.193. Number of nodes 34
EtherApe-INFO: 05:30:39.849: delete node: IP: 142.250.186.202. Number of nodes 33
EtherApe-INFO: 05:31:42.272: delete node: IP: 142.250.186.195. Number of nodes 32
EtherApe-INFO: 05:31:43.999: New node: IP: 52.29.123.56. Number of nodes 33
EtherApe-INFO: 05:31:44.055: delete node: IP: 18.66.89.47. Number of nodes 32
EtherApe-INFO: 05:31:44.055: delete node: IP: 18.66.14.64. Number of nodes 31
EtherApe-INFO: 05:31:44.055: delete node: IP: 13.32.4.36. Number of nodes 30
EtherApe-INFO: 05:31:59.102: New node: IP: 18.66.14.64. Number of nodes 31
EtherApe-INFO: 05:32:06.526: New node: IP: 95.216.195.133. Number of nodes 32
EtherApe-INFO: 05:32:24.702: New node: IP: 34.117.65.55. Number of nodes 33
EtherApe-INFO: 05:32:28.645: delete node: IP: 192.178.25.173. Number of nodes 32
EtherApe-INFO: 05:32:28.645: delete node: IP: 172.217.16.35. Number of nodes 31
EtherApe-INFO: 05:32:33.152: New node: IP: 192.178.25.173. Number of nodes 32
EtherApe-INFO: 05:32:36.048: delete node: IP: 142.250.186.206. Number of nodes 31
EtherApe-INFO: 05:32:44.961: delete node: IP: 104.16.248.249. Number of nodes 30
EtherApe-INFO: 05:32:53.209: delete node: IP: 142.250.203.138. Number of nodes 29
EtherApe-INFO: 05:33:04.168: delete node: IP: 199.232.16.193. Number of nodes 28
EtherApe-INFO: 05:33:38.014: delete node: IP: 142.250.203.202. Number of nodes 27
EtherApe-INFO: 05:33:45.342: New node: IP: 2.21.89.43. Number of nodes 28
EtherApe-INFO: 05:34:02.019: delete node: IP: 18.66.14.64. Number of nodes 27
EtherApe-INFO: 05:34:06.648: delete node: IP: 172.217.16.4. Number of nodes 26
EtherApe-INFO: 05:34:07.173: delete node: IP: 95.216.195.133. Number of nodes 25
EtherApe-INFO: 05:34:25.585: delete node: IP: 34.117.65.55. Number of nodes 24
EtherApe-INFO: 05:34:29.903: delete node: IP: 104.18.13.33. Number of nodes 23
EtherApe-INFO: 05:34:35.262: New node: IP: 13.32.4.34. Number of nodes 24
EtherApe-INFO: 05:34:35.263: New node: IP: 18.66.14.41. Number of nodes 25
EtherApe-INFO: 05:34:35.263: New node: IP: 108.138.14.34. Number of nodes 26
EtherApe-INFO: 05:34:53.511: delete node: IP: 52.29.123.56. Number of nodes 25
EtherApe-INFO: 05:34:55.742: New node: IP: 142.250.203.202. Number of nodes 26
EtherApe-INFO: 05:35:28.542: delete node: IP: 18.66.89.64. Number of nodes 25
EtherApe-INFO: 05:35:29.068: delete node: IP: 34.107.221.82. Number of nodes 24
EtherApe-INFO: 05:35:55.196: delete node: IP: 34.120.208.123. Number of nodes 23
EtherApe-INFO: 05:36:15.912: delete node: IP: 2.21.89.43. Number of nodes 22
EtherApe-INFO: 05:36:22.526: New node: IP: 91.194.50.58. Number of nodes 23
EtherApe-INFO: 05:36:29.956: delete node: IP: 216.58.215.97. Number of nodes 22
EtherApe-INFO: 05:36:46.089: delete node: IP: 108.138.14.34. Number of nodes 21
EtherApe-INFO: 05:36:46.089: delete node: IP: 18.66.14.41. Number of nodes 20
EtherApe-INFO: 05:36:46.089: delete node: IP: 13.32.4.34. Number of nodes 19
EtherApe-INFO: 05:36:56.868: delete node: IP: 142.250.203.202. Number of nodes 18
EtherApe-INFO: 05:36:59.134: New node: IP: 108.138.14.34. Number of nodes 19
EtherApe-INFO: 05:37:06.558: New node: IP: 95.216.195.133. Number of nodes 20
EtherApe-INFO: 05:37:25.502: New node: IP: 34.117.65.55. Number of nodes 21
EtherApe-INFO: 05:37:25.574: delete node: IP: 192.178.25.173. Number of nodes 20
EtherApe-INFO: 05:37:52.126: New node: IPv6: fe80::13fb:a58d:93ba:8515. Number of nodes 21
EtherApe-INFO: 05:37:52.126: New node: IPv6: ff02::2. Number of nodes 22
EtherApe-INFO: 05:38:23.194: delete node: IP: 91.194.50.58. Number of nodes 21
EtherApe-INFO: 05:38:59.804: delete node: IP: 108.138.14.34. Number of nodes 20
EtherApe-INFO: 05:39:12.346: delete node: IP: 192.168.0.1. Number of nodes 19
EtherApe-INFO: 05:39:12.346: delete node: IP: 95.216.195.133. Number of nodes 18
EtherApe-INFO: 05:39:33.578: delete node: IP: 104.18.12.33. Number of nodes 17
EtherApe-INFO: 05:39:33.579: delete node: IP: 34.117.65.55. Number of nodes 16
EtherApe-INFO: 05:39:35.550: New node: IP: 192.168.0.1. Number of nodes 17
EtherApe-INFO: 05:39:35.806: New node: IP: 108.138.14.46. Number of nodes 18
EtherApe-INFO: 05:39:35.807: New node: IP: 13.32.4.39. Number of nodes 19
EtherApe-INFO: 05:39:35.807: New node: IP: 18.244.108.61. Number of nodes 20
EtherApe-INFO: 05:39:44.277: delete node: IP: 192.178.25.165. Number of nodes 19
EtherApe-INFO: 05:39:52.447: New node: IP: 142.250.186.197. Number of nodes 20
EtherApe-INFO: 05:39:52.481: delete node: IPv6: ff02::2. Number of nodes 19
EtherApe-INFO: 05:39:52.481: delete node: IPv6: fe80::13fb:a58d:93ba:8515. Number of nodes 18
EtherApe-INFO: 05:41:44.864: delete node: IP: 108.138.14.46. Number of nodes 17
EtherApe-INFO: 05:41:44.865: delete node: IP: 18.244.108.61. Number of nodes 16
EtherApe-INFO: 05:41:44.865: delete node: IP: 13.32.4.39. Number of nodes 15
EtherApe-INFO: 05:41:59.422: New node: IP: 108.138.14.46. Number of nodes 16
EtherApe-INFO: 05:42:06.079: New node: IP: 52.29.123.56. Number of nodes 17
EtherApe-INFO: 05:42:06.591: New node: IP: 95.216.195.133. Number of nodes 18
EtherApe-INFO: 05:42:25.790: New node: IP: 34.117.65.55. Number of nodes 19
EtherApe-INFO: 05:42:34.496: New node: IP: 192.178.25.173. Number of nodes 20
EtherApe-INFO: 05:42:40.382: New node: IP: 34.120.208.123. Number of nodes 21
EtherApe-INFO: 05:42:40.384: New node: IP: 192.229.221.95. Number of nodes 22
EtherApe-INFO: 05:44:00.594: delete node: IP: 108.138.14.46. Number of nodes 21
EtherApe-INFO: 05:44:11.812: delete node: IP: 192.168.0.1. Number of nodes 20
EtherApe-INFO: 05:44:11.812: delete node: IP: 95.216.195.133. Number of nodes 19
EtherApe-INFO: 05:44:26.894: delete node: IP: 34.117.65.55. Number of nodes 18
EtherApe-INFO: 05:44:27.391: New node: IP: 192.168.0.1. Number of nodes 19
EtherApe-INFO: 05:44:27.391: New node: IP: 18.244.108.61. Number of nodes 20
EtherApe-INFO: 05:44:36.095: New node: IP: 18.244.108.64. Number of nodes 21
EtherApe-INFO: 05:44:36.095: New node: IP: 18.66.224.56. Number of nodes 22
EtherApe-INFO: 05:44:36.095: New node: IP: 108.138.44.58. Number of nodes 23
EtherApe-INFO: 05:44:44.555: delete node: IP: 142.250.186.197. Number of nodes 22
EtherApe-INFO: 05:44:52.994: New node: IP: 142.250.186.197. Number of nodes 23
EtherApe-INFO: 05:45:16.572: delete node: IP: 52.29.123.56. Number of nodes 22
EtherApe-INFO: 05:46:38.538: delete node: IP: 192.229.221.95. Number of nodes 21
EtherApe-INFO: 05:46:49.735: delete node: IP: 108.138.44.58. Number of nodes 20
EtherApe-INFO: 05:46:49.736: delete node: IP: 18.244.108.64. Number of nodes 19
EtherApe-INFO: 05:46:49.736: delete node: IP: 18.66.224.56. Number of nodes 18
EtherApe-INFO: 05:46:59.710: New node: IP: 18.66.224.56. Number of nodes 19
EtherApe-INFO: 05:47:06.622: New node: IP: 95.216.195.133. Number of nodes 20
EtherApe-INFO: 05:47:25.327: delete node: IP: 192.178.25.173. Number of nodes 19
EtherApe-INFO: 05:47:26.078: New node: IP: 34.117.65.55. Number of nodes 20
EtherApe-INFO: 05:47:35.321: delete node: IP: 34.120.208.123. Number of nodes 19
EtherApe-INFO: 05:49:07.769: delete node: IP: 192.168.0.1. Number of nodes 18
EtherApe-INFO: 05:49:07.769: delete node: IP: 95.216.195.133. Number of nodes 17
EtherApe-INFO: 05:49:07.769: delete node: IP: 18.66.224.56. Number of nodes 16
EtherApe-INFO: 05:49:28.206: delete node: IP: 34.117.65.55. Number of nodes 15
EtherApe-INFO: 05:49:36.382: New node: IP: 192.168.0.1. Number of nodes 16
EtherApe-INFO: 05:49:36.383: New node: IP: 18.66.89.47. Number of nodes 17
EtherApe-INFO: 05:49:36.383: New node: IP: 108.138.44.63. Number of nodes 18
EtherApe-INFO: 05:49:36.383: New node: IP: 18.66.224.58. Number of nodes 19
EtherApe-INFO: 05:49:44.620: delete node: IP: 142.250.186.197. Number of nodes 18
EtherApe-INFO: 05:49:53.535: New node: IP: 192.178.25.165. Number of nodes 19
EtherApe-INFO: 05:50:04.798: New node: IP: 142.250.203.202. Number of nodes 20
EtherApe-INFO: 05:50:28.649: delete node: IP: 18.244.108.61. Number of nodes 19
EtherApe-INFO: 05:51:45.730: delete node: IP: 108.138.44.63. Number of nodes 18
EtherApe-INFO: 05:51:45.730: delete node: IP: 18.66.224.58. Number of nodes 17
EtherApe-INFO: 05:51:45.730: delete node: IP: 18.66.89.47. Number of nodes 16
EtherApe-INFO: 05:51:59.742: New node: IP: 18.66.224.58. Number of nodes 17
EtherApe-INFO: 05:52:02.047: New node: IP: 34.120.208.123. Number of nodes 18
EtherApe-INFO: 05:52:02.049: New node: IP: 192.229.221.95. Number of nodes 19
EtherApe-INFO: 05:52:06.654: New node: IP: 95.216.195.133. Number of nodes 20
EtherApe-INFO: 05:52:06.699: delete node: IP: 142.250.203.202. Number of nodes 19
EtherApe-INFO: 05:52:26.110: New node: IP: 34.117.65.55. Number of nodes 20
EtherApe-INFO: 05:52:35.839: New node: IP: 192.178.25.173. Number of nodes 21
EtherApe-INFO: 05:53:00.415: New node: IP: 142.250.203.138. Number of nodes 22
EtherApe-INFO: 05:54:00.372: delete node: IP: 18.66.224.58. Number of nodes 21
EtherApe-INFO: 05:54:12.395: delete node: IP: 192.168.0.1. Number of nodes 20
EtherApe-INFO: 05:54:12.395: delete node: IP: 95.216.195.133. Number of nodes 19
EtherApe-INFO: 05:54:26.513: delete node: IP: 34.117.65.55. Number of nodes 18
EtherApe-INFO: 05:54:36.670: New node: IP: 192.168.0.1. Number of nodes 19
EtherApe-INFO: 05:54:36.671: New node: IP: 18.66.224.58. Number of nodes 20
EtherApe-INFO: 05:54:36.671: New node: IP: 18.66.89.64. Number of nodes 21
EtherApe-INFO: 05:54:36.671: New node: IP: 108.138.44.61. Number of nodes 22
EtherApe-INFO: 05:54:43.900: delete node: IP: 192.178.25.165. Number of nodes 21
EtherApe-INFO: 05:54:54.079: New node: IP: 142.250.186.197. Number of nodes 22
EtherApe-INFO: 05:56:00.910: delete node: IP: 192.229.221.95. Number of nodes 21
EtherApe-INFO: 05:56:49.364: delete node: IP: 108.138.44.61. Number of nodes 20
EtherApe-INFO: 05:56:49.364: delete node: IP: 18.66.224.58. Number of nodes 19
EtherApe-INFO: 05:56:49.364: delete node: IP: 18.66.89.64. Number of nodes 18
EtherApe-INFO: 05:56:53.427: delete node: IP: 34.120.208.123. Number of nodes 17
EtherApe-INFO: 05:57:00.030: New node: IP: 18.66.224.58. Number of nodes 18
EtherApe-INFO: 05:57:06.687: New node: IP: 95.216.195.133. Number of nodes 19
EtherApe-INFO: 05:57:26.398: New node: IP: 34.117.65.55. Number of nodes 20
EtherApe-INFO: 05:57:26.421: delete node: IP: 192.178.25.173. Number of nodes 19
EtherApe-INFO: 05:57:51.306: delete node: IP: 142.250.203.138. Number of nodes 18
EtherApe-INFO: 05:59:00.153: delete node: IP: 18.66.224.58. Number of nodes 17
EtherApe-INFO: 05:59:08.376: delete node: IP: 192.168.0.1. Number of nodes 16
EtherApe-INFO: 05:59:08.376: delete node: IP: 95.216.195.133. Number of nodes 15
EtherApe-INFO: 05:59:27.230: New node: IP: 192.168.0.1. Number of nodes 16
EtherApe-INFO: 05:59:27.313: delete node: IP: 34.117.65.55. Number of nodes 15
EtherApe-INFO: 05:59:27.486: New node: IP: 18.66.89.64. Number of nodes 16
EtherApe-INFO: 05:59:36.959: New node: IP: 13.32.16.64. Number of nodes 17
EtherApe-INFO: 05:59:36.959: New node: IP: 18.66.89.34. Number of nodes 18
EtherApe-INFO: 05:59:36.959: New node: IP: 108.138.14.34. Number of nodes 19
EtherApe-INFO: 05:59:45.218: delete node: IP: 142.250.186.197. Number of nodes 18
EtherApe-INFO: 05:59:55.135: New node: IP: 192.178.25.165. Number of nodes 19
EtherApe-INFO: 06:01:45.239: delete node: IP: 108.138.14.34. Number of nodes 18
EtherApe-INFO: 06:01:45.239: delete node: IP: 18.66.89.34. Number of nodes 17
EtherApe-INFO: 06:01:45.239: delete node: IP: 13.32.16.64. Number of nodes 16
EtherApe-INFO: 06:02:00.318: New node: IP: 108.138.14.34. Number of nodes 17
EtherApe-INFO: 06:02:06.462: New node: IP: 95.216.195.133. Number of nodes 18
EtherApe-INFO: 06:02:24.638: New node: IP: 34.117.65.55. Number of nodes 19
EtherApe-INFO: 06:02:36.927: New node: IP: 192.178.25.173. Number of nodes 20
EtherApe-INFO: 06:02:50.496: New node: IP: 35.241.9.150. Number of nodes 21
EtherApe-INFO: 06:02:50.497: New node: IP: 2.21.173.91. Number of nodes 22
EtherApe-INFO: 06:02:50.499: New node: IP: 34.120.208.123. Number of nodes 23
EtherApe-INFO: 06:02:50.750: New node: IP: 192.229.221.95. Number of nodes 24
EtherApe-INFO: 06:02:51.518: New node: IP: 172.217.16.4. Number of nodes 25
EtherApe-INFO: 06:02:54.847: New node: IP: 142.250.203.138. Number of nodes 26
EtherApe-INFO: 06:03:07.912: New node: IP: 142.250.203.202. Number of nodes 27
EtherApe-INFO: 06:03:11.235: New node: IP: 172.217.16.35. Number of nodes 28
EtherApe-INFO: 06:03:11.488: New node: IP: 142.250.203.206. Number of nodes 29
EtherApe-INFO: 06:03:15.327: New node: IP: 142.250.186.206. Number of nodes 30
EtherApe-INFO: 06:03:47.072: New node: IP: 104.244.42.129. Number of nodes 31
EtherApe-INFO: 06:03:47.586: New node: IP: 152.199.21.141. Number of nodes 32
EtherApe-INFO: 06:03:49.376: New node: IP: 104.64.164.240. Number of nodes 33
EtherApe-INFO: 06:03:49.380: New node: IP: 199.232.16.159. Number of nodes 34
EtherApe-INFO: 06:03:49.385: New node: IP: 104.244.42.130. Number of nodes 35
EtherApe-INFO: 06:03:50.157: New node: IP: 104.244.43.131. Number of nodes 36
EtherApe-INFO: 06:03:50.655: New node: IP: 142.250.186.195. Number of nodes 37
EtherApe-INFO: 06:03:56.544: New node: IP: 216.58.215.65. Number of nodes 38
EtherApe-INFO: 06:04:00.466: delete node: IP: 108.138.14.34. Number of nodes 37
EtherApe-INFO: 06:04:06.876: delete node: IP: 95.216.195.133. Number of nodes 36
EtherApe-INFO: 06:04:33.150: New node: IP: 213.227.142.34. Number of nodes 37
EtherApe-INFO: 06:04:37.502: New node: IP: 108.138.44.63. Number of nodes 38
EtherApe-INFO: 06:04:37.502: New node: IP: 18.244.108.54. Number of nodes 39
EtherApe-INFO: 06:04:37.502: New node: IP: 18.66.224.52. Number of nodes 40
EtherApe-INFO: 06:04:46.721: delete node: IP: 192.178.25.165. Number of nodes 39
EtherApe-INFO: 06:04:55.438: delete node: IP: 216.58.209.10. Number of nodes 38
EtherApe-INFO: 06:04:55.935: New node: IP: 142.250.186.197. Number of nodes 39
EtherApe-INFO: 06:05:15.648: New node: IP: 104.18.13.33. Number of nodes 40
EtherApe-INFO: 06:05:30.574: delete node: IP: 18.66.89.64. Number of nodes 39
EtherApe-INFO: 06:06:08.674: delete node: IP: 142.250.203.202. Number of nodes 38
EtherApe-INFO: 06:06:46.110: delete node: IP: 108.138.44.63. Number of nodes 37
EtherApe-INFO: 06:06:46.110: delete node: IP: 18.244.108.54. Number of nodes 36
EtherApe-INFO: 06:06:46.110: delete node: IP: 18.66.224.52. Number of nodes 35
EtherApe-INFO: 06:06:46.110: delete node: IP: 2.21.173.91. Number of nodes 34
EtherApe-INFO: 06:07:00.350: New node: IP: 18.66.224.52. Number of nodes 35
EtherApe-INFO: 06:07:01.390: delete node: IP: 142.250.203.206. Number of nodes 34
EtherApe-INFO: 06:07:06.494: New node: IP: 95.216.195.133. Number of nodes 35
EtherApe-INFO: 06:07:20.590: delete node: IP: 34.117.65.55. Number of nodes 34
EtherApe-INFO: 06:07:26.462: New node: IP: 52.29.123.56. Number of nodes 35
EtherApe-INFO: 06:07:30.046: New node: IP: 34.117.65.55. Number of nodes 36
EtherApe-INFO: 06:07:42.696: delete node: IP: 35.241.9.150. Number of nodes 35
EtherApe-INFO: 06:07:44.916: delete node: IP: 192.229.221.95. Number of nodes 34
EtherApe-INFO: 06:07:44.916: delete node: IP: 104.64.164.240. Number of nodes 33
EtherApe-INFO: 06:07:54.211: delete node: IP: 142.250.186.195. Number of nodes 32
EtherApe-INFO: 06:08:18.786: delete node: IP: 213.227.142.34. Number of nodes 31
EtherApe-INFO: 06:08:48.933: delete node: IP: 216.58.215.65. Number of nodes 30
EtherApe-INFO: 06:08:48.933: delete node: IP: 172.217.16.35. Number of nodes 29
EtherApe-INFO: 06:08:49.833: delete node: IP: 199.232.16.159. Number of nodes 28
EtherApe-INFO: 06:09:00.467: delete node: IP: 18.66.224.52. Number of nodes 27
EtherApe-INFO: 06:09:01.715: delete node: IP: 104.244.43.131. Number of nodes 26
EtherApe-INFO: 06:09:07.399: delete node: IP: 192.168.0.1. Number of nodes 25
EtherApe-INFO: 06:09:07.399: delete node: IP: 95.216.195.133. Number of nodes 24
EtherApe-INFO: 06:09:31.147: delete node: IP: 34.117.65.55. Number of nodes 23
EtherApe-INFO: 06:09:37.558: New node: IP: 192.168.0.1. Number of nodes 24
EtherApe-INFO: 06:09:37.791: New node: IP: 18.66.224.56. Number of nodes 25
EtherApe-INFO: 06:09:37.791: New node: IP: 108.138.44.58. Number of nodes 26
EtherApe-INFO: 06:09:37.792: New node: IP: 18.66.89.64. Number of nodes 27
EtherApe-INFO: 06:09:47.540: delete node: IP: 142.250.186.197. Number of nodes 26
EtherApe-INFO: 06:09:56.996: delete node: IP: 104.244.42.130. Number of nodes 25
EtherApe-INFO: 06:09:57.247: New node: IP: 142.250.186.197. Number of nodes 26
EtherApe-INFO: 06:10:01.115: delete node: IP: 152.199.21.141. Number of nodes 25
EtherApe-INFO: 06:10:20.544: New node: IP: 104.18.12.33. Number of nodes 26
EtherApe-INFO: 06:10:29.053: delete node: IP: 104.244.42.129. Number of nodes 25
EtherApe-INFO: 06:10:30.782: New node: IP: 91.194.50.58. Number of nodes 26
EtherApe-INFO: 06:10:31.372: delete node: IP: 192.178.25.173. Number of nodes 25
EtherApe-INFO: 06:10:31.372: delete node: IP: 172.217.16.4. Number of nodes 24
EtherApe-INFO: 06:10:31.372: delete node: IP: 34.120.208.123. Number of nodes 23
EtherApe-INFO: 06:10:36.736: delete node: IP: 142.250.186.206. Number of nodes 22
EtherApe-INFO: 06:10:45.888: New node: IP: 2.21.173.112. Number of nodes 23
EtherApe-INFO: 06:10:48.190: New node: IP: 34.120.208.123. Number of nodes 24
EtherApe-INFO: 06:10:48.448: New node: IP: 192.229.221.95. Number of nodes 25
EtherApe-INFO: 06:10:53.055: New node: IP: 208.68.240.115. Number of nodes 26
EtherApe-INFO: 06:11:44.510: New node: IPv6: fe80::13fb:a58d:93ba:8515. Number of nodes 27
EtherApe-INFO: 06:11:44.510: New node: IPv6: ff02::2. Number of nodes 28
EtherApe-INFO: 06:11:46.888: delete node: IP: 108.138.44.58. Number of nodes 27
EtherApe-INFO: 06:11:46.888: delete node: IP: 18.66.224.56. Number of nodes 26
EtherApe-INFO: 06:11:46.888: delete node: IP: 18.66.89.64. Number of nodes 25
EtherApe-INFO: 06:12:00.638: New node: IP: 18.66.224.56. Number of nodes 26
EtherApe-INFO: 06:12:06.526: New node: IP: 95.216.195.133. Number of nodes 27
EtherApe-INFO: 06:12:20.410: delete node: IP: 104.18.13.33. Number of nodes 26
EtherApe-INFO: 06:12:30.078: New node: IP: 34.117.65.55. Number of nodes 27
EtherApe-INFO: 06:12:30.941: delete node: IP: 91.194.50.58. Number of nodes 26
EtherApe-INFO: 06:12:38.272: New node: IP: 192.178.25.173. Number of nodes 27
EtherApe-INFO: 06:12:59.799: delete node: IP: 208.68.240.115. Number of nodes 26
EtherApe-INFO: 06:13:35.103: New node: IP: 172.217.16.4. Number of nodes 27
EtherApe-INFO: 06:13:35.615: New node: IP: 103.114.191.1. Number of nodes 28
EtherApe-INFO: 06:13:35.617: New node: IP: 104.18.32.68. Number of nodes 29
EtherApe-INFO: 06:13:45.738: delete node: IPv6: ff02::2. Number of nodes 28
EtherApe-INFO: 06:13:45.738: delete node: IPv6: fe80::13fb:a58d:93ba:8515. Number of nodes 27
EtherApe-INFO: 06:13:51.031: New node: IP: 104.26.15.48. Number of nodes 28
EtherApe-INFO: 06:13:51.604: delete node: IP: 52.29.123.56. Number of nodes 27
EtherApe-INFO: 06:13:53.082: New node: IP: 216.58.215.74. Number of nodes 28
EtherApe-INFO: 06:13:53.084: New node: IP: 142.250.186.195. Number of nodes 29
EtherApe-INFO: 06:13:53.849: New node: IP: 142.250.203.202. Number of nodes 30
EtherApe-INFO: 06:13:53.850: New node: IP: 172.217.16.35. Number of nodes 31
EtherApe-INFO: 06:14:02.122: delete node: IP: 18.66.224.56. Number of nodes 30
EtherApe-INFO: 06:14:08.208: delete node: IP: 95.216.195.133. Number of nodes 29
EtherApe-INFO: 06:14:27.382: New node: IP: 18.244.108.61. Number of nodes 30
EtherApe-INFO: 06:14:30.766: delete node: IP: 34.117.65.55. Number of nodes 29
EtherApe-INFO: 06:14:38.136: New node: IP: 18.244.108.46. Number of nodes 30
EtherApe-INFO: 06:14:38.136: New node: IP: 108.138.44.61. Number of nodes 31
EtherApe-INFO: 06:14:38.136: New node: IP: 18.66.224.52. Number of nodes 32
EtherApe-INFO: 06:14:42.511: delete node: IP: 2.21.173.112. Number of nodes 31
EtherApe-INFO: 06:14:48.712: delete node: IP: 142.250.186.197. Number of nodes 30
EtherApe-INFO: 06:14:50.169: New node: IP: 212.24.154.103. Number of nodes 31
EtherApe-INFO: 06:14:58.615: New node: IP: 142.250.186.197. Number of nodes 32
EtherApe-INFO: 06:15:11.930: delete node: IP: 104.18.12.33. Number of nodes 31
EtherApe-INFO: 06:16:14.678: delete node: IP: 103.114.191.1. Number of nodes 30
EtherApe-INFO: 06:16:45.728: delete node: IP: 108.138.44.61. Number of nodes 29
EtherApe-INFO: 06:16:45.728: delete node: IP: 18.244.108.46. Number of nodes 28
EtherApe-INFO: 06:16:45.941: delete node: IP: 18.66.224.52. Number of nodes 27
EtherApe-INFO: 06:16:50.329: delete node: IP: 142.250.203.202. Number of nodes 26
EtherApe-INFO: 06:17:00.726: New node: IP: 18.66.224.52. Number of nodes 27
EtherApe-INFO: 06:17:01.752: New node: IP: 185.68.16.59. Number of nodes 28
EtherApe-INFO: 06:17:01.753: New node: IP: 2.21.173.112. Number of nodes 29
EtherApe-INFO: 06:17:06.615: New node: IP: 95.216.195.133. Number of nodes 30
EtherApe-INFO: 06:17:30.166: New node: IP: 34.117.65.55. Number of nodes 31
EtherApe-INFO: 06:17:30.232: delete node: IP: 192.178.25.173. Number of nodes 30
EtherApe-INFO: 06:17:31.713: delete node: IP: 104.18.32.68. Number of nodes 29
EtherApe-INFO: 06:17:51.453: delete node: IP: 142.250.186.195. Number of nodes 28
EtherApe-INFO: 06:18:06.368: delete node: IP: 192.229.221.95. Number of nodes 27
EtherApe-INFO: 06:18:10.362: delete node: IP: 212.24.154.103. Number of nodes 26
EtherApe-INFO: 06:18:24.694: New node: IP: 142.250.186.206. Number of nodes 27
EtherApe-INFO: 06:18:24.951: New node: IP: 216.58.209.1. Number of nodes 28
EtherApe-INFO: 06:18:25.208: New node: IP: 192.178.25.173. Number of nodes 29
EtherApe-INFO: 06:18:26.761: New node: IP: 142.250.203.202. Number of nodes 30
EtherApe-INFO: 06:18:27.002: New node: IP: 142.250.203.142. Number of nodes 31
EtherApe-INFO: 06:18:31.607: New node: IP: 216.58.209.14. Number of nodes 32
EtherApe-INFO: 06:18:31.613: New node: IP: 142.250.186.195. Number of nodes 33
EtherApe-INFO: 06:18:31.866: New node: IP: 216.58.215.67. Number of nodes 34
EtherApe-INFO: 06:18:32.635: New node: IP: 192.178.25.174. Number of nodes 35
EtherApe-INFO: 06:18:41.849: New node: IP: 142.250.203.206. Number of nodes 36
EtherApe-INFO: 06:18:42.888: New node: IP: 172.217.16.42. Number of nodes 37
EtherApe-INFO: 06:18:43.127: New node: IP: 172.217.16.3. Number of nodes 38
EtherApe-INFO: 06:18:44.508: delete node: IP: 172.217.16.35. Number of nodes 37
EtherApe-INFO: 06:18:46.273: delete node: IP: 104.26.15.48. Number of nodes 36
EtherApe-INFO: 06:18:47.491: New node: IP: 216.58.215.65. Number of nodes 37
EtherApe-INFO: 06:18:47.993: New node: IP: 142.250.75.10. Number of nodes 38
EtherApe-INFO: 06:18:48.762: New node: IP: 142.250.75.3. Number of nodes 39
EtherApe-INFO: 06:19:02.089: delete node: IP: 18.66.224.52. Number of nodes 38
EtherApe-INFO: 06:19:08.239: delete node: IP: 95.216.195.133. Number of nodes 37
EtherApe-INFO: 06:19:30.235: delete node: IP: 34.117.65.55. Number of nodes 36
EtherApe-INFO: 06:19:38.367: New node: IP: 108.138.44.61. Number of nodes 37
EtherApe-INFO: 06:19:38.367: New node: IP: 18.66.89.47. Number of nodes 38
EtherApe-INFO: 06:19:38.367: New node: IP: 18.66.224.58. Number of nodes 39
EtherApe-INFO: 06:19:49.633: delete node: IP: 142.250.186.197. Number of nodes 38
EtherApe-INFO: 06:19:59.616: New node: IP: 192.178.25.165. Number of nodes 39
EtherApe-INFO: 06:20:05.017: delete node: IP: 185.68.16.59. Number of nodes 38
EtherApe-INFO: 06:20:29.082: delete node: IP: 18.244.108.61. Number of nodes 37
EtherApe-INFO: 06:20:45.283: delete node: IP: 142.250.203.206. Number of nodes 36
EtherApe-INFO: 06:20:48.778: delete node: IP: 216.58.215.65. Number of nodes 35
EtherApe-INFO: 06:20:48.778: delete node: IP: 142.250.75.10. Number of nodes 34
EtherApe-INFO: 06:20:58.266: delete node: IP: 2.21.173.112. Number of nodes 33
EtherApe-INFO: 06:21:00.799: New node: IP: 192.178.25.170. Number of nodes 34
EtherApe-INFO: 06:21:00.897: delete node: IP: 216.58.215.74. Number of nodes 33
EtherApe-INFO: 06:21:46.664: delete node: IP: 108.138.44.61. Number of nodes 32
EtherApe-INFO: 06:21:46.664: delete node: IP: 18.66.224.58. Number of nodes 31
EtherApe-INFO: 06:21:46.664: delete node: IP: 18.66.89.47. Number of nodes 30
EtherApe-INFO: 06:21:47.392: New node: IP: 192.229.221.95. Number of nodes 31
EtherApe-INFO: 06:22:00.958: New node: IP: 18.66.224.58. Number of nodes 32
EtherApe-INFO: 06:22:06.591: New node: IP: 95.216.195.133. Number of nodes 33
EtherApe-INFO: 06:22:07.950: delete node: IP: 142.250.203.202. Number of nodes 32
EtherApe-INFO: 06:22:30.398: New node: IP: 34.117.65.55. Number of nodes 33
EtherApe-INFO: 06:22:44.480: delete node: IP: 142.250.186.195. Number of nodes 32
EtherApe-INFO: 06:23:25.442: delete node: IP: 216.58.215.67. Number of nodes 31
EtherApe-INFO: 06:23:25.442: delete node: IP: 142.250.203.142. Number of nodes 30
EtherApe-INFO: 06:23:25.442: delete node: IP: 142.250.186.206. Number of nodes 29
EtherApe-INFO: 06:23:32.607: New node: IP: 172.217.16.35. Number of nodes 30
EtherApe-INFO: 06:23:34.656: New node: IP: 172.217.16.46. Number of nodes 31
EtherApe-INFO: 06:23:34.693: delete node: IP: 192.178.25.174. Number of nodes 30
EtherApe-INFO: 06:23:34.693: delete node: IP: 172.217.16.42. Number of nodes 29
EtherApe-INFO: 06:23:34.693: delete node: IP: 172.217.16.4. Number of nodes 28
EtherApe-INFO: 06:23:34.693: delete node: IP: 172.217.16.3. Number of nodes 27
EtherApe-INFO: 06:23:34.911: New node: IP: 192.178.25.164. Number of nodes 28
EtherApe-INFO: 06:23:34.912: New node: IP: 142.250.186.206. Number of nodes 29
EtherApe-INFO: 06:23:35.679: New node: IP: 192.178.25.182. Number of nodes 30
EtherApe-INFO: 06:23:36.190: New node: IP: 142.250.203.202. Number of nodes 31
EtherApe-INFO: 06:23:38.031: delete node: IP: 216.58.209.14. Number of nodes 30
EtherApe-INFO: 06:23:39.825: delete node: IP: 216.58.209.1. Number of nodes 29
EtherApe-INFO: 06:23:40.544: New node: IP: 151.101.130.132. Number of nodes 30
EtherApe-INFO: 06:23:41.833: New node: IP: 151.101.2.132. Number of nodes 31
EtherApe-INFO: 06:23:44.665: delete node: IP: 142.250.75.3. Number of nodes 30
EtherApe-INFO: 06:24:03.349: delete node: IP: 18.66.224.58. Number of nodes 29
EtherApe-INFO: 06:24:10.041: delete node: IP: 95.216.195.133. Number of nodes 28
EtherApe-INFO: 06:24:30.976: delete node: IP: 34.117.65.55. Number of nodes 27
EtherApe-INFO: 06:24:38.655: New node: IP: 13.32.16.46. Number of nodes 28
EtherApe-INFO: 06:24:38.655: New node: IP: 18.66.14.59. Number of nodes 29
EtherApe-INFO: 06:24:38.655: New node: IP: 18.66.14.49. Number of nodes 30
EtherApe-INFO: 06:24:52.545: delete node: IP: 192.178.25.165. Number of nodes 29
EtherApe-INFO: 06:25:00.159: New node: IP: 192.178.25.165. Number of nodes 30
EtherApe-INFO: 06:25:36.586: delete node: IP: 142.250.203.202. Number of nodes 29
EtherApe-INFO: 06:25:45.749: delete node: IP: 192.229.221.95. Number of nodes 28
EtherApe-INFO: 06:25:45.749: delete node: IP: 151.101.2.132. Number of nodes 27
EtherApe-INFO: 06:26:39.019: delete node: IP: 34.120.208.123. Number of nodes 26
EtherApe-INFO: 06:26:46.232: delete node: IP: 18.66.14.59. Number of nodes 25
EtherApe-INFO: 06:26:46.232: delete node: IP: 18.66.14.49. Number of nodes 24
EtherApe-INFO: 06:26:46.232: delete node: IP: 13.32.16.46. Number of nodes 23
EtherApe-INFO: 06:27:01.246: New node: IP: 18.66.14.59. Number of nodes 24
EtherApe-INFO: 06:27:06.623: New node: IP: 95.216.195.133. Number of nodes 25
EtherApe-INFO: 06:27:30.686: New node: IP: 34.117.65.55. Number of nodes 26
EtherApe-INFO: 06:28:29.904: delete node: IP: 192.178.25.182. Number of nodes 25
EtherApe-INFO: 06:28:29.904: delete node: IP: 192.178.25.173. Number of nodes 24
EtherApe-INFO: 06:28:33.247: delete node: IP: 172.217.16.35. Number of nodes 23
EtherApe-INFO: 06:28:33.247: delete node: IP: 151.101.130.132. Number of nodes 22
EtherApe-INFO: 06:28:33.247: delete node: IP: 142.250.186.206. Number of nodes 21
EtherApe-INFO: 06:29:02.693: delete node: IP: 18.66.14.59. Number of nodes 20
EtherApe-INFO: 06:29:07.261: delete node: IP: 192.168.0.1. Number of nodes 19
EtherApe-INFO: 06:29:07.261: delete node: IP: 95.216.195.133. Number of nodes 18
EtherApe-INFO: 06:29:13.088: New node: IP: 142.250.203.142. Number of nodes 19
EtherApe-INFO: 06:29:27.423: New node: IP: 192.168.0.1. Number of nodes 20
EtherApe-INFO: 06:29:27.423: New node: IP: 18.66.89.38. Number of nodes 21
EtherApe-INFO: 06:29:31.783: delete node: IP: 34.117.65.55. Number of nodes 20
EtherApe-INFO: 06:29:37.225: delete node: IP: 172.217.16.14. Number of nodes 19
EtherApe-INFO: 06:29:39.199: New node: IP: 13.32.16.41. Number of nodes 20
EtherApe-INFO: 06:29:39.199: New node: IP: 18.66.14.60. Number of nodes 21
EtherApe-INFO: 06:29:39.200: New node: IP: 18.66.89.64. Number of nodes 22
EtherApe-INFO: 06:29:48.256: delete node: IP: 192.178.25.164. Number of nodes 21
EtherApe-INFO: 06:30:02.825: delete node: IP: 192.178.25.165. Number of nodes 20
EtherApe-INFO: 06:31:47.744: delete node: IP: 18.66.89.64. Number of nodes 19
EtherApe-INFO: 06:31:47.744: delete node: IP: 18.66.14.60. Number of nodes 18
EtherApe-INFO: 06:31:47.744: delete node: IP: 13.32.16.41. Number of nodes 17
EtherApe-INFO: 06:32:01.278: New node: IP: 18.66.14.60. Number of nodes 18
EtherApe-INFO: 06:32:06.656: New node: IP: 95.216.195.133. Number of nodes 19
EtherApe-INFO: 06:32:30.207: New node: IP: 34.117.65.55. Number of nodes 20
EtherApe-INFO: 06:32:41.216: New node: IP: 192.178.25.173. Number of nodes 21
EtherApe-INFO: 06:34:04.494: delete node: IP: 142.250.203.142. Number of nodes 20
EtherApe-INFO: 06:34:04.494: delete node: IP: 18.66.14.60. Number of nodes 19
EtherApe-INFO: 06:34:07.519: delete node: IP: 192.168.0.1. Number of nodes 18
EtherApe-INFO: 06:34:07.520: delete node: IP: 95.216.195.133. Number of nodes 17
EtherApe-INFO: 06:34:31.350: delete node: IP: 34.117.65.55. Number of nodes 16
EtherApe-INFO: 06:34:39.486: New node: IP: 192.168.0.1. Number of nodes 17
EtherApe-INFO: 06:34:39.487: New node: IP: 108.138.14.34. Number of nodes 18
EtherApe-INFO: 06:34:39.487: New node: IP: 13.32.4.36. Number of nodes 19
EtherApe-INFO: 06:34:39.742: New node: IP: 18.66.14.49. Number of nodes 20
EtherApe-INFO: 06:35:01.503: New node: IP: 192.178.25.165. Number of nodes 21
EtherApe-INFO: 06:35:30.762: delete node: IP: 18.66.89.38. Number of nodes 20
EtherApe-INFO: 06:36:46.774: delete node: IP: 108.138.14.34. Number of nodes 19
EtherApe-INFO: 06:36:46.775: delete node: IP: 18.66.14.49. Number of nodes 18
EtherApe-INFO: 06:36:46.775: delete node: IP: 13.32.4.36. Number of nodes 17
EtherApe-INFO: 06:36:47.232: New node: IP: 172.217.16.42. Number of nodes 18
EtherApe-INFO: 06:37:01.567: New node: IP: 108.138.14.34. Number of nodes 19
EtherApe-INFO: 06:37:06.686: New node: IP: 95.216.195.133. Number of nodes 20
EtherApe-INFO: 06:37:31.006: New node: IP: 34.117.65.55. Number of nodes 21
EtherApe-INFO: 06:37:33.906: delete node: IP: 192.178.25.173. Number of nodes 20
EtherApe-INFO: 06:38:27.587: delete node: IP: 192.178.25.170. Number of nodes 19
EtherApe-INFO: 06:39:01.913: delete node: IP: 108.138.14.34. Number of nodes 18
EtherApe-INFO: 06:39:09.922: delete node: IP: 192.168.0.1. Number of nodes 17
EtherApe-INFO: 06:39:09.922: delete node: IP: 95.216.195.133. Number of nodes 16
EtherApe-INFO: 06:39:32.351: New node: IP: 34.120.208.123. Number of nodes 17
EtherApe-INFO: 06:39:32.353: New node: IP: 192.229.221.95. Number of nodes 18
EtherApe-INFO: 06:39:32.427: delete node: IP: 34.117.65.55. Number of nodes 17
EtherApe-INFO: 06:39:40.031: New node: IP: 192.168.0.1. Number of nodes 18
EtherApe-INFO: 06:39:40.033: New node: IP: 18.66.14.64. Number of nodes 19
EtherApe-INFO: 06:39:40.033: New node: IP: 13.32.16.41. Number of nodes 20
EtherApe-INFO: 06:39:40.033: New node: IP: 18.244.108.46. Number of nodes 21
EtherApe-INFO: 06:39:52.070: delete node: IP: 192.178.25.165. Number of nodes 20
EtherApe-INFO: 06:41:37.278: New node: IP: 142.250.203.202. Number of nodes 21
EtherApe-INFO: 06:41:48.337: delete node: IP: 18.244.108.46. Number of nodes 20
EtherApe-INFO: 06:41:48.337: delete node: IP: 18.66.14.64. Number of nodes 19
EtherApe-INFO: 06:41:48.337: delete node: IP: 13.32.16.41. Number of nodes 18
EtherApe-INFO: 06:42:01.854: New node: IP: 18.66.14.64. Number of nodes 19
EtherApe-INFO: 06:42:06.462: New node: IP: 95.216.195.133. Number of nodes 20
EtherApe-INFO: 06:42:31.038: New node: IP: 34.117.65.55. Number of nodes 21
EtherApe-INFO: 06:42:42.303: New node: IP: 192.178.25.173. Number of nodes 22
EtherApe-INFO: 06:43:29.157: delete node: IP: 192.229.221.95. Number of nodes 21
EtherApe-INFO: 06:43:39.685: delete node: IP: 142.250.203.202. Number of nodes 20
EtherApe-INFO: 06:44:03.789: delete node: IP: 18.66.14.64. Number of nodes 19
EtherApe-INFO: 06:44:08.387: delete node: IP: 192.168.0.1. Number of nodes 18
EtherApe-INFO: 06:44:08.388: delete node: IP: 95.216.195.133. Number of nodes 17
EtherApe-INFO: 06:44:24.192: New node: IP: 192.229.221.95. Number of nodes 18
EtherApe-INFO: 06:44:27.263: New node: IP: 192.168.0.1. Number of nodes 19
EtherApe-INFO: 06:44:27.263: New node: IP: 18.66.89.38. Number of nodes 20
EtherApe-INFO: 06:44:31.137: delete node: IP: 34.117.65.55. Number of nodes 19
EtherApe-INFO: 06:44:39.038: New node: IP: 91.194.50.58. Number of nodes 20
EtherApe-INFO: 06:44:40.319: New node: IP: 13.32.16.41. Number of nodes 21
EtherApe-INFO: 06:44:40.319: New node: IP: 108.138.14.46. Number of nodes 22
EtherApe-INFO: 06:44:40.320: New node: IP: 18.66.89.47. Number of nodes 23
EtherApe-INFO: 06:45:02.080: New node: IP: 142.250.186.197. Number of nodes 24
EtherApe-INFO: 06:46:41.711: delete node: IP: 91.194.50.58. Number of nodes 23
EtherApe-INFO: 06:46:48.838: delete node: IP: 108.138.14.46. Number of nodes 22
EtherApe-INFO: 06:46:48.838: delete node: IP: 18.66.89.47. Number of nodes 21
EtherApe-INFO: 06:46:48.838: delete node: IP: 13.32.16.41. Number of nodes 20
EtherApe-INFO: 06:47:02.142: New node: IP: 108.138.14.46. Number of nodes 21
EtherApe-INFO: 06:47:06.494: New node: IP: 95.216.195.133. Number of nodes 22
EtherApe-INFO: 06:47:31.326: New node: IP: 34.117.65.55. Number of nodes 23
EtherApe-INFO: 06:47:33.947: delete node: IP: 192.178.25.173. Number of nodes 22
EtherApe-INFO: 06:48:20.568: delete node: IP: 192.229.221.95. Number of nodes 21
EtherApe-INFO: 06:49:03.062: delete node: IP: 108.138.14.46. Number of nodes 20
EtherApe-INFO: 06:49:07.344: delete node: IP: 192.168.0.1. Number of nodes 19
EtherApe-INFO: 06:49:07.344: delete node: IP: 95.216.195.133. Number of nodes 18
EtherApe-INFO: 06:49:32.676: delete node: IP: 34.117.65.55. Number of nodes 17
EtherApe-INFO: 06:49:40.863: New node: IP: 192.168.0.1. Number of nodes 18
EtherApe-INFO: 06:49:40.864: New node: IP: 13.32.16.64. Number of nodes 19
EtherApe-INFO: 06:49:40.865: New node: IP: 18.66.14.63. Number of nodes 20
EtherApe-INFO: 06:49:53.202: delete node: IP: 142.250.186.197. Number of nodes 19
EtherApe-INFO: 06:50:19.774: New node: IP: 142.250.203.202. Number of nodes 20
EtherApe-INFO: 06:50:58.246: delete node: IP: 172.217.16.42. Number of nodes 19
EtherApe-INFO: 06:51:30.263: delete node: IP: 34.120.208.123. Number of nodes 18
EtherApe-INFO: 06:51:52.246: delete node: IP: 18.66.89.38. Number of nodes 17
EtherApe-INFO: 06:51:52.246: delete node: IP: 18.66.14.63. Number of nodes 16
EtherApe-INFO: 06:51:52.247: delete node: IP: 13.32.16.64. Number of nodes 15
EtherApe-INFO: 06:52:02.430: New node: IP: 18.66.14.63. Number of nodes 16
EtherApe-INFO: 06:52:06.528: New node: IP: 95.216.195.133. Number of nodes 17
EtherApe-INFO: 06:52:19.886: delete node: IP: 142.250.203.202. Number of nodes 16
EtherApe-INFO: 06:52:31.358: New node: IP: 34.117.65.55. Number of nodes 17
EtherApe-INFO: 06:52:43.391: New node: IP: 192.178.25.173. Number of nodes 18
EtherApe-INFO: 06:54:04.078: delete node: IP: 18.66.14.63. Number of nodes 17
EtherApe-INFO: 06:54:09.926: delete node: IP: 192.168.0.1. Number of nodes 16
EtherApe-INFO: 06:54:09.926: delete node: IP: 95.216.195.133. Number of nodes 15
EtherApe-INFO: 06:54:37.390: delete node: IP: 34.117.65.55. Number of nodes 14
EtherApe-INFO: 06:54:41.151: New node: IP: 192.168.0.1. Number of nodes 15
EtherApe-INFO: 06:54:41.152: New node: IP: 18.66.14.59. Number of nodes 16
EtherApe-INFO: 06:54:41.152: New node: IP: 13.32.16.41. Number of nodes 17
EtherApe-INFO: 06:54:41.152: New node: IP: 18.66.89.47. Number of nodes 18
EtherApe-INFO: 06:55:03.423: New node: IP: 142.250.203.133. Number of nodes 19
EtherApe-INFO: 06:55:57.951: New node: IP: 142.250.203.202. Number of nodes 20
EtherApe-INFO: 06:56:47.952: delete node: IP: 18.66.89.47. Number of nodes 19
EtherApe-INFO: 06:56:47.952: delete node: IP: 18.66.14.59. Number of nodes 18
EtherApe-INFO: 06:56:47.952: delete node: IP: 13.32.16.41. Number of nodes 17
EtherApe-INFO: 06:56:51.455: New node: IP: 142.250.203.142. Number of nodes 18
EtherApe-INFO: 06:57:02.718: New node: IP: 18.66.14.59. Number of nodes 19
EtherApe-INFO: 06:57:06.559: New node: IP: 95.216.195.133. Number of nodes 20
EtherApe-INFO: 06:57:31.646: New node: IP: 34.117.65.55. Number of nodes 21
EtherApe-INFO: 06:57:34.298: delete node: IP: 192.178.25.173. Number of nodes 20
EtherApe-INFO: 06:58:52.342: delete node: IP: 142.250.203.142. Number of nodes 19
EtherApe-INFO: 06:59:03.587: delete node: IP: 18.66.14.59. Number of nodes 18
EtherApe-INFO: 06:59:08.989: delete node: IP: 192.168.0.1. Number of nodes 17
EtherApe-INFO: 06:59:08.989: delete node: IP: 95.216.195.133. Number of nodes 16
EtherApe-INFO: 06:59:09.950: New node: IP: 142.250.203.142. Number of nodes 17
EtherApe-INFO: 06:59:10.462: New node: IP: 192.178.25.164. Number of nodes 18
EtherApe-INFO: 06:59:10.974: New node: IP: 34.120.208.123. Number of nodes 19
EtherApe-INFO: 06:59:10.977: New node: IP: 192.229.221.95. Number of nodes 20
EtherApe-INFO: 06:59:11.743: New node: IP: 192.178.25.173. Number of nodes 21
EtherApe-INFO: 06:59:17.375: New node: IP: 142.250.186.206. Number of nodes 22
EtherApe-INFO: 06:59:27.358: New node: IP: 192.168.0.1. Number of nodes 23
EtherApe-INFO: 06:59:27.358: New node: IP: 18.66.89.47. Number of nodes 24
EtherApe-INFO: 06:59:36.380: delete node: IP: 34.117.65.55. Number of nodes 23
EtherApe-INFO: 06:59:41.695: New node: IP: 18.66.89.38. Number of nodes 24
EtherApe-INFO: 06:59:41.695: New node: IP: 13.32.16.64. Number of nodes 25
EtherApe-INFO: 06:59:41.695: New node: IP: 108.138.14.34. Number of nodes 26
EtherApe-INFO: 06:59:54.590: delete node: IP: 142.250.203.133. Number of nodes 25
EtherApe-INFO: 07:01:49.974: delete node: IP: 108.138.14.34. Number of nodes 24
EtherApe-INFO: 07:01:49.975: delete node: IP: 18.66.89.38. Number of nodes 23
EtherApe-INFO: 07:01:49.975: delete node: IP: 13.32.16.64. Number of nodes 22
EtherApe-INFO: 07:02:02.750: New node: IP: 108.138.14.34. Number of nodes 23
EtherApe-INFO: 07:02:05.311: New node: IP: 149.154.167.216. Number of nodes 24
EtherApe-INFO: 07:02:06.590: New node: IP: 95.216.195.133. Number of nodes 25
EtherApe-INFO: 07:02:29.886: New node: IP: 34.117.65.55. Number of nodes 26
EtherApe-INFO: 07:02:35.519: New node: IP: 35.241.9.150. Number of nodes 27
EtherApe-INFO: 07:02:35.776: New node: IP: 34.160.144.191. Number of nodes 28
EtherApe-INFO: 07:02:35.778: New node: IP: 2.21.173.112. Number of nodes 29
EtherApe-INFO: 07:03:06.521: delete node: IP: 192.229.221.95. Number of nodes 28
EtherApe-INFO: 07:03:18.017: New node: IP: 192.229.221.95. Number of nodes 29
EtherApe-INFO: 07:03:48.990: New node: IP: 52.29.123.56. Number of nodes 30
EtherApe-INFO: 07:04:02.071: delete node: IP: 142.250.203.142. Number of nodes 29
EtherApe-INFO: 07:04:04.382: delete node: IP: 108.138.14.34. Number of nodes 28
EtherApe-INFO: 07:04:05.649: delete node: IP: 192.178.25.164. Number of nodes 27
EtherApe-INFO: 07:04:07.234: delete node: IP: 95.216.195.133. Number of nodes 26
EtherApe-INFO: 07:04:09.553: delete node: IP: 142.250.186.206. Number of nodes 25
EtherApe-INFO: 07:04:24.071: delete node: IP: 149.154.167.216. Number of nodes 24
EtherApe-INFO: 07:04:33.022: New node: IP: 213.227.142.29. Number of nodes 25
EtherApe-INFO: 07:04:41.983: New node: IP: 18.244.108.46. Number of nodes 26
EtherApe-INFO: 07:04:41.983: New node: IP: 18.66.224.52. Number of nodes 27
EtherApe-INFO: 07:04:41.983: New node: IP: 108.138.44.49. Number of nodes 28
EtherApe-INFO: 07:05:03.999: New node: IP: 142.250.186.197. Number of nodes 29
EtherApe-INFO: 07:05:28.617: New node: IP: 18.244.108.54. Number of nodes 30
EtherApe-INFO: 07:06:16.287: New node: IP: 142.250.203.142. Number of nodes 31
EtherApe-INFO: 07:06:24.992: New node: IP: 142.250.186.195. Number of nodes 32
EtherApe-INFO: 07:06:25.058: delete node: IP: 142.250.203.131. Number of nodes 31
EtherApe-INFO: 07:06:30.414: delete node: IP: 18.66.89.47. Number of nodes 30
EtherApe-INFO: 07:06:34.300: delete node: IP: 2.21.173.112. Number of nodes 29
EtherApe-INFO: 07:06:48.372: delete node: IP: 108.138.44.49. Number of nodes 28
EtherApe-INFO: 07:06:48.372: delete node: IP: 18.244.108.46. Number of nodes 27
EtherApe-INFO: 07:06:48.373: delete node: IP: 18.66.224.52. Number of nodes 26
EtherApe-INFO: 07:07:03.134: New node: IP: 18.66.224.52. Number of nodes 27
EtherApe-INFO: 07:07:03.496: delete node: IP: 213.227.142.29. Number of nodes 26
EtherApe-INFO: 07:07:06.462: New node: IP: 95.216.195.133. Number of nodes 27
EtherApe-INFO: 07:07:19.094: delete node: IP: 142.250.203.202. Number of nodes 26
EtherApe-INFO: 07:07:25.739: delete node: IP: 34.117.65.55. Number of nodes 25
EtherApe-INFO: 07:07:29.325: delete node: IP: 34.160.144.191. Number of nodes 24
EtherApe-INFO: 07:07:35.134: New node: IP: 34.117.65.55. Number of nodes 25
EtherApe-INFO: 07:07:35.753: delete node: IP: 192.178.25.173. Number of nodes 24
EtherApe-INFO: 07:09:06.588: delete node: IP: 18.66.224.52. Number of nodes 23
EtherApe-INFO: 07:09:07.632: delete node: IP: 192.168.0.1. Number of nodes 22
EtherApe-INFO: 07:09:07.632: delete node: IP: 95.216.195.133. Number of nodes 21
EtherApe-INFO: 07:09:25.538: delete node: IP: 52.29.123.56. Number of nodes 20
EtherApe-INFO: 07:09:37.058: delete node: IP: 34.117.65.55. Number of nodes 19
EtherApe-INFO: 07:09:41.342: New node: IPv6: fe80::13fb:a58d:93ba:8515. Number of nodes 20
EtherApe-INFO: 07:09:41.342: New node: IPv6: ff02::2. Number of nodes 21
EtherApe-INFO: 07:09:42.366: New node: IP: 192.168.0.1. Number of nodes 22
EtherApe-INFO: 07:09:42.367: New node: IP: 18.66.89.38. Number of nodes 23
EtherApe-INFO: 07:09:42.367: New node: IP: 18.66.224.56. Number of nodes 24
EtherApe-INFO: 07:09:42.367: New node: IP: 108.138.44.61. Number of nodes 25
EtherApe-INFO: 07:09:54.747: delete node: IP: 142.250.186.197. Number of nodes 24
EtherApe-INFO: 07:10:16.460: delete node: IP: 192.229.221.95. Number of nodes 23
EtherApe-INFO: 07:10:28.702: New node: IP: 18.66.89.34. Number of nodes 24
EtherApe-INFO: 07:11:10.485: delete node: IP: 142.250.203.142. Number of nodes 23
EtherApe-INFO: 07:11:10.485: delete node: IP: 35.241.9.150. Number of nodes 22
EtherApe-INFO: 07:11:10.486: delete node: IP: 34.120.208.123. Number of nodes 21
EtherApe-INFO: 07:11:30.233: delete node: IP: 18.244.108.54. Number of nodes 20
EtherApe-INFO: 07:11:43.715: delete node: IPv6: ff02::2. Number of nodes 19
EtherApe-INFO: 07:11:43.715: delete node: IPv6: fe80::13fb:a58d:93ba:8515. Number of nodes 18
EtherApe-INFO: 07:11:49.666: delete node: IP: 108.138.44.61. Number of nodes 17
EtherApe-INFO: 07:11:49.666: delete node: IP: 18.66.224.56. Number of nodes 16
EtherApe-INFO: 07:11:49.666: delete node: IP: 18.66.89.38. Number of nodes 15
EtherApe-INFO: 07:12:03.168: New node: IP: 18.66.224.56. Number of nodes 16
EtherApe-INFO: 07:12:06.494: New node: IP: 95.216.195.133. Number of nodes 17
EtherApe-INFO: 07:12:35.422: New node: IP: 34.117.65.55. Number of nodes 18
EtherApe-INFO: 07:12:45.919: New node: IP: 192.178.25.173. Number of nodes 19
EtherApe-INFO: 07:13:00.255: New node: IP: 149.154.167.216. Number of nodes 20
EtherApe-INFO: 07:14:04.311: delete node: IP: 18.66.224.56. Number of nodes 19
EtherApe-INFO: 07:14:07.145: delete node: IP: 192.168.0.1. Number of nodes 18
EtherApe-INFO: 07:14:07.146: delete node: IP: 95.216.195.133. Number of nodes 17
EtherApe-INFO: 07:14:36.842: delete node: IP: 34.117.65.55. Number of nodes 16
EtherApe-INFO: 07:14:42.655: New node: IP: 192.168.0.1. Number of nodes 17
EtherApe-INFO: 07:14:42.656: New node: IP: 13.32.4.34. Number of nodes 18
EtherApe-INFO: 07:14:42.656: New node: IP: 18.66.14.59. Number of nodes 19
EtherApe-INFO: 07:14:42.657: New node: IP: 18.244.108.46. Number of nodes 20
EtherApe-INFO: 07:15:05.184: New node: IP: 142.250.186.197. Number of nodes 21
EtherApe-INFO: 07:15:16.295: delete node: IP: 149.154.167.216. Number of nodes 20
EtherApe-INFO: 07:15:38.207: New node: IP: 149.154.167.216. Number of nodes 21
EtherApe-INFO: 07:15:57.242: New node: IP: 149.154.167.92. Number of nodes 22
EtherApe-INFO: 07:16:28.895: delete node: IP: 18.66.89.34. Number of nodes 21
EtherApe-INFO: 07:16:35.968: New node: IP: 149.154.175.57. Number of nodes 22
EtherApe-INFO: 07:16:35.968: New node: IP: 149.154.175.54. Number of nodes 23
EtherApe-INFO: 07:16:48.728: delete node: IP: 18.244.108.46. Number of nodes 22
EtherApe-INFO: 07:16:48.728: delete node: IP: 18.66.14.59. Number of nodes 21
EtherApe-INFO: 07:16:48.728: delete node: IP: 13.32.4.34. Number of nodes 20
EtherApe-INFO: 07:17:02.015: New node: IP: 142.250.203.202. Number of nodes 21
EtherApe-INFO: 07:17:03.550: New node: IP: 18.66.14.59. Number of nodes 22
EtherApe-INFO: 07:17:06.622: New node: IP: 95.216.195.133. Number of nodes 23
EtherApe-INFO: 07:17:35.550: New node: IP: 34.117.65.55. Number of nodes 24
EtherApe-INFO: 07:17:36.575: New node: IP: 149.154.167.255. Number of nodes 25
EtherApe-INFO: 07:17:36.942: delete node: IP: 192.178.25.173. Number of nodes 24
EtherApe-INFO: 07:18:35.207: delete node: IP: 149.154.167.92. Number of nodes 23
EtherApe-INFO: 07:18:37.198: delete node: IP: 149.154.175.54. Number of nodes 22
EtherApe-INFO: 07:18:40.758: New node: IP: 18.66.89.34. Number of nodes 23
EtherApe-INFO: 07:18:47.159: New node: IP: 91.194.50.58. Number of nodes 24
EtherApe-INFO: 07:18:53.894: delete node: IP: 149.154.175.57. Number of nodes 23
EtherApe-INFO: 07:19:03.544: delete node: IP: 18.66.14.59. Number of nodes 22
EtherApe-INFO: 07:19:08.257: delete node: IP: 95.216.195.133. Number of nodes 21
EtherApe-INFO: 07:19:36.908: delete node: IP: 34.117.65.55. Number of nodes 20
EtherApe-INFO: 07:19:42.967: New node: IP: 108.138.14.53. Number of nodes 21
EtherApe-INFO: 07:19:42.967: New node: IP: 13.32.16.41. Number of nodes 22
EtherApe-INFO: 07:19:42.967: New node: IP: 18.66.89.38. Number of nodes 23
EtherApe-INFO: 07:19:57.588: delete node: IP: 142.250.186.197. Number of nodes 22
EtherApe-INFO: 07:20:10.971: delete node: IP: 149.154.167.255. Number of nodes 21
EtherApe-INFO: 07:20:15.746: delete node: IP: 149.154.167.216. Number of nodes 20
EtherApe-INFO: 07:20:47.824: delete node: IP: 91.194.50.58. Number of nodes 19
EtherApe-INFO: 07:21:51.750: delete node: IP: 108.138.14.53. Number of nodes 18
EtherApe-INFO: 07:21:51.750: delete node: IP: 18.66.89.38. Number of nodes 17
EtherApe-INFO: 07:21:51.750: delete node: IP: 13.32.16.41. Number of nodes 16
EtherApe-INFO: 07:22:03.766: New node: IP: 108.138.14.53. Number of nodes 17
EtherApe-INFO: 07:22:06.583: New node: IP: 95.216.195.133. Number of nodes 18
EtherApe-INFO: 07:22:35.766: New node: IP: 34.117.65.55. Number of nodes 19
EtherApe-INFO: 07:22:47.032: New node: IP: 192.178.25.173. Number of nodes 20
EtherApe-INFO: 07:22:48.319: delete node: IP: 142.250.203.202. Number of nodes 19
EtherApe-INFO: 07:23:06.487: New node: IP: 104.18.36.10. Number of nodes 20
EtherApe-INFO: 07:23:11.094: New node: IP: 104.237.62.211. Number of nodes 21
EtherApe-INFO: 07:23:12.119: New node: IP: 13.248.151.210. Number of nodes 22
EtherApe-INFO: 07:23:12.886: New node: IP: 172.64.151.246. Number of nodes 23
EtherApe-INFO: 07:23:12.887: New node: IP: 75.2.116.105. Number of nodes 24
EtherApe-INFO: 07:23:14.422: New node: IP: 172.65.201.188. Number of nodes 25
EtherApe-INFO: 07:23:21.591: New node: IP: 18.66.112.101. Number of nodes 26
EtherApe-INFO: 07:23:27.735: New node: IP: 35.188.42.15. Number of nodes 27
EtherApe-INFO: 07:23:29.273: New node: IP: 18.66.112.109. Number of nodes 28
EtherApe-INFO: 07:23:29.782: New node: IP: 76.223.92.61. Number of nodes 29
EtherApe-INFO: 07:23:31.575: New node: IP: 44.205.80.192. Number of nodes 30
EtherApe-INFO: 07:23:42.071: New node: IP: 18.215.112.59. Number of nodes 31
EtherApe-INFO: 07:23:46.429: New node: IP: 2.21.173.65. Number of nodes 32
EtherApe-INFO: 07:25:29.096: New node: IP: 13.32.16.47. Number of nodes 33
EtherApe-INFO: 07:25:29.096: New node: IP: 108.138.14.64. Number of nodes 34
EtherApe-INFO: 07:25:29.221: delete node: IP: 108.138.14.53. Number of nodes 33
EtherApe-INFO: 07:25:29.221: delete node: IP: 95.216.195.133. Number of nodes 32
EtherApe-INFO: 07:25:29.221: delete node: IP: 34.117.65.55. Number of nodes 31
EtherApe-INFO: 07:25:29.335: New node: IP: 149.154.167.216. Number of nodes 32
EtherApe-INFO: 07:25:29.429: delete node: IP: 172.64.151.246. Number of nodes 31
EtherApe-INFO: 07:25:29.429: delete node: IP: 104.237.62.211. Number of nodes 30
EtherApe-INFO: 07:25:29.429: delete node: IP: 13.248.151.210. Number of nodes 29
EtherApe-INFO: 07:25:29.595: New node: IP: 192.178.25.164. Number of nodes 30
EtherApe-INFO: 07:25:29.635: delete node: IP: 18.66.112.109. Number of nodes 29
EtherApe-INFO: 07:25:29.848: New node: IP: 2.21.89.98. Number of nodes 30
EtherApe-INFO: 07:25:29.850: New node: IP: 142.250.186.197. Number of nodes 31
EtherApe-INFO: 07:25:29.850: New node: IP: 172.217.16.14. Number of nodes 32
EtherApe-INFO: 07:25:33.176: New node: IP: 104.81.130.161. Number of nodes 33
EtherApe-INFO: 07:25:33.689: New node: IP: 162.254.197.54. Number of nodes 34
EtherApe-INFO: 07:25:33.689: New node: IP: 162.254.197.39. Number of nodes 35
EtherApe-INFO: 07:25:33.944: New node: IP: 155.133.252.39. Number of nodes 36
EtherApe-INFO: 07:25:33.945: New node: IP: 162.254.198.44. Number of nodes 37
EtherApe-INFO: 07:25:34.201: New node: IP: 142.250.186.202. Number of nodes 38
EtherApe-INFO: 07:25:35.224: New node: IP: 23.59.85.46. Number of nodes 39
EtherApe-INFO: 07:25:39.830: New node: IP: 208.64.203.140. Number of nodes 40
EtherApe-INFO: 07:25:43.450: delete node: IP: 18.215.112.59. Number of nodes 39
EtherApe-INFO: 07:25:59.869: delete node: IP: 172.217.16.46. Number of nodes 38
EtherApe-INFO: 07:26:27.191: New node: IP: 13.248.151.210. Number of nodes 39
EtherApe-INFO: 07:26:35.617: delete node: IP: 44.205.80.192. Number of nodes 38
EtherApe-INFO: 07:26:44.951: delete node: IP: 35.188.42.15. Number of nodes 37
EtherApe-INFO: 07:26:51.058: delete node: IP: 142.250.203.138. Number of nodes 36
EtherApe-INFO: 07:26:51.058: delete node: IP: 108.138.14.64. Number of nodes 35
EtherApe-INFO: 07:26:51.058: delete node: IP: 13.32.16.47. Number of nodes 34
EtherApe-INFO: 07:26:56.643: delete node: IP: 3.225.25.3. Number of nodes 33
EtherApe-INFO: 07:27:03.798: New node: IP: 108.138.14.64. Number of nodes 34
EtherApe-INFO: 07:27:06.614: New node: IP: 95.216.195.133. Number of nodes 35
EtherApe-INFO: 07:27:29.654: New node: IP: 18.66.112.109. Number of nodes 36
EtherApe-INFO: 07:27:29.735: delete node: IP: 18.66.112.101. Number of nodes 35
EtherApe-INFO: 07:27:29.735: delete node: IP: 2.21.173.65. Number of nodes 34
EtherApe-INFO: 07:27:32.214: New node: IP: 18.66.112.101. Number of nodes 35
EtherApe-INFO: 07:27:35.798: New node: IP: 34.117.65.55. Number of nodes 36
EtherApe-INFO: 07:27:38.782: delete node: IP: 192.178.25.173. Number of nodes 35
EtherApe-INFO: 07:27:39.382: New node: IP: 35.188.42.15. Number of nodes 36
EtherApe-INFO: 07:27:39.383: New node: IP: 44.205.80.192. Number of nodes 37
EtherApe-INFO: 07:27:39.406: delete node: IP: 162.254.198.44. Number of nodes 36
EtherApe-INFO: 07:27:39.406: delete node: IP: 162.254.197.39. Number of nodes 35
EtherApe-INFO: 07:27:39.406: delete node: IP: 155.133.252.39. Number of nodes 34
EtherApe-INFO: 07:27:39.406: delete node: IP: 155.133.226.75. Number of nodes 33
EtherApe-INFO: 07:27:41.690: delete node: IP: 208.64.203.140. Number of nodes 32
EtherApe-INFO: 07:28:00.167: delete node: IP: 2.21.89.98. Number of nodes 31
EtherApe-INFO: 07:28:01.398: New node: IP: 142.250.203.142. Number of nodes 32
EtherApe-INFO: 07:28:03.190: New node: IP: 34.120.195.249. Number of nodes 33
EtherApe-INFO: 07:28:03.446: New node: IP: 2.21.173.154. Number of nodes 34
EtherApe-INFO: 07:28:03.820: delete node: IP: 104.81.130.161. Number of nodes 33
EtherApe-INFO: 07:28:04.982: New node: IP: 104.81.130.161. Number of nodes 34
EtherApe-INFO: 07:28:15.479: New node: IP: 54.80.2.54. Number of nodes 35
EtherApe-INFO: 07:28:34.934: New node: IP: 208.64.203.173. Number of nodes 36
EtherApe-INFO: 07:29:07.206: delete node: IP: 108.138.14.64. Number of nodes 35
EtherApe-INFO: 07:29:07.206: delete node: IP: 95.216.195.133. Number of nodes 34
EtherApe-INFO: 07:29:11.826: delete node: IP: 149.154.167.216. Number of nodes 33
EtherApe-INFO: 07:29:36.154: delete node: IP: 34.117.65.55. Number of nodes 32
EtherApe-INFO: 07:29:42.265: delete node: IP: 172.65.201.188. Number of nodes 31
EtherApe-INFO: 07:29:42.265: delete node: IP: 76.223.92.61. Number of nodes 30
EtherApe-INFO: 07:29:42.265: delete node: IP: 75.2.116.105. Number of nodes 29
EtherApe-INFO: 07:29:42.265: delete node: IP: 18.66.112.109. Number of nodes 28
EtherApe-INFO: 07:29:42.265: delete node: IP: 18.66.112.101. Number of nodes 27
EtherApe-INFO: 07:29:42.266: delete node: IP: 13.248.151.210. Number of nodes 26
